
seed used = 1418767405
      6   1134

Mus musculus                               --- --- --- --- --- --- --- --- --- --- --- --- --- ATG GCG GCT CTG --- --- --- --- --- --- --- --- --- --- --- --- --- --- --- --- --- --- --- --- --- --- --- --- --- --- --- --- --- --- AGA AGT TGG --- --- --- --- --- --- --- --- --- --- --- --- --- --- --- --- --- --- --- --- --- --- --- --- --- --- --- --- --- --- --- --- --- --- --- --- --- --- --- --- --- --- --- --- --- --- --- --- --- --- --- --- --- --- --- --- --- --- --- --- --- --- --- --- --- --- --- --- --- --- --- --- --- --- --- --- --- --- --- --- --- --- --- --- --- --- --- --- GTG ACT CGG AGC GTC TGC TCT CTG TTC AGG TAC AGA CAG --- --- CGT TTT CCT GTC TTG GCT AAC TCT AAG AAA CGC TGT TTC TCA GAA TTG ATA AAA CCA TGG CAC --- AAA ACT GTG TTG ACT GGA TTT GGC ATG ACA CTG TGT GCG GTT CCT ATT GCT CAG AAA TCG GAG CCT CAG TCT CTC AGT AAC GAA GCA TTG ATG AGG AGG GCT GTG TCT TTG GTA ACA GAT AGC ACC TCT ACC TTT CTG TCT CAA ACC ACC TAC GCG CTG ATT GAA GCA ATC ACC GAG TAT ACT AAG GCT GTT TAC ACG TTA GTG TCT CTG TAC CGA CAA TAT ACA AGT TTA CTT GGG AAG ATG AAT TCC CAG GAG GAA GAT GAG GTG TGG CAG GTA ATT ATA GGA GCC AGA GTT GAG ATG ACT TCA AAA CAG CAG GAA TAT TTG AAG TTG GAG ACC ACT TGG ATG ACA GCG GTT GGC CTT TCA GAG ATG GCT GCT GAG GCT GCC TAT CAA ACT GGA GCA GAT CAG GCC TCC ATA ACT GCC AGG AAT CAC ATC CAG TTG GTG AAG TCA CAG GTA CAG GAG GTG CGC CAG CTC TCC CAG AAG GCA GAA ACC AAG TTG GCT GAA GCA CAG ACA AAA GAG CTG CAC CAG AAA GCA CAG GAA GTG AGT GAT --- --- --- --- --- --- GAG GGG GCT GAC CAG --- GAA GAG GAG GCC TAC CTG CGT GAA GAT 
Homo sapiens                               --- --- --- --- --- --- --- --- --- --- --- --- --- ATG GCG GCT CTG --- --- --- --- --- --- --- --- --- --- --- --- --- --- --- --- --- --- --- --- --- --- --- --- --- --- --- --- --- --- AAG AGT TGG --- --- --- --- --- --- --- --- --- --- --- --- --- --- --- --- --- --- --- --- --- --- --- --- --- --- --- --- --- --- --- --- --- --- --- --- --- --- --- --- --- --- --- --- --- --- --- --- --- --- --- --- --- --- --- --- --- --- --- --- --- --- --- --- --- --- --- --- --- --- --- --- --- --- --- --- --- --- --- --- --- --- --- --- --- --- --- --- CTG TCG CGC AGC GTA ACT TCA TTC TTC AGG TAC AGA CAG TGT TTG TGT GTT CCT GTT GTG GCT AAC TTT AAG AAG CGG TGT TTC TCA GAA TTG ATA AGA CCA TGG CAC --- AAA ACT GTG ACG ATT GGC TTT GGA GTA ACC CTG TGT GCG GTT CCT ATT GCA CAG AAA TCA GAG CCT CAT TCC CTT AGT AGT GAA GCA TTG ATG AGG AGA GCA GTG TCT TTG GTA ACA GAT AGC ACC TCT ACC TTT CTC TCT CAG ACC ACA TAT GCG TTG ATT GAA GCT ATT ACT GAA TAT ACT AAG GCT GTT TAT ACC TTA ACT TCT CTT TAC CGA CAA TAT ACA AGT TTA CTT GGG AAA ATG AAT TCA GAG GAG GAA GAT GAA GTG TGG CAG GTG ATC ATA GGA GCC AGA GCT GAG ATG ACT TCA AAA CAC CAA GAG TAC TTG AAG CTG GAA ACC ACT TGG ATG ACT GCA GTT GGT CTT TCA GAG ATG GCA GCA GAA GCT GCA TAT CAA ACT GGC GCA GAT CAG GCC TCT ATA ACC GCC AGG AAT CAC ATT CAG CTG GTG AAA CTG CAG GTG GAA GAG GTG CAC CAG CTC TCC CGG AAA GCA GAA ACC AAG CTG GCA GAA GCA CAG ATA GAA GAG CTC CGT CAG AAA ACA CAG GAG GAA GGG GAG --- --- --- --- --- --- GAG CGG GCT GAG TCG --- GAG CAG GAG GCC TAC CTG CGT GAG GAT 
Gallus gallus                              --- --- --- --- --- --- --- --- --- --- --- --- --- ATG GCG GCG --- --- --- --- --- --- --- --- --- --- --- --- --- --- --- --- --- --- --- --- --- --- --- --- --- --- --- --- --- --- --- CGG TCC TTC --- --- --- --- --- --- --- --- --- --- --- --- --- --- --- --- --- --- --- --- --- --- --- --- --- --- --- --- --- --- --- --- --- --- --- --- --- --- --- --- --- --- --- --- --- --- --- --- --- --- --- --- --- --- --- --- --- --- --- --- --- --- --- --- --- --- --- --- --- --- --- --- --- --- --- --- --- --- --- --- --- --- --- --- --- --- --- --- TGG CTG CGG GGT TGG TGC TCT CTC CTG AGG CAC --- --- --- --- GGC CTC CCC GCT CTG GCC GGC ACC GGC AGA CGC GGC CTT CCT GGT GGG AGC GGG CGG TGG CGC --- CGC GCG GTG GGC GCA GGG CTG GGA GCC GCC CTG TGT GCT GTG CCA GTC GCA GAG AAA CAG AAC TCA GCT TCT CTC AGT AAC GAC GCC TTG ATT AAG AGA GCC GTT ACG TTG GTA ACA GAC AGT ACT TCC ACT CTC CTC TCT CAA ACA ACG TAT GCA CTG ATT GAA GCA CTG ACA GAG TAT ACA AAG GCA GTT TAT ACG TTG GTG TCT CTC TAC AAG CAA TAC ACA AAT CTT CTT GGG AAG ATG AAC TCA GAT GAA GTG GAT GCA GTC TGG CAG GTG GTA ATA GGA GCC AGA GTG GAT ATG ACA ACA AAA CAG CAA GAA TAC CTA AAG CTA GAA TCC AGC TGG ATG ACA GCA TTA CGT CTT TCA GAG ATG GCA GCA GAA GCT GCA TAT CAA TCA GGT GCA GAT CAA GCG TCG GTG ACA GCT CGT AGC CAC ATT CAG CTA ATC AAA TCA CAG GTG CAA GAA GTG CGG CAG CTG TCC CAG AAG GCA GAG ACC AAG TTA GCT GAA GCT CAA ACA GAG GAG CTC CTA AAA ACT CAA GGA GAG GAA TCT ACA TTG CCT CAG GGT ATT TTA GGA AGT ACA GAT GCG --- GGT GAG GAC CCT TAT CTT CGG GAA GAC 
Rattus norvegicus                          --- --- --- --- --- --- --- --- --- --- --- --- --- ATG GCG GCT CTG --- --- --- --- --- --- --- --- --- --- --- --- --- --- --- --- --- --- --- --- --- --- --- --- --- --- --- --- --- --- AGG AGT TGG --- --- --- --- --- --- --- --- --- --- --- --- --- --- --- --- --- --- --- --- --- --- --- --- --- --- --- --- --- --- --- --- --- --- --- --- --- --- --- --- --- --- --- --- --- --- --- --- --- --- --- --- --- --- --- --- --- --- --- --- --- --- --- --- --- --- --- --- --- --- --- --- --- --- --- --- --- --- --- --- --- --- --- --- --- --- --- --- ATG ACT CGG AGC GTA ACC TTT CTG TTC AGG TAC GGA CAG --- --- CGT TTT CCT GTC TCT GCT AAC TCT AAG AAA CGC TGT TTC TCA GAA TTG ATA AGA CCA TGG CAC --- AAA ACT ATG TTG ACT GGA TTC GGT GTG ACA CTG TGC GCC GTT CCT ATT GCT CAG AAA TCA GAG CCT CAG TCT CTC AGC AAC GAA GCA CTG ATG AGG AGG GCT GTG TCT TTG GTA ACG GAC AGC ACC TCT ACC TTT CTG TCT CAA ACC ACG TAC GCA CTG ATC GAA GCC ATC ACC GAG TAT ACT AAG GCT GTC TAC ACG TTA GTG TCT CTG TAC CGA CAG TAT ACA AGC TTG CTG GGG AAG ATG AAT TCC CAG GAG GAG GAT GAG GTG TGG CAG GTG ATC ATA GGA GCC AGA GTT GAG ATG ACT TCA AAG CAG CAG GAG TAC TTG AAG CTG GAG ACC ACG TGG ATG ACA GCA GTC AGC CTT TCA GAG ATG GCT GCG GAG GCT GCC TAT CAG ACT GGA GCA GAT CAG GCC TCT ATA ACC GCC AGG AAT CAC ATC CAG TTG GTG AAG TCG CAG GTG CAG GAG GTG CGC CAG CTC TCC CAG AAG GCG GAA ACC AAG CTG GCA GAA GTG CAG ACA CAA GAG CTG CGC CAG AAA ACA CAG GAA GCG AGC GAT --- --- --- --- --- --- GAG GCA GCG GAC CAG --- GAA GAG GAG GCC TAC CTA CGA GAA GAT 
Bos taurus                                 --- --- --- --- --- --- --- --- --- --- --- --- --- ATG GCG GCT CTA --- --- --- --- --- --- --- --- --- --- --- --- --- --- --- --- --- --- --- --- --- --- --- --- --- --- --- --- --- --- CGG AGT TGG --- --- --- --- --- --- --- --- --- --- --- --- --- --- --- --- --- --- --- --- --- --- --- --- --- --- --- --- --- --- --- --- --- --- --- --- --- --- --- --- --- --- --- --- --- --- --- --- --- --- --- --- --- --- --- --- --- --- --- --- --- --- --- --- --- --- --- --- --- --- --- --- --- --- --- --- --- --- --- --- --- --- --- --- --- --- --- --- CTT TCT CGG AGC GTA TCC TCG CTT TTC AGG TAC AGA CAG --- --- TGT GTT CCA GTC GTG GCT AAC TTT AAG AAG CGC TGT TTC TCG GAA TTG ATA AGA CCA TGG CAC --- AAA ACG GTG GCT GTG GGA TTT GGG GTC ACT CTG TGT GCA GTT CCT ATT GCC CAG AAA CCG GAG CCT CAT TCT CTT AGT AAC GAT ACA TTA ATG AGG AGG GCT GTG TCT TTG GTA ACA GAT AGC ACC TCT ACC TTT CTC TCT CAG ACC ACA TAT GCA TTG ATC GAA GCA ATC ACT GAA TAT ACT AAG GCT GTT TAT ACC TTA ATT TCT CTG TAC CGA CAA TAC ACA AGT TTA CTT GGG AAA ATG AAT TCA CAG GAG GAA GAT GAA GTG TGG CAG GTG ATC ATA GGA GCC AGA GTT GAG ATG ACT TCA AAA CAA CAA GAG TAC CTG AAG CTG GAA ACC ACC TGG ATG ACT GCA GTT AGT CTT TCA GAG ATG GCA GCA GAA GCT GCC TAC CAA ACA GGC GCG GAC CAG GCC TCC ATA ACG GCC AGG AGT CAC ATC CAG CTG GTG AAA TCG CAG GTG CAG GAG GTA CGC CAG CTT TCC CAG AAG GCG GAA ACC AAG TTG GCA GAA GCA CAG ACA GAG GAA CTC CGA CAG AAA ACC CAG GAG GAC GGG AGC --- --- --- --- --- --- GAG AGG GCC GAG CCG GAG GAG CAG GAG GCC TAC CTG CGT GAG GAT 
Pan troglodytes                            ATG CCG GAC CAC AAA GCA AAG ATC CTC CAG CTC TGC TGC TGG CAA GCC TTG GGG CCA GGG GAC TCA CAG AAG AGC AGG TTT GGG CCT GTG CCT TCC TCC TGC CCA AAT GGG TCT CTA CCC CCT TCC CCT TCC AGC CAG GGC CGC AGC TGG GGC TGC AGC TTG AGT GAC GGG AAA AGA AAG GTT TAC TCC ACC AGC GCA TTA GCG GCA CTC ACA GCA TTA AAA ATG CAG GAG GTG GTG GGA GGA GCG GGC CGG GGA GGA AAA CTC ATG CAG CTG CGG GGC GCG GGG AAG AGC CGG GCT TCT GCC TCC TCA GCC CGG ATC AGA GCC GAA GAA GGA GGG CAG TTC GGG TTG AGA AGG ATT GTT TTG CCC GGC CCA AGG CGC CCG CCT TCC TTA CGC GCT CTT TCC TCG TCC GCC CAG CTG GGT CGC GGC GTC TCG CCC --- --- CGG TAC AGA CAG TGT TTG TGT GTT CCT GTT GTG GCT AAC TTT AAG AAG CGG TGT TTC TCA GAA TTG ATA AGA CCA TGG CAC --- AAA ACT GTG ACG GTT GGC TTT GGA GTA ACC CTG TGT GCG GTT CCT ATT GCA CAG AAA TCG GAG CCT CAT TCC CTT AGT AGT GAA GCA TTG ATG AGG AGA GCA GTG TCT TTG GTA ACA GAT AGC ACC TCT ACC TTT CTC TCT CAG ACC ACA TAT GCA TTG ATT GAA GCT ATT ACT GAA TAT ACT AAG GCT GTT TAT ACC TTA ACT TCT CTT TAC CGA CAA TAT ACA AGT TTA CTT GGG AAA ATG AAT TCA GAG GAG GAA GAT GAA GTG TGG CAG GTG ATC ATA GGA GCC AGA GCT GAG ATG ACT TCA AAA CAC CAA GAG TAC TTG AAG CTG GAA ACC ACT TGG ATG ACT GCA GTT GGT CTT TCA GAG ATG GCA GCA GAA GCT GCA TAT CAA ACT GGC GCA GAT CAG GCC TCT ATA ACC ACC AGG AAT CAC ATT CAG CTG GTG AAA CTG CAG GTG GAA GAG GTG CAC CAG CTC TCC CGG AAA GCA GAA ACC AAG CTG GCA GAA GCA CAG ATA GAA GAG CTC CGT CAG AAA ACA CAG GAG GAA GGG GAG --- --- --- --- --- --- GAG CGG GCT GAG TCG --- GAG CAG GAG GCC TAC CTG CGT GAG GAT 



Printing out site pattern counts


         6        816  P G
G 2      266      6

Mus musculus                                --- --- --- --- --- --- --- --- --- --- --- --- --- --- --- --- --- --- --- --- --- --- --- --- --- --- --- --- --- --- --- --- --- --- --- --- --- --- --- --- --- --- --- --- --- --- --- --- --- --- --- --- --- --- --- --- AAA AAA AAA AAA AAA AAA AAA AAC AAC AAG AAG AAG AAG AAG AAT AAT ACA ACA ACA ACA ACA ACC ACC ACC ACC ACC ACC ACG ACT ACT ACT ACT ACT ACT ACT AGA AGA AGA AGC AGC AGG AGG AGG AGG AGT AGT AGT AGT ATA ATA ATA ATC ATC ATG ATG ATG ATG ATT ATT CAA CAA CAC CAC CAC CAG CAG CAG CAG CAG CAG CAG CAG CAG CAG CAG CAG CCA CCT CCT CGA CGC CGC CGG CGT CGT CTC CTC CTG CTG CTG CTG CTG CTG CTG CTT CTT GAA GAA GAA GAA GAA GAA GAA GAA GAA GAC GAG GAG GAG GAG GAG GAG GAG GAG GAG GAG GAG GAT GAT GAT GAT GAT GCA GCA GCA GCA GCA GCA GCC GCC GCC GCC GCC GCG GCG GCG GCT GCT GCT GCT GCT GCT GCT GCT GCT GGA GGA GGA GGC GGC GGG GGG GTA GTA GTC GTC GTG GTG GTG GTG GTG GTG GTG GTG GTT GTT GTT TAC TAC TAC TAC TAT TAT TAT TAT TCA TCA TCA TCA TCC TCC TCC TCG TCT TCT TCT TCT TCT TCT TGC TGG TGG TGT TGT TTA TTA TTC TTC TTG TTG TTG TTG TTG TTG TTG TTG TTG TTT TTT TTT ATT CAG CCT GCG GCT GTT
Homo sapiens                                --- --- --- --- --- --- --- --- --- --- --- --- --- --- --- --- --- --- --- --- --- --- --- --- --- --- --- --- --- --- --- --- --- --- --- --- --- --- --- --- --- --- --- --- --- --- --- --- --- --- --- --- --- --- TGT TTG AAA AAA AAA AAA AAG AGA GAA AAC AGT AAA AAA AAA AAG AAG AAT AAT ACA ACA ACC ACT ATA ACA ACC ACC ACC ACC ACT ACC ACC ACT ACT ACT ACT ATT TCG AAG AGA AGA AGC AGC AGA AGG AGG AGG AGT AGT AGT GGG ATA ATA ATA ATT ATT ATG ATG ATG GTA ATC ATT CAA CAG CAC CAC CGT CAA CAC CAG CAG CAG CAG CAG CAT CGG GAA GAG TCG CCA CCT CCT CGA CAC CGG CGC CGT TGT CTC CTT CTC CTG CTG CTG CTT TTC TTG CTT CTT GAA GAA GAA GAA GAA GAG GAG GAG GAG GAG CAG GAA GAA GAA GAG GAG GAG GAG GAG GAG GAG GAG GAT GAT GAT GAT ACA GCA GCA GCA GCA GCT GCA GCC GCC GCC GCC GCA GCG GCG GCA GCA GCA GCA GCT GCT GCT GCT GCT GGA GGC GGC GGA GGT CGG GGG GTA GTG GTA GTT ACT CTG GAA GTG GTG GTG GTG GTG GCT GTT GTT TAC TAC TAC TAT TAC TAT TAT TAT CTG TCA TCA TCA TCA TCC TCT TCA TCA TCC TCT TCT TCT TTT ACT TGG TGG TGT TGT TTA TTA TTC TTC ACG CTG CTG CTG GTG TTG TTG TTG TTG GTT TTT TTT ATT CAG CCT GCG GCA GTT
Gallus gallus                               --- --- --- --- --- --- --- --- --- --- --- --- --- --- --- --- --- --- --- --- --- --- --- --- --- --- --- --- --- --- --- --- --- --- --- --- --- --- --- --- --- --- --- --- --- --- --- --- ATT CAG CCT GGT TTA TTG --- --- AAA AAA ACT CGC AGA GGG GAG GGC AAC AAA AAG AAG AAG GGC AAC AGC ACA ACA GCC ACA ACA ACG ACA ACC ACT TCC ACA ACG ACA ACA AGC GCG TCA GCA CTG CGG --- AGA AGT GGT AGA AAG AGG CGT AAT AGT TCC TCT AGC ATA GTG ATT CTG ATG ATG ATT GCC GTA ATT CAA CAA CAC CGC CTA CAA CAG --- AAA CAA CAG GGA GCT CAG CAA GAT GCG CGG CCC TCA AAG CGG CGC CGG CGG GGC CTG CTC CTC --- CTG CTT CTC CTC CTG CTT CTT GAA GAC GAG GGT GTG GAA GAA GAG GGT GAT GAG GAA GAG GCA AAC GAA GAC GAG GAG GAT GGA ACA GAC GAC GAT GAT CAA GCA GCA GCC GCT GCA GCA CCT GCC GCG GCT GCA GCA GCG GCA GCA GCC GCT ACA GCA GCC GCG GCT GGA GGG GGT GGA CGT AGT GGG GTA GTG TGG GCT GTG TGG GAA ATC GTC GTG GTG GTT GTG GTT TTA CAC TAC TAT TAT TAC TAC TAT TAT TCA ACA CCT TCA TCA TCC TCG CAG TCT TCT ACG TCC TCT ACC TGC TGG TTC GGC TGT CTT TTG CTG CTT GGC CTA CTA TTA CTG CTA GGG TTG TTG CTC CTC CTG GTC GAG CCA GCT GCA GTG
Rattus norvegicus                           --- --- --- --- --- --- --- --- --- --- --- --- --- --- --- --- --- --- --- --- --- --- --- --- --- --- --- --- --- --- --- --- --- --- --- --- --- --- --- --- --- --- --- --- --- --- --- --- --- --- --- --- --- --- --- --- AAA AAG AAA AAA AAA AGA CAA AAC AAC AAG AAG AAG AAG AAG AAT AAT ACA ACG ACA ACA ACA ACG ACC ACC ACC ACC ACC ACG ACC ACT ACG ACT ACT ACT ACT AGG GGA AGA AGC AGC AGG AGG AGG AGG AGC AGC AGT AGC ATA ATA ATA ATC ATC ATG ATG ATG GTG ATC ATC CAG CAA CAC CAC CGC CAG CAG CAG CAG CAG CAG CAG CAG CAG CAG CAG CAG CCA CCT CCT CGA CGC CGC CGG CGA CGT CTC CTC CTG CTG CTG CTA CTG CTG CTG CTG CTT GAA GAA GAA GAA GAG GAA GAG GAA GAA GAC GAG GAG GAG GAG GAG GAG GAG GAG GAG GAG GAG GAT GAC GAT GAT GAT ACA GCA GCG GCA GTG GCC GCC GCC GCC GCC GCC GCA GCA GCG GCG GCT GCT GCA GCG GCT GCT GCT GCT GGA GGA GGA GGT AGC GCA GGG GTA GTG GTA GTC GTG ATG GCG GTG GTG ATG GTG GTG GTT GTC GTC TAC TAC TAC TAC TAC TAT TAT TAT TCG TCA TCA TCA TCC TCC TCT TCA TTT TCT TCT TCT TCT TCT ACC TGG TGG TGT TGC TTG TTA TTC TTC TTG CTG TTG CTG TCT TTG TTG CTG TTG TTT TTT TTC ATT CAG CCT GCC GCT GTT
Bos taurus                                  --- --- --- --- --- --- --- --- --- --- --- --- --- --- --- --- --- --- --- --- --- --- --- --- --- --- --- --- --- --- --- --- --- --- --- --- --- --- --- --- --- --- --- --- --- --- --- GAG --- --- --- --- --- --- --- --- AAA AAA AAA AAA AAG AGA GAG AAC AAC AAA AAA AAG AAG AAG AAT AGT ACA ACA ACT ACT ACA ACA ACC ACC ACC ACC ACT ACC ACG ACT ACC ACG ACA GTG TCT CGG AGA AGA AGC AGC AGG AGG AGG AGG AGT AGT AGT GGG ATA ATA ATA ATC ATC ATG ATG ATG GTC ATC ATC CAA CAG CAC CAC CGA CAA CAA CAG CAG CAG CAG CAG CAT CAG CAG CAG CCG CCA CCA CCT CGA CGC CGC CGG CGT TGT CTT CTT CTC CTA CTG CTG CTG CTT TTG CTT CTT GAA GAT GAA GAA GAA GAG GAG GAG GAG GAG CAG GAA GAA GAA GAG GAG GAG GAA GAG GAG GAG AGC GAT GAT GAC GAT ACC GCG GCG ACA GCA GCA GCC GCC GCC GCC GCC GCA GCA GCG GCA GCA GCT GCA GCC GCT GCT GCT GCT GGA GGA GGC GGG AGT AGG GGG GTA GTG GTA GTC ATT CTT GAC GTG GTG GTG GTA GTG GTT GTT GTT TAC TAC TAC TAT TAC TAC TAC TAT TCG TCA TCG TCA TCA TCC TCC CCG TCG TCT TCT TCT TCT TTT TCC TGG TGG TGT TGT TTA TTA TTC TTC GCT CTG CTG TTG GTG CTG TTG TTA TTG GTT TTT TTT ATT CAG CCT GCA GCC GTT
Pan troglodytes                             --- AAA AAG AAT ACA ACC AGA AGC AGG AGT ATC ATG ATT CAC CAG CCA CCC CCG CCT CGC CGG CTA CTC CTG CTT GAA GAC GAG GCA GCC GCG GCT GGA GGC GGG GTG GTT TAC TCA TCC TCG TCT TGC TTA TTC TTG TTT --- --- --- --- --- --- --- TGT TTG AAA AAA AAA AAA AAG AGA GAA AAC AGT AAA AAA AAA AAG AAG AAT AAT ACA ACA ACC ACT ATA ACA ACC ACC ACC ACC ACT ACC ACC ACT ACT ACT ACT GTT GGT CGC AGA AGA AGC GGC AGA AGG CGG AGG AGT AGT AGC GGG ATA ATA ATA ATT ATT ATG TGG ATG GTA ATC ATT CAA CAG CAC CAC CGT CAA CAC CAG CAG CAG CAG CAG CAT CGG GAA GAG TCG CCA CCT CCT CGA CAC CGG CGC CGT TGT CTC CTT CTC TTG CTG CTG CTT --- TTG CTT CTT GAA GAA GAA GAA GAA GAG GAG GAG GAG GAG CAG GAA GAA GAA GAG GAG GAG GAG GAG GAG GAG GAG GAT GAT GAT GAT ACA GCA GCA GCA GCA GCT GCA GCC GCC GCC ACC GCA GCA CAA GCA GCA GCA GCA GCT GCT GCT GCC GCT GGA GGC GGC GGA GGT CGG GGG GTA GTG GTC GTT ACT CTG GAA GTG GTG GTG GTG GTG GCT GTT GTT TAC TAC TAC TAT TAC TAT TAT TAT CTG TCA TCA TCA TCA TCC TCT TCG CCC TCC TCT TCT TCT TTT TCG TGG TGG TGT TGT TTA TTA --- TTC ACG CTG CTG CTG GTG TTG TTG TTG TTG GTT TTT TTT ATT CAG CCT GCG GCA GTT



    1    4    4    1    1    1    3    5    3    1    2    3    1    1    7
    3    2    2    5    2    4    1    4    1    1    2    3    1    4    4
    3    2    5    5    8    3    2    1    2    9    1    2    4    3    1
    3    1    1    1    1    1    1    1    1    1    1    1    1    1    1
    1    1    1    1    1    1    1    1    3    1    1    1    1    1    1
    1    1    1    1    1    2    1    1    1    1    2    1    1    1    1
    1    1    1    1    1    1    1    1    1    1    1    1    1    1    1
    1    1    1    1    4    1    1    1    1    1    2    1    1    1    1
    1    1    1    1    2    4    1    1    1    1    1    1    1    1    1
    1    1    1    1    1    1    1    1    2    1    1    1    1    1    1
    1    1    2    1    1    1    1    1    1    1    1    1    1    2    1
    1    1    2    1    1    1    1    1    1    1    1    1    1    1    1
    1    1    1    1    1    1    1    1    1    1    1    1    1    1    1
    1    1    1    1    1    1    1    1    1    1    1    1    1    1    2
    1    1    1    1    1    1    1    1    1    1    1    1    1    1    1
    1    2    1    1    1    1    1    1    1    1    1    1    1    1    1
    1    1    1    2    1    1    3    1    1    1    1    1    1    1    1
    1    1    1    1    1    1    1    1    1    1    1    1    1    1    1
    1    1

CODONML (in paml version 4.4b, July 2010)  torun.nuc
Model: One dN/dS ratio for branches Global clock  (2 genes: diff. rate & k&w)  
Codon frequency model: F3x4
ns =   6  ls = 378

Codon usage in sequences
--------------------------------------------------------------------------------------------------------------
Phe TTT  3  3  0  3  3  4 | Ser TCT  7  5  5  8  6  7 | Tyr TAT  4  5  5  3  3  5 | Cys TGT  2  4  1  1  3  4
    TTC  2  3  1  3  2  2 |     TCC  3  2  4  2  3 11 |     TAC  5  4  3  6  6  5 |     TGC  1  0  1  1  0  4
Leu TTA  2  2  3  1  3  5 |     TCA  4  6  5  4  3  6 | *** TAA  0  0  0  0  0  0 | *** TGA  0  0  0  0  0  0
    TTG  9  6  4  6  4 10 |     TCG  1  2  1  1  3  4 |     TAG  0  0  0  0  0  0 | Trp TGG  4  4  5  4  4  5
--------------------------------------------------------------------------------------------------------------
Leu CTT  2  4  5  1  6  5 | Pro CCT  3  3  3  3  2  8 | His CAT  0  1  0  0  1  1 | Arg CGT  2  2  2  1  1  2
    CTC  2  3  7  2  2  7 |     CCC  0  0  1  0  0  3 |     CAC  3  4  2  2  2  5 |     CGC  2  1  3  3  2  4
    CTA  0  0  4  1  1  1 |     CCA  1  1  1  1  2  4 | Gln CAA  3  3  8  2  4  4 |     CGA  1  1  0  2  2  1
    CTG  8  8  8 11  6  8 |     CCG  0  0  0  0  2  2 |     CAG 17 12  8 19 15 19 |     CGG  1  3  5  1  2  8
--------------------------------------------------------------------------------------------------------------
Ile ATT  3  5  4  1  2  5 | Thr ACT  8  9  3  6  5  8 | Asn AAT  2  2  1  2  1  3 | Ser AGT  4  4  3  1  5  4
    ATC  2  1  1  4  4  3 |     ACC  7  8  2  8  8 10 |     AAC  2  1  3  2  2  1 |     AGC  2  2  3  6  3  7
    ATA  3  4  1  3  3  4 |     ACA  5  4 12  5  6  5 | Lys AAA  7  7  4  4  6 11 | Arg AGA  3  4  3  2  3  7
Met ATG  7  6  5  8  6  8 |     ACG  1  1  3  4  2  1 |     AAG  7  6  7  8  6  9 |     AGG  4  3  1  5  5  5
--------------------------------------------------------------------------------------------------------------
Val GTT  4  5  2  2  5  8 | Ala GCT 10  7  7  7  6  8 | Asp GAT  5  4  5  4  4  4 | Gly GGT  0  1  5  1  0  2
    GTC  2  0  2  3  2  1 |     GCC  5  4  6  7  7  8 |     GAC  1  0  4  2  2  3 |     GGC  2  2  5  0  1  8
    GTA  3  3  2  2  3  2 |     GCA  6 11 12  6  8 16 | Glu GAA 10 13  9  8 10 15 |     GGA  3  2  4  4  2  7
    GTG  8  8  9  9  8 11 |     GCG  4  3  5  5  3  4 |     GAG 13 15  8 15 14 16 |     GGG  2  2  4  1  3 10
--------------------------------------------------------------------------------------------------------------

Codon position x base (3x4) table for each sequence.

#1: Mus musculus   
position  1:    T:0.19831    C:0.18987    A:0.28270    G:0.32911
position  2:    T:0.25316    C:0.27426    A:0.33333    G:0.13924
position  3:    T:0.24895    C:0.17300    A:0.21519    G:0.36287
Average         T:0.23347    C:0.21238    A:0.27707    G:0.27707

#2: Homo sapiens   
position  1:    T:0.19247    C:0.19247    A:0.28033    G:0.33473
position  2:    T:0.25523    C:0.27615    A:0.32218    G:0.14644
position  3:    T:0.26778    C:0.14644    A:0.25523    G:0.33054
Average         T:0.23849    C:0.20502    A:0.28591    G:0.27057

#3: Gallus gallus  
position  1:    T:0.15833    C:0.23750    A:0.23333    G:0.37083
position  2:    T:0.24167    C:0.29167    A:0.27917    G:0.18750
position  3:    T:0.21250    C:0.20000    A:0.28333    G:0.30417
Average         T:0.20417    C:0.24306    A:0.26528    G:0.28750

#4: Rattus norvegicus
position  1:    T:0.18143    C:0.20675    A:0.29114    G:0.32068
position  2:    T:0.25316    C:0.28270    A:0.32489    G:0.13924
position  3:    T:0.18565    C:0.21519    A:0.18987    G:0.40928
Average         T:0.20675    C:0.23488    A:0.26864    G:0.28973

#5: Bos taurus     
position  1:    T:0.18067    C:0.21008    A:0.28151    G:0.32773
position  2:    T:0.25210    C:0.27731    A:0.31933    G:0.15126
position  3:    T:0.22269    C:0.19328    A:0.23529    G:0.34874
Average         T:0.21849    C:0.22689    A:0.27871    G:0.27591

#6: Pan troglodytes
position  1:    T:0.19565    C:0.22283    A:0.24728    G:0.33424
position  2:    T:0.22826    C:0.28533    A:0.27446    G:0.21196
position  3:    T:0.21196    C:0.22283    A:0.23913    G:0.32609
Average         T:0.21196    C:0.24366    A:0.25362    G:0.29076

Codon usage in genes
--------------------------------------------------------------
Phe TTT 16  0 | Ser TCT 38  0 | Tyr TAT 25  0 | Cys TGT 15  0
    TTC 13  0 |     TCC 25  0 |     TAC 29  0 |     TGC  7  0
Leu TTA 16  0 |     TCA 28  0 | *** TAA  0  0 | *** TGA  0  0
    TTG 39  0 |     TCG 12  0 |     TAG  0  0 | Trp TGG 26  0
--------------------------------------------------------------
Leu CTT 23  0 | Pro CCT 17  5 | His CAT  3  0 | Arg CGT 10  0
    CTC 23  0 |     CCC  4  0 |     CAC 18  0 |     CGC 15  0
    CTA  7  0 |     CCA  9  1 | Gln CAA 24  0 |     CGA  7  0
    CTG 49  0 |     CCG  4  0 |     CAG 85  5 |     CGG 20  0
--------------------------------------------------------------
Ile ATT 15  5 | Thr ACT 39  0 | Asn AAT 11  0 | Ser AGT 21  0
    ATC 15  0 |     ACC 43  0 |     AAC 11  0 |     AGC 23  0
    ATA 18  0 |     ACA 37  0 | Lys AAA 39  0 | Arg AGA 22  0
Met ATG 40  0 |     ACG 12  0 |     AAG 43  0 |     AGG 23  0
--------------------------------------------------------------
Val GTT 21  5 | Ala GCT 42  3 | Asp GAT 26  0 | Gly GGT  9  0
    GTC  9  1 |     GCC 35  2 |     GAC 12  0 |     GGC 18  0
    GTA 15  0 |     GCA 55  4 | Glu GAA 65  0 |     GGA 22  0
    GTG 52  1 |     GCG 21  3 |     GAG 80  1 |     GGG 22  0
--------------------------------------------------------------

Codon position x base (3x4) table for each gene.


Gene #1
position  1:    T:0.18976    C:0.20880    A:0.27052    G:0.33093
position  2:    T:0.24360    C:0.27643    A:0.30926    G:0.17072
position  3:    T:0.21733    C:0.19698    A:0.23900    G:0.34668
Average         T:0.21690    C:0.22740    A:0.27293    G:0.28278

Gene #2
position  1:    T:0.00000    C:0.30556    A:0.13889    G:0.55556
position  2:    T:0.33333    C:0.50000    A:0.16667    G:0.00000
position  3:    T:0.50000    C:0.08333    A:0.13889    G:0.27778
Average         T:0.27778    C:0.29630    A:0.14815    G:0.27778

Sums of codon usage counts
------------------------------------------------------------------------------
Phe F TTT      16 | Ser S TCT      38 | Tyr Y TAT      25 | Cys C TGT      15
      TTC      13 |       TCC      25 |       TAC      29 |       TGC       7
Leu L TTA      16 |       TCA      28 | *** * TAA       0 | *** * TGA       0
      TTG      39 |       TCG      12 |       TAG       0 | Trp W TGG      26
------------------------------------------------------------------------------
Leu L CTT      23 | Pro P CCT      22 | His H CAT       3 | Arg R CGT      10
      CTC      23 |       CCC       4 |       CAC      18 |       CGC      15
      CTA       7 |       CCA      10 | Gln Q CAA      24 |       CGA       7
      CTG      49 |       CCG       4 |       CAG      90 |       CGG      20
------------------------------------------------------------------------------
Ile I ATT      20 | Thr T ACT      39 | Asn N AAT      11 | Ser S AGT      21
      ATC      15 |       ACC      43 |       AAC      11 |       AGC      23
      ATA      18 |       ACA      37 | Lys K AAA      39 | Arg R AGA      22
Met M ATG      40 |       ACG      12 |       AAG      43 |       AGG      23
------------------------------------------------------------------------------
Val V GTT      26 | Ala A GCT      45 | Asp D GAT      26 | Gly G GGT       9
      GTC      10 |       GCC      37 |       GAC      12 |       GGC      18
      GTA      15 |       GCA      59 | Glu E GAA      65 |       GGA      22
      GTG      53 |       GCG      24 |       GAG      81 |       GGG      22
------------------------------------------------------------------------------

(Ambiguity data are not used in the counts.)


Codon position x base (3x4) table, overall

position  1:    T:0.18538    C:0.21103    A:0.26748    G:0.33611
position  2:    T:0.24567    C:0.28159    A:0.30597    G:0.16677
position  3:    T:0.22386    C:0.19436    A:0.23669    G:0.34509
Average         T:0.21830    C:0.22899    A:0.27004    G:0.28266


Nei & Gojobori 1986. dN/dS (dN, dS)
(Pairwise deletion)
(Note: This matrix is not used in later ML. analysis.
Use runmode = -2 for ML pairwise comparison.)

Mus musculus        
Homo sapiens         0.1301 (0.0771 0.5923)
Gallus gallus        0.0962 (0.2368 2.4624) 0.1558 (0.2656 1.7048)
Rattus norvegicus    0.0931 (0.0311 0.3338) 0.1076 (0.0796 0.7398)-1.0000 (0.2500 -1.0000)
Bos taurus           0.0978 (0.0655 0.6704) 0.1208 (0.0504 0.4173) 0.1328 (0.2281 1.7174) 0.0832 (0.0680 0.8178)
Pan troglodytes      0.1519 (0.0935 0.6156) 0.3738 (0.0258 0.0690) 0.1673 (0.2716 1.6234) 0.1175 (0.0984 0.8374) 0.1310 (0.0590 0.4502)


TREE #  1:  ((((2, 6), (1, 4)), 5), 3);   MP score: -1
lnL(ntime:  5  np: 10):  -3115.531146      +0.000000
   7..8     8..9     9..10   10..2    10..6     9..11   11..1    11..4     8..5     7..3  
 1.094230 0.318955 0.318955 0.059555 0.128670 0.792860 2.337618 0.142074 1.238593 0.059165
SEs for parameters:
 0.098843 0.026664 0.025041 0.009063 0.016874 0.404523 0.281460 0.017220 1.303805 0.054598
Note: Branch length is defined for the first gene (site partition).
For other genes, look at "rates for genes".

tree length =   3.01460 (1st gene)

((((2: 0.059555, 6: 0.059555): 0.259400, (1: 0.128670, 4: 0.128670): 0.190285): 0.000000, 5: 0.318955): 0.775275, 3: 1.094230);

((((Homo sapiens: 0.059555, Pan troglodytes: 0.059555): 0.259400, (Mus musculus: 0.128670, Rattus norvegicus: 0.128670): 0.190285): 0.000000, Bos taurus: 0.318955): 0.775275, Gallus gallus: 1.094230);

Detailed output identifying parameters

rates for 2 genes:     1  0.79286

gene # 1: kappa =   2.33762 omega =   0.14207
gene # 2: kappa =   1.23859 omega =   0.05916

Time used:  0:10
