
seed used = 1418773441
      6   1773

Canis lupus familiaris                     ATG GAC GGG GCC GTG ATG GAA GGG CCG CTG TTT TTG CAA AGT CAG CGT TTC GGT ACC AAG AGG TGG AGG AAG ACC TGG GCT GTG CTC TAT CCT GCC AGT CCC CAC GGC GTG GCG CGC CTC GAG TTT TTT GAC CAC AAG GGG TCG AAC AAT GGA GGG GGC CGA GGG GGC TCG CGC CGC CTG GAC TGC AAG GTG ATC CGC CTG GCG GAG TGT GTG AGC GTG GTC CCT GTG GCC GTG GAC AGC CCC CCC GAG CCT GGC GCC GCG GCT TTC CGC CTG GAC ACC GCG CAG CGC TCC CAC CTG CTG GCG GCC GAC GCG CCG TCC AGC GCC GCC TGG GTG CAG ACC CTG TGC CGA AAC GCC TTT CCG AAA GGC AGC TGG GCT CTG GCG CCT GCG GAA AAC CCA CCC AAG CTT TCT GCC CTG GAG ATG CTG GAG AAC TCG CTG TAT AGT CCC ACC TGG GAA GGA TCC CAG TTC TGG GTA ACA GTG CAG AGG ACA GAA GCC GCT GAG CGC TGT GGC CTG CAT GGC TCC TAT GTG CTG AGA GTG GAG GCT GAG AAG CTG ACT CTC CTG ACC GTC GGG GCG CAG ACT CAG ATA CTG GAG CCA CTC CTT TTC TGG CCT TAC ACT CTG TTG CGC CGC TAT GGC CGG GAC AAG GTC ATG TTC TCT TTT GAG GCT GGT CGC CGC TGC CCT TCA GGC CCT GGA ACC TTT ACC TTC CAG ACA GCA CAG GGG AAT GAC ATC TTT CAG GCA GTT GAG ACT GCT ATT CAT CGG CAG AAG --- --- --- --- --- --- --- --- --- --- --- --- --- --- --- --- --- --- --- --- --- --- --- --- --- --- --- --- --- --- --- --- --- --- --- --- --- --- --- --- --- --- --- --- --- --- --- --- --- --- --- --- --- --- --- --- --- --- --- --- --- --- --- --- --- --- --- --- --- --- --- --- --- --- --- --- --- --- --- --- --- --- --- --- --- --- --- GAG CTC CTG GGC AGC CCT CCT GCC CTG TAT GCT GAA CCC TTA GAC TCT CTG CGC ATT CCT CCA GGC CCT TCC CAG GAT TCC CTG TAC TCA GAC CCC TTG GAC AGT ACT --- --- --- --- --- --- --- --- --- --- --- GCT GCT CAG GCA GGG GAG GGA GTA CAG TTG AAG --- --- --- --- AAA CCT CTT TAT TGG GAC TTG TAC CAG CAC GTG CAG CAG CAG TTG CTG AAG GCC AAG CTG ACG --- --- --- --- --- --- --- --- --- --- --- --- GAC CCC AAA GAG GAC CCC ATC TAT GAT GAA CCT GAG GGC TTG GCC --- --- CCA GCT GCT CTC CGG GGC CTT TAT GAT CTG CCT CAG GAG CCC AAG GAT GCA TGG TGG TGC CAG GCT CGG GTG AAG GAG GAG GGT TAT GAG CTC CCC TAC AAC CCT GCC ACT GAT GAC TAC GAG GTG CCA CCT CCT CGG AGC ACA AAG CCT CTC CCA GGT CCT AAG CCC CGG GGC TTA GCC CTC --- --- --- --- --- TCT GAA CCT GGA GCT GCA ATG GGC AAT GGC AGC --- --- --- --- --- --- --- --- --- --- --- --- --- --- --- --- --- --- --- AAG GGC CAC AGC GCA GAC ACT GCC TTG TAC AGC CAG GTC CAG AAG AGC AGT GCC TCA GGA AGC --- TGG GAC TGT GAG CTG TCT AGA GCA GGG GCT AAC AGG ACT GGA GTC CAG GCA GAA GGC TCC ACG 
Danio rerio                                ATG GAC AGT CAT GTT AAA GAG GGA CAA CTA TAC GTC CAG CAT CAG AAG TTT GGA --- AAG AAA TGG AAG AAG AAC TGG TTC GTA CTC TAC CCA GCC AGT CAA AAT GGT ATT GCA CGA CTT GAG TTT TAT GAT TGT TCA GGT AGT GCC AGT --- --- GAT AAA CCT AGC ACA AAG AAA ATG GAC AAG AAA ATC ATA CGG CTG TCA GAA TGC ATC AGC ATA CTT CCT GCT GTC ACT GAA AAC TGC CCC AAA GAA ACC ATG GCT GCC TTT TGT GTG GAG ACC AAT GAA AAG ACG TTT GTT TTT GCG GCT GAA AAA AAT GTT ACC AAT GAT TGG GTG GAG AAG ATG TGT GAG ATT ACT TTT CAG GGA GGA AGT GGT TCA CTT GGT AGT TCT GAC TCA AAT GGA CAG --- CAG GAG CTT CAA ATG GCA GAA AAT CTC ATT TAT TAC TCC AGG GAA GAA GTT AAT GAA TTT TTG GTG ACT GTT CAA AGG ACT GAA GCA TCA GAG CGC TGT GGT CTG TCT GGT AAC TAC TGG CTC AGA GCT AAC ATG GAC AAC CTT ATC TTG --- --- --- --- AAG GAT CCC AAG ACT AAA AAG GAT TTA CTT ATA TGG CCC TAC AAG CTT CTC CGT CGC TAT GGA AGA GAC AGA GTT ATG TTC TCC TTT GAA GCC GGT CGA CGC TGT GAA TCT GGC CCA GGG AAC TTC ACT TTT GAG ACA AAG CAG GGA AAC GAG ATA TTC CAC ATT GTT GAG GAA TCC ATT CGT GAG CAG AAA GCC CAA GCT GAA GAA CGA CAC CAA AGC TGT CCA TCA TTA GAC TCT GAC TGC CCA GCT CTC CAG CAA ATT CGT GCT GCC ATC TCA GAA GCA AAC AGT CGT GAA CCA GAT GGA GAT TCT GGT GGT AGC AAG CCT GGG TCC GCA GAT GGT GTC TTT GGT CGT AAG GAG AAC GAT GGG AAA AAT TTA AAG GTC CGA AGC CTT CCA GAG CCA CCA CCC CCA GTT GGT GGA ACC CCA CCT CGT TCT CCC ATG CCT CGT GGC TCC AAA AAT CAG TTA GAT GAG CAA GCC AGT CTG TAT TCA GAG CCT GCT GAC TCG GTG CGT GCA CCA CCA AGT CTA GGA --- GAC TGT TTG TAC TCA GAC CCG GTG GAC AGT ATC AAA GTC ATG CCC CTT CCG AAC TCC CGC ATC AGA CCG GCT GGT GAG GAG GGG GGA AGC CAC AAC CAA AGC ATG AAG CCT GAT CCT TTC TAC TCA GAC ATC TAT GAT CAG ATC AGT CTG GAC TTG ATT CAG AAA ACA ATG GCA TTG GGA CTG GAT GGG CGG AGC AGG CAC CCA GCA GAT GGT GGT CCA ACA GAA CAC ATC TAC GAT GAA CCA GAG GGA CGA GCT GGA TCT TCA CAG CCC GTT ATC ACG CTT TAT GAT GAA GCA CGT TTG GAT GCG CAT TCC TGG AGA AAC AGG GCA AGG GAG GAG TCT CAA TGT CAA GAG ATG GCC CAA CAG CCA --- --- --- --- TTG CCA ATG GCC AGA CCA AAA GGC CCA AAA CCT GTC ACA GCA CCC AAA CCA GGC AAA GTA TCA CTG GGC AAA AAA GAG CCT CCA CCG CCG CCT CAG ATT AAA GGC AGT GCT AAC CTG AAC AAC AAT AAC AGT AGC AAA AGA TAC GAT AAC ATG GAA GCT GGT AGA AGA GAT GCT GGT GCA GGA AAC AAC ATG GAG CTT TAC AGT AAA GTA TCT AGA CAT CAA CCA CCA TCA AAT GTG TGG CAT CCT AGC ATG CAG --- --- --- TCT CCA GAC ATC ATC TAT GAC AAC TTA GGT GAC ATT 
Rattus norvegicus                          ATG GAC GGG GCT TTG ATG GAG GGT CCG CTT TTT CTG CAG AGT CAG CGC TTC GGG ACC AAG AGG TGG AAG AAA ACT TGG GCT GTG CTT TAC CCA GCC AGC CCT CAC GGC GTG GCG CGG CTG GAA TTC TTT GAT CAC AAG GGG TCG AGC TCT GGA GGG GGT CGA GGC GGC TCT CGC CGT CTA GAC TGC AAG ATG ATA CGC CTG GCT GAA TGT GTG AGC GTG GTG CCT GTG ACT GTG GAG AGT CCC CCT GAG CCC GGC GCC TCT GCC TTC CGC CTG GAC ACC GCA CAA CGC TCG CAC CTG CTT GCA GCG GAC GCC GCA TCC AGC ACT GCC TGG GTG CAG ATT TTA TGC AGA ACC GCT TTT CCG AAA GGC GGC TGG GCT TTG GCT CAG ACG GAG AAC CCA CCT AAG TTT TCT GCC CTG GAG ATG CTG GAG AAT TCG CTG TAC AGC CCC ACC TGG GAA GGA TCC CAA TTC TGG GTA ACC TCG CAG AAG ACC GAG GCT TCT GAA CGC TGC GGC TTG CAA GGC TCC TAC GTA CTG AGG GTA GAA GCT GAG AAG CTG ACC CTT CTG ACT TTG GGT GCA CAG AGT CAA ATC CTG GAG CCG CTC CTT TTC TGG CCC TAC ACT CTG TTG CGA CGC TAT GGC CGA GAC AAG GTA ATG TTC TCC TTT GAA GCG GGT CGC CGC TGC CCC TCT GGC CCT GGG ACC TTC ACC TTC CAG ACT GCC CAG GGA AAT GAC ATC TTT CAG GCA GTT GAG GCT GCT ATC CAG CAG CAG AAA GCC CAA GGA --- --- --- --- --- --- --- --- --- --- --- --- --- --- --- --- --- --- --- --- --- --- --- --- --- --- --- --- --- --- --- --- --- --- --- --- --- --- --- AAG GTG GGA CAG GGA CAA GAT ATC ACC AGA ACT GAC TCC CAT GAT GGG GAG --- ACA GAG GGG AAG ATG GCT CCC ACT CCT GTT CCC --- --- --- --- --- --- --- --- --- --- --- --- --- --- --- CAG GAA CCC CTG GGC AGC CCT CCA GCC CTA TAT GCA GAG CCT TTA GAC TCC CTG CGA ATT CCT CCA GGC CCT TCT CAG GAC TCT TTG TAT TCA GAC CCC CTG GGC AGC ACC --- --- --- --- --- --- --- --- --- --- --- CCT GCT GGG GCA GGG GAA GGG GTG CAG CGG AAG --- --- --- --- AAA CCT CTC TAT TGG GAT TTG TAT GGG CAC GTG CAG CAG CAG TTG CTG AAA ACC AAG CTG ATA --- --- --- --- --- --- --- --- --- --- --- --- GAC TCC AAA GAG GAC CCC ATC TAT GAT GAG CCT GAG GGC CTG GCC --- --- CCT GCC CCT CTC CGG GGC CTT TAT GAT CTG CCT CAG GAG CCT AAG GAT GCA TGG TGG TGC CAG GCT CGG CTG AAG GAA GAG GGC TAT GAG CTC CCT TAC AAC CCC GCC ACC GAC GAC TAC GCT GTG CCA CCC CCT CGG AGC TCA AAG CCT ACC CCT GCC CCC AAG CCA CAG GGC TTG ATC CTT --- --- --- --- --- CCT GAA TCT GGT ACC ACA GCT GGC AGT GGC AGC --- --- --- --- --- --- --- --- --- --- --- --- --- --- --- --- --- --- --- AAA GGC --- --- TCA GAT ACA GCT CTG TAC AGC CAG GTC CAG AAA AGT GGG ACC CCA GGG AGA --- TGG GAC TGT GGA CTC TCT AGA GTA GGG AAT GAC AGG GTG GGG GTC AAG TCA GAG GGT TCC ACC 
Homo sapiens                               ATG GAC GGA GCA GTG ATG GAA GGG CCG CTT TTT TTG CAG AGT CAG CGC TTT GGG ACC AAG AGG TGG AGG AAG ACC TGG GCC GTG CTC TAC CCG GCC AGT CCC CAC GGC GTA GCG CGG CTC GAG TTC TTT GAC CAT AAG GGG TCG AGC TCT GGG GGT GGC CGA GGG AGC TCG CGC CGC CTG GAC TGC AAA GTG ATC CGT CTG GCT GAG TGT GTG AGT GTG GCC CCC GTC ACC GTG GAG ACC CCC CCT GAG CCC GGC GCC ACT GCC TTC CGC CTG GAC ACT GCT CAG CGC TCG CAC CTG CTG GCG GCC GAC GCG CCG TCC AGT GCA GCC TGG GTG CAG ACG CTG TGC CGA AAC GCC TTT CCG AAA GGC AGC TGG ACT CTG GCG CCT ACC GAT AAC CCA CCT AAG CTT TCT GCC CTG GAG ATG CTG GAG AAC TCC TTG TAC AGC CCT ACC TGG GAA GGA TCC CAA TTC TGG GTA ACG GTG CAG AGG ACT GAG GCC GCC GAG CGC TGT GGC CTG CAT GGC TCC TAC GTG CTG AGG GTG GAG GCT GAA AGG CTG ACT CTC CTG ACC GTG GGG GCC CAG AGT CAG ATA CTG GAG CCA CTC CTG TCC TGG CCC TAC ACT CTG TTG CGT CGC TAT GGC CGG GAC AAG GTC ATG TTC TCT TTC GAG GCC GGC CGC CGC TGC CCC TCA GGC CCT GGA ACC TTC ACC TTC CAG ACG GCA CAG GGA AAT GAC ATC TTC CAG GCA GTT GAG ACT GCC ATC CAC CGG CAG AAG GCC CAG GGA --- --- --- --- --- --- --- --- --- --- --- --- --- --- --- --- --- --- --- --- --- --- --- --- --- --- --- --- --- --- --- --- --- --- --- --- --- --- --- AAG GCC GGA CAG GGG CAC GAT GTT CTC AGA GCT GAC TCC CAT GAA GGG GAG GTG GCA GAG GGG AAG TTG CCT TCC CCA CCT GGC CCC --- --- --- --- --- --- --- --- --- --- --- --- --- --- --- CAA GAG CTC CTC GAC AGT CCC CCA GCC CTG TAT GCT GAG CCC TTA GAC TCC CTG CGC ATT GCT CCA TGC CCT TCC CAG GAC TCC CTA TAC TCA GAC CCC TTG GAC AGC ACG --- --- --- --- --- --- --- --- --- --- --- TCT GCT CAG GCA GGA GAG GGA GTA CAA CGG AAG --- --- --- --- AAA CCT CTC TAT TGG GAC TTG TAT GAG CAT GCG CAG CAG CAG TTG CTG AAG GCC AAG CTG ACA --- --- --- --- --- --- --- --- --- --- --- --- GAC CCC AAA GAG GAT CCC ATC TAT GAT GAA CCT GAG GGC CTG GCC --- --- CCA GTC CCT CCC CAG GGC CTT TAT GAT CTG CCT CGG GAG CCC AAG GAT GCA TGG TGG TGC CAA GCT CGG GTG AAG GAG GAG GGC TAT GAG CTC CCC TAC AAC CCT GCC ACT GAT GAC TAC GCT GTG CCA CCC CCT CGG AGC ACA AAG CCC CTC CTT GCT CCC AAG CCC CAG GGC CCA GCC TTC --- --- --- --- --- CCT GAA CCT GGT ACT GCA ACT GGC AGT GGC ATC --- --- --- --- --- --- --- --- --- --- --- --- --- --- --- --- --- --- --- AAA AGC CAC --- --- AAC TCA GCC CTG TAC AGC CAG GTC CAG AAG AGC GGG GCC TCA GGG AGC --- TGG GAC TGT GGG CTC TCT AGA GTA GGG ACT GAC AAG ACT GGG GTC AAG TCA GAG GGC TCT ACC 
Mus musculus                               ATG AAC GGG GCT GTG ATG GAG GGT CCG CTT TTT CTG CAG AGT CAG CGC TTC GGG ACC AAG AGG TGG AGG AAA ACT TGG GCT GTG CTT TAC CCA GCC AGT CCT CAC GGC GTG GCG CGG CTG GAA TTC TTT GAT CAC AAG GGG TCG AGC TCT AGA GGG GGT CGA GGC GGC TCT CGC CGT CTA GAC TGC AAG ATG ATA CGC CTG GCT GAA TGT GTG AGC GTG GTG CCG GTG ACT GTG GAG AGT CCC CCT GAG CCC GGC GCT GCT GCC TTC CGC CTG GAC ACC GCA CAG CGC TCG CAC CTG CTG GCG GCG GAC GCC GTA TCC AGC ACC GCC TGG GTG CAG ACT TTA TGC AGA ACC GCC TTT CCG AAA GGC GGC TGG GCT TTG GCG CAG ACG GAG AAC CAA CCT AAG TTT TCT GCC TTG GAG ATG CTG GAG AAT TCG CTG TAC AGC CCC ACC TGG GAA GGA TCC CAG TTC TGG GTA ACC TCG CAG AAG ACC GAG GCT TCT GAA CGC TGC GGC TTG CAA GGC TCC TAC ATA CTG AGG GTG GAA GCT GAG AAG CTG ACT CTC CTG ACT TTG GGT GCG CAG AGT CAA ATC CTG GAG CCG CTC CTT TTC TGG CCC TAC ACT CTG TTG CGT CGC TAT GGC CGG GAC AAG GTA ATG TTC TCC TTT GAA GCT GGT CGC CGC TGC CCC TCA GGC CCT GGG ACC TTC ACC TTC CAG ACT TCT CAG GGA AAT GAC ATC TTT CAG GCA GTT GAG GCT GCC ATC CAG CAG CAG AAA GCC CAA GGA --- --- --- --- --- --- --- --- --- --- --- --- --- --- --- --- --- --- --- --- --- --- --- --- --- --- --- --- --- --- --- --- --- --- --- --- --- --- --- AAG GTG GGC CAG GCA CAG GAT ATC CTC AGA ACT GAC TCC CAT GAC GGG GAG --- ACA GAG GGG AAG ACA GTT CCC CCT CCT GTT CCC --- --- --- --- --- --- --- --- --- --- --- --- --- --- --- CAG GAC CCC CTG GGC AGC CCT CCA GCC CTA TAT GCG GAG CCT TTA GAC TCC TTG CGA ATT CCT CCA GGC CCT TCT CAG GAC TCT GTA TAT TCA GAC CCC CTG GGC AGC ACC --- --- --- --- --- --- --- --- --- --- --- CCT GCT GGG GCA GGG GAA GGG GTG CAT TCC AAG --- --- --- --- AAA CCT CTC TAC TGG GAT TTG TAT GGG CAT GTG CAG CAG CAG TTA CTG AAA ACC AAG CTG ACA --- --- --- --- --- --- --- --- --- --- --- --- GAC TCC AAA GAG GAC CCC ATC TAT GAT GAA CCT GAA GGC CTG GCC --- --- CCC GCC CCT CCC CGG GGC CTT TAT GAT CTG CCT CAG GAG CCT CGG GAT GCA TGG TGG TGC CAG GCT CGG CTG AAG GAA GAG GGC TAT GAG CTC CCT TAC AAC CCT GCC ACC GAT GAC TAT GCT GTG CCA CCT CCC CGG AGC CCA AAG CCT GCT CCT GCC CCC AAG CCA CAG GGC TTG ATC CTT --- --- --- --- --- CCC GAA TCG GGT ACC ACT CGT GGC AGT GGC AGC --- --- --- --- --- --- --- --- --- --- --- --- --- --- --- --- --- --- --- AAA GGC TTC AGC TCA GAT ACA GCT CTG TAC AGC CAG GTC CAG AAA AGT GGG ACC TCA GGG GCT --- TGG GAC TGT GGA CTC TCT AAA GTA GGG AAT GAC AGG GCG GGG GTC AAG TCT GAG GGT TCC ACC 
Pan troglodytes                            ATG GAC GGA GCA GTG ATG GAA GGG CCG CTC TTT TTG CAG AGT CAG CGC TTT GGG ACC AAG AGG TGG AGG AAG ACC TGG GCC GTG CTC TAC CCG GCC AGT CCC CAC GGC GTA GCG CGG CTC GAG TTC TTT GAC CAT AAG GGG TCG AGC TCT GGG GGT GGC CGA GGG AGC TCG CGC CGC CTG GAC TGC AAA GTG ATC CGT CTG GCT GAG TGT GTG AGT GTG GCC CCC GTC ATC GTG GAG ACC CCC CCT GAG CCC GGC GCC ACT GCC TTC CGC CTG GAC ACT GCT CAG CGC TCG CAC CTG CTG GCG GCC GAC GCG CCG TCC AGT GCA GCC TGG GTG CAG ACC CTG TGC CGA AAC GCC TTT CCG AAA GGC AGC TGG ACT CTG GCG CCT ACC GAT AAC CCA CCT AAG CTT TCT GCC CTG GAG ATG CTG GAG AAC TCC TTG TAC AGC CCT ACC TGG GAA GGA TCC CAA TTC TGG GTA ACG GTG CAG AGG ACT GAG GCC GCC GAG CGC TGT GGC CTG CAT GGC TCC TAC GTG CTG AGG GTG GAG GCT GAA AGG CTG ACT CTC CTG ACC GTG GGG GCC CAG AGT CAG ATA CTG GAG CCA CTC CTG TCC TGG CCC TAC ACT CTG TTG CGT CGC TAT GGC CGG GAC AAG GTC ATG TTC TCT TTC GAG GCC GGC CGC CGC TGC CCC TCA GGC CCT GGA ACC TTC ACC TTC CAG ACG GCA CAG GGA AAT GAC ATC TTC CAG GCA GTT GAG ACT GCC ATC CAC CGG CAG AAG GCC CAG GGA --- --- --- --- --- --- --- --- --- --- --- --- --- --- --- --- --- --- --- --- --- --- --- --- --- --- --- --- --- --- --- --- --- --- --- --- --- --- --- AAG GCC GGA CAG GGG CAC GAT GTT CTC AGA GCT GAC TCC CAA GAA GGG GAG GTG GCA GAG GGG AAG TTG CCT TCC CCA CCT GGC CCC --- --- --- --- --- --- --- --- --- --- --- --- --- --- --- CAG GAG CTC CTC GAC AGT CCC CCA GCC CTG TAT GCT GAG CCC TTA GAC TCC CTG CGC ATT GCT CCA TGC CCT TCC CAG GAC TCC CTA TAC TCA GAC CCC TTG GAC AGC ACG --- --- --- --- --- --- --- --- --- --- --- TCT GCT CAG GCA GGA GAG GGA GTA CAA CGG AAG --- --- --- --- AAA CCT CTC TAT TGG GAC TTG TAT GAG CAT GCG CAG CAG CAG TTG CTG AAG GCC AAG CTG ACA --- --- --- --- --- --- --- --- --- --- --- --- GAC CCC AAA GAG GAC CCC ATC TAT GAT GAA CCT GAG GGC CTG GCC --- --- CCA GTC CCT CCC CAG GGC CTT TAT GAT CTG CCT CGG GAG CCC AAG GAT GCA TGG TGG TGC CAA GCT CGG GTG AAG GAG GAG GGC TAT GAG CTC CCC TAC AAC CCT GCC ACT GAT GAC TAC GCT GTG CCA CCC CCT CGG AGC ACA AAG CCC CTC CTT GCT CCC AAG CCC CAG GGC CCA GCC TTC --- --- --- --- --- CCT GAA CCT GGT ACT GCA ACT GGC AGT GGC ATC --- --- --- --- --- --- --- --- --- --- --- --- --- --- --- --- --- --- --- AAA AGC CAC --- --- AAC TCA GCC CTG TAC AGC CAG GTC CAG AAG AGC GGG GCC TCA GGG AGC --- TGG GAC TGT GGG CTC TCT AGA GTA GGG ACT GAC AAG ACT GGG GTC AAG TCA GAG GGC TCT ACC 



Printing out site pattern counts


         6       1617  P G
G 4      114    188    110    127

Canis lupus familiaris                      --- --- --- --- --- --- --- --- --- --- --- --- --- --- --- --- --- --- --- --- --- --- --- AAA AAA AAC AAC AAC AAG AAG AAG ACC ACG ACT ACT AGA AGC AGC AGC AGG AGT AGT AGT ATG CAG CAG CAG CAG CCA CCC CCC CCC CCG CCT CCT CTG CTG CTG CTG CTG CTT CTT GAA GAA GAA GAC GAC GAC GAC GAC GAG GAG GAG GAG GCA GCA GCA GCC GCC GCC GCC GCG GCG GCT GCT GCT GCT GGA GGA GGA GGA GGC GGC GGG GGG GGG GTA GTC GTC TAT TAT TCA TCC TCG TCT TGG TGG TGG TGG TGT TTG TTG TTG TTT --- --- --- --- --- --- --- --- --- --- --- --- --- --- --- --- --- --- --- --- --- --- --- --- --- --- --- --- --- --- --- --- --- --- --- --- --- --- --- --- --- --- --- --- --- --- --- --- AAA AAC AAG AAG AAG AAG AAG AAG AAT ACA ACG ACT ACT AGC AGC AGC AGC AGC ATC ATG ATT CAC CAC CAG CAG CAG CAG CAG CAG CAG CAG CCA CCA CCA CCA CCC CCC CCC CCC CCC CCC CCT CCT CCT CCT CCT CCT CCT CCT CCT CCT CCT CCT CGC CGG CGG CGG CGG CTC CTC CTC CTC CTC CTG CTG CTG CTG CTG CTG CTG CTT GAA GAA GAA GAC GAC GAC GAC GAC GAG GAG GAG GAG GAG GAG GAG GAG GAT GAT GAT GAT GCA GCA GCA GCC GCC GCC GCC GCC GCC GCT GCT GCT GCT GCT GGA GGC GGC GGC GGC GGC GGC GGC GGC GGT GGT GTG GTG GTG TAC TAC TAC TAC TAC TAT TAT TAT TCA TCC TCC TCT TCT TGC TGG TGG TTA TTA TTG TTG TTG AAC AAC AAG AAG AAG AAG AAT ACC ACC ACC ACC AGC AGC AGC AGG AGG AGT AGT ATC ATG CAA CAC CAC CAC CAG CAG CAG CCC CCC CCC CCG CCG CCT CCT CCT CGA CGA CGC CGC CGC CGC CGC CGT CTC CTC CTG CTG CTG CTG CTG CTG CTG GAA GAC GAC GAC GAC GAC GAG GAG GAG GCC GCC GCC GCC GCC GCC GCG GCG GCG GCG GCG GCG GCT GCT GGA GGC GGC GGC GGC GGG GGG GGG GGG GGT GTC GTG GTG GTG GTG GTG GTG GTG GTG GTG TAT TCC TCC TCG TCG TGC TGC TGG TGT TTC TTC TTG TTT TTT TTT --- --- --- --- --- --- --- --- --- --- --- --- --- --- --- --- --- --- --- --- --- --- --- --- --- --- --- --- --- --- --- --- AAG AAG AAG AAT ACA ACA ACA ACC ACC ACC ACT ACT ACT ACT AGA AGG ATA ATC ATG ATT CAG CAG CAG CAG CAG CAG CAG CAT CAT CCA CCT CCT CCT CGC CGC CGC CGG CGG CTC CTC CTG CTG CTG CTG CTG CTT GAA GAC GAC GAG GAG GAG GAG GAG GAG GCA GCA GCC GCG GCT GCT GCT GCT GGA GGC GGC GGC GGG GGG GGT GTA GTC GTC GTG GTG GTG GTT TAC TAT TAT TCA TCC TCC TCT TGC TGG TGG TGT TTC TTC TTC TTG TTT TTT TTT
Danio rerio                                 AAA AAC AAG AAG AGA AGC ATC ATG CCC CCG CCT CGC CGT CTT GAT GCA GGT GGT GTC GTC GTG TCC TTT GAT GGA AAT CCA TCA AGA CAA CAG AGG ATT ATC ATC --- AAT AGT CAT GAC AGT CAA TAC ATG CAC GAC GGT TCT AAT CCG GGA TCC CAG AGT CCT ATG ATT CTT CTT GCA --- TTC GAA GAC TTA CAT GAC GAC GAC GAC AGC CAA GAA GGG --- AAC GAG ACT CAT CCA GAG GGT TCT CCG GCT TCA TCT ATC GGA GTT TCA GGA GGT --- AGT GAG AGC GTA TAT TAC TAT CCA GAC CTC CAG GAA GGT TCA TGG CCT AAC ATC GTG TTT AAA AAA AAA AAC AAC AAG AAT AAT ACC AGA AGC AGC AGG AGT ATG CAC CCA CCA CCA CCA CCC CCC CCT CGA CGG CGT CTG CTT GAA GAG GAG GAG GAT GAT GCA GCT GGA GGC GGG GGG GGT GTC GTT TAC TCC TCT TTA TTG CCA CAG AAA ACA CAG GAG GCG GCT AGT CCA GCA --- ATG AAC AGT GAG GGA GGC ATC AAA GCA CAG GCA --- AAA AGG AGT CGT CTG GAC GAT ACA CCA GCC TCA CAC CCA CCT GAT GCC GGT AGA CAA CCA CCA CCA CCA CCC CCG CCT CTA GCA GCC CGT AAA AGG ATC GGC ATG CAG CTG GTC GTT ATG ATT CTG GAA GTG TTA TTG CTT CCG GAA GAG --- AAC GAA GAC GGT AAT ACA CAA CCA GAG GAG TCT TTG --- CAT GAC GAT AAC ATT TCC --- AAA AGT GAG GCT TCA CAG CAG CCC GCA TCA CCT AAA ACG AGT GAT GCT GGA GGC GGT GCA TGT ATC ATG GAG CAA TAC TAC TAT TTG CAA TAC TAT TCA GGA TGT CCA TCG AAC AGA TGG GCT GTA CGA CTT TTG ATT GCC AAA AAG AAG TCA AGT --- AAC AAG ACC AAC ACC AGC AAA AAG AGT CAT ATA AAA CAG AAT TGT TTT CAG GAA GAG CAA CCC TGC AAT CAA CCA CCT GAA AAA GAG AAA AAG CGA CGG TGT AAG CTC CTT ATG ATG CTA CTG GTG GTT TTT GAG GAA GAA GAC GAG GAT AAA GAA GAG AAT ATG GAT GCC GCT GTC AAA AAT GCA GCG GCT TCA GCC TTC --- ACC AGC GAT GGT --- CCT GGA GGT GGA CTT ACT ATA ATC ATC ATT GCT GTA GTG GTT TAC ACG GTT ACA AGT AAG TGT TGG TGC TTT TTT GTC TAC TAT TTT AAC AAG AGC AGT ATC ATT CAA CAA CAC CAG CCA CCT CGA CGT CTC GAA GAC GAT GCA GCC GCC GCT GCT GGA GGG GGT TCA TCC TCT TGC TGT TTA AAA AAC AGA AAC ACA ACT ACT --- AAC ACT AAG ATC CCC GAA AGA AGG ACT ATA ATG ATT AAG CAA CAC CAG GAA GAG GAT CGT TCT GAT CCA CCC GAA CGA CGC CGT AGA GAG TTA TTG --- AAA CTC CTG CTT CTT GAA GAC GAG AAC AAG GAA GAC GAG GAG AAG ATT GCA AAG ATG GCC TCA TCC GGG GGA GGC GGT --- GGA GGT GTG --- GTT GCT GTT TGG GTT TAC TAC TAT TCT AAC AAT TCC TGT TGG TTG TGT ATA TTC TTT CTC TTC TTC TTT
Rattus norvegicus                           --- --- --- GAC --- --- --- --- --- --- --- --- ACT --- CAA GGA AGA GAT --- ATC --- --- ACC AAA AAA AAT GAC AAC AAA AAG AAG ACC ACC ACC GTG AGA AGA GGC AGT AGG AGC GGG AGC ATG CAG AAG GGG CAG CCA CCC CCT CCC CCG CAG CCT CTC CTG CTG TTG CTG TTT CTC GAA GAG GAG GAC GAC GAC GAT GGC GGA GAG GAG GAA GTA TCA GCA GCT GCT ACC GCC GCT ACG CCT GCT GCT AAT GGG GGG GGA GGG GGC GGT GGG GGG GGG GTG GTC GTC TAT TAC CCA TCC TCG TCT TGG TGG TGG TGG TGT CGG TTG CTG TTT --- CAG GAG --- CAT GAG --- --- --- --- --- ATG --- --- --- --- --- CCC CCT GTT --- CCC --- AAG --- --- --- GCT --- --- ACT TCC --- GAT --- --- --- --- --- GGG --- GGG --- --- --- --- ACA --- AAA AAC AAG AAG AAA AAG AAG AAA AGT TCA ATA ACC ACA AGC AGC AGC --- AGC ATC GCT ATT CAC --- CAG CAG CAG CAG CAG CAG CAG GGG CCT CCA CCA CCT CCC CCA CCT CCT CCT TCC CCC CCT CCC CCT CCT CCT CCC TCT CCT CCT CCT CCA CGA CGG CGG CGG CAG CTC CCC CTT ACC CTC CTG CTG CTA CTG CTG CTG TTG CTT GAA GAG GAG GAC GAT GAC GAC GAC GAA GAG GAG GCT GAG GAG GAA GAG GAC GAT GAC GAT TCA ACA GCA GCC ACC GCC GCT GCC ATC ACC GCC CCT GCT GCA GGT GGC GGC GGC GGC GGC GGC GGC GGC GCC GGC GTG GTG CTG TAC TAC TAT TAT TAC TAT TAT TAT TCA TCT TCT CCT TCC TGC TGG TGG TTA TTG CTG CTG TTG ACC AGC AAG AAA AAG AAG TCT ACC ACT ATT ACC AGT AGC AGC AGG AAG AGC AGT ATA ATG CAG CAC CAC CAC CAG CAA CAG CCT CCT CCC GCA CCG CCA CCT CCC CGA AGA CGT CGC CGG CGC CGC CGC CTT CTG CTA TTA CTT CTG CTG CTG CTT GAG GAC GAG GAC GAC GAT GAG GAA GAA ACT GCC GCC GCC GCG ACT GCC GCA GCG GCA TCT GCT GCC GCT GGA GGC GGC GGT GGC GGG GGC GGT GGG GGG GTG GTG GTG ATG GTG GTG GTG GTG GTG TTG TAC TCG TCC TCT TCG TGC TGC TGG TGT TTC TTC CTG TTT TTT TTC --- AAG --- --- --- --- --- CAA --- --- --- GTG --- --- --- --- --- --- --- --- GCC --- GGA --- GGA --- --- CAG --- --- --- --- AAA AAG AAG AAT ACT ACC ACC ACT ACC ACC ACT ACC AGT GCT AGG AAG ATC ATC ATG ATC CAA CAG CAG CAG CAA CAG CAG CAG CAA CCG CCT CCC CCC CGC CGC CGA CGA CAG CTC CTT CTG CTG CTG TTG CTG CTT GAG GAC GAC GAA GAG GAA GAG GAA GAG GCC GCA GCT GCA GCT GCG TCT GCT GGG GGC GGC GGC GGT GGA GGT GTA TTG GTA GTA TCG GTA GTT TAC TAC TAT TCT TCC TCC TCC TGC TGG TGG TGC TTC TTC TTC TTG TTC TTT TTT
Homo sapiens                                --- --- --- GAC --- --- --- --- --- --- --- --- GCT --- CAC GGG AGA GAT --- GTT --- --- CTC AAA AAA AAC GAC AAC AAG AAG AAG ACC ACC ACG ACT AGA AGC AGC AGC AAG AGC GGG AGC ATG CAA AAG CAG CAG CCA CCC CCT CCT CCG CCT CCT CTC TTG CTG CTG CTG CTT CTC GAA GAT GAG GAC GAC GAC GAC GAC GGG GAG GAG GAG GTA TCA GCA GCC GCA GCC GCC GCG ACC TCT GCT ACT ACT GGG GGA GGA GGG GGC GGC GGG GGA GGA GTA GTC GTC TAT TAC TCA TCT TCC TCT TGG TGG TGG TGG TGT CGG TTG TTG TTT --- CAA GAG --- CAT GAG --- GTG --- --- --- TTG --- --- --- --- --- TCC CCT GGC --- CCC --- AAG --- --- --- CCT --- --- CCA TCC --- GAA --- --- --- --- --- GGG --- GGG --- --- --- --- GCA --- AAA AAC AAG AAG AAG AAG AAG AAA AGT ACA ACA ACT TCA ATC AGC AGT --- AGC ATC ACT ATT CAT CAC CAG CAG CAA CAG CGG CAG CAG GAG CTT CCA CCA CCA CCC CCC CCC CCC CCC CCC CCC CCC CCT CCT CCT GCT CCC CCT CCC CCT CCT CCA CGC CGG CGG CAG CAG CTC CTC TTC CTC CCC CTG CTG CTG CTG CTG CTC CTA CTT GAA GAA GAG GAC AAC GAT GAC GAC GAG GAG GAG GCT GAG GAG GAG GAG GAT GAT GAC GAT --- GCA GCA GCC GCC GCC GCC GCC GCC ACT GTC CCT GCT GCT GGT GGC GGC TGC GAC GGC GGC GGC AGC GCT GGC GCG GTG GTG TAC TAC TAC TAT TAC TAT TAT TAT TCA TCC TCC CCT TCC TGC TGG TGG TTA CCA CTG CTG TTG AAC AGC AAA AAG AAG AAG TCT ACC ACC ACG ACT ACC AGT AGT AGG AGG AGT AGT ATC ATG CAG CAC CAT CAC CAG CAG CAG CCC CCT CCC CCG CCG CCG CCC CCC CGA CGA CGC CGC CGG CGT CGC CGC CTC CTC CTG CTG CTT CTG CTG CTG CTG GAA GAC GAG GAC GAC GAC GAG GAG GAG GCA GCC GCC GCC GCC ACC GCG GCT GCG GCG ACT GCT GCC GCC GGG GGC AGC GGC GGC GGT GGG GGG GGG GGG GCC GTG GTG GTG GTG GTA GTC GTG GTG GTG TAC TCG TCC TCG TCG TGC TGC TGG TGT TTC TTT TTG TTT TTT TTC --- AAG --- --- --- --- --- CAG --- --- --- GCC --- --- --- --- --- --- --- --- GCC --- GGA --- GGA --- --- CAG --- --- --- --- AAG AGG AAG AAT ACG ACG ACT ACC ACC ACC ACT ACT AGT ACT AGG AGG ATA ATC ATG ATC CAG CAG CAG CAG CAA CAG CAG CAC CAT CCA CCT CCC CCC CGC CGC CGT CGG CGG CTC CTC CTG CTG CTG CTG CTG CTG GAG GAC GAC GAG GAG GAG GAA GAG GAG GCA GCA GCC GCC GCT GCC GCC GCC GGA GGC GGC GGC GGG GGA GGC GTA GTG GTC GTG GTG GTG GTT TAC TAC TAT TCA TCC TCC TCT TGC TGG TGG TGT TCC TTC TTC TTG TTC TTC TTC
Mus musculus                                --- --- --- GAC --- --- --- --- --- --- --- --- ACT --- CAG GCA AGA GAT --- ATC --- --- CTC AAA AAA AAT GAC AAC AAA AAG AAG ACC ACC ACC GCG AAA GCT GGC AGT AGG AGC GGG AGC ATG CAT AAG GGG CAG CAA CCC CCT CCC CCG CAG CCT CTC CTG TTG TTG CTG TTT CTC GAA GAG GAG GAC AAC GAC GAT GGC GGA GAG GAG GAA GTA TCT GCA GCC GCT ACC GCC GCG ACG CCT GCT GCT AAT GGG GGG GGA GGG GGC GGT GGG GGG GGG GTG GTC GTC TAC TAC TCA TCC TCG TCT TGG TGG TGG TGG TGT TCC TTG CTG TTT --- CAG GAG --- CAT GAG --- --- --- --- --- ACA --- --- --- --- --- CCC CCT GTT --- CCC --- AAG --- --- --- GTT --- --- CCT TCC --- GAC --- --- --- --- --- GGG --- GGG --- --- --- --- ACA --- AAA AAC AAG AAG AAA AAG CGG AAA AGT CCA ACA ACC ACA AGC AGC AGC AGC AGC ATC CGT ATT CAT TTC CAG CAG CAG CAG CAG CAG CAG GGG CCT CCA CCA CCC CCC CCA CCT CCT CCT TCC CCT CCT CCT CCC CCT CCT CCC TCG CCT CCT CCT CCA CGA CGG CGG CGG CAG CTC CCC CTT GCT CCC CTG CTG CTA CTG TTG CTG GTA CTT GAA GAA GAG GAC GAT GAC GAC GAC GAC GAG GAG GCT GAA GAG GAA GAG GAT GAT GAC GAT TCA ACT GCA GCC ACC GCC GCT GCC ATC ACC GCC CCT GCT GCG GGT GGC GGC GGC GGC GGC GGC GGC GGC GCC GGC GTG GTG CTG TAC TAC TAT TAT TAT TAT TAT TAT TCA TCT TCT CCC TCC TGC TGG TGG TTA TTG CTG CTG TTA ACC AGC AAG AAA AAG AAG TCT ACC ACT ACT ACC AGT AGC AGC AGG AGG AGT AGT ATA ATG CAG CAC CAC CAC CAG CAG CAG CCT CCT CCC GTA CCG CCA CCG CCC CGA AGA CGT CGC CGG CGC CGC CGC CTT CTG CTA TTA CTT CTG CTG CTG CTG GAG GAC GAG GAC GAC GAT GAG GAA GAA ACC GCT GCC GCC GCG ACT GCC GCA GCG GCG GCT GCT GCC GCT AGA GGC GGC GGT GGC GGG GGC GGT GGG GGG GTG GTG GTG ATG GTG GTG GTG GTG GTG GTG TAC TCG TCC TCT TCG TGC TGC TGG TGT TTC TTC CTG TTT TTT TTC --- AAG --- --- --- --- --- CAA --- --- --- GTG --- --- --- --- --- --- --- --- GCC --- GGA --- GGC --- --- CAG --- --- --- --- AAA AAG AAG AAT ACT ACC ACC ACT ACC ACC ACT ACT AGT GCT AGG AAG ATC ATC ATG ATC CAA CAG CAG CAG CAG CAG CAG CAG CAA CCG CCT CCC CCC CGC CGC CGT CGG CAG CTC CTC CTG CTG CTG TTG CTG CTT GAG GAC GAC GAA GAG GAA GAG GAA GAG TCT GCA GCT GCG GCT GCT TCT GCC GGG GGC GGC GGC GGT GGA GGT GTA TTG GTA GTG TCG ATA GTT TAC TAC TAT TCA TCC TCC TCC TGC TGG TGG TGC TTC TTC TTC TTG TTC TTT TTT
Pan troglodytes                             --- --- --- GAC --- --- --- --- --- --- --- --- GCT --- CAC GGG AGA GAT --- GTT --- --- CTC AAA AAA AAC GAC AAC AAG AAG AAG ACC ACC ACG ACT AGA AGC AGC AGC AAG AGC GGG AGC ATG CAA AAG CAG CAG CCA CCC CCT CCT CCG CCT CCT CTC TTG CTG CTG CTG CTT CTC GAA GAT GAG GAC GAC GAC GAC GAC GGG GAG GAG GAG GTA TCA GCA GCC GCA GCC GCC GCG ACC TCT GCT ACT ACT GGG GGA GGA GGG GGC GGC GGG GGA GGA GTA GTC GTC TAT TAC TCA TCT TCC TCT TGG TGG TGG TGG TGT CGG TTG TTG TTT --- CAG GAG --- CAA GAG --- GTG --- --- --- TTG --- --- --- --- --- TCC CCT GGC --- CCC --- AAG --- --- --- CCT --- --- CCA TCC --- GAA --- --- --- --- --- GGG --- GGG --- --- --- --- GCA --- AAA AAC AAG AAG AAG AAG AAG AAA AGT ACA ACA ACT TCA ATC AGC AGT --- AGC ATC ACT ATT CAT CAC CAG CAG CAA CAG CGG CAG CAG GAG CTT CCA CCA CCA CCC CCC CCC CCC CCC CCC CCC CCC CCT CCT CCT GCT CCC CCT CCC CCT CCT CCA CGC CGG CGG CAG CAG CTC CTC TTC CTC CCC CTG CTG CTG CTG CTG CTC CTA CTT GAA GAA GAG GAC AAC GAC GAC GAC GAG GAG GAG GCT GAG GAG GAG GAG GAT GAT GAC GAT --- GCA GCA GCC GCC GCC GCC GCC GCC ACT GTC CCT GCT GCT GGT GGC GGC TGC GAC GGC GGC GGC AGC GCT GGC GCG GTG GTG TAC TAC TAC TAT TAC TAT TAT TAT TCA TCC TCC CCT TCC TGC TGG TGG TTA CCA CTG CTG TTG AAC AGC AAA AAG AAG AAG TCT ACC ACC ACC ACT ACC AGT AGT AGG AGG AGT AGT ATC ATG CAG CAC CAT CAC CAG CAG CAG CCC CCT CCC CCG CCG CCG CCC CCC CGA CGA CGC CGC CGG CGT CGC CGC CTC CTC CTG CTG CTC CTG CTG CTG CTG GAA GAC GAG GAC GAC GAC GAG GAG GAG GCA GCC GCC GCC GCC ATC GCG GCT GCG GCG ACT GCT GCC GCC GGG GGC AGC GGC GGC GGT GGG GGG GGG GGG GCC GTG GTG GTG GTG GTA GTC GTG GTG GTG TAC TCG TCC TCG TCG TGC TGC TGG TGT TTC TTT TTG TTT TTT TTC --- AAG --- --- --- --- --- CAG --- --- --- GCC --- --- --- --- --- --- --- --- GCC --- GGA --- GGA --- --- CAG --- --- --- --- AAG AGG AAG AAT ACG ACG ACT ACC ACC ACC ACT ACT AGT ACT AGG AGG ATA ATC ATG ATC CAG CAG CAG CAG CAA CAG CAG CAC CAT CCA CCT CCC CCC CGC CGC CGT CGG CGG CTC CTC CTG CTG CTG CTG CTG CTG GAG GAC GAC GAG GAG GAG GAA GAG GAG GCA GCA GCC GCC GCT GCC GCC GCC GGA GGC GGC GGC GGG GGA GGC GTA GTG GTC GTG GTG GTG GTT TAC TAC TAT TCA TCC TCC TCT TGC TGG TGG TGT TCC TTC TTC TTG TTC TTC TTC



    1    1    1    1    1    1    1    2    1    1    1    1    1    1    1
    1    1    1    1    1    1    1    1    1    1    1    1    1    1    1
    1    1    1    1    1    1    1    1    1    1    1    1    1    2    1
    1    1    1    1    1    1    1    1    1    1    1    1    1    1    1
    1    1    1    1    1    1    1    1    1    1    1    1    1    1    1
    1    1    1    1    1    1    1    1    1    1    1    1    1    1    1
    1    1    1    1    1    1    1    1    1    1    1    1    1    1    2
    1    1    1    1    1    1    1    1    1    3    1    1    4    1    1
    1    1    1    3    2    1    1    1    2    1    3    1    1    1    1
    1    3    1    1    2    2    1    1    1    1    1    4    1    1    1
    3    2    1    1    2    1    1    1    1    2    1    1    1    1    2
    1    1    1    1    1    1    1    1    1    1    1    1    1    1    1
    1    1    1    1    1    1    1    1    1    1    1    1    1    1    1
    1    1    1    1    1    1    1    1    1    1    1    1    1    1    1
    1    1    1    1    1    1    1    1    1    1    1    1    1    1    1
    1    1    1    1    1    1    1    1    1    1    1    1    1    1    1
    1    1    1    1    1    1    1    1    1    1    1    1    2    1    1
    1    1    1    1    1    1    1    1    1    1    1    1    1    1    1
    1    1    1    1    1    1    1    1    1    1    1    1    1    1    1
    1    1    1    2    1    1    1    1    1    1    1    1    1    1    1
    1    1    1    1    1    1    1    1    1    1    1    1    1    1    1
    1    1    1    1    1    1    1    1    1    1    1    1    1    1    1
    1    1    1    1    1    1    1    1    1    1    2    1    1    1    1
    1    1    1    1    1    1    1    1    1    1    1    1    1    1    1
    1    1    1    1    1    1    1    1    1    1    1    1    1    1    1
    1    1    1    1    1    1    1    1    1    1    1    1    1    1    1
    1    1    1    1    1    1    1    1    1    1    1    1    1    1    3
    1    1    1    1    1    1    1    1    1    2    1    1    1    2    1
    1    1    3    1    1    2    1    4    2    2    1    1    1    2    1
    1    1    2    2    1    2    1    1    1    1    1    1    1    1    1
    1    1    1    1    1    1    1    1    1    1    1    1    1    1    1
    1    1    2    1    1    1    1    1    1    1    1    1    1    3    1
    1    1    1    1    1    1    1    1    2    1    1    1    1    1    1
    1    1    1    1    1    1    1    1    1    1    1    1    1    1    1
    2    1    1    1    1    1    1    1    1    1    1    1    1    1    1
    1    1    1    1    1    1    1    1    1    2    1    1    1    1

CODONML (in paml version 4.4b, July 2010)  torun.nuc
Model: One dN/dS ratio for branches Global clock  (4 genes: diff. rate & k&w)  
Codon frequency model: F3x4
ns =   6  ls = 591

Codon usage in sequences
--------------------------------------------------------------------------------------------------------------
Phe TTT  7 10  6  4  6  4 | Ser TCT  5 10 10  6  9  6 | Tyr TAT  9  7  8  7  8  7 | Cys TGT  3  8  2  3  2  3
    TTC  6  5  8  9  9  9 |     TCC  7  7  8 10  9 10 |     TAC  6 10  7  8  7  8 |     TGC  4  3  5  5  5  5
Leu TTA  2  5  2  1  3  1 |     TCA  3 13  4  5  4  5 | *** TAA  0  0  0  0  0  0 | *** TGA  0  0  0  0  0  0
    TTG  8  7  9  7  8  7 |     TCG  3  1  4  3  5  3 |     TAG  0  0  0  0  0  0 | Trp TGG 11  7 11 11 11 11
--------------------------------------------------------------------------------------------------------------
Leu CTT  4 11  7  4  5  3 | Pro CCT 20 12 22 16 21 16 | His CAT  2  5  1  4  3  3 | Arg CGT  1  9  1  2  3  2
    CTC  9  5  5 11  6 12 |     CCC 12  8 13 19 15 19 |     CAC  5  5  4  5  3  5 |     CGC 12  4  9 10  9 10
    CTA  0  2  2  1  2  1 |     CCA  6 24  7  8  6  8 | Gln CAA  1 13  6  4  4  4 |     CGA  2  5  4  2  2  2
    CTG 25  7 22 23 21 23 |     CCG  3  5  3  4  4  4 |     CAG 23 15 24 22 26 23 |     CGG  6  2  5  7  6  7
--------------------------------------------------------------------------------------------------------------
Ile ATT  2  9  2  1  1  1 | Thr ACT  8  6  8 12  9 12 | Asn AAT  3 11  3  1  3  1 | Ser AGT  5 14  5  7  6  7
    ATC  3 12  6  5  6  6 |     ACC  8  4 17 10 15 10 |     AAC  6 20  2  5  3  5 |     AGC 11 10 10 10 10 10
    ATA  1  4  2  1  2  1 |     ACA  4  5  3  2  4  2 | Lys AAA  3 22  8  5  9  5 | Arg AGA  2 10  4  2  3  2
Met ATG  5 16  6  4  5  4 |     ACG  2  2  1  4  1  3 |     AAG 17 17 17 18 15 18 |     AGG  4  5  3  5  4  5
--------------------------------------------------------------------------------------------------------------
Val GTT  1  9  2  2  3  2 | Ala GCT 15 13 16 10 16 10 | Asp GAT  5 19  8  7  8  6 | Gly GGT  4 18  6  2  6  2
    GTC  5  6  2  5  2  5 |     GCC 17  9 13 23 13 23 |     GAC 17 16 16 18 16 19 |     GGC 18  6 20 17 21 17
    GTA  2  3  5  4  5  4 |     GCA  8 12  8  8  5  8 | Glu GAA  8 21 10  6 11  6 |     GGA  7 15  7  8  4  8
    GTG 15  6 13 14 14 14 |     GCG  9  2  3  5  7  5 |     GAG 21 23 20 25 18 25 |     GGG  9  5 15 14 15 14
--------------------------------------------------------------------------------------------------------------

Codon position x base (3x4) table for each sequence.

#1: Canis lupus familiaris
position  1:    T:0.16444    C:0.29111    A:0.18667    G:0.35778
position  2:    T:0.21111    C:0.28889    A:0.28000    G:0.22000
position  3:    T:0.20889    C:0.32444    A:0.10889    G:0.35778
Average         T:0.19481    C:0.30148    A:0.19185    G:0.31185

#2: Danio rerio    
position  1:    T:0.16174    C:0.22957    A:0.29043    G:0.31826
position  2:    T:0.20348    C:0.23130    A:0.35478    G:0.21043
position  3:    T:0.29739    C:0.22609    A:0.26783    G:0.20870
Average         T:0.22087    C:0.22899    A:0.30435    G:0.24580

#3: Rattus norvegicus
position  1:    T:0.17500    C:0.28125    A:0.20208    G:0.34167
position  2:    T:0.20625    C:0.29167    A:0.27917    G:0.22292
position  3:    T:0.22292    C:0.30208    A:0.15000    G:0.32500
Average         T:0.20139    C:0.29167    A:0.21042    G:0.29653

#4: Homo sapiens   
position  1:    T:0.16424    C:0.29522    A:0.19127    G:0.34927
position  2:    T:0.19958    C:0.30146    A:0.28067    G:0.21830
position  3:    T:0.18295    C:0.35343    A:0.11850    G:0.34511
Average         T:0.18226    C:0.31670    A:0.19681    G:0.30423

#5: Mus musculus   
position  1:    T:0.17842    C:0.28216    A:0.19917    G:0.34025
position  2:    T:0.20332    C:0.29668    A:0.27801    G:0.22199
position  3:    T:0.22614    C:0.30913    A:0.13278    G:0.33195
Average         T:0.20263    C:0.29599    A:0.20332    G:0.29806

#6: Pan troglodytes
position  1:    T:0.16424    C:0.29522    A:0.19127    G:0.34927
position  2:    T:0.20166    C:0.29938    A:0.28067    G:0.21830
position  3:    T:0.17672    C:0.35967    A:0.11850    G:0.34511
Average         T:0.18087    C:0.31809    A:0.19681    G:0.30423

Codon usage in genes
--------------------------------------------------------------------------------------
Phe TTT  9  0 18 10 | Ser TCT 18 10  7 11 | Tyr TAT  7 30  2  7 | Cys TGT  5  2  8  6
    TTC  1  3 13 29 |     TCC  8 20  6 17 |     TAC  7 22  6 11 |     TGC  0  7 12  8
Leu TTA  1  9  2  2 |     TCA 11 14  2  7 | *** TAA  0  0  0  0 | *** TGA  0  0  0  0
    TTG 14 17  4 11 |     TCG  3  2 12  2 |     TAG  0  0  0  0 | Trp TGG 21 11 18 12
--------------------------------------------------------------------------------------
Leu CTT  7 12  8  7 | Pro CCT 19 68 12  8 | His CAT  4  7  3  4 | Arg CGT  1  5  5  7
    CTC 12 16  8 12 |     CCC 10 50 16 10 |     CAC  3  7 13  4 |     CGC  1  3 26 24
    CTA  0  5  3  0 |     CCA  8 41  3  7 | Gln CAA  7  8  4 13 |     CGA  0  4  9  4
    CTG 18 41 31 31 |     CCG  8  2 11  2 |     CAG 18 47 20 48 |     CGG  3 18  5  7
--------------------------------------------------------------------------------------
Ile ATT  2  7  3  4 | Thr ACT 11 10 11 23 | Asn AAT  7  4  5  6 | Ser AGT  9 12 18  5
    ATC  7 12  6 13 |     ACC 16  8 22 18 |     AAC 13 16  6  6 |     AGC 20 23 16  2
    ATA  0  1  4  6 |     ACA  0 15  1  4 | Lys AAA 14 23 11  4 | Arg AGA 11  5  3  4
Met ATG 15  8 10  7 |     ACG  5  2  2  4 |     AAG 21 33 25 23 |     AGG  4  3  9 10
--------------------------------------------------------------------------------------
Val GTT  3  5  3  8 | Ala GCT 18 29 15 18 | Asp GAT 10 34  5  4 | Gly GGT  8 11  9 10
    GTC 12  4  5  4 |     GCC 13 31 32 22 |     GAC 36 32 20 14 |     GGC 12 45 18 24
    GTA  8  2  4  9 |     GCA 12 19  7 11 | Glu GAA 12 20 12 18 |     GGA 21  7  4 17
    GTG  5 14 42 15 |     GCG  6  4 18  3 |     GAG 23 56 22 31 |     GGG 32 12 20  8
--------------------------------------------------------------------------------------

Codon position x base (3x4) table for each gene.


Gene #1
position  1:    T:0.17213    C:0.19508    A:0.25410    G:0.37869
position  2:    T:0.18689    C:0.27213    A:0.29836    G:0.24262
position  3:    T:0.22623    C:0.28033    A:0.17213    G:0.32131
Average         T:0.19508    C:0.24918    A:0.24153    G:0.31421

Gene #2
position  1:    T:0.14879    C:0.33806    A:0.18421    G:0.32895
position  2:    T:0.15789    C:0.32895    A:0.34312    G:0.17004
position  3:    T:0.24899    C:0.30263    A:0.17510    G:0.27328
Average         T:0.18522    C:0.32321    A:0.23414    G:0.25742

Gene #3
position  1:    T:0.16296    C:0.26222    A:0.22519    G:0.34963
position  2:    T:0.24296    C:0.26222    A:0.22815    G:0.26667
position  3:    T:0.19556    C:0.33333    A:0.10222    G:0.36889
Average         T:0.20049    C:0.28593    A:0.18519    G:0.32840

Gene #4
position  1:    T:0.19675    C:0.27811    A:0.20562    G:0.31953
position  2:    T:0.24852    C:0.24704    A:0.28550    G:0.21893
position  3:    T:0.20414    C:0.32249    A:0.15680    G:0.31657
Average         T:0.21647    C:0.28254    A:0.21598    G:0.28501

Sums of codon usage counts
------------------------------------------------------------------------------
Phe F TTT      37 | Ser S TCT      46 | Tyr Y TAT      46 | Cys C TGT      21
      TTC      46 |       TCC      51 |       TAC      46 |       TGC      27
Leu L TTA      14 |       TCA      34 | *** * TAA       0 | *** * TGA       0
      TTG      46 |       TCG      19 |       TAG       0 | Trp W TGG      62
------------------------------------------------------------------------------
Leu L CTT      34 | Pro P CCT     107 | His H CAT      18 | Arg R CGT      18
      CTC      48 |       CCC      86 |       CAC      27 |       CGC      54
      CTA       8 |       CCA      59 | Gln Q CAA      32 |       CGA      17
      CTG     121 |       CCG      23 |       CAG     133 |       CGG      33
------------------------------------------------------------------------------
Ile I ATT      16 | Thr T ACT      55 | Asn N AAT      22 | Ser S AGT      44
      ATC      38 |       ACC      64 |       AAC      41 |       AGC      61
      ATA      11 |       ACA      20 | Lys K AAA      52 | Arg R AGA      23
Met M ATG      40 |       ACG      13 |       AAG     102 |       AGG      26
------------------------------------------------------------------------------
Val V GTT      19 | Ala A GCT      80 | Asp D GAT      53 | Gly G GGT      38
      GTC      25 |       GCC      98 |       GAC     102 |       GGC      99
      GTA      23 |       GCA      49 | Glu E GAA      62 |       GGA      49
      GTG      76 |       GCG      31 |       GAG     132 |       GGG      72
------------------------------------------------------------------------------

(Ambiguity data are not used in the counts.)


Codon position x base (3x4) table, overall

position  1:    T:0.16785    C:0.27738    A:0.21295    G:0.34181
position  2:    T:0.20414    C:0.28315    A:0.29434    G:0.21838
position  3:    T:0.22177    C:0.30960    A:0.15361    G:0.31502
Average         T:0.19792    C:0.29004    A:0.22030    G:0.29174


Nei & Gojobori 1986. dN/dS (dN, dS)
(Pairwise deletion)
(Note: This matrix is not used in later ML. analysis.
Use runmode = -2 for ML pairwise comparison.)

Canis lupus familiaris
Danio rerio         -1.0000 (0.5861 -1.0000)
Rattus norvegicus    0.1109 (0.0762 0.6873) 0.2378 (0.6058 2.5471)
Homo sapiens         0.1435 (0.0533 0.3715)-1.0000 (0.6009 -1.0000) 0.1414 (0.0805 0.5693)
Mus musculus         0.1269 (0.0850 0.6696)-1.0000 (0.5991 -1.0000) 0.2425 (0.0329 0.1355) 0.1636 (0.0914 0.5588)
Pan troglodytes      0.1501 (0.0544 0.3622)-1.0000 (0.6018 -1.0000) 0.1447 (0.0820 0.5667) 0.1708 (0.0019 0.0109) 0.1690 (0.0935 0.5534)


TREE #  1:  ((((4, 6), (5, 3)), 1), 2);   MP score: -1
check convergence..
lnL(ntime:  5  np: 16):  -5669.611521      +0.000000
   7..8     8..9     9..10   10..4    10..6     9..11   11..5    11..3     8..1     7..2  
 2.987911 0.332236 0.332235 0.007590 0.086365 0.863984 1.065487 0.812196 2.981955 0.243200 2.908844 0.242779 2.906326 0.088789 2.450442 0.068027
SEs for parameters:
 0.373537 0.037967 0.037888 0.003344 0.011876 0.111117 0.172829 0.130410 0.601012 0.047186 0.504460 0.038537 0.501511 0.015962 0.555345 0.012668
Note: Branch length is defined for the first gene (site partition).
For other genes, look at "rates for genes".

tree length =   6.73425 (1st gene)

((((4: 0.007590, 6: 0.007590): 0.324646, (5: 0.086365, 3: 0.086365): 0.245870): 0.000000, 1: 0.332236): 2.655675, 2: 2.987911);

((((Homo sapiens: 0.007590, Pan troglodytes: 0.007590): 0.324646, (Mus musculus: 0.086365, Rattus norvegicus: 0.086365): 0.245870): 0.000000, Canis lupus familiaris: 0.332236): 2.655675, Danio rerio: 2.987911);

Detailed output identifying parameters

rates for 4 genes:     1  0.86398  1.06549  0.81220

gene # 1: kappa =   2.98196 omega =   0.24320
gene # 2: kappa =   2.90884 omega =   0.24278
gene # 3: kappa =   2.90633 omega =   0.08879
gene # 4: kappa =   2.45044 omega =   0.06803

Time used:  0:43
