
seed used = 1418814037
      7   1539

Pan troglodytes                            --- --- --- --- --- --- --- --- --- --- --- --- --- --- --- --- --- --- --- --- --- --- --- --- --- --- --- --- --- --- --- --- --- --- --- --- --- --- --- --- --- --- --- --- --- --- --- --- --- --- --- --- --- --- --- --- --- --- --- --- --- --- --- --- --- --- --- --- --- --- --- --- --- --- --- --- --- --- --- --- --- --- --- ATG GTG ACG ATG GAG GAG CTG CGG GAG ATG GAC TGC AGT GTG CTC AAA AGG CTG ATG AAC CGG GAC GAG AAC GGC GGC --- --- --- --- GGC GCG GGC GGC AGC GGC AGC CAC GGC ACC CTG GGG CTG CCG AGC GGC GGC AAG TGC CTG CTG CTG GAC TGC AGA CCG TTC CTG GCG CAC AGC GCG GGC TAC ATC CGA GGT TCG GTC AAC GTG CGC TGC AAC ACC ATC GTG CGG CGG CGG GCT AAG GGC TCC GTG AGC CTG GAG CAG ATC CTG CCC GCC GAG GAG GAG GTA CGC GCC CGC TTG CGC TCC GGC CTC TAC TCG GCG GTC ATC GTC TAC GAC GAG CGC AGC CCG CGC GCC GAG AGC CTC CGC GAG GAC AGC ACC GTG TCG CTG GTG GTG CAG GCT CTG CGC CGC AAC GCC GAG CGC ACC GAC ATC TGC CTG CTC AAA GGC GGC TAT GAG AGG TTT TCC TCC GAG TAC CCA GAA TTC TGT TCT AAA ACC AAG GCC CTG GCA GCC ATC CCA CCC CCG GTT CCC CCC AGC GCC ACA GAG CCC TTG GAC CTG GGC TGC AGC TCC TGT GGG ACC CCA CTA CAC GAC CAG GGG GGT CCT GTG GAG ATC CTT CCC --- TTC CTC TAC CTC GGC AGT GCC TAC CAT GCT GCC CGG AGA GAC ATG CTA GAC GCC CTG GGC ATC ACG GCT CTG TTG AAT GTC TCC TCG GAC TGC CCA AAC CAC TTT GAA GGA CAC TAT CAG TAC AAG TGC ATC CCG GTG GAA GAT AAC CAC AAG GCC GAC ATC AGC TCC TGG TTC ATG GAA GCC ATA GAG TAC ATC GAT GCC GTG AAG GAC TGC CGT GGG CGC GTG CTG GTG CAC TGC CAG GCG GGC ATC TCG CGC TCG GCC ACC ATC TGC CTG GCC TAC CTG ATG ATG AAG AAA CGG GTG AGG CTG GAG GAG GCC TTC GAG TTC GTT AAG CAG CGC CGC AGC ATT ATC TCG CCC AAC TTC AGC TTC ATG GGG CAG CTG CTG CAG TTC GAG TCC CAG GTG CTG GCC ACG TCC TGT GCT GCG --- --- GAG GCT GCT AGC CCC TCA GGA CCC CTG CGG GAG CGG GGC AAG ACC CCC GCC ACC CCC ACC TCG CAG TTC --- --- --- GTC TTC --- --- --- --- --- --- AGC TTT CCG GTC TCC GTT GGC GTG CAC TCG GCC CCC AGC AGC CTG CCC TAC CTG CAC --- --- --- --- --- --- --- AGC CCC ATC ACC ACC TCT --- --- --- --- --- --- --- --- --- --- --- --- --- CCC AGC TGT 
Danio rerio                                --- --- --- --- --- --- --- --- --- --- --- --- --- --- --- --- --- --- --- --- --- --- --- --- --- --- --- --- --- --- --- --- --- --- --- --- --- --- --- --- --- --- --- --- --- --- --- --- --- --- --- --- --- --- --- --- --- --- --- --- --- --- --- --- --- --- --- --- --- --- --- --- --- --- --- --- --- --- --- --- --- --- --- ATG GTC ACA ATG GAC GAA CTT TGC GAA ATG GAC TGC AGC GTT TTG AAG AGG CTG ATG AAG GAC GAC --- --- --- --- --- --- --- --- --- --- --- --- --- --- --- --- --- --- --- --- --- --- --- GGA GCG AAA TGT CTG CTT CTG GAT TGC AGG TCG TTT CTG GCG TTC AGC GCC GGA CAT CTC CGC GGT GCC GTT AAT ATT CGC TGT AAC ACG ATC GTT CGG AGG CGA GCG AAA GGC TCC GTG AGT TTG GAC CAG ATT TTG TCT GGG GAC GAT GAA GCG AGA AGC CGC TTG AAA TCG GGG CTT TAC TCC GCC GTG ATC CTG TAC GAC GAG CGG AGC TCC GAT ACA AAC ACC ATG AAA GAC GAC AGC ACA ATC ACA CTG GTA CAC AAC GCG CTG TGT AGG GAT ACT TTT AGC ACG GAA GTC TAT CTG CTG AAA GGG GGC TAT GAC AGA TTT TCC ACA CAA TAT CCA GAC TAC TGT TTG AAA ACC AGA ACA CTC TCC GTG --- --- --- --- --- --- TCC AGT TCT CAG TCC AGT ATG GAG AGC AGC TGC CTG TCC TGC GCG ACT CCT CAA CAC GAC CAG GGT GGT CCC GTG GAA ATC CTC CCC --- TTT TTG TTC CTT GGC AGT GCT CTC CAT GCG TCT AAA AAG GAT ATG CTG GAT CGT ATG GGC ATT TCA GCC CTT TTG AAT GTA TCT TCA AAC TGT CCC AAT CAT TTC GAA GGA GAC TAT CAG TAC AAG TGT ATC CCG GTG GAA GAC AAC CAT AAA GAG GAC ATC AGC TCC TGG TTT ATC GAA GCC ATC GAA TTC ATA GAC TCC GTC AAG GAT TCC AAC GGT CGC GTT CTG GTC CAC TGT CAG GCT GGC ATC TCT CGC TCT GCC ACC ATC TGC CTG GCG TAC CTG ATG AAA AAG AAG CGG GTG CGT CTG GAG GAG GCC TTT GAG TTT GTC AAG CAG CGG CGC AGC ATC ATC TCC CCA AAC TTC AGC TTT ATG GGT CAA CTC CTG CAG TTC GAG TCT CAG GTG CTC GCA ACG TCC TGC TCC GTT --- --- GAG GCC GCC AGT CCT TCC GCC AGC CTT GGC CCA --- --- AAG TCT TCC TCT ACC CCG ACA TCA CCC TTC --- --- --- ATC TTC --- --- --- --- --- --- AGC TTC CCA ATG TCA GTG GTG ACC CAC AAC CAG CCC GGC AGC CTC ACA TAC TTA CAG --- --- --- --- --- --- --- AGT CCC ATC ACA ACC TCG --- --- --- --- --- --- --- --- --- --- --- --- --- CCG AGC TGC 
Gallus gallus                              --- --- --- --- --- --- --- --- --- --- --- --- --- --- --- --- --- --- --- --- --- --- --- --- --- --- --- --- --- --- --- --- --- --- --- --- --- --- --- --- --- --- --- --- --- --- --- --- --- --- --- --- --- --- --- --- --- --- --- --- --- --- --- --- --- --- --- --- --- --- --- --- --- --- --- --- --- --- --- --- --- --- --- ATG GTG GCC CCC GAG GGG CTG CGG GAG ATG GAG GGC AGC GCG CTG CGG CGC CTG GTG GGA CGG GAG GAG GCG AGC GGC --- --- --- --- --- --- --- --- --- --- --- --- --- --- --- --- --- --- --- --- GGG CGC TGC CTG CTG CTG GAC TGC CGG CCC TTC CTG GCG CAC AGC GCC GGC CAC ATC CGC GGG GCT CTC AAC GTG CGC TGC AAC ACC ATC GTC AGG CGG CGG GCC AAG GGA GCC GTC AGC CTG GAG CAG ATC CTG CCG GCC GAG GGC GAG GTG CGG GCG CGG CTG CGC GCC GGG CTC TAC ACC GCC GTG GTG CTG TAC GAC GAG CGC AGC CCC CGC GCG GAG GCC CTG CGG GAC GAC AGC ACC GTG GCC CTC GTG CTG CGC GCG CTC CGG CGC GAC ATG GCG CGC GCC GAC ATC CGG CTG CTG GCA GGA GGT TAT GAG CGT TTT GCC TCA GAG TAT CCC GAA TTC TGT GCT AAA ACC AAG ACC CTG AGC AGC ATT TCG --- --- --- CCC CCC AGC AGT GCC GAG TCC CTG GAT TTG GGC TTC AGT TCA TGT GGG ACC CCC CTT CAT GAC CAG GGC GGC CCT GTG GAA ATC CTT CCC --- TTC CTC TAC CTT GGC AGC GCC TAC CAC GCG GCC CGG CGG GAC ATG CTG GAT GCA CTG GGC ATC ACA GCC CTG CTG AAC GTC TCA TCC GAC TGC CCC AAC CAC TTC GAG GGG CAC TAC CAG TAC AAG TGC ATC CCT GTG GAA GAC AAC CAC AAA GCC GAC ATC AGC TCC TGG TTC ATG GAG GCG ATT GAG TAC ATC GAC TCA GTG AAA GAG TGC TGC GGC CGA GTC CTT GTC CAC TGC CAG GCC GGC ATC TCC CGC TCG GCC ACC ATC TGC CTG GCC TAC CTG ATG ATG AAG AAG CGC GTC AAG CTG GAA AAG GCC TTC GAG TTC GTC AAG CAG CGC CGG AGC ATC ATC TCT CCT AAC TTC AGC TTC ATG GGG CAG CTG CTG CAG TTC GAG TCG CAG GTY TTG GCC ACC TCG TGC GCA GTG --- --- GAA GCT GCC AGC CCC TCA GGG ACA CTG CGG GAG CGG GGC AAG GCC ACT TCT ACC CCT ACC TCC CAG TTT --- --- --- GTC TTC --- --- --- --- --- --- AGC TTC CCC GTC TCC GTC GGT GTC CAC GCC ACC CCC AGC AGC CTC CCA TAC CTG CAC --- --- --- --- --- --- --- AGC CCC ATC ACC ACG TCA --- --- --- --- --- --- --- --- --- --- --- --- --- CCC AGC TGT 
Homo sapiens                               --- --- --- --- --- --- --- --- --- --- --- --- --- --- --- --- --- --- --- --- --- --- --- --- --- --- --- --- --- --- --- --- --- --- --- --- --- --- --- --- --- --- --- --- --- --- --- --- --- --- --- --- --- --- --- --- --- --- --- --- --- --- --- --- --- --- --- --- --- --- --- --- --- --- --- --- --- --- --- --- --- --- --- ATG GTG ACG ATG GAG GAG CTG CGG GAG ATG GAC TGC AGT GTG CTC AAA AGG CTG ATG AAC CGG GAC GAG AAT GGC GGC --- --- --- --- GGC GCG GGC GGC AGC GGC AGC CAC GGC ACC CTG GGG CTG CCG AGC GGC GGC AAG TGC CTG CTG CTG GAC TGC AGA CCG TTC CTG GCG CAC AGC GCG GGC TAC ATC CTA GGT TCG GTC AAC GTG CGC TGT AAC ACC ATC GTG CGG CGG CGG GCT AAG GGC TCC GTG AGC CTG GAG CAG ATC CTG CCC GCC GAG GAG GAG GTA CGC GCC CGC TTG CGC TCC GGC CTC TAC TCG GCG GTC ATC GTC TAC GAC GAG CGC AGC CCG CGC GCC GAG AGC CTC CGC GAG GAC AGC ACC GTG TCG CTG GTG GTG CAG GCG CTG CGC CGC AAC GCC GAG CGC ACC GAC ATC TGC CTG CTC AAA GGC GGC TAT GAG AGG TTT TCC TCC GAG TAC CCA GAA TTC TGT TCT AAA ACC AAG GCC CTG GCA GCC ATC CCA CCC CCG GTT CCC CCC AGT GCC ACA GAG CCC TTG GAC CTG GGC TGC AGC TCC TGT GGG ACC CCA CTA CAC GAC CAG GGG GGT CCT GTG GAG ATC CTT CCC --- TTC CTC TAC CTC GGC AGT GCC TAC CAT GCT GCC CGG AGA GAC ATG CTG GAC GCC CTG GGC ATC ACG GCT CTG TTG AAT GTC TCC TCG GAC TGC CCA AAC CAC TTT GAA GGA CAC TAT CAG TAC AAG TGC ATC CCA GTG GAA GAT AAC CAC AAG GCC GAC ATC AGC TCC TGG TTC ATG GAA GCC ATA GAG TAC ATC GAT GCC GTG AAG GAC TGC CGT GGG CGC GTG CTG GTG CAC TGC CAG GCG GGC ATC TCG CGG TCG GCC ACC ATC TGC CTG GCC TAC CTG ATG ATG AAG AAA CGG GTG AGG CTG GAG GAG GCC TTC GAG TTC GTT AAG CAG CGC CGC AGC ATC ATC TCG CCC AAC TTC AGC TTC ATG GGG CAG CTG CTG CAG TTC GAG TCC CAG GTG CTG GCC ACG TCC TGT GCT GCG --- --- GAG GCT GCT AGC CCC TCG GGA CCC CTG CGG GAG CGG GGC AAG ACC CCC GCC ACC CCC ACC TCG CAG TTC --- --- --- GTC TTC --- --- --- --- --- --- AGC TTT CCG GTC TCC GTG GGC GTG CAC TCG GCC CCC AGC AGC CTG CCC TAC CTG CAC --- --- --- --- --- --- --- AGC CCC ATC ACC ACC TCT --- --- --- --- --- --- --- --- --- --- --- --- --- CCC AGC TGT 
Mus musculus                               --- --- --- --- --- --- --- --- --- --- --- --- --- --- --- --- --- --- --- --- --- --- --- --- --- --- --- --- --- --- --- --- --- --- --- --- --- --- --- --- --- --- --- --- --- --- --- --- --- --- --- --- --- --- --- --- --- --- --- --- --- --- --- --- --- --- --- --- --- --- --- --- --- --- --- --- --- --- --- --- --- --- --- ATG GTG ACG ATG GAG GAA CTG CGG GAG ATG GAC TGC AGC GTG CTC AAA AGG CTG ATG AAC CGG GAT GAG AAC GGC GGC GGC GGC AGC GCG GGC GGC AAC GGC AGC GGC AGC CAC GGC GCC TTG GGG CTG CTG AGC GGC GGC AAG TGC CTG CTG CTG GAC TGC AGG CCG TTT CTG GCT CAC AGC GCG GGC TAC ATC CGA GGC TCG GTG AAC GTG CGC TGC AAT ACC ATC GTG CGG CGG AGG GCC AAG GGC TCC GTG AGC CTG GAG CAG ATC CTG CCC GCC GAG GAA GAG GTG CGT GCC CGC CTG CGC TCT GGC CTC TAC TCG GCT GTC ATC GTC TAC GAC GAG CGC AGC CCG CGC GCC GAG AGT CTC CGG GAG GAC AGC ACG GTG TCG CTG GTC GTG CAG GCG TTG CGC CGG AAC GCG GAG CGC ACG GAC ATC TGC CTG CTT AAA GGT GGC TAT GAG AGG TTT TCT TCT GAA TAC CCA GAA TTC TGC TCT AAA ACC AAG GCC CTG GCC GCC ATC CCA CCC CCT GTA CCT CCC AGC ACC AAT GAG TCC TTG GAC CTG GGC TGC AGC TCC TGT GGA ACC CCG CTG CAC GAC CAG GGG GGC CCC GTG GAA ATC CTC CCT --- TTC CTC TAC CTC GGC AGT GCC TAC CAT GCT GCC CGC AGG GAC ATG TTG GAT GCC CTG GGG ATC ACG GCC CTC CTG AAT GTC TCT TCA GAC TGT CCC AAT CAC TTT GAG GGT CAT TAC CAG TAC AAG TGC ATC CCC GTC GAA GAC AAC CAC AAG GCC GAC ATC AGC TCC TGG TTC ATG GAA GCC ATC GAG TAC ATC GAC GCA GTA AAG GAC TGT CGA GGG CGA GTG CTG GTT CAC TGC CAG GCC GGC ATC TCC CGA TCA GCC ACC ATC TGC CTG GCC TAC CTG ATG ATG AAG AAG CGG GTG AGG CTG GAG GAG GCT TTT GAG TTC GTC AAG CAG CGC CGA AGC ATC ATC TCG CCC AAC TTC AGC TTC ATG GGC CAG TTG CTG CAG TTT GAG TCT CAG GTG CTC ACC ACG TCC TGC GCC GCC --- --- GAG GCT GCC AGC CCT TCT GGG CCC CTT CGG GAG AGG GGA AAG GCC ACC CCG ACC CCC ACC TCG CAG TTC --- --- --- GTC TTC --- --- --- --- --- --- AGC TTC CCT GTG TCT GTG GGC GTG CAC GCG GCC CCC AGT AAC CTG CCG TAC CTG CAC --- --- --- --- --- --- --- AGC CCC ATC ACC ACC TCC --- --- --- --- --- --- --- --- --- --- --- --- --- CCC AGC TGT 
Rattus norvegicus                          --- --- --- --- --- --- --- --- --- --- --- --- --- --- --- --- --- --- --- --- --- --- --- --- --- --- --- --- --- --- --- --- --- --- --- --- --- --- --- --- --- --- --- --- --- --- --- --- --- --- --- --- --- --- --- --- --- --- --- --- --- --- --- --- --- --- --- --- --- --- --- --- --- --- --- --- --- --- --- --- --- --- --- ATG GTG ACG ATG GAG GAA CTG CGG GAG ATG GAC TGC AGC GTG CTC AAA AGG CTG ATG AAC CGA GAT GAG AAC GGC GGC --- --- --- ACG GCG GGC AGC AGC GGC GGC AGC CAC GGC GCC CTG GGG CTG CTG AGC GGC GGC AAG TGC TTG CTG CTG GAC TGC AGG CCG TTT CTG GCT CAC AGC GCG GGC TAC ATC CGA GGC TCG GTG AAC GTG CGC TGC AAT ACC ATC GTG CGG CGG AGG GCC AAG GGC TCC GTG AGC CTG GAG CAG ATT CTG CCC GCC GAG GAA GAG GTG CGC GCC CGC CTG CGC TCT GGC CTC TAC TCG GCT GTC ATC GTC TAC GAT GAG CGC AGC CCG CGC GCC GAG AGT CTC CGG GAG GAC AGC ACA GTG TCG CTG GTC GTG CAG GCG TTG CGC CGG AAC GCG GAG CGC ACA GAC ATC TGC CTG CTT AAA GGT GGC TAT GAG AGG TTT TCT TCT GAG TAC CCA GAA TTC TGC TCT AAA ACT AAG GCC CTG GCC GCC ATC CCA CCC CCC GTA CCT CCC AGC ACA AAT GAG TCC TTG GAT CTG GGC TGC AGC TCC TGT GGG ACC CCA CTG CAC GAC CAG GGG GGT CCT GTG GAG ATC CTT CCT --- TTC CTC TAC CTC GGC AGT GCC TAC CAC GCT GCC CGC AGG GAC ATG CTT GAT GCC CTG GGG ATC ACG GCT CTA CTG AAT GTC TCC TCA GAC TGC CCC AAT CAC TTT GAG GGA CAT TAC CAG TAC AAG TGC ATC CCG GTA GAA GAT AAC CAC AAG GCT GAC ATC AGC TCC TGG TTC ATG GAA GCC ATC GAA TAC ATA GAC GCA GTG AAG GAC TGC CGA GGG CGA GTG CTG GTT CAC TGC CAG GCC GGC ATC TCT AGA TCA GCC ACC ATC TGC CTG GCC TAC CTG ATG ATG AAG AAA CGG GTG AGG CTG GAG GAG GCT TTC GAG TTC GTC AAG CAG CGC CGT AGC ATC ATC TCG CCC AAC TTC AGC TTC ATG GGC CAG TTG CTG CAG TTC GAG TCT CAG GTG CTC ACC ACG TCC TGC GCA GCG --- --- GAG GCC GCC AGC CCT TCC GGG CCC CTG CGG GAG AGG GGG AAG GCC ACT CCC ACC CCC ACC TCG CAG TTC --- --- --- GTC TTC --- --- --- --- --- --- AGC TTC CCC GTG TCC GTG GGT GTG CAC GCG GCT CCC AGT AAC CTG CCG TAC CTG CAC --- --- --- --- --- --- --- AGC CCC ATC ACC ACC TCC --- --- --- --- --- --- --- --- --- --- --- --- --- CCC AGC TGT 
Canis lupus familiaris                     ATG GCA GGA GGC GGG GCC TCG GAG GTA GTA ATG CCG CGG CCC CCT CCC GGG GGA GCG CAG AGG AGC CTT AAT ACG GTG GCG GCC CGG GAC GGA ACT CCG GCC GCG GCC GTG CGC GCA GCT CCG GCT GTC GGT GGG GAG CGG CGC CGG CAC CGC GGG CGA AAT ACA ATA GAG GCC GGG GCA GGG GGA GCC CGC GGT CCT CTC CCC CCG GCC GGC CCA GGT GTC CTT CGC CCC CTC GCG CGC CCG GCG ACC ATG GTG ACG GTG GAG GAG CTG CGG GAG ATG GAC TGC AGC GTG CTC AAA AGG CTG ATG AAC CGG GAG GAG AGC GGT GGC --- --- --- --- GGC GCG GGC GGC GGC GGC AGC CAC GGC GCC CTG GGG CTG CTG AGC GGC GGC AAG TGC CTG CTG CTG GAC TGC AGA CCG TTC CTG GCG CAC AGC GCG GGC TAC ATC CGA GGC TCG GTC AAC GTG CGC TGC AAC ACC ATC GTG CGG CGG CGG GCC AAG GGC TCT GTG AGC CTG GAG CAG ATC CTG CCC GCC GAG GAG GAG GTG CGC GCC CGC CTG CGC TCC GGC CTC TAC TCC GCG GTC ATC GTC TAC GAC GAG CGC AGC CCG CGC GCC GAG AGC CTC CGC GAG GAC AGC ACC GTG TCG CTG GTG GTG CGG GCG CTG CGC CGC AAC GCC GAG CGC ACC GAC ATC TGC CTC CTC AAA GGT GGT TAT GAG AGG TTT TCC TCC GAG TAC CCA GAA TTC TGT TCC AAA ACC AAG GCC CTG GCA GCC ATC CCC CCT GCT GTG CCC GCC AGC ACA GCG GAA TCC TTG GAC GTG GGC TGC AGC TCC TGT GGA ACC CCC CTG CAC GAC CAG GGG GGT CCG GTG GAG ATC CTT CCC --- TTC CTC TAC CTT GGC AGT GCC TAC CAC GCT GCC CGG AGG GAC ATG CTG GAT GCC CTG GGG ATC ACG GCC CTG TTG AAC GTC TCC TCT GAC TGC CCA AAC CAC TTT GAA GGA CAC TAT CAG TAC AAG TGT ATC CCG GTG GAA GAC AAC CAC AAG GCA GAC ATC AGC TCC TGG TTC ATG GAA GCC ATC GAG TAC ATC GAT GCG GTG AAG GAC CGG CGC GGC TGC GTG CTG GTG CAC TGC CAG GCG GGC ATC TCG CGC TCG GCC ACC ATC TGC CTG GCC TAC CTG ATG ATG AAG AAG CGG GTG CGG CTG GAG GAG GCC TTC GAG TTC GTC AAG CAG CGG CGG AGC ATC ATC TCG CCC AAC TTC AGC TTC ATG GGG CAG CTG CTG CAG TTC GAG TCC CAG GTC CTG GCC ACG TCC TGC GCC GCC --- --- GAG GCC GCC AGC CCC TCG GGG CCC CTG CGC GAG CGC GGC CAG GCC ACC CCC ACG CCC ACG TCG CAG TTC --- --- --- GTG TTC --- --- --- --- --- --- AGC TTC CCG GTG TCG GTG GGC GTG CAC GCG GCC CCC AGC AGC CTG CCC TAC CTG CAC --- --- --- --- --- --- --- AGC CCC ATC ACC ACC TCC --- --- --- --- --- --- --- --- --- --- --- --- --- CCC AGC TGC 



Printing out site pattern counts


         7       1098  P

Pan troglodytes                             --- --- --- --- --- --- --- --- --- --- --- --- --- --- --- --- --- --- --- --- --- --- --- --- --- --- --- --- --- --- --- --- --- --- --- --- --- --- AAA AAA AAA AAA AAC AAC AAC AAC AAC AAC AAC AAG AAG AAG AAG AAG AAG AAG AAT ACA ACC ACC ACC ACC ACC ACC ACC ACC ACC ACC ACC ACC ACG ACG ACG AGA AGA AGC AGC AGC AGC AGC AGC AGC AGC AGC AGG AGG AGG AGT AGT ATA ATC ATC ATC ATC ATC ATC ATC ATC ATG ATG ATG ATG ATG ATT CAC CAC CAC CAC CAC CAC CAC CAG CAG CAG CAG CAT CCA CCA CCA CCA CCC CCC CCC CCC CCC CCC CCC CCC CCC CCC CCC CCC CCC CCC CCG CCG CCG CCG CCG CCG CCT CGA CGC CGC CGC CGC CGC CGC CGC CGC CGC CGC CGC CGC CGC CGC CGG CGG CGG CGG CGG CGG CGG CGG CGG CGT CTA CTA CTC CTC CTC CTC CTC CTC CTG CTG CTG CTG CTG CTG CTG CTG CTG CTG CTG CTG CTG CTG CTG CTG CTG CTG CTG CTT GAA GAA GAA GAA GAC GAC GAC GAC GAC GAC GAC GAC GAC GAC GAG GAG GAG GAG GAG GAG GAG GAG GAG GAG GAG GAG GAG GAG GAG GAG GAT GAT GCA GCC GCC GCC GCC GCC GCC GCC GCC GCC GCC GCC GCC GCC GCC GCC GCC GCC GCC GCC GCG GCG GCG GCG GCG GCG GCT GCT GCT GCT GCT GCT GCT GGA GGA GGC GGC GGC GGC GGC GGC GGC GGC GGC GGC GGC GGC GGC GGC GGC GGC GGC GGC GGG GGG GGG GGG GGG GGT GGT GTA GTC GTC GTC GTC GTC GTC GTG GTG GTG GTG GTG GTG GTG GTG GTG GTG GTG GTG GTG GTG GTT GTT GTT TAC TAC TAC TAC TAC TAT TAT TCA TCC TCC TCC TCC TCC TCC TCC TCC TCC TCC TCG TCG TCG TCG TCG TCG TCG TCG TCG TCT TCT TGC TGC TGC TGC TGC TGC TGC TGC TGC TGG TGT TGT TGT TGT TTC TTC TTC TTC TTC TTC TTC TTG TTG TTG TTT TTT TTT
Danio rerio                                 --- --- --- --- --- --- --- --- --- --- --- --- --- --- --- --- --- --- --- --- --- --- --- --- --- --- --- --- --- --- --- --- --- --- --- --- --- --- AAA AAA AAG AAG --- AAC AAC AAG AAT AAT GAT AAA AAA AAA AAG AAG AAG AGA AAT CAG --- ACA ACA ACA ACC ACC ACC ACC ACG ACG ACT TCT ACA ACG TCA AAG AGG --- --- ACC AGC AGC AGT AGT CTG GGC AGA AGG CGT AGC AGT ATC --- ATA ATC ATC ATT ATT CTC GTC AAA ATC ATG ATG ATG ATC --- CAC CAC CAG CAT GAC TTC AAC CAA CAG CCC CAT --- CCA CCC CCT --- --- ACA AGC AGT CCA CCC CCC CCG CCG CCT TCC TCC TCT --- --- CCA CCG TCC TCG CCC CGC AAA AAA AGA AGC AGG CGC CGC CGC CGC CGC CGG CGG GAT TGT --- AAA AGG CGA CGG CGG GAC GGC TGC AAC CAA CTG ATG CTG CTT CTT TTG TTG --- --- AGC ATG CTC CTC CTC CTC CTG CTG CTG CTG CTG CTG CTT CTT CTT TTA TTG CTC GAA GAA GAA GAC AAC GAA GAC GAC GAC GAC GAG GAT GAT GAT --- AAC CAA CCA GAA GAA GAA GAA GAC GAC GAG GAG GAG GAT TCC TTT GAC GAC TCC ACA ACA ACT AGC CAG CGT GAG GCA GCC GCC GCC GCG GCT GGG GTG TCC TCT TCT TCT --- GCC GCC GCG GCT GTT GCC GCC GCC GCG GCG GCG TCC GCC GGA --- --- --- --- --- --- --- AGC GCG GGA GGA GGC GGC GGC GGC GGG GGG GTG --- GCG GGT GGT GGT GGT GGT GCG ATC ATG CTG GTA GTG GTT ACC ATC ATT CAC GTA GTC GTC GTC GTG GTG GTG GTG GTT GTT --- GTC GTG CAT CTC TAC TAT TTC TAT TAT TCC ACA TCA TCC TCC TCC TCC TCC TCG TCT TCT AAC ACA GCC TCA TCA TCC TCC TCT TCT TCG TTG TAT TCC TGC TGC TGC TGT TGT TGT TGT TGG TGC TGC TGC TGT TAC TTC TTC TTC TTT TTT TTT ATG TTG TTG TTC TTC TTT
Gallus gallus                               --- --- --- --- --- --- --- --- --- --- --- --- --- --- --- --- --- --- --- --- --- --- --- --- --- --- --- --- --- --- --- --- --- --- --- --- --- --- AAA GCA AAG CGG GCG AAC AAC GGA AAC AAC GAC AAA AAG CGC AAA AAG AAG AAG AAC GCC --- ACC ACC ACC ACC ACC ACC ACG ACC GCC ACC GCC GCC ACC ACA CGG CGG --- --- GCC AGC AGC AGC AGC AGT AGC CGT CGC AAG AGC AGC ATT ATT ATC ATC GTG ATC ATC ATC ATC ATG ATG ATG CCC GTG ATC --- CAC CAT CAC CAC CAC CAC CGC CAG CAG CAG CAC TCG CCC CCC CCC --- CCC CCA ACA TCC CCT CCC CCC CCC CCT CCC ACT CCC CCG --- --- CCC CCT CCC CCC CCT CGC CGC CGG CGG CGC CGC CGA CGC CGC CGG CGG CGC CGC CGC CGG CGG CGG CGG CGG AGG CGC CGG CGG CGG TGC CTT CTG CTG CTG CTC CTT CTC CTG --- --- TTG CTG CTC CTG CTG TTG CTC CTC CTG CTG CTG CTT CTG CTG CTG CTG CTG CTT GAA GAG GAG GAA GAC GAC GAC GAC GAG GAG GAT GAC GAG GAT GAG GAG GAG GAG GAA GAG GAG GGG GAC GAG AAG GAA GAG GGC GAG GCG GAC GAC AGC ACC GCG ATG GCG ACC GCA GCC GCC GCC GCC GCG GCC GCC GCC AGC TCA AGT GCC TCT --- GCC GCC GCG GCC GTG GCC GCC GCT GCC GCG GCG GCA GGG GGG --- --- --- --- AGC GGC GGC GGC GGG --- GGC GGA GGC GGC GGT GGA GGG GGT --- GGG GGC GGC GGG GGC GGG GTG GTC GTC CTG GTC GTG CTC GTC GTG GTG CTG GTG GTC GTG GTG GTC GTG GTG GTY GCG GTC --- GTC GTC CAC TAC TAC TAT TAC TAC TAT TCA TCA TCC GCC GCC TCA TCC TCG GCC TCA TCG GCC GCC GCT TCC TCC ACC TCT TCC TCG TCA GCT CGG TGC GGC TGC TTC TGC TGC TGC TGC TGG TGC TGT TGT TGT TTC TTC TTC TTT TTC TTC TTC CTG CTG CTG TTC TTC TTT
Homo sapiens                                --- --- --- --- --- --- --- --- --- --- --- --- --- --- --- --- --- --- --- --- --- --- --- --- --- --- --- --- --- --- --- --- --- --- --- --- --- --- AAA AAA AAA AAA AAT AAC AAC AAC AAC AAC AAC AAG AAG AAG AAG AAG AAG AAG AAT ACA ACC ACC ACC ACC ACC ACC ACC ACC ACC ACC ACC ACC ACG ACG ACG AGA AGA AGC AGC AGC AGC AGC AGC AGT AGC AGC AGG AGG AGG AGT AGT ATA ATC ATC ATC ATC ATC ATC ATC ATC ATG ATG ATG ATG ATG ATC CAC CAC CAC CAC CAC CAC CAC CAG CAG CAG CAG CAT CCA CCA CCA CCA CCC CCC CCC CCC CCC CCC CCC CCC CCC CCC CCC CCC CCC CCC CCG CCG CCG CCA CCG CCG CCT CTA CGC CGC CGC CGC CGC CGC CGC CGG CGC CGC CGC CGC CGC CGC CGG CGG CGG CGG CGG CGG CGG CGG CGG CGT CTA CTG CTC CTC CTC CTC CTC CTC CTG CTG CTG CTG CTG CTG CTG CTG CTG CTG CTG CTG CTG CTG CTG CTG CTG CTG CTG CTT GAA GAA GAA GAA GAC GAC GAC GAC GAC GAC GAC GAC GAC GAC GAG GAG GAG GAG GAG GAG GAG GAG GAG GAG GAG GAG GAG GAG GAG GAG GAT GAT GCA GCC GCC GCC GCC GCC GCC GCC GCC GCC GCC GCC GCC GCC GCC GCC GCC GCC GCC GCC GCG GCG GCG GCG GCG GCG GCT GCT GCT GCT GCG GCT GCT GGA GGA GGC GGC GGC GGC GGC GGC GGC GGC GGC GGC GGC GGC GGC GGC GGC GGC GGC GGC GGG GGG GGG GGG GGG GGT GGT GTA GTC GTC GTC GTC GTC GTC GTG GTG GTG GTG GTG GTG GTG GTG GTG GTG GTG GTG GTG GTG GTT GTT GTG TAC TAC TAC TAC TAC TAT TAT TCG TCC TCC TCC TCC TCC TCC TCC TCC TCC TCC TCG TCG TCG TCG TCG TCG TCG TCG TCG TCT TCT TGC TGC TGC TGC TGC TGC TGC TGC TGT TGG TGT TGT TGT TGT TTC TTC TTC TTC TTC TTC TTC TTG TTG TTG TTT TTT TTT
Mus musculus                                --- --- --- --- --- --- --- --- --- --- --- --- --- --- --- --- --- --- --- --- --- --- --- --- --- --- --- --- --- --- --- --- --- --- --- AGC GCG GGC AAA AAA AAG AAA AAC AAC AAT AAC AAC AAT AAC AAG AAG AAG AAG AAG AAG AAG AAT AAT GCC ACC ACC ACG ACC ACC ACC ACC ACC ACG ACC GCC ACG ACG ACG AGG AGG AGC AGC AGT AAC AGC AGC AGC AGC AGT AGG AGG AGG AGC AGT ATC ATC ATC ATC ATC ATC ATC ATC ATC ATG ATG ATG ATG ATG ATC CAC CAC CAC CAC CAC CAT CAC CAG CAG CAG CAG CAT CCA CCA CCC CCG CCC CCT CCG CCC TCC CCC CCC CCT CCC CCC CCT ACC CCC CCC CCT CTG CCT CCC CCG CCG CCC CGA CGC CGG CGT CGC CGG CGA CGC CGA CGA CGC CGC CGC CGC CGC AGG CGC CGG AGG CGG CGG CGG CGG CGG CGA CTG TTG CTC CTT CTC CTC CTC CTC CTG TTG CTG CTG CTG CTG TTG CTC CTG TTG CTG CTG CTG CTG CTC CTG CTT CTG CTG CTC GAA GAA GAG GAA GAC GAC GAC GAC GAC GAT GAC GAC GAC GAT GAG GAG GAA GAG GAA GAG GAG GAA GAG GAG GAG GAG GAG GAA GAG GAG GAC GAC GCC GCC GCC GCG GCC GCC GCC GCC ACC GCC GCT GCC GCC GCC GCC GCC GCA ACC GCC CCG GGC GCG GCT GCT GCC GCC GCC GCC GCT GCC GCG GCT GCC GGG GGT AAC GGC GGC GGC GGC GGA GGC GGC GGC GGC GGC GGC GGC GGG GGC GGT GGC GGC GGG GGA GGG GGG GGC GGC GGC GTG GTC GTG GTC GTC GTC GTG GTG GTG GTG GTG GTC GTT GTA GTG GTG GTC GTG GTG GTG GTG GTA GTC GTG TAC TAC TAC TAC TAC TAC TAT TCT TCT TCT TCC TCT TCC TCC TCC TCT TCT TCT GCG TCG TCG TCA TCG TCG TCG TCC TCA TCC TCT TGC TGT TGC TGC TGC TGC TGC TGT TGC TGG TGC TGT TGT TGC TTC TTC TTT TTC TTC TTT TTT TTG CTG CTG TTC TTT TTT
Rattus norvegicus                           --- --- --- --- --- --- --- --- --- --- --- --- --- --- --- --- --- --- --- --- --- --- --- --- --- --- --- --- --- --- --- --- --- --- --- --- ACG --- AAA AAA AAA AAA AAC AAC AAT AAC AAC AAT AAC AAG AAG AAG AAG AAG AAG AAG AAT AAT GCC ACC ACC ACA ACC ACC ACT ACC ACC ACA ACC GCC ACG ACG ACG AGG AGG AGC GGC AGT AAC AGC AGC AGC AGC AGT AGG AGG AGG AGC AGT ATC ATC ATA ATC ATC ATC ATT ATC ATC ATG ATG ATG ATG ATG ATC CAC CAC CAC CAC CAC CAT CAC CAG CAG CAG CAG CAC CCA CCA CCC CCA CCC CCT CCG CCC TCC CCC CCC CCT CCC CCC CCT ACT CCC CCC CCC CTG CCC CCG CCG CCG CCT CGA CGC CGG CGC CGC CGG CGA CGC AGA CGT CGC CGC CGC CGC CGC AGG CGC CGG AGG CGG CGG CGA CGG CGG CGA CTG CTT CTC CTT CTC CTC CTC CTC CTG CTG CTG CTG CTG CTG TTG CTC CTG TTG CTG CTG TTG CTG CTA CTG CTG CTG CTG CTT GAA GAA GAG GAA GAC GAC GAC GAT GAC GAT GAT GAC GAC GAT GAG GAG GAG GAG GAG GAA GAG GAA GAG GAG GAG GAG GAG GAA GAG GAG GAC GAT GCC GCC GCC GCG GCC GCT GCC GCT ACC GCC GCT GCC GCC GCC GCC GCC GCA ACA GCC CCC GGC GCG GCT GCT GCC GCG GCC GCT GCC GCC GCG GCT GCA GGG GGA AGC AGC GCG GGC GGC GGG GGC GGC GGC GGC GGC GGC GGC GGG GGC GGT GGC GGT GGG GGG GGG GGG GGC GGT GGC GTG GTC GTG GTC GTC GTC GTG GTG GTG GTG GTG GTC GTT GTG GTG GTG GTA GTG GTG GTG GTG GTA GTC GTG TAC TAC TAC TAC TAC TAC TAT TCC TCT TCC TCC TCT TCC TCC TCC TCT TCC TCT GCG TCG TCG TCA TCG TCG TCG TCT TCA TCC TCT TGC TGC TGC TGC TGC TGC TGC TGC TGC TGG TGC TGT TGT TGC TTC TTC TTC TTC TTC TTC TTT TTG CTG CTG TTC TTT TTT
Canis lupus familiaris                      --- AAT ACA ACC ACG ACT AGC AGG ATA ATG CAC CAG CCA CCC CCG CCT CGA CGC CGG CTC CTT GAC GAG GCA GCC GCG GCT GGA GGC GGG GGT GTA GTC GTG TCG --- --- --- AAA AAA AAG AAA AGC AAC AAC AAC AAC AAC AAC AAG AAG AAG AAG AAG CAG AAG AAC GCG GCC ACC ACG ACC ACC ACG ACC ACC ACC ACC ACC GCC ACG ACG ACG AGG AGA AGC GGC AGC AGC AGC AGC AGC AGC AGC AGG AGG CGG AGC AGT ATC ATC ATC ATC ATC ATC ATC ATC ATC ATG ATG ATG GTG ATG ATC CAC CAC CAC CAC CAC CAC CAC CGG CAG CAG CAG CAC CCC CCA CCA CCC CCT CCC CCC CCC TCC CCC CCC CCC CCC CCC CCC ACC GCC CCC GCT CTG CCG CCG CCG CCG CCG CGA CGC CGC CGC CGC CGC TGC CGC CGC CGG CGC CGC CGG CGC CGC CGC CGG CGG CGG CGG CGG CGG CGC CGG CGC CTG CTG CTC CTC CTC CTT CTC CTC CTG CTG GTG CTG CTG CTG CTG CTG CTG CTG CTC CTG CTG CTG CTG CTG CTG CTG CTG CTT GAA GAA GAA GAA GAC GAC GAC GAC GAC GAG GAC GAC GAC GAT GAG GAG GAG GAG GAG GAG GAG GAG GAG GAG GAG GAG GAG GAG GAA GAG GAT GAC GCA GCC GCC GCC GCC GCC GCC GCA GCC GCC GCC GCC GCC GCC GCC GCC GCG ACA GCC CCC GCG GCG GCG GCG GCG GCC GCC GCC GCC GCC GCG GCT GCC GGG GGA GGC GGC GGC GGC GGT GGC GGC GGC GGC GGC GGC GGC GGC GGG GGT GGT GGC GGC GGG GGA GGC GGG GGG GGT GGC GTG GTG GTG GTC GTC GTC GTC GTG GTG GTG GTG GTG GTG GTG GTG GTG GTG GTG GTC GTG GTG GTG GTC GTG TAC TAC TAC TAC TAC TAT TAT TCG TCC TCG TCT TCC TCC TCC TCC TCC TCC TCC GCG TCG TCG TCT TCG TCC TCG TCG TCG TCC TCC TGC CGG TGC TGC TGC TGC TGT TGC TGC TGG TGC TGC TGT TGT TTC TTC TTC TTC TTC TTC TTC TTG CTG TTG TTC TTT TTT



   32    2    1    1    1    1    1    1    1    2    1    1    1    4    5
    2    1    6    4    2    2    1    3    3    7    5    2    4    2    6
    3    2    2    2    1    1    1    2    1    1    1    1    1    2    1
    1    1    1    1    1    1    1    1    3    1    1    1    1    1    1
    1    1    1    1    1    1    1    1    1    1    1    1    1    1    1
    2    1    1    1    8    3    1    1    1    1    1    1    1    1    1
    1    1    8    1    1    1    1    1    1    1    5    1    1    1    1
    2    1    1    2    1    1    1    1    7    1    1    1    1    1    1
    1    1    1    1    1    1    2    1    1    1    1    1    1    1    1
    1    1    1    1    1    1    1    1    1    1    1    1    1    1    1
    1    1    1    1    1    1    1    1    1    1    1    1    1    1    1
    1    1    1    1    1    1    1    1    1    1    1    1    1    1    1
    1    1    1    1    1    7    1    1    1    2    1    1    2    1    1
    1    1    1    1    1    3    1    1    1    1    2    1    1    1    1
    1    1    1    1    2    1    1    4    1    2    3    1    1    1    1
    1    1    1    1    1    1    1    1    1    1    1    1    1    1    1
    1    1    1    1    1    1    1    1    1    1    1    1    1    1    1
    1    1    1    1    1    1    1    1    1    2    1    1    1    1    1
    1    1    1    2    1    1    1    1    1    1    1    1    1    1    1
    1    1    1    1    1    1    1    1    1    1    1    1    1    1    1
    1    2    1    1    1    1    2    1    1    1    1    1    5    1    2
    1    1    1    1    1    1    1    1    1    1    1    1    1    1    1
    1    1    1    1    1    1    1    1    1    1    1    1    2    1    2
    1    1    1    1    1    1    1    1    1    2    1    1    4    1    1
    1    1    1    1    1    1

CODONML (in paml version 4.4b, July 2010)  torun.nuc
Model: One dN/dS ratio for branches Global clock 
Codon frequency model: F3x4
ns =   7  ls = 513

Codon usage in sequences
--------------------------------------------------------------------------------------------------------------
Phe TTT  3  8  2  3  5  3 | Ser TCT  2  9  2  2  8  6 | Tyr TAT  2  4  2  2  1  1 | Cys TGT  4  7  3  5  4  2
    TTC 11  9 13 11  9 11 |     TCC 10 16  6 10  7  9 |     TAC 10  6  9 10 11 11 |     TGC 11  8 10 10 11 13
Leu TTA  0  1  0  0  0  0 |     TCA  1  4  6  0  2  2 | *** TAA  0  0  0  0  0  0 | *** TGA  0  0  0  0  0  0
    TTG  3  7  2  3  5  4 |     TCG  9  3  4 10  5  5 |     TAG  0  0  0  0  0  0 | Trp TGG  1  1  1  1  1  1
--------------------------------------------------------------------------------------------------------------
Leu CTT  1  6  4  1  2  3 | Pro CCT  1  2  4  1  5  4 | His CAT  1  4  1  1  2  1 | Arg CGT  1  2  1  1  1  1
    CTC  6  7  6  6  8  6 |     CCC 15  6 14 15 12 13 |     CAC  9  4  9  9  8  9 |     CGC 14  6 13 13  9 10
    CTA  2  0  0  2  0  1 |     CCA  4  4  1  5  2  3 | Gln CAA  0  3  0  0  0  0 |     CGA  1  1  1  0  5  4
    CTG 27 16 28 28 25 26 |     CCG  6  3  1  5  5  4 |     CAG 10 10  9 10 10 10 |     CGG  9  4 16 10  8  7
--------------------------------------------------------------------------------------------------------------
Ile ATT  1  3  2  0  0  1 | Thr ACT  0  2  1  0  0  2 | Asn AAT  1  3  0  2  4  4 | Ser AGT  2  6  2  3  3  3
    ATC 15 14 14 16 17 15 |     ACC 12  6 12 12 11  8 |     AAC  8  8  6  7  8  7 |     AGC 19 15 19 18 18 18
    ATA  1  1  0  1  0  1 |     ACA  1  9  2  1  0  3 | Lys AAA  4  9  3  4  3  4 | Arg AGA  2  3  0  2  0  1
Met ATG  9 11  8  9  9  9 |     ACG  3  3  1  3  5  4 |     AAG  9  9  9  9 10  9 |     AGG  3  4  1  3  7  7
--------------------------------------------------------------------------------------------------------------
Val GTT  3  5  0  2  1  1 | Ala GCT  7  2  3  6  5  7 | Asp GAT  2  7  2  2  2  5 | Gly GGT  2  5  2  2  2  3
    GTC  6  5 11  6  7  6 |     GCC 19 10 24 19 22 18 |     GAC 13 16 12 13 13 10 |     GGC 20  7 12 20 22 17
    GTA  1  2  0  1  2  2 |     GCA  1  1  3  1  1  2 | Glu GAA  4  9  5  4  7  6 |     GGA  2  3  3  2  2  1
    GTG 16  9 12 17 16 17 |     GCG  6  8  9  7  5  6 |     GAG 23  8 20 23 20 21 |     GGG  5  3  8  5  5  7
--------------------------------------------------------------------------------------------------------------

--------------------------------------------------
Phe TTT  2 | Ser TCT  2 | Tyr TAT  2 | Cys TGT  3
    TTC 12 |     TCC 12 |     TAC 10 |     TGC 12
Leu TTA  0 |     TCA  0 | *** TAA  0 | *** TGA  0
    TTG  2 |     TCG  9 |     TAG  0 | Trp TGG  1
--------------------------------------------------
Leu CTT  4 | Pro CCT  3 | His CAT  0 | Arg CGT  0
    CTC  8 |     CCC 18 |     CAC 11 |     CGC 20
    CTA  0 |     CCA  3 | Gln CAA  0 |     CGA  2
    CTG 29 |     CCG 10 |     CAG 11 |     CGG 16
--------------------------------------------------
Ile ATT  0 | Thr ACT  1 | Asn AAT  2 | Ser AGT  1
    ATC 17 |     ACC 10 |     AAC  8 |     AGC 21
    ATA  1 |     ACA  2 | Lys AAA  3 | Arg AGA  1
Met ATG 10 |     ACG  6 |     AAG  9 |     AGG  4
--------------------------------------------------
Val GTT  0 | Ala GCT  4 | Asp GAT  2 | Gly GGT  7
    GTC  8 |     GCC 31 |     GAC 13 |     GGC 21
    GTA  2 |     GCA  5 | Glu GAA  5 |     GGA  6
    GTG 24 |     GCG 14 |     GAG 26 |     GGG 11
--------------------------------------------------

Codon position x base (3x4) table for each sequence.

#1: Pan troglodytes
position  1:    T:0.17005    C:0.27157    A:0.22843    G:0.32995
position  2:    T:0.26650    C:0.24619    A:0.24365    G:0.24365
position  3:    T:0.08376    C:0.50254    A:0.06091    G:0.35279
Average         T:0.17343    C:0.34010    A:0.17766    G:0.30880

#2: Danio rerio    
position  1:    T:0.22616    C:0.21253    A:0.28883    G:0.27248
position  2:    T:0.28338    C:0.23978    A:0.27248    G:0.20436
position  3:    T:0.20436    C:0.38965    A:0.13624    G:0.26975
Average         T:0.23797    C:0.28065    A:0.23252    G:0.24886

#3: Gallus gallus  
position  1:    T:0.16043    C:0.28877    A:0.21390    G:0.33690
position  2:    T:0.27273    C:0.24866    A:0.23262    G:0.24599
position  3:    T:0.08289    C:0.50802    A:0.06417    G:0.34492
Average         T:0.17201    C:0.34848    A:0.17023    G:0.30927

#4: Homo sapiens   
position  1:    T:0.17005    C:0.27157    A:0.22843    G:0.32995
position  2:    T:0.26904    C:0.24619    A:0.24365    G:0.24112
position  3:    T:0.08376    C:0.49492    A:0.05838    G:0.36294
Average         T:0.17428    C:0.33756    A:0.17682    G:0.31134

#5: Mus musculus   
position  1:    T:0.17337    C:0.25628    A:0.23869    G:0.33166
position  2:    T:0.26633    C:0.23869    A:0.24874    G:0.24623
position  3:    T:0.11307    C:0.48492    A:0.06030    G:0.34171
Average         T:0.18425    C:0.32663    A:0.18258    G:0.30653

#6: Rattus norvegicus
position  1:    T:0.17215    C:0.25823    A:0.24304    G:0.32658
position  2:    T:0.26835    C:0.24304    A:0.24810    G:0.24051
position  3:    T:0.11899    C:0.45823    A:0.07595    G:0.34684
Average         T:0.18650    C:0.31983    A:0.18903    G:0.30464

#7: Canis lupus familiaris
position  1:    T:0.14046    C:0.28302    A:0.20126    G:0.37526
position  2:    T:0.24948    C:0.27254    A:0.21384    G:0.26415
position  3:    T:0.06918    C:0.48637    A:0.06289    G:0.38155
Average         T:0.15304    C:0.34731    A:0.15933    G:0.34032

Sums of codon usage counts
------------------------------------------------------------------------------
Phe F TTT      26 | Ser S TCT      31 | Tyr Y TAT      14 | Cys C TGT      28
      TTC      76 |       TCC      70 |       TAC      67 |       TGC      75
Leu L TTA       1 |       TCA      15 | *** * TAA       0 | *** * TGA       0
      TTG      26 |       TCG      45 |       TAG       0 | Trp W TGG       7
------------------------------------------------------------------------------
Leu L CTT      21 | Pro P CCT      20 | His H CAT      10 | Arg R CGT       7
      CTC      47 |       CCC      93 |       CAC      59 |       CGC      85
      CTA       5 |       CCA      22 | Gln Q CAA       3 |       CGA      14
      CTG     179 |       CCG      34 |       CAG      70 |       CGG      70
------------------------------------------------------------------------------
Ile I ATT       7 | Thr T ACT       6 | Asn N AAT      16 | Ser S AGT      20
      ATC     108 |       ACC      71 |       AAC      52 |       AGC     128
      ATA       5 |       ACA      18 | Lys K AAA      30 | Arg R AGA       9
Met M ATG      65 |       ACG      25 |       AAG      64 |       AGG      29
------------------------------------------------------------------------------
Val V GTT      12 | Ala A GCT      34 | Asp D GAT      22 | Gly G GGT      23
      GTC      49 |       GCC     143 |       GAC      90 |       GGC     119
      GTA      10 |       GCA      14 | Glu E GAA      40 |       GGA      19
      GTG     111 |       GCG      55 |       GAG     141 |       GGG      44
------------------------------------------------------------------------------

(Ambiguity data are not used in the counts.)


Codon position x base (3x4) table, overall

position  1:    T:0.17185    C:0.26402    A:0.23330    G:0.33083
position  2:    T:0.26724    C:0.24866    A:0.24223    G:0.24187
position  3:    T:0.10611    C:0.47588    A:0.07324    G:0.34477
Average         T:0.18173    C:0.32952    A:0.18292    G:0.30582

Codon frequencies under model, for use in evolver (TTT TTC TTA TTG ... GGG):
  0.00497894  0.02232979  0.00343453  0.01616744
  0.00462663  0.02074972  0.00319150  0.01502342
  0.00450697  0.02021308  0.00000000  0.00000000
  0.00450032  0.02018327  0.00000000  0.01461329
  0.00764956  0.03430711  0.00527676  0.02483937
  0.00710827  0.03187950  0.00490337  0.02308172
  0.00692443  0.03105503  0.00477656  0.02248477
  0.00691422  0.03100923  0.00476951  0.02245161
  0.00675935  0.03031467  0.00466268  0.02194873
  0.00628105  0.02816957  0.00433275  0.02039562
  0.00611861  0.02744105  0.00422069  0.01986814
  0.00610959  0.02740058  0.00421447  0.01983884
  0.00959559  0.04303476  0.00661915  0.03115846
  0.00891659  0.03998958  0.00615078  0.02895365
  0.00868599  0.03895536  0.00599170  0.02820485
  0.00867318  0.03889791  0.00598287  0.02816325



Nei & Gojobori 1986. dN/dS (dN, dS)
(Pairwise deletion)
(Note: This matrix is not used in later ML. analysis.
Use runmode = -2 for ML pairwise comparison.)

Pan troglodytes     
Danio rerio          0.0952 (0.1837 1.9301)
Gallus gallus        0.1216 (0.0919 0.7558) 0.1312 (0.2271 1.7310)
Homo sapiens         0.0334 (0.0011 0.0340) 0.1056 (0.1852 1.7534) 0.1219 (0.0932 0.7650)
Mus musculus         0.0331 (0.0166 0.5020) 0.1148 (0.1867 1.6266) 0.0991 (0.0908 0.9167) 0.0359 (0.0178 0.4953)
Rattus norvegicus    0.0451 (0.0201 0.4456) 0.1033 (0.1882 1.8217) 0.1043 (0.0928 0.8899) 0.0439 (0.0201 0.4577) 0.0336 (0.0068 0.2025)
Canis lupus familiaris 0.0927 (0.0237 0.2555) 0.1262 (0.1909 1.5122) 0.1235 (0.0886 0.7175) 0.0973 (0.0249 0.2554) 0.0498 (0.0231 0.4630) 0.0516 (0.0242 0.4694)


TREE #  1:  (((((4, 1), (5, 6)), 7), 3), 2);   MP score: -1
check convergence..
lnL(ntime:  6  np:  8):  -4264.067507      +0.000000
   8..9     9..10   10..11   11..12   12..4    12..1    11..13   13..5    13..6    10..7     9..3     8..2  
 1.821091 0.730976 0.223216 0.214444 0.016625 0.074299 2.421338 0.029724
SEs for parameters:
 0.216445 0.071949 0.016285 0.017782 0.005113 0.009803 0.271081 0.003781

tree length =   4.90174

(((((4: 0.016625, 1: 0.016625): 0.197819, (5: 0.074299, 6: 0.074299): 0.140144): 0.008773, 7: 0.223216): 0.507760, 3: 0.730976): 1.090115, 2: 1.821091);

(((((Homo sapiens: 0.016625, Pan troglodytes: 0.016625): 0.197819, (Mus musculus: 0.074299, Rattus norvegicus: 0.074299): 0.140144): 0.008773, Canis lupus familiaris: 0.223216): 0.507760, Gallus gallus: 0.730976): 1.090115, Danio rerio: 1.821091);

Detailed output identifying parameters

kappa (ts/tv) =  2.42134

omega (dN/dS) =  0.02972

dN & dS for each branch

 branch          t       N       S   dN/dS      dN      dS  N*dN  S*dS

   8..9      1.090  1261.3   277.7  0.0297  0.0527  1.7745  66.5 492.7
   9..10     0.508  1261.3   277.7  0.0297  0.0246  0.8265  31.0 229.5
  10..11     0.009  1261.3   277.7  0.0297  0.0004  0.0143   0.5   4.0
  11..12     0.198  1261.3   277.7  0.0297  0.0096  0.3220  12.1  89.4
  12..4      0.017  1261.3   277.7  0.0297  0.0008  0.0271   1.0   7.5
  12..1      0.017  1261.3   277.7  0.0297  0.0008  0.0271   1.0   7.5
  11..13     0.140  1261.3   277.7  0.0297  0.0068  0.2281   8.6  63.3
  13..5      0.074  1261.3   277.7  0.0297  0.0036  0.1209   4.5  33.6
  13..6      0.074  1261.3   277.7  0.0297  0.0036  0.1209   4.5  33.6
  10..7      0.223  1261.3   277.7  0.0297  0.0108  0.3634  13.6 100.9
   9..3      0.731  1261.3   277.7  0.0297  0.0354  1.1899  44.6 330.4
   8..2      1.821  1261.3   277.7  0.0297  0.0881  2.9644 111.1 823.1

tree length for dN:       0.2372
tree length for dS:       7.9792


Time used:  0:14
