
seed used = 1418852517
      7   1539

Pan troglodytes                            --- --- --- --- --- --- --- --- --- --- --- --- --- --- --- --- --- --- --- --- --- --- --- --- --- --- --- --- --- --- --- --- --- --- --- --- --- --- --- --- --- --- --- --- --- --- --- --- --- --- --- --- --- --- --- --- --- --- --- --- --- --- --- --- --- --- --- --- --- --- --- --- --- --- --- --- --- --- --- --- --- --- --- ATG GTG ACG ATG GAG GAG CTG CGG GAG ATG GAC TGC AGT GTG CTC AAA AGG CTG ATG AAC CGG GAC GAG AAC GGC GGC --- --- --- --- GGC GCG GGC GGC AGC GGC AGC CAC GGC ACC CTG GGG CTG CCG AGC GGC GGC AAG TGC CTG CTG CTG GAC TGC AGA CCG TTC CTG GCG CAC AGC GCG GGC TAC ATC CGA GGT TCG GTC AAC GTG CGC TGC AAC ACC ATC GTG CGG CGG CGG GCT AAG GGC TCC GTG AGC CTG GAG CAG ATC CTG CCC GCC GAG GAG GAG GTA CGC GCC CGC TTG CGC TCC GGC CTC TAC TCG GCG GTC ATC GTC TAC GAC GAG CGC AGC CCG CGC GCC GAG AGC CTC CGC GAG GAC AGC ACC GTG TCG CTG GTG GTG CAG GCT CTG CGC CGC AAC GCC GAG CGC ACC GAC ATC TGC CTG CTC AAA GGC GGC TAT GAG AGG TTT TCC TCC GAG TAC CCA GAA TTC TGT TCT AAA ACC AAG GCC CTG GCA GCC ATC CCA CCC CCG GTT CCC CCC AGC GCC ACA GAG CCC TTG GAC CTG GGC TGC AGC TCC TGT GGG ACC CCA CTA CAC GAC CAG GGG GGT CCT GTG GAG ATC CTT CCC --- TTC CTC TAC CTC GGC AGT GCC TAC CAT GCT GCC CGG AGA GAC ATG CTA GAC GCC CTG GGC ATC ACG GCT CTG TTG AAT GTC TCC TCG GAC TGC CCA AAC CAC TTT GAA GGA CAC TAT CAG TAC AAG TGC ATC CCG GTG GAA GAT AAC CAC AAG GCC GAC ATC AGC TCC TGG TTC ATG GAA GCC ATA GAG TAC ATC GAT GCC GTG AAG GAC TGC CGT GGG CGC GTG CTG GTG CAC TGC CAG GCG GGC ATC TCG CGC TCG GCC ACC ATC TGC CTG GCC TAC CTG ATG ATG AAG AAA CGG GTG AGG CTG GAG GAG GCC TTC GAG TTC GTT AAG CAG CGC CGC AGC ATT ATC TCG CCC AAC TTC AGC TTC ATG GGG CAG CTG CTG CAG TTC GAG TCC CAG GTG CTG GCC ACG TCC TGT GCT GCG --- --- GAG GCT GCT AGC CCC TCA GGA CCC CTG CGG GAG CGG GGC AAG ACC CCC GCC ACC CCC ACC TCG CAG TTC --- --- --- GTC TTC --- --- --- --- --- --- AGC TTT CCG GTC TCC GTT GGC GTG CAC TCG GCC CCC AGC AGC CTG CCC TAC CTG CAC --- --- --- --- --- --- --- AGC CCC ATC ACC ACC TCT --- --- --- --- --- --- --- --- --- --- --- --- --- CCC AGC TGT 
Danio rerio                                --- --- --- --- --- --- --- --- --- --- --- --- --- --- --- --- --- --- --- --- --- --- --- --- --- --- --- --- --- --- --- --- --- --- --- --- --- --- --- --- --- --- --- --- --- --- --- --- --- --- --- --- --- --- --- --- --- --- --- --- --- --- --- --- --- --- --- --- --- --- --- --- --- --- --- --- --- --- --- --- --- --- --- ATG GTC ACA ATG GAC GAA CTT TGC GAA ATG GAC TGC AGC GTT TTG AAG AGG CTG ATG AAG GAC GAC --- --- --- --- --- --- --- --- --- --- --- --- --- --- --- --- --- --- --- --- --- --- --- GGA GCG AAA TGT CTG CTT CTG GAT TGC AGG TCG TTT CTG GCG TTC AGC GCC GGA CAT CTC CGC GGT GCC GTT AAT ATT CGC TGT AAC ACG ATC GTT CGG AGG CGA GCG AAA GGC TCC GTG AGT TTG GAC CAG ATT TTG TCT GGG GAC GAT GAA GCG AGA AGC CGC TTG AAA TCG GGG CTT TAC TCC GCC GTG ATC CTG TAC GAC GAG CGG AGC TCC GAT ACA AAC ACC ATG AAA GAC GAC AGC ACA ATC ACA CTG GTA CAC AAC GCG CTG TGT AGG GAT ACT TTT AGC ACG GAA GTC TAT CTG CTG AAA GGG GGC TAT GAC AGA TTT TCC ACA CAA TAT CCA GAC TAC TGT TTG AAA ACC AGA ACA CTC TCC GTG --- --- --- --- --- --- TCC AGT TCT CAG TCC AGT ATG GAG AGC AGC TGC CTG TCC TGC GCG ACT CCT CAA CAC GAC CAG GGT GGT CCC GTG GAA ATC CTC CCC --- TTT TTG TTC CTT GGC AGT GCT CTC CAT GCG TCT AAA AAG GAT ATG CTG GAT CGT ATG GGC ATT TCA GCC CTT TTG AAT GTA TCT TCA AAC TGT CCC AAT CAT TTC GAA GGA GAC TAT CAG TAC AAG TGT ATC CCG GTG GAA GAC AAC CAT AAA GAG GAC ATC AGC TCC TGG TTT ATC GAA GCC ATC GAA TTC ATA GAC TCC GTC AAG GAT TCC AAC GGT CGC GTT CTG GTC CAC TGT CAG GCT GGC ATC TCT CGC TCT GCC ACC ATC TGC CTG GCG TAC CTG ATG AAA AAG AAG CGG GTG CGT CTG GAG GAG GCC TTT GAG TTT GTC AAG CAG CGG CGC AGC ATC ATC TCC CCA AAC TTC AGC TTT ATG GGT CAA CTC CTG CAG TTC GAG TCT CAG GTG CTC GCA ACG TCC TGC TCC GTT --- --- GAG GCC GCC AGT CCT TCC GCC AGC CTT GGC CCA --- --- AAG TCT TCC TCT ACC CCG ACA TCA CCC TTC --- --- --- ATC TTC --- --- --- --- --- --- AGC TTC CCA ATG TCA GTG GTG ACC CAC AAC CAG CCC GGC AGC CTC ACA TAC TTA CAG --- --- --- --- --- --- --- AGT CCC ATC ACA ACC TCG --- --- --- --- --- --- --- --- --- --- --- --- --- CCG AGC TGC 
Gallus gallus                              --- --- --- --- --- --- --- --- --- --- --- --- --- --- --- --- --- --- --- --- --- --- --- --- --- --- --- --- --- --- --- --- --- --- --- --- --- --- --- --- --- --- --- --- --- --- --- --- --- --- --- --- --- --- --- --- --- --- --- --- --- --- --- --- --- --- --- --- --- --- --- --- --- --- --- --- --- --- --- --- --- --- --- ATG GTG GCC CCC GAG GGG CTG CGG GAG ATG GAG GGC AGC GCG CTG CGG CGC CTG GTG GGA CGG GAG GAG GCG AGC GGC --- --- --- --- --- --- --- --- --- --- --- --- --- --- --- --- --- --- --- --- GGG CGC TGC CTG CTG CTG GAC TGC CGG CCC TTC CTG GCG CAC AGC GCC GGC CAC ATC CGC GGG GCT CTC AAC GTG CGC TGC AAC ACC ATC GTC AGG CGG CGG GCC AAG GGA GCC GTC AGC CTG GAG CAG ATC CTG CCG GCC GAG GGC GAG GTG CGG GCG CGG CTG CGC GCC GGG CTC TAC ACC GCC GTG GTG CTG TAC GAC GAG CGC AGC CCC CGC GCG GAG GCC CTG CGG GAC GAC AGC ACC GTG GCC CTC GTG CTG CGC GCG CTC CGG CGC GAC ATG GCG CGC GCC GAC ATC CGG CTG CTG GCA GGA GGT TAT GAG CGT TTT GCC TCA GAG TAT CCC GAA TTC TGT GCT AAA ACC AAG ACC CTG AGC AGC ATT TCG --- --- --- CCC CCC AGC AGT GCC GAG TCC CTG GAT TTG GGC TTC AGT TCA TGT GGG ACC CCC CTT CAT GAC CAG GGC GGC CCT GTG GAA ATC CTT CCC --- TTC CTC TAC CTT GGC AGC GCC TAC CAC GCG GCC CGG CGG GAC ATG CTG GAT GCA CTG GGC ATC ACA GCC CTG CTG AAC GTC TCA TCC GAC TGC CCC AAC CAC TTC GAG GGG CAC TAC CAG TAC AAG TGC ATC CCT GTG GAA GAC AAC CAC AAA GCC GAC ATC AGC TCC TGG TTC ATG GAG GCG ATT GAG TAC ATC GAC TCA GTG AAA GAG TGC TGC GGC CGA GTC CTT GTC CAC TGC CAG GCC GGC ATC TCC CGC TCG GCC ACC ATC TGC CTG GCC TAC CTG ATG ATG AAG AAG CGC GTC AAG CTG GAA AAG GCC TTC GAG TTC GTC AAG CAG CGC CGG AGC ATC ATC TCT CCT AAC TTC AGC TTC ATG GGG CAG CTG CTG CAG TTC GAG TCG CAG GTY TTG GCC ACC TCG TGC GCA GTG --- --- GAA GCT GCC AGC CCC TCA GGG ACA CTG CGG GAG CGG GGC AAG GCC ACT TCT ACC CCT ACC TCC CAG TTT --- --- --- GTC TTC --- --- --- --- --- --- AGC TTC CCC GTC TCC GTC GGT GTC CAC GCC ACC CCC AGC AGC CTC CCA TAC CTG CAC --- --- --- --- --- --- --- AGC CCC ATC ACC ACG TCA --- --- --- --- --- --- --- --- --- --- --- --- --- CCC AGC TGT 
Homo sapiens                               --- --- --- --- --- --- --- --- --- --- --- --- --- --- --- --- --- --- --- --- --- --- --- --- --- --- --- --- --- --- --- --- --- --- --- --- --- --- --- --- --- --- --- --- --- --- --- --- --- --- --- --- --- --- --- --- --- --- --- --- --- --- --- --- --- --- --- --- --- --- --- --- --- --- --- --- --- --- --- --- --- --- --- ATG GTG ACG ATG GAG GAG CTG CGG GAG ATG GAC TGC AGT GTG CTC AAA AGG CTG ATG AAC CGG GAC GAG AAT GGC GGC --- --- --- --- GGC GCG GGC GGC AGC GGC AGC CAC GGC ACC CTG GGG CTG CCG AGC GGC GGC AAG TGC CTG CTG CTG GAC TGC AGA CCG TTC CTG GCG CAC AGC GCG GGC TAC ATC CTA GGT TCG GTC AAC GTG CGC TGT AAC ACC ATC GTG CGG CGG CGG GCT AAG GGC TCC GTG AGC CTG GAG CAG ATC CTG CCC GCC GAG GAG GAG GTA CGC GCC CGC TTG CGC TCC GGC CTC TAC TCG GCG GTC ATC GTC TAC GAC GAG CGC AGC CCG CGC GCC GAG AGC CTC CGC GAG GAC AGC ACC GTG TCG CTG GTG GTG CAG GCG CTG CGC CGC AAC GCC GAG CGC ACC GAC ATC TGC CTG CTC AAA GGC GGC TAT GAG AGG TTT TCC TCC GAG TAC CCA GAA TTC TGT TCT AAA ACC AAG GCC CTG GCA GCC ATC CCA CCC CCG GTT CCC CCC AGT GCC ACA GAG CCC TTG GAC CTG GGC TGC AGC TCC TGT GGG ACC CCA CTA CAC GAC CAG GGG GGT CCT GTG GAG ATC CTT CCC --- TTC CTC TAC CTC GGC AGT GCC TAC CAT GCT GCC CGG AGA GAC ATG CTG GAC GCC CTG GGC ATC ACG GCT CTG TTG AAT GTC TCC TCG GAC TGC CCA AAC CAC TTT GAA GGA CAC TAT CAG TAC AAG TGC ATC CCA GTG GAA GAT AAC CAC AAG GCC GAC ATC AGC TCC TGG TTC ATG GAA GCC ATA GAG TAC ATC GAT GCC GTG AAG GAC TGC CGT GGG CGC GTG CTG GTG CAC TGC CAG GCG GGC ATC TCG CGG TCG GCC ACC ATC TGC CTG GCC TAC CTG ATG ATG AAG AAA CGG GTG AGG CTG GAG GAG GCC TTC GAG TTC GTT AAG CAG CGC CGC AGC ATC ATC TCG CCC AAC TTC AGC TTC ATG GGG CAG CTG CTG CAG TTC GAG TCC CAG GTG CTG GCC ACG TCC TGT GCT GCG --- --- GAG GCT GCT AGC CCC TCG GGA CCC CTG CGG GAG CGG GGC AAG ACC CCC GCC ACC CCC ACC TCG CAG TTC --- --- --- GTC TTC --- --- --- --- --- --- AGC TTT CCG GTC TCC GTG GGC GTG CAC TCG GCC CCC AGC AGC CTG CCC TAC CTG CAC --- --- --- --- --- --- --- AGC CCC ATC ACC ACC TCT --- --- --- --- --- --- --- --- --- --- --- --- --- CCC AGC TGT 
Mus musculus                               --- --- --- --- --- --- --- --- --- --- --- --- --- --- --- --- --- --- --- --- --- --- --- --- --- --- --- --- --- --- --- --- --- --- --- --- --- --- --- --- --- --- --- --- --- --- --- --- --- --- --- --- --- --- --- --- --- --- --- --- --- --- --- --- --- --- --- --- --- --- --- --- --- --- --- --- --- --- --- --- --- --- --- ATG GTG ACG ATG GAG GAA CTG CGG GAG ATG GAC TGC AGC GTG CTC AAA AGG CTG ATG AAC CGG GAT GAG AAC GGC GGC GGC GGC AGC GCG GGC GGC AAC GGC AGC GGC AGC CAC GGC GCC TTG GGG CTG CTG AGC GGC GGC AAG TGC CTG CTG CTG GAC TGC AGG CCG TTT CTG GCT CAC AGC GCG GGC TAC ATC CGA GGC TCG GTG AAC GTG CGC TGC AAT ACC ATC GTG CGG CGG AGG GCC AAG GGC TCC GTG AGC CTG GAG CAG ATC CTG CCC GCC GAG GAA GAG GTG CGT GCC CGC CTG CGC TCT GGC CTC TAC TCG GCT GTC ATC GTC TAC GAC GAG CGC AGC CCG CGC GCC GAG AGT CTC CGG GAG GAC AGC ACG GTG TCG CTG GTC GTG CAG GCG TTG CGC CGG AAC GCG GAG CGC ACG GAC ATC TGC CTG CTT AAA GGT GGC TAT GAG AGG TTT TCT TCT GAA TAC CCA GAA TTC TGC TCT AAA ACC AAG GCC CTG GCC GCC ATC CCA CCC CCT GTA CCT CCC AGC ACC AAT GAG TCC TTG GAC CTG GGC TGC AGC TCC TGT GGA ACC CCG CTG CAC GAC CAG GGG GGC CCC GTG GAA ATC CTC CCT --- TTC CTC TAC CTC GGC AGT GCC TAC CAT GCT GCC CGC AGG GAC ATG TTG GAT GCC CTG GGG ATC ACG GCC CTC CTG AAT GTC TCT TCA GAC TGT CCC AAT CAC TTT GAG GGT CAT TAC CAG TAC AAG TGC ATC CCC GTC GAA GAC AAC CAC AAG GCC GAC ATC AGC TCC TGG TTC ATG GAA GCC ATC GAG TAC ATC GAC GCA GTA AAG GAC TGT CGA GGG CGA GTG CTG GTT CAC TGC CAG GCC GGC ATC TCC CGA TCA GCC ACC ATC TGC CTG GCC TAC CTG ATG ATG AAG AAG CGG GTG AGG CTG GAG GAG GCT TTT GAG TTC GTC AAG CAG CGC CGA AGC ATC ATC TCG CCC AAC TTC AGC TTC ATG GGC CAG TTG CTG CAG TTT GAG TCT CAG GTG CTC ACC ACG TCC TGC GCC GCC --- --- GAG GCT GCC AGC CCT TCT GGG CCC CTT CGG GAG AGG GGA AAG GCC ACC CCG ACC CCC ACC TCG CAG TTC --- --- --- GTC TTC --- --- --- --- --- --- AGC TTC CCT GTG TCT GTG GGC GTG CAC GCG GCC CCC AGT AAC CTG CCG TAC CTG CAC --- --- --- --- --- --- --- AGC CCC ATC ACC ACC TCC --- --- --- --- --- --- --- --- --- --- --- --- --- CCC AGC TGT 
Rattus norvegicus                          --- --- --- --- --- --- --- --- --- --- --- --- --- --- --- --- --- --- --- --- --- --- --- --- --- --- --- --- --- --- --- --- --- --- --- --- --- --- --- --- --- --- --- --- --- --- --- --- --- --- --- --- --- --- --- --- --- --- --- --- --- --- --- --- --- --- --- --- --- --- --- --- --- --- --- --- --- --- --- --- --- --- --- ATG GTG ACG ATG GAG GAA CTG CGG GAG ATG GAC TGC AGC GTG CTC AAA AGG CTG ATG AAC CGA GAT GAG AAC GGC GGC --- --- --- ACG GCG GGC AGC AGC GGC GGC AGC CAC GGC GCC CTG GGG CTG CTG AGC GGC GGC AAG TGC TTG CTG CTG GAC TGC AGG CCG TTT CTG GCT CAC AGC GCG GGC TAC ATC CGA GGC TCG GTG AAC GTG CGC TGC AAT ACC ATC GTG CGG CGG AGG GCC AAG GGC TCC GTG AGC CTG GAG CAG ATT CTG CCC GCC GAG GAA GAG GTG CGC GCC CGC CTG CGC TCT GGC CTC TAC TCG GCT GTC ATC GTC TAC GAT GAG CGC AGC CCG CGC GCC GAG AGT CTC CGG GAG GAC AGC ACA GTG TCG CTG GTC GTG CAG GCG TTG CGC CGG AAC GCG GAG CGC ACA GAC ATC TGC CTG CTT AAA GGT GGC TAT GAG AGG TTT TCT TCT GAG TAC CCA GAA TTC TGC TCT AAA ACT AAG GCC CTG GCC GCC ATC CCA CCC CCC GTA CCT CCC AGC ACA AAT GAG TCC TTG GAT CTG GGC TGC AGC TCC TGT GGG ACC CCA CTG CAC GAC CAG GGG GGT CCT GTG GAG ATC CTT CCT --- TTC CTC TAC CTC GGC AGT GCC TAC CAC GCT GCC CGC AGG GAC ATG CTT GAT GCC CTG GGG ATC ACG GCT CTA CTG AAT GTC TCC TCA GAC TGC CCC AAT CAC TTT GAG GGA CAT TAC CAG TAC AAG TGC ATC CCG GTA GAA GAT AAC CAC AAG GCT GAC ATC AGC TCC TGG TTC ATG GAA GCC ATC GAA TAC ATA GAC GCA GTG AAG GAC TGC CGA GGG CGA GTG CTG GTT CAC TGC CAG GCC GGC ATC TCT AGA TCA GCC ACC ATC TGC CTG GCC TAC CTG ATG ATG AAG AAA CGG GTG AGG CTG GAG GAG GCT TTC GAG TTC GTC AAG CAG CGC CGT AGC ATC ATC TCG CCC AAC TTC AGC TTC ATG GGC CAG TTG CTG CAG TTC GAG TCT CAG GTG CTC ACC ACG TCC TGC GCA GCG --- --- GAG GCC GCC AGC CCT TCC GGG CCC CTG CGG GAG AGG GGG AAG GCC ACT CCC ACC CCC ACC TCG CAG TTC --- --- --- GTC TTC --- --- --- --- --- --- AGC TTC CCC GTG TCC GTG GGT GTG CAC GCG GCT CCC AGT AAC CTG CCG TAC CTG CAC --- --- --- --- --- --- --- AGC CCC ATC ACC ACC TCC --- --- --- --- --- --- --- --- --- --- --- --- --- CCC AGC TGT 
Canis lupus familiaris                     ATG GCA GGA GGC GGG GCC TCG GAG GTA GTA ATG CCG CGG CCC CCT CCC GGG GGA GCG CAG AGG AGC CTT AAT ACG GTG GCG GCC CGG GAC GGA ACT CCG GCC GCG GCC GTG CGC GCA GCT CCG GCT GTC GGT GGG GAG CGG CGC CGG CAC CGC GGG CGA AAT ACA ATA GAG GCC GGG GCA GGG GGA GCC CGC GGT CCT CTC CCC CCG GCC GGC CCA GGT GTC CTT CGC CCC CTC GCG CGC CCG GCG ACC ATG GTG ACG GTG GAG GAG CTG CGG GAG ATG GAC TGC AGC GTG CTC AAA AGG CTG ATG AAC CGG GAG GAG AGC GGT GGC --- --- --- --- GGC GCG GGC GGC GGC GGC AGC CAC GGC GCC CTG GGG CTG CTG AGC GGC GGC AAG TGC CTG CTG CTG GAC TGC AGA CCG TTC CTG GCG CAC AGC GCG GGC TAC ATC CGA GGC TCG GTC AAC GTG CGC TGC AAC ACC ATC GTG CGG CGG CGG GCC AAG GGC TCT GTG AGC CTG GAG CAG ATC CTG CCC GCC GAG GAG GAG GTG CGC GCC CGC CTG CGC TCC GGC CTC TAC TCC GCG GTC ATC GTC TAC GAC GAG CGC AGC CCG CGC GCC GAG AGC CTC CGC GAG GAC AGC ACC GTG TCG CTG GTG GTG CGG GCG CTG CGC CGC AAC GCC GAG CGC ACC GAC ATC TGC CTC CTC AAA GGT GGT TAT GAG AGG TTT TCC TCC GAG TAC CCA GAA TTC TGT TCC AAA ACC AAG GCC CTG GCA GCC ATC CCC CCT GCT GTG CCC GCC AGC ACA GCG GAA TCC TTG GAC GTG GGC TGC AGC TCC TGT GGA ACC CCC CTG CAC GAC CAG GGG GGT CCG GTG GAG ATC CTT CCC --- TTC CTC TAC CTT GGC AGT GCC TAC CAC GCT GCC CGG AGG GAC ATG CTG GAT GCC CTG GGG ATC ACG GCC CTG TTG AAC GTC TCC TCT GAC TGC CCA AAC CAC TTT GAA GGA CAC TAT CAG TAC AAG TGT ATC CCG GTG GAA GAC AAC CAC AAG GCA GAC ATC AGC TCC TGG TTC ATG GAA GCC ATC GAG TAC ATC GAT GCG GTG AAG GAC CGG CGC GGC TGC GTG CTG GTG CAC TGC CAG GCG GGC ATC TCG CGC TCG GCC ACC ATC TGC CTG GCC TAC CTG ATG ATG AAG AAG CGG GTG CGG CTG GAG GAG GCC TTC GAG TTC GTC AAG CAG CGG CGG AGC ATC ATC TCG CCC AAC TTC AGC TTC ATG GGG CAG CTG CTG CAG TTC GAG TCC CAG GTC CTG GCC ACG TCC TGC GCC GCC --- --- GAG GCC GCC AGC CCC TCG GGG CCC CTG CGC GAG CGC GGC CAG GCC ACC CCC ACG CCC ACG TCG CAG TTC --- --- --- GTG TTC --- --- --- --- --- --- AGC TTC CCG GTG TCG GTG GGC GTG CAC GCG GCC CCC AGC AGC CTG CCC TAC CTG CAC --- --- --- --- --- --- --- AGC CCC ATC ACC ACC TCC --- --- --- --- --- --- --- --- --- --- --- --- --- CCC AGC TGC 



Printing out site pattern counts


         7       1122  P G
G 2      111    263

Pan troglodytes                             --- --- --- --- --- --- --- --- --- --- --- --- --- --- --- --- --- --- --- --- --- --- --- --- --- --- --- --- --- --- --- --- --- --- --- --- --- AAA AAC AAC AAG ACA ACC ACC ACC ACG AGC AGC AGC AGC AGG AGT ATC ATG ATG ATG CAC CAC CAG CCA CCA CCC CCC CCC CCC CCG CCG CCT CGG CGG CTA CTC CTG CTG CTG CTG CTG CTG GAC GAC GAC GAC GAG GAG GAG GAG GAG GCA GCC GCC GCC GCG GGC GGC GGC GGC GGC GGC GGC GGG GGG GGG GGT GTG GTG GTT TCC TGC TGC TGT TTG --- AAA AAA AAA AAC AAC AAC AAC AAC AAG AAG AAG AAG AAG AAG AAT ACC ACC ACC ACC ACC ACC ACC ACC ACC ACG ACG AGA AGA AGC AGC AGC AGC AGC AGC AGG AGG AGT ATA ATC ATC ATC ATC ATC ATC ATC ATG ATG ATG ATT CAC CAC CAC CAC CAC CAG CAG CAG CAG CAT CCA CCA CCC CCC CCC CCC CCC CCC CCC CCC CCC CCC CCG CCG CCG CCG CGA CGC CGC CGC CGC CGC CGC CGC CGC CGC CGC CGC CGC CGC CGC CGG CGG CGG CGG CGG CGG CGG CGT CTA CTC CTC CTC CTC CTC CTG CTG CTG CTG CTG CTG CTG CTG CTG CTG CTG CTG CTG CTG CTG CTT GAA GAA GAA GAA GAC GAC GAC GAC GAC GAC GAC GAG GAG GAG GAG GAG GAG GAG GAG GAG GAG GAG GAG GAG GAT GAT GCC GCC GCC GCC GCC GCC GCC GCC GCC GCC GCC GCC GCC GCC GCC GCC GCG GCG GCG GCG GCG GCT GCT GCT GCT GCT GCT GCT GGA GGA GGC GGC GGC GGC GGC GGC GGC GGC GGC GGC GGC GGG GGG GGT GTA GTC GTC GTC GTC GTC GTC GTG GTG GTG GTG GTG GTG GTG GTG GTG GTG GTG GTG GTT GTT TAC TAC TAC TAC TAC TAT TAT TCA TCC TCC TCC TCC TCC TCC TCC TCC TCC TCG TCG TCG TCG TCG TCG TCG TCG TCG TCT TCT TGC TGC TGC TGC TGC TGC TGC TGG TGT TGT TGT TTC TTC TTC TTC TTC TTC TTC TTG TTG TTT TTT TTT
Danio rerio                                 --- --- --- --- --- --- --- --- --- --- --- --- --- --- --- --- --- --- --- --- --- --- --- --- --- --- --- --- --- --- --- --- --- --- --- --- --- AAG --- AAG AGA CAG --- ACC ACT ACA --- --- AGT CTG AGG AGC --- ATG ATG ATG --- CAC CAG --- CCT --- --- AGT TCC --- --- CCC GAC TGC CAA TTG --- --- AGC CTC CTG CTT GAC GAC GAC GAG --- GAA GAA GAC TCC TCC ACA GTG TCT --- --- --- --- --- --- --- AGC --- GCG GGT GGT GTC GTT --- TCC TGC TGC TGC ATG --- AAA AAA AAG AAC AAC AAT AAT GAT AAA AAA AAA AAG AAG AAG AAT ACA ACA ACA ACC ACC ACC ACG ACG TCT ACG TCA AAG AGG --- ACC AGC AGC AGT GGC AGA CGT AGT ATC ATA ATC ATC ATT ATT CTC GTC AAA ATC ATG ATC CAC CAG CAT GAC TTC AAC CAA CAG CCC CAT CCA CCC ACA AGC CCA CCC CCC CCG CCG CCT TCC TCT CCA CCG TCC TCG CGC AAA AAA AGA AGC AGG CGC CGC CGC CGC CGC CGG CGG GAT TGT --- AAA AGG CGA CGG CGG GGC AAC CTG ATG CTG CTT CTT TTG ATG CTC CTC CTC CTG CTG CTG CTG CTG CTG CTT CTT CTT TTA TTG CTC GAA GAA GAA GAC AAC GAA GAC GAC GAT GAT GAT AAC CAA CCA GAA GAA GAA GAC GAC GAG GAG GAG GAT TTT GAC GAC ACA ACT AGC CAG CGT GAG GCA GCC GCC GCC GCG GCT GGG TCC TCT TCT GCC GCC GCG GCT GTT GCC GCC GCC GCG GCG GCG TCC GCC GGA --- GCG GGA GGA GGC GGC GGC GGC GGG GGG GTG GGT GGT GGT GCG ATC ATG CTG GTA GTG GTT ACC ATC ATT CAC GTA GTC GTC GTG GTG GTG GTG GTT GTC GTG CAT CTC TAC TAT TTC TAT TAT TCC ACA TCA TCC TCC TCC TCC TCG TCT TCT AAC ACA GCC TCA TCA TCC TCC TCT TCT TCG TTG TAT TCC TGC TGT TGT TGT TGT TGG TGC TGC TGT TAC TTC TTC TTC TTT TTT TTT TTG TTG TTC TTC TTT
Gallus gallus                               --- --- --- --- --- --- --- --- --- --- --- --- --- --- --- --- --- --- --- --- --- --- --- --- --- --- --- --- --- --- --- --- --- --- --- --- --- CGG GCG GGA AAG GCC --- ACC ACC GCC --- --- AGC AGT CGC AGC ATT ATG CCC GTG --- CAT CAG TCG CCC --- CCC TCC CCC --- --- CCT CGG CGG CTT CTG --- --- TTG CTG CTG CTG GAC GAG GAG GAT GAG GAG GGG GAG GAG AGC ACC AGC AGT --- --- --- --- --- AGC GGC GGC --- GGG GGC GGC GTG GCG --- TCA GGC TTC TGT CTG --- AAA GCA AAG AAC AAC AAC AAC GAC AAA AAG CGC AAA AAG AAG AAC ACC ACC ACC ACC ACC ACG ACC GCC GCC ACC ACA CGG CGG --- GCC AGC AGC AGC AGC CGT AAG AGC ATT ATC ATC GTG ATC ATC ATC ATC ATG ATG ATG ATC CAC CAC CAC CAC CAC CGC CAG CAG CAG CAC CCC CCC CCA ACA CCT CCC CCC CCC CCT CCC ACT CCG CCC CCT CCC CCC CGC CGC CGG CGG CGC CGC CGA CGC CGC CGG CGG CGC CGC CGC CGG CGG CGG CGG CGG AGG CGC CGG TGC CTG CTG CTG CTC CTT CTC CTG CTC CTG TTG CTC CTC CTG CTG CTG CTT CTG CTG CTG CTG CTG CTT GAA GAG GAG GAA GAC GAC GAC GAC GAC GAG GAT GAG GAG GAG GAA GAG GAG GAC GAG AAG GAA GAG GGC GCG GAC GAC GCG ATG GCG ACC GCA GCC GCC GCC GCC GCG GCC GCC GCC TCA GCC TCT GCC GCC GCG GCC GTG GCC GCC GCT GCC GCG GCG GCA GGG GGG GGC GGG --- GGC GGA GGC GGC GGT GGA GGG GGT GGC GGG GGG GTG GTC GTC CTG GTC GTG CTC GTC GTG GTG CTG GTG GTC GTG GTC GTG GTG GTY GTC GTC GTC CAC TAC TAC TAT TAC TAC TAT TCA TCA TCC GCC GCC TCC TCG GCC TCA TCG GCC GCC GCT TCC TCC ACC TCT TCC TCG TCA GCT CGG TGC TGC TGC TGC TGC TGC TGG TGC TGT TGT TTC TTC TTC TTT TTC TTC TTC CTG CTG TTC TTC TTT
Homo sapiens                                --- --- --- --- --- --- --- --- --- --- --- --- --- --- --- --- --- --- --- --- --- --- --- --- --- --- --- --- --- --- --- --- --- --- --- --- --- AAA AAT AAC AAG ACA ACC ACC ACC ACG AGC AGC AGT AGC AGG AGT ATC ATG ATG ATG CAC CAC CAG CCA CCA CCC CCC CCC CCC CCG CCG CCT CGG CGG CTA CTC CTG CTG CTG CTG CTG CTG GAC GAC GAC GAC GAG GAG GAG GAG GAG GCA GCC GCC GCC GCG GGC GGC GGC GGC GGC GGC GGC GGG GGG GGG GGT GTG GTG GTT TCC TGC TGC TGT TTG --- AAA AAA AAA AAC AAC AAC AAC AAC AAG AAG AAG AAG AAG AAG AAT ACC ACC ACC ACC ACC ACC ACC ACC ACC ACG ACG AGA AGA AGC AGC AGC AGC AGC AGC AGG AGG AGT ATA ATC ATC ATC ATC ATC ATC ATC ATG ATG ATG ATC CAC CAC CAC CAC CAC CAG CAG CAG CAG CAT CCA CCA CCC CCC CCC CCC CCC CCC CCC CCC CCC CCC CCG CCA CCG CCG CTA CGC CGC CGC CGC CGC CGC CGC CGG CGC CGC CGC CGC CGC CGC CGG CGG CGG CGG CGG CGG CGG CGT CTG CTC CTC CTC CTC CTC CTG CTG CTG CTG CTG CTG CTG CTG CTG CTG CTG CTG CTG CTG CTG CTT GAA GAA GAA GAA GAC GAC GAC GAC GAC GAC GAC GAG GAG GAG GAG GAG GAG GAG GAG GAG GAG GAG GAG GAG GAT GAT GCC GCC GCC GCC GCC GCC GCC GCC GCC GCC GCC GCC GCC GCC GCC GCC GCG GCG GCG GCG GCG GCT GCT GCT GCT GCG GCT GCT GGA GGA GGC GGC GGC GGC GGC GGC GGC GGC GGC GGC GGC GGG GGG GGT GTA GTC GTC GTC GTC GTC GTC GTG GTG GTG GTG GTG GTG GTG GTG GTG GTG GTG GTG GTT GTG TAC TAC TAC TAC TAC TAT TAT TCG TCC TCC TCC TCC TCC TCC TCC TCC TCC TCG TCG TCG TCG TCG TCG TCG TCG TCG TCT TCT TGC TGC TGC TGC TGC TGC TGT TGG TGT TGT TGT TTC TTC TTC TTC TTC TTC TTC TTG TTG TTT TTT TTT
Mus musculus                                --- --- --- --- --- --- --- --- --- --- --- --- --- --- --- --- --- --- --- --- --- --- --- --- --- --- --- --- --- --- --- --- --- --- AGC GCG GGC AAA AAC AAC AAG AAT GCC ACC ACC ACG AGC AGC AGC AGC AGG AGC ATC ATG ATG ATG CAC CAC CAG CCA CCG CCC CCT TCC CCC CCT CTG CCC CGG CGG CTG CTC CTG TTG CTG CTG CTG CTG GAC GAC GAT GAC GAG GAG GAA GAG GAG GCC GCC GCC ACC GGC AAC GGC GGC GGC GGC GGC GGC GGG GGA GGG GGC GTG GTG GTA TCC TGC TGC TGT TTG --- AAA AAA AAG AAC AAT AAC AAT AAC AAG AAG AAG AAG AAG AAG AAT ACC ACC ACG ACC ACC ACC ACC ACG GCC ACG ACG AGG AGG AGC AGT AAC AGC AGC AGT AGG AGG AGT ATC ATC ATC ATC ATC ATC ATC ATC ATG ATG ATG ATC CAC CAC CAC CAT CAC CAG CAG CAG CAG CAT CCA CCC CCG CCC CCC CCC CCT CCC CCC CCT ACC CCC CCT CCC CCG CCG CGA CGC CGG CGT CGC CGG CGA CGC CGA CGA CGC CGC CGC CGC CGC AGG CGC CGG AGG CGG CGG CGG CGA TTG CTC CTT CTC CTC CTC CTG CTG TTG CTC CTG TTG CTG CTG CTG CTG CTC CTG CTT CTG CTG CTC GAA GAA GAG GAA GAC GAC GAC GAC GAC GAC GAT GAG GAA GAG GAA GAG GAG GAG GAG GAG GAG GAG GAA GAG GAC GAC GCC GCG GCC GCC GCC GCC ACC GCC GCT GCC GCC GCC GCC GCA GCC CCG GCG GCT GCT GCC GCC GCC GCC GCT GCC GCG GCT GCC GGG GGT GGA GGC GGC GGC GGC GGC GGG GGC GGT GGC GGC GGG GGC GGC GTG GTC GTG GTC GTC GTC GTG GTG GTG GTG GTG GTC GTT GTA GTG GTC GTG GTG GTG GTC GTG TAC TAC TAC TAC TAC TAC TAT TCT TCT TCT TCC TCT TCC TCC TCT TCT TCT GCG TCG TCG TCA TCG TCG TCG TCC TCA TCC TCT TGC TGT TGC TGC TGC TGT TGC TGG TGC TGT TGC TTC TTC TTT TTC TTC TTT TTT CTG CTG TTC TTT TTT
Rattus norvegicus                           --- --- --- --- --- --- --- --- --- --- --- --- --- --- --- --- --- --- --- --- --- --- --- --- --- --- --- --- --- --- --- --- --- --- --- ACG --- AAA AAC AAC AAG AAT GCC ACT ACC ACG AGC GGC AGC AGC AGG AGC ATC ATG ATG ATG CAC CAC CAG CCA CCA CCC CCT TCC CCC CCC CTG CCT CGA CGG CTG CTC CTG CTG CTG CTG CTG CTG GAC GAC GAT GAT GAG GAG GAA GAG GAG GCC GCC GCC ACA GGC AGC AGC GCG GGC GGC GGC GGC GGG GGG GGG GGT GTG GTG GTA TCC TGC TGC TGT TTG --- AAA AAA AAA AAC AAT AAC AAT AAC AAG AAG AAG AAG AAG AAG AAT ACC ACC ACA ACC ACC ACC ACC ACA GCC ACG ACG AGG AGG AGC AGT AAC AGC AGC AGT AGG AGG AGT ATC ATA ATC ATC ATC ATT ATC ATC ATG ATG ATG ATC CAC CAC CAC CAT CAC CAG CAG CAG CAG CAC CCA CCC CCG CCC CCC CCC CCT CCC CCC CCT ACT CCC CCC CCG CCG CCG CGA CGC CGG CGC CGC CGG CGA CGC AGA CGT CGC CGC CGC CGC CGC AGG CGC CGG AGG CGG CGG CGG CGA CTT CTC CTT CTC CTC CTC CTG CTG TTG CTC CTG TTG CTG CTG TTG CTG CTA CTG CTG CTG CTG CTT GAA GAA GAG GAA GAC GAC GAC GAT GAC GAC GAT GAG GAG GAG GAG GAA GAG GAG GAG GAG GAG GAG GAA GAG GAC GAT GCC GCG GCC GCT GCC GCT ACC GCC GCT GCC GCC GCC GCC GCA GCC CCC GCG GCT GCT GCC GCG GCC GCT GCC GCC GCG GCT GCA GGG GGA GGG GGC GGC GGC GGC GGC GGG GGC GGT GGC GGT GGG GGC GGC GTG GTC GTG GTC GTC GTC GTG GTG GTG GTG GTG GTC GTT GTG GTG GTA GTG GTG GTG GTC GTG TAC TAC TAC TAC TAC TAC TAT TCC TCT TCC TCC TCT TCC TCC TCT TCC TCT GCG TCG TCG TCA TCG TCG TCG TCT TCA TCC TCT TGC TGC TGC TGC TGC TGC TGC TGG TGC TGT TGC TTC TTC TTC TTC TTC TTC TTT CTG CTG TTC TTT TTT
Canis lupus familiaris                      AAT ACA ACC ACG ACT AGC AGG ATA ATG CAC CAG CCA CCC CCG CCT CGA CGC CGG CTC CTT GAC GAG GCA GCC GCG GCT GGA GGC GGG GGT GTA GTC GTG TCG --- --- --- AAA AGC AAC AAG GCG GCC ACC ACC ACG AGC GGC AGC AGC AGG AGC ATC ATG GTG ATG CAC CAC CAG CCC CCC CCT CCC TCC GCC GCT CTG CCG CGG CGG CTG CTC CTG CTG GTG CTG CTG CTG GAC GAC GAG GAC GAG GAG GAG GAG GAA GCA GCC GCC ACA GCG GGC GGC GGC GGC GGT GGC GGC GGG GGA GGG GGT GTG GTG GTG TCC TGC TGC TGT TTG --- AAA AAA AAG AAC AAC AAC AAC AAC AAG AAG AAG AAG AAG CAG AAC ACC ACG ACC ACC ACG ACC ACC ACC GCC ACG ACG AGG AGA AGC AGC AGC AGC AGC AGC AGG CGG AGT ATC ATC ATC ATC ATC ATC ATC ATC ATG ATG ATG ATC CAC CAC CAC CAC CAC CGG CAG CAG CAG CAC CCA CCA CCC CCC CCC CCC CCC CCC CCC CCC ACC CCC CCG CCG CCG CCG CGA CGC CGC CGC CGC CGC TGC CGC CGC CGG CGC CGC CGG CGC CGC CGC CGG CGG CGG CGG CGG CGC CGC CTG CTC CTC CTC CTT CTC CTG CTG CTG CTG CTG CTG CTC CTG CTG CTG CTG CTG CTG CTG CTG CTT GAA GAA GAA GAA GAC GAC GAC GAC GAC GAC GAT GAG GAG GAG GAG GAG GAG GAG GAG GAG GAG GAG GAG GAG GAT GAC GCC GCC GCC GCC GCC GCA GCC GCC GCC GCC GCC GCC GCC GCG GCC CCC GCG GCG GCG GCG GCC GCC GCC GCC GCC GCG GCT GCC GGG GGA GGC GGC GGC GGC GGC GGC GGG GGT GGT GGC GGC GGC GGG GGC GTG GTG GTG GTC GTC GTC GTC GTG GTG GTG GTG GTG GTG GTG GTG GTG GTG GTC GTG GTC GTG TAC TAC TAC TAC TAC TAT TAT TCG TCC TCG TCT TCC TCC TCC TCC TCC TCC GCG TCG TCG TCT TCG TCC TCG TCG TCG TCC TCC TGC CGG TGC TGC TGT TGC TGC TGG TGC TGC TGT TTC TTC TTC TTC TTC TTC TTC CTG TTG TTC TTT TTT



    2    1    1    1    1    1    1    1    2    1    1    1    4    5    2
    1    6    4    2    2    1    3    3    7    5    2    4    2    6    3
    2    2    2    1    1    1    2    1    1    1    1    1    1    1    1
    1    1    1    1    1    1    1    1    2    1    1    1    1    1    1
    1    1    1    1    1    1    1    1    1    1    1    1    1    1    1
    1    1    1    1    1    1    1    1    1    1    1    1    1    1    1
    1    1    1    1    1    2    1    1    1    1    1    1    1    1    1
    1    1    1    1    1    1   32    1    1    1    2    1    1    1    1
    1    1    1    1    3    1    1    1    1    1    1    1    1    1    1
    1    1    1    1    1    1    1    1    8    3    1    1    1    1    1
    1    8    1    1    1    1    1    1    1    3    1    2    1    2    1
    1    1    1    6    1    1    1    1    1    1    1    2    1    1    1
    1    1    1    1    1    1    1    1    1    1    1    1    1    1    1
    1    1    1    1    1    1    1    1    1    1    1    1    1    1    1
    1    1    1    1    1    1    1    1    1    1    1    1    1    6    1
    1    1    1    1    1    2    1    1    1    1    1    1    1    2    1
    2    1    1    1    1    1    1    1    1    1    3    1    2    3    1
    1    1    1    1    1    1    1    1    1    1    1    1    1    1    1
    1    1    1    1    1    1    1    1    1    1    1    1    1    1    1
    1    1    1    1    1    1    1    1    2    1    1    1    1    1    1
    1    1    1    1    1    1    1    1    1    1    1    1    1    1    1
    1    2    1    1    1    2    1    1    1    1    5    1    2    1    1
    1    1    1    1    1    1    1    1    1    1    1    1    1    1    1
    1    1    1    1    1    1    1    1    2    2    1    1    1    1    1
    1    1    1    2    1    1    4    1    1    1    1    1    1    1

CODONML (in paml version 4.4b, July 2010)  torun.nuc
Model: One dN/dS ratio for branches Global clock  (2 genes: diff. rate & k&w)  
Codon frequency model: F3x4
ns =   7  ls = 513

Codon usage in sequences
--------------------------------------------------------------------------------------------------------------
Phe TTT  3  8  2  3  5  3 | Ser TCT  2  9  2  2  8  6 | Tyr TAT  2  4  2  2  1  1 | Cys TGT  4  7  3  5  4  2
    TTC 11  9 13 11  9 11 |     TCC 10 16  6 10  7  9 |     TAC 10  6  9 10 11 11 |     TGC 11  8 10 10 11 13
Leu TTA  0  1  0  0  0  0 |     TCA  1  4  6  0  2  2 | *** TAA  0  0  0  0  0  0 | *** TGA  0  0  0  0  0  0
    TTG  3  7  2  3  5  4 |     TCG  9  3  4 10  5  5 |     TAG  0  0  0  0  0  0 | Trp TGG  1  1  1  1  1  1
--------------------------------------------------------------------------------------------------------------
Leu CTT  1  6  4  1  2  3 | Pro CCT  1  2  4  1  5  4 | His CAT  1  4  1  1  2  1 | Arg CGT  1  2  1  1  1  1
    CTC  6  7  6  6  8  6 |     CCC 15  6 14 15 12 13 |     CAC  9  4  9  9  8  9 |     CGC 14  6 13 13  9 10
    CTA  2  0  0  2  0  1 |     CCA  4  4  1  5  2  3 | Gln CAA  0  3  0  0  0  0 |     CGA  1  1  1  0  5  4
    CTG 27 16 28 28 25 26 |     CCG  6  3  1  5  5  4 |     CAG 10 10  9 10 10 10 |     CGG  9  4 16 10  8  7
--------------------------------------------------------------------------------------------------------------
Ile ATT  1  3  2  0  0  1 | Thr ACT  0  2  1  0  0  2 | Asn AAT  1  3  0  2  4  4 | Ser AGT  2  6  2  3  3  3
    ATC 15 14 14 16 17 15 |     ACC 12  6 12 12 11  8 |     AAC  8  8  6  7  8  7 |     AGC 19 15 19 18 18 18
    ATA  1  1  0  1  0  1 |     ACA  1  9  2  1  0  3 | Lys AAA  4  9  3  4  3  4 | Arg AGA  2  3  0  2  0  1
Met ATG  9 11  8  9  9  9 |     ACG  3  3  1  3  5  4 |     AAG  9  9  9  9 10  9 |     AGG  3  4  1  3  7  7
--------------------------------------------------------------------------------------------------------------
Val GTT  3  5  0  2  1  1 | Ala GCT  7  2  3  6  5  7 | Asp GAT  2  7  2  2  2  5 | Gly GGT  2  5  2  2  2  3
    GTC  6  5 11  6  7  6 |     GCC 19 10 24 19 22 18 |     GAC 13 16 12 13 13 10 |     GGC 20  7 12 20 22 17
    GTA  1  2  0  1  2  2 |     GCA  1  1  3  1  1  2 | Glu GAA  4  9  5  4  7  6 |     GGA  2  3  3  2  2  1
    GTG 16  9 12 17 16 17 |     GCG  6  8  9  7  5  6 |     GAG 23  8 20 23 20 21 |     GGG  5  3  8  5  5  7
--------------------------------------------------------------------------------------------------------------

--------------------------------------------------
Phe TTT  2 | Ser TCT  2 | Tyr TAT  2 | Cys TGT  3
    TTC 12 |     TCC 12 |     TAC 10 |     TGC 12
Leu TTA  0 |     TCA  0 | *** TAA  0 | *** TGA  0
    TTG  2 |     TCG  9 |     TAG  0 | Trp TGG  1
--------------------------------------------------
Leu CTT  4 | Pro CCT  3 | His CAT  0 | Arg CGT  0
    CTC  8 |     CCC 18 |     CAC 11 |     CGC 20
    CTA  0 |     CCA  3 | Gln CAA  0 |     CGA  2
    CTG 29 |     CCG 10 |     CAG 11 |     CGG 16
--------------------------------------------------
Ile ATT  0 | Thr ACT  1 | Asn AAT  2 | Ser AGT  1
    ATC 17 |     ACC 10 |     AAC  8 |     AGC 21
    ATA  1 |     ACA  2 | Lys AAA  3 | Arg AGA  1
Met ATG 10 |     ACG  6 |     AAG  9 |     AGG  4
--------------------------------------------------
Val GTT  0 | Ala GCT  4 | Asp GAT  2 | Gly GGT  7
    GTC  8 |     GCC 31 |     GAC 13 |     GGC 21
    GTA  2 |     GCA  5 | Glu GAA  5 |     GGA  6
    GTG 24 |     GCG 14 |     GAG 26 |     GGG 11
--------------------------------------------------

Codon position x base (3x4) table for each sequence.

#1: Pan troglodytes
position  1:    T:0.17005    C:0.27157    A:0.22843    G:0.32995
position  2:    T:0.26650    C:0.24619    A:0.24365    G:0.24365
position  3:    T:0.08376    C:0.50254    A:0.06091    G:0.35279
Average         T:0.17343    C:0.34010    A:0.17766    G:0.30880

#2: Danio rerio    
position  1:    T:0.22616    C:0.21253    A:0.28883    G:0.27248
position  2:    T:0.28338    C:0.23978    A:0.27248    G:0.20436
position  3:    T:0.20436    C:0.38965    A:0.13624    G:0.26975
Average         T:0.23797    C:0.28065    A:0.23252    G:0.24886

#3: Gallus gallus  
position  1:    T:0.16043    C:0.28877    A:0.21390    G:0.33690
position  2:    T:0.27273    C:0.24866    A:0.23262    G:0.24599
position  3:    T:0.08289    C:0.50802    A:0.06417    G:0.34492
Average         T:0.17201    C:0.34848    A:0.17023    G:0.30927

#4: Homo sapiens   
position  1:    T:0.17005    C:0.27157    A:0.22843    G:0.32995
position  2:    T:0.26904    C:0.24619    A:0.24365    G:0.24112
position  3:    T:0.08376    C:0.49492    A:0.05838    G:0.36294
Average         T:0.17428    C:0.33756    A:0.17682    G:0.31134

#5: Mus musculus   
position  1:    T:0.17337    C:0.25628    A:0.23869    G:0.33166
position  2:    T:0.26633    C:0.23869    A:0.24874    G:0.24623
position  3:    T:0.11307    C:0.48492    A:0.06030    G:0.34171
Average         T:0.18425    C:0.32663    A:0.18258    G:0.30653

#6: Rattus norvegicus
position  1:    T:0.17215    C:0.25823    A:0.24304    G:0.32658
position  2:    T:0.26835    C:0.24304    A:0.24810    G:0.24051
position  3:    T:0.11899    C:0.45823    A:0.07595    G:0.34684
Average         T:0.18650    C:0.31983    A:0.18903    G:0.30464

#7: Canis lupus familiaris
position  1:    T:0.14046    C:0.28302    A:0.20126    G:0.37526
position  2:    T:0.24948    C:0.27254    A:0.21384    G:0.26415
position  3:    T:0.06918    C:0.48637    A:0.06289    G:0.38155
Average         T:0.15304    C:0.34731    A:0.15933    G:0.34032

Codon usage in genes
--------------------------------------------------------------
Phe TTT  0 26 | Ser TCT  1 30 | Tyr TAT  0 14 | Cys TGT  6 22
    TTC  1 75 |     TCC 13 57 |     TAC  0 67 |     TGC 14 61
Leu TTA  0  1 |     TCA  1 14 | *** TAA  0  0 | *** TGA  0  0
    TTG  8 18 |     TCG  2 43 |     TAG  0  0 | Trp TGG  0  7
--------------------------------------------------------------
Leu CTT  4 17 | Pro CCT 11  9 | His CAT  1  9 | Arg CGT  0  7
    CTC  8 39 |     CCC 26 67 |     CAC 12 47 |     CGC  7 78
    CTA  2  3 |     CCA  8 14 | Gln CAA  1  2 |     CGA  2 12
    CTG 41 138 |     CCG 11 23 |     CAG  9 61 |     CGG 16 54
--------------------------------------------------------------
Ile ATT  1  6 | Thr ACT  3  3 | Asn AAT  5 11 | Ser AGT  7 13
    ATC  5 103 |     ACC 17 54 |     AAC  9 43 |     AGC 33 95
    ATA  1  4 |     ACA  7 11 | Lys AAA  5 25 | Arg AGA  1  8
Met ATG 28 37 |     ACG  7 18 |     AAG  8 56 |     AGG  7 22
--------------------------------------------------------------
Val GTT  3  9 | Ala GCT  3 31 | Asp GAT  4 18 | Gly GGT 10 13
    GTC  3 46 |     GCC 27 116 |     GAC 23 67 |     GGC 49 70
    GTA  4  6 |     GCA  6  8 | Glu GAA  5 35 |     GGA  7 12
    GTG 18 93 |     GCG 14 41 |     GAG 33 108 |     GGG 21 23
--------------------------------------------------------------

Codon position x base (3x4) table for each gene.


Gene #1
position  1:    T:0.07945    C:0.27461    A:0.24870    G:0.39724
position  2:    T:0.21934    C:0.27116    A:0.19862    G:0.31088
position  3:    T:0.10190    C:0.42660    A:0.08636    G:0.38515
Average         T:0.13356    C:0.32412    A:0.17789    G:0.36442

Gene #2
position  1:    T:0.19595    C:0.26126    A:0.22928    G:0.31351
position  2:    T:0.27973    C:0.24279    A:0.25360    G:0.22387
position  3:    T:0.10721    C:0.48874    A:0.06982    G:0.33423
Average         T:0.19429    C:0.33093    A:0.18423    G:0.29054

Sums of codon usage counts
------------------------------------------------------------------------------
Phe F TTT      26 | Ser S TCT      31 | Tyr Y TAT      14 | Cys C TGT      28
      TTC      76 |       TCC      70 |       TAC      67 |       TGC      75
Leu L TTA       1 |       TCA      15 | *** * TAA       0 | *** * TGA       0
      TTG      26 |       TCG      45 |       TAG       0 | Trp W TGG       7
------------------------------------------------------------------------------
Leu L CTT      21 | Pro P CCT      20 | His H CAT      10 | Arg R CGT       7
      CTC      47 |       CCC      93 |       CAC      59 |       CGC      85
      CTA       5 |       CCA      22 | Gln Q CAA       3 |       CGA      14
      CTG     179 |       CCG      34 |       CAG      70 |       CGG      70
------------------------------------------------------------------------------
Ile I ATT       7 | Thr T ACT       6 | Asn N AAT      16 | Ser S AGT      20
      ATC     108 |       ACC      71 |       AAC      52 |       AGC     128
      ATA       5 |       ACA      18 | Lys K AAA      30 | Arg R AGA       9
Met M ATG      65 |       ACG      25 |       AAG      64 |       AGG      29
------------------------------------------------------------------------------
Val V GTT      12 | Ala A GCT      34 | Asp D GAT      22 | Gly G GGT      23
      GTC      49 |       GCC     143 |       GAC      90 |       GGC     119
      GTA      10 |       GCA      14 | Glu E GAA      40 |       GGA      19
      GTG     111 |       GCG      55 |       GAG     141 |       GGG      44
------------------------------------------------------------------------------

(Ambiguity data are not used in the counts.)


Codon position x base (3x4) table, overall

position  1:    T:0.17185    C:0.26402    A:0.23330    G:0.33083
position  2:    T:0.26724    C:0.24866    A:0.24223    G:0.24187
position  3:    T:0.10611    C:0.47588    A:0.07324    G:0.34477
Average         T:0.18173    C:0.32952    A:0.18292    G:0.30582


Nei & Gojobori 1986. dN/dS (dN, dS)
(Pairwise deletion)
(Note: This matrix is not used in later ML. analysis.
Use runmode = -2 for ML pairwise comparison.)

Pan troglodytes     
Danio rerio          0.0952 (0.1837 1.9301)
Gallus gallus        0.1216 (0.0919 0.7558) 0.1312 (0.2271 1.7310)
Homo sapiens         0.0334 (0.0011 0.0340) 0.1056 (0.1852 1.7534) 0.1219 (0.0932 0.7650)
Mus musculus         0.0331 (0.0166 0.5020) 0.1148 (0.1867 1.6266) 0.0991 (0.0908 0.9167) 0.0359 (0.0178 0.4953)
Rattus norvegicus    0.0451 (0.0201 0.4456) 0.1033 (0.1882 1.8217) 0.1043 (0.0928 0.8899) 0.0439 (0.0201 0.4577) 0.0336 (0.0068 0.2025)
Canis lupus familiaris 0.0927 (0.0237 0.2555) 0.1262 (0.1909 1.5122) 0.1235 (0.0886 0.7175) 0.0973 (0.0249 0.2554) 0.0498 (0.0231 0.4630) 0.0516 (0.0242 0.4694)


TREE #  1:  (((((4, 1), (5, 6)), 7), 3), 2);   MP score: -1
lnL(ntime:  6  np: 11):  -4235.701595      +0.000000
   8..9     9..10   10..11   11..12   12..4    12..1    11..13   13..5    13..6    10..7     9..3     8..2  
 2.135041 0.807191 0.234230 0.226768 0.017543 0.078372 0.938590 3.110427 0.085632 2.295785 0.019844
SEs for parameters:
 0.345526 0.112517 0.030335 0.030862 0.005709 0.013458 0.126346 0.669438 0.019170 0.312186 0.003199
Note: Branch length is defined for the first gene (site partition).
For other genes, look at "rates for genes".

tree length =   5.63419 (1st gene)

(((((4: 0.017543, 1: 0.017543): 0.209225, (5: 0.078372, 6: 0.078372): 0.148397): 0.007462, 7: 0.234230): 0.572961, 3: 0.807191): 1.327851, 2: 2.135041);

(((((Homo sapiens: 0.017543, Pan troglodytes: 0.017543): 0.209225, (Mus musculus: 0.078372, Rattus norvegicus: 0.078372): 0.148397): 0.007462, Canis lupus familiaris: 0.234230): 0.572961, Gallus gallus: 0.807191): 1.327851, Danio rerio: 2.135041);

Detailed output identifying parameters

rates for 2 genes:     1  0.93859

gene # 1: kappa =   3.11043 omega =   0.08563
gene # 2: kappa =   2.29578 omega =   0.01984

Time used:  0:25
