
seed used = 1418804637
      8   1422

Rattus norvegicus                          --- --- --- --- --- --- --- --- --- --- --- --- --- --- --- --- --- --- --- --- --- --- --- --- --- --- --- --- --- --- --- --- --- --- --- --- --- --- --- --- --- --- --- --- --- --- --- --- --- --- --- --- --- --- --- --- ATG GCC CAG GCA GCG CGC GTT GCG TGG GTG CTT GGC TCT AGC CGG TGC GCC CTG TCA GAG GGG CTG CTC ACA CGA CCC TGG ACA --- CAA CTC TCG GCA CAG AGC CGG GCG GGC TTC ACC AGG GCG GCA --- --- --- GCG GGA --- AAC CGG --- --- GGC GCC TCG ATC CGC AAG GGG AGC CCG CGG TTG CTG GGG GTG GCG GCG CTG GCC CTG GGC GGC GCT CTG GGG CTG TAC CAC ACT GTG CGG TGG CAC CTG CGC TCC CAG GAC CTC CAC GCC GAG CGC TCG GCT GTG CAG CTG TCC --- --- --- --- --- --- --- --- --- --- --- --- --- CTG TCC AAC CGC CTG CAG CTG ACC CTG TAC CAG TAC AAG ACA TGT CCC TTC TGC AGC AAA GTC CGT GCC TTC CTC GAC TTC CAC TCC CTG CCC TAT CAG GTG GTA GAG GTG AAT CCC GTG AGA AGG ACC GAG ATT AAA TTC TCC --- TCC TAC AGG AAG GTA CCC ATC CTG GTG GCC CAG GAA GGA GAC AGC --- TTG CAA CAG CTC AAT GAC TCC TCA GTC ATC ATT AGT GCC CTC AAG ACC TAC CTG GTT TCA GGG CAG --- CCC CTG GAA GAG ATC ATC ACT TAT TAC CCA CCC ATG AAG GCC ATG AAT GAC CAG GGC AAG GAG GTA ACC GAG TTC GGC AAC AAG TAC TGG CTC ATG CTG GAC CAG AAG GAG GCC CAG CAG ATG TAT GGC --- --- GGA AAG GAA GCC AGG ACG GAG GAG ATG AAG TGG CGG CAG TGG GCG GAT GAC TGG CTG GTG CAT CTC ATC TCT CCC AAC GTG TAC CGA ACA CCT GCC GAG GCC CTG GCT TCC TTC GAC TAT ATT GTC CGT GAG GGC AAG --- --- --- --- TTT GGG GCT GTG GAG GCC ACC ATG GCC AAG TAC GTG GGC GCA GCT GCC ATG TAC TTC ATC AGC AAG CGC CTC AAA AGC AGG CAC CAC CTG CAG GAT GAT GTC CGG GTA GAC CTC TAT GAA GCA GCC AAC AAG TGG GTG ACA GCC GTG GGC AAA GAC CGG --- CCA TTC ATG GGG GGT CAG AAG CCT AAC CTT GCT GAC CTG GCA GTG TAT GGT GTG CTG CGA GTG ATG GAG GGT CTG GAA GCC TTT GAC GAC CTG ATG CGA CAC TCA CAC ATC CAG CCT TGG TAC CTG CGG ATG GAG CGG GCC ATC AAA GAA GCC TCT TCA ATG CAC TGT ATG CAC CCT AAT TGC AAA GAC --- --- --- --- 
Gallus gallus                              --- --- --- --- --- --- --- --- --- --- --- --- --- --- --- --- --- --- --- --- --- --- --- --- --- --- --- --- --- --- --- --- --- --- --- --- --- --- --- --- --- --- --- --- --- --- --- --- --- --- --- --- --- --- --- --- ATG GCC GCT GCC GGC AGG --- --- --- --- --- --- --- --- --- --- --- --- GCC TGG CGG GTC GCG GCG CTG CTG CCG CCC TGG CGG CTG CGG GCC CCG TGC CGT TCT --- --- --- --- --- TTG --- --- --- GGC AGC GCG GCG CGG --- --- GGC GCT GCT GCC --- --- GGC GGC AGC CGC TTG TTG CTG GGC GCT GCC TTC GCG CTG GGC GGC GGT GCC GGT CTC TGC CTG GCG GCG CGG CAG CGC CTG AGG --- --- --- --- --- --- GAG CAC TCG GCC GCG GAG CTG CCT --- --- --- --- --- --- --- --- --- --- --- --- --- GCA GGG AAC --- CTG CAG CTC ACC CTC TAC CAG TAT AAA ACC TGT CCT TTC TGC AGT AAA GTC CGA GCT TTT CTG GAT TAT CAT GGG CTG CCC TAT GAA ATA GTG GAA GTA AAC CCA ATA ATG AGG AAG GAG ATC AAA TTC TCC --- TCC TAC AGA AAG GTG CCC ATC CTG CTA GCT GAT GCT GGA AGC CCT --- CTG --- CAG TTG AAT GAC TCT TCG GTG ATC ATC AGT GCA ATA AAG ACC TAT CTC ATT TCC AAG AGG AAT AGC CTA GAA GAA ATT GTG TCC TTT TAC CCT CCC ATG AAA ACG GTT ACT GAG CAA GGC AAG GAG GTA CTT GAG TAT GGG AAT AAA TAC TGG CTC ATG CTG GAT GAG AAG GAG ACA AAG CGA GTC TAT CCT --- --- GTC AAA GAA GTG AGA GTG GAA GAA ATG CAG TGG AGA AAA TGG GCA GAT GAT TGG CTT GTT CAC CTC ATC TCC CCC AAC GTT TAC CGC ACC CCC AAG GAG GCC TTG GCG TCC TTT GAT TAC ATT GTC CGT GAG GGG AAG --- --- --- --- TTT GGC ACT GTG GAA GGC TTC TTT GCC AAG TAC ATG GGG GCC ATT GCC ATG TTC TTC ATT AGC AAG AGA CTG AAG AAA CGG CAT CAC CTT CGA GAT GAT GTC CGA GAA GAC TTG TAC GAA GCA GTT GAT AAG TGG GTA AAA GCC ATT GGC AAA AAC AGG --- CTG TTC ATG GGT GGA AGC CAA CCA AAC CTT GCT GAC TTG GCA GTG TAC GGA GTG CTC CGG GTC ATG GAG GGG CTG GAA GCC TTT GAC GAC ATG ATG GTC CAC ACC AAG GTT CAG CCC TGG TAC CAG CGC ATG GAA GAA GCC ATT CAA AAG GCT GCA GCC --- --- --- --- --- --- --- --- --- --- --- --- --- --- 
Mus musculus                               --- --- --- --- --- --- --- --- --- --- --- --- --- --- --- --- --- --- --- --- --- --- --- --- --- --- --- --- --- --- --- --- --- --- --- --- --- --- --- --- --- --- --- --- --- --- --- --- --- --- --- --- --- --- --- --- ATG GCC CAG GCG GCG CGC CTT TCG TGG GTG CTT GTC TCT AGC CGG TGC GCC CTG ACT GAG GGG CTG CTC ACA CGA CCC TGG CAG --- CCG CTC TCG GCA CAG AGC CGG GCT GGC TTC ACC AGG GTG GCT --- --- --- GCC GGA --- AGC CGG --- --- GGC GCC GCG GTC CGC AAG GGG AGC CCG CGG TTG CTG GGG GCG GCG GCG CTG GCC CTG GGC GGC GCG CTG GGG CTG TAC CAC ACC GTG CGG TGG CAC CAG CGT TCC CAG GAC CTC CGC GCG GAG CGC TCG GCT GCG CAG CTG CCC --- --- --- --- --- --- --- --- --- --- --- --- --- CTG TCG AAC AGC CTG CAG CTG ACC CTG TAC CAG TAC AAG ACA TGT CCC TTC TGC AGC AAA GTC CGT GCC TTC CTC GAC TTC CAC TCC CTG CCC TAT CAG GTG GTG GAG GTG AAT CCC GTG AGA AGG ACT GAG ATC AAA TTC TCC --- TCC TAC AGG AAA GTG CCC ATC TTG GTG GCC CAG GAA GGA GAC AGC --- TTG CAA CAG CTC AAT GAC TCC TCT GTC ATC ATT AGT GCC CTC AAG ACC TAC CTG GTT TCA GGG CAG --- CCC CTG GAA GAG GTC ATC ACT TAT TAC CCA CCC ATG AAG GCC ATG AAT GAC CAG GGC AAG GAG GTG ACC GAG TTT TGC AAC AAG TAC TGG CCC ATG CTG GAC GAG AAG GAG GCC CAG CAG ATG TAT GGC --- --- GGG AAG GAA GCC AGG ACG GAG GAG ATG AAG TGG CGG CAG TGG GCG GAT GAC TGG CTG GTG CAT CTC ATC TCT CCC AAC GTG TAC CGA ACA CCC GCT GAG GCC TTG GCT TCC TTC GAC TAC ATT GTC CGT GAG GGC AAG --- --- --- --- TTT GGG GCT GTG GAG GCT GCC ATG GCC AAG TAT GTG GGC GCG GCT GCC ATG TAC CTC ATC AGC AAG CGC CTC AAA AGC AGG CAC CAC CTG CAG GAT GAT GTA CGG GTA GAC CTC TAT GAA GCA GCC AAC AAG TGG GTG ACA GCC GTG GGT AAA GAC CGG --- CCA TTC ATG GGG GGT CAG AAG CCT AAC CTT GCT GAC CTG GCA GTG TAT GGT GTG CTG CGA GTG ATG GAG GGT CTG GAG GCC TTC GAC GAC CTG ATG CGA CAC TCA CAC ATC CAG CCT TGG TAC CTG CGG ATG GAG CGG GCC ATT GAA GAA GCC CCC TCG GTG CAT CAT GTC AAC CCT AGC TGC AAA GAC --- --- --- --- 
Bos taurus                                 ATG GGT GTT TTA AAA GTT GGG CGC CGG GGA CTC AAG CTC AGT CCC ACG AGG GCT GCC CCC GCC CCG CTC GGC GTC ACC GTC ACC CCT GGC AAC CGG CTG GCC CCG CCC CTT CAA GGG GAG CCA GAG CCA AGG CAG TCT TTG TTT CTC GCG CCC TTC CGC GGC GCC GGC GGA GCA AAC ATG GCC CAC GCT GTA CGG GCT CTG TGG CCC CAC GGG CGC GCT CTG GCC TGG AGG CTG GGC GAT CGG CCG GCG CTG --- GGA CTC CAC GCG CAG AGC CGG GCC GGC TTC ACC GGG GCA GCG --- --- --- GGA GGC TCG GGC CCC --- --- GCC GCT ACG GCC CGC AAG GGG GGT CCA CGG CTC CTG GGG GCG GCG GCG CTG GCC CTG GGT GGC GCC CTG GGA CTA TAC CAC ACG GCG CGG TGG CAC CTG CGC GCC CAG GAC CTC CGC GCA GAG CGC TCG GCC ACA CAG CTC TCC --- --- --- --- --- --- --- --- --- --- --- --- --- CTG TCC AGC CGC CTG CAG CTG ACG CTG TAC CAG TAC AAA ACG TGT CCG TTC TGC AGC AAG GTC CGC GCC TTC CTC GAC TTC CAC GCC CTG CCC TAC CAG GTG GTG GAG GTG AAC CCT GTG CGC CGG GCC GAG ATC AAG TTC TCC --- TCC TAC AGG AAG GTG CCC ATC GTT ATG GCC CAG GAA GGA GAG AGT --- TTG CAA CAA CTG AAC GAC TCC TCT GTC ATC ATC AGC GCT CTC AAG ACC TAT CTG GTG TCA GGG CAA --- CCC CTG GCA GAC ATC ATC ACC TAC TAT CCA CCC ATG AAG GCG GTG AAT GAC CAG GGC AAG GAG GTG ACC GAA TTC TGC AAC AAG TAC TGG CTC ATG CTG GAT GAG AAG GAA GCC CAG CGG ATG TAT GGG --- --- GGG AAG GAG GCC AGG ACG GAG GAG ATG AAG TGG CGG CAG TGG GCG GAC GAC TGG TTG GTA CAC CTC ATC TCC CCC AAC GTG TAC CGC ACG CCG GCC GAG GCC TTG GCC TCC TTT GAC TAC ATT GTC AAG GAG GGC AAT --- --- --- --- TTC GGG ACC GTG GAG GGC GCC ATG GCC AAG TAC ATG GGT GCA GCT GCC ATG TAC TTC ATC AGC AAG CGG CTC AAA CGC AGG CAC CAC CTC CGG GAT GAC GTG CGG GAG GAT CTC TAC GAG GCT GCC AAC AAG TGG GTG GCA GCT GTG GGC AAA GAC CGG --- CCC TTC ATG GGG GGC CAG AAG CCG AAC CTG GCA GAT CTG GCA GTC TAC GGT GTG CTG CGT GTG ATG GAG GGT CTA GAG GCC TTC GAC GAC CTC ATG CGT CAC ACT CAC ATC CAG CCC TGG TAC CTG CGG GTG GAG AAG GCC ATC GCC GAG GCC CCC CAG --- --- --- --- --- --- --- --- --- --- --- --- --- --- 
Canis lupus familiaris                     --- --- --- --- --- --- --- --- --- --- --- --- --- --- --- --- --- --- --- --- --- --- --- --- --- --- --- --- --- --- --- --- --- --- --- --- --- --- --- --- --- --- --- --- --- --- --- --- --- --- --- --- --- --- --- --- --- --- --- ATG GCC CAG GTC GCG CGA GCG CTG TGG CCG GTC CGG TAC GCT CTG GCC TGG AGG CTG GGC GGT CGC CTC CCG CCC --- GGA CTC CCC GCG CAC AGT CGG GCC GGC TTC GCG GGA GCG GCA --- --- --- GGA GGC CAG GGC CCC --- --- GCT GCC ACC GCC CGC AAG GGG AGC CCG CGG CTG CTG GGA GCG GCG GCG CTG GCC CTG GGG GGC GTC CTG GGG CTG TAC CAC ACC GCG CGG TGG CAC CTG CGC GCC CAG CAC CTC CGC GCC CAG CGC CCC GCC GCG CAG CTC TCC --- --- --- --- --- --- --- --- --- --- --- --- --- CTG TCC AGT CGC CTG CAG CTG ACC CTG TAC CAG TAC AAA ACA TGC CCC TTC TGC AGC AAG GTC CGT GCC TTC CTC GAT TTC CAC GCC CTG CCC TAC CAG GTG GTG GAA GTG AAC CCC GTG CGC AGG GCC GAG ATC AAG TTC TCC --- TCC TAC AGA AAG GTG CCC ATC CTG CTG GCC CAG GAA GGA GAG AGC --- TTG CAA CAA CTG AAC GAT TCC TCT GTC ATC ATC AGT GCT CTC AAG ACC TAC CTG GTG TCG GGG CAG --- CCC CTG GAA GAC ATT ATC ACC TAC TAT CCA CCC ATG AAG GCT GTG AAC GAC CAG GGA AAG GAA GTG ACT GAA TTC TGC AAC AAG TAT TGG CTC ATG CTA GAT GAG AAA GAG GCC CAG CAC CTG TAT GGT --- --- GGG AAG GAG GCG AGG ACG GAG GAG ATG AAG TGG CGG CAG TGG GCA GAT GAC TGG CTG GTG CAC CTG ATC TCT CCC AAC GTG TAC CGC ACT CCT GCT GAG GCC CTG GCT TCC TTT GAC TAC ATT GTC AGG GAG GGC AAG --- --- --- --- TTC GGG GCA GTG GAA GGT GCC GTG GCC AAG TAC ATG GGT GCA GCT GCC ATG TAC TTC ATC AGC AAG CGG CTC AAG AGC AGG CAT CAC CTC CAG GAT GAC GTT CGT GAG GAC CTC TAT GAG GCT GCC GAC AAG TGG GTG GCA GCC GTG GGC AAA GAC CGA --- CCC TTC ATG GGG GGC CAG AAG CCA AAC CTG GCT GAT CTG GCA GTG TAT GGT GTG CTG CGT GTG ATG GAG GGC CTG GAG GCC TTC GAT GAC CTG ATG CGT CAT ACC CGC ATC CAG CCC TGG TAC CTG CGT GTG GAG AAG GCC ATT GCT GAG GCC CCC CAG --- --- --- --- --- --- --- --- --- --- --- --- --- --- 
Pan troglodytes                            --- --- --- --- --- --- --- --- --- --- --- --- --- --- --- --- --- --- --- --- --- --- --- --- --- --- --- --- --- --- --- --- --- --- --- --- --- --- --- --- --- --- --- --- --- --- --- --- --- --- --- --- --- --- --- --- ATG GAC CCG GCT GCG CGG GTG GTG CGG GCG CTG TGG CCT GGT GGG TGC GCC TTG GCC TGG AGG CTG GGA GGC CGC CCC CAG CCG --- CTG CTA CCC ACG CAG AGC CGG GCT GGC TTC GCG GGG GCG GCG --- --- --- GGC GGC CCG AGC CCC --- --- GTG GCT GCA GCT CGT AAG GGG AGC CCG CGG CTG CTG GGA GCA GCG GCG CTG GCC CTG GGG GGA GCC CTG GGG CTG TAC CAC ACG GCG CGG TGG CAC CTG CGC GCC CAG GAC CTC CAC GCA GAG CGC TCA GCC GCG CAG CTC TCC --- --- --- --- --- --- --- --- --- --- --- --- --- CTG TCC AGC CGC CTG CAG CTG ACC CTG TAC CAG TAC AAG ACG TGT CCC TTC TGC AGC AAG GTC CGA GCC TTC CTC GAC TTC CAC GCC CTG CCC TAC CAG GTG GTG GAG GTG AAC CCT GTG CGC AGG GCT GAG ATC AAG TTC TCC --- TCC TAC AGA AAG GTG CCC ATC CTG GTG GCC CAG GAA GGA GAA AGC --- TCG CAA CAA CTA AAT GAC TCC TCT GTC ATC ATC AGC GCC CTC AAG ACC TAC CTG GTG TCG GGG CAG --- CCC CTG GAA GAG ATC ATC ACC TAC TAC CCA GCC ATG AAG GCT GTG AAC GAG CAG GGC AAG GAG GTG ACC GAG TTC GGC AAT AAG TAC TGG CTC ATG CTC AAC GAG AAG GAG GCC CAG CAA GTG TAT GGC --- --- GGG AAG GAG GCC AGG ACG GAG GAG ATG AAG TGG CGG CAG TGG GCG GAC GAC TGG CTG GTG CAC CTG ATC TCC CCC AAT GTG TAC CGC ACG CCC ACC GAG GCT CTG GCG TCC TTT GAC TAC ATT GTC CGC GAG GGC AAG --- --- --- --- TTC GGA GCT GTG GAG GGT GCC GTG GCC AAG TAC ATG GGT GCA GCG GCC ATG TAC CTC ATC AGC AAG CGA CTC AAG AGC AGG CAC CGC CTC CAG GAC AAT GTG CGC GAG GAT CTC TAT GAG GCT GCC GAC AAG TGG GTG GCT GCT GTG GGC AAG GAC CGG --- CCC TTC ATG GGG GGC CAG AAG CCG AAT CTC GCT GAT TTG GCA GTG TAT GGC GTG CTG CGT GTG ATG GAG GGG CTG GAC GCA TTC GAT GAC CTG ATG CAG CAC ACG CAC ATC CAG CCC TGG TAC CTG CGG GTG GAG AGG GCC ATC ACC GAG GCC TCC CCA GCG CAC --- --- --- --- --- --- --- --- --- --- --- --- 
Danio rerio                                --- --- --- --- --- --- --- --- --- --- --- --- --- --- --- --- --- --- --- --- --- --- --- --- --- --- --- --- --- --- --- --- --- --- --- --- --- --- --- --- --- --- --- --- --- --- --- --- --- --- --- ATG GCG GCG GCC TGT ACG AGA ACG CTG GGT AAG GTC GGC CGG TTA GTT TTA GAC ACG CCG ACG TGC CGT TTT ACA AAC ACT GCA GCA TTC GTG CCG AGA ACC TCC ATG AGA TGC CAA GGG AGA GCT TAC GGT ACC GGT AGC TCG --- --- --- GGG TTT AAA TCC AGA CTT TTG CTC GCG GCG CCG GTG CGA GGC AGT GGC AGA GTC CTG GGA --- TGC GCC TTC TTG CTC GGA GGT GGT TTC GGC TTG TAC CAG ACC ATC AAA CTC ACA CTT CAA --- --- CAT CAC CTT GCA GAG AAA GAA TCT GAC GCA TCA GAT --- --- --- --- --- --- --- --- --- --- --- --- --- CTG GAC ACA GAC CTG AAA TTG ACT CTC TAT CAG TAT AAG ACC TGT CCG TTT TGC AGC AAA GTG CGA GCT TTC CTG GAT TAT CAT CGA CTG CCA TAT GAA ATC GTG GAG GTC AAT CCC GTT ATG CGG CAG GAG ATC AAG TGG TCG --- ACC TAC AGA AAA GTC CCC ATC CTG ATG GTG --- --- --- AAC GGG --- ACG GTG CAA CTG AAT GAC TCT TCA GTA ATT ATT AGT GCT TTG AAG ACA TAC ATT AGC AGC AAG GAC AAA AAG ATA TCT GAG ATT CTT GCT TGT TAT CCT GAA ATG AAG TCA AAG AAC GAC AGA GGG AAA GAC GTG ATA GAG TTT GGC AAT AAG TAC TGG GTC ATG GTG CAT GAC GCG GAT GCT GAT CAA CTA TAT CCT --- --- GGA AAA GAC AGC AGA AAA GAA GAG ATT AAA TGG CGG ACA TGG GCA GAT GAT TGG CTG GTG CAT CTA ATT TCC CCA AAT GTT TAC CGG ACG CCA ACT GAA GCC CTC GCA TCA TTT GAC TAC ATA GTA CGG GAA GGG AAA --- --- --- --- TTC GGT TCC TTC GAG GGC TTT TTT GCT AAG TAT TTT GGA GCT GCT GCC ATG TGG ATC ATC TCA AAG AGA TTA AAA TAT AAA CAC AAT CTG CAA GCT GAT GTA AGA CAG GAT CTT TAC AAG GCT GTC AAT GAC TGG GTG GCA GCC ATT GGA AAA AAC AAG --- CAA TTC ATG GGA GGT GAT GAA CCC AAC CTT GCA GAT CTG GCA GTG TTT GGA GTT CTG AGG GTT ATG GAA GGC CTT CAG TCA TTT GAT GAT ATG ATG GAA CAC ACC AAG GTG AAG AAA TGG TAC AGC CGA ATG CAG AAG GCC ACA CAA CAT GTG TCA --- --- --- --- --- --- --- --- --- --- --- --- --- --- --- 
Homo sapiens                               --- --- --- --- --- --- --- --- --- --- --- --- --- --- --- --- --- --- --- --- --- --- --- --- --- --- --- --- --- --- --- --- --- --- --- --- --- --- --- --- --- --- --- --- --- --- --- --- --- --- --- --- --- --- --- --- ATG GAC CCG GCT GCG CGG GTG GTG CGG GCG CTG TGG CCT GGT GGG TGC GCC TTG GCC TGG AGG CTG GGA GGC CGC CCC CAG CCG --- CTG CTA CCC ACG CAG AGC CGG GCT GGC TTC GCG GGG GCG GCG --- --- --- GGC GGC CCG AGC CCC --- --- GTG GCT GCA GCT CGT AAG GGG AGC CCG CGG CTG CTG GGA GCT GCG GCG CTG GCC CTG GGG GGA GCC CTG GGG CTG TAC CAC ACG GCG CGG TGG CAC CTG CGC GCC CAG GAC CTC CAC GCA GAG CGC TCA GCC GCG CAG CTC TCC --- --- --- --- --- --- --- --- --- --- --- --- --- CTG TCC AGC CGC CTG CAG CTG ACC CTG TAC CAG TAC AAG ACG TGT CCC TTC TGC AGC AAG GTC CGA GCC TTC CTC GAC TTC CAT GCC CTG CCC TAC CAG GTG GTG GAG GTG AAC CCT GTG CGC AGG GCT GAG ATC AAG TTC TCC --- TCC TAC AGA AAG GTG CCC ATC CTG GTG GCC CAG GAA GGA GAA AGC --- TCG CAA CAA CTA AAT GAC TCC TCT GTC ATC ATC AGC GCC CTC AAG ACC TAC CTG GTG TCG GGG CAG --- CCC CTG GAA GAG ATC ATC ACC TAC TAC CCA GCC ATG AAG GCT GTG AAC GAG CAG GGC AAG GAG GTG ACC GAG TTC GGC AAT AAG TAC TGG CTC ATG CTC AAC GAG AAG GAG GCC CAG CAA GTG TAT GGT --- --- GGG AAG GAG GCC AGG ACG GAG GAG ATG AAG TGG CGG CAG TGG GCG GAC GAC TGG CTG GTG CAC CTG ATC TCC CCC AAT GTG TAC CGC ACG CCC ACC GAG GCT CTG GCG TCC TTT GAC TAC ATT GTC CGC GAG GGC AAG --- --- --- --- TTC GGA GCC GTG GAG GGT GCC GTG GCC AAG TAC ATG GGT GCA GCG GCC ATG TAC CTC ATC AGC AAG CGA CTC AAG AGC AGG CAC CGC CTC CAG GAC AAC GTG CGC GAG GAC CTC TAT GAG GCT GCT GAC AAG TGG GTG GCT GCT GTG GGC AAG GAC CGG --- CCC TTC ATG GGG GGC CAG AAG CCG AAT CTC GCT GAT TTG GCG GTG TAT GGC GTG CTG CGT GTG ATG GAG GGG CTG GAT GCG TTC GAT GAC CTG ATG CAG CAC ACG CAC ATC CAG CCC TGG TAC CTG CGG GTG GAG AGG GCC ATC ACC GAG GCC TCC CCA GCG CAC --- --- --- --- --- --- --- --- --- --- --- --- 



Printing out site pattern counts


         8       1215  P

Rattus norvegicus                           --- --- --- --- --- --- --- --- --- --- --- --- --- --- --- --- --- --- --- --- --- --- --- --- --- --- --- --- --- --- --- --- --- --- --- --- --- --- --- --- --- --- --- --- AAA AAA AAA AAA AAA AAA AAC AAC AAC AAC AAC AAC AAG AAG AAG AAG AAG AAG AAG AAG AAG AAG AAG AAG AAT AAT AAT AAT ACA ACA ACA ACA ACA ACC ACC ACC ACC ACC ACC ACG ACT ACT AGA AGC AGC AGC AGC AGC AGC AGC AGG AGG AGG AGG AGG AGT ATC ATC ATC ATC ATC ATC ATC ATC ATG ATG ATG ATG ATG ATG ATG ATG ATG ATT ATT ATT CAA CAA CAC CAC CAC CAC CAC CAC CAC CAC CAC CAC CAG CAG CAG CAG CAG CAG CAG CAG CAG CAG CAG CAG CAG CAG CAG CAG CAG CAG CAT CCA CCA CCC CCC CCC CCC CCC CCC CCC CCG CCT CCT CCT CCT CGA CGA CGA CGA CGC CGC CGC CGC CGC CGC CGG CGG CGG CGG CGG CGG CGG CGG CGG CGG CGT CGT CTC CTC CTC CTC CTC CTC CTC CTC CTC CTC CTG CTG CTG CTG CTG CTG CTG CTG CTG CTG CTG CTG CTG CTG CTG CTG CTG CTG CTG CTG CTG CTG CTG CTG CTG CTT CTT GAA GAA GAA GAA GAA GAA GAC GAC GAC GAC GAC GAC GAC GAC GAC GAC GAC GAC GAC GAC GAG GAG GAG GAG GAG GAG GAG GAG GAG GAG GAG GAG GAT GAT GAT GCA GCA GCA GCA GCA GCA GCC GCC GCC GCC GCC GCC GCC GCC GCC GCC GCC GCC GCC GCC GCC GCC GCC GCC GCC GCG GCG GCG GCG GCG GCG GCG GCG GCT GCT GCT GCT GCT GCT GGA GGA GGA GGC GGC GGC GGC GGC GGC GGC GGC GGC GGC GGC GGG GGG GGG GGG GGG GGG GGG GGT GGT GGT GTA GTA GTA GTA GTC GTC GTC GTC GTG GTG GTG GTG GTG GTG GTG GTG GTG GTG GTG GTG GTG GTG GTG GTG GTG GTT GTT TAC TAC TAC TAC TAC TAC TAC TAC TAC TAT TAT TAT TAT TAT TAT TCA TCA TCA TCA TCA TCC TCC TCC TCC TCC TCC TCC TCC TCG TCG TCG TCT TCT TCT TGC TGC TGC TGG TGG TGG TGG TGT TGT TTC TTC TTC TTC TTC TTC TTC TTC TTC TTG TTG TTT TTT
Gallus gallus                               --- --- --- --- --- --- --- --- --- --- --- --- --- --- --- --- --- --- --- --- --- --- --- --- --- --- --- --- --- --- --- --- --- --- --- --- --- --- --- --- --- AAT GCG TGG --- AAA AAA AAA AAG CAA AAC AAC AAC AAT GAT GCG --- AAA AAA AAA AAG AAG AAG AAG AAG AAG CAA CAG --- AAC AAT ACT AAA ACC ACC CCC GCG --- AAG ACC ACC CTT TTC GTG GCG TCC ATG --- AAA AGC AGT CCT GGC TGC --- AGA AGA AGG CGG AGT ATC ATC ATT ATT ATT GCC GTG GTT --- --- ATG ATG ATG ATG GTC GTT TTT ATC ATC ATT --- CGG --- --- --- AAG CAC CAC CAT CAT CGC CTG --- AAA AAG AGC AGG CAA CAG CAG CAG CAG CCG CGA CGA GAA GAG GAG GAT GCT CAC CCT CTG AGC CCA CCC CCC CCC CCT CTG AGC --- CCA CCC CCC CGC CGG CTG GTC --- --- AGA AGG AGG CAC --- AGA AGG CGA CGC CGC CGG CGG CGT GAA CGA CGT --- ATA CTC CTC CTG CTG CTG GCG TTG TTG --- ATG CAG CTA CTC CTC CTC CTC CTC CTG CTG CTG CTG CTG CTG CTG CTT CTT GCA GCC GTC TTC TTG TTG TTG --- CTT AAG GAA GAA GAA GAA GCT --- --- AAC AGC GAC GAC GAC GAC GAC GAG GAT GAT GAT GAT GAA GAA GAA GAA GAA GAG GAG GAG GAG GAG GAG TGG GAT GAT GAT GCA GCA GCC GCC GCC TTG --- --- AAG ACA ACG GCA GCC GCC GCC GCC GCC GCC GCG GCT GCT GCT GGC GTG GTT --- --- GCA GCC GCT GGC GGC TCT ACT ATT GCC GCG GCT GGT AGC GGA GTC --- --- CCT GGC GGC GGC GGC GGC GGG GGG GGG AAG CGG CTG GGC GGC GGT GGT GGA GGA GGG GAA GTA GTG GTG GTC GTC GTC GTG --- ATA ATA ATG ATT CTA GCG GCG GGC GTA GTA GTC GTG GTG GTG GTT GTT --- ATT TAC TAC TAC TAC TAC TAT TAT TGC TTC TAC TAC TAC TAT TAT TTT ACC GCC GCC TCC TCG --- CCT GGG GGG TCC TCC TCC TCT CGG GCT TCG --- GCA TCC --- --- TGC --- CAG CCG TGG --- TGT --- TAT TAT TTC TTC TTC TTC TTT TTT CTG TTG TTT TTT
Mus musculus                                --- --- --- --- --- --- --- --- --- --- --- --- --- --- --- --- --- --- --- --- --- --- --- --- --- --- --- --- --- --- --- --- --- --- --- --- --- --- --- --- --- --- --- --- AAA AAA AAA AAA AAA GAA AAC AAC AAC AAC AAC AGC AAG AAG AAG AAG AAA AAG AAG AAG AAG AAG AAG AAG AGC AAT AAT AAT ACA ACA ACA CAG ACA ACC ACT ACC ACC ACC GCC ACG ACC ACT AGA AGC AGC AGC AGC AGC AGC AGC AGG AGG AGG AGG AGG AGT ATC ATC ATC ATT GTC GTC ATC ATC GTC GTG ATG ATG ATG ATG ATG ATG ATG ATC ATT ATT CAA CCG AAC CAT CGC CAC CAC CAC CAC CAC CAC CAC CAG CAG CAG CAG CAG CAG CAG CAG CAG CAG CAG CAG CAG CAG CAG GAG CAG CAG CAT CCA CCA CCC CCC CCC CCC CCC CCC CCC CCG CCT CCT CCC CCT CGA CGA CGA CGA AGC CGC CGC CGC CGT CGC CGG CGG CGG CGG CGG CGG CGG CGG CGG CGG CGT CGT CTC CTC CCC CTC CTC CTC CTC CTC CTC CTC CTG CTG CTG CTG CTG CTG CTG CTG CTG CAG CTG CTG CTG CTG CTG TTG CTG CTG CTG CTG CTG CTG CTG CTG TTG CTT CTT GAA GAA GAA GAA GAG GAA GAC GAC GAC GAC GAC GAC GAC GAC GAC GAC GAC GAC GAC GAC GAG GAG GAG GAG GAG GAG GAG GAG GAG GAG GAG GAG GAT GAT GAT GCA GCA GCA GCG GCG GCT GCC GCG GCT GCC GCC GCC GCC GCC GCC GCC GCC GCC GCC GCC GCC GCC GCT GCC GCC GTG TCG GCG GCG GCG GCC GCG GCT GCT GCT GCT GCT GCT GCG GGA GGA GGG GGC GTC GGC GGC GGC GGC GGC GGT GGC GGC TGC GGG GGG GGG GGG GGG GGG GGG GGT GGT GGT GTA GTG GTG GTG GTA GTC GTC GTC GTG GTG GTG GTG GTG GTG GCG GTG GCG GTG GTG GTG GTG GTG GTG GTG GTG CTT GTT TAC TAC TAC TAC TAT TAC TAC TAC TAC TAC TAT TAT TAT TAT TAT TCA ACT TCG TCA TCT TCC CCC TCC TCG TCC TCC TCC TCC TCG GCG TCG TCT CCC TCT TGC TGC TGC TGG TGG TGG TGG CAT TGT TTC TTC TTT CTC TTC TTC TTC TTC TTC TTG TTG TTC TTT
Bos taurus                                  --- --- --- AAA AAC AAG ACC ACG AGG AGT ATG CAA CAG CCA CCC CCG CCT CGC CGC CGG CTC CTG CTT GAG GCC GCC GCG GCT GGA GGC GGC GGC GGG GGT GTC GTT TCT TTA TTC TTG TTT --- TCG --- --- AAA AAG AAG AAA GCC AAC AAC AGC AAC AAC GGC AAG AAA AAG AAG AAG AAG AAG AAG AAG AAT AAG AAG --- AAC AAC AAT GCA ACG ACG CTG GAT ACC GCC ACC ACG ACC GCC ACG ACG ACC CGC CAC CGC AGC AGC AGT GGT AGC GGG AGG AGG CGG AGG AGC ATC ATC ATC ATC ATC GCC ATC ATC --- --- ATG ATG GGA GTG ATG GTG ATG ATC ATC ATT CAA GGA --- --- CGC CAC CAC CAC CAC CAC CAC CAC CAG CAG CAG CAG CAA CAG CAA CAG CAG CAG CAG CGG CGG CAG CAG GAG CAG AAC CAC CCA CCC CCC CCT CCC CCC CCC CCG CCG CCA --- CCG CCG CCC CGC CGT CGG CGT CGC CGC CGG CAC CGC CGC GGG CGG CGG CGG CGG CGG CCC CGG CGG AAG CGC AAG CTC CTC CTC CTC CTC CTC CTC GGC CTC CTG CTG CTC CTG CTG CTA CTG CTG CTG CTG CTG CTA CTC CTG CTG CTG GTT CTC TTG CTG CTG CTG CTG CTG CTG TTG CTG CTG GAG GAG GAG GCA GAG GAA --- GAC GAC GAG GAC GAC GAC GAT GAT GAC GAC GAC GAC GAT GAC GAG GAG GAG GAG GAA GAA GAG GAG GAG GAG TGG GAC GAC GAT GCA GCT GCG ATG GCA GCG GCT GCA GCC GCC GCG GCT GCA GCC GCC GCC GCC GCT GCC GCC GCC GCT GGC GCC GCC GCA GTA GCG GCG GCG GGA GCC GCC ACC GCT GCC GCC GCA GCC GGC GGA GGG GGC TGG GGG GCC GGC GGC GGT GGC GGC GGT TGC GGG AGG GGG GGG GGG GGA GGG GGC GGT GGT GAG GTG GTG GTG GTG GTC GTC GTC GCT GTG GTG ATG GTG ATG ACA GCG GCG GTG GTG GTG GTC GTG GTG GTA GTG GCT GTG TAC TAC TAC TAT TAC TAC TAT TAC TAC TAC TAC TAC TAC TAT TAC ACT GCC CAG TCA TCT GCC TCC GCC TCC TCC TCC TCC TCC CAC ACG TCG CCC CCC TCC --- CGC TGC CGG TGG GCG TGG --- TGT TTC TTC TTC TTC TTC TTC TTC TTC TTT TTG CTC TTC TTC
Canis lupus familiaris                      --- --- --- --- --- --- --- --- --- --- --- --- --- --- --- --- --- --- --- --- --- --- --- --- --- --- --- --- --- --- --- --- --- --- --- --- --- --- --- --- --- --- CAG --- --- AAA AAG AAG AAG GCT AAC AAC AGT AAC GAC GGC AAG AAA AAG AAG AAG AAA AAG AAG AAG AAG AAG AAG --- AAC AAC AAC GCA ACA ACT CCC GGT GCG GCC ACC ACC ACT GCC ACG ACC ACC CGC GTC AGC AGC AGC AGC AGC AGT GGA AGA AGG AGG AGG AGT ATC ATC ATC ATT ATT GCC ATC ATC --- --- ATG ATG --- GTG CTG GTG GTG ATC ATC ATT CAA GGA --- --- CGC CGC CAC CAT CAC CAT CAC CAC CAG CAG CAG CAG CAG CAG CAA CAG CAG CAG CAC CAC CAG CAG CAG GAG CAG --- CAC CCA CCC CCC CCC CCC CCC CCC CCC CTC CCG --- CCA CCT CCC CGC CGT CGC CGT CGC CGC CGG CAG CGC CGC CGG CGG CGA CGT CGG CGT CCC CGG CGG AAG CGT AGG CTC CTC CTC CTG CTC CTC CTC GGC CTC CTG CTG CTG CTG CTG CTG CTG CTG CTG CTG CTG CTG CTC CTA CTG CTG CTG CTC CTG CTG CTG CTG CTG CTG CTG CTG CTG CTG GAG GAG GAG GAA GAG GAA --- CAC GAC GAG GAC GAT GAT GAC GAT GAC GAC GAC GAT GAT GAC GAA GAG GAG GAG GAA GAG CAG GAA GAG GAG TGG GAC GAT GAT GCA GCT GCG ATG GCA GCA GCT GCC GCT GCC GCT GCT --- GCC GCC GCC GCC GCC GCC GCC GCC GCC GGT GCG GCC GCG GCG GCA GCG GCG GGA GCC GCC GCA GCT GCC GCT GCT GTC GGC GGA GGG GGC TGG GGT GCT GGA GGC GGG GGC GGC GGT TGC GGG AGG GGA GGG GGG GGG GGG GGC GGT GGC GAG GTG GTG GTG GTT GTC GTC GTC GCG GTG GTG ATG GTG CTG GCG GCG GCG GTG GTG GTG GTG GTG GTG GTG GTG GTC GTG TAC TAC TAT TAT TAC TAC TAC TAC TAC TAC TAT TAT TAC TAT TAC ACC GCC CAG TCG TCT GCC TCC GCC TCC TCC TCC TCC TCC CCC ACC CCC CCG CCC TCT --- TAC TGC CGA TGG CCG TGG --- TGC TTC TTC TTC TTC TTC TTC TTC TTC TTT TTG CTG TTC TTC
Pan troglodytes                             --- --- --- --- --- --- --- --- --- --- --- --- --- --- --- --- --- --- --- --- --- --- --- --- --- --- --- --- --- --- --- --- --- --- --- --- --- --- --- --- --- --- CCG --- --- AAG AAG AAG AAG ACC AAT AAT AGC AAT GAC AGC AAG AAG AAG AAG AAG AAG AAG AAG AAG AAG AAG AAG --- AAC AAT AAC GCT ACG ACG CCG GGC GCG GCT ACC ACC ACC GCC ACG ACG ACC CGC GGT AGC AGC AGC AGC AGC AGC GGG AGA AGG AGG AGG AGC ATC ATC ATC ATC ATC GCT ATC ATC --- GCG ATG ATG ATG GTG GTG GTG GTG ATC ATC ATT CAA CTG --- CAC CAC CAC CGC CAC CAC CAC CAC CAC CAG CAG CAG CAG CAG CAG CAA CAG CAG CAG CAG CAA CAG CAG CAG GAG CAG CCG CAC CCA CCC CCC CCT CCC CCC GCC CCC CCC CCG --- CCG CCC CCC CGC CGT CGC CAG CGC CGT CGA CGG CGC CGC GGG CGG CGG CGC CGG CGG CCC CGG CGG AGG CGA CGC CTC CTC CTC CTG CTA CTC CTC GGA CTC CTA TTG CTG CTG CTG CTG CTG CTG CTG CTG CTG CTG CTC CTC CTG CTG CTG CTC CTG CTG CTG CTG CTG CTG TTG CTG CTG CTC GAG GAG GAG GAA GAC GAA --- GAC GAC GAA GAC GAC GAT GAT GAT GAG GAC GAC GAC AAC GAG GAG GAG GAG GAG GAG GAG GAG GAG GAG GAG TGG AAT GAC GAC GCA GCT ACG GCT GCA GCG GCC GCA ACC GCC GCT GCC GAC GCA GCC GCC GCT GCT GCC GCC GCC GCT GGT GCC GCC GCG GTG GCG GCG GCG GGC GCG GCT GCT GCG GCC GCG GCT GCC GGC GGA GGG GGC TGG GGC GTG GGC GGA GGG GGC GGC GGT GGC GGG AGG GGA GGA GGG GGG GGG GGC GGC GGG GAG GTG GTG GTG GTG GTC GTC GTC GCG GTG GTG ATG GTG GTG GCG GCG GCA GTG GTG GTG GTG GTG GTG GTG GTG GTG GTG TAC TAC TAC TAC TAC TAC TAC TAC TAC TAC TAT TAT TAC TAT TAC ACG GCC CCA TCG TCT GCC TCC GCC TCC TCC TCC TCC TCC CCC GCA TCA CCT TCC TCC --- TGC TGC CGG TGG CAG TGG --- TGT TTC TTC TTC CTC TTC TTC TTC TTC TTT TCG CTG TTC TTC
Danio rerio                                 --- CTT TTG --- --- --- --- --- --- --- --- --- --- --- --- --- --- --- GCG --- --- --- --- --- --- GCC --- --- --- --- GCG TGT --- --- --- --- --- --- ATG --- --- AAA AAA ACC --- AAA AAA AAG AAA CAA AAC AAT ACA AAT AAT TCC CGA AAG AAA AAG AAA GCG AAA AAG GAC AAA GAA AAA --- AAT AAT AAC GCA ACC ACG AGA GCA ACC CAG ACA ACT ATA TTT AAA ACC GCT ATG ACG TAT TCA AGC GGG AGT GGG GGT AGA AGA CGG AAA AGT ATC ATT ATC ACA ATT CCG CTT GTG --- --- ATG ATT ACG ATG CTA AAG TTT ATC ATT ATA GTG TCC --- --- CTT AAG AAT CAC CAT CAC ACA CAG --- ACA GAT GAT GAC AGA CAA AAA AAG CAG CAA CAA CAA GAA GCA GAC --- ACG CAT CCT CAA AAG CCC CCA CCC GAA CCG GTG GGC --- CCC CCA AAA CGG AGG TTC GAA GAC GTG AGA AAG CAA AAA CCG CGG AAG AGA AGA CGA AGA AAA AGA AAG CGA CGG CAC TTG GTC CTA ATG CTG TTA GCA CTT CTG CGT ATG AGC ATA TTG ATT CTC CTG TTG CTT CTT TCA GTG CTC CTG CTG CTG CTG CTG TTC ACT TTC CTG CTG CTC GTT CTT CAT AAG GAC TCT CAG --- --- CAT AAC AAC GAT GAC GAT GAT GAT GAC GAC GAT GAT CAT GAG GAG CAG GAA GAG GAG GAT GAG GAC GAA GAG ACA GAT GAT GCT GCA GCT TGC CTG GCT TCG TGC GCA ACT GCT TCA GCT AGA TCA GCC GCT GCC GCC TTG GCT GTG GCG GGC AGC GTC AGC GGC GCA GCC TGC GGG GGT GCT TCC GCT TCT GCA GCA GGT TTT --- GGA TAC TTA CCT CTC GGG GGT GGA GGA GGG GGA GGC AAG AAC GGA GGT GGC GGC GGA GGT GGA GGC CAG GTG GTC GTG GTA GTA GTG GTA TTA ATC GTT TTT ATT ATG GAC ATC --- GTC GTG GTT GTG GTT TTC GTG GTT GTC AGC TAC TAT TAC TAT TAT TAT TAC TAC TGG TAC TAC TTT TAT TAT TGT ACC TTT --- AGC TCA --- GAT CGA GAC ACC TCA TCG TCT AGA GCG GAA GAC TCA TCC --- ACG TGC CGG CTC CCG TGG --- TGT GGT TAT TTT ATC TGG TTC TTT TTC TTT ACG GTC TTT TTC
Homo sapiens                                --- --- --- --- --- --- --- --- --- --- --- --- --- --- --- --- --- --- --- --- --- --- --- --- --- --- --- --- --- --- --- --- --- --- --- --- --- --- --- --- --- --- CCG --- --- AAG AAG AAG AAG ACC AAT AAT AGC AAT GAC AGC AAG AAG AAG AAG AAG AAG AAG AAG AAG AAG AAG AAG --- AAC AAT AAC GCT ACG ACG CCG GGC GCG GCT ACC ACC ACC GCC ACG ACG ACC CGC GGT AGC AGC AGC AGC AGC AGC GGG AGA AGG AGG AGG AGC ATC ATC ATC ATC ATC GCT ATC ATC --- GCG ATG ATG ATG GTG GTG GTG GTG ATC ATC ATT CAA CTG --- CAC CAC CAC CGC CAC CAT CAC CAC CAC CAG CAG CAG CAG CAG CAG CAA CAG CAG CAG CAG CAA CAG CAG CAG GAG CAG CCG CAC CCA CCC CCC CCT CCC CCC GCC CCC CCC CCG --- CCG CCC CCC CGC CGT CGC CAG CGC CGT CGA CGG CGC CGC GGG CGG CGG CGC CGG CGG CCC CGG CGG AGG CGA CGC CTC CTC CTC CTG CTA CTC CTC GGA CTC CTA TTG CTG CTG CTG CTG CTG CTG CTG CTG CTG CTG CTC CTC CTG CTG CTG CTC CTG CTG CTG CTG CTG CTG TTG CTG CTG CTC GAG GAG GAG GAA GAT GAA --- GAC GAC GAA GAC GAC GAT GAC GAT GAG GAC GAC GAC AAC GAG GAG GAG GAG GAG GAG GAG GAG GAG GAG GAG TGG AAC GAC GAC GCG GCT ACG GCT GCA GCG GCC GCA ACC GCC GCT GCC GAC GCG GCC GCC GCT GCT GCC GCC GCC GCT GGT GCC GCT GCG GTG GCG GCG GCG GGC GCG GCT GCC GCG GCC GCG GCT GCC GGC GGA GGG GGC TGG GGT GTG GGC GGA GGG GGC GGC GGT GGC GGG AGG GGA GGA GGG GGG GGG GGC GGC GGG GAG GTG GTG GTG GTG GTC GTC GTC GCG GTG GTG ATG GTG GTG GCG GCG GCT GTG GTG GTG GTG GTG GTG GTG GTG GTG GTG TAC TAC TAC TAC TAC TAC TAC TAC TAC TAC TAT TAT TAC TAT TAC ACG GCC CCA TCG TCT GCC TCC GCC TCC TCC TCC TCC TCC CCC GCA TCA CCT TCC TCC --- TGC TGC CGG TGG CAG TGG --- TGT TTC TTC TTC CTC TTC TTC TTC TTC TTT TCG CTG TTC TTC



   29    1    1    1    1    1    2    1    2    1    1    1    1    2    4
    2    1    1    1    2    4    1    1    2    3    1    1    1    1    2
    1    1    2    1    2    2    1    1    1    1    1    1    1    1    1
    1    1    1    1    1    1    1    1    1    1    1    1    1    1    2
    1    1    1    3    1    1    1    1    1    1    1    1    1    1    1
    1    1    1    1    1    1    1    1    1    1    1    1    1    1    1
    1    1    1    1    1    1    1    1    1    1    1    2    1    1    1
    1    1    1    1    1    6    1    1    1    1    1    1    1    1    1
    1    1    1    1    1    1    1    1    1    1    1    1    1    1    1
    1    1    1    1    1    1    1    1    1    1    1    1    1    1    1
    1    1    1    1    1    2    1    1    1    1    1    1    1    1    1
    1    1    1    1    1    1    1    1    1    1    1    1    1    1    1
    1    1    1    1    1    1    1    1    1    1    1    1    1    1    1
    1    1    1    1    1    1    1    1    1    1    1    1    1    1    1
    1    2    1    1    1    1    1    1    1    1    1    1    1    1    1
    1    1    1    1    1    1    1    1    1    1    1    1    1    1    1
    1    1    1    1    1    2    1    1    1    1    1    1    1    3    1
    1    1    1    1    1    1    1    1    1    1    1    1    1    1    1
    1    1    1    2    1    1    1    1    1    2    1    1    1    1    1
    1    1    1    1    1    1    1    1    1    1    1    1    1    1    1
    1    1    1    1    1    1    1    1    1    1    1    1    1    1    1
    1    1    1    1    1    1    1    1    1    1    1    1    1    1    1
    1    1    1    1    1    1    1    1    1    1    1    1    1    1    1
    1    1    1    1    3    1    1    1    1    1    1    1    1    1    1
    1    1    1    1    1    1    1    1    1    1    1    1    1    1    1
    1    1    1    1    1    1    1    1    1    1    1    1    1    1    6
    1    1    1    1    1    1    1    1    1    1    1    1    1    1    1


CODONML (in paml version 4.4b, July 2010)  torun.nuc
Model: One dN/dS ratio for branches Global clock 
Codon frequency model: F3x4
ns =   8  ls = 474

Codon usage in sequences
--------------------------------------------------------------------------------------------------------------
Phe TTT  2  6  2  2  1  1 | Ser TCT  3  2  3  2  2  1 | Tyr TAT  6  6  6  3  5  3 | Cys TGT  2  1  1  1  0  1
    TTC  9  7  8 11 10  9 |     TCC  8  6  6  7  6  8 |     TAC 11 10 11 14 13 14 |     TGC  3  3  4  2  3  2
Leu TTA  0  0  0  1  0  0 |     TCA  5  0  2  1  0  1 | *** TAA  0  0  0  0  0  0 | *** TGA  0  0  0  0  0  0
    TTG  2  7  4  4  1  2 |     TCG  3  2  5  2  1  2 |     TAG  0  0  0  0  0  0 | Trp TGG  9  8  9  9  9  9
--------------------------------------------------------------------------------------------------------------
Leu CTT  2  4  3  1  0  0 | Pro CCT  4  5  3  2  1  2 | His CAT  1  2  3  0  2  0 | Arg CGT  2  2  3  2  5  2
    CTC 10  7 10 16 10 11 |     CCC  8  7 12 14 14 11 |     CAC 10  4  7 11  8  9 |     CGC  6  4  5 12  9  9
    CTA  0  2  0  2  1  2 |     CCA  2  2  2  4  2  2 | Gln CAA  2  3  1  4  2  3 |     CGA  4  4  4  0  2  2
    CTG 26 17 23 23 30 25 |     CCG  1  2  2  6  3  5 |     CAG 18  7 19 14 17 16 |     CGG 10  7 10 15  6  8
--------------------------------------------------------------------------------------------------------------
Ile ATT  3  7  3  1  3  1 | Thr ACT  2  2  3  1  2  0 | Asn AAT  4  3  3  2  0  5 | Ser AGT  1  2  1  2  3  0
    ATC  9  5  7 10  8 10 |     ACC  6  5  5  7  6  6 |     AAC  6  5  6  8  6  3 |     AGC  7  6 10  5  5  9
    ATA  0  3  0  0  0  0 |     ACA  5  1  4  1  1  0 | Lys AAA  6 10  6  4  3  0 | Arg AGA  1  4  1  0  1  1
Met ATG 14 12 12 13  9  9 |     ACG  1  1  1  7  1  6 |     AAG 15 15 14 18 17 19 |     AGG  5  5  5  6  5  5
--------------------------------------------------------------------------------------------------------------
Val GTT  2  5  1  3  1  0 | Ala GCT  6  9  9  9 10 12 | Asp GAT  3  9  3  5  7  3 | Gly GGT  3  3  4  6  5  3
    GTC  4  8  7  6  6  3 |     GCC 21 16 20 30 23 19 |     GAC 14  5 14 12  9 12 |     GGC 11 12  8 14  9 11
    GTA  4  3  2  2  0  0 |     GCA  6  6  3  8  6  6 | Glu GAA  6 13  6  3  6  3 |     GGA  3  3  2  6  6  5
    GTG 17  9 20 16 18 24 |     GCG  8  9 11 10 11 13 |     GAG 15 11 17 20 15 20 |     GGG  7  6  8 11  7  9
--------------------------------------------------------------------------------------------------------------

--------------------------------------------------------------
Phe TTT 10  1 | Ser TCT  3  1 | Tyr TAT  8  3 | Cys TGT  3  1
    TTC  7  9 |     TCC  4  8 |     TAC  9 14 |     TGC  4  2
Leu TTA  3  0 |     TCA  7  1 | *** TAA  0  0 | *** TGA  0  0
    TTG  5  2 |     TCG  2  2 |     TAG  0  0 | Trp TGG  8  9
--------------------------------------------------------------
Leu CTT  7  0 | Pro CCT  2  2 | His CAT  5  1 | Arg CGT  1  2
    CTC  5 11 |     CCC  3 11 |     CAC  3  8 |     CGC  0  9
    CTA  2  2 |     CCA  3  2 | Gln CAA  7  3 |     CGA  4  2
    CTG 12 25 |     CCG  4  5 |     CAG  6 16 |     CGG  5  8
--------------------------------------------------------------
Ile ATT  7  1 | Thr ACT  3  0 | Asn AAT  6  4 | Ser AGT  2  0
    ATC  6 10 |     ACC  6  6 |     AAC  5  4 |     AGC  6  9
    ATA  3  0 |     ACA  6  0 | Lys AAA 16  0 | Arg AGA 11  1
Met ATG 12  9 |     ACG  6  6 |     AAG 16 19 |     AGG  1  5
--------------------------------------------------------------
Val GTT  5  0 | Ala GCT 10 13 | Asp GAT 12  3 | Gly GGT  7  4
    GTC  6  3 |     GCC  6 19 |     GAC 12 12 |     GGC  7 10
    GTA  3  0 |     GCA  9  3 | Glu GAA  9  3 |     GGA  7  5
    GTG 13 24 |     GCG  5 15 |     GAG  7 20 |     GGG  5  9
--------------------------------------------------------------

Codon position x base (3x4) table for each sequence.

#1: Rattus norvegicus
position  1:    T:0.16406    C:0.27604    A:0.22135    G:0.33854
position  2:    T:0.27083    C:0.23177    A:0.30469    G:0.19271
position  3:    T:0.11979    C:0.37240    A:0.11458    G:0.39323
Average         T:0.18490    C:0.29340    A:0.21354    G:0.30816

#2: Gallus gallus  
position  1:    T:0.16571    C:0.22571    A:0.24571    G:0.36286
position  2:    T:0.29143    C:0.21429    A:0.29429    G:0.20000
position  3:    T:0.19429    C:0.31429    A:0.15429    G:0.33714
Average         T:0.21714    C:0.25143    A:0.23143    G:0.30000

#3: Mus musculus   
position  1:    T:0.15885    C:0.27865    A:0.21094    G:0.35156
position  2:    T:0.26562    C:0.23698    A:0.30208    G:0.19531
position  3:    T:0.13281    C:0.36458    A:0.08594    G:0.41667
Average         T:0.18576    C:0.29340    A:0.19965    G:0.32118

#4: Bos taurus     
position  1:    T:0.13689    C:0.29234    A:0.19722    G:0.37355
position  2:    T:0.25754    C:0.25754    A:0.27378    G:0.21114
position  3:    T:0.09745    C:0.41531    A:0.08353    G:0.40371
Average         T:0.16396    C:0.32173    A:0.18484    G:0.32947

#5: Canis lupus familiaris
position  1:    T:0.13710    C:0.30108    A:0.18817    G:0.37366
position  2:    T:0.26344    C:0.23925    A:0.29570    G:0.20161
position  3:    T:0.12634    C:0.38978    A:0.08065    G:0.40323
Average         T:0.17563    C:0.31004    A:0.18817    G:0.32616

#6: Pan troglodytes
position  1:    T:0.14058    C:0.28382    A:0.19629    G:0.37931
position  2:    T:0.25729    C:0.24934    A:0.29178    G:0.20159
position  3:    T:0.09019    C:0.38727    A:0.06631    G:0.45623
Average         T:0.16269    C:0.30681    A:0.18479    G:0.34571

#7: Danio rerio    
position  1:    T:0.19363    C:0.18302    A:0.29708    G:0.32626
position  2:    T:0.28117    C:0.20955    A:0.32095    G:0.18833
position  3:    T:0.24138    C:0.23607    A:0.23873    G:0.28382
Average         T:0.23873    C:0.20955    A:0.28559    G:0.26614

#8: Homo sapiens   
position  1:    T:0.14058    C:0.28382    A:0.19629    G:0.37931
position  2:    T:0.25729    C:0.24934    A:0.29178    G:0.20159
position  3:    T:0.09549    C:0.38462    A:0.05836    G:0.46154
Average         T:0.16446    C:0.30592    A:0.18214    G:0.34748

Sums of codon usage counts
------------------------------------------------------------------------------
Phe F TTT      25 | Ser S TCT      17 | Tyr Y TAT      40 | Cys C TGT      10
      TTC      70 |       TCC      53 |       TAC      96 |       TGC      23
Leu L TTA       4 |       TCA      17 | *** * TAA       0 | *** * TGA       0
      TTG      27 |       TCG      19 |       TAG       0 | Trp W TGG      70
------------------------------------------------------------------------------
Leu L CTT      17 | Pro P CCT      21 | His H CAT      14 | Arg R CGT      19
      CTC      80 |       CCC      80 |       CAC      60 |       CGC      54
      CTA      11 |       CCA      19 | Gln Q CAA      25 |       CGA      22
      CTG     181 |       CCG      28 |       CAG     113 |       CGG      69
------------------------------------------------------------------------------
Ile I ATT      26 | Thr T ACT      13 | Asn N AAT      27 | Ser S AGT      11
      ATC      65 |       ACC      47 |       AAC      43 |       AGC      57
      ATA       6 |       ACA      18 | Lys K AAA      45 | Arg R AGA      20
Met M ATG      90 |       ACG      29 |       AAG     133 |       AGG      37
------------------------------------------------------------------------------
Val V GTT      17 | Ala A GCT      78 | Asp D GAT      45 | Gly G GGT      35
      GTC      43 |       GCC     154 |       GAC      90 |       GGC      82
      GTA      14 |       GCA      47 | Glu E GAA      49 |       GGA      37
      GTG     141 |       GCG      82 |       GAG     125 |       GGG      62
------------------------------------------------------------------------------

(Ambiguity data are not used in the counts.)


Codon position x base (3x4) table, overall

position  1:    T:0.15433    C:0.26638    A:0.21855    G:0.36075
position  2:    T:0.26769    C:0.23657    A:0.29653    G:0.19921
position  3:    T:0.13598    C:0.35944    A:0.10944    G:0.39515
Average         T:0.18600    C:0.28746    A:0.20817    G:0.31837

Codon frequencies under model, for use in evolver (TTT TTC TTA TTG ... GGG):
  0.00577008  0.01525247  0.00464387  0.01676798
  0.00509914  0.01347892  0.00410388  0.01481821
  0.00639158  0.01689533  0.00000000  0.00000000
  0.00429401  0.01135067  0.00000000  0.01247850
  0.00995981  0.02632750  0.00801585  0.02894345
  0.00880169  0.02326617  0.00708377  0.02557794
  0.01103259  0.02916327  0.00887925  0.03206099
  0.00741195  0.01959256  0.00596528  0.02153931
  0.00817121  0.02159956  0.00657635  0.02374574
  0.00722107  0.01908799  0.00581166  0.02098460
  0.00905134  0.02392608  0.00728469  0.02630342
  0.00608090  0.01607409  0.00489403  0.01767125
  0.01348801  0.03565385  0.01085541  0.03919649
  0.01191964  0.03150805  0.00959315  0.03463875
  0.01494082  0.03949417  0.01202466  0.04341838
  0.01003759  0.02653310  0.00807845  0.02916948



Nei & Gojobori 1986. dN/dS (dN, dS)
(Pairwise deletion)
(Note: This matrix is not used in later ML. analysis.
Use runmode = -2 for ML pairwise comparison.)

Rattus norvegicus   
Gallus gallus        0.1505 (0.2289 1.5206)
Mus musculus         0.2506 (0.0373 0.1487) 0.1585 (0.2303 1.4531)
Bos taurus           0.1812 (0.1098 0.6057) 0.1056 (0.2326 2.2033) 0.1818 (0.1080 0.5942)
Canis lupus familiaris 0.1615 (0.0982 0.6081) 0.0913 (0.2131 2.3343) 0.1656 (0.0983 0.5939) 0.1048 (0.0451 0.4305)
Pan troglodytes      0.1420 (0.0855 0.6021) 0.0945 (0.2111 2.2329) 0.1565 (0.0908 0.5802) 0.1664 (0.0753 0.4524) 0.1253 (0.0547 0.4364)
Danio rerio         -1.0000 (0.3873 -1.0000)-1.0000 (0.3107 -1.0000)-1.0000 (0.3974 -1.0000)-1.0000 (0.4133 -1.0000)-1.0000 (0.3839 -1.0000)-1.0000 (0.3878 -1.0000)
Homo sapiens         0.1331 (0.0855 0.6424) 0.0977 (0.2111 2.1608) 0.1466 (0.0908 0.6193) 0.1618 (0.0753 0.4653) 0.1253 (0.0547 0.4364) 0.0000 (0.0000 0.0355)-1.0000 (0.3878 -1.0000)


TREE #  1:  (((((8, 6), (3, 1)), (4, 5)), 2), 7);   MP score: -1
lnL(ntime:  7  np:  9):  -5576.271605      +0.000000
   9..10   10..11   11..12   12..13   13..8    13..6    12..14   14..3    14..1    11..15   15..4    15..5    10..2     9..7  
 1.937861 1.220893 0.373367 0.367910 0.014870 0.093728 0.234884 2.324769 0.088834
SEs for parameters:
 0.154502 0.092428 0.018775 0.021025 0.004842 0.010588 0.020589 0.195558 0.007533

tree length =   6.18137

(((((8: 0.014870, 6: 0.014870): 0.353040, (3: 0.093728, 1: 0.093728): 0.274181): 0.005458, (4: 0.234884, 5: 0.234884): 0.138484): 0.847526, 2: 1.220893): 0.716968, 7: 1.937861);

(((((Homo sapiens: 0.014870, Pan troglodytes: 0.014870): 0.353040, (Mus musculus: 0.093728, Rattus norvegicus: 0.093728): 0.274181): 0.005458, (Bos taurus: 0.234884, Canis lupus familiaris: 0.234884): 0.138484): 0.847526, Gallus gallus: 1.220893): 0.716968, Danio rerio: 1.937861);

Detailed output identifying parameters

kappa (ts/tv) =  2.32477

omega (dN/dS) =  0.08883

dN & dS for each branch

 branch          t       N       S   dN/dS      dN      dS  N*dN  S*dS

   9..10     0.717  1109.6   312.4  0.0888  0.0735  0.8269  81.5 258.3
  10..11     0.848  1109.6   312.4  0.0888  0.0868  0.9775  96.3 305.4
  11..12     0.005  1109.6   312.4  0.0888  0.0006  0.0063   0.6   2.0
  12..13     0.353  1109.6   312.4  0.0888  0.0362  0.4072  40.1 127.2
  13..8      0.015  1109.6   312.4  0.0888  0.0015  0.0171   1.7   5.4
  13..6      0.015  1109.6   312.4  0.0888  0.0015  0.0171   1.7   5.4
  12..14     0.274  1109.6   312.4  0.0888  0.0281  0.3162  31.2  98.8
  14..3      0.094  1109.6   312.4  0.0888  0.0096  0.1081  10.7  33.8
  14..1      0.094  1109.6   312.4  0.0888  0.0096  0.1081  10.7  33.8
  11..15     0.138  1109.6   312.4  0.0888  0.0142  0.1597  15.7  49.9
  15..4      0.235  1109.6   312.4  0.0888  0.0241  0.2709  26.7  84.6
  15..5      0.235  1109.6   312.4  0.0888  0.0241  0.2709  26.7  84.6
  10..2      1.221  1109.6   312.4  0.0888  0.1251  1.4081 138.8 439.9
   9..7      1.938  1109.6   312.4  0.0888  0.1985  2.2350 220.3 698.3

tree length for dN:       0.6333
tree length for dS:       7.1291


Time used:  0:17
