
seed used = 1418776021
      8   1422

Rattus norvegicus                          --- --- --- --- --- --- --- --- --- --- --- --- --- --- --- --- --- --- --- --- --- --- --- --- --- --- --- --- --- --- --- --- --- --- --- --- --- --- --- --- --- --- --- --- --- --- --- --- --- --- --- --- --- --- --- --- ATG GCC CAG GCA GCG CGC GTT GCG TGG GTG CTT GGC TCT AGC CGG TGC GCC CTG TCA GAG GGG CTG CTC ACA CGA CCC TGG ACA --- CAA CTC TCG GCA CAG AGC CGG GCG GGC TTC ACC AGG GCG GCA --- --- --- GCG GGA --- AAC CGG --- --- GGC GCC TCG ATC CGC AAG GGG AGC CCG CGG TTG CTG GGG GTG GCG GCG CTG GCC CTG GGC GGC GCT CTG GGG CTG TAC CAC ACT GTG CGG TGG CAC CTG CGC TCC CAG GAC CTC CAC GCC GAG CGC TCG GCT GTG CAG CTG TCC --- --- --- --- --- --- --- --- --- --- --- --- --- CTG TCC AAC CGC CTG CAG CTG ACC CTG TAC CAG TAC AAG ACA TGT CCC TTC TGC AGC AAA GTC CGT GCC TTC CTC GAC TTC CAC TCC CTG CCC TAT CAG GTG GTA GAG GTG AAT CCC GTG AGA AGG ACC GAG ATT AAA TTC TCC --- TCC TAC AGG AAG GTA CCC ATC CTG GTG GCC CAG GAA GGA GAC AGC --- TTG CAA CAG CTC AAT GAC TCC TCA GTC ATC ATT AGT GCC CTC AAG ACC TAC CTG GTT TCA GGG CAG --- CCC CTG GAA GAG ATC ATC ACT TAT TAC CCA CCC ATG AAG GCC ATG AAT GAC CAG GGC AAG GAG GTA ACC GAG TTC GGC AAC AAG TAC TGG CTC ATG CTG GAC CAG AAG GAG GCC CAG CAG ATG TAT GGC --- --- GGA AAG GAA GCC AGG ACG GAG GAG ATG AAG TGG CGG CAG TGG GCG GAT GAC TGG CTG GTG CAT CTC ATC TCT CCC AAC GTG TAC CGA ACA CCT GCC GAG GCC CTG GCT TCC TTC GAC TAT ATT GTC CGT GAG GGC AAG --- --- --- --- TTT GGG GCT GTG GAG GCC ACC ATG GCC AAG TAC GTG GGC GCA GCT GCC ATG TAC TTC ATC AGC AAG CGC CTC AAA AGC AGG CAC CAC CTG CAG GAT GAT GTC CGG GTA GAC CTC TAT GAA GCA GCC AAC AAG TGG GTG ACA GCC GTG GGC AAA GAC CGG --- CCA TTC ATG GGG GGT CAG AAG CCT AAC CTT GCT GAC CTG GCA GTG TAT GGT GTG CTG CGA GTG ATG GAG GGT CTG GAA GCC TTT GAC GAC CTG ATG CGA CAC TCA CAC ATC CAG CCT TGG TAC CTG CGG ATG GAG CGG GCC ATC AAA GAA GCC TCT TCA ATG CAC TGT ATG CAC CCT AAT TGC AAA GAC --- --- --- --- 
Gallus gallus                              --- --- --- --- --- --- --- --- --- --- --- --- --- --- --- --- --- --- --- --- --- --- --- --- --- --- --- --- --- --- --- --- --- --- --- --- --- --- --- --- --- --- --- --- --- --- --- --- --- --- --- --- --- --- --- --- ATG GCC GCT GCC GGC AGG --- --- --- --- --- --- --- --- --- --- --- --- GCC TGG CGG GTC GCG GCG CTG CTG CCG CCC TGG CGG CTG CGG GCC CCG TGC CGT TCT --- --- --- --- --- TTG --- --- --- GGC AGC GCG GCG CGG --- --- GGC GCT GCT GCC --- --- GGC GGC AGC CGC TTG TTG CTG GGC GCT GCC TTC GCG CTG GGC GGC GGT GCC GGT CTC TGC CTG GCG GCG CGG CAG CGC CTG AGG --- --- --- --- --- --- GAG CAC TCG GCC GCG GAG CTG CCT --- --- --- --- --- --- --- --- --- --- --- --- --- GCA GGG AAC --- CTG CAG CTC ACC CTC TAC CAG TAT AAA ACC TGT CCT TTC TGC AGT AAA GTC CGA GCT TTT CTG GAT TAT CAT GGG CTG CCC TAT GAA ATA GTG GAA GTA AAC CCA ATA ATG AGG AAG GAG ATC AAA TTC TCC --- TCC TAC AGA AAG GTG CCC ATC CTG CTA GCT GAT GCT GGA AGC CCT --- CTG --- CAG TTG AAT GAC TCT TCG GTG ATC ATC AGT GCA ATA AAG ACC TAT CTC ATT TCC AAG AGG AAT AGC CTA GAA GAA ATT GTG TCC TTT TAC CCT CCC ATG AAA ACG GTT ACT GAG CAA GGC AAG GAG GTA CTT GAG TAT GGG AAT AAA TAC TGG CTC ATG CTG GAT GAG AAG GAG ACA AAG CGA GTC TAT CCT --- --- GTC AAA GAA GTG AGA GTG GAA GAA ATG CAG TGG AGA AAA TGG GCA GAT GAT TGG CTT GTT CAC CTC ATC TCC CCC AAC GTT TAC CGC ACC CCC AAG GAG GCC TTG GCG TCC TTT GAT TAC ATT GTC CGT GAG GGG AAG --- --- --- --- TTT GGC ACT GTG GAA GGC TTC TTT GCC AAG TAC ATG GGG GCC ATT GCC ATG TTC TTC ATT AGC AAG AGA CTG AAG AAA CGG CAT CAC CTT CGA GAT GAT GTC CGA GAA GAC TTG TAC GAA GCA GTT GAT AAG TGG GTA AAA GCC ATT GGC AAA AAC AGG --- CTG TTC ATG GGT GGA AGC CAA CCA AAC CTT GCT GAC TTG GCA GTG TAC GGA GTG CTC CGG GTC ATG GAG GGG CTG GAA GCC TTT GAC GAC ATG ATG GTC CAC ACC AAG GTT CAG CCC TGG TAC CAG CGC ATG GAA GAA GCC ATT CAA AAG GCT GCA GCC --- --- --- --- --- --- --- --- --- --- --- --- --- --- 
Mus musculus                               --- --- --- --- --- --- --- --- --- --- --- --- --- --- --- --- --- --- --- --- --- --- --- --- --- --- --- --- --- --- --- --- --- --- --- --- --- --- --- --- --- --- --- --- --- --- --- --- --- --- --- --- --- --- --- --- ATG GCC CAG GCG GCG CGC CTT TCG TGG GTG CTT GTC TCT AGC CGG TGC GCC CTG ACT GAG GGG CTG CTC ACA CGA CCC TGG CAG --- CCG CTC TCG GCA CAG AGC CGG GCT GGC TTC ACC AGG GTG GCT --- --- --- GCC GGA --- AGC CGG --- --- GGC GCC GCG GTC CGC AAG GGG AGC CCG CGG TTG CTG GGG GCG GCG GCG CTG GCC CTG GGC GGC GCG CTG GGG CTG TAC CAC ACC GTG CGG TGG CAC CAG CGT TCC CAG GAC CTC CGC GCG GAG CGC TCG GCT GCG CAG CTG CCC --- --- --- --- --- --- --- --- --- --- --- --- --- CTG TCG AAC AGC CTG CAG CTG ACC CTG TAC CAG TAC AAG ACA TGT CCC TTC TGC AGC AAA GTC CGT GCC TTC CTC GAC TTC CAC TCC CTG CCC TAT CAG GTG GTG GAG GTG AAT CCC GTG AGA AGG ACT GAG ATC AAA TTC TCC --- TCC TAC AGG AAA GTG CCC ATC TTG GTG GCC CAG GAA GGA GAC AGC --- TTG CAA CAG CTC AAT GAC TCC TCT GTC ATC ATT AGT GCC CTC AAG ACC TAC CTG GTT TCA GGG CAG --- CCC CTG GAA GAG GTC ATC ACT TAT TAC CCA CCC ATG AAG GCC ATG AAT GAC CAG GGC AAG GAG GTG ACC GAG TTT TGC AAC AAG TAC TGG CCC ATG CTG GAC GAG AAG GAG GCC CAG CAG ATG TAT GGC --- --- GGG AAG GAA GCC AGG ACG GAG GAG ATG AAG TGG CGG CAG TGG GCG GAT GAC TGG CTG GTG CAT CTC ATC TCT CCC AAC GTG TAC CGA ACA CCC GCT GAG GCC TTG GCT TCC TTC GAC TAC ATT GTC CGT GAG GGC AAG --- --- --- --- TTT GGG GCT GTG GAG GCT GCC ATG GCC AAG TAT GTG GGC GCG GCT GCC ATG TAC CTC ATC AGC AAG CGC CTC AAA AGC AGG CAC CAC CTG CAG GAT GAT GTA CGG GTA GAC CTC TAT GAA GCA GCC AAC AAG TGG GTG ACA GCC GTG GGT AAA GAC CGG --- CCA TTC ATG GGG GGT CAG AAG CCT AAC CTT GCT GAC CTG GCA GTG TAT GGT GTG CTG CGA GTG ATG GAG GGT CTG GAG GCC TTC GAC GAC CTG ATG CGA CAC TCA CAC ATC CAG CCT TGG TAC CTG CGG ATG GAG CGG GCC ATT GAA GAA GCC CCC TCG GTG CAT CAT GTC AAC CCT AGC TGC AAA GAC --- --- --- --- 
Bos taurus                                 ATG GGT GTT TTA AAA GTT GGG CGC CGG GGA CTC AAG CTC AGT CCC ACG AGG GCT GCC CCC GCC CCG CTC GGC GTC ACC GTC ACC CCT GGC AAC CGG CTG GCC CCG CCC CTT CAA GGG GAG CCA GAG CCA AGG CAG TCT TTG TTT CTC GCG CCC TTC CGC GGC GCC GGC GGA GCA AAC ATG GCC CAC GCT GTA CGG GCT CTG TGG CCC CAC GGG CGC GCT CTG GCC TGG AGG CTG GGC GAT CGG CCG GCG CTG --- GGA CTC CAC GCG CAG AGC CGG GCC GGC TTC ACC GGG GCA GCG --- --- --- GGA GGC TCG GGC CCC --- --- GCC GCT ACG GCC CGC AAG GGG GGT CCA CGG CTC CTG GGG GCG GCG GCG CTG GCC CTG GGT GGC GCC CTG GGA CTA TAC CAC ACG GCG CGG TGG CAC CTG CGC GCC CAG GAC CTC CGC GCA GAG CGC TCG GCC ACA CAG CTC TCC --- --- --- --- --- --- --- --- --- --- --- --- --- CTG TCC AGC CGC CTG CAG CTG ACG CTG TAC CAG TAC AAA ACG TGT CCG TTC TGC AGC AAG GTC CGC GCC TTC CTC GAC TTC CAC GCC CTG CCC TAC CAG GTG GTG GAG GTG AAC CCT GTG CGC CGG GCC GAG ATC AAG TTC TCC --- TCC TAC AGG AAG GTG CCC ATC GTT ATG GCC CAG GAA GGA GAG AGT --- TTG CAA CAA CTG AAC GAC TCC TCT GTC ATC ATC AGC GCT CTC AAG ACC TAT CTG GTG TCA GGG CAA --- CCC CTG GCA GAC ATC ATC ACC TAC TAT CCA CCC ATG AAG GCG GTG AAT GAC CAG GGC AAG GAG GTG ACC GAA TTC TGC AAC AAG TAC TGG CTC ATG CTG GAT GAG AAG GAA GCC CAG CGG ATG TAT GGG --- --- GGG AAG GAG GCC AGG ACG GAG GAG ATG AAG TGG CGG CAG TGG GCG GAC GAC TGG TTG GTA CAC CTC ATC TCC CCC AAC GTG TAC CGC ACG CCG GCC GAG GCC TTG GCC TCC TTT GAC TAC ATT GTC AAG GAG GGC AAT --- --- --- --- TTC GGG ACC GTG GAG GGC GCC ATG GCC AAG TAC ATG GGT GCA GCT GCC ATG TAC TTC ATC AGC AAG CGG CTC AAA CGC AGG CAC CAC CTC CGG GAT GAC GTG CGG GAG GAT CTC TAC GAG GCT GCC AAC AAG TGG GTG GCA GCT GTG GGC AAA GAC CGG --- CCC TTC ATG GGG GGC CAG AAG CCG AAC CTG GCA GAT CTG GCA GTC TAC GGT GTG CTG CGT GTG ATG GAG GGT CTA GAG GCC TTC GAC GAC CTC ATG CGT CAC ACT CAC ATC CAG CCC TGG TAC CTG CGG GTG GAG AAG GCC ATC GCC GAG GCC CCC CAG --- --- --- --- --- --- --- --- --- --- --- --- --- --- 
Canis lupus familiaris                     --- --- --- --- --- --- --- --- --- --- --- --- --- --- --- --- --- --- --- --- --- --- --- --- --- --- --- --- --- --- --- --- --- --- --- --- --- --- --- --- --- --- --- --- --- --- --- --- --- --- --- --- --- --- --- --- --- --- --- ATG GCC CAG GTC GCG CGA GCG CTG TGG CCG GTC CGG TAC GCT CTG GCC TGG AGG CTG GGC GGT CGC CTC CCG CCC --- GGA CTC CCC GCG CAC AGT CGG GCC GGC TTC GCG GGA GCG GCA --- --- --- GGA GGC CAG GGC CCC --- --- GCT GCC ACC GCC CGC AAG GGG AGC CCG CGG CTG CTG GGA GCG GCG GCG CTG GCC CTG GGG GGC GTC CTG GGG CTG TAC CAC ACC GCG CGG TGG CAC CTG CGC GCC CAG CAC CTC CGC GCC CAG CGC CCC GCC GCG CAG CTC TCC --- --- --- --- --- --- --- --- --- --- --- --- --- CTG TCC AGT CGC CTG CAG CTG ACC CTG TAC CAG TAC AAA ACA TGC CCC TTC TGC AGC AAG GTC CGT GCC TTC CTC GAT TTC CAC GCC CTG CCC TAC CAG GTG GTG GAA GTG AAC CCC GTG CGC AGG GCC GAG ATC AAG TTC TCC --- TCC TAC AGA AAG GTG CCC ATC CTG CTG GCC CAG GAA GGA GAG AGC --- TTG CAA CAA CTG AAC GAT TCC TCT GTC ATC ATC AGT GCT CTC AAG ACC TAC CTG GTG TCG GGG CAG --- CCC CTG GAA GAC ATT ATC ACC TAC TAT CCA CCC ATG AAG GCT GTG AAC GAC CAG GGA AAG GAA GTG ACT GAA TTC TGC AAC AAG TAT TGG CTC ATG CTA GAT GAG AAA GAG GCC CAG CAC CTG TAT GGT --- --- GGG AAG GAG GCG AGG ACG GAG GAG ATG AAG TGG CGG CAG TGG GCA GAT GAC TGG CTG GTG CAC CTG ATC TCT CCC AAC GTG TAC CGC ACT CCT GCT GAG GCC CTG GCT TCC TTT GAC TAC ATT GTC AGG GAG GGC AAG --- --- --- --- TTC GGG GCA GTG GAA GGT GCC GTG GCC AAG TAC ATG GGT GCA GCT GCC ATG TAC TTC ATC AGC AAG CGG CTC AAG AGC AGG CAT CAC CTC CAG GAT GAC GTT CGT GAG GAC CTC TAT GAG GCT GCC GAC AAG TGG GTG GCA GCC GTG GGC AAA GAC CGA --- CCC TTC ATG GGG GGC CAG AAG CCA AAC CTG GCT GAT CTG GCA GTG TAT GGT GTG CTG CGT GTG ATG GAG GGC CTG GAG GCC TTC GAT GAC CTG ATG CGT CAT ACC CGC ATC CAG CCC TGG TAC CTG CGT GTG GAG AAG GCC ATT GCT GAG GCC CCC CAG --- --- --- --- --- --- --- --- --- --- --- --- --- --- 
Pan troglodytes                            --- --- --- --- --- --- --- --- --- --- --- --- --- --- --- --- --- --- --- --- --- --- --- --- --- --- --- --- --- --- --- --- --- --- --- --- --- --- --- --- --- --- --- --- --- --- --- --- --- --- --- --- --- --- --- --- ATG GAC CCG GCT GCG CGG GTG GTG CGG GCG CTG TGG CCT GGT GGG TGC GCC TTG GCC TGG AGG CTG GGA GGC CGC CCC CAG CCG --- CTG CTA CCC ACG CAG AGC CGG GCT GGC TTC GCG GGG GCG GCG --- --- --- GGC GGC CCG AGC CCC --- --- GTG GCT GCA GCT CGT AAG GGG AGC CCG CGG CTG CTG GGA GCA GCG GCG CTG GCC CTG GGG GGA GCC CTG GGG CTG TAC CAC ACG GCG CGG TGG CAC CTG CGC GCC CAG GAC CTC CAC GCA GAG CGC TCA GCC GCG CAG CTC TCC --- --- --- --- --- --- --- --- --- --- --- --- --- CTG TCC AGC CGC CTG CAG CTG ACC CTG TAC CAG TAC AAG ACG TGT CCC TTC TGC AGC AAG GTC CGA GCC TTC CTC GAC TTC CAC GCC CTG CCC TAC CAG GTG GTG GAG GTG AAC CCT GTG CGC AGG GCT GAG ATC AAG TTC TCC --- TCC TAC AGA AAG GTG CCC ATC CTG GTG GCC CAG GAA GGA GAA AGC --- TCG CAA CAA CTA AAT GAC TCC TCT GTC ATC ATC AGC GCC CTC AAG ACC TAC CTG GTG TCG GGG CAG --- CCC CTG GAA GAG ATC ATC ACC TAC TAC CCA GCC ATG AAG GCT GTG AAC GAG CAG GGC AAG GAG GTG ACC GAG TTC GGC AAT AAG TAC TGG CTC ATG CTC AAC GAG AAG GAG GCC CAG CAA GTG TAT GGC --- --- GGG AAG GAG GCC AGG ACG GAG GAG ATG AAG TGG CGG CAG TGG GCG GAC GAC TGG CTG GTG CAC CTG ATC TCC CCC AAT GTG TAC CGC ACG CCC ACC GAG GCT CTG GCG TCC TTT GAC TAC ATT GTC CGC GAG GGC AAG --- --- --- --- TTC GGA GCT GTG GAG GGT GCC GTG GCC AAG TAC ATG GGT GCA GCG GCC ATG TAC CTC ATC AGC AAG CGA CTC AAG AGC AGG CAC CGC CTC CAG GAC AAT GTG CGC GAG GAT CTC TAT GAG GCT GCC GAC AAG TGG GTG GCT GCT GTG GGC AAG GAC CGG --- CCC TTC ATG GGG GGC CAG AAG CCG AAT CTC GCT GAT TTG GCA GTG TAT GGC GTG CTG CGT GTG ATG GAG GGG CTG GAC GCA TTC GAT GAC CTG ATG CAG CAC ACG CAC ATC CAG CCC TGG TAC CTG CGG GTG GAG AGG GCC ATC ACC GAG GCC TCC CCA GCG CAC --- --- --- --- --- --- --- --- --- --- --- --- 
Danio rerio                                --- --- --- --- --- --- --- --- --- --- --- --- --- --- --- --- --- --- --- --- --- --- --- --- --- --- --- --- --- --- --- --- --- --- --- --- --- --- --- --- --- --- --- --- --- --- --- --- --- --- --- ATG GCG GCG GCC TGT ACG AGA ACG CTG GGT AAG GTC GGC CGG TTA GTT TTA GAC ACG CCG ACG TGC CGT TTT ACA AAC ACT GCA GCA TTC GTG CCG AGA ACC TCC ATG AGA TGC CAA GGG AGA GCT TAC GGT ACC GGT AGC TCG --- --- --- GGG TTT AAA TCC AGA CTT TTG CTC GCG GCG CCG GTG CGA GGC AGT GGC AGA GTC CTG GGA --- TGC GCC TTC TTG CTC GGA GGT GGT TTC GGC TTG TAC CAG ACC ATC AAA CTC ACA CTT CAA --- --- CAT CAC CTT GCA GAG AAA GAA TCT GAC GCA TCA GAT --- --- --- --- --- --- --- --- --- --- --- --- --- CTG GAC ACA GAC CTG AAA TTG ACT CTC TAT CAG TAT AAG ACC TGT CCG TTT TGC AGC AAA GTG CGA GCT TTC CTG GAT TAT CAT CGA CTG CCA TAT GAA ATC GTG GAG GTC AAT CCC GTT ATG CGG CAG GAG ATC AAG TGG TCG --- ACC TAC AGA AAA GTC CCC ATC CTG ATG GTG --- --- --- AAC GGG --- ACG GTG CAA CTG AAT GAC TCT TCA GTA ATT ATT AGT GCT TTG AAG ACA TAC ATT AGC AGC AAG GAC AAA AAG ATA TCT GAG ATT CTT GCT TGT TAT CCT GAA ATG AAG TCA AAG AAC GAC AGA GGG AAA GAC GTG ATA GAG TTT GGC AAT AAG TAC TGG GTC ATG GTG CAT GAC GCG GAT GCT GAT CAA CTA TAT CCT --- --- GGA AAA GAC AGC AGA AAA GAA GAG ATT AAA TGG CGG ACA TGG GCA GAT GAT TGG CTG GTG CAT CTA ATT TCC CCA AAT GTT TAC CGG ACG CCA ACT GAA GCC CTC GCA TCA TTT GAC TAC ATA GTA CGG GAA GGG AAA --- --- --- --- TTC GGT TCC TTC GAG GGC TTT TTT GCT AAG TAT TTT GGA GCT GCT GCC ATG TGG ATC ATC TCA AAG AGA TTA AAA TAT AAA CAC AAT CTG CAA GCT GAT GTA AGA CAG GAT CTT TAC AAG GCT GTC AAT GAC TGG GTG GCA GCC ATT GGA AAA AAC AAG --- CAA TTC ATG GGA GGT GAT GAA CCC AAC CTT GCA GAT CTG GCA GTG TTT GGA GTT CTG AGG GTT ATG GAA GGC CTT CAG TCA TTT GAT GAT ATG ATG GAA CAC ACC AAG GTG AAG AAA TGG TAC AGC CGA ATG CAG AAG GCC ACA CAA CAT GTG TCA --- --- --- --- --- --- --- --- --- --- --- --- --- --- --- 
Homo sapiens                               --- --- --- --- --- --- --- --- --- --- --- --- --- --- --- --- --- --- --- --- --- --- --- --- --- --- --- --- --- --- --- --- --- --- --- --- --- --- --- --- --- --- --- --- --- --- --- --- --- --- --- --- --- --- --- --- ATG GAC CCG GCT GCG CGG GTG GTG CGG GCG CTG TGG CCT GGT GGG TGC GCC TTG GCC TGG AGG CTG GGA GGC CGC CCC CAG CCG --- CTG CTA CCC ACG CAG AGC CGG GCT GGC TTC GCG GGG GCG GCG --- --- --- GGC GGC CCG AGC CCC --- --- GTG GCT GCA GCT CGT AAG GGG AGC CCG CGG CTG CTG GGA GCT GCG GCG CTG GCC CTG GGG GGA GCC CTG GGG CTG TAC CAC ACG GCG CGG TGG CAC CTG CGC GCC CAG GAC CTC CAC GCA GAG CGC TCA GCC GCG CAG CTC TCC --- --- --- --- --- --- --- --- --- --- --- --- --- CTG TCC AGC CGC CTG CAG CTG ACC CTG TAC CAG TAC AAG ACG TGT CCC TTC TGC AGC AAG GTC CGA GCC TTC CTC GAC TTC CAT GCC CTG CCC TAC CAG GTG GTG GAG GTG AAC CCT GTG CGC AGG GCT GAG ATC AAG TTC TCC --- TCC TAC AGA AAG GTG CCC ATC CTG GTG GCC CAG GAA GGA GAA AGC --- TCG CAA CAA CTA AAT GAC TCC TCT GTC ATC ATC AGC GCC CTC AAG ACC TAC CTG GTG TCG GGG CAG --- CCC CTG GAA GAG ATC ATC ACC TAC TAC CCA GCC ATG AAG GCT GTG AAC GAG CAG GGC AAG GAG GTG ACC GAG TTC GGC AAT AAG TAC TGG CTC ATG CTC AAC GAG AAG GAG GCC CAG CAA GTG TAT GGT --- --- GGG AAG GAG GCC AGG ACG GAG GAG ATG AAG TGG CGG CAG TGG GCG GAC GAC TGG CTG GTG CAC CTG ATC TCC CCC AAT GTG TAC CGC ACG CCC ACC GAG GCT CTG GCG TCC TTT GAC TAC ATT GTC CGC GAG GGC AAG --- --- --- --- TTC GGA GCC GTG GAG GGT GCC GTG GCC AAG TAC ATG GGT GCA GCG GCC ATG TAC CTC ATC AGC AAG CGA CTC AAG AGC AGG CAC CGC CTC CAG GAC AAC GTG CGC GAG GAC CTC TAT GAG GCT GCT GAC AAG TGG GTG GCT GCT GTG GGC AAG GAC CGG --- CCC TTC ATG GGG GGC CAG AAG CCG AAT CTC GCT GAT TTG GCG GTG TAT GGC GTG CTG CGT GTG ATG GAG GGG CTG GAT GCG TTC GAT GAC CTG ATG CAG CAC ACG CAC ATC CAG CCC TGG TAC CTG CGG GTG GAG AGG GCC ATC ACC GAG GCC TCC CCA GCG CAC --- --- --- --- --- --- --- --- --- --- --- --- 



Printing out site pattern counts


         8       1251  P G
G 3      179    106    132

Rattus norvegicus                           --- --- --- --- --- --- --- --- --- --- --- --- --- --- --- --- --- --- --- --- --- --- --- --- --- --- --- --- --- --- --- --- --- --- --- --- --- --- --- --- --- --- --- AAA AAC AAC AAG AAG AAG AAG AAG AAG AAT AAT ACA ACA ACC ACC ACG ACT AGC AGC AGC AGG AGG ATC ATG ATG ATG ATG ATG ATG CAA CAC CAC CAC CAC CAG CAG CAG CAG CAG CAG CAG CAG CCC CCG CCT CGA CGC CGC CGC CGC CGG CGG CGG CGG CGG CGG CTC CTC CTC CTC CTG CTG CTG CTG CTG CTG CTG CTG CTG CTT GAA GAC GAC GAC GAC GAG GAG GAG GAG GAG GAG GAG GCA GCA GCA GCC GCC GCC GCC GCC GCC GCC GCG GCG GCG GCG GCG GCG GCG GCT GGA GGA GGC GGC GGC GGC GGC GGC GGC GGC GGG GGG GGG GGG GTA GTG GTG GTG GTT TAC TAC TAT TCA TCC TCG TCG TCT TGC TGC TGG TGG TGG TGG TTC TTC TTG --- --- AAA AAA AAC AAG AAG AAG AAG AAT AAT ACA ACC ACC ACC ACT AGA AGC AGC AGG AGG AGT ATC ATC ATC ATC ATG ATT ATT CAA CAC CAG CAG CAG CAG CAG CAG CAG CCA CCC CCC CCC CCC CCC CCC CGC CGT CTC CTC CTC CTG CTG CTG CTG CTG CTG CTG CTG GAA GAA GAC GAC GAC GAG GAG GAG GCC GCC GCC GCC GCT GGA GGG GTA GTA GTC GTC GTG GTG GTG GTG GTG GTT TAC TAC TAC TAC TAC TAT TAT TCA TCA TCC TCC TCC TCC TCC TCC TCG TGC TGT TTC TTC TTC TTC TTG --- AAA AAA AAA AAC AAC AAC AAG AAG AAG AAG ACA ACA ACC AGC AGC AGG ATC ATC ATC ATC ATG ATG ATG ATG ATT CAC CAC CAC CAC CAC CAG CAG CAG CAT CCA CCC CCT CCT CCT CGA CGA CGA CGC CGG CGG CGG CGG CGT CTC CTC CTC CTG CTG CTG CTG CTG CTG CTG CTG CTT GAA GAA GAA GAC GAC GAC GAC GAC GAC GAC GAG GAG GAG GAT GAT GAT GCA GCA GCA GCC GCC GCC GCC GCC GCC GCC GCC GCC GCG GCT GCT GCT GCT GGC GGC GGC GGG GGG GGT GGT GGT GTA GTC GTC GTG GTG GTG GTG GTG GTG GTG GTG GTG TAC TAC TAC TAT TAT TAT TCA TCA TCC TCT TCT TGG TGT TTC TTC TTC TTT TTT
Gallus gallus                               --- --- --- --- --- --- --- --- --- --- --- --- --- --- --- --- --- --- --- --- --- --- --- --- --- --- --- --- --- --- --- --- --- --- --- --- --- --- --- --- --- GCG TGG --- AAT GCG --- AAA AAA AAG AAG CAG --- ACT CCC GCG --- CTT GTG GCG --- GGC TGC --- AGA GCC --- ATG ATG ATG GTC GTT CGG --- --- CGC CTG --- AAA AAG CAA CCG CGA GAG GCT CTG AGC --- CTG --- AGG AGG CAC --- AGA CGC CGG CGG CGT --- CTC CTG GCG --- CTC CTG CTG CTG GCC GTC TTC TTG --- GAA --- --- GAG GAT GAA GAA GAG GAG GAG GAG TGG GCC GCC TTG --- --- ACA GCC GCG GCT GTG --- --- GCC GCT GGC GGC TCT GGT AGC GTC --- --- CCT GGC GGC GGC GGC GGG CGG CTG GGC GGT GTA --- GCG GGC --- TAC TGC TAT GCC --- CGG GCT --- --- --- --- CAG CCG TGG --- TAT TTG --- AAT AAA AAA AAC AAA AAA AAG AAG AAC AAT ACC AAG ACC ACC TCC ATG AGT CCT AGA AGG AGT ATC ATC ATT GTG ATG ATC ATC --- CAT AGG CAG CAG CAG GAA GAG GAT CCT AGC CCA CCC CCC CCC CCT --- CGA ATA CTG TTG CTA CTC CTC CTC CTG CTG CTG GCA GAA GCT AGC GAC GAT GAA GAA GAG ACG GCA GCT GCT GCC GGA AAG GTG GTG GTC GTG ATA ATA CTA GCG GTA ATT TAC TAC TAC TAT TAT TAT TTT TCC TCG CCT GGG GGG TCC TCC TCT TCG TGC TGT TAT TTC TTC TTT CTG --- AAA AAG CAA AAC AAC GAT AAG AAG AAG CAA AAA ACC TTC AAA AGC CGG ATC ATT ATT GTT --- ATG ATG TTT ATT --- AAG CAC CAC CAT AGC CAG CGA CAC CTG CCC CCA CCC CCC CGC CGG GTC AGA AGG CGA CGC GAA CGT CTC CTG TTG ATG CAG CTC CTG CTT CTT TTG TTG CTT AAG GAA GAA AAC GAC GAC GAC GAC GAT GAT GAA GAA GAG GAT GAT GAT GCA GCA GCC AAG GCC GCC GCC GCC GCC GCT GGC GTT GCA ACT ATT GCG GCT GGC GGG GGG GGC GGT GGA GGA GGG GAA GTC GTC ATG ATT GTA GTC GTG GTG GTG GTT GTT TAC TAC TTC TAC TAC TAC ACC GCC TCC GCA TCC TGG --- TTC TTC TTT TTT TTT
Mus musculus                                --- --- --- --- --- --- --- --- --- --- --- --- --- --- --- --- --- --- --- --- --- --- --- --- --- --- --- --- --- --- --- --- --- --- --- --- --- --- --- --- --- --- --- AAA AAC AGC AAG AAG AAG AAG AAG AAG AGC AAT CAG ACA ACC ACC ACG ACC AGC AGC AGC AGG AGG GTC GTC ATG ATG ATG ATG ATG CCG AAC CGC CAC CAC CAG CAG CAG CAG CAG CAG GAG CAG CCC CCG CCT CGA CGC CGC CGT CGC CGG CGG CGG CGG CGG CGG CTC CCC CTC CTC CTG CTG CAG CTG CTG CTG CTG CTG CTG CTT GAA GAC GAC GAC GAC GAG GAG GAG GAG GAG GAG GAG GCA GCG GCT GCC GCG GCC GCC GCC GCC GCC GTG TCG GCG GCG GCC GCG GCT GCG GGA GGG GGC GTC GGC GGC GGC GGC GGC TGC GGG GGG GGG GGG GTG GTG GTG GCG CTT TAC TAC TAT ACT TCC TCG GCG TCT TGC TGC TGG TGG TGG TGG TTC TTT TTG --- --- AAA AAA AAC AAG AAG AAA AAG AAT AAT ACA ACT ACC ACC ACT AGA AGC AGC AGG AGG AGT ATC ATC GTC ATC ATG ATC ATT CAA CAC CAG CAG CAG CAG CAG CAG CAG CCA CCC CCC CCC CCC CCC CCC AGC CGT CTC CTC CTC CTG CTG CTG CTG CTG CTG TTG CTG GAA GAA GAC GAC GAC GAG GAG GAG GCC GCC GCC GCC GCT GGA GGG GTG GTG GTC GTC GTG GTG GTG GCG GTG GTT TAC TAC TAC TAC TAC TAT TAT TCA TCT CCC TCC TCG TCC TCC TCC TCG TGC TGT TTC TTC TTC TTC TTG --- AAA AAA GAA AAC AAC AAC AAG AAG AAG AAG ACA ACA GCC AGC AGC AGG ATC ATC ATT ATC GTG ATG ATG ATG ATT CAT CAC CAC CAC CAC CAG CAG CAG CAT CCA CCC CCT CCC CCT CGA CGA CGA CGC CGG CGG CGG CGG CGT CTC CTC CTC CTG CTG CTG CTG CTG CTG CTG TTG CTT GAA GAA GAG GAC GAC GAC GAC GAC GAC GAC GAG GAG GAG GAT GAT GAT GCA GCA GCG GCT GCC GCC GCC GCC GCC GCC GCT GCC GCG GCT GCT GCT GCT GGT GGC GGC GGG GGG GGT GGT GGT GTA GTA GTC GTG GTG GTG GTG GTG GTG GTG GTG GTG TAC TAT TAC TAC TAT TAT TCA TCG TCC CCC TCT TGG CAT CTC TTC TTC TTC TTT
Bos taurus                                  --- --- --- AAA AAC AAG ACC ACG AGG AGT ATG CAA CAG CCA CCC CCG CCT CGC CGC CGG CTC CTG CTT GAG GCC GCC GCG GCT GGA GGC GGC GGC GGG GGT GTC GTT TCT TTA TTC TTG TTT TCG --- --- AAC GGC AAG AAG AAG AAG AAG AAG --- AAT CTG GAT ACC ACC ACG ACG CAC GGT AGC GGG AGG GCC --- ATG ATG GGA ATG GTG GGA --- CGC CAC CAC CAG CAG CAG CAG CAG CGG GAG AAC CCG CCA --- CGG CGC CAC CGC CGC GGG CGG CGG CCC CGG CGG CTC CTC CTC GGC CTG CTA CTG CTG CTG CTG CTG CTG CTG CTG GAG --- GAC GAC GAT GAG GAG GAA GAA GAG GAG TGG GCG ATG GCG GCT GCA GCC GCA GCC GCT GCC GCA GTA GCG GCG GGA GCC GCC GCC GGC GGG GGC TGG GGG GCC GGC GGC GGT TGC AGG GGG GGG GGA GTG GCT GCG GCG GCT TAC TAC TAT GCC GCC CAC ACG CCC --- CGC CGG TGG GCG TGG TTC TTC CTC --- --- AAG AAG AGC AAA AAG AAG AAG AAC AAC ACG GCC ACC ACG ACC CGC AGC AGT AGG CGG AGC ATC ATC ATC ATC ATG ATC ATC CAA CAC CAA CAA CAG CAG CAG CAG CAG CCA CCC CCT CCC CCC CCC CCG CGC CGC CTC CTC CTG CTG CTG CTG CTG CTC CTG GTT CTG GCA GAA GAG GAC GAC GAC GAG GAG GCG GCT GCC GCC GCC GGA GGG GTG GTG GTC GTC GTG GTG ATG ACA GTG GTG TAC TAC TAT TAC TAT TAC TAC TCA TCT TCC GCC TCC TCC TCC TCC TCG TGC TGT TTC TTC TTC TTC TTG --- AAA AAA GCC AAC AAC AAC AAG AAG AAT AAG GCA ACG GCC CGC AGC AGG ATC ATC ATC ATC --- ATG GTG ATG ATT --- CAC CAC CAC CAC CAG CAG CGG CAC CCC CCC CCG CCG CCC CGC CGT CGT CGG CGG CGG CGG AAG AAG CTC CTC CTC CTC CTG CTG CTA CTC TTG CTG TTG CTG GAG GAG GAG GAC GAC GAC GAT GAT GAC GAC GAG GAG GAG GAC GAC GAT GCA GCT GCA GCC GCC GCC GCC GCC GCT GCC GGC GCC GCG ACC GCT GCC GCA GGC GGC GGT GGG GGG GGC GGT GGT GAG GTG GTC ATG GTG GTG GTG GTC GTG GTG GTA GTG TAC TAC TAC TAC TAC TAC ACT CAG TCC CCC TCC TGG --- TTC TTC TTT TTC TTC
Canis lupus familiaris                      --- --- --- --- --- --- --- --- --- --- --- --- --- --- --- --- --- --- --- --- --- --- --- --- --- --- --- --- --- --- --- --- --- --- --- --- --- --- --- --- --- CAG --- --- AAC GGC AAG AAG AAG AAA AAG AAG --- AAC CCC GGT GCG ACT ACG ACC GTC AGC AGT GGA AGG GCC --- ATG ATG --- CTG GTG GGA --- CGC CAC CAC CAG CAG CAG CAG CAC CAC GAG --- CTC CCG --- CGC CGC CAG CGC CGC CGG CGG CGG CCC CGG CGG CTC CTC CTC GGC CTG CTG CTG CTA CTG CTG CTG CTG CTG CTG GAG --- CAC GAC GAT GAG GAG GAA GAG CAG GAA TGG GCG ATG GCA GCT GCC GCC --- GCC GCC GCG GCG GCG GCG GCG GGA GCC GCC GTC GGC GGG GGC TGG GGT GCT GGA GGC GGG TGC AGG GGA GGG GGG GTG GCG GCG GCG GTC TAT TAC TAT GCC GCC CCC ACC CCG --- TAC CGA TGG CCG TGG TTC TTC CTG --- --- AAG AAG AGT AAA AAG AAG AAG AAC AAC ACA GCC ACC ACC ACC CGC AGC AGC AGA AGG AGT ATC ATC ATT ATC ATG ATC ATC CAA CAC CAG CAA CAG CAG CAG CAG CAG CCA CCC CCC CCC CCC CCC CCC CGC CGT CTC CTC CTG CTG CTG CTG CTG CTC CTG CTG CTG GAA GAA GAG GAT GAT GAC GAA GAG GCT GCT GCC GCC GCC GGA GGG GTG GTG GTC GTC GTG GTG CTG GCG GTG GTG TAC TAC TAT TAC TAC TAC TAC TCG TCT TCC GCC TCC TCC TCC TCC CCC TGC TGC TTC TTC TTC TTC TTG --- AAA AAG GCT AAC AAC GAC AAG AAG AAG AAG GCA ACT GCC AGC AGC AGG ATC ATC ATT ATC --- ATG GTG GTG ATT --- CGC CAC CAT CAT CAG CAG CAG CAC CCC CCC CCA CCT CCC CGC CGT CGT CGG CGA CGT CGT AAG AGG CTG CTC CTC CTG CTG CTG CTG CTC CTG CTG CTG CTG GAG GAG GAG GAC GAC GAT GAC GAT GAC GAC GAA GAG GAG GAC GAT GAT GCA GCT GCA GCT GCC GCC GCC GCC GCC GCC GGT GCC GCA GCA GCT GCT GCT GGC GGC GGT GGG GGG GGC GGT GGC GAG GTT GTC ATG GTG GTG GTG GTG GTG GTG GTG GTG TAC TAC TAC TAC TAT TAT ACC CAG TCC CCC TCT TGG --- TTC TTC TTT TTC TTC
Pan troglodytes                             --- --- --- --- --- --- --- --- --- --- --- --- --- --- --- --- --- --- --- --- --- --- --- --- --- --- --- --- --- --- --- --- --- --- --- --- --- --- --- --- --- CCG --- --- AAT AGC AAG AAG AAG AAG AAG AAG --- AAC CCG GGC GCG ACC ACG ACG GGT AGC AGC GGG AGG GCT --- ATG ATG ATG GTG GTG CTG --- CAC CAC CAC CAG CAG CAG CAG CAG CAA GAG CCG CCC CCG --- CGC CGT CGG CGC CGC GGG CGG CGG CCC CGG CGG CTC CTC CTA GGA TTG CTG CTG CTC CTG CTG CTG CTG CTG CTG GAG --- GAC GAG AAC GAG GAG GAG GAG GAG GAG TGG ACG GCT GCG GCC GCA GCC GAC GCC GCT GCC GCG GTG GCG GCG GGC GCG GCT GCC GGC GGG GGC TGG GGC GTG GGC GGA GGG GGC AGG GGA GGG GGG GTG GCG GCG GCA GTG TAC TAC TAT GCC GCC CCC GCA CCT --- TGC CGG TGG CAG TGG TTC TTC CTG --- --- AAG AAG AGC AAG AAG AAG AAG AAC AAT ACG GCT ACC ACC ACC CGC AGC AGC AGA AGG AGC ATC ATC ATC ATC ATG ATC ATC CAA CAC CAG CAA CAG CAG CAG CAG CAG CCA CCC CCT CCC CCC GCC CCC CGC CGA CTC CTC CTA CTG CTG CTG CTG CTC CTG CTG CTG GAA GAA GAA GAC GAC GAG GAG GAG GCT GCC GCC GCC GCC GGA GGG GTG GTG GTC GTC GTG GTG GTG GCG GTG GTG TAC TAC TAC TAC TAC TAC TAC TCG TCT TCC GCC TCC TCC TCC TCC TCA TGC TGT TTC TTC TTC TTC TCG --- AAG AAG ACC AAT AAT GAC AAG AAG AAG AAG GCT ACG GCC AGC AGC AGG ATC ATC ATC ATC GCG ATG GTG GTG ATT CAC CAC CGC CAC CAC CAG CAG CAG CAC CCC CCC CCG CCC CCC CGC CGT CAG CGA CGG CGC CGG AGG CGC CTG CTC CTC CTG CTG CTG CTG CTC CTG TTG CTG CTC GAG GAG GAC GAC GAC GAT GAT GAT GAC GAC GAG GAG GAG AAT GAC GAC GCA GCT GCA ACC GCA GCC GCC GCT GCT GCC GGT GCC GCG GCT GCG GCG GCT GGC GGC GGT GGA GGG GGC GGC GGG GAG GTG GTC ATG GTG GTG GTG GTG GTG GTG GTG GTG TAC TAC TAC TAC TAT TAT ACG CCA TCC TCC TCC TGG --- CTC TTC TTT TTC TTC
Danio rerio                                 --- CTT TTG --- --- --- --- --- --- --- --- --- --- --- --- --- --- --- GCG --- --- --- --- --- --- GCC --- --- --- --- GCG TGT --- --- --- --- --- --- ATG --- --- AAA ACC --- AAT TCC CGA AAA AAG GCG AAA AAA --- AAC AGA GCA ACC ATA AAA ACC ACG AGT GGG GGT AGA CCG --- ATG ATT ACG CTA AAG TCC --- CTT ACA CAG --- ACA GAT AGA CAA CAA GAC ACG GTG GGC --- TTC GTG AAG CAA AAA CCG CGG AGA AGA AAA AGA CAC GTC ATG GCA CGT TTG CTT GTG CTC TTC ACT TTC CTG GTT GAC --- CAT GAC CAT GAA GAG GAG GAT GAG GAC ACA TGC CTG TCG TGC GCA GCT AGA TTG GCG AGC AGC GGC GCC TGC GGG GGT GCT GGT TTT GGA TAC TTA CCT CTC GGG GGT GGA GGC AAC GGA GGC GGC GTG TTA ATC --- GTC TAC TAC TAT TTT --- AGA GCG GAC --- ACG CGG CTC CCG TGG GGT TTT GTC --- AAA AAA AAG ACA AAG AAG AAA AAG AAT AAT ACC CAG ACA ACT GCT ATG AGC GGG AGA CGG AGT ATC ATT ATT CTT ATG ATC ATT GTG CAT GAC CAA AAA CAG GAA GCA --- CCT AAG CCC CCA CCC GAA CCG GAC CGA TTG CTG CTG ATA ATT CTC TTG TCA CTG CTG CTG TCT --- AAC GAC GAT GAG GAG GAG TCA GCT GCT GTG TCT --- AAG GTC GTG GTG GTA ATC GTT ATG GAC GTC AGC TAC TAT TAT TAT TAC TAT TGT AGC TCA GAT CGA GAC ACC TCG TCT GAA TGC TGT TAT TGG TTT TTC ACG --- AAA AAA CAA AAC AAT AAT AAG GAC AAA GAA GCA ACG TTT TAT TCA AAA ATT ATC ACA GTG --- ATG ATG TTT ATA --- AAG AAT CAC CAC GAT AAG CAA CAT CAA CCA CCC CCA AAA CGG AGG GAA AGA AAG AGA CGA AAG CGG CTA TTA CTT ATG AGC CTG CTT CTG CTG CTG CTC CTT CAT AAG CAG AAC GAT GAT GAT GAT GAC GAT GAG CAG GAA GAT GAT GCT GCA GCT GCT ACT TCA GCC GCT GCC GCC GTG GGC GTC GCA TCC GCT GCA GCA GGA GGG GGA GGT GGA GGT GGA GGC CAG GTA GTA TTT ATT GTG GTT GTG GTT TTC GTG GTT TAC TAT TGG TAC TAC TTT ACC --- TCA TCA TCC TGG --- ATC TTC TTT TTT TTC
Homo sapiens                                --- --- --- --- --- --- --- --- --- --- --- --- --- --- --- --- --- --- --- --- --- --- --- --- --- --- --- --- --- --- --- --- --- --- --- --- --- --- --- --- --- CCG --- --- AAT AGC AAG AAG AAG AAG AAG AAG --- AAC CCG GGC GCG ACC ACG ACG GGT AGC AGC GGG AGG GCT --- ATG ATG ATG GTG GTG CTG --- CAC CAC CAC CAG CAG CAG CAG CAG CAA GAG CCG CCC CCG --- CGC CGT CGG CGC CGC GGG CGG CGG CCC CGG CGG CTC CTC CTA GGA TTG CTG CTG CTC CTG CTG CTG CTG CTG CTG GAG --- GAC GAG AAC GAG GAG GAG GAG GAG GAG TGG ACG GCT GCG GCC GCA GCC GAC GCC GCT GCC GCG GTG GCG GCG GGC GCG GCT GCC GGC GGG GGC TGG GGT GTG GGC GGA GGG GGC AGG GGA GGG GGG GTG GCG GCG GCT GTG TAC TAC TAT GCC GCC CCC GCA CCT --- TGC CGG TGG CAG TGG TTC TTC CTG --- --- AAG AAG AGC AAG AAG AAG AAG AAC AAT ACG GCT ACC ACC ACC CGC AGC AGC AGA AGG AGC ATC ATC ATC ATC ATG ATC ATC CAA CAT CAG CAA CAG CAG CAG CAG CAG CCA CCC CCT CCC CCC GCC CCC CGC CGA CTC CTC CTA CTG CTG CTG CTG CTC CTG CTG CTG GAA GAA GAA GAC GAC GAG GAG GAG GCT GCC GCC GCC GCC GGA GGG GTG GTG GTC GTC GTG GTG GTG GCG GTG GTG TAC TAC TAC TAC TAC TAC TAC TCG TCT TCC GCC TCC TCC TCC TCC TCA TGC TGT TTC TTC TTC TTC TCG --- AAG AAG ACC AAT AAT GAC AAG AAG AAG AAG GCT ACG GCC AGC AGC AGG ATC ATC ATC ATC GCG ATG GTG GTG ATT CAC CAC CGC CAC CAC CAG CAG CAG CAC CCC CCC CCG CCC CCC CGC CGT CAG CGA CGG CGC CGG AGG CGC CTG CTC CTC CTG CTG CTG CTG CTC CTG TTG CTG CTC GAG GAG GAT GAC GAC GAT GAC GAT GAC GAC GAG GAG GAG AAC GAC GAC GCG GCT GCA ACC GCG GCC GCC GCT GCT GCC GGT GCT GCG GCC GCG GCG GCT GGC GGC GGT GGA GGG GGC GGC GGG GAG GTG GTC ATG GTG GTG GTG GTG GTG GTG GTG GTG TAC TAC TAC TAC TAT TAT ACG CCA TCC TCC TCC TGG --- CTC TTC TTT TTC TTC



    9    1    1    1    1    1    2    1    2    1    1    1    1    2    4
    2    1    1    1    2    4    1    1    2    3    1    1    1    1    2
    1    1    2    1    2    2    1    1    1    1    1    1    1    1    1
    1    1    1    1    1    1    1    1    1    1    1    1    1    1    1
    1    1    1    1    1    1    1    1    1    1    1    1    1    1    1
    1    1    1    1    1    1    1    1    1    1    1    1    1    1    1
    1    1    1    1    1    1    1    1    1    1    1    1    1    1    1
    1    1    1    1    1    1    1    1    1    1    1    1    1    1    1
    1    1    1    1    1    1    1    1    1    1    1    1    1    1    1
    1    1    1    1    1    1    1    1    1    1    1    1    1    1    1
    1    1    1    1    1    1    1    1    1    1    1    1    1    1    1
    1    1    1    1    1    1    1    1    1    1    3    1    1    1   15
    1    1    1    1    1    1    1    1    1    1    1    1    1    1    1
    1    1    1    1    1    1    1    1    1    1    1    1    1    1    1
    1    1    1    1    1    1    1    1    1    1    1    1    1    1    1
    1    1    1    1    1    1    1    1    1    2    1    1    1    1    1
    1    1    1    1    1    1    1    1    1    1    1    1    1    1    1
    1    1    1    1    1    1    1    1    1    1    1    1    1    1    1
    1    1    1    1    1    1    1    1    1    1    1    1    1    1    1
    5    1    1    1    1    1    1    2    1    1    1    1    1    1    1
    1    1    1    1    1    1    1    4    1    1    1    1    1    1    1
    1    1    1    1    1    1    1    1    1    1    1    1    1    1    1
    1    1    1    1    1    1    1    1    1    1    1    1    1    1    1
    1    1    1    1    1    1    1    1    1    1    1    1    1    3    1
    1    1    1    1    1    1    1    2    1    1    1    1    1    1    1
    1    1    1    1    1    1    1    1    1    1    1    1    1    1    1
    1    1    1    1    1    1    1    1    1    2    1    1    1    1    1
    1    1    1    1    1    3    1    1    1    1    1    1

CODONML (in paml version 4.4b, July 2010)  torun.nuc
Model: One dN/dS ratio for branches Global clock  (3 genes: diff. rate & k&w)  
Codon frequency model: F3x4
ns =   8  ls = 474

Codon usage in sequences
--------------------------------------------------------------------------------------------------------------
Phe TTT  2  6  2  2  1  1 | Ser TCT  3  2  3  2  2  1 | Tyr TAT  6  6  6  3  5  3 | Cys TGT  2  1  1  1  0  1
    TTC  9  7  8 11 10  9 |     TCC  8  6  6  7  6  8 |     TAC 11 10 11 14 13 14 |     TGC  3  3  4  2  3  2
Leu TTA  0  0  0  1  0  0 |     TCA  5  0  2  1  0  1 | *** TAA  0  0  0  0  0  0 | *** TGA  0  0  0  0  0  0
    TTG  2  7  4  4  1  2 |     TCG  3  2  5  2  1  2 |     TAG  0  0  0  0  0  0 | Trp TGG  9  8  9  9  9  9
--------------------------------------------------------------------------------------------------------------
Leu CTT  2  4  3  1  0  0 | Pro CCT  4  5  3  2  1  2 | His CAT  1  2  3  0  2  0 | Arg CGT  2  2  3  2  5  2
    CTC 10  7 10 16 10 11 |     CCC  8  7 12 14 14 11 |     CAC 10  4  7 11  8  9 |     CGC  6  4  5 12  9  9
    CTA  0  2  0  2  1  2 |     CCA  2  2  2  4  2  2 | Gln CAA  2  3  1  4  2  3 |     CGA  4  4  4  0  2  2
    CTG 26 17 23 23 30 25 |     CCG  1  2  2  6  3  5 |     CAG 18  7 19 14 17 16 |     CGG 10  7 10 15  6  8
--------------------------------------------------------------------------------------------------------------
Ile ATT  3  7  3  1  3  1 | Thr ACT  2  2  3  1  2  0 | Asn AAT  4  3  3  2  0  5 | Ser AGT  1  2  1  2  3  0
    ATC  9  5  7 10  8 10 |     ACC  6  5  5  7  6  6 |     AAC  6  5  6  8  6  3 |     AGC  7  6 10  5  5  9
    ATA  0  3  0  0  0  0 |     ACA  5  1  4  1  1  0 | Lys AAA  6 10  6  4  3  0 | Arg AGA  1  4  1  0  1  1
Met ATG 14 12 12 13  9  9 |     ACG  1  1  1  7  1  6 |     AAG 15 15 14 18 17 19 |     AGG  5  5  5  6  5  5
--------------------------------------------------------------------------------------------------------------
Val GTT  2  5  1  3  1  0 | Ala GCT  6  9  9  9 10 12 | Asp GAT  3  9  3  5  7  3 | Gly GGT  3  3  4  6  5  3
    GTC  4  8  7  6  6  3 |     GCC 21 16 20 30 23 19 |     GAC 14  5 14 12  9 12 |     GGC 11 12  8 14  9 11
    GTA  4  3  2  2  0  0 |     GCA  6  6  3  8  6  6 | Glu GAA  6 13  6  3  6  3 |     GGA  3  3  2  6  6  5
    GTG 17  9 20 16 18 24 |     GCG  8  9 11 10 11 13 |     GAG 15 11 17 20 15 20 |     GGG  7  6  8 11  7  9
--------------------------------------------------------------------------------------------------------------

--------------------------------------------------------------
Phe TTT 10  1 | Ser TCT  3  1 | Tyr TAT  8  3 | Cys TGT  3  1
    TTC  7  9 |     TCC  4  8 |     TAC  9 14 |     TGC  4  2
Leu TTA  3  0 |     TCA  7  1 | *** TAA  0  0 | *** TGA  0  0
    TTG  5  2 |     TCG  2  2 |     TAG  0  0 | Trp TGG  8  9
--------------------------------------------------------------
Leu CTT  7  0 | Pro CCT  2  2 | His CAT  5  1 | Arg CGT  1  2
    CTC  5 11 |     CCC  3 11 |     CAC  3  8 |     CGC  0  9
    CTA  2  2 |     CCA  3  2 | Gln CAA  7  3 |     CGA  4  2
    CTG 12 25 |     CCG  4  5 |     CAG  6 16 |     CGG  5  8
--------------------------------------------------------------
Ile ATT  7  1 | Thr ACT  3  0 | Asn AAT  6  4 | Ser AGT  2  0
    ATC  6 10 |     ACC  6  6 |     AAC  5  4 |     AGC  6  9
    ATA  3  0 |     ACA  6  0 | Lys AAA 16  0 | Arg AGA 11  1
Met ATG 12  9 |     ACG  6  6 |     AAG 16 19 |     AGG  1  5
--------------------------------------------------------------
Val GTT  5  0 | Ala GCT 10 13 | Asp GAT 12  3 | Gly GGT  7  4
    GTC  6  3 |     GCC  6 19 |     GAC 12 12 |     GGC  7 10
    GTA  3  0 |     GCA  9  3 | Glu GAA  9  3 |     GGA  7  5
    GTG 13 24 |     GCG  5 15 |     GAG  7 20 |     GGG  5  9
--------------------------------------------------------------

Codon position x base (3x4) table for each sequence.

#1: Rattus norvegicus
position  1:    T:0.16406    C:0.27604    A:0.22135    G:0.33854
position  2:    T:0.27083    C:0.23177    A:0.30469    G:0.19271
position  3:    T:0.11979    C:0.37240    A:0.11458    G:0.39323
Average         T:0.18490    C:0.29340    A:0.21354    G:0.30816

#2: Gallus gallus  
position  1:    T:0.16571    C:0.22571    A:0.24571    G:0.36286
position  2:    T:0.29143    C:0.21429    A:0.29429    G:0.20000
position  3:    T:0.19429    C:0.31429    A:0.15429    G:0.33714
Average         T:0.21714    C:0.25143    A:0.23143    G:0.30000

#3: Mus musculus   
position  1:    T:0.15885    C:0.27865    A:0.21094    G:0.35156
position  2:    T:0.26562    C:0.23698    A:0.30208    G:0.19531
position  3:    T:0.13281    C:0.36458    A:0.08594    G:0.41667
Average         T:0.18576    C:0.29340    A:0.19965    G:0.32118

#4: Bos taurus     
position  1:    T:0.13689    C:0.29234    A:0.19722    G:0.37355
position  2:    T:0.25754    C:0.25754    A:0.27378    G:0.21114
position  3:    T:0.09745    C:0.41531    A:0.08353    G:0.40371
Average         T:0.16396    C:0.32173    A:0.18484    G:0.32947

#5: Canis lupus familiaris
position  1:    T:0.13710    C:0.30108    A:0.18817    G:0.37366
position  2:    T:0.26344    C:0.23925    A:0.29570    G:0.20161
position  3:    T:0.12634    C:0.38978    A:0.08065    G:0.40323
Average         T:0.17563    C:0.31004    A:0.18817    G:0.32616

#6: Pan troglodytes
position  1:    T:0.14058    C:0.28382    A:0.19629    G:0.37931
position  2:    T:0.25729    C:0.24934    A:0.29178    G:0.20159
position  3:    T:0.09019    C:0.38727    A:0.06631    G:0.45623
Average         T:0.16269    C:0.30681    A:0.18479    G:0.34571

#7: Danio rerio    
position  1:    T:0.19363    C:0.18302    A:0.29708    G:0.32626
position  2:    T:0.28117    C:0.20955    A:0.32095    G:0.18833
position  3:    T:0.24138    C:0.23607    A:0.23873    G:0.28382
Average         T:0.23873    C:0.20955    A:0.28559    G:0.26614

#8: Homo sapiens   
position  1:    T:0.14058    C:0.28382    A:0.19629    G:0.37931
position  2:    T:0.25729    C:0.24934    A:0.29178    G:0.20159
position  3:    T:0.09549    C:0.38462    A:0.05836    G:0.46154
Average         T:0.16446    C:0.30592    A:0.18214    G:0.34748

Codon usage in genes
--------------------------------------------------------------------------
Phe TTT  5  3 17 | Ser TCT  4  9  4 | Tyr TAT 10 16 14 | Cys TGT  1  8  1
    TTC 16 27 27 |     TCC  4 34 15 |     TAC 16 40 40 |     TGC 14  9  0
Leu TTA  3  0  1 |     TCA  1  9  7 | *** TAA  0  0  0 | *** TGA  0  0  0
    TTG 11  8  8 |     TCG  6 12  1 |     TAG  0  0  0 | Trp TGG 44  1 25
--------------------------------------------------------------------------
Leu CTT  8  1  8 | Pro CCT  7  8  6 | His CAT  2  3  9 | Arg CGT  5  3 11
    CTC 30 22 28 |     CCC 19 37 24 |     CAC 24  5 31 |     CGC 28 10 16
    CTA  5  4  2 |     CCA  3  8  8 | Gln CAA  8 12  5 |     CGA  5  5 12
    CTG 69 63 49 |     CCG 22  2  4 |     CAG 45 42 26 |     CGG 45  2 22
--------------------------------------------------------------------------
Ile ATT  1 10 15 | Thr ACT  5  4  4 | Asn AAT  8 10  9 | Ser AGT  3  8  0
    ATC  2 38 25 |     ACC 16 21 10 |     AAC 15 11 17 |     AGC 20 23 14
    ATA  1  4  1 |     ACA  7  6  5 | Lys AAA 14 15 16 | Arg AGA 10  7  3
Met ATG 31 12 47 |     ACG 17  6  6 |     AAG 42 39 52 |     AGG 16 10 11
--------------------------------------------------------------------------
Val GTT  5  4  8 | Ala GCT 25 15 38 | Asp GAT  6  6 33 | Gly GGT 15  0 20
    GTC 14 16 13 |     GCC 60 31 63 |     GAC 20 20 50 |     GGC 56  0 26
    GTA  3  4  7 |     GCA 16  4 27 | Glu GAA 10 21 18 |     GGA 22  7  8
    GTG 29 45 67 |     GCG 61  6 15 |     GAG 55 22 48 |     GGG 37  9 16
--------------------------------------------------------------------------

Codon position x base (3x4) table for each gene.


Gene #1
position  1:    T:0.12250    C:0.29492    A:0.18875    G:0.39383
position  2:    T:0.21143    C:0.24773    A:0.24955    G:0.29129
position  3:    T:0.09982    C:0.32123    A:0.09800    G:0.48094
Average         T:0.14459    C:0.28796    A:0.17877    G:0.38869

Gene #2
position  1:    T:0.21027    C:0.27121    A:0.26762    G:0.25090
position  2:    T:0.31183    C:0.25329    A:0.31302    G:0.12186
position  3:    T:0.12903    C:0.41099    A:0.12664    G:0.33333
Average         T:0.21705    C:0.31183    A:0.23576    G:0.23536

Gene #3
position  1:    T:0.14376    C:0.23450    A:0.21114    G:0.41060
position  2:    T:0.29021    C:0.21294    A:0.33064    G:0.16622
position  3:    T:0.17700    C:0.35849    A:0.10782    G:0.35669
Average         T:0.20365    C:0.26864    A:0.21653    G:0.31117

Sums of codon usage counts
------------------------------------------------------------------------------
Phe F TTT      25 | Ser S TCT      17 | Tyr Y TAT      40 | Cys C TGT      10
      TTC      70 |       TCC      53 |       TAC      96 |       TGC      23
Leu L TTA       4 |       TCA      17 | *** * TAA       0 | *** * TGA       0
      TTG      27 |       TCG      19 |       TAG       0 | Trp W TGG      70
------------------------------------------------------------------------------
Leu L CTT      17 | Pro P CCT      21 | His H CAT      14 | Arg R CGT      19
      CTC      80 |       CCC      80 |       CAC      60 |       CGC      54
      CTA      11 |       CCA      19 | Gln Q CAA      25 |       CGA      22
      CTG     181 |       CCG      28 |       CAG     113 |       CGG      69
------------------------------------------------------------------------------
Ile I ATT      26 | Thr T ACT      13 | Asn N AAT      27 | Ser S AGT      11
      ATC      65 |       ACC      47 |       AAC      43 |       AGC      57
      ATA       6 |       ACA      18 | Lys K AAA      45 | Arg R AGA      20
Met M ATG      90 |       ACG      29 |       AAG     133 |       AGG      37
------------------------------------------------------------------------------
Val V GTT      17 | Ala A GCT      78 | Asp D GAT      45 | Gly G GGT      35
      GTC      43 |       GCC     154 |       GAC      90 |       GGC      82
      GTA      14 |       GCA      47 | Glu E GAA      49 |       GGA      37
      GTG     141 |       GCG      82 |       GAG     125 |       GGG      62
------------------------------------------------------------------------------

(Ambiguity data are not used in the counts.)


Codon position x base (3x4) table, overall

position  1:    T:0.15433    C:0.26638    A:0.21855    G:0.36075
position  2:    T:0.26769    C:0.23657    A:0.29653    G:0.19921
position  3:    T:0.13598    C:0.35944    A:0.10944    G:0.39515
Average         T:0.18600    C:0.28746    A:0.20817    G:0.31837


Nei & Gojobori 1986. dN/dS (dN, dS)
(Pairwise deletion)
(Note: This matrix is not used in later ML. analysis.
Use runmode = -2 for ML pairwise comparison.)

Rattus norvegicus   
Gallus gallus        0.1505 (0.2289 1.5206)
Mus musculus         0.2506 (0.0373 0.1487) 0.1585 (0.2303 1.4531)
Bos taurus           0.1812 (0.1098 0.6057) 0.1056 (0.2326 2.2033) 0.1818 (0.1080 0.5942)
Canis lupus familiaris 0.1615 (0.0982 0.6081) 0.0913 (0.2131 2.3343) 0.1656 (0.0983 0.5939) 0.1048 (0.0451 0.4305)
Pan troglodytes      0.1420 (0.0855 0.6021) 0.0945 (0.2111 2.2329) 0.1565 (0.0908 0.5802) 0.1664 (0.0753 0.4524) 0.1253 (0.0547 0.4364)
Danio rerio         -1.0000 (0.3873 -1.0000)-1.0000 (0.3107 -1.0000)-1.0000 (0.3974 -1.0000)-1.0000 (0.4133 -1.0000)-1.0000 (0.3839 -1.0000)-1.0000 (0.3878 -1.0000)
Homo sapiens         0.1331 (0.0855 0.6424) 0.0977 (0.2111 2.1608) 0.1466 (0.0908 0.6193) 0.1618 (0.0753 0.4653) 0.1253 (0.0547 0.4364) 0.0000 (0.0000 0.0355)-1.0000 (0.3878 -1.0000)


TREE #  1:  (((((8, 6), (3, 1)), (4, 5)), 2), 7);   MP score: -1
lnL(ntime:  7  np: 15):  -5518.678684      +0.000000
   9..10   10..11   11..12   12..13   13..8    13..6    12..14   14..3    14..1    11..15   15..4    15..5    10..2     9..7  
 2.588781 1.632283 0.462033 0.454238 0.018017 0.113111 0.288793 0.619148 0.807071 2.053708 0.134256 2.125167 0.079282 3.443441 0.045554
SEs for parameters:
 0.266284 0.167698 0.035532 0.037059 0.006060 0.013809 0.030300 0.069270 0.089126 0.270083 0.017872 0.353989 0.011627 0.529548 0.006264
Note: Branch length is defined for the first gene (site partition).
For other genes, look at "rates for genes".

tree length =   8.14604 (1st gene)

(((((8: 0.018017, 6: 0.018017): 0.436221, (3: 0.113111, 1: 0.113111): 0.341127): 0.007795, (4: 0.288793, 5: 0.288793): 0.173239): 1.170250, 2: 1.632283): 0.956498, 7: 2.588781);

(((((Homo sapiens: 0.018017, Pan troglodytes: 0.018017): 0.436221, (Mus musculus: 0.113111, Rattus norvegicus: 0.113111): 0.341127): 0.007795, (Bos taurus: 0.288793, Canis lupus familiaris: 0.288793): 0.173239): 1.170250, Gallus gallus: 1.632283): 0.956498, Danio rerio: 2.588781);

Detailed output identifying parameters

rates for 3 genes:     1  0.61915  0.80707

gene # 1: kappa =   2.05371 omega =   0.13426
gene # 2: kappa =   2.12517 omega =   0.07928
gene # 3: kappa =   3.44344 omega =   0.04555

Time used:  0:41
