
seed used = 1418808013
      7   1365

Danio rerio                                --- --- --- --- --- --- --- --- --- --- --- --- --- --- --- --- --- --- --- --- --- --- --- --- --- --- --- --- --- --- --- ATG GGC AAC GCG CCC ACC GCC AAG AAC AAG GGC AAT --- --- --- --- --- --- --- --- --- --- --- --- --- --- --- --- --- --- --- --- --- --- --- --- --- --- --- --- --- --- --- --- --- --- --- --- --- --- --- --- --- --- --- --- GAG ATG GAG AGC GTT AAG GAG TTT CTC GCT AAA GCC AAA GAA GAT TTC CTA AAG AAA TGG GAG AAC CCA GCA CAG AAC ACT GCG --- --- --- --- --- --- --- --- --- --- --- --- --- --- --- --- --- --- --- --- --- --- --- --- --- TCT CTG GAC CAT TTT GAG CGG TTG AAG ACG CTG GGC ACC GGC TCC TTT GGA CGA GTC ATG CTA GTC AAG CAC AAA GAA TCA GGC CAG CAT TTT GCC ATG AAG ATC CTC GAC AAA CAG AAG GTG GTG AAG CTG AAA CAG ATA GAA CAC ACA CTG AAT GAG AAA CGC ATC CTG CAG GCT GTC AGC TTC CCC TTT CTT GTG CGA TTG GAG CAT TCT TTC AAG GAT AAT ACT AAC CTG TAT ATG GTA ATG GAG TAT GTT CCT GGA GGA GAG ATG TTT TCT CAC TTA CGT AGA ATC GGA AGA TTT AGT GAG CCT CAT GCC CGA TTT TAC GCC GCC CAA ATA GTT CTG ACC TTT GAA TAC CTT CAC TCA CTC GAT CTC ATC TAC CGA GAT CTG AAG CCT GAA AAC CTG CTC ATA GAC CAG CAG GGC TAC ATA CAG GTG ACA GAT TTT GGA TTT GCT AAA CGT GTA AAG GGC AGG ACC TGG ACA CTG TGT GGC ACA CCT GAG TAC CTG GCA CCA GAA ATC ATC CTC AGT AAA GGC TAT AAT AAA GCT GTG GAC TGG TGG GCT CTG GGA GTG CTG ATC TAC GAG ATG GCT GCT GGT TAC CCG CCA TTC TTT GCT GAC CAG CCT ATC CAG ATC TAC GAG AAA ATT GTC TCC GGG AAG GTC CGC TTT CCT TCA CAT TTT AGC TCT GAC CTT AAG GAT CTG CTG AGG AAC CTG CTG CAG GTC GAT CTG ACG AAA CGC TTC GGG AAC CTG AAG AAC GGC GTC AAC GAC ATC AAG GGC CAC AAA TGG TTT GCA ACC ACC GAC TGG ATT GCA ATC TAC CAG AAG AAG GTG GAA GCC CCG TTC ATC CCT AAG TGC AAA --- GGC CCC GGG GAC ACC AGC AAC TTC GAC GAC TAC GAC GAG GAA GAA ATC CGG --- --- GTC TCT ATC ACG GAG AAA TGT GGA AAG GAG TTT GCT GAA TTC 
Rattus norvegicus                          --- --- --- --- --- --- --- --- --- --- --- --- --- --- --- --- --- --- --- --- --- --- --- --- --- --- --- --- --- --- --- ATG GGC AAC GCC GCC GCC GCC AAG --- AAG GGC AGC --- --- --- --- --- --- --- --- --- --- --- --- --- --- --- --- --- --- --- --- --- --- --- --- --- --- --- --- --- --- --- --- --- --- --- --- --- --- --- --- --- --- --- --- GAG CAG GAG AGC GTG AAA GAG TTC CTA GCC AAA GCC AAG GAA GAT TTC CTG AAA AAA TGG GAG ACC CCT TCT CAG AAT ACA GCC --- --- --- --- --- --- --- --- --- --- --- --- --- --- --- --- --- --- --- --- --- --- --- --- --- CAG TTG GAT CAT TTT GAT AGA ATC AAG ACC CTT GGC ACC GGC TCC TTT GGG CGA GTG ATG CTC GTG AAG CAC AAG GAA AGT GGG AAC CAC TAT GCC ATG AAG ATC TTG GAC AAG CAG AAG GTG GTG AAG CTG AAG CAG ATC GAG CAC ACT CTG AAT GAG AAG CGC ATC CTG CAG GCT GTC AAC TTC CCG TTC CTG GTC AAA CTT GAA TTC TCC TTC AAG GAC AAC TCA AAC TTG TAC ATG GTC ATG GAG TAC GTG CCT GGT GGG GAG ATG TTC TCC CAC TTA CGG CGG ATT GGG AGG TTC AGT GAG CCC CAC GCC CGT TTC TAC GCG GCG CAG ATC GTC TTG ACT TTT GAG TAT CTG CAC TCC CTG GAC CTC ATC TAC CGG GAC CTG AAG CCC GAG AAC CTT CTC ATC GAC CAG CAG GGC TAT ATT CAG GTG ACA GAC TTC GGT TTT GCC AAG CGT GTG AAA GGC CGA ACT TGG ACC TTG TGT GGG ACC CCC GAG TAC TTG GCC CCC GAG ATT ATC CTG AGC AAA GGC TAC AAC AAA GCT GTG GAC TGG TGG GCT CTC GGG GTC CTC ATC TAC GAG ATG GCT GCT GGT TAC CCG CCC TTC TTC GCT GAC CAG CCT ATC CAG ATC TAT GAG AAA ATC GTC TCT GGG AAG GTG CGG TTC CCA TCC CAC TTC AGC TCT GAC TTG AAG GAC CTG CTT CGG AAC CTT CTG CAG GTG GAT CTC ACC AAG CGC TTT GGG AAT CTC AAG AAC GGG GTC AAT GAC ATC AAG AAC CAC AAG TGG TTT GCC ACA ACT GAC TGG ATC GCC ATC TAT CAG AGA AAG GTG GAA GCT CCC TTC ATA CCA AAG TTT AAA --- GGC CCT GGG GAC ACG AGT AAC TTT GAC GAC TAT GAG GAG GAA GAG ATC CGG --- --- GTC TCC ATC AAT GAG AAA TGT GGC AAG GAG TTT ACT GAG TTT 
Bos taurus                                 --- --- --- --- --- --- --- --- --- --- --- --- --- --- --- --- --- --- --- --- --- --- --- --- --- --- --- --- --- --- --- ATG GGC AAC GCC GCC GCC GCC AAG --- AAG GGC AGC --- --- --- --- --- --- --- --- --- --- --- --- --- --- --- --- --- --- --- --- --- --- --- --- --- --- --- --- --- --- --- --- --- --- --- --- --- --- --- --- --- --- --- --- GAG CAA GAA AGC GTG AAA GAG TTC TTA GCC AAA GCC AAA GAA GAT TTT CTT AAA AAA TGG GAA AAT CCT GCT CAG AAC ACA GCC --- --- --- --- --- --- --- --- --- --- --- --- --- --- --- --- --- --- --- --- --- --- --- --- --- CAC TTG GAT CAG TTT GAA CGA ATC AAG ACC CTG GGT ACG GGC TCC TTC GGG CGG GTG ATG CTG GTG AAG CAC ATG GAG ACC GGG AAC CAC TAC GCC ATG AAG ATC CTC GAC AAA CAG AAG GTG GTG AAG CTG AAA CAG ATT GAG CAC ACC CTG AAT GAG AAG CGC ATC CTG CAG GCG GTC AAC TTT CCG TTC CTT GTC AAA CTC GAG TTC TCC TTC AAG GAC AAC TCA AAT TTA TAC ATG GTC ATG GAG TAC GTG CCC GGT GGG GAG ATG TTC TCA CAC CTG CGA CGG ATC GGG AGG TTC AGT GAG CCC CAC GCA CGC TTC TAC GCC GCC CAG ATT GTC CTG ACC TTT GAG TAC CTG CAC TCG CTT GAT CTC ATT TAC CGG GAC CTG AAG CCA GAG AAC CTC CTC ATC GAC CAG CAG GGC TAC ATT CAG GTG ACA GAC TTT GGT TTC GCC AAG CGT GTG AAA GGC CGC ACC TGG ACC TTG TGT GGG ACC CCT GAG TAC TTG GCC CCC GAG ATC ATC CTG AGT AAA GGC TAC AAC AAA GCT GTG GAC TGG TGG GCC CTG GGG GTC CTC ATC TAC GAA ATG GCC GCA GGC TAC CCG CCC TTC TTT GCC GAC CAG CCC ATC CAG ATC TAC GAG AAG ATT GTC TCT GGG AAG GTG CGG TTT CCA TCC CAC TTC AGC TCT GAC TTG AAG GAT CTG CTG CGC AAC CTC CTA CAA GTG GAC CTC ACC AAG CGC TTT GGG AAC CTC AAG AAT GGG GTC AAT GAT ATC AAG AAC CAC AAG TGG TTT GCC ACA ACT GAC TGG ATT GCC ATC TAC CAG AGG AAG GTG GAA GCT CCC TTC ATA CCA AAG TTT AAA --- GGC CCT GGG GAC ACA AGT AAC TTT GAC GAC TAT GAG GAG GAA GAG ATC CGA --- --- GTC TCT ATC AAT GAG AAG TGT GGC AAG GAG TTT TCT GAG TTC 
Homo sapiens                               --- --- --- --- --- --- --- --- --- --- --- --- --- --- --- --- --- --- --- --- --- --- --- --- --- --- --- --- --- --- --- ATG GGC AAC GCC GCC GCC GCC AAG --- AAG GGC AGC --- --- --- --- --- --- --- --- --- --- --- --- --- --- --- --- --- --- --- --- --- --- --- --- --- --- --- --- --- --- --- --- --- --- --- --- --- --- --- --- --- --- --- --- GAG CAG GAG AGC GTG AAA GAA TTC TTA GCC AAA GCC AAA GAA GAT TTT CTT AAA AAA TGG GAA AGT CCC GCT CAG AAC ACA GCC --- --- --- --- --- --- --- --- --- --- --- --- --- --- --- --- --- --- --- --- --- --- --- --- --- CAC TTG GAT CAG TTT GAA CGA ATC AAG ACC CTC GGC ACG GGC TCC TTC GGG CGG GTG ATG CTG GTG AAA CAC AAG GAG ACC GGG AAC CAC TAT GCC ATG AAG ATC CTC GAC AAA CAG AAG GTG GTG AAA CTG AAA CAG ATC GAA CAC ACC CTG AAT GAA AAG CGC ATC CTG CAA GCT GTC AAC TTT CCG TTC CTC GTC AAA CTC GAG TTC TCC TTC AAG GAC AAC TCA AAC TTA TAC ATG GTC ATG GAG TAC GTG CCC GGC GGG GAG ATG TTC TCA CAC CTA CGG CGG ATC GGA AGG TTC AGT GAG CCC CAT GCC CGT TTC TAC GCG GCC CAG ATC GTC CTG ACC TTT GAG TAT CTG CAC TCG CTG GAT CTC ATC TAC AGG GAC CTG AAG CCG GAG AAT CTG CTC ATT GAC CAG CAG GGC TAC ATT CAG GTG ACA GAC TTC GGT TTC GCC AAG CGC GTG AAG GGC CGC ACT TGG ACC TTG TGC GGC ACC CCT GAG TAC CTG GCC CCT GAG ATT ATC CTG AGC AAA GGC TAC AAC AAG GCC GTG GAC TGG TGG GCC CTG GGG GTT CTT ATC TAT GAA ATG GCC GCT GGC TAC CCG CCC TTC TTC GCA GAC CAG CCC ATC CAG ATC TAT GAG AAG ATC GTC TCT GGG AAG GTG CGC TTC CCT TCC CAC TTC AGC TCT GAC TTG AAG GAC CTG CTG CGG AAC CTC CTG CAG GTA GAT CTC ACC AAG CGC TTT GGG AAC CTC AAG AAT GGG GTC AAC GAT ATC AAG AAC CAC AAG TGG TTT GCC ACA ACT GAC TGG ATT GCC ATC TAC CAG AGG AAG GTG GAA GCT CCC TTC ATA CCA AAG TTT AAA --- GGC CCT GGG GAT ACG AGT AAC TTT GAC GAC TAT GAG GAA GAA GAA ATC CGG --- --- GTC TCC ATC AAT GAG AAG TGT GGC AAG GAG TTT TCT GAG TTT 
Pan troglodytes                            --- --- --- --- --- --- --- --- --- --- --- --- --- --- --- --- --- --- --- --- --- --- --- --- --- --- --- --- --- --- --- --- --- --- --- --- --- --- --- --- ATG GCT TCC --- --- --- --- --- --- --- --- --- --- --- --- --- --- --- --- --- --- --- --- --- --- --- --- --- --- --- --- --- --- --- --- --- --- --- --- --- --- --- --- --- --- --- --- AAC TCC AGC GAT GTG AAA GAA TTC TTA GCC AAA GCC AAA GAA GAT TTT CTT AAA AAA TGG GAA AGT CCC GCT CAG AAC ACA GCC --- --- --- --- --- --- --- --- --- --- --- --- --- --- --- --- --- --- --- --- --- --- --- --- --- CAC TTG GAT CAG TTT GAA CGA ATC AAG ACC CTC GGC ACG GGC TCC TTC GGG CGG GTG ATG CTG GTG AAA CAC AAG GAG ACC GGG AAC CAC TAT GCC ATG AAG ATC CTC GAC AAA CAG AAG GTG GTG AAA CTG AAA CAG ATC GAA CAC ACC CTG AAT GAA AAG CGC ATC CTG CAA GCT GTC AAC TTT CCG TTC CTC GTC AAA CTC GAG TTC TCC TTC AAG GAC AAC TCA AAC TTA TAC ATG GTC ATG GAG TAC GTG CCC GGC GGG GAG ATG TTC TCA CAC CTA CGG CGG ATC GGA AGG TTC AGC GAG CCC CAT GCC CGT TTC TAC GCG GCC CAG ATC GTC CTG ACC TTT GAG TAT CTG CAC TCG CTG GAT CTC ATC TAC AGG GAC CTG AAG CCG GAG AAT CTG CTC ATT GAC CAG CAG GGC TAC ATT CAG GTG ACA GAC TTC GGT TTC GCC AAG CGC GTG AAG GGC CGC ACT TGG ACC TTG TGC GGC ACC CCT GAG TAC CTG GCC CCT GAG ATT ATC CTG AGC AAA GGC TAC AAC AAG GCC GTG GAC TGG TGG GCC CTG GGG GTT CTT ATC TAT GAA ATG GCC GCT GGC TAC CCG CCC TTC TTC GCA GAC CAG CCC ATC CAG ATC TAT GAG AAG ATC GTC TCT GGG AAG GTG CGG TTC CCT TCC CAC TTC AGC TCT GAC TTG AAG GAC CTG CTG CGG AAC CTC CTG CAG GTA GAT CTC ACC AAG CGC TTT GGG AAC CTC AAG AAT GGG GTC AAC GAT ATC AAG AAC CAC AAG TGG TTT GCC ACA ACT GAC TGG ATT GCC ATC TAC CAG AGG AAG GTG GAA GCT CCC TTC ATA CCA AAG TTT AAA --- GGC CCT GGG GAT ACG AGT AAC TTT GAC GAC TAT GAG GAA GAA GAA ATC CGG --- --- GTC TCC ATC AAT GAG AAG TGT GGC AAG GAG TTT TCT GAG TTT 
Mus musculus                               --- --- --- --- --- --- --- --- --- --- --- --- --- --- --- --- --- --- --- --- --- --- --- --- --- --- --- --- --- --- --- ATG GGC AAC GCC GCC GCC GCC AAG --- AAG GGC AGC --- --- --- --- --- --- --- --- --- --- --- --- --- --- --- --- --- --- --- --- --- --- --- --- --- --- --- --- --- --- --- --- --- --- --- --- --- --- --- --- --- --- --- --- GAG CAG GAG AGC GTG AAA GAG TTC CTA GCC AAA GCC AAG GAA GAT TTC CTG AAA AAA TGG GAG ACC CCT TCT CAG AAT ACA GCC --- --- --- --- --- --- --- --- --- --- --- --- --- --- --- --- --- --- --- --- --- --- --- --- --- CAG TTG GAT CAG TTT GAT AGA ATC AAG ACC CTT GGC ACC GGC TCC TTT GGG CGA GTG ATG CTG GTG AAG CAC AAG GAG AGT GGG AAC CAC TAC GCC ATG AAG ATC TTA GAC AAG CAG AAG GTG GTG AAG CTA AAG CAG ATC GAG CAC ACT CTG AAT GAG AAG CGC ATC CTG CAG GCC GTC AAC TTC CCG TTC CTG GTC AAA CTT GAA TTC TCC TTC AAG GAC AAC TCA AAC CTG TAC ATG GTC ATG GAG TAT GTA GCT GGT GGC GAG ATG TTC TCC CAC CTA CGG CGG ATT GGA AGG TTC AGC GAG CCC CAT GCC CGT TTC TAC GCG GCG CAG ATC GTC CTG ACC TTT GAG TAT CTG CAC TCC CTG GAC CTC ATC TAC CGG GAC CTG AAG CCC GAG AAT CTT CTC ATC GAC CAG CAG GGC TAT ATT CAG GTG ACA GAC TTC GGT TTT GCC AAG CGT GTG AAA GGC CGT ACT TGG ACC TTG TGT GGG ACC CCT GAG TAC TTG GCC CCC GAG ATT ATC CTG AGC AAA GGC TAC AAC AAG GCT GTG GAC TGG TGG GCT CTC GGA GTC CTC ATC TAC GAG ATG GCT GCT GGT TAC CCA CCC TTC TTC GCT GAC CAG CCT ATC CAG ATC TAT GAG AAA ATC GTC TCT GGG AAG GTG CGG TTC CCA TCC CAC TTC AGC TCT GAC TTG AAG GAC CTG CTG CGG AAC CTT CTG CAG GTG GAT CTC ACC AAG CGC TTT GGG AAC CTC AAG AAC GGG GTC AAT GAC ATC AAG AAC CAC AAG TGG TTT GCC ACG ACT GAC TGG ATT GCC ATC TAT CAG AGA AAG GTG GAA GCT CCC TTC ATA CCA AAG TTT AAA --- GGC CCT GGG GAC ACG AGT AAC TTT GAC GAC TAT GAG GAG GAA GAG ATC CGG --- --- GTC TCC ATC AAT GAG AAG TGT GGC AAG GAG TTT ACT GAG TTT 
Canis lupus familiaris                     --- --- --- --- --- --- --- --- --- --- --- --- --- --- --- --- --- --- --- --- --- --- --- --- --- --- --- --- --- --- --- ATG GGC AAC --- GCC GCC GCC AAG --- AAG GGC AGC --- --- --- --- --- --- --- --- --- --- --- --- --- --- --- --- --- --- --- --- --- --- --- --- --- --- --- --- --- --- --- --- --- --- --- --- --- --- --- --- --- --- --- --- GAG CAG GAG AGC GTG AAA GAG TTC TTA GCC AAA GCC AAA GAA GAC TTT CTT AAA AAA TGG GAA AAT CCT GCT CAG AAT ACA GCC --- --- --- --- --- --- --- --- --- --- --- --- --- --- --- --- --- --- --- --- --- --- --- --- --- CAT TTG GAT CAG TTT GAA CGA ATC AAG ACC CTC GGC ACG GGC TCC TTT GGG CGG GTG ATG CTG GTG AAG CAC AAG GAG ACC GGG AAC CAC TTT GCC ATG AAG ATC CTC GAC AAA CAG AAG GTC GTG AAG CTG AAA CAG ATT GAG CAT ACC CTG AAC GAA AAG CGC ATC CTG CAA GCG GTC AAC TTC CCG TTC CTC GTC AAA CTC GAG TTC TCC TTC AAG GAC AAC TCG AAT TTA TAC ATG GTC ATG GAG TAT GTG CCT GGC GGG GAG ATG TTC TCG CAC CTG CGG CGG ATC GGA AGG TTC AGT GAA CCG CAT GCC CGC TTC TAT GCG GCC CAG ATC GTC CTG ACC TTC GAG TAC CTG CAC TCA CTT GAC CTC ATC TAC CGG GAC CTG AAG CCG GAG AAC CTC CTC ATT GAC CAG CAG GGC TAC ATT CAG GTG ACA GAC TTC GGT TTT GCC AAG CGT GTA AAA GGC CGC ACC TGG ACC TTA TGC GGG ACC CCC GAG TAC CTG GCC CCG GAA ATC ATC CTG AGC AAA GGC TAC AAC AAG GCT GTG GAC TGG TGG GCC CTA GGG GTT CTC ATC TAC GAG ATG GCC GCT GGC TAC CCA CCC TTC TTT GCT GAC CAG CCC ATC CAG ATC TAT GAG AAG ATT GTC TCT GGG AAG GTG CGG TTC CCG TCC CAC TTC AGC TCT GAC CTG AAG GAT CTG CTA CGG AAC CTG TTG CAG GTG GAC CTC ACC AAA CGC TTC GGG AAC CTC AAG AAT GGG GTG AAC GAT ATC AAG AAC CAC AAG TGG TTT GCC ACA ACT GAC TGG ATC GCC ATC TAT CAG AGG AAG GTG GAA GCT CCC TTC ATA CCA AAG TTT AAA --- GGC CCT GGG GAC ACG AGT AAT TTT GAC GAC TAT GAG GAG GAA GAG ATC CGA --- --- GTC TCC ATC AAT GAG AAG TGT GGC AAG GAG TTT TGT GAG TTC 



Printing out site pattern counts


         7        720  P

Danio rerio                                 --- AAA AAA AAA AAA AAA AAA AAA AAA AAC AAC AAC AAC AAC AAC AAC AAC AAC AAC AAC AAG AAG AAG AAG AAG AAG AAG AAT AAT AAT ACA ACA ACA ACC ACC ACC ACC ACC ACC ACC ACG ACG ACT ACT AGA AGA AGC AGC AGC AGC AGG AGG AGT AGT ATA ATA ATA ATA ATC ATC ATC ATC ATC ATG ATG ATG ATT ATT CAA CAC CAC CAG CAG CAG CAG CAT CAT CAT CAT CCA CCA CCA CCC CCC CCC CCG CCG CCT CCT CCT CCT CCT CCT CCT CGA CGA CGA CGA CGC CGC CGG CGG CGT CGT CTA CTA CTC CTC CTC CTC CTC CTG CTG CTG CTG CTG CTG CTG CTG CTG CTG CTG CTG CTG CTG CTG CTT CTT CTT GAA GAA GAA GAA GAA GAC GAC GAC GAC GAC GAG GAG GAG GAG GAG GAG GAG GAG GAG GAG GAT GAT GAT GAT GAT GCA GCA GCC GCC GCC GCC GCC GCC GCG GCG GCT GCT GCT GCT GCT GCT GCT GGA GGA GGA GGA GGA GGA GGA GGC GGC GGC GGC GGC GGC GGC GGG GGT GTA GTA GTC GTC GTC GTC GTG GTG GTG GTG GTT GTT GTT TAC TAC TAC TAC TAC TAC TAC TAC TAT TAT TCA TCA TCA TCC TCC TCT TCT TCT TCT TCT TGC TGG TGT TGT TTA TTC TTC TTC TTC TTC TTC TTG TTG TTT TTT TTT TTT TTT TTT TTT
Rattus norvegicus                           --- AAA AAA AAA AAA AAG AAG AAG AAG --- AAC AAC AAC AAC AAC AAC AAT AAT AAT ACC AAA AAA AAG AAG AAG AAG AGA AAC AAT AGC ACA ACC ACT ACA ACC ACG ACT ACT ACT GCC AAT ACC ACA TCA AGG CGG AAC AGC AGC AGT CGA CGG AGC AGT ATC ATC ATC ATT ATA ATC ATC ATT ATT ATG ATG CAG ATC ATC CAG CAC CAC AAC CAG CAG CAG CAC CAC CAT TTC CCC CCC CCT CCG CCT GCC CCC CCG CCA CCA CCC CCC CCC CCT CCT AAA CGA CGG CGT CGC CGG AGA CGG CGG CGT CTC CTG CTA CTC CTG CTG TTG CTC CTC CTC CTG CTG CTG CTT CTT CTT CTT TTG TTG TTG TTG TTG CTG CTG TTG GAA GAA GAG GAG GAG GAC GAC GAC GAG GAT GAA GAG GAG GAG GAG GAG GAG GAG GAG GAT GAC GAC GAC GAT GAT GCC TCT GCC GCC GCC GCG GCG GCT GCC GCC ACT GCC GCT GCT GCT GCT GCT GGC GGG GGG GGG GGG GGT GGT AAC GGC GGC GGC GGC GGG GGG GGG GGT GTC GTG GTC GTC GTG GTG GTC GTC GTG GTG GTC GTG GTG TAC TAC TAC TAT TAT TAT TAT TAT TAC TAC AGT TCC TCC TCC TCT CAG TCC TCC TCC TCT TTT TGG TGT TGT TTA TTC TTC TTC TTT TTT TTT ATC CTT TAT TTC TTC TTC TTT TTT TTT
Bos taurus                                  --- AAA AAA AAG AAG AAA AAG AAG ATG --- AAC AAC AAC AAC AAT AAT AAC AAC AAT AAT AAA AAA AAG AAG AAG AAG AGG AAC AAT AGC ACA ACC ACC ACA ACG ACA ACC ACC ACT GCC AAT ACC ACA TCA AGG CGG AAC AGC AGC AGT CGC CGC AGT AGT ATC ATT ATT ATT ATA ATC ATT ATC ATC ATG ATG CAA ATT ATT CAG CAC CAC AAC CAA CAG CAG CAC CAC CAG TTC CCC CCC CCT CCG CCT GCC CCC CCG CCA CCA CCA CCC CCT CCC CCC AAA CGG CGG CGC CGC CGG CGA CGA CGA CGT CTG CTT TTA CTC CTG CTT CTC CTC CTC CTG CTA CTG CTG CTC CTC CTG CTG CTG TTA TTG TTG TTG CTG CTT TTG GAA GAG GAG GAG GAG GAC GAC GAT GAG GAT GAG GAA GAA GAA GAG GAG GAG GAG GAG GAA GAC GAT GAT GAC GAT GCC GCT GCA GCC GCC GCC GCC GCT GCC GCC TCT GCC GCA GCC GCC GCG GCT GGC GGG GGG GGG GGG GGT GGT AAC GGC GGC GGC GGT GGG GGG GGG GGC GTC GTG GTC GTC GTG GTG GTC GTC GTG GTG GTC GTG GTG TAC TAC TAC TAC TAC TAC TAC TAT TAC TAC ACC TCC TCG TCC TCT CAC TCA TCC TCT TCT TTT TGG TGT TGT CTG TTC TTT TTT TTC TTT TTT ATC CTC TAC TTC TTT TTT TTC TTT TTT
Homo sapiens                                --- AAA AAG AAG AAG AAA AAG AAG AAG --- AAC AAC AAC AAT AAC AAT AAC AAC AAC AGT AAA AAG AAA AAG AAG AAG AGG AAC AAT AGC ACA ACC ACC ACA ACG ACG ACC ACT ACT GCC AAT ACC ACA TCA AGG CGG AAC AGC AGC AGT CGC CGG AGC AGT ATT ATC ATC ATT ATA ATC ATC ATC ATT ATG ATG CAG ATC ATT CAG CAC CAC AAC CAG CAA CAG CAC CAT CAG TTC CCC CCT CCC CCG CCT GCC CCC CCG CCA CCT CCG CCC CCT CCC CCC AAA CGG AGG CGT CGC CGC CGA CGG CGG CGC CTG CTT TTA CTC CTG CTG CTC CTC CTT CTG CTG CTG CTG CTC CTG CTC CTG CTG TTA CTG TTG TTG CTG CTC TTG GAA GAG GAA GAG GAG GAC GAT GAT GAG GAT GAG GAA GAA GAG GAA GAA GAG GAG GAG GAA GAC GAC GAT GAT GAT GCC GCT GCC GCC GCC GCC GCG GCT GCC GCC TCT GCC GCT GCA GCC GCT GCC GGC GGA GGG GGG GGG GGC GGT AAC GGC GGC GGC GGC GGC GGG GGG GGC GTC GTG GTC GTC GTA GTG GTC GTT GTG GTG GTC GTG GTG TAC TAC TAT TAC TAC TAT TAT TAT TAC TAC ACC TCC TCG TCC TCT CAC TCA TCC TCC TCT TTT TGG TGC TGT CTA TTC TTT TTT TTT TTT TTT ATC CTC TAT TTC TTC TTC TTC TTT TTT
Pan troglodytes                             --- AAA AAG AAG AAG AAA AAG AAG AAG --- --- AAC AAC AAT AAC AAT AAC AAC AAC AGT AAA AAG AAA --- AAG ATG AGG AAC AAT TCC ACA ACC ACC ACA ACG ACG ACC ACT ACT --- AAT ACC ACA TCA AGG CGG AAC AGC GAT AGT CGC CGG AGC AGC ATT ATC ATC ATT ATA ATC ATC ATC ATT --- ATG TCC ATC ATT CAG CAC CAC AAC CAG CAA CAG CAC CAT CAG TTC CCC CCT CCC CCG CCT --- CCC CCG CCA CCT CCG CCC CCT CCC CCC AAA CGG AGG CGT CGC CGG CGA CGG CGG CGC CTG CTT TTA CTC CTG CTG CTC CTC CTT CTG CTG CTG CTG CTC CTG CTC CTG CTG TTA CTG TTG TTG CTG CTC TTG GAA GAG GAA GAG GAG GAC GAT GAT GAG GAT GAG GAA GAA AGC GAA GAA AAC GAG GAG GAA GAC GAC GAT GAT GAT GCC GCT GCC --- GCC GCC GCG GCT --- GCC TCT GCC GCT GCA GCC GCT GCC GGC GGA GGG GGG GGG GGC GGT AAC --- GCT GGC GGC GGC GGG GGG GGC GTC GTG GTC GTC GTA GTG GTC GTT GTG GTG GTC GTG GTG TAC TAC TAT TAC TAC TAT TAT TAT TAC TAC ACC TCC TCG TCC TCT CAC TCA TCC TCC TCT TTT TGG TGC TGT CTA TTC TTT TTT TTT TTT TTT ATC CTC TAT TTC TTC TTC TTC TTT TTT
Mus musculus                                --- AAA AAG AAA AAG AAG AAG AAG AAG --- AAC AAC AAC AAT AAC AAC AAC AAT AAT ACC AAA AAA AAG AAG AAG AAG AGA AAC AAT AGC ACA ACC ACT ACG ACC ACG ACC ACT ACT GCC AAT ACC ACA TCA AGG CGG AAC AGC AGC AGT CGT CGG AGC AGC ATC ATC ATC ATT ATA ATC ATC ATT ATT ATG ATG CAG ATC ATT CAG CAC CAC AAC CAG CAG CAG CAC CAT CAG TTC CCC CCC CCT CCG CCT GCC CCC CCA CCA CCA CCC CCC CCT CCT GCT AAA CGA CGG CGT CGC CGG AGA CGG CGG CGT CTG CTG CTA CTC CTG CTG TTA CTC CTC CTC CTG CTA CTG CTT CTT CTT CTG CTG CTG TTG TTG TTG CTG CTG TTG GAA GAG GAG GAG GAG GAC GAC GAC GAG GAT GAA GAG GAG GAG GAG GAG GAG GAG GAG GAT GAC GAC GAC GAT GAT GCC TCT GCC GCC GCC GCG GCG GCT GCC GCC ACT GCC GCT GCT GCT GCC GCT GGC GGA GGA GGC GGG GGT GGT AAC GGC GGC GGC GGC GGG GGG GGG GGT GTC GTG GTC GTC GTG GTG GTC GTC GTG GTG GTC GTA GTG TAC TAC TAC TAT TAT TAT TAT TAT TAC TAT AGT TCC TCC TCC TCT CAG TCC TCC TCC TCT TTT TGG TGT TGT CTA TTC TTC TTC TTT TTT TTT ATC CTT TAC TTC TTC TTC TTT TTT TTT
Canis lupus familiaris                      --- AAA AAG AAG AAG AAA AAA AAG AAG --- AAC AAC AAT AAC AAT AAT AAC AAT AAC AAT AAA AAA AAG AAG AAG AAG AGG AAC AAC AGC ACA ACC ACC ACA ACG ACG ACC ACC ACT GCC AAT ACC ACA TCG AGG CGG AAC AGC AGC AGT CGC CGG AGC AGT ATT ATC ATT ATT ATA ATC ATC ATC ATC ATG ATG CAG ATT ATC CAG CAC CAT AAC CAG CAA CAG CAC CAT CAG TTC CCC CCG CCT CCG CCT GCC CCC CCA CCA CCG CCG CCG CCC CCC CCT AAA CGG CGG CGC CGC CGG CGA CGA CGG CGT CTG CTT TTA CTC CTG CTT CTC CTC CTC CTA TTG CTG CTG CTG CTC CTC CTA CTG TTA CTG TTA TTG CTG CTC CTG GAA GAG GAG GAA GAG GAC GAC GAT GAG GAT GAG GAA GAG GAG GAA GAG GAG GAA GAG GAA GAC GAT GAC GAC GAC GCC GCT GCC GCC GCC GCC GCG GCT --- GCC TGT GCC GCT GCT GCC GCG GCT GGC GGA GGG GGG GGG GGC GGT AAC GGC GGC GGC GGC GGG GGG GGG GGC GTC GTA GTC GTG GTG GTG GTC GTT GTC GTG GTC GTG GTG TAC TAT TAC TAC TAT TAC TAT TAT TAC TAT ACC TCC TCA TCC TCT CAT TCG TCC TCC TCT TTT TGG TGC TGT CTG TTC TTC TTT TTC TTC TTT ATC CTC TTT TTC TTC TTT TTT TTC TTT



  103    4    1    1    1    3    1    3    1    1    1    1    1    1    1
    1    1    1    1    1    2    1    2    1   12    1    1    2    1    1
    1    2    1    1    1    1    1    1    1    1    1    2    1    1    1
    1    1    1    1    1    1    1    1    1    1    1    1    1    1   10
    1    1    1    1    6    1    1    1    1    4    1    1    1    1    9
    2    1    1    1    1    1    1    1    1    1    1    1    1    1    1
    1    1    1    1    1    1    1    1    2    1    1    1    1    1    1
    1    1    2    1    1    1    2    1    1    1    1    4    1    1    1
    1    1    1    1    1    1    1    1    1    3    1    2    1    3    8
    1    1    1    1    1    1    1    1    1    2    1    1    6    1    3
    1    1    1    1    3    1    1    1    2    1    1    1    1    1    1
    2    1    1    2    1    1    1    1    1    1    1    1    1    1    1
    1    5    1    1    2    3    1    1    1    3    1    1    3    1    1
    1    4    1    1    1    3    1    1    1    1    1    1    1    2    1
    1    1    1    1    1    1    1    1    1    1    1    6    1    1    1
    3    1    1    1    1    1    1    1    1    6    2    1    2    1    3


CODONML (in paml version 4.4b, July 2010)  torun.nuc
Model: One dN/dS ratio for branches Global clock 
Codon frequency model: F3x4
ns =   7  ls = 455

Codon usage in sequences
--------------------------------------------------------------------------------------------------------------
Phe TTT 16 10 12 10 10 10 | Ser TCT  5  3  4  3  3  3 | Tyr TAT  3  6  1  5  5  6 | Cys TGT  2  2  2  1  1  2
    TTC  8 15 13 15 15 15 |     TCC  2  6  3  4  6  6 |     TAC 10  8 13  9  9  8 |     TGC  1  0  0  1  1  0
Leu TTA  1  1  2  2  2  1 |     TCA  3  1  2  2  2  1 | *** TAA  0  0  0  0  0  0 | *** TGA  0  0  0  0  0  0
    TTG  2  7  4  3  3  4 |     TCG  0  0  1  1  1  0 |     TAG  0  0  0  0  0  0 | Trp TGG  6  6  6  6  6  6
--------------------------------------------------------------------------------------------------------------
Leu CTT  3  5  3  2  2  4 | Pro CCT  7  4  3  4  4  4 | His CAT  5  1  0  1  1  1 | Arg CGT  2  2  1  1  1  3
    CTC  6  7  9  9  9  6 |     CCC  3  6  6  6  6  5 |     CAC  5  8  9  8  8  7 |     CGC  3  2  5  5  4  2
    CTA  2  1  1  1  1  3 |     CCA  3  2  3  1  1  3 | Gln CAA  1  0  2  1  1  0 |     CGA  4  2  3  1  1  1
    CTG 19 11 13 15 15 14 |     CCG  2  2  2  3  3  1 |     CAG 12 14 12 13 12 15 |     CGG  2  6  4  5  6  6
--------------------------------------------------------------------------------------------------------------
Ile ATT  2  3  6  4  4  4 | Thr ACT  2  5  1  2  2  4 | Asn AAT  4  5  6  4  4  5 | Ser AGT  2  3  3  3  2  2
    ATC 14 17 14 16 16 16 |     ACC  7  6  8  7  7  7 |     AAC 11 11 11 12 12 11 |     AGC  4  4  3  4  4  5
    ATA  4  1  1  1  1  1 |     ACA  4  3  4  3  3  2 | Lys AAA 15 11 12 12 12  9 | Arg AGA  2  2  0  0  0  2
Met ATG  8  7  8  7  7  7 |     ACG  3  1  1  2  2  2 |     AAG 20 24 22 23 21 26 |     AGG  2  1  2  3  3  1
--------------------------------------------------------------------------------------------------------------
Val GTT  3  0  0  1  1  0 | Ala GCT  9  7  3  4  5  7 | Asp GAT  7  4  5  6  7  4 | Gly GGT  1  3  3  1  1  3
    GTC  8  8  8  7  7  8 |     GCC  7 13 17 17 13 14 |     GAC 12 15 13 12 12 15 |     GGC 12  9  9 12 10 10
    GTA  2  0  0  1  1  1 |     GCA  4  0  2  1  1  0 | Glu GAA 10  5  7 11 11  4 |     GGA  7  0  0  1  1  2
    GTG  7 12 12 11 11 11 |     GCG  2  2  1  1  1  2 |     GAG 16 21 20 16 14 22 |     GGG  3 10 10  8  8  7
--------------------------------------------------------------------------------------------------------------

--------------------------------------------------
Phe TTT 10 | Ser TCT  2 | Tyr TAT  5 | Cys TGT  2
    TTC 16 |     TCC  4 |     TAC  8 |     TGC  1
Leu TTA  3 |     TCA  1 | *** TAA  0 | *** TGA  0
    TTG  2 |     TCG  2 |     TAG  0 | Trp TGG  6
--------------------------------------------------
Leu CTT  2 | Pro CCT  3 | His CAT  3 | Arg CGT  1
    CTC 10 |     CCC  4 |     CAC  6 |     CGC  4
    CTA  2 |     CCA  2 | Gln CAA  1 |     CGA  2
    CTG 13 |     CCG  5 |     CAG 13 |     CGG  6
--------------------------------------------------
Ile ATT  4 | Thr ACT  1 | Asn AAT  6 | Ser AGT  2
    ATC 16 |     ACC  8 |     AAC 11 |     AGC  4
    ATA  1 |     ACA  3 | Lys AAA 12 | Arg AGA  0
Met ATG  7 |     ACG  2 |     AAG 23 |     AGG  2
--------------------------------------------------
Val GTT  1 | Ala GCT  5 | Asp GAT  3 | Gly GGT  1
    GTC  7 |     GCC 15 |     GAC 15 |     GGC 11
    GTA  1 |     GCA  0 | Glu GAA  8 |     GGA  1
    GTG 11 |     GCG  2 |     GAG 19 |     GGG  9
--------------------------------------------------

Codon position x base (3x4) table for each sequence.

#1: Danio rerio    
position  1:    T:0.16761    C:0.22443    A:0.29545    G:0.31250
position  2:    T:0.29830    C:0.17898    A:0.37216    G:0.15057
position  3:    T:0.20739    C:0.32102    A:0.17614    G:0.29545
Average         T:0.22443    C:0.24148    A:0.28125    G:0.25284

#2: Rattus norvegicus
position  1:    T:0.18519    C:0.20798    A:0.29630    G:0.31054
position  2:    T:0.29915    C:0.17379    A:0.37892    G:0.14815
position  3:    T:0.17949    C:0.38462    A:0.08262    G:0.35328
Average         T:0.22127    C:0.25546    A:0.25261    G:0.27066

#3: Bos taurus     
position  1:    T:0.17949    C:0.21652    A:0.29060    G:0.31339
position  2:    T:0.30199    C:0.17379    A:0.37892    G:0.14530
position  3:    T:0.15100    C:0.40171    A:0.11111    G:0.33618
Average         T:0.21083    C:0.26401    A:0.26021    G:0.26496

#4: Homo sapiens   
position  1:    T:0.17664    C:0.21652    A:0.29345    G:0.31339
position  2:    T:0.29915    C:0.17379    A:0.37892    G:0.14815
position  3:    T:0.14815    C:0.41026    A:0.10826    G:0.33333
Average         T:0.20798    C:0.26686    A:0.26021    G:0.26496

#5: Pan troglodytes
position  1:    T:0.18659    C:0.21866    A:0.29155    G:0.30321
position  2:    T:0.30612    C:0.17493    A:0.37609    G:0.14286
position  3:    T:0.15452    C:0.40525    A:0.11079    G:0.32945
Average         T:0.21574    C:0.26628    A:0.25948    G:0.25850

#6: Mus musculus   
position  1:    T:0.17664    C:0.21368    A:0.29630    G:0.31339
position  2:    T:0.29915    C:0.17379    A:0.37892    G:0.14815
position  3:    T:0.17664    C:0.38462    A:0.08547    G:0.35328
Average         T:0.21747    C:0.25736    A:0.25356    G:0.27160

#7: Canis lupus familiaris
position  1:    T:0.17714    C:0.22000    A:0.29143    G:0.31143
position  2:    T:0.30286    C:0.16857    A:0.38000    G:0.14857
position  3:    T:0.14571    C:0.40000    A:0.10571    G:0.34857
Average         T:0.20857    C:0.26286    A:0.25905    G:0.26952

Sums of codon usage counts
------------------------------------------------------------------------------
Phe F TTT      78 | Ser S TCT      23 | Tyr Y TAT      31 | Cys C TGT      12
      TTC      97 |       TCC      31 |       TAC      65 |       TGC       4
Leu L TTA      12 |       TCA      12 | *** * TAA       0 | *** * TGA       0
      TTG      25 |       TCG       5 |       TAG       0 | Trp W TGG      42
------------------------------------------------------------------------------
Leu L CTT      21 | Pro P CCT      29 | His H CAT      12 | Arg R CGT      11
      CTC      56 |       CCC      36 |       CAC      51 |       CGC      25
      CTA      11 |       CCA      15 | Gln Q CAA       6 |       CGA      14
      CTG     100 |       CCG      18 |       CAG      91 |       CGG      35
------------------------------------------------------------------------------
Ile I ATT      27 | Thr T ACT      17 | Asn N AAT      34 | Ser S AGT      17
      ATC     109 |       ACC      50 |       AAC      79 |       AGC      28
      ATA      10 |       ACA      22 | Lys K AAA      83 | Arg R AGA       6
Met M ATG      51 |       ACG      13 |       AAG     159 |       AGG      14
------------------------------------------------------------------------------
Val V GTT       6 | Ala A GCT      40 | Asp D GAT      36 | Gly G GGT      13
      GTC      53 |       GCC      96 |       GAC      94 |       GGC      73
      GTA       6 |       GCA       8 | Glu E GAA      56 |       GGA      12
      GTG      75 |       GCG      11 |       GAG     128 |       GGG      55
------------------------------------------------------------------------------

(Ambiguity data are not used in the counts.)


Codon position x base (3x4) table, overall

position  1:    T:0.17844    C:0.21682    A:0.29359    G:0.31115
position  2:    T:0.30094    C:0.17395    A:0.37771    G:0.14741
position  3:    T:0.16619    C:0.38669    A:0.11147    G:0.33565
Average         T:0.21519    C:0.25915    A:0.26092    G:0.26473

Codon frequencies under model, for use in evolver (TTT TTC TTA TTG ... GGG):
  0.00922955  0.02147515  0.00619083  0.01864052
  0.00533486  0.01241305  0.00357842  0.01077458
  0.01158390  0.02695321  0.00000000  0.00000000
  0.00452085  0.01051904  0.00000000  0.00913057
  0.01121486  0.02609452  0.00752250  0.02265015
  0.00648240  0.01508313  0.00434815  0.01309222
  0.01407563  0.03275092  0.00944140  0.02842794
  0.00549330  0.01278171  0.00368470  0.01109458
  0.01518547  0.03533326  0.01018583  0.03066942
  0.00877749  0.02042329  0.00588760  0.01772751
  0.01905910  0.04434635  0.01278411  0.03849282
  0.00743820  0.01730706  0.00498926  0.01502260
  0.01609364  0.03744637  0.01079499  0.03250361
  0.00930243  0.02164471  0.00623971  0.01878770
  0.02019893  0.04699850  0.01354867  0.04079490
  0.00788304  0.01834212  0.00528764  0.01592104



Nei & Gojobori 1986. dN/dS (dN, dS)
(Pairwise deletion)
(Note: This matrix is not used in later ML. analysis.
Use runmode = -2 for ML pairwise comparison.)

Danio rerio         
Rattus norvegicus    0.0200 (0.0425 2.1226)
Bos taurus           0.0197 (0.0426 2.1609) 0.0204 (0.0111 0.5430)
Homo sapiens         0.0153 (0.0402 2.6288) 0.0190 (0.0098 0.5159) 0.0064 (0.0024 0.3821)
Pan troglodytes     -1.0000 (0.0523 -1.0000) 0.0487 (0.0271 0.5572) 0.0487 (0.0194 0.3985) 0.8153 (0.0169 0.0207)
Mus musculus         0.0239 (0.0464 1.9431) 0.0195 (0.0024 0.1256) 0.0199 (0.0111 0.5567) 0.0202 (0.0098 0.4872) 0.0534 (0.0272 0.5087)
Canis lupus familiaris 0.0146 (0.0378 2.5926) 0.0215 (0.0123 0.5726) 0.0092 (0.0037 0.3988) 0.0091 (0.0037 0.4054) 0.0475 (0.0207 0.4359) 0.0221 (0.0123 0.5592)


TREE #  1:  ((((4, 5), (6, 2)), (3, 7)), 1);   MP score: -1
check convergence..
lnL(ntime:  6  np:  8):  -2835.545703      +0.000000
   8..9     9..10   10..11   11..4    11..5    10..12   12..6    12..2     9..13   13..3    13..7     8..1  
 0.967794 0.194939 0.194939 0.031016 0.041804 0.148024 2.732940 0.016791
SEs for parameters:
 0.135680 0.017307 0.020692 0.006022 0.008212 0.019438 0.414489 0.002840

tree length =   2.54631

((((4: 0.031016, 5: 0.031016): 0.163923, (6: 0.041804, 2: 0.041804): 0.153136): 0.000000, (3: 0.148024, 7: 0.148024): 0.046915): 0.772855, 1: 0.967794);

((((Homo sapiens: 0.031016, Pan troglodytes: 0.031016): 0.163923, (Mus musculus: 0.041804, Rattus norvegicus: 0.041804): 0.153136): 0.000000, (Bos taurus: 0.148024, Canis lupus familiaris: 0.148024): 0.046915): 0.772855, Danio rerio: 0.967794);

Detailed output identifying parameters

kappa (ts/tv) =  2.73294

omega (dN/dS) =  0.01679

dN & dS for each branch

 branch          t       N       S   dN/dS      dN      dS  N*dN  S*dS

   8..9      0.773  1071.6   293.4  0.0168  0.0190  1.1291  20.3 331.3
   9..10     0.000  1071.6   293.4  0.0168  0.0000  0.0000   0.0   0.0
  10..11     0.164  1071.6   293.4  0.0168  0.0040  0.2395   4.3  70.3
  11..4      0.031  1071.6   293.4  0.0168  0.0008  0.0453   0.8  13.3
  11..5      0.031  1071.6   293.4  0.0168  0.0008  0.0453   0.8  13.3
  10..12     0.153  1071.6   293.4  0.0168  0.0038  0.2237   4.0  65.7
  12..6      0.042  1071.6   293.4  0.0168  0.0010  0.0611   1.1  17.9
  12..2      0.042  1071.6   293.4  0.0168  0.0010  0.0611   1.1  17.9
   9..13     0.047  1071.6   293.4  0.0168  0.0012  0.0685   1.2  20.1
  13..3      0.148  1071.6   293.4  0.0168  0.0036  0.2163   3.9  63.5
  13..7      0.148  1071.6   293.4  0.0168  0.0036  0.2163   3.9  63.5
   8..1      0.968  1071.6   293.4  0.0168  0.0237  1.4139  25.4 414.9

tree length for dN:       0.0625
tree length for dS:       3.7202


Time used:  0:09
