
seed used = 1418848873
      6    462

Danio rerio                                --- ATG GCT GAC CAA CTC ACC GAG GAG CAA ATT GCA GAG TTT AAG GAG GCT TTC TCC TTA TTT GAT AAG GAT GGT GAT GGT ACT ATC ACC ACC AAG GAG CTG GGC ACA GTG ATG CGC TCG CTC GGA CAG AAC CCC ACA GAA GCT GAA CTC CAG GAC ATG ATA AAC GAG GTG GAC GCT GAT GGT AAC GGA ACC ATT GAC TTT CCT GAA TTT CTG ACA ATG ATG GCC CGG AAA ATG AAA GAC ACA GAC AGC GAG GAG GAG ATC CGC GAA GCT TTC CGA GTG TTT GAC AAG GAC GGG AAC GGC TAC ATC AGT GCG GCA GAG CTT CGC CAT GTC ATG ACA AAC CTG GGT GAG AAA CTA ACA GAT GAA GAG GTG GAT GAA ATG ATC AGA GAA GCT GAC ATC GAC GGT GAC GGT CAG GTC AAT TAC GAA GAA TTT GTA CAA ATG ATG ACG GCA AAG --- --- --- --- 
Pan troglodytes                            --- ATG GCT GAC CAA CTG ACT GAA GAG CAG ATT GCA GAA TTC AAA GAA GCT TTT TCA CTA TTT GAC AAA GAT GGT GAT GGA ACT ATA ACA ACA AAG GAA TTG GGA ACT GTA ATG AGA TCT CTT GGG CAG AAT CCC ACA GAA GCA GAG TTA CAG GAC ATG ATT AAT GAA GTA GAT GCT GAT GGT AAT GGC ACA ATT GAC TTC CCT GAA TTT CTG ACA ATG ATG GCA AGA AAA ATG AAA GAC ACA GAC AGT GAA GAA GAA ATT AGA GAA GCA TTC CGT GTG TTT GAT AAG GAT GGC AAT GGC TAT ATT AGT GCT GCA GAA CTT CGC CAT GTG ATG ACA AAC CTT GGA GAG AAG TTA ACA GAT GAA GAA GTT GAT GAA ATG ATC AGG GAA GCA GAT ATT GAT GGT GAT GGT CAA GTA AAC TAT GAA GAG TTT GTA CAA ATG ATG ACA GCA AAG --- --- --- --- 
Gallus gallus                              --- ATG GCT GAC CAG CTG ACC GAA GAG CAG ATT GCT GAA TTC AAG GAA GCC TTT TCC CTA TTT GAC AAA GAT GGT GAT GGT ACT ATC ACA ACA AAA GAA CTG GGA ACT GTC ATG AGG TCG CTG GGT CAA AAT CCA ACA GAA GCA GAA TTA CAG GAT ATG ATC AAC GAG GTA GAT GCT GAT GGT AAT GGC ACT ATT GAC TTT CCT GAA TTT TTA ACC ATG ATG GCC AGA AAA ATG AAG GAC ACA GAC AGC GAG GAA GAA ATC CGT GAG GCA TTC CGA GTC TTT GAC AAG GAT AGC AAT GGC TAT ATC AGT GCA GCA GAG CTA CGT CAT GTT ATG ACA AAC TTA GGA GAA AAG CTA ACA GAC GAA GAA GTA GAT GAA ATG ATC AGA GAA GCA GAC ATT GAT GGG GAT GGA CAA GTC AAC TAT GAA GAA TTC GTA CAG ATG ATG ACT GCA AAG --- --- --- --- 
Bos taurus                                 --- ATG GCT GAC CAA CTG ACT GAA GAG CAG ATT GCA GAA TTC CAA GAA GCT TTT TCA CTA TTT GAC AAG GAT GGT GAT GGA ACT ATA ACA ACA AAG GAA TTG GGA ACT GTA ATG AGG TCT CTT GGG CAG AAT CCC ACA GAA GCA GAG TTA CAG GAC ATG ATT AAT GAA GTA GAT GCT GAT GGT AAT GGC ACA ATT GAC TTC CCG GAA TTT CTG ACA ATG ATG GCA AGA AAA ATG AAA GAT ACA GAC AGT GAA GAA GAA ATT AGA GAA GCA TTT CGT GTG TTT GAT AAG GAT GGT AAT GGC TAC ATT AGT GCA GCA GAG CTC CGC CAT GTG ATG ACA AAC CTT GGA GAG AAG TTA ACA GAT GAA GAG GTT GAT GAA ATG ATC AGG GAA GCA GAT ATT GAT GGT GAT GGT CAA GTA AAC TAT GAA GAG TTT GTA CAT ATG ATG ACA GCA AAG --- --- --- --- 
Canis lupus familiaris                     --- ATG GCT GAT CAG CTG ACC GAA GAA CAG ATT GCT GAG TTC AAG GAA GCT TTC TCC CTA TTT GAC AAA GAT GGC GAT GGC ACC ATC ACA ACA AAG GAA CTT GGA ACT GTC ATG AGG TCA CTG GGT CAG AAC CCA ACA GAA GCC GAA TTG CAG GAT ATG ATC AAC GAG GTG GAT GCT GAC GGT AAT GGC ACC ATT GAC TTC CCG GAA TTT TTG ACT ATG ATG GCT AGA AAA ATG AAA GAT ACA GAC AGT GAA GAA GAA ATT CGC GAG GCA TTC CGA GTC TTT GAC AAG GAT GGC AAC GGT TAC ATC AGT GCG GCA GAA CTA CGT CAT GTC ATG ACA AAC TTA GGA GAA AAA CTA ACA GAC GAA GAA GTA GAT GAA ATG ATC AGA GAA GCA GAT ATT GAT GGA GAT GGG CAA GTC AAC TAT GAA GAA TTC GTA CAG ATG ATG ACT GCA AAA --- --- --- --- 
Homo sapiens                               --- ATG GCT GAT CAG CTG ACC GAA GAA CAG ATT GCT GAA TTC AAG GAA GCC TTC TCC CTA TTT GAT AAA GAT GGC GAT GGC ACC ATC ACA ACA AAG GAA CTT GGA ACT GTC ATG AGG TCA CTG GGT CAG AAC CCA ACA GAA GCT GAA TTG CAG GAT ATG ATC AAT GAA GTG GAT GCT GAT GGT AAT GGC ACC ATT GAC TTC CCC GAA TTT TTG ACT ATG ATG GCT AGA AAA ATG AAA GAT ACA GAT AGT GAA GAA GAA ATC CGT GAG GCA TTC CGA GTC TTT GAC AAG GAT GGC AAT GGT TAT ATC AGT GCA GCA GAA CTA CGT CAC GTC ATG ACA AAC TTA GGA GAA AAA CTA ACA GAT GAA GAA GTA GAT GAA ATG ATC AGA GAA GCA GAT ATT GAT GGA GAC GGA CAA GTC AAC TAT GAA GAA TTC GTA CAG ATG ATG ACT GCA AAA --- --- --- --- 



Printing out site pattern counts


         6        363  P G
G 2        8    113

Danio rerio                                 --- ACC ATG CAA CTC GAC GAG GCT --- AAA AAA AAA AAC AAC AAC AAC AAC AAG AAG AAG AAG AAG AAT ACA ACA ACA ACC ACC ACG ACT AGA AGC AGT ATA ATC ATC ATC ATC ATC ATG ATT CAA CAA CAG CAG CAG CAT CCC CCT CGA CGC CGC CGC CGG CTA CTC CTC CTG CTG CTG CTT GAA GAA GAA GAC GAC GAC GAC GAC GAC GAC GAC GAG GAG GAG GAG GAG GAG GAG GAG GAT GAT GAT GAT GCA GCA GCC GCG GCT GCT GCT GCT GGA GGA GGC GGC GGG GGT GGT GGT GGT GGT GGT GTA GTC GTC GTG GTG GTG GTG TAC TAC TCC TCG TTA TTC TTC TTT TTT TTT TTT
Pan troglodytes                             --- ACT ATG CAA CTG GAC GAA GCT --- AAA AAA AAG AAC AAT AAT AAT AAT AAA AAA AAG AAG AAG AAC ACA ACA ACT ACA ACA ACA ACT AGG AGT AGT ATT ATA ATC ATT ATT ATT ATG ATT CAA CAG CAA CAG CAG CAT CCC CCT CGT AGA AGA CGC AGA TTA CTT TTA CTG CTT TTG CTT GAA GAA GAG GAC GAC GAC GAC GAT GAT GAT GAT GAA GAA GAA GAA GAA GAA GAG GAG GAC GAT GAT GAT GCA GCA GCA GCT GCA GCA GCT GCT GGC GGG GGA GGC GGC GGA GGA GGT GGT GGT GGT GTA GTA GTG GTA GTA GTG GTT TAT TAT TCA TCT CTA TTC TTT TTC TTC TTT TTT
Gallus gallus                               --- ACC ATG CAG CTG GAC GAA GCT --- AAA AAG AAG AAC AAC AAT AAT AAT AAA AAG AAA AAG AAG AAC ACA ACC ACT ACA ACT ACT ACT AGA AGC AGT ATC ATC ATC ATC ATC ATT ATG ATT CAG CAG CAA CAA CAG CAT CCA CCT CGA AGG CGT CGT AGA CTA CTG TTA TTA TTA CTG CTA GAA GAG GAA GAC GAC GAC GAT GAC GAC GAT GAT GAA GAA GAA GAG GAG GAG GAA GAG GAC GAC GAT GAT GCA GCT GCC GCA GCA GCA GCC GCT GGC GGT GGA GGC AGC GGA GGT GGA GGG GGT GGT GTA GTC GTT GTA GTC GTC GTA TAT TAT TCC TCG CTA TTC TTT TTC TTT TTC TTT
Bos taurus                                  --- ACT ATG CAA CTG GAC GAA GCT --- AAA AAA AAG AAC AAT AAT AAT AAT AAG CAA AAG AAG AAG AAC ACA ACA ACT ACA ACA ACA ACT AGG AGT AGT ATT ATA ATC ATT ATT ATT ATG ATT CAT CAG CAA CAG CAG CAT CCC CCG CGT AGG AGA CGC AGA TTA CTT TTA CTG CTT TTG CTC GAA GAA GAG GAC GAC GAT GAC GAT GAT GAT GAT GAA GAA GAG GAA GAA GAG GAG GAG GAC GAT GAT GAT GCA GCA GCA GCA GCA GCA GCT GCT GGC GGG GGA GGC GGT GGA GGA GGT GGT GGT GGT GTA GTA GTG GTA GTA GTG GTT TAC TAT TCA TCT CTA TTT TTT TTC TTC TTT TTT
Canis lupus familiaris                      --- ACC ATG CAG CTG GAT GAA GCT --- AAA AAA AAA AAC AAC AAC AAC AAT AAA AAG AAG AAA AAG AAC ACA ACT ACT ACA ACC ACT ACC AGA AGT AGT ATC ATC ATC ATC ATT ATT ATG ATT CAG CAG CAA CAG CAG CAT CCA CCG CGA AGG CGC CGT AGA CTA CTG TTG TTG TTA CTT CTA GAA GAG GAA GAC GAC GAT GAT GAC GAT GAT GAT GAA GAG GAA GAA GAG GAA GAA GAA GAC GAC GAC GAT GCA GCT GCT GCG GCA GCC GCT GCT GGC GGT GGA GGT GGC GGA GGC GGG GGA GGC GGT GTA GTC GTC GTG GTC GTC GTA TAC TAT TCC TCA CTA TTC TTC TTC TTC TTC TTT
Homo sapiens                                --- ACC ATG CAG CTG GAT GAA GCT --- AAA AAA AAA AAC AAT AAC AAT AAT AAA AAG AAG AAA AAG AAC ACA ACT ACT ACA ACC ACT ACC AGA AGT AGT ATC ATC ATC ATC ATC ATT ATG ATT CAG CAG CAA CAG CAG CAC CCA CCC CGA AGG CGT CGT AGA CTA CTG TTG TTG TTA CTT CTA GAA GAG GAA GAC GAT GAT GAT GAC GAT GAC GAT GAA GAA GAA GAA GAA GAA GAA GAA GAT GAT GAT GAT GCA GCT GCT GCA GCA GCT GCC GCT GGC GGT GGA GGT GGC GGA GGC GGA GGA GGC GGT GTA GTC GTC GTG GTC GTC GTA TAT TAT TCC TCA CTA TTC TTC TTC TTC TTC TTT



    4    1    1    1    1    1    1    1    1    1    1    1    1    1    1
    1    1    1    1    1    1    1    1    4    1    1    2    1    1    1
    1    1    1    1    1    1    1    1    1    9    2    1    1    1    1
    1    1    1    1    1    1    1    1    1    1    1    1    1    1    1
    1    6    1    2    1    1    1    1    1    1    1    3    4    1    1
    1    1    1    1    1    1    1    1    3    2    1    1    1    2    1
    1    1    1    1    1    1    1    1    1    1    1    1    1    1    1
    1    1    1    1    1    1    1    1    1    1    1    1    1    1    1
    3

CODONML (in paml version 4.4b, July 2010)  torun.nuc
Model: One dN/dS ratio for branches Global clock  (2 genes: diff. rate & k&w)  
Codon frequency model: F3x4
ns =   6  ls = 154

Codon usage in sequences
--------------------------------------------------------------------------------------------------------------
Phe TTT  6  5  5  6  3  3 | Ser TCT  0  1  0  1  0  0 | Tyr TAT  0  2  2  1  1  2 | Cys TGT  0  0  0  0  0  0
    TTC  2  3  3  2  5  5 |     TCC  1  0  1  0  1  1 |     TAC  2  0  0  1  1  0 |     TGC  0  0  0  0  0  0
Leu TTA  1  2  3  2  1  1 |     TCA  0  1  0  1  1  1 | *** TAA  0  0  0  0  0  0 | *** TGA  0  0  0  0  0  0
    TTG  0  1  0  1  2  2 |     TCG  1  0  1  0  0  0 |     TAG  0  0  0  0  0  0 | Trp TGG  0  0  0  0  0  0
--------------------------------------------------------------------------------------------------------------
Leu CTT  1  3  0  2  1  1 | Pro CCT  1  1  1  0  0  0 | His CAT  1  1  1  2  1  0 | Arg CGT  0  1  2  1  1  2
    CTC  3  0  0  1  0  0 |     CCC  1  1  0  1  0  1 |     CAC  0  0  0  0  0  1 |     CGC  3  1  0  1  1  0
    CTA  1  1  3  1  3  3 |     CCA  0  0  1  0  1  1 | Gln CAA  3  3  2  3  1  1 |     CGA  1  0  1  0  1  1
    CTG  3  2  3  2  2  2 |     CCG  0  0  0  1  1  0 |     CAG  3  3  4  3  5  5 |     CGG  1  0  0  0  0  0
--------------------------------------------------------------------------------------------------------------
Ile ATT  2  6  3  6  4  3 | Thr ACT  1  3  4  3  3  3 | Asn AAT  1  4  3  4  1  3 | Ser AGT  1  2  1  2  2  2
    ATC  5  1  5  1  4  5 |     ACC  4  0  2  0  3  3 |     AAC  5  2  3  2  5  3 |     AGC  1  0  2  0  0  0
    ATA  1  1  0  1  0  0 |     ACA  6  9  6  9  6  6 | Lys AAA  3  4  3  2  5  5 | Arg AGA  1  3  2  2  2  2
Met ATG 10 10 10 10 10 10 |     ACG  1  0  0  0  0  0 |     AAG  5  4  5  5  3  3 |     AGG  0  1  1  2  1  1
--------------------------------------------------------------------------------------------------------------
Val GTT  0  1  1  1  0  0 | Ala GCT  6  4  3  3  5  5 | Asp GAT  6 11  9 12 11 14 | Gly GGT  6  4  4  5  3  3
    GTC  2  0  3  0  4  4 |     GCC  1  0  2  0  1  1 |     GAC 11  6  8  5  6  3 |     GGC  2  3  2  2  4  4
    GTA  1  4  3  4  2  2 |     GCA  3  7  6  8  4  5 | Glu GAA  9 17 16 15 18 20 |     GGA  2  3  3  3  3  4
    GTG  4  2  0  2  1  1 |     GCG  1  0  0  0  1  0 |     GAG 12  4  5  6  3  1 |     GGG  1  1  1  1  1  0
--------------------------------------------------------------------------------------------------------------

Codon position x base (3x4) table for each sequence.

#1: Danio rerio    
position  1:    T:0.08725    C:0.14765    A:0.31544    G:0.44966
position  2:    T:0.28188    C:0.18121    A:0.40940    G:0.12752
position  3:    T:0.21477    C:0.28859    A:0.21477    G:0.28188
Average         T:0.19463    C:0.20582    A:0.31320    G:0.28635

#2: Pan troglodytes
position  1:    T:0.10067    C:0.11409    A:0.33557    G:0.44966
position  2:    T:0.28188    C:0.18121    A:0.40940    G:0.12752
position  3:    T:0.32886    C:0.11409    A:0.36913    G:0.18792
Average         T:0.23714    C:0.13647    A:0.37136    G:0.25503

#3: Gallus gallus  
position  1:    T:0.10067    C:0.12081    A:0.33557    G:0.44295
position  2:    T:0.28188    C:0.18121    A:0.40940    G:0.12752
position  3:    T:0.26174    C:0.20805    A:0.32886    G:0.20134
Average         T:0.21477    C:0.17002    A:0.35794    G:0.25727

#4: Bos taurus     
position  1:    T:0.10067    C:0.12081    A:0.32886    G:0.44966
position  2:    T:0.28188    C:0.18121    A:0.40940    G:0.12752
position  3:    T:0.32886    C:0.10738    A:0.34228    G:0.22148
Average         T:0.23714    C:0.13647    A:0.36018    G:0.26622

#5: Canis lupus familiaris
position  1:    T:0.10067    C:0.12081    A:0.32886    G:0.44966
position  2:    T:0.28188    C:0.18121    A:0.40940    G:0.12752
position  3:    T:0.24161    C:0.23490    A:0.32215    G:0.20134
Average         T:0.20805    C:0.17897    A:0.35347    G:0.25951

#6: Homo sapiens   
position  1:    T:0.10067    C:0.12081    A:0.32886    G:0.44966
position  2:    T:0.28188    C:0.18121    A:0.40940    G:0.12752
position  3:    T:0.27517    C:0.20805    A:0.34899    G:0.16779
Average         T:0.21924    C:0.17002    A:0.36242    G:0.24832

Codon usage in genes
--------------------------------------------------------------
Phe TTT  0 28 | Ser TCT  0  2 | Tyr TAT  0  8 | Cys TGT  0  0
    TTC  0 20 |     TCC  0  4 |     TAC  0  4 |     TGC  0  0
Leu TTA  0 10 |     TCA  0  4 | *** TAA  0  0 | *** TGA  0  0
    TTG  0  6 |     TCG  0  2 |     TAG  0  0 | Trp TGG  0  0
--------------------------------------------------------------
Leu CTT  0  8 | Pro CCT  0  3 | His CAT  0  6 | Arg CGT  0  7
    CTC  1  3 |     CCC  0  4 |     CAC  0  1 |     CGC  0  6
    CTA  0 12 |     CCA  0  3 | Gln CAA  3 10 |     CGA  0  4
    CTG  5  9 |     CCG  0  2 |     CAG  3 20 |     CGG  0  1
--------------------------------------------------------------
Ile ATT  0 24 | Thr ACT  2 15 | Asn AAT  0 16 | Ser AGT  0 10
    ATC  0 21 |     ACC  4  8 |     AAC  0 20 |     AGC  0  3
    ATA  0  3 |     ACA  0 42 | Lys AAA  0 22 | Arg AGA  0 12
Met ATG  6 54 |     ACG  0  1 |     AAG  0 25 |     AGG  0  6
--------------------------------------------------------------
Val GTT  0  3 | Ala GCT  6 20 | Asp GAT  2 61 | Gly GGT  0 25
    GTC  0 13 |     GCC  0  5 |     GAC  4 35 |     GGC  0 17
    GTA  0 16 |     GCA  0 33 | Glu GAA  5 90 |     GGA  0 18
    GTG  0 10 |     GCG  0  2 |     GAG  1 30 |     GGG  0  5
--------------------------------------------------------------

Codon position x base (3x4) table for each gene.


Gene #1
position  1:    T:0.00000    C:0.28571    A:0.28571    G:0.42857
position  2:    T:0.28571    C:0.28571    A:0.42857    G:0.00000
position  3:    T:0.23810    C:0.21429    A:0.19048    G:0.35714
Average         T:0.17460    C:0.26190    A:0.30159    G:0.26190

Gene #2
position  1:    T:0.10329    C:0.11620    A:0.33099    G:0.44953
position  2:    T:0.28169    C:0.17606    A:0.40845    G:0.13380
position  3:    T:0.27700    C:0.19249    A:0.32746    G:0.20305
Average         T:0.22066    C:0.16158    A:0.35563    G:0.26213

Sums of codon usage counts
------------------------------------------------------------------------------
Phe F TTT      28 | Ser S TCT       2 | Tyr Y TAT       8 | Cys C TGT       0
      TTC      20 |       TCC       4 |       TAC       4 |       TGC       0
Leu L TTA      10 |       TCA       4 | *** * TAA       0 | *** * TGA       0
      TTG       6 |       TCG       2 |       TAG       0 | Trp W TGG       0
------------------------------------------------------------------------------
Leu L CTT       8 | Pro P CCT       3 | His H CAT       6 | Arg R CGT       7
      CTC       4 |       CCC       4 |       CAC       1 |       CGC       6
      CTA      12 |       CCA       3 | Gln Q CAA      13 |       CGA       4
      CTG      14 |       CCG       2 |       CAG      23 |       CGG       1
------------------------------------------------------------------------------
Ile I ATT      24 | Thr T ACT      17 | Asn N AAT      16 | Ser S AGT      10
      ATC      21 |       ACC      12 |       AAC      20 |       AGC       3
      ATA       3 |       ACA      42 | Lys K AAA      22 | Arg R AGA      12
Met M ATG      60 |       ACG       1 |       AAG      25 |       AGG       6
------------------------------------------------------------------------------
Val V GTT       3 | Ala A GCT      26 | Asp D GAT      63 | Gly G GGT      25
      GTC      13 |       GCC       5 |       GAC      39 |       GGC      17
      GTA      16 |       GCA      33 | Glu E GAA      95 |       GGA      18
      GTG      10 |       GCG       2 |       GAG      31 |       GGG       5
------------------------------------------------------------------------------

(Ambiguity data are not used in the counts.)


Codon position x base (3x4) table, overall

position  1:    T:0.09843    C:0.12416    A:0.32886    G:0.44855
position  2:    T:0.28188    C:0.18121    A:0.40940    G:0.12752
position  3:    T:0.27517    C:0.19351    A:0.32103    G:0.21029
Average         T:0.21849    C:0.16629    A:0.35309    G:0.26212


Nei & Gojobori 1986. dN/dS (dN, dS)
(Pairwise deletion)
(Note: This matrix is not used in later ML. analysis.
Use runmode = -2 for ML pairwise comparison.)

Danio rerio         
Pan troglodytes     -1.0000 (0.0085 -1.0000)
Gallus gallus       -1.0000 (0.0099 -1.0000) 0.0064 (0.0085 1.3227)
Bos taurus          -1.0000 (0.0142 -1.0000) 0.0429 (0.0056 0.1316) 0.0092 (0.0142 1.5469)
Canis lupus familiaris-1.0000 (0.0057 -1.0000) 0.0043 (0.0085 1.9832) 0.0044 (0.0028 0.6459) 0.0071 (0.0142 1.9908)
Homo sapiens        -1.0000 (0.0057 -1.0000) 0.0046 (0.0085 1.8407) 0.0047 (0.0028 0.5960) 0.0066 (0.0142 2.1594) 0.0000 (0.0000 0.2251)


TREE #  1:  ((((6, 2), (4, 5)), 3), 1);   MP score: -1
check convergence..
lnL(ntime:  5  np: 10):  -1234.289537      +0.000000
   7..8     8..9     9..10   10..6    10..2     9..11   11..4    11..5     8..3     7..1  
 2.101113 0.333960 0.333959 0.333959 0.333959 1.259985 16.726822 0.000100 1.165493 0.000925
SEs for parameters:
 1.320303 0.170971 0.170200 0.181980 0.176597 0.603050 19.038884 0.035316 0.187980 0.000575
Note: Branch length is defined for the first gene (site partition).
For other genes, look at "rates for genes".

tree length =   5.53806 (1st gene)

((((6: 0.333959, 2: 0.333959): 0.000000, (4: 0.333959, 5: 0.333959): 0.000000): 0.000000, 3: 0.333960): 1.767154, 1: 2.101113);

((((Homo sapiens: 0.333959, Pan troglodytes: 0.333959): 0.000000, (Bos taurus: 0.333959, Canis lupus familiaris: 0.333959): 0.000000): 0.000000, Gallus gallus: 0.333960): 1.767154, Danio rerio: 2.101113);

Detailed output identifying parameters

rates for 2 genes:     1  1.25998

gene # 1: kappa =  16.72682 omega =   0.00010
gene # 2: kappa =   1.16549 omega =   0.00092

Time used:  0:11
