
seed used = 1418832153
      8    693

Gallus gallus                              ATG GAA GCC ATC GCC AAA TAC GAC TTC AAA GCT ACA GCA GAT GAC GAG CTG AGC TTC AAA CGG GGG GAT ATA CTT AAG GTT TTG AAT GAA GAA TGT GAT CAG AAT TGG TAC AAG GCA GAA CTC AAT GGA AAA GGT GGT TTC ATT CCC AAG AAC TAT ATA GAA ATG AAA CCA CAT CCG TGG TTT TTT GGA AAG ATT CCC CGA GCA AAG GCT GAA GAG ATG TTA GGC AAA CAG AGA --- CAC GAT GGT GCC TTC CTT ATC AGG GAG AGT GAG AGT GCT CCT GGG GAC TTC TCC CTC TCA GTC AAG TTT GGA AAT GAT GTG CAG CAG TTC AAG GTG CTT AGA GAT GGG GCT GGC AAG TAT CTC CTC TGG GTG GTG AAG TTC AAT TCT TTG AAC GAG CTG GTA GAT TAT CAC AGA TCC ACA TCT GTC TCC AGG AAC CAG CAA ATA TTT CTA CGG GAT ATC GAA CAG GTG CCA CAG CAA CCA ACC TAT GTT CAG GCT CTG TTT GAT TTC GAT CCC CAG GAG GAA GGA GAG CTG GGT TTC CGC CGT GGA GAC TTT ATC CAA GTC CTT GAC AAT TCT GAC CCC AAC TGG TGG AAG GGA GCC TGC CAC GGA CAG ACG GGC ATG TTT CCA CGC AAC TAT GTG ACC CCA GTG AAC CGG AAC ATC --- --- --- --- --- --- --- --- --- --- --- --- --- 
Bos taurus                                 ATG GAA GCC ATC GCC AAA TAT GAC TTC AAA GCC ACC GCA GAC GAC GAG CTG AGC TTC AAA AGA GGG GAC ATC CTC AAG GTT TTG AAT GAG GAA TGT GAT CAG AAC TGG TAC AAG GCA GAG CTC AAT GGG AAA GAC GGC TTC ATC CCC AAG AAC TAC ATA GAA ATG AAA CCA CAT CCG TGG TTT TTT GGC AAA ATC CCC AGA GCC AAG GCA GAA GAA ATG CTC AGC AAA CAG CGG --- CAT GAC GGG GCC TTT CTT ATC CGA GAG AGC GAG AGT GCT CCT GGG GAT TTC TCC CTC TCC GTC AAG TTT GGA AAT GAT GTA CAG CAC TTC AAG GTG CTC CGA GAT GGG GCT GGA AAG TAT TTC CTC TGG GTG GTC AAG TTC AAC TCT TTG AAT GAG CTG GTA GAT TAT CAC AGA TCT ACA TCC GTC TCC AGA AAC CAG CAG ATA TTT CTC CGG GAC ATA GAG CAG GTG CCA CAG CAG CCA ACA TAC GTC CAA GCC CTC TTT GAC TTT GAC CCC CAA GAG GAT GGA GAG CTG GGA TTC CGT CGG GGA GAC TTT ATC CAC GTC ATG GAT AAC TCA GAC CCC AAC TGG TGG AAA GGG GCT TGC CAC GGG CAG ACC GGC ATG TTC CCA CGC AAT TAC GTC ACC CCC GTG AAC CGG AAC GTC --- --- --- --- --- --- --- --- --- --- --- --- --- 
Rattus norvegicus                          ATG GAA GCC ATC GCC AAA TAT GAC TTC AAA GCT ACT GCT GAC GAT GAG CTG AGC TTC AAG AGG GGG GAC ATC CTT AAG GTT TTG AAT GAA GAG TGT GAT CAG AAC TGG TAT AAG GCA GAA CTC AAT GGG AAA GAT GGC TTC ATC CCC AAG AAT TAC ATA GAA ATG AAA CCA CAT CCG TGG TTT TTT GGC AAA ATC CCC AGA GCA AAG GCA GAA GAA ATG CTT AGC AAA CAG CGG --- CAT GAC GGG GCC TTC CTG ATC CGA GAG AGC GAG AGC GCT CCT GGG GAT TTC TCC CTG TCA GTC AAG TTT GGA AAT GAT GTA CAG CAC TTC AAG GTG CTT CGT GAC GGA GCC GGG AAG TAC TTC CTG TGG GTG GTG AAG TTT AAT TCT TTG AAT GAG CTG GTA GAT TAC CAC AGA TCA ACA TCC GTG TCC AGG AAC CAG CAG ATA TTC CTC CGG GAC ATA GAA CAG GTG CCA CAG CAG CCA ACG TAC GTC CAG GCA CTC TTT GAC TTT GAC CCC CAG GAG GAT GGT GAG CTG GGC TTT CGC CGA GGA GAC TTC ATT CAT GTC ATG GAT AAC TCA GAT CCC AAT TGG TGG AAA GGG GCC TGC CAT GGG CAG ACC GGC ATG TTT CCC CGC AAT TAT GTC ACC CCA GTG AAC CGG AAC GTC --- --- --- --- --- --- --- --- --- --- --- --- --- 
Danio rerio                                ATG GAG GCC ATT GCC AAG TAT GAT TTC AAA GCA ACT GCA GAT GAT GAG CTG AGT TTT AAA CGT GGG GAA ATA TTG AAG GTA TTA AAT GAA GAG TGC GAT CAG AAC TGG TAT AAG GCA GAA CTA AAC GGC AAA GAC GGT TTC ATT CCT AAA AAC TAC ATT GAG ATG AAG GCA CAT CCG TGG TTT TTC GGG AGA ATC CCC AGA GCC CGA GCG GAG GAG ATC CTG AAC AAA CAG AGG --- CAT GAC GGA GCT TTT CTC ATC AGA GAG AGC GAG AGC GCG CCT GGA GAC TTC TCA CTG TCT GTC AAG TTT GGT AAT GAT GTT CAG CAC TTC AAA GTG CTT CGT GAC GGT GCT GGA AAG TAC TTC CTC TGG GTG GTG AAG TTT AAC TCT CTG AAT GAG CTG GTG GAT TAT CAC CGC ACC ACT TCT GTT TCC AGA AAC CAG CAG ATC TTT CTC CGA GAC ATC GAG CAG GTG CCT CAG CAT CCG ACG TAC GTG CAG GCG CTG TTT GAC TTC GAC CCT CAG GAG GAC GGC GAG CTG GGC TTC AGA CGC GGA GAC TTC ATT CAG GTC CTG GAC AAC TCG GAC CCC AAC TGG TGG AAG GGT GCC TGC CAT GGC CAG ACG GGC ATG TTC CCT CGC AAC TAT GTC ACG CCC GTC AAC CGG AAC ATG --- --- --- --- --- --- --- --- --- --- --- --- --- 
Mus musculus                               ATG GAA GCC ATC GCC AAA TAT GAC TTC AAA GCT ACT GCT GAC GAT GAG CTG AGC TTC AAA AGG GGG GAC ATC CTT AAG GTT TTG AAT GAA GAA TGT GAC CAG AAC TGG TAT AAG GCA GAA CTC AAT GGG AAA GAT GGC TTC ATC CCC AAG AAT TAC ATA GAA ATG AAA CCA CAT CCG TGG TTT TTT GGC AAA ATC CCC AGA GCC AAG GCA GAA GAA ATG CTC AGC AAA CAG CGG --- CAT GAC GGG GCC TTC CTG ATC CGA GAG AGC GAG AGC GCT CCT GGG GAC TTC TCC CTG TCC GTC AAG TTT GGA AAT GAT GTG CAG CAC TTC AAG GTG CTC CGC GAC GGA GCC GGG AAG TAT TTC CTG TGG GTG GTG AAG TTT AAT TCT TTG AAT GAG CTG GTA GAT TAC CAC AGA TCA ACA TCC GTG TCC AGG AAC CAG CAG ATA TTC TTA CGG GAC ATA GAA CAG ATG CCA CAG CAG CCA ACC TAC GTC CAG GCG CTC TTT GAC TTT GAC CCC CAG GAG GAT GGC GAG CTG GGC TTT CGC AGA GGA GAC TTC ATT CAT GTC ATG GAT AAC TCA GAT CCC AAT TGG TGG AAA GGG GCC TGC CAC GGG CAG ACC GGC ATG TTT CCC CGC AAT TAT GTC ACC CCA GTG AAC CGG AAC GTC --- --- --- --- --- --- --- --- --- --- --- --- --- 
Pan troglodytes                            ATG GAA GCC ATC GCC AAA TAT GAC TTC AAA GCT ACT GCA GAC GAC GAG CTG AGC TTC AAA AGG GGG GAC ATC CTC AAG GTT TTG AAC GAA GAA TGT GAT CAG AAC TGG TAC AAG GCA GAG CTT AAT GGA AAA GAC GGC TTC ATT CCC AAG AAC TAC ATA GAA ATG AAA CCA CAT CCG TGG TTT TTT GGC AAA ATC CCC AGA GCC AAG GCA GAA GAA ATG CTT AGC AAA CAG CGG --- CAC GAT GGG GCC TTT CTT ATC CGA GAG AGT GAG AGC GCT CCT GGG GAC TTC TCC CTC TCT GTC AAG TTT GGA AAC GAT GTG CAG CAC TTC AAG GTG CTC CGA GAT GGA GCC GGG AAG TAC TTC CTC TGG GTG GTG AAG TTC AAT TCT TTG AAT GAG CTG GTG GAT TAT CAC AGA TCT ACA TCT GTC TCC AGA AAC CAG CAG ATA TTC CTG CGG GAC ATA GAA CAG GTG CCA CAG CAG CCG ACA TAC GTC CAG GCC CTC TTT GAC TTT GAT CCC CAG GAG GAT GGA GAG CTG GGC TTC CGC CGG GGA GAT TTT ATC CAT GTC ATG GAT AAC TCA GAC CCC AAC TGG TGG AAA GGA GCT TGC CAC GGG CAG ACC GGC ATG TTT CCC CGC AAT TAT GTC ACC CCC GTG AAC CGG AAC GTC --- --- --- --- --- --- --- --- --- --- --- --- --- 
Homo sapiens                               ATG GAA GCC ATC GCC AAA TAT GAC TTC AAA GCT ACT GCA GAC GAC GAG CTG AGC TTC AAA AGG GGG GAC ATC CTC AAG GTT TTG AAC GAA GAA TGT GAT CAG AAC TGG TAC AAG GCA GAG CTT AAT GGA AAA GAC GGC TTC ATT CCC AAG AAC TAC ATA GAA ATG AAA CCA CAT CCG TGG TTT TTT GGC AAA ATC CCC AGA GCC AAG GCA GAA GAA ATG CTT AGC AAA CAG CGG --- CAC GAT GGG GCC TTT CTT ATC CGA GAG AGT GAG AGC GCT CCT GGG GAC TTC TCC CTC TCT GTC AAG TTT GGA AAC GAT GTG CAG CAC TTC AAG GTG CTC CGA GAT GGA GCC GGG AAG TAC TTC CTC TGG GTG GTG AAG TTC AAT TCT TTG AAT GAG CTG GTG GAT TAT CAC AGA TCT ACA TCT GTC TCC AGA AAC CAG CAG ATA TTC CTG CGG GAC ATA GAA CAG GTG CCA CAG CAG CCG ACA TAC GTC CAG GCC CTC TTT GAC TTT GAT CCC CAG GAG GAT GGA GAG CTG GGC TTC CGC CGG GGA GAT TTT ATC CAT GTC ATG GAT AAC TCA GAC CCC AAC TGG TGG AAA GGA GCT TGC CAC GGG CAG ACC GGC ATG TTT CCC CGC AAT TAT GTC ACC CCC GTG AAC CGG AAC GTC --- --- --- --- --- --- --- --- --- --- --- --- --- 
Canis lupus familiaris                     ATG GAA GCC ATC GCC AAA TAT GAC TTC AAA GCT ACT GCT GAC GAT GAG CTG AGC TTC AAG AGG GGG GAC ATC CTC AAG GTT TTG AAT GAA GAA TGT GAT CAG AAC TGG TAC AAG GCA GAG CTC AAC GGG AAA GAT GGC TTC ATT CCC AAG AAT TAC ATA GAA ATG AAA CCA CAT CCG TGG TTT TTT GGC AAA ATC CCC AGA GCC AAG GCA GAA GAA ATG CTT AGC AAA CAG CGG --- CAT GAC GGG GCC TTT CTC ATC CGA GAG AGT GAG AGT GCC CCC GGG GAC TTC TCC CTC TCT GTC AAG TTT GGA AAT GAT GTG CAG CAC TTC AAG GTG CTC CGA GAT GGA GCC GGG AAG TAT TTC CTC TGG GTG GTG AAA TTC AAT TCT CTG AAC GAG CTG GTC GAT TAT CAC AGA TCT ACA TCT GTC TCC AGA AAC CAG CAG ATA TTC CTC CGG GAC ATA GAA CAG GTG CCA CAG CAA CCG ACG TAC GTC CAG GCC CTC TTT GAC TTT GAT CCC CAG GAG GAT GGA GAG CTG GGA TTC CGT CGG GGA GAC TTT ATC CAC GTC ATG GAT AAC TCA GAC CCC AAC TGG TGG AAA GGG GCC TGC CAT GGG CAA ACC GGC ATG TTT CCC CGC AAT TAC GTC ACC CCT GTG AAC CGG AAC GTC --- --- --- --- --- --- --- --- --- --- --- --- --- 



Printing out site pattern counts


         8        519  P

Gallus gallus                               --- AAA AAA AAA AAC AAC AAC AAC AAC AAG AAG AAG AAG AAG AAG AAT AAT AAT AAT ACA ACA ACC ACC ACG AGA AGA AGA AGC AGG AGG AGT AGT ATA ATA ATA ATC ATC ATC ATC ATC ATG ATG ATT ATT CAA CAA CAA CAC CAC CAC CAG CAG CAG CAG CAT CCA CCA CCA CCA CCA CCC CCC CCG CCT CGA CGC CGC CGG CGG CGG CGT CTA CTC CTC CTC CTC CTG CTG CTT CTT CTT CTT GAA GAA GAA GAA GAA GAA GAC GAC GAC GAC GAC GAC GAG GAG GAT GAT GAT GAT GAT GAT GAT GAT GCA GCA GCA GCC GCC GCC GCT GCT GCT GCT GCT GGA GGA GGA GGA GGA GGA GGA GGC GGC GGC GGG GGG GGG GGT GGT GGT GGT GTA GTC GTC GTG GTG GTG GTG GTG GTG GTT GTT TAC TAC TAT TAT TAT TAT TCA TCC TCC TCC TCT TCT TCT TGC TGG TGT TTA TTC TTC TTC TTC TTC TTC TTG TTG TTT TTT TTT TTT TTT
Bos taurus                                  --- AAA AAA AAA AAC AAC AAC AAT AAT AAA AAA AAG AAG AAG AAG AAC AAC AAT AAT ACA ACC ACA ACC ACC AGA CGA CGG AGC AGA CGA AGC AGT ATA ATA ATC ATA ATC ATC ATC GTC ATG ATG ATC ATC CAC CAG CAG CAC CAC CAT CAA CAC CAG CAG CAT CCA CCA CCA CCA CCC CCC CCC CCG CCT AGA CGC CGT AGA CGG CGG CGG CTC CTC CTC CTC TTC CTC CTG ATG CTC CTC CTT GAA GAA GAG GAG GAG GAT GAC GAC GAC GAC GAT GAT GAA GAG GAC GAC GAC GAC GAC GAT GAT GAT GCA GCA GCC GCC GCC GCT GCA GCC GCC GCT GCT GGA GGA GGA GGC GGG GGG GGG AGC GGA GGC GGG GGG GGG GAC GGA GGC GGG GTA GTC GTC GTA GTC GTC GTG GTG GTG GTC GTT TAC TAT TAC TAC TAT TAT TCC TCC TCC TCT TCA TCC TCT TGC TGG TGT CTC TTC TTC TTC TTC TTT TTT TTG TTG TTC TTT TTT TTT TTT
Rattus norvegicus                           --- AAA AAA AAG AAC AAT AAT AAT AAT AAA AAA AAG AAG AAG AAG AAC AAT AAT AAT ACA ACT ACG ACC ACC AGA CGT CGG AGC AGG CGA AGC AGC ATA ATA ATC ATA ATC ATC ATT GTC ATG ATG ATC ATC CAT CAG CAG CAC CAT CAT CAG CAC CAG CAG CAT CCA CCA CCA CCC CCA CCC CCC CCG CCT AGA CGC CGC AGG CGG CGG CGA CTC CTC CTG CTG TTC CTC CTG ATG CTT CTT CTG GAA GAG GAA GAA GAA GAT GAC GAC GAT GAT GAT GAT GAA GAG GAC GAC GAC GAC GAC GAC GAT GAT GCA GCT GCA GCC GCC GCC GCA GCA GCT GCC GCT GGA GGA GGT GGC GGG GGG GGG AGC GGG GGC GGA GGG GGG GAT GGC GGC GGG GTA GTC GTG GTA GTC GTG GTG GTG GTG GTC GTT TAT TAT TAC TAT TAC TAC TCA TCC TCC TCA TCA TCC TCT TGC TGG TGT CTT TTC TTC TTT TTT TTC TTT TTG TTG TTT TTC TTC TTT TTT
Danio rerio                                 --- AAA AAG AAA AAC AAC AAC AAC AAT AAG AGA AAA AAG AAG CGA AAC AAC AAC AAT ACT ACT ACG ACG ACG CGC CGT AGG AGT AGA AGA AGC AGC ATC ATT ATA ATC ATC ATT ATT ATG ATC ATG ATC ATT CAG CAG CAT CAC CAT CAT CAG CAC CAG CAG CAT CCG CCT GCA CCT CCC CCC CCT CCG CCT AGA CGC AGA CGT CGA CGG CGC CTC CTA CTC CTG TTC CTG CTG CTG CTT TTG CTC GAG GAG GAA GAA GAG GAC GAC GAT GAC GAT GAC GAC GAG GAG GAA GAC GAC GAC GAT GAC GAT GAT GCA GCA GCC GCC GCT GCC GCG GCG GCA GCT GCG GGA GGT GGC GGG GGC GGC GGT AAC GGA GGC GGT GGA GGG GAC GGC GGT GGA GTG GTC GTT GTT GTC GTG GTC GTG GTG GTG GTA TAT TAT TAC TAT TAC TAT TCT TCA TCC ACC TCG TCT TCT TGC TGG TGC CTG TTC TTT TTC TTT TTT TTC CTG TTA TTC TTC TTT TTC TTT
Mus musculus                                --- AAA AAA AAA AAC AAT AAT AAT AAT AAA AAA AAG AAG AAG AAG AAC AAT AAT AAT ACA ACT ACC ACC ACC AGA CGC CGG AGC AGG CGA AGC AGC ATA ATA ATC ATA ATC ATC ATT GTC ATG ATG ATC ATC CAT CAG CAG CAC CAC CAT CAG CAC CAG CAG CAT CCA CCA CCA CCC CCA CCC CCC CCG CCT AGA CGC CGC AGG CGG CGG AGA TTA CTC CTG CTG TTC CTC CTG ATG CTC CTT CTG GAA GAA GAA GAA GAA GAT GAC GAC GAT GAT GAC GAT GAA GAG GAC GAC GAC GAC GAC GAC GAC GAT GCA GCT GCC GCC GCC GCC GCA GCG GCT GCC GCT GGA GGA GGC GGC GGG GGG GGG AGC GGG GGC GGA GGG GGG GAT GGC GGC GGG GTA GTC GTG GTG GTC GTG GTG ATG GTG GTC GTT TAT TAT TAC TAT TAT TAC TCC TCC TCC TCA TCA TCC TCT TGC TGG TGT CTC TTC TTC TTT TTT TTC TTT TTG TTG TTT TTC TTC TTT TTT
Pan troglodytes                             --- AAA AAA AAA AAC AAC AAC AAT AAT AAA AAA AAG AAG AAG AAG AAC AAT AAT AAC ACA ACT ACA ACC ACC AGA CGA CGG AGC AGA CGA AGT AGC ATA ATA ATC ATA ATC ATC ATC GTC ATG ATG ATC ATT CAT CAG CAG CAC CAC CAC CAG CAC CAG CAG CAT CCG CCA CCA CCC CCC CCC CCC CCG CCT AGA CGC CGC AGG CGG CGG CGG CTG CTT CTC CTC TTC CTC CTG ATG CTC CTC CTT GAA GAA GAA GAG GAA GAT GAT GAC GAC GAC GAC GAT GAA GAG GAC GAC GAT GAT GAC GAT GAT GAT GCA GCA GCC GCC GCC GCT GCA GCC GCT GCC GCT GGA GGA GGA GGC GGA GGG GGA AGC GGG GGC GGA GGG GGG GAC GGC GGC GGG GTG GTC GTC GTG GTC GTG GTG GTG GTG GTC GTT TAC TAT TAC TAT TAC TAT TCT TCC TCC TCT TCA TCT TCT TGC TGG TGT CTT TTC TTC TTC TTC TTT TTT TTG TTG TTT TTT TTC TTT TTT
Homo sapiens                                --- AAA AAA AAA AAC AAC AAC AAT AAT AAA AAA AAG AAG AAG AAG AAC AAT AAT AAC ACA ACT ACA ACC ACC AGA CGA CGG AGC AGA CGA AGT AGC ATA ATA ATC ATA ATC ATC ATC GTC ATG ATG ATC ATT CAT CAG CAG CAC CAC CAC CAG CAC CAG CAG CAT CCG CCA CCA CCC CCC CCC CCC CCG CCT AGA CGC CGC AGG CGG CGG CGG CTG CTT CTC CTC TTC CTC CTG ATG CTC CTC CTT GAA GAA GAA GAG GAA GAT GAT GAC GAC GAC GAC GAT GAA GAG GAC GAC GAT GAT GAC GAT GAT GAT GCA GCA GCC GCC GCC GCT GCA GCC GCT GCC GCT GGA GGA GGA GGC GGA GGG GGA AGC GGG GGC GGA GGG GGG GAC GGC GGC GGG GTG GTC GTC GTG GTC GTG GTG GTG GTG GTC GTT TAC TAT TAC TAT TAC TAT TCT TCC TCC TCT TCA TCT TCT TGC TGG TGT CTT TTC TTC TTC TTC TTT TTT TTG TTG TTT TTT TTC TTT TTT
Canis lupus familiaris                      --- AAA AAA AAG AAC AAC AAT AAT AAC AAA AAA AAG AAA AAG AAG AAC AAT AAC AAT ACA ACT ACG ACC ACC AGA CGA CGG AGC AGA CGA AGT AGT ATA ATA ATC ATA ATC ATC ATC GTC ATG ATG ATC ATT CAC CAG CAA CAC CAT CAT CAG CAC CAA CAG CAT CCG CCA CCA CCC CCT CCC CCC CCG CCC AGA CGC CGT AGG CGG CGG CGG CTC CTC CTC CTC TTC CTC CTG ATG CTC CTC CTC GAA GAA GAA GAG GAA GAT GAC GAC GAC GAT GAC GAT GAA GAG GAC GAC GAC GAT GAC GAT GAT GAT GCA GCT GCC GCC GCC GCC GCA GCC GCT GCC GCC GGA GGA GGA GGC GGG GGG GGG AGC GGG GGC GGA GGG GGG GAT GGA GGC GGG GTC GTC GTC GTG GTC GTG GTG GTG GTG GTC GTT TAC TAT TAC TAC TAT TAT TCT TCC TCC TCT TCA TCT TCT TGC TGG TGT CTT TTC TTC TTC TTC TTT TTT CTG TTG TTT TTT TTC TTT TTT



   14    3    2    1    3    1    1    1    1    1    1    2    1    4    1
    2    1    1    2    1    1    1    1    1    1    1    1    1    1    1
    1    1    1    1    1    1    1    1    1    1    1    3    1    1    1
    1    1    1    1    1    2    1    1    6    1    1    1    1    1    1
    2    2    1    1    1    1    1    1    1    1    1    1    1    1    1
    1    1    3    1    1    1    1    3    1    1    1    1    1    1    1
    1    1    1    1    1    6    1    2    1    1    1    1    1    2    1
    1    1    2    1    1    1    1    1    1    1    1    1    1    1    1
    1    1    1    1    1    1    1    1    1    1    1    1    1    2    1
    1    1    1    1    1    2    1    1    1    1    2    1    1    1    1
    1    1    1    1    1    1    1    5    1    1    4    1    1    1    1
    1    1    1    1    1    1    1    3

CODONML (in paml version 4.4b, July 2010)  torun.nuc
Model: One dN/dS ratio for branches Global clock 
Codon frequency model: F3x4
ns =   8  ls = 231

Codon usage in sequences
--------------------------------------------------------------------------------------------------------------
Phe TTT  7  8  8  7  8  8 | Ser TCT  3  2  1  3  1  4 | Tyr TAT  5  3  3  4  4  3 | Cys TGT  1  1  1  0  1  1
    TTC  9  9  9 10  9  9 |     TCC  3  4  3  1  4  2 |     TAC  2  4  4  3  3  4 |     TGC  1  1  1  2  1  1
Leu TTA  1  0  0  1  1  0 |     TCA  1  1  3  1  2  1 | *** TAA  0  0  0  0  0  0 | *** TGA  0  0  0  0  0  0
    TTG  2  2  2  1  2  2 |     TCG  0  0  0  1  0  0 |     TAG  0  0  0  0  0  0 | Trp TGG  5  5  5  5  5  5
--------------------------------------------------------------------------------------------------------------
Leu CTT  4  1  3  1  1  3 | Pro CCT  1  1  1  5  1  1 | His CAT  1  2  4  4  3  2 | Arg CGT  1  1  1  2  0  0
    CTC  4  8  3  3  4  5 |     CCC  4  5  5  3  5  6 |     CAC  3  4  2  2  3  4 |     CGC  2  1  2  3  3  2
    CTA  1  0  0  1  0  0 |     CCA  5  4  4  0  4  2 | Gln CAA  3  2  0  0  0  0 |     CGA  1  2  2  2  1  2
    CTG  4  3  6  8  6  4 |     CCG  1  1  1  2  1  2 |     CAG 10  9 11 11 11 11 |     CGG  3  4  3  1  3  4
--------------------------------------------------------------------------------------------------------------
Ile ATT  2  0  1  4  1  1 | Thr ACT  0  0  1  2  1  1 | Asn AAT  6  5  8  3  8  4 | Ser AGT  2  1  0  1  0  1
    ATC  5  6  5  5  5  5 |     ACC  2  3  2  1  3  2 |     AAC  7  8  5 11  5  9 |     AGC  1  3  4  2  4  3
    ATA  3  3  3  1  3  3 |     ACA  2  2  1  0  1  2 | Lys AAA  6  8  7  6  8  8 | Arg AGA  3  4  2  5  3  3
Met ATG  4  5  5  4  6  5 |     ACG  1  0  1  3  0  0 |     AAG 10  8  9  8  8  8 |     AGG  2  0  2  1  2  1
--------------------------------------------------------------------------------------------------------------
Val GTT  2  1  1  2  1  1 | Ala GCT  5  3  3  2  3  3 | Asp GAT 10  7  9  6  7  9 | Gly GGT  4  0  1  4  0  0
    GTC  3  7  5  4  5  6 |     GCC  4  6  5  4  6  6 |     GAC  6 11  9 11 11  9 |     GGC  3  3  4  5  5  4
    GTA  1  2  2  1  1  0 |     GCA  3  3  4  4  2  3 | Glu GAA  8  5  7  3  8  7 |     GGA  7  5  3  4  3  6
    GTG  7  4  6  6  6  7 |     GCG  0  0  0  3  1  0 |     GAG  7  9  7 12  6  7 |     GGG  3  7  7  2  7  5
--------------------------------------------------------------------------------------------------------------

--------------------------------------------------------------
Phe TTT  8  8 | Ser TCT  4  4 | Tyr TAT  3  3 | Cys TGT  1  1
    TTC  9  9 |     TCC  2  2 |     TAC  4  4 |     TGC  1  1
Leu TTA  0  0 |     TCA  1  1 | *** TAA  0  0 | *** TGA  0  0
    TTG  2  1 |     TCG  0  0 |     TAG  0  0 | Trp TGG  5  5
--------------------------------------------------------------
Leu CTT  3  1 | Pro CCT  1  1 | His CAT  2  3 | Arg CGT  0  1
    CTC  5  8 |     CCC  6  6 |     CAC  4  3 |     CGC  2  1
    CTA  0  0 |     CCA  2  2 | Gln CAA  0  2 |     CGA  2  2
    CTG  4  4 |     CCG  2  2 |     CAG 11  9 |     CGG  4  4
--------------------------------------------------------------
Ile ATT  1  1 | Thr ACT  1  1 | Asn AAT  4  5 | Ser AGT  1  2
    ATC  5  5 |     ACC  2  2 |     AAC  9  8 |     AGC  3  2
    ATA  3  3 |     ACA  2  1 | Lys AAA  8  8 | Arg AGA  3  3
Met ATG  5  5 |     ACG  0  1 |     AAG  8  8 |     AGG  1  1
--------------------------------------------------------------
Val GTT  1  1 | Ala GCT  3  2 | Asp GAT  9  9 | Gly GGT  0  0
    GTC  6  7 |     GCC  6  8 |     GAC  9  9 |     GGC  4  3
    GTA  0  0 |     GCA  3  2 | Glu GAA  7  7 |     GGA  6  5
    GTG  7  6 |     GCG  0  0 |     GAG  7  7 |     GGG  5  7
--------------------------------------------------------------

Codon position x base (3x4) table for each sequence.

#1: Gallus gallus  
position  1:    T:0.18433    C:0.22120    A:0.25806    G:0.33641
position  2:    T:0.27189    C:0.16129    A:0.38710    G:0.17972
position  3:    T:0.24885    C:0.27189    A:0.20737    G:0.27189
Average         T:0.23502    C:0.21813    A:0.28418    G:0.26267

#2: Bos taurus     
position  1:    T:0.18433    C:0.22120    A:0.25806    G:0.33641
position  2:    T:0.27189    C:0.16129    A:0.39171    G:0.17512
position  3:    T:0.16590    C:0.38249    A:0.18894    G:0.26267
Average         T:0.20737    C:0.25499    A:0.27957    G:0.25806

#3: Rattus norvegicus
position  1:    T:0.18433    C:0.22120    A:0.25806    G:0.33641
position  2:    T:0.27189    C:0.16129    A:0.39171    G:0.17512
position  3:    T:0.21198    C:0.31336    A:0.17512    G:0.29954
Average         T:0.22273    C:0.23195    A:0.27496    G:0.27035

#4: Danio rerio    
position  1:    T:0.17972    C:0.22120    A:0.26267    G:0.33641
position  2:    T:0.27189    C:0.16129    A:0.38710    G:0.17972
position  3:    T:0.23041    C:0.32258    A:0.13364    G:0.31336
Average         T:0.22734    C:0.23502    A:0.26114    G:0.27650

#5: Mus musculus   
position  1:    T:0.18894    C:0.21198    A:0.26728    G:0.33180
position  2:    T:0.27189    C:0.16129    A:0.39171    G:0.17512
position  3:    T:0.18433    C:0.35023    A:0.17051    G:0.29493
Average         T:0.21505    C:0.24117    A:0.27650    G:0.26728

#6: Pan troglodytes
position  1:    T:0.18433    C:0.22120    A:0.25806    G:0.33641
position  2:    T:0.27189    C:0.16129    A:0.39171    G:0.17512
position  3:    T:0.19355    C:0.35484    A:0.17051    G:0.28111
Average         T:0.21659    C:0.24578    A:0.27343    G:0.26421

#7: Homo sapiens   
position  1:    T:0.18433    C:0.22120    A:0.25806    G:0.33641
position  2:    T:0.27189    C:0.16129    A:0.39171    G:0.17512
position  3:    T:0.19355    C:0.35484    A:0.17051    G:0.28111
Average         T:0.21659    C:0.24578    A:0.27343    G:0.26421

#8: Canis lupus familiaris
position  1:    T:0.17972    C:0.22581    A:0.25806    G:0.33641
position  2:    T:0.27189    C:0.16129    A:0.39171    G:0.17512
position  3:    T:0.19816    C:0.35945    A:0.16590    G:0.27650
Average         T:0.21659    C:0.24885    A:0.27189    G:0.26267

Sums of codon usage counts
------------------------------------------------------------------------------
Phe F TTT      62 | Ser S TCT      22 | Tyr Y TAT      28 | Cys C TGT       7
      TTC      73 |       TCC      21 |       TAC      28 |       TGC       9
Leu L TTA       3 |       TCA      11 | *** * TAA       0 | *** * TGA       0
      TTG      14 |       TCG       1 |       TAG       0 | Trp W TGG      40
------------------------------------------------------------------------------
Leu L CTT      17 | Pro P CCT      12 | His H CAT      21 | Arg R CGT       6
      CTC      40 |       CCC      40 |       CAC      25 |       CGC      16
      CTA       2 |       CCA      23 | Gln Q CAA       7 |       CGA      14
      CTG      39 |       CCG      12 |       CAG      83 |       CGG      26
------------------------------------------------------------------------------
Ile I ATT      11 | Thr T ACT       7 | Asn N AAT      43 | Ser S AGT       8
      ATC      41 |       ACC      17 |       AAC      62 |       AGC      22
      ATA      22 |       ACA      11 | Lys K AAA      59 | Arg R AGA      26
Met M ATG      39 |       ACG       6 |       AAG      67 |       AGG      10
------------------------------------------------------------------------------
Val V GTT      10 | Ala A GCT      24 | Asp D GAT      66 | Gly G GGT       9
      GTC      43 |       GCC      45 |       GAC      75 |       GGC      31
      GTA       7 |       GCA      24 | Glu E GAA      52 |       GGA      39
      GTG      49 |       GCG       4 |       GAG      62 |       GGG      43
------------------------------------------------------------------------------

(Ambiguity data are not used in the counts.)


Codon position x base (3x4) table, overall

position  1:    T:0.18376    C:0.22062    A:0.25979    G:0.33583
position  2:    T:0.27189    C:0.16129    A:0.39055    G:0.17627
position  3:    T:0.20334    C:0.33871    A:0.17281    G:0.28514
Average         T:0.21966    C:0.24021    A:0.27439    G:0.26575

Codon frequencies under model, for use in evolver (TTT TTC TTA TTG ... GGG):
  0.01056555  0.01759927  0.00897922  0.01481571
  0.00626770  0.01044025  0.00532666  0.00878898
  0.01517679  0.02528031  0.00000000  0.00000000
  0.00684970  0.01140970  0.00000000  0.00960510
  0.01268528  0.02113016  0.01078069  0.01778815
  0.00752517  0.01253484  0.00639533  0.01055229
  0.01822166  0.03035222  0.01548583  0.02555162
  0.00822393  0.01369879  0.00698918  0.01153215
  0.01493750  0.02488173  0.01269476  0.02094635
  0.00886123  0.01476035  0.00753079  0.01242580
  0.02145683  0.03574113  0.01823527  0.03008820
  0.00968406  0.01613095  0.00823008  0.01357963
  0.01930945  0.03216419  0.01641030  0.02707700
  0.01145476  0.01908045  0.00973492  0.01606262
  0.02773688  0.04620195  0.02357242  0.03889450
  0.01251842  0.02085221  0.01063888  0.01755415



Nei & Gojobori 1986. dN/dS (dN, dS)
(Pairwise deletion)
(Note: This matrix is not used in later ML. analysis.
Use runmode = -2 for ML pairwise comparison.)

Gallus gallus       
Bos taurus           0.0182 (0.0188 1.0317)
Rattus norvegicus    0.0177 (0.0209 1.1810) 0.0000 (0.0000 0.5924)
Danio rerio          0.0092 (0.0372 4.0357) 0.0141 (0.0320 2.2744) 0.0176 (0.0320 1.8183)
Mus musculus         0.0225 (0.0248 1.1028) 0.0071 (0.0039 0.5524) 0.0292 (0.0039 0.1341) 0.0173 (0.0381 2.2030)
Pan troglodytes      0.0232 (0.0188 0.8109) 0.0000 (0.0000 0.3630) 0.0000 (0.0000 0.5162) 0.0151 (0.0320 2.1242) 0.0040 (0.0020 0.4934)
Homo sapiens         0.0232 (0.0188 0.8109) 0.0000 (0.0000 0.3630) 0.0000 (0.0000 0.5162) 0.0151 (0.0320 2.1242) 0.0040 (0.0020 0.4934)-1.0000 (0.0000 0.0000)
Canis lupus familiaris 0.0188 (0.0188 0.9998) 0.0000 (0.0000 0.3985) 0.0000 (0.0000 0.4740) 0.0142 (0.0320 2.2462) 0.0079 (0.0039 0.4929) 0.0000 (0.0000 0.2953) 0.0000 (0.0000 0.2953)


TREE #  1:  (((((7, 6), (5, 3)), (2, 8)), 1), 4);   MP score: -1
check convergence..
lnL(ntime:  7  np:  9):  -1806.535029      +0.000000
   9..10   10..11   11..12   12..13   13..7    13..6    12..14   14..5    14..3    11..15   15..2    15..8    10..1     9..4  
 0.814561 0.365464 0.157135 0.157135 0.000000 0.041352 0.132029 2.139452 0.011129
SEs for parameters:
 0.115176 0.041536 0.019517 0.023931 0.046099 0.009579 0.022035 0.361338 0.002745

tree length =   2.48224

(((((7: 0.000000, 6: 0.000000): 0.157134, (5: 0.041352, 3: 0.041352): 0.115782): 0.000000, (2: 0.132029, 8: 0.132029): 0.025105): 0.208329, 1: 0.365464): 0.449097, 4: 0.814561);

(((((Homo sapiens: 0.000000, Pan troglodytes: 0.000000): 0.157134, (Mus musculus: 0.041352, Rattus norvegicus: 0.041352): 0.115782): 0.000000, (Bos taurus: 0.132029, Canis lupus familiaris: 0.132029): 0.025105): 0.208329, Gallus gallus: 0.365464): 0.449097, Danio rerio: 0.814561);

Detailed output identifying parameters

kappa (ts/tv) =  2.13945

omega (dN/dS) =  0.01113

dN & dS for each branch

 branch          t       N       S   dN/dS      dN      dS  N*dN  S*dS

   9..10     0.449   526.3   166.7  0.0111  0.0067  0.6012   3.5 100.2
  10..11     0.208   526.3   166.7  0.0111  0.0031  0.2789   1.6  46.5
  11..12     0.000   526.3   166.7  0.0111  0.0000  0.0000   0.0   0.0
  12..13     0.157   526.3   166.7  0.0111  0.0023  0.2104   1.2  35.1
  13..7      0.000   526.3   166.7  0.0111  0.0000  0.0000   0.0   0.0
  13..6      0.000   526.3   166.7  0.0111  0.0000  0.0000   0.0   0.0
  12..14     0.116   526.3   166.7  0.0111  0.0017  0.1550   0.9  25.8
  14..5      0.041   526.3   166.7  0.0111  0.0006  0.0554   0.3   9.2
  14..3      0.041   526.3   166.7  0.0111  0.0006  0.0554   0.3   9.2
  11..15     0.025   526.3   166.7  0.0111  0.0004  0.0336   0.2   5.6
  15..2      0.132   526.3   166.7  0.0111  0.0020  0.1767   1.0  29.5
  15..8      0.132   526.3   166.7  0.0111  0.0020  0.1767   1.0  29.5
  10..1      0.365   526.3   166.7  0.0111  0.0054  0.4892   2.9  81.6
   9..4      0.815   526.3   166.7  0.0111  0.0121  1.0905   6.4 181.8

tree length for dN:       0.0370
tree length for dS:       3.3230


Time used:  0:06
