
seed used = 1418808517
      8    336

Gallus gallus                              ATG GCT CTC TGG ATC CGA TCA CTG CCT CTT CTG GCT CTC CTT GTC TTT TCT GGC CCT GGA ACC AGC TAT GCA GCT GCC AAC CAG CAC CTC TGT GGC TCC CAC TTG GTG GAG GCT CTC TAC CTG GTG TGT GGA GAG CGT GGC TTC TTC TAC TCC CCC AAA GCC CGA CGG GAT GTC GAG CAG CCC CTA GTG AGC AGT --- CCC TTG CGT GGC --- --- GAG GCA GGA GTG CTG CCT TTC CAG CAG GAG GAA TAC GAG --- --- AAA GTC AAG CGA GGG ATT GTT GAG CAA TGC TGC CAT AAC ACG TGT TCC CTC TAC CAA CTG GAG AAC TAC TGC AAC 
Pan troglodytes                            ATG GCC CTG TGG ATG CGC CTC CTG CCC CTG CTG GTG CTG CTG GCC CTC TGG GGA CCT GAC CCA GCC TCG GCC TTT GTG AAC CAA CAC CTG TGC GGC TCC CAC CTG GTG GAA GCT CTC TAC CTA GTG TGC GGG GAA CGA GGC TTC TTC TAC ACA CCC AAG ACC CGC CGG GAG GCA GAG GAC CTG CAG GTG GGG CAG GTG GAG CTG GGC GGG --- --- GGC CCT GGT GCA GGC AGC CTG CAG CCC TTG GCC CTG GAG GGG TCC CTG CAG AAG CGT GGT ATC GTG GAA CAA TGC TGT ACC AGC ATC TGC TCC CTC TAC CAG CTG GAG AAC TAC TGC AAC 
Danio rerio                                ATG GCA GTG TGG CTT CAG GCT GGT GCT CTG TTG GTC CTG TTG GTC GTG --- TCC AGT GTA AGC ACT AAC CCA GGC ACA CCG CAG CAC CTG TGT GGA TCT CAT CTG GTC GAT GCC CTT TAT CTG GTC TGT GGC CCA ACA GGC TTC TTC TAC AAC CCC --- --- AAG AGA GAC GTT GAG --- CCC CTT CTG GGT TTC CTT CCT CCT AAA TCT GCC CAG GAA ACT GAG GTG GCT GAC TTT GCA TTT AAA GAT CAT GCC GAG CTG ATA AGG AAG AGA GGC ATT GTA GAG CAG TGC TGC CAC AAA CCC TGC AGC ATC TTT GAG CTG CAG AAC TAC TGT AAC 
Mus musculus                               ATG GCC CTG TGG ATG CGC TTC CTG CCC CTG CTG GCC CTG CTC TTC CTC TGG GAG TCC CAC CCC ACC CAG GCT TTT GTC AAG CAG CAC CTT TGT GGT TCC CAC CTG GTG GAG GCT CTC TAC CTG GTG TGT GGG GAG CGT GGC TTC TTC TAC ACA CCC ATG TCC CGC CGT GAA GTG GAG GAC CCA CAA GTG GCA CAA CTG GAG CTG GGT GGA --- --- GGC CCG GGA GCA GGT GAC CTT CAG ACC TTG GCA CTG GAG GTG GCC CAG CAG AAG CGT GGC ATT GTA GAT CAG TGC TGC ACC AGC ATC TGC TCC CTC TAC CAG CTG GAG AAC TAC TGC AAC 
Rattus norvegicus                          ATG GCC CTG TGG ATC CGC TTC CTG CCC CTG CTG GCC CTG CTC ATC CTC TGG GAG CCC CGC CCT GCC CAG GCT TTT GTC AAA CAG CAC CTT TGT GGT TCT CAC TTG GTG GAA GCT CTC TAC CTG GTG TGT GGG GAG CGT GGA TTC TTC TAC ACA CCC ATG TCC CGC CGC GAA GTG GAG GAC CCA CAA GTG GCA CAA CTG GAG CTG GGT GGA --- --- GGC CCG GGG GCA GGT GAC CTT CAG ACC TTG GCA CTG GAG GTG GCC CGG CAG AAG CGC GGC ATC GTG GAT CAG TGC TGC ACC AGC ATC TGC TCT CTC TAC CAA CTG GAG AAC TAC TGC AAC 
Bos taurus                                 ATG GCC CTG TGG ACA CGC CTG GCG CCC CTG CTG GCC CTG CTG GCG CTC TGG GCC CCC GCC CCG GCC CGC GCC TTC GTC AAC CAG CAT CTG TGT GGC TCC CAC CTG GTG GAG GCG CTG TAC CTG GTG TGC GGA GAG CGC GGC TTC TTC TAC ACG CCC AAG GCC CGC CGG GAG GTG GAG GGC CCC CAG GTG GGG GCG CTG GAG CTG GCC GGA --- --- GGC CCG GGC GCG GGC GGC --- --- --- --- --- CTG GAG GGG CCC CCG CAG AAG CGT GGC ATC GTG GAG CAG TGC TGT GCC AGC GTC TGC TCG CTC TAC CAG CTG GAG AAC TAC TGT AAC 
Canis lupus familiaris                     ATG GCC CTC TGG ATG CGC CTC CTG CCC CTG CTG GCC CTG CTG GCC CTC TGG GCG CCC GCG CCC ACC CGA GCC TTC GTT AAC CAG CAC CTG TGT GGC TCC CAC CTG GTA GAG GCT CTG TAC CTG GTG TGC GGG GAG CGC GGC TTC TTC TAC ACG CCT AAG GCC CGC AGG GAG GTG GAG GAC CTG CAG GTG AGG GAC GTG GAG CTG GCC GGG --- --- GCG CCT GGC GAG GGC GGC CTG CAG CCC CTG GCC CTG GAG GGG GCC CTG CAG AAG CGA GGC ATC GTG GAG CAG TGC TGC ACC AGC ATC TGC TCC CTC TAC CAG CTG GAG AAT TAC TGC AAC 
Homo sapiens                               ATG GCC CTG TGG ATG CGC CTC CTG CCC CTG CTG GCG CTG CTG GCC CTC TGG GGA CCT GAC CCA GCC GCA GCC TTT GTG AAC CAA CAC CTG TGC GGC TCA CAC CTG GTG GAA GCT CTC TAC CTA GTG TGC GGG GAA CGA GGC TTC TTC TAC ACA CCC AAG ACC CGC CGG GAG GCA GAG GAC CTG CAG GTG GGG CAG GTG GAG CTG GGC GGG --- --- GGC CCT GGT GCA GGC AGC CTG CAG CCC TTG GCC CTG GAG GGG TCC CTG CAG AAG CGT GGC ATT GTG GAA CAA TGC TGT ACC AGC ATC TGC TCC CTC TAC CAG CTG GAG AAC TAC TGC AAC 



Printing out site pattern counts


         8        330  P

Gallus gallus                               --- --- --- --- --- AAA AAA AAC AAC AAC AAC AAG ACC ACG AGC AGC AGT ATC ATG ATT CAA CAA CAC CAC CAG CAG CAG CAG CAT CCC CCC CCC CCT CCT CCT CGA CGA CGA CGG CGT CGT CTA CTC CTC CTC CTC CTC CTG CTG CTG CTG CTG CTT CTT GAA GAG GAG GAG GAG GAG GAG GAG GAG GAT GCA GCA GCC GCC GCT GCT GCT GCT GGA GGA GGA GGC GGC GGC GGC GGG GTC GTC GTC GTG GTG GTG GTG GTT TAC TAC TAC TAC TAT TCA TCC TCC TCC TCT TGC TGC TGC TGG TGT TGT TGT TTC TTC TTG TTG TTT
Pan troglodytes                             --- --- GGG GTG TCC AAG CTG AAC AAC AAC AGC AAG CCA ATC GCC GGG CAG ATG ATG ATC CAA CAG CAC CAC CAA CAG CCC GAC ACC CCC CTG GAG AGC CCC CCT CGC CGC CGT CGG CGA GGC CAG CTC CTC CTG CTG CTG CTA CTG CTG CTG GGC CTG CTG GCC GAA GAA GAA GAG GAG GAG GGC TTG GAG CCT GCC ACC GTG GCC GCT GTG TTT GAC GGG GGT GGA GGC GGC GGG GGT CAG GCA GCC GCA GTG GTG GTG GTG CTG TAC TAC TAC TCG CTC ACA TCC TCC TGG TGC TGC TGT TGG TGC TGC TGC CTG TTC CTG CTG CTC
Danio rerio                                 CAG GCC GAG CTT CTG --- ATA AAC AAC CCG AAA AAG AGC CCC ACT GGT TTC CTT ATG ATT CAG GAG CAC CAT CAG GCA TTT --- CAC CCC CCC CCT GAC GCT AGT AAG CAG AGA AGA ACA AAA CTT ATC CTT CTG CTG GTG CTG CTG GGT TTG GCT CTG TTG GAT CCA GAG GAT CAG GAG GCC GAA AAA GAC ACT CCA --- ACA GCA GCC GTC GGC GTA GGC GAG TCC GGA GGC TCT GGC AGG GTT GTC GTG CTG GTC GTC GTA CAT TAC TAT TTT AAC GCT AAC AGC TCT --- TGC TGT TGC TGG TGC TGT TGT TTT TTC CCT CTG GTG
Mus musculus                                --- --- GTG CTG GCC ATG CAG AAC AAC AAG AGC AAG CCC ATC ACC GCA CAA ATG ATG ATT CAG CAG CAC CAC CAG CAG ACC GAC ACC CCC CCA GAG GAC CCC TCC CGC CGC CGT CGT CGT GGT CAA CTC CTC CTG CTT CTG CTG CTG CTG CTG GGT CTG CTC GCA GAG GAT GAG GAG GAG GAG GGC TTG GAA CCG GCT TCC GTC GCC GCT GCC TTT CAC GGG GGA GAG GGT GGC GGA GGC CAG GTG TTC GCA GTG GTG GTG GTA CTG TAC TAC TAC CAG TTC ACA TCC TCC TGG TGC TGC TGC TGG TGC TGT TGT CTT TTC CTG CTG CTC
Rattus norvegicus                           --- --- GTG CTG GCC ATG CGG AAC AAC AAA AGC AAG CCT ATC GCC GCA CAA ATC ATG ATC CAG CAA CAC CAC CAG CAG ACC GAC ACC CCC CCA GAG GAC CCC CCC CGC CGC CGC CGC CGT GGT CAA CTC CTC CTG CTT CTG CTG CTG CTG CTG GGT CTG CTC GCA GAG GAT GAA GAG GAG GAG GGC TTG GAA CCG GCT TCC GTC GCC GCT GCC TTT CGC GGG GGG GAG GGT GGA GGA GGC CAG GTG ATC GCA GTG GTG GTG GTG CTG TAC TAC TAC CAG TTC ACA TCT TCT TGG TGC TGC TGC TGG TGC TGT TGT CTT TTC CTG TTG CTC
Bos taurus                                  --- --- GGG CTG CCC AAG CCG AAC AAC AAC AGC AAG CCG GTC GCC GGG GCG ACA ATG ATC CAG CAG CAT CAC CAG --- --- GGC GCC CCC CCC GAG GGC CCC CCC CGC CGC CGT CGG CGC GCC CAG CTC CTG CTG CTG CTG CTG CTG GCG CTG GGC CTG CTG --- GAG GAG GAG GAG GAG GAG GGC --- GAG CCG GCC GCC GTC GCC GCG GCC TTC GCC GGA GGC GCC GGC GGC GGA GGC CAG GTG GCG GCG GTG GTG GTG GTG CTG TAC TAC TAC CGC CTG ACG TCG TCC TGG TGC TGT TGT TGG TGC TGC TGT --- TTC CTG CTG CTC
Canis lupus familiaris                      --- --- GGG GTG GCC AAG CTG AAC AAT AAC AGC AAG CCC ATC ACC AGG GAC ATG ATG ATC CAG CAG CAC CAC CAG CAG CCC GAC ACC CCT CTG GAG GGC CCC CCC CGC CGC CGA AGG CGC GCC CAG CTC CTG CTG CTG CTC CTG CTG CTG CTG GGC CTG CTG GCC GAG GAG GAG GAG GAG GAG GCG CTG GAG CCT GCC GCC GTT GCC GCT GCC TTC GCG GGG GGC GCG GGC GGC GGG GGC CAG GTG GCC GAG GTG GTA GTG GTG CTG TAC TAC TAC CGA CTC ACG TCC TCC TGG TGC TGC TGC TGG TGC TGC TGT CTG TTC CTG CTG CTC
Homo sapiens                                --- --- GGG GTG TCC AAG CTG AAC AAC AAC AGC AAG CCA ATC GCC GGG CAG ATG ATG ATT CAA CAG CAC CAC CAA CAG CCC GAC ACC CCC CTG GAG AGC CCC CCT CGC CGC CGT CGG CGA GGC CAG CTC CTC CTG CTG CTG CTA CTG CTG CTG GGC CTG CTG GCC GAA GAA GAA GAG GAG GAG GGC TTG GAG CCT GCC ACC GTG GCC GCT GCG TTT GAC GGG GGT GGA GGC GGC GGG GGC CAG GCA GCC GCA GTG GTG GTG GTG CTG TAC TAC TAC GCA CTC ACA TCC TCA TGG TGC TGC TGT TGG TGC TGC TGC CTG TTC CTG CTG CTC



    1    1    1    1    1    1    1    1    1    1    1    1    1    1    1
    1    1    1    1    1    1    1    1    1    1    1    1    1    1    1
    1    1    1    1    1    1    1    1    1    1    1    1    1    1    1
    1    1    1    1    1    1    1    1    1    1    1    1    1    1    1
    1    1    1    1    1    1    1    1    1    1    1    1    1    1    1
    1    1    1    1    1    1    1    1    1    1    1    1    1    1    2
    1    1    1    1    1    1    1    1    1    1    1    1    1    1    1
    1    2    1    1    1

CODONML (in paml version 4.4b, July 2010)  torun.nuc
Model: One dN/dS ratio for branches Global clock 
Codon frequency model: F3x4
ns =   8  ls = 112

Codon usage in sequences
--------------------------------------------------------------------------------------------------------------
Phe TTT  1  1  3  1  1  0 | Ser TCT  1  0  2  0  2  0 | Tyr TAT  1  0  1  0  0  0 | Cys TGT  3  1  3  2  2  3
    TTC  3  2  3  4  3  3 |     TCC  3  3  1  4  1  1 |     TAC  5  4  2  4  4  4 |     TGC  3  5  3  4  4  3
Leu TTA  0  0  0  0  0  0 |     TCA  1  0  0  0  0  0 | *** TAA  0  0  0  0  0  0 | *** TGA  0  0  0  0  0  0
    TTG  2  1  2  1  2  0 |     TCG  0  1  0  0  0  1 |     TAG  0  0  0  0  0  0 | Trp TGG  1  2  1  2  2  2
--------------------------------------------------------------------------------------------------------------
Leu CTT  2  0  4  2  2  0 | Pro CCT  3  2  2  0  1  0 | His CAT  1  0  2  0  0  1 | Arg CGT  2  1  0  3  1  1
    CTC  5  4  0  4  4  2 |     CCC  3  3  3  3  3  5 |     CAC  2  2  2  3  2  1 |     CGC  0  2  0  2  5  4
    CTA  1  1  0  0  0  0 |     CCA  0  1  2  1  1  0 | Gln CAA  2  2  0  2  3  0 |     CGA  3  1  0  0  0  0
    CTG  5 14  8 11 10 14 |     CCG  0  0  1  1  1  3 |     CAG  4  5  5  7  5  5 |     CGG  1  1  0  0  1  1
--------------------------------------------------------------------------------------------------------------
Ile ATT  1  0  1  1  0  0 | Thr ACT  0  0  2  0  0  0 | Asn AAT  0  0  0  0  0  0 | Ser AGT  1  0  1  0  0  0
    ATC  1  2  1  1  4  1 |     ACC  1  2  0  3  2  0 |     AAC  4  3  4  2  2  3 |     AGC  2  2  2  1  1  1
    ATA  0  0  1  0  0  0 |     ACA  0  1  2  1  1  1 | Lys AAA  2  0  3  0  1  0 | Arg AGA  0  0  2  0  0  0
Met ATG  1  2  1  3  2  1 |     ACG  1  0  0  0  0  1 |     AAG  1  2  2  2  1  2 |     AGG  0  0  1  0  0  0
--------------------------------------------------------------------------------------------------------------
Val GTT  1  0  1  0  0  0 | Ala GCT  4  1  3  2  2  0 | Asp GAT  1  0  2  1  1  0 | Gly GGT  0  2  2  3  3  0
    GTC  3  0  4  1  1  2 |     GCC  2  5  3  3  4  9 |     GAC  0  2  2  2  2  0 |     GGC  4  5  4  3  2  8
    GTA  0  0  2  1  0  0 |     GCA  2  2  2  3  3  0 | Glu GAA  1  3  1  1  2  0 |     GGA  3  1  1  2  2  2
    GTG  4  7  3  5  6  5 |     GCG  0  0  0  0  0  5 |     GAG  8  5  5  7  6  8 |     GGG  1  4  0  1  2  2
--------------------------------------------------------------------------------------------------------------

--------------------------------------------------------------
Phe TTT  0  1 | Ser TCT  0  0 | Tyr TAT  0  0 | Cys TGT  1  1
    TTC  3  2 |     TCC  2  2 |     TAC  4  4 |     TGC  5  5
Leu TTA  0  0 |     TCA  0  1 | *** TAA  0  0 | *** TGA  0  0
    TTG  0  1 |     TCG  0  0 |     TAG  0  0 | Trp TGG  2  2
--------------------------------------------------------------
Leu CTT  0  0 | Pro CCT  2  2 | His CAT  0  0 | Arg CGT  0  1
    CTC  4  4 |     CCC  4  3 |     CAC  2  2 |     CGC  3  2
    CTA  0  1 |     CCA  0  1 | Gln CAA  0  2 |     CGA  2  1
    CTG 16 14 |     CCG  0  0 |     CAG  6  5 |     CGG  0  1
--------------------------------------------------------------
Ile ATT  0  1 | Thr ACT  0  0 | Asn AAT  1  0 | Ser AGT  0  0
    ATC  2  1 |     ACC  2  2 |     AAC  2  3 |     AGC  1  2
    ATA  0  0 |     ACA  0  1 | Lys AAA  0  0 | Arg AGA  0  0
Met ATG  2  2 |     ACG  1  0 |     AAG  2  2 |     AGG  2  0
--------------------------------------------------------------
Val GTT  1  0 | Ala GCT  1  1 | Asp GAT  0  0 | Gly GGT  0  1
    GTC  0  0 |     GCC  8  5 |     GAC  2  2 |     GGC  6  6
    GTA  1  0 |     GCA  0  3 | Glu GAA  0  3 |     GGA  0  1
    GTG  5  6 |     GCG  3  1 |     GAG  9  5 |     GGG  3  4
--------------------------------------------------------------

Codon position x base (3x4) table for each sequence.

#1: Gallus gallus  
position  1:    T:0.22430    C:0.31776    A:0.14019    G:0.31776
position  2:    T:0.28037    C:0.19626    A:0.29907    G:0.22430
position  3:    T:0.20561    C:0.38318    A:0.14019    G:0.27103
Average         T:0.23676    C:0.29907    A:0.19315    G:0.27103

#2: Pan troglodytes
position  1:    T:0.18182    C:0.35455    A:0.12727    G:0.33636
position  2:    T:0.30909    C:0.19091    A:0.25455    G:0.24545
position  3:    T:0.07273    C:0.41818    A:0.10909    G:0.40000
Average         T:0.18788    C:0.32121    A:0.16364    G:0.32727

#3: Danio rerio    
position  1:    T:0.19444    C:0.26852    A:0.21296    G:0.32407
position  2:    T:0.31481    C:0.21296    A:0.28704    G:0.18519
position  3:    T:0.26852    C:0.31481    A:0.14815    G:0.26852
Average         T:0.25926    C:0.26543    A:0.21605    G:0.25926

#4: Mus musculus   
position  1:    T:0.20000    C:0.35455    A:0.12727    G:0.31818
position  2:    T:0.31818    C:0.19091    A:0.28182    G:0.20909
position  3:    T:0.13636    C:0.40000    A:0.10000    G:0.36364
Average         T:0.21818    C:0.31515    A:0.16970    G:0.29697

#5: Rattus norvegicus
position  1:    T:0.19091    C:0.35455    A:0.12727    G:0.32727
position  2:    T:0.31818    C:0.19091    A:0.26364    G:0.22727
position  3:    T:0.13636    C:0.40000    A:0.11818    G:0.34545
Average         T:0.21515    C:0.31515    A:0.16970    G:0.30000

#6: Bos taurus     
position  1:    T:0.16190    C:0.35238    A:0.09524    G:0.39048
position  2:    T:0.26667    C:0.24762    A:0.22857    G:0.25714
position  3:    T:0.04762    C:0.44762    A:0.02857    G:0.47619
Average         T:0.15873    C:0.34921    A:0.11746    G:0.37460

#7: Canis lupus familiaris
position  1:    T:0.15455    C:0.35455    A:0.13636    G:0.35455
position  2:    T:0.30909    C:0.20909    A:0.25455    G:0.22727
position  3:    T:0.05455    C:0.45455    A:0.02727    G:0.46364
Average         T:0.17273    C:0.33939    A:0.13939    G:0.34848

#8: Homo sapiens   
position  1:    T:0.17273    C:0.35455    A:0.12727    G:0.34545
position  2:    T:0.30000    C:0.20000    A:0.25455    G:0.24545
position  3:    T:0.07273    C:0.40909    A:0.12727    G:0.39091
Average         T:0.18182    C:0.32121    A:0.16970    G:0.32727

Sums of codon usage counts
------------------------------------------------------------------------------
Phe F TTT       8 | Ser S TCT       5 | Tyr Y TAT       2 | Cys C TGT      16
      TTC      23 |       TCC      17 |       TAC      31 |       TGC      32
Leu L TTA       0 |       TCA       2 | *** * TAA       0 | *** * TGA       0
      TTG       9 |       TCG       2 |       TAG       0 | Trp W TGG      14
------------------------------------------------------------------------------
Leu L CTT      10 | Pro P CCT      12 | His H CAT       4 | Arg R CGT       9
      CTC      27 |       CCC      27 |       CAC      16 |       CGC      18
      CTA       3 |       CCA       6 | Gln Q CAA      11 |       CGA       7
      CTG      92 |       CCG       6 |       CAG      42 |       CGG       5
------------------------------------------------------------------------------
Ile I ATT       4 | Thr T ACT       2 | Asn N AAT       1 | Ser S AGT       2
      ATC      13 |       ACC      12 |       AAC      23 |       AGC      12
      ATA       1 |       ACA       7 | Lys K AAA       6 | Arg R AGA       2
Met M ATG      14 |       ACG       3 |       AAG      14 |       AGG       3
------------------------------------------------------------------------------
Val V GTT       3 | Ala A GCT      14 | Asp D GAT       5 | Gly G GGT      11
      GTC      11 |       GCC      39 |       GAC      12 |       GGC      38
      GTA       4 |       GCA      15 | Glu E GAA      11 |       GGA      12
      GTG      41 |       GCG       9 |       GAG      53 |       GGG      17
------------------------------------------------------------------------------

(Ambiguity data are not used in the counts.)


Codon position x base (3x4) table, overall

position  1:    T:0.18506    C:0.33908    A:0.13678    G:0.33908
position  2:    T:0.30230    C:0.20460    A:0.26552    G:0.22759
position  3:    T:0.12414    C:0.40345    A:0.10000    G:0.37241
Average         T:0.20383    C:0.31571    A:0.16743    G:0.31303

Codon frequencies under model, for use in evolver (TTT TTC TTA TTG ... GGG):
  0.00714043  0.02320639  0.00575201  0.02142128
  0.00483268  0.01570622  0.00389300  0.01449805
  0.00627163  0.02038279  0.00000000  0.00000000
  0.00537568  0.01747097  0.00000000  0.01612705
  0.01308339  0.04252102  0.01053940  0.03925017
  0.00885492  0.02877848  0.00713313  0.02656475
  0.01149149  0.03734736  0.00925704  0.03447448
  0.00984985  0.03201202  0.00793460  0.02954956
  0.00527771  0.01715255  0.00425149  0.01583312
  0.00357198  0.01160895  0.00287743  0.01071595
  0.00463555  0.01506554  0.00373419  0.01390666
  0.00397333  0.01291332  0.00320074  0.01191999
  0.01308339  0.04252102  0.01053940  0.03925017
  0.00885492  0.02877848  0.00713313  0.02656475
  0.01149149  0.03734736  0.00925704  0.03447448
  0.00984985  0.03201202  0.00793460  0.02954956



Nei & Gojobori 1986. dN/dS (dN, dS)
(Pairwise deletion)
(Note: This matrix is not used in later ML. analysis.
Use runmode = -2 for ML pairwise comparison.)

Gallus gallus       
Pan troglodytes      0.1733 (0.2861 1.6507)
Danio rerio         -1.0000 (0.3804 -1.0000) 0.1678 (0.5624 3.3515)
Mus musculus         0.3406 (0.3041 0.8929) 0.1767 (0.1051 0.5947) 0.4304 (0.5597 1.3003)
Rattus norvegicus    0.2539 (0.2933 1.1551) 0.1591 (0.1056 0.6637) 0.2681 (0.5589 2.0844) 0.1415 (0.0247 0.1748)
Bos taurus           0.1610 (0.2723 1.6912) 0.2005 (0.1009 0.5033) 0.3451 (0.4895 1.4187) 0.2594 (0.1357 0.5232) 0.1964 (0.1235 0.6288)
Canis lupus familiaris 0.1986 (0.2692 1.3554) 0.1549 (0.0716 0.4622) 0.3245 (0.5290 1.6300) 0.2112 (0.1171 0.5543) 0.1742 (0.1200 0.6890) 0.2078 (0.0731 0.3520)
Homo sapiens         0.1775 (0.2877 1.6209) 0.1778 (0.0083 0.0468) 0.2533 (0.5738 2.2651) 0.1690 (0.1004 0.5943) 0.1458 (0.1009 0.6917) 0.1795 (0.0951 0.5300) 0.1452 (0.0671 0.4619)


TREE #  1:  (((((8, 2), (4, 5)), (6, 7)), 1), 3);   MP score: -1
lnL(ntime:  7  np:  9):  -1664.317689      +0.000000
   9..10   10..11   11..12   12..13   13..8    13..2    12..14   14..4    14..5    11..15   15..6    15..7    10..1     9..3  
 2.492740 1.549825 0.427159 0.427159 0.029603 0.087502 0.269321 2.268928 0.096228
SEs for parameters:
 0.348502 0.227408 0.051283 0.061942 0.011329 0.022356 0.051040 0.389776 0.013666

tree length =   7.77605

(((((8: 0.029603, 2: 0.029603): 0.397556, (4: 0.087502, 5: 0.087502): 0.339656): 0.000000, (6: 0.269321, 7: 0.269321): 0.157838): 1.122666, 1: 1.549825): 0.942914, 3: 2.492740);

(((((Homo sapiens: 0.029603, Pan troglodytes: 0.029603): 0.397556, (Mus musculus: 0.087502, Rattus norvegicus: 0.087502): 0.339656): 0.000000, (Bos taurus: 0.269321, Canis lupus familiaris: 0.269321): 0.157838): 1.122666, Gallus gallus: 1.549825): 0.942914, Danio rerio: 2.492740);

Detailed output identifying parameters

kappa (ts/tv) =  2.26893

omega (dN/dS) =  0.09623

dN & dS for each branch

 branch          t       N       S   dN/dS      dN      dS  N*dN  S*dS

   9..10     0.943   257.8    78.2  0.0962  0.0987  1.0255  25.4  80.2
  10..11     1.123   257.8    78.2  0.0962  0.1175  1.2210  30.3  95.4
  11..12     0.000   257.8    78.2  0.0962  0.0000  0.0000   0.0   0.0
  12..13     0.398   257.8    78.2  0.0962  0.0416  0.4324  10.7  33.8
  13..8      0.030   257.8    78.2  0.0962  0.0031  0.0322   0.8   2.5
  13..2      0.030   257.8    78.2  0.0962  0.0031  0.0322   0.8   2.5
  12..14     0.340   257.8    78.2  0.0962  0.0355  0.3694   9.2  28.9
  14..4      0.088   257.8    78.2  0.0962  0.0092  0.0952   2.4   7.4
  14..5      0.088   257.8    78.2  0.0962  0.0092  0.0952   2.4   7.4
  11..15     0.158   257.8    78.2  0.0962  0.0165  0.1717   4.3  13.4
  15..6      0.269   257.8    78.2  0.0962  0.0282  0.2929   7.3  22.9
  15..7      0.269   257.8    78.2  0.0962  0.0282  0.2929   7.3  22.9
  10..1      1.550   257.8    78.2  0.0962  0.1622  1.6855  41.8 131.8
   9..3      2.493   257.8    78.2  0.0962  0.2609  2.7110  67.3 211.9

tree length for dN:       0.8138
tree length for dS:       8.4570


Time used:  0:06
