
seed used = 1418758253
      7   1050

Mus musculus                               ATG GGG GCT GGG GCC AGC GCT GAG GAG AAG CAC TCC AGA GAG CTG GAG AAG AAG CTG AAA GAG GAT GCT GAG AAG GAT GCC CGC ACT GTG AAA CTG CTG CTT CTG GGT GCC GGT GAA TCC GGG AAG AGC ACT ATT GTC AAA CAG ATG AAG ATT ATC CAC CAG GAC GGG TAT TCG CTG GAG GAA TGC CTC GAG TTC ATT GCC ATC ATC TAC GGC AAC ACT CTG CAG TCC ATC CTG GCC ATC GTT CGG GCT ATG ACC ACG CTC AAC ATT CAG TAT GGA GAT TCA GCC CGG CAG GAT GAT GCC CGG AAG CTC ATG CAC ATG GCA GAT ACT ATT GAG GAA GGC ACA ATG CCC AAG GAG ATG TCA GAC ATC ATT CAG CGC TTG TGG AAG GAC TCG GGT ATC CAA GCT TGC TTT GAC CGA GCC TCA GAA TAC CAG CTC AAT GAC TCC GCC GGC TAC TAT CTC TCA GAC CTA GAG CGT CTG GTG ACT CCA GGA TAT GTG CCC ACT GAG CAG GAC GTG TTG CGT TCT CGT GTC AAA ACC ACT GGT ATT ATC GAG ACT CAA TTC TCC TTC AAG GAC CTC AAC TTC AGA ATG TTC GAT GTG GGC GGG CAG CGT TCC GAG CGC AAA AAG TGG ATC CAC TGC TTT GAG GGT GTG ACG TGC ATC ATT TTC ATC GCT GCG CTG AGC GCT TAC GAC ATG GTG CTG GTG GAG GAC GAC GAA GTG AAC CGA ATG CAC GAG AGC CTG CAC CTG TTC AAC AGC ATC TGC AAT CAT CGC TAC TTC GCC ACA ACG TCT ATC GTG CTC TTC CTC AAC AAG AAG GAC GTT TTC TCC GAG AAG ATA AAA AAG GCA CAC CTC AGC ATC TGC TTC CCC GAC TAC GAT GGA CCT AAC ACT TAC GAG GAT GCC GGC AAC TAC ATC AAA GTG CAG TTC CTG GAG CTT AAC ATG CGA CGT GAT GTG AAG GAG ATC TAT TCC CAC ATG ACG TGC GCT ACC GAC ACA CAG AAC GTC AAG TTT GTC TTT GAC GCT GTC ACC GAC ATT ATC ATC AAG GAG AAC CTC AAA GAC TGC GGG CTC TTC 
Homo sapiens                               ATG GGG GCT GGG GCC AGT GCT GAG GAG AAG CAC TCC AGG GAG CTG GAA AAG AAG CTG AAA GAG GAC GCT GAG AAG GAT GCT CGA ACC GTG AAG CTG CTG CTT CTG GGT GCC GGT GAG TCC GGG AAG AGC ACC ATC GTC AAG CAG ATG AAG ATT ATC CAC CAG GAC GGG TAC TCG CTG GAA GAG TGC CTC GAG TTT ATC GCC ATC ATC TAC GGC AAC ACG TTG CAG TCC ATC CTG GCC ATC GTA CGC GCC ATG ACC ACA CTC AAC ATC CAG TAC GGA GAC TCT GCA CGC CAG GAC GAC GCC CGG AAG CTG ATG CAC ATG GCA GAC ACT ATC GAG GAG GGC ACG ATG CCC AAG GAG ATG TCG GAC ATC ATC CAG CGG CTG TGG AAG GAC TCC GGT ATC CAG GCC TGT TTT GAG CGC GCC TCG GAG TAC CAG CTC AAC GAC TCG GCG GGC TAC TAC CTC TCC GAC CTG GAG CGC CTG GTA ACC CCG GGC TAC GTG CCC ACC GAG CAG GAC GTG CTG CGC TCG CGA GTC AAG ACC ACT GGC ATC ATC GAG ACG CAG TTC TCC TTC AAG GAT CTC AAC TTC CGG ATG TTC GAT GTG GGC GGG CAG CGC TCG GAG CGC AAG AAG TGG ATC CAC TGC TTC GAG GGC GTG ACC TGC ATC ATC TTC ATC GCG GCG CTG AGC GCC TAC GAC ATG GTG CTA GTG GAG GAC GAC GAA GTG AAC CGC ATG CAC GAG AGC CTG CAC CTG TTC AAC AGC ATC TGC AAC CAC CGC TAC TTC GCC ACG ACG TCC ATC GTG CTC TTC CTT AAC AAG AAG GAC GTC TTC TTC GAG AAG ATC AAG AAG GCG CAC CTC AGC ATC TGT TTC CCG GAC TAC GAT GGA CCC AAC ACC TAC GAG GAC GCC GGC AAC TAC ATC AAG GTG CAG TTC CTC GAG CTC AAC ATG CGG CGC GAC GTG AAG GAG ATC TAT TCC CAC ATG ACG TGC GCC ACC GAC ACG CAG AAC GTC AAA TTT GTC TTC GAC GCT GTC ACC GAC ATC ATC ATC AAG GAG AAC CTC AAA GAC TGT GGC CTC TTC 
Canis lupus familiaris                     ATG GGG GCT GGG GCC AGC GCT GAG GAG AAG CAC TCA AGG GAG CTG GAA AAG AAG CTA AAA GAA GAT GCT GAG AAG GAT GCT CGA ACC GTG AAA CTG CTG CTT TTG GGT GCG GGG GAG TCC GGG AAG AGC ACC ATC GTC AAG CAG ATG AAG ATT ATC CAC CAG GAC GGG TAC TCG CTG GAA GAG TGC CTC GAG TTC ATT GCC ATC ATC TAC GGC AAC ACG CTG CAG TCC ATC CTC GCC ATC GTG CGC GCC ATG ACC ACG CTC AAC ATC CAG TAC GGA GAC TCT GCC CGC CAG GAC GAT GCC CGG AAG CTG ATG CAC ATG GCA GAC ACC ATC GAA GAG GGC ACG ATG CCC AAG GAG ATG TCG GAC ATC ATC CAG CGG CTG TGG AAG GAC TCG GGT ATC CAG GCC TGT TTC GAA CGC GCC TCT GAG TAC CAG CTC AAC GAC TCC GCG GGC TAC TAC CTC TCG GAC CTG GAG CGC CTG GTC ACC CCG GGC TAC GTG CCC ACT GAG CAG GAC GTG CTG CGC TCG CGT GTC AAG ACC ACG GGC ATC ATT GAG ACC CAG TTT TCC TTC AAG GAC CTC AAC TTC CGG ATG TTC GAT GTG GGC GGG CAG CGC TCA GAG CGC AAG AAG TGG ATC CAC TGC TTC GAG GGT GTG ACC TGC ATC ATC TTC ATC GCG GCG CTG AGC GCC TAC GAC ATG GTG CTG GTG GAG GAC GAC GAA GTG AAC CGC ATG CAC GAG AGC CTG CAC CTG TTC AAC AGC ATC TGC AAC CAC CGC TAC TTC GCC ACC ACG TCC ATT GTG CTC TTC CTC AAT AAG AAG GAC GTT TTC TCC GAG AAG ATA AAA AAG GCG CAT CTC AGC ATC TGC TTC CCC GAT TAC GAC GGG CCC AAC ACG TAC GAG GAC GCG GGC AAC TAC ATC AAG GTG CAG TTC CTC GAG CTC AAC ATG CGA CGT GAC GTG AAG GAG ATC TAT TCC CAT ATG ACT TGT GCT ACA GAC ACA CAG AAC GTC AAA TTT GTC TTC GAT GCC GTC ACC GAT ATC ATC ATC AAG GAG AAC CTC AAA GAT TGC GGC CTC TTC 
Bos taurus                                 ATG GGG GCT GGG GCC AGC GCT GAG GAG AAG CAC TCA AGG GAG CTG GAA AAG AAG CTG AAA GAA GAT GCT GAG AAA GAT GCT CGA ACC GTG AAA CTG CTG CTT CTG GGT GCC GGT GAA TCC GGG AAG AGT ACC ATT GTC AAG CAG ATG AAG ATT ATC CAC CAG GAC GGG TAC TCA CTG GAA GAG TGT CTT GAG TTC ATT GCC ATC ATC TAT GGC AAC ACG CTA CAG TCC ATC CTG GCC ATT GTG CGC GCC ATG ACC ACA CTC AAC ATC CAG TAC GGA GAC TCT GCG CGC CAG GAC GAC GCC CGA AAG CTG ATG CAC ATG GCA GAC ACC ATC GAG GAG GGC ACG ATG CCC AAG GAG ATG TCA GAC ATC ATC CAG CGG CTG TGG AAG GAC TCC GGT ATC CAG GCC TGT TTC GAC CGA GCC TCA GAG TAC CAG CTC AAC GAC TCT GCT GGC TAC TAT CTC TCA GAC CTG GAG CGC CTG GTA ACC CCG GGC TAC GTG CCC ACT GAA CAG GAT GTG CTG CGC TCC CGT GTC AAG ACC ACG GGT ATC ATT GAG ACG CAG TTC TCC TTC AAG GAC CTC AAC TTT CGG ATG TTC GAT GTG GGC GGG CAG CGC TCA GAG CGC AAG AAG TGG ATC CAC TGC TTC GAG GGG GTG ACC TGC ATC ATC TTC ATC GCG GCG CTG AGC GCC TAC GAC ATG GTG CTG GTG GAA GAC GAC GAA GTG AAC CGC ATG CAC GAG AGC CTG CAC CTG TTC AAC AGT ATC TGC AAC CAC CGC TAC TTC GCC ACC ACG TCC ATC GTG CTC TTT CTC AAC AAG AAG GAC GTC TTC TCG GAG AAG ATC AAA AAG GCG CAC CTT AGT ATC TGC TTT CCG GAC TAC AAC GGG CCC AAC ACG TAT GAG GAC GCC GGC AAT TAC ATC AAG GTG CAA TTC CTT GAG CTC AAC ATG CGA CGC GAC GTG AAG GAG ATC TAT TCC CAC ATG ACA TGC GCC ACC GAC ACG CAG AAC GTC AAG TTT GTC TTC GAC GCT GTC ACC GAC ATC ATC ATC AAG GAG AAC CTC AAA GAC TGC GGG CTC TTC 
Pan troglodytes                            ATG GGG GCT GGG GCC AGT GCT GAG GAG AAG CAC TCC AGG GAG CTG GAA AAG AAG CTG AAA GAG GAC GCT GAG AAG GAT GCT CGA ACC GTG AAG CTG CTG CTT CTG GGT GCG GGT GAG TCC GGG AAG AGC ACC ATC GTC AAG CAG ATG AAG ATT ATC CAC CAG GAC GGG TAC TCG CTG GAA GAG TGC CTC GAG TTT ATC GCC ATC ATC TAC GGC AAC ACG TTG CAG TCC ATC CTG GCC ATC GTA CGC GCC ATG ACC ACA CTC AAC ATC CAG TAC GGA GAC TCT GCA CGC CAG GAC GAC GCC CGG AAG CTG ATG CAC ATG GCA GAC ACT ATC GAG GAG GGC ACG ATG CCC AAG GAG ATG TCG GAC ATC ATC CAG CGG CTG TGG AAG GAC TCC GGT ATC CAG GCC TGT TTT GAG CGC GCC TCG GAG TAC CAG CTC AAC GAC TCG GCG GGC TAC TAC CTC TCC GAC CTG GAG CGC CTG GTA ACC CCG GGC TAC GTG CCC ACC GAG CAG GAC GTG CTG CGC TCG CGA GTC AAG ACC ACT GGC ATC ATC GAA ACG CAG TTC TCC TTC AAG GAT CTC AAC TTC CGG ATG TTC GAT GTG GGC GGG CAG CGC TCG GAG CGC AAG AAG TGG ATC CAC TGC TTC GAG GGC GTG ACC TGC ATC ATC TTC ATC GCG GCG CTG AGC GCC TAC GAC ATG GTG CTA GTG GAG GAC GAC GAA GTG AAC CGC ATG CAC GAG AGC CTG CAC CTG TTC AAC AGC ATC TGC AAC CAC CGC TAC TTC GCC ACA ACG TCC ATC GTG CTC TTC CTT AAC AAG AAG GAC GTC TTC TTC GAG AAG ATC AAG AAG GCG CAC CTC AGC ATC TGT TTC CCG GAC TAC GAT GGA CCC AAC ACC TAC GAG GAC GCC GGC AAC TAC ATC AAG GTG CAG TTC CTC GAG CTC AAC ATG CGG CGC GAC GTG AAG GAG ATC TAT TCC CAC ATG ACG TGC GCC ACC GAC ACG CAG AAC GTC AAA TTT GTC TTC GAC GCT GTC ACC GAC ATC ATC ATC AAG GAG AAC CTC AAA GAC TGT GGC CTC TTC 
Danio rerio                                ATG GGG GCC GGG GCG AGC GCC GAG GAA AAA CAC TCC AGG GAG CTT GAG AAA AAG CTG AAA GAG GAT GCA GAC AAA GAT GCC AGG ACC GTC AAA CTT CTG CTG CTA GGT GCT GGT GAG TCG GGG AAA AGC ACA ATT GTC AAA CAG ATG AAA ATT ATT CAC AAA GAT GGT TAC TCC CTT GAA GAG TGC TTG GAG TTC ATT GTC ATC ATC TAC AGC AAC ACC ATG CAG TCC ATT CTG GCC GTT GTG AGG GCC ATG ACC ACA CTC AAC ATT GGC TAT GGA GAC GCT GCC GCA CAG GAT GAT GCA AGG AAG CTG ATG CAT TTA GCA GAT ACT ATT GAA GAG GGC ACC ATG CCA AAA GAG CTG TCG GAC ATT ATC CTG AGG TTG TGG AAG GAT TCA GGC ATC CAG GCG TGC TTC GAC AGA GCC TCA GAA TAC CAG CTC AAC GAC TCT GCT GGA TAT TAT CTA AAT GAC CTG GAG AGG TTG ATC CAG CCC GGC TAT GTC CCT ACT GAA CAG GAC GTC CTG CGT TCA AGA GTG AAG ACC ACA GGT ATC ATC GAG ACC CAG TTC TCT TTC AAA GAC CTC AAC TTC AGG ATG TTT GAT GTG GGT GGT CAG CGC TCA GAG AGG AAG AAG TGG ATT CAC TGC TTT GAA GGT GTG ACC TGT ATC ATC TTC ATC GCT GCT CTG AGT GCA TAC GAC ATG GTG CTG GTG GAG GAT GAT GAA GTG AAC CGA ATG CAT GAG AGT CTT CAC CTG TTC AAC AGT ATC TGC AAC CAC CGT TAC TTC GCC ACC ACA TCT ATT GTG CTT TTC CTT AAC AAG AAG GAT GTG TTC GTG GAG AAG ATC AAG AAA GCT CAT CTG AGC ATG TGC TTC CCT GAA TAT GAC GGT CCC AAC ACC TTC GAA GAT GCT GGC AAC TAC ATC AAG GTG CAG TTC TTA GAT CTG AAC CTG CGA CGA GAC ATC AAA GAA ATC TAC TCC CAC ATG ACC TGC GCC ACA GAC ACA GAG AAC GTC AAG TTT GTG TTC GAT GCC GTA ACA GAC ATC ATC ATC AAG GAG AAT CTC AAA GAC TGC GGT CTC TTC 
Rattus norvegicus                          ATG GGG GCT GGG GCC AGC GCT GAG GAG AAG CAC TCC AGA GAG CTG GAA AAG AAG CTG AAA GAA GAC GCT GAG AAG GAC GCA CGG ACC GTG AAG CTG CTG CTT CTG GGT GCG GGT GAA TCC GGG AAA AGC ACT ATT GTC AAG CAG ATG AAG ATT ATC CAC CAG GAC GGG TAT TCG CTG GAA GAA TGC CTC GAG TTC ATC GCC ATC ATC TAT GGC AAC ACT CTG CAG TCC ATC CTG GCC ATC GTG AGG GCT ATG ACC ACG CTC AAC ATT CAG TAT GGA GAT TCG GCT CGG CAG GAC GAT GCC CGG AAG CTG ATG CAC ATG GCG GAT ACT ATT GAG GAA GGC ACA ATG CCC AAG GAG ATG TCA GAC ATC ATT CAG CGC CTG TGG AAG GAC TCC GGT ATC CAA GCT TGC TTT GAC CGA GCC TCA GAA TAC CAA CTC AAT GAC TCT GCT GGC TAC TAC CTT TCA GAC CTA GAG CGT CTG GTG ACT CCA GGA TAC GTG CCC ACT GAG CAG GAT GTG TTG CGT TCT CGT GTC AAA ACC ACT GGT ATT ATC GAG ACT CAA TTT TCC TTC AAG GAC CTC AAC TTC AGA ATG TTC GAT GTG GGC GGG CAG CGT TCT GAG CGC AAA AAG TGG ATC CAC TGC TTT GAG GGT GTG ACG TGC ATC ATT TTC ATC GCT GCG CTG AGC GCT TAC GAC ATG GTG CTG GTG GAG GAC GAC GAA GTG AAC CGA ATG CAC GAG AGC CTG CAC CTG TTC AAC AGC ATC TGC AAT CAC CGC TAC TTC GCC ACG ACG TCC ATC GTG CTC TTC CTC AAC AAG AAG GAC GTT TTC TCC GAG AAG ATA AAA AAG GCA CAC CTC AGC ATC TGC TTT CCC GAT TAC GAT GGA CCT AAC ACT TAC GAC GAT GCC GGC AAC TAC ATC AAA GTG CAG TTC CTG GAG CTT AAC ATG CGA CGT GAT GTG AAG GAG ATC TAT TCC CAC ATG ACC TGC GCT ACC GAC ACA CAG AAC GTC AAG TTT GTC TTT GAC GCC GTC ACC GAC ATT ATC ATC AAG GAG AAC CTC AAA GAC TGC GGG CTC TTC 



Printing out site pattern counts


         7        681  P G
G 2        1    226

Mus musculus          ATG AAA AAA AAA AAA AAA AAC AAC AAC AAC AAG AAG AAG AAG AAG AAT ACA ACA ACA ACC ACC ACC ACG ACG ACG ACG ACT ACT ACT ACT ACT ACT ACT ACT ACT AGA AGA AGC AGC AGC AGC ATA ATC ATC ATC ATC ATC ATC ATG ATG ATG ATT ATT ATT ATT ATT CAA CAC CAC CAC CAC CAG CAG CAG CAG CAG CAG CAG CAT CCA CCC CCC CCC CCT CGA CGA CGA CGC CGC CGC CGC CGG CGG CGG CGT CGT CGT CGT CGT CTA CTC CTC CTC CTC CTC CTC CTC CTG CTG CTG CTG CTG CTG CTG CTG CTG CTT CTT GAA GAA GAA GAA GAC GAC GAC GAC GAC GAC GAC GAC GAG GAG GAG GAG GAG GAG GAG GAG GAG GAG GAG GAG GAT GAT GAT GAT GAT GAT GAT GAT GCA GCA GCC GCC GCC GCC GCC GCC GCC GCC GCC GCG GCT GCT GCT GCT GCT GCT GCT GCT GGA GGA GGA GGC GGC GGC GGC GGG GGG GGG GGT GGT GGT GGT GGT GTC GTC GTC GTG GTG GTG GTG GTT GTT TAC TAC TAC TAC TAT TAT TAT TAT TAT TCA TCA TCA TCA TCC TCC TCC TCC TCC TCC TCC TCG TCG TCT TCT TGC TGC TGC TGC TGC TGC TGG TTC TTC TTC TTC TTC TTC TTG TTG TTT TTT TTT TTT 
Homo sapiens          ... ... ..G ..G ..G ..G ... ... ... ... ..A ... ... ... ... ..C ..G ..G ..G ... ... ... ..A ..C ... ... ..C ..C ..C ..C ..C ..G ..G ... ... ..G C.G ... ... ... ..T ..C ... ... ... ... ... ... ... ... ... ..C ..C ..C ..C ... ..G ... ... ... ... ... ... ... ... ... ... ... ..C ..G ... ... ..G ..C ..C ..C ..G ..A ... ... ..G ..C ..C ... ..A ..C ..C ..C ..C ..G ... ... ... ... ... ..G ..T ..A ..C ... ... ... ... ... ... T.. ..C ... ... ..G ..G ..G ... ... ... ... ... ... ..G ..T ..A ..A ... ... ... ... ... ... ... ... ... ... ..C ..C ..C ..C ..C ... ... ... ... ..G ..A ... ... ... ... ... ... ..G ..T ... ..C ..C ..C ..C ..G ... ... ... ... ... ..C ... ... ... ... ..C ... ... ..C ..C ... ... ... ... ... ... ..A ... ... ... ..A ..C ... ... ... ... ..C ..C ..C ..C ... ..C ..G ..G ..T ... ... ... ... ..G ..G .T. ..C ... ..C ..G ... ... ... ... ..T ..T ... ... ... ... ... ... ..T C.. C.. ..C ..C ... ... 
Canis lupus familiaris  ... ... ... ... ..G ..G ... ... ... ..T ..A ... ... ... ... ..C ... ..C ..G ..A ... ... ... ..C ... ..T ..C ..C ..C ..G ... ..C ..G ..C ..G ..G C.G ... ... ... ... ... ... ... ... ... ..T ..T ... ... ... ..C ..C ..C ... ... ..G ... ... ..T ..T ... ... ... ... ... ... ... ..C ..G ... ... ... ..C ..C ..C ... ..A ... ... ..G ..C ..C ... ... ..C ..C ..C ... ..G ... ... ... ... ... ..G ... ... ..C ..A ..C ... ... ... T.. ... ..C ... ... ..G ..G ..G ... ... ... ..T ..T ..T ..A ... ..A ..A ..A ..A ... ... ... ... ... ... ... ... ..C ..C ..C ... ... ..C ... ... ... ..G ... ... ... ... ... ..G ..G ..G ..T ... ..C ..C ..C ... ..G ..C ... ... ... ..G ..C ... ... ... ... ..C ... ... ..C ... ..G ... ... ... ... ... ..C ... ... ... ..G ... ... ... ... ... ..C ..C ..C ..C ... ..G ..G ..T ..T ..A ... ... ... ..A ... ... ... ... ..C ..G ... ... ... ..T ... ..T ... ... ... ... ... ..T ... C.. C.. ..C ..C ..C ... 
Bos taurus            ... ... ... ... ..G ..G ... ... ..T ... ... ..A ... ... ... ..C ..G ..C ..G ... ... ... ..A ..C ... ..A ..C ..C ..C ..G ... ..G ..G ..C ..G ..G C.G ... ..T ..T ... ..C ... ... ... ..T ... ..T ... ... ... ..C ..C ... ... ... ..G ... ... ... ... ..A ... ... ... ... ... ... ..C ..G ... ... ..G ..C ... ..C ... ..A ... ... ..G ..C ..C ..A ... ..C ..C ..C ..C ..G ... ... ... ..T ..T ..G ... ... ..T ... ... ... ... ... ... ..A ..C ... ... ... ..G ..G ... ... ..T ... ... ... ... ... ..A ..A ..A ... ..A ..A ... ... ... ... ... ... ..C ..C ..C ..C ... A.C ... ... ... ..G ..G ... ... ... ... ... ... ..T ..T ... ..C ..C ..C ..C ..G ... ... ... ... ..G ..C ... ... ... ... ... ... ... ... ..G ... ... ... ... ... ... ..A ... ... ... ..G ..C ... ... ..T ..T ..C ..C ..C ... ... ... ... ... ..T ..A ... ... ... ..A ..T ..G ..C ..A ..C ..C ... ... ..T ... ... ..T ... ... ... ..T ..T ... ... C.. C.. ..C ..C ..C ... 
Pan troglodytes       ... ... ..G ..G ..G ..G ... ... ... ... ..A ... ... ... ... ..C ..G ... ..G ... ... ... ..A ..C ... ... ..C ..C ..C ..C ..C ..G ..G ... ... ..G C.G ... ... ... ..T ..C ... ... ... ... ... ... ... ... ... ..C ..C ..C ..C ... ..G ... ... ... ... ... ... ... ... ... ... ... ..C ..G ... ... ..G ..C ..C ..C ..G ..A ... ... ..G ..C ..C ... ..A ..C ..C ..C ..C ..G ... ... ... ... ... ..G ..T ..A ..C ... ... ... ... ... ... T.. ..C ... ... ..G ..G ..G ... ... ... ... ... ... ..G ..T ..A ..A ... ... ... ... ..A ... ... ... ... ... ..C ..C ..C ..C ..C ... ... ... ... ..G ..A ... ... ... ... ... ..G ..G ..T ... ..C ..C ..C ..C ..G ... ... ... ... ... ..C ... ... ... ... ..C ... ... ..C ..C ... ... ... ... ... ... ..A ... ... ... ..A ..C ... ... ... ... ..C ..C ..C ..C ... ..C ..G ..G ..T ... ... ... ... ..G ..G .T. ..C ... ..C ..G ... ... ... ... ..T ..T ... ... ... ... ... ... ..T C.. C.. ..C ..C ... ... 
Danio rerio           ... ... ... ..G ... ..G ... ..T ... ... ... ..A ..A ..A ... ..C ... ..C ..C ..A ..A ... ..A ..C ..A ..C ..A ..C CAG ..C ... ..C ..C ... ..A ..G ..G ..T ... ..T ... ..C ... ..G ..T G.T ..T ... ... C.. T.A ..C ... ... ... ... ..G ... ..T ... ..T ... A.A ... ... .T. G.. GGC ..C ..C ..A ..T ..T ..C A.. ... ... A.G A.G ..T A.G A.. GCA A.. A.A A.G ..C ... ..A ..G ..A ... ..T ..G T.G ..G ..T ... T.A ... ... ... ..T T.. ..A A.. ..G ..G ... ..G ... ..G ... ..T ... ..A ... ..T ... ... ..A ... ... ..A ..A ... ... ..A ..A ..C ... ..T ..C ... ... ... ... ..C ... ... ... ..T ... ..A ... ..G .T. ..T ..T ..T ... ..T ..A ..C ..G ..C ... ..C ..A ..C ... ..T ..C A.. ..A ... ..T ..T ... ..T ... ... ... ..C ... ..A ... ..G A.C A.C ..C ... ..G ..G ... ..T ... .T. ..C ... ... ... ..C AAT ..G ... G.T ... ... ..G ..T ..A ..T GTG ..A ..C ... ..A ... ..T ... ... ... ... ... ... ..T ... ... ... ... C.. ... ..C ... ..C ... 
Rattus norvegicus     ... ... ..G ... ..G ... ... ... ... ... ... ... ..A ... ... ... ... ..G ... ... ... ... ... ... ... ..C ... ..C ... ... ... ... ... ... ... ... ... ... ... ... ... ... ... ... ... ... ... ... ... ... ... ... ... ... ..C ... ... ... ... ... ... ... ... ..A ... ... ... ... ..C ... ... ... ... ... ... ... ... ..G ... ... ... A.. ... ... ... ... ... ... ... ... ..T ... ... ... ... ..G ... ... ... ... ... ... ... ... ... ... ... ... ... ... ... ... ... ... ..T ..T ... ... ... ... ..A ..A ..A ... ... ... ... ..C ... ... ... ... ... ..C ... ... ..C ... ..C ... ..G ... ..T ... ... ... ... ... ..G ..T ..A ... ... ... ... ... ... ..C ... ... ... ... ... ... ... ... ... ... ... ... ... ... ... ... ... ... ... ... ... ... ... ... ..G ... ... ... ..T ... ... ..C ... ..C ... ... ... ... ..G ... ... ... ... ..T ..T ... ..C ... ..C ... ... ... ... ... ... ... ... ... ... ... ..T ..T ... ... C.. ... ... ... ... 

    1    2    1    1    1    3    8    1    1    1    1    1    1    7    8
    2    1    1    1    1    1    2    1    1    1    1    1    1    1    1
    1    1    1    1    1    1    1    2    2    1    1    1   10    1    4
    1    1    1    8    2    1    4    2    1    1    1    2    4    2    1
    1    1    1    1    5    1    1    1    1    1    1    1    1    1    1
    1    1    1    1    1    1    1    1    1    1    1    1    1    1    1
    1    5    1    1    1    1    1    1    1    1    1    3    4    1    1
    1    1    1    1    1    1    2    5    5    1    1    2    1    1    1
    1    1    1    1    1    1    1    1    3    1    9    1    2    1    2
    1    1    1    1    1    1    1    1    1    3    1    1    1    1    1
    1    1    1    1    1    1    1    1    1    2    1    1    1    1    1
    2    1    1    3    2    1    1    1    1    1    1    2    2    1    1
    3    7    1    1    4    2    1    1    1    1    1    1    1    1    1
    1    1    1    2    1    1    1    1    1    1    1    1    1    2    1
    1    1    2    1    2    7    1    2    1    1    1    1    1    1    1
    1    1

CODONML (in paml version 4.4b, July 2010)  torun.nuc
Model: One dN/dS ratio for branches Global clock  (2 genes: diff. rate & k&w)  
Codon frequency model: F3x4
ns =   7  ls = 350

Codon usage in sequences
--------------------------------------------------------------------------------------------------------------
Phe TTT  4  3  2  4  3  3 | Ser TCT  2  1  2  2  1  3 | Tyr TAT  5  1  1  4  1  5 | Cys TGT  0  3  2  2  3  1
    TTC 13 15 15 13 15 15 |     TCC  8  8  7  7  8  4 |     TAC  8 12 12  9 12  7 |     TGC  8  5  6  6  5  7
Leu TTA  0  0  0  0  0  2 |     TCA  4  0  2  6  0  4 | *** TAA  0  0  0  0  0  0 | *** TGA  0  0  0  0  0  0
    TTG  2  1  1  0  1  3 |     TCG  2  6  5  1  6  2 |     TAG  0  0  0  0  0  0 | Trp TGG  2  2  2  2  2  2
--------------------------------------------------------------------------------------------------------------
Leu CTT  2  2  1  4  2  6 | Pro CCT  1  0  0  0  0  2 | His CAT  1  0  2  0  0  3 | Arg CGT  5  0  2  1  0  2
    CTC 11 11 13  9 11  5 |     CCC  3  3  4  3  3  2 |     CAC  8  9  7  9  9  6 |     CGC  4 10  9  9 10  1
    CTA  1  1  1  1  1  2 |     CCA  1  0  0  0  0  1 | Gln CAA  2  0  0  1  0  0 |     CGA  3  2  2  4  2  3
    CTG 14 15 14 16 15 15 |     CCG  0  2  1  2  2  0 |     CAG 11 13 13 12 13 10 |     CGG  3  4  3  2  4  0
--------------------------------------------------------------------------------------------------------------
Ile ATT  9  1  4  5  1 10 | Thr ACT  9  2  2  1  2  2 | Asn AAT  2  0  1  1  0  2 | Ser AGT  0  1  0  3  1  3
    ATC 18 27 23 23 27 18 |     ACC  4 10 10 10 10 10 |     AAC 11 13 12 13 13 12 |     AGC  6  5  6  3  5  4
    ATA  1  0  1  0  0  0 |     ACA  3  1  2  2  2  7 | Lys AAA  8  3  5  5  3 14 | Arg AGA  2  0  0  0  0  2
Met ATG 12 12 12 12 12 11 |     ACG  4  7  6  7  6  0 |     AAG 18 23 21 21 23 13 |     AGG  0  1  1  1  1  8
--------------------------------------------------------------------------------------------------------------
Val GTT  2  0  1  0  0  1 | Ala GCT  9  5  5  6  5  7 | Asp GAT 10  4  8  4  4 14 | Gly GGT  5  3  3  4  3  9
    GTC  5  6  6  6  6  6 |     GCC 11 12 11 12 11 10 |     GAC 17 22 18 22 22 14 |     GGC  5  9  8  6  9  5
    GTA  0  2  0  1  2  1 |     GCA  2  2  1  1  2  5 | Glu GAA  5  3  6  7  4 10 |     GGA  3  2  1  1  2  2
    GTG 12 11 12 12 11 12 |     GCG  1  4  6  4  5  2 |     GAG 22 25 22 20 24 17 |     GGG  6  5  7  8  5  3
--------------------------------------------------------------------------------------------------------------

--------------------------------------------------
Phe TTT  6 | Ser TCT  3 | Tyr TAT  4 | Cys TGT  0
    TTC 11 |     TCC  8 |     TAC  9 |     TGC  8
Leu TTA  0 |     TCA  3 | *** TAA  0 | *** TGA  0
    TTG  1 |     TCG  2 |     TAG  0 | Trp TGG  2
--------------------------------------------------
Leu CTT  3 | Pro CCT  1 | His CAT  0 | Arg CGT  5
    CTC  9 |     CCC  3 |     CAC  9 |     CGC  3
    CTA  1 |     CCA  1 | Gln CAA  3 |     CGA  3
    CTG 16 |     CCG  0 |     CAG 10 |     CGG  3
--------------------------------------------------
Ile ATT  8 | Thr ACT  8 | Asn AAT  2 | Ser AGT  0
    ATC 19 |     ACC  6 |     AAC 11 |     AGC  6
    ATA  1 |     ACA  2 | Lys AAA  7 | Arg AGA  2
Met ATG 12 |     ACG  4 |     AAG 19 |     AGG  1
--------------------------------------------------
Val GTT  1 | Ala GCT 10 | Asp GAT  9 | Gly GGT  5
    GTC  5 |     GCC  8 |     GAC 19 |     GGC  5
    GTA  0 |     GCA  2 | Glu GAA  8 |     GGA  3
    GTG 13 |     GCG  3 |     GAG 18 |     GGG  6
--------------------------------------------------

Codon position x base (3x4) table for each sequence.

#1: Mus musculus   
position  1:    T:0.16571    C:0.20000    A:0.30571    G:0.32857
position  2:    T:0.30286    C:0.18286    A:0.36571    G:0.14857
position  3:    T:0.18857    C:0.40000    A:0.10000    G:0.31143
Average         T:0.21905    C:0.26095    A:0.25714    G:0.26286

#2: Homo sapiens   
position  1:    T:0.16286    C:0.20571    A:0.30286    G:0.32857
position  2:    T:0.30571    C:0.18000    A:0.36571    G:0.14857
position  3:    T:0.07429    C:0.50571    A:0.04571    G:0.37429
Average         T:0.18095    C:0.29714    A:0.23810    G:0.28381

#3: Canis lupus familiaris
position  1:    T:0.16286    C:0.20571    A:0.30286    G:0.32857
position  2:    T:0.30286    C:0.18286    A:0.36571    G:0.14857
position  3:    T:0.10286    C:0.47714    A:0.06000    G:0.36000
Average         T:0.18952    C:0.28857    A:0.24286    G:0.27905

#4: Bos taurus     
position  1:    T:0.16000    C:0.20857    A:0.30571    G:0.32571
position  2:    T:0.30286    C:0.18286    A:0.36571    G:0.14857
position  3:    T:0.11714    C:0.45714    A:0.08286    G:0.34286
Average         T:0.19333    C:0.28286    A:0.25143    G:0.27238

#5: Pan troglodytes
position  1:    T:0.16286    C:0.20571    A:0.30286    G:0.32857
position  2:    T:0.30571    C:0.18000    A:0.36571    G:0.14857
position  3:    T:0.07429    C:0.50286    A:0.05143    G:0.37143
Average         T:0.18095    C:0.29619    A:0.24000    G:0.28286

#6: Danio rerio    
position  1:    T:0.16571    C:0.16571    A:0.33143    G:0.33714
position  2:    T:0.31429    C:0.17429    A:0.36286    G:0.14857
position  3:    T:0.20857    C:0.36000    A:0.15143    G:0.28000
Average         T:0.22952    C:0.23333    A:0.28190    G:0.25524

#7: Rattus norvegicus
position  1:    T:0.16286    C:0.20000    A:0.30857    G:0.32857
position  2:    T:0.30286    C:0.18286    A:0.36571    G:0.14857
position  3:    T:0.18571    C:0.39714    A:0.10286    G:0.31429
Average         T:0.21714    C:0.26000    A:0.25905    G:0.26381

Codon usage in genes
--------------------------------------------------------------
Phe TTT  0 25 | Ser TCT  0 14 | Tyr TAT  0 21 | Cys TGT  0 11
    TTC  0 97 |     TCC  0 50 |     TAC  0 69 |     TGC  0 45
Leu TTA  0  2 |     TCA  0 19 | *** TAA  0  0 | *** TGA  0  0
    TTG  0  9 |     TCG  0 24 |     TAG  0  0 | Trp TGG  0 14
--------------------------------------------------------------
Leu CTT  0 20 | Pro CCT  0  4 | His CAT  0  6 | Arg CGT  0 15
    CTC  0 69 |     CCC  0 21 |     CAC  0 57 |     CGC  0 46
    CTA  0  8 |     CCA  0  3 | Gln CAA  0  6 |     CGA  0 19
    CTG  0 105 |     CCG  0  7 |     CAG  0 82 |     CGG  0 19
--------------------------------------------------------------
Ile ATT  0 38 | Thr ACT  0 26 | Asn AAT  0  8 | Ser AGT  0  8
    ATC  0 155 |     ACC  0 60 |     AAC  0 85 |     AGC  0 35
    ATA  0  3 |     ACA  0 19 | Lys AAA  0 45 | Arg AGA  0  6
Met ATG  7 76 |     ACG  0 34 |     AAG  0 138 |     AGG  0 13
--------------------------------------------------------------
Val GTT  0  5 | Ala GCT  0 47 | Asp GAT  0 53 | Gly GGT  0 32
    GTC  0 40 |     GCC  0 75 |     GAC  0 134 |     GGC  0 47
    GTA  0  6 |     GCA  0 15 | Glu GAA  0 43 |     GGA  0 14
    GTG  0 83 |     GCG  0 25 |     GAG  0 148 |     GGG  0 40
--------------------------------------------------------------

Codon position x base (3x4) table for each gene.


Gene #1
position  1:    T:0.00000    C:0.00000    A:1.00000    G:0.00000
position  2:    T:1.00000    C:0.00000    A:0.00000    G:0.00000
position  3:    T:0.00000    C:0.00000    A:0.00000    G:1.00000
Average         T:0.33333    C:0.00000    A:0.33333    G:0.33333

Gene #2
position  1:    T:0.16373    C:0.19935    A:0.30659    G:0.33033
position  2:    T:0.30332    C:0.18133    A:0.36635    G:0.14900
position  3:    T:0.13631    C:0.44413    A:0.08514    G:0.33442
Average         T:0.20112    C:0.27494    A:0.25269    G:0.27125

Sums of codon usage counts
------------------------------------------------------------------------------
Phe F TTT      25 | Ser S TCT      14 | Tyr Y TAT      21 | Cys C TGT      11
      TTC      97 |       TCC      50 |       TAC      69 |       TGC      45
Leu L TTA       2 |       TCA      19 | *** * TAA       0 | *** * TGA       0
      TTG       9 |       TCG      24 |       TAG       0 | Trp W TGG      14
------------------------------------------------------------------------------
Leu L CTT      20 | Pro P CCT       4 | His H CAT       6 | Arg R CGT      15
      CTC      69 |       CCC      21 |       CAC      57 |       CGC      46
      CTA       8 |       CCA       3 | Gln Q CAA       6 |       CGA      19
      CTG     105 |       CCG       7 |       CAG      82 |       CGG      19
------------------------------------------------------------------------------
Ile I ATT      38 | Thr T ACT      26 | Asn N AAT       8 | Ser S AGT       8
      ATC     155 |       ACC      60 |       AAC      85 |       AGC      35
      ATA       3 |       ACA      19 | Lys K AAA      45 | Arg R AGA       6
Met M ATG      83 |       ACG      34 |       AAG     138 |       AGG      13
------------------------------------------------------------------------------
Val V GTT       5 | Ala A GCT      47 | Asp D GAT      53 | Gly G GGT      32
      GTC      40 |       GCC      75 |       GAC     134 |       GGC      47
      GTA       6 |       GCA      15 | Glu E GAA      43 |       GGA      14
      GTG      83 |       GCG      25 |       GAG     148 |       GGG      40
------------------------------------------------------------------------------


Codon position x base (3x4) table, overall

position  1:    T:0.16327    C:0.19878    A:0.30857    G:0.32939
position  2:    T:0.30531    C:0.18082    A:0.36531    G:0.14857
position  3:    T:0.13592    C:0.44286    A:0.08490    G:0.33633
Average         T:0.20150    C:0.27415    A:0.25293    G:0.27143


Nei & Gojobori 1986. dN/dS (dN, dS)
(Note: This matrix is not used in later ML. analysis.
Use runmode = -2 for ML pairwise comparison.)

Mus musculus        
Homo sapiens         0.0034 (0.0025 0.7314)
Canis lupus familiaris 0.0017 (0.0012 0.7423) 0.0036 (0.0012 0.3376)
Bos taurus           0.0015 (0.0012 0.7966) 0.0125 (0.0043 0.3461) 0.0067 (0.0025 0.3698)
Pan troglodytes      0.0033 (0.0025 0.7427) 0.0000 (0.0000 0.0129) 0.0036 (0.0012 0.3376) 0.0120 (0.0043 0.3597)
Danio rerio          0.0261 (0.0466 1.7864) 0.0255 (0.0461 1.8104) 0.0324 (0.0486 1.5021) 0.0304 (0.0478 1.5722) 0.0248 (0.0461 1.8598)
Rattus norvegicus    0.0066 (0.0012 0.1869) 0.0070 (0.0049 0.7082) 0.0052 (0.0037 0.7078) 0.0050 (0.0037 0.7367) 0.0069 (0.0049 0.7192) 0.0204 (0.0467 2.2850)


TREE #  1:  ((((2, 5), (1, 7)), (4, 3)), 6);   MP score: 374
check convergence..
lnL(ntime:  6  np: 11):  -2705.894205      +0.000000
   8..9     9..10   10..11   11..2    11..5    10..12   12..1    12..7     9..13   13..4    13..3     8..6  
 0.607459 0.035618 0.035618 0.000765 0.007826 0.025398 7.106727 19.331675 0.000100 3.078502 0.002447
SEs for parameters:
 3373.575566 197.817364 197.807383 4.246012 43.463576 141.047752 39467.960142 -1.000000 -1.000000 0.426539 0.000801
Note: Branch length is defined for the first gene (site partition).
For other genes, look at "rates for genes".

tree length =   1.32014 (1st gene)

((((2: 0.000765, 5: 0.000765): 0.034854, (1: 0.007826, 7: 0.007826): 0.027792): 0.000000, (4: 0.025398, 3: 0.025398): 0.010220): 0.571840, 6: 0.607459);

((((Homo sapiens: 0.000765, Pan troglodytes: 0.000765): 0.034854, (Mus musculus: 0.007826, Rattus norvegicus: 0.007826): 0.027792): 0.000000, (Bos taurus: 0.025398, Canis lupus familiaris: 0.025398): 0.010220): 0.571840, Danio rerio: 0.607459);

Detailed output identifying parameters

rates for 2 genes:     1  7.10673

gene # 1: kappa =  19.33167 omega =   0.00010
gene # 2: kappa =   3.07850 omega =   0.00245

Time used:  1:28
