
seed used = 1418853829
      7   1077

Danio rerio                                ATG ACT TTA GAG TCG ATG ATG GCC TGC TGC CTG AGC GAA GAG GCC AAG GAG TCA AAA CGA ATC AAC GCC GAA ATC GAT AAG CAG CTG CGC CGG GAC AAA CGC GAT GCA AGA CGG GAG CTG AAG CTG CTT CTA CTC GGA ACT GGT GAG AGC GGC AAG AGT ACG TTC ATC AAA CAG ATG CGC ATC ATC CAT GGC GCC GGA TAC ACA GAT GAG GAC AAG CGC GGC TTC ACC AAG CTG GTG TAC CAG AAC ATC TTT ACC TCC ATG CAG GCC ATG ATC CGC GCC ACA GAG ACC CTG AAG ATC GGC TAC AAG TAT GAA CAG AAT AAG GCC AAC GCT ATG CTG GTG AAG GAG GTG GAC ATC GAG AAG GTG ATG TCC TTT GAC CAC CCC TAC ATT AAT GCC GTA AAG ATG CTG TGG TCT GAC CCA GGC ATT CAG GAG GCC TAC GAC AGA CGC CGA GAG TAC CAG CTG TCA GAC TCC ACC AAA TAT TAT CTG TCT GAT CTG GAT CGT ATT GCC GAA TCT TCG TAC CTT CCC ACC CAG CAG GAT GTC CTG AGG GTT CGA ATC CCG ACC ACG GGG ATC ATT GAA TAC CCA TTC GAC CTT CAA AGC ATC ATT TTC AGA ATG GTT GAT GTC GGG GGT CAG AGG TCA GAG CGC AGG AAG TGG ATC CAC TGT TTT GAG AAT GTG ACG TCC ATC ATG TTT CTG GTG GCG CTG AGC GAA TAC GAT CAG GTT CTG GTG GAA TCA GAC AAC GAG AAT CGT ATG GAG GAG AGC AAG GCT CTG TTC AGG ACG ATA ATC ACA TAT CCA TGG TTC CAG AAC TCC TCA GTC ATC CTC TTC CTC AAC AAG AAG GAT CTG CTG GAG GAG AAG ATC TCC TAC TCA CAC CTG GTG GAC TAT TTC CCA GAG TTT GAC GGG CCC CAA AGG GAT GCC CAA GCT GCA CGT GAG TTC ATC CTG AAG ATG TTT GTG GAT CTG AAC CCT GAC AGC GAC AAG ATC ATC TAC TCT CAT TTC ACC TGC GCC ACC GAC ACA GAG AAC ATC CGC TTT GTG TTT GCA GCG GTG AAA GAC ACC ATC CTG CAG CTA AAC CTG AAG GAG TAC AAC CTG GTG 
Mus musculus                               ATG ACT CTG GAG TCC ATG ATG GCG TGT TGC CTG AGC GAC GAG GTG AAG GAG TCG AAG CGC ATC AAC GCG GAG ATC GAG AAA CAG CTG CGG CGG GAC AAG CGC GAC GCC CGG CGC GAG CTC AAG CTG CTG CTA CTT GGC ACT GGC GAG AGC GGG AAG AGT ACC TTC ATC AAG CAG ATG CGC ATC ATC CAC GGG GCC GGC TAC TCG GAG GAG GAC AAG CGC GGC TTC ACC AAG TTG GTG TAC CAG AAC ATC TTT ACC GCC ATG CAG GCC ATG GTG CGC GCC ATG GAG ACG CTC AAG ATC CTC TAC AAG TAT GAG CAG AAC AAG GCC AAT GCA CTC CTG ATC CGG GAG GTC GAT GTG GAG AAG GTC ACA ACT TTT GAG CAC CAG TAT GTG AAT GCC ATC AAG ACG CTG TGG AGT GAC CCT GGT GTC CAG GAG TGT TAC GAT CGC AGG CGG GAG TTC CAG CTA TCT GAC TCG GCT AAG TAC TAC TTG ACG GAC GTG GAC CGC ATC GCC ACA GTA GGC TAC CTG CCC ACC CAG CAG GAT GTG CTG CGG GTA CGC GTG CCC ACC ACT GGC ATC ATC GAG TAC CCG TTT GAC CTG GAG AAC ATC ATC TTC AGG ATG GTG GAT GTG GGC GGG CAG AGG TCA GAG CGC AGG AAG TGG ATC CAT TGC TTT GAG AAC GTG ACT TCC ATC ATG TTC TTG GTG GCA CTA AGC GAG TAT GAC CAA GTC CTG GTG GAG TCA GAC AAT GAG AAC CGC ATG GAG GAG AGC AAG GCC CTG TTC CGC ACA ATC ATC ACC TAC CCC TGG TTC CAG AAC TCG TCT GTC ATT CTC TTC CTC AAC AAG AAG GAC CTT CTA GAA GAC AAG ATC CTG CAC TCA CAC TTG GTC GAT TAC TTC CCT GAG TTT GAT GGG CCA CAG AGG GAT GCA CAG GCC GCA CGC GAG TTC ATT CTG AAG ATG TTT GTG GAC CTG AAC CCT GAC AGC GAC AAA ATC ATC TAC TCC CAC TTC ACG TGT GCC ACC GAC ACC GAG AAC ATC CGC TTT GTG TTC GCA GCT GTG AAG GAC ACC ATC CTG CAG CTG AAC CTG AAG GAG TAC AAC CTG GTG 
Bos taurus                                 --- --- --- --- --- --- ATG GCG TGT TGC CTG AGC GAT GAG GTG AAG GAG TCC AAG CGG ATC AAC GCC GAG ATC GAG AAG CAG CTG CGG CGG GAC AAG CGC GAC GCC CGG CGC GAG CTC AAG CTG CTG CTG CTC GGC ACG GGC GAG AGC GGG AAG AGC ACG TTC ATC AAG CAG ATG CGC ATC ATC CAC GGG GCG GGC TAC TCA GAG GAG GAC AAG CGG GGC TTC ACC AAA CTG GTG TAC CAG AAC ATC TTC ACC GCC ATG CAG GCC ATG ATC CGC GCC ATG GAA ACG CTG AAG ATC CTC TAC AAG TAC GAG CAG AAC AAG GCC AAC GCA CTC CTG ATC CGG GAG GTG GAT GTG GAA AAG GTG ACG ACC TTC GAG CAC CGG TAC GTG AGC GCC ATC AAG ACC CTG TGG AAC GAC CCC GGC ATC CAG GAG TGC TAT GAC CGC CGG CGC GAG TAC CAG CTC TCG GAC TCC GCC AAG TAC TAC CTG ACG GAC GTG GAC CGC ATT GCC ACC TCA GGC TAC CTG CCC ACC CAG CAG GAC GTG CTG CGG GTG CGC GTG CCC ACC ACG GGC ATC ATC GAA TAC CCC TTC GAC CTG GAG AAC ATC ATC TTC AGG ATG GTG GAT GTG GGG GGC CAG AGG TCC GAG CGG AGG AAG TGG ATT CAC TGC TTT GAG AAC GTG ACG TCC ATC ATG TTC CTT GTG GCC CTT AGT GAG TAC GAC CAA GTG CTG GTG GAA TCG GAC AAC GAG AAC CGC ATG GAG GAG AGC AAG GCG CTG TTC CGG ACC ATC GTC ACC TAC CCC TGG TTC CAG AAC TCA TCC GTC ATC CTC TTC CTC AAC AAG AAG GAC CTG CTG GAG GAC AAG ATC CTC CAC TCC CAC CTG GTG GAC TAC TTC CCG GAG TTC GAC GGC CCC CAG CGG GAC GCG CAG GCT GCC CGG GAG TTC ATC CTG AAG ATG TTC GTG GAC CTA AAC CCC GAC AGC GAC AAG ATC ATC TAC TCG CAC TTC ACC TGC GCC ACC GAC ACA GAG AAC ATC CGT TTC GTC TTC GCT GCT GTC AAG GAC ACC ATC CTG CAG CTC AAC CTG AAG GAG TAC AAC CTG GTG 
Gallus gallus                              ATG ACT CTG GAG TCC ATG ATG GCT TGT TGC CTG AGC GAC GAG GTG AAG GAG TCG AAA CGC ATC AAC GCG GAG ATC GAG AAG CAG CTG CGG AGG GAC AAA CGC GAC GCC CGG CGA GAG CTG AAG CTG CTG CTG TTG GGC ACT GGG GAG AGT GGA AAA AGC ACG TTC ATT AAG CAA ATG CGT ATC ATT CAT GGC TCA GGC TAC TCT GAA GAG GAC AAA AAA GGT TTT ACC AAG CTG GTA TAT CAA AAC ATC TTC ACT GCC ATG CAG TCC ATG ATC AGG GCC ATG GAA ACC CTG AAG ATT CTG TAC AAA TAC GAA CAG AAC AAG GCC AAC GCA GTC CTG ATC CGG GAA GTG GAT GTA GAA AAG GTC ATG ACA TTT GAG CAG CCC TAC GTA AGT GCA ATT AAA ACC TTG TGG AAC GAC CCT GGA ATA CAG GAG TGT TAT GAC AGA AGA AGA GAA TAC CAA CTT TCT GAT TCA GCT AAA TAC TAT CTC AGC GAC GTG GAT CGT ATC GCT ACC CCG GGA TAT CTA CCA ACT CAG CAA GAT GTG CTA CGG GTT CGA GTT CCT ACG ACT GGG ATC ATA GAG TAC CCC TTT GAC CTA GAG AAT ATT ATC TTC AGA ATG GTG GAT GTT GGA GGT CAG AGA TCA GAA CGG AGG AAG TGG ATC CAT TGC TTT GAA AAT GTG ACT TCC ATC ATG TTT TTA GTA GCA CTT AGT GAA TAT GAC CAA GTT CTG GTG GAG TCT GAT AAT GAG AAC CGG ATG GAA GAG AGT AAA GCC CTC TTC CGA ACC ATT ATC ACT TAT CCC TGG TTC CAA AAC TCA TCG GTT ATC CTC TTC CTG AAC AAG AAG GAT CTG CTG GAA GAC AAG ATC CTC TAT TCC CAT CTC GTT GAC TAT TTC CCA GAG TTT GAT GGC CCG CAG AGG GAC GCT CAG GCA GCC CGT GAG TTC ATC CTG AAG ATG TTT GTG GAT TTG AAT CCA GAC AGC GAC AAA ATC ATC TAC TCC CAC TTC ACG TGT GCC ACA GAC ACA GAG AAT ATC CGC TTC GTC TTT GCA GCC GTG AAG GAC ACC ATC CTA CAG CTC AAC CTG AAG GAG TAC AAC CTG GTT 
Homo sapiens                               ATG ACT CTG GAG TCC ATG ATG GCG TGT TGC CTG AGC GAT GAG GTG AAG GAG TCC AAG CGG ATC AAC GCC GAG ATC GAG AAG CAG CTG CGG CGG GAC AAG CGC GAC GCC CGG CGC GAG CTC AAG CTG CTG CTG CTC GGC ACG GGC GAG AGC GGG AAG AGC ACG TTC ATC AAG CAG ATG CGC ATC ATC CAC GGC GCC GGC TAC TCG GAG GAG GAC AAG CGC GGC TTC ACC AAG CTC GTC TAC CAG AAC ATC TTC ACC GCC ATG CAG GCC ATG ATC CGG GCC ATG GAG ACG CTC AAG ATC CTC TAC AAG TAC GAG CAG AAC AAG GCC AAT GCG CTC CTG ATC CGG GAG GTG GAC GTG GAG AAG GTG ACC ACC TTC GAG CAT CAG TAC GTC AGT GCC ATC AAG ACC CTG TGG GAG GAC CCG GGC ATC CAG GAA TGC TAC GAC CGC AGG CGC GAG TAC CAG CTC TCC GAC TCT GCC AAG TAC TAC CTG ACC GAC GTT GAC CGC ATC GCC ACC TTG GGC TAC CTG CCC ACC CAG CAG GAC GTG CTG CGG GTC CGC GTG CCC ACC ACC GGC ATC ATC GAG TAC CCT TTC GAC CTG GAG AAC ATC ATC TTC CGG ATG GTG GAT GTG GGG GGC CAG CGG TCG GAG CGG AGG AAG TGG ATC CAC TGC TTT GAG AAC GTG ACA TCC ATC ATG TTT CTC GTC GCC CTC AGC GAA TAC GAC CAA GTC CTG GTG GAG TCG GAC AAC GAG AAC CGG ATG GAG GAG AGC AAA GCC CTG TTC CGG ACC ATC ATC ACC TAC CCC TGG TTC CAG AAC TCC TCC GTC ATC CTC TTC CTC AAC AAG AAG GAC CTG CTG GAG GAC AAG ATC CTG TAC TCG CAC CTG GTG GAC TAC TTC CCC GAG TTC GAT GGT CCC CAG CGG GAC GCC CAG GCG GCG CGG GAG TTC ATC CTG AAG ATG TTC GTG GAC CTG AAC CCC GAC AGC GAC AAG ATC ATC TAC TCA CAC TTC ACG TGT GCC ACC GAC ACG GAG AAC ATC CGC TTC GTG TTC GCG GCC GTG AAG GAC ACC ATC CTG CAG CTC AAC CTC AAG GAG TAC AAC CTG GTC 
Rattus norvegicus                          ATG ACT CTG GAG TCC ATG ATA GCG TGT TGC CTG AGC GAC GAG GTG AAG GAG TCG AAG CGC ATC AAC GCG GAG ATC GAG AAA CAG CTG CGG CGA GAC AAG CGC GAC GCC CGG CGC GAG CTC AAG CTG CTG CTT CTC GGC ACT GGC GAG AGC GGG AAG AGC ACC TTC ATC AAG CAG ATG CGC ATC ATC CAT GGC GCC GGC TAC TCG GAG GAG GAC AAA CGC GGC TTC ACA AAG CTG GTG TAC CAG AAC ATC TTC ACC GCC ATG CAG GCT GTG GTG CGC GCT ATG GAC ACG CTC AAG ATC CGC TAC AAG TAT GAG CAG AAC AAG GCC AAT GCA CTC CTG ATC CGG GAG GTT GAT GTG GAG AAG GTC ACG ACT TTT GAG CAT CAG TAT GTG AAC GCC ATC AAG ACA CTG TGG AGT GAC CCT GGT GTC CAG GAG TGC TAC GAT CGC AGG CGA GAG TTC CAG CTC TCT GAC TCG GCT AAG TAC TAC TTG ACG GAC GTG GAC CGC ATC GCT ACA GTA GGC TAC CTG CCC ACC CAG CAG GAT GTG CTG CGG GTA CGT GTG CCC ACA ACT GGC ATC ATC GAG TAC CCG TTT GAC CTG GAG AAC ATC ATC TTC AGG ATG GTG GAT GTG GGC GGG CAG AGG TCA GAG CGC AGG AAG TGG ATC CAT TGC TTT GAG AAT GTC ACG TCC ATC ATG TTC TTG GTG GCA TTA AGC GAG TAT GAC CAG GTC CTG GTG GAG TCG GAC AAC GAG AAC CGC ATG GAG GAG AGC AAG GCC CTG TTC CGC ACA ATC ATC ACC TAC CCC TGG TTC CAG CAC TCG TCT GTG ATC CTC TTC CTC AAC AAG AAG GAC CTT CTG GAA GAC AAG ATC CTG CAC TCA CAC TTG GTC GAC TAC TTC CCC GAG TTC GAT GGG CCA CAG AGG GAC GCA CAG GCC GCC CGC GAG TTC ATC CTG AAG ATG TTT GTG GAT CTG AAC CCC GAC AGC GAC AAG ATC ATC TAC TCG CAC TTC ACC TGC GCC ACG GAC ACC GAA AAC ATC CGC TTC GTG TTT GCT GCC GTG AAG GAC ACC ATC CTG CAG CTG AAC CTG AAG GAG TAC AAC CTG GTC 
Canis lupus familiaris                     ATG ACT CTG GAG TCC ATG ATG GCG TGC TGC CTC AGC GAT GAG GTG AAG GAG TCC AAG CGG ATC AAC GCC GAG ATC GAG AAG CAG CTG CGG CGG GAC AAG CGC GAC GCC CGG CGC GAG CTC AAG CTG CTG CTG CTC GGT ACT GGC GAG AGC GGC AAG AGC ACG TTC ATC AAG CAG ATG CGG ATC ATC CAT GGC GCG GGC TAC TCG GAG GAG GAC AAG CGG GGC TTC ACC AAG CTC GTG TAC CAG AAC ATC TTC ACC GCC ATG CAG GCC ATG ATC CGC GCC ATG GAG ACG CTA AAG ATC CTG TAC AAG TAC GAG CAG AAC AAG GCC AAC GCG CTC CTC ATC CGC GAG GTA GAT GTG GAG AAG GTG ACG ACC TTC GAG CAC CGG TAT GTC CAC GCC ATC AAG ACC CTG TGG GAC GAC CCT GGC ATT CAG GAG TGC TAC GAC CGG AGG CGG GAA TAT CAG CTC TCG GAC TCC GCT AAG TAC TAC CTG GCC GAC GTG GAC CGC ATC GCC ACC TCG GGC TAC CTG CCC ACC CAG CAG GAT GTG CTG CGG GTC CGA GTG CCC ACC ACT GGC ATC ATC GAG TAC CCT TTC GAC CTG GAG AAC ATC ATC TTC AGG ATG GTG GAT GTG GGA GGA CAG AGG TCA GAG CGG AGG AAG TGG ATC CAC TGC TTT GAG AAT GTG ACG TCC ATC ATG TTC CTT GTA GCC CTA AGT GAA TAT GAC CAA GTG CTG GTG GAG TCG GAC AAC GAG AAC CGC ATG GAG GAG AGC AAA GCC CTC TTC CGG ACC ATC ATC ACC TAC CCC TGG TTC CAG AAC TCC TCG GTT ATC CTC TTC CTC AAC AAG AAA GAC CTG CTG GAG GAT AAG ATT CTG CAC TCC CAC CTG GTG GAC TAC TTC CCC GAG TTC GAT GGG CCG CAG CGG GAC GCC CAG GCC GCC CGG GAG TTC ATC CTG AAG ATG TTT GTG GAC CTG AAC CCC GAC AGC GAC AAG ATC ATC TAC TCG CAC TTC ACG TGC GCC ACC GAC ACG GAG AAC ATC CGC TTC GTG TTC GCG GCC GTC AAG GAC ACC ATC CTG CAG CTC AAC CTG AAG GAG TAC AAC CTG GTC 



Printing out site pattern counts


         7        765  P G
G 2        1    254

Danio rerio                                 GTG AAA AAA AAC AAC AAC AAC AAC AAG AAG AAG AAG AAG AAG AAG AAG AAG AAT AAT AAT ACA ACA ACA ACA ACC ACC ACC ACC ACC ACC ACC ACC ACG ACG ACG ACG ACT ACT AGA AGA AGA AGC AGC AGC AGC AGG AGG AGG AGG AGG AGT ATA ATC ATC ATC ATC ATC ATC ATC ATC ATC ATG ATG ATG ATG ATG ATG ATG ATT ATT ATT ATT ATT CAA CAA CAC CAC CAC CAG CAG CAG CAT CAT CCA CCA CCA CCA CCC CCC CCC CCG CCT CGA CGA CGA CGC CGC CGC CGC CGC CGC CGC CGC CGG CGG CGT CGT CGT CTA CTA CTC CTC CTC CTG CTG CTG CTG CTG CTG CTG CTG CTG CTG CTG CTG CTG CTG CTG CTG CTG CTT CTT GAA GAA GAA GAA GAA GAA GAC GAC GAC GAC GAC GAC GAC GAG GAG GAG GAG GAG GAG GAG GAG GAG GAG GAT GAT GAT GAT GAT GAT GAT GAT GCA GCA GCA GCC GCC GCC GCC GCC GCC GCC GCC GCC GCC GCC GCG GCG GCT GCT GCT GGA GGA GGC GGC GGC GGC GGC GGG GGG GGG GGT GGT GTA GTC GTC GTC GTG GTG GTG GTG GTG GTG GTG GTG GTG GTG GTT GTT GTT TAC TAC TAC TAC TAC TAC TAC TAT TAT TAT TCA TCA TCA TCA TCA TCA TCC TCC TCC TCC TCC TCC TCG TCG TCT TCT TCT TCT TGC TGC TGC TGG TGT TTA TTC TTC TTC TTT TTT TTT TTT TTT TTT TTT
Mus musculus                                GTG AAG AAG AAC AAC AAC AAT AAT AAA AAA AAG AAG AAG AAG AAG AAG CGG AAC AAC AAT ACC ACC ATG TCG ACC ACC ACC ACC ACC ACG ACG GCT ACA ACC ACT ACT ACT ACT AGG CGC CGG AAC AGC AGC AGC AGG AGG AGG CGC CGG AGT ATC ATC ATC ATC ATC ATC ATT GTG GTG GTG ACA ACG ATG ATG ATG ATG CTC ATC ATC ATC GTC GTG CAG GAG CAC CAC CAT CAA CAG CAG CAC CAC CCC CCG CCT CCT CAG CCA CCC CCC CCT CGC CGC CGG AGG CGC CGC CGC CGC CGC CGC CGG CGC CGG CGC CGC CGC CTA CTG CTC CTC CTT CTA CTA CTA CTC CTC CTG CTG CTG CTG CTG CTG CTG CTT GTG TTG TTG TTG CTG CTG ACA GAC GAG GAG GAG GAG GAC GAC GAG GAT GAT GAT GAT GAA GAC GAG GAG GAG GAG GAG GAG GAG GAG GAC GAC GAC GAG GAG GAT GAT GAT GCA GCA GCC GCA GCC GCC GCC GCC GCC GCC GCG GCG GTG TGT GCA GCT GCA GCC GCC GGC GGC CTC GGC GGG GGG GGT GGC GGC GGG GGC GGG ATC GTC GTG GTG ATC GTC GTC GTC GTG GTG GTG GTG GTG GTG GTA GTC GTG CAC TAC TAC TAC TAT TAT TTC TAC TAC TAT TCA TCA TCA TCG TCT TCT ACT CTG GCC TCC TCG TCG GGC TCC ACG AGT GTA TCC TGC TGT TGT TGG TGC CTG TTC TTC TTT TTC TTC TTT TTT TTT TTT TTT
Bos taurus                                  GTG AAG AAG AAC AAC AAC AAC AAC AAG AAG AAA AAG AAG AAG AAG AAG CGG AAC AAC AGC ACA ACC ATG TCA ACC ACC ACC ACC ACC ACC ACG GCC ACC ACG ACG ACG --- ACG AGG CGC CGG AAC AGC AGC AGT AGG AGG CGG CGG CGG AGC ATC ATC ATC ATC ATT GTC ATC ATC GTG GTG ACG ACC --- ATG ATG ATG CTC ATC ATC ATT ATC GTG CAG GAG CAC CAC CAC CAA CAG CAG CAC CAC CCC CCC CCC CCG CGG CCC CCC CCC CCC CGC CGG CGC CGG CGC CGC CGC CGG CGG CGT CGG CGC CGG CGC CGC CGG CTG CTC CTC CTC CTC CTC CTG CTT CTC CTG CTA CTG CTG CTG CTG CTG CTG CTG GTG CTG CTG CTT CTG CTG ACC GAT GAA GAG GAG GAG GAC GAC GAG GAC GAC GAC GAT GAG GAC --- GAA GAA GAG GAG GAG GAG GAG GAC GAC GAC GAG GAG GAC GAC GAT GCC GCT GCC GCG GCC GCC GCC GCC GCC GCG GCC GCG GTG TGC GCC GCT GCA GCG GCT GGC GGC CTC GGC GGG GGG GGC GGC GGG GGC GGC GGC ATC GTC GTG GTG ATC GTG GTG GTG GTC GTC GTG GTG GTG GTG GTG GTG GTG CAC TAC TAC TAT TAC TAC TAC TAC TAC TAC TCC TCC TCG TCC TCC TCG ACC CTC GCC TCC TCA TCC GGC --- ACG AAC TCA TCG TGC TGC TGT TGG TGC --- TTC TTC TTC TTC TTC TTC TTC TTC TTC TTT
Gallus gallus                               GTT AAA AAG AAC AAC AAT AAC AAT AAA AAG AAG AAA AAA AAA AAG AAG CGG AAC AAT AGT ACA ACT ATG TCT ACA ACC ACC ACG ACT ACG ACC GCT ACC ACG ACT ACT ACT ACT AGA AGA CGG AAT AGC AGT AGT AGA AGG AGG CGA CGG AGC ATT ATC ATC ATT ATC ATC ATC ATC GTA GTT ATG ACC ATG ATG ATG ATG GTC ATA ATC ATC ATA GTA CAG GAG CAG CAT CAT CAA CAA CAG CAC CAT CCC CCC CCT CCA CCC CCG CCA CCT CCA CGA CGC AGA AGA AGG CGC CGT AAA CGG CGC CGG CGA AGG CGG CGT CGT CTG CTC CTC CTG TTG CTT CTG CTT CTG CTG TTG CTA CTC CTG CTG CTG TTG CTG GTG CTC CTG TTA CTA CTG ACC GAC GAG GAA GAA GAG GAC GAT GAG GAC GAC GAT GAT GAA GAC GAG GAA GAA GAA GAA GAG GAG GAG GAC GAT GAT GAA GAG GAC GAT GAT GCC GCA GCC GCT GCA GCC GCC GCT TCC TCA GCG GCT GTG TGT GCA GCC GCA GCC GCA GGC GGC CTG GGT GGA GGC GGA GGG GGA GGC GGG GGT ATT GTT GTG GTT ATC GTC GTG GTT GTC GTG GTA GTA GTG GTG GTT GTT GTG TAT TAC TAT TAT TAC TAT TAC TAC TAT TAC TCA TCC TCT TCG TCG TCT ACA CTC GCC TCC TCA TCA GGA TCC AGC AAC CCG TCC TGC TGT TGT TGG TGC CTG TTC TTT TTT TTT TTT TTC TTT TTT TTT TTT
Homo sapiens                                GTC AAG AAG AAC AAC AAC AAT AAC AAG AAG AAG AAA AAG AAG AAG AAG CGG AAC AAC AGT ACG ACC ATG TCG ACC ACC ACC ACC ACC ACG ACG GCC ACC ACG ACA ACC ACT ACG CGG CGC CGG AAC AGC AGC AGC CGG AGG CGG CGG CGG AGC ATC ATC ATC ATC ATC ATC ATC ATC GTG GTG ACC ACC ATG ATG ATG ATG CTC ATC ATC ATC ATC GTC CAG GAG CAT CAC CAC CAA CAG CAG CAC CAC CCC CCT CCG CCC CAG CCC CCC CCC CCC CGC CGG CGC AGG CGG CGC CGC CGC CGG CGC CGG CGC CGG CGG CGC CGG CTG CTC CTC CTC CTC CTC CTG CTC CTC CTC CTG CTG CTG CTC CTG CTG CTG CTG GTT CTG CTC CTC CTG CTG ACC GAT GAG GAA GAG GAG GAC GAC GAG GAC GAC GAT GAC GAG GAC GAG GAG GAG GAG GAG GAA GAG GAG GAC GAC GAC GAG GAG GAC GAC GAT GCG GCG GCC GCC GCC GCC GCC GCC GCC GCC GCC GCG GTG TGC GCC GCC GCG GCC GCG GGC GGC CTC GGC GGG GGC GGC GGC GGG GGT GGC GGC ATC GTC GTG GTG ATC GTG GTG GTG GTG GTG GTC GTC GTG GTG GTC GTC GTG TAC TAC TAC TAC TAC TAC TAC TAC TAC TAC TCG TCG TCG TCC TCC TCC ACC CTG GCC TCC TCC TCT GGC TCC ACC GAG TTG TCA TGC TGT TGT TGG TGC CTG TTC TTC TTC TTC TTT TTC TTC TTC TTC TTT
Rattus norvegicus                           GTC AAG AAG AAC CAC AAC AAT AAC AAG AAA AAG AAG AAA AAG AAG AAG CGG AAC AAT AAC ACC ACC ATG TCG ACG ACA ACC ACA ACC ACC ACG GCT ACA ACC ACG ACT ACT ACT AGG CGC CGG AAC AGC AGC AGC AGG AGG AGG CGC CGG AGC ATC ATC ATC ATC ATC ATC ATC GTG GTG GTG ACG ACA ATG ATA ATG GTG CTC ATC ATC ATC GTC GTG CAG GAG CAT CAC CAT CAG CAG CAG CAC CAT CCC CCG CCT CCC CAG CCA CCC CCC CCC CGT CGC CGA AGG CGC CGC CGC CGC CGC CGC CGG CGC CGA CGC CGC CGC CTT CTG CTC CTC CTC CTC CTG TTA CTC CTC CTG CTG CTG CTG CTG CTG CTG CTT GTG TTG CTG TTG CTG CTG ACA GAC GAG GAG GAG GAG GAC GAC GAG GAC GAT GAT GAT GAA GAC GAG GAC GAG GAG GAG GAG GAA GAG GAC GAC GAT GAG GAG GAC GAT GAT GCC GCT GCC GCA GCC GCC GCT GCT GCT GCC GCG GCG GTG TGC GCA GCC GCA GCC GCC GGC GGC CGC GGC GGG GGC GGT GGC GGC GGG GGC GGG ATC GTG GTG GTG ATC GTC GTT GTC GTG GTG GTG GTG GTC GTG GTA GTC GTG CAC TAC TAC TAC TAT TAT TTC TAC TAC TAT TCA TCA TCG TCG TCT TCT ACT CTG GCC TCC TCG TCG GGC TCC ACG AGT GTA TCG TGC TGC TGT TGG TGC CTG TTC TTC TTT TTT TTC TTC TTC TTT TTT TTT
Canis lupus familiaris                      GTC AAG AAG AAC AAC AAC AAC AAC AAG AAG AAG AAA AAG AAG AAA AAG CGC AAC AAT CAC ACG ACC ATG TCG ACC ACC ACC ACC ACC ACG ACG GCT ACC ACG ACG ACT ACT ACT AGG CGG CGG AAC AGC AGC AGT AGG AGG CGG CGG CGG AGC ATC ATC ATT ATC ATC ATC ATC ATC GTG GTG ACG ACC ATG ATG ATG ATG CTC ATC ATC ATC ATT GTC CAG GAG CAC CAC CAC CAA CAG CAG CAC CAT CCC CCT CCT CCC CGG CCG CCC CCC CCC CGA CGG CGG AGG CGC CGC CGG CGG CGG CGC CGG CGC CGG CGC CGC CGG CTG CTC CTC CTC CTC CTC CTG CTA CTC CTA CTG CTG CTC CTG CTC CTG CTG CTG GTG CTG CTC CTT CTG CTG ACC GAT GAG GAA GAG GAG GAC GAC GAG GAC GAC GAT GAT GAG GAT GAG GAG GAG GAA GAG GAG GAG GAG GAC GAC GAC GAG GAG GAC GAT GAT GCC GCG GCC GCC GCC GCC GCC GCC GCC GCG GCC GCG GTG TGC GCC GCC GCG GCC GCC GGC GGT CTG GGC GGC GGC GGC GGC GGA GGG GGC GGA ATC GTT GTG GTG ATC GTG GTA GTG GTG GTC GTA GTG GTG GTG GTC GTG GTG CAC TAC TAC TAC TAT TAT TAT TAC TAC TAC TCA TCC TCG TCC TCG TCG ACC CTG GCC TCC TCC TCC GGC TCC GCC GAC TCG TCG TGC TGC TGC TGG TGC CTG TTC TTC TTC TTC TTC TTC TTC TTC TTT TTT



    1    3    2    5    1    2    1    1    1    1    1    1    1    3    1
   10    1    2    1    1    1    1    1    1    1    1    1    1    2    1
    1    1    1    1    1    1    1    1    1    1    1    1    2    2    1
    1    1    1    1    1    1    1   10    1    4    1    1    2    1    1
    1    1    1    2    1    6    1    1    1    1    1    1    1    2    1
    1    1    1    1    5    7    1    1    1    1    1    1    1    1    1
    1    1    1    1    1    1    1    1    1    1    1    1    1    1    1
    1    1    1    1    1    1    1    1    1    1    1    1    1    1    2
    1    1    2    5    1    1    1    2    1    1    2    1    1    1    2
    1    1    1    8    2    1    1    1    1    1    1    1    1    1    1
    1    4    1    1   10    3    2    1    1    1    1    1    1    1    1
    1    1    1    2    1    1    1    1    1    1    1    1    1    1    1
    1    1    1    1    1    1    1    1    1    1    1    1    1    1    1
    1    1    1    1    1    1    1    1    1    1    1    1    2    1    1
    1    1    5    2    1    1    1    1    1    3    1    1    1    1    1
    1    1    1    1    1    1    1    1    1    1    1    1    1    1    1
    1    1    3    1    1    8    1    1    1    1    2    1    1    1    1


CODONML (in paml version 4.4b, July 2010)  torun.nuc
Model: One dN/dS ratio for branches Global clock  (2 genes: diff. rate & k&w)  
Codon frequency model: F3x4
ns =   7  ls = 359

Codon usage in sequences
--------------------------------------------------------------------------------------------------------------
Phe TTT  8  7  1  8  2  5 | Ser TCT  4  2  0  3  1  2 | Tyr TAT  5  3  1  8  0  3 | Cys TGT  1  3  1  3  2  1
    TTC 10 12 17 10 16 14 |     TCC  6  3  6  5  6  2 |     TAC 12 12 15  9 17 12 |     TGC  3  2  4  2  3  4
Leu TTA  1  0  0  1  0  1 |     TCA  6  3  3  4  1  2 | *** TAA  0  0  0  0  0  0 | *** TGA  0  0  0  0  0  0
    TTG  0  4  0  3  1  3 |     TCG  2  4  3  2  4  6 |     TAG  0  0  0  0  0  0 | Trp TGG  3  3  3  3  3  3
--------------------------------------------------------------------------------------------------------------
Leu CTT  3  2  2  2  0  2 | Pro CCT  1  3  0  2  1  1 | His CAT  2  1  0  3  1  3 | Arg CGT  3  0  1  3  0  1
    CTC  3  6  9  6 13  7 |     CCC  3  3  7  3  6  5 |     CAC  3  5  6  1  4  4 |     CGC  8 14  9  3  9 14
    CTA  2  4  1  4  0  0 |     CCA  4  1  0  3  0  1 | Gln CAA  3  1  1  6  1  0 |     CGA  3  0  0  3  0  2
    CTG 24 19 22 18 22 21 |     CCG  1  1  1  2  1  1 |     CAG 13 15 14 10 15 16 |     CGG  2  6 13  6 14  4
--------------------------------------------------------------------------------------------------------------
Ile ATT  5  2  2  6  0  0 | Thr ACT  2  5  0  7  1  4 | Asn AAT  4  3  0  5  1  2 | Ser AGT  1  2  1  4  1  1
    ATC 22 23 24 19 27 25 |     ACC  9  9 12  6 14  7 |     AAC 10 12 15 10 13 12 |     AGC  6  5  6  4  6  6
    ATA  1  0  0  2  0  1 |     ACA  4  3  1  3  1  5 | Lys AAA  5  2  1 10  1  2 | Arg AGA  3  0  0  5  0  0
Met ATG 13 11  9 12 11  9 |     ACG  4  4  7  3  5  5 |     AAG 20 22 23 15 23 22 |     AGG  5  5  3  4  2  5
--------------------------------------------------------------------------------------------------------------
Val GTT  3  0  0  7  1  1 | Ala GCT  3  2  3  4  0  5 | Asp GAT 11  7  3  9  3  6 | Gly GGT  2  1  0  2  1  1
    GTC  3  6  4  3  7  6 |     GCC 12 11 12  8 15 10 |     GAC 15 18 22 16 22 20 |     GGC  5  7  9  4  9  8
    GTA  1  2  0  4  0  2 |     GCA  3  5  1  5  0  3 | Glu GAA  7  1  4 11  2  2 |     GGA  2  0  0  4  0  0
    GTG 12 17 19  9 14 17 |     GCG  2  2  4  1  5  2 |     GAG 22 29 25 19 29 27 |     GGG  3  4  3  2  2  3
--------------------------------------------------------------------------------------------------------------

--------------------------------------------------
Phe TTT  2 | Ser TCT  0 | Tyr TAT  3 | Cys TGT  0
    TTC 16 |     TCC  6 |     TAC 13 |     TGC  5
Leu TTA  0 |     TCA  1 | *** TAA  0 | *** TGA  0
    TTG  0 |     TCG  6 |     TAG  0 | Trp TGG  3
--------------------------------------------------
Leu CTT  1 | Pro CCT  2 | His CAT  1 | Arg CGT  0
    CTC 11 |     CCC  5 |     CAC  6 |     CGC  7
    CTA  2 |     CCA  0 | Gln CAA  1 |     CGA  1
    CTG 21 |     CCG  1 |     CAG 14 |     CGG 14
--------------------------------------------------
Ile ATT  2 | Thr ACT  3 | Asn AAT  1 | Ser AGT  1
    ATC 25 |     ACC 11 |     AAC 13 |     AGC  5
    ATA  0 |     ACA  0 | Lys AAA  2 | Arg AGA  0
Met ATG 11 |     ACG  6 |     AAG 22 |     AGG  4
--------------------------------------------------
Val GTT  1 | Ala GCT  1 | Asp GAT  6 | Gly GGT  1
    GTC  4 |     GCC 16 |     GAC 20 |     GGC  8
    GTA  2 |     GCA  0 | Glu GAA  2 |     GGA  2
    GTG 15 |     GCG  4 |     GAG 28 |     GGG  1
--------------------------------------------------

Codon position x base (3x4) table for each sequence.

#1: Danio rerio    
position  1:    T:0.16992    C:0.21727    A:0.31755    G:0.29526
position  2:    T:0.30919    C:0.18384    A:0.36769    G:0.13928
position  3:    T:0.16156    C:0.36212    A:0.12535    G:0.35097
Average         T:0.21356    C:0.25441    A:0.27019    G:0.26184

#2: Mus musculus   
position  1:    T:0.16156    C:0.22563    A:0.30084    G:0.31198
position  2:    T:0.32033    C:0.16992    A:0.36490    G:0.14485
position  3:    T:0.11978    C:0.41226    A:0.06128    G:0.40669
Average         T:0.20056    C:0.26927    A:0.24234    G:0.28784

#3: Bos taurus     
position  1:    T:0.15297    C:0.24363    A:0.29462    G:0.30878
position  2:    T:0.31161    C:0.16997    A:0.36827    G:0.15014
position  3:    T:0.04249    C:0.50142    A:0.03399    G:0.42210
Average         T:0.16903    C:0.30500    A:0.23229    G:0.29367

#4: Gallus gallus  
position  1:    T:0.16992    C:0.20891    A:0.32033    G:0.30084
position  2:    T:0.31755    C:0.16992    A:0.36769    G:0.14485
position  3:    T:0.21170    C:0.30362    A:0.18106    G:0.30362
Average         T:0.23305    C:0.22748    A:0.28969    G:0.24977

#5: Homo sapiens   
position  1:    T:0.15599    C:0.24234    A:0.29526    G:0.30641
position  2:    T:0.31755    C:0.16992    A:0.36769    G:0.14485
position  3:    T:0.04178    C:0.52089    A:0.01671    G:0.42061
Average         T:0.17177    C:0.31105    A:0.22656    G:0.29062

#6: Rattus norvegicus
position  1:    T:0.16156    C:0.22841    A:0.29526    G:0.31476
position  2:    T:0.31755    C:0.16992    A:0.36490    G:0.14763
position  3:    T:0.10585    C:0.43454    A:0.05850    G:0.40111
Average         T:0.19499    C:0.27762    A:0.23955    G:0.28784

#7: Canis lupus familiaris
position  1:    T:0.15320    C:0.24234    A:0.29526    G:0.30919
position  2:    T:0.31476    C:0.17270    A:0.36769    G:0.14485
position  3:    T:0.06964    C:0.47632    A:0.03621    G:0.41783
Average         T:0.17920    C:0.29712    A:0.23305    G:0.29062

Codon usage in genes
--------------------------------------------------------------
Phe TTT  0 33 | Ser TCT  0 12 | Tyr TAT  0 23 | Cys TGT  0 11
    TTC  0 95 |     TCC  0 34 |     TAC  0 90 |     TGC  0 23
Leu TTA  0  3 |     TCA  0 20 | *** TAA  0  0 | *** TGA  0  0
    TTG  0 11 |     TCG  0 27 |     TAG  0  0 | Trp TGG  0 21
--------------------------------------------------------------
Leu CTT  0 12 | Pro CCT  0 10 | His CAT  0 11 | Arg CGT  0  8
    CTC  0 55 |     CCC  0 32 |     CAC  0 29 |     CGC  0 64
    CTA  0 13 |     CCA  0  9 | Gln CAA  0 13 |     CGA  0  9
    CTG  0 147 |     CCG  0  8 |     CAG  0 97 |     CGG  0 59
--------------------------------------------------------------
Ile ATT  0 17 | Thr ACT  0 22 | Asn AAT  0 16 | Ser AGT  0 11
    ATC  0 165 |     ACC  0 68 |     AAC  0 85 |     AGC  0 38
    ATA  0  4 |     ACA  0 17 | Lys AAA  0 23 | Arg AGA  0  8
Met ATG  0 76 |     ACG  0 34 |     AAG  0 147 |     AGG  0 28
--------------------------------------------------------------
Val GTT  1 12 | Ala GCT  0 18 | Asp GAT  0 45 | Gly GGT  0  8
    GTC  3 30 |     GCC  0 84 |     GAC  0 133 |     GGC  0 50
    GTA  0 11 |     GCA  0 17 | Glu GAA  0 29 |     GGA  0  8
    GTG  3 100 |     GCG  0 20 |     GAG  0 179 |     GGG  0 18
--------------------------------------------------------------

Codon position x base (3x4) table for each gene.


Gene #1
position  1:    T:0.00000    C:0.00000    A:0.00000    G:1.00000
position  2:    T:1.00000    C:0.00000    A:0.00000    G:0.00000
position  3:    T:0.14286    C:0.42857    A:0.00000    G:0.42857
Average         T:0.38095    C:0.14286    A:0.00000    G:0.47619

Gene #2
position  1:    T:0.16120    C:0.23040    A:0.30360    G:0.30480
position  2:    T:0.31360    C:0.17280    A:0.36800    G:0.14560
position  3:    T:0.10760    C:0.43000    A:0.07360    G:0.38880
Average         T:0.19413    C:0.27773    A:0.24840    G:0.27973

Sums of codon usage counts
------------------------------------------------------------------------------
Phe F TTT      33 | Ser S TCT      12 | Tyr Y TAT      23 | Cys C TGT      11
      TTC      95 |       TCC      34 |       TAC      90 |       TGC      23
Leu L TTA       3 |       TCA      20 | *** * TAA       0 | *** * TGA       0
      TTG      11 |       TCG      27 |       TAG       0 | Trp W TGG      21
------------------------------------------------------------------------------
Leu L CTT      12 | Pro P CCT      10 | His H CAT      11 | Arg R CGT       8
      CTC      55 |       CCC      32 |       CAC      29 |       CGC      64
      CTA      13 |       CCA       9 | Gln Q CAA      13 |       CGA       9
      CTG     147 |       CCG       8 |       CAG      97 |       CGG      59
------------------------------------------------------------------------------
Ile I ATT      17 | Thr T ACT      22 | Asn N AAT      16 | Ser S AGT      11
      ATC     165 |       ACC      68 |       AAC      85 |       AGC      38
      ATA       4 |       ACA      17 | Lys K AAA      23 | Arg R AGA       8
Met M ATG      76 |       ACG      34 |       AAG     147 |       AGG      28
------------------------------------------------------------------------------
Val V GTT      13 | Ala A GCT      18 | Asp D GAT      45 | Gly G GGT       8
      GTC      33 |       GCC      84 |       GAC     133 |       GGC      50
      GTA      11 |       GCA      17 | Glu E GAA      29 |       GGA       8
      GTG     103 |       GCG      20 |       GAG     179 |       GGG      18
------------------------------------------------------------------------------

(Ambiguity data are not used in the counts.)


Codon position x base (3x4) table, overall

position  1:    T:0.16075    C:0.22976    A:0.30275    G:0.30674
position  2:    T:0.31552    C:0.17232    A:0.36697    G:0.14519
position  3:    T:0.10770    C:0.43000    A:0.07339    G:0.38891
Average         T:0.19465    C:0.27736    A:0.24771    G:0.28028


Nei & Gojobori 1986. dN/dS (dN, dS)
(Pairwise deletion)
(Note: This matrix is not used in later ML. analysis.
Use runmode = -2 for ML pairwise comparison.)

Danio rerio         
Mus musculus         0.0521 (0.0641 1.2313)
Bos taurus           0.0574 (0.0582 1.0142) 0.0198 (0.0130 0.6562)
Gallus gallus        0.0164 (0.0619 3.7726) 0.0170 (0.0300 1.7619) 0.0110 (0.0211 1.9235)
Homo sapiens         0.0502 (0.0588 1.1720) 0.0234 (0.0138 0.5893) 0.0210 (0.0074 0.3525) 0.0118 (0.0220 1.8648)
Rattus norvegicus    0.0501 (0.0681 1.3606) 0.0242 (0.0060 0.2490) 0.0339 (0.0205 0.6062) 0.0229 (0.0369 1.6108) 0.0345 (0.0199 0.5783)
Canis lupus familiaris 0.0467 (0.0563 1.2054) 0.0237 (0.0152 0.6409) 0.0160 (0.0062 0.3848) 0.0146 (0.0214 1.4640) 0.0255 (0.0085 0.3333) 0.0373 (0.0202 0.5411)


TREE #  1:  ((((5, (2, 6)), (3, 7)), 4), 1);   MP score: -1
lnL(ntime:  6  np: 11):  -3322.937393      +0.000000
   8..9     9..10   10..11   11..5    11..12   12..2    12..6    10..13   13..3    13..7     9..4     8..1  
 8.132854 3.442775 1.408780 1.352719 0.424354 1.002747 0.209450 0.000100 0.000100 2.116670 0.007583
SEs for parameters:
 9082449.789619 3844754.723547 1573269.751788 1510663.090483 473901.392639 1119828.013611 233905.258154 6719268366.998209 453182.913012 0.269680 0.001167
Note: Branch length is defined for the first gene (site partition).
For other genes, look at "rates for genes".

tree length =  23.89708 (1st gene)

((((5: 1.352719, (2: 0.424354, 6: 0.424354): 0.928365): 0.056061, (3: 1.002747, 7: 1.002747): 0.406033): 2.033995, 4: 3.442775): 4.690079, 1: 8.132854);

((((Homo sapiens: 1.352719, (Mus musculus: 0.424354, Rattus norvegicus: 0.424354): 0.928365): 0.056061, (Bos taurus: 1.002747, Canis lupus familiaris: 1.002747): 0.406033): 2.033995, Gallus gallus: 3.442775): 4.690079, Danio rerio: 8.132854);

Detailed output identifying parameters

rates for 2 genes:     1  0.20945

gene # 1: kappa =   0.00010 omega =   0.00010
gene # 2: kappa =   2.11667 omega =   0.00758

Time used:  0:46
