
seed used = 1418807897
      7   1848

Gallus gallus                              --- --- --- --- --- --- --- --- --- --- --- --- --- --- --- --- --- --- --- --- --- --- --- --- --- --- --- --- --- --- --- --- --- --- --- --- --- --- --- --- --- --- --- --- --- --- --- --- --- --- --- --- --- --- --- --- --- --- --- --- --- --- --- --- --- --- --- --- --- --- --- --- --- --- --- --- --- --- --- --- --- --- --- --- --- --- --- ATG CCC AAG AAG AAG CCA GGG CCG ATC CAG CTC --- --- --- --- --- --- --- --- --- --- --- --- --- --- --- --- AAC CCC GCT --- CCG GAT GGC TCC GCC GTC AAC GGG ACC --- --- --- --- --- --- --- --- --- --- --- --- --- --- --- --- --- --- --- --- --- --- --- --- --- --- --- --- --- --- --- --- --- --- --- --- --- --- AGC TCT GCC GAG ACA AAC TTG GAA GCT CTT CAG AAG AAG CTG --- --- GAA GAG CTA GAG CTG GAT GAA CAG CAA AGG AAG CGC CTT GAA GCT TTC CTT ACC CAG AAA CAA AAA GTT GGG GAG CTG AAG GAT GAT GAC TTC GAG AAG ATC AGT GAG CTG GGA GCA GGG AAT GGC GGG GTG GTG TTC AAA GTA TCT CAC AAG CCT TCT GGC CTC ATC ATG GCA AGA AAA --- --- --- --- --- --- --- --- --- --- --- --- --- --- --- --- --- --- --- --- --- --- --- TTG ATT CAT CTA GAA --- ATC AAG CCA GCT ATT CGA AAC CAG ATC ATC CGT GAG CTG CAG GTT CTA CAT GAG TGC AAT --- TCA CCA TAC ATA GTG GGC TTT TAT GGA GCT TTT TAC AGT --- --- --- GAT GGG GAA ATC AGC ATT TGC ATG GAA CAC ATG GAT GGT GGC TCA TTG GAT CAA GTG CTG --- --- --- --- AAA AAG GCT GGA AGA --- --- ATT CCA --- --- --- --- --- --- --- --- --- GAG CAG ATA CTG GGC AAA GTC AGC ATT GCA GTA ATA AAA GGA CTC ACA TAT CTG AGA GAA AAG CAT AAA ATA ATG CAC AGA GAT GTT AAA CCA TCT AAC ATC TTG GTA AAC TCT AGA GGT GAG ATC AAG CTT TGT GAT TTT GGT GTC AGT GGA CAA CTG ATA GAT TCT --- --- ATG GCA AAC TCA TTT GTT GGC ACG CGC TCC TAC ATG TCT CCG GAA AGA CTG CAG GGA ACT CAT TAT TCA GTG CAG TCA GAT ATA TGG AGT ATG GGG CTG TCT CTG GTA GAA ATG GCC ATT GGC AGA TAC CCG ATT CCT CCT CCT GAC TCT AAG GAG CTC GAG TTG ATG TTT GGC TGC CCG GTA GAG GGA GAT TCT CCA GTC ACA GAG ACC TCA CCC AGG CAA AGA ACA CCT GGT CGA CCA ATG AGC TCC TAT GGA CCA GAC AGC AGA CCC CCG ATG GCA ATC TTT GAA CTT CTG GAT TAC ATC GTC AAT GAG CCA CCT CCA AAA CTG CCC --- AAT GGT GTC TTT GGT TCT GAA TTT CAA GAT TTT GTT AAC AAA TGT TTA ATT AAA AAT CCT GCT GAG AGA GCT GAT TTG AAG CAG CTG ATG ATT CAC GCT TTC ATT AAG AGA --- --- TCT GAA GCA GAG --- GAG GTG GAT TTT GCA GGA TGG CTT TGC TCA ACC ATA --- --- --- --- --- --- --- --- --- --- --- --- --- GGC CTT AAC CAA CCG AGT ACA CCC ACG CAT GCT GCT GGA GTC --- --- --- --- --- --- --- --- --- --- --- --- --- --- --- 
Rattus norvegicus                          --- --- --- --- --- --- --- --- --- --- --- --- --- --- --- --- --- --- --- --- --- --- --- --- --- --- --- --- --- --- --- --- --- --- --- --- --- --- --- --- --- --- --- --- --- --- --- --- --- --- --- --- --- --- --- --- --- --- --- --- --- --- --- --- --- --- --- --- --- --- --- --- --- --- --- --- --- --- --- --- --- --- --- --- --- --- --- ATG CCC AAG AAG AAG CCG ACG CCC ATC CAG CTG --- --- --- --- --- --- --- --- --- --- --- --- --- --- --- --- AAC CCG GCC --- CCC GAT GGC TCC GCG GTT AAC GGG ACC --- --- --- --- --- --- --- --- --- --- --- --- --- --- --- --- --- --- --- --- --- --- --- --- --- --- --- --- --- --- --- --- --- --- --- --- --- --- AGC TCG GCC GAG ACC AAC CTG GAG GCC TTG CAG AAG AAG CTG --- --- GAG GAG CTG GAG CTG GAC GAG CAG CAG CGG AAG CGC CTT GAG GCC TTT CTG ACG CAG AAG CAG AAG GTG GGA GAG TTG AAG GAT GAT GAC TTT GAG AAG ATC AGT GAA CTG GGG GCT GGC AAT GGT GGA GTG GTG TTC AAG GTC TCC CAC AAG CCA TCT GGC CTG GTT ATG GCT AGG AAG --- --- --- --- --- --- --- --- --- --- --- --- --- --- --- --- --- --- --- --- --- --- --- CTA ATT CAC CTG GAG --- ATC AAA CCC GCA ATC CGG AAC CAG ATC ATC CGG GAG CTG CAG GTG CTG CAT GAG TGC AAC --- TCC CCG TAC ATA GTG GGC TTC TAC GGG GCC TTC TAC AGT --- --- --- GAC GGC GAG ATC AGC ATC TGC ATG GAG CAC ATG GAT GGT GGG TCC TTG GAT CAA GTG CTG --- --- --- --- AAG AAA GCT GGA AGA --- --- ATT CCT --- --- --- --- --- --- --- --- --- GAG CAA ATT TTA GGA AAA GTC AGC ATC GCT GTG ATA AAA GGC CTG ACA TAT CTA CGA GAG AAG CAC AAG ATT ATG CAC AGA GAT GTC AAG CCT TCC AAC ATT CTA GTG AAC TCA CGT GGG GAG ATC AAA CTC TGC GAT TTT GGG GTC AGC GGG CAG CTA ATT GAC TCC --- --- ATG GCC AAC TCC TTC GTG GGA ACA AGG TCC TAC ATG TCG CCT GAG AGA CTC CAG GGG ACT CAC TAC TCT GTG CAG TCG GAC ATC TGG AGC ATG GGG CTC TCT CTG GTG GAG ATG GCA GTT GGA AGA TAC CCC ATT CCT CCT CCT GAT GCC AAG GAG CTG GAG CTG CTG TTT GGA TGC CAG GTG GAA GGA GAC --- --- GCG GCC GAA ACG CCA CCC AGG CCA AGG ACC CCT GGG AGG CCC CTC AGC TCA TAT GGA ATG GAT AGC CGA CCT CCC ATG GCA ATT TTT GAG TTG TTG GAT TAC ATC GTC AAT GAG CCT CCT CCA AAA CTG CCC --- AGT GGA GTA TTC AGT CTG GAA TTT CAG GAT TTT GTG AAT AAG TGC TTA ATA AAG AAC CCT GCA GAG AGA GCA GAT CTG AAG CAG CTC ATG GTA CAT GCT TTC ATC AAG AGA --- --- TCT GAT GCC GAG --- GAG GTA GAC TTC GCA GGC TGG CTC TGC TCC ACC ATT --- --- --- --- --- --- --- --- --- --- --- --- --- GGG CTT AAC CAG CCC AGC ACA CCA ACC CAC GCT GCC AGC ATC --- --- --- --- --- --- --- --- --- --- --- --- --- --- --- 
Pan troglodytes                            --- --- --- --- --- --- --- --- --- --- --- --- --- --- --- --- --- --- --- --- --- --- --- --- --- --- --- --- --- --- --- --- --- --- --- --- --- --- --- --- --- --- --- --- --- --- --- --- --- --- --- --- --- --- --- --- --- --- --- --- --- --- --- --- --- --- --- --- --- --- --- --- --- --- --- --- --- --- --- --- --- --- --- --- --- --- --- ATG CCC AAG AAG AAG CCG ACG CCC ATC CAG CTG --- --- --- --- --- --- --- --- --- --- --- --- --- --- --- --- AAC CCG GCC --- CCC GAC GGC TCT GCA GTT AAC GGG ACC --- --- --- --- --- --- --- --- --- --- --- --- --- --- --- --- --- --- --- --- --- --- --- --- --- --- --- --- --- --- --- --- --- --- --- --- --- --- AGC TCT GCG GAG ACC AAC TTG GAG GCC TTG CAG AAG AAG CTG --- --- GAG GAG CTA GAG CTT GAT GAG CAG CAG CGA AAG CGC CTT GAG GCC TTT CTT ACC CAG AAG CAG AAG GTG GGA GAA CTG AAG GAT GAC GAC TTT GAG AAG ATC AGT GAG CTG GGG GCT GGC AAT GGC GGT GTG GTG TTC AAG GTC TCC CAC AAG CCT TCT GGC CTG GTC ATG GCC AGA AAG --- --- --- --- --- --- --- --- --- --- --- --- --- --- --- --- --- --- --- --- --- --- --- CTA ATT CAT CTG GAG --- ATC AAA CCC GCA ATC CGG AAC CAG ATC ATA AGG GAG CTG CAG GTT CTG CAT GAG TGC AAC --- TCT CCG TAC ATC GTG GGC TTC TAT GGT GCA TTC TAC AGC --- --- --- GAT GGC GAG ATC AGT ATC TGC ATG GAG CAC ATG GAT GGA GGT TCT CTG GAT CAA GTC CTG --- --- --- --- AAG AAA GCT GGA AGA --- --- ATT CCT --- --- --- --- --- --- --- --- --- GAA CAA ATT TTA GGA AAA GTT AGC ATT GCT GTA ATA AAA GGC CTG ACA TAT CTG AGG GAG AAG CAC AAG ATC ATG CAC AGA GAT GTC CAG CCC TCC AAC ATC CTA GTC AAC TCC CGT GGG GAG ATC AAG CTC TGT GAC TTT GGG GTC AGC GGG CAG CTC ATC GAC TCC --- --- ATG GCC AAC TCC TTC GTG GGC ACA AGG TCC TAC ATG TCG CCA GAA AGA TTC CAG GGG ACT CAT TAC TCT GTG CAG TCA GAC ATC TGG AGC ATG GGA CTC TCT CCG GTA GAG ATG GCA GTT GGG AGG TAT CCC ATC CCT TCT CCG GAT GCC AAG GAG CTG GAG CTG ATG TTT GGG TGC CAG GTG GAG GGA GAT --- --- GCG GCT GAG ACC CCA CCC AGG CCA AGG ACC CCA GGG AGG CCT CTT AGC TCA TAT GGA ATG GAC AGC CGA CCT CCC ATG GCA ATT TTT GAG TTG TTG GAT TAC ATA GTC AAC GAG CCT CCT CCA AAA CTG CCC --- AGT GGA GTG TTC AGT CTG GAA TTT CAA GAT TTT GTG AAT AAA TGC CTA ATT AAA AAC CCC GCA GAG AGA GCA GAT TTG AAG CAA CTC ATG GTT CAT GCT TTT ATC AAG AGA --- --- TCT GAT GCT GAG --- GAA GTG GAT TTT GCG GGT TGG CTC TGC TCC ACC ATC --- --- --- --- --- --- --- --- --- --- --- --- --- GGG CTT AAC CAG CCC AGC ACA CCA ACC CAT GCT GCT GGC GTC --- --- --- --- --- --- --- --- --- --- --- --- --- --- --- 
Bos taurus                                 --- --- --- --- --- --- --- --- --- --- --- --- --- --- --- --- --- --- --- --- --- --- --- --- --- --- --- --- --- --- --- --- --- --- --- --- --- --- --- --- --- --- --- --- --- --- --- --- --- --- --- --- --- --- --- --- --- --- --- --- --- --- --- --- --- --- --- --- --- --- --- --- --- --- --- --- --- --- --- --- --- --- --- --- --- --- --- ATG CCC AAG AAG AAG CCG ACG CCC ATC CAG CTG --- --- --- --- --- --- --- --- --- --- --- --- --- --- --- --- AAC CCG GCC --- CCG GAC GGC TCC GCG GTT AAC GGG ACC --- --- --- --- --- --- --- --- --- --- --- --- --- --- --- --- --- --- --- --- --- --- --- --- --- --- --- --- --- --- --- --- --- --- --- --- --- --- AGC TCG GCG GAG ACC AAC CTG GAG GCC TTG CAG AAG AAG CTG --- --- GAG GAG CTG GAG CTC GAT GAA CAG CAG CGG AAG CGC CTC GAG GCC TTT CTG ACC CAG AAG CAG AAG GTG GGG GAA CTG AAG GAT GAT GAC TTT GAG AAG ATC AGT GAG CTG GGT GCC GGC AAT GGA GGT GTG GTG TTC AAG GTC TCC CAC AAG CCG TCC GGA CTT GTT ATG GCC AGA AAG --- --- --- --- --- --- --- --- --- --- --- --- --- --- --- --- --- --- --- --- --- --- --- CTA ATT CAC CTG GAG --- ATC AAA CCT GCC ATC CGG AAC CAG ATC ATA AGG GAG CTG CAG GTT CTC CAT GAG TGC AAC --- TCG CCT TAT ATC GTG GGC TTC TAC GGG GCG TTC TAC AGC --- --- --- GAC GGC GAG ATC AGC ATC TGC ATG GAG CAC ATG GAT GGG GGT TCC TTG GAT CAA GTT CTG --- --- --- --- AAG AAA GCT GGA AGA --- --- ATT CCT --- --- --- --- --- --- --- --- --- GAA CAA ATT TTA GGA AAA GTT AGC ATT GCT GTA ATA AAA GGC CTG ACA TAC CTG AGG GAG AAG CAC AAG ATT ATG CAC AGA GAT GTC AAG CCG TCC AAC ATC CTA GTG AAC AGC CGT GGA GAG ATC AAG CTC TGT GAC TTT GGG GTC AGC GGG CAG CTC ATC GAC TCC --- --- ATG GCC AAC TCC TTC GTG GGC ACC AGG TCC TAC ATG TCG CCA GAG CGA CTC CAG GGG ACC CAT TAC TCC GTG CAG TCG GAC ATC TGG AGC ATG GGG CTC TCT CTG GTT GAG ATG GCT GTC GGG AGG TAT CCC ATC CCT CCT CCA GAT GCC AAG GAG CTG GAG CTG ATG TTT GGG TGC CAG GTG GAG GGA GAT --- --- GCG GCT GAG ACC CCG CCC AGG CCA AGG ACC CCC GGG AGG CCC CTC AGC TCT TAT GGA ATG GAC AGC CGA CCT CCA ATG GCA ATT TTT GAG TTG TTG GAT TAC ATA GTC AAT GAG CCT CCT CCA AAA CTG CCC --- AGT GGA GTA TTC AGT CTG GAA TTT CAA GAT TTT GTG AAT AAA TGC TTA ATA AAA AAC CCC GCA GAG AGA GCA GAT TTG AAG CAA CTC ATG GTT CAT GCT TTT ATC AAG AGA --- --- TCT GAT GCT GAG --- GAA GTG GAT TTT GCA GGT TGG CTC TGC TCC ACC ATC --- --- --- --- --- --- --- --- --- --- --- --- --- GGC CTT AAC CAA CCC AGC ACA CCC ACC CAT GCG GCT GGC GTC --- --- --- --- --- --- --- --- --- --- --- --- --- --- --- 
Mus musculus                               --- --- --- --- --- --- --- --- --- --- --- --- --- --- --- --- --- --- --- --- --- --- --- --- --- --- --- --- --- --- --- --- --- --- --- --- --- --- --- --- --- --- --- --- --- --- --- --- --- --- --- --- --- --- --- --- --- --- --- --- --- --- --- --- --- --- --- --- --- --- --- --- --- --- --- --- --- --- --- --- --- --- --- --- --- --- --- ATG CCC AAG AAG AAG CCG ACG CCC ATC CAG CTG --- --- --- --- --- --- --- --- --- --- --- --- --- --- --- --- AAC CCG GCC --- CCC GAT GGC TCG GCG GTT AAC GGG ACC --- --- --- --- --- --- --- --- --- --- --- --- --- --- --- --- --- --- --- --- --- --- --- --- --- --- --- --- --- --- --- --- --- --- --- --- --- --- AGC TCG GCC GAG ACC AAC CTG GAG GCC TTG CAG AAG AAG CTG --- --- GAG GAG CTG GAG CTT GAC GAG CAG CAG CGG AAG CGG CTC GAG GCC TTT CTG ACG CAG AAG CAG AAG GTG GGG GAA CTG AAG GAT GAT GAC TTT GAG AAG ATC AGC GAA CTG GGA GCT GGC AAC GGT GGA GTG GTC TTC AAG GTC TCC CAC AAG CCA TCT GGC CTG GTT ATG GCT AGA AAG --- --- --- --- --- --- --- --- --- --- --- --- --- --- --- --- --- --- --- --- --- --- --- CTG ATC CAC CTG GAG --- ATC AAA CCC GCA ATC CGG AAC CAG ATC ATC CGG GAG CTG CAG GTA CTG CAC GAG TGC AAC --- TCC CCG TAC ATC GTG GGC TTC TAC GGG GCC TTC TAC AGC --- --- --- GAC GGC GAG ATC AGC ATC TGC ATG GAG CAC ATG GAT GGT GGG TCC TTG GAT CAA GTT CTG --- --- --- --- AAG AAA GCT GGA AGA --- --- ATT CCT --- --- --- --- --- --- --- --- --- GAG CAA ATT TTA GGA AAA GTT AGC ATT GCT GTG ATA AAA GGC CTG ACC TAT CTT CGG GAG AAG CAC AAG ATT ATG CAC AGA GAT GTC AAG CCA TCC AAC ATT CTA GTG AAC TCA CGT GGG GAG ATC AAA CTC TGT GAT TTT GGG GTC AGC GGG CAG CTA ATT GAC TCT --- --- ATG GCC AAC TCC TTC GTG GGC ACG AGA TCC TAC ATG TCG CCT GAG AGA CTC CAG GGG ACT CAC TAC TCT GTG CAG TCG GAC ATC TGG AGC ATG GGG CTC TCT CTG GTG GAG ATG GCA GTT GGG AGA TAC CCC ATT CCT CCT CCT GAT GCC AAG GAG CTG GAG CTA CTG TTT GGA TGC CAT GTG GAA GGA GAC --- --- GCA GCC GAA ACA CCA CCC AGG CCA AGG ACC CCT GGG AGG CCT CTC AGC TCA TAT GGA ATG GAC AGC CGA CCT CCC ATG GCA ATT TTT GAG TTG TTG GAT TAC ATT GTC AAT GAG CCT CCT CCA AAA CTG CCC --- AGT GGA GTA TTC AGT CTG GAG TTT CAG GAT TTT GTG AAT AAA TGC TTA ATA AAG AAC CCT GCA GAG AGA GCA GAT CTG AAG CAG CTC ATG GTA CAT GCT TTC ATC AAA AGA --- --- TCT GAC GCC GAG --- GAG GTA GAC TTC GCA GGC TGG CTC TGC TCC ACC ATT --- --- --- --- --- --- --- --- --- --- --- --- --- GGG CTT AAC CAG CCC AGC ACA CCA ACC CAC GCT GCC AGC ATC --- --- --- --- --- --- --- --- --- --- --- --- --- --- --- 
Homo sapiens                               --- --- --- --- --- --- --- --- --- --- --- --- --- --- --- --- --- --- --- --- --- --- --- --- --- --- --- --- --- --- --- --- --- --- --- --- --- --- --- --- --- --- --- --- --- --- --- --- --- --- --- --- --- --- --- --- --- --- --- --- --- --- --- --- --- --- --- --- --- --- --- --- --- --- --- --- --- --- --- --- --- --- --- --- --- --- --- ATG CCC AAG AAG AAG CCG ACG CCC ATC CAG CTG --- --- --- --- --- --- --- --- --- --- --- --- --- --- --- --- AAC CCG GCC --- CCC GAC GGC TCT GCA GTT AAC GGG ACC --- --- --- --- --- --- --- --- --- --- --- --- --- --- --- --- --- --- --- --- --- --- --- --- --- --- --- --- --- --- --- --- --- --- --- --- --- --- AGC TCT GCG GAG ACC AAC TTG GAG GCC TTG CAG AAG AAG CTG --- --- GAG GAG CTA GAG CTT GAT GAG CAG CAG CGA AAG CGC CTT GAG GCC TTT CTT ACC CAG AAG CAG AAG GTG GGA GAA CTG AAG GAT GAC GAC TTT GAG AAG ATC AGT GAG CTG GGG GCT GGC AAT GGC GGT GTG GTG TTC AAG GTC TCC CAC AAG CCT TCT GGC CTG GTC ATG GCC AGA AAG --- --- --- --- --- --- --- --- --- --- --- --- --- --- --- --- --- --- --- --- --- --- --- CTA ATT CAT CTG GAG --- ATC AAA CCC GCA ATC CGG AAC CAG ATC ATA AGG GAG CTG CAG GTT CTG CAT GAG TGC AAC --- TCT CCG TAC ATC GTG GGC TTC TAT GGT GCG TTC TAC AGC --- --- --- GAT GGC GAG ATC AGT ATC TGC ATG GAG CAC ATG GAT GGA GGT TCT CTG GAT CAA GTC CTG --- --- --- --- AAG AAA GCT GGA AGA --- --- ATT CCT --- --- --- --- --- --- --- --- --- GAA CAA ATT TTA GGA AAA GTT AGC ATT GCT GTA ATA AAA GGC CTG ACA TAT CTG AGG GAG AAG CAC AAG ATC ATG CAC AGA GAT GTC AAG CCC TCC AAC ATC CTA GTC AAC TCC CGT GGG GAG ATC AAG CTC TGT GAC TTT GGG GTC AGC GGG CAG CTC ATC GAC TCC --- --- ATG GCC AAC TCC TTC GTG GGC ACA AGG TCC TAC ATG TCG CCA GAA AGA CTC CAG GGG ACT CAT TAC TCT GTG CAG TCA GAC ATC TGG AGC ATG GGA CTG TCT CTG GTA GAG ATG GCG GTT GGG AGG TAT CCC ATC CCT CCT CCA GAT GCC AAG GAG CTG GAG CTG ATG TTT GGG TGC CAG GTG GAA GGA GAT --- --- GCG GCT GAG ACC CCA CCC AGG CCA AGG ACC CCC GGG AGG CCC CTT AGC TCA TAC GGA ATG GAC AGC CGA CCT CCC ATG GCA ATT TTT GAG TTG TTG GAT TAC ATA GTC AAC GAG CCT CCT CCA AAA CTG CCC --- AGT GGA GTG TTC AGT CTG GAA TTT CAA GAT TTT GTG AAT AAA TGC TTA ATA AAA AAC CCC GCA GAG AGA GCA GAT TTG AAG CAA CTC ATG GTT CAT GCT TTT ATC AAG AGA --- --- TCT GAT GCT GAG --- GAA GTG GAT TTT GCA GGT TGG CTC TGC TCC ACC ATC --- --- --- --- --- --- --- --- --- --- --- --- --- GGC CTT AAC CAG CCC AGC ACA CCA ACC CAT GCT GCT GGC GTC --- --- --- --- --- --- --- --- --- --- --- --- --- --- --- 
Danio rerio                                --- --- --- --- --- --- --- --- --- --- --- --- --- --- --- --- --- --- --- --- --- --- --- --- --- --- --- --- --- --- --- --- --- --- --- --- --- --- --- --- --- --- --- --- --- --- --- --- --- --- --- --- --- --- --- --- --- --- --- --- --- --- --- --- --- --- --- --- --- --- --- --- --- --- --- --- --- --- --- --- --- --- --- --- --- --- ATG CAG AAA AGG AGG AAG CCA GAG CCG ATC CAA CTG --- --- --- --- --- --- --- --- --- --- --- --- --- --- --- --- AAC CCA ATT --- CCA GAT GGG AAC GCT ATC AAC GGC ACC --- --- --- --- --- --- --- --- --- --- --- --- --- --- --- --- --- --- --- --- --- --- --- --- --- --- --- --- --- --- --- --- --- --- --- --- --- --- GGG GCC ACA GAA ACA AAT CTG GAA GCT CTG CAG AAG AAG CTG --- --- GAG GAA CTG GAG CTG GAC GAG CAG CAG AAA AAA CGC CTG GAA GCT TTC CTC ACC CAA AAG CAG AAG GTC GGA GAG TTA AAA GAC GAT GAC TTC GAG AAG ATC AGC GAG TTG GGA GCA GGC AAT GGA GGA GTT GTG TTT AAA GTC TTA CAC AGG CCG TCA GGC TTC ATC ATG GCC AGG AAG --- --- --- --- --- --- --- --- --- --- --- --- --- --- --- --- --- --- --- --- --- --- --- TTG ATC CAC CTT GAG --- ATT AAG CCA GCA ATA AGG AAT CAG ATC ATC AGA GAG CTG CAG GTG CTG CAT GAA TGT AAC --- TCT CCC TAC ATC GTG GGC TTC TAT GGG GCT TTC TAC AGC --- --- --- GAC GGA GAG ATC AGC ATC TGT ATG GAG AAC ATG GAT GGC GGC TCT TTG GAC CAG TGC CTT --- --- --- --- AAG AAA GCA GGC AAG --- --- ATC CCA --- --- --- --- --- --- --- --- --- GAA CAA ATA CTG GGC AAA GTT AGC ATT GCG GTG ATT AAA GGT CTG TCA TAC CTG CGG GAG AAA CAC AAG ATC ATG CAC AGA GAT GTA AAG CCA TCT AAC ATC TTG GTC AAC TCG CGT GGG GAG ATC AAG TTG TGT GAC TTT GGT GTG AGT GGA CAA CTC ATT GAC TCC --- --- ATG GCC AAT TCC TTC GTG GGA ACC AGG TCC TAC ATG TCT CCC GAA CGC CTT CAA GGC ACT CAC TAC TCT GTC CAG CCT GAC ATA TGG AGC ATG GGT CTC TCT CTG GTG GAG ATG GCC ATC GGA CGC TTC CCG ATC CCA CCA CCT GAT GCC AAA GAG CTG GAA CAA ATC TTC GGT CAG CCC CTG GAG GGA GAC CCA TCA GCC AGT GAC ACT TCT CCA AAA CCC AGG CCC CCT GGT CGA CCT GGC AGC TCA TAC GGT CCA GAC AGC AGA CCT CCC ATG GCT ATA TTT GAG CTA CTT GAT TAT ATT GTC AAT GAA CCA CCT CCA AAG CTA CCA --- AGT --- ATC TTT GGT GCA GAA TTT CAA GAC TTT GTA AAC AAA TGT TTA ATC AAA AAT CCA GCA GAA AGA GCA GAC CTC AAG CAG CTG ATG GTT CAT TCG TTT ATC AAG GAC --- --- TCA GAG GCT GAG --- GAG GTT GAC TTC GCT GGA TGG TTG TGC AGC ACC ATT --- --- --- --- --- --- --- --- --- --- --- --- --- GGA CTG AAC CAG CCA GCA ACT CCG ACT CAC AGT GTG GGA ATG --- --- --- --- --- --- --- --- --- --- --- --- --- --- --- 



Printing out site pattern counts


         7        915  P

Gallus gallus                               --- --- AAA AAA AAA AAA AAA AAA AAA AAC AAC AAC AAG AAG AAG AAG AAG AAG AAG AAT AAT AAT AAT AAT ACA ACA ACA ACA ACA ACC ACC ACC ACG ACG ACT AGA AGA AGA AGA AGA AGA AGA AGA AGA AGA AGC AGC AGC AGG AGG AGT AGT AGT AGT AGT ATA ATA ATA ATA ATA ATA ATC ATC ATC ATC ATC ATC ATC ATG ATG ATG ATG ATT ATT ATT ATT ATT ATT ATT ATT ATT CAA CAA CAA CAA CAA CAA CAC CAC CAC CAG CAG CAG CAG CAT CAT CAT CAT CCA CCA CCA CCA CCA CCA CCA CCA CCA CCC CCC CCC CCC CCC CCG CCG CCG CCG CCG CCG CCT CCT CCT CCT CCT CCT CCT CGA CGA CGC CGC CGT CTA CTA CTA CTC CTC CTG CTG CTG CTG CTG CTG CTG CTG CTG CTG CTG CTG CTG CTG CTT CTT CTT CTT CTT CTT GAA GAA GAA GAA GAA GAA GAC GAC GAC GAG GAG GAG GAG GAG GAG GAG GAG GAT GAT GAT GAT GAT GAT GAT GAT GCA GCA GCA GCA GCA GCA GCA GCC GCC GCC GCT GCT GCT GCT GCT GCT GCT GCT GCT GGA GGA GGA GGA GGA GGA GGA GGA GGA GGA GGC GGC GGC GGC GGC GGC GGC GGC GGC GGC GGG GGG GGG GGG GGG GGG GGG GGT GGT GGT GGT GGT GTA GTA GTA GTA GTA GTC GTC GTC GTC GTC GTC GTC GTG GTG GTG GTG GTG GTG GTT GTT GTT GTT GTT TAC TAC TAC TAC TAT TAT TAT TAT TCA TCA TCA TCA TCA TCA TCA TCC TCC TCC TCT TCT TCT TCT TCT TCT TCT TCT TCT TCT TCT TCT TGC TGC TGC TGG TGT TGT TTA TTC TTC TTC TTG TTG TTG TTG TTG TTG TTT TTT TTT TTT TTT
Rattus norvegicus                           --- --- AAA AAA AAG AAG AAG AAG AAG AAC AAC AAT AAA AAA AAA AAG AAG AAG AAG AAC AAC AAT AAT AGT ACA ACA ACC ACC GCC ACC ACG ACG ACA ACC ACT AGA AGA AGA AGA AGA AGG AGG CGA CGA CGT AGC AGC AGC AGG CGG AGC AGC AGC AGT AGT ATA ATA ATC ATT ATT ATT ATC ATC ATC ATC ATT ATT GTT ATG ATG CTC CTG ATA ATC ATC ATC ATT ATT ATT GTA GTT CAA CAG CAG CAG CAG CCA CAC CAC CAT CAA CAG CAG CAG CAC CAC CAC CAT --- ATG CCA CCC CCC CCG CCG CCT CCT CCA CCC CCC CCG CCT CAG CCC CCC CCC CCC CCT CCA CCT CCT CCT CCT CCT CCT AGG CGG AGG CGC CGG CTG CTG CTG CTG CTG CTA CTA CTC CTC CTC CTG CTG CTG CTG CTG CTG TTA TTG TTG CTC CTG CTT CTT TTG TTG GAA GAG GAG GAG GAG GAT GAC GAT GAT GAA GAA GAA GAG GAG GAG GAG GAG GAC GAC GAC GAT GAT GAT GAT GAT GCA GCA GCC GCC GCT GCT GCT GCA GCC GCG GCA GCA GCC GCC GCC GCC GCT GCT GCT AGC GGA GGA GGA GGC GGC GGG GGG GGG GGG GGA GGA GGA GGA GGC GGC GGC GGG GGG GGT ACG GGA GGA GGC GGC GGG GGG AGT GGA GGG GGG GGT GTC GTG GTG GTG GTG ATC GCG GTA GTC GTC GTC GTT GTA GTG GTG GTG GTG GTG GTC GTG GTG GTG GTG TAC TAC TAC TAC TAC TAC TAT TAT CCA TCC TCC TCC TCC TCG TCT TCA TCC TCC --- CTG GCC TCA TCC TCC TCC TCG TCG TCT TCT TCT TGC TGC TGC TGG TGC TGC TTA TTC TTC TTT CTA CTA CTG CTG CTG TTG TTC TTC TTC TTT TTT
Pan troglodytes                             --- --- AAA AAA AAA AAA AAG AAG CAG AAC AAC AAT AAA AAA AAG AAG AAG AAG AAG AAC AAC AAC AAT AGT ACA ACA ACC ACC GCT ACC ACC ACC ACA ACC ACT AGA AGA AGA AGA AGG AGA AGG AGG CGA CGT AGC AGC AGT AGG CGA AGC AGC AGC AGC AGT ATA ATC ATC ATC ATC ATT ATA ATA ATC ATC ATC ATT GTC ATG ATG CTT ATG ATT ATC ATC ATT ATC ATT ATT GTT GTT CAA CAA CAG CAG CAG CCA CAC CAC CAT CAA CAA CAG CAG CAC CAT CAT CAT --- ATG CCA CCC CCT CCG CCG CCC CCT CCA CCC CCC CCG CCT CAG CCC CCC CCC CCC CCA CCT CCA CCC CCG CCT CCT TCT AGG CGG AGG CGC AGG CTA CTG CTG CTG CTG CTC CTG CTC CTC TTC CCG CTG CTG CTG CTG CTT TTA CTG TTG CTC CTT CTT CTT TTG TTG GAA GAA GAG GAG GAG GAT GAC GAC GAT GAG GAG GAG GAA GAA GAA GAG GAG GAC GAT GAT GAC GAC GAC GAT GAT GCA GCG GCC GCT GCC GCT GCT GCA GCG GCA GCA GCA GCA GCC GCC GCT GCT GCT GCT GGC GGA GGA GGA GGC GGT GGG GGG GGG GGT GGA GGC GGG GGG GGC GGC GGC GGG GGT GGC ACG GGA GGT GGC GGC GGA GGG AGT GGA GGG GGG GGA GTC GTA GTA GTC GTG GTC GCG GTG GTC GTC GTT GTT GTG GTC GTG GTG GTG GTG GTC GTG GTG GTG GTT TAC TAC TAC TAT TAC TAT TAT TAT CCA TCC TCC TCT TCT TCA TCT TCA TCC TCT --- CTG GCC TCC TCC TCC TCC TCG TCT TCT TCT TCT TGC TGC TGC TGG TGC TGT CTA TTC TTT TTT CTA CTA CTG TTG TTG CTG TTC TTC TTT TTT TTT
Bos taurus                                  --- --- AAA AAA AAA AAA AAG AAG AAG AAC AAC AAT AAA AAA AAG AAG AAG AAG AAG AAC AAC AAT AAT AGT ACA ACA ACC ACC GCT ACC ACC ACC ACC ACC ACC AGA AGA AGA CGA AGG AGA AGG AGG CGA CGT AGC AGC AGC AGG CGG AGC AGC AGC AGC AGT ATA ATC ATC ATC ATT ATT ATA ATA ATC ATC ATC ATT GTT ATG ATG CTC ATG ATA ATC ATC ATT ATC ATT ATT GTT GTC CAA CAA CAA CAG CAG CCA CAC CAC CAT CAA CAA CAG CAG CAC CAC CAT CAT --- ATG CCA CCT CCC CCG CCT CCG CCT CCC CCC CCC CCG CCT CAG CCA CCC CCC CCG CCA CCG CCC CCC CCA CCT CCT CCT AGG CGG AGG CGC AGG CTG CTC CTG CTG CTT CTC CTG CTC CTC CTC CTG CTG CTG CTG CTG CTC TTA CTG TTG CTC CTG CTC CTT TTG TTG GAA GAG GAA GAG GAG GAT GAC GAC GAT GAG GAG GAG GAA GAA GAA GAG GAG GAC GAC GAT GAC GAC GAT GAT GAT GCA GCA GCC GCT GCC GCC GCT GCT GCG GCG GCA GCC GCG GCC GCC GCT GCG GCT GCT GGC GGA GGA GGA GGC GGT GGG GGG GGT GGG GGA GGC GGG GGG GGA GGC GGC GGC GGT GGA ACG GGG GGT GGC GGC GGG GGG AGT GGA GGA GGG GGG GTC GTA GTT GTG GTG GTC GCG GTA GTC GTC GTT GTT GTG GTT GTG GTG GTG GTG GTC GTG GTG GTG GTT TAC TAC TAT TAT TAC TAC TAC TAT CCG TCC TCC TCC TCG TCG TCC TCT TCC TCC --- CTG GCC AGC TCC TCC TCC TCG TCG TCC TCT TCT TGC TGC TGC TGG TGC TGT TTA TTC TTT TTT CTA CTA CTG CTG TTG TTG TTC TTC TTT TTT TTT
Mus musculus                                --- --- AAA AAA AAA AAG AAG AAG AAG AAC AAC AAT AAA AAA AAA AAA AAG AAG AAG AAC AAC AAT AAC AGT ACA ACC ACC ACC GCC ACC ACA ACG ACG ACC ACT AGA AGA AGA AGA AGA AGA AGG CGG CGA CGT AGC AGC AGC AGG CGG AGC AGC AGC AGC AGC ATA ATC ATC ATT ATT ATT ATC ATT ATC ATC ATT ATT GTT ATG ATG CTC CTG ATA ATC ATC ATT ATT ATC ATT GTA GTT CAA CAG CAG CAG CAG CCA CAC CAC CAT CAA CAG CAG CAG CAC CAC CAC CAC --- ATG CCA CCC CCT CCG CCG CCA CCT CCA CCC CCC CCG CCT CAT CCC CCC CCC CCC CCT CCA CCT CCT CCT CCT CCT CCT AGG CGG AGA CGG CGG CTG CTG CTG CTG CTG CTA CTT CTC CTC CTC CTG CTG CTG CTG CTG CTT TTA CTG TTG CTC CTG CTC CTT TTG TTG GAG GAG GAG GAG GAG GAC GAC GAC GAT GAA GAA GAA GAA GAG GAG GAG GAG GAC GAC GAC GAT GAT GAT GAT GAT GCA GCA GCC GCC GCT GCT GCT GCA GCC GCG GCA GCA GCC GCC GCC GCC GCT GCT GCT AGC GGA GGA GGA GGC GGC GGG GGG GGA GGG GGA GGC GGA GGG GGC GGC GGC GGG GGG GGT ACG GGG GGA GGC GGC GGG GGG AGT GGA GGG GGG GGT GTC GTG GTG GTG GTG ATC GCA GTA GTC GTC GTT GTT GTA GTT GTC GTG GTG GTG GTC GTG GTG GTG GTA TAC TAC TAC TAC TAC TAC TAT TAT CCA TCC TCC TCC TCC TCG TCT TCA TCC TCG --- CTG GCC TCA TCC TCC TCT TCG TCG TCT TCT TCT TGC TGC TGC TGG TGC TGT TTA TTC TTC TTT CTA CTG CTA CTG CTG TTG TTC TTC TTC TTT TTT
Homo sapiens                                --- --- AAA AAA AAA AAA AAG AAG AAG AAC AAC AAT AAA AAA AAG AAG AAG AAG AAG AAC AAC AAC AAT AGT ACA ACA ACC ACC GCT ACC ACC ACC ACA ACC ACT AGA AGA AGA AGA AGG AGA AGG AGG CGA CGT AGC AGC AGT AGG CGA AGC AGC AGC AGC AGT ATA ATC ATC ATC ATC ATT ATA ATA ATC ATC ATC ATT GTC ATG ATG CTT ATG ATA ATC ATC ATT ATC ATT ATT GTT GTT CAA CAA CAG CAG CAG CCA CAC CAC CAT CAA CAA CAG CAG CAC CAT CAT CAT --- ATG CCA CCC CCC CCG CCG CCC CCT CCA CCC CCC CCG CCT CAG CCC CCC CCC CCC CCA CCT CCC CCC CCA CCT CCT CCT AGG CGG AGG CGC AGG CTA CTG CTG CTG CTG CTC CTG CTC CTG CTC CTG CTG CTG CTG CTG CTT TTA CTG TTG CTC CTT CTT CTT TTG TTG GAA GAA GAG GAG GAG GAT GAC GAC GAT GAA GAG GAG GAA GAA GAA GAG GAG GAC GAT GAT GAC GAC GAC GAT GAT GCA GCA GCC GCT GCC GCT GCT GCG GCG GCA GCA GCA GCG GCC GCC GCT GCT GCT GCT GGC GGA GGA GGA GGC GGT GGG GGG GGG GGT GGA GGC GGG GGG GGC GGC GGC GGC GGT GGC ACG GGA GGT GGC GGC GGA GGG AGT GGA GGG GGG GGA GTC GTA GTA GTC GTG GTC GCG GTG GTC GTC GTT GTT GTG GTC GTG GTG GTG GTG GTC GTG GTG GTG GTT TAC TAC TAC TAT TAC TAT TAT TAC CCA TCC TCC TCT TCT TCA TCT TCA TCC TCT --- CTG GCC TCC TCC TCC TCC TCG TCT TCT TCT TCT TGC TGC TGC TGG TGC TGT TTA TTC TTT TTT CTA CTA CTG TTG TTG CTG TTC TTC TTT TTT TTT
Danio rerio                                 --- ATG AAA AAG AAA AAA AAA AAG AAG AAC AAT AAC AAA AAG AAG AAG AAA AAG AGG AAC AAT AAT AAT AGT ACT TCA ACA CCC AGT ACC ACT ACC ACC ACT ACT AAG AGA GAC CGC CGC AGG AGG CGG AGA CGT AGC GGG AGC AAA AAA AGC AGT GCA AGC AGC ATT ATC ATA ATT ATC ATA ATC ATT ATC ATT ATC ATA ATC ATG CAG GGC ATC ATC ATA ATC ATT ATC ATC ATC GTT ATC CAG CAA CAG CAA CAG CCC AAC CAC CAT CAA CAG CAA CAG CAC CAC CAC CAT TCA CCA CCA CCA CCT CCA CCC CCA CCA CCG AAA CCA CCA CCT CCC CCC CCA CCG CCA CCC CCG CCT CCA CCT CCA CCT CCA CGA AGG AGG CGC AGA CTG CTG CTT CTG TTC CTC CTG CTG CTC CTT CTG CTA CTG CTT TTG CTG CTG TTA CTT TTG CTC CTG CTG CTA CTG GAA GAA GAG GAA GAG GAG GAC GAC GAT GAG GAC GAG GAG GAA GAG GAA GAG GAC GAC GAC GAC GAT GAT GAC GAT GCT GCT GCC GCT GCC GCA GCG GCC ACA GCT GCA GCA GCT ATT GCT GTG AGT GCA TCG GGA GGA GGC GGT GGT GGA GGA GGC GGA GGG GGC GGA GGT GGA GGC GGC GGG GGA GGC GGA GAG GGA GGA GGA GGC GGT GGC GGT --- GGG GGT GGC GTC GTG GTG GTC CTG ATG GCC ATC GTC GTG GTT ATC GTT TGC GTG GTC GTG GTT GTA GTA GTC GTG GTG TAC TAT TAC TTC TAC TAT TAC TAC TCT AGC TCC TCT TCT CCT TCT TCA TCC AAC CCA GCA GCC TCG TCT TTA TCC TCT GCC TCA TCA TCT CAG TGC TGT TGG TGT TGT TTA TTT TTT TTC TTG TTG CAA CTG CTC TTG TTC TTT TTC TTC TTT



  220    1    2    1    1    1    1    5    1    5    3    1    1    1    1
    1    4    5    3    1    1    1    1    1    1    1    1    1    1    2
    1    1    1    1    1    1    2    1    1    1    1    1    1    1    1
    3    1    1    1    1    1    1    1    1    1    1    1    1    2    1
    1    1    1    5    1    1    1    1   10    1    1    1    1    1    2
    1    1    1    1    1    1    1    1    1    1    2    1    1    2    1
    1    1    3    5    1    1    2    1    1    1    1    1    1    1    1
    1    2    1    1    2    1    1    1    1    1    2    1    1    1    1
    1    1    1    1    1    1    1    1    1    1    1    1    1    3    1
    1    1    1    1    1    1    1    2    1    1    1    1    1    1    2
    1    1    1    1    1    1    1    1    2    7    1    1    1    1    1
    1    1    1    1    1    6    6    2    1    3    1    1    1    4    3
    1    1    1    1    1    1    1    1    1    1    2    1    1    1    2
    1    1    1    1    1    1    1    1    1    1    1    1    1    1    1
    1    1    1    1    1    1    1    1    1    1    1    1    1    1    1
    1    1    1    1    2    1    1    1    1    1    1    1    1    1    1
    1    1    1    1    1    1    1    1    1    1    1    1    1    1    2
    1    1    1    1    1    1    1    1    1    1    1    1    1    1    1
    1    1    1    1    1    1    1    1    1    1    1    1    1    1    1
    1    2    2    1    1    1    1    1    2    1    1    1    1    1    1
    3    1    1    1    4

CODONML (in paml version 4.4b, July 2010)  torun.nuc
Model: One dN/dS ratio for branches Global clock 
Codon frequency model: F3x4
ns =   7  ls = 616

Codon usage in sequences
--------------------------------------------------------------------------------------------------------------
Phe TTT 10  7  9  9  7  9 | Ser TCT 12  4  9  3  5  8 | Tyr TAT  4  2  4  3  2  3 | Cys TGT  2  0  1  1  1  1
    TTC  4  7  6  5  7  5 |     TCC  3  9  7 10  7  7 |     TAC  5  7  5  6  7  6 |     TGC  4  6  5  5  5  5
Leu TTA  1  2  1  2  2  2 |     TCA  7  2  2  0  2  2 | *** TAA  0  0  0  0  0  0 | *** TGA  0  0  0  0  0  0
    TTG  6  5  5  5  4  5 |     TCG  0  3  1  4  4  1 |     TAG  0  0  0  0  0  0 | Trp TGG  2  2  2  2  2  2
--------------------------------------------------------------------------------------------------------------
Leu CTT  7  2  5  2  3  5 | Pro CCT  7 11  7  8 11  7 | His CAT  5  2  5  4  2  5 | Arg CGT  1  1  1  1  1  1
    CTC  4  6  5 10  7  5 |     CCC  6 10 11 10  9 13 |     CAC  4  7  4  5  8  4 |     CGC  2  1  1  1  0  1
    CTA  3  4  4  2  3  3 |     CCA 10  5  6  5  6  6 | Gln CAA  7  2  4  5  2  4 |     CGA  2  2  2  2  1  2
    CTG 15 20 16 17 20 18 |     CCG  7  3  5  6  3  3 |     CAG 10 15 14 12 14 13 |     CGG  0  3  1  2  5  1
--------------------------------------------------------------------------------------------------------------
Ile ATT 10  9  6  6 10  5 | Thr ACT  1  1  1  0  1  1 | Asn AAT  5  3  2  3  2  2 | Ser AGT  5  4  4  3  2  4
    ATC 11 14 16 15 14 16 |     ACC  4  5  7  9  6  7 |     AAC  9 10 11 10 11 11 |     AGC  5  9  8 10 11  8
    ATA  7  3  3  4  2  4 |     ACA  5  3  3  2  2  3 | Lys AAA 12  6  7  7  8  7 | Arg AGA 11  6  6  5  8  6
Met ATG 13 12 13 13 12 13 |     ACG  2  3  1  1  3  1 |     AAG 16 22 20 21 20 21 |     AGG  2  5  7  7  3  7
--------------------------------------------------------------------------------------------------------------
Val GTT  5  3  5  7  5  5 | Ala GCT 11  6  8  7  6  8 | Asp GAT 16 13 13 13 11 13 | Gly GGT  6  2  4  4  2  4
    GTC  7  5  8  6  5  8 |     GCC  3 10  6  8 10  6 |     GAC  3  7  7  7  9  7 |     GGC 10  7  9  8  8 10
    GTA  5  3  2  2  4  2 |     GCA  7  6  7  4  7  6 | Glu GAA 13  4  5  5  4  6 |     GGA 10 10  8  8  8  8
    GTG  6 13 10 10 10 10 |     GCG  0  2  3  5  1  4 |     GAG 18 26 25 25 26 24 |     GGG  7 11 10 11 12  9
--------------------------------------------------------------------------------------------------------------

--------------------------------------------------
Phe TTT  7 | Ser TCT  7 | Tyr TAT  2 | Cys TGT  4
    TTC  9 |     TCC  3 |     TAC  6 |     TGC  2
Leu TTA  3 |     TCA  5 | *** TAA  0 | *** TGA  0
    TTG  6 |     TCG  2 |     TAG  0 | Trp TGG  2
--------------------------------------------------
Leu CTT  4 | Pro CCT  6 | His CAT  2 | Arg CGT  1
    CTC  4 |     CCC  6 |     CAC  6 |     CGC  3
    CTA  2 |     CCA 16 | Gln CAA  7 |     CGA  1
    CTG 17 |     CCG  4 |     CAG 12 |     CGG  1
--------------------------------------------------
Ile ATT  7 | Thr ACT  4 | Asn AAT  6 | Ser AGT  4
    ATC 20 |     ACC  4 |     AAC  9 |     AGC  8
    ATA  4 |     ACA  2 | Lys AAA 13 | Arg AGA  4
Met ATG 12 |     ACG  0 |     AAG 16 |     AGG  7
--------------------------------------------------
Val GTT  4 | Ala GCT  7 | Asp GAT  6 | Gly GGT  7
    GTC  5 |     GCC  6 |     GAC 15 |     GGC 10
    GTA  2 |     GCA  7 | Glu GAA 11 |     GGA 12
    GTG  8 |     GCG  1 |     GAG 20 |     GGG  4
--------------------------------------------------

Codon position x base (3x4) table for each sequence.

#1: Gallus gallus  
position  1:    T:0.15190    C:0.22785    A:0.29873    G:0.32152
position  2:    T:0.28861    C:0.21519    A:0.32152    G:0.17468
position  3:    T:0.27089    C:0.21266    A:0.25316    G:0.26329
Average         T:0.23713    C:0.21857    A:0.29114    G:0.25316

#2: Rattus norvegicus
position  1:    T:0.14249    C:0.23919    A:0.29262    G:0.32570
position  2:    T:0.29262    C:0.21120    A:0.32061    G:0.17557
position  3:    T:0.17812    C:0.30534    A:0.14758    G:0.36896
Average         T:0.20441    C:0.25191    A:0.25360    G:0.29008

#3: Pan troglodytes
position  1:    T:0.14504    C:0.23155    A:0.29262    G:0.33079
position  2:    T:0.29008    C:0.21374    A:0.32061    G:0.17557
position  3:    T:0.21374    C:0.29517    A:0.15267    G:0.33842
Average         T:0.21628    C:0.24682    A:0.25530    G:0.28159

#4: Bos taurus     
position  1:    T:0.13995    C:0.23410    A:0.29517    G:0.33079
position  2:    T:0.29262    C:0.20865    A:0.32061    G:0.17812
position  3:    T:0.18830    C:0.31807    A:0.13486    G:0.35878
Average         T:0.20696    C:0.25360    A:0.25021    G:0.28923

#5: Mus musculus   
position  1:    T:0.13995    C:0.24173    A:0.29262    G:0.32570
position  2:    T:0.29262    C:0.21120    A:0.32061    G:0.17557
position  3:    T:0.18066    C:0.31552    A:0.15013    G:0.35369
Average         T:0.20441    C:0.25615    A:0.25445    G:0.28499

#6: Homo sapiens   
position  1:    T:0.14249    C:0.23155    A:0.29517    G:0.33079
position  2:    T:0.29262    C:0.21120    A:0.32061    G:0.17557
position  3:    T:0.20611    C:0.30280    A:0.15522    G:0.33588
Average         T:0.21374    C:0.24852    A:0.25700    G:0.28075

#7: Danio rerio    
position  1:    T:0.14684    C:0.23291    A:0.30380    G:0.31646
position  2:    T:0.28861    C:0.20253    A:0.33165    G:0.17722
position  3:    T:0.19747    C:0.29367    A:0.22532    G:0.28354
Average         T:0.21097    C:0.24304    A:0.28692    G:0.25907

Sums of codon usage counts
------------------------------------------------------------------------------
Phe F TTT      58 | Ser S TCT      48 | Tyr Y TAT      20 | Cys C TGT      10
      TTC      43 |       TCC      46 |       TAC      42 |       TGC      32
Leu L TTA      13 |       TCA      20 | *** * TAA       0 | *** * TGA       0
      TTG      36 |       TCG      15 |       TAG       0 | Trp W TGG      14
------------------------------------------------------------------------------
Leu L CTT      28 | Pro P CCT      57 | His H CAT      25 | Arg R CGT       7
      CTC      41 |       CCC      65 |       CAC      38 |       CGC       9
      CTA      21 |       CCA      54 | Gln Q CAA      31 |       CGA      12
      CTG     123 |       CCG      31 |       CAG      90 |       CGG      13
------------------------------------------------------------------------------
Ile I ATT      53 | Thr T ACT       9 | Asn N AAT      23 | Ser S AGT      26
      ATC     106 |       ACC      42 |       AAC      71 |       AGC      59
      ATA      27 |       ACA      20 | Lys K AAA      60 | Arg R AGA      46
Met M ATG      88 |       ACG      11 |       AAG     136 |       AGG      38
------------------------------------------------------------------------------
Val V GTT      34 | Ala A GCT      53 | Asp D GAT      85 | Gly G GGT      29
      GTC      44 |       GCC      49 |       GAC      55 |       GGC      62
      GTA      20 |       GCA      44 | Glu E GAA      48 |       GGA      64
      GTG      67 |       GCG      16 |       GAG     164 |       GGG      64
------------------------------------------------------------------------------

(Ambiguity data are not used in the counts.)


Codon position x base (3x4) table, overall

position  1:    T:0.14410    C:0.23412    A:0.29583    G:0.32595
position  2:    T:0.29111    C:0.21053    A:0.32232    G:0.17604
position  3:    T:0.20508    C:0.29183    A:0.17423    G:0.32886
Average         T:0.21343    C:0.24549    A:0.26413    G:0.27695

Codon frequencies under model, for use in evolver (TTT TTC TTA TTG ... GGG):
  0.00884885  0.01259200  0.00751761  0.01418949
  0.00639942  0.00910643  0.00543668  0.01026173
  0.00979773  0.01394226  0.00000000  0.00000000
  0.00535124  0.00761486  0.00000000  0.00858093
  0.01437660  0.02045803  0.01221375  0.02305345
  0.01039704  0.01479508  0.00883289  0.01667207
  0.01591823  0.02265178  0.01352345  0.02552552
  0.00869408  0.01237175  0.00738612  0.01394130
  0.01816578  0.02585007  0.01543288  0.02912956
  0.01313735  0.01869456  0.01116093  0.02106626
  0.02011373  0.02862202  0.01708777  0.03225317
  0.01098554  0.01563252  0.00933285  0.01761575
  0.02001579  0.02848265  0.01700457  0.03209612
  0.01447526  0.02059843  0.01229757  0.02321166
  0.02216213  0.03153690  0.01882800  0.03553785
  0.01210431  0.01722455  0.01028331  0.01940975



Nei & Gojobori 1986. dN/dS (dN, dS)
(Pairwise deletion)
(Note: This matrix is not used in later ML. analysis.
Use runmode = -2 for ML pairwise comparison.)

Gallus gallus       
Rattus norvegicus    0.0089 (0.0307 3.4563)
Pan troglodytes      0.0153 (0.0324 2.1208) 0.0156 (0.0078 0.4994)
Bos taurus           0.0096 (0.0301 3.1215) 0.0116 (0.0058 0.5047) 0.0222 (0.0067 0.2998)
Mus musculus        -1.0000 (0.0313 -1.0000) 0.0068 (0.0011 0.1636) 0.0169 (0.0089 0.5278) 0.0136 (0.0070 0.5116)
Homo sapiens         0.0136 (0.0278 2.0449) 0.0068 (0.0033 0.4913) 0.0990 (0.0044 0.0449) 0.0081 (0.0022 0.2726) 0.0083 (0.0045 0.5339)
Danio rerio         -1.0000 (0.0828 -1.0000) 0.0199 (0.0859 4.3159)-1.0000 (0.0901 -1.0000)-1.0000 (0.0868 -1.0000)-1.0000 (0.0850 -1.0000)-1.0000 (0.0852 -1.0000)


TREE #  1:  (((((6, 3), (5, 2)), 4), 1), 7);   MP score: -1
check convergence..
lnL(ntime:  6  np:  8):  -3615.265020      +0.000000
   8..9     9..10   10..11   11..12   12..6    12..3    11..13   13..5    13..2    10..4     9..1     8..7  
 2.004676 0.786168 0.168485 0.168484 0.025139 0.050695 1.931857 0.014049
SEs for parameters:
 0.315878 0.083483 0.020567 0.016597 0.006406 0.008064 0.236011 0.002335

tree length =   5.20832

(((((6: 0.025139, 3: 0.025139): 0.143345, (5: 0.050695, 2: 0.050695): 0.117790): 0.000000, 4: 0.168485): 0.617683, 1: 0.786168): 1.218508, 7: 2.004676);

(((((Homo sapiens: 0.025139, Pan troglodytes: 0.025139): 0.143345, (Mus musculus: 0.050695, Rattus norvegicus: 0.050695): 0.117790): 0.000000, Bos taurus: 0.168485): 0.617683, Gallus gallus: 0.786168): 1.218508, Danio rerio: 2.004676);

Detailed output identifying parameters

kappa (ts/tv) =  1.93186

omega (dN/dS) =  0.01405

dN & dS for each branch

 branch          t       N       S   dN/dS      dN      dS  N*dN  S*dS

   8..9      1.219  1390.1   457.9  0.0140  0.0221  1.5721  30.7 719.9
   9..10     0.618  1390.1   457.9  0.0140  0.0112  0.7969  15.6 364.9
  10..11     0.000  1390.1   457.9  0.0140  0.0000  0.0000   0.0   0.0
  11..12     0.143  1390.1   457.9  0.0140  0.0026  0.1849   3.6  84.7
  12..6      0.025  1390.1   457.9  0.0140  0.0005  0.0324   0.6  14.9
  12..3      0.025  1390.1   457.9  0.0140  0.0005  0.0324   0.6  14.9
  11..13     0.118  1390.1   457.9  0.0140  0.0021  0.1520   3.0  69.6
  13..5      0.051  1390.1   457.9  0.0140  0.0009  0.0654   1.3  30.0
  13..2      0.051  1390.1   457.9  0.0140  0.0009  0.0654   1.3  30.0
  10..4      0.168  1390.1   457.9  0.0140  0.0031  0.2174   4.2  99.5
   9..1      0.786  1390.1   457.9  0.0140  0.0142  1.0143  19.8 464.5
   8..7      2.005  1390.1   457.9  0.0140  0.0363  2.5864  50.5 1184.4

tree length for dN:       0.0944
tree length for dS:       6.7197


Time used:  0:17
