
seed used = 1418808693
      8   1692

Gallus gallus                              ATG GGG AGC AGC AAG AGC AAG CCC AAG GAC CCC AGC CAG CGC CGG --- --- --- --- --- CGC AGC CTG GAG CCA CCC GAC AGC ACC CAC --- --- --- --- --- --- --- --- --- CAC GGG GGA TTC CCA GCC --- --- TCG CAG ACC CCC AAC AAG ACA GCA GCC CCC GAC ACG --- CAC CGC ACC CCC AGC CGC TCC TTT GGG ACC GTG --- GCC ACC GAG CCC AAG CTC TTC GGG GGC TTC AAC ACT --- TCT GAC ACC GTC ACG TCG CCT CAG CGT GCC GGG GCA CTG GCT GGC GGC GTC ACC ACT TTC GTG GCT CTC TAC GAC TAC GAG TCC CGG ACT GAA ACG GAC TTG TCC TTC AAG AAA GGA GAA CGC CTG CAG ATT GTC AAC AAC ACG --- --- --- --- --- --- GAA GGT GAC TGG TGG CTG GCT CAT TCC CTC ACT ACA GGA CAG ACG GGC TAC ATC CCC AGT AAC TAT GTC GCG CCC TCA GAC TCC ATC CAG GCT GAA GAG TGG TAC TTT GGG AAG ATC ACT CGT CGG GAG TCC GAG CGG CTG CTG CTC AAC CCC GAA AAC CCC CGG GGA ACC TTC TTG GTC CGG GAG AGC GAG ACG ACA AAA GGT GCC TAT TGC CTC TCC GTT TCT GAC TTT GAC AAC GCC AAG GGG CTC AAT GTG AAG CAC TAC AAG ATC CGC AAG CTG GAC AGC GGC GGC TTC TAC ATC ACC TCA CGC ACA CAG TTC AGC AGC CTG CAG CAG CTG GTG GCC TAC TAC TCC AAA CAC GCT GAT GGC TTG TGC CAC CGC CTG ACC AAC GTC TGC CCC ACG TCC AAG CCC CAG ACC CAG GGA CTC GCC --- --- --- AAG GAC GCG TGG GAA ATC CCC CGG GAG TCG CTG CGG CTG GAG GTG AAG CTG GGG CAG GGC TGC TTT GGA GAG GTC TGG ATG GGG ACC TGG AAC GGC ACC ACC AGA GTG GCC ATA AAG ACT CTG AAG CCC GGC ACC ATG TCC CCG GAG GCC TTC CTG CAG GAA GCC CAA GTG ATG AAG AAG CTC CGG CAT GAG AAG CTG GTT CAG CTG TAC GCA GTG GTG TCG --- GAA GAG CCC ATC TAC ATC GTC ACT GAG TAC ATG AGC AAG GGG AGC CTC CTG GAT TTC CTG AAG GGA GAG ATG GGC AAG TAC CTG CGG CTG CCA CAG CTC GTC GAT ATG GCT GCT CAG ATT GCA TCC GGC ATG GCC TAT GTG GAG AGG ATG AAC TAC GTG CAC CGA GAC CTG CGG GCG GCC AAC ATC CTG GTG GGG GAG AAC CTG GTG TGC AAG GTG GCT GAC TTT GGG CTG GCA CGC CTC ATC GAG GAC AAC GAG TAC ACA GCA CGG CAA GGT GCC AAG TTC CCC ATC AAG TGG ACA GCC CCC GAG GCA GCC CTC TAT GGC CGG TTC ACC ATC AAG TCG GAT GTC TGG TCC TTC GGC ATC CTG CTG ACT GAG CTG ACC ACC AAG GGC CGG GTG CCA TAC CCA GGG ATG GTC AAC AGG GAG GTG CTG GAC CAG GTG GAG AGG GGC TAC CGC ATG CCC TGC CCG CCC GAG TGC --- --- CCC GAG TCG CTG CAT GAC CTC ATG TGC CAG TGC TGG CGG AAG GAC CCT GAG GAG CGG CCC ACT TTT GAG TAC CTG CAG GCC TTC CTG GAG GAC TAC TTC ACC TCG ACA GAG CCC CAG TAC CAG CCT GGA GAG AAC CTA 
Rattus norvegicus                          ATG GGC AGC AAC AAG AGC AAG CCC AAG GAC GCC AGC CAG AGG CGC --- --- --- --- --- CGC AGC CTG GAG CCC GCG GAG AAC GTG CAT --- --- --- --- --- --- GGG GCA --- GGT GGC GCC TTC CCT GCC --- --- TCA CAG ACA CCA AGC AAG CCT GCC TCC GCC GAT GGC --- CAC CGC GGG CCC AAT GCC GCC TTT GTG CCC CCC GCG GCC GCC GAG CCC AAG CTC TTC GGA GGC TTC AAC TCC --- TCG GAC ACT GTC ACC TCC CCA CAA AGG GCG GGG CCT CTG GCA GGT GGG GTG ACT ACC TTT GTG GCC CTC TAT GAC TAT GAG TCA CGG ACA GAG ACT GAC CTG TCC TTC AAG AAA GGG GAG CGG CTG CAG ATT GTC AAT AAC ACG AGG AAG GTG GAT GTC AGA GAG GGA GAC TGG TGG CTG GCA CAC TCG CTG AGC ACC GGA CAG ACC GGT TAC ATC CCC AGT AAC TAT GTG GCG CCC TCC GAC TCC ATC CAG GCT GAG GAG TGG TAC TTT GGC AAG ATC ACT AGA CGG GAA TCA GAG CGG CTA CTT CTC AAC GCC GAG AAC CCC AGA GGG ACC TTC CTC GTG AGG GAG AGT GAG ACC ACA AAA GGT GCC TAC TGC CTC TCT GTA TCC GAC TTT GAC AAT GCC AAG GGC CTA AAT GTG AAA CAC TAC AAG ATC CGG AAA CTG GAC AGT GGC GGA TTC TAC ATC ACC TCC CGC ACG CAA TTC AAC AGC CTG CAG CAG CTT GTG GCT TAC TAC TCC AAA CAT GCT GAT GGC CTG TGT CAC CGT CTC ACT ACC GTG TGT CCC ACA TCC AAG CCT CAG ACC CAG GGC CTG GCC --- --- --- AAG GAT GCG TGG GAG ATC CCC CGG GAG TCC CTG CGG CTG GAG GTC AAG CTG GGC CAG GGT TGC TTC GGA GAG GTG TGG ATG GGG ACC TGG AAC GGC ACC ACG AGG GTT GCC ATC AAA ACC CTG AAG CCA GGC ACC ATG TCT CCA GAG GCC TTC CTG CAG GAG GCC CAA GTC ATG AAG AAA CTG AGG CAT GAG AAG CTG GTG CAG CTG TAT GCC GTG GTG TCA --- GAA GAA CCC ATT TAC ATT GTG ACA GAG TAC ATG AAC AAG GGG AGT CTG CTG GAC TTT CTC AAG GGG GAA ACG GGC AAA TAC TTG CGG CTA CCC CAG CTG GTG GAC ATG TCT GCT CAG ATT GCT TCA GGC ATG GCC TAT GTG GAG CGG ATG AAC TAT GTG CAC CGG GAC CTC CGA GCC GCC AAT ATC CTG GTT GGC GAG AAC CTG GTG TGC AAA GTG GCC GAC TTT GGG CTG GCC CGG CTC ATA GAG GAC AAC GAA TAC ACA GCT CGG CAA GGT GCC AAA TTC CCC ATC AAG TGG ACC GCC CCT GAA GCG GCT CTG TAT GGC AGG TTC ACC ATC AAG TCG GAC GTG TGG TCC TTT GGA ATC CTG CTG ACT GAG CTC ACC ACT AAG GGC AGA GTG CCC TAT CCT GGG ATG GTG AAC CGA GAG GTG CTG GAC CAG GTA GAG CGG GGC TAC CGG ATG CCT TGT CCC CCC GAG TGC --- --- CCT GAG TCC CTG CAT GAC CTC ATG TGC CAG TGC TGG CGG AAG GAG CCT GAG GAG CGG CCC ACC TTC GAG TAC CTG CAG GCC TTC CTG GAG GAC TAC TTT ACG TCC ACG GAG CCG CAG TAC CAG CCC GGG GAG AAC CTA 
Canis lupus familiaris                     ATG GGC AGC AAC AAG AGC AAG CCC AAG GAT GCC AGC CAA CGG CGC --- --- --- --- --- CGC AGC CTA GAG CCA GCT GAG AAC ACC CAC --- --- --- --- --- --- GGT GGC GGC GGG GGT GCC TTC CCC ACC --- --- TCA CAG ACA CCC AGC AAG CCA GCC TCC GCT GAT GGC --- CAC CGA GGC CCC AGT ACA GCC TTC CCT TCC GCA --- GCT GCT GAG CCC AAG CTG TTT GGG GGC TTC AAC TCC --- TCG GAC ACG GTC ACC TCC CCG CAG CGG GCG GGG CCG CTG GCT GGT GGA GTG ACC ACC TTT GTG GCC CTC TAT GAC TAT GAG TCT CGG ACA GAG ACC GAT CTG TCC TTC AAG AAA GGG GAG CGG CTC CAG ATT GTC AAC AAC ACA --- --- --- --- --- --- GAG GGT GAC TGG TGG CTG GCC CAC TCG CTC AGC ACG GGA CAG ACA GGC TAC ATC CCC AGC AAC TAC GTG GCG CCC TCT GAC TCT ATC CAG GCT GAG GAG TGG TAC TTT GGC AAG ATC ACC AGA CGG GAG TCA GAG CGG TTA TTG CTC AAT GCA GAG AAC CCG AGA GGG ACC TTC CTG GTG CGA GAA AGC GAG ACC ACG AAA GGC GCC TAC TGC CTC TCT GTG TCG GAT TTC GAC AAC GCC AAG GGC CTC AAT GTG AAG CAC TAC AAG ATC CGC AAG CTC GAC AGT GGT GGC TTC TAC ATC ACC TCG CGC ACA CAG TTC AAC AGC CTG CAG CAG CTG GTG GCC TAC TAC TCC AAA CAT GCC GAT GGC CTG TGC CAC CGC CTC ACC ACC GTG TGC CCC ACA TCC AAG CCA CAG ACT CAG GGG CTG GCC --- --- --- AAG GAT GCC TGG GAG ATC CCT CGG GAG TCT CTG CGG CTG GAG GTC AAA CTG GGC CAG GGC TGT TTC GGA GAG GTG TGG ATG GGA ACC TGG AAC GGA ACC ACC AGG GTG GCC ATC AAA ACC CTG AAG CCA GGC ACG ATG TCT CCA GAG GCC TTC CTG CAG GAG GCT CAG GTC ATG AAG AAA CTG AGG CAC GAG AAG CTG GTG CAG CTG TAC GCG GTG GTG TCT --- GAG GAG CCC ATC TAC ATC GTC ACA GAG TAC ATG AGC AAG GGG AGT CTG CTG GAC TTC CTC AAG GGG GAG ACA GGC AAG TAC CTG CGA CTA CCT CAG CTG GTG GAC ATG GCC GCT CAG ATC GCC TCA GGC ATG GCC TAC GTG GAA CGG ATG AAC TAC GTC CAC CGT GAC CTC CGT GCT GCC AAC ATT CTG GTT GGA GAG AAT CTC GTG TGC AAA GTG GCC GAC TTT GGG CTG GCC CGG CTC ATT GAA GAC AAC GAG TAC ACC GCC CGG CAA GGT GCC AAA TTC CCC ATC AAG TGG ACA GCT CCG GAA GCG GCC CTC TAT GGC CGA TTC ACC ATC AAG TCA GAT GTG TGG TCC TTT GGG ATC CTG CTG ACG GAG CTC ACG ACA AAG GGG CGG GTG CCC TAC CCC GGG ATG GTC AAC CGT GAG GTG CTT GAC CAG GTG GAA CGG GGC TAC CGG ATG CCC TGC CCG CCT GAG TGT --- --- CCC GAG TCC CTG CAC GAC CTC ATG TGC CAG TGC TGG CGG AAG GAG CCT GAG GAA CGA CCC ACC TTT GAG TAC CTG CAG GCC TTC CTG GAG GAC TAC TTC ACA TCC ACC GAG CCC CAG TAC CAG CCG GGA GAG AAC CTA 
Mus musculus                               ATG GGC AGC AAC AAG AGC AAG CCC AAG GAC GCC AGC CAG CGG CGC --- --- --- --- --- CGC AGC CTG GAG CCC TCG GAA AAC GTG CAC --- --- --- --- --- --- GGG GCA --- GGG GGC GCC TTC CCG GCC --- --- TCA CAG ACA CCG AGC AAG CCC GCC TCC GCC GAC GGC --- CAC CGC GGG CCC AGC GCC GCC TTC GTG CCG CCC --- GCG GCC GAG CCC AAG CTC TTC GGA GGC TTC AAC TCC --- TCG GAC ACC GTC ACC TCC CCG CAG AGG GCG GGG CCT CTG GCA GGT GGG GTG ACC ACC TTT GTG GCC CTC TAT GAC TAT GAG TCA CGG ACA GAG ACT GAC CTG TCC TTC AAG AAA GGG GAG CGG CTG CAG ATT GTC AAT AAC ACG AGG AAG GTG GAT GTC AGA GAG GGA GAC TGG TGG CTG GCA CAC TCG CTG AGC ACG GGA CAG ACC GGT TAC ATC CCC AGC AAC TAT GTG GCG CCC TCC GAC TCC ATC CAG GCT GAG GAG TGG TAC TTT GGC AAG ATC ACT AGA CGG GAA TCA GAG CGG CTG CTG CTC AAC GCC GAG AAC CCG AGA GGG ACC TTC CTC GTG AGG GAG AGT GAG ACC ACA AAA GGT GCC TAC TGC CTC TCT GTA TCC GAC TTC GAC AAT GCC AAG GGC CTA AAT GTG AAA CAC TAC AAG ATC CGC AAG CTG GAC AGC GGC GGT TTC TAC ATC ACC TCC CGC ACC CAG TTC AAC AGC CTG CAG CAG CTC GTG GCT TAC TAC TCC AAA CAT GCT GAT GGC CTG TGT CAC CGC CTC ACT ACC GTA TGT CCC ACA TCC AAG CCT CAG ACC CAG GGA TTG GCC --- --- --- AAG GAT GCG TGG GAG ATC CCC CGG GAG TCC CTG CGG CTG GAG GTC AAG CTG GGC CAG GGT TGC TTC GGA GAG GTG TGG ATG GGG ACC TGG AAC GGC ACC ACG AGG GTT GCC ATC AAA ACT CTG AAG CCA GGC ACC ATG TCC CCA GAG GCC TTC CTG CAG GAG GCC CAA GTC ATG AAG AAA CTG AGG CAC GAG AAA CTG GTG CAG CTG TAT GCT GTG GTG TCG --- GAA GAA CCC ATT TAC ATT GTG ACA GAG TAC ATG AAC AAG GGG AGT CTG CTG GAC TTT CTC AAG GGG GAA ACG GGC AAA TAT TTG CGG CTA CCC CAG CTG GTG GAC ATG TCT GCT CAG ATC GCT TCA GGC ATG GCC TAT GTG GAG CGG ATG AAC TAT GTG CAC CGG GAC CTT CGA GCC GCC AAT ATC CTA GTA GGG GAG AAC CTG GTG TGC AAA GTG GCC GAC TTT GGG TTG GCC CGG CTC ATA GAA GAC AAC GAA TAC ACA GCC CGG CAA GGT GCC AAA TTC CCC ATC AAG TGG ACC GCC CCT GAA GCT GCT CTG TAC GGC AGG TTC ACC ATC AAG TCG GAT GTG TGG TCC TTT GGG ATT CTG CTG ACC GAG CTC ACC ACT AAG GGA AGA GTG CCC TAT CCT GGG ATG GTG AAC CGT GAG GTT CTG GAC CAG GTG GAG CGG GGC TAC CGG ATG CCT TGT CCC CCC GAG TGC --- --- CCC GAG TCC CTG CAT GAC CTT ATG TGC CAG TGC TGG CGG AAG GAG CCC GAG GAG CGG CCC ACC TTC GAG TAC CTG CAG GCC TTC CTG GAA GAC TAC TTT ACG TCC ACT GAG CCA CAG TAC CAG CCC GGG GAG AAC CTA 
Homo sapiens                               ATG GGT AGC AAC AAG AGC AAG CCC AAG GAT GCC AGC CAG CGG CGC --- --- --- --- --- CGC AGC CTG GAG CCC GCC GAG AAC GTG CAC --- --- --- --- --- --- GGC GCT GGC GGG GGC GCT TTC CCC GCC --- --- TCG CAG ACC CCC AGC AAG CCA GCC TCG GCC GAC GGC --- CAC CGC GGC CCC AGC GCG GCC TTC GCC CCC GCG --- GCC GCC GAG CCC AAG CTG TTC GGA GGC TTC AAC TCC --- TCG GAC ACC GTC ACC TCC CCG CAG AGG GCG GGC CCG CTG GCC GGT GGA GTG ACC ACC TTT GTG GCC CTC TAT GAC TAT GAG TCT AGG ACG GAG ACA GAC CTG TCC TTC AAG AAA GGC GAG CGG CTC CAG ATT GTC AAC AAC ACA --- --- --- --- --- --- GAG GGA GAC TGG TGG CTG GCC CAC TCG CTC AGC ACA GGA CAG ACA GGC TAC ATC CCC AGC AAC TAC GTG GCG CCC TCC GAC TCC ATC CAG GCT GAG GAG TGG TAT TTT GGC AAG ATC ACC AGA CGG GAG TCA GAG CGG TTA CTG CTC AAT GCA GAG AAC CCG AGA GGG ACC TTC CTC GTG CGA GAA AGT GAG ACC ACG AAA GGT GCC TAC TGC CTC TCA GTG TCT GAC TTC GAC AAC GCC AAG GGC CTC AAC GTG AAG CAC TAC AAG ATC CGC AAG CTG GAC AGC GGC GGC TTC TAC ATC ACC TCC CGC ACC CAG TTC AAC AGC CTG CAG CAG CTG GTG GCC TAC TAC TCC AAA CAC GCC GAT GGC CTG TGC CAC CGC CTC ACC ACC GTG TGC CCC ACG TCC AAG CCG CAG ACT CAG GGC CTG GCC --- --- --- AAG GAT GCC TGG GAG ATC CCT CGG GAG TCG CTG CGG CTG GAG GTC AAG CTG GGC CAG GGC TGC TTT GGC GAG GTG TGG ATG GGG ACC TGG AAC GGT ACC ACC AGG GTG GCC ATC AAA ACC CTG AAG CCT GGC ACG ATG TCT CCA GAG GCC TTC CTG CAG GAG GCC CAG GTC ATG AAG AAG CTG AGG CAT GAG AAG CTG GTG CAG TTG TAT GCT GTG GTT TCA --- GAG GAG CCC ATT TAC ATC GTC ACG GAG TAC ATG AGC AAG GGG AGT TTG CTG GAC TTT CTC AAG GGG GAG ACA GGC AAG TAC CTG CGG CTG CCT CAG CTG GTG GAC ATG GCT GCT CAG ATC GCC TCA GGC ATG GCG TAC GTG GAG CGG ATG AAC TAC GTC CAC CGG GAC CTT CGT GCA GCC AAC ATC CTG GTG GGA GAG AAC CTG GTG TGC AAA GTG GCC GAC TTT GGG CTG GCT CGG CTC ATT GAA GAC AAT GAG TAC ACG GCG CGG CAA GGT GCC AAA TTC CCC ATC AAG TGG ACG GCT CCA GAA GCT GCC CTC TAT GGC CGC TTC ACC ATC AAG TCG GAC GTG TGG TCC TTC GGG ATC CTG CTG ACT GAG CTC ACC ACA AAG GGA CGG GTG CCC TAC CCT GGG ATG GTG AAC CGC GAG GTG CTG GAC CAG GTG GAG CGG GGC TAC CGG ATG CCC TGC CCG CCG GAG TGT --- --- CCC GAG TCC CTG CAC GAC CTC ATG TGC CAG TGC TGG CGG AAG GAG CCT GAG GAG CGG CCC ACC TTC GAG TAC CTG CAG GCC TTC CTG GAG GAC TAC TTC ACG TCC ACC GAG CCC CAG TAC CAG CCC GGG GAG AAC CTC 
Danio rerio                                ATG GGT GGA GCC AAG AGT AAA CCC AAA GAG CTG GGC CAG CGC TCG --- --- --- --- --- CGG AGT CTG GAC GAT GGC ACC GGA GGA CAC --- --- --- --- --- --- --- CAC CAC CAC ACC CCC AAC CCC ACC --- --- TCC TTC ACC CCT AAC CGC AGT CCA CCA GTA GAG GGG TCC CGG CGC GGC ACA CAG CCC AAC ATC ATC --- --- --- AAC GCG GAG CAG GCG CTC TTT GGG GGA GTG AAC TCC ACC ACC AAC AGC ATC ACA TCT CCT AAT CGA ATC GGC ATA TTA --- GGC GGC GTG ACC ACA TTT GTG GCT CTG TAT GAC TAC GAG TCA CGA ACC GCC TCC GAT TTG TCA TTC AGG AAA GGA GAA CGA CTC CAG ATT GTC AAT AAC ACG --- --- --- --- --- --- GAG GGT GAC TGG TGG CTA GCG CGA TCA CTG ACG ACA GGA GAG AGC GGA TAC ATT CCC AGC AAT TAC GTG GCA CCG TCT GAC TCC ATC CAG GCT GAA GAA TGG TAC TTT GGA AAA ATC ACA CGC AGA GAC TCT GAG CGA CTG CTC TTG AAT ATG GAG AAC AGA CGA GGA ACT TTC CTG GTC AGA GAG AGC GAG ACC ACC AAA GGT GCC TAC TGT CTC TCC GTC CTG GAT TAT GAC AAC GTG AAG GGC CTG AAT GTG AAA CAT TAT AAG ATC CGC AAG CTG GAC AGC GGT GGA TTT TAC ATC ACG TCC CGC ACA CAG TTC AGC ACG TTA CAG CAG CTG GTC AAC CAC TAC CGC CAG CAC GCA GAC GGC CTG TGC CAC TCC CTG ACT GAC GTG TGT CCA GTG CTG AAG CCT CCG ACT CAG GGT CTG GCA --- --- --- CGT GAT GCC TGG GAG ATT CCT CGA GAC TCG CTG AGA CTG GAT GTC AAG CTG GGC CAG GGC TGC TTC GGG GAG GTC TGG ATG GGC ACC TGG AAC GGG ACG ACA CGT GTG GCC ATC AAG ACT CTG AAG CCT GGC ACC ATG TCT CCC GAA GCG TTC CTG CAG GAG GCG CAA GTG ATG AAG AAG CTC CGG CAT GAG AAG CTG GTG CAG CTT TAC GCC GTC GTC TCA --- GAG GAG CCC ATT TAC ATC GTC ACT GAG TAC ATG GGT CAA GGA AGC CTG CTG GAT TTC CTG AAA GGT GAC ATG GGG AAA ATG CTG CGT TTG CCT CAG CTC GTG GAC ATG GCC TCT CAG ATC GCC TCA GGA ATG GCA TAC GTG GAG AGA ATG AAC TAT GTG CAC AGG GAC CTC AGG GCT GCC AAC ATC CTG GTG GGC GAT AAC CTG GTG TGT AAA GTG GCT GAT TTC GGC CTC GCT CGA CTC ATT GAG GAC AAC GAA TAC ACT GCG AGA CAA GGA GCA AAG TTT CCT ATT AAG TGG ACT GCA CCG GAG GCG GCT CTG TAT GGA CGC TTC ACG ATC AAA TCT GAC GTG TGG TCG TTT GGG ATT TTA CTG ACG GAG CTC ACC ACC AAA GGC AGG GTG CCT TAT CCA GGT ATG GTG AAC CGC GAG GTG CTT GAC CAG GTG GAG CGT GGC TAC AGG ATG CCC TGC CCA GCC GAG TGC --- --- CCC GAC TCC CTG CAT GAG CTC ATG CTG ACC TGC TGG CGC AAA GAG CCC GAA GAG CGG CCC ACA TTC GAG TAC CTG CAG GGT TTC CTG GAG GAC TAC TTC ACC TCC ACC GAA CCA CAA TAC CAA CCC GGA GAA AAC CTC 
Bos taurus                                 ATG GGC AGC AAC AAG AGC AAG CCC AAG GAT GCC AGC CAG CGG CGC --- --- --- --- --- CGC AGC CTG GAG TCT GCT GAG AAC ACC CAC GGA GGC GGC GGC GGC GGC GGC GGC GGT GGG GGT GCC TTC CCC TCC --- --- TCG CAG ACC CCC AGC AAG CCA GCC TCC TCT GAT GGC --- CAC CGC GGC CCC AAC ACG GCC TTC GCC CCT GCA --- GCC GCT GAG CCC AAG CTG TTC GGA GGC TTC AAC TCC --- TCG GAC ACA GTC ACC TCC CCG CAG AGG GCG GGG CCC CTG TCT GGC GGA GTG ACC ACC TTC GTG GCC CTC TAT GAC TAT GAG TCG CGG ACA GAG ACT GAC CTG TCT TTC AAG AAA GGG GAG CGG CTT CAG ATT GTC AAC AAC ACA --- --- --- --- --- --- GAG GGA GAC TGG TGG CTG GCC CAC TCG CTC AGC ACA GGA CAG ACG GGC TAC ATC CCC AGC AAC TAC GTG GCA CCC TCT GAC TCC ATC CAG GCT GAA GAG TGG TAC TTT GGC AAG ATC ACC AGA CGG GAG TCA GAG CGG TTA CTG CTC AAT GCA GAG AAC CCA AGA GGG ACC TTC CTA GTG CGA GAA AGC GAG ACC ACG AAA GGC GCC TAC TGC CTC TCG GTG TCT GAC TTC GAC AAC GCC AAG GGC CTC AAC GTG AAG CAC TAC AAA ATC CGC AAG CTG GAC AGC GGA GGC TTC TAC ATC ACC TCC CGC ACC CAG TTC AAC AGC CTG CAG CAG CTG GTG GCC TAC TAC TCC AAA CAC GCT GAC GGC CTC TGC CAC CGC CTC ACC ACT GTG TGC CCC ACG TCC AAG CCG CAG ACT CAA GGC TTG GCC --- --- --- AAA GAT GCC TGG GAG ATC CCC CGG GAG TCG CTG CGG CTG GAG GTC AAG CTG GGC CAG GGC TGC TTC GGA GAG GTG TGG ATG GGT ACC TGG AAC GGC ACC ACC AGG GTG GCC ATC AAA ACC CTG AAG CCT GGT ACG ATG TCT CCG GAG GCC TTC CTG CAG GAG GCC CAG GTT ATG AAG AAA CTG AGG CAT GAA AAA CTC GTG CAG CTG TAC GCC GTG GTG TCC --- GAA GAG CCC ATC TAC ATT GTC ACG GAG TAC ATG AGC AAG GGG AGT TTG CTG GAC TTT CTC AAG GGG GAG ACA GGC AAG TAC CTG CGG CTG CCT CAG CTG GTG GAC ATG GCT GCA CAG ATC GCC TCA GGC ATG GCT TAT GTG GAA CGG ATG AAC TAT GTC CAC CGA GAC CTC CGG GCT GCC AAC ATC CTG GTT GGA GAG AGC CTC GTA TGC AAA GTG GCT GAC TTC GGG CTG GCT CGA CTC ATT GAA GAC AAC GAA TAC ACA GCC CGG CAA GGT GCC AAA TTC CCC ATC AAG TGG ACA GCT CCG GAA GCT GCC CTC TAT GGC CGG TTC ACC ATC AAA TCA GAC GTG TGG TCC TTT GGG ATC CTG CTG ACG GAG CTC ACA ACA AAG GGA CGG GTG CCC TAC CCT GGG ATG GTG AAC CGG GAG GTG CTG GAC CAG GTG GAG CGG GGC TAC CGG ATG CCC TGC CCT CCT GAG TGT --- --- CCC GAG TCA TTG CAT GAC CTG ATG TGC CAG TGC TGG CGG AAG GAC CCG GAG GAA CGG CCC ACC TTC GAG TAC CTG CAG GCC TTC CTG GAG GAC TAT TTC ACG TCC ACC GAG CCC CAG TAC CAG CCC GGA GAG AAC CTA 
Pan troglodytes                            ATG GGT AGC AAC AAG AGC AAG CCC AAG GAT GCC AGC CAG CGG CGC --- --- --- --- --- CGC AGC CTG GAG CCC GCC GAG AAC GTG CAC --- --- --- --- --- --- GGC GCT GGC GGG GGC GCT TTC CCC GCC --- --- TCG CAG ACC CCC AGC AAG CCA GCC TCG GCC GAC GGC --- CAC CGC GGC CCC AGC GCG GCC TTC GCC CCC GCG --- GCC GCC GAG CCC AAG CTG TTC GGA GGC TTC AAC TCC --- TCG GAC ACC GTC ACC TCC CCG CAG AGG GCG GGC CCG CTG GCC GGT GGA GTG ACC ACC TTT GTG GCC CTC TAT GAC TAT GAG TCT AGG ACG GAG ACA GAC CTG TCC TTC AAG AAA GGC GAG CGG CTC CAG ATT GTC AAC AAC ACA --- --- --- --- --- --- GAG GGA GAC TGG TGG CTG GCC CAC TCG CTC AGC ACA GGA CAG ACA GGC TAC ATC CCC AGC AAC TAC GTG GCG CCC TCC GAC TCC ATC CAG GCC GAG GAG TGG TAT TTT GGC AAG ATC ACC AGA CGG GAG TCA GAG CGG TTA CTG CTC AAT GCA GAG AAC CCG AGA GGG ACC TTC CTC GTG CGA GAA AGT GAG ACC ACG AAA GGT GCC TAC TGC CTC TCA GTG TCT GAC TTC GAC AAC GCC AAG GGC CTC AAC GTG AAG CAC TAC AAG ATC CGC AAG CTG GAC AGC GGT GGC TTC TAC ATC ACC TCC CGC ACC CAG TTC AAC AGC CTG CAG CAG CTG GTG GCC TAC TAC TCC AAA CAT GCC GAT GGC CTG TGC CAC CGC CTC ACC ACG GTG TGC CCC ACG TCC AAG CCG CAG ACT CAG GGC CTG GCC --- --- --- AAG GAT GCC TGG GAG ATC CCT CGG GAG TCG CTG CGG CTG GAG GTC AAG CTG GGC CAG GGC TGC TTT GGC GAG GTG TGG ATG GGG ACC TGG AAC GGT ACC ACC AGG GTG GCC ATC AAA ACC CTG AAG CCT GGC ACG ATG TCT CCA GAG GCC TTC CTG CAG GAG GCC CAG GTC ATG AAG AAG CTG AGG CAT GAG AAG CTG GTG CAG TTG TAT GCT GTG GTT TCA --- GAG GAG CCC ATT TAC ATC GTC ACG GAG TAC ATG AGC AAG GGG AGT TTG CTG GAC TTT CTC AAG GGG GAG ACA GGC AAG TAC CTG CGG CTG CCT CAG CTG GTG GAC ATG GCT GCT CAG ATC GCC TCA GGC ATG GCG TAC GTG GAG CGG ATG AAC TAC GTC CAC CGG GAC CTT CGT GCA GCC AAC ATC CTG GTG GGA GAG AAC CTG GTG TGC AAA GTG GCC GAC TTT GGG CTG GCT CGG CTC ATT GAA GAC AAT GAG TAC ACG GCG CGG CAA GGT GCC AAA TTC CCC ATC AAG TGG ACG GCT CCA GAA GCT GCC CTC TAT GGC CGC TTC ACC ATC AAG TCA GAC GTG TGG TCC TTC GGG ATC CTG CTG ACT GAG CTC ACC ACA AAG GGA CGG GTG CCC TAC CCT GGG ATG GTG AAC CGC GAG GTG CTG GAC CAG GTG GAG CGG GGC TAC CGG ATG CCC TGC CCG CCG GAG TGT --- --- CCC GAG TCC CTG CAC GAC CTC ATG TGC CAG TGC TGG CGG AAG GAG CCT GAG GAG CGG CCC ACC TTC GAG TAC CTG CAG GCC TTC CTG GAG GAC TAC TTC ACG TCC ACC GAG CCC CAG TAC CAG CCC GGG GAG AAC CTC 



Printing out site pattern counts


         8       1218  P

Gallus gallus                               --- --- --- --- --- --- --- --- --- --- --- --- --- --- --- AAA AAA AAC AAC AAC AAC AAC AAC AAC AAC AAC AAG AAG AAG AAG AAG AAG AAG AAG AAG AAG AAG AAG AAG AAG AAG AAG AAT ACA ACA ACA ACA ACA ACA ACA ACC ACC ACC ACC ACC ACC ACC ACC ACC ACC ACC ACC ACC ACC ACC ACC ACC ACG ACG ACG ACG ACG ACG ACG ACT ACT ACT ACT ACT ACT ACT ACT AGA AGC AGC AGC AGC AGC AGC AGC AGC AGC AGC AGC AGC AGG AGG AGG AGT ATA ATC ATC ATC ATC ATC ATC ATC ATG ATG ATT ATT CAA CAA CAC CAC CAC CAC CAC CAC CAG CAG CAG CAG CAG CAG CAG CAG CAG CAG CAT CAT CAT CCA CCA CCA CCA CCA CCC CCC CCC CCC CCC CCC CCC CCC CCC CCC CCC CCC CCC CCC CCC CCC CCC CCC CCC CCC CCG CCG CCT CCT CCT CGA CGC CGC CGC CGC CGC CGC CGC CGC CGC CGC CGG CGG CGG CGG CGG CGG CGG CGG CGG CGG CGG CGG CGG CGT CGT CTA CTC CTC CTC CTC CTC CTC CTC CTC CTC CTC CTG CTG CTG CTG CTG CTG CTG CTG CTG CTG CTG CTG CTG CTG CTG CTG CTG CTG CTG CTG CTG GAA GAA GAA GAA GAA GAC GAC GAC GAC GAC GAC GAC GAC GAC GAC GAG GAG GAG GAG GAG GAG GAG GAG GAG GAG GAG GAG GAG GAG GAT GAT GAT GAT GCA GCA GCA GCA GCA GCA GCA GCC GCC GCC GCC GCC GCC GCC GCC GCC GCC GCC GCC GCC GCC GCG GCG GCG GCT GCT GCT GCT GCT GCT GCT GCT GGA GGA GGA GGA GGA GGA GGA GGA GGC GGC GGC GGC GGC GGC GGC GGC GGC GGC GGC GGC GGC GGG GGG GGG GGG GGG GGG GGG GGG GGG GGG GGG GGG GGT GGT GGT GTC GTC GTC GTC GTC GTC GTC GTG GTG GTG GTG GTG GTG GTG GTG GTG GTG GTG GTG GTT GTT TAC TAC TAC TAC TAC TAC TAC TAC TAC TAC TAC TAT TAT TAT TAT TCA TCA TCC TCC TCC TCC TCC TCC TCC TCC TCC TCC TCC TCC TCG TCG TCG TCG TCG TCG TCG TCT TCT TGC TGC TGC TGC TGC TGC TGC TGG TTC TTC TTC TTC TTC TTC TTC TTC TTC TTG TTG TTG TTT TTT TTT TTT TTT TTT
Rattus norvegicus                           --- --- --- --- --- --- AAG AGA AGG GAT GCA GCG GGG GTC GTG AAA AAA AAC AAC AAC AAC AAC AAT AAT ACC AGC AAA AAA AAA AAA AAA AAG AAG AAG AAG AAG AAG AAG AAG AAG AAG AAG AAT ACA ACA ACC ACC ACG ACG CCT ACA ACC ACC ACC ACC ACC ACC ACG ACG ACT ACT ACT ACT CCC GCC GGG GTG ACA ACC ACC ACC ACG ACT GGC ACA ACA ACC ACC ACT ACT AGC TCC AGG AAC AAC AAC AAC AAT AGC AGC AGC AGC AGT AGT AGT CGA CGG CGG AGT ATC ATA ATC ATC ATC ATC ATT ATT ACG ATG ATT ATT CAA CAA CAC CAC CAC CAT CAT GGT CAA CAA CAG CAG CAG CAG CAG CAG CAG CAG CAC CAT CAT CCC CCC CCC CCT CCT CCA CCA CCC CCC CCC CCC CCC CCC CCC CCC CCC CCG CCT CCT CCT CCT GCC GCC GCC GCG CCA CCC CCA CCC CCT CGG AGG CGC CGC CGC CGG CGG CGG CGG CGT GCC AGA AGA AGG AGG AGG CGA CGC CGG CGG CGG CGG CGG CGG AGA AGG CTA CTA CTC CTC CTC CTC CTC CTG CTG CTG CTG CTA CTA CTC CTC CTC CTG CTG CTG CTG CTG CTG CTG CTG CTG CTG CTG CTG CTG CTT CTT TTG GAA GAG GAG GAG GAG GAC GAC GAC GAC GAC GAC GAG GAG GAT GAT GAA GAA GAA GAA GAG GAG GAG GAG GAG GAG GAG GAG GAG GAG GAC GAC GAC GAT CCT GCC GCC GCC GCG GCT GCT GCC GCC GCC GCC GCC GCC GCC GCC GCC GCC GCG GCT GCT TCC GCC GCG GCG GCA GCA GCC GCC GCT GCT GCT TCT GCC GGA GGA GGC GGG GGG GGG GGG GGA GGA GGC GGC GGC GGC GGC GGC GGC GGG GGT GGT GGT GGA GGC GGC GGC GGC GGC GGG GGG GGG GGG GGG GTG GGA GGT GGT GTC GTC GTG GTG GTG GTG GTG CCC GTA GTC GTC GTG GTG GTG GTG GTG GTG GTT GTT GTA GTG TAC TAC TAC TAC TAC TAC TAT TAT TAT TAT TAT TAC TAT TAT TAT TCC TCC GCC TCA TCA TCA TCC TCC TCC TCC TCC TCG TCT TCT TCA TCA TCC TCC TCC TCC TCG TCC TCG TGC TGC TGC TGC TGC TGT TGT TGG TTC TTC TTC TTC TTC TTT TTT TTT TTT CTC CTG CTG TTC TTC TTT TTT TTT TTT
Canis lupus familiaris                      --- --- --- --- --- GGC --- --- --- --- GGC --- GGT --- --- AAA AAA AAC AAC AAC AAT AAT AAC AAC ACC AGC AAA AAA AAA AAG AAG AAA AAG AAG AAG AAG AAG AAG AAG AAG AAG AAG AAT ACC ACG ACA ACG ACA ACC CCA ACA ACC ACC ACC ACG ACG ACT ACA ACC ACA ACC ACC ACG TCC GCT GGC ACC ACA ACA ACC ACC ACA ACC GGC ACA ACA ACC ACC ACC ACG AGC TCC AGG AAC AAC AAC AGC AGT AGC AGC AGC AGC AGC AGT AGT CGT CGG CGG AGC ATC ATT ATC ATC ATC ATT ATC ATC ACA ATG ATC ATT CAA CAG CAC CAC CAC CAC CAT GGG CAG CAG CAA CAG CAG CAG CAG CAG CAG CAG CAC CAC CAC CCA CCC CCT CCC CCC CCA CCC CCC CCC CCC CCC CCC CCC CCG CCT CCT CCC CCA CCC CCC CCG GCA GCC GCT GCT CCA CCG CCG CCG CCT CGT CGG CGA CGC CGC CGC CGG CGG CGG CGC ACA AGA CGG AGG CGA CGA CGT CGC CGA CGA CGG CGG CGG CGG AGA CGG CTA CTC CTC CTC CTC CTC CTG CTC CTG CTG CTG CTA TTA CTC CTC CTC CTA CTC CTC CTC CTG CTG CTG CTG CTG CTG CTG CTG CTT CTG TTG CTG GAG GAG GAG GAG GAG GAC GAC GAC GAC GAT GAT GAG GAG GAT GAT GAA GAG GAG GAG GAA GAA GAA GAA GAG GAG GAG GAG GAG GAG GAC GAC GAT GAT CCG GCC GCC GCG GCG GCC GCC ACC GCC GCC GCC GCC GCC GCC GCT GCT GCT GCG GCC GCC TCC GCT GCC GCG GCC GCT GCC GCC GCC GCT GCT GCC GCC GGA GGA GGG GGA GGG GGG GGG GGC GGG GGA GGC GGC GGC GGC GGG GGT GGA GGC GGC GGT GGG GGA GGC GGC GGC GGT GGA GGG GGG GGG GGG CCT GGT GGC GGT GTC GTC GTC GTC GTG GTG GTG GCA GTG GTC GTC GTC GTG GTG GTG GTG GTG GTG GTT GTG GTG TAC TAC TAC TAC TAC TAC TAC TAC TAC TAT TAT TAC TAC TAC TAT TCG TCT GCC TCA TCA TCT TCC TCC TCC TCC TCT TCG TCT TCT TCA TCT TCC TCC TCC TCT TCA TCG TCG TGC TGC TGC TGT TGT TGC TGC TGG TTC TTC TTC TTC TTT TTC TTC TTT TTT CTG CTG CTG TTC TTT TTC TTC TTT TTT
Mus musculus                                --- --- --- --- --- --- AAG AGA AGG GAT GCA --- GGG GTC GTG AAA AAA AAC AAC AAC AAC AAC AAT AAT ACC AGC AAA AAA AAA AAA AAG AAG AAA AAG AAG AAG AAG AAG AAG AAG AAG AAG AAT ACA ACA ACC ACG ACC ACT CCC ACA ACC ACC ACC ACC ACC ACC ACG ACG ACT ACC ACT ACC CCG GCC GGG GTG ACA ACC ACC ACC ACG ACT GGC ACA ACA ACC ACT ACT ACC AGC TCC AGG AAC AAC AAC AAC AGC AGC AGC AGC AGC AGT AGC AGT CGT CGG CGG AGC ATC ATA ATC ATC ATT ATC ATT ATT ACG ATG ATC ATT CAA CAA CAC CAC CAC CAC CAT GGG CAG CAG CAG CAG CAG CAG CAG CAG CAG CAG CAC CAC CAT CCC CCC CCC CCG CCT CCA CCG CCC CCC CCC CCC CCC CCC CCG CCC CCC CCA CCT CCC CCT CCT GCC GCC GCC TCG CCA CCC CCG CCC CCC CGG CGG CGC CGC CGC CGC CGG CGG CGG CGC GCC AGA AGA AGG AGG AGG CGA CGC CGG CGG CGG CGG CGG CGG AGA AGG CTA CTA CTC CTC CTC CTT CTC CTG CTG CTG TTG CTA CTG CTC CTC CTT CTG CTG CTG CTG CTA CTG CTG CTG CTG CTG CTG TTG CTG CTC CTG TTG GAA GAG GAG GAG GAG GAC GAC GAC GAC GAC GAC GAA GAG GAC GAT GAA GAA GAA GAA GAA GAG GAG GAG GAA GAG GAG GAG GAG GAG GAC GAC GAT GAT CCT GCC GCC GCT GCT GCC GCT GCC GCC GCC GCC GCC GCC GCC GCC GCC GCG GCG GCT GCT TCC GCC GCG GCG GCA GCA GCC GCC GCT GCT GCT TCT GCC GGA GGA GGA GGG GGG GGG GGG GGT GGG GGC GGC GGC GGC GGC GGA GGC GGG GGT GGT GGT GGA GGG GGC GGC GGC GGC GGG GGG GGG GGG GGG GTG GGA GGT GGT GTC GTC GTG GTG GTA GTG GTG CCC GTG GTC GTC GTG GTG GTG GTG GTG GTT GTT GTA GTA GTG TAC TAC TAC TAC TAC TAT TAT TAT TAT TAT TAT TAC TAT TAT TAC TCC TCC GCC TCA TCA TCA TCC TCC TCC TCC TCC TCG TCC TCT TCA TCG TCC TCC TCC TCC TCG TCC TCG TGC TGC TGC TGC TGC TGT TGT TGG TTC TTC TTC TTC TTC TTT TTT TTT TTT CTC CTG CTG TTC TTC TTC TTC TTT TTT
Homo sapiens                                --- --- --- --- --- GGC --- --- --- --- GCT --- GGC --- --- AAA AAA AAC AAC AAT AAC AAT AAC AAC ACC AGC AAA AAA AAG AAG AAG AAG AAG AAG AAG AAG AAG AAG AAG AAG AAG AAG AAC ACG ACG ACG ACA ACC ACC CCA ACC ACC ACC ACC ACC ACG ACT ACG ACC ACA ACC ACC ACC CCC GCC GGC GTG ACG ACA ACC ACC ACA ACA GGC ACG ACG ACC ACC ACC ACT AGC TCC AGG AAC AAC AAC AGC AGC AGC AGC AGC AGC AGT AGC AGT CGC CGG CGG AGC ATC ATT ATC ATC ATC ATC ATC ATT ACA ATG ATC ATT CAA CAG CAC CAC CAC CAC CAC GGG CAG CAG CAG CAG CAG CAG CAG CAG CAG CAG CAC CAT CAC CCC CCC CCT CCC CCT CCT CCC CCC CCC CCC CCC CCC CCC CCG CCG CCT CCC CCG CCC CCC CCA GCA GCC GCC GCC CCA CCG CCG CCC CCT CGG CGG CGC CGC CGC CGC CGG CGG CGG CGC GCG AGA CGG AGG CGA CGC CGT CGC CGG CGG AGG CGG CGG CGG AGA AGG CTC CTC CTC CTC CTC CTC CTG CTC CTG TTG CTG CTG TTA CTC CTC CTT CTG CTC CTG CTG CTG CTG CTG CTG CTG CTG TTG CTG CTG CTG CTG CTG GAG GAG GAG GAG GAG GAC GAC GAC GAC GAC GAT GAG GAG GAC GAT GAA GAG GAG GAG GAA GAA GAG GAG GAG GAG GAG GAG GAG GAG GAC GAC GAC GAT CCG GCC GCT GCT GCT GCG GCC GCC GCC GCC GCC GCC GCC GCG GCC GCT GCC GCG GCC GCC TCG GCA GCC GCG GCC GCC GCC GCC GCC GCT GCT GCT GCT GGA GGC GGC GGG GGC GGG GGG GGC GGG GGT GGC GGC GGC GGC GGA GGC GGA GGC GGC GGT GGA GGA GGC GGC GGT GGC GGG GGC GGG GGG GGG GCC GGA GGT GGT GTC GTC GTC GTG GTG GTG GTG GCG GTG GTC GTC GTC GTG GTG GTG GTT GTG GTG GTG GTG GTG TAC TAC TAC TAC TAT TAC TAC TAC TAT TAT TAT TAC TAC TAC TAT TCC TCC GCC TCA TCA TCT TCC TCC TCC TCC TCC TCG TCT TCA TCG TCA TCC TCC TCC TCG TCG TCT TCG TGC TGC TGC TGC TGT TGC TGC TGG TTC TTC TTC TTC TTC TTC TTT TTC TTT CTC CTG CTG TTT TTC TTC TTC TTT TTT
Danio rerio                                 --- --- --- ACC TCC CAC --- --- --- --- CAC --- --- --- --- AAA CAG AAC AAT AAC AAC AAT AAC AAT GAC AAC AAA AAG AAG AAA AAG AAG AAG AAA AAA AAG AAG AGG CAA CGC CGT GCG AAT ACT ACC ACT ACA ACA ACC AGT ACC ACC ACG ACT ACC ACC ACT ACC ACA ACC ACC ACT AGC --- GCG GGC GGA GTG AGC ACA ACC ACG TCC GGG ACC ACT ACA ACT ACA ACG ACG TCC CGT AGC GCC GGA GGT CAG ACG AGT GGA GGC AGC AGC AGC CGC AGA CGT AGC ATC ATT ATC ATT ATT ATC ATC ATT ATG ATG ATC ATT CAA CAA CAC CAT CGG CAC CAC CAC AAT CAG CAG ACC CAA CAG CAG CCG GAG TTC CGA CAT CAT GAT CCT CCT CCC CCA CCT CCT ACA CAG CCA CCC CCG CCT AGA GCC CCT CCA CCT CCC CCC CCG ATG CTG GTA GGC CCC CCA CCT CCC CCC AGG CGC CGC CGC CGG CGC AGG CGA CGA TCC CCC CGA AGG CGG AGA CGC AGG TCG CGG CGT CGA AGA CGA CGC CGC CGA CTC CTG CTC CTG TTG CTC CTC CTG CTC CTG CTG TTG CTG CTC CTG CTC CTG CTC CTG CTG CTG CTA CTG CTG CTG TTA CTT CTC CTT CTG CTC CTG GAG GAA GAA GAG GCC AAC GAC GAG GAT GAT GAG ACC GAG GAG GAT GAG GAA GAC GAG GAG GAG GAG GAG GAG GAA GAC GAG GAG GAT GAC GAT GAC GAC ATA CCA GCT GCC GCG GCG GCC ACC GCA GCC GCG GGT GTG GCA GCG GCA AAC ATC AAC GCT CCA GCT GCC GCA GCG --- GCT GCT GCA GCT TCT GCC CCC GGA GGG GGT GGA GGA GGA GGT GGA GGG GGG GGA GGC GGC GGG GGC GGT GGC GGA GGC GGC GGG GGC GGA GGC GGT ACC GGC GGC GGA GGC GGT ATC GGT GGT GGA ATC GTC GTC GTG GTG GTC GTG --- GTG GTC GTG GTG GTC GTG GTG GTC GTG GTG GTG GTC GTG CAC TAC TAC TAT TAC ATG TAT TAT TAC TAC TAT TAC TAC TAC TAT TCC TCT AAC TCA TCT TCA CGC CTG TCA TCG TCC TCA TCT TCC TCC TCA TCC TCC TCT TCG TCT CTG ACC CTG TGC TGT TGC TGC TGC TGT TGG AAC GTG TTC TTT TTT TTC TTC TTT TTT CTG CTG TTG TTC TTC ATC TAT TTC TTT
Bos taurus                                  --- GGA GGC --- --- GGT --- --- --- --- GGC --- GGC --- --- AAA AAA AAC AAC AAC AGC AAT AAC AAC ACT AGC AAA AAA AAA AAG AAG AAG AAA AAA AAG AAA AAG AAG AAG AAG AAA AAG AAC ACA ACG ACA ACA ACC ACC CCA ACC ACC ACC ACC ACA ACG ACT ACG ACC ACA ACC ACC ACA CCT GCT GGC ACC ACG ACG ACC ACC ACA ACT GGC ACA ACG ACC ACC ACC ACG AGC TCC AGG AAC AAC AAC AGC AAC AGC AGC AGC AGC AGC AGC AGT CGG CGG CGG AGC ATC ATT ATC ATC ATC ATC ATT ATC ACA ATG ATC ATT CAA CAG CAC CAC CAC CAC CAC GGG CAG CAG CAG CAG CAG CAA CAG CAG CAG CAG CAC CAT CAT TCT CCC CCT CCC CCT CCT CCC CCC CCC CCC CCC CCC CCC CCA CCT CCC CCC CCG CCC CCC CCG GCA GCC TCT GCT CCG CCT CCG CCC CCG CGA CGG CGC CGC CGC CGC CGG CGA CGG CGC ACG AGA CGG AGG CGA CGG CGG CGC CGG CGG CGG CGG CGG CGG AGA AGG CTA CTC CTC CTC CTC CTG CTG CTC CTG TTG TTG CTG TTA CTC CTC CTC CTG CTT CTC CTG CTG CTG CTC CTG TTG CTG CTG CTG CTG CTG CTG CTG GAA GAA GAG GAG GAG GAC GAC GAC GAC GAC GAT GAG GAC GAT GAT GAA GAA GAG GAG GAA GAA GAA GAG GAG GAG GAG GAA GAG GAG GAC GAC GAC GAC CCC GCC GCT GCC GCT GCC GCC TCC GCC GCC GCC GCC GCC GCT GCC GCT GCC GCG GCC GCC TCC GCT GCC GCA GCC TCT GCC GCT GCT GCT GCA GCT GCC GGA GGA GGC GGA GGG GGG GGG GGC GGG GGC GGC GGC GGT GGC GGA GGA GGA GGC GGC GGC GGA GGA GGC GGC GGC GGT GGT GGG GGG GGG GGG GCC GGA GGC GGT GTC GTC GTC GTG GTG GTG GTG GCA GTG GTC GTT GTC GTG GTA GTG GTG GTG GTG GTT GTG GTG TAC TAC TAT TAC TAC TAC TAC TAT TAC TAT TAT TAC TAC TAT TAT TCC TCT GCC TCA TCA TCG TCC TCC TCT TCC TCC TCG TCT TCG TCG TCC TCA TCC TCC TCG TCA TCT TCG TGC TGC TGC TGC TGT TGC TGC TGG TTC TTC TTC TTC TTC TTC TTT TTT TTC CTA CTC CTG TTC TTC TTC TTC TTC TTT
Pan troglodytes                             --- --- --- --- --- GGC --- --- --- --- GCT --- GGC --- --- AAA AAA AAC AAC AAT AAC AAT AAC AAC ACG AGC AAA AAA AAG AAG AAG AAG AAG AAG AAG AAG AAG AAG AAG AAG AAG AAG AAC ACG ACG ACG ACA ACC ACC CCA ACC ACC ACC ACC ACC ACG ACT ACG ACC ACA ACC ACC ACC CCC GCC GGC GTG ACG ACA ACC ACC ACA ACA GGC ACG ACG ACC ACC ACC ACT AGC TCC AGG AAC AAC AAC AGC AGC AGC AGC AGC AGC AGT AGC AGT CGC CGG CGG AGC ATC ATT ATC ATC ATC ATC ATC ATT ACA ATG ATC ATT CAA CAG CAC CAC CAC CAC CAT GGG CAG CAG CAG CAG CAG CAG CAG CAG CAG CAG CAC CAT CAC CCC CCC CCT CCC CCT CCT CCC CCC CCC CCC CCC CCC CCC CCG CCG CCT CCC CCG CCC CCC CCA GCA GCC GCC GCC CCA CCG CCG CCC CCT CGG CGG CGC CGC CGC CGC CGG CGG CGG CGC GCG AGA CGG AGG CGA CGC CGT CGC CGG CGG AGG CGG CGG CGG AGA AGG CTC CTC CTC CTC CTC CTC CTG CTC CTG TTG CTG CTG TTA CTC CTC CTT CTG CTC CTG CTG CTG CTG CTG CTG CTG CTG TTG CTG CTG CTG CTG CTG GAG GAG GAG GAG GAG GAC GAC GAC GAC GAC GAT GAG GAG GAC GAT GAA GAG GAG GAG GAA GAA GAG GAG GAG GAG GAG GAG GAG GAG GAC GAC GAC GAT CCG GCC GCT GCT GCT GCG GCC GCC GCC GCC GCC GCC GCC GCG GCC GCT GCC GCG GCC GCC TCG GCA GCC GCG GCC GCC GCC GCC GCC GCC GCT GCT GCT GGA GGC GGC GGG GGC GGG GGG GGC GGG GGT GGC GGC GGC GGC GGA GGT GGA GGC GGC GGT GGA GGA GGC GGC GGT GGC GGG GGC GGG GGG GGG GCC GGA GGT GGT GTC GTC GTC GTG GTG GTG GTG GCG GTG GTC GTC GTC GTG GTG GTG GTT GTG GTG GTG GTG GTG TAC TAC TAC TAC TAT TAC TAC TAC TAT TAT TAT TAC TAC TAC TAT TCC TCC GCC TCA TCA TCT TCC TCC TCC TCC TCC TCG TCT TCA TCG TCA TCC TCC TCC TCG TCA TCT TCG TGC TGC TGC TGC TGT TGC TGC TGG TTC TTC TTC TTC TTC TTC TTT TTC TTT CTC CTG CTG TTT TTC TTC TTC TTT TTT



   13    1    5    1    1    1    1    1    1    1    1    1    1    1    1
    2    1    7    1    1    1    1    2    1    1    1    1    2    1    2
    1    1    1    1    6    1    6    1    1    1    1    1    1    1    1
    1    1    1    1    1    1    1    3    1    1    1    1    1    1    1
    1    1    1    1    1    1    1    1    1    1    1    1    1    1    1
    1    2    1    1    1    1    1    1    1    1    1    1    1    1    2
    1    1    1    1    1    1    1    1    1    1    1    5    3    1    1
    1    1    1   11    1    1    1    1    2    1    1    1    1    1    1
    1    1    1    2    1   11    1    1    1    1    1    1    1    1    1
    1    1    1    1    1    1    1    4    1    1    1    1    1    1    1
    1    1    1    1    1    1    1    1    1    1    1    1    1    1    1
    1    1    1    1    1    1    1    1    1    1    1    1    1    1    1
    1    1    1    3    2    1    1    1    1    1    2    1    1    1    1
    2    2    1    1    1    1    1    2    1    1    1    1    1    1    1
    1    9    1    3    1    1    1    1    1    1    1    1    1    4    1
    1    9    1    1    2    1    1    1    1    1    1    1    2    1    1
    1    2    1    1    5    3    1   10    2    1    1    1    1    1    1
    1    1    1    1    1    1    2    3    1    1    1    1    1    1    1
    1    1    1    1    1    1    1    1    1    1    1    1    1    1    1
    1    1    1    1    1    1    1    1    1    1    1    3    2    1    1
    1    1    1    1    1    1    1    1    1    2    1    1    1    1    1
    1    1    1    1    1    1    1    1    1    1    1    2    4    1    1
    1    1    1    2    1    5    1    1    1    1    1    1    1    9    1
    1    1    1    1    1    1    1    1    1    1    1    1    1    1    1
    1    1    1    1    1    1    1    1    1    1    1    1    1    1    1
    1    1    1    1    1    1    1    2    1    1    2    1    9    1    1
    6    2    1    1    1    1    1    1    1    1    1    1    1    1    1
    1

CODONML (in paml version 4.4b, July 2010)  torun.nuc
Model: One dN/dS ratio for branches Global clock 
Codon frequency model: F3x4
ns =   8  ls = 564

Codon usage in sequences
--------------------------------------------------------------------------------------------------------------
Phe TTT  6  8  6  6  5  6 | Ser TCT  2  3  7  2  3  6 | Tyr TAT  4  8  3  8  5  6 | Cys TGT  0  3  2  3  1  3
    TTC 15 13 15 15 16 12 |     TCC 12 14 10 15 11 10 |     TAC 19 15 20 15 18 16 |     TGC  9  6  7  6  8  5
Leu TTA  0  0  1  0  1  3 |     TCA  2  5  4  4  4  5 | *** TAA  0  0  0  0  0  0 | *** TGA  0  0  0  0  0  0
    TTG  3  1  1  3  2  3 |     TCG  7  3  4  5  6  3 |     TAG  0  0  0  0  0  0 | Trp TGG  9  9  9  9  9  9
--------------------------------------------------------------------------------------------------------------
Leu CTT  0  2  1  2  1  2 | Pro CCT  3  9  5  5  5  8 | His CAT  3  4  1  2  1  3 | Arg CGT  2  1  3  1  1  4
    CTC 13 11 15 10 14 12 |     CCC 23 19 16 20 18 12 |     CAC  7  5  8  7  8  8 |     CGC 10  4  5  6  8 10
    CTA  1  4  3  4  0  1 |     CCA  5  4  5  3  3  6 | Gln CAA  2  4  2  2  1  5 |     CGA  1  2  5  1  1  8
    CTG 32 31 28 30 31 32 |     CCG  2  1  6  5  6  3 |     CAG 21 19 21 21 22 17 |     CGG 16 16 15 16 16  4
--------------------------------------------------------------------------------------------------------------
Ile ATT  2  4  3  4  3  7 | Thr ACT  9  7  1  6  2  7 | Asn AAT  1  5  3  4  2  5 | Ser AGT  1  4  3  2  2  3
    ATC 13 11 13 11 13 13 |     ACC 19 17 20 19 20 17 |     AAC 16 15 15 15 16 17 |     AGC 13  7 10 10 11  7
    ATA  1  1  0  1  0  1 |     ACA  7  6 12  6  6  8 | Lys AAA  3 10  8 10  6 12 | Arg AGA  1  4  2  4  2  6
Met ATG 12 11 11 11 11 14 |     ACG  7  6  6  5  8  7 |     AAG 28 22 23 22 25 13 |     AGG  3  7  2  6  4  5
--------------------------------------------------------------------------------------------------------------
Val GTT  2  2  1  2  1  0 | Ala GCT  8  7 10  8  9  6 | Asp GAT  4  4  7  4  3  8 | Gly GGT  3  6  6  6  5  9
    GTC 11  5  7  5  6  9 |     GCC 17 26 24 25 27 10 |     GAC 19 18 14 18 18 18 |     GGC 16 18 19 15 23 16
    GTA  0  2  0  3  0  1 |     GCA  7  3  2  3  2  6 | Glu GAA  8  6  6  9  3  8 |     GGA  8  6  7  6  6 15
    GTG 17 24 21 23 23 22 |     GCG  3  6  4  4  6  7 |     GAG 32 36 36 33 39 29 |     GGG 13 12 12 15  9  6
--------------------------------------------------------------------------------------------------------------

--------------------------------------------------------------
Phe TTT  3  5 | Ser TCT  7  3 | Tyr TAT  6  5 | Cys TGT  1  1
    TTC 18 16 |     TCC 11 11 |     TAC 17 18 |     TGC  8  8
Leu TTA  1  1 |     TCA  4  5 | *** TAA  0  0 | *** TGA  0  0
    TTG  3  2 |     TCG  6  5 |     TAG  0  0 | Trp TGG  9  9
--------------------------------------------------------------
Leu CTT  1  1 | Pro CCT  6  5 | His CAT  2  2 | Arg CGT  0  1
    CTC 14 14 |     CCC 18 18 |     CAC  7  7 |     CGC  6  8
    CTA  2  0 |     CCA  2  3 | Gln CAA  2  1 |     CGA  3  1
    CTG 28 31 |     CCG  5  6 |     CAG 21 22 |     CGG 18 16
--------------------------------------------------------------
Ile ATT  3  3 | Thr ACT  3  2 | Asn AAT  1  2 | Ser AGT  1  2
    ATC 13 13 |     ACC 18 19 |     AAC 17 16 |     AGC 12 11
    ATA  0  0 |     ACA  9  6 | Lys AAA 11  6 | Arg AGA  2  2
Met ATG 11 11 |     ACG  8  9 |     AAG 20 25 |     AGG  3  4
--------------------------------------------------------------
Val GTT  2  1 | Ala GCT 11  8 | Asp GAT  3  3 | Gly GGT  5  6
    GTC  5  6 |     GCC 23 28 |     GAC 19 18 |     GGC 26 22
    GTA  1  0 |     GCA  4  2 | Glu GAA  9  3 |     GGA 10  6
    GTG 21 23 |     GCG  1  6 |     GAG 32 39 |     GGG  9  9
--------------------------------------------------------------

Codon position x base (3x4) table for each sequence.

#1: Gallus gallus  
position  1:    T:0.16510    C:0.26454    A:0.25516    G:0.31520
position  2:    T:0.24015    C:0.24953    A:0.31332    G:0.19700
position  3:    T:0.09381    C:0.43527    A:0.08630    G:0.38462
Average         T:0.16635    C:0.31645    A:0.21826    G:0.29894

#2: Rattus norvegicus
position  1:    T:0.16236    C:0.25092    A:0.25277    G:0.33395
position  2:    T:0.23985    C:0.25092    A:0.31550    G:0.19373
position  3:    T:0.14207    C:0.37638    A:0.10517    G:0.37638
Average         T:0.18143    C:0.29274    A:0.22448    G:0.30135

#3: Canis lupus familiaris
position  1:    T:0.16604    C:0.25933    A:0.24627    G:0.32836
position  2:    T:0.23507    C:0.25373    A:0.31157    G:0.19963
position  3:    T:0.11567    C:0.40672    A:0.10634    G:0.37127
Average         T:0.17226    C:0.30659    A:0.22139    G:0.29975

#4: Mus musculus   
position  1:    T:0.16821    C:0.24954    A:0.25139    G:0.33087
position  2:    T:0.24030    C:0.24954    A:0.31423    G:0.19593
position  3:    T:0.12015    C:0.39187    A:0.10351    G:0.38447
Average         T:0.17622    C:0.29698    A:0.22304    G:0.30376

#5: Homo sapiens   
position  1:    T:0.16604    C:0.25373    A:0.24440    G:0.33582
position  2:    T:0.23694    C:0.25373    A:0.31157    G:0.19776
position  3:    T:0.09142    C:0.43843    A:0.06530    G:0.40485
Average         T:0.16480    C:0.31530    A:0.20709    G:0.31281

#6: Danio rerio    
position  1:    T:0.16292    C:0.25281    A:0.26592    G:0.31835
position  2:    T:0.25843    C:0.22659    A:0.30899    G:0.20599
position  3:    T:0.15543    C:0.35955    A:0.15918    G:0.32584
Average         T:0.19226    C:0.27965    A:0.24469    G:0.28340

#7: Bos taurus     
position  1:    T:0.17343    C:0.24908    A:0.24354    G:0.33395
position  2:    T:0.23247    C:0.25092    A:0.30812    G:0.20849
position  3:    T:0.10148    C:0.42804    A:0.11070    G:0.35978
Average         T:0.16913    C:0.30935    A:0.22079    G:0.30074

#8: Pan troglodytes
position  1:    T:0.16604    C:0.25373    A:0.24440    G:0.33582
position  2:    T:0.23694    C:0.25373    A:0.31157    G:0.19776
position  3:    T:0.09328    C:0.43470    A:0.06716    G:0.40485
Average         T:0.16542    C:0.31405    A:0.20771    G:0.31281

Sums of codon usage counts
------------------------------------------------------------------------------
Phe F TTT      45 | Ser S TCT      33 | Tyr Y TAT      45 | Cys C TGT      14
      TTC     120 |       TCC      94 |       TAC     138 |       TGC      57
Leu L TTA       7 |       TCA      33 | *** * TAA       0 | *** * TGA       0
      TTG      18 |       TCG      39 |       TAG       0 | Trp W TGG      72
------------------------------------------------------------------------------
Leu L CTT      10 | Pro P CCT      46 | His H CAT      18 | Arg R CGT      13
      CTC     103 |       CCC     144 |       CAC      57 |       CGC      57
      CTA      15 |       CCA      31 | Gln Q CAA      19 |       CGA      22
      CTG     243 |       CCG      34 |       CAG     164 |       CGG     117
------------------------------------------------------------------------------
Ile I ATT      29 | Thr T ACT      37 | Asn N AAT      23 | Ser S AGT      18
      ATC     100 |       ACC     149 |       AAC     127 |       AGC      81
      ATA       4 |       ACA      60 | Lys K AAA      66 | Arg R AGA      23
Met M ATG      92 |       ACG      56 |       AAG     178 |       AGG      34
------------------------------------------------------------------------------
Val V GTT      11 | Ala A GCT      67 | Asp D GAT      36 | Gly G GGT      46
      GTC      54 |       GCC     180 |       GAC     142 |       GGC     155
      GTA       7 |       GCA      29 | Glu E GAA      52 |       GGA      64
      GTG     174 |       GCG      37 |       GAG     276 |       GGG      85
------------------------------------------------------------------------------

(Ambiguity data are not used in the counts.)


Codon position x base (3x4) table, overall

position  1:    T:0.16628    C:0.25419    A:0.25047    G:0.32907
position  2:    T:0.24000    C:0.24860    A:0.31186    G:0.19953
position  3:    T:0.11419    C:0.40884    A:0.10047    G:0.37651
Average         T:0.17349    C:0.30388    A:0.22093    G:0.30171

Codon frequencies under model, for use in evolver (TTT TTC TTA TTG ... GGG):
  0.00468841  0.01678661  0.00412504  0.01545934
  0.00485650  0.01738846  0.00427293  0.01601360
  0.00609221  0.02181284  0.00000000  0.00000000
  0.00389792  0.01395631  0.00000000  0.01285283
  0.00716704  0.02566121  0.00630583  0.02363225
  0.00742400  0.02658124  0.00653191  0.02447954
  0.00931298  0.03334466  0.00819391  0.03070819
  0.00595864  0.02133461  0.00524264  0.01964775
  0.00706212  0.02528557  0.00621352  0.02328631
  0.00731532  0.02619212  0.00643629  0.02412119
  0.00917666  0.03285654  0.00807396  0.03025867
  0.00587142  0.02102230  0.00516589  0.01936013
  0.00927846  0.03322106  0.00816354  0.03059436
  0.00961112  0.03441212  0.00845622  0.03169126
  0.01205661  0.04316806  0.01060785  0.03975489
  0.00771407  0.02761983  0.00678713  0.02543601



Nei & Gojobori 1986. dN/dS (dN, dS)
(Pairwise deletion)
(Note: This matrix is not used in later ML. analysis.
Use runmode = -2 for ML pairwise comparison.)

Gallus gallus       
Rattus norvegicus    0.0388 (0.0353 0.9116)
Canis lupus familiaris 0.0328 (0.0307 0.9380) 0.0164 (0.0110 0.6721)
Mus musculus         0.0397 (0.0358 0.9011) 0.0092 (0.0016 0.1781) 0.0152 (0.0102 0.6672)
Homo sapiens         0.0443 (0.0334 0.7548) 0.0090 (0.0050 0.5567) 0.0167 (0.0060 0.3567) 0.0095 (0.0050 0.5267)
Danio rerio          0.0849 (0.1195 1.4075) 0.0666 (0.1211 1.8179) 0.0748 (0.1249 1.6683) 0.0646 (0.1234 1.9088) 0.0861 (0.1228 1.4256)
Bos taurus           0.0417 (0.0351 0.8409) 0.0176 (0.0119 0.6731) 0.0203 (0.0075 0.3686) 0.0214 (0.0135 0.6326) 0.0289 (0.0093 0.3218) 0.0764 (0.1246 1.6325)
Pan troglodytes      0.0431 (0.0339 0.7863) 0.0087 (0.0050 0.5726) 0.0169 (0.0060 0.3526) 0.0092 (0.0050 0.5420) 0.0000 (0.0000 0.0126) 0.0850 (0.1233 1.4509) 0.0286 (0.0093 0.3256)


TREE #  1:  (((((5, 8), (4, 2)), (7, 3)), 1), 6);   MP score: -1
lnL(ntime:  7  np:  9):  -5321.200132      +0.000000
   9..10   10..11   11..12   12..13   13..5    13..8    12..14   14..4    14..2    11..15   15..7    15..3    10..1     9..6  
 2.312873 0.540133 0.223629 0.211277 0.005719 0.056659 0.164735 2.600772 0.013892
SEs for parameters:
 0.326518 0.041773 0.012967 0.014577 0.002583 0.007137 0.015888 0.237809 0.001784

tree length =   5.82790

(((((5: 0.005719, 8: 0.005719): 0.205557, (4: 0.056659, 2: 0.056659): 0.154618): 0.012352, (7: 0.164735, 3: 0.164735): 0.058894): 0.316504, 1: 0.540133): 1.772739, 6: 2.312873);

(((((Homo sapiens: 0.005719, Pan troglodytes: 0.005719): 0.205557, (Mus musculus: 0.056659, Rattus norvegicus: 0.056659): 0.154618): 0.012352, (Bos taurus: 0.164735, Canis lupus familiaris: 0.164735): 0.058894): 0.316504, Gallus gallus: 0.540133): 1.772739, Danio rerio: 2.312873);

Detailed output identifying parameters

kappa (ts/tv) =  2.60077

omega (dN/dS) =  0.01389

dN & dS for each branch

 branch          t       N       S   dN/dS      dN      dS  N*dN  S*dS

   9..10     1.773  1365.8   326.2  0.0139  0.0402  2.8968  55.0 944.9
  10..11     0.317  1365.8   326.2  0.0139  0.0072  0.5172   9.8 168.7
  11..12     0.012  1365.8   326.2  0.0139  0.0003  0.0202   0.4   6.6
  12..13     0.206  1365.8   326.2  0.0139  0.0047  0.3359   6.4 109.6
  13..5      0.006  1365.8   326.2  0.0139  0.0001  0.0093   0.2   3.0
  13..8      0.006  1365.8   326.2  0.0139  0.0001  0.0093   0.2   3.0
  12..14     0.155  1365.8   326.2  0.0139  0.0035  0.2527   4.8  82.4
  14..4      0.057  1365.8   326.2  0.0139  0.0013  0.0926   1.8  30.2
  14..2      0.057  1365.8   326.2  0.0139  0.0013  0.0926   1.8  30.2
  11..15     0.059  1365.8   326.2  0.0139  0.0013  0.0962   1.8  31.4
  15..7      0.165  1365.8   326.2  0.0139  0.0037  0.2692   5.1  87.8
  15..3      0.165  1365.8   326.2  0.0139  0.0037  0.2692   5.1  87.8
  10..1      0.540  1365.8   326.2  0.0139  0.0123  0.8826  16.7 287.9
   9..6      2.313  1365.8   326.2  0.0139  0.0525  3.7794  71.7 1232.7

tree length for dN:       0.1323
tree length for dS:       9.5233


Time used:  0:17
