
seed used = 1418754725
      5   2895

Mus musculus                               --- --- --- --- --- --- --- --- ATG AGC GGC CGG AAG CGC AGC TTC ACC TTC GGT --- --- --- --- --- --- --- --- --- --- --- --- --- --- --- --- --- GCC TAT GGA GGG GTG GAC AAA TCC TTC TCC CTT CGA CAG AGT GTG TGG AGG AGT GAT GGG CAG AAG CAG AGT TTC CCT CAG GCA CTA AAC CTG TTA CTG GTG GAC TCA GTT CCC TCC CAC CCT GCT TCA CCC TAC CCT AAG AAC ACA GAT CTG TTT GAG ATG ATT GAA AAG ATG CAG GGA AGC AGG ATG GAT GAA CAG CGA TGC TCC TTC CCG CCA --- --- --- --- CCC --- --- --- --- --- --- --- --- --- --- --- --- --- --- --- --- --- --- --- --- --- --- --- --- --- --- --- --- --- --- CTC AAG ACG GAG GAG GAC TAC ATT CCC TAC CCA AGT --- --- --- --- --- --- --- --- --- --- --- --- --- --- --- --- --- --- GTC CAT GAG GTT TTG GGG CGA GAA GGG CCC TTC CCC CTC ATC CTA CTG CCC CAG TTT GGG GGC TAC TGG ATT GAA GGC ACC AAC CAT GAA ATC AGC AGC CTC CCT GAG ACA GAG CCG CTG --- CAG TCT CCC ACC ACC AAG GTC --- AAG CTG GAG TGC AAC CCC ACA GCC CGA ATC TAC CGG AAG CAC TTT CTG GGC AAG GAG CAC TTC AAT TAC TAT TCA CTG GAC ACT GCT CTC GGC CAC CTG GTA TTC TCG CTC AAG TAT GAT GTC ATC GGG GAT CAG GAG CAC CTG CGG CTG TTG CTT AGG ACC AAG TGT CGG ACC CAC CAC GAT GTC ATC CCC ATC TCC TGC CTC ACC GAG TTC CCC AAC GTG GTC CAG ATG GCA AAG CTG GTA TGT GAG GAT GTC AAT GTG GAT CGA TTC TAC CCC GTG CTT TAC CCT AAG GCC TCC AGG CTC ATT GTC ACC TTT GAC GAA CAT GTT ATC AGC AAT AAC TTC AAG TTT GGA GTC ATT TAT CAG AAG CTT GGC CAG ACC TCT GAG GAA GAA CTA TTC AGT ACC AAC GAG GAA AGT CCT GCC TTC GTG GAA TTC CTG GAG TTT CTG GGC CAG AAA GTG AAA TTG CAG GAT TTC AAG GGG TTC CGA GGA GGC CTT GAC GTG ACT CAC GGG CAG ACG GGG ACC GAG TCC GTA TAC TGC AAC TTC CGC AAC AAG GAG ATC ATG TTT CAC GTG TCC ACC AAG CTG CCA TAC ACA GAA GGG GAC GCT CAG CAG TTG CAG CGG AAG CGG CAT ATC GGG AAC GAC ATC GTC GCT GTG GTC TTC CAG GAC GAA AAC ACG CCC TTC GTG CCA GAC ATG ATT GCA TCC AAC TTT CTG CAT GCC TAT GTG GTG GTG CAG GCA GAG GGG GGT GGC CCC GAT GGC CCC CTC TAC AAG GTC TCT GTC ACT GCT AGA GAC GAT GTG CCC TTT TTT GGG CCT CCC CTC CCG GAT CCT GCT GTG TTT AGG AAG GGG CCT GAG TTC CAG GAA TTT CTG CTG ACG AAG TTG ATC AAT GCC GAG TAT GCG TGT TAC AAA GCA GAG AAG TTT GCC AAA CTG GAG GAG CGG ACG CGT GCC GCC CTT CTT GAG ACG CTC TAC GAG GAG CTC CAT ATT CAC AGC CAG --- --- --- --- --- --- --- TCC ATG ATG GGC CTC GGC --- --- --- GGC GAC GAC GAC AAG ATG GAG AAC --- --- GGC AGC GGT --- GGG GGT GGC TTC TTC GAG TCT TTC AAG AGG GTC ATC --- --- CGG AGC CGG AGT CAG TCC ATG GAT --- --- --- --- --- --- --- --- --- --- --- --- --- --- --- GCC ATG GGA CTG AGC AAC AAG AAA CCC AAC ACC GTG TCA ACT AGC CAC AGT GGG AGC TTC ACC CCC AAC AAC --- --- --- --- --- --- --- --- --- --- --- --- --- --- --- --- --- --- --- --- --- --- --- --- --- --- --- --- CCT GAC CTG GCC AAG GCA GCC GGC ATA --- --- --- --- --- --- --- --- --- --- --- --- --- --- --- --- --- --- --- --- --- --- --- --- --- --- TCC CTG ATT GTC --- --- --- --- --- --- --- --- CCT GGA AAA AGC CCC ACA AGG AAG AAG TCT GGT CCG TTT GGC TCA CGC CGC AGC AGT GCC ATT GGC ATC GAG AAC ATC CAG GAG GTT CAG GAG AAG --- --- AGG GAG AGC --- --- --- --- CCT CCA GCT GGC CAG AAG ACC CCA GAC AGC GGG CAT --- --- --- GTC TCA CAA GAG CCC AAG TCA GAG AAC TCA TCC ACT CAG AGC TCC CCA GAG ATG CCC ACG ACC AAG AAC AGA GTG GAG TCG GCT GCC CAG AGA ACG GAA GTG --- --- CTG CAG GGC TTC TCC AGA TCT TCC TCC AGC GCC AGC AGC TTC ACC --- --- --- --- --- --- --- --- --- --- --- --- --- --- --- --- --- --- --- --- --- --- --- --- --- --- --- --- --- --- --- --- --- --- --- --- --- --- --- --- --- --- --- --- --- --- --- --- AGC GTG GTG GAG --- --- GAG ACG GAG GGC GTA GAC GGG GAT GAT ACA GGC CTG GAG AGC GTG TCG TCC TCA GGA ACT CCC CAT AAG CGG GAC TCC TTC CTC TAC AGC ACA --- --- --- TGG CTG GAC GAC AGC GTG --- --- --- AGC ACC ACG AGC GGG GGC AGC TCC CCA GGC CTC ACA CGG TCA CCC CAC CCA GAC GTC GGC AAG TCG GGG GAC CCT GCG TGT CCC GAG ATC AAG ATC CAA CTG GAA ACA TCT GAG CAG CAC ACA CCC CAG ATG GGC TGC 
Homo sapiens                               --- --- --- --- --- --- --- --- ATG AGC GGC CGG AAG CGC AGC TTC ACC TTC GGG --- --- --- --- --- --- --- --- --- --- --- --- --- --- --- --- --- GCC TAC GGC GGG GTG GAC AAG TCC TTC ACT TCT CGC CGG AGT GTG TGG AGG AGC GAT GGG CAG AAC CAG CAC TTC CCT CAG GCA CTA GAC CTG TCA CGA GTG AAC TTA GTT CCC TCC TAT ACT CCT TCA CTC TAC CCT AAG AAC ACA GAT CTA TTT GAG ATG ATT GAG AAG ATG CAG GGA AGC AGG ATG GAT GAA CAA CGC TGC TCC TTC CCG CCG --- --- --- --- CCC --- --- --- --- --- --- --- --- --- --- --- --- --- --- --- --- --- --- --- --- --- --- --- --- --- --- --- --- --- --- CTC AAA ACA GAG GAG GAC TAC ATT CCA TAC CCG AGC --- --- --- --- --- --- --- --- --- --- --- --- --- --- --- --- --- --- GTG CAC GAG GTC TTG GGG CGA GAA GGA CCC TTC CCC CTC ATC CTG CTG CCC CAG TTT GGG GGC TAC TGG ATT GAG GGC ACC AAC CAC GAA ATC ACC AGC ATC CCC GAG ACA GAG CCA CTG --- CAG TCG CCC ACA ACC AAG GTG --- AAG CTC GAG TGC AAC CCC ACA GCC CGC ATC TAC CGG AAG CAC TTT CTC GGC AAG GAG CAT TTC AAT TAC TAC TCA CTG GAC GCT GCC CTC GGC CAC CTT GTC TTC TCA CTC AAG TAC GAT GTC ATC GGG GAC CAA GAG CAC CTG CGG CTG CTG CTC AGG ACC AAG TGC CGG ACA TAC CAT GAT GTC ATC CCC ATC TCC TGC CTC ACC GAG TTC CCT AAT GTT GTC CAG ATG GCA AAG TTG GTG TGT GAA GAC GTC AAT GTG GAT CGG TTC TAT CCT GTG CTC TAC CCC AAG GCT TCC CGG CTC ATC GTC ACC TTT GAC GAG CAT GTC ATC AGC AAT AAC TTC AAG TTT GGC GTC ATT TAT CAG AAG CTT GGG CAG ACC TCC GAG GAA GAA CTC TTC AGC ACC AAT GAG GAA AGT CCC GCT TTC GTG GAG TTC CTT GAA TTT CTT GGC CAG AAG GTC AAA CTG CAG GAC TTT AAG GGG TTC CGA GGA GGC CTG GAC GTG ACC CAC GGG CAG ACG GGG ACC GAA TCT GTG TAC TGC AAC TTC CGC AAC AAG GAG ATC ATG TTT CAC GTG TCC ACC AAG CTG CCA TAC ACG GAA GGG GAC GCC CAG CAG TTG CAG CGG AAG CGG CAC ATC GGG AAC GAC ATC GTG GCT GTG GTC TTC CAG GAT GAG AAC ACT CCT TTC GTG CCC GAC ATG ATC GCG TCC AAC TTC CTG CAT GCC TAC GTC GTG GTG CAG GCT GAG GGC GGG GGC CCT GAT GGC CCC CTC TAC AAG GTC TCT GTC ACT GCA AGA GAT GAT GTG CCC TTC TTT GGA CCC CCC CTC CCG GAC CCC GCT GTG TTC AGG AAG GGG CCT GAG TTC CAG GAA TTT TTG CTG ACA AAG CTG ATC AAT GCT GAA TAT GCC TGC TAC AAG GCA GAG AAG TTT GCC AAA CTG GAG GAG CGG ACG CGG GCC GCC CTC CTG GAG ACG CTC TAT GAG GAA CTA CAC ATC CAC AGC CAG --- --- --- --- --- --- --- TCC ATG ATG GGC TTG GGC --- --- --- GGC GAC GAG GAC AAG ATG GAG AAT --- --- GGC AGT GGG --- GGC GGC GGC TTC TTT GAG TCT TTC AAG CGG GTC ATC --- --- CGG AGC CGC AGC CAG TCC ATG GAT --- --- --- --- --- --- --- --- --- --- --- --- --- --- --- GCC ATG GGG CTG AGC AAC AAG AAG CCC AAC ACC GTG TCC ACC AGC CAC AGC GGG AGC TTC GCG CCC AAC AAC --- --- --- --- --- --- --- --- --- --- --- --- --- --- --- --- --- --- --- --- --- --- --- --- --- --- --- --- CCC GAC CTG GCC AAG GCG GCT GGA ATA --- --- --- --- --- --- --- --- --- --- --- --- --- --- --- --- --- --- --- --- --- --- --- --- --- --- TCA CTG ATT GTC --- --- --- --- --- --- --- --- CCT GGG AAG AGC CCC ACG AGG AAG AAG TCG GGC CCG TTC GGC TCC CGC CGC AGC AGC GCC ATT GGC ATC GAG AAC ATA CAG GAG GTG CAG GAG AAG --- --- AGG GAG AGC --- --- --- --- CCT CCG GCT GGT CAG AAG ACC CCA GAC AGC GGG CAC --- --- --- GTC TCA CAG GAG CCC AAG TCG GAG AAC TCA TCC ACT CAG AGC TCC CCA GAG ATG CCC ACG ACC AAG AAC AGA GCG GAG ACC GCA GCG CAG AGA GCA GAG GCG --- --- CTC AAG GAC TTC TCC CGC TCC TCG TCC AGT GCC AGC AGC TTC GCC --- --- --- --- --- --- --- --- --- --- --- --- --- --- --- --- --- --- --- --- --- --- --- --- --- --- --- --- --- --- --- --- --- --- --- --- --- --- --- --- --- --- --- --- --- --- --- --- AGC GTG GTG GAG --- --- GAG ACG GAG GGT GTG GAC GGA GAG GAC ACA GGC CTG GAG AGC GTG TCA TCC TCA GGA ACA CCC CAC AAG CGG GAC TCC TTC ATC TAT AGC ACG --- --- --- TGG CTG GAG GAC AGT GTC --- --- --- AGC ACC ACT AGT GGG GGC AGC TCC CCA GGC CCC TCT CGA TCA CCC CAC CCA GAC GCC GGC AAG TTG GGG GAC CCT GCG TGT CCC GAG ATC AAG ATC CAG CTG GAA GCA TCT GAG CAG CAC ATG CCC CAG CTG GGC TGT 
Rattus norvegicus                          --- --- --- --- --- --- --- --- ATG AGC GGC CGG AAG CGC AGC TTC ACC TTC GGT --- --- --- --- --- --- --- --- --- --- --- --- --- --- --- --- --- GCC TAT GGA GGG GTG GAC AAA TCC TTC TCT CCT CGA CAG AGT GTG TGG AGG AGT GAT GGA CAG AAA CAC AGC TTC CCT CAG ACA CTG AAC GTG TTA CTA GTG GAC TCA GTT CCC TCC CAC CCT GCT TCA CCC TAC CCT AAG AAC ACA GAT CTG TTT GAG ATG ATT GAA AAG ATG CAG GGA AGC AGG ATG GAT GAA CAA CGA TGC TCC TTC CCG CCA --- --- --- --- CCC --- --- --- --- --- --- --- --- --- --- --- --- --- --- --- --- --- --- --- --- --- --- --- --- --- --- --- --- --- --- CTC AAG ACG GAG GAG GAC TAC ATT CCC TAC CCA AGT --- --- --- --- --- --- --- --- --- --- --- --- --- --- --- --- --- --- GTC CAT GAG GTT TTG GGG CGA GAA GGG CCC TTC CCC CTC ATC CTG CTG CCC CAG TTT GGG GGC TAC TGG ATT GAA GGC ACC AAC CAT GAA ATC AGC AGT ATC CCC GAG ACA GAG CCG CTG --- CAG TCT CCC ACC ACC AAG GTC --- AAG CTG GAG TGC AAC CCC ACA GCC AGA ATC TAC CGG AAG CAC TTT CTC GGC AAG GAG CAC TTC AAT TAC TAC TCG CTG GAC ACT GCT CTC GGC CAC CTG GTC TTC TCG CTC AAG TAT GAT GTC ATC GGG GAT CAA GAG CAC CTG AGG CTA TTG CTT AGG ACC AAG TGT CGG ACC TAC CAT GAT GTC ATC CCC ATC TCC TGC CTC ACC GAG TTC CCC AAC GTG GTC CAG ATG GCA AAG TTG GTA TGT GAA GAT GTC AAC GTG GAT CGA TTC TAC CCC GTG CTT TAT CCT AAG GCT TCC AGA CTC ATC GTC ACC TTT GAC GAG CAT GTT ATC AGC AAT AAC TTC AAG TTC GGA GTC ATC TAT CAG AAG CTG GGG CAG ACA TCC GAG GAG GAA CTG TTC AGC ACC AAC GAG GAA AGT CCT GCC TTT GTG GAA TTC CTC GAG TTT CTG GGC CAG AAA GTC AAA CTG CAG GAT TTC AAG GGG TTC CGA GGA GGC CTG GAC GTG ACT CAC GGG CAG ACC GGG ACC GAG TCC GTC TAC TGC AAC TTC CGC AAC AAG GAG ATC ATG TTT CAT GTG TCC ACC AAG CTG CCA TAC ACA GAA GGG GAC GCC CAG CAG TTG CAG CGG AAA CGG CAC ATC GGG AAC GAC ATC GTC GCC GTG GTC TTC CAG GAC GAA AAC ACG CCC TTC GTG CCA GAC ATG ATT GCT TCC AAC TTC CTG CAT GCC TAT GTG GTG GTG CAG GCA GAG GGG GGT GGC CCC GAT GGC CCC CTC TAC AAG GTC TCA GTC ACC GCG AGA GAC GAT GTG CCC TTT TTC GGG CCT CCC CTC CCA GAT CCT GCT GTG TTC AGG AAG GGG CCT GAG TTC CAG GAA TTT CTT CTG ACA AAG TTG ATC AAC GCT GAG TAC GCC TGC TAC AAA GCA GAG AAG TTT GCC AAA CTG GAG GAG CGG ACA CGT GCT GCC CTT CTG GAG ACA CTC TAC GAG GAG CTC CAC ATC CAC AGC CAG --- --- --- --- --- --- --- TCC ATG ATG GGC CTG GGT --- --- --- GGT GAC GAT GAC AAG ATG GAG AAT --- --- GGC AGC GGT --- GGG GGT GGC TTC TTC GAG TCT TTC AAG AGG GTC ATC --- --- CGG AGC CGG AGC CAG TCC ATG GAT --- --- --- --- --- --- --- --- --- --- --- --- --- --- --- GCC ATG GGA CTG AGC AAC AAG AAA CCC AAC ACC GTG TCT ACC AGC CAC AGT GGG AGC TTC ACC CCC AAC AAC --- --- --- --- --- --- --- --- --- --- --- --- --- --- --- --- --- --- --- --- --- --- --- --- --- --- --- --- CCG GAC CTG GCC AAG GCA GCT GGC ATA TCA TTG CTT ATT CCC GGG AAA AGC GCG AGT AGA TTC GGA CGC CGG GGC AGC GCC TTA GGC ATA GGA GCT GTG GAA GAG TCC CTG ATT GTC --- --- --- --- --- --- --- --- CCT GGA AAG AGT CCC ACA AGG AAG AAG TCT GGT CCA TTT GGC TCA CGC CGC AGC AGC GCC ATT GGC ATC GAG AAC ATC CAG GAG GTG CAG GAG AAG --- --- AGG GAG AGC --- --- --- --- CCT CCA GCT GGC CAG AAG ACC CCA GAC AGC GGG CAT --- --- --- GTC TCT CAG GAG CCC AAG TCG GAG AAC TCA TCT ACT CAG AGC TCC CCA GAG ATG CCC ACG ACC AAG AAC AGA GTG GAG TCG GCT GCC CAG AGA ACG GAA GTG --- --- CTG CAA GGC TTT TCC AGA TCC TCC TCC AGT GCC AGC AGC TTC ACC --- --- --- --- --- --- --- --- --- --- --- --- --- --- --- --- --- --- --- --- --- --- --- --- --- --- --- --- --- --- --- --- --- --- --- --- --- --- --- --- --- --- --- --- --- --- --- --- AGC GTG GTG GAG --- --- GAG ACG GAG GGC GTG GAT GGA GAT GAT ACA GGC ATG GAG AGC GTG TCG TCC TCA GGA ACG CCC CAT AAG CGG GAC TCC TTC CTC TAC AGC ACA --- --- --- TGG CTG GAC GAC AGC GTG --- --- --- AGC ACC ACG AGC GGG GGC AGC TCC CCA GGC CTC ACA CGG TCA CCC CAC CCA GAC GCC GTC AAG TCG GGG GAC CCT GCG TGT CCC GAG ATC AAG ATC CAA CTG GAA ACA TCT GAG CAG CAC ACA CCC CAG ATG GGC TGC 
Danio rerio                                --- --- --- --- --- --- --- --- --- --- --- --- --- --- --- --- --- --- --- --- --- --- --- --- --- --- --- --- --- --- --- --- --- --- --- --- --- --- --- --- --- --- --- --- --- --- --- --- --- --- --- --- --- --- --- --- --- --- --- --- --- --- --- --- --- --- --- --- --- --- --- --- --- --- --- --- --- --- --- --- --- --- --- --- --- --- --- --- --- --- --- --- --- --- --- --- --- --- ATG GAC GAG CAG CGA TGC ACT CTT CCT CCT --- --- --- --- CCT --- --- --- --- --- --- --- --- --- --- --- --- --- --- --- --- --- --- --- --- --- --- --- --- --- --- --- --- --- --- CTC AAA ACA GAG GAA GAC TAC ATC CCA TAC CCC AGC --- --- --- --- --- --- --- --- --- --- --- --- --- --- --- --- --- --- GTC CAT GAG GTT CTT GGC AGA AAG AGT CCA TTT CCC TTG ATT TTG CTG CCC CAG TTT GGG GGT TAT TGG ATT GAA GGG ACC AAT CAT GAG CTG AGC AAT GGG AAT GAC CCG GAG CAA TTC --- GTG TCT CCC ACC TCA CGC TAC --- AAA TTG GAG TGC AAC ACC ACC GCT AAG ATC TAC AGG AAA CAT TTT CTG GGC AAA GAA CAC TTT AAT TAC TAT ACA GTG GAC AGT GCC CTC GGC CAC CTG GTG TTC TCC ATG AAA TAT GAT GTT ATT GGG GAC CAA GAG CAT CTC CGG CTC ATG CTC AGA ACA AAA ATG AAA ACA CAT CAT GAC GTG ATA CCA ATA TCT TGT CTG ACC GAA TTC CCC AAC ATT GTC CAG ATG GCC AAG CTT GTC TGT GAA GAG GTG AAT GTG GAC CGA TTT TTC CCG GTG CTT TAT CCA AAG GCT TCC AGG CTC ATC GTC ACT TTC GAT GAA CAC GTC ATT AGC AAC AAC TTC AAG TTT GGA GTC ATT TAT CAG AAG TTT GGA CAG ACC TCA GAG GAG GAG CTG TTT GGG AAT AAC GAG GAG GGT CCT GCT TTT GTG GAG TTT TTA GAG TTT CTG GGA CAG AAA ATC GAG CTT CAT GAC TTC AAA GGG TTT CGT GGA GGG TTG GAT GTA ACA CAT GGA CAG ACC GGC TCT GAG TCT GTC TAC CAT AAT TTC CAC AAC AAA GAG ATC ATG TTC CAC GTG TCG ACT AAG CTG CCT TAC ACA GAG GGT GAT ACA CAG CAG CTG CAG AGG AAG AGG CAT ATA GGA AAT GAC ATT GTG GCC ATC GTG TTT CAA GAA GAA AAC ACT CCA TTT GTG CCA GAC ATG ATT GCC TCC AAC TTC TTG CAT GCG TAT GTG GTG GTG CAG GTG GAG AAT GCC TGC TCT GAT GAT GTC CTC TAC AAG GTT TCA GTA ACA GCG AGA GAT GAC GTT CCC TTC TTT GGA CCA CCT CTT CCC AAT CCA GCC GTT TTT AAG AAA GGT CCA GAG TTC CAT GAA TTC TTG CTT TCT AAG CTG ATC AAT GCT GAA TAT GCG TGT TAC AAA GCT GAA AAA TTT GCC AAA TTA GAG GAG CGC ACC CGG TCT GCC TTG CTG GAG ACG CTG TAT GAG GAG CTG CAC ATC AAC AGT CAG --- --- --- --- --- --- --- GCC ATG ATG GGA CTG GGA --- --- --- GGA GAA GAG GAC AAA CTG GAA AAT GGA GGA GGA GGA GGA --- GGA GGA GGC TTC TTT GAG TCC TTT AAG CGG GTG ATC --- --- CGC AGC AGG AGC CAG TCT CTG GAC --- --- --- --- --- --- --- --- --- --- --- --- --- --- --- ACC ATG GGC CTC AAT ATC AGG AAG --- TAC ACA GTC TCC AAT AGT CAC AGC GGC AGT TTC GCC CAC AAC AAC AAC --- --- --- --- --- --- --- --- --- --- --- --- --- --- --- --- --- --- --- --- --- --- --- AAC CAC CAC TCA CCA GAG ACC CCC AAA CCC CCT GGG ATA TCA TTG CTT GTC CCA GGC AAA AGT CCC AGT AAA TAT GGA CGG CGT GGC AGT GCC ATA GGA ATA GGA ACC ATA GAA GAG TCT TTG ATT ATT --- --- --- --- --- --- --- --- CCC GGA AAA AGC CCA ACC AGG AAA AAG TCA GGA CCT TTC AGT TCT CGG CGT AGC AGT GCT ATC GGC ATT GAG AAC ATC CAG GAG GTC CAG GAG AAG AGC AGC AGA GAG TGT --- --- --- --- TCG CCA AGC ACA CAG AAG ACC CCT GAC AGT GGC CAT --- --- --- GCC TCC CAG GAC CCC AAG TCA GAG AAT TCA TCC AAT CAG AGT TCT CCT GAG GTC CTC ATC ACA AAG AAC AGC TCG AAC CTG TAC TGT CGA GCT CCC TCC ATC CCT GAG GCT CAT GAT CTG TCC CGC TCC TCC TCC AAT GCC AGC AGC TTC GCC --- --- --- --- --- --- --- --- --- --- --- --- --- --- --- --- --- --- --- --- --- --- --- --- --- --- --- --- --- --- --- --- --- --- --- --- --- --- --- --- --- --- --- --- --- --- --- --- AGT GTG GTG GAG GAG AAC GAA ACA GAG GCC ACA GAG GAC TAT GAC ACC GGC ATG GAG AGT CTG TCA TCA GCA GAT ACT CCT CAT AAA CGA GAC TCA TTC ACA TAC AGC ACA --- --- --- TGG CTG GAG GAC AAT ATG AGC ACG AAC AGT ACC ACC AGC AGA GGG AGC TCT CCT GGT CCA GGC AGA AAT CAG CAA ACG GAT GGT GGA AAG AAC CAA GAT CAA AAC CGT ACA GAC ATC CGC ATC AAA CTT GAG CGA CCA CAT GAC CAC AAA TCC TCA TCG AAC TGC 
Bos taurus                                 --- --- --- --- --- --- --- --- --- --- --- --- --- --- --- --- --- --- --- --- --- --- --- --- --- --- --- --- --- --- --- --- --- --- --- --- --- --- --- --- --- --- --- --- --- --- --- --- --- --- --- --- --- --- --- --- --- --- --- --- --- --- --- --- --- --- --- --- --- --- --- --- --- --- --- --- --- --- --- --- --- --- --- --- --- --- --- --- --- ATG ATT GAA AAG ATG CAG GGA AGC AGG ATG GAT GAA CAG CGA TGC TCC TTC CCA CCA --- --- --- --- CCC --- --- --- --- --- --- --- --- --- --- --- --- --- --- --- --- --- --- --- --- --- --- --- --- --- --- --- --- --- --- CTC AAA ACG GAG GAG GAC TAC ATT CCG TAC CCG AGT --- --- --- --- --- --- --- --- --- --- --- --- --- --- --- --- --- --- GTC CAC GAG GTC CTG GGC CGA GAA GGG CCC TTC CCC CTG ATC CTG CTG CCC CAG TTT GGG GGC TAC TGG ATT GAA GGC ACC AAT CAC GAA ATC ACC AGC ATC CCA GAG ACA GAG CCG CTG --- CAG TCG CCC ACG ACC AAG GTG --- AAG CTG GAG TGC AAC CAC ACT GCC CGC CTC TAC CGG AAG CAC TTT CTC GGC AAG GAG CAC TTT AAC TAC TAC TCG CTG GAC ACC GCC CTG GGC CAC CTT GTC TTC TCA CTC AAG TAT GAC GTC ATC GGG GAC CAG GAA CAC CTG CGG CTG CTG CTC AGG ACC AAG TGC CGG ACA TAC CAC GAC GTC ATC CCC ATC TCC TGC CTC ACT GAG TTC CCC AAC GTG GTC CAG ATG GCA AAG TTG GTG TGT GAA GAC GTG AAT GTG GAT CGA TTC TAT CCT GTG CTG TAC CCC AAG GCC TCT CGC CTC ATT GTC ACC TTC GAC GAG CAC GTT ATC AGC AAT AAC TTC AAG TTC GGA GTC ATT TAT CAG AAG CTC GGG CAG ACC TCC GAG GAA GAA CTC TTC AGC ACC AAC GAG GAG AGC CCT GCC TTC GTG GAG TTC CTC GAG TTT CTG GGC CAG AAG GTC AAA TTG CAG GAC TTT AAG GGG TTC CGA GGA GGC CTG GAC GTG ACC CAC GGG CAG ACG GGG ACC GAG TCT GTG TAC TGC AAC TTC CGC AAC AAG GAG ATC ATG TTT CAC GTG TCC ACC AAG CTG CCC TAC ACA GAA GGA GAC GCC CAG CAG TTG CAG CGG AAG CGA CAC ATT GGC AAC GAC ATC GTG GCT GTG GTC TTC CAG GAC GAG AAC ACG CCG TTT GTG CCG GAC ATG ATT GCG TCC AAC TTC CTG CAC GCC TAC GTA GTG GTG CAG GCC GAG GGT GGG GGC CCC GAC GGC CCC CTC TAC AAG GTG TCC GTC ACT GCG AGA GAT GAC GTC CCC TTC TTC GGG CCA CCC CTC CCG GAC CCT GCT GTG TTT CGG AAG GGG CCT GAG TTC CAG GAA TTT TTG CTG ACA AAG CTG ATC AAT GCC GAA TAT GCT TGC TAC AAG GCA GAG AAG TTT GCC AAG CTG GAG GAG CGG ACA CGG GCC GCC CTT CTG GAG ACG CTC TAT GAG GAG CTG CAC ATC CAC AGT CAG --- --- --- --- --- --- --- TCC ATG ATG GGC CTG GGC --- --- --- GGC GAC GAG GAC AAG ATG GAA AAC --- --- GGC GGC GGG --- GGT GGC GGC TTC TTT GAG TCC TTC AAG CGG GTC ATC --- --- CGG AGC CGC AGC CAG TCC ATG GAT --- --- --- --- --- --- --- --- --- --- --- --- --- --- --- GCC ATG GGG CTG AGC AAC AAG AAG CCC CAC ACC GTG TCC ACC AGC CAC AGC GGG AGC TTC ACG CCC AAC AAC --- --- --- --- --- --- --- --- --- --- --- --- --- --- --- --- --- --- --- --- --- --- --- --- --- --- --- --- CCC GAC CTG GCC AAG GCA GCT GGA ATA --- --- --- --- --- --- --- --- --- --- --- --- --- --- --- --- --- --- --- --- --- --- --- --- --- --- TCG CTG ATT GTC --- --- --- --- --- --- --- --- CCT GGC AAG AGC CCC ACG AGG AAG AAG TCG GGT CCG TTT GGC TCT CGC CGC AGC AGC GCT ATC GGC ATC GAG AAC ATC CAG GAG GTG CAG GAG AAG --- --- AGG GAG AGC --- --- --- --- CCC CCG GCC GGC CAG AAG ACC CCA GAC AGC GGG CAC --- --- --- GTC TCC CAG GAG CCC AAG TCG GAG AAC TCA TCC ACT CAG AGC TCC CCA GAG ATG CCC ACG ACC AAA AAC AGA GCG GAG ACA GTG GCC CAG AGA GCA GAA GTG --- --- CTG AAG GAC TTC TCC CGC TCC TCG TCC AGC GCC AGC AGC TTC GCC --- --- --- --- --- --- --- --- --- --- --- --- --- --- --- --- --- --- --- --- --- --- --- --- --- --- --- --- --- --- --- --- --- --- --- --- --- --- --- --- --- --- --- --- --- --- --- --- AGC GTC GTG GAG --- --- GAA GCA GAG GGC GTG GAT GCG GAC GAC ACA GGC CTG GAG AGT GTT TCC TCC TCG GGC ACG CCC CAC AAG CGG GAC TCC TTC ATC TAC AGC ACG --- --- --- TGG CTG GAA GAC AGC ATC --- --- --- AGT ACC ACG AGC GGA GGC AGC TCC CCA GGC CCC TCT CGG TCA CCC CAT CCC GAC GCC GGC AAG TTG GGG GAC CCT GCA TGT CCC GAG ATC AAG ATC CAG CTG GAA GCA TCT GAA CAG CAC ACG CCC CAG CTG GGC TGT 



Printing out site pattern counts


         5       1689  P G
G 2      415    148

Mus musculus                                --- --- --- --- --- --- --- --- --- --- --- --- --- --- --- --- --- --- --- --- --- --- --- --- --- --- --- --- --- --- --- --- --- AAA AAA AAA AAC AAC AAC AAC AAC AAC AAC AAC AAC AAG AAG AAG AAG AAG AAG AAG AAG AAG AAT AAT AAT ACA ACA ACA ACA ACA ACA ACA ACA ACA ACC ACC ACC ACC ACC ACC ACC ACC ACC ACC ACC ACG ACG ACG ACG ACG ACT ACT ACT ACT AGA AGA AGA AGC AGC AGC AGC AGC AGC AGC AGC AGC AGC AGC AGC AGC AGC AGG AGG AGG AGG AGG AGG AGT AGT AGT AGT AGT AGT AGT ATA ATC ATC ATC ATC ATC ATC ATG ATG ATG ATG ATG ATG ATT ATT ATT ATT ATT ATT ATT CAA CAA CAC CAC CAC CAC CAC CAC CAC CAC CAG CAG CAG CAG CAG CAG CAG CAG CAG CAG CAG CAG CAT CAT CAT CCA CCA CCA CCA CCA CCC CCC CCC CCC CCC CCC CCC CCC CCC CCC CCC CCC CCC CCC CCC CCG CCG CCG CCT CCT CCT CCT CCT CCT CCT CCT CGA CGA CGA CGA CGA CGC CGC CGC CGG CGG CGG CGG CGG CGG CGG CGG CTA CTA CTA CTC CTC CTC CTC CTC CTC CTC CTC CTC CTC CTG CTG CTG CTG CTG CTG CTG CTG CTG CTG CTG CTG CTG CTG CTG CTG CTG CTT CTT CTT CTT GAA GAA GAA GAA GAA GAA GAA GAC GAC GAC GAC GAC GAC GAC GAC GAC GAG GAG GAG GAG GAG GAG GAG GAG GAG GAG GAT GAT GAT GAT GAT GAT GAT GCA GCA GCA GCC GCC GCC GCC GCC GCC GCC GCC GCC GCG GCT GCT GCT GCT GGA GGA GGA GGA GGA GGA GGC GGC GGC GGC GGC GGC GGC GGC GGC GGC GGC GGC GGC GGC GGG GGG GGG GGG GGG GGG GGG GGG GGG GGG GGT GGT GGT GGT GTA GTA GTA GTC GTC GTC GTC GTC GTC GTC GTC GTC GTG GTG GTG GTG GTG GTG GTG GTG GTG GTT GTT GTT GTT TAC TAC TAC TAC TAC TAC TAT TAT TAT TAT TCA TCA TCA TCA TCA TCA TCA TCA TCA TCA TCC TCC TCC TCC TCC TCC TCC TCC TCC TCC TCC TCG TCG TCG TCG TCT TCT TCT TCT TCT TCT TGC TGC TGC TGG TGG TGT TGT TGT TTA TTC TTC TTC TTC TTC TTC TTC TTG TTG TTT TTT TTT TTT TTT AAA AAA AAA AAC AAC AAC AAG AAG AAG AAT ACA ACC ACC ACC ACG ACG ACG ACG ACG ACT ACT AGA AGG AGT AGT ATC ATC ATC ATG ATT CAC CAC CAG CAG CAG CAT CAT CCA CCA CCC CCC CCC CCC CCC CCG CCT CCT CCT CCT CGA CGC CGG CGG CGG CGT CTC CTC CTC CTG CTG CTG CTG CTG CTG CTG CTT CTT CTT GAA GAA GAA GAA GAA GAC GAC GAC GAC GAG GAG GAG GAG GAT GAT GAT GAT GCA GCA GCA GCC GCC GCC GCC GCC GCG GCT GCT GCT GCT GGA GGC GGC GGC GGC GGG GGG GGG GGG GGG GGG GGG GGG GGT GTA GTC GTC GTC GTC GTG GTG GTG GTG GTG GTG GTG TAC TAC TAT TAT TCC TCC TCC TCT TGC TGT TTC TTC TTC TTC TTC TTG TTG TTG TTT TTT TTT TTT TTT TTT
Homo sapiens                                --- --- --- --- --- --- --- --- --- --- --- --- --- --- --- --- --- --- --- --- --- --- --- --- --- --- --- --- --- --- --- --- --- AAG AAG AAG AAC AAC AAC AAC AAC AAC AAT AAT GAC AAA AAC AAG AAG AAG AAG AAG AAG AAG AAT AAT AAT ACA ACA ACA ACA ACG ACG ATG GCA TCT ACA ACA ACC ACC ACC ACC ACC ACC ACC GCC GCG ACA ACG ACG ACT GCA ACA ACC ACT GCT AGA AGA CGC ACC AGC AGC AGC AGC AGC AGC AGC AGC AGC AGT AGT AGT AGT AGG AGG AGG AGG CGG CGG AGC AGC AGC AGC AGC AGT CAC ATA ATA ATC ATC ATC ATC ATC ATG ATG ATG ATG ATG CTG ATC ATC ATT ATT ATT ATT ATT CAG CAG CAC CAC CAC CAC CAT CAT TAC TAT AAG CAA CAA CAG CAG CAG CAG CAG CAG CAG CAG CGG CAC CAC CAT CCA CCA CCG CCG CCG CCA CCC CCC CCC CCC CCC CCC CCC CCC CCC CCC CCC CCT CCT CTC CCA CCG CCG ACT CCC CCC CCC CCT CCT CCT CCT CGA CGC CGC CGC CGG CGC CGC CGC CGA CGC CGG CGG CGG CGG CGG CGG CTA CTC CTG ATC ATC CCC CTA CTC CTC CTC CTC CTC TTG CGA CTA CTC CTC CTC CTG CTG CTG CTG CTG CTG CTG CTG CTG CTG CTT TTG CTC CTC CTT TCT GAA GAA GAA GAG GAG GAG GAG AAC GAC GAC GAC GAC GAC GAC GAG GAG GAA GAA GAG GAG GAG GAG GAG GAG GAG GAG GAC GAC GAG GAT GAT GAT GAT GCA GCA GCG GCC GCC GCC GCC GCC GCC GCG GCT GCT GCG CCT GCA GCC GCT GGA GGA GGC GGC GGG GGG GAC GGA GGC GGC GGC GGC GGC GGC GGC GGC GGC GGG GGT GGT GGA GGA GGC GGG GGG GGG GGG GGG GGG GGG GGC GGC GGG GGG GTC GTG GTG GCC GTC GTC GTC GTC GTC GTC GTG GTG GCG GCG GTC GTG GTG GTG GTG GTG GTT GTC GTC GTG GTT TAC TAC TAC TAC TAT TAT TAC TAC TAC TAT TCA TCA TCA TCA TCA TCA TCC TCC TCG TTA ACT TCA TCC TCC TCC TCC TCC TCC TCC TCC TCG ACC TCA TCA TTG TCC TCC TCG TCG TCT TCT TGC TGC TGT TGG TGG TGC TGT TGT TCA TTC TTC TTC TTC TTC TTC TTT CTG TTG TTC TTT TTT TTT TTT AAA AAA AAG AAC AAC AAT AAG AAG AAG AAT ACG ACC ACC ACC ACA ACG ACG ACG ACT ACC ACT AGA AGG AGC AGT ATC ATC ATC ATG ATC CAC CAC CAG CAG CAG CAC CAT CCA CCC CCC CCC CCC CCT CCT CCG CCC CCC CCC CCT CGA CGC CGG CGG CGG CGG CTC CTC CTC CTG CTG CTG CTG CTT CTT TTG CTC CTG CTG GAA GAA GAA GAG GAG GAC GAC GAT GAT GAA GAA GAG GAG GAC GAC GAT GAT GCA GCG GCT GCC GCC GCC GCT GCT GCC GCA GCC GCT GCT GGA GGC GGC GGC GGC GGA GGC GGG GGG GGG GGG GGG GGG GGG GTG GTC GTC GTC GTG GTC GTC GTG GTG GTG GTG GTG TAC TAT TAC TAT TCC TCC TCT TCT TGC TGC TTC TTC TTC TTC TTT CTG CTG TTG TTC TTC TTC TTT TTT TTT
Rattus norvegicus                           --- --- --- --- --- --- --- --- --- AAA AGA AGC AGT ATA ATT CCC CGC CGG CTT GAA GAG GCC GCG GCT GGA GGC GGC GGG GTG TCA TTA TTC TTG AAA AAA AAG AAC AAC AAC AAC AAC AAC AAC AAT AAC AAG AAA AAG AAG AAG AAG AAG AAG AAG AAC AAT AAT ACA ACA ACA ACA ACA ACA ACA ACA ACA ACC ACC ACA ACC ACC ACC ACC ACC ACC ACC ACC ACG ACG ACG ACG ACG ACG ACC ACT ACT AGA AGA AGA AGC AGC AGC AGC AGC AGC AGC AGC AGT AGT AGC AGC AGC AGT AGG AGG AGG AGG AGA AGG AGC AGC AGT AGT AGT AGT AGC ATA ATC ATC ATC ATC ATC ATC ATG ATG ATG ATG ATG ATG ATC ATC ATC ATT ATT ATT ATT CAA CAG CAC CAC CAC CAC CAC CAT TAC CAC CAA CAA CAA CAC CAG CAG CAG CAG CAG CAG CAG CAG CAC CAT CAT CCA CCA CCA CCA CCA CCC CCC CCC CCC CCC CCC CCC CCC CCC CCC CCC CCC CCC CCC CCC CCG CCA CCG CCT CCC CCG CCT CCT CCT CCT CCT CGA AGA CGA CGA CGA CGC CGC CGC CGG CGG AGG CGG CGG CGG CGG CGG CTG CTG CTG ATC CTC CTC CTC CTC CTC CTC CTC CTC CTG CTA CTG CTC CTG CTG ATG CTA CTG CTG CTG CTG CTG CTG CTG GTG CTG TTG CTT CTT CTG CCT GAA GAA GAG GAA GAA GAA GAG GAC GAC GAC GAC GAC GAC GAT GAC GAT GAA GAG GAG GAG GAG GAG GAG GAG GAG GAG GAT GAT GAT GAT GAT GAT GAT ACA GCA GCA GCC GCC GCC GCC GCC GCC GCC GCT GCT GCG GCT GCT GCT GCT GGA GGA GGA GGA GGA GGA GGC GGC GGC GGC GGC GGC GGC GGC GGC GGT GTC GGG GGC GGC GGA GGG GGG GGA GGG GGG GGG GGG GGG GGG GGT GGT GGT GGT GTC GTA GTG GCC GTC GTC GTC GTC GTC GTC GTC GTC GTG GTG GTG GTG GTG GTG GTG GTG GTG GTT GTT GTG GTT TAC TAC TAC TAT TAC TAC TAC TAT TAT TAT TCA TCA TCA TCA TCG TCT TCA TCT TCG TCA TCT TCC TCC TCC TCC TCC TCC TCC TCC TCT TCC TCG TCG TCG TCG TCC TCC TCT TCT TCT TCT TGC TGC TGC TGG TGG TGT TGT TGT TTA TTC TTC TTC TTC TTC TTT TTC TTG TTG TTT TTC TTT TTT TTT AAA AAA AAA AAC AAC AAC AAA AAG AAG AAC ACA ACC ACC ACC ACA ACA ACA ACC ACG ACT ACC AGA AGG AGC AGT ATC ATC ATC ATG ATT CAC CAT CAG CAG CAG CAC CAT CCA CCA CCC CCC CCC CCC CCC CCA CCT CCT CCT CCT CGA CGC CGG CGG CGG CGT CTC CTC CTC CTG CTG CTG CTG CTC CTG CTT CTT CTG CTG GAA GAA GAA GAA GAA GAC GAC GAC GAC GAG GAG GAG GAG GAT GAT GAT GAT GCA GCT GCA GCC GCC GCT GCC GCT GCC GCG GCC GCC GCT GGA GGC GGC GGC GGC GGG GGG GGG GGG GGG GGG GGG GGG GGT GTC GTC GTC GTC GTC GTC GTG GTG GTG GTG GTG GTG TAC TAC TAT TAC TCC TCC TCC TCA TGC TGC TTC TTC TTC TTT TTC CTG TTG TTG TTC TTC TTT TTC TTT TTT
Danio rerio                                 --- AAC ACG AGC CAC CCT GAG GGA TCA AAA AAA AGT AGT ATA GTC CCA CGG CGT CTT GAA GAG GCC CCC ACC GGA GGA GGC GGC ATA TCA ATA TAT TTG --- AAG AAA --- AAC AAT AAT ATC TAC AAC AAT --- AAA --- --- --- AAA AAG AAG AGG CGC AAT AAC AAT --- ACC ACC CCG ACA ACC AAA CGA GGC ACA ACC ACC --- ACA ACC ACC ACT TCA GCC GCC ACA ACA ATC ACC CCC ACT AAT AAT AGT AGC GCT CGC AGC --- --- AAT AGC AGT AGT TGT AAT AGC AAT AGC GGA AAT --- --- AGA AGG AGG CGG AGC AGT --- AGC AGC --- --- ATA ATC ATA ATC ATC ATT CTG --- --- ATG CTG GTC TCG ATC ATC ATT --- ATC ATC ATT AAA CAG AAC CAA CAC CAT CAC CAT CAT --- CAT CAA CAG --- --- --- CAG CGA GAC GTG TCA --- CAC CAT CAC ACG CCT CCA CCC CCT CCA --- --- ACA ACC CAC CAG CCA CCC CCT CTC TCC CCC CCG --- CAA CCT CCT --- AAT CCA CCA --- CAA CCC TCG AGA AAG --- CGA CGA --- CGG CGT AGA AGG CGG --- AAA AGG CGA CGC --- CTG TTG GGG ACA CCA CTG ATG CTC CTC CTG TTG CTG --- --- CTG GCT TTG ATG CTC ACC CTC CTG CTT GTG TTC TTG --- CTG CTT CTC CTT TTT --- AAG GAG GAG --- GAA TCC GAA --- --- GAA GAC GAG GAT GAG GAG GAG GAA GAG --- AAC CAT GAA GAA GAC GAG GAG GAC GAG TAT --- GAC GAC GAT --- GCC CCC --- ACC CCC GCC GCT GCT TGT CCT GCT AAC --- TAC GCC AGC --- GAT --- GGA GGA GGC GAT GGG --- AAC AGT GGA GGC GGG GGT GGA GGA GGA ACA GCC GAC AGT GGA --- --- AGA CAA GGC GGC GGG GGA GGA --- GGA GTG GTC ACA GGT ATT GCC GTC GTG GTG GTT GTC TAC ATC TCG ATG --- CTG GTC GTG GTG ATT GTC GTT GTC --- --- TAC TAT TAT TAC TTC TAT --- TAT TAT --- AAT GCA TCA ACA TCC TCT TCC TCA --- --- TCT --- ACT GCC TCA TCC TCC TCT TCC TCC CTG TCA TCC AAC TCA TCC TCA TCT CCA TCC TGC TGT TGC --- TGG ATG CGT TGT --- --- CTT TTC TTT TTT CTG TTT ATG CTT TTC TTT --- TTC TTT AAA GAG AAA AAC AAT AAC AAG AAA AAG AAT ACA AAT ACT TCT TCT ACC ACG ACC ACT ACA ACA AGA AAG GGG GGT ATA ATC ATT ATG ATT CAT CAC CAA CAG CAT CAT CAT CCT CCA CCC CCT GTC CCA TCT CCC CCA CCA CCT CCA CGT CAC AGG AGG CGC CGG CTC CTG CTT CTG CTT TTA TTG TTA CTG TTG TTG CTG TTG GAA GAG GAG GAA GAG GAC GAT GAA GAT GAA GAG GAA GAG AAT GAC GAC GAT GCT GCC GTG GCC GCG TCT GCT GCT GCG GCG ACA GCC GCC GGA GAT GGA GGG TGC GGA AAT GGA GGA GGC GGG GGT GGT GCC GTC GTA GTG GTT GTG ATC GTG ATC GTA GTG GTT GTT TAC TAT TAT TAT TCC TCG TCT TCA CAT TGT TTC TTT TTT TTT TTC CTT CTG CTG TTC TTT TTC TTT TTC TTT
Bos taurus                                  --- --- --- --- --- --- --- --- --- --- --- --- --- --- --- --- --- --- --- --- --- --- --- --- --- --- --- --- --- --- --- --- --- --- AAG AAG --- AAC AAC AAT AAC CAC AAC AAC --- AAA --- --- AAG AAG AAA AAG AAG AAG AAT AAT AAC --- ACA ACT ACA ACG ACG ACG GCA TCT ACA ACG ACC --- ACC ACC ACT ACC ACC GCC ACG ACG GCA ACG ACG GCA ACG ACC ACT ACC AGA AGA CGC ACC --- AGC AGC AGC AGC AGT AGC AGC AGC AGC AGC GGC AGC --- AGG AGG AGG CGC CGG AGC AGC --- AGC AGT --- --- ATA ATC ATC ATC CTC ATC ATC --- ATG ATG ATG ATG CTG ATC ATT ATT ATT ATC ATT ATT CAG CAG CAC CAT CAC CAC CAC CAC TAC --- AAG CAG CAG --- --- CAG CAG CAG CAG CAG CAG --- CAC CAC CAC CCC CCA CCG CCG CCA CCG --- CCC CCC CAC CCC CCC CCC CCC CCC CCC CCC CCC CCT --- CCG CCG CCA --- CCA CCC CCC --- CCT CCT CCC CGA CGC --- CGA CGA --- CGC CGC CGG CGC CGG --- CGG CGG CGG CGG --- CTC CTG ATC ATC CCC CTG CTC CTC CTG CTC CTG CTG --- --- CTC CTG CTG CTG CTG CTG CTG CTG CTG CTG CTG CTG --- CTT TTG CTC CTG CTC --- GAA GAA GAA GAA GAA GAA GAG --- --- GAC GAC GAC GAC GAT GAA GAG GAA GAG --- GAG GAA GAA GAG GAG GAA GAG GAC GAC GAC --- GAC GAT GAC --- GCA GCA --- GCC GCC GCC GCC GCT GCC GCT GCC GCA --- GTG GCC GCC GGA GGC --- GGA GGC GGG GAC GGA --- GGC GGC GGC GGC GGC GGC GGC GGC GGG GGC GGC GCG GGG GGT --- --- GGA GGG GGC GGG GGG GGC GGT --- GGG GTC GTG GTG GCC GTC GTC GTC GTC GTG GTC GTC GTG GTG GCG ATC --- GTT GTG GTC GTG GTG GTT GTC GTG --- --- TAC TAC TAC TAC TAT TAC --- TAT TAT --- TCA TCG TCA TCG TCC TCT TCC TCG --- --- TCG --- TCC TCC TCC TCC TCT TCC TCC TCG ACA TCC TCA TTG TCC TCC TCG TCG TCT TCC TGC TGC TGT --- TGG TGC TGT TGT --- --- TTC TTC TTC TTT TTC TTT CTG CTG TTT TTC --- TTC TTT AAG AAA AAG AAC AAC AAC AAG AAG AAG AAT ACA ACC ACC ACC ACA ACA ACG ACG ACG ACC ACT AGA CGG AGC AGC ATT ATC ATC ATG ATT CAC CAC CAG CAG CAG CAC CAC CCC CCG CCC CCC CCC CCG CCC CCG CCA CCT CCT CCT CGA CGC CGA CGG CGG CGG CTC CTC CTC CTG CTG CTG CTG CTC CTG TTG CTT CTG CTG GAA GAA GAG GAG GAG GAC GAC GAC GAT GAA GAG GAG GAG GAC GAC GAC GAC GCA GCG GCC GCC GCC GCC GCC GCC GCT GCG GCC GCT GCT GGA GGC GGC GGC GGC GGG GGT GGC GGG GGG GGG GGA GGG GGG GTG GTC GTC GTG GTG GTC GTA GTG GTG GTG GTC GTG TAC TAT TAC TAT TCC TCC TCT TCC TGC TGC TTC TTC TTT TTC TTT TTG CTG TTG TTC TTT TTC TTC TTT TTT



  196    4    1    3    2    1    2    2    1    1    1    2    1    1    1
    1    1    1    1    1    1    1    1    1    2    1    1    1    1    1
    1    1    1    1    1    1    1    6    1    1    1    1    1    1    1
    1    1    2    1    9    1   10    1    2    1    1    1    1    1    1
    1    1    1    1    1    1    1    1    1    1    3    3    1    1    1
    1    1    1    1    1    1    1    1    1    1    1    1    1    1    1
    2    1    1    7    5    3    1    1    1    1    1    1    1    1    1
    2    1    1    1    1    1    1    1    1    1    1    1    1    2    3
    1    4    1    1    2    5    2    1    1    1    1    1    1    1    1
    2    1    1    1    1    3    2    1    1    1    1    1    1    1    1
    2    1   10    1    1    1    1    1    1    4    1    1    3    1    1
    1    1    1    1    1    1    1    1    3    4    2    1    1    1    1
    1    1    1    1    1    1    1    1    2    1    1    1    1    1    1
    1    1    1    1    1    1    1    1    1    1    1    1    1    1    1
    1    1    1    1    1    1    2    1    1    1    1    1    1    1    1
    1    1    1    1    2    2    1    1    1    1    1    1    1    1    1
    1    1    1    4    1    1    1    1    1    1    1    1    6    1    3
    1    1    1    1    1    1    1    1    2    3    3    1   16    2    1
    1    2    1    3    1    1    1    1    1    1    1    1    1    1    1
    1    1    1    1    1    1    1    1    1    1    1    1    1    1    1
    1    1    1    2    5    2    2    2    1    1    1    1    1    1    1
    1    1    1    1    1    2    2    1    1    1    1    1    1    1    1
    1    1    3    2    1    1    1    1    1    1    1    3    1    1    1
    3    1    1    1    1    1    1    4    1    1    1    1    1    1    1
    1    1    1    1    1    1    1    1    1    1    1    1    1    2    1
    1    2    2    1    4    1    1    1    1    1    1    1    1    1    1
    1    1    2    1    1    1    2    1    1    1    1    4    1    7    3
    1    1    1    1    1    1    1    1    1    2    1    1    2    3    2
    1    1    4    3    1    1    1    1    1    1    1    1    1    1    1
    1    1    1    1    1    1    2    1    2    1    1    1    1    6    2
    1    1    1    1    1    1    1    1    1    1    1    1    1    1    1
    1    1    1    1    1    1    1    1    1    1    1    1    1    1    1
    1    1    1    1    1    1    1    1    2    2    1    1    1    2    1
    7    1    1    1    1    1    1    1    2    1    1    1    1    1    1
    1    1    1    1    1    1    1    1    1    1    1    1    1    1    1
    1    1    1    1    1    1    1    1    1    1    1    5    1    1    4
    1    1    1    1    1    1    1    1    1    2    4    1    1    1    1
    1    1    1    1    1    1    2    2

CODONML (in paml version 4.4b, July 2010)  torun.nuc
Model: One dN/dS ratio for branches Global clock  (2 genes: diff. rate & k&w)  
Codon frequency model: F3x4
ns =   5  ls = 965

Codon usage in sequences
--------------------------------------------------------------------------------------------------
Phe TTT 14 12 12 19 12 | Ser TCT  7  6  8 12  5 | Tyr TAT  6  6  5 10  5 | Cys TGT  4  3  3  5  3
    TTC 27 29 30 18 24 |     TCC 20 20 20 13 20 |     TAC 14 16 16 12 14 |     TGC  5  6  6  4  6
Leu TTA  1  1  2  2  0 |     TCA 10 10  8 12  3 | *** TAA  0  0  0  0  0 | *** TGA  0  0  0  0  0
    TTG  5  6  6  9  5 |     TCG  4  4  6  4  7 |     TAG  0  0  0  0  0 | Trp TGG  3  3  3  2  2
--------------------------------------------------------------------------------------------------
Leu CTT  7  4  5  9  2 | Pro CCT 13 11 12 13  6 | His CAT  8  4  8 16  1 | Arg CGT  1  0  1  4  0
    CTC 14 17 14  9 13 |     CCC 26 28 28 13 26 |     CAC 13 16 13 11 20 |     CGC  4  9  5  5  7
    CTA  3  3  2  0  0 |     CCA  9  7 11 15  7 | Gln CAA  2  2  4  6  0 |     CGA  6  4  5  5  5
    CTG 26 23 26 20 30 |     CCG  4  6  3  2  8 |     CAG 31 29 28 19 28 |     CGG 11 14 11  5 11
--------------------------------------------------------------------------------------------------
Ile ATT  9  6  7 11  8 | Thr ACT  6  6  3  5  4 | Asn AAT  4  7  3 19  4 | Ser AGT  9  6  9 15  4
    ATC 16 20 20 16 19 |     ACC 18 18 20 16 16 |     AAC 20 18 21 21 17 |     AGC 27 28 30 18 25
    ATA  1  2  2  7  1 |     ACA 10  9 15 16  7 | Lys AAA  7  3  9 23  3 | Arg AGA  4  3  7  6  3
Met ATG 14 14 15 12 12 |     ACG 10  8  7  3 12 |     AAG 36 40 35 19 37 |     AGG  8  6  8  7  4
--------------------------------------------------------------------------------------------------
Val GTT  4  2  3  5  2 | Ala GCT  8  9 11  8  5 | Asp GAT 15 11 17 11  5 | Gly GGT  5  2  7  6  3
    GTC 16 18 19 12 16 |     GCC 15 15 16 15 18 |     GAC 22 24 20 21 27 |     GGC 26 27 24 13 28
    GTA  4  0  1  2  1 |     GCA  6  7  4  1  7 | Glu GAA 15 14 15 15 18 |     GGA  7  7 11 23  6
    GTG 24 25 27 19 23 |     GCG  2  7  3  3  4 |     GAG 41 45 43 44 39 |     GGG 20 21 20  9 15
--------------------------------------------------------------------------------------------------

Codon position x base (3x4) table for each sequence.

#1: Mus musculus   
position  1:    T:0.16506    C:0.24484    A:0.27373    G:0.31637
position  2:    T:0.25447    C:0.23109    A:0.32187    G:0.19257
position  3:    T:0.16506    C:0.38927    A:0.11692    G:0.32875
Average         T:0.19486    C:0.28840    A:0.23751    G:0.27923

#2: Homo sapiens   
position  1:    T:0.16781    C:0.24347    A:0.26685    G:0.32187
position  2:    T:0.25034    C:0.23521    A:0.32325    G:0.19120
position  3:    T:0.13067    C:0.42503    A:0.09904    G:0.34525
Average         T:0.18294    C:0.30124    A:0.22971    G:0.28611

#3: Rattus norvegicus
position  1:    T:0.16600    C:0.23373    A:0.28021    G:0.32005
position  2:    T:0.25365    C:0.23240    A:0.31474    G:0.19920
position  3:    T:0.15139    C:0.40106    A:0.12749    G:0.32005
Average         T:0.19035    C:0.28907    A:0.24081    G:0.27977

#4: Danio rerio    
position  1:    T:0.17554    C:0.21871    A:0.30791    G:0.29784
position  2:    T:0.24460    C:0.21727    A:0.35540    G:0.18273
position  3:    T:0.24173    C:0.31223    A:0.19137    G:0.25468
Average         T:0.22062    C:0.24940    A:0.28489    G:0.24508

#5: Bos taurus     
position  1:    T:0.15988    C:0.24736    A:0.26546    G:0.32730
position  2:    T:0.25339    C:0.23379    A:0.32881    G:0.18401
position  3:    T:0.10407    C:0.44646    A:0.09201    G:0.35747
Average         T:0.17245    C:0.30920    A:0.22876    G:0.28959

Codon usage in genes
--------------------------------------------------------------
Phe TTT 32 37 | Ser TCT 29  9 | Tyr TAT 22 10 | Cys TGT 16  2
    TTC 80 48 |     TCC 81 12 |     TAC 47 25 |     TGC 19  8
Leu TTA  4  2 |     TCA 41  2 | *** TAA  0  0 | *** TGA  0  0
    TTG 17 14 |     TCG 24  1 |     TAG  0  0 | Trp TGG 13  0
--------------------------------------------------------------
Leu CTT 16 11 | Pro CCT 38 17 | His CAT 26 11 | Arg CGT  3  3
    CTC 51 16 |     CCC 97 24 |     CAC 60 13 |     CGC 25  5
    CTA  8  0 |     CCA 37 12 | Gln CAA 13  1 |     CGA 20  5
    CTG 88 37 |     CCG 18  5 |     CAG 93 42 |     CGG 37 15
--------------------------------------------------------------
Ile ATT 35  6 | Thr ACT 16  8 | Asn AAT 27 10 | Ser AGT 39  4
    ATC 71 20 |     ACC 70 18 |     AAC 69 28 |     AGC 124  4
    ATA 12  1 |     ACA 44 13 | Lys AAA 26 19 | Arg AGA 18  5
Met ATG 57 10 |     ACG 26 14 |     AAG 126 41 |     AGG 28  5
--------------------------------------------------------------
Val GTT 13  3 | Ala GCT 22 19 | Asp GAT 41 18 | Gly GGT 17  6
    GTC 60 21 |     GCC 46 33 |     GAC 83 31 |     GGC 99 19
    GTA  4  4 |     GCA 17  8 | Glu GAA 53 24 |     GGA 43 11
    GTG 66 52 |     GCG 11  8 |     GAG 154 58 |     GGG 53 32
--------------------------------------------------------------

Codon position x base (3x4) table for each gene.


Gene #1
position  1:    T:0.16190    C:0.24000    A:0.30019    G:0.29790
position  2:    T:0.23390    C:0.23505    A:0.32000    G:0.21105
position  3:    T:0.14933    C:0.41219    A:0.12952    G:0.30895
Average         T:0.18171    C:0.29575    A:0.24990    G:0.27263

Gene #2
position  1:    T:0.18085    C:0.23085    A:0.21915    G:0.36915
position  2:    T:0.30000    C:0.21596    A:0.35213    G:0.13191
position  3:    T:0.18511    C:0.34574    A:0.11383    G:0.35532
Average         T:0.22199    C:0.26418    A:0.22837    G:0.28546

Sums of codon usage counts
------------------------------------------------------------------------------
Phe F TTT      69 | Ser S TCT      38 | Tyr Y TAT      32 | Cys C TGT      18
      TTC     128 |       TCC      93 |       TAC      72 |       TGC      27
Leu L TTA       6 |       TCA      43 | *** * TAA       0 | *** * TGA       0
      TTG      31 |       TCG      25 |       TAG       0 | Trp W TGG      13
------------------------------------------------------------------------------
Leu L CTT      27 | Pro P CCT      55 | His H CAT      37 | Arg R CGT       6
      CTC      67 |       CCC     121 |       CAC      73 |       CGC      30
      CTA       8 |       CCA      49 | Gln Q CAA      14 |       CGA      25
      CTG     125 |       CCG      23 |       CAG     135 |       CGG      52
------------------------------------------------------------------------------
Ile I ATT      41 | Thr T ACT      24 | Asn N AAT      37 | Ser S AGT      43
      ATC      91 |       ACC      88 |       AAC      97 |       AGC     128
      ATA      13 |       ACA      57 | Lys K AAA      45 | Arg R AGA      23
Met M ATG      67 |       ACG      40 |       AAG     167 |       AGG      33
------------------------------------------------------------------------------
Val V GTT      16 | Ala A GCT      41 | Asp D GAT      59 | Gly G GGT      23
      GTC      81 |       GCC      79 |       GAC     114 |       GGC     118
      GTA       8 |       GCA      25 | Glu E GAA      77 |       GGA      54
      GTG     118 |       GCG      19 |       GAG     212 |       GGG      85
------------------------------------------------------------------------------

(Ambiguity data are not used in the counts.)


Codon position x base (3x4) table, overall

position  1:    T:0.16690    C:0.23759    A:0.27882    G:0.31669
position  2:    T:0.25133    C:0.23001    A:0.32847    G:0.19018
position  3:    T:0.15877    C:0.39467    A:0.12539    G:0.32118
Average         T:0.19233    C:0.28742    A:0.24423    G:0.27602


Nei & Gojobori 1986. dN/dS (dN, dS)
(Pairwise deletion)
(Note: This matrix is not used in later ML. analysis.
Use runmode = -2 for ML pairwise comparison.)

Mus musculus        
Homo sapiens         0.0488 (0.0253 0.5199)
Rattus norvegicus    0.0252 (0.0054 0.2146) 0.0545 (0.0266 0.4879)
Danio rerio          0.0450 (0.1411 3.1315)-1.0000 (0.1428 -1.0000) 0.0516 (0.1423 2.7581)
Bos taurus           0.0338 (0.0190 0.5629) 0.0215 (0.0086 0.4001) 0.0354 (0.0197 0.5563) 0.0492 (0.1419 2.8858)


TREE #  1:  (((2, (1, 3)), 5), 4);   MP score: -1
lnL(ntime:  4  np:  9):  -6099.292401      +0.000000
   6..7     7..8     8..2     8..9     9..1     9..3     7..5     6..4  
 1.635017 0.219943 0.219943 0.073427 1.089720 2.451293 0.037485 4.063160 0.011575
SEs for parameters:
 0.189877 0.017246 0.016114 0.008036 0.125606 0.263091 0.004674 0.911018 0.002838
Note: Branch length is defined for the first gene (site partition).
For other genes, look at "rates for genes".

tree length =   3.78335 (1st gene)

(((2: 0.219943, (1: 0.073427, 3: 0.073427): 0.146516): 0.000000, 5: 0.219943): 1.415074, 4: 1.635017);

(((Homo sapiens: 0.219943, (Mus musculus: 0.073427, Rattus norvegicus: 0.073427): 0.146516): 0.000000, Bos taurus: 0.219943): 1.415074, Danio rerio: 1.635017);

Detailed output identifying parameters

rates for 2 genes:     1  1.08972

gene # 1: kappa =   2.45129 omega =   0.03748
gene # 2: kappa =   4.06316 omega =   0.01157

Time used:  0:13
