
seed used = 1418773589
      7    609

Bos taurus                                 ATG GGG AAC AGC AAG AGT GGG GCC CTG TCC AAG GAG ATC CTG GAG GAG CTG CAG CTG AAC ACC AAG TTC ACG GAG GAG GAG CTG AGC TCC TGG TAC CAG TCC TTC CTG AAG GAG TGC CCC AGT GGC CGG ATC ACC CGG CAG GAG TTC CAG ACC ATC TAC TCC AAG TTC TTC CCC GAG GCC GAC CCC AAG GCC TAT GCC CAG CAC GTG TTC CGA AGC TTT GAT GCC AAC AGC GAT GGC ACC TTG GAC TTC AAG GAG TAT GTC ATC GCC CTA CAC ATG ACC AGC GCG GGC AAG ACC AAC CAG AAG CTG GAG TGG GCC TTC TCC CTC TAT GAT GTG GAT GGC AAT GGG ACC ATC AGC AAG AAC GAG GTG CTG GAG ATT GTC ACG GCT ATC TTC AAA ATG ATC AGC CCT GAG GAC ACA AAG CAT CTC CCA GAA GAC GAG AAC ACT CCG GAA AAG CGA GCA GAG AAG ATC TGG GGA TTC TTT GGC AAG AAG GAT GAT GAT AAA CTT ACA GAG AAA GAA TTC ATC GAA GGG ACC CTG GCC AAT AAG GAA ATT CTG CGA CTG ATT CAA TTC --- GAG CCT CAA AAA GTG AAG GAG AAA CTG AAG GAA AAG AAA CTC 
Homo sapiens                               ATG GGG AAC AGC AAA AGT GGG GCC CTG TCC AAG GAG ATC CTG GAG GAG CTG CAG CTG AAC ACC AAG TTC TCG GAG GAG GAG CTG TGC TCC TGG TAC CAG TCC TTC CTG AAG GAC TGT CCC ACC GGC CGC ATC ACC CAG CAG CAG TTC CAG AGC ATC TAC GCC AAG TTC TTC CCC GAC ACC GAC CCC AAG GCC TAC GCC CAG CAT GTG TTC CGC AGC TTC GAT TCC AAC CTC GAC GGC ACC CTG GAC TTC AAG GAG TAC GTC ATC GCC CTG CAC ATG ACC ACC GCG GGC AAG ACC AAC CAG AAG CTG GAG TGG GCC TTC TCC CTC TAC GAC GTG GAC GGT AAC GGG ACC ATC AGC AAG AAT GAA GTG CTG GAG ATC GTC ATG GCT ATT TTC AAA ATG ATC ACT CCC GAG GAC GTG AAG CTC CTT CCA GAC GAT GAA AAC ACG CCG GAA AAG CGA GCC GAG AAG ATC TGG AAG TAC TTT GGA AAG AAT GAT GAT GAT AAA CTT ACA GAG AAA GAA TTC ATT GAG GGG ACA CTG GCC AAT AAG GAA ATT CTG CGA CTG ATC CAG TTT --- GAG CCT CAA AAA GTG AAG GAA AAG ATG AAG AAC GCC --- --- 
Rattus norvegicus                          ATG GGG AAT AGC AAG AGT GGG GCC CTG TCC AAG GAG ATC CTG GAG GAG TTG CAG CTG AAC ACT AAG TTC ACA GAG GAG GAG CTG AGC GCC TGG TAC CAG TCC TTC CTG AAG GAG TGT CCT AGT GGC CGC ATC ACG CGG CAG GAG TTC GAA AGT ATC TAT TCC AAG TTC TTT CCG GAC TCC GAC CCT AAG GCC TAC GCC CAG CAC GTG TTC CGC AGC TTC GAT GCC AAC AGC GAT GGT ACG CTG GAC TTC AAG GAG TAT GTG ATC GCT CTG CAC ATG ACC ACG GCG GGC AAG CCC ACG CAG AAG CTC GAG TGG GCC TTC TCG CTC TAC GAC GTA GAC GGC AAT GGG ACC ATC AGC AAG AAT GAA GTG TTG GAG ATC GTC ATG GCT ATT TTC AAA ATG ATC AAG CCT GAG GAT GTG AAG AAC CTC CCA GAT GAT GAA AAC ACC CCA GAG AAG CGG GCT GAG AAG ATC TGG GCG TCC TTT GGA AAA AAA GAT GAT GAT AAA CTT ACA GAG GAG GAA TTC ATC GAG GGG ACC CTG GCC AAT AAG GAA ATT CTG CGA CTG ATC CAG TTT --- GAA CCT CAA AAA GTG AAG GAG AGG ATA AAG GAA AAG AAA CAG 
Mus musculus                               ATG GGG AAC AGC AAG AGC GGT GCC CTG TCC AAG GAG ATC CTA GAG GAG TTG CAA CTG AAC ACC AAG TTC ACA GAG GAG GAG CTG AGT GCC TGG TAC CAG TCC TTC CTG AAG GAG TGC CCT AGC GGC CGC ATC ACG CGG CAG GAG TTC GAA AGT ATC TAT TCC AAG TTT TTC CCG GAC TCC GAC CCC AAG GCC TAC GCG CAG CAC GTG TTC CGC AGC TTC GAT GCC AAC AGC GAT GGT ACG CTG GAC TTC AAG GAG TAC GTG ATT GCT CTG CAC ATG ACC ACG GCG GGC AAG CCC ACG CAG AAG CTC GAG TGG GCC TTC TCG CTC TAC GAC GTA GAC GGC AAT GGG ACC ATC AGC AAA AAT GAA GTG CTG GAG ATC GTC ATG GCT ATC TTC AAA ATG ATC AAG CCT GAG GAT GTG AAA CTC CTC CCA GAT GAT GAA AAC ACC CCA GAA AAG CGG GCT GAG AAG ATC TGG GCA TTC TTT GGA AAG AAA GAG GAT GAT AAA CTT ACA GAG GAG GAA TTC ATC GAG GGG ACC CTG GCC AAT AAG GAA ATT CTG CGA CTG ATC CAG TTT --- GAA CCT CAA AAA GTG AAG GAG AGG ATA AAG GAA AAG AAA CAG 
Pan troglodytes                            ATG GGG AAC AGC AAA AGT GGG GCC CTG TCC AAG GAG ATC CTG GAG GAG CTG CAG CTG AAC ACC AAG TTC TCG GAG GAG GAG CTG TGC TCC TGG TAC CAG TCC TTC CTG AAG GAC TGT CCC ACC GGC CGC ATC ACC CAG CAG CAG TTC CAG AGC ATC TAC GCC AAG TTC TTC CCC GAC ACC GAC CCC AAG GCC TAC GCC CAG CAT GTG TTC CGC AGC TTC GAT TCC AAC CTC GAC GGC ACC CTG GAC TTC AAG GAG TAC GTC ATC GCC CTG CAC ATG ACC ACC GCG GGC AAG ACC AAC CAG AAG CTG GAG TGG GCC TTC TCC CTC TAC GAC GTG GAC GGT AAC GGG ACC ATC AGC AAG AAT GAA GTG CTG GAG ATC GTC ATG GCT ATT TTC AAA ATG ATC ACC CCC GAG GAC GTG AAG CTC CTT CCA GAC GAT GAA AAC ACG CCG GAA AAG CGA GCC GAG AAG ATC TGG AAG TAC TTC GGA AAG AAT GAT GAT GAT AAA CTT ACA GAG AAA GAA TTC ATT GAG GGG ACA CTG GCC AAT AAG GAA ATT CTG CGA CTG ATC CAG TTT --- GAG CCT CAA AAA GTG AAG GAA AAG ATG AAG AAC GCC --- --- 
Canis lupus familiaris                     ATG GGG AAC AGC AAG AGC GGA GCC CTC TCC AAG GAG ATC CTG GAG GAG CTG CAG CTG AAC ACC AAG TTC ACA GAG GAG GAG CTG TGC AGC TGG TAC CAG TCC TTC CTG AAG GAG TGC CCC AGT GGC CGC ATC ACC AAG CAG GAG TTT CAG AGC ATC TAC TCC AAG TTC TTC CCT GAG GCC GAC CCC AAG GCC TAT GCC CAG CAT GTG TTC CGC AGC TTC GAC GCC AAC AGC GAC GGC ACC CTG GAC TTC AAA GAG TAT GTC ATC GCC TTG CAC ATG ACC TCG GCC GGC AAG ACC AAC CAG AAG CTT GAG TGG GCC TTC TCG CTC TAC GAC GTG GAC GGC AAC GGG GCC ATC AGC AAG AGC GAA GTG CTA GAG ATC GTC ATG GCT ATT TTC AAA ATG ATC AGT CCT GAG GAT GTG AAG CAA CTT CCA GAG GAT GAG AAC ACC CCA GAG AAA CGA GCA GAG AAG ATC TGG GGA TTC TTT GGA AAG AAA GAT GAT GAT AAA CTT ACA GAG GAG GAG TTC ATC GAG GGG ACC CTG GCT AAT AAG GAA ATT CTG AGA CTG ATC CAA TTT --- GAG CCT CGA AAA GTG AAG GAA AAA TTA AAA GAA AAG AAA CCC 
Danio rerio                                ATG GGG AAT ACT AAG AGT GGG GCT TTG TCC AAA GAG CTT CTG GAG GAC CTT AAG CTA AAC ACC AAA TAC ACA GAA GAA GAG CTC TGC GCA TGG TAC ACC AGC TTT CTC AAA GAG TGT CCC TCT GGA CGT ATT ACC AAA GAA CAG TTT GAG GGC ATC TAT GCA AGT TTC TTC CCA GAT GCT GAC CCT ACA GCA TAT GCT AGG CAC GTC TTC CGC AGC TTT GAC ACC AAC GCT GAT GGC ACT TTG GAC TTT AAG GAG TAC ATT GTG GCA CTG CAC CTC ACC TCT TCA GGC AAG ACC CTG CGC AAA CTT GAA TGG GCC TTT GCT TTG TAC GAT GTT GAT GGA AAT GGG ACC ATC AGT AAA AAT GAG GTG CAG GAG ATT GTA CGG TCG ATA TTC AAC ATG GTT CCT GTT GAA GAC CAG AAA AAC CTT CCA GAT GAT GAG AAC ACG CCA GAA AAG CGA GCA GAC AAA ATC TGG GCT TTT TTC GGA AAG CAA GAT AAT GAT AAG ATT GGA GAG GGG GAA TTC ATT CAG GGT GTC ATG GAG AAC AAA GAC ATA TTG AGG TTG ATA CAA TAT GAT GAG CCA AAG AAG ATT CAA GAA AAA CTC AAA GAA AAG AAG CAT 



Printing out site pattern counts


         7        513  P G
G 2        2    169

Bos taurus                                  ATG CTC --- AAA AAA AAA AAA AAA AAC AAC AAC AAC AAG AAG AAG AAG AAG AAG AAG AAG AAG AAG AAG AAG AAT AAT ACA ACA ACC ACC ACC ACC ACC ACC ACC ACC ACG ACG ACT AGC AGC AGC AGC AGC AGC AGC AGT AGT ATC ATC ATC ATC ATC ATC ATC ATG ATG ATT ATT ATT CAA CAA CAC CAC CAG CAG CAG CAG CAG CAG CAT CCA CCC CCC CCC CCG CCT CCT CGA CGA CGA CGG CGG CTA CTC CTC CTG CTG CTG CTG CTG CTG CTG CTG CTG CTG CTT GAA GAA GAA GAA GAA GAA GAC GAC GAC GAG GAG GAG GAG GAG GAG GAG GAG GAG GAG GAT GAT GAT GAT GAT GAT GCA GCC GCC GCC GCC GCC GCC GCC GCC GCG GCT GGA GGC GGC GGC GGC GGC GGG GGG GGG GTC GTC GTG GTG GTG GTG TAC TAC TAT TAT TAT TCC TCC TCC TCC TCC TGC TGG TTC TTC TTC TTC TTC TTC TTC TTC TTG TTT TTT
Homo sapiens                                ATG --- --- --- AAA AAA AAA AAG AAC AAC AAC AAT AAA AAG AAG AAG AAG AAG AAG AAG AAG AAG AAT GCC AAC AAT ACA GTG ACA ACC ACC ACC ACC ACC ACC AGC ATG TCG ACG ACC ACT AGC AGC AGC CTC TGC ACC AGT ATC ATC ATC ATC ATC ATT ATT ATG ATG ATC ATC ATT CAA CAG CAC CAT CAG CAG CAG CAG CAG CAG CTC CCA CCC CCC CCC CCG CCC CCT CGA CGA CGC CAG CGC CTG CTC CTT ATG CTG CTG CTG CTG CTG CTG CTG CTG CTG CTT AAC GAA GAA GAA GAC GAG GAC GAC GAT CAG GAA GAA GAA GAC GAC GAG GAG GAG GAG GAC GAC GAT GAT GAT GAT GCC ACC GCC GCC GCC GCC GCC GCC TCC GCG GCT AAG GGA GGC GGC GGC GGT GGG GGG GGG GTC GTC GTG GTG GTG GTG TAC TAC TAC TAC TAC GCC TCC TCC TCC TCC TGT TGG TAC TTC TTC TTC TTC TTC TTC TTT CTG TTC TTT
Rattus norvegicus                           ATG CAG --- AAA AAA AAA GAG AGG AAC AAT ACG AAT AAG AAA AAG AAG AAG AAG AAG AAG AAG AAG AAA AAG AAT AAT ACA GTG ACC ACC ACC ACG ACG ACT CCC AGT ATG ACA ACC ACG AAG AGC AGC AGC AGC AGC AGT AGT ATC ATC ATC ATC ATC ATC ATT ATG ATG ATC ATC ATT CAA CAG CAC CAC CAG CAG CAG CAG CAG GAA AAC CCA CCG CCT CCT CCA CCT CCT CGA CGG CGC CGG CGC CTG CTC CTC ATA CTC CTG CTG CTG CTG CTG CTG TTG TTG CTT GAA GAA GAA GAG GAT GAG GAC GAT GAT GAG GAA GAA GAG GAC GAG GAA GAG GAG GAG GAC GAT GAT GAT GAT GAT GCT TCC GCC GCC GCC GCC GCC GCT GCC GCG GCT GCG GGA GGC GGC GGT GGC GGG GGG GGG GTC GTG GTA GTG GTG GTG TAC TAT TAC TAC TAT TCC GCC TCC TCC TCG TGT TGG TCC TTC TTC TTC TTC TTC TTT TTT CTG TTC TTT
Mus musculus                                ATG CAG --- AAA AAA AAA GAG AGG AAC AAC ACG AAT AAG AAG AAA AAG AAG AAG AAG AAG AAG AAG AAA AAG AAT AAT ACA GTG ACC ACC ACC ACG ACG ACC CCC AGT ATG ACA ACC ACG AAG AGC AGC AGC AGC AGT AGC AGC ATC ATC ATC ATC ATT ATC ATC ATG ATG ATC ATC ATT CAA CAG CAC CAC CAA CAG CAG CAG CAG GAA CTC CCA CCG CCC CCT CCA CCT CCT CGA CGG CGC CGG CGC CTG CTC CTC ATA CTC CTA CTG CTG CTG CTG CTG CTG TTG CTT GAA GAA GAA GAA GAT GAG GAC GAT GAT GAG GAA GAA GAG GAC GAG GAA GAG GAG GAG GAC GAT GAG GAT GAT GAT GCT TCC GCC GCC GCC GCC GCG GCT GCC GCG GCT GCA GGA GGC GGC GGT GGC GGG GGG GGT GTC GTG GTA GTG GTG GTG TAC TAT TAC TAC TAC TCC GCC TCC TCC TCG TGC TGG TTC TTC TTC TTC TTC TTT TTC TTT CTG TTC TTT
Pan troglodytes                             ATG --- --- --- AAA AAA AAA AAG AAC AAC AAC AAT AAA AAG AAG AAG AAG AAG AAG AAG AAG AAG AAT GCC AAC AAT ACA GTG ACA ACC ACC ACC ACC ACC ACC AGC ATG TCG ACG ACC ACC AGC AGC AGC CTC TGC ACC AGT ATC ATC ATC ATC ATC ATT ATT ATG ATG ATC ATC ATT CAA CAG CAC CAT CAG CAG CAG CAG CAG CAG CTC CCA CCC CCC CCC CCG CCC CCT CGA CGA CGC CAG CGC CTG CTC CTT ATG CTG CTG CTG CTG CTG CTG CTG CTG CTG CTT AAC GAA GAA GAA GAC GAG GAC GAC GAT CAG GAA GAA GAA GAC GAC GAG GAG GAG GAG GAC GAC GAT GAT GAT GAT GCC ACC GCC GCC GCC GCC GCC GCC TCC GCG GCT AAG GGA GGC GGC GGC GGT GGG GGG GGG GTC GTC GTG GTG GTG GTG TAC TAC TAC TAC TAC GCC TCC TCC TCC TCC TGT TGG TAC TTC TTC TTC TTC TTC TTC TTT CTG TTC TTC
Canis lupus familiaris                      ATG CCC --- AAA AAA AAA GAG AAA AAC AAC AAC AGC AAG AAG AAG AAA AAA AAG AAG AAG AAG AAG AAA AAG AAC AAT ACA GTG ACC ACC GCC ACC ACC ACC ACC AGC ATG ACA ACC TCG AGT AGC AGC AGC AGC TGC AGT AGC ATC ATC ATC ATC ATC ATC ATT ATG ATG ATC ATC ATT CGA CAA CAC CAT CAG CAG CAG CAG CAG CAG CAA CCA CCT CCC CCC CCA CCT CCT AGA CGA CGC AAG CGC TTG CTC CTT TTA CTT CTG CTC CTG CTG CTG CTG CTA CTG CTT GAA GAA GAG GAG GAG GAG GAC GAT GAT GAG GAA GAG GAA GAG GAG GAG GAG GAG GAG GAC GAC GAT GAC GAT GAT GCA GCC GCC GCC GCC GCT GCC GCC GCC GCC GCT GGA GGA GGC GGC GGC GGC GGG GGG GGA GTC GTC GTG GTG GTG GTG TAC TAC TAC TAT TAT TCC AGC TCC TCC TCG TGC TGG TTC TTC TTC TTC TTT TTC TTC TTT CTG TTC TTT
Danio rerio                                 ATG CAT GAT AAG AAC AAG GGG AAA AAC AAT CTG AAT AAG AAG AAA AAA AAG AAA AAG ACA AGT CAA CAA AAG AAT AAC GGA CAG GTC ACC ACC ACC ACT ACC ACC GGC CGG ACA ACG TCT CCT ACT AGC AGT GCT TGC TCT AGT ATC ATT CTT GTT GTG ATT ATA ATG CTC ATA ATT ATA AAG CAA CAC CAC AAG ACC AGG CGC GAA GAG AAC CCA CCA CCT CCC CCA GTT CCA AGG CGA CGC AAA CGT CTG TTG CTT CTC CTT CTG TTG ATG CTA CTC TTG CAG CTT ATT GAA GAC GAA GAA GAT CAG GAC GAC GAT CAG GAG GAG GAA GAT GAG GAG GAA GAC GAG GAT GAT GAT GAC AAT GAT GCA GCT GCA GCC GCT GAG GCT GCA ACC TCA TCG GCT GGA GGA GGC GGC GGA GGG GGT GGG GTA ATT GTT ATT GTC GTG TAC TAT TAC TAT TAC GCA GCA AGC TCC GCT TGT TGG TTT TAC TTC TTT TTT TTC TTC TAT TTG TTT TTC



    1    1    1    1    1    2    1    1    3    1    1    1    1    1    2
    1    2    6    1    1    1    1    1    1    1    1    1    1    1    1
    1    1    1    1    1    1    1    1    1    1    1    1    1    1    1
    1    1    1    3    1    1    1    1    1    1    1    1    1    1    1
    1    1    1    1    1    1    1    1    1    1    1    1    1    1    1
    1    1    1    1    1    1    1    1    1    1    1    1    1    1    1
    1    1    2    2    1    1    1    1    1    1    1    1    1    2    1
    1    1    1    1    1    1    1    1    4    2    6    2    1    1    1
    1    1    1    1    1    1    1    1    1    1    1    1    1    1    1
    1    1    1    1    2    1    1    1    1    1    1    1    1    1    1
    1    1    1    1    1    1    1    1    1    3    1    1    3    3    1
    1    1    1    1    1    1

CODONML (in paml version 4.4b, July 2010)  torun.nuc
Model: One dN/dS ratio for branches Global clock  (2 genes: diff. rate & k&w)  
Codon frequency model: F3x4
ns =   7  ls = 203

Codon usage in sequences
--------------------------------------------------------------------------------------------------------------
Phe TTT  2  2  3  3  1  3 | Ser TCT  0  0  0  0  0  0 | Tyr TAT  3  0  2  1  0  2 | Cys TGT  0  1  1  0  1  0
    TTC 12 11 10 11 12 11 |     TCC  5  5  5  4  5  3 |     TAC  2  6  3  4  6  3 |     TGC  1  1  0  1  1  2
Leu TTA  0  0  0  0  0  1 |     TCA  0  0  0  0  0  0 | *** TAA  0  0  0  0  0  0 | *** TGA  0  0  0  0  0  0
    TTG  1  0  2  1  0  1 |     TCG  0  1  1  1  1  2 |     TAG  0  0  0  0  0  0 | Trp TGG  3  3  3  3  3  3
--------------------------------------------------------------------------------------------------------------
Leu CTT  1  2  1  1  2  3 | Pro CCT  2  1  4  3  1  3 | His CAT  1  1  0  0  1  1 | Arg CGT  0  0  0  0  0  0
    CTC  3  3  3  4  3  2 |     CCC  3  4  1  2  4  3 |     CAC  2  1  2  2  1  1 |     CGC  0  2  2  2  2  2
    CTA  1  0  0  1  0  1 |     CCA  1  1  2  2  1  2 | Gln CAA  2  1  1  2  1  2 |     CGA  3  2  1  1  2  2
    CTG 12 13 10 10 13  9 |     CCG  1  1  1  1  1  0 |     CAG  6  9  7  6  9  6 |     CGG  2  0  2  2  0  0
--------------------------------------------------------------------------------------------------------------
Ile ATT  3  3  2  2  3  2 | Thr ACT  1  1  1  0  0  0 | Asn AAT  2  3  4  3  3  1 | Ser AGT  2  1  3  2  1  2
    ATC  9  9 10 10  9 10 |     ACC  8  9  4  5 10  7 |     AAC  6  7  4  4  7  6 |     AGC  7  4  5  6  4  8
    ATA  0  0  1  1  0  0 |     ACA  2  2  2  2  2  2 | Lys AAA  6  5  6  7  5  9 | Arg AGA  0  0  0  0  0  1
Met ATG  3  5  4  4  5  4 |     ACG  2  1  4  4  1  0 |     AAG 19 18 18 17 18 16 |     AGG  0  0  1  1  0  0
--------------------------------------------------------------------------------------------------------------
Val GTT  0  0  0  0  0  0 | Ala GCT  1  1  3  3  1  2 | Asp GAT  7  5  8  7  5  5 | Gly GGT  0  1  1  2  1  0
    GTC  2  2  1  1  2  2 |     GCC  8  9  7  6  9  9 |     GAC  4  9  5  5  9  6 |     GGC  5  3  3  3  3  4
    GTA  0  0  1  1  0  0 |     GCA  1  0  0  1  0  1 | Glu GAA  6  6  7  8  6  4 |     GGA  1  1  1  1  1  3
    GTG  4  5  5  5  5  5 |     GCG  1  1  2  2  1  0 |     GAG 19 14 18 18 14 22 |     GGG  4  4  4  3  4  3
--------------------------------------------------------------------------------------------------------------

--------------------------------------------------
Phe TTT  6 | Ser TCT  2 | Tyr TAT  3 | Cys TGT  1
    TTC  6 |     TCC  1 |     TAC  4 |     TGC  1
Leu TTA  0 |     TCA  1 | *** TAA  0 | *** TGA  0
    TTG  5 |     TCG  1 |     TAG  0 | Trp TGG  3
--------------------------------------------------
Leu CTT  4 | Pro CCT  2 | His CAT  1 | Arg CGT  1
    CTC  4 |     CCC  1 |     CAC  2 |     CGC  2
    CTA  1 |     CCA  4 | Gln CAA  3 |     CGA  1
    CTG  3 |     CCG  0 |     CAG  4 |     CGG  1
--------------------------------------------------
Ile ATT  6 | Thr ACT  2 | Asn AAT  4 | Ser AGT  3
    ATC  3 |     ACC  7 |     AAC  6 |     AGC  2
    ATA  3 |     ACA  2 | Lys AAA 11 | Arg AGA  0
Met ATG  3 |     ACG  1 |     AAG 11 |     AGG  2
--------------------------------------------------
Val GTT  3 | Ala GCT  6 | Asp GAT  9 | Gly GGT  1
    GTC  2 |     GCC  1 |     GAC  7 |     GGC  3
    GTA  1 |     GCA  5 | Glu GAA  9 |     GGA  4
    GTG  2 |     GCG  0 |     GAG 12 |     GGG  4
--------------------------------------------------

Codon position x base (3x4) table for each sequence.

#1: Bos taurus     
position  1:    T:0.14356    C:0.19802    A:0.34653    G:0.31188
position  2:    T:0.26238    C:0.17822    A:0.42079    G:0.13861
position  3:    T:0.12376    C:0.38119    A:0.11386    G:0.38119
Average         T:0.17657    C:0.25248    A:0.29373    G:0.27723

#2: Homo sapiens   
position  1:    T:0.15000    C:0.20500    A:0.34000    G:0.30500
position  2:    T:0.27500    C:0.18500    A:0.42500    G:0.11500
position  3:    T:0.11000    C:0.42500    A:0.09000    G:0.37500
Average         T:0.17833    C:0.27167    A:0.28500    G:0.26500

#3: Rattus norvegicus
position  1:    T:0.14851    C:0.18317    A:0.34158    G:0.32673
position  2:    T:0.26238    C:0.18317    A:0.42079    G:0.13366
position  3:    T:0.16337    C:0.32178    A:0.10891    G:0.40594
Average         T:0.19142    C:0.22937    A:0.29043    G:0.28878

#4: Mus musculus   
position  1:    T:0.14356    C:0.19307    A:0.33663    G:0.32673
position  2:    T:0.27228    C:0.17822    A:0.41584    G:0.13366
position  3:    T:0.13366    C:0.34653    A:0.13366    G:0.38614
Average         T:0.18317    C:0.23927    A:0.29538    G:0.28218

#5: Pan troglodytes
position  1:    T:0.15000    C:0.20500    A:0.34000    G:0.30500
position  2:    T:0.27500    C:0.18500    A:0.42500    G:0.11500
position  3:    T:0.10000    C:0.43500    A:0.09000    G:0.37500
Average         T:0.17500    C:0.27500    A:0.28500    G:0.26500

#6: Canis lupus familiaris
position  1:    T:0.15347    C:0.18317    A:0.33663    G:0.32673
position  2:    T:0.26733    C:0.16832    A:0.41584    G:0.14851
position  3:    T:0.11881    C:0.39109    A:0.13861    G:0.35149
Average         T:0.17987    C:0.24752    A:0.29703    G:0.27558

#7: Danio rerio    
position  1:    T:0.16749    C:0.16749    A:0.32512    G:0.33990
position  2:    T:0.25616    C:0.17734    A:0.42365    G:0.14286
position  3:    T:0.26601    C:0.25616    A:0.22167    G:0.25616
Average         T:0.22989    C:0.20033    A:0.32348    G:0.24631

Codon usage in genes
--------------------------------------------------------------
Phe TTT  0 20 | Ser TCT  0  2 | Tyr TAT  0 11 | Cys TGT  0  4
    TTC  0 73 |     TCC  0 28 |     TAC  0 28 |     TGC  0  7
Leu TTA  0  1 |     TCA  0  1 | *** TAA  0  0 | *** TGA  0  0
    TTG  0 10 |     TCG  0  7 |     TAG  0  0 | Trp TGG  0 21
--------------------------------------------------------------
Leu CTT  0 14 | Pro CCT  0 16 | His CAT  1  4 | Arg CGT  0  1
    CTC  1 21 |     CCC  1 17 |     CAC  0 11 |     CGC  0 12
    CTA  0  4 |     CCA  0 13 | Gln CAA  0 12 |     CGA  0 12
    CTG  0 70 |     CCG  0  5 |     CAG  2 45 |     CGG  0  7
--------------------------------------------------------------
Ile ATT  0 21 | Thr ACT  0  5 | Asn AAT  0 20 | Ser AGT  0 14
    ATC  0 60 |     ACC  0 50 |     AAC  0 40 |     AGC  0 36
    ATA  0  5 |     ACA  0 14 | Lys AAA  0 49 | Arg AGA  0  1
Met ATG  7 21 |     ACG  0 13 |     AAG  0 117 |     AGG  0  4
--------------------------------------------------------------
Val GTT  0  3 | Ala GCT  0 17 | Asp GAT  0 46 | Gly GGT  0  6
    GTC  0 12 |     GCC  0 49 |     GAC  0 45 |     GGC  0 24
    GTA  0  3 |     GCA  0  8 | Glu GAA  0 46 |     GGA  0 12
    GTG  0 31 |     GCG  0  7 |     GAG  0 117 |     GGG  0 26
--------------------------------------------------------------

Codon position x base (3x4) table for each gene.


Gene #1
position  1:    T:0.00000    C:0.41667    A:0.58333    G:0.00000
position  2:    T:0.66667    C:0.08333    A:0.25000    G:0.00000
position  3:    T:0.08333    C:0.16667    A:0.00000    G:0.75000
Average         T:0.25000    C:0.22222    A:0.27778    G:0.25000

Gene #2
position  1:    T:0.15225    C:0.18871    A:0.33595    G:0.32309
position  2:    T:0.26376    C:0.18013    A:0.42244    G:0.13367
position  3:    T:0.14582    C:0.36669    A:0.12938    G:0.35811
Average         T:0.18728    C:0.24518    A:0.29593    G:0.27162

Sums of codon usage counts
------------------------------------------------------------------------------
Phe F TTT      20 | Ser S TCT       2 | Tyr Y TAT      11 | Cys C TGT       4
      TTC      73 |       TCC      28 |       TAC      28 |       TGC       7
Leu L TTA       1 |       TCA       1 | *** * TAA       0 | *** * TGA       0
      TTG      10 |       TCG       7 |       TAG       0 | Trp W TGG      21
------------------------------------------------------------------------------
Leu L CTT      14 | Pro P CCT      16 | His H CAT       5 | Arg R CGT       1
      CTC      22 |       CCC      18 |       CAC      11 |       CGC      12
      CTA       4 |       CCA      13 | Gln Q CAA      12 |       CGA      12
      CTG      70 |       CCG       5 |       CAG      47 |       CGG       7
------------------------------------------------------------------------------
Ile I ATT      21 | Thr T ACT       5 | Asn N AAT      20 | Ser S AGT      14
      ATC      60 |       ACC      50 |       AAC      40 |       AGC      36
      ATA       5 |       ACA      14 | Lys K AAA      49 | Arg R AGA       1
Met M ATG      28 |       ACG      13 |       AAG     117 |       AGG       4
------------------------------------------------------------------------------
Val V GTT       3 | Ala A GCT      17 | Asp D GAT      46 | Gly G GGT       6
      GTC      12 |       GCC      49 |       GAC      45 |       GGC      24
      GTA       3 |       GCA       8 | Glu E GAA      46 |       GGA      12
      GTG      31 |       GCG       7 |       GAG     117 |       GGG      26
------------------------------------------------------------------------------

(Ambiguity data are not used in the counts.)


Codon position x base (3x4) table, overall

position  1:    T:0.15096    C:0.19064    A:0.33806    G:0.32034
position  2:    T:0.26719    C:0.17931    A:0.42098    G:0.13253
position  3:    T:0.14529    C:0.36499    A:0.12828    G:0.36145
Average         T:0.18781    C:0.24498    A:0.29577    G:0.27144


Nei & Gojobori 1986. dN/dS (dN, dS)
(Pairwise deletion)
(Note: This matrix is not used in later ML. analysis.
Use runmode = -2 for ML pairwise comparison.)

Bos taurus          
Homo sapiens         0.1625 (0.0658 0.4049)
Rattus norvegicus    0.0762 (0.0503 0.6599) 0.1446 (0.0676 0.4672)
Mus musculus         0.0724 (0.0503 0.6950) 0.1242 (0.0653 0.5258) 0.0434 (0.0084 0.1942)
Pan troglodytes      0.1625 (0.0658 0.4049) 0.0000 (0.0000 0.0157) 0.1402 (0.0676 0.4819) 0.1206 (0.0653 0.5417)
Canis lupus familiaris 0.0658 (0.0369 0.5604) 0.1678 (0.0697 0.4155) 0.0970 (0.0530 0.5467) 0.0861 (0.0520 0.6033) 0.1573 (0.0697 0.4434)
Danio rerio         -1.0000 (0.1825 -1.0000)-1.0000 (0.1926 -1.0000)-1.0000 (0.1748 -1.0000)-1.0000 (0.1803 -1.0000)-1.0000 (0.1926 -1.0000)-1.0000 (0.1825 -1.0000)


TREE #  1:  ((((2, 5), (4, 3)), (1, 6)), 7);   MP score: -1
lnL(ntime:  6  np: 11):  -2050.876666      +0.000000
   8..9     9..10   10..11   11..2    11..5    10..12   12..4    12..3     9..13   13..1    13..6     8..7  
 50.000000 14.058118 13.676873 0.260819 3.441238 11.177201 0.019966 0.000100 0.001173 1.733170 0.069905
SEs for parameters:
 79781093.713184 22431439.957263 21823118.563799 416167.986103 5490914.685960 17834586.455013 31857.702775 8920.025305 1898.402779 0.239693 0.010139
Note: Branch length is defined for the first gene (site partition).
For other genes, look at "rates for genes".

tree length = 142.61425 (1st gene)

((((2: 0.260819, 5: 0.260819): 13.416055, (4: 3.441238, 3: 3.441238): 10.235635): 0.381244, (1: 11.177201, 6: 11.177201): 2.880917): 35.941882, 7: 50.000000);

((((Homo sapiens: 0.260819, Pan troglodytes: 0.260819): 13.416055, (Mus musculus: 3.441238, Rattus norvegicus: 3.441238): 10.235635): 0.381244, (Bos taurus: 11.177201, Canis lupus familiaris: 11.177201): 2.880917): 35.941882, Danio rerio: 50.000000);

Detailed output identifying parameters

rates for 2 genes:     1  0.01997

gene # 1: kappa =   0.00010 omega =   0.00117
gene # 2: kappa =   1.73317 omega =   0.06991

Time used:  0:53
