
seed used = 1418811345
      5   1695

Mus musculus                               ATG GAT TTC GGG TCC TTG GAG ACC GTG GTG GCC AAC TCT GCC TTC ATC GCT GCC CGG GGC AGT TTT GAC GGA AGC AGC ACA CCG TCT TCC --- CGA GAC AAG AAA TAT CTG GCC AAG CTC CGG TTG CCC CCA CTG TCC AAG TGT GAG GGT CTC CGT GAC AAC CTC AGC TTG GAG TTT GAG AGC CTG TGC TCA GAG CAA CCC ATC GGC AAG AGG CTC TTC CAA CAG TTC TTG AAG ACA GAC GAG AGA CAT GTG CCA GCT CTG GAG CTC TGG AAG GAC ATT GAG GAC TAT GAC ACT GCT GAT GAT GAC CTG AGG CCA CAG AAG GCA CAA GCC ATC CTG GCT GAG TAC CTG GAC CCA CAG GGC ACA CTC TTC TGC AAC TTT CTG GAC CAG GGC ATG GTG ACA AGG GTG AAA GAA GGG CCA ACT GGG AGC CAG GAC GGC CTC TTC CAG CCT TTG CTC CAG GCC ACA ATG GAG CAC TTG AGC CAG GCG CCC TTC CAG GAG TAC CTA GAA AGC TTG TAT TTC CTG CGG TTT CTT CAG TGG AAG TGG TTG GAA GCC CAG CCC ATA GGT GAA GAC TGG TTC TTG GAC TTC AGG GTC CTG GGA AAG GGG GGC TTC GGG GAA GTG TCT GCC TGT CAG ATG AAG GCG ACT GGC AAG ATG TAT GCC TGC AAG AAG CTC AAC AAG AAA CGG CTG AAG AAG AGG AAG GGC TAC CAG GGC GCC ATT GTT GAG AAG AGG ATT CTG ACT AAA GTA CAC AGC AGG TTC ATT GTG TCT CTG GCC TAT GCG TTC GAG ACC AAG ACG GAC CTC TGT CTG GTG ATG ACC ATC ATG AAC GGA GGT GAC GTG AGG TAC CAC ATC TAC AAT GTG GAT GAG GAT AAC CCC GGC TTC TCA GAA CCA CGG GCC ATC TAT TAC ACA GCA CAG ATC ATC AGT GGC CTG GAG CAC CTG CAT CAG AGA CGC ATT GTC TAC CGT GAC CTC AAG CCA GAG AAT GTG CTA TTG GAC AAT GAT GGC AAT ATC CGA ATT TCT GAC CTT GGA CTG GCT GTG GAG CTG AAG GAA GGG CAG AAT AAG ACC AAG GGC TAC GCA GGG ACC CCA GGT TTC ATG GCC CCT GAG CTC CTG CGA GGT GAA GAA TAC GAC TTC TCT GTG GAC TAC TTT GCC CTG GGG GTC ACA TTG TAC GAG ATG ATC GCA GCC AGA GGA CCC TTC CGA GCC CGA GGA GAG AAG GTA GAG AAC AAG GAG CTT AAG CAA CGT ATC ATC TCA GAG CCT GTG AAG TAC CCA GAG AAG TTC AGC CAG GCC AGC AAG GAC TTC TGT GAG CAG CTG TTG GAG AAG GAC CCG GAG AAG CGC CTG GGC TTC CGG GAT GGA ACC TGT GAT GCG CTT CGG GCA AAC GTC CTC TTC AAA GAT ATC AGC TGG AGG CAG CTC GAA GCC GGG ATG CCC ATT CCT CCA TTC ATC CCA GAC TCT AGG ACT GTC TAT GCC AAG AAC ATT CAG GAC GTG GGT GCC TTT TCC ACA GTC AAG GGT GTG GTT TTT GAC AAA GCG GAC ACA GAG TTC TTC CAA GAA TTC GCC TCT GGC AAC TGC TCC ATT CCC TGG CAG GAG GAG ATG ATC GAG ACT GGG CTC TTT GGG GAC CTA AAT GTG TGG CGC GCA GAT GGT CAG ATG CCG GAT GAC ATG AAG GGA ATC ACC ACG GAG GAG GCA GCC CCT ACA GCC AAG TCG GGA ATG TGT CTC ATC TCC 
Danio rerio                                ATG GAC ATC GGC GGC CTC ACC ACG GTG GTG GCC AAC TCT GCC TAC ATC TCC GCC CGC GGC AGC TTC GAT GGC ACG GCC AAC CCG GCG TCC AAC CGA GAC AAG AAA TAC CAC TCC AAG CTG AAG CTG CCG CAC ATC ACG GTC TGC GAA GAT CTC CGA GAA ACC CTG GAT CTG CAG TTC AGG AGC ATC TGT GTG GAG CAA CCC ATC GGG AAG AGG CTT TTT CAG GAG TAT CTG GAG ACC GCC AAT GAA TAC AAG GGC CCC TGC CGC CTG TGG AGG GAC GTA GAG GAA TAC GAC ACG GCC GAG GAT AAA GAC CGC ACT CAG AAA GCT GCG AAA ATC CTC CAG CGC TAC ATG GAG CCC TCA GCC AAA CAC TTC TGC CCG TTT CTA CCA GAG AAT GGC ATC ACC AAA GTC AAG GAG CGG CAT CAG GAG GCG GCG GAC GAC CTG TTC GTG GAG ATC CTG GCC TGC GTC TTT GAT TTC CTC AAG GAG GTG CCC TTC ACT TTC TAT CTA GAG ACC ATG TAC TTT AAG CGC TTC TTG CAG TGG AAG TGG CTG GAG ATG CAG CCG GTG GCC GAG GAC TGG TTC CTG GAC TTC CGT GTT TTG GGA AAA GGA GGA TTC GGA GAA GTT TCT GCT TGT CAG ATG AGG GCC ACG GGG AAG CTG TAC GCC TGC AAG AAA CTC AAC AAG AAG AGG CTG AAG AAG AGG AAA GGC TAT GAG GGA GCG ATG GTG GAG AAG CGT ATC CTG GCT CGT GTC CAC AGC AGG TTT ATC GTG TCT CTG GCC TAC GCC TTC CAG ACC AAA ACT GAG CTG TGT CTG GTG ATG ACC ATC ATG AAC GGA GGA GAC CTC AGG TAC CAC ATC TAT AAC GTG GAT GAG AAT AAC CCC GGC TTC TCT GAG CCC AGA GCC TGT TAT TAC GCC GCT CAG ATC ATC CAG GGC CTG GAG CAT CTG CAC CAG AAG AAG ATC ATC TAC AGA GAC CTC AAG CCG GAG AAC GTG CTG CTG GAT AAT GAA GGT AAC GTC AGG ATC TCT GAC CTG GGC TTG GCT GTT GAA CTG GCA GAC GGA CAG GAG AAA ACC AAA GGT TAT GCT GGA ACT CCA GGG TTC ATG GCG CCG GAG CTG TTG AAG GGT GAG GAG TAT GAT TAT TCA GTG GAT TAC TTC ACT CTG GGG GTC ACG CTG TAC GAG TTC ATC GCC GCT AAA GGA CCC TTC AGG ACT CGA GGA GAG AAG GTG GAG AAT AAA GAG GTG AAG AAG CGG ATC CTG AAT GAC CCG GTC ACA TAT TCA GAG AAG TTC AGC GAG AAC GCT AAG TCC ATC TGC GAG GGT CTG CTG GCC AAA GAG GTG GAC AAG AGA CTG GGC TTC AAG AAC GGC ACA TGT GAT GAG ATC CGC ACA CAT CCC TTC TTC AGC CAA CTC AAC TGG AGG AAA CTA GAC GCA GGT ATT CTT CCT CCT CCG TTC GTC CCG GAC TCT AAG ACG GTC TAT GCG AAG GAT CTA GAT GAC GTG GGC GCG TTC TCC ACG GTG AAG GGC GTC TGT CTG GAG GAT GAT GAT AAG TGT TTC TTC GAT GAG TTT GCG TCA GGG AAT ATC TCC ATT CCA TGG CAG GAG GAG ATG ATC GAG ACG GGG ATC TAC GGC GAG CTG AAC GTC TGG GGG CCC GGA GGA GCT GTG CCC AAT GAC CTG CGC CGG GAG TCC ATC CTA GAG CAG CCG CCC --- --- AAA TCC TCC ACC TGC AGC GTC TCC 
Homo sapiens                               ATG GAT TTC GGG TCT TTG GAG ACC GTG GTG GCC AAC TCT GCC TTC ATC GCC GCC CGA GGC AGC TTT GAC GGC AGC AGC TCC CAA CCC TCC --- CGG GAC AAG AAG TAC CTG GCC AAG CTC AAG CTG CCC CCG CTG TCC AAG TGT GAG TCC CTC CGC GAC AGC CTC AGC CTG GAG TTT GAG AGT GTG TGC TTG GAG CAG CCC ATC GGC AAG AAG CTC TTT CAG CAG TTC CTA CAA TCG GCA GAG AAG CAC CTG CCG GCC CTG GAG CTC TGG AAA GAC ATC GAG GAC TAT GAC ACG GCA GAC AAT GAC CTC CAG CCA CAG AAG GCC CAG ACC ATC CTG GCC CAG TAC CTG GAC CCC CAG GCC AAA CTC TTC TGC AGC TTC CTG GAT GAG GGG ATA GTG GCG AAG TTT AAG GAG GGG CCT GTG GAG ATC CAG GAC GGG CTC TTC CAG CCC CTG CTG CAG GCC ACC CTG GCA CAC CTG GGC CAA GCC CCC TTC CAG GAG TAC CTG GGC AGC CTG TAC TTC CTG AGG TTC CTG CAG TGG AAG TGG CTG GAA GCC CAG CCC ATG GGG GAG GAC TGG TTC CTG GAC TTC AGG GTC CTG GGG AAA GGG GGC TTC GGG GAG GTG TCG GCC TGC CAG ATG AAG GCG ACC GGC AAG CTG TAT GCC TGC AAG AAG CTG AAC AAG AAG CGG CTG AAG AAG AGG AAG GGC TAC CAG GGT GCT ATG GTG GAG AAG AAG ATT CTG ATG AAA GTA CAC AGC AGG TTC ATC GTG TCT CTG GCC TAT GCG TTT GAA ACC AAA GCC GAC CTC TGT CTG GTG ATG ACC ATC ATG AAC GGA GGT GAC ATC AGG TAC CAC ATC TAC AAC GTG AAT GAG GAG AAC CCT GGC TTC CCG GAG CCG CGC GCC CTC TTC TAC ACG GCG CAG ATC ATC TGC GGC CTG GAG CAC CTG CAC CAG AGG CGG ATC GTC TAC CGC GAC CTC AAG CCC GAG AAC GTG CTG CTG GAC AAT GAC GGC AAT GTC CGG ATC TCT GAC CTT GGG CTG GCC GTG GAG CTG CTG GAC GGA CAG AGC AAG ACC AAG GGC TAC GCA GGG ACC CCA GGT TTC ATG GCC CCC GAG CTC CTG CAG GGC GAG GAG TAC GAC TTC TCC GTG GAC TAC TTT GCC CTG GGG GTC ACC CTG TAT GAG ATG ATT GCG GCC AGA GGA CCC TTC CGA GCC CGT GGA GAG AAG GTG GAG AAC AAG GAG CTG AAG CAC CGG ATC ATC TCA GAG CCC GTG AAG TAC CCT GAT AAG TTC AGC CAG GCC AGC AAG GAC TTC TGC GAG GCG CTG CTG GAG AAG GAC CCG GAG AAG CGC CTG GGG TTC AGA GAT GAG ACC TGC GAC AAG CTC CGT GCC CAC CCC CTC TTC AAG GAC CTT AAC TGG AGG CAG CTG GAG GCT GGG ATG CTG ATG CCC CCT TTC ATC CCA GAC TCC AAA ACT GTC TAC GCA AAG GAT ATT CAG GAC GTG GGT GCC TTT TCC ACC GTC AAA GGT GTG GCC TTT GAC AAA ACA GAC ACA GAA TTC TTT CAG GAA TTT GCC ACT GGC AAC TGC CCC ATC CCC TGG CAG GAG GAG ATG ATC GAG ACG GGC ATC TTT GGC GAG CTG AAC GTG TGG CGC TCG GAC GGT CAG ATG CCG GAC GAC ATG AAG GGC ATC TCC --- GGG GGC TCC AGC TCC TCG TCC AAG TCA GGG ATG TGT CTG GTT TCC 
Rattus norvegicus                          ATG GAT TTC GGG TCC TTG GAA ACC GTG GTG GCC AAC TCT GCC TTC ATT GCG GCC CGA GGC AGC TTT GAC GGA AGC AGC ACC CCC TCT TCC --- CGA GAC AAG AAG TAT CTG GCC AAG CTC CGG TTG CCC CCA CTG TCC AAG TGT GAG GGT CTC CGT GAC AGC ATC AGC CTA GAG TTT GAC AAC CTG TGC TCG GAG CAG CCC ATT GGC AAG AGG CTC TTC CAG CAG TTC CTG AAG ACA GAC GAG AGG CAT GTG CCG GCT CTG GAG CTC TGG AAG GAC ATC GAG GAC TAT GAC ACT GCC GAT GAC GAC CTA CGG CCA CAG AAG GCT CAG GCC ATC CTG GCT GAG TAC CTG GAC CCA CAG GGC ACA CTC TTC TGC AAC TTC CTG GAC CAG GGC ATG GTG GCA AGA GTG AAG GAA GGG CCA ACT GGG AGC CAG GAT GGG CTC TTC CAG CCT CTG CTG CAG GCC ACA CTG GAG CAC TTG AGT CAG GGC CCC TTC CAG GAG TAC CTG GGA AGC CTA TAT TTC CTG CGG TTT CTT CAG TGG AAG TGG TTG GAA GCC CAG CCC ATA GGT GAA GAC TGG TTT TTG GAC TTC AGG GTC CTG GGG AAG GGG GGC TTT GGG GAA GTG TCC GCC TGC CAA ATG AAG GCG ACC GGC AAG ATG TAC GCT TGC AAG AAG CTG AAC AAG AAG CGG CTG AAG AAG AGG AAG GGG TAC CAG GGC GCC ATC GTT GAG AAG AGG ATT CTA GCT AAA GTA CAC AGC AGG TTC ATC GTG TCT CTG GCC TAT GCA TTC GAA ACC AAG ACC GAC CTC TGT CTG GTG ATG ACC ATC ATG AAT GGA GGT GAC GTA AGG TAC CAC ATC TAC AAT GTG GAT GAG GAG AAC CCC GGC TTT CCG GAG CCA CGA GCC ATC TAC TAC ACA GCA CAG ATC ATC AGT GGC CTG GAG CAC CTG CAT CAG AGA CGC ATT GTC TAC CGT GAC CTC AAG CCA GAG AAC GTG CTG CTG GAC AAC GAT GGC AAC ATC CGA ATT TCT GAC CTT GGA CTG GCC GTC GAG TTG AAG GAA GGG CAG AAT AAG ACC AAG GGC TAT GCA GGG ACC CCA GGT TTC ATG GCC CCC GAG CTC CTG CGA GGC GAA GAG TAC GAC TTC TCT GTG GAC TAC TTT GCC CTG GGG GTC ACA TTG TAC GAG ATG ATC GCA GCC AGA GGA CCC TTC CGA GCC CGA GGA GAG AAG GTG GAG AAC AAG GAG CTT AAA CAG CGC ATC ATC TCA GAG CCC GTG AAG TAC CCA GAG AAG TTC AGC CAG GCC AGC AAG GAC TTC TGT GAG CAG CTG TTA GAG AAG GAC CCG GAG AAG CGC CTG GGT TTC CGG GAT GGA ACC TGT GAC GCC CTA AGG GCG AAT GTC CTC TTC AAA GAT ATC AGC TGG AGA CAG CTC GAA GCC GGA ATG CTC ATC CCT CCG TTC ATC CCA GAC TCT AGG ACT GTC TAT GCC AAG AAC ATT CAG GAT GTG GGT GCC TTT TCC ACA GTC AAG GGT GTG GTT TTT GAC AAA GCA GAC ACA GAA TTC TTC CAA GAA TTC GCC TCC GGC AAC TGC TCC ATT CCC TGG CAG GAG GAG ATG ATT GAG ACT GGG TTC TTC GGG GAC CTC AAC GTG TGG CGC CCA GAC GGT CAA ATG CCC GAT GAC ATG AAG GGA ATC ACC GTG GAG GAG GCA GCC CCT ACA GCC AAA TCA GGG ATG TGT CTC ATC TCC 
Bos taurus                                 ATG GAT TTC GGG TCC CTG GAG ACG GTG GTG GCC AAT TCA GCC TTC ATT GCG GCC CGG GGC AGC TTC GAT GCG AGC AGC GGC CCG GCC TCT --- CGG GAC AGG AAG TAC CTG GCC AGG CTC AAG CTG CCC CCG CTG TCC AAG TGC GAG GCG CTC CGG GAG AGC CTG GAC CTG GGC TTC GAG GGC ATG TGC CTG GAG CAG CCC ATT GGC AAG CGG CTC TTC CAG CAG TTC CTG CGG ACC CAC GAG CAG CAC GGG CCA GCC CTG CAG CTC TGG AAG GAC ATC GAG GAC TAC GAC ACG GCC GAC GAT GCC CTC CGG CCG CAG AAG GCC CAG GCC CTC CGG GCC GCG TAC CTG GAG CCC CAG GCC CAG CTC TTC TGC AGC TTC CTG GAT GCG GAG ACG GTG GCA CGG GCC CGC GCG GGG --- --- --- GCG GGG GAC GGG CTC TTC CAG CCC CTG CTG CGG GCC GTC CTG GCG CAC CTC GGC CAG GCC CCC TTC CAG GAG TTC CTG GAC AGC CTC TAC TTC CTG CGC TTC TTG CAG TGG AAG TGG CTG GAG GCC CAG CCC ATG GGC GAG GAC TGG TTC CTA GAC TTC AGG GTG CTG GGG CGG GGC GGC TTC GGG GAG GTG TTC GCC TGC CAG ATG AAG GCC ACC GGC AAG CTG TAT GCG TGC AAG AAG CTG AAC AAG AAG CGG CTG AAG AAG CGG AAG GGG TAC CAG GGC GCG ATG GTG GAG AAG AAG ATC CTC GCC AAA GTG CAC AGC AGG TTC ATT GTG TCT CTG GCC TAC GCC TTC GAG ACC AAG ACG GAC CTC TGC CTA GTG ATG ACC ATC ATG AAC GGA GGT GAC ATT CGG TAC CAC ATC TAC AAC GTG GAC GAG GAC AAC CCC GGC TTC CAG GAG CCT CGT GCC ATC TTC TAC ACG GCC CAG ATC GTC AGC GGC CTG GAG CAC CTG CAC CAG CGG AAC ATC ATC TAC CGA GAC CTC AAG CCC GAG AAC GTG CTG CTG GAC GAC GAT GGC AAC GTC CGC ATT TCC GAC CTT GGG CTG GCC GTG GAG CTG AAG GCA GGG CAG ACC AAG ACC AAG GGC TAT GCG GGG ACC CCA GGG TTC ATG GCC CCT GAG CTC CTG CTG GGG GAG GAG TAC GAC TTT TCC GTA GAT TAC TTC GCG CTG GGT GTC ACG CTG TAC GAG ATG ATC GCG GCC AGA GGG CCC TTT CGA GCC CGT GGA GAG AAG GTA GAG AAC AAG GAA CTG AAG CAG AGG GTC CTG GAG CAG GCG GTC ACC TAC CCC GAC AAG TTC AGC CCG GCC AGC AAA GAC TTC TGC GAG GCA CTG CTG CAG AAG GAC CCT GAG AAG CGC CTG GGG TTC CGG GAC GGC TCC TGT GAT GGG CTC CGC ACG CAC CCC CTC TTC AGA GAC ATC AGC TGG CGG CAG CTG GAG GCT GGG ATG CTG ACC CCG CCC TTC GTC CCA GAC TCC AGG ACC GTC TAT GCA AAG AAT ATC CAG GAT GTG GGT GCC TTC TCC ACG GTC AAG GGC GTG GCC TTT GAA AAA GCG GAC ACG GAA TTC TTC CAG GAG TTC GCC TCG GGC ACC TGC CCC ATC CCC TGG CAG GAG GAG ATG ATC GAG ACG GGC GTC TTT GGG GAC TTG AAC GTG TGG CGG CCC GAC GGG CAG ATG CCG GAT GAC ATG AAG GGC GTC TCT GGG CAG GAG GCA GCC CCC TCA TCC AAG TCG GGC ATG TGT GTG CTT TCC 



Printing out site pattern counts


         5       1248  P

Mus musculus                                --- AAA AAA AAA AAA AAA AAA AAC AAC AAC AAC AAC AAC AAC AAC AAC AAG AAG AAG AAG AAG AAG AAG AAG AAG AAG AAG AAG AAG AAG AAG AAG AAT AAT AAT AAT AAT ACA ACA ACA ACA ACA ACA ACA ACA ACA ACC ACC ACC ACC ACC ACG ACG ACT ACT ACT ACT ACT AGA AGA AGA AGC AGC AGC AGC AGC AGC AGC AGC AGC AGC AGG AGG AGG AGG AGG AGG AGG AGG AGG AGT AGT ATA ATC ATC ATC ATC ATC ATC ATC ATC ATC ATC ATC ATC ATC ATG ATG ATG ATG ATG ATG ATG ATG ATG ATT ATT ATT ATT ATT ATT ATT ATT ATT CAA CAA CAA CAA CAA CAC CAC CAC CAG CAG CAG CAG CAG CAG CAG CAG CAG CAG CAG CAG CAG CAG CAG CAT CAT CCA CCA CCA CCA CCA CCA CCA CCA CCA CCA CCA CCC CCC CCC CCC CCC CCG CCG CCG CCT CCT CCT CCT CCT CGA CGA CGA CGA CGA CGC CGC CGC CGG CGG CGG CGG CGG CGG CGG CGT CGT CGT CTA CTA CTA CTC CTC CTC CTC CTC CTC CTC CTC CTC CTC CTC CTG CTG CTG CTG CTG CTG CTG CTG CTG CTG CTG CTG CTG CTG CTT CTT CTT CTT GAA GAA GAA GAA GAA GAA GAA GAA GAC GAC GAC GAC GAC GAC GAC GAC GAC GAC GAC GAC GAC GAC GAC GAG GAG GAG GAG GAG GAG GAG GAG GAG GAG GAG GAG GAG GAG GAG GAG GAG GAG GAG GAT GAT GAT GAT GAT GAT GAT GAT GAT GAT GAT GCA GCA GCA GCA GCA GCA GCA GCC GCC GCC GCC GCC GCC GCC GCC GCC GCC GCC GCC GCC GCC GCC GCC GCG GCG GCG GCG GCG GCT GCT GCT GCT GCT GGA GGA GGA GGA GGA GGA GGA GGA GGC GGC GGC GGC GGC GGC GGC GGC GGC GGC GGG GGG GGG GGG GGG GGG GGG GGG GGG GGG GGT GGT GGT GGT GGT GGT GGT GGT GTA GTA GTC GTC GTC GTC GTC GTG GTG GTG GTG GTG GTG GTG GTG GTG GTG GTT GTT TAC TAC TAC TAC TAC TAT TAT TAT TAT TAT TCA TCA TCA TCC TCC TCC TCC TCC TCG TCT TCT TCT TCT TCT TCT TCT TCT TGC TGC TGC TGG TGT TGT TGT TGT TGT TGT TTC TTC TTC TTC TTC TTC TTC TTC TTC TTC TTG TTG TTG TTG TTG TTG TTG TTG TTG TTG TTT TTT TTT TTT TTT
Danio rerio                                 AAC AAA AAG AAG AGC CGT GAT AAC AAC AAC AAT AAT ACC CAT CCG GAT AAA AAA AAA AAA AAG AAG AAG AAG AAG ACA AGG AGG CGC GAG GCA GTC AAC AAC AAC AAT GAG --- AAA AAC AAG ACC ACC ACG GCC GTC ACA ACC ACG ACT TCC ACT ATC ACG ACG ACG CAG GCT AAA AAG GAA AAC AAG ACC ACG AGC AGC GAT GCC GCG GCT AAA AAG AGG AGG AGG AGG CGC CGT CGT AGC CAG GTG ATC ATC ATC ATC ATC ATC CTC CTG GAG GTC GTC GTC TGT ACC ATG ATT CTG CTG GGC GTG TTC TTT ATC ATC ATC ATC ATG ATT CCT CTA GTA AAG CAA CAG GAT GCG CAC CAT TTC AAA ACT CAG CAG GAG GAG GAG GAG GAT GCC GCG GCT GGT GTG TCA CAC TAC ACT CAC CAT CCA CCC CCC CCG CCG CCG GGC TCA CCA CCC CCC CCG CTT CCC CCG GTG CCC CCG CCG CCT GAG AAG AGG AGG CGA CGA AAG AGA GGG AAG AAG AGA AGG CGC CGC CGC AGA CGA CGG CTA CTG CTG AGC ATC CAC CTA CTC CTC CTG CTG CTG CTT TTC AAG ATC ATC ATG CAC CTA CTC CTG CTG CTG CTG GAC TGC TTG ATC CTG GTG TTG GAA GAC GAC GAG GAG GAG GAG GAG AAA CCA GAA GAA GAC GAC GAC GAG GAG GAG GAG GAT GAT GCC TCC AAT ACC AGG CAG CAG CGC CGC CTA GAA GAC GAC GAG GAG GAG GAG GAT GCC TGT TTC AAC AAT AAT CAA GAA GAC GAG GAT GAT GAT GGA ACA CAG CCC GCC GCT GCT GCT --- AAA AAC ACT ACT ATG CCG GCA GCC GCC GCG GCG GCG GCT TCC TGC GAG GAT GCC GCC GTG CAG CCC GCC GCT TCC CGG GGA GGA GGA GGC GGC GGC TCC AAT GAC GCC GGA GGA GGC GGC GGC GGG GGT CGG GAG GGA GGA GGA GGC GGC GGG GGG GGT GAT GCC GGA GGA GGC GGC GGG GGT GTC GTG ATC CCC GTC GTG GTT AAG ATC CTC GTC GTC GTC GTG GTG GTT GTT GTG TGT TAC TAC TAT TAT TAT TAC TAC TAC TAT TAT AAT GTG TCT ACG GGC TCC TCC TCC TCC GCG TCA TCA TCT TCT TCT TCT TCT ATC TGC TGT TGG TGC TGC TGC TGT TGT TGT ATC TAC TAT TAT TTC TTC TTC TTC TTT TTT ATC ATG CTC CTC CTG CTG CTG CTG CTG CTG CTG TAC TTC TTC TTT
Homo sapiens                                --- AAG AAG AAG AAG AAA AAA AAC AAC AAC AAC AAC AGC CAC AGC GAT AAA AAA AAG AAG AAA AAG AAG AAG AAG AAG AAA AAG AAG CAA CTG AAG AAC AAC AAT AAT AGC TCG AAA TCC ACA GCG TCG ACC ACG ACC ACC ACC ACC ACC TCC GCC --- ACC ACG ACT GTG ATG AGA AGG AAG AAC GGC AGC AGC AGC AGT AGC AGC ATC AGC AAG AAA AAG AGG AGG AGG CAG AAG AGG AGC TGC ATG ATC ATC ATC ATC ATC ATT CTT ATC ATC ATC GTC GTT CTC ATG ATG ATG ATG CTG ATA ATG ATG CTG ATC ATC ATC ATT ATG ATC ATG ATT ATC CAC CAG CAG CAG CAG CAC CAC CAC CAG CAG CAG CAG CAA CAG CAG GAG CAG CAG CAG CAG GCG CAG CAG CAC CAC CCA CCG CCT CCA CCC CCG CCA CCC CCT CCG CCT CCC CCC CCT CCC CTG CCG CAA CCG TCC CCC CCC CCC CCC CAG CGA CGG CGG CGT CGG CGC CGC AAG AGA CGC CGG AGG CGA CGT CGC CGC CGG CTG CTG CTG CTG ATC CTC CTG CTC CTG CTC CTC CTG CTC CTC CTG CTG GTG CTG CTG CTG CTG CTG CTG CTG CTG CTC CTG CTG CTC CTT CTG CTG GAG GAC GAG GAA GAG GAG GAG GGC GAC GAT GAC GAC GAC GAC GAC GAC GAC GAC GAG GAC GAC GCA GAC GAG GAG GAG GAA GAG CAG GAG GGG GAG GAG GAG GAG GAG GAT GGC GCA GAG GAA GAG GAT GAC GAG GAC GAC GAT GAC AAT AAT GAC GAC GCC TCC TCG GCG GCA GCC GCG TCC ACC GCC GCC GCC GCC AGC GCT GCC GCC GCA GCC GCT GCC GCC GCC AAG ACA GCG GCG GCC GCC GCC GCA GCC GCC GGC GGA GGA GGG GAG GGC GGG GGG GGG GGG GCC GGC GGT GGC GGC GGG GGC GGC GGG GAG GGA GGG GGG GGC GGG GGC GGG GGG TCC GGG GGT GGT GGT GGT GGT GGC GTA GTG GTC CCC GTC GTC GTC CTG GTG ATC GTG GTG TTT GTG GTG GTG GTG GTG GCC TAC TAT TAC TAC TAC TAC TAT TAT TAC TTC TCA TTG CCG TCC TCT CCC TCC TCC TCA CCC ACT TCC TCC TCG TCT TCT TCT TGC TGC TGC TGG TGC TGT TGT TGC TGC TGT TTC TTC TTC TTC TTC TTC TTC TTT TTC TTT CTG CTG CTG TTG CTA CTG CTG CTG CTG CTG TTT TTT TTC TTT TTC
Rattus norvegicus                           --- AAG AAG AAG AAA AAA AAA AAC AAC AAT AAC AAC AGC AAT AAC AAC AAG AAG AAA AAG AAG AAA AAG AAG AAG AAG AAG AAG AAG AAG AAG AAG AAC AAT AAC AAC AAT ACA ACA ACC ACA GCA ACA ACA ACA ACA ACC ACC ACC ACC ACC ACC GTG ACC ACT ACT ACT GCT AGA AGA AGG AGC AGT AGC AGC AGC AAC AGC AGC AGC AGC AGA AGG AGG AGA AGG AGG CGG AGG AGG AGC AGT ATA ATC ATC ATC ATT ATT ATC ATC ATC ATC ATC ATC ATC ATC ATG ATG ATG ATG ATG ATG ATG ATG CTG ATC ATT ATT ATT ATC ATT ATC ATT ATC CAG CAG CAG CAA CAG CAC CAC CAC CAG CAG CAA CAG CAG CAG CAG CAG CAG CAG CAG CAA CAG CAG CAG CAT CAT CCA CCA CCA CCA CCA CCA CCA CCA CCG CCG CCA CCC CCC CCC CCC CTC CCC CCC CCG CCT CCC CCC CCT CCT CGA CGA CGA CGA CGA CGC CGC CGC CGG CGG CGA CGG CGG CGA AGG CGT CGT CGC CTG CTC CTG CTC TTC CTC CTC CTC CTG ATC CTC CTG CTC CTC CTG CTG CTG CTG CTG CTG CTG CTA CTG CTG TTG CTA CTG CTG CTA CTT CTT CTT GAA GAA GAA GAA GAA GAA GAG GGA GAC GAC GAC GAC GAC GAT GAT GAC GAC GAC GAC GAC GAC GAC GAC GAG GAA GAC GAA GAG GAG GAG GAG GAG GAG GAG GAG GAG GAG GAG GAG GAG GAA GAG GAT GAT GAG GAT GAT GAT GAT GAC GAT GAC GAC GCG GCA CCA GCA GCA GCT GCA GCC GCC GCC GCC GCC GCC GCC GCC GCC GCT GCC GCC GCC GCC GCC GCC GCC GCA GCA GCG GGC GCT GCT GCC GCC GCG GGA GGA GGA GGG GGA GGA GGA GGG GGC GGG GGC GGC GGC GGC GGG GGT GGC GGC GGG GGG GGG GGG GGG GGG GGG GGG GGG GGA GGT GGT GGT GGT GGT GGT GGT GGC GTA GTG GTC GTC GTC GTC GTC GTG GTG GTA GTG GTG GTG GTG GTG GTC GTG GTT GTT TAC TAC TAC TAC TAT TAT TAC TAT TAT TAC TCA TCG CCG TCC TCC TCC TCC TCC TCA TCT TCC TCT TCT TCC TCT TCT TCT TGC TGC TGC TGG TGT TGT TGT TGC TGT TGT TTC TTC TTC TTC TTC TTC TTT TTC TTC TTC CTG CTA TTG TTG CTG CTA CTG TTA TTG TTG TTT TTC TTT TTT TTC
Bos taurus                                  --- AAG AAG CGC AGA AAA AAA AAC AAT AAC AAC ACC AGC CAC AGC AAT AAG CGG AAG AAG AAG AAG AAA AAG AGG ACC AAG AAG AAG CGG AAG AAG AAC AAC AAC GAC ACC TCA CAG GGC ACG GCA ACC ACG ACG GTC TCC ACC ACG ACC TCT ACG GGG ACC ACG ACC --- GCC AGA CGG CAG AGC GGC AGC AGC AGC GGC GAC AGC GCG AGC CGG AGG CGG CGG AGG CGG CGG AAG AGG AGC AGC ATG ATC CTC GTC ATC ATT ATC ATC CTG GTC GTC GTC CTT ATC ATG ATG ATG ATG CTG ACG ATG ATG CTG ATT ATC ATT ATC ATG ATC ACC ATC ATC CAG CAG CAG CAG CAG CAC CAC CAC CAG CAG CAG CAG CAG CAG CCG GCG CAG CGG GGG CAG GCA CAG CAG CAC CAC CCG CCG --- CCA CCC CCT CCA CCC CCC CCA CCC CCC CCC CCC CCC CTG CCG CCG CCT CCC CCT GCG CCG CCC CTG CGA CGC CGG CGT AAC CGC CGG AAG CGG CGT CGG CGC CGG CGC CGA CGG AGG CTG TTG CTG GTG GTC CTC CTG CTC CTG CTG CTC CTG CTC CTC CTG CTG ATG CTG CTG CTG CGG CTC CTA CTG CTG CTC CTG CTG CTC CTT CTG TTG GAG GCA GAG GAG GAG GCG GAG GAC GCC GAT GAC GAG GAC GAC GAT GAA GAC GAG GAC GAC GAT CAC GAC GAG GAG GAG GAG GGC GCG CAG CAG GAG CAG GAG GAA GAG GAC GAG GCG CAG GAA GAG GAC GAT GAC GAC GAT GAT GAC GAT GAC GAT GAC ACG GCA CCC GCG GCG GCC GCC TCC GCC GCC GCC GCG GCC GCC GCT GCC GCG GCA GCC GCG GCC GCC GCC GGG GCG GCC GCC GCC GCC GCC GCC GCC GCG GGC GGA GGG GGG GGC GCG GGG GGC GAG GGG GCC GGC GGC GGC GGG GGG GGC GGC GGG --- GGG GGC GGG GGG GGG GGC GGT GGG GCG GGC GGG GGT GGC GGT GGG GGG GTG GTA ATC CCC GTC GTC GTG GGG GTG ATT GTC GTG GCC GTA GTG GTG GTG GTG GCC TAC TAC TAC TTC TAT TAC TAT TAC TAT TTC GAG CTG CAG TCC TCC CCC TCC TCT TCG GCC TCG TCC TCC TTC TCA TCC TCT TGC TGC TGC TGG TGC TGC TGT TGC TGT TGC TTC TTC TTC TTT TTC TTT TTC TTC TTC TTC CTG CTC CTC CTG CTG CTG CTG CTG CTA CTG TTT TTT TTC TTC TTC



    1    1    1    1    1    1    1    2    1    1    1    1    1    1    1
    1    1    1    1    7    1    1    1   13    2    1    1    1    1    1
    1    1    2    1    1    1    1    1    1    1    1    1    1    2    1
    1    1    3    1    1    1    1    1    1    2    1    1    1    1    1
    1    1    1    1    1    2    1    1    1    1    1    1    1    1    1
    1    2    1    1    1    1    1    1    3    1    2    1    2    1    1
    1    1    1    1    1    1    1    6    1    1    1    1    1    1    1
    1    1    1    1    1    1    1    1    1    1    1    1    1    1    2
    1    1    1    1    1    7    1    2    1    1    1    1    1    1    1
    1    1    1    1    1    1    1    1    1    1    1    1    1    1    1
    1    3    1    2    1    1    1    1    1    1    1    1    1    1    1
    1    1    1    1    1    1    1    1    1    1    1    1    1    1    1
    1    1    1    1    1    1    1    1    2    1    1    5    1    1    1
    1    1    1    1    1    1    1    1    1    7    1    1    1    3    1
    1    1    1    1    1    1    2    2    1    2    1    1    1    1    1
   10    1    1    1    2    1    1    3    2    1    1    1    1    1    1
    1    1    1    1    2    1    1    1   14    1    1    1    1    1    1
    1    1    1    1    1    1    1    1    1    1    1    1    1    1    1
    1    1    1    1    1    1    1    1    1    1    1    5    1    1    3
    1    2    1    1    1    1    1    1    1    1    1    1    1    1    1
    2    1    1    1    1    1    1    1    1    1    1    1    3    1    1
    3    2    1    1    1    1    2    1    1    1    1    1    1    1    1
    1    1    1    1    1    1    1    1    1    2    1    1    1    1    1
    1    2    1    1    7    1    1    1    1    5    1    4    1    1    2
    1    2    1    1    1    1    1    1    1    1    2    1    1    1    1
    1    1    1    1    1    1    1    2    1    7    1    1    1    1    1
    1    2    1    1    1   10    1    3    2    2    2    1    1    1    1
    1    1    1    1    1    3    1    1    1    4    1

CODONML (in paml version 4.4b, July 2010)  torun.nuc
Model: One dN/dS ratio for branches Global clock 
Codon frequency model: F3x4
ns =   5  ls = 565

Codon usage in sequences
--------------------------------------------------------------------------------------------------
Phe TTT  8  6 11  9  4 | Ser TCT  8  6  4  6  3 | Tyr TAT  7 10  4  6  3 | Cys TGT  6  7  3  5  2
    TTC 25 25 24 25 32 |     TCC  6 10 12  8  9 |     TAC 12 14 14 13 14 |     TGC  4  7  8  5  8
Leu TTA  0  0  0  1  0 |     TCA  3  4  2  2  2 | *** TAA  0  0  0  0  0 | *** TGA  0  0  0  0  0
    TTG 12  4  2  7  2 |     TCG  1  0  4  1  2 |     TAG  0  0  0  0  0 | Trp TGG  7  7  7  7  7
--------------------------------------------------------------------------------------------------
Leu CTT  4  2  2  3  2 | Pro CCT  5  2  4  3  3 | His CAT  2  3  0  2  0 | Arg CGT  3  3  2  2  2
    CTC 16  8 14 14 16 |     CCC  8 11 15 11 16 |     CAC  4  6  8  4  8 |     CGC  3  7  5  4  5
    CTA  3  5  1  5  2 |     CCA 11  3  3 10  3 | Gln CAA  5  2  3  3  0 |     CGA  5  3  2  7  2
    CTG 22 32 44 27 39 |     CCG  3 10  6  4  6 |     CAG 22 15 26 24 29 |     CGG  7  3  5  5 17
--------------------------------------------------------------------------------------------------
Ile ATT  9  2  3  8  5 | Thr ACT  6  6  2  4  0 | Asn AAT  6  8  4  4  2 | Ser AGT  2  0  1  2  0
    ATC 17 25 20 19 13 |     ACC  7  9 11 10 11 |     AAC 10 13 10 12  9 |     AGC 11  6 12 11 11
    ATA  1  0  1  1  0 |     ACA 10  3  2  8  0 | Lys AAA  6 17  8  5  3 | Arg AGA  3  3  2  4  2
Met ATG 14 10 15 13 14 |     ACG  2  9  3  0 10 |     AAG 35 31 39 36 33 |     AGG 10 11  7  9  6
--------------------------------------------------------------------------------------------------
Val GTT  2  3  1  2  0 | Ala GCT  5  9  2  5  1 | Asp GAT 11 16  5  9  9 | Gly GGT  8  5  6  8  3
    GTC  6 12  6  7 11 |     GCC 23 17 27 25 32 |     GAC 28 19 32 30 29 |     GGC 15 15 18 14 21
    GTA  2  1  1  2  2 |     GCA  7  2  5  7  5 | Glu GAA 11  7  4 11  3 |     GGA  9 13  4  9  2
    GTG 17 18 18 17 16 |     GCG  5  9  6  3 15 |     GAG 33 42 38 32 35 |     GGG 11  7 15 14 20
--------------------------------------------------------------------------------------------------

Codon position x base (3x4) table for each sequence.

#1: Mus musculus   
position  1:    T:0.17553    C:0.21809    A:0.26418    G:0.34220
position  2:    T:0.28014    C:0.19504    A:0.34043    G:0.18440
position  3:    T:0.16312    C:0.34574    A:0.13475    G:0.35638
Average         T:0.20626    C:0.25296    A:0.24645    G:0.29433

#2: Danio rerio    
position  1:    T:0.17762    C:0.20426    A:0.27176    G:0.34636
position  2:    T:0.27176    C:0.19538    A:0.36057    G:0.17229
position  3:    T:0.15631    C:0.36234    A:0.11190    G:0.36945
Average         T:0.20189    C:0.25400    A:0.24808    G:0.29603

#3: Homo sapiens   
position  1:    T:0.16874    C:0.24867    A:0.24867    G:0.33393
position  2:    T:0.28952    C:0.19183    A:0.34636    G:0.17229
position  3:    T:0.09591    C:0.41918    A:0.06750    G:0.41741
Average         T:0.18472    C:0.28656    A:0.22084    G:0.30787

#4: Rattus norvegicus
position  1:    T:0.16844    C:0.22695    A:0.25887    G:0.34574
position  2:    T:0.28369    C:0.18972    A:0.33865    G:0.18794
position  3:    T:0.13830    C:0.37589    A:0.13298    G:0.35284
Average         T:0.19681    C:0.26418    A:0.24350    G:0.29551

#5: Bos taurus     
position  1:    T:0.15686    C:0.26738    A:0.21212    G:0.36364
position  2:    T:0.28164    C:0.21034    A:0.31551    G:0.19251
position  3:    T:0.06952    C:0.43672    A:0.04635    G:0.44742
Average         T:0.16934    C:0.30481    A:0.19133    G:0.33452

Sums of codon usage counts
------------------------------------------------------------------------------
Phe F TTT      38 | Ser S TCT      27 | Tyr Y TAT      30 | Cys C TGT      23
      TTC     131 |       TCC      45 |       TAC      67 |       TGC      32
Leu L TTA       1 |       TCA      13 | *** * TAA       0 | *** * TGA       0
      TTG      27 |       TCG       8 |       TAG       0 | Trp W TGG      35
------------------------------------------------------------------------------
Leu L CTT      13 | Pro P CCT      17 | His H CAT       7 | Arg R CGT      12
      CTC      68 |       CCC      61 |       CAC      30 |       CGC      24
      CTA      16 |       CCA      30 | Gln Q CAA      13 |       CGA      19
      CTG     164 |       CCG      29 |       CAG     116 |       CGG      37
------------------------------------------------------------------------------
Ile I ATT      27 | Thr T ACT      18 | Asn N AAT      24 | Ser S AGT       5
      ATC      94 |       ACC      48 |       AAC      54 |       AGC      51
      ATA       3 |       ACA      23 | Lys K AAA      39 | Arg R AGA      14
Met M ATG      66 |       ACG      24 |       AAG     174 |       AGG      43
------------------------------------------------------------------------------
Val V GTT       8 | Ala A GCT      22 | Asp D GAT      50 | Gly G GGT      30
      GTC      42 |       GCC     124 |       GAC     138 |       GGC      83
      GTA       8 |       GCA      26 | Glu E GAA      36 |       GGA      37
      GTG      86 |       GCG      38 |       GAG     180 |       GGG      67
------------------------------------------------------------------------------

(Ambiguity data are not used in the counts.)


Codon position x base (3x4) table, overall

position  1:    T:0.16945    C:0.23304    A:0.25115    G:0.34636
position  2:    T:0.28135    C:0.19645    A:0.34032    G:0.18188
position  3:    T:0.12469    C:0.38792    A:0.09876    G:0.38863
Average         T:0.19183    C:0.27247    A:0.23008    G:0.30562

Codon frequencies under model, for use in evolver (TTT TTC TTA TTG ... GGG):
  0.00613563  0.01908862  0.00485956  0.01912358
  0.00428409  0.01332829  0.00339310  0.01335270
  0.00742163  0.02308951  0.00000000  0.00000000
  0.00396647  0.01234011  0.00000000  0.01236272
  0.00843809  0.02625185  0.00668316  0.02629993
  0.00589175  0.01832989  0.00466640  0.01836346
  0.01020668  0.03175413  0.00808393  0.03181229
  0.00545493  0.01697089  0.00432043  0.01700197
  0.00909410  0.02829277  0.00720274  0.02834459
  0.00634980  0.01975493  0.00502918  0.01979111
  0.01100019  0.03422282  0.00871240  0.03428550
  0.00587902  0.01829027  0.00465632  0.01832377
  0.01254137  0.03901761  0.00993305  0.03908907
  0.00875679  0.02724336  0.00693558  0.02729325
  0.01517000  0.04719554  0.01201498  0.04728198
  0.00810756  0.02522351  0.00642137  0.02526970



Nei & Gojobori 1986. dN/dS (dN, dS)
(Pairwise deletion)
(Note: This matrix is not used in later ML. analysis.
Use runmode = -2 for ML pairwise comparison.)

Mus musculus        
Danio rerio          0.1657 (0.2599 1.5691)
Homo sapiens         0.1040 (0.0737 0.7084) 0.1941 (0.2559 1.3188)
Rattus norvegicus    0.0377 (0.0124 0.3286) 0.1469 (0.2647 1.8018) 0.1146 (0.0724 0.6317)
Bos taurus           0.1100 (0.0979 0.8898) 0.2322 (0.2539 1.0936) 0.1847 (0.0992 0.5369) 0.1228 (0.0966 0.7869)


TREE #  1:  (((3, (1, 4)), 5), 2);   MP score: -1
lnL(ntime:  4  np:  6):  -5640.305253      +0.000000
   6..7     7..8     8..3     8..9     9..1     9..4     7..5     6..2  
 1.504911 0.520933 0.381655 0.117722 2.376701 0.058692
SEs for parameters:
 0.117983 0.029846 0.023388 0.011499 0.216001 0.004974

tree length =   4.03013

(((3: 0.381655, (1: 0.117722, 4: 0.117722): 0.263933): 0.139278, 5: 0.520933): 0.983978, 2: 1.504911);

(((Homo sapiens: 0.381655, (Mus musculus: 0.117722, Rattus norvegicus: 0.117722): 0.263933): 0.139278, Bos taurus: 0.520933): 0.983978, Danio rerio: 1.504911);

Detailed output identifying parameters

kappa (ts/tv) =  2.37670

omega (dN/dS) =  0.05869

dN & dS for each branch

 branch          t       N       S   dN/dS      dN      dS  N*dN  S*dS

   6..7      0.984  1367.5   327.5  0.0587  0.0800  1.3634 109.4 446.5
   7..8      0.139  1367.5   327.5  0.0587  0.0113  0.1930  15.5  63.2
   8..3      0.382  1367.5   327.5  0.0587  0.0310  0.5288  42.4 173.2
   8..9      0.264  1367.5   327.5  0.0587  0.0215  0.3657  29.4 119.8
   9..1      0.118  1367.5   327.5  0.0587  0.0096  0.1631  13.1  53.4
   9..4      0.118  1367.5   327.5  0.0587  0.0096  0.1631  13.1  53.4
   7..5      0.521  1367.5   327.5  0.0587  0.0424  0.7218  57.9 236.4
   6..2      1.505  1367.5   327.5  0.0587  0.1224  2.0852 167.4 682.9

tree length for dN:       0.3277
tree length for dS:       5.5841


Time used:  0:05
