
seed used = 1418845457
      5   1695

Mus musculus                               ATG GAT TTC GGG TCC TTG GAG ACC GTG GTG GCC AAC TCT GCC TTC ATC GCT GCC CGG GGC AGT TTT GAC GGA AGC AGC ACA CCG TCT TCC --- CGA GAC AAG AAA TAT CTG GCC AAG CTC CGG TTG CCC CCA CTG TCC AAG TGT GAG GGT CTC CGT GAC AAC CTC AGC TTG GAG TTT GAG AGC CTG TGC TCA GAG CAA CCC ATC GGC AAG AGG CTC TTC CAA CAG TTC TTG AAG ACA GAC GAG AGA CAT GTG CCA GCT CTG GAG CTC TGG AAG GAC ATT GAG GAC TAT GAC ACT GCT GAT GAT GAC CTG AGG CCA CAG AAG GCA CAA GCC ATC CTG GCT GAG TAC CTG GAC CCA CAG GGC ACA CTC TTC TGC AAC TTT CTG GAC CAG GGC ATG GTG ACA AGG GTG AAA GAA GGG CCA ACT GGG AGC CAG GAC GGC CTC TTC CAG CCT TTG CTC CAG GCC ACA ATG GAG CAC TTG AGC CAG GCG CCC TTC CAG GAG TAC CTA GAA AGC TTG TAT TTC CTG CGG TTT CTT CAG TGG AAG TGG TTG GAA GCC CAG CCC ATA GGT GAA GAC TGG TTC TTG GAC TTC AGG GTC CTG GGA AAG GGG GGC TTC GGG GAA GTG TCT GCC TGT CAG ATG AAG GCG ACT GGC AAG ATG TAT GCC TGC AAG AAG CTC AAC AAG AAA CGG CTG AAG AAG AGG AAG GGC TAC CAG GGC GCC ATT GTT GAG AAG AGG ATT CTG ACT AAA GTA CAC AGC AGG TTC ATT GTG TCT CTG GCC TAT GCG TTC GAG ACC AAG ACG GAC CTC TGT CTG GTG ATG ACC ATC ATG AAC GGA GGT GAC GTG AGG TAC CAC ATC TAC AAT GTG GAT GAG GAT AAC CCC GGC TTC TCA GAA CCA CGG GCC ATC TAT TAC ACA GCA CAG ATC ATC AGT GGC CTG GAG CAC CTG CAT CAG AGA CGC ATT GTC TAC CGT GAC CTC AAG CCA GAG AAT GTG CTA TTG GAC AAT GAT GGC AAT ATC CGA ATT TCT GAC CTT GGA CTG GCT GTG GAG CTG AAG GAA GGG CAG AAT AAG ACC AAG GGC TAC GCA GGG ACC CCA GGT TTC ATG GCC CCT GAG CTC CTG CGA GGT GAA GAA TAC GAC TTC TCT GTG GAC TAC TTT GCC CTG GGG GTC ACA TTG TAC GAG ATG ATC GCA GCC AGA GGA CCC TTC CGA GCC CGA GGA GAG AAG GTA GAG AAC AAG GAG CTT AAG CAA CGT ATC ATC TCA GAG CCT GTG AAG TAC CCA GAG AAG TTC AGC CAG GCC AGC AAG GAC TTC TGT GAG CAG CTG TTG GAG AAG GAC CCG GAG AAG CGC CTG GGC TTC CGG GAT GGA ACC TGT GAT GCG CTT CGG GCA AAC GTC CTC TTC AAA GAT ATC AGC TGG AGG CAG CTC GAA GCC GGG ATG CCC ATT CCT CCA TTC ATC CCA GAC TCT AGG ACT GTC TAT GCC AAG AAC ATT CAG GAC GTG GGT GCC TTT TCC ACA GTC AAG GGT GTG GTT TTT GAC AAA GCG GAC ACA GAG TTC TTC CAA GAA TTC GCC TCT GGC AAC TGC TCC ATT CCC TGG CAG GAG GAG ATG ATC GAG ACT GGG CTC TTT GGG GAC CTA AAT GTG TGG CGC GCA GAT GGT CAG ATG CCG GAT GAC ATG AAG GGA ATC ACC ACG GAG GAG GCA GCC CCT ACA GCC AAG TCG GGA ATG TGT CTC ATC TCC 
Danio rerio                                ATG GAC ATC GGC GGC CTC ACC ACG GTG GTG GCC AAC TCT GCC TAC ATC TCC GCC CGC GGC AGC TTC GAT GGC ACG GCC AAC CCG GCG TCC AAC CGA GAC AAG AAA TAC CAC TCC AAG CTG AAG CTG CCG CAC ATC ACG GTC TGC GAA GAT CTC CGA GAA ACC CTG GAT CTG CAG TTC AGG AGC ATC TGT GTG GAG CAA CCC ATC GGG AAG AGG CTT TTT CAG GAG TAT CTG GAG ACC GCC AAT GAA TAC AAG GGC CCC TGC CGC CTG TGG AGG GAC GTA GAG GAA TAC GAC ACG GCC GAG GAT AAA GAC CGC ACT CAG AAA GCT GCG AAA ATC CTC CAG CGC TAC ATG GAG CCC TCA GCC AAA CAC TTC TGC CCG TTT CTA CCA GAG AAT GGC ATC ACC AAA GTC AAG GAG CGG CAT CAG GAG GCG GCG GAC GAC CTG TTC GTG GAG ATC CTG GCC TGC GTC TTT GAT TTC CTC AAG GAG GTG CCC TTC ACT TTC TAT CTA GAG ACC ATG TAC TTT AAG CGC TTC TTG CAG TGG AAG TGG CTG GAG ATG CAG CCG GTG GCC GAG GAC TGG TTC CTG GAC TTC CGT GTT TTG GGA AAA GGA GGA TTC GGA GAA GTT TCT GCT TGT CAG ATG AGG GCC ACG GGG AAG CTG TAC GCC TGC AAG AAA CTC AAC AAG AAG AGG CTG AAG AAG AGG AAA GGC TAT GAG GGA GCG ATG GTG GAG AAG CGT ATC CTG GCT CGT GTC CAC AGC AGG TTT ATC GTG TCT CTG GCC TAC GCC TTC CAG ACC AAA ACT GAG CTG TGT CTG GTG ATG ACC ATC ATG AAC GGA GGA GAC CTC AGG TAC CAC ATC TAT AAC GTG GAT GAG AAT AAC CCC GGC TTC TCT GAG CCC AGA GCC TGT TAT TAC GCC GCT CAG ATC ATC CAG GGC CTG GAG CAT CTG CAC CAG AAG AAG ATC ATC TAC AGA GAC CTC AAG CCG GAG AAC GTG CTG CTG GAT AAT GAA GGT AAC GTC AGG ATC TCT GAC CTG GGC TTG GCT GTT GAA CTG GCA GAC GGA CAG GAG AAA ACC AAA GGT TAT GCT GGA ACT CCA GGG TTC ATG GCG CCG GAG CTG TTG AAG GGT GAG GAG TAT GAT TAT TCA GTG GAT TAC TTC ACT CTG GGG GTC ACG CTG TAC GAG TTC ATC GCC GCT AAA GGA CCC TTC AGG ACT CGA GGA GAG AAG GTG GAG AAT AAA GAG GTG AAG AAG CGG ATC CTG AAT GAC CCG GTC ACA TAT TCA GAG AAG TTC AGC GAG AAC GCT AAG TCC ATC TGC GAG GGT CTG CTG GCC AAA GAG GTG GAC AAG AGA CTG GGC TTC AAG AAC GGC ACA TGT GAT GAG ATC CGC ACA CAT CCC TTC TTC AGC CAA CTC AAC TGG AGG AAA CTA GAC GCA GGT ATT CTT CCT CCT CCG TTC GTC CCG GAC TCT AAG ACG GTC TAT GCG AAG GAT CTA GAT GAC GTG GGC GCG TTC TCC ACG GTG AAG GGC GTC TGT CTG GAG GAT GAT GAT AAG TGT TTC TTC GAT GAG TTT GCG TCA GGG AAT ATC TCC ATT CCA TGG CAG GAG GAG ATG ATC GAG ACG GGG ATC TAC GGC GAG CTG AAC GTC TGG GGG CCC GGA GGA GCT GTG CCC AAT GAC CTG CGC CGG GAG TCC ATC CTA GAG CAG CCG CCC --- --- AAA TCC TCC ACC TGC AGC GTC TCC 
Homo sapiens                               ATG GAT TTC GGG TCT TTG GAG ACC GTG GTG GCC AAC TCT GCC TTC ATC GCC GCC CGA GGC AGC TTT GAC GGC AGC AGC TCC CAA CCC TCC --- CGG GAC AAG AAG TAC CTG GCC AAG CTC AAG CTG CCC CCG CTG TCC AAG TGT GAG TCC CTC CGC GAC AGC CTC AGC CTG GAG TTT GAG AGT GTG TGC TTG GAG CAG CCC ATC GGC AAG AAG CTC TTT CAG CAG TTC CTA CAA TCG GCA GAG AAG CAC CTG CCG GCC CTG GAG CTC TGG AAA GAC ATC GAG GAC TAT GAC ACG GCA GAC AAT GAC CTC CAG CCA CAG AAG GCC CAG ACC ATC CTG GCC CAG TAC CTG GAC CCC CAG GCC AAA CTC TTC TGC AGC TTC CTG GAT GAG GGG ATA GTG GCG AAG TTT AAG GAG GGG CCT GTG GAG ATC CAG GAC GGG CTC TTC CAG CCC CTG CTG CAG GCC ACC CTG GCA CAC CTG GGC CAA GCC CCC TTC CAG GAG TAC CTG GGC AGC CTG TAC TTC CTG AGG TTC CTG CAG TGG AAG TGG CTG GAA GCC CAG CCC ATG GGG GAG GAC TGG TTC CTG GAC TTC AGG GTC CTG GGG AAA GGG GGC TTC GGG GAG GTG TCG GCC TGC CAG ATG AAG GCG ACC GGC AAG CTG TAT GCC TGC AAG AAG CTG AAC AAG AAG CGG CTG AAG AAG AGG AAG GGC TAC CAG GGT GCT ATG GTG GAG AAG AAG ATT CTG ATG AAA GTA CAC AGC AGG TTC ATC GTG TCT CTG GCC TAT GCG TTT GAA ACC AAA GCC GAC CTC TGT CTG GTG ATG ACC ATC ATG AAC GGA GGT GAC ATC AGG TAC CAC ATC TAC AAC GTG AAT GAG GAG AAC CCT GGC TTC CCG GAG CCG CGC GCC CTC TTC TAC ACG GCG CAG ATC ATC TGC GGC CTG GAG CAC CTG CAC CAG AGG CGG ATC GTC TAC CGC GAC CTC AAG CCC GAG AAC GTG CTG CTG GAC AAT GAC GGC AAT GTC CGG ATC TCT GAC CTT GGG CTG GCC GTG GAG CTG CTG GAC GGA CAG AGC AAG ACC AAG GGC TAC GCA GGG ACC CCA GGT TTC ATG GCC CCC GAG CTC CTG CAG GGC GAG GAG TAC GAC TTC TCC GTG GAC TAC TTT GCC CTG GGG GTC ACC CTG TAT GAG ATG ATT GCG GCC AGA GGA CCC TTC CGA GCC CGT GGA GAG AAG GTG GAG AAC AAG GAG CTG AAG CAC CGG ATC ATC TCA GAG CCC GTG AAG TAC CCT GAT AAG TTC AGC CAG GCC AGC AAG GAC TTC TGC GAG GCG CTG CTG GAG AAG GAC CCG GAG AAG CGC CTG GGG TTC AGA GAT GAG ACC TGC GAC AAG CTC CGT GCC CAC CCC CTC TTC AAG GAC CTT AAC TGG AGG CAG CTG GAG GCT GGG ATG CTG ATG CCC CCT TTC ATC CCA GAC TCC AAA ACT GTC TAC GCA AAG GAT ATT CAG GAC GTG GGT GCC TTT TCC ACC GTC AAA GGT GTG GCC TTT GAC AAA ACA GAC ACA GAA TTC TTT CAG GAA TTT GCC ACT GGC AAC TGC CCC ATC CCC TGG CAG GAG GAG ATG ATC GAG ACG GGC ATC TTT GGC GAG CTG AAC GTG TGG CGC TCG GAC GGT CAG ATG CCG GAC GAC ATG AAG GGC ATC TCC --- GGG GGC TCC AGC TCC TCG TCC AAG TCA GGG ATG TGT CTG GTT TCC 
Rattus norvegicus                          ATG GAT TTC GGG TCC TTG GAA ACC GTG GTG GCC AAC TCT GCC TTC ATT GCG GCC CGA GGC AGC TTT GAC GGA AGC AGC ACC CCC TCT TCC --- CGA GAC AAG AAG TAT CTG GCC AAG CTC CGG TTG CCC CCA CTG TCC AAG TGT GAG GGT CTC CGT GAC AGC ATC AGC CTA GAG TTT GAC AAC CTG TGC TCG GAG CAG CCC ATT GGC AAG AGG CTC TTC CAG CAG TTC CTG AAG ACA GAC GAG AGG CAT GTG CCG GCT CTG GAG CTC TGG AAG GAC ATC GAG GAC TAT GAC ACT GCC GAT GAC GAC CTA CGG CCA CAG AAG GCT CAG GCC ATC CTG GCT GAG TAC CTG GAC CCA CAG GGC ACA CTC TTC TGC AAC TTC CTG GAC CAG GGC ATG GTG GCA AGA GTG AAG GAA GGG CCA ACT GGG AGC CAG GAT GGG CTC TTC CAG CCT CTG CTG CAG GCC ACA CTG GAG CAC TTG AGT CAG GGC CCC TTC CAG GAG TAC CTG GGA AGC CTA TAT TTC CTG CGG TTT CTT CAG TGG AAG TGG TTG GAA GCC CAG CCC ATA GGT GAA GAC TGG TTT TTG GAC TTC AGG GTC CTG GGG AAG GGG GGC TTT GGG GAA GTG TCC GCC TGC CAA ATG AAG GCG ACC GGC AAG ATG TAC GCT TGC AAG AAG CTG AAC AAG AAG CGG CTG AAG AAG AGG AAG GGG TAC CAG GGC GCC ATC GTT GAG AAG AGG ATT CTA GCT AAA GTA CAC AGC AGG TTC ATC GTG TCT CTG GCC TAT GCA TTC GAA ACC AAG ACC GAC CTC TGT CTG GTG ATG ACC ATC ATG AAT GGA GGT GAC GTA AGG TAC CAC ATC TAC AAT GTG GAT GAG GAG AAC CCC GGC TTT CCG GAG CCA CGA GCC ATC TAC TAC ACA GCA CAG ATC ATC AGT GGC CTG GAG CAC CTG CAT CAG AGA CGC ATT GTC TAC CGT GAC CTC AAG CCA GAG AAC GTG CTG CTG GAC AAC GAT GGC AAC ATC CGA ATT TCT GAC CTT GGA CTG GCC GTC GAG TTG AAG GAA GGG CAG AAT AAG ACC AAG GGC TAT GCA GGG ACC CCA GGT TTC ATG GCC CCC GAG CTC CTG CGA GGC GAA GAG TAC GAC TTC TCT GTG GAC TAC TTT GCC CTG GGG GTC ACA TTG TAC GAG ATG ATC GCA GCC AGA GGA CCC TTC CGA GCC CGA GGA GAG AAG GTG GAG AAC AAG GAG CTT AAA CAG CGC ATC ATC TCA GAG CCC GTG AAG TAC CCA GAG AAG TTC AGC CAG GCC AGC AAG GAC TTC TGT GAG CAG CTG TTA GAG AAG GAC CCG GAG AAG CGC CTG GGT TTC CGG GAT GGA ACC TGT GAC GCC CTA AGG GCG AAT GTC CTC TTC AAA GAT ATC AGC TGG AGA CAG CTC GAA GCC GGA ATG CTC ATC CCT CCG TTC ATC CCA GAC TCT AGG ACT GTC TAT GCC AAG AAC ATT CAG GAT GTG GGT GCC TTT TCC ACA GTC AAG GGT GTG GTT TTT GAC AAA GCA GAC ACA GAA TTC TTC CAA GAA TTC GCC TCC GGC AAC TGC TCC ATT CCC TGG CAG GAG GAG ATG ATT GAG ACT GGG TTC TTC GGG GAC CTC AAC GTG TGG CGC CCA GAC GGT CAA ATG CCC GAT GAC ATG AAG GGA ATC ACC GTG GAG GAG GCA GCC CCT ACA GCC AAA TCA GGG ATG TGT CTC ATC TCC 
Bos taurus                                 ATG GAT TTC GGG TCC CTG GAG ACG GTG GTG GCC AAT TCA GCC TTC ATT GCG GCC CGG GGC AGC TTC GAT GCG AGC AGC GGC CCG GCC TCT --- CGG GAC AGG AAG TAC CTG GCC AGG CTC AAG CTG CCC CCG CTG TCC AAG TGC GAG GCG CTC CGG GAG AGC CTG GAC CTG GGC TTC GAG GGC ATG TGC CTG GAG CAG CCC ATT GGC AAG CGG CTC TTC CAG CAG TTC CTG CGG ACC CAC GAG CAG CAC GGG CCA GCC CTG CAG CTC TGG AAG GAC ATC GAG GAC TAC GAC ACG GCC GAC GAT GCC CTC CGG CCG CAG AAG GCC CAG GCC CTC CGG GCC GCG TAC CTG GAG CCC CAG GCC CAG CTC TTC TGC AGC TTC CTG GAT GCG GAG ACG GTG GCA CGG GCC CGC GCG GGG --- --- --- GCG GGG GAC GGG CTC TTC CAG CCC CTG CTG CGG GCC GTC CTG GCG CAC CTC GGC CAG GCC CCC TTC CAG GAG TTC CTG GAC AGC CTC TAC TTC CTG CGC TTC TTG CAG TGG AAG TGG CTG GAG GCC CAG CCC ATG GGC GAG GAC TGG TTC CTA GAC TTC AGG GTG CTG GGG CGG GGC GGC TTC GGG GAG GTG TTC GCC TGC CAG ATG AAG GCC ACC GGC AAG CTG TAT GCG TGC AAG AAG CTG AAC AAG AAG CGG CTG AAG AAG CGG AAG GGG TAC CAG GGC GCG ATG GTG GAG AAG AAG ATC CTC GCC AAA GTG CAC AGC AGG TTC ATT GTG TCT CTG GCC TAC GCC TTC GAG ACC AAG ACG GAC CTC TGC CTA GTG ATG ACC ATC ATG AAC GGA GGT GAC ATT CGG TAC CAC ATC TAC AAC GTG GAC GAG GAC AAC CCC GGC TTC CAG GAG CCT CGT GCC ATC TTC TAC ACG GCC CAG ATC GTC AGC GGC CTG GAG CAC CTG CAC CAG CGG AAC ATC ATC TAC CGA GAC CTC AAG CCC GAG AAC GTG CTG CTG GAC GAC GAT GGC AAC GTC CGC ATT TCC GAC CTT GGG CTG GCC GTG GAG CTG AAG GCA GGG CAG ACC AAG ACC AAG GGC TAT GCG GGG ACC CCA GGG TTC ATG GCC CCT GAG CTC CTG CTG GGG GAG GAG TAC GAC TTT TCC GTA GAT TAC TTC GCG CTG GGT GTC ACG CTG TAC GAG ATG ATC GCG GCC AGA GGG CCC TTT CGA GCC CGT GGA GAG AAG GTA GAG AAC AAG GAA CTG AAG CAG AGG GTC CTG GAG CAG GCG GTC ACC TAC CCC GAC AAG TTC AGC CCG GCC AGC AAA GAC TTC TGC GAG GCA CTG CTG CAG AAG GAC CCT GAG AAG CGC CTG GGG TTC CGG GAC GGC TCC TGT GAT GGG CTC CGC ACG CAC CCC CTC TTC AGA GAC ATC AGC TGG CGG CAG CTG GAG GCT GGG ATG CTG ACC CCG CCC TTC GTC CCA GAC TCC AGG ACC GTC TAT GCA AAG AAT ATC CAG GAT GTG GGT GCC TTC TCC ACG GTC AAG GGC GTG GCC TTT GAA AAA GCG GAC ACG GAA TTC TTC CAG GAG TTC GCC TCG GGC ACC TGC CCC ATC CCC TGG CAG GAG GAG ATG ATC GAG ACG GGC GTC TTT GGG GAC TTG AAC GTG TGG CGG CCC GAC GGG CAG ATG CCG GAT GAC ATG AAG GGC GTC TCT GGG CAG GAG GCA GCC CCC TCA TCC AAG TCG GGC ATG TGT GTG CTT TCC 



Printing out site pattern counts


         5       1329  P G
G 2      158    285

Mus musculus                                AAA AAC AAG AAG AAG AAG AAG AAG AAT ACA ACA ACA ACA ACA ACC ACG ACT ACT AGA AGC AGC AGC AGC AGG AGG AGG ATA ATC ATC ATC ATC ATC ATG ATG ATG ATG ATG ATG ATT CAA CAA CAA CAC CAG CAG CAG CAG CAG CAG CAG CAG CAG CAG CAT CCA CCA CCA CCA CCC CCC CCG CCT CCT CGC CGG CTA CTA CTC CTC CTC CTC CTC CTC CTG CTG CTG CTG CTG CTG CTG CTT GAA GAA GAA GAA GAC GAC GAC GAC GAC GAC GAC GAC GAG GAG GAG GAG GAG GAG GAG GAG GAG GAT GAT GAT GAT GCA GCA GCA GCC GCC GCC GCC GCC GCG GCT GCT GCT GGA GGA GGC GGC GGC GGC GGG GGG GGG GGG GGT GGT GTG GTG GTG GTG TAC TAC TAT TAT TCA TCC TCG TGC TGC TGG TGT TTC TTC TTC TTC TTG TTG TTG TTG TTG TTT TTT TTT TTT --- AAA AAA AAA AAA AAA AAC AAC AAC AAC AAC AAC AAC AAC AAG AAG AAG AAG AAG AAG AAG AAG AAG AAG AAG AAG AAT AAT AAT AAT AAT ACA ACA ACA ACA ACC ACC ACC ACC ACG ACT ACT ACT AGA AGA AGC AGC AGC AGC AGC AGC AGG AGG AGG AGG AGG AGG AGT AGT ATC ATC ATC ATC ATC ATC ATC ATC ATC ATG ATG ATG ATG ATT ATT ATT ATT ATT ATT ATT ATT CAA CAA CAC CAC CAG CAG CAG CAG CAG CAG CAG CAT CCA CCA CCA CCA CCA CCA CCA CCC CCC CCC CCC CCC CCG CCG CCT CCT CCT CGA CGA CGA CGA CGA CGC CGC CGG CGG CGG CGG CGG CGG CGT CGT CGT CTA CTC CTC CTC CTC CTC CTC CTG CTG CTG CTG CTG CTG CTG CTT CTT CTT GAA GAA GAA GAA GAA GAA GAC GAC GAC GAC GAC GAC GAC GAC GAG GAG GAG GAG GAG GAG GAG GAG GAG GAG GAG GAT GAT GAT GAT GAT GAT GAT GCA GCA GCA GCA GCC GCC GCC GCC GCC GCC GCC GCC GCC GCC GCC GCG GCG GCG GCG GCT GCT GGA GGA GGA GGA GGA GGA GGC GGC GGC GGC GGC GGC GGC GGG GGG GGG GGG GGG GGG GGT GGT GGT GGT GGT GGT GTA GTA GTC GTC GTC GTC GTC GTG GTG GTG GTG GTG GTG GTG GTT GTT TAC TAC TAC TAC TAT TAT TAT TAT TAT TCA TCA TCC TCC TCC TCC TCC TCT TCT TCT TCT TCT TCT TCT TCT TGC TGC TGG TGT TGT TGT TGT TGT TTC TTC TTC TTC TTC TTC TTC TTC TTC TTG TTG TTG TTG TTG TTG TTT TTT
Danio rerio                                 AAG CCG AAA AAA AAG AGG CGC GAG AAC --- AAA ACC ACC GTC TCC ATC ACG CAG GAA AAG ACC AGC GCG AAA AGG CGC GTG ATC ATC ATC GAG GTC ACC ATG CTG GGC GTG TTT GTA CAA CAG GCG TTC ACT CAG GAG GAG GAG GCC GCG GCT GTG TCA TAC ACT CAT CCC GGC CCC CCG CCC CCC GAG GGG CGC CTA CTG AGC ATC CAC CTG CTG CTT AAG ATC ATG CTA CTC GAC TGC TTG GAG GAG GAG GAG AAA CCA GAA GAC GAC GAG GAG GCC AAT AGG CGC CGC CTA GAG GAG GAT TTC AAT GAG GAT GGA CAG CCC GCT --- AAA ATG CCG TGC GTG CAG CCC GCC CGG TCC AAT GAC GCC GGG CGG GAG GGC GGG GCC GGA AAG ATC GTC GTC TAC TAT TAC TAC GTG TCC TCC TGC TGT TGG TGC TAT TTC TTT TTT ATC ATG CTC CTG CTG TAC TTC TTC TTT AAC AAA AAG AGC CGT GAT AAC AAC AAC AAT AAT ACC CAT GAT AAA AAA AAA AAG AAG AAG AAG AAG ACA AGG GCA GTC AAC AAC AAC AAT GAG AAC AAG ACG GCC ACA ACC ACG ACT ACT ACG ACG GCT AAA AAG AAC ACG AGC GAT GCC GCT AAG AGG AGG AGG CGT CGT AGC CAG ATC ATC ATC ATC CTC CTG GTC GTC TGT ATG ATT CTG TTC ATC ATC ATC ATC ATG ATT CCT CTA AAG GAT CAC CAT AAA CAG CAG GAG GAG GAT GGT CAC CAC CCA CCC CCG CCG CCG TCA CCA CCC CCC CCG CTT CCG GTG CCG CCG CCT AAG AGG AGG CGA CGA AAG AGA AAG AAG AGA AGG CGC CGC AGA CGA CGG CTG CTA CTC CTC CTG CTG TTC ATC CAC CTG CTG CTG CTG TTG ATC CTG GTG GAA GAC GAC GAG GAG GAG GAA GAC GAC GAG GAG GAT GAT TCC ACC CAG CAG GAA GAC GAC GAG GAG GAG GCC TGT AAC AAT CAA GAA GAC GAT GAT ACA GCC GCT GCT AAC ACT ACT GCA GCC GCC GCG GCG GCG GCT TCC GAG GAT GCC GCC GCT TCC GGA GGA GGA GGC GGC GGC GGA GGA GGC GGC GGC GGG GGT GGA GGA GGA GGC GGG GGT GAT GGA GGC GGC GGG GGT GTC GTG ATC CCC GTC GTG GTT CTC GTC GTC GTG GTG GTT GTT GTG TGT TAC TAC TAT TAT TAC TAC TAC TAT TAT AAT TCT ACG GGC TCC TCC TCC GCG TCA TCA TCT TCT TCT TCT TCT ATC TGC TGG TGC TGC TGT TGT TGT ATC TAC TAT TTC TTC TTC TTC TTT TTT CTC CTG CTG CTG CTG CTG CTG TTC
Homo sapiens                                AAG AGC AAG AAG AAG AAA AAG CAA AAC TCG AAA GCG TCG ACC TCC --- ACG GTG AAG GGC AGC AGT ATC AAG AAG CAG ATG ATC ATC ATC ATC GTT ATG ATG ATG ATA ATG CTG ATC CAG CAG CAG CAC CAG CAG CAA CAG GAG CAG CAG CAG CAG CAG CAC CCA CCT CCC CCG CCC CCC CCG TCC CCC CGC AGG CTG CTG CTG ATC CTC CTC CTG CTC CTG GTG CTG CTG CTG CTC CTG CTG GAA GAG GAG GGC GAC GAT GAC GAC GAC GAC GAG GCA GAG GAG CAG GAG GGG GAG GGC GCA GAG GAC GAC AAT GAC TCC TCG GCC TCC ACC GCC AGC GCC GCC GCC GCC GCA GGC GGG GGG GGG GCC GGC GGG GAG GGC GGC GGG GGT CTG GTG GTG TTT TAC TAC TAC TAT TTG TCC TCA TGC TGC TGG TGT TTC TTC TTC TTT CTG CTG CTG CTA CTG TTT TTC TTT TTC --- AAG AAG AAG AAA AAA AAC AAC AAC AAC AAC AGC CAC GAT AAA AAA AAG AAA AAG AAG AAG AAG AAG AAG CTG AAG AAC AAC AAT AAT AGC TCC ACA ACC ACG ACC ACC ACC ACC GCC ACC ACT ATG AGA AGG AAC AGC AGC AGC AGC AGC AAA AGG AGG AGG AAG AGG AGC TGC ATC ATC ATC ATT CTT ATC ATC GTC CTC ATG ATG CTG ATG ATC ATC ATC ATT ATG ATC ATG ATT CAC CAG CAC CAC CAG CAG CAG CAG CAG CAG GCG CAC CCG CCA CCG CCA CCC CCT CCT CCC CCC CCT CCC CTG CAA CCG CCC CCC CCC CAG CGA CGG CGG CGT CGG CGC AAG AGA CGC CGG CGA CGT CGC CGC CGG CTG CTG CTC CTG CTC CTC CTC CTG CTG CTG CTG CTG CTG CTG CTC CTT CTG GAG GAC GAG GAA GAG GAG GAC GAC GAC GAC GAC GAC GAC GAC GAG GAA GAG GAG GAG GAG GAG GAG GAT GAG GAA GAT GAG GAC GAC GAT AAT GAC GCC GCG GCA GCG GCC GCC GCC GCT GCC GCC GCA GCC GCT GCC GCC AAG ACA GCG GCG GCC GCC GGA GGA GGG GAG GGC GGG GGC GGT GGC GGC GGG GGC GGC GGA GGG GGG GGG GGG GGG TCC GGT GGT GGT GGT GGC GTA GTG GTC CCC GTC GTC GTC ATC GTG GTG GTG GTG GTG GTG GTG GCC TAC TAT TAC TAC TAC TAT TAT TAC TTC TCA CCG TCC TCT CCC TCC TCC CCC ACT TCC TCC TCG TCT TCT TCT TGC TGC TGG TGC TGT TGC TGC TGT TTC TTC TTC TTC TTC TTC TTT TTC TTT TTG CTG CTG CTG CTG CTG TTT TTT
Rattus norvegicus                           AAG AAC AAA AAG AAG AAG AAG AAG AAC ACA ACA GCA ACA ACA ACC GTG ACT ACT AGG AGT AGC AAC AGC AGA AGG CGG ATA ATC ATT ATT ATC ATC ATG ATG ATG ATG ATG CTG ATC CAG CAG CAG CAC CAG CAG CAG CAG CAG CAG CAG CAA CAG CAG CAT CCA CCA CCA CCG CCC CCC CCC CCT CCT CGC CGG CTG CTC CTC TTC CTC CTC CTG CTC CTG CTG CTG CTG CTG CTA CTG CTT GAA GAA GAA GGA GAC GAC GAC GAC GAT GAC GAC GAC GAG GAC GAG GAG GAG GAG GAG GAG GAG GAT GAT GAC GAC GCA CCA GCT GCC GCC GCC GCC GCC GGC GCT GCT GCC GGA GGG GGC GGG GGC GGC GGG GGG GGG GGG GGT GGT GTG GTG GTG GTG TAC TAC TAT TAT TCG TCC TCA TGC TGC TGG TGT TTC TTC TTC TTC CTG CTA TTG CTG TTG TTC TTT TTT TTC --- AAG AAG AAA AAA AAA AAC AAC AAT AAC AAC AGC AAT AAC AAG AAG AAG AAG AAA AAG AAG AAG AAG AAG AAG AAG AAC AAT AAC AAC AAT ACC ACA ACA ACA ACC ACC ACC ACC ACC ACC ACT GCT AGA AGA AGC AGC AGC AGC AGC AGC AGG AGA AGG AGG AGG AGG AGC AGT ATC ATC ATT ATC ATC ATC ATC ATC ATC ATG ATG ATG ATG ATC ATT ATT ATT ATC ATT ATC ATT CAG CAA CAC CAC CAG CAA CAG CAG CAG CAG CAG CAT CCA CCA CCA CCA CCA CCG CCA CCC CCC CCC CCC CTC CCC CCG CCC CCC CCT CGA CGA CGA CGA CGA CGC CGC CGG CGG CGA CGG CGA AGG CGT CGT CGC CTG CTC CTC CTG ATC CTC CTC CTG CTG CTA CTG CTG TTG CTG CTA CTT CTT GAA GAA GAA GAA GAA GAG GAC GAC GAT GAC GAC GAC GAC GAC GAA GAA GAG GAG GAG GAG GAG GAG GAG GAG GAA GAT GAG GAT GAT GAT GAT GAC GCG GCA GCA GCA GCC GCC GCC GCC GCC GCT GCC GCC GCC GCC GCC GCC GCA GCA GCG GCC GCG GGA GGA GGG GGA GGA GGA GGC GGC GGC GGG GGT GGC GGC GGG GGG GGG GGG GGG GGA GGT GGT GGT GGT GGT GGC GTA GTG GTC GTC GTC GTC GTC GTA GTG GTG GTG GTG GTC GTG GTT GTT TAC TAC TAC TAT TAT TAC TAT TAT TAC TCA CCG TCC TCC TCC TCC TCC TCT TCC TCT TCT TCC TCT TCT TCT TGC TGC TGG TGT TGT TGC TGT TGT TTC TTC TTC TTC TTC TTT TTC TTC TTC TTG CTA CTG TTA TTG TTG TTT TTT
Bos taurus                                  CGC AGC AAG AAG AAG AAG AAG CGG AAC TCA CAG GCA ACC GTC TCT GGG ACG --- CAG GGC AGC GGC GCG CGG CGG CGG ATG CTC ATC ATT GTC CTT ATG ATG ATG ACG ATG CTG ATC CAG CAG CAG CAC CAG CAG CAG CAG GCG CGG GGG CAG CAG CAG CAC CCG --- CCC CCA CCC CCC CCG CCC CCC CGG CGC CTG TTG GTG GTC CTC CTC CTG CTC CTG ATG CTG CTG CGG CTC CTG TTG GAG GAG GCG GAC GCC GAT GAC GAC GAC GAG GAC CAC GAG GAG GCG CAG CAG GAG GAG GCG GAG GAT GAC GAT GAC GCA CCC GCC TCC GCC GCC GCC GCC GCC GCC GCC GCC GGC GGC GAG GGG GCC GGC GGG --- GGG GGC GGC GGG GGG GTG GTG GCC TAC TTC TAC TAC CTG TCC TCG TGC TGC TGG TGT TTC TTC TTC TTC CTG CTC CTC CTG CTG TTT TTC TTC TTC --- AAG AAG AGA AAA AAA AAC AAT AAC AAC ACC AGC CAC AAT AAG CGG AAG AAG AAG AAA AAG AGG ACC AAG AAG AAG AAC AAC AAC GAC ACC GGC ACG ACG ACG TCC ACC ACG ACC ACG ACC ACC GCC AGA CGG AGC AGC AGC GAC AGC AGC AGG CGG AGG CGG AAG AGG AGC AGC ATC GTC ATT ATC ATC CTG GTC GTC ATC ATG ATG CTG ATG ATT ATC ATT ATC ATG ATC ACC ATC CAG CAG CAC CAC CAG CAG CAG CAG CCG CAG GCA CAC CCG CCA CCT CCA CCC CCC CCC CCC CCC CCC CCC CTG CCG CCT CCT GCG CCG CTG CGA CGC CGG CGT AAC CGC AAG CGG CGT CGG CGG CGC CGA CGG AGG CTG CTG CTC CTG CTG CTC CTC CTG CTG CTC CTA CTG CTG CTG CTC CTT CTG GAG GCA GAG GAG GAG GAG GAG GAC GAT GAA GAC GAC GAT GAC GAG GAG GGC GAG CAG GAG GAA GAG GAC CAG GAA GAC GAC GAC GAT GAT GAC GAT ACG GCG GCG GCC GCC GCC GCG GCT GCC GCG GCA GCC GCG GCC GCC GGG GCG GCC GCC GCC GCG GGA GGG GGG GGC GCG GGG GGC GGC GGC GGG GGG GGC GGC GGG GGC GGG GGG GGT GGG GCG GGT GGC GGT GGG GGG GTG GTA ATC CCC GTC GTC GTG ATT GTC GTG GTA GTG GTG GTG GTG GCC TAC TAC TAC TAT TAC TAT TAC TAT TTC GAG CAG TCC TCC CCC TCC TCT GCC TCG TCC TCC TTC TCA TCC TCT TGC TGC TGG TGC TGC TGC TGT TGC TTC TTC TTT TTC TTT TTC TTC TTC TTC CTG CTG CTG CTG CTA CTG TTT TTC



    1    1    1    1    2    1    1    1    1    1    1    1    1    1    1
    1    2    1    1    1    1    1    1    1    1    1    1    1    1    1
    1    1    1    1    1    1    1    1    1    1    1    1    1    1    3
    1    1    1    1    1    1    1    1    1    1    1    1    1    2    1
    1    1    1    1    1    1    1    1    1    1    2    1    1    1    1
    1    1    1    1    1    1    1    1    1    1    1    1    1    4    1
    1    1    1    1    1    1    1    1    3    1    1    1    1    1    1
    1    1    1    1    1    1    1    1    1    1    1    1    1    1    1
    1    1    1    1    1    1    1    1    1    1    1    1    1    1    1
    1    1    1    1    1    1    1    1    5    1    1    3    1    1    1
    1    1    1    1    1    1    1    1    1    1    1    1    1    1    2
    1    1    1    1    1    1    1    1    1    6    1    1    1   11    2
    1    1    1    1    1    1    1    1    1    1    1    2    1    1    3
    1    1    1    1    1    1    1    1    1    1    2    1    1    1    1
    1    1    2    1    1    1    1    3    2    1    1    1    1    1    1
    1    5    1    1    1    1    1    1    1    1    1    1    1    1    1
    2    1    1    1    4    1    1    1    1    1    1    1    1    1    1
    1    1    1    1    1    1    1    1    1    1    1    1    1    1    1
    1    1    1    1    1    1    1    1    1    1    1    1    1    1    1
    2    1    1    3    1    1    1    1    1    7    1    3    1    1    1
    1    1    1    1    1    2    1    6    1    1    2    3    2    1    1
    1    1    2    1    1    1   11    1    1    1    1    1    1    1    1
    1    1    1    1    1    1    1    1    1    1    5    1    1    3    1
    2    1    1    1    1    1    1    1    2    1    1    1    1    1    1
    1    3    1    1    2    2    1    1    2    1    1    1    1    1    1
    1    1    1    1    1    1    1    2    1    1    1    1    1    1    7
    1    1    1    1    4    1    4    1    1    1    1    1    1    1    1
    1    1    1    1    1    1    1    1    1    1    1    1    1    1    1
    2    1    1    1    1    1    2    1    1    7    1    3    2    1    1
    1    1    1    1    1    2    1    3

CODONML (in paml version 4.4b, July 2010)  torun.nuc
Model: One dN/dS ratio for branches Global clock  (2 genes: diff. rate & k&w)  
Codon frequency model: F3x4
ns =   5  ls = 565

Codon usage in sequences
--------------------------------------------------------------------------------------------------
Phe TTT  8  6 11  9  4 | Ser TCT  8  6  4  6  3 | Tyr TAT  7 10  4  6  3 | Cys TGT  6  7  3  5  2
    TTC 25 25 24 25 32 |     TCC  6 10 12  8  9 |     TAC 12 14 14 13 14 |     TGC  4  7  8  5  8
Leu TTA  0  0  0  1  0 |     TCA  3  4  2  2  2 | *** TAA  0  0  0  0  0 | *** TGA  0  0  0  0  0
    TTG 12  4  2  7  2 |     TCG  1  0  4  1  2 |     TAG  0  0  0  0  0 | Trp TGG  7  7  7  7  7
--------------------------------------------------------------------------------------------------
Leu CTT  4  2  2  3  2 | Pro CCT  5  2  4  3  3 | His CAT  2  3  0  2  0 | Arg CGT  3  3  2  2  2
    CTC 16  8 14 14 16 |     CCC  8 11 15 11 16 |     CAC  4  6  8  4  8 |     CGC  3  7  5  4  5
    CTA  3  5  1  5  2 |     CCA 11  3  3 10  3 | Gln CAA  5  2  3  3  0 |     CGA  5  3  2  7  2
    CTG 22 32 44 27 39 |     CCG  3 10  6  4  6 |     CAG 22 15 26 24 29 |     CGG  7  3  5  5 17
--------------------------------------------------------------------------------------------------
Ile ATT  9  2  3  8  5 | Thr ACT  6  6  2  4  0 | Asn AAT  6  8  4  4  2 | Ser AGT  2  0  1  2  0
    ATC 17 25 20 19 13 |     ACC  7  9 11 10 11 |     AAC 10 13 10 12  9 |     AGC 11  6 12 11 11
    ATA  1  0  1  1  0 |     ACA 10  3  2  8  0 | Lys AAA  6 17  8  5  3 | Arg AGA  3  3  2  4  2
Met ATG 14 10 15 13 14 |     ACG  2  9  3  0 10 |     AAG 35 31 39 36 33 |     AGG 10 11  7  9  6
--------------------------------------------------------------------------------------------------
Val GTT  2  3  1  2  0 | Ala GCT  5  9  2  5  1 | Asp GAT 11 16  5  9  9 | Gly GGT  8  5  6  8  3
    GTC  6 12  6  7 11 |     GCC 23 17 27 25 32 |     GAC 28 19 32 30 29 |     GGC 15 15 18 14 21
    GTA  2  1  1  2  2 |     GCA  7  2  5  7  5 | Glu GAA 11  7  4 11  3 |     GGA  9 13  4  9  2
    GTG 17 18 18 17 16 |     GCG  5  9  6  3 15 |     GAG 33 42 38 32 35 |     GGG 11  7 15 14 20
--------------------------------------------------------------------------------------------------

Codon position x base (3x4) table for each sequence.

#1: Mus musculus   
position  1:    T:0.17553    C:0.21809    A:0.26418    G:0.34220
position  2:    T:0.28014    C:0.19504    A:0.34043    G:0.18440
position  3:    T:0.16312    C:0.34574    A:0.13475    G:0.35638
Average         T:0.20626    C:0.25296    A:0.24645    G:0.29433

#2: Danio rerio    
position  1:    T:0.17762    C:0.20426    A:0.27176    G:0.34636
position  2:    T:0.27176    C:0.19538    A:0.36057    G:0.17229
position  3:    T:0.15631    C:0.36234    A:0.11190    G:0.36945
Average         T:0.20189    C:0.25400    A:0.24808    G:0.29603

#3: Homo sapiens   
position  1:    T:0.16874    C:0.24867    A:0.24867    G:0.33393
position  2:    T:0.28952    C:0.19183    A:0.34636    G:0.17229
position  3:    T:0.09591    C:0.41918    A:0.06750    G:0.41741
Average         T:0.18472    C:0.28656    A:0.22084    G:0.30787

#4: Rattus norvegicus
position  1:    T:0.16844    C:0.22695    A:0.25887    G:0.34574
position  2:    T:0.28369    C:0.18972    A:0.33865    G:0.18794
position  3:    T:0.13830    C:0.37589    A:0.13298    G:0.35284
Average         T:0.19681    C:0.26418    A:0.24350    G:0.29551

#5: Bos taurus     
position  1:    T:0.15686    C:0.26738    A:0.21212    G:0.36364
position  2:    T:0.28164    C:0.21034    A:0.31551    G:0.19251
position  3:    T:0.06952    C:0.43672    A:0.04635    G:0.44742
Average         T:0.16934    C:0.30481    A:0.19133    G:0.33452

Codon usage in genes
--------------------------------------------------------------
Phe TTT 15 23 | Ser TCT  1 26 | Tyr TAT  7 23 | Cys TGT  5 18
    TTC 39 92 |     TCC 13 32 |     TAC 15 52 |     TGC 12 20
Leu TTA  0  1 |     TCA  5  8 | *** TAA  0  0 | *** TGA  0  0
    TTG 11 16 |     TCG  6  2 |     TAG  0  0 | Trp TGG 25 10
--------------------------------------------------------------
Leu CTT  4  9 | Pro CCT  5 12 | His CAT  3  4 | Arg CGT  0 12
    CTC 28 40 |     CCC 26 35 |     CAC  8 22 |     CGC 10 14
    CTA  8  8 |     CCA 11 19 | Gln CAA  7  6 |     CGA  0 19
    CTG 52 112 |     CCG  9 20 |     CAG 64 52 |     CGG 12 25
--------------------------------------------------------------
Ile ATT  4 23 | Thr ACT  8 10 | Asn AAT  5 19 | Ser AGT  2  3
    ATC 26 68 |     ACC  9 39 |     AAC  7 47 |     AGC 13 38
    ATA  3  0 |     ACA  9 14 | Lys AAA 10 29 | Arg AGA  2 12
Met ATG 26 40 |     ACG  8 16 |     AAG 35 139 |     AGG  9 34
--------------------------------------------------------------
Val GTT  1  7 | Ala GCT  8 14 | Asp GAT 13 37 | Gly GGT  5 25
    GTC  7 35 |     GCC 35 89 |     GAC 52 86 |     GGC 25 58
    GTA  1  7 |     GCA 10 16 | Glu GAA 10 26 |     GGA  6 31
    GTG 21 65 |     GCG 10 28 |     GAG 62 118 |     GGG 26 41
--------------------------------------------------------------

Codon position x base (3x4) table for each gene.


Gene #1
position  1:    T:0.17722    C:0.28423    A:0.20253    G:0.33602
position  2:    T:0.28308    C:0.19908    A:0.34292    G:0.17491
position  3:    T:0.09896    C:0.37399    A:0.09436    G:0.43268
Average         T:0.18642    C:0.28577    A:0.21327    G:0.31454

Gene #2
position  1:    T:0.16598    C:0.21017    A:0.27287    G:0.35098
position  2:    T:0.28058    C:0.19527    A:0.33916    G:0.18499
position  3:    T:0.13618    C:0.39414    A:0.10072    G:0.36896
Average         T:0.19424    C:0.26653    A:0.23758    G:0.30164

Sums of codon usage counts
------------------------------------------------------------------------------
Phe F TTT      38 | Ser S TCT      27 | Tyr Y TAT      30 | Cys C TGT      23
      TTC     131 |       TCC      45 |       TAC      67 |       TGC      32
Leu L TTA       1 |       TCA      13 | *** * TAA       0 | *** * TGA       0
      TTG      27 |       TCG       8 |       TAG       0 | Trp W TGG      35
------------------------------------------------------------------------------
Leu L CTT      13 | Pro P CCT      17 | His H CAT       7 | Arg R CGT      12
      CTC      68 |       CCC      61 |       CAC      30 |       CGC      24
      CTA      16 |       CCA      30 | Gln Q CAA      13 |       CGA      19
      CTG     164 |       CCG      29 |       CAG     116 |       CGG      37
------------------------------------------------------------------------------
Ile I ATT      27 | Thr T ACT      18 | Asn N AAT      24 | Ser S AGT       5
      ATC      94 |       ACC      48 |       AAC      54 |       AGC      51
      ATA       3 |       ACA      23 | Lys K AAA      39 | Arg R AGA      14
Met M ATG      66 |       ACG      24 |       AAG     174 |       AGG      43
------------------------------------------------------------------------------
Val V GTT       8 | Ala A GCT      22 | Asp D GAT      50 | Gly G GGT      30
      GTC      42 |       GCC     124 |       GAC     138 |       GGC      83
      GTA       8 |       GCA      26 | Glu E GAA      36 |       GGA      37
      GTG      86 |       GCG      38 |       GAG     180 |       GGG      67
------------------------------------------------------------------------------

(Ambiguity data are not used in the counts.)


Codon position x base (3x4) table, overall

position  1:    T:0.16945    C:0.23304    A:0.25115    G:0.34636
position  2:    T:0.28135    C:0.19645    A:0.34032    G:0.18188
position  3:    T:0.12469    C:0.38792    A:0.09876    G:0.38863
Average         T:0.19183    C:0.27247    A:0.23008    G:0.30562


Nei & Gojobori 1986. dN/dS (dN, dS)
(Pairwise deletion)
(Note: This matrix is not used in later ML. analysis.
Use runmode = -2 for ML pairwise comparison.)

Mus musculus        
Danio rerio          0.1657 (0.2599 1.5691)
Homo sapiens         0.1040 (0.0737 0.7084) 0.1941 (0.2559 1.3188)
Rattus norvegicus    0.0377 (0.0124 0.3286) 0.1469 (0.2647 1.8018) 0.1146 (0.0724 0.6317)
Bos taurus           0.1100 (0.0979 0.8898) 0.2322 (0.2539 1.0936) 0.1847 (0.0992 0.5369) 0.1228 (0.0966 0.7869)


TREE #  1:  (((3, (1, 4)), 5), 2);   MP score: -1
lnL(ntime:  4  np:  9):  -5597.017453      +0.000000
   6..7     7..8     8..3     8..9     9..1     9..4     7..5     6..2  
 2.165594 0.738880 0.535402 0.162679 0.614981 2.404394 0.080060 2.537563 0.043989
SEs for parameters:
 0.236671 0.071316 0.052875 0.019526 0.062388 0.338209 0.010901 0.293413 0.004500
Note: Branch length is defined for the first gene (site partition).
For other genes, look at "rates for genes".

tree length =   5.76815 (1st gene)

(((3: 0.535402, (1: 0.162679, 4: 0.162679): 0.372724): 0.203478, 5: 0.738880): 1.426713, 2: 2.165594);

(((Homo sapiens: 0.535402, (Mus musculus: 0.162679, Rattus norvegicus: 0.162679): 0.372724): 0.203478, Bos taurus: 0.738880): 1.426713, Danio rerio: 2.165594);

Detailed output identifying parameters

rates for 2 genes:     1  0.61498

gene # 1: kappa =   2.40439 omega =   0.08006
gene # 2: kappa =   2.53756 omega =   0.04399

Time used:  0:10
