
seed used = 1418812809
      7   1170

Rattus norvegicus                          --- ATG TCC GGG GTG GTG CGG ACC CTC AGC CGC TGC TTG CTG CCG GCC GAG --- --- --- --- --- GCC --- GGA GCC CGC GAG CGC AGG GCG --- GGC GCG --- GCG CGC GAC GCG GAA CGC GAG GCC CGA CGG CGC AGC CGC GAC ATC GAC GCG CTG CTG GCC CGC GAG CGG CGC GCG GTG CGG CGG CTG GTC AAG ATC TTG CTG CTG GGC GCC GGC GAG AGC GGC AAG TCC ACC TTC CTC AAG CAG ATG CGC ATC ATC CAC GGC CGG --- GAG TTC GAC CAG AAG GCG CTG CTG GAG TTC CGC GAC ACC ATC TTC GAC AAC ATC CTT AAG GGC TCG AGG GTG CTT GTA GAC GCT CGG GAC AAG CTT GGC ATT CCC TGG CAG CAC TCT GAG AAC GAG AAG CAC GGG ATG TTT CTG ATG GCC TTC GAG AAC AAG GCA GGG CTG CCT --- GTG GAG CCT GCC ACC TTC CAG CTC TAC GTT CCA GCC CTG AGC GCA CTC TGG AGA GAC TCC GGG ATC AGG GAA GCC TTC AGC CGC AGA AGC GAG TTC CAG CTG GGT GAG TCA GTG AAG TAC TTC CTG GAT AAC TTA GAC CGG ATT GGC CAG CTG AAC TAC TTC CCC AGT AAG CAA GAC ATC CTG TTG GCT AGA AAG GCC ACC AAG GGA ATC GTG GAG CAT GAC TTC GTG ATA AAG AAA ATC CCA TTT AAG ATG GTG GAT GTG GGC GGC CAG AGG TCG CAG CGC CAG AAG TGG TTC CAG TGC TTC GAC GGG ATC ACA TCG ATC CTG TTC ATG GTG TCC TCA AGC GAG TAT GAC CAG GTC CTC ATG GAG GAT AGG CGC ACC AAC CGG CTG GTG GAG TCC ATG AAC ATC TTC GAG ACC ATC GTC AAC AAC AAG CTC TTC TTC AAC GTC TCC ATC ATC CTC TTC CTC AAC AAG ATG GAC CTG CTG GTG GAG AAG GTG AAG TCG GTG AGC ATT AAG AAG CAC TTC CCA GAC TTC AAG GGC GAC CCG CAC CGG CTG GAG GAC GTC CAG CGC TAC CTG GTC CAG TGC TTT GAC AGG AAG CGC AGG AAC CGC GGC AAG CCT CTG TTC CAC CAC TTC ACC ACT GCC ATA GAC ACC GAG AAC ATC CGC TTC GTG TTT CAT GCC GTG AAG GAC ACC ATC CTG CAG GAG AAC CTG AAA GAT ATC ATG CTG CAG 
Bos taurus                                 --- ATG TCC GGC GTG GTG CGG ACC CTC AGC CGT TGC CTG CTG CCG GCC GAG --- --- --- --- --- GCC GGC GGG GCC CGC GAG CGC AGG GCG GGC GGC GGC GGG GCC CGC GAC GCG GAG CGC GAG GCG CGG CGG CGC AGC CGG GAC ATC GAC GCG GGG CTG GCC CGC GAG CGG CGC GCC GTG CGG CGC CTC GTC AAG ATC CTG CTG CTG GGC GCG GGC GAG AGC GGC AAG TCC ACC TTC CTC AAG CAG ATG CGC ATC ATC CAC GGC CGC --- GAG TTC GAC CAG AAG GCG CTG CTC GAG TTC CGC GAC ACC ATC TTC GAC AAC ATC CTC AAG GGC TCG AGG GTT CTG GTC GAT GCA CGA GAC AAG CTC GGT ATC CCC TGG CAG TAC TCT GAA AAT GAG AAG CAC GGG ATG TTC CTC ATG GCT TTC GAG AAC AAG GCA GGG CTG CCC --- GTG GAC CCC GCC ACC TTC CAG CTG TAC GTG CCC GCC CTG AGC GCG CTC TGG GGG GAC TCG GGC ATC AGG GAG GCG TTC AGC CGC AGG AGC GAG TTC CAG CTG GGC GAA TCG GTG AAG TAC TTC CTG GAT AAC TTG GAC CGG ATT GGC CAG CTG AAC TAC TTC CCG AGC AAG CAG GAC ATC CTG CTG GCA AGG AAG GCC ACC AAG GGG ATC GTG GAG CAC GAC TTC GTC ATC AAG AAG ATC CCC TTC AAG ATG GTG GAC GTG GGC GGC CAG CGG TCC CAG CGC CAG AAG TGG TTC CAG TGC TTC GAC GGG ATC ACG TCC ATC CTG TTC ATG GTC TCG TCC AGC GAG TAT GAC CAG GTG CTC ATG GAG GAC AGG CAC ACC AAC CGC CTG GTG GAG TCC ATG AAC ATC TTC GAG ACC ATC GTC AAC AAC AAG CTC TTC TTC AAC GTC TCC ATC ATC CTG TTC CTC AAC AAG ATG GAC CTG CTG GTG GAG AAG GTG AAG ACC GTC AGC ATC AAG AAG CAC TTC CCA GAC TTC AAG GGC GAC CCC CAC AGG CTG GAG GAC GTC CAG CGC TTC CTG GTC CAG TGT TTC GAC CGG AAG AGA CGG AAC CGC AGC AAG CCT CTG TTC CAC CAC TTC ACC ACC GCC ATC GAC ACC GAG AAC ATC CGC TTC GTG TTC CAC GCC GTG AAG GAC ACC ATC CTG CAG GAG AAC CTG AAG GAC ATC ATG CTG CAG 
Pan troglodytes                            --- ATG CCT GGC AGT --- --- --- --- --- --- --- --- --- --- --- --- --- --- --- --- --- --- --- --- --- --- --- --- --- --- --- --- --- --- --- --- --- --- --- --- --- --- --- --- --- --- --- --- --- --- --- --- --- --- --- --- --- --- --- --- --- --- --- --- --- --- --- --- --- --- --- --- --- --- --- --- --- --- --- --- --- --- --- --- --- --- --- --- --- --- --- --- --- --- --- --- --- --- --- --- --- --- --- --- --- --- --- --- --- CGT GGC TCA AGG GTT CTT GTT GAT GCA CGA GAT AAG CTT GGC ATT CCT TGG CAG TAT TCT GAA AAT GAG AAG CAT GGG ATG TTC CTG ATG GCC TTT GAG AAC AAG GCG GGG CTG CCT --- GTG GAG CCG GCC ACC TTC CAG CTG TAC GTC CCG GCC CTG AGC GCA CTC TGG AGG GAT TCT GGC ATC AGG GAG GCT TTC AGC CGG AGG AGC GAG TTT CAG CTG GGG GAA TCG GTG AAG TAC TTC CTG GAC AAC TTG GAC CGG ATC GGC CAG CTG AAT TAC TTT CCT AGT AAG CAA GAT ATC CTG CTG GCT AGG AAA GCC ACC AAG GGA ATT GTG GAG CAT GAC TTC GTT ATT AAG AAG ATC CCC TTT AAG ATG GTG GAT GTG GGC GGC CAG CGG TCC CAG CGC CAG AAG TGG TTC CAG TGC TTC GAC GGG ATC ACG TCC ATC CTG TTC ATG GTC TCC TCC AGC GAG TAC GAC CAG GTC CTC ATG GAG GAC AGG CGC ACC AAC CGG CTG GTG GAG TCC ATG AAC ATC TTC GAG ACC ATC GTC AAC AAC AAG CTC TTC TTC AAC GTC TCC ATC ATT CTC TTC CTC AAC AAG ATG GAC CTC CTG GTG GAG AAG GTG AAG ACC GTG AGC ATC AAG AAG CAC TTC CCG GAC TTC AGG GGC GAC CCG CAC AGG CTG GAG GAC GTC CAG CGC TAC CTG GTC CAG TGC TTC GAC AGG AAG AGA CGG AAC CGC AGC AAG CCA CTC TTC CAC CAC TTC ACC ACC GCC ATC GAC ACC GAG AAC GTC CGC TTC GTG TTC CAT GCT GTG AAG GAC ACC ATC CTG CAG GAG AAC CTG AAG GAC ATC ATG CTG CAG 
Danio rerio                                --- ATG GCT GGC GTG GTG CGC ACC CTG AGC CGG TGT TTA CTG CCC GCT GAG GCC GCT CAC GAT GAC AGG AGT ACC GGG AAA GAT CGC ACC --- --- CGC GAG CGG GAC GTG AAC CGG GAG CGC GAG GCG AAG CGG CGC AGT CGC GAG ATC GAC TCG ATG CTG AAG CGC GAG CGG CGC TCC ATA CGA CGG CTG GTG AAG ATC CTG CTG CTG GGC GCC GGA GAG AGC GGC AAG TCC ACA TTC CTC AAG CAG ATG AGG ATC ATC CAC GGA AAA --- GAG TTT GAC CAG AAA GCG CTG CTC GAC TTC AGG GAT ACC ATC TTT GAG AAT GTC ATC AAG GGC ATG CGG GTA CTG GTG GAT GCC CGA GAC AAA CTT GGC ATT TCC TGG CAG AAC TCT GAA AAC GAA AAG CAT GGC ATG TTT GTT ATG TCC TTC GAA AAC AAA GCA GGC ATG GCT --- GTG GAA CCC TGC ACC TTT CAG CTG TAC GTC CCA GCC CTG CAG GCA CTC TGG AAT GAT AGC GGC ATC CAG GAA GCC TAC GGT CGA CGG AGT GAG TTT CAG TTG AGT GAA TCA GTG AAA TAT TTC CTG GAC AAC TTG GAT CGG ATT GGC CAA CTG AGT TAT GTG CCG AGT CGA CAG GAC ATC TTA CTG GCC CGG AAG GCC ACC AAG GGA ATT GTG GAG CAT GAT TTT GTC ATT AAG AAG ATC CCT TTT AAG ATG GTA GAT GTG GGA GGC CAG CGC TCT CAA AGG CAG AAA TGG TTT CAG TGC TTT GAC GGC ATC ACC TCC ATC CTC TTC ATG GTG TCC TCC AGC GAA TAT GAC CAG GTG CTG ATG GAG GAC CGT CGC ACC AAC CGC CTG GTG GAG TCC ATG AAC ATC TTT GAG ACC ATA GTC AAC AAC AAG CTC TTT TCC AAC GTT TCC ATA ATC CTC TTC CTC AAC AAG ATG GAC CTT CTG GTG GAA AAG GTA CGC AAG GTC AGC ATT TGC AAG CAC TTT TCC GAC TTT CGG GGA GAC CCT CAC CGA CTG GTG GAC GTG CAG GCC TAT CTG GTG CAG TGC TTC AAC CGC AAA CGT CGC AAC CGC ATC AAG CCA CTT TTC CAC CAC TTC ACC ACT GCC ATT GAC ACT GAG AAC ATT CGC TTC GTC TTC CAT GCC GTC AAA GAC ACC ATT CTT CAG GAG AAC CTT AAG GAC ATA ATG TTG CAG 
Homo sapiens                               --- ATG TCC GGG GTG GTG CGG ACC CTC AGC CGC TGC CTG CTG CCG GCC GAG --- --- --- --- --- GCC GGC GGG GCC CGC GAG CGC AGG GCG --- GGC AGC GGC GCG CGC GAC GCG GAG CGC GAG GCC CGG AGG CGT AGC CGC GAC ATC GAC GCG CTG CTG GCC CGC GAG CGG CGC GCG GTC CGG CGC CTG GTG AAG ATC CTG CTG CTG GGC GCG GGC GAG AGC GGC AAG TCC ACG TTC CTC AAG CAG ATG CGC ATC ATC CAC GGC CGC --- GAG TTC GAC CAG AAG GCG CTG CTG GAG TTC CGC GAC ACC ATC TTC GAC AAC ATC CTC AAG GGC TCA AGG GTT CTT GTT GAT GCA CGA GAT AAG CTT GGC ATT CCT TGG CAG TAT TCT GAA AAT GAG AAG CAT GGG ATG TTC CTG ATG GCC TTC GAG AAC AAG GCG GGG CTG CCT --- GTG GAG CCG GCC ACC TTC CAG CTG TAC GTC CCG GCC CTG AGC GCA CTC TGG AGG GAT TCT GGC ATC AGG GAG GCT TTC AGC CGG AGA AGC GAG TTT CAG CTG GGG GAG TCG GTG AAG TAC TTC CTG GAC AAC TTG GAC CGG ATC GGC CAG CTG AAT TAC TTT CCT AGT AAG CAA GAT ATC CTG CTG GCT AGG AAA GCC ACC AAG GGA ATT GTG GAG CAT GAC TTC GTT ATT AAG AAG ATC CCC TTT AAG ATG GTG GAT GTG GGC GGC CAG CGG TCC CAG CGC CAG AAG TGG TTC CAG TGC TTC GAC GGG ATC ACG TCC ATC CTG TTC ATG GTC TCC TCC AGC GAG TAC GAC CAG GTC CTC ATG GAG GAC AGG CGC ACC AAC CGG CTG GTG GAG TCC ATG AAC ATC TTC GAG ACC ATC GTC AAC AAC AAG CTC TTC TTC AAC GTC TCC ATC ATT CTC TTC CTC AAC AAG ATG GAC CTC CTG GTG GAG AAG GTG AAG ACC GTG AGC ATC AAG AAG CAC TTC CCG GAC TTC AGG GGC GAC CCG CAC AGG CTG GAG GAC GTC CAG CGC TAC CTG GTC CAG TGC TTC GAC AGG AAG AGA CGG AAC CGC AGC AAG CCA CTC TTC CAC CAC TTC ACC ACC GCC ATC GAC ACC GAG AAC GTC CGC TTC GTG TTC CAT GCT GTG AAA GAC ACC ATC CTG CAG GAG AAC CTG AAG GAC ATC ATG CTG CAG 
Mus musculus                               --- ATG TCC GGG GTG GTG CGG ACC CTT AGC CGC TGC TTG CTG CCG GCC GAG --- --- --- --- --- GCC --- GGA GCC CGC GAG CGC AGG GCG --- GGC GCG --- GCG CGC GAC GCG GAG CGC GAG GCC CGA CGG CGC AGC CGC GAC ATC GAC GCG CTG CTG GCC CGC GAG CGG CGC GCG GTG CGG CGG CTG GTC AAG ATC CTG CTG CTG GGC GCC GGC GAG AGC GGC AAG TCC ACC TTC CTC AAG CAG ATG CGC ATC ATC CAC GGC CGG --- GAG TTC GAC CAG AAG GCG CTG CTG GAG TTC CGC GAC ACC ATC TTC GAC AAC ATC CTT AAG GGT TCG AGG GTT CTT GTG GAC GCT CGA GAC AAG CTC GGC ATT CCC TGG CAG CAC TCT GAG AAC GAG AAG CAC GGG ATG TTT CTG ATG GCC TTC GAG AAC AAG GCA GGG CTG CCT --- GTG GAG CCT GCC ACC TTC CAG CTC TAC GTG CCA GCC CTG AGT GCC CTC TGG AGA GAC TCG GGG ATC AGG GAA GCC TTC AGC CGC AGA AGC GAG TTC CAG CTG GGT GAA TCA GTG AAG TAC TTC CTG GAT AAC TTG GAC CGG ATT GGC CAG CTG AAC TAC TTC CCC AGT AAG CAA GAC ATC CTG CTG GCT AGA AAG GCC ACC AAG GGA ATC GTG GAA CAT GAC TTC GTT ATA AAG AAA ATC CCA TTT AAG ATG GTG GAT GTG GGC GGC CAG AGG TCA CAG CGC CAG AAG TGG TTC CAG TGC TTC GAC GGC ATC ACA TCT ATC CTG TTC ATG GTG TCC TCG AGC GAG TAT GAC CAG GTC CTC ATG GAG GAC AGG CGC ACC AAC CGG CTG GTG GAG TCC ATG AAC ATC TTC GAG ACC ATC GTC AAC AAC AAG CTC TTC TTC AAC GTC TCC ATC ATC CTC TTC CTC AAC AAG ATG GAC CTC CTG GTG GAG AAG GTG AAG TCT GTG AGC ATT AAG AAG CAC TTC CCA GAT TTC AAG GGC GAC CCG CAC CGG CTG GAG GAC GTC CAG CGC TAC CTG GTG CAG TGC TTC GAC AGG AAG CGC AGG AAC CGC AGC AAG CCC CTG TTC CAC CAC TTC ACC ACC GCC ATA GAC ACC GAG AAC ATC CGC TTC GTG TTT CAT GCT GTG AAG GAC ACG ATC CTG CAG GAG AAC CTG AAA GAC ATC ATG CTG CAG 
Gallus gallus                              ATG GAT CTT GCA GAC TTC AGC ACA TCT ACA GCA TCG GGA ACA CCA AAC GAT GAT GGC CAG AAG GCC ACG GGC CGA GAG CAG CCG AGG CGG GAG GGC AAG AAG CGG AGC CGC GAT GCG GAG CGG GAG GCG AGG CGG CGG AGC CGG GAG ATC GAC GCG ATG CTG GCC CGG GAG CGG AGG GCC GTG AGG CGC CTG GTC AAA ATC CTG CTG CTG GGC GCC GGG GAG AGC GGC AAG TCC ACT TTC CTT AAG CAG ATG CGG ATC ATC CAC GGT CGA --- GAG TTC GAC CAG AAG GCG CTG TTG GAG TTC CGG GCC ACC ATC TAC GAG AAC ATC CTC AAG GGC TGC AGG GTT CTG GTT GAC GCA CGG GAC AAA CTG GGA ATC CCT TGG CAG TAC ACG GAG AAT GAG AAA CAC GGA ATG TTT TTG ATG GCT TTT GAA AAC AAA GCT GGA ATG CCC --- ATC GAG CCT GCC ACA TTC CAG CTG TAC GTA CCT GCA CTG TGT GCC CTG TGG AGG GAC TCA GGA ATC AAG GAA GCC TTC AGC CGT CGG AGC GAG TAT CAG CTG GGT GAA TCA GTG AAA TAT TTC CTG GAT AAC CTG GAT CGG ATC GGT CAG CTG AAT TAT TTC CCC AGC AAA CAA GAT ATT TTG TTG GCT AGA AAA GCT ACC AAG GGA ATA GTA GAG CAT GAT TTC ATC ATT AAA AAA ATA CCT TTC AAG ATG GTG GAT GTA GGT GGA CAG CGA TCT CAG CGT CAA AAG TGG TTC CAG TGC TTT GAT GGA ATA ACT TCA ATT TTG TTT ATG GTC TCC TCC AGT GAA TAC GAT CAG GTT CTC ATG GAA GAC AGA CGC ACA AAC AGA CTT GTG GAG TCC ATG AAT ATC TTT GAG ACA ATA GTC AAT AAC AAG CTT TTC TTT AAT GTT TCT ATT ATC CTG TTC CTC AAC AAG ATG GAT CTT CTT GTA GAA AAG GTA AAG ACT GTC AGC ATT AAG AAG TAT TTC TCG GAC TTC AAG GGC GAC CCT CAC CGG CTA GAT GAT GTT CAA CAT TAT CTG GTG CAG TGC TTT GAC AGA AAG AGG AGA AAC CGT AGT AAG CCG CTC TTC CAT CAC TTC ACC ACT GCA ATA GAC ACT GAA AAC ATC CGT TTT GTG TTT CAT GCT GTG AAG GAC ACC ATC CTT CAA GAG AAT CTG AAG GAT ATT ATG TTG CAG 



Printing out site pattern counts


         7        867  P

Rattus norvegicus                           --- --- --- --- --- --- --- --- --- --- AAA AAA AAC AAC AAC AAC AAC AAG AAG AAG AAG AAG AAG AAG AAG AAG AAG AAG AAG AAG AAG ACA ACC ACC ACC ACC ACC ACC ACC ACT AGA AGA AGA AGC AGC AGC AGC AGC AGC AGC AGC AGG AGG AGG AGG AGG AGG AGG AGT ATA ATA ATC ATC ATC ATC ATC ATC ATC ATC ATC ATC ATC ATG ATG ATG ATT ATT ATT CAA CAC CAC CAC CAC CAC CAC CAG CAG CAG CAG CAT CCA CCA CCA CCC CCC CCG CCG CCT CCT CCT CGA CGC CGC CGC CGC CGC CGC CGC CGC CGC CGC CGC CGC CGC CGC CGG CGG CGG CGG CGG CGG CGG CGG CGG CGG CTC CTC CTC CTC CTC CTC CTC CTC CTG CTG CTG CTG CTG CTG CTG CTG CTG CTG CTG CTG CTG CTG CTG CTG CTG CTG CTT CTT CTT GAA GAA GAC GAC GAC GAC GAC GAC GAC GAC GAC GAC GAC GAC GAC GAG GAG GAG GAG GAG GAG GAG GAG GAG GAG GAG GAG GAG GAT GAT GAT GAT GCA GCA GCC GCC GCC GCC GCC GCC GCC GCC GCC GCC GCC GCC GCG GCG GCG GCG GCG GCG GCG GCT GCT GGA GGA GGC GGC GGC GGC GGC GGC GGC GGC GGC GGC GGC GGG GGG GGG GGG GGT GTA GTC GTC GTC GTC GTC GTC GTG GTG GTG GTG GTG GTG GTG GTG GTG GTG GTG GTG GTG GTT TAC TAC TAC TAT TCA TCA TCC TCC TCC TCC TCC TCC TCG TCG TCG TCG TCT TGC TGC TGC TGG TTA TTC TTC TTC TTC TTC TTC TTC TTC TTC TTC TTC TTC TTG TTG TTG TTT TTT TTT TTT
Bos taurus                                  --- --- --- --- --- --- --- GGC GGC GGG AAG AAG AAC AAC AAC AAC AAT AAG AAG AAG AAG AAG AAG AAG AAG AAG AAG AAG AAG AAG AAG ACG ACC ACC ACC ACC ACC ACC ACC ACC AGG AGG GGG AGC AGC AGC AGC AGC AGC AGC AGC AGG AGG AGG AGG CGG CGG CGG AGC ATC ATC ATC ATC ATC ATC ATC ATC ATC ATC ATC ATC ATC ATG ATG ATG ATC ATC ATT CAG CAC CAC CAC CAC CAC TAC CAG CAG CAG CAG CAC CCA CCC CCC CCC CCG CCC CCG CCC CCC CCT CGG AGA CAC CGC CGC CGC CGC CGC CGC CGC CGC CGC CGC CGG CGT AGG CGA CGC CGC CGC CGG CGG CGG CGG CGG CTC CTC CTC CTC CTC CTC CTG CTG CTC CTC CTC CTG CTG CTG CTG CTG CTG CTG CTG CTG CTG CTG CTG CTG CTG GGG CTC CTC CTG GAG GAG GAC GAC GAC GAC GAC GAC GAC GAC GAC GAC GAC GAC GAT GAA GAA GAC GAG GAG GAG GAG GAG GAG GAG GAG GAG GAG GAC GAC GAC GAT GCA GCG GCC GCC GCC GCC GCC GCC GCC GCC GCG GCG GCG GCT GCC GCC GCG GCG GCG GCG GGC GCA GCA GGG GGG AGC GGC GGC GGC GGC GGC GGC GGC GGC GGC GGT GGC GGC GGG GGG GGC GTC GTC GTC GTC GTC GTC GTG GTC GTC GTC GTG GTG GTG GTG GTG GTG GTG GTG GTG GTT GTG TAC TAC TTC TAT TCC TCG TCC TCC TCC TCC TCG TCG ACC TCC TCC TCG TCT TGC TGC TGT TGG TTG TTC TTC TTC TTC TTC TTC TTC TTC TTC TTC TTC TTC CTG CTG CTG TTC TTC TTC TTC
Pan troglodytes                             --- --- --- --- --- --- --- --- --- --- AAG AAG --- AAC AAC AAT AAT --- --- --- AAA AAG AAG AAG AAG AAG AAG AAG AAG AGG CGT ACG --- --- --- ACC ACC ACC ACC ACC AGG AGG AGG --- --- --- AGC AGC AGC AGC AGC --- AGG AGG AGG AGG CGG CGG AGT ATC ATT --- --- ATC ATC ATC ATC ATC ATC ATT ATT GTC --- ATG ATG ATC ATT ATC CAA --- CAC CAC CAC CAT TAT --- CAG CAG CAG CAT CCG CCC CCG CCT CCT CCG --- CCG CCT CCA --- AGA CGC --- --- --- --- --- --- CGC CGC CGC CGG --- --- AGG CGA --- --- CGG --- --- --- --- CGG --- --- CTC CTC CTC CTC CTC CTG --- --- CTG --- --- CTC CTC CTG CTG CTG CTG CTG CTG CTG CTG CTG CTG --- --- CTT CTT --- GAG --- --- --- --- GAC GAC GAC GAC GAC GAT GAT GAT GAT GAA GAA GAG --- --- --- --- GAG GAG GAG GAG GAG GAG GAC GAC GAT GAC GCG GCA --- --- --- --- GCC GCC GCC GCT --- --- GCT GCC --- --- --- --- --- --- --- GCA GCT --- GGA AGC --- --- --- --- GGC GGC GGC GGC GGC GGC GGC GGC GGG GGG GGG GTT --- GTC GTC GTC GTC GTC GTC GTG GTT --- --- AGT GTG GTG GTG GTG GTG GTG GTT GTC TAC TAC TAC TAC TCC TCG --- CCT TCC TCC TCC TCT ACC TCC TCC TCA TCT --- TGC TGC TGG TTG --- --- --- TTC TTC TTC TTC TTC TTC TTT TTT TTT --- --- CTG TTC TTC TTC TTT
Danio rerio                                 --- --- CAC GAC GAT GCC GCT --- AGT CGG AAG AAG AAT AAC AAC AGT AAC AAA AAG AAG AAG AAA AAA AAA AAG AAG CGA CGC TGC CGG AAG ACC ACA ACC ACC ACC ACC ACC ACT ACT CGG CGG AAT AGC AGC AGT AGC AGC AGT CAG GGT ACC CAG CGG CGT CGC CGC CGC AGT ATT ATT ATC GTC ATA ATA ATC ATC ATC ATT ATC ATT ATT ATG ATG ATG ATT ATT ATT CAG CAC CAC CAC CAC CAT AAC CAG CAA CAG CAG CAT TCC CCT CCA TCC CCG CCT CCC CCC GCT CCA AAG CGT CGC AAA AGG CGC CGC CGC GTG AGG CGC GCC CGA CGC CGG CGA CGA AAA CGG CGC CGA CGC CGG CGG CGG CTC CTG CTC CTC CTC CTG CTC CTG CTC CTG GTT CTG CTG CTT CTT ATG CTC CTG CTG CTG CTT CTT TTA TTG TTG ATG ATC CTT CTG GAG GAA AAC GAC GAG GAT AAC GAC GAC GAC GAT GAC GAC GAT GAT GAA GAA GAA GAC GAG GAG GAT GAA GAA GAG GAG GAG GTG GAC GAC GAT GAC GCA GCA AAG AGG GCT GGG GCC GCC TGC GCC GCC GCG GCC TCC GAC TCC --- CGG GCG TCG GAG GCC GCC ACC GGA ATC CGC GGA GGA GGC GGA GGA GGC GGC GGC GGC GGC GGC GGC GGC AGT GTG GTG GTC GTG GTG GTT GTG GTG GTC GTC ATA GTG GTG GTA GTA GTC GTG GTG GTG GTA GTC TAC TAT TAT TAT TCC TCA TCC GCT TCC TCC TCC AGC AAG TCC TCT ATG TCT TGT TGC TGC TGG TTG TTC TTT TTT TAC TCC TTC TTC TTT TTT GTG TTC TTT CTG TTA CTG TTC TTC TTT TTT
Homo sapiens                                --- --- --- --- --- --- --- --- GGC GGC AAG AAG AAC AAC AAC AAT AAT AAG AAG AAG AAA AAA AAG AAG AAG AAG AAG AAG AAG AGG AAG ACG ACG ACC ACC ACC ACC ACC ACC ACC AGA AGG AGG AGC AGC AGC AGC AGC AGC AGC AGC AGG AGG AGG AGG AGG CGG CGG AGT ATC ATT ATC ATC ATC ATC ATC ATC ATC ATC ATT ATT GTC ATG ATG ATG ATC ATT ATC CAA CAC CAC CAC CAC CAT TAT CAG CAG CAG CAG CAT CCG CCC CCG CCT CCT CCG CCG CCG CCT CCA CGG AGA CGC CGC CGC CGC CGC CGT CGC CGC CGC CGC CGG CGC CGC AGG CGA CGC CGC CGG CGG CGG AGG CGG CGG CTC CTC CTC CTC CTC CTC CTC CTG CTG CTG CTG CTG CTG CTC CTC CTG CTG CTG CTG CTG CTG CTG CTG CTG CTG CTG CTC CTT CTT GAG GAG GAC GAC GAC GAC GAC GAC GAC GAC GAC GAT GAT GAT GAT GAA GAG GAG GAG GAG GAG GAG GAG GAG GAG GAG GAG GAG GAC GAC GAT GAC GCG GCA GCC GCC GCC GCC GCC GCC GCC GCT GCG GCC GCT GCC GCG GCG GCG GCG GCG GCG AGC GCA GCT GGG GGA AGC GGC GGC GGC GGC GGC GGC GGC GGC GGC GGC GGC GGG GGG GGG GGG GTT GTG GTC GTC GTC GTC GTC GTC GTG GTT GTC GTG GTG GTG GTG GTG GTG GTG GTG GTT GTC TAC TAC TAC TAC TCC TCG TCC TCC TCC TCC TCC TCT ACC TCC TCC TCA TCT TGC TGC TGC TGG TTG TTC TTC TTC TTC TTC TTC TTC TTC TTC TTT TTC TTT CTG CTG CTG TTC TTC TTC TTT
Mus musculus                                --- --- --- --- --- --- --- --- --- --- AAA AAA AAC AAC AAC AAC AAC AAG AAG AAG AAG AAG AAG AAG AAG AAG AAG AAG AAG AAG AAG ACA ACC ACC ACC ACC ACC ACG ACC ACC AGA AGA AGA AGC AGC AGC AGC AGC AGC AGT AGC AGG AGG AGG AGG AGG AGG AGG AGT ATA ATA ATC ATC ATC ATC ATC ATC ATC ATC ATC ATC ATC ATG ATG ATG ATT ATT ATT CAA CAC CAC CAC CAC CAC CAC CAG CAG CAG CAG CAT CCA CCA CCA CCC CCC CCG CCG CCT CCT CCC CGA CGC CGC CGC CGC CGC CGC CGC CGC CGC CGC CGC CGC CGC CGC CGG CGA CGG CGG CGG CGG CGG CGG CGG CGG CTC CTT CTC CTC CTC CTC CTC CTC CTG CTG CTG CTG CTG CTC CTG CTG CTG CTG CTG CTG CTG CTG CTG CTG CTG CTG CTT CTC CTT GAG GAA GAC GAC GAC GAC GAC GAC GAC GAT GAC GAC GAC GAC GAC GAG GAA GAG GAG GAG GAG GAG GAG GAG GAA GAG GAG GAG GAC GAC GAT GAT GCA GCC GCC GCC GCC GCC GCC GCC GCC GCT GCC GCC GCC GCC GCG GCG GCG GCG GCG GCG GCG GCT GCT GGA GGA AGC GGC GGC GGC GGC GGC GGC GGC GGC GGT GGC GGG GGG GGC GGG GGT GTG GTC GTC GTC GTG GTC GTC GTG GTG GTT GTG GTG GTG GTG GTG GTG GTG GTG GTG GTT GTG TAC TAC TAC TAT TCG TCA TCC TCC TCC TCC TCC TCG TCT TCT TCA TCG TCT TGC TGC TGC TGG TTG TTC TTC TTC TTC TTC TTC TTC TTC TTC TTC TTC TTC CTG TTG CTG TTC TTT TTT TTT
Gallus gallus                               --- ATG CAG GCC AAG GAT GGC GGC GGC CGG AAA AAG AAC AAC AAT AAT AAT AAG AAA AAG AAA AAG AAA AAG AAA AAG AAA AAG AAG AAG AAG ACT ACT ACA ACC ACA ACC ACC ACT ACT CGG AGA AGG ACA AGC AGC AGC AGT AGC TGT AGC CGG AAG AGG AGA AGA AGA CGA AGC ATA ATT ATC ATC ATA ATT ATA ATC ATT ATC ATC ATA ATC ATG ATG GAT ATT ATC ATC CAA CAC CAC CAT TAT CAC TAC CAG CAG CAA CAG CAT TCG CCT CCT CCT CCC CCT CCA CCT CCC CCG AGG AGG CGC CAG CGG AGG CGG CGG CGC CGT CGT CAT CGT CGG GCA CGG CGG CGA CGC AGA AGG AGC CGG CGG CGG CTT TCT CTC CTG CTT CTC CTG CTG TTG CTG TTG ACA CTG CTT CTC ATG TTG CTA CTG CTT CTG CTT TTG CTG TTG ATG CTC CTG CTG GAG GAA GAT GAC GAG GCC GAC GAC GAT GAC GAT GAC GAT GAC GAC GAG GAA GAG GAG GAG GAT CCG GAA GAG GAG GAA GAG GAT GAC GAT GAT GAT GCT GCC GCC ACG AAC GAG GCA GCT GCC GCT GCC GCG GCC GCT AGC GCC GAG GCG GCG GCG AAG GCA GCT CGA GGA AGT AAG GGG GGT GGC GGC GGT GGA GGT GGC GGA GGA GCA GGA GGA GGT GTT GTC GTC GTT GTG GTT GTT GTC GTC ATC GTG TTC GAC GTA GTG GTG ATC GTA GTG GTT GTA TAC TAT TAT TAC TCC TCA TCC CTT TCC TCT TCC TCA ACT TCA TCT TGC ACG TCG TGC TGC TGG CTG TTC TAC TTC TTC TTT TTC TTT TTC TTT TTC TTT TAT CTG GGA TTG TTT TTT TTT TTC



    2    1    1    1    1    1    1    1    1    1    1    1    1    7    4
    1    1    1    1    2    1    1    3    2    2    7    1    1    1    1
    1    1    1    1    1    3    2    1    1    1    1    1    1    1    1
    1    1    1    1    1    1    1    1    1    1    1    1    1    1    1
    1    5    1    1    2    2    2    2    1    1    1    1    1    8    1
    1    1    1    1    1    2    1    1    1    1    2    2    3    8    2
    1    1    1    1    1    1    1    1    1    1    1    1    1    1    2
    2    2    1    1    1    2    1    1    1    1    1    1    1    1    1
    1    1    1    1    1    1    1    1    1    1    1    1    1    1    1
    1    1    4    1    1    1    1    1    4    2    1    1    1    1    1
    1    1    1    1    1    1    1    2    2    1    1    3    4    1    2
    1    1    1    1    1    1    1    1    4    1    1    3    1    1    2
    4    1    1    1    1    1    1    1    1    1    1    1    2    1    1
    1    1    1    1    1    1    1    1    1    1    1    1    1    1    1
    1    1    1    1    1    2    1    1    1    1    1    1    1    1    1
    2    1    1    1    1    1    1    1    1    1    1    1    1    1    1
    1    1    2    1    3    2    1    1    1    2    1    1    1    1    1
    1    1    1    1    1    1    1    1    1    1    1    1    1    3    1
    2    1    1    1    1    4    2    6    2    1    1    1    1    1    1
    1    1    1    1

CODONML (in paml version 4.4b, July 2010)  torun.nuc
Model: One dN/dS ratio for branches Global clock 
Codon frequency model: F3x4
ns =   7  ls = 390

Codon usage in sequences
--------------------------------------------------------------------------------------------------------------
Phe TTT  4  0  4 13  3  3 | Ser TCT  1  1  2  2  2  3 | Tyr TAT  1  1  1  4  1  1 | Cys TGT  0  1  0  1  0  0
    TTC 23 28 19 11 24 24 |     TCC  6  7  6 11  8  5 |     TAC  4  4  5  2  5  4 |     TGC  3  2  2  4  3  3
Leu TTA  1  0  0  2  0  0 |     TCA  2  0  1  1  1  2 | *** TAA  0  0  0  0  0  0 | *** TGA  0  0  0  0  0  0
    TTG  3  1  1  3  1  2 |     TCG  4  4  1  1  1  3 |     TAG  0  0  0  0  0  0 | Trp TGG  3  3  3  3  3  3
--------------------------------------------------------------------------------------------------------------
Leu CTT  3  0  2  5  2  3 | Pro CCT  3  1  4  2  3  2 | His CAT  2  0  3  3  3  2 | Arg CGT  0  1  1  2  1  0
    CTC  8 11  7  7 10  9 |     CCC  2  6  1  2  1  3 |     CAC  7  9  4  6  5  7 |     CGC 18 17  5 16 17 18
    CTA  0  0  0  0  0  0 |     CCA  3  1  1  2  1  3 | Gln CAA  1  0  1  2  1  1 |     CGA  1  1  1  5  1  2
    CTG 25 27 17 19 27 26 |     CCG  2  2  4  1  5  2 |     CAG 15 16 13 16 15 15 |     CGG 10 10  5 11  9  9
--------------------------------------------------------------------------------------------------------------
Ile ATT  3  1  4  8  4  3 | Thr ACT  1  0  0  2  0  0 | Asn AAT  0  1  2  2  2  0 | Ser AGT  1  0  2  6  1  2
    ATC 19 23 13 14 19 19 |     ACC 10 12  9 11 11 10 |     AAC 14 13 11 15 12 14 |     AGC  8 10  6  5 10  8
    ATA  2  0  0  4  0  2 |     ACA  1  0  0  1  0  1 | Lys AAA  2  0  1  9  2  2 | Arg AGA  3  1  1  0  2  3
Met ATG 10 10  9 13 10 10 |     ACG  0  1  1  0  2  1 |     AAG 25 27 20 19 24 25 |     AGG  7  7  9  4 10  7
--------------------------------------------------------------------------------------------------------------
Val GTT  1  1  3  2  3  2 | Ala GCT  2  1  3  4  3  3 | Asp GAT  4  2  5  8  5  3 | Gly GGT  1  1  0  1  0  2
    GTC  6  9  8  7  9  5 |     GCC 13 11  5 10 10 13 |     GAC 21 24 14 18 20 22 |     GGC 12 16  8 11 14 11
    GTA  1  0  0  3  0  0 |     GCA  2  3  2  2  2  1 | Glu GAA  2  2  2  8  1  3 |     GGA  2  0  1  5  1  2
    GTG 17 15 11 17 14 18 |     GCG  7  8  1  2  8  7 |     GAG 22 21 14 16 23 21 |     GGG  5  8  4  1  6  4
--------------------------------------------------------------------------------------------------------------

--------------------------------------------------
Phe TTT  9 | Ser TCT  3 | Tyr TAT  5 | Cys TGT  1
    TTC 17 |     TCC  4 |     TAC  4 |     TGC  3
Leu TTA  0 |     TCA  3 | *** TAA  0 | *** TGA  0
    TTG  6 |     TCG  2 |     TAG  0 | Trp TGG  3
--------------------------------------------------
Leu CTT  7 | Pro CCT  5 | His CAT  4 | Arg CGT  4
    CTC  4 |     CCC  2 |     CAC  4 |     CGC  3
    CTA  1 |     CCA  1 | Gln CAA  4 |     CGA  3
    CTG 18 |     CCG  2 |     CAG 14 |     CGG 14
--------------------------------------------------
Ile ATT  6 | Thr ACT  5 | Asn AAT  6 | Ser AGT  2
    ATC 15 |     ACC  4 |     AAC  9 |     AGC  8
    ATA  5 |     ACA  6 | Lys AAA  9 | Arg AGA  5
Met ATG 12 |     ACG  2 |     AAG 22 |     AGG  7
--------------------------------------------------
Val GTT  5 | Ala GCT  5 | Asp GAT 15 | Gly GGT  4
    GTC  4 |     GCC  8 |     GAC 12 |     GGC  7
    GTA  5 |     GCA  5 | Glu GAA  7 |     GGA  8
    GTG  7 |     GCG  4 |     GAG 18 |     GGG  1
--------------------------------------------------

Codon position x base (3x4) table for each sequence.

#1: Rattus norvegicus
position  1:    T:0.14512    C:0.26385    A:0.27968    G:0.31135
position  2:    T:0.33245    C:0.15567    A:0.31662    G:0.19525
position  3:    T:0.07124    C:0.45910    A:0.06069    G:0.40897
Average         T:0.18294    C:0.29288    A:0.21900    G:0.30519

#2: Bos taurus     
position  1:    T:0.13613    C:0.26702    A:0.27749    G:0.31937
position  2:    T:0.32984    C:0.15183    A:0.31414    G:0.20419
position  3:    T:0.03141    C:0.52880    A:0.02094    G:0.41885
Average         T:0.16579    C:0.31588    A:0.20419    G:0.31414

#3: Pan troglodytes
position  1:    T:0.15901    C:0.24382    A:0.31095    G:0.28622
position  2:    T:0.34629    C:0.14488    A:0.33922    G:0.16961
position  3:    T:0.12721    C:0.43463    A:0.03887    G:0.39929
Average         T:0.21084    C:0.27444    A:0.22968    G:0.28504

#4: Danio rerio    
position  1:    T:0.15065    C:0.25714    A:0.29351    G:0.29870
position  2:    T:0.33247    C:0.14026    A:0.33247    G:0.19481
position  3:    T:0.16883    C:0.38961    A:0.11429    G:0.32727
Average         T:0.21732    C:0.26234    A:0.24675    G:0.27359

#5: Homo sapiens   
position  1:    T:0.13648    C:0.26509    A:0.28609    G:0.31234
position  2:    T:0.33071    C:0.15223    A:0.31234    G:0.20472
position  3:    T:0.08661    C:0.46719    A:0.03150    G:0.41470
Average         T:0.18460    C:0.29484    A:0.20997    G:0.31059

#6: Mus musculus   
position  1:    T:0.13984    C:0.26913    A:0.28232    G:0.30871
position  2:    T:0.33245    C:0.15567    A:0.31662    G:0.19525
position  3:    T:0.07652    C:0.46174    A:0.05805    G:0.40369
Average         T:0.18294    C:0.29551    A:0.21900    G:0.30255

#7: Gallus gallus  
position  1:    T:0.15464    C:0.23196    A:0.31701    G:0.29639
position  2:    T:0.31186    C:0.15722    A:0.34278    G:0.18814
position  3:    T:0.22165    C:0.27835    A:0.15979    G:0.34021
Average         T:0.22938    C:0.22251    A:0.27320    G:0.27491

Sums of codon usage counts
------------------------------------------------------------------------------
Phe F TTT      36 | Ser S TCT      14 | Tyr Y TAT      14 | Cys C TGT       3
      TTC     146 |       TCC      47 |       TAC      28 |       TGC      20
Leu L TTA       3 |       TCA      10 | *** * TAA       0 | *** * TGA       0
      TTG      17 |       TCG      16 |       TAG       0 | Trp W TGG      21
------------------------------------------------------------------------------
Leu L CTT      22 | Pro P CCT      20 | His H CAT      17 | Arg R CGT       9
      CTC      56 |       CCC      17 |       CAC      42 |       CGC      94
      CTA       1 |       CCA      12 | Gln Q CAA      10 |       CGA      14
      CTG     159 |       CCG      18 |       CAG     104 |       CGG      68
------------------------------------------------------------------------------
Ile I ATT      29 | Thr T ACT       8 | Asn N AAT      13 | Ser S AGT      14
      ATC     122 |       ACC      67 |       AAC      88 |       AGC      55
      ATA      13 |       ACA       9 | Lys K AAA      25 | Arg R AGA      15
Met M ATG      74 |       ACG       7 |       AAG     162 |       AGG      51
------------------------------------------------------------------------------
Val V GTT      17 | Ala A GCT      21 | Asp D GAT      42 | Gly G GGT       9
      GTC      48 |       GCC      70 |       GAC     131 |       GGC      79
      GTA       9 |       GCA      17 | Glu E GAA      25 |       GGA      19
      GTG      99 |       GCG      37 |       GAG     135 |       GGG      29
------------------------------------------------------------------------------

(Ambiguity data are not used in the counts.)


Codon position x base (3x4) table, overall

position  1:    T:0.14552    C:0.25728    A:0.29181    G:0.30539
position  2:    T:0.33023    C:0.15134    A:0.32441    G:0.19402
position  3:    T:0.11176    C:0.43073    A:0.07062    G:0.38688
Average         T:0.19583    C:0.27978    A:0.22895    G:0.29543

Codon frequencies under model, for use in evolver (TTT TTC TTA TTG ... GGG):
  0.00550020  0.02119869  0.00347582  0.01904063
  0.00252066  0.00971503  0.00159291  0.00872602
  0.00540325  0.02082504  0.00000000  0.00000000
  0.00323161  0.01245517  0.00000000  0.01118721
  0.00972436  0.03747929  0.00614525  0.03366383
  0.00445652  0.01717617  0.00281627  0.01542761
  0.00955295  0.03681867  0.00603693  0.03307046
  0.00571349  0.02202074  0.00361061  0.01977898
  0.01102974  0.04251045  0.00697018  0.03818281
  0.00505476  0.01948187  0.00319433  0.01749858
  0.01083532  0.04176115  0.00684732  0.03750979
  0.00648046  0.02497676  0.00409529  0.02243408
  0.01154309  0.04448899  0.00729459  0.03995993
  0.00529002  0.02038861  0.00334300  0.01831301
  0.01133963  0.04370482  0.00716601  0.03925559
  0.00678207  0.02613924  0.00428589  0.02347822



Nei & Gojobori 1986. dN/dS (dN, dS)
(Pairwise deletion)
(Note: This matrix is not used in later ML. analysis.
Use runmode = -2 for ML pairwise comparison.)

Rattus norvegicus   
Bos taurus           0.0290 (0.0128 0.4396)
Pan troglodytes      0.0332 (0.0184 0.5540) 0.0446 (0.0184 0.4125)
Danio rerio          0.0919 (0.1035 1.1274) 0.1024 (0.1092 1.0666) 0.0652 (0.0815 1.2514)
Homo sapiens         0.0238 (0.0096 0.4050) 0.0303 (0.0104 0.3422) 0.2411 (0.0091 0.0379) 0.0969 (0.1058 1.0924)
Mus musculus         0.0088 (0.0012 0.1303) 0.0276 (0.0116 0.4196) 0.0322 (0.0168 0.5225) 0.0961 (0.1036 1.0774) 0.0216 (0.0085 0.3922)
Gallus gallus        0.0383 (0.0764 1.9952) 0.0412 (0.0820 1.9917)-1.0000 (0.0369 -1.0000) 0.0628 (0.1486 2.3640) 0.0296 (0.0735 2.4812) 0.0399 (0.0745 1.8687)


TREE #  1:  (((((5, 3), (6, 1)), 2), 7), 4);   MP score: -1
lnL(ntime:  6  np:  8):  -3612.724439      +0.000000
   8..9     9..10   10..11   11..12   12..5    12..3    11..13   13..6    13..1    10..2     9..7     8..4  
 2.258973 1.398834 0.205174 0.204770 0.026818 0.051157 2.126350 0.012371
SEs for parameters:
 0.347434 0.212027 0.020654 0.019967 0.005390 0.009286 0.276612 0.002038

tree length =   6.40470

(((((5: 0.026818, 3: 0.026818): 0.177952, (6: 0.051157, 1: 0.051157): 0.153613): 0.000404, 2: 0.205174): 1.193660, 7: 1.398834): 0.860140, 4: 2.258973);

(((((Homo sapiens: 0.026818, Pan troglodytes: 0.026818): 0.177952, (Mus musculus: 0.051157, Rattus norvegicus: 0.051157): 0.153613): 0.000404, Bos taurus: 0.205174): 1.193660, Gallus gallus: 1.398834): 0.860140, Danio rerio: 2.258973);

Detailed output identifying parameters

kappa (ts/tv) =  2.12635

omega (dN/dS) =  0.01237

dN & dS for each branch

 branch          t       N       S   dN/dS      dN      dS  N*dN  S*dS

   8..9      0.860   971.7   198.3  0.0124  0.0197  1.5949  19.2 316.3
   9..10     1.194   971.7   198.3  0.0124  0.0274  2.2134  26.6 438.9
  10..11     0.000   971.7   198.3  0.0124  0.0000  0.0007   0.0   0.1
  11..12     0.178   971.7   198.3  0.0124  0.0041  0.3300   4.0  65.4
  12..5      0.027   971.7   198.3  0.0124  0.0006  0.0497   0.6   9.9
  12..3      0.027   971.7   198.3  0.0124  0.0006  0.0497   0.6   9.9
  11..13     0.154   971.7   198.3  0.0124  0.0035  0.2848   3.4  56.5
  13..6      0.051   971.7   198.3  0.0124  0.0012  0.0949   1.1  18.8
  13..1      0.051   971.7   198.3  0.0124  0.0012  0.0949   1.1  18.8
  10..2      0.205   971.7   198.3  0.0124  0.0047  0.3804   4.6  75.4
   9..7      1.399   971.7   198.3  0.0124  0.0321  2.5938  31.2 514.4
   8..4      2.259   971.7   198.3  0.0124  0.0518  4.1888  50.4 830.6

tree length for dN:       0.1469
tree length for dS:      11.8761


Time used:  0:11
