
seed used = 1418832325
      8   1641

Pan troglodytes                            --- --- --- --- --- --- --- ATG ACA GCC ATC ATC AAA GAG ATC GTT AGC AGA AAC AAA AGG AGA TAT CAA GAG GAT GGA TTC GAC TTA GAC TTG ACC TAT ATT TAT CCA AAC ATT ATT GCT ATG GGA TTT CCT GCA --- GAA AGA CTT GAA GGC GTA TAC AGG AAC AAT ATT GAT GAT GTA GTA AGG TTT TTG GAT TCA AAG CAT AAA AAC CAT TAC AAG ATA TAC AAT CTT TGT GCT GAA AGA CAT TAT GAC ACC GCC AAA TTT AAT TGC AGA GTT GCA CAA TAT CCT TTT GAA GAC CAT AAC CCA CCA CAG CTA GAA CTT ATC AAA CCC TTT TGT GAA GAT CTT GAC CAA TGG CTA AGT GAA GAT GAC AAT CAT GTT GCA GCA ATT CAC TGT AAA GCT GGA AAG GGA CGA ACT GGT GTA ATG ATT TGT GCA TAT TTA TTA CAT CGG GGC AAA TTT TTA AAG GCA CAA GAG GCC CTA GAT TTC TAT GGG GAA GTA AGG ACC AGA GAC AAA AAG GGA GTA ACT ATT CCC AGT CAG AGG CGC TAT GTG TAT TAT TAT AGC TAC CTG TTA AAG AAT CAT CTG GAT TAT AGA CCA GTG GCA CTG TTG TTT CAC AAG ATG ATG TTT GAA ACT ATT CCA ATG --- TTC AGT GGC GGA ACT TGC AAT CCT CAG TTT GTG GTC TGC CAG CTA AAG GTG AAG ATA TAT TCC TCC AAT TCA GGA CCC ACA --- --- --- --- --- --- --- --- --- CGA CGG GAA GAC AAG TTC ATG TAC TTT GAG TTC CCT CAG CCG TTA CCT GTG TGT GGT GAT ATC AAA GTA GAG TTC TTC CAC AAA --- CAG AAC AAG ATG CTA AAA AAG GAC AAA ATG TTT CAC TTT TGG GTA AAT ACA TTC TTC ATA CCA GGA CCA GAG GAA ACC TCA GAA AAA GTA GAA AAT GGA AGT CTA --- TGT GAT CAA GAA ATC GAT AGC ATT TGC AGT ATA GAG CGT GCA GAT AAT GAC AAG GAA TAT CTA GTA CTT ACT TTA ACA AAA AAT GAT CTT GAC AAA GCA AAT AAA GAC AAA GCC AAC CGA TAC TTT TCT CCA AAT TTT AAG GTG AAA CTG TAC TTC --- --- --- --- --- --- --- --- --- --- --- --- --- --- --- --- --- --- --- --- --- --- --- --- --- --- --- --- --- --- --- --- --- --- --- --- --- --- --- --- --- --- --- --- --- --- --- --- --- --- --- --- --- --- --- --- --- --- --- --- --- --- --- --- --- --- --- --- --- --- --- --- --- --- --- --- --- ACA AAA ACA GTA GAG GAG CCG TCA AAT CCA GAG GCT AGC AGT TCA ACT TCT GTA ACA CCA GAT GTT AGT GAC AAT GAA CCT GAT CAT TAT AGA --- --- --- --- --- --- --- --- --- --- --- --- --- --- --- --- --- --- --- --- --- --- --- --- --- --- --- --- --- --- --- --- --- --- --- --- --- --- --- --- --- --- TAT TCT GAC ACC ACT GAC TCT GAT CCA GAG AAT GAA CCT TTT GAT GAA GAT --- --- --- --- --- CAG CAT ACA CAA ATT ACA AAA GTC 
Danio rerio                                --- --- --- --- --- --- --- ATG GCT GCG ATC ATA AAG GAA TTT GTC AGT AGA AAT AAA AGG AGA TAC CAA GAA GAC GGG TTC GAC TTG GAC TTG ACA TAC ATT TAT CCT AAC ATA ATA GCT ATG GGT TTC CCT GCT --- GAA AGA CTG GAG GGT GTA TAT AGA AAC AAC ATA GAT GAT GTA GTG AGG TTT CTT GAT TCA AAG CAT AAA GAT CAT TAC AAG ATA TAT AAC CTA TGT GCA GAA AGA CAT TAC GAT ACT GCC AAA TTT AAC TGC AGA GTT GCA CAG TAT CCA TTT GAG GAT CAC AAT CCT CCT CAG CTA GAG CTC ATT AAA CCT TTC TGT GAA GAT TTG GAT AAA TGG CTC AGT GAA AAT GAC AAT CAT GTG GCT GCC ATT CAC TGC AAA GCT GGA AAG GGA AGA ACG GGT GTC ATG ATT TGT GCG TAC TTG TTA CAC CGA GGC AAA TTC AAA AAA GCA CAA GAG GCT CTG GAC TTC TAC GAT GAA GTT AGG ACC AGA GAC AAG AAG GGA GTG ACT ATT CCC AGT CAG AGG CGA TAT GTG TAC TAC TAT AGC TAC CTT CTG AGG AAT AAG CTG GAG TAC AAA CCT GTG GCC TTG CTC TTT CAC AAG ATG GTG TTT GAG ACT GTG CCT ATG --- TTC AGT GGA GGG ACC TGC AAT CCT CAG TTT GTG GTG TAC CAG CTG AAG GTG AAA ATT CAC ACC TCA AAC CCA GCG CAC ACA --- --- --- --- --- --- --- --- --- AGA AGA GAG GAG AAG TAC ATG TTC TTC GAA TTT CCT CAA CCA CTG CCT GTG TGT GGG GAC ATC AAG GTG GAG TTC TTC CAC AAA --- CAA AAC AAG ATG ATG AAG AAG GAG AAA ATG TTC CAC TTC TGG GTG AAC ACC TTT TTC ATC CCT GGG TCA GAG GAG AGC ACA GAG AAA GTG GAA AAT GGA GGT TTA --- --- GTG AAG GAC CTG GAT GGA ATA CAA ACA GCA GAG AGA GGA GAG AAT GAC AAA GAC TAT TTA ATT CTT ACT TTA AGT AAG ACG GAT TTG GAT AAA GCG AAC AAG GAT AAA GCC AAC AGA TAC TTC TCT CCC AAT TTT AAA GTG AAA ATG TTT TTC --- --- --- --- --- --- --- --- --- --- --- --- --- --- --- --- --- --- --- --- --- --- --- --- --- --- --- --- --- --- --- --- --- --- --- --- --- --- --- --- --- --- --- --- --- --- --- --- --- --- --- --- --- --- --- --- --- --- --- --- --- --- --- --- --- --- --- --- --- --- --- --- --- --- --- --- --- ACA AAA ACA GTG GAG GAA CCA TCC AAC TCA GAG GCC AGC ACT TCT ACT TCT GTA ACC CCG GAT GTT AGC GAT AAT GAA CCG GAC CAT TAT CGT --- --- --- --- --- --- --- --- --- --- --- --- --- --- --- --- --- --- --- --- --- --- --- --- --- --- --- --- --- --- --- --- --- --- --- --- --- --- --- --- --- --- TAT TCG GAC ACA ACA GAC TCA GAC CCT GAA AAT GAA CAG TAC GAT GAA GAA --- --- --- --- --- --- --- --- CAG ATT ACT AAA GTT 
Rattus norvegicus                          --- --- --- --- --- --- --- ATG ACA GCC ATC ATC AAA GAG ATC GTT AGC AGA AAC AAA AGG AGA TAT CAA GAG GAT GGA TTC GAC TTA GAC TTG ACC TAT ATT TAT CCA AAT ATT ATT GCT ATG GGA TTT CCT GCA --- GAA AGA CTT GAA GGT GTA TAC AGG AAC AAT ATT GAT GAT GTA GTA AGG TTT TTG GAT TCA AAG CAT AAA AAC CAT TAC AAG ATA TAC AAT CTA TGT GCT GAG AGA CAT TAT GAC ACC GCC AAA TTT AAC TGC AGA GTT GCA CAG TAT CCT TTT GAA GAC CAT AAC CCA CCA CAG CTA GAA CTT ATC AAA CCC TTT TGT GAA GAT CTT GAC CAA TGG CTA AGT GAA GAC GAC AAT CAT GTT GCA GCA ATT CAC TGT AAA GCT GGG AAA GGA CGG ACT GGT GTA ATG ATT TGT GCA TAT TTA TTG CAT CGG GGC AAG TTT TTA AAG GCA CAA GAG GCC CTG GAT TTT TAT GGG GAA GTA AGG ACC AGA GAT AAA AAG GGA GTA ACT ATT CCC AGT CAG AGG CGC TAT GTA TAT TAT TAT AGC TAC CTG TTA AAG AAT CAC CTG GAT TAC AGA CCA GTG GCA CTG TTG TTT CAC AAG ATG ATG TTT GAA ACT ATT CCA ATG --- TTC AGT GGC GGA ACT TGC AAT CCC CAG TTT GTG GTC TGC CAG CTA AAG GTG AAG ATC TAC TCC TCC AAC TCA GGA CCC ACG --- --- --- --- --- --- --- --- --- CGG CGG GAG GAC AAG CTC ATG TAC TTT GAG TTC CCT CAG CCA TTG CCT GTG TGT GGT GAC ATC AAA GTA GAG TTC TTC CAC AAA --- CAG AAC AAG ATG CTC AAA AAG GAC AAA ATG TTT CAC TTT TGG GTA AAT ACG TTC TTC ATA CCA GGA CCA GAG GAA ACC TCA GAA AAA GTG GAA AAT GGA AGT CTT --- TGT GAT CAG GAA ATC GAT AGC ATT TGT AGT ATA GAG CGT GCG GAT AAT GAC AAG GAG TAT CTT GTG CTC ACC CTG ACA AAA AAT GAT CTT GAC AAA GCA AAC AAA GAC AAG GCC AAC CGA TAC TTC TCT CCA AAT TTT AAG GTG AAG TTA TAC TTC --- --- --- --- --- --- --- --- --- --- --- --- --- --- --- --- --- --- --- --- --- --- --- --- --- --- --- --- --- --- --- --- --- --- --- --- --- --- --- --- --- --- --- --- --- --- --- --- --- --- --- --- --- --- --- --- --- --- --- --- --- --- --- --- --- --- --- --- --- --- --- --- --- --- --- --- --- ACA AAA ACA GTA GAG GAG CCA TCA AAT CCA GAG GCT AGC AGT TCA ACT TCT GTG ACT CCA GAC GTT AGT GAC AAT GAA CCT GAT CAT TAT AGA --- --- --- --- --- --- --- --- --- --- --- --- --- --- --- --- --- --- --- --- --- --- --- --- --- --- --- --- --- --- --- --- --- --- --- --- --- --- --- --- --- --- TAT TCT GAC ACC ACT GAC TCT GAT CCA GAG AAT GAA CCT TTT GAT GAA GAT --- --- --- --- --- CAG CAT TCA CAA ATT ACA AAA GTC 
Mus musculus                               --- --- --- --- --- --- --- ATG ACA GCC ATC ATC AAA GAG ATC GTT AGC AGA AAC AAA AGG AGA TAT CAA GAG GAT GGA TTC GAC TTA GAC TTG ACC TAT ATT TAT CCA AAT ATT ATT GCT ATG GGA TTT CCT GCA --- GAA AGA CTT GAA GGT GTA TAC AGG AAC AAT ATT GAT GAT GTA GTA AGG TTT TTG GAT TCA AAG CAT AAA AAC CAT TAC AAG ATA TAC AAT CTA TGT GCT GAG AGA CAT TAT GAC ACC GCC AAA TTT AAC TGC AGA GTT GCA CAG TAT CCT TTT GAA GAC CAT AAC CCA CCA CAG CTA GAA CTT ATC AAA CCC TTC TGT GAA GAT CTT GAC CAA TGG CTA AGT GAA GAT GAC AAT CAT GTT GCA GCA ATT CAC TGT AAA GCT GGA AAG GGA CGG ACT GGT GTA ATG ATT TGT GCA TAT TTA TTG CAT CGG GGC AAA TTT TTA AAG GCA CAA GAG GCC CTA GAT TTT TAT GGG GAA GTA AGG ACC AGA GAC AAA AAG GGA GTC ACA ATT CCC AGT CAG AGG CGC TAT GTA TAT TAT TAT AGC TAC CTG CTA AAA AAT CAC CTG GAT TAC AGA CCC GTG GCA CTG CTG TTT CAC AAG ATG ATG TTT GAA ACT ATT CCA ATG --- TTC AGT GGC GGA ACT TGC AAT CCT CAG TTT GTG GTC TGC CAG CTA AAG GTG AAG ATA TAT TCC TCC AAT TCA GGA CCC ACG --- --- --- --- --- --- --- --- --- CGG CGG GAG GAC AAG TTC ATG TAC TTT GAG TTC CCT CAG CCA TTG CCT GTG TGT GGT GAT ATC AAA GTA GAG TTC TTC CAC AAA --- CAG AAC AAG ATG CTC AAA AAG GAC AAA ATG TTT CAC TTT TGG GTA AAT ACG TTC TTC ATA CCA GGA CCA GAG GAA ACC TCA GAA AAA GTG GAA AAT GGA AGT CTT --- TGT GAT CAG GAA ATC GAT AGC ATT TGC AGT ATA GAG CGT GCA GAT AAT GAC AAG GAG TAT CTT GTA CTC ACC CTA ACA AAA AAC GAT CTT GAC AAA GCA AAC AAA GAC AAG GCC AAC CGA TAC TTC TCT CCA AAT TTT AAG GTG AAA CTA TAC TTT --- --- --- --- --- --- --- --- --- --- --- --- --- --- --- --- --- --- --- --- --- --- --- --- --- --- --- --- --- --- --- --- --- --- --- --- --- --- --- --- --- --- --- --- --- --- --- --- --- --- --- --- --- --- --- --- --- --- --- --- --- --- --- --- --- --- --- --- --- --- --- --- --- --- --- --- --- ACA AAA ACA GTA GAG GAG CCA TCA AAT CCA GAG GCT AGC AGT TCA ACT TCT GTG ACT CCA GAT GTT AGT GAC AAT GAA CCT GAT CAT TAT AGA --- --- --- --- --- --- --- --- --- --- --- --- --- --- --- --- --- --- --- --- --- --- --- --- --- --- --- --- --- --- --- --- --- --- --- --- --- --- --- --- --- --- TAT TCT GAC ACC ACT GAC TCT GAT CCA GAG AAT GAA CCT TTT GAT GAA GAT --- --- --- --- --- CAG CAT TCA CAA ATT ACA AAA GTC 
Bos taurus                                 --- --- --- --- --- --- --- ATG ACA GCC ATC ATC AAA GAG ATC GTT AGC AGA AAC AAA AGG AGA TAT CAA GAG GAT GGA TTC GAC TTA GAC TTG ACC TAT ATT TAT CCA AAC ATT ATT GCT ATG GGC TTT CCT GCA --- GAA AGA CTT GAA GGT GTA TAC AGG AAC AAT ATA GAT GAT GTA GTA AGG TTT TTG GAT TCA AAG CAT AAA AAC CAT TAC AAG ATA TAC AAT CTA TGT GCT GAA AGA CAT TAT GAT ACC GCC AAA TTT AAT TGC AGA GTT GCA CAG TAT CCC TTT GAA GAC CAT AAT CCA CCA CAG TTA GAA CTT ATC AAA CCC TTT TGT GAA GAT CTT GAC CAA TGG CTA AGT GAA GAT GAC AAT CAT GTT GCA GCA ATT CAC TGT AAA GCT GGA AAG GGA CGA ACT GGT GTA ATG ATT TGT GCA TAT TTG TTA CAT CGG GGC AAA TTT TTA AAG GCA CAA GAG GCC CTA GAT TTC TAT GGG GAA GTA AGG ACC AGA GAC AAA AAG GGA GTA ACT ATT CCC AGT CAG AGG CGC TAT GTG TAT TAT TAT AGC TAC CTG TTA AAG AAT CAT CTG GAT TAT AGA CCA GTG GCA CTG TTG TTT CAC AAG ATG ATG TTT GAA ACT ATT CCA ATG --- TTC AGT GGT GGA ACT TGC AAT CCT CAG TTT GTG GTC TGC CAG CTA AAG GTG AAG ATA TAT TCC TCC AAT TCA GGA CCC ACA --- --- --- --- --- --- --- --- --- CGA CGG GAA GAC AAG TTC ATG TAC TTT GAG TTC CCT CAG CCA TTG CCT GTG TGT GGT GAC ATC AAA GTA GAG TTC TTC CAC AAA --- CAG AAC AAG ATG CTA AAA AAG GAC AAA ATG TTT CAC TTT TGG GTA AAC ACA TTC TTC ATA CCA GGA CCA GAG GAA ACC TCA GAA AAA GTA GAA AAT GGA AGT CTA --- TGT GAT CAA GAA ATT GAT AGT ATT TGC AGT ATA GAG CGT GCA GAT AAT GAC AAG GAA TAT CTA GTA CTC ACT TTA ACA AAA AAT GAT CTC GAC AAA GCA AAT AAA GAC AAG GCC AAC CGA TAC TTT TCT CCA AAT TTT AAG GTG AAG CTG TAC TTC --- --- --- --- --- --- --- --- --- --- --- --- --- --- --- --- --- --- --- --- --- --- --- --- --- --- --- --- --- --- --- --- --- --- --- --- --- --- --- --- --- --- --- --- --- --- --- --- --- --- --- --- --- --- --- --- --- --- --- --- --- --- --- --- --- --- --- --- --- --- --- --- --- --- --- --- --- ACA AAA ACA GTA GAG GAG TCA TCA AAT CCA GAG GCT AGC AGT TCA ACT TCT GTA ACA CCA GAT GTT AGT GAC AAT GAA CCT GAT CAT TAT AGA --- --- --- --- --- --- --- --- --- --- --- --- --- --- --- --- --- --- --- --- --- --- --- --- --- --- --- --- --- --- --- --- --- --- --- --- --- --- --- --- --- --- TAT TCT GAC ACC ACT GAC TCT GAT CCA GAG AAT GAA CCT TTT GAT GAA GAT --- --- --- --- --- CAG CAT ACA CAA ATT ACA AAA GTC 
Homo sapiens                               --- --- --- --- --- --- --- ATG ACA GCC ATC ATC AAA GAG ATC GTT AGC AGA AAC AAA AGG AGA TAT CAA GAG GAT GGA TTC GAC TTA GAC TTG ACC TAT ATT TAT CCA AAC ATT ATT GCT ATG GGA TTT CCT GCA --- GAA AGA CTT GAA GGC GTA TAC AGG AAC AAT ATT GAT GAT GTA GTA AGG TTT TTG GAT TCA AAG CAT AAA AAC CAT TAC AAG ATA TAC AAT CTT TGT GCT GAA AGA CAT TAT GAC ACC GCC AAA TTT AAT TGC AGA GTT GCA CAA TAT CCT TTT GAA GAC CAT AAC CCA CCA CAG CTA GAA CTT ATC AAA CCC TTT TGT GAA GAT CTT GAC CAA TGG CTA AGT GAA GAT GAC AAT CAT GTT GCA GCA ATT CAC TGT AAA GCT GGA AAG GGA CGA ACT GGT GTA ATG ATA TGT GCA TAT TTA TTA CAT CGG GGC AAA TTT TTA AAG GCA CAA GAG GCC CTA GAT TTC TAT GGG GAA GTA AGG ACC AGA GAC AAA AAG GGA GTA ACT ATT CCC AGT CAG AGG CGC TAT GTG TAT TAT TAT AGC TAC CTG TTA AAG AAT CAT CTG GAT TAT AGA CCA GTG GCA CTG TTG TTT CAC AAG ATG ATG TTT GAA ACT ATT CCA ATG --- TTC AGT GGC GGA ACT TGC AAT CCT CAG TTT GTG GTC TGC CAG CTA AAG GTG AAG ATA TAT TCC TCC AAT TCA GGA CCC ACA --- --- --- --- --- --- --- --- --- CGA CGG GAA GAC AAG TTC ATG TAC TTT GAG TTC CCT CAG CCG TTA CCT GTG TGT GGT GAT ATC AAA GTA GAG TTC TTC CAC AAA --- CAG AAC AAG ATG CTA AAA AAG GAC AAA ATG TTT CAC TTT TGG GTA AAT ACA TTC TTC ATA CCA GGA CCA GAG GAA ACC TCA GAA AAA GTA GAA AAT GGA AGT CTA --- TGT GAT CAA GAA ATC GAT AGC ATT TGC AGT ATA GAG CGT GCA GAT AAT GAC AAG GAA TAT CTA GTA CTT ACT TTA ACA AAA AAT GAT CTT GAC AAA GCA AAT AAA GAC AAA GCC AAC CGA TAC TTT TCT CCA AAT TTT AAG GTG AAG CTG TAC TTC --- --- --- --- --- --- --- --- --- --- --- --- --- --- --- --- --- --- --- --- --- --- --- --- --- --- --- --- --- --- --- --- --- --- --- --- --- --- --- --- --- --- --- --- --- --- --- --- --- --- --- --- --- --- --- --- --- --- --- --- --- --- --- --- --- --- --- --- --- --- --- --- --- --- --- --- --- ACA AAA ACA GTA GAG GAG CCG TCA AAT CCA GAG GCT AGC AGT TCA ACT TCT GTA ACA CCA GAT GTT AGT GAC AAT GAA CCT GAT CAT TAT AGA --- --- --- --- --- --- --- --- --- --- --- --- --- --- --- --- --- --- --- --- --- --- --- --- --- --- --- --- --- --- --- --- --- --- --- --- --- --- --- --- --- --- TAT TCT GAC ACC ACT GAC TCT GAT CCA GAG AAT GAA CCT TTT GAT GAA GAT --- --- --- --- --- CAG CAT ACA CAA ATT ACA AAA GTC 
Canis lupus familiaris                     --- --- --- --- --- --- --- ATG ACA GCC ATC ATC AAG GAG ATC GTC AGC AGA AAC AAA AGG CGC TAC CAG GAG GAT GGG TTC GAC TTG GAC TTG ACC TAT ATT TAT CCC AAC ATT ATT GCT ATG GGG TTT CCT GCA --- GAA AGA CTT GAA GGC GTA TAC AGG AAC AAT ATT GAT GAT GTA GTA AGG TTT TTG GAT TCA AAG CAT AAA AAC CAT TAC AAG ATA TAC AAT CTG TGT GCT GAA AGA CAT TAT GAT ACC GCC AAA TTT AAC TGC AGA GTT GCA CAG TAT CCT TTT GAA GAC CAT AAT CCA CCA CAG CTA GAA CTT ATC AAA CCC TTT TGT GAA GAT CTT GAC CAA TGG CTA AGT GAA GAT GAC AAT CAT GTT GCA GCA ATT CAC TGT AAA GCT GGA AAG GGA CGA ACT GGT GTA ATG ATT TGT GCA TAT TTA TTA CAT CGG GGC AAA TTT CTA AAG GCA CAA GAG GCC CTA GAT TTC TAT GGG GAA GTA AGG ACC AGA GAC AAA AAG GGA GTA ACT ATT CCC AGT CAG AGG CGC TAT GTG TAT TAT TAT AGC TAC CTG TTA AAG AAT CAT CTG GAT TAT AGA CCA GTG GCA CTG TTG TTT CAC AAG ATG ATG TTT GAA ACT ATT CCA ATG --- TTC AGT GGC GGA ACT TGC AAT CCT CAG TTT GTG GTC TGC CAG CTA AAG GTG AAG ATC TAT TCC TCC AAT TCA GGA CCC ACA --- --- --- --- --- --- --- --- --- CGA CGG GAA GAC AAG TTC ATG TAC TTT GAG TTC CCT CAG CCA TTG CCT GTG TGC GGT GAC ATC AAA GTA GAG TTC TTC CAC AAA --- CAG AAC AAG ATG CTA AAA AAG GAC AAA ATG TTT CAC TTT TGG GTA AAC ACA TTC TTC ATA CCA GGA CCA GAG GAA ACC TCA GAA AAA GTA GAA AAT GGA AGT CTA --- TGT GAT CAA GAA ATT GAT AGT ATT TGC AGT ATA GAA CGT GCA GAT AAT GAC AAG GAA TAT CTA GTA CTC ACT TTA ACA AAA AAT GAT CTC GAC AAA GCA AAT AAA GAC AAG GCC AAC CGA TAT TTT TCT CCA AAT TTT AAG GTG AAG CTG TAC TTC --- --- --- --- --- --- --- --- --- --- --- --- --- --- --- --- --- --- --- --- --- --- --- --- --- --- --- --- --- --- --- --- --- --- --- --- --- --- --- --- --- --- --- --- --- --- --- --- --- --- --- --- --- --- --- --- --- --- --- --- --- --- --- --- --- --- --- --- --- --- --- --- --- --- --- --- --- ACA AAA ACT GTA GAG GAG CCA TCA AAC CCG GAG GCT AGC AGT TCA ACT TCT GTG ACG CCA GAT GTT AGT GAC AAT GAA CCT GAT CAT TAT AGA --- --- --- --- --- --- --- --- --- --- --- --- --- --- --- --- --- --- --- --- --- --- --- --- --- --- --- --- --- --- --- --- --- --- --- --- --- --- --- --- --- --- TAT TCT GAC ACC ACT GAC TCT GAC CCA GAG AAT GAA CCC TTT GAT GAA GAT --- --- --- --- --- CAG CAC ACA CAA ATC ACA AAA GTC 
Gallus gallus                              --- --- --- --- --- --- --- ATG ACC GCC ATC ATC AAA GAG ATC GTC AGC AGG AAC AAA AGG CGC TAC CAG GAG GAT GGC TTC GAC CTG GAC CTG ACC TAT ATT TAT CCA AAC ATA ATT GCT ATG GGT TTT CCT GCG --- GAG AGG CTT GAA GGA GTA TAC CGG AAC AAT ATT GAT GAT GTA GTA AGG TTT TTG GAT TCA AAG CAT AAA AAC CAT TAC AAG ATA TAC AAT CTA TGT GCT GAA AGA CAT TAT GAC ACC GCC AAA TTT AAC TGC AGA GTT GCA CAG TAC CCC TTT GAA GAC CAT AAC CCA CCA CAG TTA GAG CTT ATC AAA CCT TTT TGT GAA GAT CTT GAC CAA TGG CTA AGT GAA GAT GAC AAT CAT GTT GCA GCA ATC CAC TGT AAA GCT GGA AAG GGA CGA ACT GGT GTA ATG ATA TGT GCA TAT TTG TTG CAT CGA GGC AAG TTT TTA AAG GCT CAA GAA GCC CTA GAT TTC TAT GGG GAA GTA AGG ACC AGA GAC AAG AAG GGA GTC ACA ATT CCC AGT CAG AGA CGC TAC GTG TAC TAC TAT AGC TAC CTG TTA AAG AAT CAC CTT GAT TAC AGA CCA GTG GCA CTG CTG TTT CAC AAG ATG ATG TTT GAA ACA ATT CCC ATG --- TTC AGT GGC GGA ACT TGC AAT CCT CAG TTT GTG GTG TAC CAG CTA AAG GTA AAG ATA TTC ACC TCC CCT TCA GGA CCC TCA --- --- --- --- --- --- --- --- --- AGA CGT GAA GAC AAG TAT ATG TAC TTT GAA TTC CCT CAA CCT TTG CCG GTA TGC GGT GAT ATC AAA GTG GAG TTC TTC CAC AAA --- CAG AAC AAG ATG TTG AAA AAG GAC AAA ATG TTT CAC TTT TGG GTA AAT ACA TTC TTC ATA --- GGA CTG GAT GAA AAT TCA GAC AAA GTA GAA AAT GGA AGT CTA GTT GCA GAT CAG GAA CTT GAT GGT ATT TTC AGT ACA GAG CGC TCA GAT AAT GAC AAG GAA TAT TTA ATC CTT ACA TTA ACA AAA AAT GAT CTA GAC AAA GCA AAT AAA GAC AAA GCC AAC AGA TAT TTT TCT CCA AAC TTC AAG GTG AAG CTA TTT TTC --- --- --- --- --- --- --- --- --- --- --- --- --- --- --- --- --- --- --- --- --- --- --- --- --- --- --- --- --- --- --- --- --- --- --- --- --- --- --- --- --- --- --- --- --- --- --- --- --- --- --- --- --- --- --- --- --- --- --- --- --- --- --- --- --- --- --- --- --- --- --- --- --- --- --- --- --- ACA AAA ACA GTA GAA GAG CCA TCA AAT CCC GAG GCT AGC AGT TCA ACT TCT GTA ACA CCA GAT GTT AGT GAC AAT GAA CCT GAT CAT TAC AGA --- --- --- --- --- --- --- --- --- --- --- --- --- --- --- --- --- --- --- --- --- --- --- --- --- --- --- --- --- --- --- --- --- --- --- --- --- --- --- --- --- --- TAC TCT GAC ACC ACT GAC TCT GAT CCA GAG AAT GAA CCT TTT GAT GAA GAT --- --- --- --- --- CAG CAT ACA CAG ATT ACA AAA GTC 



Printing out site pattern counts


         8        789  P

Pan troglodytes                             --- --- AAA AAA AAA AAA AAA AAA AAA AAC AAC AAC AAC AAC AAG AAG AAG AAG AAT AAT AAT AAT AAT AAT AAT AAT AAT ACA ACA ACA ACA ACA ACA ACA ACA ACA ACC ACC ACC ACC ACT ACT ACT ACT ACT ACT ACT AGA AGA AGA AGA AGA AGC AGC AGC AGG AGG AGG AGT AGT AGT AGT AGT ATA ATA ATA ATA ATC ATC ATC ATC ATC ATG ATG ATT ATT ATT ATT ATT ATT ATT ATT CAA CAA CAA CAA CAA CAA CAC CAG CAG CAG CAG CAT CAT CAT CAT CCA CCA CCA CCA CCA CCA CCA CCA CCA CCC CCC CCC CCG CCG CCT CCT CCT CCT CCT CCT CGA CGA CGA CGC CGG CGG CGT CTA CTA CTA CTA CTA CTA CTA CTG CTG CTG CTG CTT CTT CTT CTT CTT CTT GAA GAA GAA GAA GAA GAA GAA GAA GAA GAC GAC GAC GAC GAC GAG GAG GAG GAG GAG GAG GAT GAT GAT GAT GAT GAT GAT GAT GAT GCA GCA GCA GCA GCA GCA GCA GCC GCC GCC GCT GCT GCT GGA GGA GGA GGA GGA GGA GGC GGC GGC GGG GGT GGT GTA GTA GTA GTA GTA GTA GTA GTA GTA GTC GTC GTG GTG GTG GTT GTT GTT TAC TAC TAC TAC TAC TAT TAT TAT TAT TAT TAT TAT TCA TCA TCA TCA TCA TCC TCC TCT TCT TCT TGC TGC TGC TGG TGT TGT TGT TGT TTA TTA TTA TTA TTA TTA TTA TTC TTC TTC TTC TTC TTG TTG TTG TTT TTT TTT TTT TTT TTT
Danio rerio                                 --- --- AAA AAA AAA AAA AAG AAG AAG AAC AAC AAT AAT GAT AAA AAG AAG AGG AAC AAC AAC AAC AAC AAC AAT AAT ACG --- ACA ACA ACA ACC ACC ACT AGT GCT ACA ACC ACT AGC ACA ACC ACG ACT ACT ACT ACT AAA AGA AGA AGA CGT AGC AGT GGA AGA AGG AGG ACA ACT AGC AGT GGT ATA ATC ATT GCA ATA ATC ATT CTG TTT ATG GTG ATA ATA ATA ATT ATT ATT ATT GTG AAA AAG CAA CAA CAG CAG CAC --- CAA CAA CAG --- AAG CAC CAT CCC CCG CCT CCT CCT CCT CCT TCA TCA CAC CCC CCT CCA CCA CAG CCA CCG CCT CCT CCT AGA AGA AGA CGA AGA CGA AGA ATG CTA CTC CTG CTG TTA TTA ATG CTG CTT TTG CTA CTC CTG CTT TTG TTG GAA GAA GAA GAC GAC GAG GAG GAG GAG GAC GAC GAG GAT GAT GAA GAA GAG GAG GAG GAG AAT GAA GAC GAC GAC GAG GAT GAT GTG GCA GCA GCC GCG GCT GCT GGA GCC GCG GCT GCA GCC GCT GCG GGA GGA GGG GGG GGT GGA GGC GGT GAT GGG GGT ATT GTA GTA GTC GTG GTG GTG GTG GTT GTG GTT GTG GTG GTG GTC GTG GTT TAC TAC TAT TTC TTT CAC TAC TAC TAC TAC TAT TAT ACA CCA TCA TCC TCT ACC TCA TCA TCG TCT CAA TAC TGC TGG --- TGC TGT TGT AAA CTG CTG TTA TTA TTG TTG TAC TTC TTC TTC TTT CTC CTT TTG TAC TTC TTC TTC TTT TTT
Rattus norvegicus                           --- --- AAA AAG AAG AAG AAA AAA AAA AAC AAT AAC AAC AAC AAG AAA AAG AAG AAC AAC AAC AAT AAT AAT AAT AAT AAT TCA ACA ACA ACG ACG ACT ACA ACA ACA ACC ACC ACC ACC ACT ACT ACT ACC ACT ACT ACT AGA AGA AGA AGA AGA AGC AGC AGC AGG AGG AGG AGT AGT AGT AGT AGT ATA ATA ATC ATA ATC ATC ATC ATC ATC ATG ATG ATT ATT ATT ATT ATT ATT ATT ATT CAA CAG CAA CAA CAA CAG CAC CAG CAG CAG CAG CAT CAC CAT CAT CCA CCA CCA CCA CCA CCA CCA CCA CCA CCC CCC CCC CCA CCA CCT CCT CCT CCC CCT CCT CGA CGG CGG CGC CGG CGG CGT CTC CTA CTA CTA CTG CTT CTT TTA CTG CTG CTG CTA CTT CTT CTC CTT CTT GAA GAA GAG GAA GAG GAA GAA GAA GAG GAC GAT GAC GAC GAC GAG GAG GAG GAG GAG GAG GAC GAT GAC GAT GAT GAT GAC GAT GAT GCA GCA GCA GCA GCA GCA GCG GCC GCC GCC GCT GCT GCT GGA GGA GGG GGA GGA GGA GGC GGC GGT GGG GGT GGT GTG GTA GTG GTA GTA GTA GTA GTG GTA GTC GTC GTA GTG GTG GTT GTT GTT TAC TAC TAC TAC TAC TAC TAC TAT TAT TAT TAT TAT TCA TCA TCA TCA TCA TCC TCC TCT TCT TCT TGT TGC TGC TGG TGT TGT TGT TGT TTA TTA TTG CTG TTG TTA TTA CTC TTC TTC TTT TTC TTG TTG TTG TTT TTC TTT TTT TTT TTT
Mus musculus                                --- --- AAA AAA AAA AAG AAA AAA AAA AAC AAT AAC AAC AAC AAG AAG AAG AAA AAC AAC AAT AAT AAT AAT AAT AAT AAC TCA ACA ACA ACG ACG ACT ACA ACA ACA ACC ACC ACC ACC ACT ACT ACT ACC ACA ACT ACT AGA AGA AGA AGA AGA AGC AGC AGC AGG AGG AGG AGT AGT AGT AGT AGT ATA ATA ATA ATA ATC ATC ATC ATC ATC ATG ATG ATT ATT ATT ATT ATT ATT ATT ATT CAA CAG CAA CAA CAA CAG CAC CAG CAG CAG CAG CAT CAC CAT CAT CCA CCA CCA CCA CCA CCA CCC CCA CCA CCC CCC CCC CCA CCA CCT CCT CCT CCT CCT CCT CGA CGG CGG CGC CGG CGG CGT CTC CTA CTA CTA CTA CTT CTT CTA CTG CTG CTG CTA CTT CTT CTC CTT CTT GAA GAA GAG GAA GAG GAA GAA GAA GAG GAC GAC GAC GAC GAC GAG GAG GAG GAG GAG GAG GAT GAT GAT GAT GAT GAT GAT GAT GAT GCA GCA GCA GCA GCA GCA GCA GCC GCC GCC GCT GCT GCT GGA GGA GGA GGA GGA GGA GGC GGC GGT GGG GGT GGT GTA GTA GTG GTA GTA GTA GTC GTG GTA GTC GTC GTA GTG GTG GTT GTT GTT TAC TAC TAC TAC TAC TAT TAC TAT TAT TAT TAT TAT TCA TCA TCA TCA TCA TCC TCC TCT TCT TCT TGC TGC TGC TGG TGT TGT TGT TGT TTA CTA TTG CTA TTG TTA TTA TTC TTC TTT TTT TTC CTG TTG TTG TTT TTC TTC TTT TTT TTT
Bos taurus                                  --- --- AAA AAA AAG AAG AAA AAA AAA AAC AAC AAC AAT AAC AAG AAG AAG AAG AAT AAT AAT AAC AAT AAT AAT AAT AAT ACA ACA ACA ACA ACA ACA ACA ACA ACA ACC ACC ACC ACC ACT ACT ACT ACT ACT ACT ACT AGA AGA AGA AGA AGA AGC AGC AGT AGG AGG AGG AGT AGT AGT AGT AGT ATA ATA ATA ATA ATC ATC ATC ATT ATC ATG ATG ATA ATT ATT ATT ATT ATT ATT ATT CAA CAA CAA CAA CAA CAG CAC CAG CAG CAG CAG CAT CAT CAT CAT CCA CCA CCA CCA CCA CCA CCA CCA CCA CCC CCC CCC CCA TCA CCT CCC CCT CCT CCT CCT CGA CGA CGA CGC CGG CGG CGT CTA TTA CTA CTA CTA CTA CTA CTG CTG CTG CTG CTA CTT CTT CTC CTC CTT GAA GAA GAA GAA GAA GAA GAA GAA GAA GAC GAC GAC GAC GAT GAG GAG GAG GAG GAG GAG GAT GAT GAC GAT GAT GAT GAT GAT GAT GCA GCA GCA GCA GCA GCA GCA GCC GCC GCC GCT GCT GCT GGA GGA GGA GGA GGA GGC GGT GGC GGT GGG GGT GGT GTA GTA GTA GTA GTA GTA GTA GTA GTA GTC GTC GTG GTG GTG GTT GTT GTT TAC TAC TAC TAC TAC TAT TAT TAT TAT TAT TAT TAT TCA TCA TCA TCA TCA TCC TCC TCT TCT TCT TGC TGC TGC TGG TGT TGT TGT TGT TTA TTA TTG TTA TTA TTA TTG TTC TTC TTC TTC TTC TTG TTG TTG TTT TTT TTT TTT TTT TTT
Homo sapiens                                --- --- AAA AAA AAG AAA AAA AAA AAA AAC AAC AAC AAC AAC AAG AAG AAG AAG AAT AAT AAT AAT AAT AAT AAT AAT AAT ACA ACA ACA ACA ACA ACA ACA ACA ACA ACC ACC ACC ACC ACT ACT ACT ACT ACT ACT ACT AGA AGA AGA AGA AGA AGC AGC AGC AGG AGG AGG AGT AGT AGT AGT AGT ATA ATA ATA ATA ATC ATC ATC ATC ATC ATG ATG ATT ATT ATT ATA ATT ATT ATT ATT CAA CAA CAA CAA CAA CAA CAC CAG CAG CAG CAG CAT CAT CAT CAT CCA CCA CCA CCA CCA CCA CCA CCA CCA CCC CCC CCC CCG CCG CCT CCT CCT CCT CCT CCT CGA CGA CGA CGC CGG CGG CGT CTA CTA CTA CTA CTA CTA CTA CTG CTG CTG CTG CTT CTT CTT CTT CTT CTT GAA GAA GAA GAA GAA GAA GAA GAA GAA GAC GAC GAC GAC GAC GAG GAG GAG GAG GAG GAG GAT GAT GAT GAT GAT GAT GAT GAT GAT GCA GCA GCA GCA GCA GCA GCA GCC GCC GCC GCT GCT GCT GGA GGA GGA GGA GGA GGA GGC GGC GGC GGG GGT GGT GTA GTA GTA GTA GTA GTA GTA GTA GTA GTC GTC GTG GTG GTG GTT GTT GTT TAC TAC TAC TAC TAC TAT TAT TAT TAT TAT TAT TAT TCA TCA TCA TCA TCA TCC TCC TCT TCT TCT TGC TGC TGC TGG TGT TGT TGT TGT TTA TTA TTA TTA TTA TTA TTA TTC TTC TTC TTC TTC TTG TTG TTG TTT TTT TTT TTT TTT TTT
Canis lupus familiaris                      --- --- AAA AAA AAG AAG AAA AAA AAG AAC AAC AAC AAT AAC AAG AAG AAG AAG AAC AAT AAT AAC AAC AAT AAT AAT AAT ACA ACA ACT ACA ACA ACG ACA ACA ACA ACC ACC ACC ACC ACT ACT ACT ACT ACT ACT ACT AGA AGA AGA CGC AGA AGC AGC AGT AGG AGG AGG AGT AGT AGT AGT AGT ATA ATA ATC ATA ATC ATC ATC ATT ATC ATG ATG ATT ATT ATT ATT ATC ATT ATT ATT CAA CAA CAA CAG CAA CAG CAC CAG CAG CAG CAG CAC CAT CAT CAT CCA CCA CCA CCA CCA CCC CCA CCA CCG CCC CCC CCC CCA CCA CCC CCT CCT CCT CCT CCT CGA CGA CGA CGC CGG CGG CGT CTA CTA CTA CTA CTA CTA CTA CTG CTG CTG CTG CTG CTT CTT CTC CTC CTT GAA GAA GAA GAA GAA GAA GAA GAA GAA GAC GAC GAC GAC GAT GAG GAG GAA GAG GAG GAG GAT GAT GAC GAC GAT GAT GAT GAT GAT GCA GCA GCA GCA GCA GCA GCA GCC GCC GCC GCT GCT GCT GGA GGA GGA GGA GGG GGG GGC GGC GGC GGG GGT GGT GTA GTA GTG GTA GTA GTA GTA GTA GTA GTC GTC GTG GTG GTG GTC GTT GTT TAC TAT TAC TAC TAC TAT TAT TAC TAT TAT TAT TAT TCA TCA TCA TCA TCA TCC TCC TCT TCT TCT TGC TGC TGC TGG TGT TGT TGC TGT CTA TTA TTG TTA TTA TTG TTA TTC TTC TTC TTC TTC TTG TTG TTG TTT TTT TTT TTT TTT TTT
Gallus gallus                               --- GTT AAA AAG AAG AAA AAA AAG AAA AAC AAC AAC AAC AAC AAG AAG AAG AAG AAC AAT CCT AAT AAT AAT AAC AAT AAT ACA ACA ACA TCA ACA ACA ACA ACA ACC ACC ACC ACC AAT ACT ACT ACT ACA ACA ACA ACT AGA AGA AGG CGC AGA AGC AGC GGT CGG AGA AGG AGT AGT AGT AGT AGT ATA ATA ATA ACA ATC ATC ATC CTT ATC ATG ATG ATT ATA ATT ATA ATT ATC ATT ATT CAA CAG CAA CAG CAG CAG CAC CAG CAA CAG CAG CAT CAC CAT CAT CCA CCA --- CCA CCC CCA CCA CTG CCC CCC CCC CCT CCT CCA CCT CCC CCT CCT CCG CCT AGA AGA CGA CGC CGT CGA CGC TTG TTA CTA CTA CTA CTA TTA CTA CTT CTG CTG CTA CTT CTT CTT CTA CTT GAA GAG GAA GAA GAA GAA GAC GAG GAA GAC GAC GAC GAC GAC GAA GAG GAG GAA GAG GAT GAT GAT GAT GAT GAT GAT GAT GAT GAT GCA GCT GCA GCA GCA GCG TCA GCC GCC GCC GCT GCT GCT GGA GGA GGA GGA GGC GGT GGC GGC GGA GGG GGT GGT ATC GTA GTA GTA GTA GTG GTC GTA GTA GTG GTC GTG GTA GTG GTC GTT GTT TAC TAT TAC TAC TTT TTC TAC TAC TAC TAT TAC TAT TCA TCA TCA TCA TCA ACC TCC TCT TCT TCT TTC TAC TGC TGG GCA TGT TGC TGT TTA TTA TTG TTA TTG CTG TTG TAT TTC TTC TTC TTC CTG TTG CTG TTT TTT TTT TTT TTC TTT



  143    1   11    1    1    1    4    1    1    3    1    1    1    1    4
    1    8    1    1    1    1    1    1    2    1    7    1    1    1    1
    1    1    1    1    1    1    2    1    1    1    1    1    1    1    1
    1    1    1    3    2    1    1    2    1    1    1    1    3    1    1
    1    3    1    1    1    1    1    1    2    1    1    1    8    1    1
    1    2    1    1    1    2    1    1    1    1    1    1    1    4    1
    1    1    4    1    1    2    5    1    1    1    3    1    1    1    1
    1    1    1    1    1    1    1    1    1    1    1    2    1    1    1
    1    1    1    1    1    1    1    1    1    1    1    1    1    1    1
    1    1    1    1    1    1    7    1    1    1    1    4    1    1    1
    6    1    2    5    1    1    4    1    2    2    1    1    1    1    1
    3    2    1    7    1    1    1    2    2    1    1    1    2    1    1
    1    1    2    1    3    1    2    1    1    1    1    1    1    1    1
    1    2    1    1    3    1    1    1    1    1    1    1    2    3    1
    1    2    2    1    2    1    1    1    1    1    2    4    4    3    1
    1    1    1    1    1    1    1    1    2    1    1    2    2    1    1
    1    3    1    1    1    1    1    1    1    1    5    1    1    2    1
    1    1    1    1    1    5    1    6

CODONML (in paml version 4.4b, July 2010)  torun.nuc
Model: One dN/dS ratio for branches Global clock 
Codon frequency model: F3x4
ns =   8  ls = 547

Codon usage in sequences
--------------------------------------------------------------------------------------------------------------
Phe TTT 15 11 15 15 15 15 | Ser TCT  4  3  4  4  4  4 | Tyr TAT 16  9 14 15 16 16 | Cys TGT  6  4  7  6  6  6
    TTC 10 15  9 10 10 10 |     TCC  2  1  2  2  2  2 |     TAC  7 14  9  8  7  7 |     TGC  4  3  3  4  4  4
Leu TTA  7  4  5  3  6  7 |     TCA  5  5  6  6  6  5 | *** TAA  0  0  0  0  0  0 | *** TGA  0  0  0  0  0  0
    TTG  3  6  5  4  5  3 |     TCG  0  1  0  0  0  0 |     TAG  0  0  0  0  0  0 | Trp TGG  2  2  2  2  2  2
--------------------------------------------------------------------------------------------------------------
Leu CTT  6  3  6  6  3  6 | Pro CCT  7 12  6  7  6  7 | His CAT  9  5  8  8  9  9 | Arg CGT  1  1  1  1  1  1
    CTC  0  3  3  2  2  0 |     CCC  3  2  4  4  4  3 |     CAC  4  8  5  5  4  4 |     CGC  1  0  1  1  1  1
    CTA  7  2  4  8  7  7 |     CCA 11  4 13 12 12 11 | Gln CAA  6  5  4  4  5  6 |     CGA  3  2  1  1  3  3
    CTG  4  7  5  4  4  4 |     CCG  2  2  0  0  0  2 |     CAG  7  7  9  9  8  7 |     CGG  2  0  4  4  2  2
--------------------------------------------------------------------------------------------------------------
Ile ATT 10  8 10 10 10  9 | Thr ACT  7  7  7  6  7  7 | Asn AAT 16 11 14 14 16 16 | Ser AGT  7  5  7  7  8  7
    ATC  6  3  7  6  5  6 |     ACC  5  5  6  6  5  5 |     AAC  7 11  9  9  7  7 |     AGC  4  4  4  4  3  4
    ATA  4  6  3  4  5  5 |     ACA  9  8  5  6  9  9 | Lys AAA 20 21 18 20 18 19 | Arg AGA  8 12  8  8  8  8
Met ATG  9 10  9  9  9  9 |     ACG  0  2  2  2  0  0 |     AAG 14 17 16 14 16 15 |     AGG  5  5  5  5  5  5
--------------------------------------------------------------------------------------------------------------
Val GTT  4  4  4  4  4  4 | Ala GCT  4  6  4  4  4  4 | Asp GAT 18 16 16 18 18 18 | Gly GGT  2  4  3  3  4  2
    GTC  2  2  2  3  2  2 |     GCC  4  5  4  4  4  4 |     GAC 15 14 17 15 15 15 |     GGC  3  1  2  2  2  3
    GTA 12  3 10 10 12 12 |     GCA  9  4  8  9  9  9 | Glu GAA 18 15 15 15 18 18 |     GGA  9  7  8  9  8  9
    GTG  6 17  8  7  6  6 |     GCG  0  4  1  0  0  0 |     GAG 11 17 14 14 11 11 |     GGG  1  4  2  1  1  1
--------------------------------------------------------------------------------------------------------------

--------------------------------------------------------------
Phe TTT 15 15 | Ser TCT  4  4 | Tyr TAT 16  9 | Cys TGT  5  4
    TTC 10 12 |     TCC  2  1 |     TAC  7 14 |     TGC  5  3
Leu TTA  4  5 |     TCA  5  7 | *** TAA  0  0 | *** TGA  0  0
    TTG  5  5 |     TCG  0  0 |     TAG  0  0 | Trp TGG  2  2
--------------------------------------------------------------
Leu CTT  3  6 | Pro CCT  6  8 | His CAT  8  8 | Arg CGT  1  1
    CTC  2  0 |     CCC  5  5 |     CAC  5  5 |     CGC  2  3
    CTA  8  7 |     CCA 11  8 | Gln CAA  4  3 |     CGA  3  2
    CTG  5  6 |     CCG  1  1 |     CAG  9 10 |     CGG  2  1
--------------------------------------------------------------
Ile ATT 10  7 | Thr ACT  8  4 | Asn AAT 14 14 | Ser AGT  8  7
    ATC  7  7 |     ACC  5  6 |     AAC  9  9 |     AGC  3  3
    ATA  3  5 |     ACA  7 11 | Lys AAA 17 17 | Arg AGA  7  8
Met ATG  9  9 |     ACG  1  0 |     AAG 17 17 |     AGG  5  5
--------------------------------------------------------------
Val GTT  3  4 | Ala GCT  4  5 | Asp GAT 17 19 | Gly GGT  2  4
    GTC  3  3 |     GCC  4  4 |     GAC 16 16 |     GGC  3  3
    GTA 11 11 |     GCA  9  7 | Glu GAA 19 18 |     GGA  7  8
    GTG  7  6 |     GCG  0  1 |     GAG 10  9 |     GGG  3  1
--------------------------------------------------------------

Codon position x base (3x4) table for each sequence.

#1: Pan troglodytes
position  1:    T:0.20099    C:0.18114    A:0.32506    G:0.29280
position  2:    T:0.26055    C:0.17866    A:0.41687    G:0.14392
position  3:    T:0.32754    C:0.19107    A:0.31762    G:0.16377
Average         T:0.26303    C:0.18362    A:0.35318    G:0.20017

#2: Danio rerio    
position  1:    T:0.19549    C:0.15789    A:0.33835    G:0.30827
position  2:    T:0.26065    C:0.17794    A:0.42607    G:0.13534
position  3:    T:0.27318    C:0.22807    A:0.24561    G:0.25313
Average         T:0.24311    C:0.18797    A:0.33668    G:0.23225

#3: Rattus norvegicus
position  1:    T:0.20099    C:0.18362    A:0.32258    G:0.29280
position  2:    T:0.26055    C:0.17866    A:0.41687    G:0.14392
position  3:    T:0.31266    C:0.21588    A:0.26799    G:0.20347
Average         T:0.25806    C:0.19272    A:0.33581    G:0.21340

#4: Mus musculus   
position  1:    T:0.19603    C:0.18859    A:0.32258    G:0.29280
position  2:    T:0.26055    C:0.17866    A:0.41687    G:0.14392
position  3:    T:0.31762    C:0.21092    A:0.28536    G:0.18610
Average         T:0.25806    C:0.19272    A:0.34160    G:0.20761

#5: Bos taurus     
position  1:    T:0.20596    C:0.17618    A:0.32506    G:0.29280
position  2:    T:0.26055    C:0.17866    A:0.41687    G:0.14392
position  3:    T:0.32506    C:0.19107    A:0.31266    G:0.17122
Average         T:0.26385    C:0.18197    A:0.35153    G:0.20265

#6: Homo sapiens   
position  1:    T:0.20099    C:0.18114    A:0.32506    G:0.29280
position  2:    T:0.26055    C:0.17866    A:0.41687    G:0.14392
position  3:    T:0.32506    C:0.19107    A:0.31762    G:0.16625
Average         T:0.26220    C:0.18362    A:0.35318    G:0.20099

#7: Canis lupus familiaris
position  1:    T:0.19851    C:0.18610    A:0.32258    G:0.29280
position  2:    T:0.26055    C:0.17866    A:0.41687    G:0.14392
position  3:    T:0.30769    C:0.21836    A:0.28536    G:0.18859
Average         T:0.25558    C:0.19438    A:0.34160    G:0.20844

#8: Gallus gallus  
position  1:    T:0.20099    C:0.18362    A:0.32010    G:0.29529
position  2:    T:0.26799    C:0.17866    A:0.41687    G:0.13648
position  3:    T:0.29529    C:0.23325    A:0.29032    G:0.18114
Average         T:0.25476    C:0.19851    A:0.34243    G:0.20430

Sums of codon usage counts
------------------------------------------------------------------------------
Phe F TTT     116 | Ser S TCT      31 | Tyr Y TAT     111 | Cys C TGT      44
      TTC      86 |       TCC      14 |       TAC      73 |       TGC      30
Leu L TTA      41 |       TCA      45 | *** * TAA       0 | *** * TGA       0
      TTG      36 |       TCG       1 |       TAG       0 | Trp W TGG      16
------------------------------------------------------------------------------
Leu L CTT      39 | Pro P CCT      59 | His H CAT      64 | Arg R CGT       8
      CTC      12 |       CCC      30 |       CAC      40 |       CGC      10
      CTA      50 |       CCA      82 | Gln Q CAA      37 |       CGA      18
      CTG      39 |       CCG       8 |       CAG      66 |       CGG      17
------------------------------------------------------------------------------
Ile I ATT      74 | Thr T ACT      53 | Asn N AAT     115 | Ser S AGT      56
      ATC      47 |       ACC      43 |       AAC      68 |       AGC      29
      ATA      35 |       ACA      64 | Lys K AAA     150 | Arg R AGA      67
Met M ATG      73 |       ACG       7 |       AAG     126 |       AGG      40
------------------------------------------------------------------------------
Val V GTT      31 | Ala A GCT      35 | Asp D GAT     140 | Gly G GGT      24
      GTC      19 |       GCC      33 |       GAC     123 |       GGC      19
      GTA      81 |       GCA      64 | Glu E GAA     136 |       GGA      65
      GTG      63 |       GCG       6 |       GAG      97 |       GGG      14
------------------------------------------------------------------------------

(Ambiguity data are not used in the counts.)


Codon position x base (3x4) table, overall

position  1:    T:0.20000    C:0.17981    A:0.32516    G:0.29503
position  2:    T:0.26149    C:0.17857    A:0.41801    G:0.14193
position  3:    T:0.31056    C:0.20994    A:0.29037    G:0.18913
Average         T:0.25735    C:0.18944    A:0.34451    G:0.20870

Codon frequencies under model, for use in evolver (TTT TTC TTA TTG ... GGG):
  0.01706648  0.01153694  0.01595716  0.01039349
  0.01165466  0.00787855  0.01089711  0.00709769
  0.02728204  0.01844266  0.00000000  0.00000000
  0.00926292  0.00626174  0.00000000  0.00564112
  0.01534393  0.01037250  0.01434657  0.00934445
  0.01047834  0.00708336  0.00979725  0.00638131
  0.02452842  0.01658121  0.02293407  0.01493781
  0.00832800  0.00562973  0.00778668  0.00507175
  0.02774628  0.01875648  0.02594277  0.01689748
  0.01894787  0.01280876  0.01771626  0.01153926
  0.04435450  0.02998364  0.04147146  0.02701189
  0.01505944  0.01018018  0.01408058  0.00917120
  0.02517571  0.01701878  0.02353929  0.01533201
  0.01719244  0.01162209  0.01607493  0.01047019
  0.04024525  0.02720579  0.03762931  0.02450936
  0.01366425  0.00923703  0.01277607  0.00832153



Nei & Gojobori 1986. dN/dS (dN, dS)
(Pairwise deletion)
(Note: This matrix is not used in later ML. analysis.
Use runmode = -2 for ML pairwise comparison.)

Pan troglodytes     
Danio rerio          0.0297 (0.0715 2.4052)
Rattus norvegicus    0.0087 (0.0021 0.2402) 0.0208 (0.0762 3.6545)
Mus musculus         0.0054 (0.0010 0.1923) 0.0289 (0.0733 2.5382) 0.0091 (0.0010 0.1149)
Bos taurus           0.0113 (0.0010 0.0924) 0.0389 (0.0727 1.8687) 0.0125 (0.0031 0.2513) 0.0094 (0.0021 0.2236)
Homo sapiens         0.0000 (0.0000 0.0079) 0.0271 (0.0715 2.6354) 0.0087 (0.0021 0.2402) 0.0052 (0.0010 0.2025) 0.0113 (0.0010 0.0924)
Canis lupus familiaris 0.0061 (0.0010 0.1721) 0.0352 (0.0727 2.0668) 0.0097 (0.0031 0.3260) 0.0068 (0.0021 0.3071) 0.0157 (0.0021 0.1335) 0.0061 (0.0010 0.1721)
Gallus gallus        0.0493 (0.0224 0.4533)-1.0000 (0.0698 -1.0000) 0.0453 (0.0272 0.6013) 0.0478 (0.0256 0.5362) 0.0534 (0.0234 0.4393) 0.0509 (0.0224 0.4390) 0.0435 (0.0213 0.4892)


TREE #  1:  (((((6, 1), (4, 3)), (5, 7)), 8), 2);   MP score: -1
lnL(ntime:  7  np:  9):  -3158.310856      +0.000000
   9..10   10..11   11..12   12..13   13..6    13..1    12..14   14..4    14..3    11..15   15..5    15..7    10..8     9..2  
 0.735415 0.206911 0.071277 0.067693 0.003556 0.027302 0.053434 1.461182 0.028788
SEs for parameters:
 0.074259 0.017669 0.007778 0.007974 0.002541 0.005255 0.008572 0.182330 0.004120

tree length =   1.90100

(((((6: 0.003556, 1: 0.003556): 0.064137, (4: 0.027302, 3: 0.027302): 0.040391): 0.003584, (5: 0.053434, 7: 0.053434): 0.017843): 0.135634, 8: 0.206911): 0.528504, 2: 0.735415);

(((((Homo sapiens: 0.003556, Pan troglodytes: 0.003556): 0.064137, (Mus musculus: 0.027302, Rattus norvegicus: 0.027302): 0.040391): 0.003584, (Bos taurus: 0.053434, Canis lupus familiaris: 0.053434): 0.017843): 0.135634, Gallus gallus: 0.206911): 0.528504, Danio rerio: 0.735415);

Detailed output identifying parameters

kappa (ts/tv) =  1.46118

omega (dN/dS) =  0.02879

dN & dS for each branch

 branch          t       N       S   dN/dS      dN      dS  N*dN  S*dS

   9..10     0.529  1279.3   361.7  0.0288  0.0209  0.7253  26.7 262.4
  10..11     0.136  1279.3   361.7  0.0288  0.0054  0.1862   6.9  67.3
  11..12     0.004  1279.3   361.7  0.0288  0.0001  0.0049   0.2   1.8
  12..13     0.064  1279.3   361.7  0.0288  0.0025  0.0880   3.2  31.8
  13..6      0.004  1279.3   361.7  0.0288  0.0001  0.0049   0.2   1.8
  13..1      0.004  1279.3   361.7  0.0288  0.0001  0.0049   0.2   1.8
  12..14     0.040  1279.3   361.7  0.0288  0.0016  0.0554   2.0  20.1
  14..4      0.027  1279.3   361.7  0.0288  0.0011  0.0375   1.4  13.6
  14..3      0.027  1279.3   361.7  0.0288  0.0011  0.0375   1.4  13.6
  11..15     0.018  1279.3   361.7  0.0288  0.0007  0.0245   0.9   8.9
  15..5      0.053  1279.3   361.7  0.0288  0.0021  0.0733   2.7  26.5
  15..7      0.053  1279.3   361.7  0.0288  0.0021  0.0733   2.7  26.5
  10..8      0.207  1279.3   361.7  0.0288  0.0082  0.2840  10.5 102.7
   9..2      0.735  1279.3   361.7  0.0288  0.0291  1.0093  37.2 365.1

tree length for dN:       0.0751
tree length for dS:       2.6090


Time used:  0:10
