
seed used = 1418809617
      7    966

Rattus norvegicus                          ATG GCT TCC ACC GGG AAC CTG AAG GGC CCC AGC TTC AGT CAG CAC TTC ACG ATG ACG GTG ATC TGC ATA GTG CTC CTG CAG GTG CTC CTG CAG GCC TTG ACT GTG GCT GTG ACT TAC ATG TAC TTC AAC AAC GAG GTG AAA CAG CTA CAG GAC AAT TAC TCC AAA ATC GGA CTA GCT TGC TTC TCA AAA GAA GAT --- GGG GAT TTT TGG GAC TCC ACT GAC --- --- --- --- GAG GGG ATT TTG AAC AGA CCT TGC TTG CAG GTC AAG AGG CAA CTG TAT CAG CTC ATT GAA GAG GTG ACT TTG AGA ACC TTT GAG AAA ACC ATC TCT ACA GTT CCA GAA AAG CAG CTA AGC --- --- ACT CCT CCC TTG CCC AGA GGT AGA AGA CCC CAG --- --- --- --- AGA GTG GCA GCT CAC ATT ACC GGG ATC ACT CGG AGA AGC AAC TTA GCC TTA ATT CCA ATC TCC AAG GAT GGA AAG ACC TTG GGC CAG AAG ATA GAA ACC TGG GAG TCC TCT CGG AGA GGG CAT TCA TTT CTC AAC CAT GTG CAC TTG AGA AAC GGA GAG CTG GTG ATC CAG GAG GAG GGC CTG TAT TAC ATC TAC TCC CAA ACG TAC TAC CGG TTC --- --- --- --- AAG GAG GCT AAA GAA GCT TCC AAG --- --- ACA GTC TCG AAG GAC GGA GGG AGG ATC AAA CAG ATG GTG CAG TAC ATC TAC --- AAA TAC ACC AGC TAC CCC GAT CCC ATA CTG CTG ATG AAG AGT GCC AGA AAT AGC TGC TGG TCC AGA GAA GCT GAG TAC GGA CTG TAC TCC ATC TAT CAG GGG GGG CTG TTC GAG CTC AAA GAA AAT GAC AGG ATT TTT GTT TCC GTG ACG AAT GAG CAT TTG ATG GAC CTG GAC CAT GAA GCC AGC TTC TTT GGA GCC --- --- --- --- --- --- --- --- --- --- --- --- --- --- --- --- --- 
Danio rerio                                ATG GTC AGC ATG ACA --- --- --- AGC TCA CAC ACC ATG CAG --- --- --- --- TAT ATC GGA CTT CTG CTG CTG GCT GCA ATC CTC CTG CAA ACA ATA GCC GTG GCT GTA ACT TTC ATT TAC TTC AGC AAC GTC TTG TCG ACG ATG AAA GAG ACG TTC TCC AAG AGC AGC GTG TCT TGT CTT ATG CGG GCC AAC --- CTC AGG ACT ATT AAG GGT CAG GAG --- CTG AAC GGG GCC GAG GGC AAG GAC GAC CCC TGC TGG CAG GTC ACG CAG CAG CTC CAC TTT CTG ATT GAA AAG TCA ATG TCC AGT CGA TAT CAG AAA GAA ATT ACA TCT GCT GTC AAA GAT GAA GTC TCT CGT GTT CTT CCC TCA CTG GTG ATC CAA GAT CAA GAG GAT TCC TCT CGG CCT AAA ATT GCA GCC CAT GTG ACT GGG AGT TAT ACA CCA GAA TCA GAA AAA GAC GGA GCA GGT CTA CCA AAC AGG AAG GTC TAC GGA CAG AAG ATC CAG TCT TGG GAG TCC GAA AAA --- GGT CTG GCT TTT CTC CAG AAC GTG GAG TTA AGT GAC GGA GAA TTG GTG GTA CCT CAG GCT GGC CTT TAT TAT ATC TAC TCG CAA ACG TAT TTT CGT CAT ACG CTG ATC GAG GAA GAC GAA AGT GCT CGC GAG GAT GAG TAC GGC TCG ATG GGC GAA TCG GTT CGA GGG AAA CCG ATG TTG CAG TAT GTT TAT AAA AAA GTA AGC TCC TAT CAG GTG CCG ATT CTG CTA ATG AAG AAT GCT CGG ACG ACA TGT TGG TCA CGT GAC TCC GAA TAC GGC CTT TAT TCG ATC TAC CAA GCT GGG CTT TTT CAA CTC GGA AGT GGA GAT CGA GTG TTT GTG ACA GTC AGC AAC GTA AGC ACA ATT GAC ATG GAT GAG AAG TCA AGC TTT TTC GGA GCA TTT CTG GTG AGC --- --- --- --- --- --- --- --- --- --- --- --- --- 
Gallus gallus                              ATG CTG CCC GCG GGC --- --- --- GGG CCG AGC CCC GCG CAC --- --- --- --- ACC TGC GGG GCC GTG CTG GTG GCT GCC GTG CTG CTG CAG TCC GTC TGC GTG GCC GTC ACC TAC ATC TAC TTC ACC AAC GAG CTG AAG CAG CTC TGG GAC ACG TAC TCC AGG AGT GGC ACT GCC TGT CTG ACC GGG GAG GAG CTG GGA GAC CTC ATC CAG AAC TTG GAC GTG GTG GAA AGC AAA GAC AGA GTG GCT GAC CCC TGC TGG CAA GTG AAG TGG CAC CTG GGA AAG TTA ATT AAA AAG ATG ATG TCA AGA ATC CTT CAG GAA AAC ATG TCT GCA ATC AAC GGT GAC AGG ACC CAG --- --- --- GCA CTG TCG CGC AGG GAT GAG CCG CCA CAG GGC CCC ACG CTC AGG ATA GCG GCA CAC CTG ACG GGC AGC AGC AAG AGG AGC TCC GCG TCC CCG --- CAC AAT TAC TTG TCC TAC AGA GGC ATT GGG CAT AAA ATC CAC AGC TGG GAG TCA TCG AGG AGA GGC CAC TCC TTC CTC TAC AAC GTG GAG CTG TGG AAC GGT GAG CTG GTG GTG CCC CAG ACA GGC TTC TAT TAC ATC TAC TCA CAG ACT TAC TTT CGC TTC --- --- --- --- CGC GAA AAT GAG GAC GAG GAC TCG --- --- GGT TTG TTG GAA CGA ATA AAG AAT CCC AAG CAG CTC GTC CAG TAC ATT TAC --- AAA CTG ACA AAT TAC CCA GAT CCC ATT CTG CTC ATG AAG AGC GCA AGA ACA AGC TGC TGG TCC AAA AAG GCT GAG TAT GGA CTT TAT TCC GTC TAC CAG GGC GGG GTG TTC CAG CTA AAA AGG GAG GAC AGA ATT TTT GTC TCG GTC AGT AAC AGT GAT ATC GTT GAC ATG GAC AAG GAG GCG AGC TTT TTT GGA GCC TTT ATG ATT AGT GTT AAA AGA CAA AAA ACC GTG CTC TGG AGG AAG CAA AGC 
Homo sapiens                               ATG GCT ATG ATG GAG GTC CAG GGG GGA CCC AGC CTG GGA CAG --- --- --- --- ACC TGC GTG CTG ATC GTG ATC TTC ACA GTG CTC CTG CAG TCT CTC TGT GTG GCT GTA ACT TAC GTG TAC TTT ACC AAC GAG CTG AAG CAG ATG CAG GAC AAG TAC TCC AAA AGT GGC ATT GCT TGT TTC TTA AAA GAA GAT --- GAC AGT TAT TGG GAC CCC AAT GAC --- --- --- --- GAA GAG AGT ATG AAC AGC CCC TGC TGG CAA GTC AAG TGG CAA CTC CGT CAG CTC GTT AGA AAG ATG ATT TTG AGA ACC TCT GAG GAA ACC ATT TCT ACA GTT CAA GAA AAG CAA CAA AAT --- --- ATT TCT CCC CTA GTG AGA GAA AGA GGT CCT CAG --- --- --- --- AGA GTA GCA GCT CAC ATA ACT GGG ACC AGA GGA AGA AGC AAC ACA TTG TCT TCT CCA AAC TCC AAG AAT GAA AAG GCT CTG GGC CGC AAA ATA AAC TCC TGG GAA TCA TCA AGG AGT GGG CAT TCA TTC CTG AGC AAC TTG CAC TTG AGG AAT GGT GAA CTG GTC ATC CAT GAA AAA GGG TTT TAC TAC ATC TAT TCC CAA ACA TAC TTT CGA TTT --- --- --- --- CAG GAG --- --- --- --- --- --- --- --- GAA ATA AAA GAA AAC ACA AAG AAC GAC AAA CAA ATG GTC CAA TAT ATT TAC --- AAA TAC ACA AGT TAT CCT GAC CCT ATA TTG TTG ATG AAA AGT GCT AGA AAT AGT TGT TGG TCT AAA GAT GCA GAA TAT GGA CTC TAT TCC ATC TAT CAA GGG GGA ATA TTT GAG CTT AAG GAA AAT GAC AGA ATT TTT GTT TCT GTA ACA AAT GAG CAC TTG ATA GAC ATG GAC CAT GAA GCC AGT TTT TTT GGG GCC TTT TTA GTT GGC --- --- --- --- --- --- --- --- --- --- --- --- --- 
Mus musculus                               ATG CCT TCC TCA GGG GCC CTG AAG GAC CTC AGC TTC AGT CAG CAC TTC AGG ATG ATG GTG ATT TGC ATA GTG CTC CTG CAG GTG CTC CTG CAG GCT GTG TCT GTG GCT GTG ACT TAC ATG TAC TTC ACC AAC GAG ATG AAG CAG CTG CAG GAC AAT TAC TCC AAA ATT GGA CTA GCT TGC TTC TCA AAG ACG GAT --- GAG GAT TTC TGG GAC TCC ACT GAT --- --- --- --- GGA GAG ATC TTG AAC AGA CCC TGC TTG CAG GTT AAG AGG CAA CTG TAT CAG CTC ATT GAA GAG GTG ACT TTG AGA ACC TTT CAG GAC ACC ATT TCT ACA GTT CCA GAA AAG CAG CTA AGT --- --- ACT CCT CCC TTG CCC AGA GGT GGA AGA CCT CAG --- --- --- --- AAA GTG GCA GCT CAC ATT ACT GGG ATC ACT CGG AGA AGC AAC TCA GCT TTA ATT CCA ATC TCC AAG GAT GGA AAG ACC TTA GGC CAG AAG ATT GAA TCC TGG GAG TCC TCT CGG AAA GGG CAT TCA TTT CTC AAC CAC GTG CTC TTT AGG AAT GGA GAG CTG GTC ATC GAG CAG GAG GGC CTG TAT TAC ATC TAT TCC CAA ACA TAC TTC CGA TTT --- --- --- --- CAG GAA GCT GAA GAC GCT TCC AAG --- --- ATG GTC TCA AAG GAC AAG GTG AGA ACC AAA CAG CTG GTG CAG TAC ATC TAC --- AAG TAC ACC AGC TAT CCG GAT CCC ATA GTG CTC ATG AAG AGC GCC AGA AAC AGC TGT TGG TCC AGA GAT GCC GAG TAC GGA CTG TAC TCC ATC TAT CAG GGA GGA TTG TTC GAG CTA AAA AAA AAT GAC AGG ATT TTT GTT TCT GTG ACA AAT GAA CAT TTG ATG GAC CTG GAT CAA GAA GCC AGC TTC TTT GGA GCC TTT TTA ATT AAC --- --- --- --- --- --- --- --- --- --- --- --- --- 
Pan troglodytes                            ATG GCT ATG ATG GAG GTC CAG GGG GGA CCC AGC CTG GGA CAG --- --- --- --- ACC TGC GTG CTG ATC GTG GTC TTC ACA GTG CTC CTG CAG TCT CTC TGT GTG GCT GTA ACT TAC GTG TAC TTT ACC AAC GAG CTG AAG CAG ATG CAG GAC AAG TAC TCC AAA AGT GGC ATT GCT TGT TTC TTA AAA GAA GAT --- GAC AGT TAT TGG GAC CCC AAT GAC --- --- --- --- GAA GAC AGT ATG AAC AGC CCC TGC TGG CAA GTC AAG TGG CAA CTC CGT CAG CTC GTT AGA AAG ATG ATT TTG AGA ACC TCT GAG GAA ACC ATT TCT ACA GTT CAA GAA AAG CAA CAA AAT --- --- ATT TCT CCC CTA GTG AGA GAA AGA GGT CCT CAG --- --- --- --- AGA GTA GCA GCT CAC ATA ACT GGA ACC AGA GGA AGA AGC AAC ACA TTG TCT TCT CCA AAC TCC AAG AAT GAA AAG GCT CTG GGC CAC AAA ATA AAC TCC TGG GAA TCA TCA AGG AGT GGG CAT TCA TTC CTG AGC AAC TTG CAC TTG AGG AAT GGC GAA CTG GTC ATC CAT GAA AAA GGG TTT TAC TAC ATC TAT TCC CAA ACA TAC TTT CGA TTT --- --- --- --- CAG GAG --- --- --- --- --- --- --- --- GAA ATA AAA GAA AAC ACA AAG AAC GAC AAA CAA ATG GTC CAA TAT ATT TAC --- AAA TAC ACA AGT TAT CCT GAC CCT ATA TTG TTG ATG AAA AGC GCT AGA AAT AGT TGT TGG TCT AAA GAT GCA GAA TAT GGA CTC TAT TCC ATC TAT CAA GGG GGA ATA TTT GAG CTT AAG GAA AAT GAC AGA ATT TTT GTT TCT GTA ACA AAT GAG CAC TTG ATA GAC ATG GAC CAT GAA GCC AGT TTT TTC GGG GCC TTT TTA GTT GGC --- --- --- --- --- --- --- --- --- --- --- --- --- 
Bos taurus                                 ATG GCC CTG AAG CAG GCT CCG --- GGC TCC AGA CTT GGG CAG --- --- --- --- ATC TGC ATG CCG ATC CTC ATC TTC ACA GTG CTG CTG CAG GCT TTT GGT ATG GCC GTG TTT TAC ATG TAT TTC AAC AAA GAG CTG AAG CAG ATG CAG AAC AAA TAC TTC AAA AGT GGC TTG GCT TGC TTC TTG GAG GAA GAT --- GAC CGT TCC TGG GAC TCC AGA GAT --- --- --- --- GAT GAG AGT ATA ATC AAT CCC TGC TGG GAA CTA AAG TCC CAA CTC TAT CTG TTT GTT AAA AAG ATG ACT TTG AGA ACC TTT GAG GAA ATG ATT CCT ACA AAT CCA GAA AAG CAA TAT AAT --- --- --- CCT TAC CTA GAG AGA GAA AAG GGT CCT AAG --- --- --- --- AGG GTA GCT GCT CAT ATA ACT GGA AGC AAT CGG AAA AAA AGT ACG TTG CCA GTT CCA GGC TCC AAG AAT GAA AAA GCT GTG GGC CAT AAA ATA AAT TCC TGG GAG TCA TCA AGA AAA GGA CAT TCG TTC TTG AAT AAT TTG TAC TTA AGG AAT GGA GAG CTG GTT ATC CTT CAA ACA GGA TTT TAT TAC ATC TAT TCC CAA ACA TAC TTT CGA TTT --- --- --- --- CAG GAA CCT GAG GAA GTT TTG GGA ACT GTT TCA ACA GAA GAG AAC AGA AAA AAA ATC AAA CAA ATG GTA CAA TAT ATT TAC --- AAA TAC ACA AAC TAT CCT GAC CCT ATA CTG CTG ATG AAA AGT GCT AGA AAT AGT TGT TGG TCT AAA GAT TCA GAA TAT GGA CTC TAT TCC ATC TAT CAA GGA GGA ATA TTT GAG CTT AAG GAA AAT GAT CGA ATT TTT GTC TCT GTA ACT AAT GAA CGA TTG GTT GAC CTG GAC CAA GAA GCC AGT TTT TTC GGA GCC TTT TTA ATT GGC --- --- --- --- --- --- --- --- --- --- --- --- --- 



Printing out site pattern counts


         7        942  P

Rattus norvegicus                           --- --- --- --- --- --- --- --- --- --- --- --- --- --- --- --- --- --- --- --- --- --- --- --- --- --- --- --- --- --- --- --- AAA AAA AAA AAA AAA AAA AAA AAA AAC AAC AAC AAC AAC AAC AAC AAG AAG AAG AAG AAG AAG AAG AAG AAG AAG AAT AAT AAT AAT ACA ACA ACC ACC ACC ACC ACC ACC ACC ACG ACG ACG ACG ACT ACT ACT ACT ACT ACT AGA AGA AGA AGA AGA AGA AGA AGA AGA AGA AGA AGC AGC AGC AGC AGC AGC AGG AGG AGG AGT AGT ATA ATA ATA ATC ATC ATC ATC ATC ATC ATC ATC ATC ATC ATG ATG ATG ATG ATG ATT ATT ATT ATT ATT CAA CAA CAC CAC CAC CAG CAG CAG CAG CAG CAG CAG CAG CAG CAG CAG CAG CAG CAG CAT CAT CAT CAT CCA CCA CCC CCC CCC CCC CCC CCC CCT CCT CGG CGG CGG CTA CTA CTA CTC CTC CTC CTC CTC CTG CTG CTG CTG CTG CTG CTG CTG CTG CTG CTG GAA GAA GAA GAA GAA GAA GAA GAA GAC GAC GAC GAC GAC GAC GAC GAG GAG GAG GAG GAG GAG GAG GAG GAG GAG GAG GAG GAT GAT GAT GAT GCA GCC GCC GCC GCC GCC GCT GCT GCT GCT GCT GCT GCT GGA GGA GGA GGA GGA GGA GGC GGC GGC GGG GGG GGG GGG GGG GGG GGG GGG GGT GTC GTC GTG GTG GTG GTG GTG GTG GTG GTG GTG GTG GTG GTG GTT GTT TAC TAC TAC TAC TAC TAC TAC TAC TAC TAC TAT TAT TAT TCA TCA TCC TCC TCC TCC TCC TCC TCC TCC TCC TCC TCG TCT TCT TGC TGC TGC TGC TGG TGG TTA TTA TTC TTC TTC TTC TTC TTC TTC TTG TTG TTG TTG TTG TTG TTG TTG TTT TTT TTT TTT TTT
Danio rerio                                 --- --- --- --- --- --- --- --- --- --- --- --- AAA AAC ACG AGC ATC CCT CGG CGT CTG CTG CTG GAG GAG GGG GTG GTT TAC TCC TCT TTT AAA AAA AAA AAG AGT CGG GGA TCG --- AAC AGC CAG GAC GAC TCA --- AAG AAG AAG ACG CCA GAA GAT GAT GGC AAC ACG ACG GGA GGC TCT ACT AGC ATG CGA GAA GTC TCT --- ACG AGC TAT ACT ATG CAG CTT GCC TAT --- AAA AGT AGT ATC CAA CCA CGG CGT GAC GAT ACA AGC CAC GAA TCC TCT CAG CGA CGA AAT ATG ATC ATT CTG AGC AGT ATC ATC ATT GGA GGG GGT GTA GTT --- ATG ATG ATT ATT ATT GGA GGC GTG GTG CAA CAG --- CAT GAG AAA ACG CAA CAA CAG CAG CAG CAG CCG CCT GAA GAT GCA TTT AAC AGC CTG GAG GCA GTC CAG CCG GAG GTG TCA TCA CCC CCC AAA ACA CGT ATG GTC GTG CTC CTC CTC CTG CTG --- ATG CTA CTC CTG CTG CTT CTT CTT GCT TTG AAA AAG AGT CAG GAA GAC GCC GCT AAG GAA GAC GAG GAG GAT GAT AAG CAA CAG CAG GAA GAA GAC GAG GCC GCT GTA GTC AAC AAC AGG GTG GCA AAA ACA GCA GCT TCA CGC GAA GCC GCT GTC TCC TCT AGC AGG GGA GGA GGC TCG AGC GGA GGC ACA CTC GAG GCT GGG GGG GGT GTT CAA GTC TCG ATC ATC ATT CTG GTA GTC GTG GTG GTG TCA TTG TTG GCT GTG GTA TAC TAC TAC TAT TAT TAT TAT TTC TTT CAC TAC TAT ATG GCT ACA AGC CTA GAG GGT TCA TCC TCC TCG TCG ATG ACA GAA CTT TGC TGT TGT ATT TGG GAA GAC --- ACC CAT CTT TTC TTT TTT AAG ACA ATA CTG TAC TCC TGG TTA ACT TAT TTC TTT TTT
Gallus gallus                               AAA AAG ACC AGA AGC AGG CAA CTC CTG GTG GTT TGG --- GAA --- AGT --- CTC ACG --- --- ATG GTG --- --- AGC ATT --- --- GGC CCC TTT AAA AAG GAA AGG GAG GGG AAA AAG --- AAC ACC TAC AAC GCT TCC --- AAA AAG AGA AAG TTG CGC GAC TCG GAA AAC ACA ACG GAG GGT GCA ACG ACA GCG ATC AAC GGC AGC --- ACT AGT ACC ACC ATG TTG --- TGC AGC AGA AGG AGA TGG AGG CCG AGG AGA AAA GAC GAG AGC AGC AGC AGC AAT CAG TGG AAT AGA AGC GCG ATC ATT GTG AGT AGC ATC GTC ATG GGG CCC AAT GTG ATT --- ATG CTC ATC GTT ATT --- AGA ATT CTG CAG CAC --- CAC GAG TGG CAG CAG CAG CAA CAC CAG CAT CAG CCC AGG CAG GCC AAG AAC GAT CAC AAG CAC AAC CCA CCC CCA CGC CCG CTG CCC GCA AGG AAG CGC CTC ACC ACT CTA CTC CTG GTG TTA --- ATG CTC CTG CTG CTG CTT GTG TTC GCT CTG GGT GAG AGG CAC AAA AAG GAG GAC CAG CGA GAC GAC GAC GAC GAC AAG CAG CAG CAG GAG GAG GAA GAG AAA ACA AGT GAG GAG TCC GAC GAT GCG TCC TCC GCC GCA GCG GAG AAT GCA GCC CTG GCT GCC GGC TAC GGA GGT GGA ATA GGG GGG GGC GGC GGA GAC GGC GGC GGG GGC AAG GAT GTG TTG GTG TGC ATA CTG GTC GTC GTG GTG GTG ATG CTG GTC ATC GTC CTG TAC TAC TAT TAC TAC TAC TAT TAC TTT GGA TAC TAT ACC TCC TCG CCC TAC GAC AAC TCC TCA TCC TCA TCC TTG TCT TCG GCC TGC TGC TGT ATC TGG GCG CCG --- CCC TTC CTG TTC TTC TTT GTG ATC GTC TCG ATT TCA TGG CTG CTC CTT TTT TTC TTT
Homo sapiens                                --- --- --- --- --- --- --- --- --- --- --- --- --- --- --- GGC --- --- --- --- --- TTA --- --- --- --- GTT --- --- --- --- TTT AAA AAA GAA AAA --- AAA AAG AAG GTC AAC ACC AGC AAT AAC AAC GGG AAA AAA AAG AAG AAG CAG AAG --- GAA AAT AAT AAG AAT GAA ACA ACT ACA ATG ACC ACC GCT TCC --- ACA ACA ACC ACT ATT AAT ATT TGT AGA AGT AGA AGA AGG AGA GGT AGA AGA AAA AGC AGA AGT AGT AGC AGC AGT AAT TGG AAC AGA AGT GGA ATA ATA ATC AGT ACC ATC ATC ATT GTG GAC AAC ATC ATT --- ATG ATG GTG ATA GTT TCT AGT ATT ATA CAA CAA --- CAC CAC CAG CAG CAA CAG CAA CAG CAA CGC CAA CAT CAA CAG ACA CAG AAC CAC CAT CAT CCA CAA CCT CCT CCT GTG CCC CCC CCC TCT AGG GGA CGA ATG CAA ATT CTT CTG CTC ATC CTC CAG ATG TTG CTC CTG TTG CTC ATA TTT TTC CTG GAA GAA GAA AAC AGA GAT GAA --- GAC AAC GAC GAC GAC GAC GAC AAG GAG GAA GAG GAA GAA GAG GAA GAA AAA GAG GAG GAT AAT AGT GAC GCA TTG TCT GCC GCT GCC --- --- GCT GCT GCT GCA GCT GGC GAA GGG GGT GGA ACA GGA GGC GGG GAG GAC GAG GGG GGG GGA GGG AAG GAA GTC ATA GTG TGC GTA GTG GTA GTA GTC GTG TTG ATG CTG GTC GTT GTT TAC TAC TAT TAT TAC TAT TAT TAT TAC TTT CGT TAT TAC TTA TCA TCT ATG TCC --- CCC TCT TCA TCC TCC TCC AAA TCT TCA CTG TGC TGT TGT TGG TGG ACA TCT --- CTG TTT TTC TTT TTT TTT ATG TTG CTC CTA CTG TTG TGG TTG TAT TCT TTT TTC TTT
Mus musculus                                --- --- --- --- --- --- --- --- --- --- --- --- --- --- --- AAC --- --- --- --- --- TTA --- --- --- --- ATT --- --- --- --- TTT AAG AAA GAC AAA GAA AAG AAA AAG GCC AAC ACC AAC AAT AAC AAC AAG AAG AAG AAG AAG AAG CAG AAG AAG AAG AAT AAC AAT AAT ATG ACA ACT ACC TCA ACC ACC ACC TCC AGG ACA ACA ATG ACT ACT ACT ACT TCT ACT AAA AAA AGA AGG AGA AGA AGA AGA AGA AGA GGA AGC AGC AGC AGC AGC AGT AGG AGA AGG AGC AGT ATT ATA ATA ATT ATC ATC ATC ATT ATT ACC ATC ATC ATC ATG ATG CTG ATG ATG ATT ATT ATC ATT ATT CAA CAA CAC CAC CTC CAG CAG CAG CAG CAG CAG CAG CAG CAG GAG CAG CAG CAG CAG CAC CAT CAT CAA CCA CCA CCG CCC CCT CCC CTC CCC CCC CCT CGG CGG CGA CTG CTA CTA CTA CTC CTC CTC CTC CTG CTG CTC CTG CTG GTG CTG TTG CTG CTG CTG GAA GAA AAA GAA GAA GAT ACG GAC GAC GAC GAC GAC GAT GAC GAT GAG GAG CAG CAG GAG GAG GAA GAG GGA GAG GAA GAG GAT GAT GAT GAT GCA GCT GCT GCC GCC GCC GCT GCT GCT GCT CCT GCC GCT GGA GGA GGA GGA GGA AAG GAC GGC GGC GGG GAG GAG GGA GGG GGA GGG GTG GGT GTT GTC GTG GTG GTG GTG GTG GTG GTC GTG GTG GTG ATG GTG GTT GTT TAC TAC TAT TAC TAC TAC TAT TAC TAC TTC TAT TAT TAT TCA TCA TCT TCC TCC TCC TCC TCC TCC TCC TCC TCC TCA TCT TCT TGC TGC TGT TGC TGG TGG TCA TTA TTC TTC TTT TTC TTC TTC TTC TTG TTG GTG TTG TTA TTG TTG TTT TTC TTT TTT TTT TTT
Pan troglodytes                             --- --- --- --- --- --- --- --- --- --- --- --- --- --- --- GGC --- --- --- --- --- TTA --- --- --- --- GTT --- --- --- --- TTT AAA AAA GAA AAA --- AAA AAG AAG GTC AAC ACC AGC AAT AAC AAC GGG AAA AAA AAG AAG AAG CAG AAG --- GAA AAT AAT AAG AAT GAA ACA ACT ACA ATG ACC ACC GCT TCC --- ACA ACA ACC ACT ATT AAT ATT TGT AGA AGT AGA AGA AGG AGA GGT AGA AGA AAA AGC AGA AGT AGT AGC AGC AGT AAT TGG AAC AGA AGC GGA ATA ATA ATC AGT ACC ATC ATC ATT GTG GAC AAC ATC ATT --- ATG ATG GTG ATA GTT TCT AGT ATT ATA CAA CAA --- CAC CAC CAG CAG CAA CAG CAA CAG CAA CAC CAA CAT CAA CAG ACA CAG AAC CAC CAT CAT CCA CAA CCT CCT CCT GTG CCC CCC CCC TCT AGG GGA CGA ATG CAA ATT CTT CTG CTC GTC CTC CAG ATG TTG CTC CTG TTG CTC ATA TTT TTC CTG GAA GAA GAA AAC AGA GAT GAA --- GAC AAC GAC GAC GAC GAC GAC AAG GAG GAA GAG GAA GAA GAG GAA GAA AAA GAG GAG GAT AAT AGT GAC GCA TTG TCT GCC GCT GCC --- --- GCT GCT GCT GCA GCT GGC GAA GGG GGC GGA ACA GGA GGC GGG GAG GAC GAC GGG GGA GGA GGG AAG GAA GTC ATA GTG TGC GTA GTG GTA GTA GTC GTG TTG ATG CTG GTC GTT GTT TAC TAC TAT TAT TAC TAT TAT TAT TAC TTT CGT TAT TAC TTA TCA TCT ATG TCC --- CCC TCT TCA TCC TCC TCC AAA TCT TCA CTG TGC TGT TGT TGG TGG ACA TCT --- CTG TTT TTC TTT TTT TTT ATG TTG CTC CTA CTG TTG TGG TTG TAT TCT TTC TTC TTT
Bos taurus                                  --- --- --- --- --- --- --- --- --- --- --- --- --- --- --- GGC --- --- --- --- --- TTA --- --- ACT --- ATT --- GTT --- --- TTT AAA AAA GAA AAA GAG GAG AAG AAG GCT AAA AAC AAT AAT ATC AGT --- AAA AAA AAA AAG AAG CAG AAG GGA GAG AAT AAT AAA AAT TCA ACA ACT ACA AAG ACC ATG GCT TCC --- ACA ACT ATC TTT ACT AGA --- GGT AAT AAA AGG AGA AGG AGA GGT AAA AGA AAA AAT AAG AGT AGT AGA AAA AAC AAT TCC AAA CGA AGT GGG ATA ATA ATC AGT AGC ATC ATC ATT ATG ATC GGC ATC ATT --- ATG ATG ATG GTT GTT GTT AGT ATT ATA CAA CAA --- CAT TAC CAG CAG CAA CAG GAA CAG CAA CAT CAA CTT CAA AAG ACA CTG AAT CGA CAT CAA CCA CCA CCT CCT CCT GAG TCC TAC CCC CCT AGA CGG CGA ATG TAT TTG CTT TTG CTG ATC TTT CCG CTG CTG CTC CTG CTG CTC ATA TTT TTC CTG GAA GAA GAA AAT AAA GAT GAA GAA GAC AAC GAC AAC GAT GAT GAC AAG GAG CAA GAG GAA GAG GAA GAG GAT ACA GAA GAG GAT AAT CGT GAC GCT TTG GCT GCC GCT GCC GTT CCT GCT GCC GCC TCA GCT GGC GAA GGA GGA GGA AGA GGC GGC GGA CAG GAC GAG GGA GGA GGA GGA AAA GAA CTA ACA GTG TGC GTA CTC GTG GTA GTT ATG TTG ATG CTG GTA AAT GTC TAC TAT TAT TAT TAC TAT TAT TAT TAC TTT TAT TAT TAT TTG TCG TCT CTG TCC TTG TCC TCT TCA TTC TCC TCC GAA CCT TCA CCG TGC TGT TGC TGG TGG ACG CCA --- CTT TTT TTC TTC TTT TTT ATA TTG TTT CTA GTG TTG TGG TTA TCC TTT TTC TTC TTT



    2    1    1    1    1    1    2    1    1    2    1    1    1    1    1
    1    1    1    1    1    1    1    1    1    1    1    1    1    1    1
    1    1    1    1    1    1    1    1    1    1    1    1    1    1    1
    1    1    1    1    1    1    1    1    1    1    1    1    1    1    1
    1    1    1    1    1    1    1    1    1    1    1    1    1    1    1
    1    1    1    1    1    1    1    1    1    1    1    1    1    1    1
    1    1    1    1    1    1    1    1    1    1    1    1    1    1    1
    1    1    1    1    1    1    1    1    1    1    1    2    1    1    1
    1    1    1    1    1    1    1    1    1    1    1    1    1    1    1
    1    1    1    1    1    1    1    1    1    1    1    1    1    1    1
    1    1    1    1    1    1    1    1    1    1    1    1    1    1    1
    1    1    1    1    1    1    1    1    1    1    1    1    1    1    1
    1    1    1    1    1    1    1    1    1    1    1    1    1    1    1
    1    1    1    1    1    1    1    1    1    1    1    1    1    1    1
    1    1    1    1    1    1    1    1    1    1    1    1    1    1    1
    1    1    1    1    1    1    1    1    1    1    1    1    1    1    1
    1    1    1    1    1    1    1    1    1    1    1    1    1    1    1
    1    1    1    1    1    1    1    3    1    1    1    2    1    1    1
    1    1    1    1    1    1    1    1    1    1    1    1    1    1    1
    1    1    1    1    1    1    2    1    1    1    1    1    1    1    1
    1    1    1    1    1    1    1    1    1    1    1    1    1    1

CODONML (in paml version 4.4b, July 2010)  torun.nuc
Model: One dN/dS ratio for branches Global clock 
Codon frequency model: F3x4
ns =   7  ls = 322

Codon usage in sequences
--------------------------------------------------------------------------------------------------------------
Phe TTT  5  7  5  9  7  8 | Ser TCT  2  5  1  8  4  8 | Tyr TAT  3 10  3  7  5  7 | Cys TGT  0  2  1  3  1  3
    TTC  7  4  5  3  8  4 |     TCC 10  6  8  5 10  5 |     TAC 13  6 13  8 10  8 |     TGC  4  1  4  2  3  2
Leu TTA  2  1  1  2  3  2 |     TCA  2  6  3  3  5  3 | *** TAA  0  0  0  0  0  0 | *** TGA  0  0  0  0  0  0
    TTG  8  3  4  7  6  7 |     TCG  1  5  4  0  0  0 |     TAG  0  0  0  0  0  0 | Trp TGG  3  3  7  5  3  5
--------------------------------------------------------------------------------------------------------------
Leu CTT  0  6  2  1  0  1 | Pro CCT  2  2  0  3  3  3 | His CAT  4  2  1  3  2  3 | Arg CGT  0  3  0  1  0  1
    CTC  5  5  7  5  7  5 |     CCC  6  2  7  4  4  4 |     CAC  3  2  6  3  3  4 |     CGC  0  1  3  1  0  0
    CTA  3  2  1  1  3  1 |     CCA  2  2  2  1  2  1 | Gln CAA  2  6  3  9  3  9 |     CGA  0  3  1  1  1  1
    CTG 11 11 14  7 10  7 |     CCG  0  2  3  0  1  0 |     CAG 14 12 12  8 16  8 |     CGG  3  3  0  0  2  0
--------------------------------------------------------------------------------------------------------------
Ile ATT  5  7  6  6  9  6 | Thr ACT  6  3  2  2  6  2 | Asn AAT  4  1  4  7  4  7 | Ser AGT  2  5  4  8  2  7
    ATC 10  7  7  5  7  4 |     ACC  7  1  6  5  6  5 |     AAC  7  6  7  8  6  8 |     AGC  6 10 10  4  6  5
    ATA  3  1  2  6  2  6 |     ACA  2  7  3  7  3  7 | Lys AAA  8  9  8  9  6  9 | Arg AGA 11  0  7  9  8  9
Met ATG  6 10  7  9  8  9 |     ACG  4  6  3  0  1  0 |     AAG 10  8 11  9 13  9 |     AGG  3  2  8  2  4  2
--------------------------------------------------------------------------------------------------------------
Val GTT  2  3  2  4  3  4 | Ala GCT  7  8  3  6  7  6 | Asp GAT  4  6  3  2  7  2 | Gly GGT  1  3  3  2  1  1
    GTC  2  7  6  4  2  5 |     GCC  5  4  5  2  5  2 |     GAC  7  7 11  9  8 10 |     GGC  3  5  8  3  2  4
    GTA  0  4  0  3  0  3 |     GCA  1  4  4  2  1  2 | Glu GAA  8 11  4 14  7 14 |     GGA  6  7  4  5  9  6
    GTG 12 10 13  6 13  6 |     GCG  0  0  5  0  0  0 |     GAG 12 10 12  7 10  6 |     GGG  8  4  5  6  3  5
--------------------------------------------------------------------------------------------------------------

--------------------------------------------------
Phe TTT 11 | Ser TCT  2 | Tyr TAT 10 | Cys TGT  1
    TTC  6 |     TCC  8 |     TAC  8 |     TGC  3
Leu TTA  2 |     TCA  4 | *** TAA  0 | *** TGA  0
    TTG  8 |     TCG  1 |     TAG  0 | Trp TGG  4
--------------------------------------------------
Leu CTT  3 | Pro CCT  6 | His CAT  3 | Arg CGT  1
    CTC  3 |     CCC  1 |     CAC  0 |     CGC  0
    CTA  2 |     CCA  3 | Gln CAA  8 |     CGA  3
    CTG  9 |     CCG  2 |     CAG  6 |     CGG  1
--------------------------------------------------
Ile ATT  4 | Thr ACT  4 | Asn AAT 12 | Ser AGT  6
    ATC  8 |     ACC  1 |     AAC  4 |     AGC  1
    ATA  5 |     ACA  6 | Lys AAA 15 | Arg AGA  7
Met ATG  9 |     ACG  1 |     AAG  9 |     AGG  2
--------------------------------------------------
Val GTT  6 | Ala GCT  7 | Asp GAT  5 | Gly GGT  2
    GTC  1 |     GCC  4 |     GAC  5 |     GGC  5
    GTA  3 |     GCA  0 | Glu GAA 13 |     GGA  9
    GTG  3 |     GCG  0 |     GAG 10 |     GGG  1
--------------------------------------------------

Codon position x base (3x4) table for each sequence.

#1: Rattus norvegicus
position  1:    T:0.20906    C:0.19164    A:0.32753    G:0.27178
position  2:    T:0.28223    C:0.19861    A:0.34495    G:0.17422
position  3:    T:0.16376    C:0.33101    A:0.17422    G:0.33101
Average         T:0.21835    C:0.24042    A:0.28223    G:0.25900

#2: Danio rerio    
position  1:    T:0.19732    C:0.21405    A:0.27759    G:0.31104
position  2:    T:0.29431    C:0.21070    A:0.32107    G:0.17391
position  3:    T:0.24415    C:0.24749    A:0.21070    G:0.29766
Average         T:0.24526    C:0.22408    A:0.26979    G:0.26087

#3: Gallus gallus  
position  1:    T:0.19408    C:0.20395    A:0.31250    G:0.28947
position  2:    T:0.26974    C:0.19408    A:0.32237    G:0.21382
position  3:    T:0.13158    C:0.37171    A:0.14145    G:0.35526
Average         T:0.19846    C:0.25658    A:0.25877    G:0.28618

#4: Homo sapiens   
position  1:    T:0.22064    C:0.17082    A:0.34164    G:0.26690
position  2:    T:0.27758    C:0.17082    A:0.36655    G:0.18505
position  3:    T:0.25623    C:0.25267    A:0.25623    G:0.23488
Average         T:0.25148    C:0.19810    A:0.32147    G:0.22894

#5: Mus musculus   
position  1:    T:0.22337    C:0.19588    A:0.31271    G:0.26804
position  2:    T:0.30241    C:0.19931    A:0.34364    G:0.15464
position  3:    T:0.20962    C:0.29897    A:0.18213    G:0.30928
Average         T:0.24513    C:0.23139    A:0.27950    G:0.24399

#6: Pan troglodytes
position  1:    T:0.22064    C:0.17082    A:0.33808    G:0.27046
position  2:    T:0.27758    C:0.17082    A:0.37011    G:0.18149
position  3:    T:0.24555    C:0.26690    A:0.25979    G:0.22776
Average         T:0.24792    C:0.20285    A:0.32266    G:0.22657

#7: Bos taurus     
position  1:    T:0.23693    C:0.17770    A:0.32753    G:0.25784
position  2:    T:0.28920    C:0.17422    A:0.37631    G:0.16028
position  3:    T:0.28920    C:0.20209    A:0.27875    G:0.22997
Average         T:0.27178    C:0.18467    A:0.32753    G:0.21603

Sums of codon usage counts
------------------------------------------------------------------------------
Phe F TTT      52 | Ser S TCT      30 | Tyr Y TAT      45 | Cys C TGT      11
      TTC      37 |       TCC      52 |       TAC      66 |       TGC      19
Leu L TTA      13 |       TCA      26 | *** * TAA       0 | *** * TGA       0
      TTG      43 |       TCG      11 |       TAG       0 | Trp W TGG      30
------------------------------------------------------------------------------
Leu L CTT      13 | Pro P CCT      19 | His H CAT      18 | Arg R CGT       6
      CTC      37 |       CCC      28 |       CAC      21 |       CGC       5
      CTA      13 |       CCA      13 | Gln Q CAA      40 |       CGA      10
      CTG      69 |       CCG       8 |       CAG      76 |       CGG       9
------------------------------------------------------------------------------
Ile I ATT      43 | Thr T ACT      25 | Asn N AAT      39 | Ser S AGT      34
      ATC      48 |       ACC      31 |       AAC      46 |       AGC      42
      ATA      25 |       ACA      35 | Lys K AAA      64 | Arg R AGA      51
Met M ATG      58 |       ACG      15 |       AAG      69 |       AGG      23
------------------------------------------------------------------------------
Val V GTT      24 | Ala A GCT      44 | Asp D GAT      29 | Gly G GGT      13
      GTC      27 |       GCC      27 |       GAC      57 |       GGC      30
      GTA      13 |       GCA      14 | Glu E GAA      71 |       GGA      46
      GTG      63 |       GCG       5 |       GAG      67 |       GGG      32
------------------------------------------------------------------------------

(Ambiguity data are not used in the counts.)


Codon position x base (3x4) table, overall

position  1:    T:0.21429    C:0.18966    A:0.31921    G:0.27685
position  2:    T:0.28473    C:0.18867    A:0.34877    G:0.17783
position  3:    T:0.21921    C:0.28227    A:0.21379    G:0.28473
Average         T:0.23941    C:0.22020    A:0.29392    G:0.24647

Codon frequencies under model, for use in evolver (TTT TTC TTA TTG ... GGG):
  0.01401102  0.01804115  0.01366468  0.01819858
  0.00928412  0.01195460  0.00905462  0.01205892
  0.01716228  0.02209885  0.00000000  0.00000000
  0.00875083  0.01126792  0.00000000  0.01136624
  0.01240056  0.01596746  0.01209402  0.01610679
  0.00821698  0.01058051  0.00801386  0.01067284
  0.01518961  0.01955875  0.01481413  0.01972942
  0.00774498  0.00997275  0.00755353  0.01005978
  0.02087158  0.02687510  0.02035566  0.02710961
  0.01383013  0.01780824  0.01348826  0.01796363
  0.02556588  0.03291967  0.02493392  0.03320692
  0.01303571  0.01678531  0.01271348  0.01693178
  0.01810159  0.02330834  0.01765413  0.02351173
  0.01199465  0.01544480  0.01169816  0.01557957
  0.02217288  0.02855070  0.02162479  0.02879983
  0.01130566  0.01455763  0.01102620  0.01468466



Nei & Gojobori 1986. dN/dS (dN, dS)
(Pairwise deletion)
(Note: This matrix is not used in later ML. analysis.
Use runmode = -2 for ML pairwise comparison.)

Rattus norvegicus   
Danio rerio          0.1585 (0.6233 3.9334)
Gallus gallus        0.2845 (0.4193 1.4741)-1.0000 (0.5492 -1.0000)
Homo sapiens         0.2049 (0.2069 1.0096)-1.0000 (0.5536 -1.0000) 0.1468 (0.3485 2.3739)
Mus musculus         0.2235 (0.0685 0.3066) 0.2035 (0.6170 3.0319) 0.2580 (0.4091 1.5855) 0.2819 (0.2320 0.8231)
Pan troglodytes      0.1920 (0.2068 1.0774)-1.0000 (0.5534 -1.0000) 0.1296 (0.3398 2.6221) 0.1996 (0.0045 0.0227) 0.2798 (0.2330 0.8327)
Bos taurus           0.1754 (0.2656 1.5148)-1.0000 (0.5706 -1.0000) 0.1381 (0.4078 2.9530) 0.3355 (0.1613 0.4808) 0.2665 (0.2787 1.0458) 0.3464 (0.1631 0.4709)


TREE #  1:  (((((4, 6), (5, 1)), 7), 3), 2);   MP score: -1
lnL(ntime:  6  np:  8):  -4709.952718      +0.000000
   8..9     9..10   10..11   11..12   12..4    12..6    11..13   13..5    13..1    10..7     9..3     8..2  
 1.896793 1.337488 0.597653 0.589547 0.014663 0.157012 2.182129 0.234691
SEs for parameters:
 0.129645 0.083819 0.034441 0.037168 0.005621 0.016364 0.181186 0.018845

tree length =   6.48995

(((((4: 0.014663, 6: 0.014663): 0.574883, (5: 0.157012, 1: 0.157012): 0.432535): 0.008107, 7: 0.597653): 0.739835, 3: 1.337488): 0.559305, 2: 1.896793);

(((((Homo sapiens: 0.014663, Pan troglodytes: 0.014663): 0.574883, (Mus musculus: 0.157012, Rattus norvegicus: 0.157012): 0.432535): 0.008107, Bos taurus: 0.597653): 0.739835, Gallus gallus: 1.337488): 0.559305, Danio rerio: 1.896793);

Detailed output identifying parameters

kappa (ts/tv) =  2.18213

omega (dN/dS) =  0.23469

dN & dS for each branch

 branch          t       N       S   dN/dS      dN      dS  N*dN  S*dS

   8..9      0.559   724.9   241.1  0.2347  0.1028  0.4380  74.5 105.6
   9..10     0.740   724.9   241.1  0.2347  0.1360  0.5793  98.6 139.7
  10..11     0.008   724.9   241.1  0.2347  0.0015  0.0063   1.1   1.5
  11..12     0.575   724.9   241.1  0.2347  0.1057  0.4502  76.6 108.5
  12..4      0.015   724.9   241.1  0.2347  0.0027  0.0115   2.0   2.8
  12..6      0.015   724.9   241.1  0.2347  0.0027  0.0115   2.0   2.8
  11..13     0.433   724.9   241.1  0.2347  0.0795  0.3387  57.6  81.7
  13..5      0.157   724.9   241.1  0.2347  0.0289  0.1230  20.9  29.6
  13..1      0.157   724.9   241.1  0.2347  0.0289  0.1230  20.9  29.6
  10..7      0.598   724.9   241.1  0.2347  0.1098  0.4680  79.6 112.8
   9..3      1.337   724.9   241.1  0.2347  0.2458  1.0474 178.2 252.5
   8..2      1.897   724.9   241.1  0.2347  0.3486  1.4853 252.7 358.1

tree length for dN:       1.1927
tree length for dS:       5.0821


Time used:  0:07
