
seed used = 1418763417
      7    966

Rattus norvegicus                          ATG GCT TCC ACC GGG AAC CTG AAG GGC CCC AGC TTC AGT CAG CAC TTC ACG ATG ACG GTG ATC TGC ATA GTG CTC CTG CAG GTG CTC CTG CAG GCC TTG ACT GTG GCT GTG ACT TAC ATG TAC TTC AAC AAC GAG GTG AAA CAG CTA CAG GAC AAT TAC TCC AAA ATC GGA CTA GCT TGC TTC TCA AAA GAA GAT --- GGG GAT TTT TGG GAC TCC ACT GAC --- --- --- --- GAG GGG ATT TTG AAC AGA CCT TGC TTG CAG GTC AAG AGG CAA CTG TAT CAG CTC ATT GAA GAG GTG ACT TTG AGA ACC TTT GAG AAA ACC ATC TCT ACA GTT CCA GAA AAG CAG CTA AGC --- --- ACT CCT CCC TTG CCC AGA GGT AGA AGA CCC CAG --- --- --- --- AGA GTG GCA GCT CAC ATT ACC GGG ATC ACT CGG AGA AGC AAC TTA GCC TTA ATT CCA ATC TCC AAG GAT GGA AAG ACC TTG GGC CAG AAG ATA GAA ACC TGG GAG TCC TCT CGG AGA GGG CAT TCA TTT CTC AAC CAT GTG CAC TTG AGA AAC GGA GAG CTG GTG ATC CAG GAG GAG GGC CTG TAT TAC ATC TAC TCC CAA ACG TAC TAC CGG TTC --- --- --- --- AAG GAG GCT AAA GAA GCT TCC AAG --- --- ACA GTC TCG AAG GAC GGA GGG AGG ATC AAA CAG ATG GTG CAG TAC ATC TAC --- AAA TAC ACC AGC TAC CCC GAT CCC ATA CTG CTG ATG AAG AGT GCC AGA AAT AGC TGC TGG TCC AGA GAA GCT GAG TAC GGA CTG TAC TCC ATC TAT CAG GGG GGG CTG TTC GAG CTC AAA GAA AAT GAC AGG ATT TTT GTT TCC GTG ACG AAT GAG CAT TTG ATG GAC CTG GAC CAT GAA GCC AGC TTC TTT GGA GCC --- --- --- --- --- --- --- --- --- --- --- --- --- --- --- --- --- 
Danio rerio                                ATG GTC AGC ATG ACA --- --- --- AGC TCA CAC ACC ATG CAG --- --- --- --- TAT ATC GGA CTT CTG CTG CTG GCT GCA ATC CTC CTG CAA ACA ATA GCC GTG GCT GTA ACT TTC ATT TAC TTC AGC AAC GTC TTG TCG ACG ATG AAA GAG ACG TTC TCC AAG AGC AGC GTG TCT TGT CTT ATG CGG GCC AAC --- CTC AGG ACT ATT AAG GGT CAG GAG --- CTG AAC GGG GCC GAG GGC AAG GAC GAC CCC TGC TGG CAG GTC ACG CAG CAG CTC CAC TTT CTG ATT GAA AAG TCA ATG TCC AGT CGA TAT CAG AAA GAA ATT ACA TCT GCT GTC AAA GAT GAA GTC TCT CGT GTT CTT CCC TCA CTG GTG ATC CAA GAT CAA GAG GAT TCC TCT CGG CCT AAA ATT GCA GCC CAT GTG ACT GGG AGT TAT ACA CCA GAA TCA GAA AAA GAC GGA GCA GGT CTA CCA AAC AGG AAG GTC TAC GGA CAG AAG ATC CAG TCT TGG GAG TCC GAA AAA --- GGT CTG GCT TTT CTC CAG AAC GTG GAG TTA AGT GAC GGA GAA TTG GTG GTA CCT CAG GCT GGC CTT TAT TAT ATC TAC TCG CAA ACG TAT TTT CGT CAT ACG CTG ATC GAG GAA GAC GAA AGT GCT CGC GAG GAT GAG TAC GGC TCG ATG GGC GAA TCG GTT CGA GGG AAA CCG ATG TTG CAG TAT GTT TAT AAA AAA GTA AGC TCC TAT CAG GTG CCG ATT CTG CTA ATG AAG AAT GCT CGG ACG ACA TGT TGG TCA CGT GAC TCC GAA TAC GGC CTT TAT TCG ATC TAC CAA GCT GGG CTT TTT CAA CTC GGA AGT GGA GAT CGA GTG TTT GTG ACA GTC AGC AAC GTA AGC ACA ATT GAC ATG GAT GAG AAG TCA AGC TTT TTC GGA GCA TTT CTG GTG AGC --- --- --- --- --- --- --- --- --- --- --- --- --- 
Gallus gallus                              ATG CTG CCC GCG GGC --- --- --- GGG CCG AGC CCC GCG CAC --- --- --- --- ACC TGC GGG GCC GTG CTG GTG GCT GCC GTG CTG CTG CAG TCC GTC TGC GTG GCC GTC ACC TAC ATC TAC TTC ACC AAC GAG CTG AAG CAG CTC TGG GAC ACG TAC TCC AGG AGT GGC ACT GCC TGT CTG ACC GGG GAG GAG CTG GGA GAC CTC ATC CAG AAC TTG GAC GTG GTG GAA AGC AAA GAC AGA GTG GCT GAC CCC TGC TGG CAA GTG AAG TGG CAC CTG GGA AAG TTA ATT AAA AAG ATG ATG TCA AGA ATC CTT CAG GAA AAC ATG TCT GCA ATC AAC GGT GAC AGG ACC CAG --- --- --- GCA CTG TCG CGC AGG GAT GAG CCG CCA CAG GGC CCC ACG CTC AGG ATA GCG GCA CAC CTG ACG GGC AGC AGC AAG AGG AGC TCC GCG TCC CCG --- CAC AAT TAC TTG TCC TAC AGA GGC ATT GGG CAT AAA ATC CAC AGC TGG GAG TCA TCG AGG AGA GGC CAC TCC TTC CTC TAC AAC GTG GAG CTG TGG AAC GGT GAG CTG GTG GTG CCC CAG ACA GGC TTC TAT TAC ATC TAC TCA CAG ACT TAC TTT CGC TTC --- --- --- --- CGC GAA AAT GAG GAC GAG GAC TCG --- --- GGT TTG TTG GAA CGA ATA AAG AAT CCC AAG CAG CTC GTC CAG TAC ATT TAC --- AAA CTG ACA AAT TAC CCA GAT CCC ATT CTG CTC ATG AAG AGC GCA AGA ACA AGC TGC TGG TCC AAA AAG GCT GAG TAT GGA CTT TAT TCC GTC TAC CAG GGC GGG GTG TTC CAG CTA AAA AGG GAG GAC AGA ATT TTT GTC TCG GTC AGT AAC AGT GAT ATC GTT GAC ATG GAC AAG GAG GCG AGC TTT TTT GGA GCC TTT ATG ATT AGT GTT AAA AGA CAA AAA ACC GTG CTC TGG AGG AAG CAA AGC 
Homo sapiens                               ATG GCT ATG ATG GAG GTC CAG GGG GGA CCC AGC CTG GGA CAG --- --- --- --- ACC TGC GTG CTG ATC GTG ATC TTC ACA GTG CTC CTG CAG TCT CTC TGT GTG GCT GTA ACT TAC GTG TAC TTT ACC AAC GAG CTG AAG CAG ATG CAG GAC AAG TAC TCC AAA AGT GGC ATT GCT TGT TTC TTA AAA GAA GAT --- GAC AGT TAT TGG GAC CCC AAT GAC --- --- --- --- GAA GAG AGT ATG AAC AGC CCC TGC TGG CAA GTC AAG TGG CAA CTC CGT CAG CTC GTT AGA AAG ATG ATT TTG AGA ACC TCT GAG GAA ACC ATT TCT ACA GTT CAA GAA AAG CAA CAA AAT --- --- ATT TCT CCC CTA GTG AGA GAA AGA GGT CCT CAG --- --- --- --- AGA GTA GCA GCT CAC ATA ACT GGG ACC AGA GGA AGA AGC AAC ACA TTG TCT TCT CCA AAC TCC AAG AAT GAA AAG GCT CTG GGC CGC AAA ATA AAC TCC TGG GAA TCA TCA AGG AGT GGG CAT TCA TTC CTG AGC AAC TTG CAC TTG AGG AAT GGT GAA CTG GTC ATC CAT GAA AAA GGG TTT TAC TAC ATC TAT TCC CAA ACA TAC TTT CGA TTT --- --- --- --- CAG GAG --- --- --- --- --- --- --- --- GAA ATA AAA GAA AAC ACA AAG AAC GAC AAA CAA ATG GTC CAA TAT ATT TAC --- AAA TAC ACA AGT TAT CCT GAC CCT ATA TTG TTG ATG AAA AGT GCT AGA AAT AGT TGT TGG TCT AAA GAT GCA GAA TAT GGA CTC TAT TCC ATC TAT CAA GGG GGA ATA TTT GAG CTT AAG GAA AAT GAC AGA ATT TTT GTT TCT GTA ACA AAT GAG CAC TTG ATA GAC ATG GAC CAT GAA GCC AGT TTT TTT GGG GCC TTT TTA GTT GGC --- --- --- --- --- --- --- --- --- --- --- --- --- 
Mus musculus                               ATG CCT TCC TCA GGG GCC CTG AAG GAC CTC AGC TTC AGT CAG CAC TTC AGG ATG ATG GTG ATT TGC ATA GTG CTC CTG CAG GTG CTC CTG CAG GCT GTG TCT GTG GCT GTG ACT TAC ATG TAC TTC ACC AAC GAG ATG AAG CAG CTG CAG GAC AAT TAC TCC AAA ATT GGA CTA GCT TGC TTC TCA AAG ACG GAT --- GAG GAT TTC TGG GAC TCC ACT GAT --- --- --- --- GGA GAG ATC TTG AAC AGA CCC TGC TTG CAG GTT AAG AGG CAA CTG TAT CAG CTC ATT GAA GAG GTG ACT TTG AGA ACC TTT CAG GAC ACC ATT TCT ACA GTT CCA GAA AAG CAG CTA AGT --- --- ACT CCT CCC TTG CCC AGA GGT GGA AGA CCT CAG --- --- --- --- AAA GTG GCA GCT CAC ATT ACT GGG ATC ACT CGG AGA AGC AAC TCA GCT TTA ATT CCA ATC TCC AAG GAT GGA AAG ACC TTA GGC CAG AAG ATT GAA TCC TGG GAG TCC TCT CGG AAA GGG CAT TCA TTT CTC AAC CAC GTG CTC TTT AGG AAT GGA GAG CTG GTC ATC GAG CAG GAG GGC CTG TAT TAC ATC TAT TCC CAA ACA TAC TTC CGA TTT --- --- --- --- CAG GAA GCT GAA GAC GCT TCC AAG --- --- ATG GTC TCA AAG GAC AAG GTG AGA ACC AAA CAG CTG GTG CAG TAC ATC TAC --- AAG TAC ACC AGC TAT CCG GAT CCC ATA GTG CTC ATG AAG AGC GCC AGA AAC AGC TGT TGG TCC AGA GAT GCC GAG TAC GGA CTG TAC TCC ATC TAT CAG GGA GGA TTG TTC GAG CTA AAA AAA AAT GAC AGG ATT TTT GTT TCT GTG ACA AAT GAA CAT TTG ATG GAC CTG GAT CAA GAA GCC AGC TTC TTT GGA GCC TTT TTA ATT AAC --- --- --- --- --- --- --- --- --- --- --- --- --- 
Pan troglodytes                            ATG GCT ATG ATG GAG GTC CAG GGG GGA CCC AGC CTG GGA CAG --- --- --- --- ACC TGC GTG CTG ATC GTG GTC TTC ACA GTG CTC CTG CAG TCT CTC TGT GTG GCT GTA ACT TAC GTG TAC TTT ACC AAC GAG CTG AAG CAG ATG CAG GAC AAG TAC TCC AAA AGT GGC ATT GCT TGT TTC TTA AAA GAA GAT --- GAC AGT TAT TGG GAC CCC AAT GAC --- --- --- --- GAA GAC AGT ATG AAC AGC CCC TGC TGG CAA GTC AAG TGG CAA CTC CGT CAG CTC GTT AGA AAG ATG ATT TTG AGA ACC TCT GAG GAA ACC ATT TCT ACA GTT CAA GAA AAG CAA CAA AAT --- --- ATT TCT CCC CTA GTG AGA GAA AGA GGT CCT CAG --- --- --- --- AGA GTA GCA GCT CAC ATA ACT GGA ACC AGA GGA AGA AGC AAC ACA TTG TCT TCT CCA AAC TCC AAG AAT GAA AAG GCT CTG GGC CAC AAA ATA AAC TCC TGG GAA TCA TCA AGG AGT GGG CAT TCA TTC CTG AGC AAC TTG CAC TTG AGG AAT GGC GAA CTG GTC ATC CAT GAA AAA GGG TTT TAC TAC ATC TAT TCC CAA ACA TAC TTT CGA TTT --- --- --- --- CAG GAG --- --- --- --- --- --- --- --- GAA ATA AAA GAA AAC ACA AAG AAC GAC AAA CAA ATG GTC CAA TAT ATT TAC --- AAA TAC ACA AGT TAT CCT GAC CCT ATA TTG TTG ATG AAA AGC GCT AGA AAT AGT TGT TGG TCT AAA GAT GCA GAA TAT GGA CTC TAT TCC ATC TAT CAA GGG GGA ATA TTT GAG CTT AAG GAA AAT GAC AGA ATT TTT GTT TCT GTA ACA AAT GAG CAC TTG ATA GAC ATG GAC CAT GAA GCC AGT TTT TTC GGG GCC TTT TTA GTT GGC --- --- --- --- --- --- --- --- --- --- --- --- --- 
Bos taurus                                 ATG GCC CTG AAG CAG GCT CCG --- GGC TCC AGA CTT GGG CAG --- --- --- --- ATC TGC ATG CCG ATC CTC ATC TTC ACA GTG CTG CTG CAG GCT TTT GGT ATG GCC GTG TTT TAC ATG TAT TTC AAC AAA GAG CTG AAG CAG ATG CAG AAC AAA TAC TTC AAA AGT GGC TTG GCT TGC TTC TTG GAG GAA GAT --- GAC CGT TCC TGG GAC TCC AGA GAT --- --- --- --- GAT GAG AGT ATA ATC AAT CCC TGC TGG GAA CTA AAG TCC CAA CTC TAT CTG TTT GTT AAA AAG ATG ACT TTG AGA ACC TTT GAG GAA ATG ATT CCT ACA AAT CCA GAA AAG CAA TAT AAT --- --- --- CCT TAC CTA GAG AGA GAA AAG GGT CCT AAG --- --- --- --- AGG GTA GCT GCT CAT ATA ACT GGA AGC AAT CGG AAA AAA AGT ACG TTG CCA GTT CCA GGC TCC AAG AAT GAA AAA GCT GTG GGC CAT AAA ATA AAT TCC TGG GAG TCA TCA AGA AAA GGA CAT TCG TTC TTG AAT AAT TTG TAC TTA AGG AAT GGA GAG CTG GTT ATC CTT CAA ACA GGA TTT TAT TAC ATC TAT TCC CAA ACA TAC TTT CGA TTT --- --- --- --- CAG GAA CCT GAG GAA GTT TTG GGA ACT GTT TCA ACA GAA GAG AAC AGA AAA AAA ATC AAA CAA ATG GTA CAA TAT ATT TAC --- AAA TAC ACA AAC TAT CCT GAC CCT ATA CTG CTG ATG AAA AGT GCT AGA AAT AGT TGT TGG TCT AAA GAT TCA GAA TAT GGA CTC TAT TCC ATC TAT CAA GGA GGA ATA TTT GAG CTT AAG GAA AAT GAT CGA ATT TTT GTC TCT GTA ACT AAT GAA CGA TTG GTT GAC CTG GAC CAA GAA GCC AGT TTT TTC GGA GCC TTT TTA ATT GGC --- --- --- --- --- --- --- --- --- --- --- --- --- 



Printing out site pattern counts


         7        951  P G
G 4       10     21     21    265

Rattus norvegicus                           --- --- --- --- --- --- --- --- --- --- AAC AAG ACC ACG ACG AGC AGT ATC ATG ATG CAC CAG CCC CTG GCT GGC GGG GTG TCC TTC TTC ACT ACT ATA ATG CAG CAG CTC CTC CTG CTG GCC GCT GTG GTG GTG GTG TAC TAC TGC TTC TTG --- --- --- --- --- --- --- --- --- --- --- --- --- --- --- --- --- --- --- --- --- --- --- AAA AAA AAA AAA AAA AAA AAA AAA AAC AAC AAC AAC AAC AAC AAG AAG AAG AAG AAG AAG AAG AAG AAG AAT AAT AAT AAT ACA ACA ACC ACC ACC ACC ACC ACC ACG ACG ACT ACT ACT ACT AGA AGA AGA AGA AGA AGA AGA AGA AGA AGA AGA AGC AGC AGC AGC AGC AGG AGG AGG AGT ATA ATA ATC ATC ATC ATC ATC ATC ATC ATC ATC ATG ATG ATG ATT ATT ATT ATT ATT CAA CAA CAC CAC CAG CAG CAG CAG CAG CAG CAG CAG CAG CAG CAG CAT CAT CAT CAT CCA CCA CCC CCC CCC CCC CCC CCT CCT CGG CGG CGG CTA CTA CTA CTC CTC CTC CTG CTG CTG CTG CTG CTG CTG CTG GAA GAA GAA GAA GAA GAA GAA GAA GAC GAC GAC GAC GAC GAC GAC GAG GAG GAG GAG GAG GAG GAG GAG GAG GAG GAG GAG GAT GAT GAT GAT GCA GCC GCC GCC GCC GCT GCT GCT GCT GCT GGA GGA GGA GGA GGA GGA GGC GGC GGG GGG GGG GGG GGG GGG GGG GGT GTC GTC GTG GTG GTG GTG GTG GTG GTG GTT GTT TAC TAC TAC TAC TAC TAC TAC TAC TAC TAT TAT TAT TCA TCA TCC TCC TCC TCC TCC TCC TCC TCC TCC TCG TCT TCT TGC TGC TGC TGG TGG TTA TTA TTC TTC TTC TTC TTG TTG TTG TTG TTG TTG TTG TTT TTT TTT TTT TTT
Danio rerio                                 --- --- --- --- --- --- --- --- --- --- --- --- ATG --- TAT CAC ATG GGA --- ATG --- CAG TCA --- GTC AGC ACA ATC AGC --- ACC ACT GCC CTG ATT CAA GCA CTC CTG CTG GCT ACA GCT ATC CTG GTA GTG TAC TTC CTT TTC ATA --- --- --- AAA AAC ACG AGC ATC CCT CGG CGT CTG CTG CTG GAG GAG GGG GTG GTT TAC TCC TCT TTT AAA AAA AAA AAG AGT CGG GGA TCG AAC AGC CAG GAC GAC TCA AAG AAG AAG ACG CCA GAA GAT GAT GGC AAC ACG ACG GGA GGC TCT ACT AGC CGA GAA GTC TCT ACG AGC ATG CAG CTT TAT --- AAA AGT AGT ATC CAA CCA CGG CGT GAC GAT ACA AGC GAA TCC TCT CAG CGA CGA AAT ATC ATT AGC AGT ATC ATC ATT GGG GGT GTA GTT ATG ATG ATT ATT GGA GGC GTG GTG CAA CAG CAT GAG AAA ACG CAA CAG CAG CAG CCG CCT GAA GAT TTT AAC AGC CTG GAG GCA GTC CAG CCG GAG GTG TCA CCC CCC AAA ACA CGT ATG GTC GTG CTC CTC CTG ATG CTA CTC CTG CTT CTT CTT TTG AAA AAG AGT CAG GAA GAC GCC GCT AAG GAA GAC GAG GAG GAT GAT AAG CAA CAG CAG GAA GAA GAC GAG GCC GCT GTA GTC AAC AAC AGG GTG GCA AAA GCA GCT TCA CGC GAA GCC TCC TCT AGC AGG GGA GGA GGC TCG GGA GGC CTC GAG GCT GGG GGG GGT GTT CAA GTC TCG ATT GTC GTG GTG TCA TTG TTG GCT GTG GTA TAC TAC TAT TAT TAT TAT TTC TTT CAC TAC TAT ATG GCT ACA CTA GAG GGT TCA TCC TCC TCG TCG ATG ACA GAA TGC TGT TGT ATT TGG GAA GAC CAT CTT TTT TTT AAG ACA CTG TAC TCC TGG TTA ACT TAT TTC TTT TTT
Gallus gallus                               AAA AAG ACC AGA AGC AGG CAA CTC GTG TGG --- --- GCG --- ACC AGC GCG GGG --- ATG --- CAC CCG --- CTG GGG GGC TGC CCC --- CCC ACC TGC GTG ATC CAG GCC CTG GTG CTG GCT TCC GCC GTG CTG GTC GTG TAC TAC GCC TTC GTC CTG GTG GTT --- GAA --- AGT --- CTC ACG --- --- ATG GTG --- --- AGC ATT --- --- GGC CCC TTT AAA AAG GAA AGG GAG GGG AAA AAG AAC ACC TAC AAC GCT TCC AAA AAG AGA AAG TTG CGC GAC TCG GAA AAC ACA ACG GAG GGT GCA ACG ACA ATC AAC GGC AGC ACT AGT ATG TTG --- AGC AGA AGG AGA TGG AGG CCG AGG AGA AAA GAC GAG AGC AGC AGC AAT CAG TGG AAT AGA AGC ATC ATT AGT AGC ATC GTC ATG CCC AAT GTG ATT ATG CTC GTT ATT --- AGA ATT CTG CAG CAC CAC GAG TGG CAG CAG CAA CAG CAT CAG CCC AGG CAG AAG AAC GAT CAC AAG CAC AAC CCA CCC CCA CGC CTG CCC GCA AGG AAG CGC CTC ACC ACT CTA CTC TTA ATG CTC CTG CTG CTT GTG TTC CTG GGT GAG AGG CAC AAA AAG GAG GAC CAG CGA GAC GAC GAC GAC GAC AAG CAG CAG CAG GAG GAG GAA GAG AAA ACA AGT GAG GAG TCC GAC GAT GCG TCC GCC GCA GCG GAG AAT GCA GCT GCC GGC TAC GGA GGT GGA ATA GGG GGC GGA GAC GGC GGC GGG GGC AAG GAT GTG TTG ATA GTC GTG GTG ATG CTG GTC ATC GTC CTG TAC TAT TAC TAC TAC TAT TAC TTT GGA TAC TAT ACC TCC TCG TAC GAC AAC TCC TCA TCC TCA TCC TTG TCT TCG TGC TGC TGT ATC TGG GCG CCG TTC CTG TTC TTT GTG ATC TCG ATT TCA TGG CTG CTC CTT TTT TTC TTT
Homo sapiens                                --- --- --- --- --- --- --- --- --- --- GTC GGG ATG --- ACC AGC GGA GTG --- ATG --- CAG CCC CAG GCT GGA GAG TGC ATG --- CTG ACT TGT ATC GTG CAG ACA CTC ATC CTG TTC TCT GCT GTG GTG GTA GTG TAC TAC CTG TTT CTC --- --- --- --- --- --- GGC --- --- --- --- --- TTA --- --- --- --- GTT --- --- --- --- TTT AAA AAA GAA AAA --- AAA AAG AAG AAC ACC AGC AAT AAC AAC AAA AAA AAG AAG AAG CAG AAG --- GAA AAT AAT AAG AAT GAA ACA ACT ACA ACC ACC GCT TCC ACA ACA ATT AAT ATT AGA AGT AGA AGA AGG AGA GGT AGA AGA AAA AGC AGA AGT AGT AGC AGT AAT TGG AAC AGA AGT ATA ATA AGT ACC ATC ATC ATT GAC AAC ATC ATT ATG ATG ATA GTT TCT AGT ATT ATA CAA CAA CAC CAC CAG CAG CAA CAA CAA CGC CAA CAT CAA CAG CAG AAC CAC CAT CAT CCA CAA CCT CCT CCT GTG CCC CCC TCT AGG GGA CGA ATG CAA ATT CTT CTG CTC ATG TTG CTC TTG CTC ATA TTT CTG GAA GAA GAA AAC AGA GAT GAA --- GAC AAC GAC GAC GAC GAC GAC AAG GAG GAA GAG GAA GAA GAG GAA GAA AAA GAG GAG GAT AAT AGT GAC GCA TTG GCC GCT GCC --- --- GCT GCA GCT GGC GAA GGG GGT GGA ACA GGC GGG GAC GAG GGG GGG GGA GGG AAG GAA GTC ATA GTA GTA GTC TTG ATG CTG GTC GTT GTT TAC TAT TAT TAC TAT TAT TAT TAC TTT CGT TAT TAC TTA TCA TCT TCC --- CCC TCT TCA TCC TCC TCC AAA TCT TCA TGC TGT TGT TGG TGG ACA TCT TTT TTC TTT TTT ATG TTG CTA CTG TTG TGG TTG TAT TCT TTT TTC TTT
Mus musculus                                --- --- --- --- --- --- --- --- --- --- GCC AAG TCA AGG ATG AGC AGT ATT ATG ATG CAC CAG CTC CTG CCT GAC GGG GTG TCC TTC TTC ACT TCT ATA ATG CAG CAG CTC CTC CTG CTG GCT GCT GTG GTG GTG GTG TAC TAC TGC TTC GTG --- --- --- --- --- --- AAC --- --- --- --- --- TTA --- --- --- --- ATT --- --- --- --- TTT AAG AAA GAC AAA GAA AAG AAA AAG AAC ACC AAC AAT AAC AAC AAG AAG AAG AAG AAG CAG AAG AAG AAG AAT AAC AAT AAT ATG ACA ACT ACC ACC ACC ACC TCC ACA ACA ACT ACT ACT ACT AAA AAA AGA AGG AGA AGA AGA AGA AGA AGA GGA AGC AGC AGC AGC AGT AGG AGA AGG AGC ATT ATA ATT ATC ATC ATC ATT ACC ATC ATC ATC ATG CTG ATG ATT ATT ATC ATT ATT CAA CAA CAC CTC CAG CAG CAG CAG CAG CAG CAG GAG CAG CAG CAG CAC CAT CAT CAA CCA CCA CCG CCC CCT CCC CCC CCC CCT CGG CGG CGA CTG CTA CTA CTA CTC CTC CTG CTC CTG GTG CTG TTG CTG CTG GAA GAA AAA GAA GAA GAT ACG GAC GAC GAC GAC GAC GAT GAC GAT GAG GAG CAG CAG GAG GAG GAA GAG GGA GAG GAA GAG GAT GAT GAT GAT GCA GCT GCC GCC GCC GCT GCT GCT GCC GCT GGA GGA GGA GGA GGA AAG GGC GGC GAG GAG GGA GGG GGA GGG GTG GGT GTT GTC GTG GTG GTC GTG GTG ATG GTG GTT GTT TAC TAT TAC TAC TAC TAT TAC TAC TTC TAT TAT TAT TCA TCA TCT TCC TCC TCC TCC TCC TCC TCC TCC TCA TCT TCT TGC TGT TGC TGG TGG TCA TTA TTT TTC TTC TTC TTG TTG TTG TTA TTG TTG TTT TTC TTT TTT TTT TTT
Pan troglodytes                             --- --- --- --- --- --- --- --- --- --- GTC GGG ATG --- ACC AGC GGA GTG --- ATG --- CAG CCC CAG GCT GGA GAG TGC ATG --- CTG ACT TGT ATC GTG CAG ACA CTC GTC CTG TTC TCT GCT GTG GTG GTA GTG TAC TAC CTG TTT CTC --- --- --- --- --- --- GGC --- --- --- --- --- TTA --- --- --- --- GTT --- --- --- --- TTT AAA AAA GAA AAA --- AAA AAG AAG AAC ACC AGC AAT AAC AAC AAA AAA AAG AAG AAG CAG AAG --- GAA AAT AAT AAG AAT GAA ACA ACT ACA ACC ACC GCT TCC ACA ACA ATT AAT ATT AGA AGT AGA AGA AGG AGA GGT AGA AGA AAA AGC AGA AGT AGT AGC AGT AAT TGG AAC AGA AGC ATA ATA AGT ACC ATC ATC ATT GAC AAC ATC ATT ATG ATG ATA GTT TCT AGT ATT ATA CAA CAA CAC CAC CAG CAG CAA CAA CAA CAC CAA CAT CAA CAG CAG AAC CAC CAT CAT CCA CAA CCT CCT CCT GTG CCC CCC TCT AGG GGA CGA ATG CAA ATT CTT CTG CTC ATG TTG CTC TTG CTC ATA TTT CTG GAA GAA GAA AAC AGA GAT GAA --- GAC AAC GAC GAC GAC GAC GAC AAG GAG GAA GAG GAA GAA GAG GAA GAA AAA GAG GAG GAT AAT AGT GAC GCA TTG GCC GCT GCC --- --- GCT GCA GCT GGC GAA GGG GGC GGA ACA GGC GGG GAC GAC GGG GGA GGA GGG AAG GAA GTC ATA GTA GTA GTC TTG ATG CTG GTC GTT GTT TAC TAT TAT TAC TAT TAT TAT TAC TTT CGT TAT TAC TTA TCA TCT TCC --- CCC TCT TCA TCC TCC TCC AAA TCT TCA TGC TGT TGT TGG TGG ACA TCT TTT TTC TTT TTT ATG TTG CTA CTG TTG TGG TTG TAT TCT TTC TTC TTT
Bos taurus                                  --- --- --- --- --- --- --- --- --- --- GCT --- AAG --- ATC AGA GGG ATG --- ATG --- CAG TCC CCG GCC GGC CAG TGC CTG --- CTT TTT GGT ATC ATG CAG ACA CTG ATC CTG TTC GCT GCC GTG CTC GTG ATG TAT TAC CCG TTC TTT --- --- --- --- --- --- GGC --- --- --- --- --- TTA --- --- ACT --- ATT --- GTT --- --- TTT AAA AAA GAA AAA GAG GAG AAG AAG AAA AAC AAT AAT ATC AGT AAA AAA AAA AAG AAG CAG AAG GGA GAG AAT AAT AAA AAT TCA ACA ACT ACA ACC ATG GCT TCC ACA ACT ACT AGA --- AAT AAA AGG AGA AGG AGA GGT AAA AGA AAA AAT AAG AGT AGT AAA AAC AAT TCC AAA CGA AGT ATA ATA AGT AGC ATC ATC ATT ATC GGC ATC ATT ATG ATG GTT GTT GTT AGT ATT ATA CAA CAA CAT TAC CAG CAG CAA GAA CAA CAT CAA CTT CAA AAG CTG AAT CGA CAT CAA CCA CCA CCT CCT CCT GAG TAC CCC CCT AGA CGG CGA ATG TAT TTG CTT TTG TTT CTG CTG CTC CTG CTC ATA TTT CTG GAA GAA GAA AAT AAA GAT GAA GAA GAC AAC GAC AAC GAT GAT GAC AAG GAG CAA GAG GAA GAG GAA GAG GAT ACA GAA GAG GAT AAT CGT GAC GCT TTG GCC GCT GCC GTT CCT GCT TCA GCT GGC GAA GGA GGA GGA AGA GGC GGA GAC GAG GGA GGA GGA GGA AAA GAA CTA ACA GTA GTA GTT TTG ATG CTG GTA AAT GTC TAC TAT TAT TAC TAT TAT TAT TAC TTT TAT TAT TAT TTG TCG TCT TCC TTG TCC TCT TCA TTC TCC TCC GAA CCT TCA TGC TGT TGC TGG TGG ACG CCA TTT TTC TTT TTT ATA TTG CTA GTG TTG TGG TTA TCC TTT TTC TTC TTT



    2    1    1    1    1    1    2    1    1    1    1    1    1    1    1
    1    1    1    1    1    1    1    1    1    1    1    1    1    1    1
    1    1    1    1    1    1    1    1    1    1    1    1    1    1    1
    1    1    1    1    1    1    1    1    1    1    1    1    1    1    1
    1    1    1    1    1    1    1    1    1    1    1    1    1    1    1
    1    1    1    1    1    1    1    1    1    1    1    1    1    1    1
    1    1    1    1    1    1    1    1    1    1    1    1    1    1    1
    1    1    1    1    1    1    1    1    1    1    1    1    1    1    1
    1    1    1    1    1    1    1    1    1    1    1    1    1    1    1
    1    1    1    1    1    1    1    1    1    1    1    1    1    1    1
    1    1    1    1    1    1    1    1    1    1    1    1    1    1    1
    1    1    1    1    1    1    1    1    1    1    1    1    1    1    1
    1    1    1    1    1    1    1    1    1    1    1    1    1    1    1
    1    1    1    1    1    1    1    1    1    1    1    1    1    1    1
    1    1    1    1    1    1    1    1    1    1    1    1    1    1    1
    1    1    1    1    1    1    1    1    1    1    1    1    1    1    1
    1    1    1    1    1    1    1    1    1    1    1    1    1    1    1
    1    1    1    1    1    1    1    1    1    1    1    1    1    1    1
    1    3    1    1    1    1    1    1    1    1    1    1    1    1    1
    1    1    1    1    1    1    1    1    1    1    1    1    1    2    1
    1    1    1    1    1    1    1    1    1    1    1    1    1    1    1
    1    1

CODONML (in paml version 4.4b, July 2010)  torun.nuc
Model: One dN/dS ratio for branches Global clock  (4 genes: diff. rate & k&w)  
Codon frequency model: F3x4
ns =   7  ls = 322

Codon usage in sequences
--------------------------------------------------------------------------------------------------------------
Phe TTT  5  7  5  9  7  8 | Ser TCT  2  5  1  8  4  8 | Tyr TAT  3 10  3  7  5  7 | Cys TGT  0  2  1  3  1  3
    TTC  7  4  5  3  8  4 |     TCC 10  6  8  5 10  5 |     TAC 13  6 13  8 10  8 |     TGC  4  1  4  2  3  2
Leu TTA  2  1  1  2  3  2 |     TCA  2  6  3  3  5  3 | *** TAA  0  0  0  0  0  0 | *** TGA  0  0  0  0  0  0
    TTG  8  3  4  7  6  7 |     TCG  1  5  4  0  0  0 |     TAG  0  0  0  0  0  0 | Trp TGG  3  3  7  5  3  5
--------------------------------------------------------------------------------------------------------------
Leu CTT  0  6  2  1  0  1 | Pro CCT  2  2  0  3  3  3 | His CAT  4  2  1  3  2  3 | Arg CGT  0  3  0  1  0  1
    CTC  5  5  7  5  7  5 |     CCC  6  2  7  4  4  4 |     CAC  3  2  6  3  3  4 |     CGC  0  1  3  1  0  0
    CTA  3  2  1  1  3  1 |     CCA  2  2  2  1  2  1 | Gln CAA  2  6  3  9  3  9 |     CGA  0  3  1  1  1  1
    CTG 11 11 14  7 10  7 |     CCG  0  2  3  0  1  0 |     CAG 14 12 12  8 16  8 |     CGG  3  3  0  0  2  0
--------------------------------------------------------------------------------------------------------------
Ile ATT  5  7  6  6  9  6 | Thr ACT  6  3  2  2  6  2 | Asn AAT  4  1  4  7  4  7 | Ser AGT  2  5  4  8  2  7
    ATC 10  7  7  5  7  4 |     ACC  7  1  6  5  6  5 |     AAC  7  6  7  8  6  8 |     AGC  6 10 10  4  6  5
    ATA  3  1  2  6  2  6 |     ACA  2  7  3  7  3  7 | Lys AAA  8  9  8  9  6  9 | Arg AGA 11  0  7  9  8  9
Met ATG  6 10  7  9  8  9 |     ACG  4  6  3  0  1  0 |     AAG 10  8 11  9 13  9 |     AGG  3  2  8  2  4  2
--------------------------------------------------------------------------------------------------------------
Val GTT  2  3  2  4  3  4 | Ala GCT  7  8  3  6  7  6 | Asp GAT  4  6  3  2  7  2 | Gly GGT  1  3  3  2  1  1
    GTC  2  7  6  4  2  5 |     GCC  5  4  5  2  5  2 |     GAC  7  7 11  9  8 10 |     GGC  3  5  8  3  2  4
    GTA  0  4  0  3  0  3 |     GCA  1  4  4  2  1  2 | Glu GAA  8 11  4 14  7 14 |     GGA  6  7  4  5  9  6
    GTG 12 10 13  6 13  6 |     GCG  0  0  5  0  0  0 |     GAG 12 10 12  7 10  6 |     GGG  8  4  5  6  3  5
--------------------------------------------------------------------------------------------------------------

--------------------------------------------------
Phe TTT 11 | Ser TCT  2 | Tyr TAT 10 | Cys TGT  1
    TTC  6 |     TCC  8 |     TAC  8 |     TGC  3
Leu TTA  2 |     TCA  4 | *** TAA  0 | *** TGA  0
    TTG  8 |     TCG  1 |     TAG  0 | Trp TGG  4
--------------------------------------------------
Leu CTT  3 | Pro CCT  6 | His CAT  3 | Arg CGT  1
    CTC  3 |     CCC  1 |     CAC  0 |     CGC  0
    CTA  2 |     CCA  3 | Gln CAA  8 |     CGA  3
    CTG  9 |     CCG  2 |     CAG  6 |     CGG  1
--------------------------------------------------
Ile ATT  4 | Thr ACT  4 | Asn AAT 12 | Ser AGT  6
    ATC  8 |     ACC  1 |     AAC  4 |     AGC  1
    ATA  5 |     ACA  6 | Lys AAA 15 | Arg AGA  7
Met ATG  9 |     ACG  1 |     AAG  9 |     AGG  2
--------------------------------------------------
Val GTT  6 | Ala GCT  7 | Asp GAT  5 | Gly GGT  2
    GTC  1 |     GCC  4 |     GAC  5 |     GGC  5
    GTA  3 |     GCA  0 | Glu GAA 13 |     GGA  9
    GTG  3 |     GCG  0 |     GAG 10 |     GGG  1
--------------------------------------------------

Codon position x base (3x4) table for each sequence.

#1: Rattus norvegicus
position  1:    T:0.20906    C:0.19164    A:0.32753    G:0.27178
position  2:    T:0.28223    C:0.19861    A:0.34495    G:0.17422
position  3:    T:0.16376    C:0.33101    A:0.17422    G:0.33101
Average         T:0.21835    C:0.24042    A:0.28223    G:0.25900

#2: Danio rerio    
position  1:    T:0.19732    C:0.21405    A:0.27759    G:0.31104
position  2:    T:0.29431    C:0.21070    A:0.32107    G:0.17391
position  3:    T:0.24415    C:0.24749    A:0.21070    G:0.29766
Average         T:0.24526    C:0.22408    A:0.26979    G:0.26087

#3: Gallus gallus  
position  1:    T:0.19408    C:0.20395    A:0.31250    G:0.28947
position  2:    T:0.26974    C:0.19408    A:0.32237    G:0.21382
position  3:    T:0.13158    C:0.37171    A:0.14145    G:0.35526
Average         T:0.19846    C:0.25658    A:0.25877    G:0.28618

#4: Homo sapiens   
position  1:    T:0.22064    C:0.17082    A:0.34164    G:0.26690
position  2:    T:0.27758    C:0.17082    A:0.36655    G:0.18505
position  3:    T:0.25623    C:0.25267    A:0.25623    G:0.23488
Average         T:0.25148    C:0.19810    A:0.32147    G:0.22894

#5: Mus musculus   
position  1:    T:0.22337    C:0.19588    A:0.31271    G:0.26804
position  2:    T:0.30241    C:0.19931    A:0.34364    G:0.15464
position  3:    T:0.20962    C:0.29897    A:0.18213    G:0.30928
Average         T:0.24513    C:0.23139    A:0.27950    G:0.24399

#6: Pan troglodytes
position  1:    T:0.22064    C:0.17082    A:0.33808    G:0.27046
position  2:    T:0.27758    C:0.17082    A:0.37011    G:0.18149
position  3:    T:0.24555    C:0.26690    A:0.25979    G:0.22776
Average         T:0.24792    C:0.20285    A:0.32266    G:0.22657

#7: Bos taurus     
position  1:    T:0.23693    C:0.17770    A:0.32753    G:0.25784
position  2:    T:0.28920    C:0.17422    A:0.37631    G:0.16028
position  3:    T:0.28920    C:0.20209    A:0.27875    G:0.22997
Average         T:0.27178    C:0.18467    A:0.32753    G:0.21603

Codon usage in genes
--------------------------------------------------------------------------------------
Phe TTT  0  0  4 48 | Ser TCT  0  0  3 27 | Tyr TAT  0  1  1 43 | Cys TGT  0  0  2  9
    TTC  0  4  9 24 |     TCC  0  3  1 48 |     TAC  0  0 12 54 |     TGC  0  4  3 12
Leu TTA  0  0  0 13 |     TCA  0  2  0 24 | *** TAA  0  0  0  0 | *** TGA  0  0  0  0
    TTG  0  0  1 42 |     TCG  0  0  0 11 |     TAG  0  0  0  0 | Trp TGG  1  0  0 29
--------------------------------------------------------------------------------------
Leu CTT  0  1  1 11 | Pro CCT  0  1  0 18 | His CAT  0  0  0 18 | Arg CGT  0  0  0  6
    CTC  1  1 10 25 |     CCC  0  5  0 23 |     CAC  0  4  0 17 |     CGC  0  0  0  5
    CTA  0  0  0 13 |     CCA  0  0  0 13 | Gln CAA  2  0  1 37 |     CGA  0  0  0 10
    CTG  0  6 17 46 |     CCG  0  2  1  5 |     CAG  0  9  8 59 |     CGG  0  0  0  9
--------------------------------------------------------------------------------------
Ile ATT  0  1  1 41 | Thr ACT  0  0  6 19 | Asn AAT  0  0  0 39 | Ser AGT  0  2  0 32
    ATC  0  3  7 38 |     ACC  1  5  1 24 |     AAC  0  1  0 45 |     AGC  1  7  0 34
    ATA  0  0  3 22 |     ACA  0  1  4 30 | Lys AAA  2  0  0 62 | Arg AGA  1  1  0 49
Met ATG  0 17  4 37 |     ACG  0  2  0 13 |     AAG  1  3  0 65 |     AGG  1  1  0 21
--------------------------------------------------------------------------------------
Val GTT  0  0  0 24 | Ala GCT  0  4  9 31 | Asp GAT  0  0  0 29 | Gly GGT  0  0  1 12
    GTC  0  3  3 21 |     GCC  0  2  6 19 |     GAC  0  1  0 56 |     GGC  0  3  0 27
    GTA  0  0  3 10 |     GCA  0  0  1 13 | Glu GAA  0  0  0 71 |     GGA  0  5  0 41
    GTG  1  4 24 34 |     GCG  0  2  0  3 |     GAG  0  2  0 65 |     GGG  0  7  0 25
--------------------------------------------------------------------------------------

Codon position x base (3x4) table for each gene.


Gene #1
position  1:    T:0.08333    C:0.25000    A:0.58333    G:0.08333
position  2:    T:0.16667    C:0.08333    A:0.41667    G:0.33333
position  3:    T:0.00000    C:0.25000    A:0.41667    G:0.33333
Average         T:0.08333    C:0.19444    A:0.47222    G:0.25000

Gene #2
position  1:    T:0.11667    C:0.24167    A:0.36667    G:0.27500
position  2:    T:0.33333    C:0.24167    A:0.17500    G:0.25000
position  3:    T:0.08333    C:0.38333    A:0.07500    G:0.45833
Average         T:0.17778    C:0.28889    A:0.20556    G:0.32778

Gene #3
position  1:    T:0.24490    C:0.25850    A:0.17687    G:0.31973
position  2:    T:0.59184    C:0.21769    A:0.14966    G:0.04082
position  3:    T:0.19048    C:0.35374    A:0.08163    G:0.37415
Average         T:0.34240    C:0.27664    A:0.13605    G:0.24490

Gene #4
position  1:    T:0.21930    C:0.17990    A:0.32610    G:0.27470
position  2:    T:0.25642    C:0.18332    A:0.37693    G:0.18332
position  3:    T:0.23244    C:0.26956    A:0.23301    G:0.26499
Average         T:0.23606    C:0.21093    A:0.31201    G:0.24101

Sums of codon usage counts
------------------------------------------------------------------------------
Phe F TTT      52 | Ser S TCT      30 | Tyr Y TAT      45 | Cys C TGT      11
      TTC      37 |       TCC      52 |       TAC      66 |       TGC      19
Leu L TTA      13 |       TCA      26 | *** * TAA       0 | *** * TGA       0
      TTG      43 |       TCG      11 |       TAG       0 | Trp W TGG      30
------------------------------------------------------------------------------
Leu L CTT      13 | Pro P CCT      19 | His H CAT      18 | Arg R CGT       6
      CTC      37 |       CCC      28 |       CAC      21 |       CGC       5
      CTA      13 |       CCA      13 | Gln Q CAA      40 |       CGA      10
      CTG      69 |       CCG       8 |       CAG      76 |       CGG       9
------------------------------------------------------------------------------
Ile I ATT      43 | Thr T ACT      25 | Asn N AAT      39 | Ser S AGT      34
      ATC      48 |       ACC      31 |       AAC      46 |       AGC      42
      ATA      25 |       ACA      35 | Lys K AAA      64 | Arg R AGA      51
Met M ATG      58 |       ACG      15 |       AAG      69 |       AGG      23
------------------------------------------------------------------------------
Val V GTT      24 | Ala A GCT      44 | Asp D GAT      29 | Gly G GGT      13
      GTC      27 |       GCC      27 |       GAC      57 |       GGC      30
      GTA      13 |       GCA      14 | Glu E GAA      71 |       GGA      46
      GTG      63 |       GCG       5 |       GAG      67 |       GGG      32
------------------------------------------------------------------------------

(Ambiguity data are not used in the counts.)


Codon position x base (3x4) table, overall

position  1:    T:0.21429    C:0.18966    A:0.31921    G:0.27685
position  2:    T:0.28473    C:0.18867    A:0.34877    G:0.17783
position  3:    T:0.21921    C:0.28227    A:0.21379    G:0.28473
Average         T:0.23941    C:0.22020    A:0.29392    G:0.24647


Nei & Gojobori 1986. dN/dS (dN, dS)
(Pairwise deletion)
(Note: This matrix is not used in later ML. analysis.
Use runmode = -2 for ML pairwise comparison.)

Rattus norvegicus   
Danio rerio          0.1585 (0.6233 3.9334)
Gallus gallus        0.2845 (0.4193 1.4741)-1.0000 (0.5492 -1.0000)
Homo sapiens         0.2049 (0.2069 1.0096)-1.0000 (0.5536 -1.0000) 0.1468 (0.3485 2.3739)
Mus musculus         0.2235 (0.0685 0.3066) 0.2035 (0.6170 3.0319) 0.2580 (0.4091 1.5855) 0.2819 (0.2320 0.8231)
Pan troglodytes      0.1920 (0.2068 1.0774)-1.0000 (0.5534 -1.0000) 0.1296 (0.3398 2.6221) 0.1996 (0.0045 0.0227) 0.2798 (0.2330 0.8327)
Bos taurus           0.1754 (0.2656 1.5148)-1.0000 (0.5706 -1.0000) 0.1381 (0.4078 2.9530) 0.3355 (0.1613 0.4808) 0.2665 (0.2787 1.0458) 0.3464 (0.1631 0.4709)


TREE #  1:  (((((4, 6), (5, 1)), 7), 3), 2);   MP score: -1
lnL(ntime:  6  np: 17):  -4697.707807      +0.000000
   8..9     9..10   10..11   11..12   12..4    12..6    11..13   13..5    13..1    10..7     9..3     8..2  
 0.914540 0.645688 0.284558 0.279420 0.006915 0.073847 3.228077 1.546630 2.090213 1.000000 2.100000 2.720661 0.495824 1.746000 0.332075 2.172845 0.212558
SEs for parameters:
 -1.000000 -1.000000 -1.000000 -1.000000 -1.000000 -1.000000 -1.000000 -1.000000 -1.000000 105020747.068996 309889976.003169 0.904388 0.249695 0.740784 0.107830 0.194860 0.018250
Note: Branch length is defined for the first gene (site partition).
For other genes, look at "rates for genes".

tree length =   3.11951 (1st gene)

(((((4: 0.006915, 6: 0.006915): 0.272505, (5: 0.073847, 1: 0.073847): 0.205573): 0.005138, 7: 0.284558): 0.361130, 3: 0.645688): 0.268852, 2: 0.914540);

(((((Homo sapiens: 0.006915, Pan troglodytes: 0.006915): 0.272505, (Mus musculus: 0.073847, Rattus norvegicus: 0.073847): 0.205573): 0.005138, Bos taurus: 0.284558): 0.361130, Gallus gallus: 0.645688): 0.268852, Danio rerio: 0.914540);

Detailed output identifying parameters

rates for 4 genes:     1  3.22808  1.54663  2.09021

gene # 1: kappa =   1.00000 omega =   2.10000
gene # 2: kappa =   2.72066 omega =   0.49582
gene # 3: kappa =   1.74600 omega =   0.33208
gene # 4: kappa =   2.17284 omega =   0.21256

Time used:  0:30
