
seed used = 1418756653
      7    909

Canis lupus familiaris                     --- --- --- --- --- --- --- --- --- --- --- --- --- --- --- --- --- --- --- --- --- --- --- --- --- --- --- --- --- --- --- --- --- --- --- --- --- --- --- --- --- --- --- --- --- --- --- --- --- --- --- --- --- --- --- --- --- --- --- --- --- --- --- --- --- --- --- --- --- ATG GTC ACC CAC AGC AAG TTT CCC GCC GCC GGG ATG AGC CGC CCC CTG GAC ACC AGC CTG CGC CTC --- --- --- --- --- AAG ACC TTC AGC TCC AAG AGC GAG TAC CAG CTG GTG GTG AAC GCA GTG CGC AAG CTG CAG GAG AGC GGC TTC TAC TGG AGC GCC GTG ACG GGC GGC GAG GCG AAC CTG CTG CTC AGC GCC GAG CCC GCG GGC ACC TTC CTC ATC CGC GAC AGC TCG GAC CAG CGC CAC TTC TTC ACG CTC AGC GTC AAG ACC CAG TCG GGG ACC AAG AAC CTG CGC ATC CAG TGC GAG GGG GGC AGC TTC TCG CTG CAG AGC GAC CCC CGG AGC ACG CAG CCC GTG CCC CGC TTC GAC TGC GTG CTC AAG CTG GTG CAT CAC TAC ATG CCG CCC CCC GGC GCG CCC TCC TTC CCC GCT CCA CCG ACT GAA --- --- --- --- CCC TCC TCC GAG GTG TCG GAG CAG CCG CCT TCC CAG CCG CTC CCC GGG AAT CCC CCC AGG AGA GCC TAC TAC ATC TAC TCC GGG GGC GAG AAG ATC CCT CTG GTG TTG AGC CGG CCC CTC TCC TCC AAC GTG GCC ACG CTC CAG CAT CTC TGT CGG AAG ACG GTC AAT GGC CAC CTG GAC TCC TAC GAG AAA GTC ACC CAG CTG CCT GGG CCC ATT CGG GAA TTC CTG GAC CAG TAC GAT GCC CCG CTT 
Pan troglodytes                            --- --- --- --- --- --- --- --- --- --- --- --- --- --- --- --- --- --- --- --- --- --- --- --- --- --- --- --- --- --- --- --- --- --- --- --- --- --- --- --- --- --- --- --- --- --- --- --- --- --- --- --- --- --- --- --- --- --- --- --- --- --- --- --- --- --- --- --- --- ATG GTC ACC CAC AGC AAG TTT CCC GCC GCC GGG ATG AGC CGC CCC CTG GAC ACC AGC CTG CGC CTC --- --- --- --- --- AAG ACC TTC AGC TCC AAG AGC GAG TAC CAG CTG GTG GTG AAC GCA GTG CGC AAG CTG CAG GAG AGC GGC TTC TAC TGG AGC GCA GTG ACC GGC GGC GAG GCG AAC CTG CTG CTC AGT GCC GAG CCC GCC GGC ACC TTT CTG ATC CGC GAC AGC TCG GAC CAG CGC CAC TTC TTC ACG CTC AGC GTC AAG ACC CAG TCT GGG ACC AAG AAC CTG CGC ATC CAG TGT GAG GGG GGC AGC TTC TCT CTG CAG AGC GAT CCC CGG AGC ACG CAG CCC GTG CCC CGC TTC GAC TGC GTG CTC AAG CTG GTG CAC CAC TAC ATG CCG CCC CCT GGA GCC CCC TCC TTC CCC TCG CCA CCT ACT GAA --- --- --- --- CCC TCC TCC GAG GTG CCC GAG CAG CCG TCT GCC CAG CCA CTC CCT GGG AGT CCC CCC AGA AGA GCC TAT TAC ATC TAC TCC GGG GGC GAG AAG ATC CCC CTG GTG TTG AGC CGG CCC CTC TCC TCC AAC GTG GCC ACT CTT CAG CAT CTC TGT CGG AAG ACC GTC AAC GGC CAC CTG GAC TCC TAT GAG AAA GTC ACC CAG CTG CCG GGG CCC ATT CGG GAG TTC CTG GAC CAG TAC GAT GCC CCG CTT 
Mus musculus                               --- --- --- --- --- --- --- --- --- --- --- --- --- --- --- --- --- --- --- --- --- --- --- --- --- --- --- --- --- --- --- --- --- --- --- --- --- --- --- --- --- --- --- --- --- --- --- --- --- --- --- --- --- --- --- --- --- --- --- --- --- --- --- --- --- --- --- --- --- ATG GTC ACC CAC AGC AAG TTT CCC GCC GCC GGG ATG AGC CGC CCC CTG GAC ACC AGC CTG CGC CTC --- --- --- --- --- AAG ACC TTC AGC TCC AAA AGC GAG TAC CAG CTG GTG GTG AAC GCC GTG CGC AAG CTG CAG GAG AGC GGA TTC TAC TGG AGC GCC GTG ACC GGC GGC GAG GCG AAC CTG CTG CTC AGC GCC GAG CCC GCG GGC ACC TTT CTT ATC CGC GAC AGC TCG GAC CAG CGC CAC TTC TTC ACG TTG AGC GTC AAG ACC CAG TCG GGG ACC AAG AAC CTA CGC ATC CAG TGT GAG GGG GGC AGC TTT TCG CTG CAG AGT GAC CCC CGA AGC ACG CAG CCA GTT CCC CGC TTC GAC TGT GTA CTC AAG CTG GTG CAC CAC TAC ATG CCG CCT CCA GGG ACC CCC TCC TTT TCT TTG CCA CCC ACG GAA --- --- --- --- CCC TCG TCC GAA GTT CCG GAG CAG CCA CCT GCC CAG GCA CTC CCC GGG AGT ACC CCC AAG AGA GCT TAC TAC ATC TAT TCT GGG GGC GAG AAG ATT CCG CTG GTA CTG AGC CGA CCT CTC TCC TCC AAC GTG GCC ACC CTC CAG CAT CTT TGT CGG AAG ACT GTC AAC GGC CAC CTG GAC TCC TAT GAG AAA GTG ACC CAG CTG CCT GGA CCC ATT CGG GAG TTC CTG GAT CAG TAT GAT GCT CCA CTT 
Homo sapiens                               --- --- --- --- --- --- --- --- --- --- --- --- --- --- --- --- --- --- --- --- --- --- --- --- --- --- --- --- --- --- --- --- --- --- --- --- --- --- --- --- --- --- --- --- --- --- --- --- --- --- --- --- --- --- --- --- --- --- --- --- --- --- --- --- --- --- --- --- --- ATG GTC ACC CAC AGC AAG TTT CCC GCC GCC GGG ATG AGC CGC CCC CTG GAC ACC AGC CTG CGC CTC --- --- --- --- --- AAG ACC TTC AGC TCC AAG AGC GAG TAC CAG CTG GTG GTG AAC GCA GTG CGC AAG CTG CAG GAG AGC GGC TTC TAC TGG AGC GCA GTG ACC GGC GGC GAG GCG AAC CTG CTG CTC AGT GCC GAG CCC GCC GGC ACC TTT CTG ATC CGC GAC AGC TCG GAC CAG CGC CAC TTC TTC ACG CTC AGC GTC AAG ACC CAG TCT GGG ACC AAG AAC CTG CGC ATC CAG TGT GAG GGG GGC AGC TTC TCT CTG CAG AGC GAT CCC CGG AGC ACG CAG CCC GTG CCC CGC TTC GAC TGC GTG CTC AAG CTG GTG CAC CAC TAC ATG CCG CCC CCT GGA GCC CCC TCC TTC CCC TCG CCA CCT ACT GAA --- --- --- --- CCC TCC TCC GAG GTG CCC GAG CAG CCG TCT GCC CAG CCA CTC CCT GGG AGT CCC CCC AGA AGA GCC TAT TAC ATC TAC TCC GGG GGC GAG AAG ATC CCC CTG GTG TTG AGC CGG CCC CTC TCC TCC AAC GTG GCC ACT CTT CAG CAT CTC TGT CGG AAG ACC GTC AAC GGC CAC CTG GAC TCC TAT GAG AAA GTC ACC CAG CTG CCG GGG CCC ATT CGG GAG TTC CTG GAC CAG TAC GAT GCC CCG CTT 
Rattus norvegicus                          --- --- --- --- --- --- --- --- --- --- --- --- --- --- --- --- --- --- --- --- --- --- --- --- --- --- --- --- --- --- --- --- --- --- --- --- --- --- --- --- --- --- --- --- --- --- --- --- --- --- --- --- --- --- --- --- --- --- --- --- --- --- --- --- --- --- --- --- --- ATG GTC ACC CAC AGC AAG TTT CCC GCC GCC GGG ATG AGC CGC CCC CTG GAC ACC AGC CTG CGC CTC --- --- --- --- --- AAG ACC TTC AGC TCC AAG AGC GAG TAC CAG CTG GTG GTG AAC GCC GTG CGC AAG CTG CAG GAG AGC GGA TTC TAC TGG AGT GCC GTA ACC GGC GGC GAG GCG AAC CTG CTG CTC AGC GCC GAG CCC GCG GGC ACC TTT CTT ATC CGC GAC AGC TCG GAC CAG CGC CAC TTC TTC ACA CTG AGC GTC GAG ACC CAG TCG GGG ACC AAG AAC CTA CGC ATC CAG TGC GAG GGG GGC AGC TTT TCG CTG CAG AGT GAC CCC CGG AGC ACG CAG CCA GTG CCC CGC TTT GAC TGT GTA CTC AAG TTG GTG CAC CAC TAC ATG CCG CCC CCA GGG GCC CCT TCC TTT TCT TTA CCA CCG ACG GAA --- --- --- --- CCT TCC TTT GAG GTT CAG GAG CAG CCA CCT GCC CAG GCA CTC CCC GGG GGT ACC CCC AAG AGA GCT TAC TAC ATC TAT TCT GGG GGC GAG AAG ATC CCG CTG GTA CTG AGC CGA CCT CTC TCC TCC AAC GTG GCT ACC CTC CAG CAT CTT TGT CGG AAG ACT GTC AAC GGT CAC CTG GAC TCC TAT GAG AAA GTG ACC CAG CTG CCT GGA CCC ATT CGG GAG TTC CTG GAC CAG TAT GAT GCT CCA CTT 
Gallus gallus                              --- --- --- --- --- --- --- --- --- --- --- --- --- --- --- --- --- --- --- --- --- --- --- --- --- --- --- --- --- --- --- --- --- --- --- --- --- --- --- --- --- --- --- --- --- --- --- --- --- --- --- --- --- --- --- --- --- --- --- --- --- --- --- --- --- --- --- --- --- ATG GTC ACC CAC AGC AAG TTC CCC GCC GCC GGG ATG AGC CGC CCC CTG GAC ACC AGC CTG CGC CTC --- --- --- --- --- AAG ACG TTC AGC TCT AAG AGC GAG TAC CAG CTG GTG GTG AAC ACC GTG CGC AAG CTG CAG GAG AGC GGC TTC TAC TGG AGC ACG GTG ACG GGC GGC GAG GCC AAC GTG CTG CTC AGC GCC GAG CCC GCC GGC ACC TTC CTC ATC AGG GAC AGC TCG GAC CAG CGG CAC TTC TTC ACC CTC AGC GTC AAG ACG GAG TCG GGC ACC AAG AAC CTG CGC ATC CAG TGC GAG GGC GGC AGC TTC TCT CTG CAG AGC GAC CCG CGC AGC AGC CAA CCC GTG CCC CGC TTC GAC TGC GTG CTG AAG CTG GTG CAC CAC TAC ATG CCT CCC ACC --- --- --- --- --- --- --- --- --- --- --- --- --- --- --- CCC TGC GCC GGG --- --- --- --- --- CCC AAG CAG CCC GGA GGG GCC CTG CAC CCC AAA CGC ACC TAC TAC ATT TAC TCG GGT GGA GAG AAG ATC CCG CTG GTG CTC AGC CGC CCG CTC TCC TCC AGC GTC TCC ACG CTG CAG CAC CTC TGC CGT AAG ACT GTC AAC GGG CAC CTG GAC TCC TAC GAG AAG ATG ACT CAG CTG CCA GCC CCT ATC AAG GAG TTT CTG GAC CAG TAC GAT GCC CCC CTC 
Bos taurus                                 --- --- --- --- --- --- --- --- --- --- --- --- --- --- --- --- --- --- --- --- --- --- --- --- --- --- --- --- --- --- --- --- --- --- --- --- --- --- --- --- --- --- --- --- --- --- --- --- --- --- --- --- --- --- --- --- --- --- --- --- --- --- --- --- --- --- --- --- --- ATG GTC ACC CAC AGC AAG TTT CCC GCC GCC GGG ATG AGC CGC CCC CTG GAC ACC AGC CTG CGC CTC --- --- --- --- --- AAG ACC TTC AGC TCC AAG AGC GAG TAC CAG CTG GTG GTG AAC GCA GTG CGC AAG CTG CAG GAG AGC GGC TTT TAC TGG AGC ACC GTG ACG GGC GGC GAA GCG AAC TTG CTG CTG AGC GCC GAG CCC GCG GGC ACC TTC CTC ATC CGC GAC AGC TCG GAC CAG CGC CAC TTT TTC ACC CTC AGC GTC AAG ACC CAG TCG GGG ACC AAG AAC CTG CGC ATC CAG TGC GAG GGG GGC AGC TTC TCT CTC CAG AGC GAC CCC CGG AGC ACG CAG CCC GTG CCC CGC TTC GAC TGC GTG CTC AAG CTG GTG CAT CAC TAC ATG CCC GCC GCC GGC GCC CCC TCG TTC TCC CAG CCC CCC GCT GAA CCC TCC TCC TCG CCC TCC TCC GAG GTG CCC GAG CAG CCA CCG GCC CAG CCG CTC TCC GGG AAC CCC CCC AGG AGA GCC TAT TAC ATC TAC TCG GGG GGC GAG AAG ATC CCT CTG GTG TTG AGC CGG CCC CTC TCC TCC AAC GTG GCC ACT CTC CAA CAT CTC TGT CGG AAG ACC GTC AAC GGC CAC CTG GAC TCC TAC GAG AAA GTC ACC CAG CTG CCT GGG CCC ATT CGG GAG TTC CTG GAC CAG TAC GAT GCC CCG CTT 



Printing out site pattern counts


         7        501  P G
G 2       90     77

Canis lupus familiaris                      --- --- --- AAA AAC AAC AAG AAG AAT AAT ACC ACC ACC ACG ACG AGA AGC AGG ATC ATC ATG ATT CAC CAG CAG CAG CAT CCC CCC CCC CCC CCC CCC CCG CCG CCG CCT CCT CCT CGC CGG CGG CGG CTC CTC CTC CTC CTG CTT GAA GAC GAC GAG GAG GAG GAT GCA GCC GCC GCC GCC GGC GGC GGC GGG GGG GGG GGG GTC GTC GTG GTG GTG GTG TAC TAC TAC TAC TCC TCC TCC TCC TCC TCC TCG TGT TTC TTC TTG TTT --- AAC AAG AAG ACC ACC ACG ACG ACG ACT AGC AGC AGC AGC ATC ATG CAC CAG CAG CAG CAT CCA CCC CCC CCC CCC CCC CCC CCC CCG CCG CGC CGC CGC CGG CTC CTC CTC CTC CTG CTG CTG CTG CTG GAA GAC GAC GAG GAG GCC GCC GCG GCG GCG GCT GGC GGC GGG GTC GTG GTG GTG GTG TAC TCC TCG TCG TCG TGC TGC TGG TTC TTC TTC TTC TTC TTC
Pan troglodytes                             --- --- --- AAA AAC AAC AAG AAG AAC AGT ACC ACC ACC ACC ACT AGA AGC AGA ATC ATC ATG ATT CAC CAG CAG CAG CAT CCC CCC CCC CCC CCC CCT CCA CCG CCG CCC CCG TCT CGC CGG CGG CGG CTC CTC CTC CTT CTG CTT GAG GAC GAC GAG GAG GAG GAT GCA GCC GCC GCC GCC GGC GGC GGC GGG GGG GGG GGG GTC GTC GTG GTG GTG GTG TAC TAC TAT TAT GCC TCC TCC TCC TCC TCC CCC TGT TTC TTC TTG TTT --- AAC AAG AAG ACC ACC ACC ACG ACG ACT AGC AGC AGC AGT ATC ATG CAC CAG CAG CAG CAC CCA CCC CCC CCC CCC CCC CCC CCT CCG CCT CGC CGC CGC CGG CTC CTC CTC CTG CTG CTG CTG CTG CTG GAA GAC GAT GAG GAG GCA GCC GCC GCC GCG TCG GGA GGC GGG GTC GTG GTG GTG GTG TAC TCC TCG TCT TCT TGC TGT TGG TTC TTC TTC TTC TTC TTT
Mus musculus                                --- --- --- AAA AAC AAC AAA AAG AAC AGT ACC ACC ACC ACT ACC AGA AGC AAG ATC ATT ATG ATT CAC CAG CAG CAG CAT ACC CCC CCC CCC CCT CCC GCA CCA CCA CCG CCT CCT CGC CGA CGG CGG CTC CTC CTT CTC CTG CTT GAG GAC GAT GAA GAG GAG GAT GCC GCC GCC GCT GCT GGA GGC GGC GGA GGG GGG GGG GTC GTG GTA GTG GTG GTT TAC TAT TAC TAT GCC TCC TCC TCC TCG TCT CCG TGT TTC TTC CTG TTT --- AAC AAG AAG ACC ACC ACC ACG ACG ACG AGC AGC AGT AGC ATC ATG CAC CAG CAG CAG CAC CCA CCA CCC CCC CCC CCT TCT CCA CCG CCC CGC CGC CGC CGA CTC CTC TTG CTT CTA CTG CTG CTG CTG GAA GAC GAC GAG GAG GCC GCC ACC GCG GCG TTG GGG GGC GGG GTC GTA GTG GTG GTT TAC TCC TCG TCG TCG TGT TGT TGG TTC TTC TTC TTT TTT TTT
Homo sapiens                                --- --- --- AAA AAC AAC AAG AAG AAC AGT ACC ACC ACC ACC ACT AGA AGC AGA ATC ATC ATG ATT CAC CAG CAG CAG CAT CCC CCC CCC CCC CCC CCT CCA CCG CCG CCC CCG TCT CGC CGG CGG CGG CTC CTC CTC CTT CTG CTT GAG GAC GAC GAG GAG GAG GAT GCA GCC GCC GCC GCC GGC GGC GGC GGG GGG GGG GGG GTC GTC GTG GTG GTG GTG TAC TAC TAT TAT GCC TCC TCC TCC TCC TCC CCC TGT TTC TTC TTG TTT --- AAC AAG AAG ACC ACC ACC ACG ACG ACT AGC AGC AGC AGT ATC ATG CAC CAG CAG CAG CAC CCA CCC CCC CCC CCC CCC CCC CCT CCG CCT CGC CGC CGC CGG CTC CTC CTC CTG CTG CTG CTG CTG CTG GAA GAC GAT GAG GAG GCA GCC GCC GCC GCG TCG GGA GGC GGG GTC GTG GTG GTG GTG TAC TCC TCG TCT TCT TGC TGT TGG TTC TTC TTC TTC TTC TTT
Rattus norvegicus                           --- --- --- AAA AAC AAC AAG AAG AAC GGT ACC ACC ACC ACT ACC AGA AGC AAG ATC ATC ATG ATT CAC CAG CAG CAG CAT ACC CCC CCC CCT CCT CCC GCA CCA CCA CCG CCT CCT CGC CGA CGG CGG CTC CTC CTT CTC CTG CTT GAG GAC GAC GAG GAG GAG GAT GCC GCC GCT GCT GCT GGA GGC GGT GGA GGG GGG GGG GTC GTG GTA GTG GTG GTT TAC TAT TAC TAT GCC TCC TCC TTT TCC TCT CAG TGT TTC TTC CTG TTT --- AAC AAG GAG ACC ACC ACC ACA ACG ACG AGC AGT AGT AGC ATC ATG CAC CAG CAG CAG CAC CCA CCA CCC CCC CCT CCC TCT CCA CCG CCG CGC CGC CGC CGG CTC CTC CTG CTT CTA CTG CTG CTG TTG GAA GAC GAC GAG GAG GCC GCC GCC GCG GCG TTA GGG GGC GGG GTC GTA GTA GTG GTG TAC TCC TCG TCG TCG TGT TGC TGG TTC TTC TTT TTT TTT TTT
Gallus gallus                               --- --- --- AAG AAC AGC AAG AAG AAC CTG ACC ACG ACT ACT ACG CGC AGC AAA ATT ATC ATG ATC CAC --- CAG CAG CAC CAC CCC CCT CCC CCG GGG CCC --- CCC CCG CCA CCC CGC CGC AAG CGT CTC GGA CTC CTG CTG CTC GAG GAC GAC GGG --- GAG GAT ACC GCC TCC ACC GCC GGC GGA GGG GCC GCC GGG GGT GTC ATG GTG GTC GTG --- TAC TAC TAC TAC AAG TCC TCT GCC TGC TCG --- TGC TTC TTT CTC TTC --- AAC AAG AAG ACC ACG ACG ACC AGC --- AGC AGC AGC AGC ATC ATG CAC CAA CAG GAG CAC --- CCC CCC CCG --- CCC --- ACC CCT --- AGG CGC CGG CGC CTC CTG CTC CTC CTG CTG CTG GTG CTG --- GAC GAC GAG GAG ACG GCC --- GCC GCC --- --- GGC GGC GTC GTG GTG GTG GTG TAC --- TCG TCG TCT TGC TGC TGG TTC TTC TTC --- TTC TTC
Bos taurus                                  --- TCC TCG AAA AAC AAC AAG AAG AAC AAC ACC ACC ACC ACC ACT AGA AGC AGG ATC ATC ATG ATT CAC CAG CAA CAG CAT CCC CCC CCC CCC CCC TCC CCG CCA CCG CCT CCT CCG CGC CGG CGG CGG CTC CTC CTC CTC CTG CTT GAG GAC GAC GAG GAG GAG GAT GCA GCC GCC GCC GCC GGC GGC GGC GGG GGG GGG GGG GTC GTC GTG GTG GTG GTG TAC TAC TAT TAC GCC TCC TCC TCC TCC TCG CCC TGT TTC TTC TTG TTT CCC AAC AAG AAG ACC ACC ACG ACC ACG GCT AGC AGC AGC AGC ATC ATG CAC CAG CAG CAG CAT CCC CCC CCC CCC CCC GCC TCC GCC CCC CCC CGC CGC CGC CGG CTG CTC CTC CTC CTG CTC CTG TTG CTG GAA GAC GAC GAA GAG ACC GCC GCC GCG GCG CAG GGC GGC GGG GTC GTG GTG GTG GTG TAC TCG TCG TCG TCT TGC TGC TGG TTC TTT TTC TTC TTC TTC



   74    2    1    1    1    1    1    5    1    1    2    1    1    1    1
    1    7    1    1    1    2    1    2    1    1    5    1    1    3    1
    1    1    1    1    1    1    1    1    1    3    1    1    1    2    1
    1    1    8    1    1    2    1    1    1    4    1    1    2    1    1
    1    1    1    1    1    1    1    1    2    1    1    1    3    1    2
    2    1    1    1    3    1    1    1    1    1    1    1    1    1    1
    1    2    2    1    2    1    1    1    1    1    4    1    1    1    2
    1    2    1    3    1    1    1    1    2    1    1    1    1    1    1
    1    1    2    1    1    1    1    1    1    1    1    1    1    1    1
    3    1    1    2    1    1    1    1    1    1    1    4    2    1    1
    1    1    1    2    1    1    1    1    1    1    1    1    2    1    1
    1    1

CODONML (in paml version 4.4b, July 2010)  torun.nuc
Model: One dN/dS ratio for branches Global clock  (2 genes: diff. rate & k&w)  
Codon frequency model: F3x4
ns =   7  ls = 303

Codon usage in sequences
--------------------------------------------------------------------------------------------------------------
Phe TTT  1  2  4  2  6  1 | Ser TCT  0  3  2  3  2  2 | Tyr TAT  0  2  3  2  3  0 | Cys TGT  1  2  3  2  2  0
    TTC  9  8  6  8  5  8 |     TCC  9  8  6  8  6  4 |     TAC  8  6  5  6  5  8 |     TGC  2  1  0  1  1  4
Leu TTA  0  0  0  0  1  0 |     TCA  0  0  0  0  0  0 | *** TAA  0  0  0  0  0  0 | *** TGA  0  0  0  0  0  0
    TTG  1  1  2  1  1  0 |     TCG  4  2  4  2  3  3 |     TAG  0  0  0  0  0  0 | Trp TGG  1  1  1  1  1  1
--------------------------------------------------------------------------------------------------------------
Leu CTT  1  2  3  2  3  0 | Pro CCT  3  3  4  3  5  2 | His CAT  2  1  1  1  1  0 | Arg CGT  0  0  0  0  0  1
    CTC  9  7  6  7  6  8 |     CCC 16 16 11 16  9 11 |     CAC  4  5  5  5  5  7 |     CGC  7  7  7  7  7  8
    CTA  0  0  1  0  1  0 |     CCA  1  2  5  2  5  1 | Gln CAA  0  0  0  0  0  1 |     CGA  0  0  2  0  1  0
    CTG 13 14 13 14 13 15 |     CCG  5  4  3  4  3  3 |     CAG 12 12 12 12 13  9 |     CGG  4  4  2  4  3  1
--------------------------------------------------------------------------------------------------------------
Ile ATT  1  1  2  1  1  1 | Thr ACT  1  2  1  2  1  2 | Asn AAT  2  0  0  0  0  0 | Ser AGT  0  2  2  2  2  0
    ATC  4  4  3  4  4  4 |     ACC  7  9 11  9 10  8 |     AAC  4  5  5  5  5  4 |     AGC 14 13 13 13 12 16
    ATA  0  0  0  0  0  0 |     ACA  0  0  0  0  1  0 | Lys AAA  1  1  2  1  1  1 | Arg AGA  1  2  1  2  1  0
Met ATG  3  3  3  3  3  4 |     ACG  5  2  3  2  2  5 |     AAG  9  9  9  9  9 12 |     AGG  1  0  0  0  0  1
--------------------------------------------------------------------------------------------------------------
Val GTT  0  0  2  0  1  0 | Ala GCT  1  0  2  0  3  0 | Asp GAT  1  2  2  2  1  1 | Gly GGT  0  0  0  0  2  1
    GTC  4  4  3  4  3  4 |     GCC  7  9  7  9  7  9 |     GAC  7  6  6  6  7  7 |     GGC  8  7  6  7  5  7
    GTA  0  0  2  0  3  0 |     GCA  1  2  1  2  1  0 | Glu GAA  2  1  2  1  1  0 |     GGA  0  1  2  1  2  2
    GTG 10 10  7 10  7  9 |     GCG  3  1  2  1  2  0 |     GAG  9 10  9 10 11  9 |     GGG  6  6  6  6  6  4
--------------------------------------------------------------------------------------------------------------

--------------------------------------------------
Phe TTT  3 | Ser TCT  1 | Tyr TAT  1 | Cys TGT  1
    TTC  7 |     TCC 10 |     TAC  7 |     TGC  2
Leu TTA  0 |     TCA  0 | *** TAA  0 | *** TGA  0
    TTG  2 |     TCG  5 |     TAG  0 | Trp TGG  1
--------------------------------------------------
Leu CTT  1 | Pro CCT  2 | His CAT  2 | Arg CGT  0
    CTC  9 |     CCC 17 |     CAC  4 |     CGC  7
    CTA  0 |     CCA  1 | Gln CAA  1 |     CGA  0
    CTG 12 |     CCG  3 |     CAG 12 |     CGG  4
--------------------------------------------------
Ile ATT  1 | Thr ACT  1 | Asn AAT  0 | Ser AGT  0
    ATC  4 |     ACC 10 |     AAC  6 |     AGC 14
    ATA  0 |     ACA  0 | Lys AAA  1 | Arg AGA  1
Met ATG  3 |     ACG  2 |     AAG  9 |     AGG  1
--------------------------------------------------
Val GTT  0 | Ala GCT  1 | Asp GAT  1 | Gly GGT  0
    GTC  4 |     GCC 10 |     GAC  7 |     GGC  8
    GTA  0 |     GCA  1 | Glu GAA  2 |     GGA  0
    GTG 10 |     GCG  2 |     GAG  9 |     GGG  6
--------------------------------------------------

Codon position x base (3x4) table for each sequence.

#1: Canis lupus familiaris
position  1:    T:0.16000    C:0.34222    A:0.23556    G:0.26222
position  2:    T:0.24889    C:0.28000    A:0.27111    G:0.20000
position  3:    T:0.06222    C:0.52889    A:0.02667    G:0.38222
Average         T:0.15704    C:0.38370    A:0.17778    G:0.28148

#2: Pan troglodytes
position  1:    T:0.16000    C:0.34222    A:0.23556    G:0.26222
position  2:    T:0.24889    C:0.28000    A:0.26667    G:0.20444
position  3:    T:0.09778    C:0.51111    A:0.04000    G:0.35111
Average         T:0.16889    C:0.37778    A:0.18074    G:0.27259

#3: Mus musculus   
position  1:    T:0.16000    C:0.33333    A:0.24444    G:0.26222
position  2:    T:0.25333    C:0.27556    A:0.27111    G:0.20000
position  3:    T:0.13778    C:0.44444    A:0.08000    G:0.33778
Average         T:0.18370    C:0.35111    A:0.19852    G:0.26667

#4: Homo sapiens   
position  1:    T:0.16000    C:0.34222    A:0.23556    G:0.26222
position  2:    T:0.24889    C:0.28000    A:0.26667    G:0.20444
position  3:    T:0.09778    C:0.51111    A:0.04000    G:0.35111
Average         T:0.16889    C:0.37778    A:0.18074    G:0.27259

#5: Rattus norvegicus
position  1:    T:0.16000    C:0.33333    A:0.23111    G:0.27556
position  2:    T:0.25778    C:0.26667    A:0.27556    G:0.20000
position  3:    T:0.14667    C:0.43111    A:0.08000    G:0.34222
Average         T:0.18815    C:0.34370    A:0.19556    G:0.27259

#6: Gallus gallus  
position  1:    T:0.14833    C:0.32057    A:0.27751    G:0.25359
position  2:    T:0.25837    C:0.23923    A:0.28230    G:0.22010
position  3:    T:0.05263    C:0.55981    A:0.02392    G:0.36364
Average         T:0.15311    C:0.37321    A:0.19458    G:0.27911

#7: Bos taurus     
position  1:    T:0.17467    C:0.32751    A:0.23144    G:0.26638
position  2:    T:0.24454    C:0.28821    A:0.27074    G:0.19651
position  3:    T:0.06550    C:0.55022    A:0.03057    G:0.35371
Average         T:0.16157    C:0.38865    A:0.17758    G:0.27220

Codon usage in genes
--------------------------------------------------------------
Phe TTT  8 11 | Ser TCT  5  8 | Tyr TAT 11  0 | Cys TGT  6  5
    TTC 14 37 |     TCC 45  6 |     TAC 31 14 |     TGC  2  9
Leu TTA  0  1 |     TCA  0  0 | *** TAA  0  0 | *** TGA  0  0
    TTG  4  4 |     TCG  5 18 |     TAG  0  0 | Trp TGG  0  7
--------------------------------------------------------------
Leu CTT 10  2 | Pro CCT 15  7 | His CAT  6  2 | Arg CGT  1  0
    CTC 31 21 |     CCC 52 44 |     CAC 16 19 |     CGC 23 27
    CTA  0  2 |     CCA  8  9 | Gln CAA  1  1 |     CGA  2  1
    CTG 60 34 |     CCG 17  8 |     CAG 48 34 |     CGG 16  6
--------------------------------------------------------------
Ile ATT  8  0 | Thr ACT  7  3 | Asn AAT  2  0 | Ser AGT  3  5
    ATC 13 14 |     ACC 35 29 |     AAC 20 14 |     AGC 50 45
    ATA  0  0 |     ACA  0  1 | Lys AAA  8  0 | Arg AGA  8  0
Met ATG 15  7 |     ACG  4 17 |     AAG 46 20 |     AGG  2  1
--------------------------------------------------------------
Val GTT  2  1 | Ala GCT  5  2 | Asp GAT  8  2 | Gly GGT  3  0
    GTC 19  7 |     GCC 38 20 |     GAC 20 26 |     GGC 16 32
    GTA  2  3 |     GCA  6  2 | Glu GAA  2  7 |     GGA  6  2
    GTG 38 25 |     GCG  0 11 |     GAG 45 22 |     GGG 26 14
--------------------------------------------------------------

Codon position x base (3x4) table for each gene.


Gene #1
position  1:    T:0.14653    C:0.34228    A:0.24720    G:0.26398
position  2:    T:0.25056    C:0.27069    A:0.29530    G:0.18345
position  3:    T:0.11186    C:0.47539    A:0.04810    G:0.36465
Average         T:0.16965    C:0.36279    A:0.19687    G:0.27069

Gene #2
position  1:    T:0.17937    C:0.32436    A:0.23318    G:0.26308
position  2:    T:0.25262    C:0.27653    A:0.24066    G:0.23019
position  3:    T:0.07175    C:0.54410    A:0.04335    G:0.34081
Average         T:0.16791    C:0.38166    A:0.17240    G:0.27803

Sums of codon usage counts
------------------------------------------------------------------------------
Phe F TTT      19 | Ser S TCT      13 | Tyr Y TAT      11 | Cys C TGT      11
      TTC      51 |       TCC      51 |       TAC      45 |       TGC      11
Leu L TTA       1 |       TCA       0 | *** * TAA       0 | *** * TGA       0
      TTG       8 |       TCG      23 |       TAG       0 | Trp W TGG       7
------------------------------------------------------------------------------
Leu L CTT      12 | Pro P CCT      22 | His H CAT       8 | Arg R CGT       1
      CTC      52 |       CCC      96 |       CAC      35 |       CGC      50
      CTA       2 |       CCA      17 | Gln Q CAA       2 |       CGA       3
      CTG      94 |       CCG      25 |       CAG      82 |       CGG      22
------------------------------------------------------------------------------
Ile I ATT       8 | Thr T ACT      10 | Asn N AAT       2 | Ser S AGT       8
      ATC      27 |       ACC      64 |       AAC      34 |       AGC      95
      ATA       0 |       ACA       1 | Lys K AAA       8 | Arg R AGA       8
Met M ATG      22 |       ACG      21 |       AAG      66 |       AGG       3
------------------------------------------------------------------------------
Val V GTT       3 | Ala A GCT       7 | Asp D GAT      10 | Gly G GGT       3
      GTC      26 |       GCC      58 |       GAC      46 |       GGC      48
      GTA       5 |       GCA       8 | Glu E GAA       9 |       GGA       8
      GTG      63 |       GCG      11 |       GAG      67 |       GGG      40
------------------------------------------------------------------------------

(Ambiguity data are not used in the counts.)


Codon position x base (3x4) table, overall

position  1:    T:0.16059    C:0.33461    A:0.24120    G:0.26360
position  2:    T:0.25144    C:0.27319    A:0.27191    G:0.20345
position  3:    T:0.09469    C:0.50480    A:0.04607    G:0.35445
Average         T:0.16891    C:0.37087    A:0.18639    G:0.27383


Nei & Gojobori 1986. dN/dS (dN, dS)
(Pairwise deletion)
(Note: This matrix is not used in later ML. analysis.
Use runmode = -2 for ML pairwise comparison.)

Canis lupus familiaris
Pan troglodytes      0.0517 (0.0100 0.1928)
Mus musculus         0.0587 (0.0228 0.3883) 0.0390 (0.0160 0.4111)
Homo sapiens         0.0517 (0.0100 0.1928)-1.0000 (0.0000 0.0000) 0.0390 (0.0160 0.4111)
Rattus norvegicus    0.0691 (0.0269 0.3893) 0.0470 (0.0211 0.4486) 0.0703 (0.0100 0.1419) 0.0470 (0.0211 0.4486)
Gallus gallus        0.1451 (0.0703 0.4844) 0.1301 (0.0719 0.5523) 0.0893 (0.0719 0.8049) 0.1301 (0.0719 0.5523) 0.0900 (0.0723 0.8026)
Bos taurus           0.1315 (0.0211 0.1603) 0.0833 (0.0201 0.2408) 0.0472 (0.0241 0.5117) 0.0833 (0.0201 0.2408) 0.0551 (0.0292 0.5309) 0.1354 (0.0706 0.5215)


TREE #  1:  ((((4, 2), (3, 5)), (7, 1)), 6);   MP score: -1
lnL(ntime:  6  np: 11):  -1735.761849      +0.000000
   8..9     9..10   10..11   11..4    11..2    10..12   12..3    12..5     9..13   13..7    13..1     8..6  
 0.619767 0.157860 0.157860 0.000000 0.041181 0.098089 1.625077 3.711211 0.036717 4.175848 0.014058
SEs for parameters:
 0.095005 0.023987 0.027267 0.037107 0.009406 0.020928 0.292585 0.839816 0.008262 1.092598 0.003811
Note: Branch length is defined for the first gene (site partition).
For other genes, look at "rates for genes".

tree length =   1.69452 (1st gene)

((((4: 0.000000, 2: 0.000000): 0.157860, (3: 0.041181, 5: 0.041181): 0.116679): 0.000000, (7: 0.098089, 1: 0.098089): 0.059771): 0.461907, 6: 0.619767);

((((Homo sapiens: 0.000000, Pan troglodytes: 0.000000): 0.157860, (Mus musculus: 0.041181, Rattus norvegicus: 0.041181): 0.116679): 0.000000, (Bos taurus: 0.098089, Canis lupus familiaris: 0.098089): 0.059771): 0.461907, Gallus gallus: 0.619767);

Detailed output identifying parameters

rates for 2 genes:     1  1.62508

gene # 1: kappa =   3.71121 omega =   0.03672
gene # 2: kappa =   4.17585 omega =   0.01406

Time used:  0:11
