
seed used = 1418847265
      7   1389

Mus musculus                               ATG GAC GAG GCG GAC CGG CAG CTC CTG CGG CGA TGC AGG GTG CGC CTA GTG AGC GAG CTG CAA GTC GCG GAG CTC TGG GAC GCT CTG CTG AGT CGA GAG CTC TTC ACG CGC GAC ATG ATC GAG GAT ATT CAG CAG GCA GGA TCT GGG TCT CGG CGG GAT CAG GCC AGG CAG CTG GTC ACA GAC CTT GAG ACC CGA GGG AGG CAG GCC CTT CCT CTC TTC ATC TCC TGC TTA GAG GAC ACA GGC CAA GGC ACC CTG GCT TCA CTC TTG CAA AGC GGT CGG CAA GCA GCC AAG CAG GAT CCA GAG GCT GTT AAA CCC CTA GAC CAC CTG GTG CCT GTG GTC CTG GGA CCA ATG GGA CTC ACA GCA AAG GAG CAG AGA GTA GTG AAG CTG GAC CCG TCA CAG CCT GCC GTG GGA AAC CTC ACC CCA GTG GTG CTG GGG CCA GAA GAG CTC TGG CCT GCT CGG CTC AAG CCA GAG GTT CTC AGA CCA GAA ACA CCC AGG CCC GTG GAC ATT GGT TCT GGC GGA GCT CAT GAT GTC TGT GTT CCA GGG AAG ATC AGG GGA CAT GCA GAT ATG GCA TAC ACC CTG GAT TCG GAT CCC TGT GGC CAC TGC CTC ATC ATC AAC AAT GTG AAC TTC TGC CCT TCC TCG GGG CTC GGC ACA CGC ACG GGC TCC AAC TTG GAC CGT GAC AAA CTT GAG CAC CGA TTC CGC TGG CTG CGC TTC ATG GTG GAG GTG AAG AAC GAC CTG ACT GCC AAG AAA ATG GTC ACG GCT TTG ATG GAG ATG GCA CAC CGG AAC CAC CGT GCC CTG GAC TGC TTT GTG GTG GTC ATC CTC TCT CAT GGC TGC CAG GCC AGC CAC CTC CAG TTC CCG GGT GCT GTC TAT GGG ACA GAT GGA TGC TCC GTG TCC ATT GAG AAA ATT GTG AAT ATC TTC AAC GGG AGC GGC TGC CCC AGC CTG GGA GGG AAG CCC AAG CTC TTC TTC ATC CAG GCC TGC GGT GGT GAG CAG AAA GAC CAT GGC TTT GAG GTG GCC TGC ACT TCC TCT CAA GGC AGG ACC TTG GAC AGT GAC TCT GAG CCA GAT GCT GTC CCC TAT CAG GAA GGC CCA AGG CCC TTG --- --- --- --- GAC CAG CTG GAT GCT GTG TCA AGT TTG CCT ACC CCC AGT GAC ATC CTT GTG TCC TAC TCC ACC TTC CCA GGT TTT GTC TCC TGG AGG GAC AAG AAA AGT GGC TCC TGG TAC ATC GAG ACC TTG GAT GGC ATT CTG GAG CAG TGG GCT CGC TCT GAA GAC CTG CAG TCC CTC CTT CTC AGG GTT GCC AAT GCT GTT TCT GCG --- --- --- AAA GGG ACT TAC AAG CAG ATT CCT GGC TGT TTT AAC TTC CTC CGG AAA AAG CTG TTT TTT AAA ACT TCA --- --- 
Homo sapiens                               ATG GAC GAA GCG GAT CGG CGG CTC CTG CGG CGG TGC CGG CTG CGG CTG GTG GAA GAG CTG CAG GTG GAC CAG CTC TGG GAC GCC CTG CTG AGC CGC GAG CTG TTC AGG CCC CAT ATG ATC GAG GAC ATC CAG CGG GCA GGC TCT GGA TCT CGG CGG GAT CAG GCC AGG CAG CTG ATC ATA GAT CTG GAG ACT CGA GGG AGT CAG GCT CTT CCT TTG TTC ATC TCC TGC TTA GAG GAC ACA GGC CAG GAC ATG CTG GCT TCG TTT CTG CGA ACT AAC AGG CAA GCA GCA AAG TTG --- --- --- --- --- --- --- --- --- --- --- --- --- --- --- --- --- --- --- --- --- --- --- --- --- --- --- --- --- --- --- --- --- TCG AAG CCA ACC CTA GAA AAC CTT ACC CCA GTG GTG CTC AGA CCA GAG --- --- --- --- --- ATT CGC AAA CCA GAG GTT CTC AGA CCG GAA ACA CCC AGA CCA GTG GAC ATT GGT TCT GGA GGA TTT GGT GAT GTC GGT GCT CTT GAG AGT TTG AGG GGA AAT GCA GAT TTG GCT TAC ATC CTG AGC ATG GAG CCC TGT GGC CAC TGC CTC ATT ATC AAC AAT GTG AAC TTC TGC CGT GAG TCC GGG CTC CGC ACC CGC ACT GGC TCC AAC ATC GAC TGT GAG AAG TTG CGG CGT CGC TTC TCC TCG CTG CAT TTC ATG GTG GAG GTG AAG GGC GAC CTG ACT GCC AAG AAA ATG GTG CTG GCT TTG CTG GAG CTG GCG CAG CAG GAC CAC GGT GCT CTG GAC TGC TGC GTG GTG GTC ATT CTC TCT CAC GGC TGT CAG GCC AGC CAC CTG CAG TTC CCA GGG GCT GTC TAC GGC ACA GAT GGA TGC CCT GTG TCG GTC GAG AAG ATT GTG AAC ATC TTC AAT GGG ACC AGC TGC CCC AGC CTG GGA GGG AAG CCC AAG CTC TTT TTC ATC CAG GCC TGT GGT GGG GAG CAG AAA GAC CAT GGG TTT GAG GTG GCC TCC ACT TCC CCT GAA GAC GAG TCC CCT GGC AGT AAC CCC GAG CCA GAT GCC ACC CCG TTC CAG GAA GGT TTG AGG ACC TTC --- --- --- --- GAC CAG CTG GAC GCC ATA TCT AGT TTG CCC ACA CCC AGT GAC ATC TTT GTG TCC TAC TCT ACT TTC CCA GGT TTT GTT TCC TGG AGG GAC CCC AAG AGT GGC TCC TGG TAC GTT GAG ACC CTG GAC GAC ATC TTT GAG CAG TGG GCT CAC TCT GAA GAC CTG CAG TCC CTC CTG CTT AGG GTC GCT AAT GCT GTT TCG GTG --- --- --- AAA GGG ATT TAT AAA CAG ATG CCT GGT TGC TTT AAT TTC CTC CGG AAA AAA CTT TTC TTT AAA ACA TCA --- --- 
Danio rerio                                ATG GAG CAG AAA CAC AGA CAG ATT CTT CAG CGG CAC AGG TTA AAC CTC GTC AAG GCA TTG AAT CCC GAA GAC GTC TGT GAT AAG CTT CTG TCA AAG GGG GTC TTC ACT CAG GAC ATG ATC GAT GAA ATA CAG --- --- AGC AAG GCA ACC AGA CGT GAC CAA GCC AGG CAA CTG GTG AAA GAC CTG GAG ACG AGA GGA AGT CTT GCT TTC CCA GCC TTT CTT GAT TCC CTG CGT GAG ACT GGC CAC AAT GAT CTT GCA GAG CTC CTT CAA AGC GGA GAT GGT GTT CAT CGC CCT CCT GTC ATT TCT GTA CAG CCT TCA CCG ATC CCT CTG CCA GTC --- --- --- --- --- --- --- --- --- --- --- --- --- --- --- --- --- CAA AAT CTA AAT CAT ACT GAA AAG CCA GAC AAA CCT GAT ATC GCT TCT CCA --- --- --- --- --- --- CGA TTA GTA CCA --- --- CTG AGA CCT GAA AGC CTG CCG GTG CAC AAG ACA TAT AGT CCA CCT TCT GAA ACT GTG GTG AGA CCA ACC AGG CCA AGA CGT GAC AGT ATA CAG TGC TAC AAG ATG GAT GCC AGT CCG TGT GGG GTC TGC TTG ATC ATA AAC AAT ATC AAC TTT GAA AAA GCC TCT GAA CTA AAT GAC CGC AAG GGC TCC AAC ATC GAC TGC GAC AAG CTG GAG AAA AGA TTT AAA GCG CTC AAC TTT GAG GTT ACA GTA AAA AGG AAC TTG AAA TCT AAA CGC ATA AGG CAC GAG ATG GCA TCT TTA GCG AAG AAA GAT CAC TCT ACA TAC GAC TGC TGT GTG GTC ATC ATC CTT TCA CAT GGC ACT GAG GCA AGC CAT AAT CGA TTC CCT GGT GCA GTT CAT GGT GTT GAC GGA CCG GCT GTC CCA ATT CAG ATA ATC ACA AAC TAC CTC AAT GGC CAG AAC TGT CCT TCT CTT CAG GGC AAG CCC AAG TTA TTT TTC ATC CAG GCC TGC GGA GGA GGT GAG AAG GAT ATT GGT TTT GAG GTT TCT CCA GAT GAC GTT CAA CCA TCT ATA GGT GGG ATA GAT GAC GAG ATG GAC GCT ATT CCC ATG TCC TCT AGC AGT GAC TCT CTC AGC ACA GCG TCT GAT GAA CTT GAT GCA CGG GCA AGT TTG CCC ACG CCC AGT GAC ATC CTG GTG TCC TAC TCA ACA TTT CCA GGT TAT GTC TCC TGG AGG GAC ACA GAG GCC GGC TCT TGG TAT GTG GAG AAT CTT GAT CGT GTG CTG GAG GAA AAC GCT ATC ACA GAT GAT CTG GTG ACC ATG CTG ATG TTG GTA AAT GAT GCA GTC TCA CAA ATA TCT GCC AAA GGC CTG TAT AAA CAA ATG CCT GGG TCT TTC AAC TTC CTC CGA AAA CTT CTC TAC TTT CAG TCT TCA CAG TCA 
Canis lupus familiaris                     ATG GAC GAG GCG GAG CGG CGG GCC CTG CGG CGG TGC CGG GTG CGG CTG GTC CGC GAG CTG CAG GTG GCC GCG CTC TGG GAC GCC CTG CTG AGC CGC GAG CTC TTC ACG GCC GCC ATG GTC GAG GAC TTG CAG CAT GCA GGC TCG GGG TCT CGG AGC GAC CAG GCC AGG CAG CTG GTC ATA GAT CTA GAG ACC CGA GGG AGT CAG GCC CTT CCT TTG TTC ATA TCC TGC TTG GAG GAC ACA GGC CAG GAT GCG CTG GCT TCT TGC CTG ACA ATG AGT CGG CAA GCA GTA AAG CAG AAT CCA GAG GCC ACC AGA CCC CTG GAC --- CTC ATG CCT GTG GTG CTT GGA CCA ACG AGA CTC ACA CCA GAG GAT CTC AGA GGG AAG --- --- GAT CCG TCA AAG CTG ACT CCA GGA AAA CTC GCT CCG GTG GTG CTG GGG CCA GCT --- --- --- --- --- GAG CTC CAG CCA CAG GTT GTC AGA CCA TCG GTG CCC AGG CCA ACG GAC AAT GGT TCT GGA CGA TTC AGT GAC GTC TGT GTT CAG GAG ATT TCC AAG GGA AAT GGT GAT TTG GCG TAC GCC CTG AAC GCA GAC CCC TGC GGC TAC TGC CTC ATC ATC AAC AAC GTG AAC TTC TGC CCC GAG TCA AGG CTC ACG GCC CGC GGC GGC TCC AAT ATC GAC TGC GAG AAG CTG CAG CGA CGC TTC TGT CTG CTG CGG TTC ACG GTG GAG GTG AAG TGG GAC CTG ACG GCC AAG CAA ATG GTC CAG GCT TTG GTG GAG CTG GCG CGG CGG GAC CAC AGC GCT CTG GAC TGC TGC GTG GTG GTC GTC CTG TCC CAC GGC TGT GAG GCC AGC CAC CGC CAG TTC CCA GGG GCC GTT TAT GGC ACA GAT GGA TGT CCT GTG TCC ATT GAG AAA ATT GTG AAC ATC TTC AAT GGA ACT GGC TGC CCC AGC TTG GGA GGG AAG CCC AAG CTC TTC TTT ATC CAG GCC TGT GGT GGG GAG CAG AAA GAC CAT GGG TTT GCG GTG GCC TCC GCT TCC CCT GAA GAC AGG AGC CCT GGC AGT GAC TCT GAG CCA GAC GCT GTC CCG TTC CAG GAA GGC CCA GGC CCC TTT --- --- --- --- GAC CAG CTG GAC GCC GTG TCT AGT TTG CCC ACT CCC AGT GAT ATC TTT GTA TCC TAT TCC ACC TTC CCA GGC TTT GTT TCC TGG AGA AAT ACC AAG AGC GGC TCC TGG TAC GTG GAG ACC TTG GAT GGT GTT TTT GAG CAG TGG GCT CAC GCT GAA GAC CTG CAG ACC CTC CTG CTC AGG GTC GCT AAT GCT GTT TCG CAG --- --- --- AAA GGA GTT TAC AAA CAG ATT CCC GGT TGT TTC AAT TTC CTC CGG AAA AAA CTC TAT TTT AAA ATG --- --- --- 
Pan troglodytes                            ATG GAC GAA GCG GAT CGG CGG CTC CTG CGG CGG TGC CGG CTG CGG CTG GTG GAA GAG CTG CAG GTG GAC CAG CTC TGG GAC GCC CTG CTG AGC CGC GAG CTG TTC AGG CCC CAT ATG ATC GAG GAC ATC CAG CGG GCA GGC TCT GGA TCT CGG CGG GAT CAG GCC AGG CAG CTG ATC ATA GAT CTG GAG ACT CGA GGG AGT CAG GCT CTT CCT TTG TTC ATC TCC TGC TTA GAG GAC ACA GGC CAG GAC ATG CTG GCT TCG TTT CTG CGA ACT AAC AGG CAA GCA GCA AAG TTG --- --- --- --- --- --- --- --- --- --- --- --- --- --- --- --- --- --- --- --- --- --- --- --- --- --- --- --- --- --- --- --- --- TCG AAG CCA ACC CTA GAA AAC CTT ACC CCA GTG GTG CTC AGA CCA GAG --- --- --- --- --- ATT CGC AAA CCA GAG GTT CTC AGA CCG GAA ACA CCC AGA CCA GTG GAC ATT GGT TCT GGA GGA TTC GGT GAT GTC GGT GCT CTT GAG AGT TTG AGG GGA AAT GCA GAT TTG GCT TAC ATC CTG AGC ATG GAG CCC TGT GGC CAC TGC CTC ATT ATC AAC AAT GTG AAC TTC TGC CGT GAG TCC GGG CTC CGC ACC CGC ACT GGC TCC AAC ATC GAC TGT GAG AAG TTG CGG CGT CGC TTC TCC TCG CTG CAT TTC ATG GTG GAG GTG AAG GGC GAC CTG ACT GCC AAG GAA ATG GTG CTG GCT TTG CTG GAG CTG GCG CGG CAG GAC CAC GGT GCT CTG GAC TGC TGC GTG GTG GTC ATT CTC TCT CAC GGC TGT CAG GCC AGC CAC CTG CAG TTC CCA GGG GCT GTC TAC GGC ACA GAT GGA TGC CCT GTG TCG GTC GAG AAG ATT GTG AAC ATC TTC AAT GGG ACC AGC TGC CCC AGC CTG GGA GGG AAG CCC AAG CTC TTT TTC ATC CAG GCC TGT GGT GGG GAG CAG AAA GAC CAT GGG TTT GAG GTG GCC TCC ACT TCC CCT GAA GAC GAG TCC CCT GGC AGT AAC CCC GAG CCA GAC GCC ACC CCG TTC CAG GAA GGT TTG AGG ACC TTC --- --- --- --- GAC CAG CTG GAC GCC ATA TCT AGT TTG CCC ACA CCC AGT GAC ATC TTT GTG TCC TAC TCT ACT TTC CCA GGT TTT GTT TCC TGG AGG GAC CCC AAA AGT GGC TCC TGG TAC GTT GAG ACC CTG GAC GAC ATC TTT GAG CAG TGG GCT CAC TCT GAA GAC CTG CAG TCC CTC CTG CTT AGG GTC GCT AAT GCT GTT TCG GTG --- --- --- AAA GGG ATT TAT AAA CAG ATG CCT GGT TGC TTT AAT TTC CTC CGG AAA AAA CTT TTC TTT AAA ACA TCA --- --- 
Rattus norvegicus                          ATG GAG GAG GCT GAC CGG CAA CTC CTG CGG CGA TGC AGG GTA CGC CTT GTG CGC GAA CTG CAA GTC GCG GAG CTG TGG GAC GCT CTG CTG AGT CGT GAG CTC TTC ACG CGC GAC ATG ATC GAG GAT ATT CAG CGG GCA GGC TCT GGG TCT CGG CGG GAT CAG GCC AGG CAG CTG GTC ATA GAT CTT GAG ACT CGA GGG AGG CAG GCC CTT CCT CGC TTC ATC TCC TGC TTA GAG GAC ACA GGC CAA GGC TCT CTG GCT TCA TTC TTG CAA AGC AGT GGG CAA GCA GCC AAG CAG GAT CCA GAA GCT GTT ACA CCC CTA GAC CAC CTG GTG CCT GTG GTC CTG GGA CCA ATG GGA CTC AAA TCA AAG GAG CAG AAA GTA GTG AAG CTG GAC CCA TCT CAG CCT GCC TTG GGA AAC CTC ACC CCA GTG GTG CTG GGG CCG GAA GAG CTC TGG CCT ACT CGG CTC AGG CCA GAG GTT CTC ACA CCA GAA ACA CCC AGG CCG GTG GAC ATT GGT TCT GGC AGA GCT CAT GAT GTC TGT ACT CCA GGG AAG ATC GAG AGA CAT GCA GAT ATG GCA TAC ACC CTG GAC TCG GAT CCC TGT GGC CAC TGC CTC ATC ATC AAC AAC GTG AAC TTC TGC CCT TCC TCA GGG CTC AGC ACA CGC ATT GGC TCC CAC GTG GAC TGT GAG AAG CTT CAG CAC CGC TTC TGC TGG CTG CGC TTC ATG GTG GAG GTG AAG AAC GAC CTG ACT GCT AAG AAA ATG GTC ACG GCT TTG ATG GAG ATG GCG CAC CGC GAC CAC CGT GCC CTG GAC TGC TTC GTG GTG GTC ATC CTC TCT CAT GGC TGC CAG GCC AGC CAC CTC CAG TTC CCG GGT GCT GTC TAT GGC ACA GAT GGA TGC TCT GTG TCC ATC GAG AGA ATT GTG AAC ATC TTC AAT GGG ACC GGC TGC CCC AGC CTG GGA GGG AAG CCC AAG CTG TTC TTC ATC CAG GCC TGT GGT GGT GAG CAG AAA GAC CAT GGC TTT GAG GTG GCC TTC ACT TCC TCT CAA GAC AAG GCC TTC GAC AGT GAC TCT GAG CCA GAT GCT GTC CCA TAC CAG GAA GGC CCA AGG ACC TTG --- --- --- --- GAC CAG CTG GAC GCA GTG TCA AGT TTG CCC ACC CCC AGT GAC ATC CTT GTG TCC TAC TCC ACC TTC CCA GGT TTT GTC TCC TGG AGA GAC AAG AAG AGC GGT TCC TGG TAC ATC GAG ACC TTG GAT GGT GTC CTG GAG CAG TGG GCT CGC TCG GAA GAC CTG CAG TCC CTC CTT CTC AGG GTC GCC AAT GCT GTT TCT GAG --- --- --- AAA GGG GTT TAT AAG CAG ATT CCT GGC TGT TTT AAC TTC CTC CGG AAG AAG CTG TTC TTT AAA ACT TCA --- --- 
Bos taurus                                 ATG AAC GAG GCT GAC CGG CTG CTC CTG CGG CGG TAC CGG GTG CGG CTG GTC GGT GAG CTG CAG GTT GCC TCG CTT TGG GAC GCT CTG CTG AGT CGC GAG CTC TTC ACT CCC GAC ATG ATC GAG GAC ATT CAG AGG GCA GGC TCA GGA TCT CGG CGC GAT CAG GCC AGG CAG CTA ATC CTA GAT CTA GAG ACT CGA GGG AGT CAG GCC CTT CCT TTG TTC ATC TCC TGC TTG GAG GAC ACA GGC CAG GAC ACT CTG GCT TCA TTA TTG AAG ACC AGC AGA CAA GCA GCA AAA CAG GAT --- --- --- --- --- --- --- --- --- --- --- --- --- --- --- --- --- --- --- --- --- --- --- --- --- --- --- --- --- --- GAC CCA TCA AAG CCG AGC CAA GGA AAA CTC GCT CCA GTG GTG CTG GGG CCG GAG GAG CTC TGG CCA GCC AAG CTC AGG CCT GAG GTT CTC AGA CCA GAG GTA CCC AGG GCA GTG GAC GCT GGT TCT GGA GGA TTC ACT GAT GTC TGT CCT CAG GAC AGA GCC AAG GGA AAT GCC GAT CTG GCC TAT GTC CTG AAT GCA GAC CCC TGT GGC CAC TGC CTG ATC ATC AAC AAC GTG AAC TTC TGC CGC GAG TCG GGG CTC AGG GCC CGC ACG GGC TCC AAC ATC GAC TGT GAG AGG ATG CGG CAA CGC TTC CAC CTG CTG CAG TTT GTG GTG GAG GTG AAA TGT GAC CTG ACT GCC AAG CAA ATG GTC CAG GCT TTG ATG CAG CTG GCG CGG CAG GAC CAC AGC GCT CTG GAC TGC TGC GTG GTG GTC ATC CTG TCT CAC GGC TGT CAG GCC AGC CAC CTC CAG TTC CCA GGG GCT GTT TAT GGC ACA GAT GGA TGT CCT GTG TCC GTC GAG AGA ATT GTG AAC ACT TTC AAT GGT ACT GGC TGC CCC AGC TTG AGA GGG AAG CCC AAG CTC TTC TTC ATC CAG GCC TGT GGT GGA GAG CAG AAA GAC CAC GGG TTT GAG GTG GAG TCC ACT TCC CCT GAA GAT AAG ACC CCC AGT AGC GAC CCT GAG GCG GAT GCT ACC CCA TTC CAG GAA GGC CCA CGT TCC ATT --- --- --- --- GAC GAG CCA GAT GCC GTG TCT AGT TTG CCC ACG CCC AGC GAC ATC TTG GTG TCC TAC TCC ACC TTC CCA GGC TTT GTC TCC TGG AGG GAT CCC AAG AGC GGC TCC TGG TAC ATC GAG ACC CTG GAC AGC ATT TTT GAG CAG TGG GCT CAC TGT GAG GAC CTT CAG ACC CTC CTC CTC AGG GTC GCT AAT GCT GTT TCA GTG --- --- --- AAA GGA ATT TAC AAA CAG ATG CCG GGC TGT TTT AAT TTC CTC CGG AAA AAA CTT TTC TTT AAA ACA --- --- --- 



Printing out site pattern counts


         7       1287  P G
G 2       97    332

Mus musculus                                --- --- --- --- --- AAA AAC AAG AAG AAG AAG ACA ACA ACC AGA AGA AGG AGG ATG ATT CAA CAC CAG CAG CAG CAT CCA CCA CCA CCA CCA CCA CCA CCA CCC CCC CCC CCC CCG CCT CCT CCT CGG CTA CTC CTC CTC CTC CTC CTG CTG CTG CTG GAA GAA GAC GAC GAC GAG GAG GAG GAG GAG GAT GAT GAT GCA GCA GCC GCC GCT GCT GCT GGA GGA GGA GGA GGC GGC GGG GGT GTA GTC GTC GTG GTG GTG GTG GTG GTG GTG GTT GTT TCA TCT TGG TTG --- --- --- --- AAA AAA AAA AAA AAA AAA AAA AAA AAC AAC AAC AAC AAC AAC AAG AAG AAG AAG AAG AAG AAG AAT AAT AAT ACA ACA ACA ACA ACC ACC ACC ACC ACC ACC ACC ACG ACG ACG ACT ACT ACT ACT AGC AGC AGC AGC AGC AGG AGG AGG AGG AGG AGG AGG AGT AGT AGT AGT AGT ATC ATC ATC ATC ATC ATC ATC ATC ATC ATG ATG ATG ATG ATG ATG ATT ATT ATT ATT ATT CAA CAA CAA CAA CAC CAC CAC CAC CAC CAG CAG CAG CAG CAG CAG CAG CAG CAG CAG CAG CAG CAT CAT CAT CCA CCA CCC CCC CCC CCC CCG CCT CCT CCT CCT CGA CGA CGA CGA CGC CGC CGC CGC CGC CGC CGG CGG CGG CGG CGG CGG CGT CGT CTA CTC CTC CTC CTC CTC CTC CTC CTC CTC CTC CTC CTC CTC CTG CTG CTG CTG CTG CTG CTG CTG CTG CTG CTG CTG CTT CTT CTT CTT CTT GAA GAA GAC GAC GAC GAC GAC GAC GAC GAC GAC GAC GAC GAC GAC GAG GAG GAG GAG GAG GAG GAG GAG GAG GAG GAG GAG GAG GAT GAT GAT GAT GAT GAT GAT GAT GCA GCA GCA GCA GCC GCC GCC GCC GCC GCC GCC GCG GCG GCG GCT GCT GCT GCT GCT GCT GCT GGA GGA GGA GGA GGC GGC GGC GGC GGC GGC GGC GGC GGC GGC GGG GGG GGG GGG GGG GGG GGG GGG GGT GGT GGT GGT GGT GTC GTC GTC GTC GTC GTC GTC GTG GTG GTG GTG GTG GTG GTG GTG GTG GTG GTT GTT GTT TAC TAC TAC TAC TAT TAT TCA TCA TCA TCC TCC TCC TCC TCC TCC TCC TCC TCC TCG TCG TCT TCT TCT TCT TCT TCT TCT TGC TGC TGC TGC TGC TGC TGC TGC TGC TGG TGG TGG TGG TGT TGT TGT TTA TTC TTC TTC TTC TTC TTC TTG TTG TTG TTG TTG TTG TTT TTT TTT TTT TTT
Homo sapiens                                --- --- --- --- --- --- AAC --- --- AAA AAG --- ACA ACC --- AGA AGA AGG --- ATT CAA --- --- AAG TTG GGT --- --- CCA CCA CCA CCA CCG TTG --- ACC CCA CCC --- --- --- CCA ATT --- --- --- CGC CTC CTT --- --- --- CTC GAA GAG --- --- GAC --- --- --- GAG GAG --- GAT GAT --- GCA ACC GCA --- --- TTT --- --- GAA GGA GGA GGT AGA GGT --- --- GTC --- --- --- CTA GTG GTG GTG --- GTT TCG TCT --- TTC --- --- --- --- AAA AAA AAA AAA AAA AAG AAG AAG AAC AAC AAT AAT GAC GGC AAA AAA AAG AAG AAG AGT CCC AAC AAT AAT ACA ACA ACC ATA ACA ACC ACT ACT ATC ATG TCC ACT AGG CTG ACA ACT ACT ATT ACC ACT AGC AGC GAA AGG AGG AGG AGG AGT CGG GAG AGC AGT AGT AGT AGT ATC ATC ATC ATC ATC ATT ATT GTT TTG ATG ATG ATG CTG CTG TTG ATC ATC ATG ATT GTC CAG CAG CGA GAA CAC CAC CAC CAG CGT CAG CAG CAG CAG CAG CAG CAG CAG CAG CAG CGG CGG AAT CAC CAT CCA CTT CCC CCC CCC CCG CCA CCC CCT CCT CGT CGA CGC CGC CGG CAC CAT CCC CGC CGG TCC AGG CAG CGG CGG CGG CGG GGT TGT CTG CTC CTC CTC CTC CTC CTC CTC CTC CTG CTG CTT TTG TTT CTG CTG CTG CTG CTG CTG CTG CTG CTG CTG CTT TTT CTG CTG CTT TTG TTT GAA GAA AAC CAT GAC GAC GAC GAC GAC GAC GAC GAG GAT GAT GGC CAG CGG GAA GAG GAG GAG GAG GAG GAG GAG GAG GAG GAG AGC GAC GAC GAC GAG GAT GAT GAT GCA GCA GCG GCT GCC GCC GCC GCC GCT GCT GCT GAC GCG GTG GCC GCC GCC GCT GCT GCT GCT GGA GGA GGA GGC AGC CGC GAC GAC GAC GGC GGC GGC GGG GGT GAG GGA GGC GGG GGG GGG GGG GGG AAC GGG GGG GGT GGT ACC ATC GTC GTC GTG GTG GTT ATA CTG GTG GTG GTG GTG GTG GTG GTG GTG GCT GTC GTT TAC TAC TAC TAT TAC TTC TCA TCG TCT CCT GAG TCC TCC TCC TCC TCC TCG TCT ATG TCC CCC CCT TCG TCT TCT TCT TCT TCC TGC TGC TGC TGC TGC TGC TGT TGT TCG TGG TGG TGG GGT TGC TGT TTA TTC TTC TTC TTC TTC TTT ATC CCT CTG CTG TTG TTG TGC TTC TTT TTT TTT
Danio rerio                                 ACA AGC GCG TCA TCT CAG CCA --- --- GTA CGC --- AGC AAA --- AGA CCG GAC --- ACA GGT ATC --- AAT CCT GAA --- GTC ATG CCA CCA CCT CCT AGT CCT TCT GTG CTG AAT --- CCA CAT CGA TCA --- --- TTA CTG GAC --- --- CCT GCT GAA --- CAA CCG AAG --- --- ATT --- GAG CCT ACT GAC --- GTT ACT CAT --- TCT TCT --- --- AAG CCT CCA AGC TCT TAT --- --- GTG --- CTG GTC GAA ATC CAC GAT GTA --- CTA AGT --- CTC ATA CAG GCC TCT AAA AAA AAG CAG CGC AAG ATA GAG AAC AAC AAC AAT GAT AGG AAA CTT AAA AAA AAG AGG ACA AAC AAT GAT ACT GTT GAC AAA ACG AAT ACA ACG AAG GAT ATA AAG ACT CAC TCT AAA GAT CTG CAG AGC AGC TCT AAG AGA AGG AGG TTG AGT AGG TCT TCA AGT AGT ATA GCC ATA ATC ATC CTT TAC ATC ATC GTG CCA ATA ATG GAG GCA TTA CAG ATA GTG ATG ATC ATT AAT CAC CAA CAA CAC CAT GTC AAG AAA CAA CAG CGA CTT GAA GAA GAG GAG GTG TCC --- CAG GAC CAT ATT CCA CCA CCC CCG CCT CCC CCT CCC CCA CCT AAA AGA AAG AGA CGG ATC AAC CAG CGC AAC AAA GAT AAA AGA CAG CGA CGT TCT TGC CTC ATG ATT CTA CTC CTT GTC TTA TTG AAT GTC ATG GCC CTC ATG CTC CTG CTG CTG CTT CTT CTT TAC TTG CTC CTG CTG CTG TTC CTG CTG GAT TCT GAT GAC AAC GAC GAC GAC GAG GAG GAT GAC CAC GAC GGG GAC GAG CAG ACA CAG CGT GAG GAG GAT GCA GGG GGT TCT GAT GAA GAT GAT AGT ATA GAC GAC --- AGT GCG TGC GCA GCC TCT TCT AAT ACA GCT GAA AAA CAA AAG GCA GCT GAG GCA GCA GCT CAG CGT GGA AGC AAC AAT AAT CCA CGT GGC GGC GGG GGT GGG ACC GCA GGT GAA GGA GGC GGC GGC GGA GGA GGT GGA GGT ATT GTG ATC GTT AGG CCC GTC CGG TTA ACA ATC GTA GTC GTC GTG GTG GTT AGA GTA GTC TAC TAC TAT TAT CAT ATG TCA GAG GCA GCT GCC ACC GAC GAT TCC TCT CCA TCA GCC TCT GAC GTT TCA AAG ACA ACC TCA CCA CAC CCG GAA TCC TGC TGT ACT TGC GCG AAC TGG TGT GTG TCT TGT CTG CTC TTC TTC TTT TTT TTT ATC GGT CTT CTT ATG TTG TGT TAC TAT TTC TTT
Canis lupus familiaris                      --- --- --- --- --- AGA AAA --- GAG CAG AAG ACA GTG GCT AGA AGA AGG GGC ACG AAT CAA --- CTC AAG CAG AGT CCA CCA CCA CCA CCA CCG CCA CCA CCC CCC CCA CCC CCG --- CCT CTG GAG CTG --- CTC CTC GTC CTC --- CTT CTC CTG TCG GCT GAT GAC GAC --- GAT GAG CAG GAG AAT GAC GAC CCA GCA ACT GTA --- GCC TTC AGA GGA GGA CGA GGA GGC GGG GGT GGG GTG GTC AAG ATG GTG CCA GTG ACG GTG ACC GTT TCA TCT --- TTT --- --- --- --- AAA AAA AAA AAA CAA AAG AAA AAG AAC AAT AAT AAT GAC TGG AAA AAA AAG AAG AAG ATT ACC AAC AAC AAT ACA ACA GCC ATA ACT ACC ACC ACC GCC GCG AGC GGC ACG CAG ATG ACG GCT GTT ACT ATG AGC AGC CGC AAG AGA AGG AGG AGT CGG AGG AGC AGT AGT AGT AGC ATC ATC GTC ATA ATC ATC GTC GTG TCC ATG ATG ACG GTG CTG TTG TTG GTT ATT ATT ATT CAG CAG ACA GAA CAC CAC TAC CGG CGA CAG CAG CAG CAG CAG CAG CAG GAG CAG CAG CAT CGG AAT CAC CAT CCA CAG CCC CCC CCC CCG CCA CCC CCT CCC CCC CGA CGC CGC CGG CAC CGG GCC CGC CGG TGT CGG CGG CGG CGG CGG AGC AGC TGC CTG CTC GCC CTC CTC CTG CTC CTC CTC CGC CTC CTC TTG TGC CTG CTG CTG CTG CTG CTG CTG TTG CTG CTG CTC TTT CTA CTG CTT CTG TTT GAA GAA GAC GCC GAC AAT GAC GAT GAC GAC GAC GAG GAG GAT GGC GCG CAG GAG GAG GAG GAG GAG GCG GAG GAG GAG GAG GAG AAC GAC GAC GAT GAC GAT GAC GAT GCA GGT GCG GCG GCC GCC GCC GCC GCT GCT GCC GCC GCG CAG GCC GCC GCT GCT GCC GCT GCT GGA GGA GGA GGC GGC ACG GAT GAC GGT GGC GGC GGC GGG GGT GAG GGG GGC AGG GGG GGA GGA GGG AGT GGG GGG GGT GGC GTC GTC GTC GTT GTC GTG GTT GTG GTG GTG GTG GTG GTC GTG GTA GTG GTG GTT GTC GTT TAC TAT TAC TAC TAT TTC --- TCT TCT CCT GAG ACC TCC TCC TCC TCC TCC TCC GCA TCA TCT CCT TCG TCG GCT TCT TCC TCC TGC TGT TGC TGC TGC TGC TGT TGT CTG TGG TGG TGG TGT TGT TGC TTG TTC TTC TTT TTC TTC TTC ATC CCT CTG TTG TTG TTG TGC TAT TTT TTC TTT
Pan troglodytes                             --- --- --- --- --- --- AAC --- --- AAA AAG --- ACA ACC --- AGA AGA AGG --- ATT CAA --- --- AAG TTG GGT --- --- CCA CCA CCA CCA CCG TTG --- ACC CCA CCC --- --- --- CCA ATT --- --- --- CGC CTC CTT --- --- --- CTC GAA GAG --- --- GAC --- --- --- GAG GAG --- GAT GAC --- GCA ACC GCA --- --- TTC --- --- GAA GGA GGA GGT AGA GGT --- --- GTC --- --- --- CTA GTG GTG GTG --- GTT TCG TCT --- TTC --- --- --- --- AAA AAA AAA AAA GAA AAG AAG AAA AAC AAC AAT AAT GAC GGC AAA AAA AAG AAG AAG AGT CCC AAC AAT AAT ACA ACA ACC ATA ACA ACC ACT ACT ATC ATG TCC ACT AGG CTG ACA ACT ACT ATT ACC ACT AGC AGC GAA AGG AGG AGG AGG AGT CGG GAG AGC AGT AGT AGT AGT ATC ATC ATC ATC ATC ATT ATT GTT TTG ATG ATG ATG CTG CTG TTG ATC ATC ATG ATT GTC CAG CAG CGA GAA CAC CAC CAC CGG CGT CAG CAG CAG CAG CAG CAG CAG CAG CAG CAG CGG CGG AAT CAC CAT CCA CTT CCC CCC CCC CCG CCA CCC CCT CCT CGT CGA CGC CGC CGG CAC CAT CCC CGC CGG TCC AGG CAG CGG CGG CGG CGG GGT TGT CTG CTC CTC CTC CTC CTC CTC CTC CTC CTG CTG CTT TTG TTT CTG CTG CTG CTG CTG CTG CTG CTG CTG CTG CTT TTT CTG CTG CTT TTG TTT GAA GAA AAC CAT GAC GAC GAC GAC GAC GAC GAC GAG GAT GAT GGC CAG CGG GAA GAG GAG GAG GAG GAG GAG GAG GAG GAG GAG AGC GAC GAC GAC GAG GAT GAT GAT GCA GCA GCG GCT GCC GCC GCC GCC GCT GCT GCT GAC GCG GTG GCC GCC GCC GCT GCT GCT GCT GGA GGA GGA GGC AGC CGC GAC GAC GAC GGC GGC GGC GGG GGT GAG GGA GGC GGG GGG GGG GGG GGG AAC GGG GGG GGT GGT ACC ATC GTC GTC GTG GTG GTT ATA CTG GTG GTG GTG GTG GTG GTG GTG GTG GCT GTC GTT TAC TAC TAC TAT TAC TTC TCA TCG TCT CCT GAG TCC TCC TCC TCC TCC TCG TCT ATG TCC CCC CCT TCG TCT TCT TCT TCT TCC TGC TGC TGC TGC TGC TGC TGT TGT TCG TGG TGG TGG GGT TGC TGT TTA TTC TTC TTC TTC TTC TTT ATC CCT CTG CTG TTG TTG TGC TTC TTT TTT TTT
Rattus norvegicus                           --- --- --- --- --- ACA AAC AAG AAG AGG AAG AAA ACA ACC AAA ACA AGG AGG ATG ATT CAA CAC CAG CAG CAG CAT CCA CCA CCA CCA CCG CCA CCA CCA CCC ACC CCG CCC CCA CCT CCT CCT CGG CTA CTC CTC CTC CTC CTC CTG CTG CTG CTG GAA GAA GAC GAC GAC GAG GAG GAA GAG GAG GAT GAT GAT TCA GCA GCC GCC ACT GCT GCT GGA GGA GGA AGA GGC GGC GGG GGT GTA GTC GTC GTG GTG GTG TTG GTG GTG GTG GTT GTT TCT TCT TGG TTG --- --- --- --- AAA AAG AAA AAA AAA AAG AGA AAG AAC CAC AAC AAT GAC AAC AAG AAG AAG AAG AAG AAG AAG AAC AAC AAT ACA ACA ACA ATA ACC ACC ACC ACT ACC TCT GCC ATT ACG ACG ACT ACT ACT GTT ACC AGC AGC AGC CGC GAG AGA AGG AGG AGG AGG AAG AGT AGT AGT AGT AGC ATC ATC ATC ATC ATC ATC ATC ATC ATC ATG ATG ATG ATG ATG ATG ATT GTC ATT ATT ATC CAA CAA CAA CAA CAC CAC CAC CAC CAC CAG CAG CAG CAG CAG CAG CAG CAG CAG CAG CGG CAA CAT CAT CAT CCA CCA CCC CCC CCC CCA CCG CCC CCT CCT CCT CGA CGT CGC CGA CGC CGC CGC CGC CGC TGC GGG CGC CGG CGG CGG CGG CGT TGT CTT CTC CTC CTC CTC CTC CTG CTG CTC CTC CTC CTC CGC TTC CTG CTG CTG CTG CTG CTG CTG CTG CTG CTG CTG CTG CTT CTT CTT CTT CTT GAA GAA GAC GAC GAC GAC GAC GAC GAC GAG GAC GAG GAC GAT GAC GAG CAG GAG GAG GAG GAG GAG GAG GAG GAA GAG GAG GAG GAC GAT GAC GAT GAT GAT GAT GAT GCA GCA GCG GCA GCC GCC GCC GCT GCC GCC GCC GCG GCT GAG GCT GCA GCT GCT GCT GCT GCT GGA AGA GGA GGC GGC AGC GGC GAC GGT GGC GGT GGC GGC GGC GGG GGG GGC GGG GGG GGG GGG GGG AGT GGT GGT GGT GGT GTC GTC GTC GTC GTC GTC GTC GTG GTA GTG GTG GTG GTG GTG GTG GTG GTG ACT GTC GTT TAC TAC TAC TAT TAT TAC TCA TCA TCA TCT TCC TCC TCC TCC TCC TCC TCC TCC TCG TCA TCT TCT TCT TCT TCG TCT TCT TTC TGC TGC TGC TGC TGC TGC TGC TGT TGG TGG TGG TGG TGT TGT TGT TTA TTC TTC TTC TTC TTC TTC GTG TTC TTG TTG TTG TTG TTC TTC TTT TTT TTT
Bos taurus                                  --- --- --- --- --- --- AAA --- --- AGG AAA --- GTA GCT --- AGA AGG CGT --- GCT CAA --- --- AAG CAG ACT --- --- GCG CCT CCG CCA CCA CCA --- TCC GCA CCC CCA CCA --- CCG AAG --- CTC --- CTC CTC CTC --- --- --- CTG GAG GAG GAC --- GAC GAG --- --- GAG GAG GAT GAT GAT --- GCA AGC GCA GCC --- TTC --- --- GGA GGA GGA GGC GGG GGT --- --- GTC --- --- --- CAA GTG GTG GTG --- GTT TCA TCT TGG ATT --- --- --- --- AAA AAA AAA AAA CAA AGG AGA AAG AAC AAC AAT AAT GAC TGT AAA AAA AAA AAG AAG AGA CCC AAC AAC AAT ACA ACA GCC CTA ACG ACC ACC ACT GTC ACT ACC ACG ACT CAG ACA ACT ACT ATT ACT ACC AGC AGC GGT AAG AGG AGG AGG AGT CGG AAG AGT AGC AGT AGC AGC ATC ATC ATC ATC ACT ATC ATC ATC GCC ATG ATG GTG ATG CTG CTG ATT ATT ATG ATT GTC CAG CAG AAG GAA CAC CAC CAC CGG CAA CAG CAG CAG CAG CAG GAG CAG CAG CAG CAG AGG CTG AAT CAC CAC CCA CAG CCC CCC CCC CCA CCA CCC CCT CCG CGC CGA CGC CGC CGG CAC CAG CCC CGC CGG CAC AGA CAG CGG CGG CGG CGC AGC TGT CTG CTC CTC CTC CTC CTG CTT CTC CTG CTC CTC CTC TTG TTA CTG CTG CTA CTG CTT CCA CTG TTG CTG CTG CTT TTT CTA CTC CTT ATG TTG GAG GAA GAC GAC GAC GAT GAC GAC GAC AAC GAC GAG GAC GAT AGT TCG CGG GAG GAG GAG GAG GAG GAG GAG GAG GAG GAG CAG AAT GAC GAT GAC GAC GAT GAT GAT GCA GCC GCG GCC GCC GCC GAG GCC GCT GCT GCC GCC GCT GTG GCT GCC GCT GCT GCT GCT GCT AGA GGA GGA GGC GGC AGG GAC GAT AGC GGC GGC GGC GGG GGC GAC GGA GGC GGG GGG GGA GGT GGG AGC GGA GGG GGT GGC ACC ATC GTC GTT GTC GTT GTC GTG GTG GTG GTG GTG GTC GTG GTG GTG GTG CCT GTC GTT TAT TAC TAC TAC TAT TTC --- TCA TCT CCT GAG ACC TCC TCC TCC TCC TCC TCC GCA TCG CCT CCT TCA TCA TGT TCT TCT TCC TAC TGT TGC TGC TGC TGC TGT TGT CTG TGG TGG TGG TGT TGT TGT TTG TTC TTC TTC TTC TTT TTC ATC CCC TTG CTG TTG TTG TGC TTC TTT TTT TTT



    1    1    1    1    1    1    1    1    1    1    1    1    1    1    1
    1    1    1    1    1    1    1    1    1    1    1    1    1    1    1
    1    1    1    1    1    1    1    1    1    1    1    1    1    1    1
    1    1    1    1    1    1    1    1    1    1    1    1    1    1    1
    1    1    1    1    1    1    1    1    1    1    1    1    1    1    1
    1    1    1    1    1    1    1    1    1    1    1    1    1    1    1
    1    1    1    1    1    1    1    1    1    1    1    1    1    1    1
    1    1    1    1    2    1    1    1    1    1    1    1    1    1    2
    1    1    1    1    1    1    1    1    1    1    1    1    1    1    1
    1    1    1    1    1    1    1    1    1    1    1    1    1    1    1
    1    1    1    1    1    1    1    1    1    1    1    2    1    1    1
    1    1    1    1    1    2    1    1    1    1    1    1    1    1    1
    1    1    1    1    1    1    1    1    1    3    2    1    1    1    1
    1    1    1    1    1    1    1    1    1    1    1    2    1    1    1
    1    1    1    1    1    1    1    1    1    1    1    1    1    1    1
    1    1    2    1    1    1    1    1    1    1    1    1    1    1    1
    1    1    1    1    1    1    1    1    1    1    1    1    1    3    1
    1    2    1    1    1    1    1    1    1    1    1    1    1    1    1
    2    1    1    1    4    1    1    1    1    1    1    1    1    1    1
    3    1    1    1    1    1    1    1    1    1    1    1    1    1    1
    1    1    1    1    1    2    1    1    1    1    1    1    1    1    1
    1    1    1    1    2    1    1    1    1    1    1    1    1    1    1
    3    1    1    1    1    1    1    1    1    1    1    1    1    1    1
    1    1    1    1    1    1    1    1    1    1    1    1    1    1    1
    1    2    1    1    2    1    1    1    1    1    1    1    1    1    1
    1    1    1    1    1    1    1    3    1    1    1    1    1    1    1
    1    1    1    1    1    1    1    1    1    1    2    1    1    1    1
    1    2    1    1    1    1    1    1    3    1    4    1    1    1    1
    1    1    1    1    1    1    1    1    2

CODONML (in paml version 4.4b, July 2010)  torun.nuc
Model: One dN/dS ratio for branches Global clock  (2 genes: diff. rate & k&w)  
Codon frequency model: F3x4
ns =   7  ls = 463

Codon usage in sequences
--------------------------------------------------------------------------------------------------------------
Phe TTT  6  9  8  7  8  4 | Ser TCT  8  7 17  5  7 10 | Tyr TAT  2  1  4  3  1  2 | Cys TGT  3  4  4  6  4  5
    TTC 11 13  6 13 14 16 |     TCC 11 11  5 11 11 10 |     TAC  4  4  5  4  4  4 |     TGC 10  9  5 10  9  9
Leu TTA  1  1  4  0  1  1 |     TCA  4  1  7  2  1  5 | *** TAA  0  0  0  0  0  0 | *** TGA  0  0  0  0  0  0
    TTG  7  8  5  8  8  6 |     TCG  2  5  0  3  5  2 |     TAG  0  0  0  0  0  0 | Trp TGG  6  4  2  5  4  6
--------------------------------------------------------------------------------------------------------------
Leu CTT  5  5 11  2  5  6 | Pro CCT  7  5 10  5  5  6 | His CAT  4  3  5  2  3  4 | Arg CGT  2  2  4  0  2  2
    CTC 18 10  7 14 10 14 |     CCC  9  9  5 10  9  7 |     CAC  6  5  6  4  5  7 |     CGC  6  5  3  5  5  9
    CTA  2  1  2  1  1  1 |     CCA 10  8 12 12  8 11 | Gln CAA  5  1  7  2  1  6 |     CGA  4  2  3  3  2  2
    CTG 19 24 13 22 24 21 |     CCG  2  2  4  3  2  3 |     CAG 18 18 13 21 17 17 |     CGG  8 11  2 12 12  7
--------------------------------------------------------------------------------------------------------------
Ile ATT  6  6  5  4  6  5 | Thr ACT  4  6  5  3  6  6 | Asn AAT  3  5 10  8  5  2 | Ser AGT  5  6  7  6  6  5
    ATC 10 11 12  6 11 11 |     ACC  8  7  3  6  7  7 |     AAC  8  7 10  5  7  7 |     AGC  5  5  6  7  5  5
    ATA  0  2  8  2  2  1 |     ACA  6  5  8  4  5  6 | Lys AAA  9  8 13  8  8  6 | Arg AGA  2  3  7  5  3  4
Met ATG  8  7  9  6  7  8 |     ACG  3  0  2  6  0  2 |     AAG 12  9 13 10  8 15 |     AGG  9  7  6  5  7  7
--------------------------------------------------------------------------------------------------------------
Val GTT  5  4  6  7  4  4 | Ala GCT 11 10  5 11 10 11 | Asp GAT 11  7 17  8  6 10 | Gly GGT  6  8  7  5  8  7
    GTC  9  5 10 10  5 11 |     GCC 10  8  7 16  8 10 |     GAC 20 20 17 20 21 21 |     GGC 14  9  7 13  9 12
    GTA  1  0  4  2  0  2 |     GCA  6  4  9  3  4  5 | Glu GAA  4  7  9  3  8  6 |     GGA  8  6  5  8  6  5
    GTG 19 16  9 18 16 18 |     GCG  3  2  3  6  2  2 |     GAG 20 20 14 21 20 21 |     GGG  9  8  4  8  8  9
--------------------------------------------------------------------------------------------------------------

--------------------------------------------------
Phe TTT  6 | Ser TCT  4 | Tyr TAT  2 | Cys TGT  9
    TTC 13 |     TCC 10 |     TAC  4 |     TGC  6
Leu TTA  1 |     TCA  4 | *** TAA  0 | *** TGA  0
    TTG  7 |     TCG  2 |     TAG  0 | Trp TGG  5
--------------------------------------------------
Leu CTT  4 | Pro CCT  6 | His CAT  0 | Arg CGT  1
    CTC 13 |     CCC  9 |     CAC  7 |     CGC  5
    CTA  3 |     CCA  9 | Gln CAA  4 |     CGA  1
    CTG 18 |     CCG  3 |     CAG 20 |     CGG  9
--------------------------------------------------
Ile ATT  5 | Thr ACT  8 | Asn AAT  5 | Ser AGT  4
    ATC 10 |     ACC  6 |     AAC  6 |     AGC  9
    ATA  0 |     ACA  3 | Lys AAA  9 | Arg AGA  5
Met ATG  6 |     ACG  2 |     AAG  9 |     AGG  8
--------------------------------------------------
Val GTT  4 | Ala GCT 12 | Asp GAT 10 | Gly GGT  4
    GTC  8 |     GCC 12 |     GAC 20 |     GGC 11
    GTA  1 |     GCA  5 | Glu GAA  2 |     GGA  8
    GTG 16 |     GCG  2 |     GAG 22 |     GGG  6
--------------------------------------------------

Codon position x base (3x4) table for each sequence.

#1: Mus musculus   
position  1:    T:0.16520    C:0.27533    A:0.21586    G:0.34361
position  2:    T:0.27974    C:0.22907    A:0.27753    G:0.21366
position  3:    T:0.19383    C:0.35022    A:0.13656    G:0.31938
Average         T:0.21292    C:0.28488    A:0.20999    G:0.29222

#2: Homo sapiens   
position  1:    T:0.18510    C:0.26683    A:0.22596    G:0.32212
position  2:    T:0.29327    C:0.21635    A:0.27644    G:0.21394
position  3:    T:0.21154    C:0.33173    A:0.11779    G:0.33894
Average         T:0.22997    C:0.27163    A:0.20673    G:0.29167

#3: Danio rerio    
position  1:    T:0.16514    C:0.24541    A:0.28440    G:0.30505
position  2:    T:0.27294    C:0.23394    A:0.32798    G:0.16514
position  3:    T:0.28670    C:0.26147    A:0.22477    G:0.22706
Average         T:0.24159    C:0.24694    A:0.27905    G:0.23242

#4: Canis lupus familiaris
position  1:    T:0.17303    C:0.26517    A:0.20449    G:0.35730
position  2:    T:0.27416    C:0.23820    A:0.26742    G:0.22022
position  3:    T:0.18427    C:0.34607    A:0.12360    G:0.34607
Average         T:0.21049    C:0.28315    A:0.19850    G:0.30787

#5: Pan troglodytes
position  1:    T:0.18510    C:0.26683    A:0.22356    G:0.32452
position  2:    T:0.29327    C:0.21635    A:0.27404    G:0.21635
position  3:    T:0.20673    C:0.33654    A:0.12019    G:0.33654
Average         T:0.22837    C:0.27324    A:0.20593    G:0.29247

#6: Rattus norvegicus
position  1:    T:0.17621    C:0.27093    A:0.21366    G:0.33921
position  2:    T:0.28414    C:0.22687    A:0.28194    G:0.20705
position  3:    T:0.19604    C:0.35242    A:0.13436    G:0.31718
Average         T:0.21880    C:0.28341    A:0.20999    G:0.28781

#7: Bos taurus     
position  1:    T:0.17258    C:0.26478    A:0.22459    G:0.33806
position  2:    T:0.27187    C:0.22931    A:0.28369    G:0.21513
position  3:    T:0.19858    C:0.35225    A:0.13002    G:0.31915
Average         T:0.21434    C:0.28211    A:0.21277    G:0.29078

Codon usage in genes
--------------------------------------------------------------
Phe TTT  2 46 | Ser TCT 12 46 | Tyr TAT  1 14 | Cys TGT  0 35
    TTC  5 81 |     TCC  1 68 |     TAC  0 29 |     TGC  0 58
Leu TTA  1  8 |     TCA  6 18 | *** TAA  0  0 | *** TGA  0  0
    TTG  7 42 |     TCG  3 16 |     TAG  0  0 | Trp TGG  3 29
--------------------------------------------------------------
Leu CTT  3 35 | Pro CCT 15 29 | His CAT  4 17 | Arg CGT  1 12
    CTC 24 62 |     CCC 12 46 |     CAC  3 37 |     CGC  3 35
    CTA  5  6 |     CCA 48 22 | Gln CAA  8 18 |     CGA  2 15
    CTG 15 126 |     CCG 11  8 |     CAG 11 113 |     CGG  2 59
--------------------------------------------------------------
Ile ATT  8 29 | Thr ACT  5 33 | Asn AAT  4 34 | Ser AGT  3 36
    ATC  2 69 |     ACC 10 34 |     AAC  4 46 |     AGC  4 38
    ATA  0 15 |     ACA 10 27 | Lys AAA  9 52 | Arg AGA 15 14
Met ATG  4 47 |     ACG  2 13 |     AAG 18 58 |     AGG 10 39
--------------------------------------------------------------
Val GTT  9 25 | Ala GCT 10 60 | Asp GAT 15 54 | Gly GGT 11 34
    GTC 11 47 |     GCC  6 65 |     GAC 18 121 |     GGC  7 68
    GTA  6  4 |     GCA 11 25 | Glu GAA 12 27 |     GGA 17 29
    GTG 29 83 |     GCG  2 18 |     GAG 25 113 |     GGG  5 47
--------------------------------------------------------------

Codon position x base (3x4) table for each gene.


Gene #1
position  1:    T:0.08039    C:0.32745    A:0.21176    G:0.38039
position  2:    T:0.25686    C:0.32157    A:0.25882    G:0.16275
position  3:    T:0.20196    C:0.21569    A:0.29412    G:0.28824
Average         T:0.17974    C:0.28824    A:0.25490    G:0.27712

Gene #2
position  1:    T:0.19337    C:0.25257    A:0.23047    G:0.32360
position  2:    T:0.28611    C:0.20837    A:0.28927    G:0.21626
position  3:    T:0.21271    C:0.35675    A:0.11050    G:0.32005
Average         T:0.23073    C:0.27256    A:0.21008    G:0.28664

Sums of codon usage counts
------------------------------------------------------------------------------
Phe F TTT      48 | Ser S TCT      58 | Tyr Y TAT      15 | Cys C TGT      35
      TTC      86 |       TCC      69 |       TAC      29 |       TGC      58
Leu L TTA       9 |       TCA      24 | *** * TAA       0 | *** * TGA       0
      TTG      49 |       TCG      19 |       TAG       0 | Trp W TGG      32
------------------------------------------------------------------------------
Leu L CTT      38 | Pro P CCT      44 | His H CAT      21 | Arg R CGT      13
      CTC      86 |       CCC      58 |       CAC      40 |       CGC      38
      CTA      11 |       CCA      70 | Gln Q CAA      26 |       CGA      17
      CTG     141 |       CCG      19 |       CAG     124 |       CGG      61
------------------------------------------------------------------------------
Ile I ATT      37 | Thr T ACT      38 | Asn N AAT      38 | Ser S AGT      39
      ATC      71 |       ACC      44 |       AAC      50 |       AGC      42
      ATA      15 |       ACA      37 | Lys K AAA      61 | Arg R AGA      29
Met M ATG      51 |       ACG      15 |       AAG      76 |       AGG      49
------------------------------------------------------------------------------
Val V GTT      34 | Ala A GCT      70 | Asp D GAT      69 | Gly G GGT      45
      GTC      58 |       GCC      71 |       GAC     139 |       GGC      75
      GTA      10 |       GCA      36 | Glu E GAA      39 |       GGA      46
      GTG     112 |       GCG      20 |       GAG     138 |       GGG      52
------------------------------------------------------------------------------

(Ambiguity data are not used in the counts.)


Codon position x base (3x4) table, overall

position  1:    T:0.17444    C:0.26511    A:0.22733    G:0.33311
position  2:    T:0.28121    C:0.22733    A:0.28417    G:0.20729
position  3:    T:0.21091    C:0.33311    A:0.14126    G:0.31472
Average         T:0.22219    C:0.27519    A:0.21759    G:0.28504


Nei & Gojobori 1986. dN/dS (dN, dS)
(Pairwise deletion)
(Note: This matrix is not used in later ML. analysis.
Use runmode = -2 for ML pairwise comparison.)

Mus musculus        
Homo sapiens         0.2537 (0.1324 0.5218)
Danio rerio          0.2246 (0.5128 2.2833)-1.0000 (0.5079 -1.0000)
Canis lupus familiaris 0.3087 (0.1642 0.5318) 0.3203 (0.1423 0.4445) 0.1810 (0.5336 2.9485)
Pan troglodytes      0.2533 (0.1344 0.5304) 0.2175 (0.0021 0.0098)-1.0000 (0.5093 -1.0000) 0.3224 (0.1411 0.4377)
Rattus norvegicus    0.2809 (0.0448 0.1594) 0.2726 (0.1318 0.4835) 0.2406 (0.5223 2.1709) 0.2964 (0.1605 0.5414) 0.2652 (0.1338 0.5045)
Bos taurus           0.2395 (0.1416 0.5910) 0.2124 (0.1045 0.4922) 0.1476 (0.5054 3.4246) 0.3598 (0.1243 0.3456) 0.2078 (0.1034 0.4975) 0.2654 (0.1402 0.5281)


TREE #  1:  ((((2, 5), (1, 6)), (7, 4)), 3);   MP score: -1
check convergence..
lnL(ntime:  6  np: 11):  -5794.030328      +0.000000
   8..9     9..10   10..11   11..2    11..5    10..12   12..1    12..6     9..13   13..7    13..4     8..3  
 2.442228 0.554047 0.517742 0.009300 0.147117 0.421304 0.663748 2.469229 0.575597 2.260161 0.195796
SEs for parameters:
 0.203931 0.039864 0.042166 0.004387 0.018333 0.040629 0.052107 0.492236 0.109995 0.183120 0.015193
Note: Branch length is defined for the first gene (site partition).
For other genes, look at "rates for genes".

tree length =   6.53397 (1st gene)

((((2: 0.009300, 5: 0.009300): 0.508442, (1: 0.147117, 6: 0.147117): 0.370625): 0.036305, (7: 0.421304, 4: 0.421304): 0.132744): 1.888180, 3: 2.442228);

((((Homo sapiens: 0.009300, Pan troglodytes: 0.009300): 0.508442, (Mus musculus: 0.147117, Rattus norvegicus: 0.147117): 0.370625): 0.036305, (Bos taurus: 0.421304, Canis lupus familiaris: 0.421304): 0.132744): 1.888180, Danio rerio: 2.442228);

Detailed output identifying parameters

rates for 2 genes:     1  0.66375

gene # 1: kappa =   2.46923 omega =   0.57560
gene # 2: kappa =   2.26016 omega =   0.19580

Time used:  0:25
