
seed used = 1418812061
      7   1389

Mus musculus                               ATG GAC GAG GCG GAC CGG CAG CTC CTG CGG CGA TGC AGG GTG CGC CTA GTG AGC GAG CTG CAA GTC GCG GAG CTC TGG GAC GCT CTG CTG AGT CGA GAG CTC TTC ACG CGC GAC ATG ATC GAG GAT ATT CAG CAG GCA GGA TCT GGG TCT CGG CGG GAT CAG GCC AGG CAG CTG GTC ACA GAC CTT GAG ACC CGA GGG AGG CAG GCC CTT CCT CTC TTC ATC TCC TGC TTA GAG GAC ACA GGC CAA GGC ACC CTG GCT TCA CTC TTG CAA AGC GGT CGG CAA GCA GCC AAG CAG GAT CCA GAG GCT GTT AAA CCC CTA GAC CAC CTG GTG CCT GTG GTC CTG GGA CCA ATG GGA CTC ACA GCA AAG GAG CAG AGA GTA GTG AAG CTG GAC CCG TCA CAG CCT GCC GTG GGA AAC CTC ACC CCA GTG GTG CTG GGG CCA GAA GAG CTC TGG CCT GCT CGG CTC AAG CCA GAG GTT CTC AGA CCA GAA ACA CCC AGG CCC GTG GAC ATT GGT TCT GGC GGA GCT CAT GAT GTC TGT GTT CCA GGG AAG ATC AGG GGA CAT GCA GAT ATG GCA TAC ACC CTG GAT TCG GAT CCC TGT GGC CAC TGC CTC ATC ATC AAC AAT GTG AAC TTC TGC CCT TCC TCG GGG CTC GGC ACA CGC ACG GGC TCC AAC TTG GAC CGT GAC AAA CTT GAG CAC CGA TTC CGC TGG CTG CGC TTC ATG GTG GAG GTG AAG AAC GAC CTG ACT GCC AAG AAA ATG GTC ACG GCT TTG ATG GAG ATG GCA CAC CGG AAC CAC CGT GCC CTG GAC TGC TTT GTG GTG GTC ATC CTC TCT CAT GGC TGC CAG GCC AGC CAC CTC CAG TTC CCG GGT GCT GTC TAT GGG ACA GAT GGA TGC TCC GTG TCC ATT GAG AAA ATT GTG AAT ATC TTC AAC GGG AGC GGC TGC CCC AGC CTG GGA GGG AAG CCC AAG CTC TTC TTC ATC CAG GCC TGC GGT GGT GAG CAG AAA GAC CAT GGC TTT GAG GTG GCC TGC ACT TCC TCT CAA GGC AGG ACC TTG GAC AGT GAC TCT GAG CCA GAT GCT GTC CCC TAT CAG GAA GGC CCA AGG CCC TTG --- --- --- --- GAC CAG CTG GAT GCT GTG TCA AGT TTG CCT ACC CCC AGT GAC ATC CTT GTG TCC TAC TCC ACC TTC CCA GGT TTT GTC TCC TGG AGG GAC AAG AAA AGT GGC TCC TGG TAC ATC GAG ACC TTG GAT GGC ATT CTG GAG CAG TGG GCT CGC TCT GAA GAC CTG CAG TCC CTC CTT CTC AGG GTT GCC AAT GCT GTT TCT GCG --- --- --- AAA GGG ACT TAC AAG CAG ATT CCT GGC TGT TTT AAC TTC CTC CGG AAA AAG CTG TTT TTT AAA ACT TCA --- --- 
Homo sapiens                               ATG GAC GAA GCG GAT CGG CGG CTC CTG CGG CGG TGC CGG CTG CGG CTG GTG GAA GAG CTG CAG GTG GAC CAG CTC TGG GAC GCC CTG CTG AGC CGC GAG CTG TTC AGG CCC CAT ATG ATC GAG GAC ATC CAG CGG GCA GGC TCT GGA TCT CGG CGG GAT CAG GCC AGG CAG CTG ATC ATA GAT CTG GAG ACT CGA GGG AGT CAG GCT CTT CCT TTG TTC ATC TCC TGC TTA GAG GAC ACA GGC CAG GAC ATG CTG GCT TCG TTT CTG CGA ACT AAC AGG CAA GCA GCA AAG TTG --- --- --- --- --- --- --- --- --- --- --- --- --- --- --- --- --- --- --- --- --- --- --- --- --- --- --- --- --- --- --- --- --- TCG AAG CCA ACC CTA GAA AAC CTT ACC CCA GTG GTG CTC AGA CCA GAG --- --- --- --- --- ATT CGC AAA CCA GAG GTT CTC AGA CCG GAA ACA CCC AGA CCA GTG GAC ATT GGT TCT GGA GGA TTT GGT GAT GTC GGT GCT CTT GAG AGT TTG AGG GGA AAT GCA GAT TTG GCT TAC ATC CTG AGC ATG GAG CCC TGT GGC CAC TGC CTC ATT ATC AAC AAT GTG AAC TTC TGC CGT GAG TCC GGG CTC CGC ACC CGC ACT GGC TCC AAC ATC GAC TGT GAG AAG TTG CGG CGT CGC TTC TCC TCG CTG CAT TTC ATG GTG GAG GTG AAG GGC GAC CTG ACT GCC AAG AAA ATG GTG CTG GCT TTG CTG GAG CTG GCG CAG CAG GAC CAC GGT GCT CTG GAC TGC TGC GTG GTG GTC ATT CTC TCT CAC GGC TGT CAG GCC AGC CAC CTG CAG TTC CCA GGG GCT GTC TAC GGC ACA GAT GGA TGC CCT GTG TCG GTC GAG AAG ATT GTG AAC ATC TTC AAT GGG ACC AGC TGC CCC AGC CTG GGA GGG AAG CCC AAG CTC TTT TTC ATC CAG GCC TGT GGT GGG GAG CAG AAA GAC CAT GGG TTT GAG GTG GCC TCC ACT TCC CCT GAA GAC GAG TCC CCT GGC AGT AAC CCC GAG CCA GAT GCC ACC CCG TTC CAG GAA GGT TTG AGG ACC TTC --- --- --- --- GAC CAG CTG GAC GCC ATA TCT AGT TTG CCC ACA CCC AGT GAC ATC TTT GTG TCC TAC TCT ACT TTC CCA GGT TTT GTT TCC TGG AGG GAC CCC AAG AGT GGC TCC TGG TAC GTT GAG ACC CTG GAC GAC ATC TTT GAG CAG TGG GCT CAC TCT GAA GAC CTG CAG TCC CTC CTG CTT AGG GTC GCT AAT GCT GTT TCG GTG --- --- --- AAA GGG ATT TAT AAA CAG ATG CCT GGT TGC TTT AAT TTC CTC CGG AAA AAA CTT TTC TTT AAA ACA TCA --- --- 
Danio rerio                                ATG GAG CAG AAA CAC AGA CAG ATT CTT CAG CGG CAC AGG TTA AAC CTC GTC AAG GCA TTG AAT CCC GAA GAC GTC TGT GAT AAG CTT CTG TCA AAG GGG GTC TTC ACT CAG GAC ATG ATC GAT GAA ATA CAG --- --- AGC AAG GCA ACC AGA CGT GAC CAA GCC AGG CAA CTG GTG AAA GAC CTG GAG ACG AGA GGA AGT CTT GCT TTC CCA GCC TTT CTT GAT TCC CTG CGT GAG ACT GGC CAC AAT GAT CTT GCA GAG CTC CTT CAA AGC GGA GAT GGT GTT CAT CGC CCT CCT GTC ATT TCT GTA CAG CCT TCA CCG ATC CCT CTG CCA GTC --- --- --- --- --- --- --- --- --- --- --- --- --- --- --- --- --- CAA AAT CTA AAT CAT ACT GAA AAG CCA GAC AAA CCT GAT ATC GCT TCT CCA --- --- --- --- --- --- CGA TTA GTA CCA --- --- CTG AGA CCT GAA AGC CTG CCG GTG CAC AAG ACA TAT AGT CCA CCT TCT GAA ACT GTG GTG AGA CCA ACC AGG CCA AGA CGT GAC AGT ATA CAG TGC TAC AAG ATG GAT GCC AGT CCG TGT GGG GTC TGC TTG ATC ATA AAC AAT ATC AAC TTT GAA AAA GCC TCT GAA CTA AAT GAC CGC AAG GGC TCC AAC ATC GAC TGC GAC AAG CTG GAG AAA AGA TTT AAA GCG CTC AAC TTT GAG GTT ACA GTA AAA AGG AAC TTG AAA TCT AAA CGC ATA AGG CAC GAG ATG GCA TCT TTA GCG AAG AAA GAT CAC TCT ACA TAC GAC TGC TGT GTG GTC ATC ATC CTT TCA CAT GGC ACT GAG GCA AGC CAT AAT CGA TTC CCT GGT GCA GTT CAT GGT GTT GAC GGA CCG GCT GTC CCA ATT CAG ATA ATC ACA AAC TAC CTC AAT GGC CAG AAC TGT CCT TCT CTT CAG GGC AAG CCC AAG TTA TTT TTC ATC CAG GCC TGC GGA GGA GGT GAG AAG GAT ATT GGT TTT GAG GTT TCT CCA GAT GAC GTT CAA CCA TCT ATA GGT GGG ATA GAT GAC GAG ATG GAC GCT ATT CCC ATG TCC TCT AGC AGT GAC TCT CTC AGC ACA GCG TCT GAT GAA CTT GAT GCA CGG GCA AGT TTG CCC ACG CCC AGT GAC ATC CTG GTG TCC TAC TCA ACA TTT CCA GGT TAT GTC TCC TGG AGG GAC ACA GAG GCC GGC TCT TGG TAT GTG GAG AAT CTT GAT CGT GTG CTG GAG GAA AAC GCT ATC ACA GAT GAT CTG GTG ACC ATG CTG ATG TTG GTA AAT GAT GCA GTC TCA CAA ATA TCT GCC AAA GGC CTG TAT AAA CAA ATG CCT GGG TCT TTC AAC TTC CTC CGA AAA CTT CTC TAC TTT CAG TCT TCA CAG TCA 
Canis lupus familiaris                     ATG GAC GAG GCG GAG CGG CGG GCC CTG CGG CGG TGC CGG GTG CGG CTG GTC CGC GAG CTG CAG GTG GCC GCG CTC TGG GAC GCC CTG CTG AGC CGC GAG CTC TTC ACG GCC GCC ATG GTC GAG GAC TTG CAG CAT GCA GGC TCG GGG TCT CGG AGC GAC CAG GCC AGG CAG CTG GTC ATA GAT CTA GAG ACC CGA GGG AGT CAG GCC CTT CCT TTG TTC ATA TCC TGC TTG GAG GAC ACA GGC CAG GAT GCG CTG GCT TCT TGC CTG ACA ATG AGT CGG CAA GCA GTA AAG CAG AAT CCA GAG GCC ACC AGA CCC CTG GAC --- CTC ATG CCT GTG GTG CTT GGA CCA ACG AGA CTC ACA CCA GAG GAT CTC AGA GGG AAG --- --- GAT CCG TCA AAG CTG ACT CCA GGA AAA CTC GCT CCG GTG GTG CTG GGG CCA GCT --- --- --- --- --- GAG CTC CAG CCA CAG GTT GTC AGA CCA TCG GTG CCC AGG CCA ACG GAC AAT GGT TCT GGA CGA TTC AGT GAC GTC TGT GTT CAG GAG ATT TCC AAG GGA AAT GGT GAT TTG GCG TAC GCC CTG AAC GCA GAC CCC TGC GGC TAC TGC CTC ATC ATC AAC AAC GTG AAC TTC TGC CCC GAG TCA AGG CTC ACG GCC CGC GGC GGC TCC AAT ATC GAC TGC GAG AAG CTG CAG CGA CGC TTC TGT CTG CTG CGG TTC ACG GTG GAG GTG AAG TGG GAC CTG ACG GCC AAG CAA ATG GTC CAG GCT TTG GTG GAG CTG GCG CGG CGG GAC CAC AGC GCT CTG GAC TGC TGC GTG GTG GTC GTC CTG TCC CAC GGC TGT GAG GCC AGC CAC CGC CAG TTC CCA GGG GCC GTT TAT GGC ACA GAT GGA TGT CCT GTG TCC ATT GAG AAA ATT GTG AAC ATC TTC AAT GGA ACT GGC TGC CCC AGC TTG GGA GGG AAG CCC AAG CTC TTC TTT ATC CAG GCC TGT GGT GGG GAG CAG AAA GAC CAT GGG TTT GCG GTG GCC TCC GCT TCC CCT GAA GAC AGG AGC CCT GGC AGT GAC TCT GAG CCA GAC GCT GTC CCG TTC CAG GAA GGC CCA GGC CCC TTT --- --- --- --- GAC CAG CTG GAC GCC GTG TCT AGT TTG CCC ACT CCC AGT GAT ATC TTT GTA TCC TAT TCC ACC TTC CCA GGC TTT GTT TCC TGG AGA AAT ACC AAG AGC GGC TCC TGG TAC GTG GAG ACC TTG GAT GGT GTT TTT GAG CAG TGG GCT CAC GCT GAA GAC CTG CAG ACC CTC CTG CTC AGG GTC GCT AAT GCT GTT TCG CAG --- --- --- AAA GGA GTT TAC AAA CAG ATT CCC GGT TGT TTC AAT TTC CTC CGG AAA AAA CTC TAT TTT AAA ATG --- --- --- 
Pan troglodytes                            ATG GAC GAA GCG GAT CGG CGG CTC CTG CGG CGG TGC CGG CTG CGG CTG GTG GAA GAG CTG CAG GTG GAC CAG CTC TGG GAC GCC CTG CTG AGC CGC GAG CTG TTC AGG CCC CAT ATG ATC GAG GAC ATC CAG CGG GCA GGC TCT GGA TCT CGG CGG GAT CAG GCC AGG CAG CTG ATC ATA GAT CTG GAG ACT CGA GGG AGT CAG GCT CTT CCT TTG TTC ATC TCC TGC TTA GAG GAC ACA GGC CAG GAC ATG CTG GCT TCG TTT CTG CGA ACT AAC AGG CAA GCA GCA AAG TTG --- --- --- --- --- --- --- --- --- --- --- --- --- --- --- --- --- --- --- --- --- --- --- --- --- --- --- --- --- --- --- --- --- TCG AAG CCA ACC CTA GAA AAC CTT ACC CCA GTG GTG CTC AGA CCA GAG --- --- --- --- --- ATT CGC AAA CCA GAG GTT CTC AGA CCG GAA ACA CCC AGA CCA GTG GAC ATT GGT TCT GGA GGA TTC GGT GAT GTC GGT GCT CTT GAG AGT TTG AGG GGA AAT GCA GAT TTG GCT TAC ATC CTG AGC ATG GAG CCC TGT GGC CAC TGC CTC ATT ATC AAC AAT GTG AAC TTC TGC CGT GAG TCC GGG CTC CGC ACC CGC ACT GGC TCC AAC ATC GAC TGT GAG AAG TTG CGG CGT CGC TTC TCC TCG CTG CAT TTC ATG GTG GAG GTG AAG GGC GAC CTG ACT GCC AAG GAA ATG GTG CTG GCT TTG CTG GAG CTG GCG CGG CAG GAC CAC GGT GCT CTG GAC TGC TGC GTG GTG GTC ATT CTC TCT CAC GGC TGT CAG GCC AGC CAC CTG CAG TTC CCA GGG GCT GTC TAC GGC ACA GAT GGA TGC CCT GTG TCG GTC GAG AAG ATT GTG AAC ATC TTC AAT GGG ACC AGC TGC CCC AGC CTG GGA GGG AAG CCC AAG CTC TTT TTC ATC CAG GCC TGT GGT GGG GAG CAG AAA GAC CAT GGG TTT GAG GTG GCC TCC ACT TCC CCT GAA GAC GAG TCC CCT GGC AGT AAC CCC GAG CCA GAC GCC ACC CCG TTC CAG GAA GGT TTG AGG ACC TTC --- --- --- --- GAC CAG CTG GAC GCC ATA TCT AGT TTG CCC ACA CCC AGT GAC ATC TTT GTG TCC TAC TCT ACT TTC CCA GGT TTT GTT TCC TGG AGG GAC CCC AAA AGT GGC TCC TGG TAC GTT GAG ACC CTG GAC GAC ATC TTT GAG CAG TGG GCT CAC TCT GAA GAC CTG CAG TCC CTC CTG CTT AGG GTC GCT AAT GCT GTT TCG GTG --- --- --- AAA GGG ATT TAT AAA CAG ATG CCT GGT TGC TTT AAT TTC CTC CGG AAA AAA CTT TTC TTT AAA ACA TCA --- --- 
Rattus norvegicus                          ATG GAG GAG GCT GAC CGG CAA CTC CTG CGG CGA TGC AGG GTA CGC CTT GTG CGC GAA CTG CAA GTC GCG GAG CTG TGG GAC GCT CTG CTG AGT CGT GAG CTC TTC ACG CGC GAC ATG ATC GAG GAT ATT CAG CGG GCA GGC TCT GGG TCT CGG CGG GAT CAG GCC AGG CAG CTG GTC ATA GAT CTT GAG ACT CGA GGG AGG CAG GCC CTT CCT CGC TTC ATC TCC TGC TTA GAG GAC ACA GGC CAA GGC TCT CTG GCT TCA TTC TTG CAA AGC AGT GGG CAA GCA GCC AAG CAG GAT CCA GAA GCT GTT ACA CCC CTA GAC CAC CTG GTG CCT GTG GTC CTG GGA CCA ATG GGA CTC AAA TCA AAG GAG CAG AAA GTA GTG AAG CTG GAC CCA TCT CAG CCT GCC TTG GGA AAC CTC ACC CCA GTG GTG CTG GGG CCG GAA GAG CTC TGG CCT ACT CGG CTC AGG CCA GAG GTT CTC ACA CCA GAA ACA CCC AGG CCG GTG GAC ATT GGT TCT GGC AGA GCT CAT GAT GTC TGT ACT CCA GGG AAG ATC GAG AGA CAT GCA GAT ATG GCA TAC ACC CTG GAC TCG GAT CCC TGT GGC CAC TGC CTC ATC ATC AAC AAC GTG AAC TTC TGC CCT TCC TCA GGG CTC AGC ACA CGC ATT GGC TCC CAC GTG GAC TGT GAG AAG CTT CAG CAC CGC TTC TGC TGG CTG CGC TTC ATG GTG GAG GTG AAG AAC GAC CTG ACT GCT AAG AAA ATG GTC ACG GCT TTG ATG GAG ATG GCG CAC CGC GAC CAC CGT GCC CTG GAC TGC TTC GTG GTG GTC ATC CTC TCT CAT GGC TGC CAG GCC AGC CAC CTC CAG TTC CCG GGT GCT GTC TAT GGC ACA GAT GGA TGC TCT GTG TCC ATC GAG AGA ATT GTG AAC ATC TTC AAT GGG ACC GGC TGC CCC AGC CTG GGA GGG AAG CCC AAG CTG TTC TTC ATC CAG GCC TGT GGT GGT GAG CAG AAA GAC CAT GGC TTT GAG GTG GCC TTC ACT TCC TCT CAA GAC AAG GCC TTC GAC AGT GAC TCT GAG CCA GAT GCT GTC CCA TAC CAG GAA GGC CCA AGG ACC TTG --- --- --- --- GAC CAG CTG GAC GCA GTG TCA AGT TTG CCC ACC CCC AGT GAC ATC CTT GTG TCC TAC TCC ACC TTC CCA GGT TTT GTC TCC TGG AGA GAC AAG AAG AGC GGT TCC TGG TAC ATC GAG ACC TTG GAT GGT GTC CTG GAG CAG TGG GCT CGC TCG GAA GAC CTG CAG TCC CTC CTT CTC AGG GTC GCC AAT GCT GTT TCT GAG --- --- --- AAA GGG GTT TAT AAG CAG ATT CCT GGC TGT TTT AAC TTC CTC CGG AAG AAG CTG TTC TTT AAA ACT TCA --- --- 
Bos taurus                                 ATG AAC GAG GCT GAC CGG CTG CTC CTG CGG CGG TAC CGG GTG CGG CTG GTC GGT GAG CTG CAG GTT GCC TCG CTT TGG GAC GCT CTG CTG AGT CGC GAG CTC TTC ACT CCC GAC ATG ATC GAG GAC ATT CAG AGG GCA GGC TCA GGA TCT CGG CGC GAT CAG GCC AGG CAG CTA ATC CTA GAT CTA GAG ACT CGA GGG AGT CAG GCC CTT CCT TTG TTC ATC TCC TGC TTG GAG GAC ACA GGC CAG GAC ACT CTG GCT TCA TTA TTG AAG ACC AGC AGA CAA GCA GCA AAA CAG GAT --- --- --- --- --- --- --- --- --- --- --- --- --- --- --- --- --- --- --- --- --- --- --- --- --- --- --- --- --- --- GAC CCA TCA AAG CCG AGC CAA GGA AAA CTC GCT CCA GTG GTG CTG GGG CCG GAG GAG CTC TGG CCA GCC AAG CTC AGG CCT GAG GTT CTC AGA CCA GAG GTA CCC AGG GCA GTG GAC GCT GGT TCT GGA GGA TTC ACT GAT GTC TGT CCT CAG GAC AGA GCC AAG GGA AAT GCC GAT CTG GCC TAT GTC CTG AAT GCA GAC CCC TGT GGC CAC TGC CTG ATC ATC AAC AAC GTG AAC TTC TGC CGC GAG TCG GGG CTC AGG GCC CGC ACG GGC TCC AAC ATC GAC TGT GAG AGG ATG CGG CAA CGC TTC CAC CTG CTG CAG TTT GTG GTG GAG GTG AAA TGT GAC CTG ACT GCC AAG CAA ATG GTC CAG GCT TTG ATG CAG CTG GCG CGG CAG GAC CAC AGC GCT CTG GAC TGC TGC GTG GTG GTC ATC CTG TCT CAC GGC TGT CAG GCC AGC CAC CTC CAG TTC CCA GGG GCT GTT TAT GGC ACA GAT GGA TGT CCT GTG TCC GTC GAG AGA ATT GTG AAC ACT TTC AAT GGT ACT GGC TGC CCC AGC TTG AGA GGG AAG CCC AAG CTC TTC TTC ATC CAG GCC TGT GGT GGA GAG CAG AAA GAC CAC GGG TTT GAG GTG GAG TCC ACT TCC CCT GAA GAT AAG ACC CCC AGT AGC GAC CCT GAG GCG GAT GCT ACC CCA TTC CAG GAA GGC CCA CGT TCC ATT --- --- --- --- GAC GAG CCA GAT GCC GTG TCT AGT TTG CCC ACG CCC AGC GAC ATC TTG GTG TCC TAC TCC ACC TTC CCA GGC TTT GTC TCC TGG AGG GAT CCC AAG AGC GGC TCC TGG TAC ATC GAG ACC CTG GAC AGC ATT TTT GAG CAG TGG GCT CAC TGT GAG GAC CTT CAG ACC CTC CTC CTC AGG GTC GCT AAT GCT GTT TCA GTG --- --- --- AAA GGA ATT TAC AAA CAG ATG CCG GGC TGT TTT AAT TTC CTC CGG AAA AAA CTT TTC TTT AAA ACA --- --- --- 



Printing out site pattern counts


         7       1278  P

Mus musculus                                --- --- --- --- --- --- --- --- AAA AAA AAA AAA AAA AAA AAA AAA AAA AAC AAC AAC AAC AAC AAC AAC AAG AAG AAG AAG AAG AAG AAG AAG AAG AAG AAG AAT AAT AAT ACA ACA ACA ACA ACA ACA ACC ACC ACC ACC ACC ACC ACC ACC ACG ACG ACG ACT ACT ACT ACT AGA AGA AGC AGC AGC AGC AGC AGG AGG AGG AGG AGG AGG AGG AGG AGG AGT AGT AGT AGT AGT ATC ATC ATC ATC ATC ATC ATC ATC ATC ATG ATG ATG ATG ATG ATG ATG ATT ATT ATT ATT ATT ATT CAA CAA CAA CAA CAA CAC CAC CAC CAC CAC CAC CAG CAG CAG CAG CAG CAG CAG CAG CAG CAG CAG CAG CAG CAG CAG CAT CAT CAT CAT CCA CCA CCA CCA CCA CCA CCA CCA CCA CCA CCC CCC CCC CCC CCC CCC CCC CCC CCG CCG CCT CCT CCT CCT CCT CCT CCT CGA CGA CGA CGA CGC CGC CGC CGC CGC CGC CGG CGG CGG CGG CGG CGG CGG CGT CGT CTA CTA CTC CTC CTC CTC CTC CTC CTC CTC CTC CTC CTC CTC CTC CTC CTC CTC CTC CTC CTG CTG CTG CTG CTG CTG CTG CTG CTG CTG CTG CTG CTG CTG CTG CTG CTT CTT CTT CTT CTT GAA GAA GAA GAA GAC GAC GAC GAC GAC GAC GAC GAC GAC GAC GAC GAC GAC GAC GAC GAC GAG GAG GAG GAG GAG GAG GAG GAG GAG GAG GAG GAG GAG GAG GAG GAG GAG GAT GAT GAT GAT GAT GAT GAT GAT GAT GAT GAT GCA GCA GCA GCA GCA GCA GCC GCC GCC GCC GCC GCC GCC GCC GCC GCG GCG GCG GCT GCT GCT GCT GCT GCT GCT GCT GCT GCT GGA GGA GGA GGA GGA GGA GGA GGA GGC GGC GGC GGC GGC GGC GGC GGC GGC GGC GGC GGC GGG GGG GGG GGG GGG GGG GGG GGG GGG GGT GGT GGT GGT GGT GGT GTA GTC GTC GTC GTC GTC GTC GTC GTC GTC GTG GTG GTG GTG GTG GTG GTG GTG GTG GTG GTG GTG GTG GTG GTG GTG GTT GTT GTT GTT GTT TAC TAC TAC TAC TAT TAT TCA TCA TCA TCA TCC TCC TCC TCC TCC TCC TCC TCC TCC TCG TCG TCT TCT TCT TCT TCT TCT TCT TCT TGC TGC TGC TGC TGC TGC TGC TGC TGC TGG TGG TGG TGG TGG TGT TGT TGT TTA TTC TTC TTC TTC TTC TTC TTG TTG TTG TTG TTG TTG TTG TTT TTT TTT TTT TTT
Homo sapiens                                --- --- --- --- --- --- --- --- --- AAA AAA AAA AAA AAA AAG AAG AAG AAC AAC AAC AAT AAT GAC GGC --- --- AAA AAA AAA AAG AAG AAG AAG AGT CCC AAC AAT AAT --- ACA ACA ACA ACC ATA ACA ACC ACC ACT ACT ATC ATG TCC ACT AGG CTG ACA ACT ACT ATT --- AGA ACC ACT AGC AGC GAA AGA AGG AGG AGG AGG AGG AGT CGG GAG AGC AGT AGT AGT AGT ATC ATC ATC ATC ATC ATT ATT GTT TTG --- ATG ATG ATG CTG CTG TTG ATC ATC ATG ATT ATT GTC CAA CAG CAG CGA GAA --- CAC CAC CAC CAG CGT --- AAG CAG CAG CAG CAG CAG CAG CAG CAG CAG CAG CGG CGG TTG AAT CAC CAT GGT --- --- CCA CCA CCA CCA CCA CCG CTT TTG --- ACC CCA CCC CCC CCC CCC CCG --- CCA --- --- CCA CCC CCT CCT CGT CGA CGC CGC CGG CAC CAT CCC CGC CGG TCC AGG ATT CAG CGG CGG CGG CGG GGT TGT --- CTG --- --- CGC CTC CTC CTC CTC CTC CTC CTC CTC CTC CTG CTG CTT CTT TTG TTT --- --- --- CTC CTG CTG CTG CTG CTG CTG CTG CTG CTG CTG CTT TTT CTG CTG CTT TTG TTT GAA GAA GAA GAG --- --- AAC CAT GAC GAC GAC GAC GAC GAC GAC GAC GAG GAT GAT GGC --- --- --- CAG CGG GAA GAG GAG GAG GAG GAG GAG GAG GAG GAG GAG GAG --- AGC GAC GAC GAC GAG GAT GAT GAT GAT GAT --- GCA GCA GCA GCG GCT ACC GCA GCC GCC GCC GCC GCT GCT GCT GAC GCG GTG --- --- GCC GCC GCC GCT GCT GCT GCT TTT --- --- GAA GGA GGA GGA GGA GGC AGC CGC GAC GAC GAC GGA GGC GGC GGC GGG GGT GGT AGA GAG GGA GGC GGG GGG GGG GGG GGG AAC GGG GGG GGT GGT GGT --- --- ACC ATC GTC GTC GTC GTG GTG GTT --- --- --- ATA CTA CTG GTG GTG GTG GTG GTG GTG GTG GTG GTG GTG --- GCT GTC GTT GTT TAC TAC TAC TAT TAC TTC TCA TCG TCG TCT CCT GAG TCC TCC TCC TCC TCC TCG TCT ATG TCC CCC CCT TCG TCT TCT TCT TCT TCT TCC TGC TGC TGC TGC TGC TGC TGT TGT --- TCG TGG TGG TGG GGT TGC TGT TTA TTC TTC TTC TTC TTC TTT ATC CCT CTG CTG TTC TTG TTG TGC TTC TTT TTT TTT
Danio rerio                                 ACA AGC ATA CAG GCC GCG TCA TCT CAG AAA AAA AAG CAG CGC AAG ATA GAG AAC AAC CCA AAC AAT GAT AGG --- --- AAA CTT GTA AAA AAA AAG CGC AGG ACA AAC AAT GAT --- ACT AGC GTT GAC AAA ACG AAA AAT ACA ACG AAG GAT ATA AAG ACT CAC TCT AAA GAT CTG --- AGA CAG AGC AGC TCT AAG CCG AGA AGG AGG GAC TTG AGT AGG TCT TCA AGT AGT ATA GCC ATA ATC ATC CTT TAC ATC ATC GTG CCA --- ATA ATG GAG GCA TTA CAG ATA GTG ATG ACA ATC ATT GGT AAT CAC CAA CAA ATC CAC CAT GTC AAG AAA --- AAT CAA CAG CGA CTT GAA GAA GAG GAG GTG TCC --- CAG CCT GAC CAT ATT GAA --- GTC ATG CCA CCA CCA CCT CCT CCA AGT CCT TCT GTG CCC CCG CCT CTG CCC AAT CCT --- CCA CAT CCC CCA CCT AAA AGA AAG AGA CGG ATC AAC CAG CGC AAC AAA GAT CGA AAA AGA CAG CGA CGT TCT TGC TCA CTC --- --- TTA ATG ATT CTA CTC CTG CTT GTC TTA TTG AAT GTC ATG GAC GCC CTC --- --- CCT GCT ATG CTC CTG CTG CTG CTT CTT CTT TAC TTG CTC CTG CTG CTG TTC CTG CTG GAA GAT TCT --- CAA CCG GAT GAC AAC AAG GAC GAC GAC GAG GAG GAT GAC CAC GAC GGG --- --- ATT GAC GAG CAG --- ACA CAG CGT GAG GAG GAT GCA GGG GGT TCT CCT GAT GAA GAT GAT AGT ACT ATA GAC GAC GAC --- --- AGT GTT GCG TGC ACT CAT GCA GCC TCT TCT AAT ACA GCT GAA AAA CAA --- TCT AAG GCA GCT GAG GCA GCA GCT TCT --- --- AAG CAG CCT CGT GGA AGC AAC AAT AAT CCA CGT CCA GGC GGC GGG GGT AGC GGG TCT ACC GCA GGT GAA GGA GGC GGC GGC GGA GGA GGT GGA GGT TAT --- --- ATT GTG ATC GTG GTT AGG CCC GTC --- CTG GTC CGG GAA TTA ACA ATC CAC GAT GTA GTC GTC GTG GTG GTT GTA AGA GTA --- GTC TAC TAC TAT TAT CAT ATG TCA CTA GAG GCA GCT GCC ACC GAC GAT TCC TCT CCA TCA GCC TCT GAC GTT TCA AAG ACA ACC AGT TCA CCA CAC CCG GAA TCC TGC TGT ACT TGC --- GCG AAC TGG TGT GTG TCT TGT CTG CTC TTC TTC TTT TTT TTT ATC GGT CTT CTT CTC ATG TTG TGT TAC TAT TTC TTT
Canis lupus familiaris                      --- --- --- --- --- --- --- --- AGA AAA AAA AAA AAA CAA AAG AAA AAG AAC AAT AAA AAT AAT GAC TGG --- GAG AAA AAA CAG AAG AAG AAG AAG ATT ACC AAC AAC AAT ACA ACA GTG ACA GCC ATA ACT GCT ACC ACC ACC GCC GCG AGC GGC ACG CAG ATG ACG GCT GTT AGA AGA ACT ATG AGC AGC CGC AGG AAG AGA AGG GGC AGG AGT CGG AGG AGC AGT AGT AGT AGC ATC ATC GTC ATA ATC ATC GTC GTG TCC ACG ATG ATG ACG GTG CTG TTG TTG GTT ATT AAT ATT ATT CAA CAG CAG ACA GAA --- CAC CAC TAC CGG CGA CTC AAG CAG CAG CAG CAG CAG CAG CAG GAG CAG CAG CAT CGG CAG AAT CAC CAT AGT CCA CCA CCA CCA CCA CCA CCG CCA CAG CCA CCC CCC CCA CCC CCC CCC CCC CCG CCG CCA --- CCT CTG CCC CCT CCC CCC CGA CGC CGC CGG CAC CGG GCC CGC CGG TGT CGG GAG CGG CGG CGG CGG AGC AGC TGC CTG CTG --- CTC CTC CTC GCC CTC CTC GTC CTG CTC CTC CTC CGC CTC CTC CTC TTG TGC --- CTT CTC CTG CTG CTG CTG CTG CTG CTG CTG TTG CTG CTG CTC TTT CTA CTG CTT CTG TTT TCG GAA GAA GCT GAT GAC GAC GCC GAC GAC AAT GAC GAT GAC GAC GAC GAG GAG GAT GGC --- GAT GAG GCG CAG GAG CAG GAG GAG GAG GAG GCG GAG GAG GAG GAG GAG AAT AAC GAC GAC GAT GAC GAC GAT GAC GAC GAT CCA GCA GGT GCA GCG GCG ACT GTA GCC GCC GCC GCC GCT GCT GCC GCC GCG CAG --- GCC GCC GCC GCT GCT GCC GCT GCT TTC AGA GGA GGA GGA CGA GGA GGA GGC GGC ACG GAT GAC GGT GGA GGC GGC GGC GGG GGC GGT GGG GAG GGG GGC AGG GGG GGA GGA GGG AGT GGG GGG GGT GGC GGT GGG GTG GTC GTC GTC GTC GTT GTC GTG GTT AAG ATG GTG GTG CCA GTG GTG GTG ACG GTG GTG GTC GTG GTA GTG GTG ACC GTT GTC GTT GTT TAC TAT TAC TAC TAT TTC --- TCA TCT TCT CCT GAG ACC TCC TCC TCC TCC TCC TCC GCA TCA TCT CCT TCG TCG GCT TCT TCT TCC TCC TGC TGT TGC TGC TGC TGC TGT TGT --- CTG TGG TGG TGG TGT TGT TGC TTG TTC TTC TTT TTC TTC TTC ATC CCT CTG TTG TTT TTG TTG TGC TAT TTT TTC TTT
Pan troglodytes                             --- --- --- --- --- --- --- --- --- AAA AAA AAA AAA GAA AAG AAG AAA AAC AAC AAC AAT AAT GAC GGC --- --- AAA AAA AAA AAG AAG AAG AAG AGT CCC AAC AAT AAT --- ACA ACA ACA ACC ATA ACA ACC ACC ACT ACT ATC ATG TCC ACT AGG CTG ACA ACT ACT ATT --- AGA ACC ACT AGC AGC GAA AGA AGG AGG AGG AGG AGG AGT CGG GAG AGC AGT AGT AGT AGT ATC ATC ATC ATC ATC ATT ATT GTT TTG --- ATG ATG ATG CTG CTG TTG ATC ATC ATG ATT ATT GTC CAA CAG CAG CGA GAA --- CAC CAC CAC CGG CGT --- AAG CAG CAG CAG CAG CAG CAG CAG CAG CAG CAG CGG CGG TTG AAT CAC CAT GGT --- --- CCA CCA CCA CCA CCA CCG CTT TTG --- ACC CCA CCC CCC CCC CCC CCG --- CCA --- --- CCA CCC CCT CCT CGT CGA CGC CGC CGG CAC CAT CCC CGC CGG TCC AGG ATT CAG CGG CGG CGG CGG GGT TGT --- CTG --- --- CGC CTC CTC CTC CTC CTC CTC CTC CTC CTC CTG CTG CTT CTT TTG TTT --- --- --- CTC CTG CTG CTG CTG CTG CTG CTG CTG CTG CTG CTT TTT CTG CTG CTT TTG TTT GAA GAA GAA GAG --- --- AAC CAT GAC GAC GAC GAC GAC GAC GAC GAC GAG GAT GAT GGC --- --- --- CAG CGG GAA GAG GAG GAG GAG GAG GAG GAG GAG GAG GAG GAG --- AGC GAC GAC GAC GAG GAT GAT GAC GAT GAT --- GCA GCA GCA GCG GCT ACC GCA GCC GCC GCC GCC GCT GCT GCT GAC GCG GTG --- --- GCC GCC GCC GCT GCT GCT GCT TTC --- --- GAA GGA GGA GGA GGA GGC AGC CGC GAC GAC GAC GGA GGC GGC GGC GGG GGT GGT AGA GAG GGA GGC GGG GGG GGG GGG GGG AAC GGG GGG GGT GGT GGT --- --- ACC ATC GTC GTC GTC GTG GTG GTT --- --- --- ATA CTA CTG GTG GTG GTG GTG GTG GTG GTG GTG GTG GTG --- GCT GTC GTT GTT TAC TAC TAC TAT TAC TTC TCA TCG TCG TCT CCT GAG TCC TCC TCC TCC TCC TCG TCT ATG TCC CCC CCT TCG TCT TCT TCT TCT TCT TCC TGC TGC TGC TGC TGC TGC TGT TGT --- TCG TGG TGG TGG GGT TGC TGT TTA TTC TTC TTC TTC TTC TTT ATC CCT CTG CTG TTC TTG TTG TGC TTC TTT TTT TTT
Rattus norvegicus                           --- --- --- --- --- --- --- --- ACA AAA AAG AAA AAA AAA AAG AGA AAG AAC CAC AAC AAC AAT GAC AAC AAG AAG AAG AAG AGG AAG AAG AAG AAG AAG AAG AAC AAC AAT AAA ACA ACA ACA ACA ATA ACC ACC ACC ACC ACT ACC TCT GCC ATT ACG ACG ACT ACT ACT GTT AAA ACA ACC AGC AGC AGC CGC AGG GAG AGA AGG AGG AGG AGG AGG AAG AGT AGT AGT AGT AGC ATC ATC ATC ATC ATC ATC ATC ATC ATC ATG ATG ATG ATG ATG ATG ATG ATT GTC ATT ATT ATT ATC CAA CAA CAA CAA CAA CAC CAC CAC CAC CAC CAC CAG CAG CAG CAG CAG CAG CAG CAG CAG CAG CAG CAG CGG CAA CAG CAT CAT CAT CAT CCA CCA CCA CCA CCA CCG CCA CCA CCA CCA CCC ACC CCG CCC CCC CCC CCC CCA CCA CCG CCT CCT CCT CCC CCT CCT CCT CGA CGT CGC CGA CGC CGC CGC CGC CGC TGC GGG CGG CGC CGG CGG CGG CGG CGT TGT CTA CTT CTC CTC CTC CTC CTC CTC CTC CTC CTC CTG CTG CTC CTC CTC CTC CTC CGC TTC CTG CTG CTG CTG CTG CTG CTG CTG CTG CTG CTG CTG CTG CTG CTG CTG CTT CTT CTT CTT CTT GAA GAA GAA GAA GAC GAC GAC GAC GAC GAC GAC GAC GAC GAC GAG GAC GAG GAC GAT GAC GAG GAG GAA GAG CAG GAG GAG GAG GAG GAG GAG GAG GAG GAA GAG GAG GAG GAT GAC GAT GAC GAT GAT GAT GAT GAT GAT GAT TCA GCA GCA GCA GCG GCA GCC GCC GCC GCC GCC GCT GCC GCC GCC GCG GCT GAG ACT GCT GCT GCA GCT GCT GCT GCT GCT GCT GGA GGA GGA GGA AGA AGA GGA GGC GGC AGC GGC GAC GGT GGC GGC GGT GGC GGC GGC GGC GGG GGG GGG GGC GGG GGG GGG GGG GGG AGT GGT GGT GGT GGT GGT GTA GTC GTC GTC GTC GTC GTC GTC GTC GTC GTG GTG GTG GTG TTG GTA GTG GTG GTG GTG GTG GTG GTG GTG GTG GTG GTT ACT GTC GTT GTT TAC TAC TAC TAT TAT TAC TCA TCT TCA TCA TCT TCC TCC TCC TCC TCC TCC TCC TCC TCG TCA TCT TCT TCT TCT TCG TCT TCT TCT TTC TGC TGC TGC TGC TGC TGC TGC TGT TGG TGG TGG TGG TGG TGT TGT TGT TTA TTC TTC TTC TTC TTC TTC GTG TTC TTG TTG TTG TTG TTG TTC TTC TTT TTT TTT
Bos taurus                                  --- --- --- --- --- --- --- --- --- AAA AAA AAA AAA CAA AGG AGA AAG AAC AAC AAA AAT AAT GAC TGT --- --- AAA AAA AGG AAA AAG AAG AAA AGA CCC AAC AAC AAT --- ACA GTA ACA GCC CTA ACG GCT ACC ACC ACT GTC ACT ACC ACG ACT CAG ACA ACT ACT ATT --- AGA ACT ACC AGC AGC GGT AGG AAG AGG AGG CGT AGG AGT CGG AAG AGT AGC AGT AGC AGC ATC ATC ATC ATC ACT ATC ATC ATC GCC --- ATG ATG GTG ATG CTG CTG ATT ATT ATG GCT ATT GTC CAA CAG CAG AAG GAA --- CAC CAC CAC CGG CAA --- AAG CAG CAG CAG CAG CAG GAG CAG CAG CAG CAG AGG CTG CAG AAT CAC CAC ACT --- --- GCG CCA CCT CCG CCA CCA CAG CCA --- TCC GCA CCC CCC CCC CCC CCA CCA CCA CCA --- CCG CCC CCT CCG CGC CGA CGC CGC CGG CAC CAG CCC CGC CGG CAC AGA AAG CAG CGG CGG CGG CGC AGC TGT --- CTG CTC --- CTC CTC CTC CTC CTC CTC CTG CTT CTC CTG CTC CTC CTC CTC TTG TTA --- --- --- CTG CTG CTG CTA CTG CTT CCA CTG TTG CTG CTG CTT TTT CTA CTC CTT ATG TTG GAG GAG GAA GAG GAC --- GAC GAC GAC GAC GAT GAC GAC GAC AAC GAC GAG GAC GAT AGT GAG --- --- TCG CGG GAG GAG GAG GAG GAG GAG GAG GAG GAG GAG GAG CAG GAT AAT GAC GAT GAC GAC GAT GAT GAT GAT GAT --- GCA GCC GCA GCG GCC AGC GCA GCC GCC GAG GCC GCT GCT GCC GCC GCT GTG GCC --- GCT GCC GCT GCT GCT GCT GCT TTC --- --- GGA AGA GGA GGA GGA GGC GGC AGG GAC GAT AGC GGA GGC GGC GGC GGG GGC GGC GGG GAC GGA GGC GGG GGG GGA GGT GGG AGC GGA GGG GGT GGC GGT --- --- ACC ATC GTC GTC GTT GTC GTT GTC --- --- --- GTG CAA GTG GTG GTG GTG GTG GTG GTC GTG GTG GTG GTG --- CCT GTC GTT GTT TAT TAC TAC TAC TAT TTC --- TCA TCA TCT CCT GAG ACC TCC TCC TCC TCC TCC TCC GCA TCG CCT CCT TCA TCA TGT TCT TCT TCT TCC TAC TGT TGC TGC TGC TGC TGT TGT TGG CTG TGG TGG TGG TGT TGT TGT TTG TTC TTC TTC TTC TTT TTC ATC CCC TTG CTG ATT TTG TTG TGC TTC TTT TTT TTT



    1    1    1    1    1    1    1    2    1    1    1    1    1    1    1
    1    1    2    1    1    1    1    1    1    1    1    1    1    1    1
    1    2    1    1    1    1    1    1    1    1    1    1    1    1    1
    1    1    1    1    1    1    1    1    1    1    1    1    1    1    1
    1    1    1    1    1    1    1    1    1    1    1    1    1    1    1
    1    1    1    1    1    1    2    1    1    1    1    1    1    1    1
    1    2    1    1    1    1    1    1    1    1    1    1    1    1    1
    1    1    1    1    1    1    1    1    1    1    3    2    1    1    1
    1    1    1    1    1    1    1    1    1    1    1    1    1    1    1
    1    1    1    1    1    1    1    1    1    1    2    1    1    1    1
    1    1    1    1    1    1    1    1    1    1    1    1    1    1    1
    1    1    1    1    1    1    1    2    1    1    1    1    1    1    1
    1    1    1    1    1    1    1    1    1    1    1    1    1    1    1
    1    1    1    1    1    1    1    1    1    1    1    1    1    3    1
    1    2    1    1    1    1    1    1    1    1    1    1    1    1    1
    1    1    1    1    1    2    1    1    1    4    1    1    1    1    1
    1    1    1    1    1    1    1    1    1    4    1    1    1    1    1
    1    1    1    1    1    1    1    1    1    1    1    1    1    1    1
    1    1    1    1    1    1    2    1    1    1    1    1    1    1    1
    1    1    1    1    1    1    1    2    1    1    1    1    1    1    1
    1    1    1    1    1    1    1    1    1    3    1    1    1    1    1
    1    1    1    1    1    1    1    1    1    1    1    1    1    1    1
    1    1    1    1    1    1    1    1    1    1    1    1    1    1    1
    1    1    2    1    1    1    1    2    1    1    2    1    1    1    1
    1    1    1    1    1    1    1    1    1    1    1    1    1    1    1
    1    3    1    1    1    1    1    1    1    1    1    1    1    1    1
    1    1    1    1    1    2    1    1    1    1    1    1    2    1    1
    1    1    1    1    3    1    4    1    1    1    1    1    1    1    1
    1    1    1    1    1    2

CODONML (in paml version 4.4b, July 2010)  torun.nuc
Model: One dN/dS ratio for branches Global clock 
Codon frequency model: F3x4
ns =   7  ls = 463

Codon usage in sequences
--------------------------------------------------------------------------------------------------------------
Phe TTT  6  9  8  7  8  4 | Ser TCT  8  7 17  5  7 10 | Tyr TAT  2  1  4  3  1  2 | Cys TGT  3  4  4  6  4  5
    TTC 11 13  6 13 14 16 |     TCC 11 11  5 11 11 10 |     TAC  4  4  5  4  4  4 |     TGC 10  9  5 10  9  9
Leu TTA  1  1  4  0  1  1 |     TCA  4  1  7  2  1  5 | *** TAA  0  0  0  0  0  0 | *** TGA  0  0  0  0  0  0
    TTG  7  8  5  8  8  6 |     TCG  2  5  0  3  5  2 |     TAG  0  0  0  0  0  0 | Trp TGG  6  4  2  5  4  6
--------------------------------------------------------------------------------------------------------------
Leu CTT  5  5 11  2  5  6 | Pro CCT  7  5 10  5  5  6 | His CAT  4  3  5  2  3  4 | Arg CGT  2  2  4  0  2  2
    CTC 18 10  7 14 10 14 |     CCC  9  9  5 10  9  7 |     CAC  6  5  6  4  5  7 |     CGC  6  5  3  5  5  9
    CTA  2  1  2  1  1  1 |     CCA 10  8 12 12  8 11 | Gln CAA  5  1  7  2  1  6 |     CGA  4  2  3  3  2  2
    CTG 19 24 13 22 24 21 |     CCG  2  2  4  3  2  3 |     CAG 18 18 13 21 17 17 |     CGG  8 11  2 12 12  7
--------------------------------------------------------------------------------------------------------------
Ile ATT  6  6  5  4  6  5 | Thr ACT  4  6  5  3  6  6 | Asn AAT  3  5 10  8  5  2 | Ser AGT  5  6  7  6  6  5
    ATC 10 11 12  6 11 11 |     ACC  8  7  3  6  7  7 |     AAC  8  7 10  5  7  7 |     AGC  5  5  6  7  5  5
    ATA  0  2  8  2  2  1 |     ACA  6  5  8  4  5  6 | Lys AAA  9  8 13  8  8  6 | Arg AGA  2  3  7  5  3  4
Met ATG  8  7  9  6  7  8 |     ACG  3  0  2  6  0  2 |     AAG 12  9 13 10  8 15 |     AGG  9  7  6  5  7  7
--------------------------------------------------------------------------------------------------------------
Val GTT  5  4  6  7  4  4 | Ala GCT 11 10  5 11 10 11 | Asp GAT 11  7 17  8  6 10 | Gly GGT  6  8  7  5  8  7
    GTC  9  5 10 10  5 11 |     GCC 10  8  7 16  8 10 |     GAC 20 20 17 20 21 21 |     GGC 14  9  7 13  9 12
    GTA  1  0  4  2  0  2 |     GCA  6  4  9  3  4  5 | Glu GAA  4  7  9  3  8  6 |     GGA  8  6  5  8  6  5
    GTG 19 16  9 18 16 18 |     GCG  3  2  3  6  2  2 |     GAG 20 20 14 21 20 21 |     GGG  9  8  4  8  8  9
--------------------------------------------------------------------------------------------------------------

--------------------------------------------------
Phe TTT  6 | Ser TCT  4 | Tyr TAT  2 | Cys TGT  9
    TTC 13 |     TCC 10 |     TAC  4 |     TGC  6
Leu TTA  1 |     TCA  4 | *** TAA  0 | *** TGA  0
    TTG  7 |     TCG  2 |     TAG  0 | Trp TGG  5
--------------------------------------------------
Leu CTT  4 | Pro CCT  6 | His CAT  0 | Arg CGT  1
    CTC 13 |     CCC  9 |     CAC  7 |     CGC  5
    CTA  3 |     CCA  9 | Gln CAA  4 |     CGA  1
    CTG 18 |     CCG  3 |     CAG 20 |     CGG  9
--------------------------------------------------
Ile ATT  5 | Thr ACT  8 | Asn AAT  5 | Ser AGT  4
    ATC 10 |     ACC  6 |     AAC  6 |     AGC  9
    ATA  0 |     ACA  3 | Lys AAA  9 | Arg AGA  5
Met ATG  6 |     ACG  2 |     AAG  9 |     AGG  8
--------------------------------------------------
Val GTT  4 | Ala GCT 12 | Asp GAT 10 | Gly GGT  4
    GTC  8 |     GCC 12 |     GAC 20 |     GGC 11
    GTA  1 |     GCA  5 | Glu GAA  2 |     GGA  8
    GTG 16 |     GCG  2 |     GAG 22 |     GGG  6
--------------------------------------------------

Codon position x base (3x4) table for each sequence.

#1: Mus musculus   
position  1:    T:0.16520    C:0.27533    A:0.21586    G:0.34361
position  2:    T:0.27974    C:0.22907    A:0.27753    G:0.21366
position  3:    T:0.19383    C:0.35022    A:0.13656    G:0.31938
Average         T:0.21292    C:0.28488    A:0.20999    G:0.29222

#2: Homo sapiens   
position  1:    T:0.18510    C:0.26683    A:0.22596    G:0.32212
position  2:    T:0.29327    C:0.21635    A:0.27644    G:0.21394
position  3:    T:0.21154    C:0.33173    A:0.11779    G:0.33894
Average         T:0.22997    C:0.27163    A:0.20673    G:0.29167

#3: Danio rerio    
position  1:    T:0.16514    C:0.24541    A:0.28440    G:0.30505
position  2:    T:0.27294    C:0.23394    A:0.32798    G:0.16514
position  3:    T:0.28670    C:0.26147    A:0.22477    G:0.22706
Average         T:0.24159    C:0.24694    A:0.27905    G:0.23242

#4: Canis lupus familiaris
position  1:    T:0.17303    C:0.26517    A:0.20449    G:0.35730
position  2:    T:0.27416    C:0.23820    A:0.26742    G:0.22022
position  3:    T:0.18427    C:0.34607    A:0.12360    G:0.34607
Average         T:0.21049    C:0.28315    A:0.19850    G:0.30787

#5: Pan troglodytes
position  1:    T:0.18510    C:0.26683    A:0.22356    G:0.32452
position  2:    T:0.29327    C:0.21635    A:0.27404    G:0.21635
position  3:    T:0.20673    C:0.33654    A:0.12019    G:0.33654
Average         T:0.22837    C:0.27324    A:0.20593    G:0.29247

#6: Rattus norvegicus
position  1:    T:0.17621    C:0.27093    A:0.21366    G:0.33921
position  2:    T:0.28414    C:0.22687    A:0.28194    G:0.20705
position  3:    T:0.19604    C:0.35242    A:0.13436    G:0.31718
Average         T:0.21880    C:0.28341    A:0.20999    G:0.28781

#7: Bos taurus     
position  1:    T:0.17258    C:0.26478    A:0.22459    G:0.33806
position  2:    T:0.27187    C:0.22931    A:0.28369    G:0.21513
position  3:    T:0.19858    C:0.35225    A:0.13002    G:0.31915
Average         T:0.21434    C:0.28211    A:0.21277    G:0.29078

Sums of codon usage counts
------------------------------------------------------------------------------
Phe F TTT      48 | Ser S TCT      58 | Tyr Y TAT      15 | Cys C TGT      35
      TTC      86 |       TCC      69 |       TAC      29 |       TGC      58
Leu L TTA       9 |       TCA      24 | *** * TAA       0 | *** * TGA       0
      TTG      49 |       TCG      19 |       TAG       0 | Trp W TGG      32
------------------------------------------------------------------------------
Leu L CTT      38 | Pro P CCT      44 | His H CAT      21 | Arg R CGT      13
      CTC      86 |       CCC      58 |       CAC      40 |       CGC      38
      CTA      11 |       CCA      70 | Gln Q CAA      26 |       CGA      17
      CTG     141 |       CCG      19 |       CAG     124 |       CGG      61
------------------------------------------------------------------------------
Ile I ATT      37 | Thr T ACT      38 | Asn N AAT      38 | Ser S AGT      39
      ATC      71 |       ACC      44 |       AAC      50 |       AGC      42
      ATA      15 |       ACA      37 | Lys K AAA      61 | Arg R AGA      29
Met M ATG      51 |       ACG      15 |       AAG      76 |       AGG      49
------------------------------------------------------------------------------
Val V GTT      34 | Ala A GCT      70 | Asp D GAT      69 | Gly G GGT      45
      GTC      58 |       GCC      71 |       GAC     139 |       GGC      75
      GTA      10 |       GCA      36 | Glu E GAA      39 |       GGA      46
      GTG     112 |       GCG      20 |       GAG     138 |       GGG      52
------------------------------------------------------------------------------

(Ambiguity data are not used in the counts.)


Codon position x base (3x4) table, overall

position  1:    T:0.17444    C:0.26511    A:0.22733    G:0.33311
position  2:    T:0.28121    C:0.22733    A:0.28417    G:0.20729
position  3:    T:0.21091    C:0.33311    A:0.14126    G:0.31472
Average         T:0.22219    C:0.27519    A:0.21759    G:0.28504

Codon frequencies under model, for use in evolver (TTT TTC TTA TTG ... GGG):
  0.01064079  0.01680649  0.00712701  0.01587832
  0.00860214  0.01358655  0.00576156  0.01283621
  0.01075267  0.01698319  0.00000000  0.00000000
  0.00784386  0.01238889  0.00000000  0.01170470
  0.01617160  0.02554206  0.01083145  0.02413146
  0.01307330  0.02064849  0.00875626  0.01950814
  0.01634163  0.02581061  0.01094533  0.02438517
  0.01192089  0.01882832  0.00798440  0.01778849
  0.01386710  0.02190224  0.00928793  0.02069265
  0.01121032  0.01770602  0.00750847  0.01672817
  0.01401290  0.02213252  0.00938559  0.02091021
  0.01022213  0.01614523  0.00684659  0.01525358
  0.02031971  0.03209375  0.01360977  0.03032131
  0.01642668  0.02594494  0.01100229  0.02451209
  0.02053335  0.03243118  0.01375287  0.03064011
  0.01497866  0.02365789  0.01003244  0.02235134



Nei & Gojobori 1986. dN/dS (dN, dS)
(Pairwise deletion)
(Note: This matrix is not used in later ML. analysis.
Use runmode = -2 for ML pairwise comparison.)

Mus musculus        
Homo sapiens         0.2537 (0.1324 0.5218)
Danio rerio          0.2246 (0.5128 2.2833)-1.0000 (0.5079 -1.0000)
Canis lupus familiaris 0.3087 (0.1642 0.5318) 0.3203 (0.1423 0.4445) 0.1810 (0.5336 2.9485)
Pan troglodytes      0.2533 (0.1344 0.5304) 0.2175 (0.0021 0.0098)-1.0000 (0.5093 -1.0000) 0.3224 (0.1411 0.4377)
Rattus norvegicus    0.2809 (0.0448 0.1594) 0.2726 (0.1318 0.4835) 0.2406 (0.5223 2.1709) 0.2964 (0.1605 0.5414) 0.2652 (0.1338 0.5045)
Bos taurus           0.2395 (0.1416 0.5910) 0.2124 (0.1045 0.4922) 0.1476 (0.5054 3.4246) 0.3598 (0.1243 0.3456) 0.2078 (0.1034 0.4975) 0.2654 (0.1402 0.5281)


TREE #  1:  ((((2, 5), (1, 6)), (7, 4)), 3);   MP score: -1
lnL(ntime:  6  np:  8):  -5826.855850      +0.000000
   8..9     9..10   10..11   11..2    11..5    10..12   12..1    12..6     9..13   13..7    13..4     8..3  
 1.679043 0.395095 0.366259 0.006568 0.105910 0.296280 2.273292 0.239284
SEs for parameters:
 0.096655 0.016372 0.019916 0.002992 0.011056 0.020954 0.171204 0.017055

tree length =   4.52820

((((2: 0.006568, 5: 0.006568): 0.359692, (1: 0.105910, 6: 0.105910): 0.260349): 0.028835, (7: 0.296280, 4: 0.296280): 0.098814): 1.283949, 3: 1.679043);

((((Homo sapiens: 0.006568, Pan troglodytes: 0.006568): 0.359692, (Mus musculus: 0.105910, Rattus norvegicus: 0.105910): 0.260349): 0.028835, (Bos taurus: 0.296280, Canis lupus familiaris: 0.296280): 0.098814): 1.283949, Danio rerio: 1.679043);

Detailed output identifying parameters

kappa (ts/tv) =  2.27329

omega (dN/dS) =  0.23928

dN & dS for each branch

 branch          t       N       S   dN/dS      dN      dS  N*dN  S*dS

   8..9      1.284  1028.5   360.5  0.2393  0.2345  0.9800 241.2 353.3
   9..10     0.029  1028.5   360.5  0.2393  0.0053  0.0220   5.4   7.9
  10..11     0.360  1028.5   360.5  0.2393  0.0657  0.2745  67.6  99.0
  11..2      0.007  1028.5   360.5  0.2393  0.0012  0.0050   1.2   1.8
  11..5      0.007  1028.5   360.5  0.2393  0.0012  0.0050   1.2   1.8
  10..12     0.260  1028.5   360.5  0.2393  0.0475  0.1987  48.9  71.6
  12..1      0.106  1028.5   360.5  0.2393  0.0193  0.0808  19.9  29.1
  12..6      0.106  1028.5   360.5  0.2393  0.0193  0.0808  19.9  29.1
   9..13     0.099  1028.5   360.5  0.2393  0.0180  0.0754  18.6  27.2
  13..7      0.296  1028.5   360.5  0.2393  0.0541  0.2261  55.7  81.5
  13..4      0.296  1028.5   360.5  0.2393  0.0541  0.2261  55.7  81.5
   8..3      1.679  1028.5   360.5  0.2393  0.3066  1.2815 315.4 462.0

tree length for dN:       0.8270
tree length for dS:       3.4561


Time used:  0:11
