
seed used = 1418852453
      8   1110

Mus musculus                               ATG GTG --- ATG GAG GTG GGC ATC CTG GAC GCC GGG GGG CTG CGC GCG CTG CTG CGA GAG GGC GCC GCG CAG TGC CTG TTG TTG GAT TGT CGC TCC TTC TTC GCT TTC AAC GCC GGC CAC ATC GCG GGC TCA GTG AAC GTG CGC TTC AGC ACC ATC GTG CGG CGC CGC GCC AAG GGC GCC ATG GGC CTG GAG CAT ATC GTG CCC AAC GCT GAA CTG CGT GGC CGC CTG CTG GCC GGA GCC TAC CAC GCC GTG GTG CTG CTG GAC GAG CGC AGC GCC TCC CTG GAC GGC GCC AAG CGC GAC GGC ACC CTG GCC CTG GCC GCG GGC GCG CTC TGC CGA GAG GCG CGC TCC ACT CAA GTC TTC TTT CTC CAA GGA GGA TAT GAA GCG TTT TCG GCT TCC TGC CCT GAG CTG TGC AGC AAA CAG TCC ACC CCC ACG GGG CTC AGC CTC CCC CTG AGT --- ACT AGT GTG CCT GAC AGT GCA GAA TCC GGA TGC AGC TCC TGT AGT ACC CCT CTC TAC GAT CAG GGG GGC CCA GTG GAG ATC CTG TCC TTC CTG TAC CTG GGC AGT GCC TAT CAC GCT TCT CGG AAG GAT ATG CTT GAC GCC TTG GGC ATC ACC GCC TTG ATC AAC GTC TCA GCC AAT TGT CCT AAC CAC TTT GAG GGT CAC TAC CAG TAC AAG AGC ATC CCT GTG GAG GAC AAC CAC AAG GCA GAC ATC AGC TCC TGG TTC AAC GAG GCT ATT GAC TTC ATA GAC TCC ATC AAG GAT GCT GGA GGG AGA GTG TTT GTT CAT TGC CAG GCC GGC ATC TCC CGG TCA GCC ACC ATC TGC CTT GCT TAC CTC ATG AGG ACT AAC CGG GTA AAG CTG GAC GAG GCC TTT GAG TTT GTG AAG CAG AGG CGG AGT ATC ATC TCC CCG AAC TTC AGC TTC ATG GGC CAG CTG CTG CAG TTT GAG TCC CAA GTG CTA GCC CCT CAC --- TGC TCT GCT GAA GCT GGG AGC CCT GCC ATG GCT GTC CTT GAC CGG GGC ACC TCT ACT ACC ACA GTC TTC AAC TTC CCT GTT TCC ATC CCC GTC CAC CCC ACG AAC AGT GCC CTG AAC TAC CTT AAA AGC CCC ATC ACC ACC TCT CCA AGC TGC 
Canis lupus familiaris                     ATG GTC --- ATG GAC GTG GGC GCC CTG GAC GCC GGA GGC CTG CGG ACG CTG CTC CGG GAG CGC GCG GCG CAG TGC CTG CTG CTG GAC TGC CGC TCC TTC TTC GCT TTC AAC GCG GGC CAC ATC GCC GGC TCC GTC AAC GTG CGC TTC AGC ACC ATC GTG CGG CGC CGG GCC AAG GGC GCC ATG GGC CTG GAG CAC ATC GTG CCC AAC GCC GAG CTG CGC GGC CGC CTG CTG GCC GGC GCC TAC CAC GCC GTG GTG CTG CTG GAC GAG CGC AGC GCC GCC CTG GAC GGC GCC AAG CGC GAC GGC ACC CTG GCC CTG GCC GCG GGC GCG CTC TGC CGC GAG GCG CGC GCC GCG CGA GTC TTC TTC CTC AAA GGA GGC TAT GAA GCT TTC TCA GCT TCC TGC CCG GAG CTG TGC AGC AAA CAG TCG ACC CCC ATG GGG CTC AGC CTT CCT CTG AGT --- ACT AGC GTC CCT GAC AGC ACC GAA TCC GGG TGC AGT TCT TGC AGC ACC CCA CTC TAT GAC CAG GGT GGC CCG GTG GAG ATC CTC CCC TTT CTG TAC CTG GGC AGT GCC TAT CAT GCT TCC CGC AAA GAC ATG CTG GAC GCC TTG GGC ATC ACT GCC TTG ATC AAC GTC TCA GCC AAT TGT CCC AAT CAT TTT GAG GGT CAC TAC CAG TAC AAG AGC ATC CCC GTG GAA GAC AAC CAT AAG GCG GAC ATC AGC TCC TGG TTC AAC GAG GCT ATT GAC TTC ATA GAC TCC ATC AAG AAT GCT GGA GGA AGG GTG TTT GTC CAC TGC CAG GCA GGC ATT TCC CGA TCA GCC ACC ATC TGC CTC GCT TAC CTC ATG AGG ACT AAC CGA GTC AAG CTG GAT GAG GCC TTT GAG TTT GTG AAG CAG AGA AGA AGC ATC ATT TCC CCC AAC TTC AGC TTC ATG GGC CAA CTG CTG CAG TTT GAG TCC CAA GTC CTG GCT CCA CAC --- TGC TCA GCA GAG GCC GGG AGC CCT GCC ATG GCT GTG CTG GAC CGC AGC ACC TCC ACC ACT ACC GTC TTC AAC TTC CCT GTC TCC ATC CCC GTC CAC TCC ACG AAC AGT GCG TTG AGC TAC CTG CAG AGC CCC ATT ACG ACC TCT CCC AGC TGC 
Homo sapiens                               ATG GTC --- ATG GAA GTG GGC ACC CTG GAC GCT GGA GGC CTG CGG GCG CTG CTG GGG GAG CGA GCG GCG CAA TGC CTG CTG CTG GAC TGC CGC TCC TTC TTC GCT TTC AAC GCC GGC CAC ATC GCC GGC TCT GTC AAC GTG CGC TTC AGC ACC ATC GTG CGG CGC CGG GCC AAG GGC GCC ATG GGC CTG GAG CAC ATC GTG CCC AAC GCC GAG CTC CGC GGC CGC CTG CTG GCC GGC GCC TAC CAC GCC GTG GTG TTG CTG GAC GAG CGC AGC GCC GCC CTG GAC GGC GCC AAG CGC GAC GGC ACC CTG GCC CTG GCG GCC GGC GCG CTC TGC CGC GAG GCG CGC GCC GCG CAA GTC TTC TTC CTC AAA GGA GGA TAC GAA GCG TTT TCG GCT TCC TGC CCG GAG CTG TGC AGC AAA CAG TCG ACC CCC ATG GGG CTC AGC CTT CCC CTG AGT --- ACT AGC GTC CCT GAC AGC GCG GAA TCT GGG TGC AGT TCC TGC AGT ACC CCA CTC TAC GAT CAG GGT GGC CCG GTG GAA ATC CTG CCC TTT CTG TAC CTG GGC AGT GCG TAT CAC GCT TCC CGC AAG GAC ATG CTG GAT GCC TTG GGC ATC ACT GCC TTG ATC AAC GTC TCA GCC AAT TGT CCC AAC CAT TTT GAG GGT CAC TAC CAG TAC AAG AGC ATC CCT GTG GAG GAC AAC CAC AAG GCA GAC ATC AGC TCC TGG TTC AAC GAG GCC ATT GAC TTC ATA GAC TCC ATC AAG AAT GCT GGA GGA AGG GTG TTT GTC CAC TGC CAG GCA GGC ATT TCC CGG TCA GCC ACC ATC TGC CTT GCT TAC CTT ATG AGG ACT AAT CGA GTC AAG CTG GAC GAG GCC TTT GAG TTT GTG AAG CAG AGG CGA AGC ATC ATC TCT CCC AAC TTC AGC TTC ATG GGC CAG CTG CTG CAG TTT GAG TCC CAG GTG CTG GCT CCG CAC --- TGT TCG GCA GAG GCT GGG AGC CCC GCC ATG GCT GTG CTC GAC CGA GGC ACC TCC ACC ACC ACC GTG TTC AAC TTC CCC GTC TCC ATC CCT GTC CAC TCC ACG AAC AGT GCG CTG AGC TAC CTT CAG AGC CCC ATT ACG ACC TCT CCC AGC TGC 
Rattus norvegicus                          ATG GTG --- ATG GAG GTG GGC ATC CTG GAC GCC GGG GGG CTG CGC GCG CTG CTG CGA GAG CGC GCC GCT CAG TGC CTG CTT CTG GAT TGT CGC TCC TTC TTC GCC TTC AAC GCC GGC CAC ATC GTG GGC TCA GTG AAC GTG CGC TTC AGC ACC ATC GTG CGG CGC CGC GCC AAG GGC GCC ATG GGC CTG GAG CAT ATC GTG CCG AAC ACC GAA CTG CGC GGC CGC CTG CTG GCC GGA GCC TAT ACG CCC GTA GTG CTG CTG GAC GAA CGC AGC GCC GCC CTG GAC GGC CGC AAG CGC GAC GGC ACC CTG GCC CTG GCC GCG GGC GCG CTC TGC CGA GAA GCG CGC TCC ACT CAA GTC TTC TTC CTC CAA GGA GGA TAT GAA GCG TTT TCG GCT TCC TGC CCT GAG CTG TGC AGC AAA CAG TCC ACC CCC ATG GGG CTC AGC CTC CCG CTG AGT --- ACT AGT GTG CCT GAC AGT GCA GAA TCC GGA TGC AGC TCC TGT AGC ACC CCT CTC TAC GAC CAG GGG GGC CCA GTG GAG ATC CTG TCC TTC CTG TAC CTG GGC AGT GCT TAC CAT GCT TCC CGG AAA GAT ATG CTC GAC GCC TTG GGT ATC ACT GCT TTG ATC AAC GTC TCG GCC AAT TGT CCT AAC CAC TTT GAG GGT CAC TAC CAG TAC AAG AGC ATC CCT GTG GAG GAC AAC CAC AAG GCA GAC ATT AGC TCC TGG TTC AAC GAG GCG ATT GAC TTT ATA GAC TCC ATC AAG GAT GCT GGA GGA AGG GTG TTT GTG CAC TGC CAG GCC GGC ATC TCC AGG TCA GCC ACC ATC TGC CTT GCT TAC CTC ATG AGG ACT AAC CGA GTG AAG CTG GAC GAG GCC TTT GAG TTC GTG AAG CAG AGG CGG AGT ATT ATC TCC CCC AAC TTC AGC TTC ATG GGC CAG CTG CTG CAA TTT GAG TCC CAA GTA CTG GCC CCT CAC --- TGT TCT GCA GAA GCT GGG AGC CCG GCC ATG GCT GTC CTT GAC CGG GGC ACC TCT ACT ACA ACG GTC TTC AAC TTC CCT GTC TCC ATC CCT GTT CAC CCC ACG AAC AGT GCC CTG AAC TAC CTT CAA AGC CCC ATC ACA ACC TCT CCG AGC TGC 
Gallus gallus                              ATG GTG AAC CTG CGG GTG TGT GCG CTG GAG TGC GAG GCG CTG CGG GGG CTG CTG CAG GAG CGC GCC GCG CAG TGC CTC GTC CTC GAC TGC CGC TCC TTC TTC TCC TTC AAC GCC GCG CAC ATC CGC GGC TCC TGC AAC GTG CGC CTC AGC ACT ATC GTC CGC CGC CGC GCC AAG GGC GTG CTG GCC CTG GAG CAC GTC GTC CCT AAC GAG GAG CTC CGC ACC CGG CTG CGC CAG GGG CAA GTC CAC ACC GTG GTG CTG CTG GAC GAG CGC AGC GCC GAC CTG GAG CTG CCC AAG CGC GAC AGC ACG CTG CTG CTG GCC CTC GGC ACG CTG TGC AGA GAG GCC CGC GGA GCC CGC ATC TGC TTC CTC AAG GGA GGT TAC GAA GCG TTC TCG GCC GCC TGC TCC GAG CTG TGC ACC AAA CCC GCC GCC CCT ACC GGT CTC AGC CTG CCC CTC AGC GCC AGC AGC GCT CCC GGC AGC GCC GAC TCG GGG TGC AGC TCC TGC GGT ACC CCT CTG TAC GAC CAG GGC GGG CCG GTG GAG ATC CTG CCG TTC CTG TAC CTG GGC AGC GCG TAC CAC GCC TCC CGC AAG GAC ATG CTG GAT GCG CTG GGC ATC ACG GCG CTG ATC AAC GTG TCG GCC AAC TGC CCC AAC CAC TTC GAG GGG CAC TAC CAG TAC AAA AGC ATC CCG GTG GAG GAC AAC CAC AAA GCG GAT ATC AGC TCC TGG TTT AAC GAG GCG ATT GAC TTC ATA GAT TCT GTT AAA AAT GAT GGA GGA AGG GTA TTT GTG CAC TGC CAG GCT GGC ATT TCC CGG TCG GCG ACC ATC TGC CTT GCT TAT CTC ATG AGG ACC AAC AGA GTC AAG CTG GAT GAA GCC TTT GAG TTT GTG AAG CAG AGA AGG AGC ATC ATC TCC CCA AAC TTC AGC TTC ATG GGG CAG CTG CTG CAG TTC GAG TCG CAG GTC CTT GCC CCC AAC --- TGC TCA GCA GAA GCT GGG AGC CCT GCT ATG TCA GTA TTG GAC AGA GGA GCA TCG ACC ACC ACA GTC TTT AAC TTC CCA GTC TCC ATC CCT GTT CAC ACC TCA TCC AGT GCT TTA AGC TAC CTT CAG AGC CCC ATC ACC ACC TCC CCG AGC TGC 
Bos taurus                                 ATG GTC --- ATG GAA GTG GTC TCT CTG GAC GCC GGA GGC CTC CGG ACG CTG CTG AGG GAG CGC GCG GCG CAG TGC TTG CTG TTG GAC TGT CGC TCC TTC TTC GCT TTC AAC GCC GGC CAC ATC GCC GGC TCG GTC AAC GTG CGC TTC AGC ACC ATC GTG CGT CGG CGG GCC AAG GGC GCC ATG GGT CTG GAG CAC ATC GTG CCC AAC GCC GAG CTG CGC GGC CGC CTG CTG GCC GGC GCC TAC CAC GCC GTG GTG CTG CTG GAC GAG CGC AGC GCC GCG CTG GAC AGC GCC AAG CGC GAC GGC ACC CTG GCC CTG GCC GCC GGG GCG CTC TGC CGC GAG GCG CGC AGC GCG CAA ATC TTT TTG CTC AAA GGA GGA TAT GAA GCT TTT TCT GCT TCC TAC CCG GAG CTG TGC AGC AAA CAG TCG ACC CCC ATG GGG CTC AGC CTT CCC CTG AGT --- ACT AGT GTC CCT GAC AGC GCT GAA TCG GGG TGC AGT TCC TGC AGC ACC CCG CTC TAC GAT CAG GGT GGC CCA GTA GAG ATC CTG CCC TTT CTG TAC CTG GGC AGT GCC TAT CAT GCT TCC CGC AAG GAC ATG CTG GAT GCC TTG GGC ATC ACT GCC TTG ATC AAC GTC TCT GCG AAC TGT CCC AAC CAT TTC GAG GGT CAC TAC CAG TAC AAG AGC ATC CCC GTG GAG GAC AAC CAC AAG GCG GAC ATC AGC TCC TGG TTC AAT GAG GCA ATT GAC TTC ATA GAC TCC ATC AAG AAT GCT GGT GGA AGG GTG TTT GTG CAC TGC CAG GCG GGC ATT TCC CGA TCG GCC ACC ATC TGC CTC GCT TAC CTC ATG AGG ACT AAT CGA GTC AAG CTG GAT GAG GCC TTT GAG TTT GTG AAG CAG AGG AGA AGC ATC ATC TCC CCC AAC TTC AGC TTC ATG GGC CAG CTG CTG CAG TTT GAG TCG CAG GTC CTG GCC CCC CAC --- TGC TCG GCA GAG GCG GGG AGC CCC GCC ATG GCT GTG CTT GAC TGC AGC ACC TCC ACC ACC ACC GTC TTC AAC TTC CCG GTC TCC ATT CCC GTC CAC CCC ACA AAC AGT GCA TTG AGC TAC CTT CAG AGC CCT ATC ACG ACC TCT CCC AGC TGC 
Danio rerio                                ATG GTC ATC ATG GAA GTG CCC ACT ATC GAT TCG GCC TCA CTT CGG GAT ATG TTG GAG GGA GAC GAC CCG GAT TGT TTG GTT TTG GAC TGT CGC TCC TTC TTT TCT TTC AGC GTA TCT CAC ATT TCG GGC TCC AGT AAT GTG CGC TTC AGT ACT ATC GTG CGC CGG AGG GCC AGA GGG GGG CTT GGG CTT GAG CAC ATT GTG CCC AAC GAG GAC ACC AGG AAC AGG CTT CTG TCC GGG GAA TAC CAG AGT GTC GTT TTC CTG GAT GAC CAC AGT CTA GAG ATG GGA GAA GTG AAG AAA GAC GGG ACT TTA ATG CTC GCT GTG AAC GCG TTG TGC CGC AAA CAA TGT GGA GCA AGT GTA TAC CTT CTT AAA GGT GGA TTT GAC ACA TTT TCC GCT GAG TTT CCT GAA AAG TGT ACA AAG ACC GTC CCC CCA CAA GGC TTG AGT TTA CCT CTG AGC TCC AAC TGC CAT TCA AAC ACC GCT GAT TCC TCC TGT AAC ACA TGT ACA ACC CCT CTG TAT GAT CAG GGT GGC CCT GTA GAA ATC CTG CCT TTC CTA TAT TTG GGC AGT GCT TAT CAC GCT TCC AGA AAA GAC ATG CTG GAC ATG TTG GGG ATC ACC GCT CTT ATT AAC GTC TCT TCC AAC TGT CCC AAC CAC TTT GAA GAC CAC TAC CAG TAC AAA AGC ATT CCA GTT GAA GAC AAC CAC AAG GCT AAC ATC AGT TCC TGG TTC AAC GAG GCC ATC GAA TTT ATT GAT TCT GTA CGG AAT AAA GGT GGA CGT GTC TTT GTT CAC TGC CAA GCG GGA ATC TCG CGC TCT GCC ACC ATC TGT CTG GCT TAT CTG ATG CGC ACC AAC CGC GTC AAA CTG GAA GAG GCC TTC GAA TTC GTT AAA CAG CGA CGC AGC ATC ATC TCG CCC AAC TTC AGC TTC ATG GGC CAG CTT TTA CAA TTC GAG TCG CAA GTT CTG GCC TCC TCT ACG TGT TCC TCA GAA GCA GGA AGC CCC GCC ATT GGC --- --- --- --- --- --- AAG AAC AGC ACT GTG TTC AAC TTC --- --- --- --- CCC GTC CAC ACA GCG GCC AGT CCT CTT TCC TTC CTG CAG AGT CCC ATC ACT ACC TCA CCC TCC TGC 
Pan troglodytes                            ATG GTC --- ATG GAA GTG GGC ACC CTG GAC GCT GGA GGC CTG CGG GCG CTG CTG GGG GAG CGA GCG GCG CAA TGC CTG CTG CTG GAC TGC CGC TCC TTC TTC GCT TTC AAC GCC GGC CAC ATC GCC GGC TCT GTC AAC GTG CGC TTC AGC ACC ATC GTG CGG CGC CGG GCC AAG GGC GCC ATG GGC CTG GAG CAC ATC GTG CCC AAC GCC GAG CTC CGC GGC CGC CTG CTG GCC GGC GCC TAC CAC GCC GTG GTG TTG CTG GAC GAG CGC AGC GCC GCC CTG GAC GGC GCC AAG CGC GAC GGC ACC CTG GCC CTG GCG GCC GGC GCG CTC TGC CGC GAG GCG CGC GCC GCG CAA GTC TTC TTC CTC AAA GGA GGA TAC GAA GCG TTT TCG GCT TCC TGC CCG GAG CTG TGC AGC AAA CAG TCG ACC CCC ATG GGG CTC AGC CTT CCC CTG AGT --- ACT AGC GTC CCT GAC AGC GCG GAA TCT GGG TGC AGT TCC TGC AGT ACC CCA CTC TAC GAT CAG GGT GGC CCG GTG GAA ATC CTG CCC TTT CTG TAC CTG GGC AGT GCG TAT CAC GCT TCC CGC AAG GAC ATG CTG GAT GCC TTG GGC ATC ACT GCC TTG ATC AAC GTC TCA GCC AAT TGT CCC AAC CAT TTT GAG GGT CAC TAC CAG TAC AAG AGC ATC CCT GTG GAG GAC AAC CAC AAG GCA GAC ATC AGC TCC TGG TTC AAC GAG GCC ATT GAC TTC ATA GAC TCC ATC AAG AAT GCT GGA GGA AGG GTG TTT GTC CAC TGC CAG GCA GGC ATT TCC CGG TCA GCC ACC ATC TGC CTT GCT TAC CTT ATG AGG ACT AAT CGA GTC AAG CTG GAC GAG GCC TTT GAG TTT GTG AAG CAG AGG CGA AGC ATC ATC TCT CCC AAC TTC AGC TTC ATG GGC CAG CTG CTG CAG TTT GAG TCC CAG GTG CTG GCC CCG CAC --- TGC TCG GCA GAG GCT GGG AGC CCC GCC ATG GCT GTG CTC GAC CGA GGC ACC TCC ACC ACC ACC GTG TTC AAC TTC CCC GTC TCC ATC CCT GTC CAC TCC ACA AAC AGT GCG CTG AGC TAC CTT CAG AGC CCC ATT ACG ACC TCT CCC AGC TGC 



Printing out site pattern counts


         8       1008  P G
G 2      167    169

Mus musculus                                --- --- AAA AAC AAC AAC AAG AAG ACC ACC ACC ACC ACG ACT ACT AGC AGC AGC AGT AGT AGT AGT ATC ATC ATC ATC ATG ATG ATG CAA CAA CAC CAC CAG CAG CAG CAT CCA CCC CCC CCC CCT CCT CCT CGA CGA CGC CGC CGC CGC CGC CGC CGC CGC CGG CGT CTC CTC CTC CTC CTC CTG CTG CTG CTG CTG CTG CTG CTG CTG CTG CTG CTG CTG CTG GAA GAA GAA GAC GAC GAC GAC GAC GAG GAG GAG GAG GAG GAG GAT GAT GCA GCC GCC GCC GCC GCC GCC GCC GCC GCC GCC GCC GCC GCG GCG GCG GCG GCG GCG GCG GCT GCT GCT GGA GGA GGA GGA GGC GGC GGC GGC GGC GGC GGC GGC GGC GGC GGC GGG GGG GGG GGG GTC GTG GTG GTG GTG GTG GTG GTG GTG TAC TAC TAT TCA TCC TCC TCC TCC TCC TCC TCC TCG TGC TGC TGC TGT TGT TTC TTC TTC TTC TTG TTG TTT TTT --- AAA AAC AAC AAC AAC AAC AAC AAG AAG AAG AAG AAG AAT ACA ACC ACC ACC ACC ACC ACG ACT ACT AGA AGC AGC AGC AGG AGG AGT AGT AGT ATA ATC ATC ATC ATC ATC ATC ATC ATC ATG ATG ATT CAA CAC CAC CAC CAC CAC CAG CAG CAG CAG CAT CCA CCC CCC CCC CCG CCT CCT CCT CCT CCT CGG CGG CGG CGG CGG CTA CTC CTG CTG CTG CTG CTG CTG CTG CTT CTT CTT CTT GAA GAC GAC GAC GAC GAC GAC GAC GAG GAG GAG GAG GAG GAT GAT GCA GCC GCC GCC GCC GCC GCC GCC GCC GCC GCC GCT GCT GCT GCT GCT GCT GCT GGA GGC GGC GGC GGC GGC GGG GGG GGT GTA GTC GTC GTC GTC GTG GTG GTG GTT GTT TAC TAC TAC TAC TAT TCA TCA TCC TCC TCC TCC TCC TCC TCC TCT TCT TCT TCT TGC TGC TGC TGG TGT TTC TTC TTC TTC TTG TTG TTT TTT TTT TTT TTT
Canis lupus familiaris                      --- --- AAA AAC AAC AAC AAG AAG ACC ACC ACC ACC ATG ACT GCG AGC AGC AGT AGC AGC AGC AGT ATC ATC ATC GCC ATG ATG ATG AAA CGA CAC CAC CAG CAG CAG CAC CCG CCC CCC CCT CCA CCG CCT CGC CGG CGC CGC CGC CGC CGC CGC CGG CGG CGG CGC CTC CTC CTC CTC CTT CTC CTG CTG CTG CTG CTG CTG CTG CTG CTG CTG CTG CTG CTG GAA GAA GAG GAC GAC GAC GAC GAC GAC GAG GAG GAG GAG GAG GAC GAC ACC GCC GCC GCC GCC GCC GCC GCC GCC GCC GCC GCG GCG ACG GCC GCG GCG GCG GCG GCT GCC GCT GCT GGA GGC GGC GGG CGC GGC GGC GGC GGC GGC GGC GGC GGC GGC GGC GGA GGC GGG GGT GTC GTC GTC GTC GTG GTG GTG GTG GTG TAC TAT TAT TCC GCC GCC TCC TCC TCC TCG TCT TCA TGC TGC TGC TGC TGC TTC TTC TTC TTC CTG CTG TTC TTC --- CAG AAC AAC AAC AAC AAT AGC AAA AAG AAG AAG AAG AAT ACC ACC ACC ACG ACT ACT ACG ACC ACT AGG AGC AGC AGC AGA AGG AGC AGT AGT ATA ATC ATC ATC ATC ATC ATT ATT ATT ATG ATG ATT CAA CAC CAC CAT CAT CAT CAA CAG CAG CAG CAC CCC CCC CCC TCC CCC CCA CCC CCC CCT CCT AGA CGA CGA CGC CGC CTG CTC CTC CTG CTG CTG CTG CTG TTG CTC CTG CTG CTG GAG GAC GAC GAC GAC GAC GAC GAT GAA GAG GAG GAG GAG AAT GAC GCG GCA GCC GCC GCC GCC GCC GCC GCC GCG GCT GCA GCC GCT GCT GCT GCT GCT GGA AGC GGC GGC GGC GGC GGA GGG GGT GTC GTC GTC GTC GTG GTC GTG GTG GTC GTC TAC TAC TAC TAC TAT TCA TCA CCC TCC TCC TCC TCC TCC TCC TCA TCC TCC TCT TGC TGC TGC TGG TGT TTC TTC TTC TTT TTG TTG TTT TTT TTT TTT TTT
Homo sapiens                                --- --- AAA AAC AAC AAC AAG AAG ACC ACC ACC ACC ATG ACT GCG AGC AGC AGT AGC AGC AGT AGT ATC ATC ATC ACC ATG ATG ATG AAA CAA CAC CAC CAA CAG CAG CAC CCG CCC CCC CCC CCA CCG CCT CGC GGG CGC CGC CGC CGC CGC CGC CGG CGG CGG CGC CTC CTC CTC CTC CTT CTG CTC CTG CTG CTG CTG CTG CTG CTG CTG CTG CTG CTG TTG GAA GAA GAG GAC GAC GAC GAC GAC GAA GAG GAG GAG GAG GAG GAC GAT GCG GCC GCC GCC GCC GCC GCC GCC GCC GCG GCT GCC GCG GCG GCC GCC GCG GCG GCG GCG GCC GCT GCT GGA GGA GGC GGG CGA GGC GGC GGC GGC GGC GGC GGC GGC GGC GGC GGA GGC GGG GGT GTC GTC GTC GTC GTG GTG GTG GTG GTG TAC TAC TAC TCT GCC GCC TCC TCC TCT TCG TCC TCG TGC TGC TGC TGC TGC TTC TTC TTC TTC CTG CTG TTC TTT --- CAG AAC AAC AAC AAT AAC AGC AAG AAG AAG AAG AAG AAT ACC ACC ACC ACG ACC ACT ACG ACC ACT AGG AGC AGC AGC AGG AGG AGC AGT AGT ATA ATC ATC ATC ATC ATC ATC ATT ATT ATG ATG ATT CAG CAC CAC CAC CAC CAT CAG CAG CAG CAG CAC CCC CCC CCT TCC CCC CCG CCC CCT CCC CCC CGA CGA CGG CGA CGC CTG CTT CTG CTG CTG CTG CTG CTG CTG CTT CTC CTG CTT GAG GAC GAC GAC GAC GAC GAT GAC GAG GAA GAG GAG GAG AAT GAC GCA GCA GCC GCC GCC GCC GCC GCC GCG GCG GCT GCA GCT GCC GCT GCT GCT GCT GGA GGC GGC GGC GGC GGC GGA GGG GGT GTC GTC GTC GTG GTG GTG GTG GTG GTC GTC TAC TAC TAC TAC TAT TCA TCA CCC TCC TCC TCC TCC TCC TCT TCG TCC TCC TCT TGC TGC TGT TGG TGT TTC TTC TTC TTT TTG TTG TTT TTT TTT TTT TTT
Rattus norvegicus                           --- --- AAA AAC AAC AAC AAG AAG ACC ACC ACC ACC ATG ACT ACT AGC AGC AGC AGT AGT AGC AGT ATC ATC ATC ATC ATG ATG ATG CAA CAA ACG CAC CAG CAG CAG CAT CCA CCC CCG CCG CCT CCT CCT CGA CGA CGC CGC CGC CGC CGC CGC CGC CGC CGG CGC CTC CTC CTC CTC CTC CTG CTG CTG CTG CTG CTG CTG CTG CTG CTG CTG CTG CTG CTG GAA GAA GAA GAC GAC GAC GAC GAC GAG GAA GAA GAG GAG GAG GAT GAC GCA CCC CGC GCC GCC GCC GCC GCC GCC GCC GCC GCC GCC GCG GTG GCG GCG GCG GCT GCG ACC GCC GCT GGA GGA GGA GGA CGC GGC GGC GGC GGC GGC GGC GGC GGC GGC GGC GGG GGG GGG GGG GTC GTG GTG GTG GTA GTG GTG GTG GTG TAT TAC TAT TCA GCC TCC TCC TCC TCC TCC TCC TCG TGC TGC TGC TGT TGT TTC TTC TTC TTC CTG CTT TTC TTT --- CAA AAC AAC AAC AAC AAC AAC AAA AAG AAG AAG AAG AAT ACG ACC ACC ACA ACA ACT ACG ACT ACT AGG AGC AGC AGC AGG AGG AGT AGT AGT ATA ATC ATC ATC ATC ATT ATC ATC ATC ATG ATG ATT CAA CAC CAC CAC CAT CAC CAG CAA CAG CAG CAC CCG CCC CCT CCC CCC CCT CCT CCT CCG CCT CGG CGA AGG CGG CGG CTG CTC CTG CTG CTG CTG CTG CTG CTG CTT CTT CTC CTT GAA GAC GAC GAC GAC GAC GAC GAC GAG GAG GAG GAG GAG GAT GAT GCA GCC GCC GCC GCC GCC GCC GCT GCT GCC GCC GCA GCT GCG GCT GCT GCT GCT GGA GGC GGC GGC GGC GGT GGA GGG GGT GTG GTC GTT GTC GTC GTA GTG GTG GTC GTG TAC TAC TAC TAC TAC TCA TCG TCC TCC TCC TCC TCC TCC TCC TCT TCC TCT TCT TGC TGC TGT TGG TGT TTC TTC TTT TTC TTG TTG TTC TTT TTT TTT TTT
Gallus gallus                               AAC GCC AAA AAC AAC AAC AAG AAG ACC ACG ACT GCC ACC AGC GCC ACC AGC AGC AGC AGC GGT AGC ATC ATC GTC GCG ATG CTG CTG AAG CGC CAC CAC CAG CAG CCC CAC CCG CCT CCT CCC CCT TCC CCC AGA CAG CGC CGC CGC CGC CGC CGG CGC CGG CGC CGC CTC CTC CTG CTG CTG CTG CTC CGC CTC CTC CTG CTG CTG CTG CTG CTG CTG CTG CTG GAA GAC GAG GAC GAC GAG GAG GGC CGG GAG GAG GAG GAG GAG GAC GAC GCC ACC CCC CAA CAG CTG GCC GCC GTG GCC TGC GCC GCC GGG CGC CTC ACG GCC GCG GCG GAG TCC GCC GGA GGT GGG GGG CGC ACC AGC CTG GCC GCG GGC GGC GGC GGG TGT GAG GCG GGT GGC ATC GCT GTG TGC GTG GTC GTG GTG GTG GTC TAC TAC TCC GAC GGA GCC TCC TCG GCC TCC TCG TGC TGC TGC TGC TGC CTC TGC TTC TTC CTC GTC TTC TTC --- CAG AAC AAC TCC AAC AAC AGC AAG AAA AAA AAA AAG AAC ACA ACC GCA ACC ACC ACG TCA ACC ACC AGG AGC AGC AGC AGA AGG AGC AGC AGT ATA ATC ATC ATC GTT ATC ATC ATC ATT ATG ATG ATT CAG AAC CAC CAC CAC CAC CAG CAG CAG CAG CAC CCG CCC CCT ACC CCA CCC CCC CCG CCT CCA AGG AGA CGG AGA CGC CTT CTC CTG CTG CTG CTG CTG CTG TTA CTT TTG CTG CTT GAA GAC GAC GAC GAT GAT GAT GAT GAG GAG GAA GAG GAG AAT GAC GCG GCT GCC GCC GCG GCG GCT GCG GCG GCT GCC GCA GCT GCG GAT GCC GCT TCA GGA GGA GGC GGC GGG GGC GGA GGG GGG GTC GTG GTT GTC GTA GTC GTA GTG GTC GTG TAC TAC TAC TAT TAC TCG TCG CCG TCC TCC TCC TCG TCT TCC TCA TCC TCG TCC TGC TGC TGC TGG TGC TTC TTT TTC TTC CTG CTG TTT TTC TTC TTT TTT
Bos taurus                                  --- --- AAA AAC AAC AAC AAG AAG ACC ACC ACC ACC ATG ACT GCG AGC AGC AGT AGC AGT AGC AGT ATC ATC ATC TCT ATG ATG ATG AAA CAA CAC CAC CAG CAG CAG CAC CCA CCC CCC CCC CCG CCG CCT CGC AGG CGC CGC CGC CGC CGG CGC CGG CGG CGT CGC CTC CTC CTC CTC CTT CTG CTG CTG CTG TTG CTC CTG CTG CTG CTG CTG CTG CTG CTG GAA GAA GAG GAC GAC GAC GAC GAC GAA GAG GAG GAG GAG GAG GAC GAT GCT GCC GCC GCC GCC GCC GCC GCC GCC GCC GCC GCC GCG ACG GCC GCC GCG GCG GCG GCT GCC GCT GCT GGA GGA GGC GGG CGC GGC GGC AGC GGT GGC GGC GGC GGG GGC GTC GGA GGC GGG GGT ATC GTC GTC GTC GTG GTG GTA GTG GTG TAC TAC TAT TCG GCG AGC TCC TCC TCG TCG TCC TCT TAC TGC TGC TGC TGT TTC TTT TTC TTC TTG CTG TTG TTT --- CAG AAC AAT AAC AAT AAC AGC AAG AAG AAG AAG AAG AAC ACC ACC ACC ACG ACC ACT ACA ACC ACT AGG AGC AGC AGC AGG AGG AGC AGT AGT ATA ATC ATC ATT ATC ATC ATC ATC ATT ATG ATG ATT CAG CAC CAC CAC CAT CAT CAG CAG CAG CAG CAC CCC CCT CCC CCC CCC CCC CCC CCC CCC CCG AGA CGA CGA TGC CGC CTG CTC CTG CTG CTG CTG CTG CTG TTG CTC CTT CTG CTT GAG GAC GAC GAC GAC GAC GAT GAT GAG GAG GAG GAG GAG AAT GAC GCG GCG GCC GCG GCC GCC GCC GCC GCC GCA GCC GCA GCG GCA GCT GCT GCT GCT GGT AGC GGC GGC GGC GGC GGA GGG GGT GTC GTC GTC GTC GTG GTC GTG GTG GTC GTG TAC TAC TAC TAC TAT TCG TCT CCC TCC TCC TCC TCG TCC TCC TCG TCC TCC TCT TGC TGC TGC TGG TGT TTC TTC TTC TTT TTG TTG TTT TTC TTT TTT TTT
Danio rerio                                 ATC TCC AAG AAC AAT AGC AAG AGA ACC ACT ACT CCC CAA AAC GCA ACA AGT AAC ACC TGC ACA AGC ATC ATT ATT ACT ATG ATG CTT AAA AGT CAG CAC GAT CAG ACC CAC CCT CCA CCC CCT CCT CCT TCA CGC GAG AAA CAC CGC TGT CGG AGG AGG CGG CGC AGG CTT TTG CTG TTG TTA TTG ACC CTG CTG TTG CTT AAG ATC ATG CTC CTG CTT TTA TTC GAC GAT GAC GAC GAT GAT GGA AAC GAA AAA GAC GAA GAG GGA GAC GAT GCT AGT GTG GAA TCC ATG CTA GCC GGG GCT TCG GTA GAC GAT TCG GTG GCG CAA CCG ACA GAG TCT GCT GGT GGA GGG TCC GAC AAC GGG GAA GGG TCT GGC GGG AAC GGC CCC GCC TCA GGC GGT GTA CAT GTC AGT GTC GTG GTA GTG GTT TAC TAT TTT TCC GAG GGA GAG TCC TCC GTC ACA TCC TTT TGC TGT TGT TGT TTC TAC TTC TTT TTG GTT CTT TTT ACG CAG AAC AAC GCC AAC AAC TCC AAA AAA AAG CGG AAA AAC ACT ACC --- ACT AGC ACC GCG AAC ACC CGT AGC AGT TCC CGA CGC AGC AGT AGT ATT ATC ATT --- GTA ATC ATC ATC ATC ATG ATT ATC CAA TCT CAC CAC CAC CAC CAG CAA CAA CAG CAC CCC CCC CCC ACA CCC TCC CCC CCA CCC --- CGC CGC CGC --- AGA CTG CTG CTG CTA CTG CTT TTA TTG CTT CTG --- CTG CTG GAA --- GAA GAC AAC GAT GAC GAA GAA GAA GAG GAA GAG AAT GAC GCT GCG GCC TCC ATG GCC GCC GCT GCT CCT GCC TCA GCA GCC AAA GCT GCT GGC GGT --- GGA GGC GGC GGG GGA GGA GAC GTC GTC GTC GTG --- GTT GTC GTT --- GTT TAC TAT TTC TAT TAT TCT TCT CCT --- TCC TCG TCG TCT TCG TCC TCC AAG TCA TGC TGT TGT TGG TGT TTC TTC TTT TTC CTT TTG TTC TTT TTC TTC TTT
Pan troglodytes                             --- --- AAA AAC AAC AAC AAG AAG ACC ACC ACC ACC ATG ACT GCG AGC AGC AGT AGC AGC AGT AGT ATC ATC ATC ACC ATG ATG ATG AAA CAA CAC CAC CAA CAG CAG CAC CCG CCC CCC CCC CCA CCG CCT CGC GGG CGC CGC CGC CGC CGC CGC CGG CGG CGG CGC CTC CTC CTC CTC CTT CTG CTC CTG CTG CTG CTG CTG CTG CTG CTG CTG CTG CTG TTG GAA GAA GAG GAC GAC GAC GAC GAC GAA GAG GAG GAG GAG GAG GAC GAT GCG GCC GCC GCC GCC GCC GCC GCC GCC GCG GCT GCC GCG GCG GCC GCC GCG GCG GCG GCG GCC GCT GCT GGA GGA GGC GGG CGA GGC GGC GGC GGC GGC GGC GGC GGC GGC GGC GGA GGC GGG GGT GTC GTC GTC GTC GTG GTG GTG GTG GTG TAC TAC TAC TCT GCC GCC TCC TCC TCT TCG TCC TCG TGC TGC TGC TGC TGC TTC TTC TTC TTC CTG CTG TTC TTT --- CAG AAC AAC AAC AAT AAC AGC AAG AAG AAG AAG AAG AAT ACC ACC ACC ACG ACC ACT ACA ACC ACT AGG AGC AGC AGC AGG AGG AGC AGT AGT ATA ATC ATC ATC ATC ATC ATC ATT ATT ATG ATG ATT CAG CAC CAC CAC CAC CAT CAG CAG CAG CAG CAC CCC CCC CCT TCC CCC CCG CCC CCT CCC CCC CGA CGA CGG CGA CGC CTG CTT CTG CTG CTG CTG CTG CTG CTG CTT CTC CTG CTT GAG GAC GAC GAC GAC GAC GAT GAC GAG GAA GAG GAG GAG AAT GAC GCA GCA GCC GCC GCC GCC GCC GCC GCG GCG GCC GCA GCT GCC GCT GCT GCT GCT GGA GGC GGC GGC GGC GGC GGA GGG GGT GTC GTC GTC GTG GTG GTG GTG GTG GTC GTC TAC TAC TAC TAC TAT TCA TCA CCC TCC TCC TCC TCC TCC TCT TCG TCC TCC TCT TGC TGC TGC TGG TGT TTC TTC TTC TTT TTG TTG TTT TTT TTT TTT TTT



    1    1    1    1    1    1    1    1    1    1    1    1    1    1    1
    1    3    1    1    1    1    1    1    1    1    1    1    1    1    1
    1    1    1    1    1    1    1    1    1    1    1    1    1    1    1
    1    1    1    2    1    1    1    1    1    1    1    1    1    1    1
    1    1    1    1    1    1    1    1    1    2    1    1    2    1    1
    1    1    1    1    1    1    1    1    1    1    1    1    1    1    1
    1    1    1    1    1    1    1    1    1    1    1    1    1    1    1
    1    1    1    1    1    1    1    1    1    1    1    1    1    1    1
    1    1    1    1    1    1    1    1    1    1    1    1    1    1    1
    1    1    1    2    1    2    1    1    1    1    1    1    1    1    1
    1    1    1    1    1    1    3    1    1    1    1    2    1    1    1
    1    1    1    1    4    1    1    1    1    1    1    1    1    1    2
    1    1    2    1    1    1    1    1    1    1    1    3    2    1    1
    1    1    1    1    1    3    2    1    1    2    1    1    1    3    1
    1    1    1    2    1    1    1    1    1    1    2    1    1    1    1
    1    1    1    1    1    1    1    1    1    1    1    1    1    1    1
    1    1    1    1    1    1    1    1    1    1    1    1    1    1    1
    1    1    1    1    1    1    2    2    1    1    1    1    1    1    1
    1    1    1    1    1    1    1    1    1    1    1    1    1    1    1
    1    1    1    1    1    1    1    1    1    1    1    1    1    1    2
    1    1    2    1    1    1    1    1    1    1    1    1    1    1    1
    1    1    1    1    1    2    1    1    1    1    3    2    1    1    1
    1    1    1    1    1    1

CODONML (in paml version 4.4b, July 2010)  torun.nuc
Model: One dN/dS ratio for branches Global clock  (2 genes: diff. rate & k&w)  
Codon frequency model: F3x4
ns =   8  ls = 370

Codon usage in sequences
--------------------------------------------------------------------------------------------------------------
Phe TTT  7  6  7  6  5  7 | Ser TCT  4  2  4  3  1  4 | Tyr TAT  2  3  1  2  1  2 | Cys TGT  3  1  2  4  1  2
    TTC 12 13 12 13 12 11 |     TCC 14 13 11 14 12 10 |     TAC  7  6  8  7  7  8 |     TGC  9 11 10  8 15 10
Leu TTA  0  0  0  0  1  0 |     TCA  3  4  2  2  3  0 | *** TAA  0  0  0  0  0  0 | *** TGA  0  0  0  0  0  0
    TTG  4  3  3  2  1  6 |     TCG  1  1  3  2  6  6 |     TAG  0  0  0  0  0  0 | Trp TGG  1  1  1  1  1  1
--------------------------------------------------------------------------------------------------------------
Leu CTT  4  1  4  4  3  3 | Pro CCT  8  4  3  8  5  2 | His CAT  2  3  1  2  0  2 | Arg CGT  1  0  0  0  0  1
    CTC  6  8  6  7  9  7 |     CCC  6  9 10  5  7 12 |     CAC  8  7  9  7  9  8 |     CGC  9 12 10 12 14 10
    CTA  1  0  0  0  0  0 |     CCA  2  2  1  1  2  1 | Gln CAA  3  2  2  5  1  1 |     CGA  2  3  4  3  0  2
    CTG 23 26 25 25 28 23 |     CCG  1  2  3  4  4  3 |     CAG  8  8  9  7 11 10 |     CGG  6  4  4  4  4  3
--------------------------------------------------------------------------------------------------------------
Ile ATT  1  4  3  3  2  3 | Thr ACT  4  4  3  5  1  3 | Asn AAT  1  3  3  1  1  3 | Ser AGT  7  4  5  6  1  5
    ATC 16 12 13 14 13 14 |     ACC 10 10 11  8 12 10 |     AAC 12 10 10 12 13 10 |     AGC 11 16 14 12 18 17
    ATA  1  1  1  1  1  1 |     ACA  1  0  0  2  1  1 | Lys AAA  2  3  2  2  4  2 | Arg AGA  1  2  0  0  4  1
Met ATG  7  8  8  8  5  8 |     ACG  2  3  2  3  3  2 |     AAG  8  7  8  7  6  8 |     AGG  2  2  3  4  3  4
--------------------------------------------------------------------------------------------------------------
Val GTT  2  0  0  1  2  0 | Ala GCT 10  9  9  9  6  8 | Asp GAT  4  1  2  3  5  3 | Gly GGT  1  2  2  2  3  4
    GTC  5 11  9  5  9 10 |     GCC 22 23 21 20 18 21 |     GAC 12 15 13 13 10 12 |     GGC 16 17 17 14  8 12
    GTA  1  0  0  2  2  1 |     GCA  2  2  3  3  2  3 | Glu GAA  4  3  4  6  3  3 |     GGA  5  4  5  6  5  4
    GTG 14 11 13 15 11 11 |     GCG  7  9 11  6 11 10 |     GAG 13 13 13 11 16 14 |     GGG  6  3  4  5  7  4
--------------------------------------------------------------------------------------------------------------

--------------------------------------------------------------
Phe TTT  7  7 | Ser TCT  6  4 | Tyr TAT  4  1 | Cys TGT  9  1
    TTC 14 12 |     TCC 14 11 |     TAC  4  8 |     TGC  4 11
Leu TTA  3  0 |     TCA  4  2 | *** TAA  0  0 | *** TGA  0  0
    TTG  7  3 |     TCG  5  3 |     TAG  0  0 | Trp TGG  1  1
--------------------------------------------------------------
Leu CTT  9  4 | Pro CCT  6  3 | His CAT  1  1 | Arg CGT  1  0
    CTC  1  6 |     CCC  9 10 |     CAC  9  9 |     CGC  8 10
    CTA  2  0 |     CCA  2  1 | Gln CAA  5  2 |     CGA  1  4
    CTG 11 25 |     CCG  1  3 |     CAG  6  9 |     CGG  3  4
--------------------------------------------------------------
Ile ATT  6  3 | Thr ACT  5  3 | Asn AAT  2  3 | Ser AGT 10  5
    ATC 12 13 |     ACC  8 11 |     AAC 16 10 |     AGC  7 14
    ATA  0  1 |     ACA  5  1 | Lys AAA  8  2 | Arg AGA  2  0
Met ATG  9  8 |     ACG  1  1 |     AAG  5  8 |     AGG  3  3
--------------------------------------------------------------
Val GTT  6  0 | Ala GCT  8  8 | Asp GAT  7  2 | Gly GGT  3  2
    GTC  7  9 |     GCC  8 22 |     GAC 11 13 |     GGC  6 17
    GTA  4  0 |     GCA  2  3 | Glu GAA 11  4 |     GGA  7  5
    GTG  7 13 |     GCG  3 11 |     GAG  8 13 |     GGG  6  4
--------------------------------------------------------------

Codon position x base (3x4) table for each sequence.

#1: Mus musculus   
position  1:    T:0.18256    C:0.24523    A:0.23433    G:0.33787
position  2:    T:0.28338    C:0.26431    A:0.23433    G:0.21798
position  3:    T:0.16621    C:0.47684    A:0.07629    G:0.28065
Average         T:0.21072    C:0.32879    A:0.18165    G:0.27884

#2: Canis lupus familiaris
position  1:    T:0.17439    C:0.24796    A:0.24251    G:0.33515
position  2:    T:0.28338    C:0.26431    A:0.22888    G:0.22343
position  3:    T:0.12807    C:0.52589    A:0.07084    G:0.27520
Average         T:0.19528    C:0.34605    A:0.18074    G:0.27793

#3: Homo sapiens   
position  1:    T:0.17439    C:0.24796    A:0.23433    G:0.34332
position  2:    T:0.28338    C:0.26431    A:0.23161    G:0.22071
position  3:    T:0.13351    C:0.50136    A:0.06540    G:0.29973
Average         T:0.19709    C:0.33787    A:0.17711    G:0.28792

#4: Rattus norvegicus
position  1:    T:0.17439    C:0.25613    A:0.23978    G:0.32970
position  2:    T:0.28883    C:0.25886    A:0.23161    G:0.22071
position  3:    T:0.16076    C:0.46594    A:0.08992    G:0.28338
Average         T:0.20799    C:0.32698    A:0.18710    G:0.27793

#5: Gallus gallus  
position  1:    T:0.17886    C:0.26287    A:0.23848    G:0.31978
position  2:    T:0.28184    C:0.25474    A:0.23577    G:0.22764
position  3:    T:0.10027    C:0.50407    A:0.07859    G:0.31707
Average         T:0.18699    C:0.34056    A:0.18428    G:0.28817

#6: Bos taurus     
position  1:    T:0.18256    C:0.23978    A:0.25068    G:0.32698
position  2:    T:0.28610    C:0.26158    A:0.23433    G:0.21798
position  3:    T:0.14169    C:0.49591    A:0.05450    G:0.30790
Average         T:0.20345    C:0.33243    A:0.17984    G:0.28429

#7: Danio rerio    
position  1:    T:0.22778    C:0.20833    A:0.27500    G:0.28889
position  2:    T:0.29167    C:0.24167    A:0.26944    G:0.19722
position  3:    T:0.25000    C:0.38333    A:0.15556    G:0.21111
Average         T:0.25648    C:0.27778    A:0.23333    G:0.23241

#8: Pan troglodytes
position  1:    T:0.17439    C:0.24796    A:0.23433    G:0.34332
position  2:    T:0.28338    C:0.26431    A:0.23161    G:0.22071
position  3:    T:0.12807    C:0.50681    A:0.06812    G:0.29700
Average         T:0.19528    C:0.33969    A:0.17802    G:0.28701

Codon usage in genes
--------------------------------------------------------------
Phe TTT 11 41 | Ser TCT  9 19 | Tyr TAT  7  9 | Cys TGT 12 11
    TTC 43 56 |     TCC 38 61 |     TAC 17 38 |     TGC 48 30
Leu TTA  2  2 |     TCA  5 15 | *** TAA  0  0 | *** TGA  0  0
    TTG 12 17 |     TCG 14 13 |     TAG  0  0 | Trp TGG  0  8
--------------------------------------------------------------
Leu CTT 11 21 | Pro CCT 18 21 | His CAT  3  9 | Arg CGT  2  1
    CTC 39 11 |     CCC 23 45 |     CAC 21 45 |     CGC 75 10
    CTA  1  2 |     CCA  7  5 | Gln CAA 12  9 |     CGA  7 12
    CTG 120 66 |     CCG 12  9 |     CAG 22 46 |     CGG 20 12
--------------------------------------------------------------
Ile ATT  2 23 | Thr ACT 12 16 | Asn AAT  1 16 | Ser AGT 24 19
    ATC 27 80 |     ACC 37 43 |     AAC 28 65 |     AGC 49 60
    ATA  0  7 |     ACA  4  7 | Lys AAA 14 11 | Arg AGA  2  8
Met ATG 29 32 |     ACG  6 11 |     AAG 18 39 |     AGG  4 20
--------------------------------------------------------------
Val GTT  2  9 | Ala GCT 22 45 | Asp GAT 12 15 | Gly GGT 10  9
    GTC 26 39 |     GCC 97 58 |     GAC 50 49 |     GGC 74 33
    GTA  5  5 |     GCA  3 17 | Glu GAA 24 14 |     GGA 25 16
    GTG 60 35 |     GCG 49 19 |     GAG 49 52 |     GGG 28 11
--------------------------------------------------------------

Codon position x base (3x4) table for each gene.


Gene #1
position  1:    T:0.15527    C:0.27991    A:0.18305    G:0.38177
position  2:    T:0.27778    C:0.25356    A:0.19801    G:0.27066
position  3:    T:0.11254    C:0.49288    A:0.07906    G:0.31553
Average         T:0.18186    C:0.34212    A:0.15337    G:0.32265

Gene #2
position  1:    T:0.20956    C:0.21218    A:0.29928    G:0.27898
position  2:    T:0.29208    C:0.26457    A:0.27308    G:0.17027
position  3:    T:0.18599    C:0.47348    A:0.08513    G:0.25540
Average         T:0.22921    C:0.31674    A:0.21917    G:0.23488

Sums of codon usage counts
------------------------------------------------------------------------------
Phe F TTT      52 | Ser S TCT      28 | Tyr Y TAT      16 | Cys C TGT      23
      TTC      99 |       TCC      99 |       TAC      55 |       TGC      78
Leu L TTA       4 |       TCA      20 | *** * TAA       0 | *** * TGA       0
      TTG      29 |       TCG      27 |       TAG       0 | Trp W TGG       8
------------------------------------------------------------------------------
Leu L CTT      32 | Pro P CCT      39 | His H CAT      12 | Arg R CGT       3
      CTC      50 |       CCC      68 |       CAC      66 |       CGC      85
      CTA       3 |       CCA      12 | Gln Q CAA      21 |       CGA      19
      CTG     186 |       CCG      21 |       CAG      68 |       CGG      32
------------------------------------------------------------------------------
Ile I ATT      25 | Thr T ACT      28 | Asn N AAT      17 | Ser S AGT      43
      ATC     107 |       ACC      80 |       AAC      93 |       AGC     109
      ATA       7 |       ACA      11 | Lys K AAA      25 | Arg R AGA      10
Met M ATG      61 |       ACG      17 |       AAG      57 |       AGG      24
------------------------------------------------------------------------------
Val V GTT      11 | Ala A GCT      67 | Asp D GAT      27 | Gly G GGT      19
      GTC      65 |       GCC     155 |       GAC      99 |       GGC     107
      GTA      10 |       GCA      20 | Glu E GAA      38 |       GGA      41
      GTG      95 |       GCG      68 |       GAG     101 |       GGG      39
------------------------------------------------------------------------------

(Ambiguity data are not used in the counts.)


Codon position x base (3x4) table, overall

position  1:    T:0.18356    C:0.24463    A:0.24360    G:0.32822
position  2:    T:0.28523    C:0.25930    A:0.23712    G:0.21836
position  3:    T:0.15080    C:0.48277    A:0.08222    G:0.28420
Average         T:0.20653    C:0.32890    A:0.18765    G:0.27692


Nei & Gojobori 1986. dN/dS (dN, dS)
(Pairwise deletion)
(Note: This matrix is not used in later ML. analysis.
Use runmode = -2 for ML pairwise comparison.)

Mus musculus        
Canis lupus familiaris 0.0436 (0.0222 0.5091)
Homo sapiens         0.0352 (0.0160 0.4542) 0.0344 (0.0086 0.2488)
Rattus norvegicus    0.0724 (0.0154 0.2121) 0.0484 (0.0266 0.5494) 0.0391 (0.0203 0.5196)
Gallus gallus        0.1220 (0.1125 0.9216) 0.1161 (0.1008 0.8676) 0.1225 (0.1001 0.8171) 0.1171 (0.1132 0.9663)
Bos taurus           0.0483 (0.0265 0.5494) 0.0563 (0.0159 0.2829) 0.0553 (0.0159 0.2879) 0.0488 (0.0309 0.6333) 0.1379 (0.1128 0.8179)
Danio rerio          0.0498 (0.2192 4.3972) 0.0725 (0.2159 2.9792) 0.0808 (0.2061 2.5501)-1.0000 (0.2264 -1.0000)-1.0000 (0.2091 -1.0000) 0.0970 (0.2180 2.2465)
Pan troglodytes      0.0357 (0.0160 0.4477) 0.0337 (0.0086 0.2538) 0.0000 (0.0000 0.0108) 0.0386 (0.0203 0.5268) 0.1274 (0.1001 0.7858) 0.0585 (0.0159 0.2722) 0.0770 (0.2061 2.6749)


TREE #  1:  (((((3, 8), (1, 4)), (6, 2)), 5), 7);   MP score: -1
lnL(ntime:  7  np: 12):  -4036.019451      +0.000000
   9..10   10..11   11..12   12..13   13..3    13..8    12..14   14..1    14..4    11..15   15..6    15..2    10..5     9..7  
 1.792224 0.724058 0.185002 0.185002 0.004708 0.070659 0.133638 1.172624 1.705799 0.074472 2.690011 0.011963
SEs for parameters:
 0.209740 0.073717 0.018463 0.019496 0.002969 0.009460 0.016803 0.117146 0.244497 0.009578 0.476945 0.001957
Note: Branch length is defined for the first gene (site partition).
For other genes, look at "rates for genes".

tree length =   4.88751 (1st gene)

(((((3: 0.004708, 8: 0.004708): 0.180294, (1: 0.070659, 4: 0.070659): 0.114343): 0.000000, (6: 0.133638, 2: 0.133638): 0.051364): 0.539055, 5: 0.724058): 1.068166, 7: 1.792224);

(((((Homo sapiens: 0.004708, Pan troglodytes: 0.004708): 0.180294, (Mus musculus: 0.070659, Rattus norvegicus: 0.070659): 0.114343): 0.000000, (Bos taurus: 0.133638, Canis lupus familiaris: 0.133638): 0.051364): 0.539055, Gallus gallus: 0.724058): 1.068166, Danio rerio: 1.792224);

Detailed output identifying parameters

rates for 2 genes:     1  1.17262

gene # 1: kappa =   1.70580 omega =   0.07447
gene # 2: kappa =   2.69001 omega =   0.01196

Time used:  0:27
