
seed used = 1418809361
      4   2829

Bos taurus                                 ATG GGA GAG AGA GGC GAG ACA GCG AGC GAC ACG GAC AGC CCG GCA GTG CCC ATG GAG GCA GAA GAC GTC GCC CGA GGG --- GCG GCC CCG GGG CCC CCC CGA CCC GGC CTG GCG CCC GTC AGC ATC ATT GGG GCA GAG GAC GAG GAT TTT GAG ATT GAG TTG AAG ACG AAC CCT GAG GAA CAA AAC AAC CAG TTC CAG AAC CTG GAT CAG GTG AAG CGG CGC CCG GCC CAC CTC ATG GCC CTC CTG CAG CAC GTG GCC ATG CAG TTT GAG CCG GGA CCC CTG CTC TGC TGC CTG CAT GCG GAC ATG CTG GGC TCC CTG GGC CCC AAG GAG TTC AAG AAA GCC TTC ATC GAC TTC TAC CAC AGC TTC CTG GAT AAG CAC TCG ATT CTA CGA GTG ATG GTC CCT CCT GCC GTG GCC TTT GAA CTT GAC CGC ACG CGG CCT GAC CTC TTT CCT GAG GAT CTC CAG CGG CAG TTC GTG CAG GAG GTG GTG CAG AGC CAG CAG GTA GCC GTG GTC CGG CAG CTG GAG GAC TTC CGC TCC AAG AAG CTC ATG GGC ATG ACA CCC TGG GAG CAG GAG CTG GTC CAG CTG GGG GCC TGG GTG GCG CGG GAC CGT GCC AGC TAC GAG GCC CGG GAG CGG CAC CTG GCT GAG CGG CAA CTG ACC CAC CTG GAG GAG ATG CAG CAC ACC ATC TCT AAC GAT GAG GAG AAG AGC GCC GCC GTG GTC AAC GCC ATC AGC ATG TAC ATG CGG CAC CTT GGG GTG CGG ACC AAG AGT GGG GAC AAG AAG TCC GGG AGG AAC TTC TTT CGG AAA AAG ATG ATA GGG AAC CGG CGG TCA GAT GAA CCG ACC AAG ACC AAG AAA GGC CTG AGC AGC TTC CTG GAT GCC GCC CGC TGG AAC CGG GGA GAG CCC CAG GGT GAG GTG CCC GAT TTT CGA CAC CCG AAG GTC GAA GTT GAT GCT GAG AAG CCA GGC CTT ACA GAA CGT AAG GGA GGT CAG GGG GCG CCT TCC CGG GAC CGG AAT CTC GGA GGC CCT GGG CAG GAC ACC CCC GGA GTT TCT CCG CAC CTT CTG TCT GGG GAC AGC CCT GAC --- CGG GAG CCA GGT GTT GAC GCC CTC CTG GAG GTG GGG GAC CCG CCC CCA CAG GGC CCA GCC AGC CTG GAC GCC CCA GCG CCG CTG GAG AGC ACG GAG GAG GCT GCC GAC ACA GAA AGC CCG GAG CCT GGA GAT GAG GGA GAG CCG GGC CGC TCA GGA CTG GAG CTG GAA CCA GAG GAG CCG CCT GGC TGG CGA GAG CTT GTC CCC CAG GAC ATT CTG CAC AGC CTG CCC AAG AGC CAG GTG AAG CGG CAG GAG GTC ATC AGC GAG CTC CTG GTG ACG GAG GCT GCC CAT GTG CGC ATG CTC CGC GTG CTC CAC GAC GTC TTC TAC CAG CCC ATA GCG GAC GGG GGC TTC TAC TCC CAG GAG GAG CTC CAG AAC ATC TTC CCC AGC CTG GAC GAG CTC ATC GAG GTG CAT TCC CTA TTC CTT GAT TCC CTG ATG AAG CGG AGG CAG GAC AGT GGC TAC CTC ATC AAG GAG ATC GGA GAT GTG CTG CTG GCC CGG TTC GAT GGT GCC GAG GGC TCG TGG TTC CAG AAA ATC TCC TCC CGC TTC TGT AGC CGC CAG TCG TTC GCC TTA GAG CAG CTC AAA GCC AAA CAG CGC AAG GAG CCC CGG TTC TGT ACC TTC GTG CAG GAG GCC GAG AGC CGG CCC CGG TGC CGC CGG CTG CAG CTG AAG GAC ATG ATC CCC ACC GAG ATG CAG CGT CTG ACC AAG TAC CCA CTG CTT CTG CAG AGC ATC GAG CAG AAC ACA GAA GAG CCG GTG GAA CGG GAG AAA GTG GAG CGG GCA GCC GAG TGC TGC CGG GAA ATT CTG CAA CAC GTC AAC CTT GCC GTG CGG GAC ATG GAG GAC CTG CTG CGG CTC AAA GAT TAT CAG AGG CGT CTG GAT TTG ACC CAC CTG CGG CAG AGC AAC GAC CCC ATG CTG AGC GAG TTC AAG AAC CTA GAC ATC ACC AAG AAG AGG TTG ATC TAC GAG GGC CCA CTG ACG TGG CGG GTG ACG AAG GAC AAG GCT GTG GAG GTC CAC GTG CTG CTG CTG GAT GAC CTG CTG CTG CTG CTT CAG CGC CAG GAC GAG CGG TTC TTG CTT AAG TCG CAC AGC CGG ACG CTG ACG CCC ACG CCC GAT GGC AAG ACC ATG CTG CGG CCA GTG CTG CGG CTC ACC TCC GCC ATG ACC CGC GAG GTG GCC ACC GAT CAC AAA GCC TTC TAT GTC ATT TTT ACC TGG GAC CAG GAG GCC CAG ATA TAC GAG CTG GTG GCG CAG ACG GTG TCT GAG CGG AGG ATC TGG TGT ACC CTG ATC ACC GAG ACC GCT GGA TGC CTG AAG GTC CCC TCC CGC ACC TCC CGA CCC AAA CAC CGG CCC GGC CCC AGC AGC ACT CGT GAA CCC CTG CTT AGC AGC TCC GAA AAC GGC AAT GGC AGC CGA GAG ATG CCC CCG GCA GAT GGC CGG ATG GAG AGA CTC TTC AAC TCC CTC CTG CCC TTC TGC AGA CAA GGC CTC GAG GGC CAG CTC GCC GCC AAG GCC CTT CAG AAA GTG CTG ACC CTG AAA CAG CTC CTG TTG CCT TCG GAG GAA GAC AGC GGG GCA GGG CCT CCC CTC GAA GGG GAT GGG GTC CCG GGG GGC AGC CCC TTG AGC CCA ACG CAG CCC CAG GAA ATT CGG GAG GAG CTG CTC AGC CTG GAG GAG ACC ATT AAA CAG CTA GAG GAG GTG GAG GAG GAA TTT TGC CGC CTG AGA CTC CTC CTG TCT CAG CTT GGG GAG AAC ACC GTC CCC --- --- --- --- --- --- --- --- --- CAG TCT GGC TGT ACC 
Homo sapiens                               ATG GCT TCT --- --- --- --- CTT TCC ACC TGG AGC AGC CCT GCA GAG CCC AGG GAG ATG GAA GAC TTC GCC CGA GGG GCG GCC TCC CCA GGC CCC TCC CGG CCT GGC CTG GTT CCC GTC AGC ATC ATC GGG GCT GAG GAT GAG GAT TTT GAG AAC GAG CTG GAG ACA AAC TCA GAA GAG CAA AAC AGC CAG TTC CAG AGC CTG GAG CAG GTG AAG CGG CGC CCA GCC CAC CTC ATG GCC CTC CTG CAG CAC GTG GCC CTG CAG TTT GAG CCA GGA CCC CTG CTT TGC TGT CTG CAT GCC GAC ATG CTG GGC TCA CTG GGC CCC AAG GAG GCC AAG AAG GCC TTC CTG GAC TTC TAC CAC AGC TTC CTG GAG AAG ACA GCG GTT CTC CGG GTG CCG GTC CCT CCC AAC GTC GCC TTT GAA CTT GAC CGC ACT AGG GCT GAC CTC ATC TCC GAG GAT GTC CAG CGG CGG TTC GTG CAG GAG GTG GTG CAA AGC CAG CAG GTA GCC GTG GGC CGG CAG CTG GAG GAC TTC CGT TCC AAG CGG CTC ATG GGC ATG ACG CCC TGG GAG CAG GAG CTG GCC CAG CTG GAG GCT TGG GTT GGG CGG GAC CGA GCC AGC TAC GAG GCC CGG GAG CGG CAC GTG GCG GAG CGG CTG CTC ATG CAC CTG GAG GAG ATG CAA CAT ACC ATC TCT ACC GAC GAA GAA AAG AGT GCT GCC GTG GTC AAC GCC ATT GGC CTG TAC ATG CGC CAC CTT GGG GTG CGG ACC AAG AGT GGA GAC AAG AAG TCG GGG AGG AAC TTC TTC CGG AAA AAG GTG ATG GGG AAC CGG CGG TCG GAC GAG CCT GCC AAG ACC AAG AAG GGG CTG AGC AGC ATC CTG GAT GCC GCC CGC TGG AAC CGG GGA GAG CCC CAG --- --- GTT CCA GAT TTT CGA CAC CTC AAA GCA GAG GTT GAT GCC GAG AAG CCA GGT GCT ACA GAC CGG AAG GGA GGC GTG GGG ATG CCC TCT CGG GAC CGG AAT ATC GGG GCT CCT GGG CAG GAC ACC CCT GGA GTC TCT CTG CAC CCT CTG TCC CTG GAC AGC CCA GAC --- CGG GAA CCA GGT GCT GAC GCC CCC CTG GAG CTG GGG GAC TCA TCC CCG CAG GGC CCA ATG AGC CTG GAG TCC TTG GCG CCC CCA GAG AGT ACC GAC GAG GGG GCC GAA ACC GAG AGC CCC GAG CCT GGA GAT GAG GGG GAG CCG GGG CGG TCG GGA CTG GAG CTT GAA CCA GAA GAG CCT CCC GGC TGG CGG GAA CTC GTC CCC CCA GAC ACC CTG CAC AGC CTG CCC AAG AGC CAG GTG AAG CGG CAG GAG GTC ATC AGC GAG CTG CTG GTG ACA GAG GCG GCC CAC GTG CGC ATG CTG CGG GTG CTG CAC GAC CTC TTC TTC CAG CCC ATG GCA GAA TGC CTG TTC TTC CCC TTG GAG GAG CTG CAG AAC ATC TTC CCC AGC CTG GAC GAG CTC ATC GAG GTG CAT TCC CTG TTC CTC GAT CGC CTG ATG AAG CGG AGG CAG GAG AGT GGC TAC CTC ATC GAG GAG ATC GGA GAC GTG CTG CTG GCC CGG TTT GAT GGT GCT GAG GGC TCC TGG TTC CAG AAA ATC TCC TCC CGC TTC TGC AGC CGC CAG TCA TTT GCC TTA GAG CAG CTC AAA GCC AAG CAA CGC AAG GAC CCT CGG TTC TGT GCC TTC GTG CAG GAA GCT GAG AGC CGC CCG CGG TGC CGC CGC CTG CAG CTG AAG GAC ATG ATC CCC ACG GAG ATG CAG CGG CTG ACC AAG TAC CCC CTG CTC CTG CAG AGC ATC GGG CAG AAC ACA GAA GAG CCC ACA GAA CGG GAG AAA GTG GAG CTG GCA GCC GAG TGC TGC CGG GAA ATT CTA CAC CAC GTC AAC CAA GCC GTG CGT GAC ATG GAG GAC CTG CTG AGG CTC AAG GAC TAT CAG CGG CGC CTG GAC TTG TCC CAC CTT CGG CAG AGC AGC GAC CCT ATG CTG AGC GAG TTC AAG AAC CTG GAC ATC ACC AAG AAG AAA TTG GTC CAC GAG GGC CCA CTG ACG TGG CGG GTG ACT AAG GAC AAG GCA GTG GAG GTG CAT GTG CTG CTG CTG GAC GAC CTG CTG CTG CTG CTC CAG CGC CAG GAC GAG CGG CTG CTG CTC AAG TCC CAT AGC CGG ACA CTG ACG CCC ACG CCC GAT GGC AAG ACC ATG CTG CGG CCC GTG CTG CGG CTC ACC TCC GCC ATG ACC CGC GAG GTG GCC ACC GAT CAC AAA GCC TTC TAC GTC CTT TTT ACC TGG GAC CAG GAG GCC CAG ATA TAC GAG CTG GTG GCA CAG ACT GTG TCG GAG CGG AAA AAC TGG TGT GCT CTC ATC ACT GAG ACT GCC GGA TCC CTG AAA GTC CCT GCC CCT GCC TCT CGC CCT AAG CCC CGG CCC AGC CCG AGC AGC ACC CGA GAA CCC CTC CTC AGC AGC TCT GAG AAC GGC AAT GGT GGC CGA GAG ACG TCT CCA GCT GAT GCC CGG ACC GAG AGA ATC CTC AGT GAC CTC CTG CCC TTC TGC AGA CCA GGC CCC GAG GGC CAG CTC GCT GCC ACG GCC CTT CGG AAA GTG CTG TCC CTG AAG CAG CTT CTG TTT CCG GCG GAG GAA GAC AAT GGG GCG GGG CCT CCT CGA GAT GGG GAT GGG GTC CCA GGG GGC GGC CCC CTG AGC CCA GCA CGG ACC CAG GAA ATC CAG GAG AAC CTG CTC AGC TTG GAG GAG ACC ATG AAG CAG CTG GAG GAG TTG GAG GAG GAA TTT TGC CGC CTG AGA CCC CTC CTG TCT CAG CTT GGG GGG AAC TCT GTC CCC --- --- --- --- --- --- --- --- --- CAG CCT GGC TGC ACT 
Rattus norvegicus                          ATG GGA GAA --- --- --- --- GTC GCC --- --- --- --- --- --- --- --- --- --- --- --- --- --- --- --- GGA GGG GCG GCC CCA GGG CCT CCC CGG TCT GGC CTG GTG TCC ATC --- ATC ATC GGG GCT GAG GAT GAG GAC TTT GAG AAT GAA CTG GAG GCG AAC CCA GAA GAT CAA AAC AGC CAG TTC CAG AGC CTG GAG CAA GTG AAG CGT CGC CCA GCC CAC CTC ATG GCC CTC CTG CAA CAC GTG GCC CTG CAG TTC GAG CCA GGA CCA CTG CTC TGC TGC CTG CAT GCT GAC ATG CTA AGC TCA CTG GGC CCC AAA GAA GCC AAG AAG GCC TTC CTC GAT TTC TAT CAC AGT TTC CTG GAG AAG ACT GCG GTT CTG CGG GTG CCG GTC CCT CCC AGC GTT GCT TTT GAA CTT GAT CGT ACT CGG CCT GAT CTC ATC TCT GAG GAT GTC CAG AGG CGG TTC ATA CAA GAG GTG GTA CAG AGC CAG CAG GCA GCC GTG ACC CGT CAG CTA GAG GAC TTC CGC TCC AAA CGG CTC ATG GGC ATG ACA CCC TGG GAG CAG GAA CTG AGC CTG CTA GAG CCC TGG ATT GGG AAA GAC CGG GGC AAC TAT GAG GCC CGG GAG CGG CAT GTT GCA GAG CGG CTG CTC TCC CAC CTA GAG GAA ATG CAA CAT ACC ATC TCC ACA GAT GAA GAA AAA AGT GCT GCT GTG GTC ACT GCA ATC AGC CTG TAT ATG CGC CAC CTT GGG GTC CGG ACC AAG AGT GGG GAC AAG AAG TCA GGG AGG AAC TTC TTC CGG AAA AAG GTG ATG GGG AAT CGG CGG TCA GAC GAG CCC CCC AAG ACA AAG AAA GGG CTG AGC AGT ATC CTA GAT CCT GCC CGC TGG AAC CGG GGA GAG CCA TCT --- --- GCT CCA GAC TGT CGA CAT CTA AAG GTC GAG GTT GAT --- GAG AAG CCA GGC CCT GCA GAC CGG AAG GGA AGC CTG GGT ATT TCA TCT CGG GAC AGG ACT GTT GGG ACT CCT GGG CAG GAC AAC CCA GGA GTC TCC CTG CAC CCT CTG TCT GTA GAC AGC CTG GAT TCC CGG GAA CCA GGT GTG GAT ACC CCG CAG GAG CCA GGA GAT ACA CCC CCA CAA GGC CCT ACA AGC CTG GAG CCC CTG GCA CCC CCA GAG AGC ACA GAG GAC AAT GGC GAG ACT GAA AGC CCT GAG CCT GGA GAT GAT GGA GAG CCA GGG CGG TCA GGC CTG GAA CAG GAA CCA GAA GAA CCT CCT GGG TGG AGG GAA CTG GTG CCC TCA GAC ACC CTG CTC GGC CTG CCC AAG AAC CAA GTG AAG CGG CAA GAG GTC ATC AGT GAG CTG CTG GTG ACG GAG GCG GCT CAC GTC CGC ATG CTA CGG GTA CTA CAT GAC CTC TTC TAC CAG CCC ATG GCA GAA GGG GGC TTC TTC CCT CTG GAG GAA CTG CAG AAC ATC TTT CCC AGC CTG GAT GAG CTC ATC GAG GTG CAC TCC CTG TTC CTC GAT CGC TTG ATG AAG CGG AGA CAA GAG AGT GGC TAC CTC ATT GAG GAG ATT GGT GAT GTG CTA CTG GCC CGG TTC GAT GGT GCT GAG GGC TCA TGG TTC CAG AAG ATC TCT TCC CGC TTC TGC AGC CGC CAG TCA TTC GCT CTA GAG CAG CTC AAA GCC AAG CAG CGC AAG GAG CCT CGA TTC TGT GCC TTT GTG CAG GAA GCT GAG AGC CGC CCC CGC TGC CGG CGG CTG CAG TTG AAG GAC ATG ATC CCC ACT GAG ATG CAG CGG CTG ACC AAG TAC CCA CTG CTG CTG CAG AGT ATT GGG CAG AAC ACA GAA GAG CCT GCC GAG CGG GCA AAG GTG GAA CTT GCA GCT GAG TGC TGC CGT GAG ATT CTG CAC CAC GTT AAT CAA GCT GTC CGT GAC ATG GAG GAC CTG CTG CGG CTC AAG GAT TAC CAG CGG CGC CTG GAC TTG ACT CAC CTG CGG CAG AGC AAT GAC CCA ATG CTG AGC GAG TTC AAG AAC CTG GAT ATC ACT AAG AAG AAG TTG GTC CAT GAA GGC CCC CTC ACG TGG CGA CTA ACC AAA GAC AAA GCT GTA GAG GTC CAC GTG CTA TTG CTG GAC GAC CTG CTG CTG CTG CTC CAG CGC CAG GAT GAG AGG CTG CTG CTC AAG TCA CAC AGC CGG ACG CTG ACA CCC ACA CCC GAC GGC AAG ACC ATG CTG CGG CCT GTG CTC CGG CTC ACC TCT GCC ATG ACC CGG GAG GTG GCC ACT GAT CAC AAA GCT TTT TAC GTC ATT TTT ACC TGG GAC CAG GAG GCC CAG ATA TAT GAG CTG GTG GCA CAG ACA TCG TCG GAA CGC AAG AGC TGG TGT GCC CTC ATC ACA GAG ACT GCC GGA TCC CTG AAG GTC CCT GCC CCT GCC TCC CGC CCC AAA CCC CGG CCC AGC CCA AGC AGC ACC CGA GAA CCC CTG CTC AGC AGC TCT GAG AAT GGC ACT GGA GGC ACA GAG GCC GCT CCA GCT GAT GCC CGG ACA GAG CGG ATC CTC AAC GAC CTC CTG CCC TTC TGC AGA CCA GGC CCA GAG GGC CAG CTT GCT GCC ACA GCC CTC CAG AAA GTA CTG TCC CTG AAA CAG ATC CTG TTG AGC ACT GAG GAA GAC AGT GGA GCA GGG CCT CCC CGC GAT GGG GAT GGG GTG CCT GGT GGT GGT GCC CCA GGC CCA ACA CAC ACC CAG GAG GTT GAG GAA AAC CTG TTG AGC CTA GAA GTG GTC ATC AAA CAA CTG GAG GAG TTA GAA GAG GAA TTT TGT CGC CTA AGA CCC TTC CTG TCT CAG CTT GGG GAG ATT CTG TCC CCC AAC CTG GCT GCA CCT GAG CGC TCT GCT CAG ACA GGC CTT TCA 
Mus musculus                               ATG GGA GAA --- --- --- --- GTC GCC --- --- --- --- --- --- --- --- --- --- --- --- --- --- --- --- GGA GGG GCG GCC CCA GGG CCT CCC CGG TCT GGC CTG GTG TCC ATC --- ATC ATC GGG GCG GAG GAT GAG GAT TTT GAG AAC GAG CTG GAG GCG AAC TCA GAA GAT CAA AAC AGC CAG TTC CAG AGC CTA GAG CAA GTG AAG CGC CGC CCT GCC CAC CTC ATG GCC CTC CTG CAG CAT GTG GCC CTG CAG TTC GAG CCA GGA CCA CTG CTC TGC TGC CTG CAT GCA GAC ATG CTG AGC TCT CTG GGC CCC AAA GAA GCC AAG AAG GCC TTC CTT GAC TTC TAT CAC AGT TTC CTG GAG AAG ACT GCG GTT CTA CGG GTG CCG GTC CCT CCC AGT GTC GCT TTT GAA CTT GAT CGT ACT CGA CCT GAT CTG ATC TCT GAG GAT GTC CAG AGG CGG TTC ATA CAA GAG GTG GTG CAG AGC CAG CAG GCA GCC GTG AGC CGT CAG CTA GAG GAC TTC CGC TCC AAG CGG CTC ATG GGC ATG ACG CCC TGG GAG CAG GAA CTG AGC CTG CTG GAG CCC TGG ATT GGG AAA GAC CGA GGC AAC TAT GAG GCC CGG GAG CGG CAT GTT GCG GAG CGG CTG CTG TCC CAC CTG GAG GAG ACC CAG CAT ACC ATC TCT ACA GAT GAA GAG AAA AGT GCT GCT GTG GTC ACT GCC ATC AGC CTG TAT ATG CGC CAC CTT GGA GTC CGG ACC AAG AGT GGG GAC AAG AAG TCG GGA AGG AAC TTC TTC CGG AAA AAG GTG ATG GGG AAT CGG AGG TCA GAC GAA CCC CCA AAG ACA AAG AAA GGG CTG AGC AGT ATC CTA GAT CCT GCA CGT TGG AAC CGG GGA GAG CCA TCC --- --- GCT CCA GAT TGT CGA CAT CTA AAG GTC GAG GCT GAT --- GAG AAG CCA GGC CCT GCA GAC CGG AAG GGA GGC CTG GGT ATG TCT TCT CGG GAC AGG ACT GTT GGG ACT CCT GGA CAG GAC AAC CCA GGA GTC TCC CTG CAC CCT CTG TCT ACA GAC AGC GTC GAC TCC CGG GAA CCA GGC GTG GAT ACC CCG CAG GAG CCA GGG GAT ACA CCC CCA CAG GGC CCT ACC AGC CTG GAG CCC CTG GCG CCC CCA GAG AGC ACA GAG GAC AAT GGC GAG ACT GAG AGC CCT GAG CCC GGA GAT GAT GGG GAG CCA GGA CGG TCA GGC CTG GAA CTG GAA CCA GAA GAA CCT CCT GGG TGG AGG GAA CTC GTG CCC CCA GAC ACC CTG CTC AGT CTG CCC AAG AGC CAA GTG AAG CGG CAA GAG GTC ATC AGC GAG CTG CTC GTG ACT GAG GCA GCT CAC GTG CGC ATG CTA CGG GTA CTG CAT GAC CTC TTC TAC CAG CCC ATG GCG GAT GGA GGC TTC TTC CCT CTG GAC GAG CTG CAG AAC ATC TTC CCG AGC CTG GAT GAG CTC ATC GAG GTG CAC TCC CTG TTC CTC GAT CGC TTG ATG AAG CGG AGA CAA GAG AGT GGC TAC CTC ATT GAG GAG ATC GGC GAT GTG CTA CTG GCC CGG TTC GAT GGT GCT GAG GGC TCA TGG TTC CAG AAG ATC TCC TCC CGC TTC TGC AGC CGC CAG TCG TTC GCT CTA GAG CAG CTC AAA GCC AAG CAG CGC AAG GAG CCT CGG TTC TGT GCC TTT GTG CAG GAA GCT GAG AGC CGC CCG AGA TGC CGG CGC CTA CAG TTA AAG GAC ATG ATC CCC ACT GAG ATG CAG CGA CTG ACC AAG TAC CCA CTG CTG CTA CAG AGC ATC GGG CAG AAC ACA GAG GAG TCT ACA GAA CGA GGG AAA GTG GAG CTT GCA GCT GAG TGC TGC CGG GAG ATT CTG CAC CAT GTC AAT CAA GCC GTC CGT GAC ATG GAG GAC CTG CTG CGG CTC AAG GAT TAC CAG CGG CGC CTG GAC TTG ACT CAC CTA CGG CAG AGC AGT GAC CCT ATG CTG AGC GAG TTC AAG AAC CTG GAC ATC ACT AAG AAG AAG TTG GTC CAT GAA GGC CCC CTC ACG TGG CGA GTG ACC AAA GAC AAA GCT ATA GAA GTG CAC GTG CTC TTG CTG GAC GAC CTG CTG CTG CTG CTC CAG CGC CAG GAC GAG AGG CTG CTG CTC AAG TCC CAC AGC CGG ACG CTG ACA CCT ACC CCC GAT GGC AAG ACC ATG CTG CGG CCG GTG CTC CGG CTC ACC TCT GCC ATG ACC CGA GAG GTG GCC ACT GAT CAC AAA GCT TTC TAC GTC ATT TTT ACC TGG GAC CAG GAG GCC CAG ATA TAT GAG CTG GTG GCA CAG ACA TCT TCG GAA CGC AAA AAC TGG TGT AAC CTC ATC ACT GAG ACT GCT GGA TCC CTG AAG GTC CCT GCC CCT GCC TCC CGC CTC AAA CCC CGG CCC AGC CCA AGC AGC ATC CGA GAA CCC CTG CTC AGC AGC TCT GAG AAT GGC ACT GGA GGC GCA GAG ATG GCT CCA GCT GAT GCC AGG ACA GAG CGG CTC CTC AAT GAC CTC CTG CCC TTC TGC AGA CCA GGC CCA GAG GGC CAG CTT GCT GCC ACA GCC CTT CAG AAA GTA CTG TCC CTG AAG CAG ATC CTG CTA AGC ACT GAG GAA GAC AGT GGA GCG GGG CCT CCC CGC GAT GGG GAT GGG GTG CCT GGT GGT AGG GCC CCC GGC CCA GTG CAC ACC CAG GAG ATT GAG GAA AAC TTG CTT AGC TTA GAG GTG GCC ATC AGA CAA CTG GAG GAG TTG GAA GAG GAA TTT TGT CGC CTA AGA CCC CTC CTG TCC CAG CTT GGG GGG ACT CTG TCC CCC AAC CTG GCT GCA CCT GAA CGC TCT GCT CAG ACA GGC CTT TCA 



Printing out site pattern counts


         4       1437  P

Bos taurus                                  --- --- --- --- --- --- --- --- --- --- AAA AAA AAA AAA AAA AAA AAA AAC AAC AAC AAC AAC AAC AAC AAC AAG AAG AAG AAG AAG AAG AAG AAT ACA ACA ACA ACA ACA ACC ACC ACC ACC ACC ACC ACC ACC ACC ACC ACC ACC ACC ACC ACC ACC ACG ACG ACG ACG ACG ACG ACG ACG ACG ACG ACG ACG ACT AGA AGA AGA AGC AGC AGC AGC AGC AGC AGC AGC AGC AGC AGC AGC AGC AGC AGC AGG AGG AGG AGG AGG AGT ATA ATA ATC ATC ATC ATC ATC ATC ATC ATG ATG ATG ATG ATG ATG ATG ATG ATT ATT ATT ATT ATT ATT ATT ATT CAA CAA CAA CAA CAC CAC CAC CAC CAC CAC CAC CAC CAG CAG CAG CAG CAG CAG CAG CAG CAG CAG CAG CAG CAG CAT CAT CAT CCA CCA CCA CCA CCA CCA CCA CCC CCC CCC CCC CCC CCC CCC CCC CCC CCC CCC CCC CCC CCC CCC CCC CCC CCC CCC CCC CCG CCG CCG CCG CCG CCG CCG CCG CCG CCG CCG CCG CCG CCT CCT CCT CCT CCT CCT CCT CCT CCT CCT CGA CGA CGA CGA CGA CGA CGC CGC CGC CGC CGC CGC CGC CGC CGG CGG CGG CGG CGG CGG CGG CGG CGG CGG CGG CGG CGG CGG CGG CGG CGG CGG CGG CGT CGT CGT CGT CGT CTA CTA CTC CTC CTC CTC CTC CTC CTC CTC CTC CTC CTC CTC CTC CTC CTC CTC CTC CTG CTG CTG CTG CTG CTG CTG CTG CTG CTG CTG CTG CTG CTG CTG CTG CTG CTG CTG CTG CTT CTT CTT CTT CTT CTT CTT CTT GAA GAA GAA GAA GAA GAA GAA GAA GAA GAA GAA GAC GAC GAC GAC GAC GAC GAC GAC GAC GAC GAG GAG GAG GAG GAG GAG GAG GAG GAG GAG GAG GAG GAG GAG GAG GAG GAG GAG GAT GAT GAT GAT GAT GCA GCA GCA GCA GCA GCA GCC GCC GCC GCC GCC GCC GCC GCC GCC GCC GCC GCC GCC GCC GCC GCG GCG GCG GCG GCG GCG GCG GCG GCG GCT GCT GCT GCT GCT GCT GGA GGA GGA GGA GGA GGA GGC GGC GGC GGC GGC GGC GGC GGC GGC GGC GGC GGC GGC GGG GGG GGG GGG GGG GGG GGG GGG GGG GGG GGT GGT GGT GGT GTA GTC GTC GTC GTC GTC GTC GTC GTC GTC GTC GTC GTG GTG GTG GTG GTG GTG GTG GTG GTG GTG GTG GTG GTG GTG GTG GTG GTT GTT GTT TAC TAC TAC TAC TAC TAT TAT TCA TCC TCC TCC TCC TCC TCC TCC TCC TCC TCC TCC TCG TCG TCG TCG TCG TCT TCT TCT TCT TCT TCT TGC TGC TGC TGC TGG TGT TGT TGT TTA TTC TTC TTC TTC TTC TTC TTC TTC TTG TTG TTG TTG TTT TTT TTT TTT TTT
Homo sapiens                                --- --- --- --- --- --- --- --- --- GCG AAA AAA AAA AAG AAG AAG AAG AAC AAC AAC AAC ACC AGC AGC AGT AAA AAG AAG AAG ACG CGG GAG AAT --- ACA ACA ACC ACG ACC ACC ACC ACC ACC ACG ACT ACT ACT ATG GCC GCC GCT TCC TCC TCT ACA ACA ACA ACC ACG ACG ACG ACT ACT ACT GCA TGG ACC --- AGA AGA AAT AGC AGC AGC AGC AGC AGC AGC AGC AGT AGT GGC GGC GGC TCC AAA AAA AGG AGG CGG AGT ATA ATG AAC ATC ATC ATC ATT CTG GTC ACC ACG AGG ATG ATG CCG CTG GTG AAC ACC ATC ATC ATG ATT CTT GTT CAA CAC CCA CTG ACA CAC CAC CAC CAC CAT CAT CCC CAA CAA CAG CAG CAG CAG CAG CCA CGG CGG CGG GTG TTG CAC CAT CAT CCA CCA CCA CCC CCC CCG TTG ACC CCA CCC CCC CCC CCC CCC CCC CCC CCC CCG CCG CCT CCT CCT CCT CCT CCT TCC TCT CCA CCA CCA CCC CCC CCC CCG CCT CCT CCT CTC CTG TCA CCA CCC CCC CCC CCG CCT CCT GCT TCA TCC CGA CGA CGA CGC CGG CGG CCT CGC CGC CGC CGC CGC CGG CGT AGG AGG CAG CGC CGC CGG CGG CGG CGG CGG CGG CGG CGG CGG CGG CGG CGG CGT CTG CGA CGA CGC CGG CGG CTC CTG ATC ATC CCC CCC CCC CGA CTC CTC CTC CTC CTC CTG CTG CTG CTT CTT GTC CCA CTA CTC CTC CTC CTG CTG CTG CTG CTG CTG CTG CTG CTG CTG CTG CTT CTT GTG TTG CAA CCT CTC CTC CTC CTT CTT GCT GAA GAA GAA GAA GAA GAC GAG GAG GAG GAG GAT ACC AGC GAA GAA GAC GAC GAC GAC GAG GAT --- AAC GAA GAA GAC GAG GAG GAG GAG GAG GAG GAG GAG GAG GAG GGG GGG TCT GAC GAC GAG GAT GAT ATG GCA GCA GCG GCT GCT AAC ATG GCC GCC GCC GCC GCC GCC GCC GCC GCC GCT GCT TCC TCC ATG CTT GCA GCA GCC GCC GCG GGG GTT GCA GCC GCC GCG GCG GGG GCT GGA GGA GGA GGG GGG --- AGC CTG GCC GCT GGC GGC GGC GGC GGG GGG GGT GGT CTG GAG GGA GGC GGG GGG GGG GGG GGG TGC --- GGC GGT GGT GTA CTC GCA GCC GGC GTC GTC GTC GTC GTC GTG TTC ACA CTG GAG GTC GTG GTG GTG GTG GTG GTG GTG GTG GTG GTT GTT TTG GCT GTC GTT CAC TAC TAC TTC TTC TAC TAT TCG CCC CGC GAC GCC TCA TCC TCC TCC TCG TCT TCT GCG GCG TCA TCC TCC CCT TCC TCG TCT TCT TCT TCC TGC TGC TGT TGG TGC TGC TGT TTA ATC CTC CTG GCC TTC TTC TTC TTT CTG CTG TTG TTT ATC TTC TTT TTT TTT
Rattus norvegicus                           AAC CCT CGC CTG GAG GCA GCT TCC TCT GGG AAA AAG AAG AAA AAA AAA AAG AAC AAT ACT ATT ACA AAT AGC AAC AAG AAA AAA AAG ACA CGG GAG ACT --- ACA GCA ACT ACA AAC ACA ACC ACT GTC ACT ACA ACT TCA TCC CCC GCC GCC ACT TCC CTG ACG ACG GCG ACA ACA ACA ACG ACA ACC ACT ACA --- ACC --- AGA CGG AGT --- AAC AAC AGC AGT AGT GGC GGC AGC AGT AGC GGC GGT GCC AAG AAG AGA AGG CGG AGT ATA ATG AGC ATC ATT ATT ATC CTC GTC ACA GCC --- ATG ATG CCG CTG GTG AAT ACC ATC GTT ATC ATT ATT GTT CAA CAC CCA CTG ACT CAC CAC CAT CTC CAC CAT CCC CAA CAG CAA CAA CAG CTG TCT TCA CAC CAG CGG CTG CTG CAC CAC CAT CCA CCC CCT CCA CCT CCA CTG ACC CCA --- CCA CCC CCC CCC CCT GCC TCC CCA CCC CCA CCA CCC CCC CCT TCT CCC GCT CCA CCA CCT CCC CCT CCT CCA --- CCC CCT CTA CTG ACA CTG CCC CCT TCA AGC CCT CCT CCT CCA TCT --- ACA CGA CGC AGG CGG CCT CGC CGC CGG CGG CGT CGG CGC CGG CGG GAG CGC CGG AAA AGG CGA CGA CGC CGC CGG CGG CGG CGT CGT CGT CGT CTT CGA CGG CGC CGG CGG CTG CTG ATC GTT CCA CCC CCG CGC CTC CTC CTT TTC TTG CTA CTA CTG ATC CTC GTC CCA CTG CTC CTC CTG CAG CTA CTA CTA CTC CTG CTG CTG CTG TTG TTG CAG CTG GTT CTA CAA CCT CTC CTG CTG CTC CTT CCT --- GAA GAA GAG GAG GAC GAA GAG GAG GAT GAT --- --- GAA GAG --- GAC GAT GAT GAG GAT --- AAC GAA GAA GAG --- GAA GAA GAC GAG GAG GAG GAT GCA GTG GAG GGG GAA GAC GAT GAG GAC GAT --- --- GCA GCA GCT GCT AGC ACA --- ACC CCT GCA GCC GCC GCT GCT GGC CCC GCT CCC GCC ATT GTC GCA GCA GCG GCT GCA GGG GTG GCT --- GCC GCA GCG AAT GGA GGA GGC GGT GGA GGG --- AGC GGC GCC ACT AGC GGC GGG GGT GGG GGG GGA GGC GTA GAG GGG GGG GGA GGA GGG GGG GGT GGG --- AGC GGT GGT GCA CTC GTC AGC ACC ATC GTC GTG GTT TCC GTC --- GCC CCA --- GTT ATA CTA GTA GTA GTA GTC GTC GTG TCG ATT GCT TTA GTG GTC GTT CAT TAC TAT TAC TTC TAC TAC TCA CCT CGC GAC GCC TCA TCC TCT TCT TCA TCC TCT ACT GCG TCA TCA TCA ACA TCT TCG TCC TCC TCT TCC TGC TGT TGC TGG CTT TGC TGT CTA ATC CTC CTG GCC TTC TTT TTT TTC CCA CTG TTG TTG ATC TTC TGT TTC TTT
Mus musculus                                AAC CCT CGC CTG GAA GCA GCT TCC TCT GGG AAA AAA AAG AAA AAG AGA AAG AAC AAT ACT ACT ACA AGT AGC AAT AAG AAA AAG AAG ACA CGG GAG ACT --- ACA GCA ACT ACG AAC ACA ACC ACT GCC ACT ACT ACT TCA TCC CCA GCC AAC ACT TCC CTG ACG ACT GCG ACA ACA ACC ACG ACA ACC ACT GTG --- ATC --- AGA CGG AGT --- AAC AGC AGC AGC AGT AGT GGC AGC AGT AGC GGC AGG GCC AAA AAG AGA AGG CGG AGT ATA ATG AAC ATC ATC ATT ATC CTT GTC ACA ATG --- ACC ATG CCG CTG GTG AAC ACC ATC ATT ATC ATT ATT GTT CAA CAC CCA CTG ACT CAC CAT CAT CTC CAC CAT CCC CAG CAG CAA CAG CAG CTG TCC CCA CAC CAG CGG CTG CTG CAC CAC CAT CCA CCC CCT CCA CCG CCA CTG ACC CCA --- CCA CCC CCG CCT CCT GCC TCC CCA CCG CCA CCT CCC CTC CCT TCT CCC GCT CCA CCT CCT CCC CCT TCT CCA --- CCC CCT CTA CTG ACA GTC CCC CCT TCT AGC CCC CCT CCT TCA TCT --- GCA CGA CGC AGG CGG CCT CGC CGT CGA CGG CGT CGG CGC CGA CGG GAG CGC CGC AAA AGG CGA CGG AGA CGC AGG CGA CGG CGC CGG CGT CGT CTT CGA CGA CGC CGA CGG CTA CTG CTC GTT CCA CCC CCG CGC CTC CTG CTT CTC CTT CTA CTG CTG ATC CTC GTC CCA CTG CTC CTG CTG CAG CTA CTC CTG CTC CTA CTC CTG TTG TTA TTG CTG CTA GTT TTA CAA CCT CTC CTC CTG CTT CTT CCT --- GAA GAG GAA GAG GAC GAG GAA GAG GAT GAT --- --- GAT GAG --- GAC GAC GAT GAG GAT --- AAC GAA GAG GAG --- GAA GAG GAC GAA GAC GAG GAT GGG GTG GGG GGG GAA GAC GAT GAG GAT GAT --- --- GCA GCG GCG GCT AGT ACC --- ACC CCT GCC GCA GCC GCC GCT GGC CCC GCT CCC GCC ATG GTC GCA GCG GCG GCA GCG GGG GTG GCT --- GCT GCG GCA AAT GGA GGA GGC GGC GGG GGG --- AGC GGC GCC ACT AGC GGC GGG GGT GGA GGG GGA GGC ACA GAG GGG GGG GGA GGG GGA GGG GGT GGA --- GGC GGC GGT GCA CTC GTC AGC AGC ATC GTC GTG GTC TCC GTG --- ACA CCA --- GTC ATA GTG ATA GTA GTG GTC GTG GTG TCT ATT GCT TTG GTG GTC GCT CAT TAC TAT TAC TTC TAC TAC TCA CCT CGC GAC GCC TCT TCC TCC TCT TCG TCC TCT ACT GCG TCG TCA TCC ACA TCT TCG TCC TCT TCC TCC TGC TGT TGC TGG CTT TGC TGT CTA ATC CTC CTG GCC TTC TTC TTT TTC CCC CTG TTG CTA ATC TTC TGT TTC TTT



    1    1    1    1    1    1    2    1    1    1    4    1    1    2    1
    1    3    7    3    1    1    1    1    2    1    2    4    1   22    1
    1    2    2    1    1    1    1    1    1    1    7    2    1    1    1
    1    1    1    1    2    1    1    1    1    1    1    1    1    1    1
    1    1    1    1    1    1    1    1    2    1    1    2    1    1   16
    2    2    1    1    1    1    1    1    1    1    1    1    1    1    1
    2    1    2    1    9    2    1    1    1    1    1    1    1    1   14
    1    2    1    1    1    1    1    1    1    1    1    1    1    1    1
    1    7    2    3    1    2    1    1    1    2    6    2   31    1    1
    1    1    1    1    1    1    1    1    1    4    1    1    1    1    1
    1    1    1    1    2   11    1    1    1    1    1    1    1    1    1
    1    1    2    1    2    1    3    1    1    1    1    1    1    1    1
    1    1    1    1    1    1    1    1    1    1    3    1    1    1    1
    1    1    1    1    2    1    7    1    1    1    1    2    1    1    1
    1    2    1    1    3    1    1    1    1    2    1   17    1    1    1
    1    1    1    1    1    1    1    1    3    1    1    1    1    1    1
    9    1    1    1    1    1    1    2    1    1    1    1    1    1    1
    1    1    4    1    3    2    3    1   35    1    1    2    1    1    1
    1    1    1    4    1    1    1    3    1    1    5    1    1    2    1
    1    1    2    1    1    1    1    1    1    1   17    4    5    2    1
    2    1    6    1    2    1    8    5    1    1    1   44    1    1    1
    1    1    1    3    3    2    3    9    1    1    1    1    1    1    1
    1    1    1    1    1    1   13    1    6    2    1    4    1    1    1
    1    1    1    1    1    1    1    1    1    1    1    1    1    1    1
    6    1    1    1    1    1    1    1    1    1    1   12    1    1    1
    1    1    1    1    1    1    1    2    1    3    6    2    1    1    1
    1    1    1    1    1    1    1    1    5    2    1    1    1    1    1
    1    1    1    1    1    1    2    1    2    1   16    1    1    1    1
    1    1    1    1    2    4    1    1    1    1    2    1    1    1    1
    1    3    1    1    1    1    2    1    1    1    1    1    1    1    1
    1    1    1    1    5    1    1    8    1    1    2    1    1    1    1
    1   15    2    1    2    1    2    2    1    1    1    1    1    4

CODONML (in paml version 4.4b, July 2010)  torun.nuc
Model: One dN/dS ratio for branches Global clock 
Codon frequency model: F3x4
ns =   4  ls = 943

Codon usage in sequences
--------------------------------------------------------------------------------------
Phe TTT  8  9  7  5 | Ser TCT  6  9 10 12 | Tyr TAT  2  1  4  4 | Cys TGT  4  3  4  4
    TTC 24 22 21 22 |     TCC 14 17 12 15 |     TAC  9  7  5  5 |     TGC  8  9  7  7
Leu TTA  1  1  1  2 |     TCA  2  4 10  5 | *** TAA  0  0  0  0 | *** TGA  0  0  0  0
    TTG  6  6  7  6 |     TCG  5  4  2  3 |     TAG  0  0  0  0 | Trp TGG  8  9  8  8
--------------------------------------------------------------------------------------
Leu CTT 13 10  6  9 | Pro CCT 12 17 21 21 | His CAT  3  5  6  8 | Arg CGT  5  2  5  4
    CTC 26 26 24 26 |     CCC 33 32 27 24 |     CAC 18 16 15 13 |     CGC 15 17 18 18
    CTA  4  1 14 13 |     CCA 10 16 23 21 | Gln CAA  4  5 11  8 |     CGA  7  6  4  8
    CTG 63 74 65 63 |     CCG 15  6  2  5 |     CAG 50 42 36 38 |     CGG 39 43 36 30
--------------------------------------------------------------------------------------
Ile ATT  8  2  8  5 | Thr ACT  1  6 13 16 | Asn AAT  2  3  6  5 | Ser AGT  2  5  8  9
    ATC 16 18 17 19 |     ACC 24 20 13 14 |     AAC 17 16 13 14 |     AGC 33 31 27 28
    ATA  3  1  2  3 |     ACA  5  7 16 12 | Lys AAA 13 10 14 13 | Arg AGA  4  3  3  5
Met ATG 22 22 17 18 |     ACG 12  7  3  3 |     AAG 33 34 31 31 |     AGG  5  5  5  8
--------------------------------------------------------------------------------------
Val GTT  3  5  7  3 | Ala GCT  6 13 19 18 | Asp GAT 20 14 25 25 | Gly GGT  4  4  7  4
    GTC 16 14 15 15 |     GCC 36 38 26 24 |     GAC 34 37 26 28 |     GGC 24 21 20 22
    GTA  1  1  5  2 |     GCA  6  7 11  9 | Glu GAA 17 19 29 24 |     GGA 11  9 12 15
    GTG 33 30 22 27 |     GCG  9  7  4  8 |     GAG 79 77 65 67 |     GGG 19 22 19 18
--------------------------------------------------------------------------------------

Codon position x base (3x4) table for each sequence.

#1: Bos taurus     
position  1:    T:0.10408    C:0.34013    A:0.21459    G:0.34120
position  2:    T:0.26502    C:0.21030    A:0.32296    G:0.20172
position  3:    T:0.10622    C:0.37232    A:0.09442    G:0.42704
Average         T:0.15844    C:0.30758    A:0.21066    G:0.32332

#2: Homo sapiens   
position  1:    T:0.10895    C:0.34304    A:0.20496    G:0.34304
position  2:    T:0.26106    C:0.22654    A:0.30852    G:0.20388
position  3:    T:0.11650    C:0.36785    A:0.09709    G:0.41855
Average         T:0.16217    C:0.31248    A:0.20352    G:0.32183

#3: Rattus norvegicus
position  1:    T:0.10664    C:0.34059    A:0.21328    G:0.33950
position  2:    T:0.25898    C:0.23069    A:0.31121    G:0.19913
position  3:    T:0.16975    C:0.31121    A:0.16866    G:0.35038
Average         T:0.17845    C:0.29416    A:0.23105    G:0.29634

#4: Mus musculus   
position  1:    T:0.10664    C:0.33624    A:0.22089    G:0.33624
position  2:    T:0.25898    C:0.22851    A:0.30794    G:0.20457
position  3:    T:0.16540    C:0.31991    A:0.15234    G:0.36235
Average         T:0.17700    C:0.29489    A:0.22706    G:0.30105

Sums of codon usage counts
------------------------------------------------------------------------------
Phe F TTT      29 | Ser S TCT      37 | Tyr Y TAT      11 | Cys C TGT      15
      TTC      89 |       TCC      58 |       TAC      26 |       TGC      31
Leu L TTA       5 |       TCA      21 | *** * TAA       0 | *** * TGA       0
      TTG      25 |       TCG      14 |       TAG       0 | Trp W TGG      33
------------------------------------------------------------------------------
Leu L CTT      38 | Pro P CCT      71 | His H CAT      22 | Arg R CGT      16
      CTC     102 |       CCC     116 |       CAC      62 |       CGC      68
      CTA      32 |       CCA      70 | Gln Q CAA      28 |       CGA      25
      CTG     265 |       CCG      28 |       CAG     166 |       CGG     148
------------------------------------------------------------------------------
Ile I ATT      23 | Thr T ACT      36 | Asn N AAT      16 | Ser S AGT      24
      ATC      70 |       ACC      71 |       AAC      60 |       AGC     119
      ATA       9 |       ACA      40 | Lys K AAA      50 | Arg R AGA      15
Met M ATG      79 |       ACG      25 |       AAG     129 |       AGG      23
------------------------------------------------------------------------------
Val V GTT      18 | Ala A GCT      56 | Asp D GAT      84 | Gly G GGT      19
      GTC      60 |       GCC     124 |       GAC     125 |       GGC      87
      GTA       9 |       GCA      33 | Glu E GAA      89 |       GGA      47
      GTG     112 |       GCG      28 |       GAG     288 |       GGG      78
------------------------------------------------------------------------------

(Ambiguity data are not used in the counts.)


Codon position x base (3x4) table, overall

position  1:    T:0.10657    C:0.34001    A:0.21342    G:0.34001
position  2:    T:0.26102    C:0.22397    A:0.31269    G:0.20233
position  3:    T:0.13930    C:0.34298    A:0.12794    G:0.38978
Average         T:0.16897    C:0.30232    A:0.21801    G:0.31070

Codon frequencies under model, for use in evolver (TTT TTC TTA TTG ... GGG):
  0.00395422  0.00973584  0.00363174  0.01106415
  0.00339285  0.00835365  0.00311615  0.00949338
  0.00473687  0.01166283  0.00000000  0.00000000
  0.00306504  0.00754653  0.00000000  0.00857615
  0.01261538  0.03106078  0.01158655  0.03529856
  0.01082439  0.02665111  0.00994162  0.03028727
  0.01511231  0.03720856  0.01387985  0.04228512
  0.00977855  0.02407613  0.00898108  0.02736096
  0.00791848  0.01949638  0.00727270  0.02215638
  0.00679431  0.01672850  0.00624021  0.01901086
  0.00948577  0.02335525  0.00871217  0.02654173
  0.00613785  0.01511222  0.00563729  0.01717406
  0.01261538  0.03106078  0.01158655  0.03529856
  0.01082439  0.02665111  0.00994162  0.03028727
  0.01511231  0.03720856  0.01387985  0.04228512
  0.00977855  0.02407613  0.00898108  0.02736096



Nei & Gojobori 1986. dN/dS (dN, dS)
(Pairwise deletion)
(Note: This matrix is not used in later ML. analysis.
Use runmode = -2 for ML pairwise comparison.)

Bos taurus          
Homo sapiens         0.2147 (0.0851 0.3962)
Rattus norvegicus    0.1413 (0.1006 0.7118) 0.1100 (0.0645 0.5864)
Mus musculus         0.1486 (0.1025 0.6900) 0.1210 (0.0641 0.5298) 0.0989 (0.0210 0.2119)


TREE #  1:  ((2, (4, 3)), 1);   MP score: -1
lnL(ntime:  3  np:  5):  -7019.587239      +0.000000
   5..6     6..2     6..7     7..4     7..3     5..1  
 0.379457 0.316939 0.093499 3.492809 0.119340
SEs for parameters:
 0.017268 0.015113 0.006801 0.285536 0.008731

tree length =   1.16935

((2: 0.316939, (4: 0.093499, 3: 0.093499): 0.223440): 0.062518, 1: 0.379457);

((Homo sapiens: 0.316939, (Mus musculus: 0.093499, Rattus norvegicus: 0.093499): 0.223440): 0.062518, Bos taurus: 0.379457);

Detailed output identifying parameters

kappa (ts/tv) =  3.49281

omega (dN/dS) =  0.11934

dN & dS for each branch

 branch          t       N       S   dN/dS      dN      dS  N*dN  S*dS

   5..6      0.063  2130.8   698.2  0.1193  0.0074  0.0619  15.7  43.2
   6..2      0.317  2130.8   698.2  0.1193  0.0374  0.3138  79.8 219.1
   6..7      0.223  2130.8   698.2  0.1193  0.0264  0.2212  56.3 154.5
   7..4      0.093  2130.8   698.2  0.1193  0.0110  0.0926  23.5  64.6
   7..3      0.093  2130.8   698.2  0.1193  0.0110  0.0926  23.5  64.6
   5..1      0.379  2130.8   698.2  0.1193  0.0448  0.3757  95.5 262.3

tree length for dN:       0.1382
tree length for dS:       1.1577


Time used:  0:03
