
seed used = 1418846681
      8    981

Canis lupus familiaris                     --- --- --- --- --- --- --- --- --- --- --- --- ATG AGC TCG GCG CCG GGG CCC CGC CGG GCT GGG CCT GCA GAT GAG GAA CAA AAT GTG ACG GAA ACT GAT GCC TTC TAT AAG --- AGA GAA ATG TTT GAC CCG GAA --- --- --- --- --- --- --- GAA AAG TAC AAA ATG GAC CAC AAG AGG AGA GGA ATT GCT TTG ATC TTC AAT CAC GAG CGG TTC TTC TGG CAC CTA ACA TTG CCG GAC AGG CGC GGC ACC AGC GCA GAC AGG GAT AAT CTC GTG CGC AGG TTT TCA GAA CTA GGA TTT GAG GTG AAA TGC TTT AAT GAT CTT AAA GCA GAA GAA CTA CTG CTC AAA ATT CAT GAG GCA TCA ACC TCT AGC CAC ATA GAT GCC GAT TGC TTT TTA TGT GTG TTC CTC AGT CAT GGT --- GAA GGA AAT CAC ATT TAT GCA TAT GAT GCC AAA ATT GAA ATT CAG ACA CTG ACT GGC TTA TTC AAA GGA GAC AAA TGT CAG AGC CTA GTT GGA AAA CCC AAG ATA TTT ATC ATT CAG GCC TGT CGA GGA GAC CAG CAT GAC GTG CCA GTC CTT CCG TTG GAT GTA GTG GAT CAT CGG ACA GAC AAG CTG --- --- --- --- --- --- --- --- --- --- --- GAG GAC AAC GTA ACG GAG GTG GAT GCG GCC TCA GTG TAC ACG TTG CCT GCT GGA GCG GAT TTT CTC ATG TGT TAC TCT GTT GCA GAA GGT TAT TAT TCT CAT CGG GAA ACT GTG AAT GGC TCA TGG TAC ATT CAA GAT CTG TGT GAG ATG CTG GGA AAA TTT GGC TCC TCC CTA GAG TTC ACA GAA CTA CTC ACC CTG GTG AAC AGG AAA GTT TCT CAG CGC CGA GTG GAC TTT TGC AAA GAC CCA AAT GCG ATT --- GGA AAG AAG CAG GTT CCC TGC TTT GCC TCA ATG CTA ACT AAA AAG CTG CAT TTC TTT CCG AAA --- TCT AAA 
Danio rerio                                --- --- --- ATG GCA AGT CAC ACT AAG AGC GAC GGA TCC GCA GCT GTG GAG AAG GAC AGC GCT TCA GCA GGA CAG ACA GTT GAA GAG AAC CTG ACA GAG ACT GAT AGC TTT AAT CAA AGT ATA TTT AGT ATG GAT CCT AAT --- --- --- --- --- --- --- CAG GAG TAT GAT ATG AAC CAC AAG AGA CGG GGA ATG GCT CTC ATA TTT AAT CAT GAA AAT TTC TTT TGG AAA CTG GGA TTG GGC TAC CGT TCT GGA ACA AAT GCA GAC AAG GAG AAC CTT ATT AGA AGA TTT CGA GAG CTG AAT TTT GAA GTT AAA GCT TTT GAT GAT TAC AAA CGA CAT GAA GTT TTG TCC AAA ATC ACA GAG GCC GCT GCT GCT GAC CAT GTA GAT GCA GAC TGC CTT GTC TGC GTC TTT TTA AGT CAT GGG --- GAG AAT GGC CAT GTT TAT GCC AAT GAT GGG CAG ATC GAA ATA CCT GAA ATC ACT GAT TTG TTC AAG GGG GAT AAA TGT CGT AGT CTT GTG GGC AAA CCC AAG ATC TTC ATC TGG CAG GCT TGT CGT GGT GAC AAA CAT GAT GAT CCT GTG ACT CCG ATG GAC GTG GTG GAC AGT CAG GTG --- --- --- --- --- --- --- --- --- --- --- --- --- --- --- ACA AAT GAC ATG GTG GTG GAT GCA GGA GTG CTT TAC ACT CTT CCA GCA GGA GCA GAT TTC ATT ATG TGC TAC TCT GTT GCT GAA GGG TAT TAT TCT CAC CGT GAG ACT GTG AAT GGC TCA TGG TAC ATT CAG GAT TTG TGT GAA ATC CTG AGG CGT TAT GGT TCA GAA CTG GAG TTT GCT GAG ATC CTG ACG CTT GTT AAC AGG AAA GTT TCC TTA CGC AGT GTG TTA AAC TGC AAG GAT CGC TCA GCT GTT --- GGC AAA AAA CAG GTG CCT TGC TTT GCA TCC ATG CTC ACT AAG AAG CTG TTT TTC AGG CCC AAA --- --- AAG 
Homo sapiens                               --- --- --- --- --- --- --- --- --- --- --- --- ATG AGC TCG GCC TCG GGG CTC CGC AGG GGG CAC CCG GCA GGT GGG GAA GAA AAC ATG ACA GAA ACA GAT GCC TTC TAT AAA --- AGA GAA ATG TTT GAT CCG GCA --- --- --- --- --- --- --- GAA AAG TAC AAA ATG GAC CAC AGG AGG AGA GGA ATT GCT TTA ATC TTC AAT CAT GAG AGG TTC TTT TGG CAC TTA ACA CTG CCA GAA AGG CGG GGC ACC TGC GCA GAT AGA GAC AAT CTT ACC CGC AGG TTT TCA GAT CTA GGA TTT GAA GTG AAA TGC TTT AAT GAT CTT AAA GCA GAA GAA CTA CTG CTC AAA ATT CAT GAG GTG TCA ACT GTT AGC CAC GCA GAT GCC GAT TGC TTT GTG TGT GTC TTC CTG AGC CAT GGC --- GAA GGC AAT CAC ATT TAT GCA TAT GAT GCT AAA ATC GAA ATT CAG ACA TTA ACT GGC TTG TTC AAA GGA GAC AAG TGT CAC AGC CTG GTT GGA AAA CCC AAG ATA TTT ATC ATT CAG GCA TGT CGG GGA AAC CAG CAC GAT GTG CCA GTC ATT CCT TTG GAT GTA GTA GAT AAT CAG ACA GAG AAG TTG --- --- --- --- --- --- --- --- --- --- --- GAC ACC AAC ATA ACT GAG GTG GAT GCA GCC TCC GTT TAC ACG CTG CCT GCT GGA GCT GAC TTC CTC ATG TGT TAC TCT GTT GCA GAA GGA TAT TAT TCT CAC CGG GAA ACT GTG AAC GGC TCA TGG TAC ATT CAA GAT TTG TGT GAG ATG TTG GGA AAA TAT GGC TCC TCC TTA GAG TTC ACA GAA CTC CTC ACA CTG GTG AAC AGG AAA GTT TCT CAG CGC CGA GTG GAC TTT TGC AAA GAC CCA AGT GCA ATT --- GGA AAG AAG CAG GTT CCC TGT TTT GCC TCA ATG CTA ACT AAA AAG CTG CAT TTC TTT CCA AAA --- TCT AAT 
Rattus norvegicus                          --- --- --- --- --- --- --- --- --- --- --- --- --- --- --- --- --- --- --- --- --- --- --- --- --- --- --- --- --- --- ATG ACG GAG ACA GAT GGC TTC TAC AGA AGT AGG GAA GTG TTG GAT CCA GCC --- --- --- --- --- --- --- GAG CAG TAC AAG ATG GAC CAC AAG AGG AGA GGA ACT GCC CTA ATC TTC AAT CAC GAG AGG TTC TTC TGG CAC CTA GCA CTC CCA GAG AGG CGG GGC ACC AAC GCA GAC AGG GAC AAC CTG ACT CGA AGG TTC TCA GAG CTA GGA TTT GAA GTG AAA TGC TTT AAC GAC CTC CGG GCA GAA GAA CTA CTG CTC AAG ATT CAC GAG GTG TCG ACT TCC AGC CAC GTA GAT GCC GAT TGC TTC CTG TGT GTC TTC CTG AGC CAC GGG --- GAA GGC AAC CAC ATT TAC GCA TAC GAT GCC AAA ATT GAA ATT CAG ACC TTG ACT GGC TTG TTC AAA GGA GAC AAG TGT CAG AGC CTG GTT GGA AAA CCC AAG ATA TTC ATC ATC CAG GCC TGT CGG GGC AGC CAG CAT GAC GTG CCC GTG GTT CCT CTG GAC GTG GTG GAT CAT CAG ACA GAC AAG CTG --- --- --- --- --- --- --- --- --- --- --- GAC GAC AAC GTG ACC CAG GTG GAT GCT GCC TCG GTG TAC ACT CTG CCT GCG GGG GCG GAC TTC CTC ATG TGT TAC TCT GTT GCA GAA GGG TAT TAC TCT CAC CGA GAG ACT GTG AAC GGC TCC TGG TAC ATT CAG GAT TTG TGC GAG ATG CTG GCC AGG CAC GGT AGT TCC CTG GAG TTC ACC GAG CTG CTC ACG CTG GTG AAC AGG AAG GTC TCT CAG CGC CGT GTG GAT TTC TGC AAA GAC CCA GGT GCA ATT --- GGC AAG AAG CAG GTT CCC TGC TTT GCC TCA ATG CTG ACC AAA AAG CTG CAT TTC TGT CCC AAA CCT AGT AAG 
Gallus gallus                              ATG TCG GGC GCG GAG CGG CGG CCG GCG GCA GGC CGT GTT CAG TTG GAC AGC AAA CCT ACA CCA ACC ACC ACA GCA GAT GGA AAT CAG AAC ATC ACA GAA GTG GAT GCA TTT GAT AAA --- AGA CGA ACA TTT GAC CCT GCA --- --- --- --- --- --- --- GAG CAA TAC AAA ATG AAC CAT CAG AGA AGA GGA GTT GCG TTA ATC TTC AAT CAC GAG CAC TTT TTT TGG CAT TTA AGG CTG CCA GAT AGA CGT GGG ACT TTG GCA GAC AGA AAC AAT CTG AAA CGC AGT TTG ACA GAC CTT GGA TTT GAA GTC AGA ATT TTT GAC GAT CTG AAA GCA GAA GAT GTG CTG AAG AAA GTT TTT GAA GCC TCT CGG GAT GAC TAC AGC AAT GCT GAC TGC TTT GTT TGT GTG TTC TTG AGT CAT GGT --- GAA AAC GAT CAT GTC TAC GCA TAT GAT GCC CAA ATC AAA ATT GAG ACA ATC ACG AAC ATG TTC AGA GGA GAC AAG TGC CAG AGT CTG GTA GGA AAG CCA AAG ATA TTT ATA ATT CAG GCA TGT CGA GGT GAT AAA CAT GAT GAT CCA GTT CTC GTT CAG GAT TCA GTA GAC AGC AAA GAT GAA ACC ACT --- --- --- --- --- --- --- --- --- --- --- --- GTT AAC CAG ACT GAA GTG GAT GCA GCT GGC GTC TAT ACC CTG CCG GCT GGT GCA GAC TTT ATT ATG TGC TAT TCT GTG GCA CAA GGT TAC TTT TCT CAC CGT GAA ACT GTA AAC GGC TCC TGG TAC ATC CAA GAT TTG TGC GAG GCT CTC GGG AAG CAC GGC TCT TCC TTG GAG TTC ACA GAA CTT CTT ACT GTC GTT AAC AGA AAA GTT TCT CAT CGC AAA GTG GAT ATA TGC AGA GAT ATA AAT GCT ATA --- GGA AAA AAA CAG ATT CCT TGC TTT GCT TCA ATG TTG ACG AAA AAA TTG TAT TTT CAT CCA AAA --- TCT AAG 
Mus musculus                               --- --- --- --- --- --- --- --- --- --- --- --- --- --- --- --- --- --- --- --- --- --- --- --- --- --- --- --- --- --- ATG ACA GAA ACC GAT GGC TTC TAC AAA AGT AGG GAA GTG TTC GAT CCA GCC --- --- --- --- --- --- --- GAG CAG TAC AAG ATG GAC CAC AAG AGG AGA GGA GTT GCC CTC ATC TTC AAT CAC GAG AGG TTC TTT TGG CAC CTG ACC CTC CCA GAG AGG CGG GGC ACC AAC GCA GAC AGA GAC AAC CTG ACT CGC AGG TTT TCA GAT CTA GGA TTT GAA GTG AAA TGC TTT AAC GAC CTC AGA GCA GAA GAA CTC CTG CTC AAA ATT CAC GAG GTG TCG ACT TCA AGC CAC ATA GAT GCC GAT TGC TTC ATC TGT GTC TTC CTG AGC CAC GGG --- GAA GGC AAC CAC GTT TAC GCA TAC GAC GCC AAA ATT GAA ATT CAG ACG TTG ACT GGC TTG TTC AAA GGA GAC AAA TGT CAG AGC CTG GTT GGA AAA CCC AAG ATA TTT ATC ATC CAG GCC TGT CGG GGC AGC CAG CAT GAC GTA CCT GTG GTT CCC CTG GAC GTG GTG GAT CAC CAG ACA GAC AAG CTG --- --- --- --- --- --- --- --- --- --- --- --- GAC AAC GTG ACC CAG GTG GAT GCT GCG TCT GTG TAC ACG CTG CCG GCA GGG GCA GAC TTC CTC ATG TGC TAC TCT GTC GCA GAA GGG TAT TAC TCT CAC CGA GAA ACT GTG AAT GGC TCC TGG TAC ATT CAG GAT TTG TGT GAG ATG CTG GCG AGG TAC GGC AGT TCC CTG GAG TTC ACG GAG CTG CTC ACG CTG GTG AAC AGA AAG GTC TCT CAG CGC CGC GTG GAC TTC TGC AAA GAC CCG GAT GCA ATC --- GGC AAG AAG CAG GTG CCC TGC TTC GCC TCA ATG CTG ACC AAA AAG CTG CAT TTC TGT CCC AAA CCT AGC AAG 
Pan troglodytes                            --- --- --- --- --- --- --- --- --- --- --- --- ATG AGC TCG GCC TCG GGG CTC CGC AGG GGG CAC CCG GCA GGT GGG GAA GAA AAC ATG ACA GAA ACA GAT GCC TTC TAT AAA --- AGA GAA ATG TTT GAT CCG GCA --- --- --- --- --- --- --- GAA AAG TAC AAA ATG GAC CAC AGG AGG CGA GGA ATT GCT TTA ATC TTC AAT CAT GAG AGG TTC TTT TGG CAC TTA ACA CTG CCA GAA AGG CGG GGC ACC TGT GCA GAT AGA GAC AAT CTT ACC CGC AGG TTT TCA GAT CTA GGA TTT GAA GTG AAA TGC TTT AAT GAT CTT AAA GCA GAA GAA CTA CTG CTC AAA ATT CAT GAG GCG TCA ACT GTT AGC CAC GCA GAT GCC GAT TGC TTT GTG TGT GTC TTC CTG AGC CAT GGC --- GAA GGC AAT CAC ATT TAT GCA TAT GAT GCT AAA ATA GAA ATT CAG ACA TTA ACT GGC TTG TTC AAA GGA GAC AAG TGT CAC AGC CTG GTT GGA AAA CCC AAG ATA TTT ATC ATT CAG GCA TGT CGG GGA AAC CAG CAC GAT GTG CCA GTC ATT CCT TTG GAT GTA GTA GAT AAT CAG ACA GAG AAG TTG --- --- --- --- --- --- --- --- --- --- --- GAC ACC AAC ATA ACT GAG GTG GAT GCA GCC TCC GTT TAC ACG CTG CCT GCT GGA GCT GAC TTC CTC ATG TGT TAC TCT GTT GCA GAA GGA TAT TAT TCT CAC CGG GAA ACT GTG AAC GGC TCA TGG TAC ATT CAA GAT TTG TGT GAG ATG TTG GGA AAA TAT GGC TCC TCC TTA GAG TTC ACA GAA CTC CTC ACA CTG GTG AAC AGG AAA GTT TCT CAG CGC CGA GTG GAC TTT TGC AAA GAC CCA AGT GCA ATT --- GGA AAG AAG CAG GTT CCC TGT TTT GCC TCA ATG CTA ACT AAA AAG CTG CAT TTC TTT CCA AAA --- TCT AAT 
Bos taurus                                 --- --- --- --- --- --- --- --- --- --- --- --- ATG AGC TCG GAG CCT CCG CCT CGC CGG GCT CGC GGT CCA GGT GAA GAA CAA AAC ATG ACC GAA ATA GAT GCC TTC CCT AGG --- AGA GAA ATA TTT GAT CCA ACT --- --- --- --- --- --- --- GAA AAG TAC AAA ATG GAC CAC AAG AGG AGA GGA ATT GCA TTA ATC TTC AAT CAT GAG AGG TTC TTC TGG CAC TTA ACC CTG CCG AAC AGG CCT GGC ACC AGT GCT GAC AGA GAC AAT CTG AGG CGC AGG TTT TCA GAT CTA GGA TTT GAA GTA AAA TGT TTT GAT GAT CTT AGA GCA GAA GAA CTA TTG CTC AAA ATT CAT GAG GCA TCA ACT GCT AGC CAC GTA GAT GCA GAT TGC TTT TTG TGT GTT TTC CTG AGT CAT GGT --- GAA GGC AAC CAC ATC TAT GCA TAT GAT GCC AAA ATT GAA ATT CAG ACG TTA ACA GGC TTG TTC AAA GGA GAC AAG TGT CAG AGC CTG GTT GGA AAA CCC AAG ATA TTT ATC ATT CAG GCG TGT CGG GGC AGC CAG CAT GAC GTG CCG GTC ATC CCT CTG GAT GTA GTC GAT CAC AGG ACA GAC ACG CCA --- --- --- --- --- --- --- --- --- --- --- GAT GCC AAC CTA ACC CAG GTG GAC GCG GCC TCG GTT TAT ACA CTT CCT GCT GGA GCC GAC TTC CTC ATG TGC TAC TCT GTG GCA GAA GGT TAT TAT TCT CAT CGG GAA ACT GTG AAT GGT TCA TGG TAT ATT CAA GAT TTG TGT GAG ATG CTG GGG AAA TTC GGC TCC TCT TTG GAG TTC ACA GAG CTC CTC ACC CTG GTG AAC AGG AAG GTT TCT CAG CGC CGA GTT GAC TTC TGC AGA GAC CCA AAT GCG ATT --- GGA AAG AAG CAG GTT CCC TGC TTT GCC TCA ATG CTA ACT AAA AAG CTG CAC TTC TCT CCA AAA --- TCT AAA 



Printing out site pattern counts


         8        882  P G
G 2       39    255

Canis lupus familiaris                      --- --- --- --- --- --- --- --- --- --- --- --- --- AAC AAG AAT ACA AGC ATG CAA CCC CCG CCT CGC CGG CGG CTG GAA GAC GAC GAG GAG GAT GCA GCG GCT GGG GGG TCG --- --- --- AAA AAA AAA AAA AAA AAA AAA AAA AAA AAA AAA AAA AAA AAA AAC AAG AAG AAG AAG AAG AAG AAT AAT AAT AAT AAT AAT ACA ACA ACA ACC ACC ACC ACG ACG ACG ACT ACT ACT ACT AGA AGA AGC AGC AGC AGG AGG AGG AGG AGG AGT ATA ATA ATC ATC ATG ATG ATG ATT ATT ATT ATT ATT ATT ATT ATT CAA CAC CAC CAC CAC CAC CAG CAG CAG CAG CAG CAT CAT CAT CAT CAT CAT CCA CCA CCC CCC CCG CCG CCG CCG CCT CGA CGA CGC CGC CGC CGG CGG CTA CTA CTA CTA CTA CTA CTA CTC CTC CTC CTC CTC CTG CTG CTG CTG CTG CTG CTT CTT GAA GAA GAA GAA GAA GAA GAA GAA GAA GAA GAA GAC GAC GAC GAC GAC GAC GAC GAC GAC GAG GAG GAG GAG GAG GAT GAT GAT GAT GAT GAT GAT GAT GAT GCA GCA GCA GCA GCA GCC GCC GCC GCC GCC GCC GCG GCG GCG GCT GCT GGA GGA GGA GGA GGA GGA GGA GGA GGA GGC GGC GGC GGC GGT GGT GTA GTA GTC GTG GTG GTG GTG GTG GTG GTG GTG GTG GTG GTG GTT GTT GTT GTT TAC TAC TAC TAC TAT TAT TAT TAT TAT TCA TCA TCA TCA TCA TCC TCC TCT TCT TCT TCT TGC TGC TGC TGG TGT TGT TGT TGT TGT TTA TTA TTC TTC TTC TTC TTC TTG TTG TTG TTG TTT TTT TTT TTT TTT TTT TTT TTT TTT TTT
Danio rerio                                 --- --- --- --- AAG ACT AGC AGT ATG CAC GAC GCA GGA AAT --- AAC GTG GCA TCC GAG GAC GAG GGA AGC CAG GCT --- GAA --- ACA --- GTT ACA CAG GTG TCA AAG GCA GCT --- --- AGT AAA AAA AAA AAA AAA AAA AAA AAG AAG AAG AAG CAG CGT GAT AAC AAA AAG AAG AAG CAA GAG AAC AAT AAT GAT GGC TCA GAA GCT GGA ACA ACG GCT ACA ACT ATG ACT ACT ACT ACT ATA CGG AAT AGT GAC AAG AGA AGA AGG CGT AGT ATC GTA ATA ATC AGT ATC ATG ATA ATC ATC ATG ATT GTT GTT TGG CAG AAA CAC CAT CAT CAT AAA CAG CCT CGT TTA ACA AGT CAC CAT CAT TTT CCT CGC CCC CCT CCC CCG CCT GGC CCA AGT CGT AGA CGC TCT AAT CGT ATC CTC CTG CTG CTG CTT GTT ATT CTG CTT TCC TTA ATC CTG CTG CTT TTG TTG ACT TAC AAT CAG CAT GAA GAA GAA GAG GAG GAG GAG TTT AAC GAC GAC GAT GAT GAT GAT TAC TTA GAA GAA GAG GAG GTG GAC GAC GAG GAT GAT GAT GAT GAT GAT CGA GCA GCC GCC GCT AGC GCA GCA GCT GGA GGG GCA GCA GCT GCA GCT AAT AAT AGG GGA GGA GGC GGC GGG GGT GAT GGA GGC GGT GGG GGG GAC GTG GTG ATT CTG CTT GAT GTC GTG GTG GTG GTG GTT GTT GTG GTG GTT GTT TAC TAC TAC TAT AAT AAT TAT TAT TAT CGA GCT GTG TCA TCC GAA TCA --- GCT TCC TCT GCT TGC TGC TGG TGC TGC TGT TGT TGT GTC TTG TTC TTC TTT TTT TTT ATG CTC CTT TTG AAC AGG ATG CTT TAT TTC TTC TTT TTT TTT
Homo sapiens                                --- --- --- --- --- --- --- --- --- --- --- --- --- AAC AAG AAC ACA AGC ATG GAA CTC TCG CCG CGC CAG AGG TTG GAA GAG ACC GAC GGG GGT GCA GCC GGG GGG CAC TCG --- --- --- AAA AAA AAA AAA AAA AAA AAG AAA AAA AAA AAT AAA AAA AAA AAC AAG AAG AAG AGG AAA AAG AAT AAC AAT AAT AAT AGT ACA ACA ACA ACC ACA ACT ACA ACG ACT ACA ACT ACT ACT AGA AGA TGC AGC AGC AGA AGG AGG AGG AGG AGC ATA GCA ATC ATC ATG ATG ATG ATT ATC ATT ATT ATT ATT ATT ATT CAA CAC CAC CAC CAC CAT CAG CAG CAG CAC CAG CAT AAT CAC CAC CAT CAT CCA CCA CCC CCC CCA CCT CCG CCA CCT CGA CGG CGC CGC CGG AGG CGG CTC CTA CTA TTA TTA CTG CTA CTC CTC CTT CTC CTG TTA CTG TTG CTG CTG TTG ATT CTT GCA GAA GAA GAA GAA GAA GAA GAA GAA GAT GAA GAC AAC GAT GAC GAC GAT GAT GAA GAC GAA GAG GAG GAG GAG GAT GAT GAC GAC GAT GAT GAT GAT GAT GCA GCA GCA GTG GCA GCC GCC GCC GCA GCC GCT GCA GCT GCA GCT GCT GGA GGC GGA GGA GGA GGA GGA GGA GGA GGC GGC GGC GGC GGA GGC ATA GTA GTC ACC ATG GTT GTG GTC GTA GTG GTG GTG GTG GTG GTT GTT GTT GTT TAC TAC TAC TAC TAT TAT TAT TAT TAT TCA TCA TCC TCA TCA TCC TCC TCT GTT TCT TCT TGC TGC TGT TGG TGT TGT TGT TGT TGT GTG TTG TTC TTC TTC TTC TTT TTG TTA CTG CTG TTT TTT TTT TTT TAT TTC TTT TTT TTT TTT
Rattus norvegicus                           --- --- --- --- --- --- --- --- --- --- --- --- --- AAC AAG --- ACA --- --- --- --- --- --- --- CAG --- CTG --- GAC GAC GAC --- --- --- --- --- --- --- --- --- CCT AGT AAA AAA AAA AAG AAG CGG AAG AAA AAA AAA AAG AAA AGG AAG AAC AAG AAG AAG AAG AGA CAG AAC AAC AAT AAC AAC GGT ACC ACC GCA ACC ACG ACT ACG ACT ACC ACA ACC ACT ACT AGG AGA AAC AGC AGC AGG AGG AGG AGG AGG AGC ATA GTA ATC ATC GTG ATG ATG ATT ATT ATT ACT ATT ATT ATT ATC CAG CAC CAC CAC CAC CAC CAG CAG CAG CAG CAG CAC CAT CAC CAT CAC CAT CCC CCA CCC CCC CCC CCT CCA CCA CCT CGT CGG CGA CGC CGG AGG CGA CTG CTG CTA CTA CTG CTG CTA CTC CTC CTG CTC CTG TTG CTG CTG CTG CTG TTG GTT CTC GCC GAG GAA GAA GAA GAA GAA GAG GAG GAG GAA GAC AGC GAC GAC GAC GAC GAT GAG GAT GAA GAG GAG GAG CAG GAC GAT GAC GAC GAC GAT GAT GAT GAT GCA GCA GCA GTG GCA GGC GCC GCC GCC GCC GCC GCT GCG GCA GCG GCC GGA GGC GCC GGA GGG GGA GGC GGA GGC GGC GGC GGC GGT GGG GGG GTG GTG GTG ACT ATG GTG GTG GTC GTG GTG GTG GTG GTG GTG GTT GTT GTC GTT TAC TAC TAC TAC TAC TAC TAC TAC TAT TCA TCG TCG TCC TCA TCC AGT AGT TCC TCT TCT TGC TGC TGC TGG TGT TGT TGC TGT TGT CTG TTG TTC TTC TTC TTC TTC CTG CTA CTG CTC TTC TGT TTG TTC CAC TTC TTC TTC TTT TTT
Gallus gallus                               --- ATG GGC TCG GCG CCG GCA CGG GCG CGG GGC GAG CGT AAC ACC AAC GAT CAG GTT CAG CCT AGC ACA ACA AAA CCA ACT AAT GAA GTT --- GGA GAT GCA GAC ACC AAA ACC TTG --- --- --- AAA AAG AGA AAA AAA AAA AAG AAA AGA AGA AAG CAA AAG AAA AAC AAA AAA AAG CAG AAA CAA AAT AAC AAT GAC GAT AAT ACA ACA AGG ACT ACT CGG ACA ACC ACT GTG ACG ACG ACT AGA AGA TTG AGT GAC AGA AGA AGT AGA AGA AGT ATA AGC ATC ATA ACA GCT ATG ATT ATC GTT GTT ATC ATA GTC ATT CAA CAT CAT CAT TAC CAC AAA CAG GAG CAG CAT TTT AGC CAC CAT CAT TAT CCA ATA CCA CCT CCA GTT CCT CCA CCG AAA CGA CGC CGC CGT CAC CGT CTT TTG CTT TTA TTG CTG GTG ATT CTT CTG AAG TTG ATC TTG CTC GTC CTG TTG CTC CTG GCA GAG GAA AAA CAA GAT GAA GAA GAA GAC CGA AAC GAT GAC GAC GAT GAT GAC GAT GAT GAA GAG GAA GAG GAA GAT GAC AAC GAC GAT AAT GAT GAT GAT GCA GCA GCA GCC GCA GCA GCT GCT GCA GCT GCC GCA GCA GCT GCT GCG GGA AAC GGG GGA GGT GGA GGA GGA GGT AAC GGG GGC GGC GGT GGT CAG TCA GTT AAA ATC GTC GAT GTG GTA GTA GTG GTG GTC GTT ATT GTA GTT GTG TAC TAT TAT TAC GAT TAT TAC TTT TAC ACA TCT GGC TCC TCA TCC TCT TCT GAT TCT TCT ATT TGC TGC TGG TGC TGT TGC TGC TGT GTT ATG TTC TTT TTC TTT TTT CAG TTA CTG CTG ATA CAT TTT TTT CAC TTT TTT TTG TTT TTT
Mus musculus                                --- --- --- --- --- --- --- --- --- --- --- --- --- AAC AAG --- ACA --- --- --- --- --- --- --- CAG --- CTG --- GAC GAC --- --- --- --- --- --- --- --- --- --- CCT AGT AAA AAA AAA AAA AAG AGA AAA AAA AAA AAA AAG AAA AGG AAG AAC AAG AAG AAG AAG AAA CAG AAC AAT AAT AAC AAC GAT ACG ACG ACC ACC ACG ACT ACA ACG ACC ACC ACC ACT ACT AGG AGA AAC AGC AGC AGA AGG AGG AGA AGG AGC ATA ATA ATC ATC GTG ATG ATG ATT ATT ATT GTT ATT ATC GTT ATC CAG CAC CAC CAC CAC CAC CAG CAG CAG CAG CAG CAC CAC CAC CAT CAC CAT CCT CCG CCC CCC CCC CCC CCA CCA CCG CGC CGG CGC CGC CGG AGG CGA CTG CTG CTA CTG CTG CTG CTC CTC CTC CTG CTC CTG TTG CTG CTG CTG CTG TTG GTT CTC GCC GAG GAA GAA GAA GAA GAA GAA GAG GAT GAA GAC AGC GAC GAC GAC GAC GAT GAG GAC GAA GAG GAG GAG CAG GAC GAT GAC GAC GAC GAT GAC GAT GAT GCA GCA GCA GTG GCA GGC GCC GCC GCC GCG GCC GCT GCA GCA GCA GCC GGA GGC GCG GGA GGG GGA GGC GGA GGC GGC GGC GGC GGC GGG GGG GTG GTG GTG ACT ATG GTG GTA GTC GTG GTG GTG GTG GTG GTG GTG GTT GTC GTC TAC TAC TAC TAC TAC TAC TAC TAC TAT TCA TCG TCT TCC TCA TCC AGT AGC TCA TCT TCT TGC TGC TGC TGG TGC TGT TGT TGT TGT ATC TTG TTC TTC TTC TTC TTT CTG CTC CTG CTC TTC TGT TTC TTC TAC TTC TTT TTT TTC TTT
Pan troglodytes                             --- --- --- --- --- --- --- --- --- --- --- --- --- AAC AAG AAC ACA AGC ATG GAA CTC TCG CCG CGC CAG AGG TTG GAA GAG ACC GAC GGG GGT GCA GCC GGG GGG CAC TCG --- --- --- AAA AAA AAA AAA AAA AAA AAG AAA AAA AAA AAT AAA AAA AAA AAC AAG AAG AAG AGG AAA AAG AAT AAC AAT AAT AAT AGT ACA ACA ACA ACC ACA ACT ACA ACG ACT ACA ACT ACT ACT AGA CGA TGT AGC AGC AGA AGG AGG AGG AGG AGC ATA GCA ATC ATC ATG ATG ATG ATT ATA ATT ATT ATT ATT ATT ATT CAA CAC CAC CAC CAC CAT CAG CAG CAG CAC CAG CAT AAT CAC CAC CAT CAT CCA CCA CCC CCC CCA CCT CCG CCA CCT CGA CGG CGC CGC CGG AGG CGG CTC CTA CTA TTA TTA CTG CTA CTC CTC CTT CTC CTG TTA CTG TTG CTG CTG TTG ATT CTT GCA GAA GAA GAA GAA GAA GAA GAA GAA GAT GAA GAC AAC GAT GAC GAC GAT GAT GAA GAC GAA GAG GAG GAG GAG GAT GAT GAC GAC GAT GAT GAT GAT GAT GCA GCA GCA GCG GCA GCC GCC GCC GCA GCC GCT GCA GCT GCA GCT GCT GGA GGC GGA GGA GGA GGA GGA GGA GGA GGC GGC GGC GGC GGA GGC ATA GTA GTC ACC ATG GTT GTG GTC GTA GTG GTG GTG GTG GTG GTT GTT GTT GTT TAC TAC TAC TAC TAT TAT TAT TAT TAT TCA TCA TCC TCA TCA TCC TCC TCT GTT TCT TCT TGC TGC TGT TGG TGT TGT TGT TGT TGT GTG TTG TTC TTC TTC TTC TTT TTG TTA CTG CTG TTT TTT TTT TTT TAT TTC TTT TTT TTT TTT
Bos taurus                                  --- --- --- --- --- --- --- --- --- --- --- --- --- AAC ACG AAC ACA AGC ATG CAA CCT CCT GGT CGC AGG CGG CCA GAA GAC GCC GAT GAA GGT CCA GAG GCT CCG CGC TCG --- --- --- AAA AAA AAA AAA AAG AGA AAG AAA AAA AGA AAA AAA AAA AAA AAC AAG AAG AAG AAG AGG AAG AAT AAT AAT GAT AAC AAT ACG ACA ACC ACC ACC ACT ACC ACA ACC ATA ACT ACA ACT AGA AGA AGT AGC AGC AGA AGG AGG AGG AGG AGT ATA GTA ATC ATC ATA ATG ATG ATT ATT ATT ATT ATT ATT ATC ATT CAA CAC CAC CAC CAC CAT CAG CAG CAG CAG CAG CAT CAC CAT CAT CAT CAC CCG CCA CCC CCC CCA CCT CCA CCG CCT CGA CGG CGC CGC CCT AGG CGG CTC CTA CTA TTA TTG CTG CTA CTC CTC CTG CTC CTG TTA CTG CTG CTG TTG TTG ATC CTT ACT GAA GAA GAA GAA GAA GAA GAA GAG GAT GAA GAC AGC GAC GAC GAC GAC GAT AAC GAC GAA GAG GAG GAG CAG GAT GAT GAC GAC GAT GAT GAT GAC GAT GCA GCT GCA GCA GCA GCC GCA GCC GCG GCC GCC GCG GCC GCG GCT GCA GGA GGC GGG GGA GGA GGA GGA GGA GGC GGC GGC GGT GGC GGT GGT CTA GTA GTC AGG ATG GTT GTG GTT GTC GTG GTG GTT GTA GTG GTT GTT GTT GTG TAT TAC TAT TAC CCT TAT TAT TAT TAT TCA TCA TCG TCA TCA TCT TCC TCT GCT TCT TCT TGT TGC TGC TGG TGC TGT TGT TGT TGT TTG TTG TTC TTC TTC TTC TTC CTG TTA CTT CTG TTC TCT TTT TTT TTC TTC TTT TTT TTT TTT



   11    1    1    1    1    1    1    1    1    1    1    1    1    1    1
    1    1    1    1    1    1    1    1    1    1    1    1    1    1    1
    1    1    1    1    1    1    1    1    1    9    1    1    1    1    1
    1    1    1    1    1    1    1    1    1    1    1    1    2    1    1
    1    1    1    1    1    1    1    1    1    1    1    1    1    1    1
    1    1    1    1    1    1    1    1    1    1    1    1    1    1    1
    1    1    1    1    1    1    1    1    1    3    1    1    1    1    1
    1    1    1    1    1    1    1    1    1    1    2    1    1    1    1
    1    1    1    1    1    1    1    1    1    1    1    1    1    1    1
    1    1    1    1    1    1    1    1    1    1    1    1    1    1    1
    1    1    1    1    1    1    1    1    1    1    1    1    1    1    1
    1    1    1    2    1    1    1    1    1    1    1    1    1    1    1
    1    1    2    1    1    1    1    2    1    1    1    1    1    1    2
    1    1    1    1    1    1    1    1    1    1    1    1    1    1    1
    1    1    1    1    1    1    1    1    1    1    1    1    1    1    1
    1    1    1    1    1    1    1    1    1    1    1    1    1    1    1
    1    1    1    1    1    1    1    1    1    1    1    1    1    1    1
    1    1    1    1    1    1    1    1    2    1    2    1    2    1    1
    1    1    1    1    1    1    2    3    1    1    1    1    1    1    1
    1    1    1    1    1    1    1    1    2

CODONML (in paml version 4.4b, July 2010)  torun.nuc
Model: One dN/dS ratio for branches Global clock  (2 genes: diff. rate & k&w)  
Codon frequency model: F3x4
ns =   8  ls = 327

Codon usage in sequences
--------------------------------------------------------------------------------------------------------------
Phe TTT 11 11 10  3 13  5 | Ser TCT  5  3  4  3  6  4 | Tyr TAT  5  5  6  1  4  1 | Cys TGT  5  3  6  5  2  5
    TTC  8  5  8 13  4 12 |     TCC  2  4  3  3  2  2 |     TAC  4  5  4  8  5  9 |     TGC  4  5  4  5  6  5
Leu TTA  2  3  4  0  2  0 |     TCA  5  4  4  2  2  3 | *** TAA  0  0  0  0  0  0 | *** TGA  0  0  0  0  0  0
    TTG  4  4  5  4  8  3 |     TCG  1  0  2  2  1  1 |     TAG  0  0  0  0  0  0 | Trp TGG  2  3  2  2  2  2
--------------------------------------------------------------------------------------------------------------
Leu CTT  2  6  2  0  3  0 | Pro CCT  2  4  2  3  3  2 | His CAT  6  6  4  3  7  2 | Arg CGT  0  5  0  1  3  0
    CTC  5  2  5  5  2  7 |     CCC  3  2  2  4  0  4 |     CAC  5  3  8  9  4  9 |     CGC  4  2  3  1  2  3
    CTA  7  0  3  4  0  1 |     CCA  2  1  4  3  5  2 | Gln CAA  2  1  1  0  4  0 |     CGA  2  2  1  2  2  1
    CTG  7  7  7 14  6 14 |     CCG  5  1  2  0  2  2 |     CAG  6  7  6 10  8 10 |     CGG  4  1  3  3  3  2
--------------------------------------------------------------------------------------------------------------
Ile ATT  8  3  8  6  5  4 | Thr ACT  4  7  5  6  5  4 | Asn AAT  7 10  6  1  5  2 | Ser AGT  1  7  1  3  3  2
    ATC  2  7  3  3  5  5 |     ACC  3  0  3  5  4  5 |     AAC  2  5  5  7  8  6 |     AGC  4  3  4  4  3  5
    ATA  2  3  2  1  5  2 |     ACA  4  5  7  2  7  2 | Lys AAA 14 11 13  7 16 10 | Arg AGA  2  3  3  2  9  4
Met ATG  6  8  7  5  5  5 |     ACG  3  1  1  2  2  4 |     AAG  8 10  7 11  6  9 |     AGG  5  3  7  8  1  6
--------------------------------------------------------------------------------------------------------------
Val GTT  4  8  6  4  9  4 | Ala GCT  3 11  4  1  6  1 | Asp GAT 12 15 13  9 18  9 | Gly GGT  2  2  1  2  4  0
    GTC  1  2  2  2  4  3 |     GCC  6  2  5  8  2  6 |     GAC 11  9  7 12 10 13 |     GGC  4  5  6  7  5  8
    GTA  2  1  2  1  3  1 |     GCA  6  9 10  6 11  7 | Glu GAA 13  9 14  7  9  9 |     GGA  9  7  9  4  6  4
    GTG 11 12  8 13  6 13 |     GCG  4  0  0  2  3  2 |     GAG  8 11  6 10  6  7 |     GGG  2  4  3  3  2  3
--------------------------------------------------------------------------------------------------------------

--------------------------------------------------------------
Phe TTT 10  7 | Ser TCT  4  6 | Tyr TAT  6  6 | Cys TGT  7  5
    TTC  8 11 |     TCC  3  1 |     TAC  4  2 |     TGC  3  4
Leu TTA  4  3 |     TCA  4  4 | *** TAA  0  0 | *** TGA  0  0
    TTG  5  5 |     TCG  2  2 |     TAG  0  0 | Trp TGG  2  2
--------------------------------------------------------------
Leu CTT  2  2 | Pro CCT  2  6 | His CAT  4  5 | Arg CGT  0  0
    CTC  5  4 |     CCC  2  2 |     CAC  8  6 |     CGC  3  4
    CTA  3  4 |     CCA  4  5 | Gln CAA  1  2 |     CGA  2  1
    CTG  7  8 |     CCG  2  3 |     CAG  6  7 |     CGG  3  3
--------------------------------------------------------------
Ile ATT  8  7 | Thr ACT  5  4 | Asn AAT  6  4 | Ser AGT  1  2
    ATC  2  4 |     ACC  3  5 |     AAC  5  5 |     AGC  4  4
    ATA  3  3 |     ACA  7  4 | Lys AAA 13 10 | Arg AGA  2  5
Met ATG  7  6 |     ACG  1  2 |     AAG  7  8 |     AGG  7  8
--------------------------------------------------------------
Val GTT  6  6 | Ala GCT  4  4 | Asp GAT 13 12 | Gly GGT  1  5
    GTC  2  2 |     GCC  5  6 |     GAC  7 10 |     GGC  6  5
    GTA  2  3 |     GCA 10  6 | Glu GAA 14 12 |     GGA  9  6
    GTG  7  5 |     GCG  1  3 |     GAG  6  6 |     GGG  3  1
--------------------------------------------------------------

Codon position x base (3x4) table for each sequence.

#1: Canis lupus familiaris
position  1:    T:0.19795    C:0.21160    A:0.25597    G:0.33447
position  2:    T:0.27986    C:0.19795    A:0.35154    G:0.17065
position  3:    T:0.26280    C:0.23208    A:0.24573    G:0.25939
Average         T:0.24687    C:0.21388    A:0.28441    G:0.25484

#2: Danio rerio    
position  1:    T:0.18456    C:0.16779    A:0.28859    G:0.35906
position  2:    T:0.27517    C:0.18121    A:0.35906    G:0.18456
position  3:    T:0.35570    C:0.20470    A:0.19799    G:0.24161
Average         T:0.27181    C:0.18456    A:0.28188    G:0.26174

#3: Homo sapiens   
position  1:    T:0.21160    C:0.18089    A:0.27986    G:0.32765
position  2:    T:0.27986    C:0.19795    A:0.34130    G:0.18089
position  3:    T:0.26621    C:0.24573    A:0.26280    G:0.22526
Average         T:0.25256    C:0.20819    A:0.29465    G:0.24460

#4: Rattus norvegicus
position  1:    T:0.18412    C:0.22383    A:0.26354    G:0.32852
position  2:    T:0.28159    C:0.18773    A:0.34296    G:0.18773
position  3:    T:0.18412    C:0.34657    A:0.14801    G:0.32130
Average         T:0.21661    C:0.25271    A:0.25150    G:0.27918

#5: Gallus gallus  
position  1:    T:0.18750    C:0.17763    A:0.29276    G:0.34211
position  2:    T:0.26316    C:0.20066    A:0.36184    G:0.17434
position  3:    T:0.31579    C:0.21711    A:0.26645    G:0.20066
Average         T:0.25548    C:0.19846    A:0.30702    G:0.23904

#6: Mus musculus   
position  1:    T:0.18841    C:0.21377    A:0.27174    G:0.32609
position  2:    T:0.28623    C:0.18478    A:0.34783    G:0.18116
position  3:    T:0.16304    C:0.36957    A:0.16667    G:0.30072
Average         T:0.21256    C:0.25604    A:0.26208    G:0.26932

#7: Pan troglodytes
position  1:    T:0.21160    C:0.18430    A:0.27645    G:0.32765
position  2:    T:0.27645    C:0.20137    A:0.34130    G:0.18089
position  3:    T:0.26962    C:0.23891    A:0.26621    G:0.22526
Average         T:0.25256    C:0.20819    A:0.29465    G:0.24460

#8: Bos taurus     
position  1:    T:0.19795    C:0.21160    A:0.27645    G:0.31399
position  2:    T:0.27304    C:0.21502    A:0.32423    G:0.18771
position  3:    T:0.27645    C:0.25597    A:0.23208    G:0.23549
Average         T:0.24915    C:0.22753    A:0.27759    G:0.24573

Codon usage in genes
--------------------------------------------------------------
Phe TTT  0 70 | Ser TCT  0 35 | Tyr TAT  0 34 | Cys TGT  0 38
    TTC  0 69 |     TCC  1 19 |     TAC  0 41 |     TGC  0 36
Leu TTA  0 18 |     TCA  1 27 | *** TAA  0  0 | *** TGA  0  0
    TTG  3 35 |     TCG  7  4 |     TAG  0  0 | Trp TGG  0 17
--------------------------------------------------------------
Leu CTT  0 17 | Pro CCT  4 20 | His CAT  0 37 | Arg CGT  1  8
    CTC  2 33 |     CCC  1 18 |     CAC  3 49 |     CGC  5 17
    CTA  0 22 |     CCA  3 23 | Gln CAA  2  9 |     CGA  0 13
    CTG  3 67 |     CCG  5 12 |     CAG  8 52 |     CGG  5 17
--------------------------------------------------------------
Ile ATT  0 49 | Thr ACT  2 38 | Asn AAT  3 38 | Ser AGT  1 19
    ATC  0 31 |     ACC  5 23 |     AAC 12 31 |     AGC  7 24
    ATA  0 21 |     ACA 10 28 | Lys AAA  2 92 | Arg AGA  0 30
Met ATG  6 43 |     ACG  1 15 |     AAG  7 59 |     AGG  3 42
--------------------------------------------------------------
Val GTT  3 44 | Ala GCT  4 30 | Asp GAT  4 97 | Gly GGT  4 13
    GTC  0 18 |     GCC  3 37 |     GAC 13 66 |     GGC  2 44
    GTA  0 15 |     GCA  8 57 | Glu GAA  9 78 |     GGA  3 51
    GTG  2 73 |     GCG  3 12 |     GAG  8 52 |     GGG  8 13
--------------------------------------------------------------

Codon position x base (3x4) table for each gene.


Gene #1
position  1:    T:0.06417    C:0.22460    A:0.31551    G:0.39572
position  2:    T:0.10160    C:0.31016    A:0.37968    G:0.20856
position  3:    T:0.13904    C:0.28877    A:0.20321    G:0.36898
Average         T:0.10160    C:0.27451    A:0.29947    G:0.32442

Gene #2
position  1:    T:0.20701    C:0.19346    A:0.27243    G:0.32710
position  2:    T:0.29206    C:0.18598    A:0.34346    G:0.17850
position  3:    T:0.27430    C:0.25981    A:0.22617    G:0.23972
Average         T:0.25779    C:0.21308    A:0.28069    G:0.24844

Sums of codon usage counts
------------------------------------------------------------------------------
Phe F TTT      70 | Ser S TCT      35 | Tyr Y TAT      34 | Cys C TGT      38
      TTC      69 |       TCC      20 |       TAC      41 |       TGC      36
Leu L TTA      18 |       TCA      28 | *** * TAA       0 | *** * TGA       0
      TTG      38 |       TCG      11 |       TAG       0 | Trp W TGG      17
------------------------------------------------------------------------------
Leu L CTT      17 | Pro P CCT      24 | His H CAT      37 | Arg R CGT       9
      CTC      35 |       CCC      19 |       CAC      52 |       CGC      22
      CTA      22 |       CCA      26 | Gln Q CAA      11 |       CGA      13
      CTG      70 |       CCG      17 |       CAG      60 |       CGG      22
------------------------------------------------------------------------------
Ile I ATT      49 | Thr T ACT      40 | Asn N AAT      41 | Ser S AGT      20
      ATC      31 |       ACC      28 |       AAC      43 |       AGC      31
      ATA      21 |       ACA      38 | Lys K AAA      94 | Arg R AGA      30
Met M ATG      49 |       ACG      16 |       AAG      66 |       AGG      45
------------------------------------------------------------------------------
Val V GTT      47 | Ala A GCT      34 | Asp D GAT     101 | Gly G GGT      17
      GTC      18 |       GCC      40 |       GAC      79 |       GGC      46
      GTA      15 |       GCA      65 | Glu E GAA      87 |       GGA      54
      GTG      75 |       GCG      15 |       GAG      60 |       GGG      21
------------------------------------------------------------------------------

(Ambiguity data are not used in the counts.)


Codon position x base (3x4) table, overall

position  1:    T:0.19553    C:0.19596    A:0.27589    G:0.33262
position  2:    T:0.27675    C:0.19596    A:0.34637    G:0.18092
position  3:    T:0.26343    C:0.26214    A:0.22432    G:0.25011
Average         T:0.24524    C:0.21802    A:0.28219    G:0.25455


Nei & Gojobori 1986. dN/dS (dN, dS)
(Pairwise deletion)
(Note: This matrix is not used in later ML. analysis.
Use runmode = -2 for ML pairwise comparison.)

Canis lupus familiaris
Danio rerio         -1.0000 (0.2941 -1.0000)
Homo sapiens         0.1294 (0.0544 0.4208)-1.0000 (0.2897 -1.0000)
Rattus norvegicus    0.0592 (0.0574 0.9695) 0.0654 (0.2558 3.9089) 0.0750 (0.0587 0.7821)
Gallus gallus        0.0656 (0.2140 3.2607)-1.0000 (0.3333 -1.0000) 0.1459 (0.2193 1.5027)-1.0000 (0.2207 -1.0000)
Mus musculus         0.0486 (0.0524 1.0778) 0.0833 (0.2589 3.1087) 0.0628 (0.0574 0.9133) 0.0630 (0.0182 0.2893)-1.0000 (0.2076 -1.0000)
Pan troglodytes      0.1209 (0.0529 0.4376)-1.0000 (0.2877 -1.0000) 0.0963 (0.0015 0.0153) 0.0746 (0.0604 0.8103) 0.1382 (0.2175 1.5733) 0.0624 (0.0591 0.9472)
Bos taurus           0.1026 (0.0575 0.5602)-1.0000 (0.2893 -1.0000) 0.1422 (0.0726 0.5106) 0.0630 (0.0631 1.0021) 0.1244 (0.2153 1.7315) 0.0659 (0.0649 0.9853) 0.1394 (0.0710 0.5093)


TREE #  1:  (((((3, 7), (6, 4)), (8, 1)), 5), 2);   MP score: -1
lnL(ntime:  7  np: 12):  -4058.711723      +0.000000
   9..10   10..11   11..12   12..13   13..3    13..7    12..14   14..6    14..4    11..15   15..8    15..1    10..5     9..2  
 3.024677 1.920959 0.614526 0.614526 0.014678 0.187217 0.508650 0.510432 1.256642 0.438724 1.838207 0.084953
SEs for parameters:
 0.437314 0.262169 0.081356 0.085975 0.007839 0.034025 0.079003 0.069288 0.315230 0.146994 0.190051 0.007813
Note: Branch length is defined for the first gene (site partition).
For other genes, look at "rates for genes".

tree length =   9.90991 (1st gene)

(((((3: 0.014678, 7: 0.014678): 0.599848, (6: 0.187217, 4: 0.187217): 0.427309): 0.000001, (8: 0.508650, 1: 0.508650): 0.105876): 1.306432, 5: 1.920959): 1.103718, 2: 3.024677);

(((((Homo sapiens: 0.014678, Pan troglodytes: 0.014678): 0.599848, (Mus musculus: 0.187217, Rattus norvegicus: 0.187217): 0.427309): 0.000001, (Bos taurus: 0.508650, Canis lupus familiaris: 0.508650): 0.105876): 1.306432, Gallus gallus: 1.920959): 1.103718, Danio rerio: 3.024677);

Detailed output identifying parameters

rates for 2 genes:     1  0.51043

gene # 1: kappa =   1.25664 omega =   0.43872
gene # 2: kappa =   1.83821 omega =   0.08495

Time used:  0:30
