
seed used = 1418808957
      8   1440

Bos taurus                                 ATG GAG CTG CTG TGC GGC GAG GTA --- --- --- --- --- --- --- --- --- --- --- --- --- --- --- --- --- --- --- --- --- --- --- --- --- --- --- --- --- --- --- --- --- --- --- --- --- --- --- --- --- --- --- --- --- --- --- --- --- --- --- --- --- --- --- --- --- --- --- --- --- --- --- --- --- --- --- --- --- --- --- --- --- --- --- --- --- --- --- --- --- --- --- --- --- --- --- --- --- --- --- --- --- --- --- --- --- --- --- --- --- --- --- --- --- --- --- --- --- --- --- --- --- --- --- --- --- --- --- --- --- --- --- --- --- --- --- GAG CCG GTC CGC AGG GCC GTG CCG GAC GCC AAC CTG CTC CAC GAC GAC CGC GTG TTG CAG AAC TTG CTG ACC ATC GAG GAG CGC TAC CTG CCC CAG TGC TCC TAC TTC AAG TGC GTG CAG AAG GAC ATT CAG CCC TAC ATG CGC AGG ATG GTG GCC ACC TGG ATG CTG GAG GTC TGT GAG GAG CAG AAG TGC GAA GAG GAG GTC TTT CCT CTC GCC ATC AAT TAC CTG GAC CGC TTC TTG GCC GGA GTC CCA ACT CCG AAG ACC CAT CTG CAG CTG CTG GGG GCC GTG TGC ATG TTC CTG GCG TCC AAG CTC AAA GAG --- --- ACC ATC CCG CTG ACC GCT GAG AAG TTA TGC ATT TAC ACC GAC AAC TCC ATC AAG CCT CAG GAG CTG CTG GAG TGG GAG CTG GTG GTG CTG GGC AAG TTG AAA TGG AAC CTG GCG GCT GTC ACC CCC CAC GAC TTC ATC GAA CAC ATC CTT CGC AAG CTG CCT CAG --- --- --- --- --- CCC AGC GAG AAG CTG TCG CTG ATT CGC AAG CAC GCC CAG ACC TTC ATC GCT CTG TGC GCC ACT GAC TTC AAG TTT GCC ATG TAC CCG CCG TCG ATG ATT GCA ACT GGA AGC GTG GGG GCC GCC ATC TGT GGG CTT CAG CAG GAT --- GAG GAT GTG AGC TCG CTC ACT GGA GAC GCC CTG GTG GAT CTC CTG GCA AAG ATC ACC AAC ACC GAT GTG GAT TGC CTC AAA GCC TGC CAG GAG CAG ATT GAG GTG GTG CTG --- --- --- --- --- --- --- --- --- --- --- --- --- --- --- --- --- --- CTG AAT AGC CTG --- --- --- --- --- CAG CAG TAC CGT CAG GAC CAG GGC --- --- --- --- --- --- --- --- --- --- --- --- --- --- --- --- --- --- --- --- --- --- --- --- --- --- --- --- --- GAT --- GGA --- --- --- TCC AAG TCG GAG GAT GAG CTG GAC CAA GCC AGC ACC CCT ACA GAT GTT CGG GAT ATC GAC CTG 
Rattus norvegicus                          ATG GAG CTG CTG TGC TGT GAG GTG --- --- --- --- --- --- --- --- --- --- --- --- --- --- --- --- --- --- --- --- --- --- --- --- --- --- --- --- --- --- --- --- --- --- --- --- --- --- --- --- --- --- --- --- --- --- --- --- --- --- --- --- --- --- --- --- --- --- --- --- --- --- --- --- --- --- --- --- --- --- --- --- --- --- --- --- --- --- --- --- --- --- --- --- --- --- --- --- --- --- --- --- --- --- --- --- --- --- --- --- --- --- --- --- --- --- --- --- --- --- --- --- --- --- --- --- --- --- --- --- --- --- --- --- --- --- --- GAC CCG GTC CGC AGG GCC GTG CCG GAC CGC AAC CTG CTG --- GAA GAC CGC GTC CTG CAG AAC CTG TTG ACT ATC GAG GAG CGC TAC CTC CCG CAA TGT TCC TAT TTC AAG TGC GTG CAG AAG GAC ATC CAG CCG TAC ATG CGC AGG ATG GTG GCT ACC TGG ATG CTA GAG GTC TGT GAG GAA CAG AAG TGT GAA GAA GAG GTC TTT CCT CTG GCC ATG AAT TAC CTG GAC CGT TTC TTG GCT GGA GTC CCG ACT CCT AAG ACC CAT CTT CAG CTC CTG GGC GCT GTG TGC ATG TTC CTA GCT TCC AAG CTG AAA GAG --- --- ACC ATC CCG CTG ACT GCG GAA AAG CTG TGT ATT TAC ACC GAC AAC TCT GTG AAG CCC CAG GAG CTG CTG GAG TGG GAA CTG GTA GTG TTG GGT AAG CTG AAG TGG AAC CTG GCC GCA GTC ACC CCT CAC GAC TTC ATT GAG CAC ATC CTT CGC AAG CTG CCC CAG --- --- --- --- --- CAA AAG GAG AAG CTG TCC CTG ATC CGC AAG CAT GCG CAG ACC TTC ATC GCT CTG TGT GCT ACC GAC TTC AAG TTT GCC ATG TAC CCG CCA TCG ATG ATC GCA ACT GGA AGC GTG GGA GCA GCC ATC TGC GGG CTT CAG CAG GAC --- GAG GAA GTG AAT GCA CTC ACG TGC GAT GCC CTG ACG GAG CTG CTG ACC AAG ATC ACC CAC ACC GAT GTG GAT TGT CTC AAA GCC TGC CAG GAG CAA ATC GAG GCT GTG CTG --- --- --- --- --- --- --- --- --- --- --- --- --- --- --- --- --- --- CTT AAC AGC CTT --- --- --- --- --- CAG CAG TTC CGT CAA GAG CAG CAC --- --- --- --- --- --- --- --- --- --- --- --- --- --- --- --- --- --- --- --- --- --- --- --- --- --- --- --- --- AAC --- GGC --- --- --- TCC AAG TCT GTG GAA GAT CCG GAC CAA GCC ACC ACC CCT ACA GAC GTG CGG GAT GTT GAC CTG 
Gallus gallus                              ATG GAG TTG CTG TGC TGC GAG GTG --- --- --- --- --- --- --- --- --- --- --- --- --- --- --- --- --- --- --- --- --- --- --- --- --- --- --- --- --- --- --- --- --- --- --- --- --- --- --- --- --- --- --- --- --- --- --- --- --- --- --- --- --- --- --- --- --- --- --- --- --- --- --- --- --- --- --- --- --- --- --- --- --- --- --- --- --- --- --- --- --- --- --- --- --- --- --- --- --- --- --- --- --- --- --- --- --- --- --- --- --- --- --- --- --- --- --- --- --- --- --- --- --- --- --- --- --- --- --- --- --- --- --- --- --- --- --- GAT CCT ATG AGG AGA GCT TTG CCG GAC CCG AAC TTG CTC TAC GAC GAC CGT GTT TTG CAC AAC TTA CTG ACG ATA GAG GAG CGG TAT CTG CCC CAG TGC TCC TAC TTC AAG TGC GTG CAG AAG GAC ATC CAG CCC TTC ATG AGG AGG ATG GTG GCC ACT TGG ATG TTG GAG GTC TGT GAA GAA CAG AAG TGT GAA GAA GAA GTT TTC CCT CTG GCT ATG AAT TAC TTG GAC AGA TTC TTA GCT GTG GTG CCC ACT CGA AAG TGC CAT CTG CAA CTA CTG GGG GCA GTG TGC ATG TTC CTG GCC TCC AAA CTA AAA GAG --- --- ACA ATC CCC CTC ACA GCA GAG AAG CTT TGC ATA TAC ACG GAC AAT TCC ATC AAA CCC CAA GAG CTG CTG GAA TGG GAG CTC GTG GTA TTG GGG AAG TTG AAG TGG AAC CTT GCA GCA GTC ACC CCA CAT GAT TTC ATT GAG CAC ATC CTA CGG AAG CTG CCT CTA --- --- --- --- --- CCT AAA GAC AAG TTG GTT TTG ATC CGG AAA CAT GCA CAA ACG TTC ATT GCC CTT TGT GCC ACA GAT TTT AAC TTT GCC ATG TAC CCT CCA TCA ATG ATA GCA ACT GGA AGT GTG GGA GCA GCC ATC TGT GGC CTT CAG CTT GAT --- GAT GGG GAC AGA TCA CTC TCT GGT GAC AGC CTA ACA GAC TTT CTG GCC AAG ATT ACA AGC ACA GAT GTG GAC TGC CTT AAA GCT TGT CAA GAA CAG ATT GAG TCG GTG CTA --- --- --- --- --- --- --- --- --- --- --- --- --- --- --- --- --- --- GTA AGC AAC CTT --- --- --- --- --- AGG CAA GTC CGG CAG CAG CAA CAA --- --- --- --- --- --- --- --- --- --- --- --- --- --- --- --- --- --- --- --- --- --- --- --- --- --- --- --- --- CAA AGC AAT --- --- CCT TCT AAG ACC ATT GAG GAA CTG GAC CAG GCC AGC ACT CCC ACA GAT GTG AGA GAT ATC AAC CTG 
Homo sapiens                               ATG GAG CTG CTG TGC CAC GAG GTG --- --- --- --- --- --- --- --- --- --- --- --- --- --- --- --- --- --- --- --- --- --- --- --- --- --- --- --- --- --- --- --- --- --- --- --- --- --- --- --- --- --- --- --- --- --- --- --- --- --- --- --- --- --- --- --- --- --- --- --- --- --- --- --- --- --- --- --- --- --- --- --- --- --- --- --- --- --- --- --- --- --- --- --- --- --- --- --- --- --- --- --- --- --- --- --- --- --- --- --- --- --- --- --- --- --- --- --- --- --- --- --- --- --- --- --- --- --- --- --- --- --- --- --- --- --- --- GAC CCG GTC CGC AGG GCC GTG CGG GAC CGC AAC CTG CTC CGA GAC GAC CGC GTC CTG CAG AAC CTG CTC ACC ATC GAG GAG CGC TAC CTT CCG CAG TGC TCC TAC TTC AAG TGC GTG CAG AAG GAC ATC CAA CCC TAC ATG CGC AGA ATG GTG GCC ACC TGG ATG CTG GAG GTC TGT GAG GAA CAG AAG TGC GAA GAA GAG GTC TTC CCT CTG GCC ATG AAT TAC CTG GAC CGT TTC TTG GCT GGG GTC CCG ACT CCG AAG TCC CAT CTG CAA CTC CTG GGT GCT GTC TGC ATG TTC CTG GCC TCC AAA CTC AAA GAG --- --- ACC AGC CCG CTG ACC GCG GAG AAG CTG TGC ATT TAC ACC GAC AAC TCC ATC AAG CCT CAG GAG CTG CTG GAG TGG GAA CTG GTG GTG CTG GGG AAG TTG AAG TGG AAC CTG GCA GCT GTC ACT CCT CAT GAC TTC ATT GAG CAC ATC TTG CGC AAG CTG CCC CAG --- --- --- --- --- CAG CGG GAG AAG CTG TCT CTG ATC CGC AAG CAT GCT CAG ACC TTC ATT GCT CTG TGT GCC ACC GAC TTT AAG TTT GCC ATG TAC CCA CCG TCG ATG ATC GCA ACT GGA AGT GTG GGA GCA GCC ATC TGT GGG CTC CAG CAG GAT --- GAG GAA GTG AGC TCG CTC ACT TGT GAT GCC CTG ACT GAG CTG CTG GCT AAG ATC ACC AAC ACA GAC GTG GAT TGT CTC AAA GCT TGC CAG GAG CAG ATT GAG GCG GTG CTC --- --- --- --- --- --- --- --- --- --- --- --- --- --- --- --- --- --- CTC AAT AGC CTG --- --- --- --- --- CAG CAG TAC CGT CAG GAC CAA CGT --- --- --- --- --- --- --- --- --- --- --- --- --- --- --- --- --- --- --- --- --- --- --- --- --- --- --- --- --- GAC --- GGA --- --- --- TCC AAG TCG GAG GAT GAA CTG GAC CAA GCC AGC ACC CCT ACA GAC GTG CGG GAT ATC GAC CTG 
Pan troglodytes                            ATG GAG CTG CTG TGC CAC GAG GTG --- --- --- --- --- --- --- --- --- --- --- --- --- --- --- --- --- --- --- --- --- --- --- --- --- --- --- --- --- --- --- --- --- --- --- --- --- --- --- --- --- --- --- --- --- --- --- --- --- --- --- --- --- --- --- --- --- --- --- --- --- --- --- --- --- --- --- --- --- --- --- --- --- --- --- --- --- --- --- --- --- --- --- --- --- --- --- --- --- --- --- --- --- --- --- --- --- --- --- --- --- --- --- --- --- --- --- --- --- --- --- --- --- --- --- --- --- --- --- --- --- --- --- --- --- --- --- GAC CCG GTC CGC AGG GCC GTG CGG GAC CGC AAC CTG CTC CGA GAC GAC CGC GTC CTG CAG AAC CTG CTC ACC ATC GAG GAG CGC TAC CTT CCG CAG TGC TCC TAC TTC AAG TGC GTG CAG AAG GAC ATC CAA CCC TAC ATG CGC AGA ATG GTG GCC ACC TGG ATG CTG GAG GTC TGT GAG GAA CAG AAG TGC GAA GAA GAG GTC TTC CCT CTG GCC ATG AAT TAC CTG GAC CGT TTC TTG GCT GGG GTC CCG ACT CCG AAG TCC CAT CTG CAA CTC CTG GGT GCT GTC TGC ATG TTC CTG GCC TCC AAA CTC AAA GAG --- --- ACC AGC CCG CTG ACT GCG GAG AAG CTG TGC ATT TAC ACC GAC AAC TCC ATC AAG CCT CAG GAG CTG CTG GAG TGG GAA CTG GTG GTG CTG GGG AAG TTG AAG TGG AAC CTG GCA GCT GTC ACT CCT CAT GAC TTC ATT GAG CAC ATC TTG CGC AAG CTG CCC CAG --- --- --- --- --- CAG CGG GAG AAG CTG TCT CTG ATC CGC AAG CAT GCT CAG ACC TTC ATT GCT CTG TGT GCC ACC GAC TTT AAG TTT GCC ATG TAC CCA CCG TCG ATG ATC GCA ACT GGA AGT GTG GGA GCA GCC ATC TGT GGG CTC CAG CAG GAT --- GAG GAA GTG AGC TCG CTC ACT TGT GAT GCC CTG ACT GAG CTG CTG GCT AAG ATC ACC AAC ACA GAC GTG GAT TGT CTC AAA GCT TGC CAG GAG CAG ATT GAG GCG GTG CTC --- --- --- --- --- --- --- --- --- --- --- --- --- --- --- --- --- --- CTC AAT AGC CTG --- --- --- --- --- CAG CAG TAC CGT CAG GAC CAA CGT --- --- --- --- --- --- --- --- --- --- --- --- --- --- --- --- --- --- --- --- --- --- --- --- --- --- --- --- --- GAC --- GGA --- --- --- TCC AAG TCG GAG GAT GAA CTG GAC CAA GCC AGC ACC CCT ACA GAC GTG CGG GAT ATC GAC CTG 
Danio rerio                                ATG GAA CTG CTT TGT CTC GAG ATG --- --- --- --- --- --- --- --- --- --- --- --- --- --- --- --- --- --- --- --- --- --- --- --- --- --- --- --- --- --- --- --- --- --- --- --- --- --- --- --- --- --- --- --- --- --- --- --- --- --- --- --- --- --- --- --- --- --- --- --- --- --- --- --- --- --- --- --- --- --- --- --- --- --- --- --- --- --- --- --- --- --- --- --- --- --- --- --- --- --- --- --- --- --- --- --- --- --- --- --- --- --- --- --- --- --- --- --- --- --- --- --- --- --- --- --- --- --- --- --- --- --- --- --- --- --- --- GAC ACC ATT ATA AGA GCC CGT CCT GAT CCG AAT CTT CTG TAT GAT GAC AGG GTA CTA CAG AGT TTG CTG ACC ATC GAA GAG AGG TTT CTT CCT CAG TGT TCA TAT TTT AAA TGC GTT CAG AAA GAC ATT CAG CCC TTT ATG CGG AGG ATG GTG GCA ACA TGG ATG TTA GAG GTC TGC GAG GAA CAG AAA TGC GAG GAA GAA GTT TTT CCA CTG GCT ATG AAC TAC TTG GAC CGA TTT TTA GCG GTG GTA CCA ACA AGA AAA TGT AAC TTG CAG TTG CTC GGC GCA GTT TGC ATG TTT CTT GCG TCT AAA TTG AAA GAG --- --- ACG CGT CCA TTA ACT GCA GAG AAG CTG TGT ATC TAC ACT GAT AAC TCA ATC AGA CCG CAA GAA CTG CTG GAA TGG GAG CTG GTT GTC CTG GGC AAA TTG AAG TGG AAC CTA GCA GCT GTC ACT CCC AAT GAC TTT ATT GAG CAC ATT ATG AGG AAG CTT CCG CTG --- --- --- --- --- CCT GAG GAT AAG CTG GAG CTG ATT CGT AAA CAT GTG CAG ACT TTC ATC GCC CTA TGT GCA ACA GAT TTC AAC TTT GCC ATG TAC CCT CCA TCC ATG ATT GCA ACG GGT AGT GTG GCA GCA GCT ATC TGT GGC CTG CAA CTC AAC --- AGC ACT AAC CAC TCA CTG TGG GGA GAC AAC CTT ACA GAA TTG CTT GCC AAG ATC ACA AAT ACA GAA GTT GAT GTG TTA AAG GCA TGC CAG GAG CAG ATT GAG AGA GTG TTG --- --- --- --- --- --- --- --- --- --- --- --- --- --- --- --- --- --- ATG AAT AAC CTG AGG GAG GGT CGT CGG CAG CAG CAA AAA CAG CAA CAG CAG --- --- --- --- --- --- --- --- --- --- --- --- --- --- --- --- --- --- --- --- --- --- --- --- --- --- --- --- --- GAA CAG GGT GGC CAG CGC AGC AAA GCA CTT GAT GAC CAG GAC CAG TCC AGC ACC CCA ACC GAT GTA CGA GAC ATC AAC TTG 
Canis lupus familiaris                     ATG GAG CTG CTG TGC TGC GAG GTG --- --- --- --- --- --- --- --- --- --- --- --- --- --- --- --- --- --- --- --- --- --- --- --- --- --- --- --- --- --- --- --- --- --- --- --- --- --- --- --- --- --- --- --- --- --- --- --- --- --- --- --- --- --- --- --- --- --- --- --- --- --- --- --- --- --- --- --- --- --- --- --- --- --- --- --- --- --- --- --- --- --- --- --- --- --- --- --- --- --- --- --- --- --- --- --- --- --- --- --- --- --- --- --- --- --- --- --- --- --- --- --- --- --- --- --- --- --- --- --- --- --- --- --- --- --- --- GAC CCG GTC CGC AGG GCC GTG CCG GAC GCC AAC CTG CTC TAC GAC GAC CGC GTT TTG CAG AAC TTG CTC ACC ATC GAG GAG CGC TAC CTT CCC CAG TGC TCC TAC TTC AAA TGC GTG CAG AAG GAC ATC CAG CCC TAC ATG CGC AGG ATG GTG GCC ACC TGG ATG CTG GAG GTC TGT GAG GAA CAG AAG TGC GAA GAG GAG GTC TTC CCT TTG GCC ATG AAT TAC CTG GAT CGC TTC TTG GCC GGG GTC CCA ACT CCT AAG ACC CAT CTG CAG CTC CTG GGT GCT GTC TGC ATG TTC CTG GCC TCC AAA CTT AAA GAG --- --- ACT ATC CCT CTG ACC GCA GAG AAG TTG TGC ATT TAC ACT GAC AAC TCC ATC AAG CCT CAG GAG CTG CTG GAG TGG GAG CTG GTG GTG TTG GGG AAA TTG AAG TGG AAC CTG GCT GCC GTA ACC CCT CAT GAC TTC ATC GAG CAC ATC CTT CGG AAG CTG CCG CAG --- --- --- --- --- CCG AGT GAG AAA TTG TCT CTG ATC CGC AAG CAC GCG CAG ACC TTC ATT GCT CTG TGT GCC ACC GAC TTT AAG TTC GCC ATG TAT CCG CCA TCG ATG ATT GCA ACT GGA AGC GTG GGA GCC GCC ATC TGT GGG CTG CAG CAG GAT --- GAG GAC GTG AGC TCC CTC ACC GGC GAT GCC CTG GTG GAT CTG CTG GCC AAG ATC ACC AAC ACG GAT GTG GAC TGC CTC AAA GCC TGC CAG GAG CAG ATT GAG GTG GTG CTG --- --- --- --- --- --- --- --- --- --- --- --- --- --- --- --- --- --- CTC AAC AGC CTG --- --- --- --- --- CAG CAG TTC CGC CAG GAC CAG GGG --- --- --- --- --- --- --- --- --- --- --- --- --- --- --- --- --- --- --- --- --- --- --- --- --- --- --- --- --- GAT --- GGG --- --- --- TCC AAG TCC GAG GAT GAA CTG GAC CAG GCC AGC ACC CCT ACA GAC GTG CGG GAT ATT GAC CTG 
Mus musculus                               ATG GAG CTG CTG TGC TGC GAG GTG --- --- --- --- --- --- --- --- --- --- --- --- --- --- --- --- --- --- --- --- --- --- --- --- --- --- --- --- --- --- --- --- --- --- --- --- --- --- --- --- --- --- --- --- --- --- --- --- --- --- --- --- --- --- --- --- --- --- --- --- --- --- --- --- --- --- --- --- --- --- --- --- --- --- --- --- --- --- --- --- --- --- --- --- --- --- --- --- --- --- --- --- --- --- --- --- --- --- --- --- --- --- --- --- --- --- --- --- --- --- --- --- --- --- --- --- --- --- --- --- --- --- --- --- --- --- --- GAC CCG GTC CGC AGG GCC GTG CCG GAC CGC AAC CTG CTG --- GAA GAC CGC GTT CTG CAG AAC CTG TTG ACC ATC GAG GAG CGC TAC CTC CCG CAG TGT TCC TAT TTC AAG TGC GTG CAG AAG GAC ATC CAA CCG TAC ATG CGC AGG ATG GTG GCC ACC TGG ATG CTA GAG GTC TGT GAG GAA CAA AAG TGT GAA GAA GAG GTC TTT CCT CTG GCC ATG AAT TAC CTG GAC CGT TTC TTG GCT GGA GTC CCG ACT CCT AAG ACC CAT CTT CAG CTC CTG GGT GCA GTG TGC ATG TTC CTA GCT TCC AAG CTG AAA GAG --- --- ACC ATC CCG CTG ACT GCG GAA AAG CTG TGC ATT TAC ACC GAC AAC TCT GTG AAG CCC CAG GAG CTG CTG GAG TGG GAA CTG GTA GTG TTG GGT AAG CTG AAG TGG AAC CTG GCC GCA GTC ACC CCT CAC GAC TTC ATT GAG CAC ATC CTT CGC AAG CTG CCC CAG --- --- --- --- --- CAA AAG GAG AAG CTG TCC CTG ATC CGC AAG CAT GCG CAG ACC TTC ATC GCT CTG TGC GCT ACC GAC TTC AAG TTT GCC ATG TAC CCG CCG TCG ATG ATT GCA ACT GGA AGC GTG GGA GCA GCC ATC TGT GGG CTT CAG CAG GAT --- GAT GAA GTG AAC ACA CTC ACG TGT GAT GCC CTG ACA GAG CTG CTG GCC AAG ATC ACC CAC ACT GAT GTG GAT TGT CTC AAA GCC TGC CAG GAG CAA ATC GAA GCT CTG CTG --- --- --- --- --- --- --- --- --- --- --- --- --- --- --- --- --- --- CTG AAC AGC CTG --- --- --- --- --- CAG CAG TTC CGT CAA GAG CAG CAT --- --- --- --- --- --- --- --- --- --- --- --- --- --- --- --- --- --- --- --- --- --- --- --- --- --- --- --- --- AAC GCC GGA --- --- --- TCC AAG TCT GTG GAA GAT CCG GAC CAA GCC ACC ACC CCT ACA GAC GTG CGG GAT GTT GAC CTG 



Printing out site pattern counts


         8        774  P

Bos taurus                                  --- --- --- --- --- --- --- --- --- --- AAA AAA AAA AAC AAC AAC AAC AAC AAG AAG AAG AAG AAG AAG AAG AAG AAT AAT ACA ACC ACC ACC ACC ACC ACC ACC ACC ACC ACC ACC ACT ACT ACT ACT AGC AGC AGC AGC AGC AGG AGG ATC ATC ATC ATC ATC ATC ATC ATC ATC ATC ATG ATT ATT ATT ATT CAA CAC CAC CAC CAC CAG CAG CAG CAG CAG CAG CAG CAG CAG CAG CAG CAG CAG CAT CCA CCC CCC CCC CCC CCG CCG CCG CCG CCG CCG CCT CCT CCT CCT CGC CGC CGC CGC CGC CGC CGC CGG CGT CTC CTC CTC CTC CTC CTC CTG CTG CTG CTG CTG CTG CTG CTG CTG CTG CTG CTG CTG CTG CTG CTG CTG CTG CTG CTG CTG CTG CTG CTT CTT GAA GAA GAC GAC GAC GAC GAC GAC GAC GAC GAC GAG GAG GAG GAG GAG GAG GAG GAG GAG GAG GAG GAG GAG GAG GAT GAT GAT GAT GAT GAT GAT GAT GAT GCA GCA GCC GCC GCC GCC GCC GCC GCC GCC GCC GCC GCC GCC GCC GCC GCG GCG GCT GCT GCT GGA GGA GGA GGA GGC GGC GGC GGG GGG GGG GTA GTC GTC GTC GTC GTC GTG GTG GTG GTG GTG GTG GTG GTG GTG GTG GTG GTT TAC TAC TAC TAC TAC TAC TCC TCC TCC TCC TCG TCG TCG TCG TGC TGC TGC TGC TGC TGC TGC TGC TGG TGT TGT TTA TTC TTC TTC TTG TTG TTG TTG TTT TTT
Rattus norvegicus                           --- --- --- --- --- --- --- --- --- --- AAA AAA AAG AAC AAC AAC AAC CAC AAG AAG AAG AAG AAG AAG AAG AAG AAC AAT ACA ACC ACC ACC ACC ACC ACC ACC ACC ACC ACT ACT ACC ACG ACT ACT AAG AAT ACC AGC AGC AGG AGG ATC ATC ATC ATC ATC ATC ATG ATT GTG GTT ATG ATC ATC ATC ATT CAA --- CAC CAC CAT CAA CAA CAG CAG CAG CAG CAG CAG CAG CAG CAG CAG CAG CAT CCG CAA CCG CCG CCT CCA CCG CCG CCG CCG CCT CCC CCC CCT CCT CGC CGC CGC CGC CGC CGC CGT CGG CGT CTC CTC CTG CTG CTG CTG CCG CTA CTA CTC CTC CTG CTG CTG CTG CTG CTG CTG CTG CTG CTG CTG CTG CTG CTT CTT CTT TTG TTG CTT CTT GAA GAG GAA GAC GAC GAC GAC GAC GAC GAG GAT GAA GAA GAA GAA GAC GAG GAG GAG GAG GAG GAG GAG GAT GTG AAC GAA GAA GAC GAC GAG GAT GAT GAT ACC GCA CGC GCA GCC GCC GCC GCC GCC GCC GCC GCG GCT GCT GCT GCT GCC GCT GCA GCG GCT GGA GGA GGC TGC CAC GGT TGT GGA GGC GGG GTG GTC GTC GTC GTC GTC ACG GCT GTA GTC GTG GTG GTG GTG GTG GTG GTG GTG TAC TAC TAC TAC TAT TTC TCC TCC TCC TCT GCA TCC TCG TCT TGC TGC TGC TGT TGT TGT TGT TGT TGG TGC TGT CTG TTC TTC TTC CTG CTG CTG TTG TTT TTT
Gallus gallus                               --- --- --- --- --- --- --- --- AGC CCT AAA AAA AAG AAC AAC AAC AAT AGC AAA AAA AAA AAC AAG AAG AAG AAG AGC AAT ACA ACA ACA ACA ACC ACG ACG ACT ACT TGC ACA ACG ACA TCT ACT ACT AAA AGA AGC AAC AGT AGA AGG ATA ATC ATC ATC ATT ATT ATG ATT ATC ATC ATG ATA ATC ATT ATA CAG TAC CAC CAT CAT CAG CAG AGG CAA CAA CAA CAC CAG CAG CAG CAG CTA CTT CAT CCC CCT CCC CCC CCA CCA CCC CCG CCT CCT CGA CCC CCT CCC CCT AGG AGG CGG CGG CGG CGT AGA AGA CGG CTC CTT CTA CTC CTG TTT CTG CTG TTG CTA CTG CTA CTA CTC CTC CTG CTG CTG CTG CTT TTG TTG TTG TTG CTG CTT GTA CTG TTG CTA CTT GAA GAG GAC AAC GAC GAC GAC GAT GAT CAG GAC GAA GAA GAG GAG GAT GAA GAA GAC GAG GAG GAG GAT GAA ATT CAA GAG GGG GAT GAT GAC GAC GAT GAT GCC GCA CCG GCA AGC GCC GCC GCC GCT GCT GCT GCA GCA GCC GCC GCT GCA GCC GCA GCA GCC GGA GTG AAT GGT CAA GGG TGC GGA GGG GGC GTG ATG GTC GTC GTG GTT ACA TCG GTG GTT GAC GTA GTG GTG GTG GTG TTG GTG TAC TAC TAT TTC TAC GTC TCC TCC TCT TCC TCA GTT TCA ACC TGC TGC TGT TGC TGC TGC TGT TGT TGG TGT TGT CTT TTC TTC TTT TTA TTG TTG TTA TTC TTT
Homo sapiens                                --- --- --- --- --- --- --- --- --- --- AAA AAA AAG AAC AAC AAC AAC AAC AAA AAG AAG AAG AAG AAG AAG AAG AAT AAT ACA ACA ACC ACC ACT ACC ACC ACC ACC TCC ACC ACC ACC ACT ACT ACT CGG AGC AGC AGC AGT AGG AGA ATC AGC ATC ATC ATC ATT ATG ATT ATC ATC ATG ATC ATC ATT ATT CAA CGA CAC CAT CAT CAG CAG CAG CAA CAG CAG CAG CAA CAG CAG CAG CAG CAG CAT CCG CAG CCC CCG CCT CCG CCG CGG CCA CCG CCG CCT CCC CCT CCT CGC CGC CGC CGC CGC CGC CGT CGG CGT CTC CTC CTC CTC CTG CTG CTG CTG CTG CTC CTT CTC CTG CTG CTG CTG CTG CTG CTG CTG CTG CTG CTG CTG CTG CTG CTC CTC CTG TTG CTC GAA GAG GAC GAC GAC GAC GAC GAC GAC GAC GAT GAA GAA GAA GAG GAC GAG GAG GAG GAG GAG GAG GAG GAA GAG GAC GAT GAA GAC GAT GAG GAT GAC GAT GCT GCA CGC GCA GCC GCC GCC GCC GCC GCC GCT GCT GCT GCC GCC GCT GCA GCC GCT GCG GCT GGA GGG GGA TGT CGT GGG CAC GGA GGT GGG GTG GTC GTC GTC GTC GTC ACT GCG GTG GTC GTG GTG GTC GTG GTG GTG GTG GTG TAC TAC TAC TAC TAC TAC TCC TCC TCC TCC TCG TCT TCG TCG TGC TGC TGC TGC TGC TGT TGC TGT TGG TGT TGT CTG TTC TTC TTT CTG CTG TTG TTG TTC TTT
Pan troglodytes                             --- --- --- --- --- --- --- --- --- --- AAA AAA AAG AAC AAC AAC AAC AAC AAA AAG AAG AAG AAG AAG AAG AAG AAT AAT ACA ACA ACC ACC ACT ACC ACC ACC ACC TCC ACT ACC ACC ACT ACT ACT CGG AGC AGC AGC AGT AGG AGA ATC AGC ATC ATC ATC ATT ATG ATT ATC ATC ATG ATC ATC ATT ATT CAA CGA CAC CAT CAT CAG CAG CAG CAA CAG CAG CAG CAA CAG CAG CAG CAG CAG CAT CCG CAG CCC CCG CCT CCG CCG CGG CCA CCG CCG CCT CCC CCT CCT CGC CGC CGC CGC CGC CGC CGT CGG CGT CTC CTC CTC CTC CTG CTG CTG CTG CTG CTC CTT CTC CTG CTG CTG CTG CTG CTG CTG CTG CTG CTG CTG CTG CTG CTG CTC CTC CTG TTG CTC GAA GAG GAC GAC GAC GAC GAC GAC GAC GAC GAT GAA GAA GAA GAG GAC GAG GAG GAG GAG GAG GAG GAG GAA GAG GAC GAT GAA GAC GAT GAG GAT GAC GAT GCT GCA CGC GCA GCC GCC GCC GCC GCC GCC GCT GCT GCT GCC GCC GCT GCA GCC GCT GCG GCT GGA GGG GGA TGT CGT GGG CAC GGA GGT GGG GTG GTC GTC GTC GTC GTC ACT GCG GTG GTC GTG GTG GTC GTG GTG GTG GTG GTG TAC TAC TAC TAC TAC TAC TCC TCC TCC TCC TCG TCT TCG TCG TGC TGC TGC TGC TGC TGT TGC TGT TGG TGT TGT CTG TTC TTC TTT CTG CTG TTG TTG TTC TTT
Danio rerio                                 --- AGG CAG CGG CGT GAG GGC GGT CAG CGC AAA AAG AAG AAC AAT AGT AAC AAT AAA AAA AGA AAC AAA AAA AAG AAG AAT AAC ACC ACA ACA ACG ACT ACT ACT ACA ACC TGT ACT ACC ACA TGG ACA ACG GAG CAC AGC AAC AGT AGA AGG ATC CGT ATC ATT ATC ATC ATG ATT ATC ATC ATG ATT ATT ATT ATC CAG TAT CAC AAT CAT CAG CAG CAG CAG CAA CAG CAG CAG CAA CAG CAG CTG CTC AAC CCA CCT CCC CCT CCC CCA CCA CCT CCT ACC AGA CCG CCG CCA CCA ATA CGG AGG AGG CGT AGG CGA CGA AAA CTG TTA TTG CTG CTG TTG CAG CTT TTA TTG CTT TTG CTT CTG TTA CTC CTG CTT TTG CTA CTG CTG CTT TTG TTG CTG ATG CTG CTG ATG CTG GAG GAG GAT AAC GAC GAC GAT GAC GAT CAA GAC GAA GAA GAG GAG GAC GAA GAG GAT GAA GAG GAG AGC GAC CTT GAA GAT ACT GAT AAC GAA GAT GAA GAC GCC GCA CCG GCA AAC GCC GCT TCC GCC GCT GCA GTG GCA GCA GCA GCG GCA GCG GCT GCA GCC GGT GTG GGT GGA CAG GGC CTC GCA GGC GGC ATG ATT GTC GTC GTA GTT ACA AGA GTT GTA AAC GTC GTT GTG GTG GTT CGT GTA TAC TAC TTT TTT TAT CAA TCA TCT AGC TCA TCA GAG TCC GCA TGC TGT TGC TGT TGT GTG TGC TGT TGG TGT TGC CTG TTC TTT TTC TTG CTA TTG TTA TTT TTT
Canis lupus familiaris                      --- --- --- --- --- --- --- --- --- --- AAA AAA AAG AAC AAC AAC AAC AAC AAA AAG AAG AAG AAA AAG AAA AAG AAC AAT ACA ACG ACC ACT ACC ACC ACT ACC ACC ACC ACC ACC ACC ACC ACT ACT AGT AGC AGC AGC AGC AGG AGG ATC ATC ATC ATC ATC ATT ATG ATC ATC ATT ATG ATT ATC ATT ATT CAG TAC CAC CAT CAC CAG CAG CAG CAG CAG CAG CAG CAG CAG CAG CAG CAG CAG CAT CCA CCG CCC CCC CCT CCA CCT CCG CCG CCG CCT CCT CCG CCT CCT CGC CGC CGC CGG CGC CGC CGC CGG CGC CTC CTC CTT CTC TTG CTG CTG CTG CTG CTC CTT CTG CTG CTG CTG CTG CTG CTG CTG CTG CTG TTG CTG CTG CTG CTG CTC CTC TTG CTT CTG GAA GAG GAC GAC GAC GAT GAC GAC GAC GAC GAT GAA GAG GAG GAG GAC GAG GAG GAG GAG GAG GAG GAG GAA GAG GAT GAT GAC GAC GAT GAT GAC GAT GAT GCC GCA GCC GCC GCC GCC GCC GCC GCC GCC GCC GCG GCT GCC GCC GCC GCT GCC GCC GCA GCT GGA GGG GGG GGC GGG GGG TGC GGA GGT GGG GTG GTC GTA GTC GTC GTC GTG GTG GTG GTT GTG GTG GTC GTG GTG GTG GTG GTG TAC TAT TAC TAC TAC TTC TCC TCC TCC TCC TCC TCT TCG TCC TGC TGC TGC TGC TGC TGC TGC TGT TGG TGT TGT TTG TTC TTC TTT TTG TTG TTG TTG TTC TTC
Mus musculus                                --- --- --- --- --- --- --- --- GCC --- AAA AAA AAG AAC AAC AAC AAC CAC AAG AAG AAG AAG AAG AAG AAG AAG AAC AAT ACA ACT ACC ACC ACC ACC ACC ACC ACC ACC ACT ACC ACC ACG ACT ACT AAG AAC ACC AGC AGC AGG AGG ATC ATC ATC ATC ATC ATC ATG ATT GTG GTT ATG ATT ATC ATC ATT CAA --- CAC CAC CAT CAA CAG CAG CAG CAG CAG CAG CAA CAG CAA CAG CAG CAG CAT CCG CAA CCG CCG CCT CCG CCG CCG CCG CCG CCT CCC CCC CCT CCT CGC CGC CGC CGC CGC CGC CGT CGG CGT CTC CTC CTG CTG CTG CTG CCG CTA CTA CTC CTC CTG CTG CTG CTG CTG CTG CTG CTG CTG CTG CTG CTG CTG CTT CTG CTG TTG TTG CTT CTT GAA GAG GAA GAC GAC GAC GAC GAC GAC GAG GAT GAA GAA GAA GAA GAC GAG GAG GAG GAG GAA GAG GAT GAT GTG AAC GAA GAA GAC GAT GAG GAT GAT GAT GCC GCA CGC GCA GCC GCC GCC GCC GCC GCC GCC GCG GCA GCC GCT GCT GCC GCT GCA GCG GCT GGA GGA GGA TGT CAT GGT TGC GGA GGT GGG GTG GTC GTC GTC GTC GTC ACA GCT GTA GTT GTG GTG GTG CTG GTG GTG GTG GTG TAC TAC TAC TAC TAT TTC TCC TCC TCC TCT ACA TCC TCG TCT TGC TGC TGC TGC TGT TGT TGT TGC TGG TGT TGT CTG TTC TTC TTC CTG CTG CTG TTG TTT TTT



  182    1    1    1    1    1    1    1    1    1    1    1    1    1    1
    1    1    1    1    1    1    1    2    4    1    3    1    1    1    1
    1    1    1    1    1    1    1    1    1    1    1    1    1    1    1
    1    1    1    1    1    1    1    1    1    1    1    1    1    1    1
    1    7    1    2    1    1    1    1    1    1    1    2    1    1    2
    1    3    1    1    1    1    1    1    1    1    1    1    1    1    1
    1    1    1    1    1    1    1    1    1    1    1    1    1    1    1
    1    1    1    1    1    1    1    1    1    1    1    1    1    1    1
    1    1    1    1    1    2    3    1    2    2    1    1    1    1    1
    1    1    1    1    1    1    1    1    1    3    1    2    1    1    1
    1    1    1    1    1    1    2    2    1    3    1    4    1    1    1
    1    1    1    1    1    1    1    1    1    1    1    1    1    1    1
    1    1    1    1    1    1    1    1    1    1    1    1    1    1    1
    1    1    1    1    1    1    1    1    1    1    1    1    1    1    1
    1    1    1    1    1    1    1    1    1    2    2    1    1    2    1
    1    1    1    1    1    1    1    1    1    1    1    1    2    1    1
    1    1    1    1    1    3    1    1    1    1    4    1    1    1    1
    1    1    1

CODONML (in paml version 4.4b, July 2010)  torun.nuc
Model: One dN/dS ratio for branches Global clock 
Codon frequency model: F3x4
ns =   8  ls = 480

Codon usage in sequences
--------------------------------------------------------------------------------------------------------------
Phe TTT  2  2  3  2  2  8 | Ser TCT  0  2  2  1  1  1 | Tyr TAT  0  1  1  0  0  2 | Cys TGT  2  7  5  5  5  6
    TTC  6  7  7  6  6  2 |     TCC  4  4  3  5  5  2 |     TAC  7  5  5  7  7  3 |     TGC  9  6  8  7  7  5
Leu TTA  1  0  2  0  0  4 |     TCA  0  0  2  0  0  3 | *** TAA  0  0  0  0  0  0 | *** TGA  0  0  0  0  0  0
    TTG  4  3 10  3  3  9 |     TCG  4  1  1  3  3  0 |     TAG  0  0  0  0  0  0 | Trp TGG  3  3  3  3  3  4
--------------------------------------------------------------------------------------------------------------
Leu CTT  2  5  7  1  1  8 | Pro CCT  4  4  6  4  4  4 | His CAT  1  2  3  3  3  1 | Arg CGT  1  2  1  3  3  4
    CTC  6  4  4  9  9  3 |     CCC  4  2  6  2  2  2 |     CAC  4  4  2  2  2  2 |     CGC  7  7  0  7  7  1
    CTA  0  2  6  0  0  3 |     CCA  1  1  2  1  1  5 | Gln CAA  1  5  8  4  4  4 |     CGA  0  0  1  1  1  2
    CTG 28 26 13 28 28 15 |     CCG  6  8  2  6  6  3 |     CAG 17 14  9 15 15 18 |     CGG  1  1  4  3  3  2
--------------------------------------------------------------------------------------------------------------
Ile ATT  5  2  5  4  4  7 | Thr ACT  4  4  4  5  6  5 | Asn AAT  2  2  3  2  2  4 | Ser AGT  0  0  1  1  1  2
    ATC 10 10  7  9  9  7 |     ACC 11 12  2  9  8  4 |     AAC  5  6  6  5  5 10 |     AGC  5  2  5  4  4  3
    ATA  0  0  3  0  0  1 |     ACA  1  1  7  2  2  6 | Lys AAA  3  2  6  3  3 10 | Arg AGA  0  0  4  1  1  4
Met ATG  7  8  9  8  8 11 |     ACG  0  2  3  0  0  2 |     AAG 14 16 11 14 14  6 |     AGG  2  2  4  1  1  5
--------------------------------------------------------------------------------------------------------------
Val GTT  1  1  3  0  0  5 | Ala GCT  3  7  4  7  7  3 | Asp GAT  9  5  8  5  5  8 | Gly GGT  0  1  1  1  1  3
    GTC  5  6  3  7  7  3 |     GCC 14  8  8  9  9  4 |     GAC 12 12 12 15 15  9 |     GGC  3  2  1  0  0  4
    GTA  1  1  2  0  0  3 |     GCA  2  4  7  3  3 10 | Glu GAA  2  8  8  6  6 10 |     GGA  4  3  2  3  3  1
    GTG 13 13 11 11 11  6 |     GCG  2  2  0  2  2  2 |     GAG 21 17 12 18 18 14 |     GGG  3  1  3  3  3  0
--------------------------------------------------------------------------------------------------------------

--------------------------------------------------------------
Phe TTT  1  2 | Ser TCT  1  2 | Tyr TAT  1  1 | Cys TGT  3  6
    TTC  8  7 |     TCC  6  4 |     TAC  6  5 |     TGC  9  7
Leu TTA  0  0 |     TCA  0  0 | *** TAA  0  0 | *** TGA  0  0
    TTG  8  3 |     TCG  1  1 |     TAG  0  0 | Trp TGG  3  3
--------------------------------------------------------------
Leu CTT  3  3 | Pro CCT  6  4 | His CAT  2  3 | Arg CGT  0  2
    CTC  6  4 |     CCC  2  2 |     CAC  2  3 |     CGC  7  7
    CTA  0  2 |     CCA  2  0 | Gln CAA  0  6 |     CGA  0  0
    CTG 24 29 |     CCG  5  9 |     CAG 18 13 |     CGG  2  1
--------------------------------------------------------------
Ile ATT  5  3 | Thr ACT  4  4 | Asn AAT  1  1 | Ser AGT  1  0
    ATC  9  9 |     ACC 10 11 |     AAC  6  7 |     AGC  4  2
    ATA  0  0 |     ACA  1  3 | Lys AAA  6  2 | Arg AGA  0  0
Met ATG  8  8 |     ACG  1  1 |     AAG 11 16 |     AGG  2  2
--------------------------------------------------------------
Val GTT  1  2 | Ala GCT  3  5 | Asp GAT  8  7 | Gly GGT  1  2
    GTC  5  5 |     GCC 15 11 |     GAC 14 11 |     GGC  1  0
    GTA  1  1 |     GCA  2  4 | Glu GAA  3  9 |     GGA  2  4
    GTG 13 12 |     GCG  1  2 |     GAG 19 15 |     GGG  5  1
--------------------------------------------------------------

Codon position x base (3x4) table for each sequence.

#1: Bos taurus     
position  1:    T:0.14533    C:0.28720    A:0.23875    G:0.32872
position  2:    T:0.31488    C:0.20761    A:0.33910    G:0.13841
position  3:    T:0.12457    C:0.38754    A:0.05536    G:0.43253
Average         T:0.19493    C:0.29412    A:0.21107    G:0.29988

#2: Rattus norvegicus
position  1:    T:0.14236    C:0.30208    A:0.23958    G:0.31597
position  2:    T:0.31250    C:0.21528    A:0.34375    G:0.12847
position  3:    T:0.16319    C:0.33681    A:0.09375    G:0.40625
Average         T:0.20602    C:0.28472    A:0.22569    G:0.28356

#3: Gallus gallus  
position  1:    T:0.17869    C:0.25430    A:0.27491    G:0.29210
position  2:    T:0.32646    C:0.20275    A:0.32302    G:0.14777
position  3:    T:0.19588    C:0.27148    A:0.20619    G:0.32646
Average         T:0.23368    C:0.24284    A:0.26804    G:0.25544

#4: Homo sapiens   
position  1:    T:0.14533    C:0.30796    A:0.23529    G:0.31142
position  2:    T:0.30450    C:0.20415    A:0.34256    G:0.14879
position  3:    T:0.15225    C:0.35640    A:0.08304    G:0.40830
Average         T:0.20069    C:0.28950    A:0.22030    G:0.28950

#5: Pan troglodytes
position  1:    T:0.14533    C:0.30796    A:0.23529    G:0.31142
position  2:    T:0.30450    C:0.20415    A:0.34256    G:0.14879
position  3:    T:0.15571    C:0.35294    A:0.08304    G:0.40830
Average         T:0.20185    C:0.28835    A:0.22030    G:0.28950

#6: Danio rerio    
position  1:    T:0.16443    C:0.25839    A:0.29195    G:0.28523
position  2:    T:0.31879    C:0.18792    A:0.33893    G:0.15436
position  3:    T:0.23826    C:0.21477    A:0.22148    G:0.32550
Average         T:0.24049    C:0.22036    A:0.28412    G:0.25503

#7: Canis lupus familiaris
position  1:    T:0.16263    C:0.27336    A:0.23875    G:0.32526
position  2:    T:0.31834    C:0.20761    A:0.33564    G:0.13841
position  3:    T:0.14187    C:0.38062    A:0.05882    G:0.41869
Average         T:0.20761    C:0.28720    A:0.21107    G:0.29412

#8: Mus musculus   
position  1:    T:0.14187    C:0.30450    A:0.23875    G:0.31488
position  2:    T:0.31142    C:0.21799    A:0.34256    G:0.12803
position  3:    T:0.16263    C:0.32872    A:0.10727    G:0.40138
Average         T:0.20531    C:0.28374    A:0.22953    G:0.28143

Sums of codon usage counts
------------------------------------------------------------------------------
Phe F TTT      22 | Ser S TCT      10 | Tyr Y TAT       6 | Cys C TGT      39
      TTC      49 |       TCC      33 |       TAC      45 |       TGC      58
Leu L TTA       7 |       TCA       5 | *** * TAA       0 | *** * TGA       0
      TTG      43 |       TCG      14 |       TAG       0 | Trp W TGG      25
------------------------------------------------------------------------------
Leu L CTT      30 | Pro P CCT      36 | His H CAT      18 | Arg R CGT      16
      CTC      45 |       CCC      22 |       CAC      21 |       CGC      43
      CTA      13 |       CCA      13 | Gln Q CAA      32 |       CGA       5
      CTG     191 |       CCG      45 |       CAG     119 |       CGG      17
------------------------------------------------------------------------------
Ile I ATT      35 | Thr T ACT      36 | Asn N AAT      17 | Ser S AGT       6
      ATC      70 |       ACC      67 |       AAC      50 |       AGC      29
      ATA       4 |       ACA      23 | Lys K AAA      35 | Arg R AGA      10
Met M ATG      67 |       ACG       9 |       AAG     102 |       AGG      19
------------------------------------------------------------------------------
Val V GTT      13 | Ala A GCT      39 | Asp D GAT      55 | Gly G GGT      10
      GTC      41 |       GCC      78 |       GAC     100 |       GGC      11
      GTA       9 |       GCA      35 | Glu E GAA      52 |       GGA      22
      GTG      90 |       GCG      13 |       GAG     134 |       GGG      19
------------------------------------------------------------------------------

(Ambiguity data are not used in the counts.)


Codon position x base (3x4) table, overall

position  1:    T:0.15332    C:0.28682    A:0.24935    G:0.31051
position  2:    T:0.31395    C:0.20586    A:0.33850    G:0.14169
position  3:    T:0.16710    C:0.32817    A:0.11413    G:0.39061
Average         T:0.21146    C:0.27361    A:0.23399    G:0.28094

Codon frequencies under model, for use in evolver (TTT TTC TTA TTG ... GGG):
  0.00828052  0.01626226  0.00565551  0.01935678
  0.00542948  0.01066304  0.00370828  0.01269210
  0.00892797  0.01753379  0.00000000  0.00000000
  0.00373702  0.00733921  0.00000000  0.00873578
  0.01549108  0.03042321  0.01058025  0.03621240
  0.01015739  0.01994828  0.00693739  0.02374421
  0.01670232  0.03280198  0.01140751  0.03904382
  0.00699117  0.01373009  0.00477490  0.01634277
  0.01346747  0.02644901  0.00919814  0.03148195
  0.00883052  0.01734242  0.00603116  0.02064249
  0.01452048  0.02851703  0.00991734  0.03394350
  0.00607791  0.01193652  0.00415115  0.01420790
  0.01677038  0.03293564  0.01145399  0.03920292
  0.01099621  0.02159566  0.00751030  0.02570507
  0.01808164  0.03551085  0.01234957  0.04226816
  0.00756852  0.01486396  0.00516922  0.01769240



Nei & Gojobori 1986. dN/dS (dN, dS)
(Pairwise deletion)
(Note: This matrix is not used in later ML. analysis.
Use runmode = -2 for ML pairwise comparison.)

Bos taurus          
Rattus norvegicus    0.0820 (0.0504 0.6143)
Gallus gallus        0.0671 (0.0997 1.4860) 0.0411 (0.0943 2.2953)
Homo sapiens         0.0711 (0.0328 0.4620) 0.0803 (0.0390 0.4860) 0.0837 (0.0971 1.1602)
Pan troglodytes      0.0697 (0.0328 0.4710) 0.0819 (0.0390 0.4768) 0.0837 (0.0971 1.1602) 0.0000 (0.0000 0.0048)
Danio rerio         -1.0000 (0.1495 -1.0000)-1.0000 (0.1494 -1.0000)-1.0000 (0.1101 -1.0000)-1.0000 (0.1425 -1.0000)-1.0000 (0.1425 -1.0000)
Canis lupus familiaris 0.0195 (0.0091 0.4693) 0.0728 (0.0454 0.6233) 0.0754 (0.0897 1.1901) 0.0768 (0.0317 0.4126) 0.0753 (0.0317 0.4211)-1.0000 (0.1436 -1.0000)
Mus musculus         0.0991 (0.0523 0.5280) 0.0487 (0.0061 0.1256) 0.0518 (0.0968 1.8687) 0.1003 (0.0407 0.4058) 0.1023 (0.0407 0.3975)-1.0000 (0.1511 -1.0000) 0.0821 (0.0473 0.5760)


TREE #  1:  (((((4, 5), (8, 2)), (1, 7)), 3), 6);   MP score: -1
check convergence..
lnL(ntime:  7  np:  9):  -3263.751498      +0.000000
   9..10   10..11   11..12   12..13   13..4    13..5    12..14   14..8    14..2    11..15   15..1    15..7    10..3     9..6  
 1.281732 0.843049 0.277250 0.226901 0.001967 0.045923 0.180343 1.980884 0.041100
SEs for parameters:
 0.135199 0.080275 0.018706 0.021746 0.001989 0.009043 0.021137 0.237911 0.004660

tree length =   4.13890

(((((4: 0.001967, 5: 0.001967): 0.224934, (8: 0.045923, 2: 0.045923): 0.180978): 0.050349, (1: 0.180343, 7: 0.180343): 0.096908): 0.565799, 3: 0.843049): 0.438682, 6: 1.281732);

(((((Homo sapiens: 0.001967, Pan troglodytes: 0.001967): 0.224934, (Mus musculus: 0.045923, Rattus norvegicus: 0.045923): 0.180978): 0.050349, (Bos taurus: 0.180343, Canis lupus familiaris: 0.180343): 0.096908): 0.565799, Gallus gallus: 0.843049): 0.438682, Danio rerio: 1.281732);

Detailed output identifying parameters

kappa (ts/tv) =  1.98088

omega (dN/dS) =  0.04110

dN & dS for each branch

 branch          t       N       S   dN/dS      dN      dS  N*dN  S*dS

   9..10     0.439  1116.6   323.4  0.0411  0.0234  0.5702  26.2 184.4
  10..11     0.566  1116.6   323.4  0.0411  0.0302  0.7354  33.8 237.8
  11..12     0.050  1116.6   323.4  0.0411  0.0027  0.0654   3.0  21.2
  12..13     0.225  1116.6   323.4  0.0411  0.0120  0.2924  13.4  94.6
  13..4      0.002  1116.6   323.4  0.0411  0.0001  0.0026   0.1   0.8
  13..5      0.002  1116.6   323.4  0.0411  0.0001  0.0026   0.1   0.8
  12..14     0.181  1116.6   323.4  0.0411  0.0097  0.2352  10.8  76.1
  14..8      0.046  1116.6   323.4  0.0411  0.0025  0.0597   2.7  19.3
  14..2      0.046  1116.6   323.4  0.0411  0.0025  0.0597   2.7  19.3
  11..15     0.097  1116.6   323.4  0.0411  0.0052  0.1260   5.8  40.7
  15..1      0.180  1116.6   323.4  0.0411  0.0096  0.2344  10.8  75.8
  15..7      0.180  1116.6   323.4  0.0411  0.0096  0.2344  10.8  75.8
  10..3      0.843  1116.6   323.4  0.0411  0.0450  1.0958  50.3 354.4
   9..6      1.282  1116.6   323.4  0.0411  0.0685  1.6660  76.5 538.8

tree length for dN:       0.2211
tree length for dS:       5.3798


Time used:  0:12
