
seed used = 1418761477
      6   1011

Rattus norvegicus                          --- --- --- --- --- --- --- --- --- --- --- --- --- --- --- --- --- --- --- --- --- --- --- --- --- --- --- --- --- --- --- --- --- --- --- --- --- --- --- --- --- --- --- --- --- --- --- --- --- --- --- --- --- --- --- --- --- --- --- --- --- --- --- --- --- --- --- --- --- --- --- --- --- --- --- --- --- --- --- --- --- --- --- --- --- --- --- --- --- --- --- --- --- --- --- --- --- --- --- --- --- --- --- --- --- --- --- --- --- --- --- --- --- --- --- --- --- --- --- --- --- --- --- --- --- --- --- --- --- --- --- --- --- --- --- --- --- --- --- --- --- --- --- --- --- --- ATG GCC GCC GAC ATC AGC CAG TGG GCC GGG CCG CTG TCA TTA CAG GAG GTG --- GAT GAG --- CCG CCC CAG CAC GCC CTG AGG GTC GAC TAC GGC GGA GTA ACG GTG GAC GAG CTG GGC AAA GTG CTG ACG CCC ACC CAG GTC ATG AAT AGA CCA AGC AGC ATT TCA TGG GAT GGC CTT GAT CCT GGG AAG CTC TAC ACC CTG GTC CTC ACA GAC CCC GAT GCT CCC AGC AGG AAG GAC CCC AAA TTC AGG GAG TGG CAC CAC TTC CTG GTG GTC AAC ATG AAG --- GGC AAC GAC ATT AGC AGT GGC ACT GTC CTC TCC GAA TAC GTG GGC TCC GGA CCT CCC AAA GAC ACA GGT CTG CAC CGC TAC GTC TGG CTG GTG TAT GAG CAG GAG CAG CCT CTG AAC TGT GAC GAG CCC ATC CTC AGC AAC AAG TCT GGA GAC AAC CGC GGC AAG TTC AAG GTG GAG TCC TTC CGC AAG AAG TAC CAC CTG GGA GCC CCG GTG GCC GGC ACG TGC TTC CAG GCA GAG TGG GAT GAC TCT GTG CCC AAG CTG CAT GAT CAG CTG GCT GGG AAG --- 
Danio rerio                                --- --- --- --- --- --- --- --- --- --- --- --- --- --- --- --- --- --- --- --- --- --- --- --- --- --- --- --- --- --- --- --- --- --- --- --- --- --- --- --- --- --- --- --- --- --- --- --- --- --- --- --- --- --- --- --- --- --- --- --- --- --- --- --- --- --- --- --- --- --- --- --- --- --- --- --- --- --- --- --- --- --- --- --- --- --- --- --- --- --- --- --- --- --- --- --- --- --- --- --- --- --- --- --- --- --- --- --- --- --- --- --- --- --- --- --- --- --- --- --- --- --- --- --- --- --- --- --- --- --- --- --- --- --- --- --- --- --- --- --- --- --- --- --- --- --- ATG CCT GTG GAT ATC AAT GAA TGG ACA GGT TCT CTA GCG CTT ACA GAG GTG --- GAG GAA --- CCG CCA GCA AAG CCT CTC ACT GTC AAA TAT GAC TCT GTG GAG ATT GAC TCG CTG GGA AAA GTG TGC ACA CCC ACG CAG GTG CAG AAT CGG CCC ACA TCT ATT GAA TGG GAA GGA TGT GAC CCG AGT AAG CTC TAC ACG CTG GCC ATG ACT GAT CCA GAC GCA CCC AGC CGA AAA GAC CCC AAA TTT CGG GAA TGG CAT CAC TTC CTT GTG GTC AAC GTG AAA --- GGT AAT GAC GTC TCC AGT GGA TGC GTC ATG TCA GAC TAT GTT GGC GCA GGA CCC CCG AAG GGA ACT GGT CTC CAT CGT TAC GTG TGG CTC GTT TAT GAG CAG TCG GGG AAC ATC AGC TGC ACT GAA CGA GTC CTC ACC AAC CGC TCT GGA GAC AAC CGA GGA AAA TTC AAG ATC CAG AGC TTC CGC AAG AAA TAC AGC CTC GGG GCT CCG CTC GCA GGC TCC TGC TTC CAG GCC GAG TGG GAC AAC TAT GTG CCC AAA CTT TAC GAA CAG CTG GCT GGC AAA --- 
Gallus gallus                              --- --- --- --- --- --- --- --- --- --- --- --- --- --- --- --- --- --- --- --- --- --- --- --- --- --- --- --- --- --- --- --- --- --- --- --- --- --- --- --- --- --- --- --- --- --- --- --- --- --- --- --- --- --- --- --- --- --- --- --- --- --- --- --- --- --- --- --- --- --- --- --- --- --- --- --- --- --- --- --- --- --- --- --- --- --- --- --- --- --- --- --- --- --- --- --- --- --- --- --- --- --- --- --- --- --- --- --- --- --- --- --- --- --- --- --- --- --- --- --- --- --- --- --- --- --- --- --- --- --- --- --- --- --- --- --- --- --- --- --- --- --- --- --- --- --- ATG CCG GTG GAG CTG GGG CTG TGG GAC GGG CCG CTG AGC CTG AGC GAG GTG --- GAG CAG --- AAA CCC GCG CAC CCG CTG CGC GTC AAG TAT GGC TCC GTG GAG ATA GAC GAG CTG GGC AAG GTG CTC ACG CCT ACG CAG GTG CAG CAC CGA CCC ACC AGC ATC GAG TGG GAC GGC TGC GAC CCC CAG AAG CTC TAC ACG CTG GTG CTC ACC GAC CCC GAC GCG CCC AGT AGG AAG GAT CCG AAG TTC AGA GAA TGG CAT CAC TTC CTG GTG ACC AAC ATG AAA --- GGT AAC GAT GTG GGG AGC GGG ACC GTG CTG TCA GAC TAC GTG GGC TCG GGG CCC CCT AAA GGA ACA GGG CTG CAC CGC TAC GTG TGG CTG GTG TAC GAG CAG CCA AAG CAG CTG ACC TGC AAT GAG CCC ATC CTG TCC AAT CGC TCT GGT GAC AAA CGA GGG AAG TTC AAG GTA GCA GCT TTC CGC AGC AAG TAT GGG CTG GGG GTG CCG GTG GCT GGC ACT TGC TAC CAG GCA GAG TGG GAT GAC TAT GTG CCG AAA CTC TAT GAG CAG CTG TCT GGG AAG --- 
Homo sapiens                               --- --- --- --- --- --- --- --- --- --- --- --- --- --- --- --- --- --- --- --- --- --- --- --- --- --- --- --- --- --- --- --- --- --- --- --- --- --- --- --- --- --- --- --- --- --- --- --- --- --- --- --- --- --- --- --- --- --- --- --- --- --- --- --- --- --- --- --- --- --- --- --- --- --- --- --- --- --- --- --- --- --- --- --- --- --- --- --- --- --- --- --- --- --- --- --- --- --- --- --- --- --- --- --- --- --- --- --- --- --- --- --- --- --- --- --- --- --- --- --- --- --- --- --- --- --- --- --- --- --- --- --- --- --- --- --- --- --- --- --- --- --- --- --- --- --- ATG CCG GTG GAC CTC AGC AAG TGG TCC GGG CCC TTG AGC CTG CAA GAA GTG --- GAC GAG --- CAG CCG CAG CAC CCG CTG CAT GTC ACC TAC GCC GGG GCG GCG GTG GAC GAG CTG GGC AAA GTG CTG ACG CCC ACC CAG GTT AAG AAT AGA CCC ACC AGC ATT TCG TGG GAT GGT CTT GAT TCA GGG AAG CTC TAC ACC TTG GTC CTG ACA GAC CCG GAT GCT CCC AGC AGG AAG GAT CCC AAA TAC AGA GAA TGG CAT CAT TTC CTG GTG GTC AAC ATG AAG --- GGC AAT GAC ATC AGC AGT GGC ACA GTC CTC TCC GAT TAT GTG GGC TCG GGG CCT CCC AAG GGC ACA GGC CTC CAC CGC TAT GTC TGG CTG GTT TAC GAG CAG GAC AGG CCG CTA AAG TGT GAC GAG CCC ATC CTC AGC AAC CGA TCT GGA GAC CAC CGT GGC AAA TTC AAG GTG GCG TCC TTC CGT AAA AAG TAT GAG CTC AGG GCC CCG GTG GCT GGC ACG TGT TAC CAG GCC GAG TGG GAT GAC TAT GTG CCC AAA CTG TAC GAG CAG CTG TCT GGG AAG --- 
Pan troglodytes                            ATG CAA CAA ATT AAG AAA ACC AAA ACG CAA CCA AGG CGA ATT CAA TTG CAT TTT TTT TTC CCA GCG ACA CTT TCT GAG ACA CGA ACC TCT CTC TTA GGC GAA CCT ATT CCA GGG CGC CCT TCA TTT TCA TTT CTT GAA ACA ACA GCC TTG CAG GCC GAG CCG CTG TTC CCG AGA ACT CGG CAG CCA CAG GGA GCA GGT TGC ATG GAC CCA GGA GCG CGA GCG GCC CGG CTC TGC CAG CTT CGG CCA ATC AGA GGC CAG GGA GCG GTG GGC GTG GCG TGG GGC GGT GCG CGG GCT GGG CGG TGG CTG AGG CGC GTG CTC TCA CGT GGT CGC GGG GTC TGC GTC TTC CCG AGC CAG TGT GCT GAG CTC TCC GTG TCG CCT CTG CCG CCC GCG CCT GGC CTA CCG CGG CAC TCC CGG CTG CAC GCT CTG CTT GGC CTC GCC ATG CCG GTG GAC CTC AGC AAG TGG TCC GGG CCC TTG AGC CTG CAA GAA GTG --- GAC GAG --- CAG CCG CAG CAC CCG CTG CAT GTC ACC TAC GCC GGG GCG GCG GTG GAC GAG CTG GGC AAA GTG CTG ACG CCC ACC CAG GTT AAG AAT AGA CCC ACC AGC ATT TCG TGG GAT GGT CTT GAT TCA GGG AAG CTC TAC ACC TTG GTC CTG ACA GAT CCG GAT GCT CCC AGC AGG AAG GAT CCC AAA TAC AGA GAA TGG CAT CAT TTC CTG GTG GTC AAC ATG AAG --- GGC AAT GAC ATC AGC AGT GGC ACA GTC CTC TCC GAT TAT GTG GGC TCG GGG CCT CCC AAG GGC ACA GGC CTC CAC CGC TAT GTC TGG CTG GTT TAC GAG CAG GAC AGG CCG CTA AAG TGT GAC GAG CCC ATC CTC AGC AAC CGA TCT GGA GAC CAC CGT GGC AAA TTC AAG GTG GCG TCC TTC CGT AAA AAG TAT GAG CTC AGG GCC CCG GTG GCC GGC ACA TGT TAC CAG GCC GAG TGG GAT GAC TAT GTG CCC AAA CTG TAC GAG CAG CTG TCT GGG AAG --- 
Mus musculus                               --- --- --- --- --- --- --- --- --- --- --- --- --- --- --- --- --- --- --- --- --- --- --- --- --- --- --- --- --- --- --- --- --- --- --- --- --- --- --- --- --- --- --- --- --- --- --- --- --- --- --- --- --- --- --- --- --- --- --- --- --- --- --- --- --- --- --- --- --- --- --- --- --- --- --- --- --- --- --- --- --- --- --- --- --- --- --- --- --- --- --- --- --- --- --- --- --- --- --- --- --- --- --- --- --- --- --- --- --- --- --- --- --- --- --- --- --- --- --- --- --- --- --- --- --- --- --- --- --- --- --- --- --- --- --- --- --- --- --- --- --- --- --- --- --- --- ATG GCC GCC GAC ATC AGC CAG TGG GCC GGG CCC TTG TGC TTG CAG GAG GTG --- GAC GAG --- CCG CCC CAG CAC GCC CTG CGG GTC GAC TAC GCC GGG GTG ACG GTG GAC GAG CTG GGC AAA GTG CTA ACG CCC ACC CAG GTT ATG AAC AGG CCC AGC AGC ATT TCA TGG GAC GGC CTT GAT CCT GGG AAA CTC TAC ACC CTG GTC CTC ACA GAC CCC GAT GCT CCC AGC AGG AAG GAT CCC AAA TTC AGG GAG TGG CAC CAC TTC CTG GTG GTC AAC ATG AAG --- GGT AAT GAC ATT AGC AGT GGC ACT GTC CTC TCA GAT TAT GTG GGC TCC GGG CCT CCC AGT GGC ACA GGT CTC CAC CGC TAT GTC TGG CTG GTG TAC GAG CAG GAA CAG CCG CTG AGC TGC GAC GAG CCC ATT CTC AGC AAC AAG TCT GGA GAC AAT CGC GGC AAG TTC AAG GTG GAG ACC TTC CGC AAG AAG TAT AAC CTG GGA GCC CCG GTG GCG GGC ACG TGC TAC CAA GCC GAG TGG GAT GAC TAT GTG CCC AAG CTG TAC GAG CAG CTG TCA GGG AAG --- 



Printing out site pattern counts


         6        645  P G
G 2       53    162

Rattus norvegicus                           --- --- --- --- --- --- --- --- --- --- --- --- --- --- --- --- --- --- --- --- --- --- --- --- --- --- --- --- --- --- --- --- --- --- --- --- --- --- --- --- --- --- --- --- --- --- --- --- --- --- --- --- ATG --- AAA AAA AAC AAC AAC AAC AAC AAG AAG AAG AAG AAG AAG AAG AAG AAT ACA ACA ACC ACG ACG ACG ACT AGA AGC AGC AGC AGC AGC AGC AGG AGG AGG AGT ATC ATC ATG ATG ATT ATT CAC CAC CAC CAC CAC CAG CAG CAG CAG CAG CAG CAT CCA CCC CCC CCC CCC CCC CCC CCG CCG CCG CCT CCT CCT CGC CGC CGC CTC CTC CTC CTC CTG CTG CTG CTG CTG CTG CTG CTG CTG CTG CTT GAA GAC GAC GAC GAC GAC GAC GAC GAC GAC GAG GAG GAG GAG GAG GAG GAG GAG GAT GAT GAT GAT GAT GCA GCC GCC GCC GCC GCC GCT GCT GGA GGA GGA GGA GGC GGC GGC GGC GGC GGC GGG GGG GGG GGT GTA GTC GTC GTC GTC GTC GTC GTG GTG GTG GTG GTG GTG TAC TAC TAC TAC TAC TAT TCA TCA TCC TCC TCC TCT TCT TGC TGG TGT TTA TTC TTC TTC
Danio rerio                                 --- --- --- --- --- --- --- --- --- --- --- --- --- --- --- --- --- --- --- --- --- --- --- --- --- --- --- --- --- --- --- --- --- --- --- --- --- --- --- --- --- --- --- --- --- --- --- --- --- --- --- --- ATG --- AAA AAG AAC AAC AAC AAT AGC AAA AAA AAA AAA AAG AAG AAG CGC AAT ACT ACT ACG ACA GAG TCC TGC CGG AAT ACA ACC AGC TCC TCT ACT CGA CGG AGT ATC GTC CAG GTG ATT GTC AAG AGC CAC CAT CAT ACA CAG CAG GAA GCA GGG TAC CCC CCA CCC CCC CCC CCG CGA CCG CCG TCT AAC CCC CCG CGA CGC CGT ATG ATG CTC CTC ATC CTA CTC CTC CTC CTG CTG CTT CTT TGC TGT GAC AAA AAC ACT GAC GAC GAC GAT GAT GGA CAG GAA GAA GAA GAG GAG TCG TCG GAA GAA GAC GAC GAG GCC ACA CCT GCA GCT GTG GCA GCT GGA GGA GGG TCT GAC GGA GGA GGA GGC GGT AGT GGC GGT GGT GTG GCC GTC GTC GTC GTG GTG ATC ATT CTC GTG GTT GTT TAC TAC TAC TAT TAT TAT GAA GCG AGC GCA TCA TAT TCT TGC TGG TGC CTT TTC TTC TTT
Gallus gallus                               --- --- --- --- --- --- --- --- --- --- --- --- --- --- --- --- --- --- --- --- --- --- --- --- --- --- --- --- --- --- --- --- --- --- --- --- --- --- --- --- --- --- --- --- --- --- --- --- --- --- --- --- ATG --- AAG AAA AAA AAC AAT AAC ACC AAA AAA AAG AAG AAG AAG AGC CGC CAC ACA ACC ACG ACG GAG ACT ACC CGA GGG ACC TCC AGT GGG AGC CGC AGG AGA AGC CTG ATC CAG ATG ATC GTG CAC GGG CAC CAC CAT AGC CAG CAG CTG GCG AAG TAT CCC CCC CCC CCG CCT CCT CCC AAA CCG CCG CAG CCC CCC CGA CGC CGC CTC CTG CTC CTG CTG CTG CTG CTG CTG CTG CTG CTC CTG CTC TGC GAC AAG GAC AAT GAC GAT GAT GAC GAG GGA GCA CAG GAA GAG GAG GAG CCA GAG GAC GAG GAC GAT GAG GCA GAC CCG GCT GTG GTG GCG TCT GGG GGT GGG TCC GGC GGC GGC GGG GGC GGT CAG GGG GGG GGG GTG GTG ACC GTC GTG GTG GTG GTA ATA GTG GTG GTG GTG TAC TAC TAT TAC TAT TAC GAG AGC GCT TCG TCA TAT TCT TGC TGG TGC CTG TAC TTC TTC
Homo sapiens                                --- --- --- --- --- --- --- --- --- --- --- --- --- --- --- --- --- --- --- --- --- --- --- --- --- --- --- --- --- --- --- --- --- --- --- --- --- --- --- --- --- --- --- --- --- --- --- --- --- --- --- --- ATG --- AAA AAG CAC AAC AAC AAT AAG AAA AAG AAA AAG AAG AAG AAA CGA AAT ACA ACA ACC ACG GCG ACG ACA AGA AGC ACC AGC AGC AGC AGC CAT AGG AGA AGT CTC ATC AAG ATG ATT ATC CAC GAG CAT CAC CAT CAA CAG CAG AAG CAG AGG TAC CCC CCG CCC CCC CCC CCC CCC CAG CCG CCC CCG CCT TCA CGT CGT CGC CTG CTC CTC CTC CTA TTG CTC CTC CTG CTG TTG CTG CTG CTG CTT GAT ACC GAC GAC GAC GAC GAT GAC GAC GGC GCG GAG GAA GAG GAA GAG GAC GAG GAT GAG GAT GAT GAC GCC TCC CCG GCT GCC GTG GCT TCT GGG GGA AGG GGG GCC GGC GGT GGC GGC GGC GGG GGG GGG GGC GCG GTC GTC GTC GTC GTC GTT GTG GTG GTG GTG GTG GTT TAC TAT TAT TAT TAC TAC TCG AGC TCC TCG TCC TAT TCT TGT TGG TGT CTG TAC TTC TAC
Pan troglodytes                             AAA AAG ACA ACC ACG ACT AGA AGC AGG ATC ATG ATT CAA CAC CAG CAT CCA CCC CCG CCT CGA CGC CGG CGT CTA CTC CTG CTT GAA GAC GAG GCA GCC GCG GCT GGA GGC GGG GGT GTC GTG TCA TCC TCG TCT TGC TGG TGT TTA TTC TTG TTT ATG --- AAA AAG CAC AAC AAC AAT AAG AAA AAG AAA AAG AAG AAG AAA CGA AAT ACA ACA ACC ACG GCG ACA ACA AGA AGC ACC AGC AGC AGC AGC CAT AGG AGA AGT CTC ATC AAG ATG ATT ATC CAC GAG CAT CAC CAT CAA CAG CAG AAG CAG AGG TAC CCC CCG CCC CCC CCC CCC CCC CAG CCG CCC CCG CCT TCA CGT CGT CGC CTG CTC CTC CTC CTA TTG CTC CTC CTG CTG TTG CTG CTG CTG CTT GAT ACC GAC GAC GAC GAC GAT GAT GAC GGC GCG GAG GAA GAG GAA GAG GAC GAG GAT GAG GAT GAT GAC GCC TCC CCG GCC GCC GTG GCT TCT GGG GGA AGG GGG GCC GGC GGT GGC GGC GGC GGG GGG GGG GGC GCG GTC GTC GTC GTC GTC GTT GTG GTG GTG GTG GTG GTT TAC TAT TAT TAT TAC TAC TCG AGC TCC TCG TCC TAT TCT TGT TGG TGT CTG TAC TTC TAC
Mus musculus                                --- --- --- --- --- --- --- --- --- --- --- --- --- --- --- --- --- --- --- --- --- --- --- --- --- --- --- --- --- --- --- --- --- --- --- --- --- --- --- --- --- --- --- --- --- --- --- --- --- --- --- --- ATG --- AAA AGT AAT AAC AAC AAT AGC AAG AAG AAG AAG AAA AAG AAG AAG AAC ACA ACA ACC ACG ACG ACG ACT AGG AGC AGC AGC AGC AGC AGC CGG AGG AGG AGT ATC ATT ATG ATG ATT ATT CAC AAC CAC CAC CAC CAG CAA CAG CAG CAG CAG TAC CCC CCC CCC CCC CCC CCC CCC CCG CCG CCC CCG CCT CCT CGC CGC CGC CTC CTC CTC CTC CTG TTG CTC CTG CTG CTG CTG CTG CTG CTA CTT GAT GAC GAC GAC GAC GAC GAT GAC GAC GGC GAG GAG GAG GAG GAG GAG GAA GAG GAC GAG GAT GAT GAC GCC GCC GCC GCG GCC GCC GCT TCA GGG GGA GGA GGG GCC GGC GGC GGC GGC GGT GGG GGG GGG GGT GTG GTC GTC GTC GTC GTC GTT GTG GTG GTG GTG GTG GTG TAC TAT TAT TAT TAC TAC TCA TGC ACC TCC TCA TAT TCT TGC TGG TGC TTG TAC TTC TTC



    2    1    4    2    1    1    2    1    2    1    2    3    4    2    6
    1    6    1    5    4    3    3    7    1    1    5    5    4    2    1
    3    1    4    7    3    3    6    3    3    2    4    3    2    1    2
    3    2    1    1    3    2    4    1    4    2    1    1    1    1    1
    1    1    1    1    3    1    1    1    1    1    1    1    2    1    1
    1    1    1    1    1    1    1    1    1    1    1    1    1    1    1
    1    1    1    1    1    1    1    1    1    1    1    3    1    1    1
    1    1    2    1    2    1    1    1    1    1    1    1    1    1    1
    1    1    1    1    1    1    1    1    1    1    2    2    1    1    1
    1    1    1    1    1    1    2    1    1    1    1    1    1    1    1
    1    1    2    1    1    1    1    2    1    1    1    1    2    1    1
    1    1    1    1    1    1    1    1    1    1    2    2    1    1    1
    1    1    1    1    1    1    1    1    1    1    1    1    4    1    1
    1    1    1    1    1    1    1    1    1    1    1    1    1    1    5
    1    1    1    3    1

CODONML (in paml version 4.4b, July 2010)  torun.nuc
Model: One dN/dS ratio for branches Global clock  (2 genes: diff. rate & k&w)  
Codon frequency model: F3x4
ns =   6  ls = 337

Codon usage in sequences
--------------------------------------------------------------------------------------------------------------
Phe TTT  0  1  0  0  4  0 | Ser TCT  2  4  2  2  4  1 | Tyr TAT  1  4  4  4  4  4 | Cys TGT  1  1  0  2  3  0
    TTC  5  4  4  3  6  4 |     TCC  3  2  2  3  5  1 |     TAC  5  4  5  6  6  5 |     TGC  1  4  3  0  3  3
Leu TTA  1  0  0  0  1  0 |     TCA  2  1  1  1  4  3 | *** TAA  0  0  0  0  0  0 | *** TGA  0  0  0  0  0  0
    TTG  0  0  0  2  4  2 |     TCG  0  2  1  2  3  0 |     TAG  0  0  0  0  0  0 | Trp TGG  5  5  5  5  7  5
--------------------------------------------------------------------------------------------------------------
Leu CTT  1  3  0  1  5  1 | Pro CCT  3  2  2  1  5  2 | His CAT  1  2  1  3  4  0 | Arg CGT  0  1  0  2  3  0
    CTC  4  7  4  6 11  5 |     CCC  8  6  7  8  9 10 |     CAC  5  1  4  3  5  4 |     CGC  3  2  4  1  4  3
    CTA  0  1  0  1  2  1 |     CCA  1  2  1  0  6  0 | Gln CAA  0  0  0  1  5  1 |     CGA  0  3  2  1  4  0
    CTG 12  3 15  9 14  9 |     CCG  3  4  6  6 11  3 |     CAG  8  6  8  6 12  7 |     CGG  0  2  0  0  7  1
--------------------------------------------------------------------------------------------------------------
Ile ATT  2  2  0  1  4  3 | Thr ACT  1  4  1  0  1  1 | Asn AAT  1  3  2  2  2  2 | Ser AGT  1  2  1  1  1  2
    ATC  2  3  2  2  3  1 |     ACC  2  1  5  4  6  3 |     AAC  5  5  2  2  2  4 |     AGC  6  4  5  6  7  7
    ATA  0  0  1  0  0  0 |     ACA  2  4  1  3  8  2 | Lys AAA  3  9  5  5  7  3 | Arg AGA  1  0  1  2  4  0
Met ATG  3  3  2  2  4  3 |     ACG  3  2  3  2  2  3 |     AAG 10  5 10 10 11  9 |     AGG  3  0  1  3  5  3
--------------------------------------------------------------------------------------------------------------
Val GTT  0  2  0  2  2  1 | Ala GCT  2  2  2  2  4  1 | Asp GAT  6  2  3  6  7  5 | Gly GGT  1  3  2  1  4  2
    GTC  6  5  1  5  7  5 |     GCC  6  2  0  3  8  7 |     GAC 10  9  9  9  9 10 |     GGC  8  3  5  8 14  7
    GTA  1  0  1  0  0  0 |     GCA  1  4  2  0  1  0 | Glu GAA  1  7  1  2  4  1 |     GGA  4  7  1  1  4  2
    GTG  9  9 15  9 13 10 |     GCG  0  1  2  3 10  1 |     GAG  9  5 10  7 10  9 |     GGG  3  2 10  5  8  5
--------------------------------------------------------------------------------------------------------------

Codon position x base (3x4) table for each sequence.

#1: Rattus norvegicus
position  1:    T:0.13904    C:0.26203    A:0.24064    G:0.35829
position  2:    T:0.24599    C:0.20856    A:0.34759    G:0.19786
position  3:    T:0.12299    C:0.42246    A:0.09091    G:0.36364
Average         T:0.16934    C:0.29768    A:0.22638    G:0.30660

#2: Danio rerio    
position  1:    T:0.17112    C:0.24064    A:0.25134    G:0.33690
position  2:    T:0.22995    C:0.22995    A:0.33155    G:0.20856
position  3:    T:0.20321    C:0.33155    A:0.20321    G:0.26203
Average         T:0.20143    C:0.26738    A:0.26203    G:0.26916

#3: Gallus gallus  
position  1:    T:0.14439    C:0.28877    A:0.22460    G:0.34225
position  2:    T:0.24064    C:0.20321    A:0.34225    G:0.21390
position  3:    T:0.10695    C:0.33155    A:0.09091    G:0.47059
Average         T:0.16399    C:0.27451    A:0.21925    G:0.34225

#4: Homo sapiens   
position  1:    T:0.16043    C:0.26203    A:0.24064    G:0.33690
position  2:    T:0.22995    C:0.21390    A:0.35294    G:0.20321
position  3:    T:0.16043    C:0.36898    A:0.09091    G:0.37968
Average         T:0.18360    C:0.28164    A:0.22816    G:0.30660

#5: Pan troglodytes
position  1:    T:0.16216    C:0.32132    A:0.20120    G:0.31532
position  2:    T:0.24024    C:0.26126    A:0.26426    G:0.23423
position  3:    T:0.17117    C:0.31532    A:0.15015    G:0.36336
Average         T:0.19119    C:0.29930    A:0.20521    G:0.30430

#6: Mus musculus   
position  1:    T:0.14973    C:0.25134    A:0.24599    G:0.35294
position  2:    T:0.24064    C:0.20321    A:0.34225    G:0.21390
position  3:    T:0.13369    C:0.42246    A:0.06952    G:0.37433
Average         T:0.17469    C:0.29234    A:0.21925    G:0.31373

Codon usage in genes
--------------------------------------------------------------
Phe TTT  4  1 | Ser TCT  2 13 | Tyr TAT  0 21 | Cys TGT  1  6
    TTC  3 23 |     TCC  2 14 |     TAC  0 31 |     TGC  3 11
Leu TTA  1  1 |     TCA  3  9 | *** TAA  0  0 | *** TGA  0  0
    TTG  2  6 |     TCG  1  7 |     TAG  0  0 | Trp TGG  2 30
--------------------------------------------------------------
Leu CTT  4  7 | Pro CCT  4 11 | His CAT  1 10 | Arg CGT  1  5
    CTC  5 32 |     CCC  1 47 |     CAC  2 20 |     CGC  3 14
    CTA  1  4 |     CCA  6  4 | Gln CAA  4  3 |     CGA  3  7
    CTG  5 57 |     CCG  5 28 |     CAG  6 41 |     CGG  7  3
--------------------------------------------------------------
Ile ATT  3  9 | Thr ACT  1  7 | Asn AAT  0 12 | Ser AGT  0  8
    ATC  1 12 |     ACC  2 19 |     AAC  0 20 |     AGC  1 34
    ATA  0  1 |     ACA  4 16 | Lys AAA  2 30 | Arg AGA  2  6
Met ATG  8  9 |     ACG  1 14 |     AAG  1 54 |     AGG  2 13
--------------------------------------------------------------
Val GTT  0  7 | Ala GCT  3 10 | Asp GAT  0 29 | Gly GGT  3 10
    GTC  2 27 |     GCC  4 22 |     GAC  1 55 |     GGC  6 39
    GTA  0  2 |     GCA  1  7 | Glu GAA  2 14 |     GGA  3 16
    GTG  4 61 |     GCG  7 10 |     GAG  3 47 |     GGG  3 30
--------------------------------------------------------------

Codon position x base (3x4) table for each gene.


Gene #1
position  1:    T:0.15789    C:0.38158    A:0.18421    G:0.27632
position  2:    T:0.28289    C:0.30921    A:0.14474    G:0.26316
position  3:    T:0.17763    C:0.23684    A:0.21053    G:0.37500
Average         T:0.20614    C:0.30921    A:0.17982    G:0.30482

Gene #2
position  1:    T:0.15502    C:0.26254    A:0.23656    G:0.34588
position  2:    T:0.23208    C:0.21326    A:0.34677    G:0.20789
position  3:    T:0.14875    C:0.37634    A:0.10753    G:0.36738
Average         T:0.17861    C:0.28405    A:0.23029    G:0.30705

Sums of codon usage counts
------------------------------------------------------------------------------
Phe F TTT       5 | Ser S TCT      15 | Tyr Y TAT      21 | Cys C TGT       7
      TTC      26 |       TCC      16 |       TAC      31 |       TGC      14
Leu L TTA       2 |       TCA      12 | *** * TAA       0 | *** * TGA       0
      TTG       8 |       TCG       8 |       TAG       0 | Trp W TGG      32
------------------------------------------------------------------------------
Leu L CTT      11 | Pro P CCT      15 | His H CAT      11 | Arg R CGT       6
      CTC      37 |       CCC      48 |       CAC      22 |       CGC      17
      CTA       5 |       CCA      10 | Gln Q CAA       7 |       CGA      10
      CTG      62 |       CCG      33 |       CAG      47 |       CGG      10
------------------------------------------------------------------------------
Ile I ATT      12 | Thr T ACT       8 | Asn N AAT      12 | Ser S AGT       8
      ATC      13 |       ACC      21 |       AAC      20 |       AGC      35
      ATA       1 |       ACA      20 | Lys K AAA      32 | Arg R AGA       8
Met M ATG      17 |       ACG      15 |       AAG      55 |       AGG      15
------------------------------------------------------------------------------
Val V GTT       7 | Ala A GCT      13 | Asp D GAT      29 | Gly G GGT      13
      GTC      29 |       GCC      26 |       GAC      56 |       GGC      45
      GTA       2 |       GCA       8 | Glu E GAA      16 |       GGA      19
      GTG      65 |       GCG      17 |       GAG      50 |       GGG      33
------------------------------------------------------------------------------

(Ambiguity data are not used in the counts.)


Codon position x base (3x4) table, overall

position  1:    T:0.15536    C:0.27681    A:0.23028    G:0.33754
position  2:    T:0.23817    C:0.22476    A:0.32256    G:0.21451
position  3:    T:0.15221    C:0.35962    A:0.11987    G:0.36830
Average         T:0.18191    C:0.28707    A:0.22424    G:0.30678


Nei & Gojobori 1986. dN/dS (dN, dS)
(Pairwise deletion)
(Note: This matrix is not used in later ML. analysis.
Use runmode = -2 for ML pairwise comparison.)

Rattus norvegicus   
Danio rerio          0.1163 (0.2284 1.9644)
Gallus gallus        0.1782 (0.1870 1.0496) 0.0914 (0.1918 2.0983)
Homo sapiens         0.1557 (0.0939 0.6030) 0.1137 (0.2189 1.9247) 0.1228 (0.1431 1.1658)
Pan troglodytes      0.1515 (0.0939 0.6200) 0.1194 (0.2189 1.8335) 0.1156 (0.1431 1.2386) 0.0000 (0.0000 0.0227)
Mus musculus         0.1022 (0.0334 0.3265) 0.0895 (0.2208 2.4667) 0.1580 (0.1663 1.0524) 0.1646 (0.0775 0.4706) 0.1551 (0.0775 0.4993)


TREE #  1:  ((((4, 5), (6, 1)), 3), 2);   MP score: -1
lnL(ntime:  5  np: 10):  -2630.708375      +0.000000
   7..8     8..9     9..10   10..4    10..5     9..11   11..6    11..1     8..3     7..2  
 0.098033 0.072555 0.030291 0.000800 0.013740 10.855177 22.301569 0.000100 1.655249 0.083088
SEs for parameters:
 -1.000000 -1.000000 -1.000000 -1.000000 -1.000000 -1.000000 460701270.915918 -1.000000 0.244043 0.011212
Note: Branch length is defined for the first gene (site partition).
For other genes, look at "rates for genes".

tree length =   0.31345 (1st gene)

((((4: 0.000800, 5: 0.000800): 0.029491, (6: 0.013740, 1: 0.013740): 0.016551): 0.042263, 3: 0.072555): 0.025479, 2: 0.098033);

((((Homo sapiens: 0.000800, Pan troglodytes: 0.000800): 0.029491, (Mus musculus: 0.013740, Rattus norvegicus: 0.013740): 0.016551): 0.042263, Gallus gallus: 0.072555): 0.025479, Danio rerio: 0.098033);

Detailed output identifying parameters

rates for 2 genes:     1 10.85518

gene # 1: kappa =  22.30157 omega =   0.00010
gene # 2: kappa =   1.65525 omega =   0.08309

Time used:  2:26
