
seed used = 1418812561
      8   1137

Mus musculus                               --- --- --- --- --- --- --- --- --- --- --- --- --- --- --- --- --- --- --- ATG GAC GAG AAG --- --- --- --- --- --- --- --- --- --- --- --- --- --- --- --- --- --- --- --- --- --- --- --- --- --- --- --- --- --- --- --- --- --- --- --- --- --- --- --- --- --- --- --- --- --- --- --- --- --- --- TTG TTC ACC AAG GAG CTG GAC CAG TGG ATC GAG CAG CTG AAC GAG TGC AAG CAG CTC TCC GAG TCC CAG GTC AAG AGC CTC TGC GAG AAG GCT AAA GAA ATC CTG ACA AAA GAA TCC AAC GTT CAA GAG GTT CGA TGT CCA GTC ACT GTG TGT GGA GAT GTA CAT GGG CAA TTT CAT GAT CTC ATG GAA CTC TTT AGA ATT GGT GGT AAA TCA CCA GAT ACA AAT TAC CTG TTT ATG GGA GAC TAT GTG GAC AGA GGA TAT TAC TCT GTT GAA ACA GTT ACA CTG CTT GTA GCT CTT AAG GTT CGT TAC CGA GAG CGC ATC ACC ATA CTC CGA GGG AAT CAC GAG AGC AGA CAG ATC ACA CAG GTT TAT GGG TTC TAC GAC GAG TGT TTA AGG AAA TAC GGA AAT GCA AAT GTT TGG AAA TAC TTC ACA GAC CTT TTT GAC TAT CTT CCT CTC ACT GCC TTG GTG GAT GGG CAG ATC TTC TGT CTA CAC GGT GGT CTG TCA CCA TCC ATA GAC ACA CTG GAT CAC ATC CGA GCA CTC GAT CGC CTA CAG GAA GTT CCT CAT GAG GGT CCA ATG TGT GAC TTG CTG TGG TCA GAT CCA GAT GAC CGT GGT GGC TGG GGG ATA TCT CCT CGG GGA GCT GGT TAT ACC TTT GGC CAA GAT ATT TCT GAG ACA TTT AAT CAT GCC AAT GGC CTC ACG TTG GTG TCC AGA GCT CAC CAG CTG GTG ATG GAG GGA TAT AAC TGG TGC CAT GAC CGG AAC GTA GTA ACA ATT TTC AGT GCT CCA AAC TAT TGC TAT CGT TGT GGT AAC CAA GCT GCA ATC ATG GAA CTT GAC GAC ACT CTT AAG TAT TCT TTC TTG CAG TTT GAC CCA GCA CCT CGT AGA GGC GAG CCA CAT GTC ACT CGT CGT ACC CCA GAC TAC TTC CTG 
Bos taurus                                 --- --- --- --- --- --- --- --- --- --- --- --- --- --- --- --- --- --- --- ATG GAC GAG AAG --- --- --- --- --- --- --- --- --- --- --- --- --- --- --- --- --- --- --- --- --- --- --- --- --- --- --- --- --- --- --- --- --- --- --- --- --- --- --- --- --- --- --- --- --- --- --- --- --- --- --- GTG TTC ACC AAG GAG CTG GAC CAG TGG ATC GAG CAG CTG AAC GAG TGC AAG CAG CTG TCT GAG TCC CAG GTT AAG AGC CTC TGC GAG AAG GCT AAA GAA ATC CTG ACA AAA GAA TCC AAT GTG CAA GAA GTT CGA TGT CCA GTC ACT GTC TGT GGA GAT GTG CAT GGG CAA TTT CAT GAT CTC ATG GAA CTG TTT AGA ATT GGT GGC AAA TCA CCA GAT ACA AAT TAC TTG TTT ATG GGC GAT TAT GTT GAC AGA GGA TAT TAT TCA GTG GAA ACA GTT ACT CTG CTT GTA GCT CTT AAG GTT CGT TAC CGT GAA CGT ATC ACC ATT CTT CGA GGA AAT CAT GAG AGC AGA CAG ATC ACA CAA GTA TAT GGT TTC TAC GAT GAG TGT TTA AGG AAA TAC GGA AAT GCA AAT GTT TGG AAG TAT TTT ACA GAC CTT TTT GAC TAT CTT CCT CTC ACT GCC TTG GTG GAT GGG CAG ATC TTC TGT CTA CAT GGT GGC CTC TCA CCA TCC ATA GAT ACA CTG GAT CAC ATC AGA GCA CTT GAT CGC CTA CAA GAA GTT CCT CAT GAG GGT CCA ATG TGT GAC TTG CTG TGG TCA GAT CCA GAT GAC CGT GGA GGT TGG GGT ATA TCT CCT CGA GGA GCT GGT TAC ACC TTT GGG CAG GAT ATT TCT GAG ACA TTT AAT CAT GCC AAT GGC CTC ACG TTG GTG TCT AGA GCT CAT CAG CTG GTG ATG GAG GGA TAT AAC TGG TGC CAT GAC CGA AAT GTA GTA ACG ATT TTC AGT GCT CCA AAC TAT TGT TAT CGT TGT GGT AAC CAA GCT GCA ATC ATG GAA CTT GAT GAT ACT CTA AAA TAC TCT TTC TTG CAG TTT GAC CCA GCA CCT CGC AGA GGC GAG CCA CAT GTT ACT CGT CGT ACC CCA GAC TAC TTC CTG 
Pan troglodytes                            --- --- --- --- --- --- --- --- --- --- --- --- --- --- --- --- --- --- --- ATG GAC GAG AAG --- --- --- --- --- --- --- --- --- --- --- --- --- --- --- --- --- --- --- --- --- --- --- --- --- --- --- --- --- --- --- --- --- --- --- --- --- --- --- --- --- --- --- --- --- --- --- --- --- --- --- GTG TTC ACC AAG GAG CTG GAC CAG TGG ATC GAG CAG CTG AAC GAG TGC AAG CAG CTA TCC GAG TCC CAG GTC AAG AGC CTC TGC GAG AAG GCT AAA GAA ATC CTG ACA AAA GAA TCC AAC GTG CAA GAG GTT CGA TGT CCA GTT ACT GTC TGT GGA GAT GTG CAT GGG CAA TTT CAT GAT CTC ATG GAA CTG TTT AGA ATT GGT GGC AAA TCA CCA GAT ACA AAT TAC TTG TTT ATG GGA GAT TAT GTT GAC AGA GGA TAT TAT TCA GTT GAA ACA GTT ACA CTG CTT GTA GCT CTT AAG GTT CGT TAC CGT GAA CGC ATC ACC ATT CTT CGA GGG AAT CAT GAG AGC AGA CAG ATC ACA CAA GTT TAT GGT TTC TAT GAT GAA TGT TTA AGA AAA TAT GGA AAT GCA AAT GTT TGG AAA TAT TTT ACA GAT CTT TTT GAC TAT CTT CCT CTC ACT GCC TTG GTG GAT GGG CAG ATC TTC TGT CTA CAT GGT GGT CTC TCG CCA TCT ATA GAT ACA CTG GAT CAT ATC AGA GTA CTT GAT CGC CTA CAA GAA GTT CCC CAT GAG GGT CCA ATG TGT GAC TTG CTG TGG TCA GAT CCA GAT GAC CGT GGT GGT TGG GGT ATA TCT CCT CGA GTA GCT GGT TAC ACC TTT GGG CAA GAT ATT TCT GAG ACA TTT AAT CAT GCC AAT GGC CTC ACG TTG GTG TCT AGA GCT CAC CAG CTA GTG ATG GAG GGA TAT AAC TGG TGC CAT GAC CGG AAT GTA GTA ACG ATT TTC AGT GCT CCA AAC TAT TGT TAT CGT TGT GGT AAC CAA GCT GCA ATC ATG GAA CTT GAC GAT ACT CTA AAA TAC TCT TTC TTG CAG TTT GAC CCA GCA CCT CGT AGA GGC GAG CCA CAT GTT ACT CGT CGT ACC CCA GAC TAC TTC CCG 
Danio rerio                                --- --- --- --- --- --- --- --- --- --- --- --- --- --- --- --- --- --- --- ATG GAG GAA AAG --- --- --- --- --- --- --- --- --- --- --- --- --- --- --- --- --- --- --- --- --- --- --- --- --- --- --- --- --- --- --- --- --- --- --- --- --- --- --- --- --- --- --- --- --- --- --- --- --- --- --- GCG TTC GCG AAG GAG CTG GAC CAG TGG ATC GAG CAG CTC AAC GAG TGC AAA CAG CTG TCA GAA ACT CAA GTT AAA ACC CTC TGT GAA AAG GCT AAA GAG ATC CTG ACG AAG GAG TCG AAT GTG CAG GAG GTG CGG TGT CCG GTC ACC GTG TGC GGA GAT GTT CAC GGC CAG TTT CAT GAC CTG ATG GAG CTC TTC AGA ATC GGA GGA AAG TCT CCA GAC ACA AAC TAC CTG TTC ATG GGA GAT TAT GTG GAC CGA GGC TAT TAC TCT GTG GAA ACC GTC TCG CTG CTC GTC GCT CTC AAA GTC AGA TAC CGT GAA CGT GTC ACA ATA CTC AGA GGA AAC CAC GAA AGC AGG CAG ATC ACA CAA GTG TAC GGC TTT TAT GAC GAG TGC TTA CGG AAA TAC GGC AAT GCA AAC GTG TGG AAA TTC TTC ACA GAC CTC TTC GAT TAC CTT CCC CTC ACT GCC CTG GTA GAT GGA CAG ATA TTC TGT CTT CAT GGA GGA TTG TCG CCG TCC ATA GAC ACT CTG GAT CAC ATC CGA GCG CTG GAT CGT TTG CAG GAA GTT CCT CAT GCG GGC CCC ATG TGT GAT TTA CTG TGG TCA GAC CCG GAT GAC CGC GGC GGA TGG GGC ATT TCT CCT CGA GGT GCG GGA TAC ACC TTT GGC CAG GAT ATT TCT GAG ACT TTC AAC CAT GCC AAC GGC CTG ACG CTG GTG TCC AGA GCT CAT CAG CTG GTG ATG GAG GGT TAC AAC TGG TGC CAT GAT CGT AAT GTG GTG ACA ATC TTC AGC GCG CCG AAC TAC TGC TAC CGC TGC GGC AAT CAG GCG GCC ATC ATG GAG CTG GAC GAC ACG CTC AAG TAC TCT TTC CTG CAG TTT GAC CCA GCA CCG CGG AGA GGA GAG CCG CAC GTC ACC CGC CGC ACA CCT GAC TAC TTC CTG 
Gallus gallus                              --- --- --- --- --- --- --- --- --- --- --- --- --- --- --- --- --- --- --- ATG GAG GAG AAG --- --- --- --- --- --- --- --- --- --- --- --- --- --- --- --- --- --- --- --- --- --- --- --- --- --- --- --- --- --- --- --- --- --- --- --- --- --- --- --- --- --- --- --- --- --- --- --- --- --- --- GTG TTC ACC AAG GAG CTC GAC CAG TGG GTG GAG CAG CTC AAC GAG TGC AAG CAG CTG TCC GAG GGG CAG GTG AAG AGC CTC TGC GAG AAG GCT AAA GAA ATC TTG ACA AAA GAA TCC AAT GTA CAA GAA GTG CGA TGT CCT GTC ACA GTG TGT GGA GAT GTG CAT GGA CAA TTT CAC GAC CTC ATG GAA CTC TTC AGA ATT GGA GGC AAA TCA CCA GAC ACA AAT TAT TTG TTT ATG GGG GAC TAT GTT GAC AGA GGT TAT TAC TCA GTT GAA ACA GTC ACG TTG CTT GTA GCT CTT AAG GTC CGT TAC CGT GAA CGT ATC ACG ATT CTT CGA GGG AAC CAT GAA AGC AGG CAG ATC ACA CAA GTA TAT GGT TTC TAT GAC GAA TGT TTA AGA AAA TAT GGG AAT GCA AAT GTT TGG AAG TAC TTT ACA GAC CTT TTT GAT TAC CTT CCT CTA ACC GCC TTG GTG GAT GGC CAG ATT TTC TGT CTA CAT GGT GGC CTC TCT CCA TCA ATA GAT ACG CTG GAT CAC ATC AGA GCA CTT GAT CGC TTG CAG GAA GTT CCT CAT GAG GGT CCA ATG TGT GAC TTG CTA TGG TCA GAT CCA GAT GAC CGT GGT GGC TGG GGA ATT TCT CCT CGA GGT GCA GGT TAT ACG TTT GGA CAG GAT ATT TCA GAA ACC TTT AAC CAT GCT AAT GGC CTT ACA TTG GTT TCA AGA GCT CAT CAG TTG GTA ATG GAG GGG TAC AAC TGG TGC CAT GAT CGG AAT GTA GTA ACA ATT TTC AGT GCT CCA AAC TAT TGT TAC CGT TGT GGC AAC CAG GCT GCA ATT ATG GAA CTT GAT GAT ACT TTA AAA TAC TCC TTT TTG CAG TTC GAT CCA GCG CCG CGC AGA GGT GAA CCG CAT GTT ACT CGT CGC ACC CCG GAC TAC TTC CTG 
Canis lupus familiaris                     --- --- --- --- --- --- --- --- --- --- --- --- --- --- --- --- --- --- --- ATG GAC GAG AAG --- --- --- --- --- --- --- --- --- --- --- --- --- --- --- --- --- --- --- --- --- --- --- --- --- --- --- --- --- --- --- --- --- --- --- --- --- --- --- --- --- --- --- --- --- --- --- --- --- --- --- TTG TTC ACC AAG GAG CTG GAC CAG TGG ATC GAG CAG CTG AAC GAG TGC AAG CAG CTG TCC GAG TCC CAG GTC AAG AGC CTC TGC GAG AAG GCT AAA GAA ATC CTG ACA AGA GAA TCC AAC GTG CAA GAG GTT CGA TGT CCA GTC ACC GTC TGT GGA GAT GTA CAT GGG CAA TTT CAT GAT CTC ATG GAA CTG TTT AGA ATT GGT GGC AAA TCA CCA GAC ACA AAC TAC TTG TTT ATG GGA GAT TAT GTT GAC AGA GGA TAT TAC TCA GTT GAA ACA GTT ACT CTG CTT GTA GCT CTT AAG GTT CGT TAC CGT GAA CGC ATC ACC ATT CTT CGA GGA AAT CAT GAG AGC AGA CAG ATC ACA CAA GTA TAT GGT TTC TAT GAT GAG TGT TTA AGG AAA TAT GGA AAT GCA AAT GTT TGG AAA TAC TTT ACA GAT CTT TTT GAC TAT CTT CCT CTC ACT GCC TTG GTT GAT GGG CAG ATA TTC TGT CTA CAT GGT GGC CTC TCA CCA TCC ATA GAT ACA CTG GAT CAC ATC AGA GCA CTT GAT CGC CTA CAA GAA GTT CCT CAT GAG GGT CCA ATG TGT GAC TTG CTG TGG TCA GAT CCA GAT GAT CGT GGT GGT TGG GGT ATA TCT CCT AGA GGA GCT GGT TAT ACC TTT GGG CAA GAC ATT TCT GAA ACA TTT AAT CAT GCC AAT GGC CTC ACA TTG GTG TCC AGA GCT CAC CAG CTG GTG ATG GAG GGA TAT AAC TGG TGC CAC GAC CGG AAT GTA GTA ACG ATT TTC AGT GCT CCA AAC TAT TGT TAT CGT TGT GGT AAT CAA GCT GCA ATC ATG GAA CTT GAT GAT ACT CTA AAA TAC TCT TTC TTG CAG TTT GAC CCA GCA CCT CGC AGA GGC GAG CCA CAT GTT ACT CGT CGT ACC CCA GAC TAC TTC CTG 
Rattus norvegicus                          --- --- --- --- --- --- --- --- --- --- --- --- --- --- --- --- --- --- --- ATG GAC GAG AAG --- --- --- --- --- --- --- --- --- --- --- --- --- --- --- --- --- --- --- --- --- --- --- --- --- --- --- --- --- --- --- --- --- --- --- --- --- --- --- --- --- --- --- --- --- --- --- --- --- --- --- TTG TTC ACC AAG GAG CTG GAC CAG TGG ATC GAG CAG CTG AAC GAG TGC AAG CAG CTC TCC GAG TCC CAG GTC AAG AGC CTC TGC GAG AAG GCT AAA GAA ATC CTG ACA AAA GAA TCT AAT GTT CAG GAG GTT CGA TGT CCA GTC ACT GTG TGT GGA GAT GTG CAT GGG CAA TTT CAT GAC CTC ATG GAA CTC TTT AGA ATT GGT GGT AAA TCA CCA GAT ACA AAT TAC TTG TTT ATG GGA GAC TAT GTG GAC AGA GGA TAT TAC TCA GTT GAA ACA GTT ACA CTG CTT GTA GCT CTT AAG GTT CGT TAC CGA GAG CGT ATC ACC ATA CTC CGA GGG AAT CAC GAG AGC AGA CAG ATC ACA CAA GTT TAT GGT TTC TAC GAT GAG TGT TTA AGG AAA TAC GGA AAT GCA AAT GTT TGG AAA TAC TTC ACA GAC CTT TTT GAC TAC CTT CCT CTC ACT GCC TTG GTG GAT GGG CAG ATC TTC TGT CTA CAT GGT GGT CTT TCA CCA TCC ATA GAC ACA CTG GAT CAC ATC CGA GCA CTT GAT CGC CTA CAA GAA GTT CCT CAT GAG GGT CCA ATG TGT GAC TTG CTG TGG TCA GAT CCA GAT GAC CGT GGT GGC TGG GGG ATA TCT CCT CGG GGA GCT GGT TAT ACC TTT GGC CAA GAT ATT TCT GAG ACA TTT AAT CAT GCC AAT GGC CTC ACG TTG GTG TCC AGA GCT CAC CAG CTG GTG ATG GAG GGA TAT AAC TGG TGC CAT GAC CGG AAT GTA GTA ACA ATT TTC AGT GCT CCA AAC TAT TGC TAT CGT TGT GGT AAC CAA GCT GCA ATC ATG GAA CTT GAT GAC ACT CTT AAG TAT TCT TTC TTG CAG TTC GAT CCA GCA CCT CGT AGA GGC GAG CCA CAT GTC ACT CGT CGT ACC CCA GAC TAC TTC CTG 
Homo sapiens                               --- --- --- --- --- --- --- --- --- --- --- --- --- --- --- --- --- --- --- ATG GAC GAG AAG --- --- --- --- --- --- --- --- --- --- --- --- --- --- --- --- --- --- --- --- --- --- --- --- --- --- --- --- --- --- --- --- --- --- --- --- --- --- --- --- --- --- --- --- --- --- --- --- --- --- --- GTG TTC ACC AAG GAG CTG GAC CAG TGG ATC GAG CAG CTG AAC GAG TGC AAG CAG CTG TCC GAG TCC CAG GTC AAG AGC CTC TGC GAG AAG GCT AAA GAA ATC CTG ACA AAA GAA TCC AAC GTG CAA GAG GTT CGA TGT CCA GTT ACT GTC TGT GGA GAT GTG CAT GGG CAA TTT CAT GAT CTC ATG GAA CTG TTT AGA ATT GGT GGC AAA TCA CCA GAT ACA AAT TAC TTG TTT ATG GGA GAT TAT GTT GAC AGA GGA TAT TAT TCA GTT GAA ACA GTT ACA CTG CTT GTA GCT CTT AAG GTT CGT TAC CGT GAA CGC ATC ACC ATT CTT CGA GGG AAT CAT GAG AGC AGA CAG ATC ACA CAA GTT TAT GGT TTC TAT GAT GAA TGT TTA AGA AAA TAT GGA AAT GCA AAT GTT TGG AAA TAT TTT ACA GAT CTT TTT GAC TAT CTT CCT CTC ACT GCC TTG GTG GAT GGG CAG ATC TTC TGT CTA CAT GGT GGT CTC TCG CCA TCT ATA GAT ACA CTG GAT CAT ATC AGA GCA CTT GAT CGC CTA CAA GAA GTT CCC CAT GAG GGT CCA ATG TGT GAC TTG CTG TGG TCA GAT CCA GAT GAC CGT GGT GGT TGG GGT ATA TCT CCT CGA GGA GCT GGT TAC ACC TTT GGG CAA GAT ATT TCT GAG ACA TTT AAT CAT GCC AAT GGC CTC ACG TTG GTG TCT AGA GCT CAC CAG CTA GTG ATG GAG GGA TAT AAC TGG TGC CAT GAC CGG AAT GTA GTA ACG ATT TTC AGT GCT CCA AAC TAT TGT TAT CGT TGT GGT AAC CAA GCT GCA ATC ATG GAA CTT GAC GAT ACT CTA AAA TAC TCT TTC TTG CAG TTT GAC CCA GCA CCT CGT AGA GGC GAG CCA CAT GTT ACT CGT CGT ACC CCA GAC TAC TTC CTG 



Printing out site pattern counts


         8        687  P

Mus musculus                                --- AAA AAA AAA AAA AAC AAC AAC AAC AAG AAG AAG AAT AAT AAT AAT ACA ACA ACA ACA ACA ACA ACA ACC ACC ACC ACC ACG ACT ACT ACT ACT AGA AGA AGA AGC AGC AGG AGT ATA ATA ATA ATC ATC ATC ATC ATC ATG ATT ATT CAA CAA CAA CAA CAC CAC CAC CAC CAG CAG CAG CAG CAT CAT CAT CAT CCA CCA CCA CCA CCA CCA CCT CCT CCT CCT CGA CGA CGA CGA CGC CGC CGG CGG CGT CGT CGT CGT CTA CTA CTC CTC CTC CTC CTC CTC CTC CTC CTG CTG CTG CTG CTG CTG CTG CTG CTG CTT CTT CTT CTT GAA GAA GAC GAC GAC GAC GAC GAC GAC GAC GAC GAC GAC GAG GAG GAG GAG GAG GAG GAG GAG GAG GAT GAT GAT GAT GAT GCA GCA GCA GCA GCC GCC GCT GCT GCT GGA GGA GGA GGA GGA GGA GGC GGC GGC GGC GGG GGG GGG GGG GGG GGT GGT GGT GGT GGT GGT GGT GTA GTA GTA GTC GTC GTC GTG GTG GTG GTG GTG GTT GTT GTT GTT GTT GTT GTT TAC TAC TAC TAC TAC TAC TAT TAT TAT TAT TAT TAT TCA TCA TCA TCC TCC TCC TCC TCC TCT TCT TCT TCT TGC TGC TGC TGG TGT TGT TTA TTC TTC TTC TTC TTG TTG TTG TTT TTT TTT TTT
Bos taurus                                  --- AAA AAA AAA AAG AAC AAC AAT AAT AAA AAG AAG AAT AAT AAT AAT ACA ACA ACA ACA ACA ACG ACT ACC ACC ACC ACC ACG ACT ACT ACT ACT AGA AGA AGA AGC AGC AGG AGT ATA ATA ATT ATC ATC ATC ATC ATC ATG ATT ATT CAA CAA CAA CAG CAC CAT CAT CAT CAA CAA CAG CAG CAT CAT CAT CAT CCA CCA CCA CCA CCA CCA CCT CCT CCT CCT AGA CGA CGA CGT CGC CGT CGA CGA CGC CGT CGT CGT CTA CTA CTC CTC CTC CTC CTG CTG CTT CTT CTC CTG CTG CTG CTG CTG CTG CTG TTG CTA CTT CTT CTT GAA GAA GAC GAC GAC GAC GAC GAC GAC GAT GAT GAT GAT GAA GAA GAG GAG GAG GAG GAG GAG GAG GAT GAT GAT GAT GAT GCA GCA GCA GCA GCC GCC GCT GCT GCT GGA GGA GGA GGA GGA GGC GGC GGC GGG GGT GGA GGG GGG GGT GGT GGA GGC GGC GGT GGT GGT GGT GTA GTA GTG GTC GTT GTT GTC GTG GTG GTG GTT GTA GTG GTG GTT GTT GTT GTT TAC TAC TAC TAC TAT TAT TAC TAC TAT TAT TAT TAT TCA TCA TCA TCC TCC TCC TCT TCT TCA TCT TCT TCT TGC TGC TGT TGG TGT TGT TTA TTC TTC TTC TTT GTG TTG TTG TTT TTT TTT TTT
Pan troglodytes                             --- AAA AAA AAA AAA AAC AAC AAC AAT AAA AAG AAG AAT AAT AAT AAT ACA ACA ACA ACA ACA ACG ACA ACC ACC ACC ACC ACG ACT ACT ACT ACT AGA AGA AGA AGC AGC AGA AGT ATA ATA ATT ATC ATC ATC ATC ATC ATG ATT ATT CAA CAA CAA CAA CAT CAC CAT CAT CAA CAA CAG CAG CAT CAT CAT CAT CCA CCA CCA CCA CCA CCA CCC CCT CCT CCT AGA CGA CGA CGT CGC CGC CGA CGG CGT CGT CGT CGT CTA CTA CTC CTC CTC CTC CTA CTG CTT CTT CTC CCG CTA CTG CTG CTG CTG CTG TTG CTA CTT CTT CTT GAA GAA GAC GAC GAC GAC GAC GAC GAT GAC GAT GAT GAT GAA GAG GAA GAG GAG GAG GAG GAG GAG GAT GAT GAT GAT GAT GCA GCA GCA GTA GCC GCC GCT GCT GCT GGA GGA GGA GGA GTA GGA GGC GGC GGG GGT GGG GGG GGG GGT GGT GGT GGC GGT GGT GGT GGT GGT GTA GTA GTG GTT GTC GTT GTC GTG GTG GTG GTT GTT GTG GTT GTT GTT GTT GTT TAC TAC TAT TAT TAT TAT TAC TAC TAT TAT TAT TAT TCA TCA TCG TCC TCC TCT TCC TCT TCA TCT TCT TCT TGC TGC TGT TGG TGT TGT TTA TTC TTC TTC TTT GTG TTG TTG TTT TTT TTT TTT
Danio rerio                                 --- AAA AAG AAG AAA AAC AAT AAT AAT AAG AAA AAG AAC AAC AAC AAT ACA ACC ACG ACT ACT ACA TCG ACA ACA ACC GCG ACG ACC ACC ACG ACT AGA AGG CGA ACC AGC CGG AGC ATA ATT ATA ATA ATC ATC ATC GTC ATG ATC ATT CAG CAG CAG CAG CAC CAT CAC CAT CAA CAG CAA CAG CAC CAT CAT CAT CCA CCC CCG CCG CCG CCT CCT CCC CCG CCT CGA AGA CGG CGT CGT CGT CGA CGT CGG AGA CGC CGC CTT TTG CTC CTC CTG CTG CTG CTC CTC CTG TTG CTG CTG CTC CTG CTG CTG CTG CTG CTC CTC CTG CTT GAA GAG GAC GAC GAC GAG GAT GAT GAC GAC GAC GAC GAT GAA GAG GAG GAA GAA GAG GAG GAG GCG GAC GAC GAC GAT GAT GCA GCA GCC GCG GCC GCC GCG GCG GCT GGA GGC GGC GGT GGT GGA GGA GGC GGC GGA GGA GGA GGC GGC GGC GGC GGA GGA GGA GGA GGC GGC GTC GTG GTT GTC GTT GTC GTG GTA GTG GTG GTG GTG GTG GTG GTC GTG GTG GTT TAC TAC TAC TAT TAC TTC TAC TAC TAC TAC TAC TAT TCA TCT TCG ACT TCG TCC TCA TCC TCT TCT TCT TCT TGC TGT TGC TGG TGC TGT TTA TTC TTC TTT TTC GCG CTG TTA TTC TTC TTT TTT
Gallus gallus                               --- AAA AAA AAA AAG AAC AAC AAT AAT AAA AAG AAG AAC AAT AAT AAT ACA ACA ACA ACC ACG ACA ACG ACC ACG ACG ACC ACA ACA ACT ACT ACC AGA AGG AGA AGC AGC AGA AGT ATA ATT ATT ATT ATC ATT GTG ATC ATG ATT ATT CAA CAA CAG CAG CAC CAT CAT CAT CAA CAG CAG CAG CAT CAC CAT CAT CCA CCA CCA CCG CCT CCG CCT CCT CCG CCT AGA CGA CGA CGT CGC CGT CGA CGG CGC CGT CGC CGT CTA TTG CTA CTC CTC CTT CTG CTC CTT CTT CTC CTG TTG CTC CTA CTC CTG TTG TTG TTA CTT CTT CTT GAA GAA GAC GAC GAT GAG GAC GAT GAC GAT GAC GAT GAC GAA GAA GAA GAA GAG GAA GAA GAG GAG GAC GAC GAT GAT GAT GCA GCG GCA GCA GCC GCT GCA GCT GCT GGA GGG GGT GGG GGT GGG GGT GGC GGA GGC GGG GGC GGA GGA GGT GGT GGC GGC GGA GGT GGC GGT GTA GTA GTG GTC GTG GTT GTG GTG GTA GTT GTT GTA GTA GTT GTC GTG GTT GTT TAC TAT TAT TAT TAC TAC TAC TAT TAC TAC TAT TAT TCA TCA TCT GGG TCC TCA TCC TCA TCA TCA TCC TCT TGC TGC TGT TGG TGT TGT TTA TTC TTT TTC TTT GTG TTG TTG TTC TTT TTC TTT
Canis lupus familiaris                      --- AAA AAA AGA AAA AAC AAT AAC AAT AAA AAG AAG AAT AAC AAT AAT ACA ACA ACA ACA ACA ACG ACT ACC ACC ACC ACC ACA ACC ACT ACT ACT AGA AGA AGA AGC AGC AGG AGT ATA ATA ATT ATA ATC ATC ATC ATC ATG ATT ATT CAA CAA CAA CAA CAC CAC CAT CAT CAA CAA CAG CAG CAT CAT CAC CAT CCA CCA CCA CCA CCA CCA CCT CCT CCT CCT AGA CGA CGA CGT CGC CGC AGA CGG CGC CGT CGT CGT CTA CTA CTC CTC CTC CTC CTG CTG CTT CTT CTC CTG CTG CTG CTG CTG CTG CTG TTG CTA CTT CTT CTT GAA GAA GAC GAT GAC GAC GAC GAC GAT GAT GAT GAT GAT GAA GAG GAG GAG GAG GAA GAG GAG GAG GAC GAT GAT GAC GAT GCA GCA GCA GCA GCC GCC GCT GCT GCT GGA GGA GGA GGA GGA GGA GGC GGC GGG GGT GGA GGG GGG GGT GGT GGT GGC GGC GGT GGT GGT GGT GTA GTA GTA GTC GTC GTT GTC GTT GTG GTG GTT GTA GTG GTT GTT GTT GTT GTT TAC TAC TAT TAT TAC TAC TAC TAT TAT TAT TAT TAT TCA TCA TCA TCC TCC TCC TCC TCC TCA TCT TCT TCT TGC TGC TGT TGG TGT TGT TTA TTC TTC TTC TTT TTG TTG TTG TTT TTT TTT TTT
Rattus norvegicus                           --- AAA AAA AAA AAA AAC AAC AAT AAT AAG AAG AAG AAT AAT AAT AAT ACA ACA ACA ACA ACA ACA ACA ACC ACC ACC ACC ACG ACT ACT ACT ACT AGA AGA AGA AGC AGC AGG AGT ATA ATA ATA ATC ATC ATC ATC ATC ATG ATT ATT CAA CAG CAA CAA CAC CAC CAC CAT CAA CAA CAG CAG CAT CAT CAT CAT CCA CCA CCA CCA CCA CCA CCT CCT CCT CCT CGA CGA CGA CGA CGC CGT CGG CGG CGT CGT CGT CGT CTA CTA CTC CTC CTC CTC CTC CTC CTC CTT CTT CTG CTG CTG CTG CTG CTG CTG TTG CTT CTT CTT CTT GAA GAA GAC GAC GAT GAC GAC GAC GAC GAT GAT GAC GAC GAG GAG GAG GAG GAG GAG GAG GAG GAG GAT GAC GAT GAT GAT GCA GCA GCA GCA GCC GCC GCT GCT GCT GGA GGA GGA GGA GGA GGA GGC GGC GGC GGC GGG GGG GGG GGG GGT GGT GGT GGT GGT GGT GGT GGT GTA GTA GTG GTC GTC GTC GTG GTG GTG GTG GTG GTT GTT GTT GTT GTT GTT GTT TAC TAC TAC TAC TAC TAC TAT TAT TAC TAT TAT TAT TCA TCA TCA TCC TCT TCC TCC TCC TCA TCT TCT TCT TGC TGC TGC TGG TGT TGT TTA TTC TTC TTC TTC TTG TTG TTG TTT TTT TTC TTT
Homo sapiens                                --- AAA AAA AAA AAA AAC AAC AAC AAT AAA AAG AAG AAT AAT AAT AAT ACA ACA ACA ACA ACA ACG ACA ACC ACC ACC ACC ACG ACT ACT ACT ACT AGA AGA AGA AGC AGC AGA AGT ATA ATA ATT ATC ATC ATC ATC ATC ATG ATT ATT CAA CAA CAA CAA CAT CAC CAT CAT CAA CAA CAG CAG CAT CAT CAT CAT CCA CCA CCA CCA CCA CCA CCC CCT CCT CCT AGA CGA CGA CGT CGC CGC CGA CGG CGT CGT CGT CGT CTA CTA CTC CTC CTC CTC CTG CTG CTT CTT CTC CTG CTA CTG CTG CTG CTG CTG TTG CTA CTT CTT CTT GAA GAA GAC GAC GAC GAC GAC GAC GAT GAC GAT GAT GAT GAA GAG GAA GAG GAG GAG GAG GAG GAG GAT GAT GAT GAT GAT GCA GCA GCA GCA GCC GCC GCT GCT GCT GGA GGA GGA GGA GGA GGA GGC GGC GGG GGT GGG GGG GGG GGT GGT GGT GGC GGT GGT GGT GGT GGT GTA GTA GTG GTT GTC GTT GTC GTG GTG GTG GTT GTT GTG GTT GTT GTT GTT GTT TAC TAC TAT TAT TAT TAT TAC TAC TAT TAT TAT TAT TCA TCA TCG TCC TCC TCT TCC TCT TCA TCT TCT TCT TGC TGC TGT TGG TGT TGT TTA TTC TTC TTC TTT GTG TTG TTG TTT TTT TTT TTT



   70    2    1    1    1    3    1    1    1    1    3    3    2    1    2
    1    3    1    1    1    1    1    1    1    1    1    1    1    1    1
    1    1    3    1    1    1    1    1    1    1    1    1    1    3    1
    1    1    6    2    1    1    1    1    1    1    1    1    1    1    1
    1    7    2    1    1    2    2    1    3    1    1    1    1    1    1
    1    1    1    1    1    1    1    1    1    1    1    1    3    1    1
    1    1    1    1    1    1    1    1    1    1    1    1    1    1    1
    2    1    1    3    1    1    2    4    3    1    1    1    1    2    1
    1    1    2    1    1    1    1    1    3    1    1    4    1    1    1
    1    1    5    1    1    1    1    1    1    1    2    3    1    1    1
    1    1    1    1    1    1    1    1    1    1    1    1    1    1    1
    1    2    1    1    1    2    1    1    1    1    1    1    1    1    1
    1    1    1    2    1    1    1    2    1    1    1    1    1    1    1
    1    2    2    2    1    1    1    1    1    1    1    1    1    1    1
    1    2    1    1    5    3    3    1    4    1    1    1    1    3    1
    1    3    1    2

CODONML (in paml version 4.4b, July 2010)  torun.nuc
Model: One dN/dS ratio for branches Global clock 
Codon frequency model: F3x4
ns =   8  ls = 379

Codon usage in sequences
--------------------------------------------------------------------------------------------------------------
Phe TTT  7  8  8  4  7  8 | Ser TCT  4  5  5  5  2  3 | Tyr TAT  9  9 11  3  8 10 | Cys TGT  6  7  7  4  7  7
    TTC  7  6  6 11  7  6 |     TCC  5  3  3  2  3  5 |     TAC  7  7  5 12  8  6 |     TGC  4  3  3  6  3  3
Leu TTA  1  1  1  2  2  1 |     TCA  3  4  3  2  6  4 | *** TAA  0  0  0  0  0  0 | *** TGA  0  0  0  0  0  0
    TTG  5  5  5  2  9  6 |     TCG  0  0  1  3  0  0 |     TAG  0  0  0  0  0  0 | Trp TGG  5  5  5  5  5  5
--------------------------------------------------------------------------------------------------------------
Leu CTT  6  7  7  2  8  7 | Pro CCT  4  4  3  3  4  4 | His CAT  6  9  9  6  8  7 | Arg CGT  6  7  7  4  6  6
    CTC  8  5  5  9  6  5 |     CCC  0  0  1  2  0  0 |     CAC  4  1  1  4  2  3 |     CGC  2  2  2  4  3  3
    CTA  2  3  5  0  3  3 |     CCA  9  9  9  2  6  9 | Gln CAA  4  5  6  2  3  6 |     CGA  4  4  3  3  3  2
    CTG 10 10  7 16  3 10 |     CCG  0  0  1  6  3  0 |     CAG 10  9  8 12 11  8 |     CGG  2  0  1  3  1  1
--------------------------------------------------------------------------------------------------------------
Ile ATT  3  4  4  2  7  4 | Thr ACT  4  5  4  4  2  4 | Asn AAT  6  8  7  4  6  7 | Ser AGT  1  1  1  0  1  1
    ATC  7  7  7  7  4  6 |     ACC  4  4  4  5  4  5 |     AAC  6  4  5  8  6  5 |     AGC  2  2  2  2  2  2
    ATA  3  2  2  3  1  3 |     ACA  9  7  8  6  8  8 | Lys AAA  5  5  6  6  5  5 | Arg AGA  5  6  7  5  6  8
Met ATG  6  6  6  6  6  6 |     ACG  1  2  2  3  4  1 |     AAG  7  7  6  6  7  6 |     AGG  1  1  0  1  1  1
--------------------------------------------------------------------------------------------------------------
Val GTT  8  8 10  3  6  9 | Ala GCT  6  6  6  3  6  6 | Asp GAT  9 14 14 10 13 14 | Gly GGT  8  8 10  2  8  9
    GTC  3  2  2  6  3  3 |     GCC  2  2  2  3  1  2 |     GAC 15 10 10 13 10 10 |     GGC  4  5  3 10  6  4
    GTA  4  4  5  1  6  5 |     GCA  4  4  3  2  4  4 | Glu GAA  6  8  8  7 12  8 |     GGA  6  7  5 11  5  7
    GTG  5  7  6 11  7  3 |     GCG  0  0  0  7  1  0 |     GAG 14 12 12 13  9 12 |     GGG  5  3  4  0  5  3
--------------------------------------------------------------------------------------------------------------

--------------------------------------------------------------
Phe TTT  6  8 | Ser TCT  4  5 | Tyr TAT  8 11 | Cys TGT  6  7
    TTC  8  6 |     TCC  4  3 |     TAC  8  5 |     TGC  4  3
Leu TTA  1  1 |     TCA  4  3 | *** TAA  0  0 | *** TGA  0  0
    TTG  6  5 |     TCG  0  1 |     TAG  0  0 | Trp TGG  5  5
--------------------------------------------------------------
Leu CTT  8  7 | Pro CCT  4  3 | His CAT  7  9 | Arg CGT  7  7
    CTC  7  5 |     CCC  0  1 |     CAC  3  1 |     CGC  1  2
    CTA  2  4 |     CCA  9  9 | Gln CAA  5  6 |     CGA  4  3
    CTG  8  9 |     CCG  0  0 |     CAG  9  8 |     CGG  2  1
--------------------------------------------------------------
Ile ATT  3  4 | Thr ACT  4  4 | Asn AAT  8  7 | Ser AGT  1  1
    ATC  7  7 |     ACC  4  4 |     AAC  4  5 |     AGC  2  2
    ATA  3  2 |     ACA  9  8 | Lys AAA  5  6 | Arg AGA  5  7
Met ATG  6  6 |     ACG  1  2 |     AAG  7  6 |     AGG  1  0
--------------------------------------------------------------
Val GTT  8 10 | Ala GCT  6  6 | Asp GAT 11 14 | Gly GGT  9 10
    GTC  3  2 |     GCC  2  2 |     GAC 13 10 |     GGC  4  3
    GTA  3  3 |     GCA  4  4 | Glu GAA  6  8 |     GGA  6  6
    GTG  6  6 |     GCG  0  0 |     GAG 14 12 |     GGG  4  4
--------------------------------------------------------------

Codon position x base (3x4) table for each sequence.

#1: Mus musculus   
position  1:    T:0.20388    C:0.24919    A:0.22654    G:0.32039
position  2:    T:0.27508    C:0.17799    A:0.34951    G:0.19741
position  3:    T:0.30097    C:0.25890    A:0.21036    G:0.22977
Average         T:0.25998    C:0.22869    A:0.26214    G:0.24919

#2: Bos taurus     
position  1:    T:0.20388    C:0.24272    A:0.22977    G:0.32362
position  2:    T:0.27508    C:0.17799    A:0.34951    G:0.19741
position  3:    T:0.35599    C:0.20388    A:0.22330    G:0.21683
Average         T:0.27832    C:0.20820    A:0.26753    G:0.24595

#3: Pan troglodytes
position  1:    T:0.20388    C:0.24272    A:0.22977    G:0.32362
position  2:    T:0.27832    C:0.17799    A:0.34951    G:0.19417
position  3:    T:0.36570    C:0.19741    A:0.22977    G:0.20712
Average         T:0.28263    C:0.20604    A:0.26969    G:0.24164

#4: Danio rerio    
position  1:    T:0.19741    C:0.25243    A:0.22006    G:0.33010
position  2:    T:0.27508    C:0.18770    A:0.34304    G:0.19417
position  3:    T:0.19094    C:0.33657    A:0.16828    G:0.30421
Average         T:0.22114    C:0.25890    A:0.24380    G:0.27616

#5: Gallus gallus  
position  1:    T:0.21683    C:0.22654    A:0.22654    G:0.33010
position  2:    T:0.27508    C:0.17476    A:0.34951    G:0.20065
position  3:    T:0.32039    C:0.22006    A:0.22654    G:0.23301
Average         T:0.27077    C:0.20712    A:0.26753    G:0.25458

#6: Canis lupus familiaris
position  1:    T:0.20712    C:0.23948    A:0.23301    G:0.32039
position  2:    T:0.27508    C:0.17799    A:0.34628    G:0.20065
position  3:    T:0.34304    C:0.22006    A:0.23625    G:0.20065
Average         T:0.27508    C:0.21251    A:0.27184    G:0.24056

#7: Rattus norvegicus
position  1:    T:0.20712    C:0.24595    A:0.22654    G:0.32039
position  2:    T:0.27508    C:0.17799    A:0.34951    G:0.19741
position  3:    T:0.32362    C:0.23948    A:0.21359    G:0.22330
Average         T:0.26861    C:0.22114    A:0.26321    G:0.24703

#8: Homo sapiens   
position  1:    T:0.20388    C:0.24272    A:0.22977    G:0.32362
position  2:    T:0.27508    C:0.17799    A:0.34951    G:0.19741
position  3:    T:0.36570    C:0.19741    A:0.22654    G:0.21036
Average         T:0.28155    C:0.20604    A:0.26861    G:0.24380

Sums of codon usage counts
------------------------------------------------------------------------------
Phe F TTT      56 | Ser S TCT      33 | Tyr Y TAT      69 | Cys C TGT      51
      TTC      57 |       TCC      28 |       TAC      58 |       TGC      29
Leu L TTA      10 |       TCA      29 | *** * TAA       0 | *** * TGA       0
      TTG      43 |       TCG       5 |       TAG       0 | Trp W TGG      40
------------------------------------------------------------------------------
Leu L CTT      52 | Pro P CCT      29 | His H CAT      61 | Arg R CGT      50
      CTC      50 |       CCC       4 |       CAC      19 |       CGC      19
      CTA      22 |       CCA      62 | Gln Q CAA      37 |       CGA      26
      CTG      73 |       CCG      10 |       CAG      75 |       CGG      11
------------------------------------------------------------------------------
Ile I ATT      31 | Thr T ACT      31 | Asn N AAT      53 | Ser S AGT       7
      ATC      52 |       ACC      34 |       AAC      43 |       AGC      16
      ATA      19 |       ACA      63 | Lys K AAA      43 | Arg R AGA      49
Met M ATG      48 |       ACG      16 |       AAG      52 |       AGG       6
------------------------------------------------------------------------------
Val V GTT      62 | Ala A GCT      45 | Asp D GAT      99 | Gly G GGT      64
      GTC      24 |       GCC      16 |       GAC      91 |       GGC      39
      GTA      31 |       GCA      29 | Glu E GAA      63 |       GGA      53
      GTG      51 |       GCG       8 |       GAG      98 |       GGG      28
------------------------------------------------------------------------------

(Ambiguity data are not used in the counts.)


Codon position x base (3x4) table, overall

position  1:    T:0.20550    C:0.24272    A:0.22775    G:0.32403
position  2:    T:0.27549    C:0.17880    A:0.34830    G:0.19741
position  3:    T:0.32079    C:0.23422    A:0.21683    G:0.22816
Average         T:0.26726    C:0.21858    A:0.26429    G:0.24987

Codon frequencies under model, for use in evolver (TTT TTC TTA TTG ... GGG):
  0.01893041  0.01382183  0.01279533  0.01346375
  0.01228670  0.00897099  0.00830475  0.00873858
  0.02393404  0.01747517  0.00000000  0.00000000
  0.01356540  0.00990463  0.00000000  0.00964803
  0.02235875  0.01632499  0.01511260  0.01590206
  0.01451185  0.01059566  0.00980877  0.01032116
  0.02826856  0.02063997  0.01910712  0.02010525
  0.01602213  0.01169838  0.01082959  0.01139531
  0.02097996  0.01531828  0.01418066  0.01492144
  0.01361695  0.00994226  0.00920389  0.00968469
  0.02652533  0.01936717  0.01792885  0.01886543
  0.01503410  0.01097698  0.01016176  0.01069260
  0.02984894  0.02179386  0.02017532  0.02122926
  0.01937332  0.01414521  0.01309470  0.01377875
  0.03773852  0.02755436  0.02550800  0.02684051
  0.02138955  0.01561734  0.01445750  0.01521274



Nei & Gojobori 1986. dN/dS (dN, dS)
(Pairwise deletion)
(Note: This matrix is not used in later ML. analysis.
Use runmode = -2 for ML pairwise comparison.)

Mus musculus        
Bos taurus           0.0041 (0.0014 0.3412)
Pan troglodytes      0.0193 (0.0056 0.2921) 0.0273 (0.0042 0.1546)
Danio rerio          0.0063 (0.0157 2.4679)-1.0000 (0.0157 -1.0000)-1.0000 (0.0200 -1.0000)
Gallus gallus        0.0099 (0.0094 0.9542) 0.0098 (0.0066 0.6673) 0.0144 (0.0108 0.7536)-1.0000 (0.0195 -1.0000)
Canis lupus familiaris 0.0043 (0.0014 0.3273) 0.0169 (0.0028 0.1662) 0.0424 (0.0070 0.1664)-1.0000 (0.0185 -1.0000) 0.0133 (0.0094 0.7043)
Rattus norvegicus    0.0000 (0.0000 0.0993) 0.0048 (0.0014 0.2923) 0.0197 (0.0056 0.2859) 0.0072 (0.0171 2.3848) 0.0119 (0.0094 0.7925) 0.0044 (0.0014 0.3209)
Homo sapiens         0.0048 (0.0014 0.2917) 0.0000 (0.0000 0.1487) 0.9038 (0.0042 0.0047)-1.0000 (0.0157 -1.0000) 0.0089 (0.0066 0.7396) 0.0175 (0.0028 0.1604) 0.0049 (0.0014 0.2855)


TREE #  1:  (((((8, 3), (1, 7)), (2, 6)), 5), 4);   MP score: -1
lnL(ntime:  7  np:  9):  -2420.843838      +0.000000
   9..10   10..11   11..12   12..13   13..8    13..3    12..14   14..1    14..7    11..15   15..2    15..6    10..5     9..4  
 0.721274 0.282443 0.094967 0.093669 0.008112 0.026383 0.073115 2.378341 0.011052
SEs for parameters:
 0.096819 0.028402 0.010044 0.011604 0.004278 0.005980 0.012178 0.362787 0.002301

tree length =   2.02124

(((((8: 0.008112, 3: 0.008112): 0.085557, (1: 0.026383, 7: 0.026383): 0.067286): 0.001297, (2: 0.073115, 6: 0.073115): 0.021851): 0.187477, 5: 0.282443): 0.438830, 4: 0.721274);

(((((Homo sapiens: 0.008112, Pan troglodytes: 0.008112): 0.085557, (Mus musculus: 0.026383, Rattus norvegicus: 0.026383): 0.067286): 0.001297, (Bos taurus: 0.073115, Canis lupus familiaris: 0.073115): 0.021851): 0.187477, Gallus gallus: 0.282443): 0.438830, Danio rerio: 0.721274);

Detailed output identifying parameters

kappa (ts/tv) =  2.37834

omega (dN/dS) =  0.01105

dN & dS for each branch

 branch          t       N       S   dN/dS      dN      dS  N*dN  S*dS

   9..10     0.439   833.1   303.9  0.0111  0.0059  0.5311   4.9 161.4
  10..11     0.187   833.1   303.9  0.0111  0.0025  0.2269   2.1  69.0
  11..12     0.001   833.1   303.9  0.0111  0.0000  0.0016   0.0   0.5
  12..13     0.086   833.1   303.9  0.0111  0.0011  0.1035   1.0  31.5
  13..8      0.008   833.1   303.9  0.0111  0.0001  0.0098   0.1   3.0
  13..3      0.008   833.1   303.9  0.0111  0.0001  0.0098   0.1   3.0
  12..14     0.067   833.1   303.9  0.0111  0.0009  0.0814   0.7  24.8
  14..1      0.026   833.1   303.9  0.0111  0.0004  0.0319   0.3   9.7
  14..7      0.026   833.1   303.9  0.0111  0.0004  0.0319   0.3   9.7
  11..15     0.022   833.1   303.9  0.0111  0.0003  0.0264   0.2   8.0
  15..2      0.073   833.1   303.9  0.0111  0.0010  0.0885   0.8  26.9
  15..6      0.073   833.1   303.9  0.0111  0.0010  0.0885   0.8  26.9
  10..5      0.282   833.1   303.9  0.0111  0.0038  0.3418   3.1 103.9
   9..4      0.721   833.1   303.9  0.0111  0.0096  0.8730   8.0 265.3

tree length for dN:       0.0270
tree length for dS:       2.4463


Time used:  0:09
