
seed used = 1418805649
      7   1632

Danio rerio                                --- --- --- --- --- --- --- --- --- --- ATG ACA GAG CTC AGT GTG GTG AAG GAG GGC TGG CTC CTT AAG AGA GGT GAG TAC ATC AAG ACA TGG AGG CCG CGG TAC TTC ATC CTG AAG AGT GAC GGC TCC TTC ATC GGC TAC AAG GAG AAG CCG GAG CTG ACG GAC CAG AGC TAT GCA CCG CTC AAC AAC TTC TCT GTG GAG GAG TGT CAG CTG ATG AAG ACG GAG CGT CCG CGG CCG AAC ACC TTC ATG ATC CGC TGC CTG CAG TGG ACC ACC GTC ATT GAG CGC ACC TTC CAT GTG GAC AGC AGT GAC GAG AGG GAC GAG TGG ATG CGA GCA ATC CAG ATG GTG GCC --- --- AAT GGG CTG CAG GCG CGG GAT GTG GAC GAG CCA ATG GAG ATC --- --- AAG TAC AGC TCT CCC AGT GAC --- --- GCT CTG GAG --- --- --- --- --- --- --- --- --- --- --- --- --- --- --- --- --- --- --- --- --- --- GAC ATG GAG ATG TGT CTG --- --- --- --- --- --- --- --- TCC AAA TCC AGC TCC AGA GTG ACG ATG AAT GAC TTT GAT TAC CTG AAG CTG CTG GGG AAG GGC ACG TTT GGG AAG GTG ATT CTG GTG CGG GAG AAG GCC TCT GGG ATG TAC TAC GCC ATG AAG ATC CTG CGC AAG GAA GTG ATC ATC GCG AAG GAT GAA GTG GCG CAC ACA GTC ACA GAG AGT CGA GTG CTG CAG AAC ACT AGA CAC CCC TTC CTT ACG ACC CTC AAA TAC GCC TTC CAG ACT CAT GAC CGT CTG TGT TTC GTG ATG GAG TAC GCC AAC GGT GGA GAG CTA TTC TTC CAT CTG TCT CGT GAG CGT GTG TTC TCT GAG GAT AGA GCT CGC TTC TAC GGC GCT GAG ATC GTC TCT GCT CTG GAC TAT CTG CAC TCA CAG --- AAC GTG GTC TAC AGA GAC CTG AAG CTG GAG AAC CTC ATG CTG GAT AAT GAC GGA CAC ATT AAA ATC ACA GAC TTC GGT CTC TGT AAA GAG GGA ATC ACA GAC GAG GCC ACC ATG AGG ACC TTC TGC GGG ACC CCA GAA TAC CTT GCG CCG GAG GTG CTG GAG GAC AAT GAT TAC GGC CGT GCG GTG GAC TGG TGG GGT CTG GGT GTG GTG ATG TAT GAG ATG ATG TGT GGC CGT CTG CCG TTC TAC AGT CAA GAC CAC GAG CGT CTG TTC GAG CAG ATC GTG ATG GAG GAG ATC CGC TTC CCC CGC AGC CTG AGC ACA CAC GCC AGA GCA CTG TTG ACC GGC CTG CTG AGG AAA GAG CCC AAG CAG AGG CTC GGC GGA GGC CCA GAT GAT GCC AGA GAT GTG ATG ATG CAC AAG TTC TTC AGC GGC GTT CAG TGG GAC GAT GTG CTG CAG AAG AAG CTG CTG CCG CCC TTT AAA CCG CAG GTG ACG TCA GAG ACG GAC ACA CGC TAC TTT GAT GAT GAG TTC ACT GCG CAG AGC ATT ACT GTG ACC CCT CCA GAC AAG CTG AGC TGT CAG GAC GTG GAG GAG TCT GGG CCG --- --- ATC GCA CAT TTC CCT CAG TTC TCC --- TAC TCC GCC AGC GTC CGA GAG --- --- --- --- --- --- --- --- --- --- --- --- --- --- --- --- 
Canis lupus familiaris                     --- --- --- --- --- --- --- --- --- ATG GGG CAG GGT CCG GCG GCC GCA TCC CCT CAC CAC GCC GTG TCC TCA GGG GAG TAC ATC AAA ACC TGG CGG CCC CGG TAC TTC CTC CTC AAG AAC GAC GGC ACG TTC ATC GGC TAC AAG GAG CGG CCC CAG GAT GTG GAG CAG CGA GAG TCC CCC CTC AAC AAC TTC TCC GTG GCA CAA TGT CAG CTG ATG AAG ACT GAG CGG CCC AGG CCC AAC ACC TTC ATC ATC CGT TGC CTG CAG TGG ACC ACG GTC ATC GAG CGC ACC TTC CAC GTG GAG ACA CCC GAG GAG CGG GAG GAG TGG ACG ACT GCC ATC CAG ACA GTG GCC --- --- GAC GGG CTC AAG AGG CAG GAG --- GAA GAG ATG ATG GAC TTC --- --- CGG TCG GGC TCG CCC AGT GAC AAC TCG GGG GCT GAG --- --- --- --- --- --- --- --- --- --- --- --- --- --- --- --- --- --- --- --- --- --- GAG ATG GAG GTG TCC CTG --- --- --- --- --- --- --- --- GCC AAG CCC AAG CAC CGT GTG ACC ATG AAT GAG TTT GAG TAC CTG AAG CTG CTG GGG AAG GGC ACG TTT GGG AAG GTG ATC CTG GTC AAG GAG AAG GCC ACG GGC CGC TAC TAC GCC ATG AAG ATC CTG AAG AAG GAG GTC ATT GTG GCC AAG GAC GAG GTT GCC CAC ACG CTC ACG GAG AAC CGT GTT CTC CAG AAC TCT CGG CAT CCC TTC CTG ACG GCC CTG AAG TAC TCC TTC CAG ACC CAC GAC CGC CTC TGC TTC GTC ATG GAG TAC GCC AAC GGG GGC GAG CTC TTC TTC CAC CTG TCC CGG GAG CGG GTG TTC CCC GAG GAC CGG GCG CGC TTC TAC GGC GCC GAG ATC GTG TCG GCC CTG GAC TAC CTG CAC TCG GAG AAG AAC GTG GTC TAC CGC GAC CTC AAG CTG GAG AAC CTC ATG CTG GAC AAG GAC GGG CAC ATC AAG ATC ACG GAC TTC GGG CTG TGC AAG GAA GGC ATC AAG GAC GGA GCC ACC ATG AAG ACC TTC TGC GGG ACG CCC GAG TAC CTG GCC CCC GAG GTG CTG GAG GAC AAC GAC TAC GGC CGG GCG GTG GAC TGG TGG GGG CTG GGC GTG GTC ATG TAC GAG ATG CTG TGC GGC CGC CTG CCC TTC TAC AAC CAG GAC CAC GAG AAG CTC TTC GAG CTC ATC CTC ATG GAG GAG CTG CGC TTC CCG CGC ACG CTC AGC CCT GAG GCC AAG TCC CTG CTC TCA GGG CTG CTC AAA AAG GAC CCC AAG CAG AGG CTC GGA GGG GGC TCA GAG GAC GCC AAG GAG ATC ATG CAG CAC CGC TTC TTC GCT AGC ATC GTG TGG CAG GAC GTG TAC GAG AAG AAG CTC AGT CCG CCC TTC AAG CCT CAG GTC ACG TCG GAG ACA GAC ACC AGG TAT TTT GAT GAG GAG TTC ACG GCC CAG ATG ATC ACC ATC ACG CCG CCC GAC CAA GGT GAC AAC ATG GAG GGG GAG GAC AGC GAG CGG --- --- AGG CCC CAC TTC CCG CAG TTC TCC --- TAC TCG GCC AGC GGC ACG GCG --- --- --- --- --- --- --- --- --- --- --- --- --- --- --- --- 
Bos taurus                                 --- --- --- --- --- --- --- --- --- --- ATG AAC GAC GTG GCC ATC GTG AAG GAG GGC TGG CTG CAC AAG CGA GGT GAG TAC ATC AAG ACG TGG CGG CCG CGT TAC TTC CTC CTG AAG AAC GAT GGC ACG TTC ATT GGC TAC AAG GAG CGG CCG CAG GAC CTG GAG CAG CGT GAG TCG CCC CTC AAC AAC TTC TCC GTG GCC CAA TGC CAG CTG ATG AAG ACG GAG CGG CCG CGG CCC AAC ACC TTC ATC ATC CGC TGC CTG CAG TGG ACC ACG GTC ATC GAG CGC ACG TTC CAC GTG GAG ACG CCC GAG GAG CGG GAG GAG TGG ACC ACC GCC ATC CAG ACG GTG GCC --- --- GAC GGG CTC AAG AGG CAG GAG --- GAG GAG ACG ATG GAC TTC --- --- CGG TCG GGC TCA CCC GGC GAG AAC TCG GGG GCC GAG --- --- --- --- --- --- --- --- --- --- --- --- --- --- --- --- --- --- --- --- --- --- GAG ATG GAG GTG TCG CTG --- --- --- --- --- --- --- --- GCC AAG CCC AAG CAC CGC GTG ACC ATG AAT GAG TTT GAG TAC GTG AAG CTG CTG GGC AAA GGC ACT TTC GGG AAG GTG ATC CTG GTG AAG GAG AAG GCC ACA GCG GCC TAC TAC GCC ATG AAG ATC CTA AAG AAG GAG GTC ATC GTG GCC AAG GAC GAG GTG GCC CAC ACG CTC ACA GAG AAC CGC GTT CTC CAG AAC TCC CGG CAC CCG TCC CTG ACG GCC CTG AAG TAC TCC TTC CAG ACA CAC GAC CGC CTG TGC TTC GTC ATG GAG TAC GCT AAC GGG GGC GAG CTT TTC TTC CAC CTG TCC CGG GAG CGG GTG TTT TCC GAG GAC CGG GCC CGT TTC TAC GGC GCC GAG ATC GTG TCG GCC CTG GAT TAC CTG CAC TCG GAA AAG GAA GTG GTG TAC AGG GAC CTC AAG CTG GAG AAC CTC ATG CTG GAC AAG GAC GGG CAC ATC AAG ATC ACC GAC TTC GGA CTG TGC AAG GAG GGC ATC AAG GAT GGC GCC ACC ATG AAG ACT TTC TGC GGG ACC CCC GAA TAC CTG GCT CCC GAG GTG CTG GAG GAC AAC GAC TAC GGC CGG GCA GTG GAC TGG TGG GGG CTG GGT GTG GTC ATG TAC GAG ATG ATG TGC GGC CGC CTG CCC TTC TAC AAC CAG GAC CAC GAG AAG CTC TTT GAG CTC ATT CTC ATG GAG GAG ATC CGC TTC CCC CGC ACA CTC AGC CCG GAG GCC AAG TCC CTG CTC TCT GGG CTA CTC AAG AAG GAC CCC AAG CAG CGG CTT GGT GGG GGC TCT GAG GAC GCC AAG GAG ATC ATG CAG CAC CGA TTC TTC GCC AGC ATC GTG TGG CAG GAC GTG TAC GAG AAG AAG CTC AGC CCG CCC TTC AAG CCT CAG GTC ACA TCT GAG ACG GAC ACC AGG TAT TTT GAT GAG GAG TTC ACG GCC CAG ATG ATC ACC ATT ACG CCA CCT GAC CAA GAC GAC AGC ATG GAG GGG GTG GAC AGC GAA CGG --- --- AGG CCC CAC TTC CCC CAG TTC TCC --- TAC TCG GCC AGC GCG ACG GCC --- --- --- --- --- --- --- --- --- --- --- --- --- --- --- --- 
Homo sapiens                               --- --- --- --- --- --- --- --- --- --- ATG AGC GAC GTG GCT ATT GTG AAG GAG GGT TGG CTG CAC AAA CGA GGG GAG TAC ATC AAG ACC TGG CGG CCA CGC TAC TTC CTC CTC AAG AAT GAT GGC ACC TTC ATT GGC TAC AAG GAG CGG CCG CAG GAT GTG GAC CAA CGT GAG GCT CCC CTC AAC AAC TTC TCT GTG GCG CAG TGC CAG CTG ATG AAG ACG GAG CGG CCC CGG CCC AAC ACC TTC ATC ATC CGC TGC CTG CAG TGG ACC ACT GTC ATC GAA CGC ACC TTC CAT GTG GAG ACT CCT GAG GAG CGG GAG GAG TGG ACA ACC GCC ATC CAG ACT GTG GCT --- --- GAC GGC CTC AAG AAG CAG GAG --- GAG GAG GAG ATG GAC TTC --- --- CGG TCG GGC TCA CCC AGT GAC AAC TCA GGG GCT GAA --- --- --- --- --- --- --- --- --- --- --- --- --- --- --- --- --- --- --- --- --- --- GAG ATG GAG GTG TCC CTG --- --- --- --- --- --- --- --- GCC AAG CCC AAG CAC CGC GTG ACC ATG AAC GAG TTT GAG TAC CTG AAG CTG CTG GGC AAG GGC ACT TTC GGC AAG GTG ATC CTG GTG AAG GAG AAG GCC ACA GGC CGC TAC TAC GCC ATG AAG ATC CTC AAG AAG GAA GTC ATC GTG GCC AAG GAC GAG GTG GCC CAC ACA CTC ACC GAG AAC CGC GTC CTG CAG AAC TCC AGG CAC CCC TTC CTC ACA GCC CTG AAG TAC TCT TTC CAG ACC CAC GAC CGC CTC TGC TTT GTC ATG GAG TAC GCC AAC GGG GGC GAG CTG TTC TTC CAC CTG TCC CGG GAG CGT GTG TTC TCC GAG GAC CGG GCC CGC TTC TAT GGC GCT GAG ATT GTG TCA GCC CTG GAC TAC CTG CAC TCG GAG AAG AAC GTG GTG TAC CGG GAC CTC AAG CTG GAG AAC CTC ATG CTG GAC AAG GAC GGG CAC ATT AAG ATC ACA GAC TTC GGG CTG TGC AAG GAG GGG ATC AAG GAC GGT GCC ACC ATG AAG ACC TTT TGC GGC ACA CCT GAG TAC CTG GCC CCC GAG GTG CTG GAG GAC AAT GAC TAC GGC CGT GCA GTG GAC TGG TGG GGG CTG GGC GTG GTC ATG TAC GAG ATG ATG TGC GGT CGC CTG CCC TTC TAC AAC CAG GAC CAT GAG AAG CTT TTT GAG CTC ATC CTC ATG GAG GAG ATC CGC TTC CCG CGC ACG CTT GGT CCC GAG GCC AAG TCC TTG CTT TCA GGG CTG CTC AAG AAG GAC CCC AAG CAG AGG CTT GGC GGG GGC TCC GAG GAC GCC AAG GAG ATC ATG CAG CAT CGC TTC TTT GCC GGT ATC GTG TGG CAG CAC GTG TAC GAG AAG AAG CTC AGC CCA CCC TTC AAG CCC CAG GTC ACG TCG GAG ACT GAC ACC AGG TAT TTT GAT GAG GAG TTC ACG GCC CAG ATG ATC ACC ATC ACA CCA CCT GAC CAA GAT GAC AGC ATG GAG TGT GTG GAC AGC GAG CGC --- --- AGG CCC CAC TTC CCC CAG TTC TCC --- TAC TCG GCC AGC GGC ACG GCC --- --- --- --- --- --- --- --- --- --- --- --- --- --- --- --- 
Gallus gallus                              --- --- --- --- --- --- --- --- --- --- ATG AAT GAA GTA GCG ATA GTG AAG GAA GGA TGG CTC CAC AAA CGA GGA GAA TAT ATC AAA ACA TGG AGG CCA CGG TAT TTT CTT TTA AAG AAT GAT GGC ACA TTC ATT GGC TAC AAG GAA CGA CCG CAA GAC GTT GAC CAA CGA GAA TCA CCT TTA AAT AAC TTC TCA GTA GCT CAG TGC CAG CTG ATG AAG ACA GAA CGA CCT AAA CCA AAC ACA TTT ATC ATT AGA TGC CTC CAG TGG ACC ACA GTA ATT GAA AGA ACA TTT CAT GTG GAG ACT CCA GAG GAG CGG GAA GAA TGG ACA AAA GCT ATC CAA ACT GTT GCA --- --- GAC AGC CTC AAG AAA CAG GAG --- GAA GAG ATG ATG GAT TTT --- --- AGA TCT GGT TCT CCT AGT GAT AAT TCA GGT GCT GAA --- --- --- --- --- --- --- --- --- --- --- --- --- --- --- --- --- --- --- --- --- --- GAA ATG GAA GTT TCT ATG --- --- --- --- --- --- --- --- ACA AAG CCA AAA CAC AAA GTG ACC ATG AAT GAA TTT GAA TAC CTT AAG CTA CTG GGA AAA GGC ACT TTT GGA AAG GTC ATT TTA GTT AAA GAA AAA GCA ACC GGA CGG TAT TAT GCT ATG AAA ATT CTG AAG AAG GAA GTT ATT GTA GCA AAG GAT GAA GTA GCA CAC ACG CTG ACA GAA AAC CGT GTT TTA CAG AAC TCA CGG CAT CCA TTC TTA ACA GCT TTA AAG TAT TCC TTT CAG ACA CAC GAT CGC TTG TGT TTT GTT ATG GAG TAT GCT AAC GGA GGG GAG TTG TTT TTC CAT CTG TCG AGA GAG CGT GTA TTT TCT GAA GAC CGG GCG CGT TTT TAT GGG GCT GAG ATT GTT TCA GCG CTG GAT TAC CTG CAT TCA GAG AAG AAT GTG GTG TAC AGA GAT TTG AAG CTG GAA AAT CTT ATG CTG GAT AAA GAC GGG CAC ATA AAA ATT ACA GAC TTT GGA CTA TGT AAA GAA GGC ATA AAA GAT GGA GCA ACA ATG AAG ACT TTC TGT GGC ACT CCA GAG TAT CTT GCA CCA GAG GTG CTG GAG GAT AAT GAC TAT GGT CGT GCA GTG GAC TGG TGG GGA TTA GGA GTT GTG ATG TAT GAA ATG ATG TGT GGC CGG CTC CCT TTC TAC AAT CAG GAC CAT GAA AAG CTC TTT GAA CTC ATC CTT ATG GAA GAG ATT AGA TTT CCA CGC ACT TTG TCA CCT GAA GCA AAA TCT CTC TTG TCA GGT TTG CTG AAG AAA GAT CCT AAG CAA AGG TTA GGA GGC GGT CCT GAT GAT GCC AAG GAG ATT ATG CAG CAC AAA TTC TTT GCT GGC ATT GTT TGG CAA GAT GTA TAC GGG AAG AAG CTT GTA CCT CCA TTT AAG CCA CAA GTT ACA TCT GAA ACA GAT ACA AGA TAC TTT GAT GAA GAA TTT ACA GCA CAG ATG ATT ACA ATC ACT CCT CCT GAC CAA GAT GAC AGC ATG GAT TGT GTA GAC AAT GAG AGA --- --- AGA CCT CAT TTT CCT CAG TTC TCC --- TAT TCA GCC AGT GGA ACC GCT --- --- --- --- --- --- --- --- --- --- --- --- --- --- --- --- 
Rattus norvegicus                          --- --- --- --- --- --- --- --- --- --- ATG AAC GAC GTA GCC ATT GTG AAG GAG GGC TGG CTG CAC AAA CGA GGG GAA TAT ATT AAA ACC TGG CGG CCA CGC TAC TTC CTC CTC AAG AAT GAT GGC ACC TTT ATT GGC TAC AAG GAA CGG CCT CAG GAT GTG GAG CAG CGC GAG TCC CCA CTC AAC AAC TTC TCA GTG GCA CAA TGT CAG CTG ATG AAG ACA GAG CGG CCG AGG CCC AAC ACC TTC ATC ATC CGC TGC CTG CAG TGG ACC ACG GTC ATT GAG CGC ACC TTC CAT GTG GAA ACG CCT GAG GAG CGG GAA GAG TGG ACC ACC GCC ATT CAG ACT GTG GCT --- --- GAT GGA CTC AAA CGG CAG GAG --- GAG GAG ACG ATG GAC TTC --- --- CGG TCA GGT TCA CCC AGT GAC AAC TCA GGT GCT GAG --- --- --- --- --- --- --- --- --- --- --- --- --- --- --- --- --- --- --- --- --- --- GAG ATG GAG GTG GCC CTG --- --- --- --- --- --- --- --- GCC AAG CCC AAG CAC CGT GTG ACC ATG AAC GAG TTT GAG TAC CTG AAG CTA CTG GGC AAG GGC ACC TTT GGG AAG GTG ATC CTG GTG AAG GAG AAG GCC ACA GGT CGC TAC TAT GCC ATG AAG ATC CTC AAG AAG GAG GTC ATC GTT GCC AAG GAT GAG GTT GCC CAC ACG CTT ACT GAG AAC CGT GTC CTG CAG AAC TCT AGG CAT CCC TTC CTT ACA GCC CTC AAG TAC TCA TTC CAG ACC CAC GAC CGC CTC TGC TTT GTC ATG GAG TAC GCC AAT GGA GGC GAG CTC TTC TTC CAC CTG TCT CGT GAG CGC GTG TTT TCA GAG GAC CGG GCC CGC TTC TAC GGT GCG GAG ATT GTG TCC GCC CTG GAC TAC TTG CAC TCC GAG AAG AAC GTG GTG TAC CGG GAC CTC AAG CTG GAG AAC CTC ATG CTG GAC AAG GAC GGG CAC ATC AAG ATA ACG GAC TTC GGG CTG TGC AAG GAG GGT ATC AAG GAC GGT GCC ACC ATG AAG ACG TTC TGC GGG ACA CCC GAG TAC CTG GCC CCT GAG GTG CTG GAG GAC AAC GAC TAT GGC CGT GCA GTG GAC TGG TGG GGG CTG GGC GTG GTC ATG TAC GAG ATG ATG TGC GGC CGC CTG CCC TTC TAC AAC CAG GAC CAT GAG AAG CTG TTC GAG CTC ATC CTA ATG GAG GAG ATC CGC TTC CCA CGC ACA CTC GGG CCG GAG GCC AAG TCC CTG CTC TCG GGG CTG CTC AAG AAG GAC CCT ACA CAG AGG CTC GGT GGG GGC TCC GAG GAC GCC AAG GAG ATC ATG CAG CAC CGC TTC TTT GCC AAC ATC GTG TGG CAA GAT GTG TAT GAG AAG AAG CTG AGC CCA CCT TTC AAG CCC CAG GTC ACC TCT GAG ACC GAC ACC AGG TAT TTT GAT GAG GAG TTC ACA GCT CAG ATG ATC ACC ATC ACA CCG CCT GAT CAA GAT GAC AGC ATG GAG TGT GTG GAC AGT GAA CGG --- --- AGG CCG CAC TTT CCC CAG TTC TCC --- TAC TCA GCC AGT GGC ACA GCC --- --- --- --- --- --- --- --- --- --- --- --- --- --- --- --- 
Mus musculus                               --- --- --- --- --- --- --- --- --- --- ATG AAC GAC GTA GCC ATT GTG AAG GAG GGC TGG CTG CAC AAA CGA GGG GAA TAT ATT AAA ACC TGG CGG CCA CGC TAC TTC CTC CTC AAG AAC GAT GGC ACC TTT ATT GGC TAC AAG GAA CGG CCT CAG GAT GTG GAT CAG CGA GAG TCC CCA CTC AAC AAC TTC TCA GTG GCA CAA TGC CAG CTG ATG AAG ACA GAG CGG CCA AGG CCC AAC ACC TTT ATC ATC CGC TGC CTG CAG TGG ACC ACA GTC ATT GAG CGC ACC TTC CAT GTG GAA ACG CCT GAG GAG CGG GAA GAA TGG GCC ACC GCC ATT CAG ACT GTG GCA --- --- GAT GGA CTC AAG AGG CAG GAA --- GAA GAG ACG ATG GAC TTC --- --- CGA TCA GGC TCA CCC AGT GAC AAC TCA GGG GCT GAA --- --- --- --- --- --- --- --- --- --- --- --- --- --- --- --- --- --- --- --- --- --- GAG ATG GAG GTG TCC CTG --- --- --- --- --- --- --- --- GCC AAG CCC AAG CAC CGT GTG ACC ATG AAC GAG TTT GAG TAC CTG AAG CTA CTG GGC AAG GGC ACC TTT GGG AAG GTG ATT CTG GTG AAA GAG AAG GCC ACA GGC CGC TAC TAT GCC ATG AAG ATC CTC AAG AAG GAG GTC ATC GTC GCC AAG GAT GAG GTT GCC CAC ACG CTT ACT GAG AAC CGT GTC CTG CAG AAC TCT AGG CAT CCC TTC CTT ACG GCC CTC AAG TAC TCA TTC CAG ACC CAC GAC CGC CTC TGC TTT GTC ATG GAG TAT GCC AAC GGG GGC GAG CTC TTC TTC CAC CTG TCT CGA GAG CGT GTG TTC TCC GAG GAC CGG GCC CGC TTC TAT GGT GCG GAG ATT GTG TCT GCC CTG GAC TAC TTG CAC TCC GAG AAG AAC GTG GTG TAC CGG GAC CTG AAG CTG GAG AAC CTC ATG CTG GAC AAG GAC GGG CAC ATC AAG ATA ACG GAC TTC GGG CTG TGC AAG GAG GGG ATC AAG GAC GGT GCC ACT ATG AAG ACA TTC TGC GGA ACG CCG GAG TAC CTG GCC CCT GAG GTG CTG GAG GAC AAC GAC TAC GGC CGT GCA GTG GAC TGG TGG GGG CTG GGC GTG GTC ATG TAC GAG ATG ATG TGT GGC CGC CTG CCC TTC TAC AAC CAG GAC CAC GAG AAG CTG TTC GAG CTG ATC CTC ATG GAG GAG ATC CGC TTC CCG CGC ACA CTC GGC CCT GAG GCC AAG TCC CTG CTC TCC GGG CTG CTC AAG AAG GAC CCT ACA CAG AGG CTC GGT GGG GGC TCC GAG GAT GCC AAG GAG ATC ATG CAG CAC CGG TTC TTT GCC AAC ATC GTG TGG CAG GAT GTG TAT GAG AAG AAG CTG AGC CCA CCT TTC AAG CCC CAG GTC ACC TCT GAG ACT GAC ACC AGG TAT TTC GAT GAG GAG TTC ACA GCT CAG ATG ATC ACC ATC ACG CCG CCT GAT CAA GAT GAC AGC ATG GAG TGT GTG GAC AGT GAG CGG --- --- AGG CCG CAC TTC CCC CAG TTC TCC --- TAC TCA GCC AGT GGC ACA GCC --- --- --- --- --- --- --- --- --- --- --- --- --- --- --- --- 



Printing out site pattern counts


         7       1086  P

Danio rerio                                 --- --- --- --- --- AAA AAA AAC AAC AAC AAC AAG AAG AAG AAG AAG AAG AAG AAG AAG AAG AAG AAT AAT AAT AAT ACA ACA ACA ACA ACA ACA ACA ACA ACC ACC ACC ACC ACC ACC ACC ACC ACC ACC ACG ACG ACG ACG ACG ACG ACG ACT ACT ACT ACT AGA AGA AGA AGA AGA AGA AGA AGC AGC AGC AGC AGC AGC AGC AGC AGC AGC AGG AGG AGG AGG AGG AGT AGT AGT AGT AGT AGT ATC ATC ATC ATC ATC ATC ATC ATC ATC ATC ATC ATC ATC ATG ATG ATG ATG ATG ATG ATG ATG ATG ATT ATT ATT ATT CAA CAC CAC CAC CAC CAC CAC CAG CAG CAG CAG CAG CAG CAG CAG CAG CAT CAT CAT CCA CCA CCA CCA CCC CCC CCC CCC CCC CCG CCG CCG CCG CCG CCG CCG CCG CCG CCG CCT CCT CGA CGA CGA CGC CGC CGC CGC CGC CGC CGG CGG CGG CGG CGT CGT CGT CGT CGT CGT CGT CTA CTC CTC CTC CTC CTC CTC CTC CTG CTG CTG CTG CTG CTG CTG CTG CTG CTG CTG CTG CTG CTG CTG CTG CTG CTG CTG CTG CTG CTG CTG CTG CTT CTT CTT GAA GAA GAA GAC GAC GAC GAC GAC GAC GAC GAC GAC GAC GAC GAC GAC GAC GAG GAG GAG GAG GAG GAG GAG GAG GAG GAG GAG GAG GAG GAG GAG GAG GAG GAT GAT GAT GAT GAT GAT GAT GAT GAT GAT GCA GCA GCA GCA GCC GCC GCC GCC GCC GCC GCG GCG GCG GCG GCG GCT GCT GCT GCT GGA GGA GGA GGA GGC GGC GGC GGC GGC GGC GGC GGC GGG GGG GGG GGG GGG GGG GGT GGT GGT GGT GGT GTC GTC GTC GTC GTC GTG GTG GTG GTG GTG GTG GTG GTG GTG GTG GTG GTG GTG GTG GTG GTG GTT TAC TAC TAC TAC TAC TAC TAC TAC TAT TAT TAT TCA TCA TCC TCC TCC TCC TCC TCC TCT TCT TCT TCT TCT TCT TCT TGC TGC TGG TGG TGT TGT TGT TGT TGT TTC TTC TTC TTC TTC TTC TTC TTC TTC TTC TTG TTT TTT TTT TTT
Canis lupus familiaris                      --- AAC AAG ATG TCG AAG AAG AAC AAC AAC AAC AAA AAG AAG AAG AAG CAA CGC CGG CGG TCC TCC AAC AAG AAT GAC AAG ACC ACC ACG ACG ACG CAG CCT ACC ACC ACC ACC ACC ACG ACG ACG GCC TCA ACA ACC ACG ACG ACG ACT GTG ACC ACC ACG TCT AAG AAG CGC CGG CGG CGT TCA AAG ACA ACG AGC AGC ATG CGA GAC GCT GGC AAA AAG AGG CGG CGG AAC AAC AAC AGT CCC GCG AGG ATC ATC ATC ATC ATC ATC ATC ATT CTC CTG GTG TTC ACA ACG ATC ATG CAG CGC CTG GGG GTG ATC ATC ATC ATC CAG CAC CAC CAC CAC CAT GAG AAG ATG CAG CAG CAG CTC GAG GAG GTG CAC CAC CAC ATG CCC CCC TCA CCC CCC CCC CCC CCG CCC CCC CCC CCC CCC CCC CCC CCG CCT CGG CCG CCG ACG ACT CGT AAG AGG CGC CGC CGC CGT AAG AGG CAG CGG AAG CGC CGC CGG CGG CGG CGG CTC CCG CTC CTC CTC CTG CTG GCC AGT CTC CTC CTC CTC CTC CTC CTC CTC CTC CTG CTG CTG CTG CTG CTG CTG CTG CTG CTG GAT GCT GGT TAC CTG CTG GTG GAG GAG GAG CAG GAA GAC GAC GAC GAC GAC GAC GAG GAG GAG GAG GAG GAG CAA CAG CCT GAA GAC GAC GAG GAG GAG GAG GAG GAG GAG GCA GCG GGA GGT GAC GAC GAC GAC GAC GAG GAG GAG GAG GAT CCC GCC TCC TCC GCC GCC GCC GCC GCC TCC AGG GCC GCC GCC GCG GCC GCC GCG GGG GGC GGC GGG GGG AGC CAC GGA GGC GGC GGC GGC GGG GAG GGC GGG GGG GGG GGG GGC GGG GGG GGG GGG CTC GGC GTC GTC GTG --- ATC ATC CTC GCA GCC GGG GTC GTC GTC GTG GTG GTG GTG GTT GTT ATC TAC TAC TAC TAC TAC TAC TAT TCG GAG TAC TAC TCG TCG ACG CAC CCC GCC TCC TCG ACG AGC CCC TCC TCC TCG TCG TGC TGC CAC TGG AAC TCC TGC TGC TGT TTC TTC TTC TTC TTC TTC TTC TTC TTC TTC CTC TTC TTT TTT TTT
Bos taurus                                  --- AAC AAG --- TCG AAG AAG AAC AAC AAC GAA AAG AAA AAG AAG AAG CAA CGA CGG CGG AAG AAG AAC AAG AAT GAC AAG ACC ACG ACA ACC ACG AAC CCG ACC ACC ACC ACG ACT ACC ACG ACG GCC TCT ACG ACC ACA ACG ACT ACG CTG ACA ACC ACG TCC AAG AAG AGG CGG CGG CGC CGA AAG ACG ACA AGC AGC ATG CGT GAC GCC GGC AAG AAG CGG CGG CGG AAC AAC AAC GGC CCC GCC AGG ATC ATC ATC ATC ATC ATT ATT ATC CTC ATC GTG TTC ACG ACC ATC ATG CAG GCC ATG ATG GTG ATC ATC ATC ATC CAG CAC CAC CAC CAC CAC GAG AAG ATG CAG CAG CAG CTC GAA GAG GTG CAC CAC CAC ACG CCC CCT TCT CCC CCC CCC CCG CCC CCC CCC CCC CCC CCG CCG CCG CCG CCT CGG CCA CCC ACG ACC CGC AAG AGG CGC CGC CGT CGC AAG CGG CAG CGT AAG CGC CGC CGG CGG CGG CGG CTT GTG CTC CTC CTT CTG CTG CTG AGC CTC CTC CTC CTC CTC CTC CTC CTG CTG CTA CTA CTG CTG CTG CTG CTG CTG CTG GTG GAC GCC GAC TAC CTG CTG CAC GAA GAG GAG CAG GAG GAC GAC GAC GAG GAT GAT GAG GAG GAG GAG GAG GAG CAA CAG GAG GAG GAC GAC GAG GAG GAG GAG GAG GAG GTG GCC GCC GGC GAC GAC GAC GAC GAC GAC GAG GAG GAG GAG GAT CCC GCC TCC TCG GCC GCC GCC GCC GCT TCC AGG GCC GCC GCT GCA GCC GCC GCC GGG GGC GGC GGG GGG AGC GGC GGT GGC GGC GGC GGC GGG GAA GCG GGC GGG GGG GGG GGT GGA GGG GGG GGT CTC GCG GTC GTG GTG --- ATC ATT CTC GTG ATC GGG GTC GTC GTG GTG GTG GTG GTG GTG GTT ATC TAC TAC TAC TAC TAC TAC TAT TCG GAG TAC TAC TCG TCT ACG CAC CCC GCC TCC TCG ACA AGC TCC TCC TCC TCA TCG TGC TGC TGG TGG AGC TCG TGC TGC TGC TCC TTC TTC TTC TTC TTC TTC TTC TTT TTT CTC TTC TTC TTT TTT
Homo sapiens                                --- AAC AAG --- TCA AAG AAG AAC AAC AAC AAC AAG AAG AAG AAG AAG CAA CGC CGG CGG AAA AAG AAT AAG AAC GAC AAG ACC ACC ACC ACA ACA AGC CCC ACC ACC ACC ACC ACC ACA ACA ACT GCC TCA ACT ACC ACG ACA ACT ACG GTG ACC ACC ACG TCC AAG AAG CGG AGG CGG CGC CGA AAG ACT ACG AGC GGT ATG CGT GAC GCC GGC AAG AAG AGG CGG CGG AAC AAC AAT AGT CCT GCT AGG ATC ATC ATC ATC ATT ATC ATT ATC CTC ATC GTG TTC ACT ACA ATC ATG CAG CGC ATG ATG GTG ATC ATC ATC ATT CAG CAC CAC CAT CAT CAC GAG AAG ATG CAA CAG CAG CTC GAG GAG GTG CAC CAC CAT GAG CCT CCT TCC CCC CCC CCC CCC CCG CCC CCC CCC CCC CCA CCC CCG CCA CCC CGC CCA CCC ACG ACC CGC AAG AGG CGC CGC CGC CGC AAG CGG CAG CGC AAG CGC CGC CGG CGG CGT CGT CTG GTG CTC CTC CTT CTG CTG CTG AGC CTC CTC CTC CTC CTG CTT CTT CTC CTC CTC CTG CTG CTG CTG CTG CTG CTG TTG CTG GAT GCT GAT TAC CTC CTG CAC GAG GAA GAG CAG GAG GAC GAC GAC GAC GAC GAT GAC GAG GAG GAG GAG GAG CAG CAG GAG GAG GAC GAC GAA GAA GAG GAG GAG GAG GTG GCG GCC GGT GAC CAC GAC GAC GAC GAC GAG GAG GAG GAG GAT CCC GCC TCC GCT GCC GCC GCC GCT GCC TCT AAG GCC GCC GCC GCA GCC GCT GCC GGG GGC GGG GGG GGG GGT GGT GGC GGC GGC GGC GGT GGG GAG GGC GGC GGC GGC GGC GGC GGG GGG GGG GGG CTC GGC GTC GTG GTG --- ATC ATC CTC GTG ATT TGT GTC GTC GTG GTG GTG GTG GTG GTG GTC ATC TAC TAC TAC TAC TAC TAT TAT TCG GAG TAC TAC TCG TCG ACC CAC CCC GCC TCC TCG ACA AGC TCC TCC TCT TCA TCA TGC TGC TGG TGG AGC TCC TGC TGC TGC TTC TTC TTC TTC TTC TTC TTT TTT TTC TTT CTT TTC TTC TTT TTT
Gallus gallus                               --- AAT AAG --- TCA AAA AAG AAC AAC AAT AAT AAA AAA AAA AAG AAG CAA AAA AGA CGA AAA AAG AAT AAA AAT GAC AAA ACA ACA ACA ACA ACG AAT CCT ACA ACA ACC ACA ACT ACT ACT ACA GCT TCA ACA ACC ACA ACA ACT ACA GTT ACA ACA ACA TCA AAA AAG AGA CGG CGG AAA CGA AAA ACT ACT AGT TCA ATG CGA GAC GCT GGT AAG AAG AGG AGG CGG AAC AAT AAT AGT CCA GCG AGA ATA ATC ATT ATT ATT ATC ATT ATT CTT ATT GTA TTT ACT ACA ATC ATG CAG CGG ATG ATG GTT ATT ATT ATT ATA CAG CAC CAT CAC CAT CAT GAA AAG ATG CAA CAA CAG CTC GAG GGG GTT CAC CAT CAT ATG CCA CCT CCT CCA CCT CCT CCA CCA CCA CCA CCT CCT CCA CCT CCG CCT CCA AGA CCT CCT ACC AAA CGT AAG AGA AGA CGC CGT AGA AAA AAA CAG CGG AAG CGC CGG AGA CGA CGT CGT TTG GTA CTT TTA TTA CTA TTA CTC GTA CTC CTG CTT TTG TTA CTC TTG TTA TTG CTG TTG ATG CTA CTC CTG CTG TTA CTC CTT GAC GCT GAT TAC TTA CTT CAC GAG GAA GAA CAA GAA GAC GAC GAT GAT GAT GAT GAC GAA GAA GAG GAG GAT CAG CAA GAA GAA GAC GAT GAA GAA GAA GAA GAA GAG GTA GCT GCT GGA GAA GAT GAC GAT GAT GAT GAA GAG GAG GAT GAT CCT GCT TCT TCA GCA GCC GCT GCA GCT TCC AAA GCA GCA GCA GCA GCG GCT GCG GGT GGG GGC GGC GGG GGC GGA GGA GGC GGG GGT GGC GGT GAG GGA GGA AGC GGA GGC GGA GGA GGA GGA GGA CTG GGA GTA GTG GTT --- ATT ATC CTT GTG ATA TGT GTG GTT GTT GTA GTC GTG GTT GTA GTT ATT TAC TAT TAT TAT TAT TAT TAC TCT GAA TAC TAT TCA TCT ACA CAC CCA ACA TCC TCA ACC AAT TCT TCG TCA TCT TCA TGC TGT TGG TGG AGC TCT TGT TGT TGC TTC TTC TTC TTT TTT TTT TTC TTT TTT TTT TTG TTT TTT TTT TTT
Rattus norvegicus                           --- AAC AAG --- TCA AAG AAG AAC AAT AAC AAC AAA AAG AAG AAG ACA CAA CGC CGG CGG AAA AAG AAC AAG AAC GAT AAG ACC ACC ACT ACG ACG AAC CCG ACC ACC ACC ACC ACG ACA ACA ACG GCC TCG ACC ACC ACC ACA ACC ACA GTG ACC ACC ACA TCT AAG AAG CGG AGG CGG CGT CGA AAG ACG ACA AGT GGG ATG CGC GAC GCC GGT AAG AAG AGG CGG CGG AAC AAC AAT AGT CCT GCC AGG ATC ATT ATA ATC ATT ATC ATT ATC CTC ATC GTT TTC ACT ACC ATC ATG CAG CGC ATG ATG GTG ATC ATC ATT ATC CAG CAC CAC CAC CAT CAT GAG AAA ATG CAG CAG CAG CTC GAG GAG GTG CAC CAC CAT ACG CCC CCT TCC CCT CCC CCT CCC CCA CCC CCT CCA CCC CCA CCG CCT CCA CCC CGG CCG CCC ACA ACC CGT AAG AGG CGC CGC CGC CGC AAG AGG CAG CGC AAG CGC CGC CGT CGG CGC CGT CTC GTA CTC CTC CTC CTG CTC CTG AGC CTC CTC CTG CTC CTG CTG CTC CTC CTC CTC CTG CTG CTA CTG CTG TTG CTG CTG CTG GAT GCT GAT TAT CTT CTG CAC GAG GAG GAG CAA GAG GAC GAT GAC GAC GAC GAT GAG GAA GAG GAA GAG GAG CAA CAG GAG GAG GAC GAC GAG GAG GAA GAG GAG GAG GTG GCA GCC GGT GAC GAT GAC GAC GAC GAT GAG GAG GAG GAG GAT CCG GCC TCC TCC GCC GCC GCC GCT GCC TCA CGG GCC GCT GCC GCA GCC GCG GCC GGT GGC GGT GGG GGG AAC GGC GGT GGC GGT GGC GGC GGG GAA GGT GGC GGA GGG GGG GGC GGG GGA GGG GGG CTT GGC GTC GTG GTG --- ATC ATC CTA GTG ATT TGT GTC GTC GTG GTG GTG GTG GTG GTT GTC ATC TAC TAC TAC TAT TAT TAC TAT TCA GAG TAC TAC TCC TCT ACC CAC CCC GCC TCC TCA ACA AGT TCA TCT TCA TCA TCC TGC TGC TGG TGG AGC GCC TGC TGC TGT TTC TTC TTT TTC TTC TTT TTC TTT TTT TTC CTC TTC TTT TTT TTT
Mus musculus                                --- AAC AAG --- TCA AAG AAG AAC AAC AAC AAC AAA AAG AAG AAG ACA CAA CGG CGA CGG AAA AAG AAC AAG AAC GAT AAG ACC ACC ACT ACG ACG AAC CCT ACC ACT ACC ACC ACA ACG ACG ACA GCC TCC ACT ACC ACC ACG ACC ACA GTG ACC ACC ACA TCT AAG AAG CGG AGG CGG CGT CGA AAG ACG ACA AGT GGC ATG CGA GAC GCC GGC AAG AAG AGG CGG CGG AAC AAC AAC AGT CCT GCC AGG ATC ATT ATA ATC ATT ATC ATT ATC CTC ATC GTC TTC ACT GCC ATC ATG CAG CGC ATG ATG GTG ATC ATT ATT ATC CAG CAC CAC CAC CAC CAT GAG AAG ATG CAG CAG CAG CTG GAG GAG GTG CAC CAC CAT ACG CCG CCT TCC CCT CCC CCT CCC CCG CCC CCT CCA CCC CCA CCA CCT CCA CCC CGG CCG CCC ACA ACC CGT AAG AGG CGC CGC CGC CGC AAA AGG CAG CGC AAG CGC CGC CGA CGG CGT CGT CTC GTA CTC CTC CTC CTG CTC CTG AGC CTC CTC CTG CTG CTG CTG CTC CTC CTC CTC CTG CTG CTA CTG CTG TTG CTG CTG CTG GAT GCT GAT TAT CTT CTG CAC GAG GAG GAG CAG GAA GAC GAT GAC GAC GAC GAT GAT GAA GAG GAA GAG GAG CAA CAG GAG GAG GAC GAC GAA GAG GAA GAA GAG GAG GTG GCA GCC GGT GAC GAT GAC GAC GAT GAT GAG GAA GAG GAG GAT CCG GCC TCC TCC GCC GCC GCC GCA GCC TCA AGG GCC GCT GCC GCA GCC GCG GCC GGG GGC GGG GGG GGG AAC GGC GGT GGC GGT GGC GGC GGG GAG GGC GGC GGA GGG GGA GGC GGG GGG GGG GGG CTT GGC GTC GTG GTG --- ATC ATC CTC GTG ATT TGT GTC GTC GTG GTG GTG GTG GTG GTT GTC ATC TAC TAC TAT TAC TAT TAT TAT TCA GAG TAC TAC TCC TCT ACC CAC CCC GCC TCC TCA ACA AGT TCC TCT TCA TCA TCT TGC TGC TGG TGG AGC TCC TGC TGT TGC TTC TTC TTT TTC TTT TTC TTC TTT TTC TTC CTC TTC TTT TTC TTT



   62    1    1    1    1    3    3    3    1    2    1    1    1    2   10
    1    1    1    1    1    1    1    1    1    1    1    1    1    1    1
    1    1    1    1    1    1    1    1    1    1    1    1    1    1    1
    1    1    1    1    1    1    1    1    1    1    1    1    1    1    1
    1    1    1    1    1    1    1    1    1    1    1    1    1    1    1
    1    1    1    1    1    1    1    1    1    1    2    1    2    1    1
    1    1    1    1    1    1    1    1    1   12    1    1    1    1    1
    1    1    1    1    1    2    1    1    1    1    1    1    1    1    3
    6    1    1    1    1    1    2    1    1    1    1    1    1    1    1
    1    1    1    1    1    1    1    1    1    1    1    1    1    1    1
    1    1    1    1    2    1    1    1    1    1    1    1    1    1    1
    1    1    1    1    1    1    1    1    1    1    1    1    1    1    1
    1    1    1    1    1    1    1    1    1    1    1    2    7    1    2
    1    1    1    1    1    1    1    1    1    1    1    1    1    1    4
    1    4    1    2    1    1    1    2    1    1    1    1    1    1    1
    1    2    1    1    2    1   12    9    1    1    1    1    1    1    2
    1    1    1    2    1    1    1    1    1    1    1    1    3    2    1
    1    1    1    1    2    1    1    1    1    1    1    1    1    1    1
    1    1    1    1    3    1    2    1    1    1    1    1    1    1    1
    1    1    1    1    1    1    1    1    1    1    1    1    1    1    1
    1    1    1    3    1    3    1    5    2    1    1    1    4    5    1
    1    2    1    1    1    1    1    1    1    1    1    1    1    1    1
    1    1    1    1    1    1    1    1    1    1    1    6    1    1    2
    1    1    1    5    1    8    1    1    1    2    1    1    1    1    1
    1    1

CODONML (in paml version 4.4b, July 2010)  torun.nuc
Model: One dN/dS ratio for branches Global clock 
Codon frequency model: F3x4
ns =   7  ls = 544

Codon usage in sequences
--------------------------------------------------------------------------------------------------------------
Phe TTT  4  3  4  6 19  8 | Ser TCT  7  1  3  2  6  3 | Tyr TAT  3  1  1  2 11  5 | Cys TGT  6  1  0  1  5  2
    TTC 22 24 22 21  8 19 |     TCC  6  9  8  7  2  6 |     TAC 16 17 17 16  7 13 |     TGC  2  5  6  6  2  5
Leu TTA  0  0  0  0  8  0 |     TCA  2  3  1  4  9  7 | *** TAA  0  0  0  0  0  0 | *** TGA  0  0  0  0  0  0
    TTG  1  0  0  1  6  1 |     TCG  0  7  7  4  1  1 |     TAG  0  0  0  0  0  0 | Trp TGG  7  6  7  7  7  7
--------------------------------------------------------------------------------------------------------------
Leu CTT  3  0  2  4  6  2 | Pro CCT  2  3  2  3 12  6 | His CAT  4  1  0  3  6  3 | Arg CGT  7  3  3  3  4  4
    CTC  7 18 14 14  7 15 |     CCC  5 17 13 14  0  8 |     CAC  7 12 12 10  6  9 |     CGC  7  9  8 13  2 12
    CTA  1  0  2  0  2  2 |     CCA  4  0  1  3 10  4 | Gln CAA  1  2  2  2  7  3 |     CGA  3  1  2  1  4  1
    CTG 32 24 23 22 11 21 |     CCG 10  5  6  2  1  4 |     CAG 16 16 15 15 10 14 |     CGG  4 12 13  9  6  9
--------------------------------------------------------------------------------------------------------------
Ile ATT  4  1  3  4 12  6 | Thr ACT  4  2  2  5  7  2 | Asn AAT  4  1  1  2 10  2 | Ser AGT  6  2  0  1  2  3
    ATC 15 17 17 16  5 13 |     ACC 10 10 10 13  4 15 |     AAC  7 13 12 11  5 13 |     AGC 10  4  6  5  2  2
    ATA  0  0  0  0  3  1 |     ACA  8  3  5  7 18  9 | Lys AAA  6  2  1  1 18  3 | Arg AGA  7  0  0  0  9  0
Met ATG 20 16 16 16 18 16 |     ACG  7 15 14  5  1  6 |     AAG 21 31 34 35 22 31 |     AGG  5  5  4  4  2  5
--------------------------------------------------------------------------------------------------------------
Val GTT  1  2  1  0 11  2 | Ala GCT  4  2  2  5  9  3 | Asp GAT 12  2  4  4 18  8 | Gly GGT  5  2  3  5  5  7
    GTC  5  7  5  6  1  6 |     GCC  9 19 22 18  2 19 |     GAC 22 24 23 24 12 20 |     GGC 11 13 14 16  8 11
    GTA  0  0  0  0  9  1 |     GCA  4  2  1  1  9  2 | Glu GAA  3  2  4  3 30  5 |     GGA  4  2  1  0 12  2
    GTG 25 17 22 22  8 19 |     GCG  6  4  2  1  3  1 |     GAG 38 47 47 46 16 44 |     GGG  6 14 10  9  4  9
--------------------------------------------------------------------------------------------------------------

--------------------------------------------------
Phe TTT  6 | Ser TCT  4 | Tyr TAT  6 | Cys TGT  2
    TTC 21 |     TCC  8 |     TAC 12 |     TGC  5
Leu TTA  0 |     TCA  6 | *** TAA  0 | *** TGA  0
    TTG  1 |     TCG  0 |     TAG  0 | Trp TGG  7
--------------------------------------------------
Leu CTT  2 | Pro CCT  7 | His CAT  2 | Arg CGT  4
    CTC 14 |     CCC  7 |     CAC 10 |     CGC  9
    CTA  1 |     CCA  4 | Gln CAA  2 |     CGA  4
    CTG 23 |     CCG  4 |     CAG 15 |     CGG  8
--------------------------------------------------
Ile ATT  7 | Thr ACT  4 | Asn AAT  0 | Ser AGT  3
    ATC 12 |     ACC 12 |     AAC 15 |     AGC  2
    ATA  1 |     ACA  8 | Lys AAA  3 | Arg AGA  0
Met ATG 16 |     ACG  7 |     AAG 31 |     AGG  6
--------------------------------------------------
Val GTT  1 | Ala GCT  2 | Asp GAT 10 | Gly GGT  3
    GTC  7 |     GCC 19 |     GAC 19 |     GGC 14
    GTA  1 |     GCA  3 | Glu GAA  8 |     GGA  2
    GTG 19 |     GCG  1 |     GAG 40 |     GGG 10
--------------------------------------------------

Codon position x base (3x4) table for each sequence.

#1: Danio rerio    
position  1:    T:0.15900    C:0.23640    A:0.28033    G:0.32427
position  2:    T:0.29289    C:0.18410    A:0.33473    G:0.18828
position  3:    T:0.15900    C:0.33682    A:0.08996    G:0.41423
Average         T:0.20363    C:0.25244    A:0.23501    G:0.30893

#2: Canis lupus familiaris
position  1:    T:0.16008    C:0.25572    A:0.25364    G:0.33056
position  2:    T:0.26819    C:0.21206    A:0.35551    G:0.16424
position  3:    T:0.05613    C:0.45322    A:0.03534    G:0.45530
Average         T:0.16147    C:0.30700    A:0.21483    G:0.31670

#3: Bos taurus     
position  1:    T:0.15833    C:0.24583    A:0.26042    G:0.33542
position  2:    T:0.27292    C:0.20625    A:0.36042    G:0.16042
position  3:    T:0.06458    C:0.43542    A:0.04167    G:0.45833
Average         T:0.16528    C:0.29583    A:0.22083    G:0.31806

#4: Homo sapiens   
position  1:    T:0.16042    C:0.24583    A:0.26042    G:0.33333
position  2:    T:0.27500    C:0.19583    A:0.36250    G:0.16667
position  3:    T:0.10417    C:0.43750    A:0.04583    G:0.41250
Average         T:0.17986    C:0.29306    A:0.22292    G:0.30417

#5: Gallus gallus  
position  1:    T:0.18958    C:0.19583    A:0.28750    G:0.32708
position  2:    T:0.27917    C:0.19583    A:0.37083    G:0.15417
position  3:    T:0.29792    C:0.15208    A:0.30833    G:0.24167
Average         T:0.25556    C:0.18125    A:0.32222    G:0.24097

#6: Rattus norvegicus
position  1:    T:0.16042    C:0.24375    A:0.26458    G:0.33125
position  2:    T:0.27500    C:0.20000    A:0.36042    G:0.16458
position  3:    T:0.13750    C:0.38750    A:0.08333    G:0.39167
Average         T:0.19097    C:0.27708    A:0.23611    G:0.29583

#7: Mus musculus   
position  1:    T:0.16250    C:0.24167    A:0.26458    G:0.33125
position  2:    T:0.27500    C:0.20000    A:0.36042    G:0.16458
position  3:    T:0.13125    C:0.38750    A:0.08958    G:0.39167
Average         T:0.18958    C:0.27639    A:0.23819    G:0.29583

Sums of codon usage counts
------------------------------------------------------------------------------
Phe F TTT      50 | Ser S TCT      26 | Tyr Y TAT      29 | Cys C TGT      17
      TTC     137 |       TCC      46 |       TAC      98 |       TGC      31
Leu L TTA       8 |       TCA      32 | *** * TAA       0 | *** * TGA       0
      TTG      10 |       TCG      20 |       TAG       0 | Trp W TGG      48
------------------------------------------------------------------------------
Leu L CTT      19 | Pro P CCT      35 | His H CAT      19 | Arg R CGT      28
      CTC      89 |       CCC      64 |       CAC      66 |       CGC      60
      CTA       8 |       CCA      26 | Gln Q CAA      19 |       CGA      16
      CTG     156 |       CCG      32 |       CAG     101 |       CGG      61
------------------------------------------------------------------------------
Ile I ATT      37 | Thr T ACT      26 | Asn N AAT      20 | Ser S AGT      17
      ATC      95 |       ACC      74 |       AAC      76 |       AGC      31
      ATA       5 |       ACA      58 | Lys K AAA      34 | Arg R AGA      16
Met M ATG     118 |       ACG      55 |       AAG     205 |       AGG      31
------------------------------------------------------------------------------
Val V GTT      18 | Ala A GCT      27 | Asp D GAT      58 | Gly G GGT      30
      GTC      37 |       GCC     108 |       GAC     144 |       GGC      87
      GTA      11 |       GCA      22 | Glu E GAA      55 |       GGA      23
      GTG     132 |       GCG      18 |       GAG     278 |       GGG      62
------------------------------------------------------------------------------

(Ambiguity data are not used in the counts.)


Codon position x base (3x4) table, overall

position  1:    T:0.16433    C:0.23787    A:0.26734    G:0.33046
position  2:    T:0.27687    C:0.19917    A:0.35784    G:0.16612
position  3:    T:0.13575    C:0.37005    A:0.09914    G:0.39506
Average         T:0.19232    C:0.26903    A:0.24144    G:0.29721

Codon frequencies under model, for use in evolver (TTT TTC TTA TTG ... GGG):
  0.00637937  0.01738937  0.00465862  0.01856451
  0.00458903  0.01250912  0.00335120  0.01335447
  0.00824516  0.02247529  0.00000000  0.00000000
  0.00382762  0.01043362  0.00000000  0.01113871
  0.00923390  0.02517048  0.00674318  0.02687146
  0.00664245  0.01810651  0.00485074  0.01933011
  0.01193457  0.03253217  0.00871538  0.03473064
  0.00554034  0.01510229  0.00404591  0.01612288
  0.01037803  0.02828922  0.00757869  0.03020096
  0.00746548  0.02034999  0.00545177  0.02172521
  0.01341332  0.03656306  0.00979525  0.03903393
  0.00622682  0.01697353  0.00454721  0.01812058
  0.01282807  0.03496775  0.00936787  0.03733081
  0.00922794  0.02515422  0.00673882  0.02685410
  0.01657994  0.04519487  0.01210772  0.04824907
  0.00769684  0.02098065  0.00562072  0.02239849



Nei & Gojobori 1986. dN/dS (dN, dS)
(Pairwise deletion)
(Note: This matrix is not used in later ML. analysis.
Use runmode = -2 for ML pairwise comparison.)

Danio rerio         
Canis lupus familiaris 0.1791 (0.1823 1.0177)
Bos taurus           0.1504 (0.1622 1.0788) 0.1207 (0.0450 0.3731)
Homo sapiens         0.1359 (0.1557 1.1458) 0.0929 (0.0422 0.4542) 0.0448 (0.0197 0.4392)
Gallus gallus       -1.0000 (0.1606 -1.0000)-1.0000 (0.0701 -1.0000)-1.0000 (0.0440 -1.0000)-1.0000 (0.0361 -1.0000)
Rattus norvegicus    0.1235 (0.1608 1.3021) 0.0670 (0.0392 0.5850) 0.0238 (0.0155 0.6510) 0.0212 (0.0104 0.4931)-1.0000 (0.0395 -1.0000)
Mus musculus         0.1225 (0.1573 1.2845) 0.0707 (0.0397 0.5617) 0.0229 (0.0160 0.6979) 0.0181 (0.0091 0.5012)-1.0000 (0.0352 -1.0000) 0.0148 (0.0027 0.1835)


TREE #  1:  ((((4, (7, 6)), (3, 2)), 5), 1);   MP score: -1
lnL(ntime:  6  np:  8):  -5123.365900      +0.000000
   8..9     9..10   10..11   11..4    11..12   12..7    12..6    10..13   13..3    13..2     9..5     8..1  
 3.315031 1.064647 0.323180 0.242916 0.071501 0.286459 2.256516 0.013844
SEs for parameters:
 0.397851 0.103736 0.021618 0.021800 0.009827 0.024406 0.211057 0.001534

tree length =   8.61876

((((4: 0.242916, (7: 0.071501, 6: 0.071501): 0.171415): 0.080264, (3: 0.286459, 2: 0.286459): 0.036721): 0.741467, 5: 1.064647): 2.250384, 1: 3.315031);

((((Homo sapiens: 0.242916, (Mus musculus: 0.071501, Rattus norvegicus: 0.071501): 0.171415): 0.080264, (Bos taurus: 0.286459, Canis lupus familiaris: 0.286459): 0.036721): 0.741467, Gallus gallus: 1.064647): 2.250384, Danio rerio: 3.315031);

Detailed output identifying parameters

kappa (ts/tv) =  2.25652

omega (dN/dS) =  0.01384

dN & dS for each branch

 branch          t       N       S   dN/dS      dN      dS  N*dN  S*dS

   8..9      2.250  1316.1   315.9  0.0138  0.0507  3.6639  66.8 1157.5
   9..10     0.741  1316.1   315.9  0.0138  0.0167  1.2072  22.0 381.4
  10..11     0.080  1316.1   315.9  0.0138  0.0018  0.1307   2.4  41.3
  11..4      0.243  1316.1   315.9  0.0138  0.0055  0.3955   7.2 124.9
  11..12     0.171  1316.1   315.9  0.0138  0.0039  0.2791   5.1  88.2
  12..7      0.072  1316.1   315.9  0.0138  0.0016  0.1164   2.1  36.8
  12..6      0.072  1316.1   315.9  0.0138  0.0016  0.1164   2.1  36.8
  10..13     0.037  1316.1   315.9  0.0138  0.0008  0.0598   1.1  18.9
  13..3      0.286  1316.1   315.9  0.0138  0.0065  0.4664   8.5 147.3
  13..2      0.286  1316.1   315.9  0.0138  0.0065  0.4664   8.5 147.3
   9..5      1.065  1316.1   315.9  0.0138  0.0240  1.7334  31.6 547.6
   8..1      3.315  1316.1   315.9  0.0138  0.0747  5.3973  98.3 1705.0

tree length for dN:       0.1943
tree length for dS:      14.0324


Time used:  0:12
