
seed used = 1418846769
      7    894

Pan troglodytes                            --- --- --- --- --- --- --- --- --- --- --- ATG GAG AAC ACC GAA AAC TCA GTG GAT TCA AAA TCC ATT AAA AAT TTG GAA CCA AAG ATC ATA CAT GGA AGC CAA TCG ATG GAC TCT GGA ATA TCC CTG --- --- --- --- --- --- --- GAC AAC AGT TAT AAA ATG GAT TAT CCT GAG ATG GGT TTA TGT ATA ATC ATT AAT AAT AAG AAT TTT CAT --- AAA AGC ACT GGA ATG ACA TCT CGG TCT GGT ACA GAT GTC GAT GCA GCA AAC CTC AGG GAA ACA TTC AGA AAC TTG AAA TAT GAA GTC AGG AAT AAA AAT GAT CTT ACA CGT GAA GAA ATT GTG GAA TTG ATG CGT GAT GTT TCT AAA GAA GAT CAC AGC AAA AGG AGC AGT TTT GTT TGT GTG CTT CTG AGC CAT GGT GAA GAA --- GGA ATA ATT TTT GGA ACA AAT GGA CCT GTT GAC CTG AAA AAA ATA ACA AAC TTT TTC AGA GGG GAT CGT TGT AGA AGT CTA ACT GGA AAA CCC AAA CTT TTC ATT ATT CAG GCC TGC CGT GGT ACA GAA CTG GAC TGT GGC ATT GAG ACA GAC AGT GGT GTT GAT GAT GAC ATG GCG TGT CAT AAA ATA CCA GTG GAG GCC GAC TTC TTG TAT GCA TAC TCC ACA GCA CCT GGT TAT TAT TCT TGG CGA AAT TCA AAG GAT GGC TCC TGG TTC ATC CAG TCG CTT TGT GCC ATG CTG AAA CAG TAT GCC GAC AAG CTT GAA TTT ATG CAC ATT CTT ACC CGG GTT AAC CGA AAG GTG GCA ACA GAA TTT GAG TCC TTT TCC TTT GAC GCT ACT TTT CAT GCA AAG AAA CAG ATT CCA TGT ATT GTT TCC ATG CTC ACA AAA GAA CTC TAT TTT TAT CAC --- 
Bos taurus                                 --- --- --- --- --- --- --- --- --- --- --- ATG GAG AAC ACT GAA AAT TCA GTG GAT TCA AAA TCC ATT AAA ACT TCA GAG ACA AAG ATC TTA CAT GGA AGC AAA TCA ATG GAC TCT GGA ATA TCC TTG --- --- --- --- --- --- --- GAA GAG AGT TAC AAA ATG GAT TAT CCT GAA ATG GGT TTA TGT ATA ATA ATC AAT AAT AAG AAC TTC CAC --- GAA AAT ACT GGC ATG GCC TGT CGA TCT GGT ACA GAC GTG GAT GCA GCA AAC CTC AGG GAA ACA TTC ATG AAC TTG AAA TAC GAA GTC AGG ATT AAA AAT GAT CTT ACA TGT AAA GAA ATG TTG GAA TTA ATG AGC AAC GTT TCT AAA GAA GAC CAT AGC AAA AGG AGC AGT TTT ATT TGT GTG CTT CTA AGC CAT GGT GAA GAA --- GGA ATC ATT TTT GGA ACC AAC GGA CCC GTC AAT TTG AAA AAA TTA GCA AGT TTC TTC AGA GGG GAC TAT TGC AGA AGT CTG ACT GGA AAA CCC AAA CTT TTC ATT ATT CAG GCC TGC CGA GGC ACA GAA CTG GAC TGT GGT ATT GAG ACA GAC AGT GGT GCT GAG GAT GAC ATG GCC TGT CAG AAA ATA CCA GTT GAG GCA GAC TTC TTG TAC GCA TAT TCT ACA GCA CCT GGT TAC TTT TCC TGG CGA AAT GCA AAG AAC GGA TCC TGG TTC ATC CAG GCT CTT TGT GAG ATG CTG AAA AAG CAC GCT CAC AGG CTC GAG CTC ATG CAC ATT CTT ACT CGG GTT AAC CGA AAG GTA GCA ATA GAA TAT GAG TCC TTT TCT ACC GAT TCT GCT TTT CAT GCA AAG AAA CAG ATT CCT TGT ATT ATG TCT ATG CTC ACA AAA GAA CTG TAT TTC --- --- --- 
Mus musculus                               --- --- --- --- --- --- --- --- --- --- --- ATG GAG AAC AAC AAA ACC TCA GTG GAT TCA AAA TCC ATT AAT AAT TTT GAA GTA AAG ACC ATA CAT GGG AGC AAG TCA GTG GAC TCT GGG ATC TAT CTG --- --- --- --- --- --- --- GAC AGT AGT TAC AAA ATG GAT TAT CCT GAA ATG GGC ATA TGC ATA ATA ATT AAT AAT AAG AAC TTC CAT --- AAG AGC ACT GGA ATG TCA TCT CGC TCT GGT ACG GAT GTG GAC GCA GCC AAC CTC AGA GAG ACA TTC ATG GGC CTG AAA TAC CAA GTC AGG AAT AAA AAT GAT CTT ACT CGT GAA GAC ATT TTG GAA TTA ATG GAT AGT GTT TCT AAG GAA GAT CAT AGC AAA AGG AGC AGC TTT GTG TGT GTG ATT CTA AGC CAT GGT GAT GAA --- GGG GTC ATT TAT GGG ACA AAT GGG CCT GTT GAA CTG AAA AAG TTG ACT AGC TTC TTC AGA GGC GAC TAC TGC CGG AGT CTG ACT GGA AAG CCG AAA CTC TTC ATC ATT CAG GCC TGC CGG GGT ACG GAG CTG GAC TGT GGC ATT GAG ACA GAC AGT GGG ACT GAT GAG GAG ATG GCT TGC CAG AAG ATA CCG GTG GAG GCT GAC TTC CTG TAT GCT TAC TCT ACA GCA CCT GGT TAC TAT TCC TGG AGA AAT TCA AAG GAC GGG TCG TGG TTC ATC CAG TCC CTT TGC AGC ATG CTG AAG CTG TAC GCG CAC AAG CTA GAA TTT ATG CAC ATT CTC ACT CGC GTT AAC AGG AAG GTG GCA ACG GAA TTC GAG TCC TTC TCC CTG GAC TCC ACT TTC CAC GCA AAG AAA CAG ATC CCG TGT ATT GTG TCC ATG CTC ACG AAA GAA CTG TAC TTT TAT CAC --- 
Rattus norvegicus                          --- --- --- --- --- --- --- --- --- --- --- ATG GAC AAC AAC GAA ACC TCC GTG GAT TCA AAA TCC ATT AAT AAT TTT GAA ACA AAG ACT ATC CAT GGA AGC AAG TCG ATG GAC TCT GGA ATA TAT CTG --- --- --- --- --- --- --- GAC AGC AGT TAC AAA ATG GAT TAC CCT GAA ATG GGC TTG TGT ATA ATA ATT AAT AAT AAG AAC TTC CAT --- AAA AGC ACT GGA ATG TCA GCT CGC AAT GGT ACC GAT GTC GAT GCA GCT AAC CTC AGA GAG ACA TTC ATG GCC CTG AAA TAC GAA GTC AGG AAT AAA AAT GAC CTT ACT CGT GAA GAA ATT ATG GAA TTG ATG GAT AGT GTT TCT AAG GAA GAT CAC AGC AAA AGG AGC AGT TTT GTG TGT GTG ATT CTA AGT CAT GGA GAT GAA --- GGA GTA ATT TTT GGA ACG AAC GGA CCT GTG GAC CTG AAA AAA CTA ACT AGT TTC TTC AGA GGC GAC TAC TGC CGG AGT CTG ACT GGA AAG CCG AAA CTC TTC ATC ATT CAG GCC TGC CGA GGT ACA GAG CTG GAC TGC GGT ATT GAG ACA GAC AGT GGA ACT GAC GAT GAT ATG GCA TGC CAG AAG ATA CCA GTG GAG GCC GAC TTC CTG TAT GCT TAC TCT ACC GCA CCC GGT TAC TAT TCC TGG AGA AAT TCA AGG GAC GGG TCA TGG TTC ATC CAG TCA CTT TGC GCC ATG CTG AAA CTG TAC GCG CAC AAG CTG GAA TTC ATG CAC ATC CTC ACT CGT GTT AAC CGG AAG GTG GCC ACG GAA TTT GAG TCC TTC TCC CTG GAC GCC ACT TTC CAT GCA AAG AAA CAG ATC CCG TGT ATT GTG TCA ATG CTC ACA AAA GAA CTG TAC TTT TAT CAC --- 
Gallus gallus                              --- --- --- ATG ATG ACA GAC ATA AAA GAT GGA CCA CGC TCA GGG GAA GAT GTA TCA GAT GCA AGA TCT TTC CCT GGT TCC AAA GGA ATG AAC TTA CCT GCT AGC AAG TCT GTG GAC TCT GGA ATT CTG CCT --- --- --- --- --- --- --- GAT GAC AGT TAC AGA ATG GAT TAT CCA GAG ATA GGA GTA TGT GTT ATA ATA AAC AAT AAG AAC TTC CAC --- CGA GAT ACC GGA CTG TCA TCT CGT TCA GGC ACG GAT GCA GAT GCT GCA AGT GTC AGA GAA GTT TTT ATG AAG CTG GGA TAT AAA GTC AAG CTT AAC AAT GAT CTG TCA AGC AGA GAT ATT TTT AAG CTA TTG AAA AAT GTT TCT GAA GAA GAT CAC AGC AAG CGA AGC AGT TTT GTT TGT GTG TTG CTA AGC CAT GGC GAT GAA --- GGA CTC TTC TAT GGT ACA GAT GGC CCT CTT GAA CTG AAA GTA CTA ACC AGC CTT TTC AGA GGT GAC AAG TGC AGA AGT CTA GCA GGG AAA CCC AAA CTC TTT TTC ATT CAG GCC TGT AGA GGA ACA GAA TTA GAT TCT GGT ATT GAA GCA GAC AGT GGA CCA GAT GAA ACA GTG --- TGT CAA AAA ATA CCT GTA GAA GCA GAC TTC CTG TAT GCA TAT TCT ACT GCT CCA GGC TAC TAC TCC TGG AGG AAC GCA GCT GAA GGC TCC TGG TTT ATT CAG TCT CTG TGT AGG ATG CTG AAG GAA CAC GCC AGG AAA CTT GAA CTC ATG CAG ATT TTA ACT CGT GTA AAT CGC AGA GTG GCA --- GAA TAT GAA TCC TGC TCC ACT CGA CAG GAT TTC AAT GCA AAG AAA CAG ATT CCA TGC ATT GTG TCT ATG CTT ACC AAA GAA TTC TAC TTT CCT TGC --- 
Homo sapiens                               --- --- --- --- --- --- --- --- --- --- --- ATG GAG AAC ACT GAA AAC TCA GTG GAT TCA AAA TCC ATT AAA AAT TTG GAA CCA AAG ATC ATA CAT GGA AGC GAA TCA ATG GAC TCT GGA ATA TCC CTG --- --- --- --- --- --- --- GAC AAC AGT TAT AAA ATG GAT TAT CCT GAG ATG GGT TTA TGT ATA ATA ATT AAT AAT AAG AAT TTT CAT --- AAA AGC ACT GGA ATG ACA TCT CGG TCT GGT ACA GAT GTC GAT GCA GCA AAC CTC AGG GAA ACA TTC AGA AAC TTG AAA TAT GAA GTC AGG AAT AAA AAT GAT CTT ACA CGT GAA GAA ATT GTG GAA TTG ATG CGT GAT GTT TCT AAA GAA GAT CAC AGC AAA AGG AGC AGT TTT GTT TGT GTG CTT CTG AGC CAT GGT GAA GAA --- GGA ATA ATT TTT GGA ACA AAT GGA CCT GTT GAC CTG AAA AAA ATA ACA AAC TTT TTC AGA GGG GAT CGT TGT AGA AGT CTA ACT GGA AAA CCC AAA CTT TTC ATT ATT CAG GCC TGC CGT GGT ACA GAA CTG GAC TGT GGC ATT GAG ACA GAC AGT GGT GTT GAT GAT GAC ATG GCG TGT CAT AAA ATA CCA GTG GAG GCC GAC TTC TTG TAT GCA TAC TCC ACA GCA CCT GGT TAT TAT TCT TGG CGA AAT TCA AAG GAT GGC TCC TGG TTC ATC CAG TCG CTT TGT GCC ATG CTG AAA CAG TAT GCC GAC AAG CTT GAA TTT ATG CAC ATT CTT ACC CGG GTT AAC CGA AAG GTG GCA ACA GAA TTT GAG TCC TTT TCC TTT GAC GCT ACT TTT CAT GCA AAG AAA CAG ATT CCA TGT ATT GTT TCC ATG CTC ACA AAA GAA CTC TAT TTT TAT CAC --- 
Canis lupus familiaris                     --- --- --- --- --- --- --- --- --- --- --- ATG GAG AAC ACT GAA AAC TCA GTG GAT GCA AAA TCC TTT AAA AAT GCA GAA ACA AAG ATC TTA CAT GGA AGT AAA TCA ATG GAC TCG GGA ATG TCC TTC --- --- --- --- --- --- --- GAC AAC AGT TAT AAA ATG GAT TAT CCT GAA ATG GGT TTA TGT ATA ATA ATT AAT AAT AAG AAC TTT CAT --- AAA AGT ACT GGA ATG GCA CCT CGG TCT GGT ACA GAT GTA GAT GCA GCA AAC CTC AGG GAA ACA TTC ACA AAC TTG AAA TAT GAA GTC AGA AAT AAA AAT GAT CTC ACA TGC GAA GAA ATT TTG GAA TTA ATG AAC AGT GTC TCT AAA GAA GAT CAT AGC AAA AGG AGC AGT TTT GTT TGC GTG CTT CTA AGC CAT GGG GAT GAA --- GGA ATA ATT TTT GGA ACA AAT GGA CCT GTT GAC CTG AGA AAA GTA ACA GGT TTC TTC CGA GGA GAT TAC TGT AGA AGT CTG ACT GGA AAA CCC AAA CTT TTC ATT ATT CAG GCC TGC CGA GGT ACA GAA CTA GAC TGT GGT ATT GAG ACT GAC AGT GGA ATT GAG GAT GAC ATG GCC TGT CAG AAA ATA CCA GTC GAA GCG GAC TTC TTG TAT GCT TAC TCT ACA GCC CCT GGT TAC TAT TCC TGG CGA AAT TCA AAG GAT GGA TCC TGG TTC ATC CAG TCA CTT TGT GCG ATG CTG AAA CTA TAC GCT CAC AAG CTT GAG TTT ATG CAC ATT CTT ACT CGG GTT AAC CGA AAG GTC GCA ACA GAA TTT GAG TCC TTT TCT CTA GAC TCT GCT TTT CAT GGA AAG AAA CAG ATT CCA TGT ATT GTG TCT ATG CTC ACA AAA GAA CTG TAT CTT TAT CAC --- 



Printing out site pattern counts


         7        762  P G
G 2       32    222

Pan troglodytes                             --- --- --- --- --- --- --- --- AAA AAA AAC AAC AAG AAT ACC AGC ATA ATC ATG ATT CAT CCA GAA GAA GAG GAT GGA GTG TCA TCA TCC TTG --- AAA AAA AAA AAA AAA AAA AAA AAA AAA AAA AAA AAC AAC AAC AAC AAC AAG AAG AAG AAG AAT AAT AAT AAT AAT ACA ACA ACA ACA ACA ACA ACA ACA ACA ACA ACA ACC ACT ACT ACT AGA AGA AGA AGC AGC AGC AGG AGG AGG AGT AGT ATA ATA ATA ATA ATA ATC ATC ATG ATG ATG ATG ATG ATG ATT ATT ATT ATT ATT ATT ATT CAA CAC CAC CAC CAG CAG CAT CAT CAT CAT CCA CCA CCC CCT CCT CCT CGA CGA CGG CGG CGT CGT CGT CGT CTA CTC CTC CTC CTG CTG CTG CTG CTG CTT CTT CTT CTT CTT CTT GAA GAA GAA GAA GAA GAA GAA GAA GAC GAC GAC GAC GAC GAC GAC GAG GAG GAG GAT GAT GAT GAT GAT GAT GAT GAT GAT GCA GCA GCA GCA GCA GCA GCC GCC GCC GCC GCG GCT GGA GGA GGA GGA GGA GGC GGC GGG GGT GGT GGT GGT GGT GTC GTC GTG GTG GTG GTG GTT GTT GTT GTT GTT GTT TAC TAT TAT TAT TAT TAT TAT TAT TAT TAT TCA TCC TCC TCC TCC TCC TCC TCG TCG TCT TCT TCT TCT TCT TGC TGG TGT TGT TGT TGT TGT TGT TTA TTC TTC TTG TTG TTT TTT TTT TTT TTT TTT TTT TTT TTT TTT
Bos taurus                                  --- --- --- --- --- --- --- --- AAA AAA AAC AAT AAG ACT ACT AGC TTA ATC ATG ATT CAT ACA GAA GAG GAG GAT GGA GTG TCA TCA TCC TCA --- AAA AAA AAA AAA AAA AAA AAA AAA AAA AAA GAA AAC AAC AAC AGT GAG AAG AAG AAG AGG AAC AAC AAT AAT ATT ACA ACA ACA ACA ACA ACA ACA ACC ATA GCA GCC ACT ACT ACT GCT AGA AGA ATG AAT AGC AGC AGG AGG AGG AGT AGT ATA ATA ATA ATC TTA ATA ATC ATG ATG ATG ATG ATG ATG ATC ATG ATT ATT ATT ATT ATT AAA --- CAC CAT AAG CAG CAC CAG CAT CAT CCA CCT CCC CCC CCT CCT CGA CGA CGA CGG AGC CGA TAT TGT CTG CTC CTC CTG CTA CTG CTG TTG TTG CTC CTT CTT CTT CTT CTT AAA GAA GAA GAA GAA GAA GAA GAG AAT CAC GAA GAC GAC GAC GAT GAA GAG GAG AAC AAC GAC GAC GAG GAT GAT GAT GAT GCA GCA GCA GCA GCA GCA GAG GCA GCC GCT GCC TCT GGA GGA GGA GGA GGC GGA GGT GGG GGC GGT GGT GGT GGT GTC GTG GTA GTG GTT TTG ATG ATT GCT GTC GTT GTT TAT --- CAC TAC TAC TAC TAC TAT TAT TTT GCA TCC TCC TCC TCT TCT TCT GCT TCA TCC TCT TCT TCT TGT TGC TGG TGC TGT TGT TGT TGT TGT TTA TTC TTC TTA TTG ACC CTC TAT TTC TTC TTC TTT TTT TTT TTT
Mus musculus                                --- --- --- --- --- --- --- --- AAA AAT AAC ACC AAG AAT AAC AGC ATA ACC ATG ATT CAT GTA AAA GAA GAG GAT GGG GTG TCA TCA TCC TTT --- AAA AAA AAA AAA AAA AAA AAG AAG AAG AAG AAG AAC AAC GGC AGC AGT AAG AAG AAG AAG AAC AAT AAT AAT AAT ACA ACA ACA ACG ACG ACG ACT ACA ACG ACT TCA ACT ACT ACT ACT AGA CGG ATG AGC AGC AGC AGA AGG AGG AGC AGT ATA ATA ATC GTC TTG ATA ATC ATG ATG ATG ATG ATG GTG ATT ATT ATC ATC ATT ATT ATT AAG CAC CAC CAT CTG CAG CAT CAG CAC CAT CCG CCG CCG CCT CCT CCT AGA AGG CGC CGC GAT CGG TAC CGT CTG CTC CTC CTG CTA CTG CTG CTG CTG CTA ATT CTC CTC CTT CTT GAA CAA GAA GAA GAC GAG GAT GAA GAA CAC GAC GAC GAC GAG GAC GAA GAG GAG AGT GAC GAC GAT GAT GAC GAG GAT GAT GCA GCA GCA GCA GCC GCT AGC GCT GCC GCG GCT TCC GGA GGG GGG GGG GGA GGG GGC GGC GGT GGC GGG GGT GGT GTC GTG GTG GTG GTG TTG GTG GTG ACT GTT GTT GTT TAC TAT TAC TAC TAC TAC TAT TAC TAT TAT TCA TAT TCC TCG TCC TCC TCT TCC TCA TCC TCT TCT TCT TCT TGC TGG TGC TGC TGC TGT TGT TGT ATA TTC TTC TTA CTG CTG TTT TTC TTC TTC TTT TAT TTC TTC TTT
Rattus norvegicus                           --- --- --- --- --- --- --- --- AAA AAT AAC ACC AAG AAT AAC AGC ATC ACT ATG ATT CAT ACA GAA GAA GAC GAT GGA GTG TCA TCC TCC TTT --- AAA AAA AAA AAA AAA AAA AAA AAA AAG AAG AAA AAC AAC GCC AGT AGC AAG AAG AGG AAG AAC AAC AAT AAT AAT ACA ACA ACC ACA ACA ACC ACT ACG ACG ACT TCA ACT ACT ACT ACT AGA CGG ATG AGC AGC AGT AGA AGG AGG AGT AGT ATA ATA ATA GTA CTA ATA ATC ATG ATG ATG ATG ATG ATG ATT ATT ATC ATC ATC ATT ATT AAG CAC CAC CAC CTG CAG CAT CAG CAT CAT CCA CCG CCG CCT CCC CCT AGA CGG CGC CGT GAT CGA TAC CGT CTG CTC CTC CTG CTA CTG CTG CTG CTG CTG ATT CTC CTC CTT CTT GAA GAA GAA GAA GAA GAG GAT GAA GAC CAC GAC GAC GAC GAT GAC GAA GAG GAG AGT GAC GAC GAT GAC GAT GAT GAC GAT GCA GCA GCA GCC GCT GCT GCC GCC GCC GCG GCA GCC GGA GGA GGA GGA GGA GGG GGT GGC GGT GGC GGA GGA GGT GTC GTC GTG GTG GTG ATG GTG GTG ACT GTG GTT GTT TAC TAT TAC TAC TAC TAC TAT TAC TAC TAT TCA TAT TCC TCA TCA TCC TCT TCA TCG TCC AAT TCT TCT GCT TGC TGG TGC TGC TGT TGC TGT TGT TTG TTC TTC TTG CTG CTG TTC TTT TTC TTC TTT TTT TTC TTC TTT
Gallus gallus                               --- AAA ACA ATA ATG GAC GAT GGA AGA CCT TCA GAT ATG GGT GGG AGC TTA AAC CCA TTC CCT GGA GAA AAA CGC GAT GCT TCA GCA GTA TCT TCC --- AAA AAA AAC AAG AGA GGA AAG GTA AAA GAA CGA AAT AGT AAG AGC GAC AAG AGA GCT AAA AAC GAT AAC AAT CTT GCA GTT ACT ACA ACC ACG TCA ACA --- ACC TCA ACT ACC GCA GAT AGA AGA ATG GAT AGC AGC AGA AAG CGA AGT AGT ATA GTT ATT CTC CTA ATA ATT ATA ATG CTG GTG TTG GTG ATA ATT ATT TTC ATT ATT TTC AAG TGC CAG CAC GAA CAG CAC CAA AAT CAT CCT CCA CCC CCT CCA CCA AGG CGC CGT CGT AAA AGA AAG AGC CTA CTT GTC TTC CTA CTG TTA CCT CTG CTT TTG CTC TTA CTG CTG AGA AAA AAG GAA GAT GAA GAT GAA GAA AGG GAT GAC GAT ACA CGA GAG GAA GAA AAT GAA GAC GAT GAT GAT GAA GAT GAT GCA GCT GCT GCA GCA GCA AGG GCA GCC GCC --- CAG GGG GGA GGC GGT GGA GGC GGT GGT GGA GGA GGA GGC GGC GTC GCA GTG GTG GTA TTT GTG GTT CCA CTT GTA GTT TAT CCT CAC TAC TAC TAT TAT TAC TAT TAC GCA CTG TCC TCC TCT TCC TCT TCT TCT TCC TCA TCT TCT TCT TGT TGG TGC TGT TGT TCT TGC TGT GTA TTC TTT CTA CTG ACT CTC TAT CTT TTC TTT TAT TGC TTC TTT
Homo sapiens                                --- --- --- --- --- --- --- --- AAA AAA AAC AAC AAG AAT ACT AGC ATA ATC ATG ATT CAT CCA GAA GAA GAG GAT GGA GTG TCA TCA TCC TTG --- AAA AAA AAA AAA AAA AAA AAA AAA AAA AAA AAA AAC AAC AAC AAC AAC AAG AAG AAG AAG AAT AAT AAT AAT AAT ACA ACA ACA ACA ACA ACA ACA ACA ACA ACA ACA ACC ACT ACT ACT AGA AGA AGA AGC AGC AGC AGG AGG AGG AGT AGT ATA ATA ATA ATA ATA ATA ATC ATG ATG ATG ATG ATG ATG ATT ATT ATT ATT ATT ATT ATT GAA CAC CAC CAC CAG CAG CAT CAT CAT CAT CCA CCA CCC CCT CCT CCT CGA CGA CGG CGG CGT CGT CGT CGT CTA CTC CTC CTC CTG CTG CTG CTG CTG CTT CTT CTT CTT CTT CTT GAA GAA GAA GAA GAA GAA GAA GAA GAC GAC GAC GAC GAC GAC GAC GAG GAG GAG GAT GAT GAT GAT GAT GAT GAT GAT GAT GCA GCA GCA GCA GCA GCA GCC GCC GCC GCC GCG GCT GGA GGA GGA GGA GGA GGC GGC GGG GGT GGT GGT GGT GGT GTC GTC GTG GTG GTG GTG GTT GTT GTT GTT GTT GTT TAC TAT TAT TAT TAT TAT TAT TAT TAT TAT TCA TCC TCC TCC TCC TCC TCC TCG TCA TCT TCT TCT TCT TCT TGC TGG TGT TGT TGT TGT TGT TGT TTA TTC TTC TTG TTG TTT TTT TTT TTT TTT TTT TTT TTT TTT TTT
Canis lupus familiaris                      --- --- --- --- --- --- --- --- AAA AAA AAC AAC AAG AAT ACT AGT TTA ATC ATG TTT CAT ACA GAA GAA GAG GAT GGA GTG GCA TCA TCC GCA --- AAA AGA AAA AAA AAA AAA AAA AAA AAA AAA AAA AAC AAC AAC GGT AAC AAG AAG AAG AAG AAC AAT AAT AAT AAT ACT ACA ACA ACA ACA ACA ACA ACA ACA ACA GCA ACT ACT ACT GCT CGA AGA ACA AGT AGC AGC AGG AGA AGG AGT AGT ATA ATA ATG ATA GTA ATA ATC ATG ATG ATG ATG ATG ATG ATT ATT ATT ATT ATT ATT ATT AAA CAC CAC CAT CTA CAG CAT CAG CAT CAT CCA CCA CCC CCT CCT CCT CGA CGA CGG CGG AAC CGA TAC TGC CTG CTC CTC CTG CTA CTG CTA TTC CTG CTT CTT CTT CTT CTC CTT GAA GAA GAA GAA GAA GAA GAT GAG GAC CAC GAC GAC GAC GAC GAC GAA GAA GAG AGT GAT GAT GAT GAG GAT GAT GAT GAT GGA GCA GCC GCA GCA GCT GCG GCG GCC GCT GCC TCT GGA GGA GGA GGA GGA GGA GGT GGA GGT GGT GGA GGG GGT GTC GTA GTC GTG GTC TTG GTG GTT ATT GTT GTT GTC TAC TAT TAC TAC TAT TAT TAT TAT TAT TAT TCA TCC TCC TCC TCT TCT TCT TCA TCA TCC TCT TCG TCT CCT TGC TGG TGT TGT TGT TGT TGT TGC TTA TTC TTC TTA TTG CTA TTT TTT TTC TTT CTT TTT TTT TTT TTT



    3    1    1    1    2    1    1    1    1    1    1    1    1    1    1
    1    1    1    1    1    1    1    1    1    1    1    1    1    1    1
    1    1   10    3    1    1    1    1    1    1    1    2    1    1    1
    1    1    1    1    2    1    1    1    1    1    2    2    1    1    1
    1    1    1    1    1    1    1    1    1    1    1    1    1    1    1
    1    1    2    1    1    1    1    1    3    1    1    1    1    1    1
    1    1    4    1    1    1    1    1    1    1    1    1    3    1    1
    1    1    1    1    3    1    1    1    1    1    1    1    1    1    1
    1    1    1    1    1    1    1    1    1    1    1    1    1    1    1
    1    1    1    1    1    1    1    1    1    1    1    4    1    2    1
    1    1    1    1    3    1    1    1    1    1    2    1    1    1    2
    1    1    1    1    1    1    1    1    1    1    1    1    1    1    1
    1    1    1    2    1    1    1    1    1    1    1    1    1    1    2
    1    1    1    1    1    1    1    1    1    1    1    1    1    1    1
    1    1    1    1    1    1    1    1    1    1    1    1    1    1    1
    1    1    1    1    1    1    1    2    1    2    1    1    1    1    1
    2    3    1    2    1    1    1    1    1    1    1    1    1    1

CODONML (in paml version 4.4b, July 2010)  torun.nuc
Model: One dN/dS ratio for branches Global clock  (2 genes: diff. rate & k&w)  
Codon frequency model: F3x4
ns =   7  ls = 298

Codon usage in sequences
--------------------------------------------------------------------------------------------------------------
Phe TTT 10  5  4  5  6 10 | Ser TCT  5  7  5  3  9  5 | Tyr TAT  9  5  6  4  6  9 | Cys TGT  7  8  3  3  5  7
    TTC  5  8 10 10  8  5 |     TCC  7  5  7  5  5  7 |     TAC  1  4  7  8  4  1 |     TGC  1  2  5  5  4  1
Leu TTA  1  4  1  0  3  1 |     TCA  3  4  5  6  5  4 | *** TAA  0  0  0  0  0  0 | *** TGA  0  0  0  0  0  0
    TTG  4  5  2  2  2  4 |     TCG  2  0  1  1  0  1 |     TAG  0  0  0  0  0  0 | Trp TGG  2  2  2  2  2  2
--------------------------------------------------------------------------------------------------------------
Leu CTT  6  5  2  2  5  6 | Pro CCT  3  3  3  2  6  3 | His CAT  5  4  4  4  1  5 | Arg CGT  4  0  1  2  2  4
    CTC  3  4  4  4  3  3 |     CCC  1  2  0  1  1  1 |     CAC  3  4  4  4  3  3 |     CGC  0  0  2  1  2  0
    CTA  1  1  2  2  4  1 |     CCA  3  1  0  1  5  3 | Gln CAA  1  0  1  0  1  0 |     CGA  2  4  0  1  3  2
    CTG  5  4 10 11  8  5 |     CCG  0  0  3  2  0  0 |     CAG  4  4  4  4  5  4 |     CGG  2  1  2  2  0  2
--------------------------------------------------------------------------------------------------------------
Ile ATT 10 10  9  8  8 10 | Thr ACT  3  5  7  8  3  4 | Asn AAT  8  7  8  8  5  8 | Ser AGT  4  5  5  7  5  4
    ATC  3  4  4  5  0  2 |     ACC  2  2  2  3  3  1 |     AAC  7  8  5  6  5  7 |     AGC  5  5  8  5  6  5
    ATA  6  5  5  4  5  7 |     ACA 11  8  4  5  4 11 | Lys AAA 16 17 10 12 11 16 | Arg AGA  3  2  3  3  8  3
Met ATG 10 13 10 12  8 10 |     ACG  0  0  4  2  1  0 |     AAG  6  6 13  9  9  6 |     AGG  3  4  3  3  3  3
--------------------------------------------------------------------------------------------------------------
Val GTT  6  3  3  2  4  6 | Ala GCT  1  4  3  3  4  1 | Asp GAT 11  6  8  9 16 11 | Gly GGT  6  6  4  4  4  6
    GTC  2  2  2  2  2  2 |     GCC  4  3  2  6  2  4 |     GAC  9  8 10 12  6  9 |     GGC  2  2  4  2  5  2
    GTA  0  1  1  1  5  0 |     GCA  6  9  4  4 10  6 | Glu GAA 14 14 10 12 16 15 |     GGA  7  7  2  9  9  7
    GTG  5  3  8  7  5  5 |     GCG  1  0  1  1  0  1 |     GAG  5  9  8  5  1  5 |     GGG  1  1  7  1  2  1
--------------------------------------------------------------------------------------------------------------

--------------------------------------------------
Phe TTT  8 | Ser TCT  6 | Tyr TAT  7 | Cys TGT  6
    TTC  7 |     TCC  5 |     TAC  4 |     TGC  3
Leu TTA  3 |     TCA  4 | *** TAA  0 | *** TGA  0
    TTG  3 |     TCG  1 |     TAG  0 | Trp TGG  2
--------------------------------------------------
Leu CTT  6 | Pro CCT  4 | His CAT  5 | Arg CGT  0
    CTC  3 |     CCC  1 |     CAC  3 |     CGC  0
    CTA  4 |     CCA  2 | Gln CAA  0 |     CGA  4
    CTG  4 |     CCG  0 |     CAG  4 |     CGG  2
--------------------------------------------------
Ile ATT 10 | Thr ACT  5 | Asn AAT  7 | Ser AGT  7
    ATC  2 |     ACC  0 |     AAC  8 |     AGC  3
    ATA  4 |     ACA 11 | Lys AAA 16 | Arg AGA  3
Met ATG 11 |     ACG  0 |     AAG  6 |     AGG  2
--------------------------------------------------
Val GTT  3 | Ala GCT  3 | Asp GAT 10 | Gly GGT  6
    GTC  4 |     GCC  3 |     GAC  8 |     GGC  0
    GTA  2 |     GCA  6 | Glu GAA 14 |     GGA 11
    GTG  3 |     GCG  2 |     GAG  5 |     GGG  1
--------------------------------------------------

Codon position x base (3x4) table for each sequence.

#1: Pan troglodytes
position  1:    T:0.20578    C:0.15523    A:0.35018    G:0.28881
position  2:    T:0.27798    C:0.18773    A:0.35740    G:0.17690
position  3:    T:0.35379    C:0.19856    A:0.26715    G:0.18051
Average         T:0.27918    C:0.18051    A:0.32491    G:0.21540

#2: Bos taurus     
position  1:    T:0.21455    C:0.13455    A:0.36727    G:0.28364
position  2:    T:0.28000    C:0.19273    A:0.34909    G:0.17818
position  3:    T:0.30182    C:0.22909    A:0.28000    G:0.18909
Average         T:0.26545    C:0.18545    A:0.33212    G:0.21697

#3: Mus musculus   
position  1:    T:0.20939    C:0.15162    A:0.36101    G:0.27798
position  2:    T:0.27798    C:0.18412    A:0.35379    G:0.18412
position  3:    T:0.27076    C:0.27437    A:0.17329    G:0.28159
Average         T:0.25271    C:0.20337    A:0.29603    G:0.24789

#4: Rattus norvegicus
position  1:    T:0.19495    C:0.15523    A:0.36101    G:0.28881
position  2:    T:0.27798    C:0.19134    A:0.35018    G:0.18051
position  3:    T:0.26715    C:0.28520    A:0.21661    G:0.23105
Average         T:0.24669    C:0.21059    A:0.30927    G:0.23345

#5: Gallus gallus  
position  1:    T:0.20848    C:0.17314    A:0.29682    G:0.32155
position  2:    T:0.26855    C:0.20495    A:0.31449    G:0.21201
position  3:    T:0.31449    C:0.20848    A:0.31449    G:0.16254
Average         T:0.26384    C:0.19552    A:0.30860    G:0.23204

#6: Homo sapiens   
position  1:    T:0.20578    C:0.15162    A:0.35018    G:0.29242
position  2:    T:0.27798    C:0.18773    A:0.35740    G:0.17690
position  3:    T:0.35740    C:0.19134    A:0.27437    G:0.17690
Average         T:0.28039    C:0.17690    A:0.32732    G:0.21540

#7: Canis lupus familiaris
position  1:    T:0.21300    C:0.15162    A:0.34296    G:0.29242
position  2:    T:0.27798    C:0.19134    A:0.35018    G:0.18051
position  3:    T:0.33574    C:0.19495    A:0.30325    G:0.16606
Average         T:0.27557    C:0.17930    A:0.33213    G:0.21300

Codon usage in genes
--------------------------------------------------------------
Phe TTT  3 45 | Ser TCT  1 39 | Tyr TAT  0 46 | Cys TGT  0 39
    TTC  1 52 |     TCC  8 33 |     TAC  0 29 |     TGC  0 21
Leu TTA  3 10 |     TCA 13 18 | *** TAA  0  0 | *** TGA  0  0
    TTG  2 20 |     TCG  0  6 |     TAG  0  0 | Trp TGG  0 14
--------------------------------------------------------------
Leu CTT  0 32 | Pro CCT  2 22 | His CAT  6 22 | Arg CGT  0 13
    CTC  0 24 |     CCC  0  7 |     CAC  0 24 |     CGC  1  4
    CTA  0 15 |     CCA  3 12 | Gln CAA  0  3 |     CGA  0 16
    CTG  0 47 |     CCG  0  5 |     CAG  0 29 |     CGG  0 11
--------------------------------------------------------------
Ile ATT  5 60 | Thr ACT  5 30 | Asn AAT  8 43 | Ser AGT  1 36
    ATC  5 15 |     ACC  4  9 |     AAC 12 34 |     AGC  6 31
    ATA  4 32 |     ACA  4 50 | Lys AAA 13 85 | Arg AGA  1 24
Met ATG  9 65 |     ACG  0  7 |     AAG  6 49 |     AGG  0 21
--------------------------------------------------------------
Val GTT  0 27 | Ala GCT  1 18 | Asp GAT  9 62 | Gly GGT  1 35
    GTC  0 16 |     GCC  0 24 |     GAC  2 60 |     GGC  0 17
    GTA  2  8 |     GCA  3 42 | Glu GAA 11 84 |     GGA  7 45
    GTG  6 30 |     GCG  0  6 |     GAG  6 32 |     GGG  2 12
--------------------------------------------------------------

Codon position x base (3x4) table for each gene.


Gene #1
position  1:    T:0.17614    C:0.06818    A:0.47159    G:0.28409
position  2:    T:0.22727    C:0.25000    A:0.41477    G:0.10795
position  3:    T:0.23864    C:0.22159    A:0.36364    G:0.17614
Average         T:0.21402    C:0.17992    A:0.41667    G:0.18939

Gene #2
position  1:    T:0.21053    C:0.16186    A:0.33447    G:0.29315
position  2:    T:0.28183    C:0.18563    A:0.34069    G:0.19185
position  3:    T:0.32201    C:0.22637    A:0.25127    G:0.20034
Average         T:0.27146    C:0.19128    A:0.30881    G:0.22845

Sums of codon usage counts
------------------------------------------------------------------------------
Phe F TTT      48 | Ser S TCT      40 | Tyr Y TAT      46 | Cys C TGT      39
      TTC      53 |       TCC      41 |       TAC      29 |       TGC      21
Leu L TTA      13 |       TCA      31 | *** * TAA       0 | *** * TGA       0
      TTG      22 |       TCG       6 |       TAG       0 | Trp W TGG      14
------------------------------------------------------------------------------
Leu L CTT      32 | Pro P CCT      24 | His H CAT      28 | Arg R CGT      13
      CTC      24 |       CCC       7 |       CAC      24 |       CGC       5
      CTA      15 |       CCA      15 | Gln Q CAA       3 |       CGA      16
      CTG      47 |       CCG       5 |       CAG      29 |       CGG      11
------------------------------------------------------------------------------
Ile I ATT      65 | Thr T ACT      35 | Asn N AAT      51 | Ser S AGT      37
      ATC      20 |       ACC      13 |       AAC      46 |       AGC      37
      ATA      36 |       ACA      54 | Lys K AAA      98 | Arg R AGA      25
Met M ATG      74 |       ACG       7 |       AAG      55 |       AGG      21
------------------------------------------------------------------------------
Val V GTT      27 | Ala A GCT      19 | Asp D GAT      71 | Gly G GGT      36
      GTC      16 |       GCC      24 |       GAC      62 |       GGC      17
      GTA      10 |       GCA      45 | Glu E GAA      95 |       GGA      52
      GTG      36 |       GCG       6 |       GAG      38 |       GGG      14
------------------------------------------------------------------------------

(Ambiguity data are not used in the counts.)


Codon position x base (3x4) table, overall

position  1:    T:0.20741    C:0.15337    A:0.34689    G:0.29233
position  2:    T:0.27689    C:0.19146    A:0.34740    G:0.18425
position  3:    T:0.31446    C:0.22594    A:0.26145    G:0.19815
Average         T:0.26625    C:0.19026    A:0.31858    G:0.22491


Nei & Gojobori 1986. dN/dS (dN, dS)
(Pairwise deletion)
(Note: This matrix is not used in later ML. analysis.
Use runmode = -2 for ML pairwise comparison.)

Pan troglodytes     
Bos taurus           0.1464 (0.0787 0.5375)
Mus musculus         0.0835 (0.0724 0.8674) 0.1041 (0.1046 1.0047)
Rattus norvegicus    0.0721 (0.0582 0.8071) 0.1024 (0.0961 0.9384) 0.0827 (0.0338 0.4079)
Gallus gallus        0.1643 (0.2466 1.5008) 0.1284 (0.2189 1.7054) 0.0936 (0.2228 2.3806) 0.1169 (0.2436 2.0841)
Homo sapiens         0.0902 (0.0015 0.0170) 0.1564 (0.0787 0.5032) 0.0852 (0.0724 0.8495) 0.0707 (0.0582 0.8233) 0.1689 (0.2466 1.4606)
Canis lupus familiaris 0.1416 (0.0558 0.3936) 0.1831 (0.0740 0.4043) 0.0706 (0.0711 1.0075) 0.0660 (0.0597 0.9042) 0.1640 (0.2392 1.4584) 0.1524 (0.0558 0.3658)


TREE #  1:  ((((6, 1), (3, 4)), (2, 7)), 5);   MP score: -1
lnL(ntime:  6  np: 11):  -3157.802556      +0.000000
   8..9     9..10   10..11   11..6    11..1    10..12   12..3    12..4     9..13   13..2    13..7     8..5  
 1.174008 0.379506 0.364483 0.009530 0.160441 0.293323 0.885333 1.487848 0.630259 2.176851 0.104249
SEs for parameters:
 0.163752 0.052059 0.055679 0.004894 0.029586 0.049057 0.127383 0.495856 0.224865 0.238684 0.010290
Note: Branch length is defined for the first gene (site partition).
For other genes, look at "rates for genes".

tree length =   3.55530 (1st gene)

((((6: 0.009530, 1: 0.009530): 0.354953, (3: 0.160441, 4: 0.160441): 0.204042): 0.015023, (2: 0.293323, 7: 0.293323): 0.086183): 0.794503, 5: 1.174008);

((((Homo sapiens: 0.009530, Pan troglodytes: 0.009530): 0.354953, (Mus musculus: 0.160441, Rattus norvegicus: 0.160441): 0.204042): 0.015023, (Bos taurus: 0.293323, Canis lupus familiaris: 0.293323): 0.086183): 0.794503, Gallus gallus: 1.174008);

Detailed output identifying parameters

rates for 2 genes:     1  0.88533

gene # 1: kappa =   1.48785 omega =   0.63026
gene # 2: kappa =   2.17685 omega =   0.10425

Time used:  0:14
