
seed used = 1418762033
      6   1719

Bos taurus                                 --- --- --- --- --- --- --- --- --- --- --- --- --- --- --- --- --- --- --- --- --- --- --- --- --- --- --- --- --- --- --- --- --- --- --- --- --- --- --- --- --- --- --- --- --- --- --- --- --- --- --- --- --- --- --- --- --- --- --- --- --- --- --- --- --- --- --- --- --- --- --- --- --- --- --- --- --- --- --- --- --- --- --- --- --- --- --- --- --- --- --- --- --- --- --- --- --- --- --- --- --- --- --- --- --- --- --- --- --- --- --- --- --- --- --- --- --- --- --- --- --- --- --- --- --- --- --- --- --- --- --- --- --- --- --- ATG GCC GTG GCC GGG GCC CCC GCG GGC GGC TCT TGC GCG CCG GCG CTG GAG GCC CTG CTC GGG GCC GGC GCG CTG CGG CTG CTC GAC TCC TCG CAG ATC GTC ATC ATC TCC ACC GCG CAG GAC GCC AGC GCC CCG CCG GCC CCC GCC GGC CCC GCC GCA CCC GCC GCC GGC CCC CGG GAC CCT GAC CTG CTG CTC TTC GCC ACG CCG CAG GCG CCC CGG CCC ACA CCC AGC GCG CCG CGC CCC GCG CTC GGC CGC CCG CCG GTG AAG CGG AGG CTG AAC CTG GAA ACT GAC CAT CAA TAC CTG GCT GAG AGC AGC GGG CCA GCT CGG GGC AGA GGC CGC CAC CCA GGA AAA GGT GTG AAG TCC CCA GGG GAG AAG TCA CGC TAC GAA ACA TCA TTG AAC CTG ACC ACC AAA CGC TTC TTG GAA TTA CTG AGC CGC TCG GCT GAT GGA GTG GTC GAC TTG AAC TGG GCG GCA GAG GTG CTG AAG GTG CAG AAA CGG CGC ATC TAC GAC ATC ACC AAC GTC CTG GAG GGC ATC CAC CTC ATC GCG AAG AAG TCC AAG AAC CAC ATC CAG TGG CTA GGC AGC CAT GCA ACG GTG GGG ATC AGC GGG CGG CTT GAA GGA TTG ACC CAG GAC CTC CAG CAG CTG CAG GAG AGT GAG CAG CAG CTG GAT CAC CTG CTC CAC ACC TGC AGC ACC CAG CTG CGT CTG CTC TCG GAG GAC GCT GAC AGC CAG CGC CTG GCC TAT GTG ACC TGC CAG GAC CTT CGT AGC ATC GCA GAC CCT GCA GAG CAG ATG GTC ATG GTG ATC AAG GCC CCC CCT GAG ACC CAG CTC CAA GCC GTG GAC TCC TCG GAG AAC TTT CAG ATC TCC CTT AAG AGC AAA CAA GGC CCC ATC GAC GTT TTC CTG TGC CCT GAG GAG AGT GTG GGT GGA ACC AGC CCT GGA AAG ACC CCG TCC CAG GGG GCA GCT TCG GGG GAG GAG GAC AGG ACA GCT GAC CTT GCC ACT GCG GTG CCA CCA CCA CCA TCA TCA CCC CGC TCA TCC CCT GCC ACA GAT CCC AGT CAG TCC CTG CTC AGC CTG GAG CAA GAA CCT CTG CTT TCC CGG ATG GGC --- GGC CTG CGG GCC CCC GTG GAC GAG GAC CGC CTA TCC CCG CTC GTG GCG GCC GAC TCA CTC CTG GAG CAC GTG AAG GAG GAC TTC TCC AGC CTC CTC CCC GAG GAG TTC ATC ACC CTG TCC CCC CCC CAC GAG GCC CTC GAC TAC CAC TTT GGC CTC GAG GAG GGT GAG GGC ATC AGA GAC CTC TTC GAC TGT GAC TTT GGG GAC CTC ACT CCC CTG GAT TTC 
Homo sapiens                               --- --- --- --- --- --- --- --- --- --- --- --- --- --- --- --- --- --- --- --- --- --- --- --- --- --- --- --- --- --- --- --- --- --- --- --- --- --- --- --- --- --- --- --- --- --- --- --- --- --- --- --- --- --- --- --- --- --- --- --- --- --- --- --- --- --- --- --- --- --- --- --- --- --- --- --- --- --- --- --- --- --- --- --- --- --- --- --- --- --- --- --- --- --- --- --- --- --- --- --- --- --- --- --- --- --- --- --- --- --- --- --- --- --- --- --- --- --- --- --- --- --- --- --- --- --- --- --- --- --- --- --- --- --- --- ATG GCC TTG GCC GGG GCC CCT GCG GGC GGC CCA TGC GCG CCG GCG CTG GAG GCC CTG CTC GGG GCC GGC GCG CTG CGG CTG CTC GAC TCC TCG CAG ATC GTC ATC ATC TCC GCC GCG CAG GAC GCC AGC GCC CCG CCG GCT CCC ACC GGC CCC GCG GCG CCC GCC GCC GGC CCC TGC GAC CCT GAC CTG CTG CTC TTC GCC ACA CCG CAG GCG CCC CGG CCC ACA CCC AGT GCG CCG CGG CCC GCG CTC GGC CGC CCG CCG GTG AAG CGG AGG CTG GAC CTG GAA ACT GAC CAT CAG TAC CTG GCC GAG AGC AGT GGG CCA GCT CGG GGC AGA GGC CGC CAT CCA GGA AAA GGT GTG AAA TCC CCG GGG GAG AAG TCA CGC TAT GAG ACC TCA CTG AAT CTG ACC ACC AAG CGC TTC CTG GAG CTG CTG AGC CAC TCG GCT GAC GGT GTC GTC GAC CTG AAC TGG GCT GCC GAG GTG CTG AAG GTG CAG AAG CGG CGC ATC TAT GAC ATC ACC AAC GTC CTT GAG GGC ATC CAG CTC ATT GCC AAG AAG TCC AAG AAC CAC ATC CAG TGG CTG GGC AGC CAC ACC ACA GTG GGC GTC GGC GGA CGG CTT GAG GGG TTG ACC CAG GAC CTC CGA CAG CTG CAG GAG AGC GAG CAG CAG CTG GAC CAC CTG ATG AAT ATC TGT ACT ACG CAG CTG CGC CTG CTC TCC GAG GAC ACT GAC AGC CAG CGC CTG GCC TAC GTG ACG TGT CAG GAC CTT CGT AGC ATT GCA GAC CCT GCA GAG CAG ATG GTT ATG GTG ATC AAA GCC CCT CCT GAG ACC CAG CTC CAA GCC GTG GAC TCT TCG GAG AAC TTT CAG ATC TCC CTT AAG AGC AAA CAA GGC CCG ATC GAT GTT TTC CTG TGC CCT GAG GAG ACC GTA GGT GGG ATC AGC CCT GGG AAG ACC CCA TCC CAG GAG GTC ACT TCT GAG GAG GAG AAC AGG GCC ACT GAC TCT GCC ACC ATA GTG TCA CCA CCA CCA TCA TCT CCC CCC TCA TCC CTC ACC ACA GAT CCC AGC CAG TCT CTA CTC AGC CTG GAG CAA GAA CCG CTG TTG TCC CGG ATG GGC --- AGC CTG CGG GCT CCC GTG GAC GAG GAC CGC CTG TCC CCG CTG GTG GCG GCC GAC TCG CTC CTG GAG CAT GTG CGG GAG GAC TTC TCC GGC CTC CTC CCT GAG GAG TTC ATC AGC CTT TCC CCA CCC CAC GAG GCC CTC GAC TAC CAC TTC GGC CTC GAG GAG GGC GAG GGC ATC AGA GAC CTC TTC GAC TGT GAC TTT GGG GAC CTC ACC CCC CTG GAT TTC 
Rattus norvegicus                          --- --- --- --- --- --- --- --- --- --- --- --- --- --- --- --- --- --- --- --- --- --- --- --- --- --- --- --- --- --- --- --- --- --- --- --- --- --- --- --- --- --- --- --- --- --- --- --- --- --- --- --- --- --- --- --- --- --- --- --- --- --- --- --- --- --- --- --- --- --- --- --- --- --- --- --- --- --- --- --- --- --- --- --- --- --- --- --- --- --- --- --- --- --- --- --- --- --- --- --- --- --- --- --- --- --- --- --- --- --- --- --- --- --- --- --- --- --- --- --- --- --- --- --- --- --- --- --- --- --- --- --- --- --- --- --- --- ATG GCC GTA GCC CCC GCG GGC GGC CAG CAC GCG CCG GCG CTG GAG GCC CTG CTC GGG GCG GGC GCG CTG CGG CTG CTC GAC TCC TCG CAG ATC GTC ATC ATC TCC ACC GCG CCC GAT GTC GGC GCC CCG CAG GTC CCC ACC GGC CCC GCC GCG CCG CCC GCT GGC CCT CGA GAT CCT GAC GTG CTG CTC TTC GCA ACG CCG CAG GCG CCC CGA CCC GCG CCT AGT GCA CCG CGC CCG GCT CTC GGC CGC CCG CCG GTG AAA CGG AGG CTG GAT CTG GAA ACT GAC CAT CAG TAC CTT GCT GGT AGC AGC GGG CCA TTC CGG GGC AGA GGC CGC CAC CCA GGG AAA GGT GTG AAA TCT CCA GGG GAG AAG TCA CGC TAT GAG ACC TCA CTA AAT CTG ACC ACC AAA CGC TTC TTG GAG CTG CTG AGC CAC TCA GCT GAT GGT GTT GTT GAT CTG AAC TGG GCA GCC GAG GTG CTG AAG GTG CAG AAA CGA CGC ATC TAT GAC ATC ACC AAT GTC CTG GAG GGC ATC CAA CTC ATT GCC AAG AAG TCC AAG AAT CAT ATC CAG TGG CTA GGC AGC CGC ACC ATG GTG GGG ATC GGT CAG CGG CTT GAA GGC CTG ACC CAG GAC CTG CAA CAA CTG CAG GAG AGT GAG CAG CAG CTG GAT CAC CTG ATG CAC ATC TGT ACC ACT CAG CTG CAA CTG CTT TCT GAG GAC TCA GAC ATC CAG CGC CTG GCC TAT GTG ACC TGC CAA GAT CTC CGC AGC ATT GCA GAC CCT GCA GAA CAA ATG GTC ATA GTG ATC AAG GCC CCT CCT GAG ACC CAA CTA CAA GCT GTG GAT TCT GCA GAG ACA TTT CAG ATC TCC CTT AAG AGC AAA CAA GGC CCC ATC GAT GTT TTC CTG TGC CCT GAG GAA AGT GCA GAG GGG ATT AGC CCT GGG AGG ACC TCA TAC CAG GAG ACA --- TCT GGG --- GAG GAC AGG AAT GCT GAC TCT GGC ACA GCA GGG --- CCT CCA CCA TCA CCT CCC TCC ACA TCC CCA ACC TTG GAT CCC AGC CAG TCC CTG TTA GGC CTG GAG CAA GAA GCT GTA TTG CCT CGA ATA GGC --- AAC CTG AGG GCC CCC ATG GAA GAA GAC CGG TTG TCA CCA CTG GTG GCT GCT GAC TCA CTC CTG GAG CAT GTT AAA GAA GAC TTC TCT GGG CTC CTC CCT GGG GAG TTC ATC AGC CTT TCC CCA CCC CAT GAG GCT GTT GAC TAT CAC TTT GGT CTC GAG GAG GGT GAG GGC ATT AGA GAT CTC TTT GAC TGT GAC TTT GGG GAC TTG ACC CCT CTG GAT TTC 
Mus musculus                               --- --- --- --- --- --- --- --- --- --- --- --- --- --- --- --- --- --- --- --- --- --- --- --- --- --- --- --- --- --- --- --- --- --- --- --- --- --- --- --- --- --- --- --- --- --- --- --- --- --- --- --- --- --- --- --- --- --- --- --- --- --- --- --- --- --- --- --- --- --- --- --- --- --- --- --- --- --- --- --- --- --- --- --- --- --- --- --- --- --- --- --- --- --- --- --- --- --- --- --- --- --- --- --- --- --- --- --- --- --- --- --- --- --- --- --- --- --- --- --- --- --- --- --- --- --- --- --- --- --- --- --- --- --- --- --- --- ATG GCC GTA GCC CCC GCG GGC GGC CAG CAC GCG CCA GCG CTG GAG GCC CTG CTC GGG GCG GGC GCG TTG CGG CTG CTC GAC TCC TCG CAG ATC GTC ATC ATC TCC ACC GCG CCC GAT GTC GGC GCC CCG CAG CTC --- --- --- CCC GCC GCG CCG CCC ACT GGC CCT CGC GAT TCT GAC GTG CTG CTC TTC GCC ACG CCG CAG GCG CCC CGA CCC GCG CCT AGT GCA CCG CGC CCG GCT CTC GGC CGC CCG CCG GTG AAA CGG AGG CTG GAT CTG GAG ACT GAC CAT CAG TAC CTC GCT GGT AGC AGT GGG CCA TTC CGG GGC AGA GGC CGC CAC CCA GGG AAA GGT GTG AAA TCT CCG GGG GAG AAG TCA CGC TAT GAA ACC TCA CTA AAT CTG ACC ACC AAA CGC TTC TTG GAG CTG CTG AGC CGC TCA GCT GAC GGT GTC GTT GAC CTG AAC TGG GCA GCT GAG GTG CTG AAG GTG CAG AAA CGG CGC ATC TAT GAC ATC ACC AAT GTC CTG GAG GGC ATC CAG CTC ATT GCC AAG AAG TCC AAG AAT CAT ATC CAG TGG CTA GGC AGC CAC ACC ATG GTG GGG ATT GGT AAG CGG CTT GAA GGC CTG ACC CAG GAC CTG CAG CAA CTG CAG GAG AGT GAG CAG CAG CTG GAT CAC CTG ATG CAC ATC TGT ACC ACA CAG CTG CAA CTG CTT TCG GAG GAC TCC GAC ACC CAG CGC CTG GCC TAT GTG ACC TGC CAG GAC CTT CGC AGC ATT GCA GAC CCT GCA GAA CAG ATG GTC ATA GTG ATC AAG GCC CCT CCT GAG ACC CAA CTA CAA GCT GTG GAT TCT TCA GAG ACA TTT CAG ATC TCC CTT AAG AGC AAA CAA GGC CCC ATT GAT GTT TTC CTG TGC CCG GAG GAG AGT GCA GAC GGG ATT AGC CCT GGG AAG ACC TCA TGC CAG GAG ACA TCC TCT GGG --- GAG GAC CGG ACT GCA GAC TCT GGC CCA GCA GGG --- CCT CCA CCA TCA CCT CCC TCC ACA TCC CCA GCC TTG GAT CCC AGT CAA TCC CTG TTG GGC CTG GAG CAA GAA GCA GTA TTG CCA CGG ATG GGC --- CAC CTG AGG GTC CCT ATG GAA GAG GAC CAA CTG TCA CCA CTG GTG GCT GCT GAC TCA CTC CTG GAG CAT GTT AAA GAA GAC TTC TCT GGG CTC CTC CCT GGG GAG TTC ATC AGC CTC TCC CCA CCC CAC GAG GCC CTT GAC TAT CAC TTT GGT CTC GAG GAG GGT GAG GGC ATT AGA GAT CTC TTT GAC TGT GAC TTT GGG GAC CTG ACC CCT CTG GAT TTC 
Canis lupus familiaris                     ATG GAG GAA ATG GCA GGC AAG TTC ATA GAA ATG ATC AAG TCT CAC GTC TCT GCC CTC AAA GCT GGC ACA AGG CCT GGC ACA GAG GAG AGG ACA ATA TTG GTC AAA TCA GCT GAC CTG AGC AAT GAG AAA TGG CTG ATG GAG AGG TGG CGG AGT CTA GGG GGT CAC GGG AGG TCC GAA TAC GGT GTG AAG CGC AGA ACG GAC ACT GAC CCA AAG GGC TCC ACA TGC CGG GAC CCG GAG TCC GCG GGG CGT CGG GGT GCG AGC CGC GCC ACC ACG CCC GGG TGG CCG GGA CTT TGC AGG CAG CGG CGG CCG GGG GCG GAG CGG GAT CGA GCC CTC GCC GCG GCC TGC CGC CAT GGG CCC GCG CCG CCG CCG CCG CCT GCC ACC CGG GCC GCG CGG GCC GTG AGC GCC ATG GCC GTG GCC GGG GCC CCC GCA GGC GGC CCA TGC GCG CCG GCG CTG GAG GCC CTG CTC GGG GCC GGC GCG CTG CGG CTG CTC GAC TCC TCG CAG ATC GTC ATC ATC TCC ACG GCG CAG GAC GCC AGC GCC CCG CCG GCC CCC GCC GGC CCG GCC GCG CCG GCC GCT GGC CCC CGC GAC CCC GAC CTG CTG CTC TTC GCC ACG CCG CAG GCG CCC CGG CCC ACA CCC AGC GCG CCG CGC CCT GCG CTC GGC CGC CCG CCG GTA AAG CGG AGG TTG GAC CTG GAA ACT GAC CAT CAG TAC CTG GCT GAG AGC AGT GGG CCA GCC CGG GGC AGA GGC CGC CAC CCA GGA AAA GGT GTG AAA TCC CCA GGG GAG AAG TCA CGC TAT GAG ACC TCA CTG AAT CTG ACC ACA AAA CGC TTC CTG GAG CTG CTG AGC CGC TCG GCT GAT GGC GTT GTT GAT CTG AAC TGG GCG GCT GAG GTG TTG AAG GTG CAG AAA CGG CGC ATC TAT GAC ATC ACC AAC GTC CTC GAG GGC ATC CAG CTC ATT GCC AAG AAG TCT AAG AAC CAC ATC CAG TGG CTA GGC AGC CAT GCA GCA GTG GGG ATC AGT GGG CGG CTT GAA GGA CTG ACT CAG GAC CTC CGG CAG CTG CAG GAG AGT GAG CGG CAG CTG GAC CAC CTG ATC CAT ATC TGC ACC ACA CAA CTG CGG CTG CTC GCT GAG GAC TCC GAC AGC CAG CGC CTG GCC TAC GTG ACC TGC CAG GAC CTT CGT AGC ATC GCA GAC CCT GCA GAG CAG ATG GTC ATG GTG ATC AAG GCC CCT CCT GAG ACC CAG CTC CAA GCC ATA GAC TCC TCA GAG ACC TTT CAG ATC TCC CTT AAG AGC AAA CAA GGC CCC ATT GAC GTT TTC CTG TGC CCT GAG GAG AGT GCA GGC GGG ATC AGC CCT GGG AAG ACC CCA TCC CAG GGG ACA GCT TCT GGG GAG GAA GAC AGG CCA GTT GAC CCT GCC ACC ACA GTG --- CCA CCA CCA TCA TCT CCC CCC TCA TCC CCT GCT TCG GAT CCC AGC CAG TCC CTG CTC AGC CTG GAG CAA GAA CCT CTG CTT TCC CGG ATG GGT --- GGC CTG CGG GCC CCC GTG GAC GAG GAC CGC CTG TCC CCG CTG GTG GCG GCC GAC TCG CTC CTG GAA CAT GCA CGG GAG GAT TTT TCC GGC CTC CTC CCT GAG GAG TTC ATC AGC CTG TCC CCA CCC CAC GAG GCT CTC GAC TAC CAC TTT GGC CTT GAG GAG GGT GAG GGC ATC AGA GAC CTC TTC GAC TGT GAC TTT GGG GAC CTT ACC CCT CTG GAT TTC 
Gallus gallus                              --- --- --- --- --- --- --- --- --- --- --- --- --- --- --- --- --- --- --- --- --- --- --- --- --- --- --- --- --- --- --- --- --- --- --- --- --- --- --- --- --- --- --- --- --- --- --- --- --- --- --- --- --- --- --- --- --- --- --- --- --- --- --- --- --- --- --- --- --- --- --- --- --- --- --- --- --- --- --- --- --- --- --- --- --- --- --- --- --- --- --- --- --- --- --- --- --- --- --- --- --- --- --- --- --- --- --- --- --- --- --- --- --- --- --- --- --- --- --- --- --- --- --- --- --- --- --- --- --- --- --- --- --- --- --- --- --- --- --- ATG GCT ACG GCG GGC GGC --- --- GCG GCG GGG CTG GCG GCG CTG CTG GGC GGC GCC --- --- --- --- --- --- TCC CCG CAC CTC CTC ATC GTC TCG GCC TCC GAG GAG --- --- --- --- --- --- CCC GCG GGC GGC TGC CGC CCC --- --- --- --- --- GAC GCC GAC CTC CTG CTC TTC GCC ACG CCG CAG CCC TCC CGC CCC GGC CCC GCG CCG CGC CGC CCC GCG CTG GGC CGC CCG CCG GTG AAG CGG AAG CTG AAC TTG GAG ACG GAT CAC CAG TAC ATA GCC GAG AGC CTG CCC GCG GCC CGC GGC AGG GCC CGG ATC CCC GGC AGA GGG GCA AAG TCT CCT GGG GAG AAG TCC CGC TAT GAA ACC TCG CTG AAC CTC ACC ACC AAG CGC TTC CTG GAG CTG CTC AGC CAA TCC CCC GAC GGT GTG GTG GAC CTC AAC TGG GCA GCC GAG GTG CTG AAG GTG CAG AAG AGG CGC ATC TAC GAC ATC ACC AAT GTC CTG GAG GGC ATC CAG CTC ATC ACC AAG AAG TCC AAG AAC AAC ATC CAG TGG CTG GGC AGC CAG GTG GCC GCG GGG GCC TCC AGC CGA CAG CGG CTG CTG GAG AAG GAG CTG CGG GAT CTG CAG GCG GCC GAG CGG CAG CTG GAC GAT CTC ATC CAG ACG TGC ACG GTC AGG CTG CGG CTG CTC ACT GAG GAT CCC TCC AAC CAG CAC GCA GCC TAC GTC ACC TGC CAG GAC CTC CGG AGC ATC GTG GAC CCC TCT GAG CAA ATG GTG ATG GTT ATC AAG GCA CCC CCA GAG ACC CAG CTG CAA GTC TCG GAC CCG GGA GAG GCT TTC CAG GTC TCC GTG AGA AGC ACT CAG GGC CCC ATC GAC GTG TTC CTC TGT CCC GAG GAC AGC TCA GGG GTC TGC AGC CCC GTC AAG AGC CCC TTC AAG GCA --- --- --- --- --- --- --- --- --- --- --- CCT GCT GAG GAG CTC TCC CCC GGC TCA TCG CAG CAG AGA GCC TCC CCG CTC CTG CAT TCT GCC CAG GAT GTG AAC ATG CTG CTG CCT GAG GCA CTG CTC CCA GGC ACA GCG CTG CCG ACC AAG TGC CCC ACA GAG GAC GTG AGC CTG TCG CCG CTA GCC TCC ATG GAC ACA CTC CTG GAG CAT GGC AAG GAC GAT TTC CCG GGC TTC CTG GCG GAT GAG TTC ATT GCA CTG TCA CCA CCA --- CAG CCA CAG GAT TAC CAC TTC GGC CTG GAG GAG GGT GAG GGC ATC AGT GAG CTC TTT GAC TGT GAC TTT GGG GAC TTC ACG CAC TTG GAC TTC 



Printing out site pattern counts


         6       1227  P G
G 3      352     41     16

Bos taurus                                  --- --- --- --- --- --- --- --- --- --- --- --- --- --- --- --- --- --- --- --- --- --- --- --- --- --- --- --- --- --- --- --- --- --- --- --- --- --- --- --- --- --- --- --- --- --- --- --- --- --- --- --- AAA AAA AAA AAC AAC AAC AAC AAC AAC AAG AAG AAG AAG AAG AAG ACA ACA ACA ACA ACC ACC ACC ACC ACC ACC ACC ACC ACC ACG ACG ACT ACT ACT AGA AGC AGC AGC AGC AGC AGC AGC AGC AGG AGG AGT AGT AGT ATC ATC ATC ATC ATC ATC ATC ATG ATG ATG ATG CAA CAA CAA CAA CAC CAC CAC CAC CAC CAG CAG CAG CAG CAG CAG CAG CAG CAG CAG CAG CAG CAT CAT CCA CCA CCA CCA CCA CCA CCA CCC CCC CCC CCC CCC CCC CCC CCC CCC CCC CCC CCC CCC CCC CCG CCG CCG CCG CCG CCG CCT CCT CCT CCT CCT CCT CGC CGC CGC CGC CGC CGC CGG CGG CGG CGG CGG CGG CGG CGG CGG CGT CGT CTA CTC CTC CTC CTC CTC CTC CTC CTC CTC CTG CTG CTG CTG CTG CTG CTG CTG CTG CTG CTG CTG CTG CTT CTT CTT CTT CTT GAA GAA GAA GAA GAA GAC GAC GAC GAC GAC GAC GAC GAC GAC GAC GAC GAG GAG GAG GAG GAG GAG GAG GAG GAT GAT GAT GAT GCA GCA GCA GCA GCA GCA GCC GCC GCC GCC GCC GCC GCC GCC GCC GCC GCC GCC GCC GCC GCC GCC GCC GCC GCG GCG GCG GCG GCG GCG GCG GCG GCG GCG GCG GCT GCT GCT GCT GCT GCT GGA GGA GGA GGA GGC GGC GGC GGC GGC GGC GGG GGG GGG GGG GGG GGG GGG GGG GGT GGT GTC GTC GTC GTC GTG GTG GTG GTG GTG GTG GTG GTG GTG GTG GTG GTT TAC TAC TAC TAT TCA TCA TCA TCA TCC TCC TCC TCC TCC TCC TCC TCC TCG TCG TCG TCG TCG TCT TGC TGC TGC TGC TGG TGT TTA TTC TTG TTG TTG TTG TTT TTT AAG ACC AGC ATC CAC CAC CCC CCC CCC CCC CCG CGC CTA CTC CTC CTC CTC CTG CTG GAC GAC GAC GAC GAG GAG GAG GAG GAG GAG GCC GCC GCG GTG GTG GTG TCA TCC TCC TCC TTC TTC AGA ATC CAC CTC CTC CTC GAC GAC GAC GAG GGC GGC GGT TAC TTC TTT
Homo sapiens                                --- --- --- --- --- --- --- --- --- --- --- --- --- --- --- --- --- --- --- --- --- --- --- --- --- --- --- --- --- --- --- --- --- --- --- --- --- --- --- --- --- --- --- --- --- --- --- --- --- --- --- --- AAA AAA AAG AAC AAC AAC AAC AAT GAC AAA AAA AAG AAG AAG AAG ACA ACA ACC GCC ACC ACC ACC ACC ACG ACG ATC ATC GCC ACA ACA ACC ACC ACT AGA ACT AGC AGC AGC AGC AGT AGT GGC AGG AGG ACC AGC AGC ATC ATC ATC ATC ATT ATT GTC ATG ATG ATG ATG CAA CAA CAA CAG AAT CAC CAC CAG CAT CAG CAG CAG CAG CAG CAG CAG CAG CAG CAG CAG CGA CAC CAT CCA CCA CCA CCA CCA CCG TCA CCC CCC CCC CCC CCC CCC CCC CCC CCC CCC CCC CCG CCT CCT CCA CCG CCG CCG CCG CCG CCG CCT CCT CCT CCT CTC CAC CCC CGC CGC CGC CGG CGG CGG CGG CGG CGG CGG CGG CGG TGC CGC CGT CTG ATG CTC CTC CTC CTC CTC CTC CTC CTC CTA CTG CTG CTG CTG CTG CTG CTG CTG CTG CTG CTG CTT CTT CTT CTT TCT TTG GAA GAA GAG GAG GAG AAC GAC GAC GAC GAC GAC GAC GAC GAC GAC GAT GAG GAG GAG GAG GAG GAG GAG GAG GAC GAC GAT GAT ACC GCA GCA GCC GCG GTC ACC ACC GCC GCC GCC GCC GCC GCC GCC GCC GCC GCC GCC GCC GCC GCG GCT GCT ATA GCC GCG GCG GCG GCG GCG GCG GCG GCG GCT ACT ACT ACT GCC GCT GCT GGA GGG GGG GGT AGC GGC GGC GGC GGC GGC GAG GAG GGA GGC GGG GGG GGG GGG GGT GGT GTC GTC GTC GTT GTA GTC GTG GTG GTG GTG GTG GTG GTG GTG TTG GTT TAC TAT TAT TAC TCA TCA TCA TCT TCC TCC TCC TCC TCC TCC TCT TCT TCC TCG TCG TCG TCT CCA TGC TGC TGT TGT TGG TGT CTG TTC CTG CTG CTG TTG TTT TTT CGG AGC GGC ATC CAC CAT CCA CCC CCC CCT CCG CGC CTG CTC CTC CTC CTG CTG CTT GAC GAC GAC GAC GAG GAG GAG GAG GAG GAG GCC GCC GCG GTG GTG GTG TCG TCC TCC TCC TTC TTC AGA ATC CAC CTC CTC CTC GAC GAC GAC GAG GGC GGC GGC TAC TTC TTC
Rattus norvegicus                           --- --- --- --- --- --- --- --- --- --- --- --- --- --- --- --- --- --- --- --- --- --- --- --- --- --- --- --- --- --- --- --- --- --- --- --- --- --- --- --- --- --- --- --- --- --- --- --- --- --- --- --- AAA AAA AAA AAC AAT AAT ACA AAT GAT AAA AAG AAA AAG AAG AGG GCG TTG ACC AAT ACC ACC ACC ACC ACC ACT ATC ATT ACC ACG ATG ACA ACC ACT AGA ACC AGC ATC GGC GGC AGC AGT GGT AGG AGG AGT AGC AGT ATC ATC ATC ATC ATT ATT ATC --- ATA ATA ATG CAA CAA CAA CAG CAC CAC CAT CAA CAC CAA CAA CAA CAA CAG CAG CAG CAG CAG CAG CCC CAA CGC CAT CCA CCA CCA CCA CCT CCA --- CCC CCC CCC CCC CCC CCC CCG CCG CCT CCT CCT CCC CCC CCT TCA CAG CCG CCG CCG CCG GCT CCT CCT CCT CCT CCA CAC TCC CGC CGC CGC CGC AGG CGA CGA CGA CGG CGG CGG CGG CGA CAA CGC CTA ATG CTA CTC CTC CTC CTG CTT TTA TTG CTG CTG CTG CTG CTG CTG CTG CTG CTG CTT GTA GTG CTG CTC CTT CTT TCT TTG GAA GAA GAA GAG GAG GAC GAC GAC GAC GAC GAC GAT GAT GAT GAT GAT --- GAA GAA GAG GAG GAG GAG GGT GAT GAT GAT GAT ACC GCA GCA GCC GCG ACA ACC ACC --- CCC GCA GCC GCC GCC GCC GCC GCG GCT GCT GGC GTC GCC GCC GTC GCA GCC GCA GCG GCG GCG GCG GCG GCG GCT GCA --- GCT TCA GCT GCT TTC GGG GGC GGG GGT AAC GGC GGC GGC GGC GGC GAG GGG CAG GGG GGG GGG GGG GTA GAG GGT GTC GTC GTT GTC GCA GTT GGG GTG GTG GTG GTG GTG GTG GTG ATG GTT TAC TAT TAT TAT ACA TCA TCA CCT CCT TAC TCC TCC TCC TCT TCC TCT TCT GCA TCA TCG TCT CAG CAC TGC TGC TGT TGG TGT CTG TTC CTA CTG TTG CTG TTT TTT AAA AGC GGG ATC CAT CAT CCA CCC CCC CCT CCA CGG TTG CTC CTC CTC CTG CTG CTT GAA GAC GAC GAC GAA GAA GAG GAG GAG GGG GCT GCT GCT ATG GTG GTT TCA TCA TCC TCT TTC TTC AGA ATT CAC CTC CTC GTT GAC GAC GAT GAG GGC GGT GGT TAT TTT TTT
Mus musculus                                --- --- --- --- --- --- --- --- --- --- --- --- --- --- --- --- --- --- --- --- --- --- --- --- --- --- --- --- --- --- --- --- --- --- --- --- --- --- --- --- --- --- --- --- --- --- --- --- --- --- --- --- AAA AAA AAA AAC AAT AAT ACA AAT GAT AAA AAG AAA AAG AAG AAG GCG TTG ACC ACT ACC ACC ACC ACC ACC ACA ATC ATT ACC ACG ATG CCA ACC ACT AGA ACC AGC ACC GGC GGC AGT AGT GGT AGG CGG AGT AGT AGT ATC ATC ATC ATT ATT ATT ATT --- ATA ATG ATG CAA CAA CAA CAG CAC CAC CAT CAG CAC CAA CAA CAG CAG CAA CAG CAG CAG CAG CAG CCC CAG CAC CAT CCA CCA CCA CCA CCT CCG --- --- CCC CCC CCC CCC CCC CCG CCG CCT CCT CCT CCC CCC CCT TCA CAG CCA CCG CCG CCG GCA CCG CCT CCT TCT CCA CGC TCC CGC CGC CGC CGC AGG CGA CGG CGG CGG CGG CGG CGG CGC CAA CGC CTA ATG CTA CTC CTC CTC CTG CTT TTG CTG CTG CTG CTG CTG CTG CTG CTG CTG TTG CTC GTA GTG CTG CTT CTT CTT TCT TTG GAA GAG GAA GAA GAG GAC GAC GAC GAC GAC GAC GAC GAC GAT GAT GAT --- GAA GAG GAG GAG GAG GAG GGT GAC GAT GAT GAT ACC GCA GCA GCT GCG ACA --- GCC --- CCC GCC GCC GCC GCC GCC GCC GCG ACT GCT GGC GTC GCC GTC CTC GCA GCC GCA GCG GCG GCG GCG GCG GCG GCT GCA TCC GCA TCC GCT GCT TTC GGG GGC GGG GGT CAC --- GGC GGC GGC GGC GAG GGG AAG GGG GGG GGG GGG GTA GAC GGT GTC GTC GTT GTC GCA GTC GGG GTG GTG GTG GTG GTG GTG GTG ATG GTT TAC TAT TAT TAT ACA TCA TCA CCT CCA TGC TCC TCC TCC TCT TCC TCT TCG TCA TCA TCG TCT CAG CAC TGC TGC TGT TGG TGT CTG TTC CTA CTG TTG CTG TTT TTT AAA AGC GGG ATC CAC CAT CCA CCC CCT CCT CCA CAA CTG CTC CTC CTC CTG CTG CTC GAA GAC GAC GAC GAA GAG GAG GAG GAG GGG GCC GCT GCT ATG GTG GTT TCA TCA TCC TCT TTC TTC AGA ATT CAC CTC CTC CTT GAC GAC GAT GAG GGC GGT GGT TAT TTT TTT
Canis lupus familiaris                      --- AAA AAG AAT ACA ACC ACG ACT AGA AGC AGG AGT ATA ATC ATG CAC CAG CAT CCA CCC CCG CCT CGA CGC CGG CGT CTA CTC CTG CTT GAA GAC GAG GAT GCA GCC GCG GCT GGA GGC GGG GGT GTC GTG TAC TCA TCC TCT TGC TGG TTC TTG AAA AAA AAA AAC AAC AAC ACC AAT GAC AAA AAG AAG AAG AAG AAG ACA TCG ACC CCA ACA ACC ACC ACT ACC ACA ATC ATC ACG ACG GCA ACC ACC ACT AGA ACC AGC AGC AGC AGC AGT AGC AGT AGG AGG AGT AGC AGT ATC ATC ATC ATT ATC ATT ATC ATG ATG ATG ATG CAA CAA CAA CAG CAT CAC CAC CAG CAC CAG CAG CAG CAG CAG CAA CAG CAG CAG CGG CAG CGG CAT CAT CCA CCA CCA CCA CCA CCA --- CCC CCC CCC CCC CCC CCG CCG CCT CCC CCC CCT CCC CCC CCT CCA CCG CCG CCG CCG CCG CCT CCT CCT CCT CCC CCT CGC CCC CGC CGC CGC CGC CGG CGG CGG CGG CGG CGG CGG CGG CGC CGG CGT CTA ATC CTC CTC CTC CTC CTC CTC CTC CTT CTG CTG CTG CTG CTG CTG CTG TTG CTG CTG CTG CTG CTC CTT CTT CTT CCT CTT GAA GAA GAA GAG GAG GAC GAC GAC GAC GAC GAC GAC GAT GAC GAC GAC GAG GAG GAG GAA GAG GAG GAG GAG GAT GAC GAT GAT GCA GCA GCA GCT GCG ACA GCC GCT GCC GCC GCC GCC GCC GCC GCC GCC GCC GCT GCC GCC GCC GCC GCC GCC ACA GCC GCG GCA GCG GCG GCG GCG GCG GCG GCG GCT GTT TCC GCT GCT GCC GGA GGA GGG GGC GGC GGC GGC GGC GGC GGT GGG GGG GGG GGG GGG GGG GGG GGG GGC GGT GTC GTC GTT GTC GCA GTT GTG ATA GTA GTG GTG GTG GTG GTG GTG GTT TAC TAT TAT TAC TCA TCA TCA TCT TCC TCC TCC TCC TCT TCC TCC TCC GCT TCA TCG TCG TCT CCA TGC TGC TGC TGC TGG TGT CTG TTC CTG CTG CTG CTG TTT TTT CGG AGC GGC ATC CAC CAT CCA CCC CCC CCT CCG CGC CTG CTC CTC CTC CTG CTG CTG GAC GAC GAC GAT GAG GAG GAA GAG GAG GAG GCT GCC GCG GTG GTG GCA TCG TCC TCC TCC TTC TTT AGA ATC CAC CTC CTT CTC GAC GAC GAC GAG GGC GGC GGT TAC TTC TTT
Gallus gallus                               CTG --- --- --- --- --- --- --- --- --- --- --- --- --- --- --- --- --- --- --- --- --- --- --- --- --- --- --- --- --- --- --- --- --- --- --- --- --- --- --- --- --- --- --- --- --- --- --- --- --- --- --- ACT AGA AAG AAC AAC AAT GCT AAC AAC AAG AAG AAG AAG AGA AAG GGC CTG ACC --- ACC ACC AGC GAG ACC GTC ACG TGC GCC ACG GCC GAG ACG ACG AGG ACG AGC AAC --- ATG CTG GCG TCC AAG --- AGC GCC GCC ATC CTC GTC ATC ATC ATC GCC --- ATG ACA ATG CAA CAG CCT CAG CAG GAT AAC CAG ATC CAG GAT CAA CAG CAG AGG AAG CAC CAG CGG GAG CGG CAG CAC CCC GCG GGC TCA CCC CCT TCC CCC CAG CCC TCC TCT GGC CCC CCC --- CCC CAC CCC ACG CCC CCC --- GCG --- CCG CGC GCA CCC CCA CCC GCC CCG CAA AGA CAC CGC CGG CGC AAG CGC AGG GGC --- CGA CGC CGG --- CGG CGG CTG ATC CTG --- CTC CTG CTG CTC AAC TTC GTG --- ACC CTC CTG GCA TTG CTG --- ATA CTG CTC CTG CTC CAG GTG CCT CTC GAG GAG CGG GAA GAG --- --- GAC GAG GAT TCC GAC GAC GAC GAG GAC --- GAG GAC --- CTG GAG GCG GAG GAC GAC CAT GAC GTG GTG TCT GCC CGC --- GCG CTC --- --- GCC --- GCA GCC GCG GCT GGC --- GTC GCT --- TGC TGC --- GAG ACC CCG GCG --- CCC GCG GGG TCC GCG GCA --- --- CCC GCC CCC GCC GGC CTG GTC GGT CCG GGC --- GCC GGC GCG GCA --- AGC GGG CCC GGC GGG ATG GGG GGG CTC GTC GTG GTG TCA GTG CTC TCG GTG GCA GCG GTC GTG GTT --- GTG TAC TAC TAT TAC GCC TCC TCG CAG CCA TTC TCC TCG TCC TCT GAT CCG ACT GGA TCC CCG --- --- --- TGT TGC TGC TGG TGT CTG TTC CTG CTC CTG CTG TTC TTT AAG GCA GGC ATT --- CAT CCA CCA CCC GCG CCG AGC CTG CTC CTG TTC CTA CTG CTG GAG GAC GTG GAT GAC GAC GAG CAG GAG GAT CCA ATG TCC ACA GCC GGC ACA TCG TCA CCG TTC TTC AGT ATC CAC CTC CTG CAG GAC GAT GAG GAG GGC GGC GGT TAC TTT TTC



    1    3    4    1    4    2    2    1    1    3    5    1    2    1    4
    2    1    1    1    2    7    2    1    3    8    1    1    2    2    1
    3    4    7    1    1    9    6    2    1    4    6    3    2    2    1
    1    3    2    3    3    1    1    1    1    2    1    1    1    1    1
    1    1    1    1    5    1    1    1    1    1    1    1    3    1    1
    1    1    1    1    1    1    1    1    1    1    1    1    6    1    1
    1    1    1    1    1    1    1    1    1    6    1    2    1    1    1
    1    1    1    1    1    1    1    1    1    1    1    1    1    1    1
    1    1    1    1    1    2    1    7    1    1    1    1    1    1    1
    1    1    1    1    1    1    1    1    1    1    1    1    1    1    1
    1    1    1    1    1    1    1    1    3    1    1    1    1    2    1
    1    1    1    1    4    1    1    1    1    1    1    1    1    1    1
    1    1    1    1    1    1    1    2    2    1    1    1    1    1    1
    1    4    8    1    2    2    1    1    1    1    1    1    1    1    1
    1    1    1    1    1    1    1    2    5    1    2    1    1    1    2
    1    1    1    1    1    1    1    8    2    1    1    1    1    1    1
    1    1    1    1    1    1    1    1    1    1    2    1    1    1    1
    1    1    1    1    1    1    1    1    1    1    1    1    1    1    1
    1    1    1    1    1    1    1    1    1    1    1    1    2    1    1
    1    1    2    7    1    1    1    1    1    1    1    2    1    1    1
    1    1    1    1    1    1    1    1    1    1    1    1    2    1    1
    1    1    1    1    1    1    1    2    1    1    1    3    1    1    1
    1    1    1    1    1    1    1    1    1    1    1    1    2    1    1
    4    1    1    1    1    1    1    1    1    1    1    1    1    1    1
    1    1    1    1    1    1    1    1    1    1    1    1    1    1    1
    1    1    1    1    1    1    1    1    1    1    1    1    1    1    1
    1    1    1    1    1    1    1    1    1    1    1    1    3    1    1
    1    1    1    1

CODONML (in paml version 4.4b, July 2010)  torun.nuc
Model: One dN/dS ratio for branches Global clock  (3 genes: diff. rate & k&w)  
Codon frequency model: F3x4
ns =   6  ls = 573

Codon usage in sequences
--------------------------------------------------------------------------------------------------------------
Phe TTT  3  2  4  4  4  2 | Ser TCT  1  5  6  6  5  3 | Tyr TAT  1  2  4  4  2  1 | Cys TGT  1  3  2  2  1  2
    TTC  7  8  7  7  7 11 |     TCC 13 12  8 10 16 12 |     TAC  4  3  2  1  4  4 |     TGC  4  3  2  3  7  5
Leu TTA  1  0  1  0  0  0 |     TCA  6  5  8  8  6  3 | *** TAA  0  0  0  0  0  0 | *** TGA  0  0  0  0  0  0
    TTG  4  3  5  5  3  2 |     TCG  5  4  1  2  4  5 |     TAG  0  0  0  0  0  0 | Trp TGG  2  2  2  2  5  2
--------------------------------------------------------------------------------------------------------------
Leu CTT  5  5  5  5  7  0 | Pro CCT  7  8 13 11 13  3 | His CAT  2  3  4  3  5  2 | Arg CGT  2  1  0  0  2  0
    CTC 18 17 11 13 17 17 |     CCC 18 14 12 10 15 18 |     CAC  8  6  6  8  7  5 |     CGC 10  8  9 10 13  9
    CTA  2  1  3  3  2  1 |     CCA  7  8  8 10 11  5 | Gln CAA  4  3 10  8  4  3 |     CGA  0  1  4  1  1  1
    CTG 27 31 28 29 33 31 |     CCG  9 11  8  9 17 10 |     CAG 19 20 17 19 19 20 |     CGG  9 10  5  7 20  7
--------------------------------------------------------------------------------------------------------------
Ile ATT  0  2  4  6  2  1 | Thr ACT  3  5  2  3  3  2 | Asn AAT  0  2  4  3  2  1 | Ser AGT  3  2  3  5  5  1
    ATC 15 14 14 11 17 12 |     ACC 12 13 14 13 12  8 |     AAC  6  5  2  1  3  7 |     AGC 14 13  9  7 15 10
    ATA  0  1  2  1  3  1 |     ACA  4  4  4  4  9  3 | Lys AAA  4  4  7  7  8  0 | Arg AGA  2  2  2  2  3  3
Met ATG  4  5  5  6  8  5 |     ACG  2  2  1  1  4  6 |     AAG 11 10  7  9 13 16 |     AGG  2  2  4  2  7  3
--------------------------------------------------------------------------------------------------------------
Val GTT  1  2  5  3  4  1 | Ala GCT  6  5 10  7 10  3 | Asp GAT  4  3 12  9  6  8 | Gly GGT  3  3  6  6  6  2
    GTC  4  6  5  6  5  8 |     GCC 21 21 10 11 29 15 |     GAC 25 26 17 21 29 18 |     GGC 15 18 17 16 21 19
    GTA  0  1  2  2  1  0 |     GCA  6  2  8  8  8  7 | Glu GAA  5  2  8  6  8  1 |     GGA  5  2  0  0  3  1
    GTG 15 12 10 10 12 12 |     GCG 12 11  9  9 16 13 |     GAG 25 30 22 23 32 26 |     GGG  9  8 12 12 17  6
--------------------------------------------------------------------------------------------------------------

Codon position x base (3x4) table for each sequence.

#1: Bos taurus     
position  1:    T:0.11899    C:0.33638    A:0.18764    G:0.35698
position  2:    T:0.24256    C:0.30206    A:0.27002    G:0.18535
position  3:    T:0.09611    C:0.44394    A:0.10526    G:0.35469
Average         T:0.15256    C:0.36079    A:0.18764    G:0.29901

#2: Homo sapiens   
position  1:    T:0.11899    C:0.33638    A:0.19680    G:0.34783
position  2:    T:0.25172    C:0.29748    A:0.27231    G:0.17849
position  3:    T:0.12128    C:0.42792    A:0.08238    G:0.36842
Average         T:0.16400    C:0.35393    A:0.18383    G:0.29825

#3: Rattus norvegicus
position  1:    T:0.12037    C:0.33102    A:0.19444    G:0.35417
position  2:    T:0.25694    C:0.28241    A:0.28241    G:0.17824
position  3:    T:0.19444    C:0.33565    A:0.15509    G:0.31481
Average         T:0.19059    C:0.31636    A:0.21065    G:0.28241

#4: Mus musculus   
position  1:    T:0.12558    C:0.33953    A:0.18837    G:0.34651
position  2:    T:0.25814    C:0.28372    A:0.28372    G:0.17442
position  3:    T:0.17907    C:0.34419    A:0.13953    G:0.33721
Average         T:0.18760    C:0.32248    A:0.20388    G:0.28605

#5: Canis lupus familiaris
position  1:    T:0.11208    C:0.32574    A:0.19965    G:0.36252
position  2:    T:0.21891    C:0.31173    A:0.24869    G:0.22067
position  3:    T:0.13485    C:0.38004    A:0.11734    G:0.36778
Average         T:0.15528    C:0.33917    A:0.18856    G:0.31699

#6: Gallus gallus  
position  1:    T:0.12903    C:0.32754    A:0.19603    G:0.34739
position  2:    T:0.25806    C:0.28784    A:0.27792    G:0.17618
position  3:    T:0.07940    C:0.44169    A:0.07196    G:0.40695
Average         T:0.15550    C:0.35236    A:0.18197    G:0.31017

Codon usage in genes
--------------------------------------------------------------------------
Phe TTT 11  1  7 | Ser TCT 24  2  0 | Tyr TAT 12  0  2 | Cys TGT 11  0  0
    TTC 30 12  5 |     TCC 59 12  0 |     TAC 14  0  4 |     TGC 24  0  0
Leu TTA  2  0  0 |     TCA 30  6  0 | *** TAA  0  0  0 | *** TGA  0  0  0
    TTG 21  1  0 |     TCG 18  3  0 |     TAG  0  0  0 | Trp TGG 15  0  0
--------------------------------------------------------------------------
Leu CTT 23  2  2 | Pro CCT 50  5  0 | His CAT 13  6  0 | Arg CGT  5  0  0
    CTC 62 18 13 |     CCC 75 12  0 |     CAC 29  5  6 |     CGC 56  3  0
    CTA 10  2  0 |     CCA 40  9  0 | Gln CAA 31  1  0 |     CGA  8  0  0
    CTG 160 18  1 |     CCG 59  5  0 |     CAG 112  1  1 |     CGG 55  3  0
--------------------------------------------------------------------------
Ile ATT 12  1  2 | Thr ACT 18  0  0 | Asn AAT 12  0  0 | Ser AGT 18  0  1
    ATC 74  5  4 |     ACC 71  1  0 |     AAC 24  0  0 |     AGC 62  6  0
    ATA  8  0  0 |     ACA 26  2  0 | Lys AAA 28  2  0 | Arg AGA  9  0  5
Met ATG 30  3  0 |     ACG 16  0  0 |     AAG 64  2  0 |     AGG 20  0  0
--------------------------------------------------------------------------
Val GTT 13  2  1 | Ala GCT 35  6  0 | Asp GAT 36  3  3 | Gly GGT 19  0  7
    GTC 34  0  0 |     GCC 100  7  0 |     GAC 102 20 14 |     GGC 91  4 11
    GTA  6  0  0 |     GCA 37  2  0 | Glu GAA 24  6  0 |     GGA 11  0  0
    GTG 60 11  0 |     GCG 66  4  0 |     GAG 112 27 19 |     GGG 60  4  0
--------------------------------------------------------------------------

Codon position x base (3x4) table for each gene.


Gene #1
position  1:    T:0.11498    C:0.33432    A:0.20874    G:0.34196
position  2:    T:0.23589    C:0.30717    A:0.26008    G:0.19686
position  3:    T:0.13237    C:0.38481    A:0.11455    G:0.36826
Average         T:0.16108    C:0.34210    A:0.19446    G:0.30236

Gene #2
position  1:    T:0.15102    C:0.36735    A:0.08980    G:0.39184
position  2:    T:0.31020    C:0.31020    A:0.29796    G:0.08163
position  3:    T:0.11429    C:0.42857    A:0.12245    G:0.33469
Average         T:0.19184    C:0.36871    A:0.17007    G:0.26939

Gene #3
position  1:    T:0.16667    C:0.21296    A:0.11111    G:0.50926
position  2:    T:0.32407    C:0.00000    A:0.45370    G:0.22222
position  3:    T:0.23148    C:0.52778    A:0.04630    G:0.19444
Average         T:0.24074    C:0.24691    A:0.20370    G:0.30864

Sums of codon usage counts
------------------------------------------------------------------------------
Phe F TTT      19 | Ser S TCT      26 | Tyr Y TAT      14 | Cys C TGT      11
      TTC      47 |       TCC      71 |       TAC      18 |       TGC      24
Leu L TTA       2 |       TCA      36 | *** * TAA       0 | *** * TGA       0
      TTG      22 |       TCG      21 |       TAG       0 | Trp W TGG      15
------------------------------------------------------------------------------
Leu L CTT      27 | Pro P CCT      55 | His H CAT      19 | Arg R CGT       5
      CTC      93 |       CCC      87 |       CAC      40 |       CGC      59
      CTA      12 |       CCA      49 | Gln Q CAA      32 |       CGA       8
      CTG     179 |       CCG      64 |       CAG     114 |       CGG      58
------------------------------------------------------------------------------
Ile I ATT      15 | Thr T ACT      18 | Asn N AAT      12 | Ser S AGT      19
      ATC      83 |       ACC      72 |       AAC      24 |       AGC      68
      ATA       8 |       ACA      28 | Lys K AAA      30 | Arg R AGA      14
Met M ATG      33 |       ACG      16 |       AAG      66 |       AGG      20
------------------------------------------------------------------------------
Val V GTT      16 | Ala A GCT      41 | Asp D GAT      42 | Gly G GGT      26
      GTC      34 |       GCC     107 |       GAC     136 |       GGC     106
      GTA       6 |       GCA      39 | Glu E GAA      30 |       GGA      11
      GTG      71 |       GCG      70 |       GAG     158 |       GGG      64
------------------------------------------------------------------------------

(Ambiguity data are not used in the counts.)


Codon position x base (3x4) table, overall

position  1:    T:0.12030    C:0.33247    A:0.19410    G:0.35314
position  2:    T:0.24613    C:0.29520    A:0.27122    G:0.18745
position  3:    T:0.13469    C:0.39446    A:0.11255    G:0.35830
Average         T:0.16704    C:0.34071    A:0.19262    G:0.29963


Nei & Gojobori 1986. dN/dS (dN, dS)
(Pairwise deletion)
(Note: This matrix is not used in later ML. analysis.
Use runmode = -2 for ML pairwise comparison.)

Bos taurus          
Homo sapiens         0.1342 (0.0436 0.3246)
Rattus norvegicus    0.1604 (0.0849 0.5291) 0.1505 (0.0779 0.5173)
Mus musculus         0.1545 (0.0811 0.5251) 0.1619 (0.0817 0.5046) 0.1441 (0.0202 0.1405)
Canis lupus familiaris 0.0994 (0.0286 0.2881) 0.1250 (0.0379 0.3031) 0.1712 (0.0777 0.4536) 0.1625 (0.0739 0.4550)
Gallus gallus        0.2873 (0.2575 0.8964) 0.3108 (0.2674 0.8604) 0.2297 (0.2736 1.1913) 0.2373 (0.2745 1.1567) 0.2662 (0.2511 0.9432)


TREE #  1:  (((2, (4, 3)), (1, 5)), 6);   MP score: -1
lnL(ntime:  5  np: 13):  -4945.553721      +0.000000
   7..8     8..9     9..2     9..10   10..4    10..3     8..11   11..1    11..5     7..6  
 1.234846 0.266687 0.266687 0.061409 0.167686 1.551760 0.912328 3.575060 0.124785 3.822788 0.068321 4.222508 0.027690
SEs for parameters:
 0.107180 0.015015 0.016349 0.008232 0.016387 0.251797 0.298251 0.357737 0.012163 1.027057 0.020282 5.153353 0.032801
Note: Branch length is defined for the first gene (site partition).
For other genes, look at "rates for genes".

tree length =   3.23216 (1st gene)

(((2: 0.266687, (4: 0.061409, 3: 0.061409): 0.205278): 0.000000, (1: 0.167686, 5: 0.167686): 0.099001): 0.968159, 6: 1.234846);

(((Homo sapiens: 0.266687, (Mus musculus: 0.061409, Rattus norvegicus: 0.061409): 0.205278): 0.000000, (Bos taurus: 0.167686, Canis lupus familiaris: 0.167686): 0.099001): 0.968159, Gallus gallus: 1.234846);

Detailed output identifying parameters

rates for 3 genes:     1  1.55176  0.91233

gene # 1: kappa =   3.57506 omega =   0.12478
gene # 2: kappa =   3.82279 omega =   0.06832
gene # 3: kappa =   4.22251 omega =   0.02769

Time used:  0:24
