
seed used = 1418808589
      6   1989

Mus musculus                               ATG GGT GTC TAC CGC ATC CGC GTC TCC ACC GGG GAC TCC GTG TAC GCG GGC TCC AAC AAC GAG GTC TAC CTG TGG TTG ATC GGA CAG CAT GGG GAG GCA TCT CTC GGG AAG CTG TTC CGA CCC TGT CGG AAC TCG GAG GCA GAA TTC AAG GTG GAT GTG TCA GAA TAC CTT GGG CCA CTG CTG TTT GTG AGA GTG CAG AAA TGG CAT TAT CTC AAA GAG GAC GCC TGG TTC TGC AAC TGG ATT TCT GTG AAG GGC CCC GGA GAC CAG GGA TCG GAG TAC ACG TTC CCC TGT TAC CGA TGG GTT CAG GGC ACC AGC ATC CTG AAC CTC CCT GAG GGC ACT GGC TGC ACC GTG GTT GAA GAC TCT CAA GGC CTG TTC AGG AAC CAC AGG GAG GAG GAA CTG GAA GAA AGG AGG AGT CTG TAC AGG TGG GGC AAC TGG AAG GAT GGC ACA ATC CTG AAC GTG GCG GCG ACC AGT ATC TCT GAC CTC CCT GTA GAC CAG CGA TTT CGA GAG GAC AAA AGA CTT GAA TTT GAA GCT TCA CAG GTT CTG GGG ACA ATG GAC ACC GTT ATT AAC TTC CCT AAA AAC ACT GTG ACC TGC TGG AAA AGC CTA GAT GAC TTC AAC TAT GTT TTC AAG AGT GGC CAC ACC AAG ATG GCT GAG CGG GTT CGA AAC TCC TGG AAA GAG GAT GCT TTC TTT GGG TAC CAG TTT CTC AAT GGT GCT AAC CCC ATG GTG CTG AAG CGG TCT ACT TGT CTC CCT GCC CGC CTG GTA TTC CCT CCG GGG ATG GAG AAG CTA CAG GCC CAG CTG GAT GAG GAG CTC AAG AAA GGC ACT CTG TTT GAA GCG GAT TTC TTC CTT CTG GAT GGG ATC AAG GCC AAT GTC ATC CTT TGT AGT CAG CAG TAC CTG GCT GCC CCC CTC GTC ATG CTG AAG CTG CAG CCC GAT GGG CAA CTC TTG CCT ATA GCC ATC CAG CTC GAA CTG CCC AAA ACT GGG TCT ACC CCA CCG CCG ATT TTC ACG CCC TTG GAT CCC CCA ATG GAC TGG CTC CTG GCC AAA TGC TGG GTC CGA AGC TCA GAC TTA CAG CTT CAT GAG CTA CAG GCT CAT CTT CTG AGG GGA CAC TTG GTG GCT GAG GTC TTT GCT GTG GCC ACC ATG AGG TGC CTG CCT TCC GTG CAC CCT GTT TTT AAG CTT CTA GTT CCT CAC CTA CTC TAC ACC ATG GAA ATC AAT GTC CGG GCC AGG AGC GAC CTG ATC TCA GAG AGA GGC TTT TTT GAC AAG GTG ATG AGC ACA GGT GGA GGA GGC CAC CTG GAT CTT CTC AAG CAA GCT GGA GCC TTC CTG ACC TAC AGC TCA TTG TGT CCC CCT GAT GAC TTG GCT GAG CGA GGA CTC CTG GAT ATT GAC ACT TGC TTC TAT GCT AAA GAT GCC CTG CAG CTC TGG CAA GTC ATG AAT CGG TAC GTG GTG GGA ATG TTC GAT CTC TAC TAC AAG ACC GAC CAA GCT GTT CAG GAT GAC TAT GAA CTG CAG AGC TGG TGT CAA GAG ATC ACT GAG ATT GGG TTG CAA GGT GCC CAG GAC AGA GGC TTC CCC ACC TCC CTC CAG TCC CGG GCT CAG GCT TGC CAC TTC ATC ACC ATG TGC ATC TTC ACA TGC ACT GCG CAG CAC TCT TCC ATC CAT CTT GGC CAG CTG GAT TGG TTC TAC TGG GTT CCT AAT GCA CCC TGC ACC ATG CGG CTG CCA CCA CCT AAA ACC AAG GAC GCG ACG ATG GAG AAG CTG ATG GCG ACG CTG CCC AAT CCT AAT CAG TCT ACT CTC CAG ATA AAT GTC GTT TGG CTC CTG GGC AGA CGC CAG GCT GTT ATG GTG CCC CTG GGC CAG CAT TCA GAG GAA CAC TTC CCA AAC CCT GAG GCC AAA GCT GTG CTG AAG AAG TTC AGA GAG GAG CTG GCT GCC TTG GAT AAG GAA ATT GAG ATT CGT AAC AAG AGC TTG GAC ATA CCT TAT GAG TAC CTG CGG CCC AGC CTG GTA GAA AAC AGC GTG GCC ATA 
Homo sapiens                               ATG GGT CTC TAC CGC ATC CGC GTG TCC ACT GGG GCC TCG CTC TAT GCC GGT TCC AAC AAC CAG GTG CAG CTG TGG CTG GTC GGC CAG CAC GGG GAG GCG GCG CTC GGG AAG CGA CTG TGG CCC GCA CGG GGC AAG GAG ACA GAA CTC AAG GTG GAA GTA CCG GAG TAT CTG GGG CCG CTG CTG TTT GTG AAA CTG CGC AAA CGG CAC CTC CTT AAG GAC GAC GCC TGG TTC TGC AAC TGG ATC TCT GTG CAG GGC CCC GGA GCC --- GGG GAC GAG GTC AGG TTC CCT TGT TAC CGC TGG GTG GAG GGC AAC GGC GTC CTG AGC CTG CCT GAA GGC ACC GGC CGC ACT GTG GGC GAG GAC CCT CAG GGC CTG TTC CAG AAA CAC CGG GAA GAA GAG CTG GAA GAG AGA AGG AAG TTG TAC CGG TGG GGA AAC TGG AAG GAC GGG TTA ATT CTG AAT ATG GCT GGG GCC AAA CTA TAT GAC CTC CCT GTG GAT GAG CGA TTT CTG GAA GAC AAG AGA GTT GAC TTT GAG GTT TCG CTG GCC AAG GGG CTG GCC GAC CTC GCT ATC AAA GAC TCT CTA AAT GTT CTG ACT TGC TGG AAG GAT CTA GAT GAC TTC AAC CGG ATT TTC TGG TGT GGT CAG AGC AAG CTG GCT GAG CGC GTG CGG GAC TCC TGG AAG GAA GAT GCC TTA TTT GGG TAC CAG TTT CTT AAT GGC GCC AAC CCC GTG GTG CTG AGG CGC TCT GCT CAC CTT CCT GCT CGC CTA GTG TTC CCT CCA GGC ATG GAG GAA CTG CAG GCC CAG CTG GAG AAG GAG CTG GAG GGA GGC ACA CTG TTC GAA GCT GAC TTC TCC CTG CTG GAT GGG ATC AAG GCC AAC GTC ATT CTC TGT AGC CAG CAG CAC CTG GCT GCC CCT CTA GTC ATG CTG AAA TTG CAG CCT GAT GGG AAA CTC TTG CCC ATG GTC ATC CAG CTC CAG CTG CCC CGC ACA GGA TCC CCA CCA CCT CCC CTT TTC TTG CCT ACG GAT CCC CCA ATG GCC TGG CTT CTG GCC AAA TGC TGG GTG CGC AGC TCT GAC TTC CAG CTC CAT GAG CTG CAG TCT CAT CTT CTG AGG GGA CAC TTG ATG GCT GAG GTC ATT GTT GTG GCC ACC ATG AGG TGC CTG CCG TCG ATA CAT CCT ATC TTC AAG CTT ATA ATT CCC CAC CTG CGA TAC ACC CTG GAA ATT AAC GTC CGG GCC AGG ACT GGG CTG GTC TCT GAC ATG GGA ATT TTC GAC CAG ATA ATG AGC ACT GGT GGG GGA GGC CAC GTG CAG CTG CTC AAG CAA GCT GGA GCC TTC CTA ACC TAC AGC TCC TTC TGT CCC CCT GAT GAC TTG GCC GAC CGG GGG CTC CTG GGA GTG AAG TCT TCC TTC TAT GCC CAA GAT GCG CTG CGG CTC TGG GAA ATC ATC TAT CGG TAT GTG GAA GGA ATC GTG AGT CTC CAC TAT AAG ACA GAC GTG GCT GTG AAA GAC GAC CCA GAG CTG CAG ACC TGG TGT CGA GAG ATC ACT GAA ATC GGG CTG CAA GGG GCC CAG GAC CGA GGG TTT CCT GTC TCT TTA CAG GCT CGG GAC CAG GTT TGC CAC TTT GTC ACC ATG TGT ATC TTC ACC TGC ACC GGC CAA CAC GCC TCT GTG CAC CTG GGC CAG CTG GAC TGG TAC TCT TGG GTG CCT AAT GCA CCC TGC ACG ATG CGG CTG CCC CCG CCA ACC ACC AAG GAT GCA ACG CTG GAG ACA GTG ATG GCG ACA CTG CCC AAC TTC CAC CAG GCT TCT CTC CAG ATG TCC ATC ACT TGG CAG CTG GGC AGA CGC CAG CCC GTT ATG GTG GCT GTG GGC CAG CAT GAG GAG GAG TAT TTT TCG GGC CCT GAG CCT AAG GCT GTG CTG AAG AAG TTC AGG GAG GAG CTG GCT GCC CTG GAT AAG GAA ATT GAG ATC CGG AAT GCA AAG CTG GAC ATG CCC TAC GAG TAC CTG CGG CCC AGC GTG GTG GAA AAC AGT GTG GCC ATC 
Bos taurus                                 ATG GGT CTC TAC CGC GTC CGC GTG TCC ACC GGG TCC TCG TTC TGC GCG GGC TCC AAT AAC CAG GTG CAC CTG TGG CTG GTC GGC GAG CAC GGG GAG GCG GCG CTC GGG TGG GCC GTG CGG CCG GCG AGG GGG AAG GAG GTG GAA TTC CAG GTG GAC GTG TCC GAG TAC CTG GGG CGG CTG CTG TTC GTG AAA TTG CGC AAA CGG CAC CTC CTC TCG GAT GAT GCG TGG TTC TGC AAC TGG ATC TCC GTG CAG GGC CCC GGG GCC AGT GGG AAC GAG TTC AGG TTC CCG TGC TAT CGC TGG GTG GAG GGC GAT GGC ATC CTG AGC CTG CCC GAG GGC ACC GGT CGC ACT GTG GTC GAT GAC CCT CAA GGT CTG TTC AAG AAA CAC AGG GAA GAG GAG CTG GCA GAG AGA AGG AAG CTG TAC CGG TGG GGT AAC TGG AAG GAC GGG TTA ATT CTG AAT ATA GCT GGG GCC ACA ATA AAT GAC CTT CCT GTA GAT GAG AGA TTT CTA GAG GAC AAA AGA ATT GAC TTT GAG GCC TCA CTG ACC AAG GGG CTG GCA GAC CTA GCC ATC AAA GAC TCT TTA AAC ATT CTG ACT TGC TGG AAA AGT CTG GAT GAC TTC AAC AGG ATT TTC TGG TGT GGC CAG AGC AAG CTG GCT GAG CGG GTG CGG GAT TCC TGG AAG GAG GAT GCC TTA TTT GGG TAC CAG TTT CTC AAC GGC ACC AAC CCC ATG TTG CTG AGA CGC TCC GTT CGC CTT CCT GCC CGC CTG GAG TTT CCT CCA GGG ATG GGG GAG CTG CAG GCC GAG CTG GAG AAG GAG CTC CAG CAA GGC ACG CTA TTT GAA GCT GAC TTC TCC TTG CTG ATG GGG ATC AAG GCC AAC GTC ATC CTG TGT ACC CAG CAG TAT GTG GCT GCC CCT CTG GTT ATG CTG AAA CTG CAG CCC GAT GGG AAA CTC TTA CCC ATG GCC ATC CAG CTC CAA CTG CCA CAC AAG GGG TCC CCA CCA CCA CCG CTT TTC CTG CCC ACG GAT CCC CCG ATG ACC TGG CTC CTG GCC AAA TGC TGG GTC CGG AGC TCT GAC TTC CAG CTT CAC GAG CTG CAC TCT CAT CTC CTG AGG GGA CAC TTG GTG GCT GAG GTC ATC GCT GTG GCC ACC ATG AGG TGC CTT CCG TCT ATA CAT CCT ATG TTC AAG CTT CTC ATT CCG CAC CTG CGA TAC ACC ATG GAA ATT AAC ATC CGG GCC AGG ACT GGG CTG GTC TCT GAC TCG GGA GTC TTC GAC CAG GTG GTG AGC ACA GGT GGG GGC GGC CAT GTG GAG CTG CTC CAG CGA GCA GGA GCC TTT CTA ACC TAT AGC TCC TTC TGT CCC CCT GAT GAC CTG GCT GAC CGG GGG CTC CTG GGA GTC AAG TCT TCT TTC TAT GCC CAA GAT GCC CTG AGG CTC TGG GAA ATT CTC TCT CGC TAC GTG GAG GGG ATT GTG AGT CTC CAC TAT AAG ACG GAC GAG TCT GTG AGA GAC GAC ATT GAG CTG CAG GCC TGG TGT CGA GAT ATC ACT GAG ATT GGG CTG CTG GGT GCC CAG GAC CGA GGG TTT CCC GTC ACC CTA CAG TCC AAG GAC CAG CTT TGC CAC TTT GTG ACC ATG TGT ATC TTC ACC TGC ACT GGT CAG CAC TCC TCC ACT CAC CTG GGC CAG CTG GAC TGG TAC TCT TGG GTC CCT AAC GCA CCC TGC ACA ATG CGG CTG CCC CCA CCG ACC ACC AAG GAT GTG ACA CTG GAG AAA GTG ATG GCA ACA CTG CCG AAC TTC CAT CAG GCT TCT CTC CAG ATG TCC ATC ACT TGG CAA CTG GGC AGA CGC CAG CCC ATC ATG GTG GCT CTG GGT CAG CAT GAG GAA GAG TAC TTC TCA GGC CCT GAG CCC AAG GCT GTG CTA AAG AAG TTC AGG GAG GAG CTG GCT GCC CTG GAA AAA GAC ATA GAG ATC CGG AAT GCC CAG CTG GAC TGG CCC TAC GAA TAC CTG CGG CCC AGC CTG GTG GAA AAC AGC GTG GCC ATA 
Pan troglodytes                            ATG GGT CTC TAC CGC ATC CGC GTG TCC ACT GGG GCC TCG CTC TAT GCC GGT TCC AAC AAC CAG GTG CAG CTG TGG CTG GTC GGC CAG CAC GGG GAG GCG GCA CTC GGG ACG CGA CTG TGG CCC GCA CGG GGC AAG GAG ACA GAA TTC AAG GTG GAA GTA CCG GAG TAT CTG GGG CCG CTG CTG TTT GTG AAA CTG CGC AAA CGG CAC CTC CTT AAG GAC GAC GCC TGG TTC TGC AAC TGG ATC TCC GTG CAG GGC CCC GGA GCC --- GGG GAC GAG GTC AGG TTC CCT TGT TAC CGC TGG GTG GAG GGC AAC GGC GTC CTG AGC CTG CCC GAA GGC ACC GGC CGC ACT GTG GGC GAG GAC CCT CAG GGC CTG TTC CAG AAA CAC CGG GAA GAA GAG CTG GAA GAG AGA AGG AAG TTG TAC CGG TGG GGA AAC TGG AAG GAC GGG TTA ATT CTG AAT ATG GCT GGG GCC AAA CTA TAT GAC CTC CCT GTG GAT GAG CGA TTT CTG GAA GAC AAG AGA GTT GAC TTT GAG GTT TCG CTG GCC AAG GGG CTG GCC GAC CTC GCT ATC AAA GAC TCT CTA AAT GTT CTG ACT TGC TGG AAG GAT CTA GAT GAC TTC AAC CGG ATT TTC TGG TGT GGT CAG AGC AAG CTG GCT GAG CGC GTG CGG GAC TCC TGG AAG GAA GAT GCC TTA TTT GGG TAC CAG TTT CTT AAT GGC GCC AAC CCC GTG GTG CTG AGG CGC TCT GCT CAT CTT CCT GCT CGC CTA GTG TTC CCT CCA GGC ATG GAG GAA CTG CAG GCT CAG CTG GAG AAG GAG CTG GAG GGA GGC ACA CTG TTC GAA GCT GAC TTC TCC CTG CTG GAT GGG ATC AAG GCC AAC GTC ATT CTC TGT AGC CAG CAG CAC CTG GCT GCC CCT CTA GTC ATG CTG AAA TTG CAG CCT GAT GGG AAA CTC TTG CCC ATG GTC ATC CAG CTC CAG CTG CCC CGC ACA GGA TCC CCA CCA CCT CCC CTT TTC TTG CCC ACG GAT CCC CCA ATG GCC TGG CTT CTG GCC AAA TGC TGG GTG CGC AGC TCT GAC TTC CAG CTC CAT GAG CTG CAG TCT CAT CTT CTG AGG GGA CAC TTG ATG GCT GAG GTC ATT GTT GTG GCC ACC ATG AGG TGC CTG CCG TCG ATA CAT CCT ATC TTC AAG CTT ATA ATT CCC CAC CTG CGA TAC ACC CTG GAA ATT AAC GTC CGG GCC AGG ACT GGG CTG GTC TCT GAC ATG GGA ATT TTC GAC CAG ATA ATG AGC ACT GGT GGG GGA GGC CAC GTG CAG CTG CTC AAG CAA GCT GGA GCC TTC CTA ACC TAC AGC TCC TTC TGT CCC CCT GAT GAC TTG GCT GAC CGG GGG CTC CTG GGA GTG AAG TCT TCC TTC TAT GCC CAA GAT GCA CTG CGG CTC TGG GAA ATC ATC TAT CGG TAT GTG GAA GGA ATC GTG AGT CTC CAC TAT AAG ACA GAC GTG GCT GTG AAA GAC GAC CCA GAG CTG CAG ACC TGG TGT CGA GAG ATC ACT GAA ATC GGG CTG CAA GGG GCC CAG GAC CGA GGG TTT CCT GTC TCT TTA CAG GCT CGG GAC CAG GTT TGC CAC TTT GTC ACC ATG TGT ATC TTC ACC TGC ACC GGC CAA CAC GCC TCT GTG CAC CTG GGC CAG CTG GAC TGG TAC TCT TGG GTG CCT AAT GCA CCC TGC ACG ATG CGG CTG CCC CCG CCA ACC ACC AAG GAT GCA ACG CTG GAG ACA GTG ATG GCG ACA CTG CCC AAC TTC CAC CAG GCT TCT CTC CAG ATG TCC ATC ACT TGG CAG CTG GGC AGA CGC CAG CCC GTT ATG GTG GCT GTG GGC CAG CAT GAG GAG GAG TAT TTT TCG GGC CCC GAG CCT AAG GCT GTG CTG AAG AAG TTC AGG GAG GAG CTG GCT GCC CTG GAT AAG GAA ATT GAG ATC CGG AAT GCA AAG CTG GAC ATG CCC TAC GAG TAC CTG CGG CCC AGC GTG GTG GAA AAC AGT GTG GCC ATC 
Canis lupus familiaris                     ATG GGT CTC TAC CGC ATC CGC GTG TCC ACC GGC TCC TCG CTG TGC GCG GGC TCC CAA AAC CAG GTG CAG CTG TGG CTC GTG GGC CAG CAC GGG GAA GCG GAG ATC CGG AAG CGC CTG CGG CCG GCG CGG GGC CAG GAG ACG GAA TTC AAG GTG GAC GTG GAG GAG CAC CTG GGG CCG TTG CTG TTC GTG AAA CTG CAG AAA TGG CAC TTC CTT CAG GAC GAC GCC TGG TTC TGC AAC TGG ATC TCC GTG CAG GGC CCC GGG GAC AGC GGG GAA GAG TTC ACG TTC CCG TGC TAC CGC TGG GTG GAA GGC AGT GGC ATC TTG AGC CTC CCC GAG GGC ACC GGC CGG ACG GTG GTG GAC GAC CCT CAA GAC TTG TTC AAG GAC TAC AGG GAA AAG GAG CTG GAA AAG AAG AGG AAC CTG TAC CGG TGG GGT AAC TGG AAG GAT GGA TTA ATC CTG AAT GTC GTT GGG GCC ACG ATC TCT GAC CTC CCT GCA GAT GAA CGA TTT CTG GAA GAT AAG AGA ATT GAT TTT GAG GCT TCG CTG GCG AAG GGG CTG GCA GAC CTA GCC ATC AAA GAC TCT TTA AAT CTC TTC ACT TGC TGG AAT GAT CTG GAT GAC TTC AAC CGA ATT TTC TGG TGT GAC CAG AGC AAG TTG GCT AAG AAG GTG CGG GAC TCC TGG AAA GAA GAC GCC TTG TTT GGG TAC CAG TTT CTC AAC GGT GCT AAC CCC ATG ATA CTG AGG CGC TCC AGG CAG CTG CCT GCA CGC CTG AAG TTC CCT CCG GGG ATG GAG GAG CTG CAG ATC CAG CTG GAG CAG GAG CTC CAG GGA GGC AGG CTG TTC GAG GCG GAC TTC GTG CTG CTG GAC GGG ATC AAG GCC AAT GTC ATC TTG TGC AGC CAG CAG TAC CTG GCC GCC CCT CTG GTC ATG CTG AAA CTG CAG CCT GAT GGG AAA CTG TTG CCC ATG GTC ATC CAG CTC CAG CTG CCA CGT GTG GGA TGC CCT CCA CCA CCG CTT TTC CTG CCC ACG GAT CCC CCG ATG GTC TGG CTC CTG GCC AAG TGC TGG GTC CGT AGC TCT GAC TTT CAG ATC CAC GAG CTG CAG TCT CAC CTT CTG CGG GGA CAC TTG ATG GCA GAG GTC ATC ACC GTG GCC ACC ATG AGG TGC CTT CCG TCC ATA CAC CCC ATC TTC AAG CTT CTC ATC CCC CAT CTG CGC TAC ACC TTG GAA ATT AAC GTT CGG GCC AGG ACG GGG CTC ATC TCT GAC AAC GGT GTT TTC GAC CAG GTG GTG AGC ACA GGT GGC GGA GGC CAC GTG GAG CTG CTC CAG CGA GCT AGA GCC TTC CTA ACC TAC CGC TCC TTC TGT CCT CCC ACT GAC CTG GCC GAC CGG GGG CTC CTG GGA GTC GAG TCT TCC TTC TAT GCG CAG GAT GCT CTG CGG CTT TGG GAA ATC CTC TAC CGC TAT GTG CAG GGC ATC GTG TAT CTC CAC TAC AAG ACG AAC GAG GCT GTG AGA GAT GAT CTG GAG CTG CAG ACT TGG TGT CGA GAG ATC ACT GAG GTC GGG TTG CGG GGG GCT CAG GAC CAA GGG TTC CCC AAC TCC TTA CAG TCC CGC GAC CAG ATG TGT CAC TTT CTC ACC ATG TGT ATA TTC ACC TGT ACT GGC CAG CAC TCG TCC ACC CAC CTG GGC CAG CTG GAC TGG TAC ACT TGG GTC CCT AAC GCG CCC TGC ACC ATG CGG CTG CCG CCT CCT ACC ACC AAG GAC GTG ACA CTG GAG ACA GTT ATG GCA ACA CTG CCC AAC TGC CAT CAG GCC TCG CTG CAG ATG TCC ATC ACC TGG CAG CTG GGC CGC CGC CAG CCT GTG ATG GTG GCT CTG GGC CAG CAC CAG GAG GAG TAT TTT TCA GGC CCT GGA CCC AAG GAC GTG CTG AAG AAG TTC AGG GAG GAG CTG GCT GTT TTG GAG AAG GAA ATC GAG ACC CGG AAT GCA AAG CTG GAC ATG CCC TAC CAG TAC CTG CAG CCC AGC CTG GTG GAA AAC AGT GTG GCC ATC 
Rattus norvegicus                          ATG GGT GTC TAC CGC ATC CGC GTC TCC ACC GGA GAC TCC AAG TAC GCG GGC TCC AAC AAC GAG GTC TAC CTG TGG TTG GTT GGA CAG CAT GGA GAG GCA TCT CTC GGG AAG CTG CTA CGA CCC TGT CGG GAC TCG GAA GCA GAA TTC AAA GTG GAT GTG TCA GGA TAC CTT GGG CCA CTG CTG TTC GTA AGA GTG CAG AAA TGG CAT TAT CTC ACG GAT GAC GCC TGG TTC TGC AAC TGG ATT TCT GTG AAG GGC CCC GGA GAC CAA GGA TCA GAG TAC ATG TTC CCC TGT TAC CGA TGG GTT CAG GGC AGA AGC ATC CTG AGC CTC CCT GAG GGC ACT GGC TGC ACC GTG GTT GAA GAT TCT CAA GGA CTG TTC AGG AAA CAT AGG GAA GAG GAG CTT GAA GAG AGG AGG AGT CTG TAC AGG TGG GGC AAC TGG AAG GAT GGC TCA ATC CTG AAT GTG GCG GCG GCC AGT ATA TCT GAC CTC CCT GTA GAC CAA CGA TTT CGA GAG GAC AAA AGA ATT GAA TTT GAA GCT TCA CAG GTT ATA GGG GTA ATG GAT ACT GTT GTC AAC TTT CCT ATA AAC ACT GTG ACC TGC TGG AAA AGC CTA GAT GAC TTC AAC TGC GTT TTC AAG AGT GGC CAT ACC AAA ATG GCT GAG CGG GTT CGA AAC TCC TGG AAG GAA GAT GCG TTC TTT GGG TAC CAA TTC CTC AAT GGT GCT AAC CCC ATG GTG CTG AAG CGC TCT ACT TGT CTT CCT GCC CGC CTG GTA TTC CCT CCA GGA ATG GAG AAG CTA CAG GCC CAG CTG AAC AAG GAG CTC CAG AAA GGC ACT CTG TTT GAA GCG GAT TTC TTC CTT CTG GAT GGG ATC AAG GCC AAT GTC ATC CTT TGT AGC CAG CAG TAC CTG GCT GCC CCT CTC GTC ATG CTG AAG CTG ATG CCT GAT GGA CAA CTC TTG CCC ATA GCC ATC CAG CTT GAA CTT CCC AAA ACT GGG TCT ACT CCA CCA CCT ATT TTC ACG CCC TCG GAT CCC CCA ATG GAC TGG CTC CTA GCC AAA TGC TGG GTC CGG AGC TCC GAC TTA CAG CTC CAT GAG CTG CAG GCT CAT CTT CTG AGG GGA CAC TTG ATG GCT GAG GTC TTT GCT GTG GCC ACC ATG AGG TGC CTG CCT TCC GTG CAC CCT GTT TTT AAG CTT CTA GTT CCT CAT CTG CTT TAC ACC ATG GAA ATT AAT GTC CGG GCC AGG AGT GAC CTG ATC TCA GAG AGA GGC TTT TTT GAC AAG GCA ATG AGC ACA GGT GGG GGA GGC CAC CTG GAT CTT CTC AAG CAA GCT GGA GCC TTT CTG ACC TAT TGC TCA TTG TGT CCC CCC GAT GAC TTG GCT GAG CGA GGA CTC TTG GAT ATC GAG ACT TGC TTC TAT GCT AAA GAC GCC CTG CGA CTC TGG CAG ATC ATG AAT CGG TAC GTG GTG GGA ATG TTC AAT CTC CAC TAC AAG ACC GAC AAA GCT GTG CAA GAC GAC TAT GAA CTG CAG AGC TGG TGT CGA GAG ATC ACT GAC ATT GGT CTT CAA GGG GCC CAG GAC AGA GGC TTC CCT ACC TCT CTT CAG TCC CGG GCT CAG GCT TGC TAC TTC ATC ACC ATG TGC ATC TTC ACG TGC ACC GCA CAG CAC TCT TCC GTC CAT CTT GGC CAG CTG GAT TGG TTC TAC TGG GTT CCT AAT GCA CCC TGC ACC ATG CGG CTG CCA CCA CCC ACC ACC AAG GAA GCA ACA ATG GAG AAG CTG ATG GCT ACA CTG CCC AAC CCT AAT CAG TCT ACT CTC CAG ATA AAT GTC GTT TGG CTC CTG GGC AGA CGC CAG GCT GTT ATG GTG CCC CTG GGC CAG CAT TCA GAG GAA CAC TTT CCA AAC CCT GAG GCC AAG GCT GTG CTG AAG AAG TTC AGA GAG GAA CTG GCT GCC TTG GAT AAG GAA ATT GAG ATT CGT AAT AAG AGC TTG GAC ATA CCT TAT GAG TAC CTG CGG CCC AGC ATG GTG GAA AAC AGC GTG GCC ATA 



Printing out site pattern counts


         6       1446  P

Mus musculus                                AAA AAA AAA AAA AAA AAA AAA AAA AAA AAA AAA AAA AAC AAC AAC AAC AAC AAC AAC AAC AAC AAC AAG AAG AAG AAG AAG AAG AAG AAG AAG AAG AAG AAG AAG AAG AAT AAT AAT AAT AAT AAT AAT ACA ACA ACA ACA ACC ACC ACC ACC ACC ACC ACC ACC ACC ACC ACC ACC ACG ACG ACG ACG ACT ACT ACT ACT ACT ACT ACT ACT ACT AGA AGA AGA AGA AGA AGA AGC AGC AGC AGC AGC AGC AGC AGC AGG AGG AGG AGG AGG AGG AGT AGT AGT AGT ATA ATA ATA ATC ATC ATC ATC ATC ATC ATC ATC ATC ATC ATC ATC ATG ATG ATG ATG ATG ATG ATG ATG ATG ATT ATT ATT ATT ATT ATT ATT CAA CAA CAA CAA CAA CAA CAA CAC CAC CAC CAC CAC CAC CAC CAC CAG CAG CAG CAG CAG CAG CAG CAG CAG CAG CAG CAG CAG CAT CAT CAT CCA CCA CCA CCA CCA CCA CCC CCC CCC CCC CCC CCC CCC CCC CCC CCC CCC CCG CCG CCG CCT CCT CCT CCT CCT CCT CCT CCT CCT CCT CCT CCT CGA CGA CGA CGA CGA CGA CGC CGG CGG CGG CGG CGG CGG CGG CGT CTA CTA CTA CTA CTC CTC CTC CTC CTC CTC CTC CTC CTC CTC CTC CTC CTC CTC CTC CTG CTG CTG CTG CTG CTG CTG CTG CTG CTG CTG CTG CTG CTG CTG CTG CTG CTG CTT CTT CTT CTT CTT CTT CTT GAA GAA GAA GAA GAA GAA GAA GAA GAA GAA GAA GAC GAC GAC GAC GAC GAC GAC GAC GAC GAC GAC GAC GAG GAG GAG GAG GAG GAG GAG GAG GAG GAG GAG GAG GAG GAG GAG GAG GAG GAG GAG GAT GAT GAT GAT GAT GAT GAT GAT GAT GAT GAT GAT GAT GAT GCA GCA GCA GCC GCC GCC GCC GCC GCC GCC GCC GCC GCG GCG GCG GCG GCG GCG GCG GCT GCT GCT GCT GCT GCT GCT GCT GCT GCT GCT GCT GCT GCT GCT GCT GGA GGA GGA GGA GGA GGA GGA GGA GGC GGC GGC GGC GGC GGC GGC GGC GGC GGG GGG GGG GGG GGG GGG GGG GGT GGT GGT GTA GTA GTA GTC GTC GTC GTC GTC GTC GTC GTC GTG GTG GTG GTG GTG GTG GTG GTG GTG GTG GTG GTG GTT GTT GTT GTT GTT GTT GTT GTT GTT GTT GTT TAC TAC TAC TAC TAC TAC TAC TAC TAC TAC TAC TAC TAT TAT TAT TAT TAT TCA TCA TCA TCA TCA TCA TCC TCC TCC TCC TCC TCC TCG TCG TCT TCT TCT TCT TCT TCT TCT TCT TGC TGC TGC TGC TGC TGG TGG TGT TGT TGT TGT TGT TTA TTC TTC TTC TTC TTC TTC TTC TTC TTC TTC TTC TTC TTC TTG TTG TTG TTG TTG TTG TTG TTG TTG TTT TTT TTT TTT TTT TTT TTT
Homo sapiens                                AAA AAA AAG AAG AAG AAG AAG ACC CAA CGC CTA GGA AAA AAA AAC AAC AAT AAT AGC GAC GGC GGC AAA AAG AAG AAG AAG AAG AAG ACA AGG CAG GAA GAG GCA TGG AAC AAC AAC AAT CAC TAT TCC ACC ACT CTG TTA AAC ACA ACC ACG ACT ACT ACT AGC CCA CTC GCC GTC ACA ACG AGG TTG ACA ACA ACC ACC ACT GCT GTT TCT TCT AAA AGA AGA AGG ATG CGA AAG ACC ACT AGC AGC AGT GAT GGC AGA AGG AGG CAG CGG CGG AAA AAG AGC TGT ATC ATG ATG ATC ATC ATC ATT ATT ATT CTA GTC GTC GTC GTC GTG ATC ATC ATG ATG CTG CTG CTG GCC GTG ATC ATC ATC ATC ATT CTT GTG AAA CAA CAA CAG CGA GAA GTG CAC CAC CAC CAC CAC CAG CAT TAT --- AAA CAA CAG CAG CAG CAG CAG CGC CGG CTG GAG GAG CAC CAT CAT CCA CCA CCC CCG CCG TCG CCC CCC CCC CCC CCC CCT CCT CCT CCT CCT GCT CCA CCC CCT CCA CCC CCC CCC CCG CCT CCT CCT CCT CCT TCT TTC CGA CGC CGC CGG CTG TGG CGC CGC CGC CGG CGG CGG CGG CGG CGG ATA CTA CTG CTG CAG CGA CTA CTC CTC CTC CTC CTC CTC CTG CTG CTT CTT CTT TTA AAG CGA CTA CTA CTG CTG CTG CTG CTG CTG CTG CTG CTG GTG GTG GTG GTG TTG CTC CTC CTG CTG CTT CTT GTT CAG GAA GAA GAA GAA GAC GAG GAG GAG GAG GAG AAG GAC GAC GAC GAC GAC GAT GAT GCC GCC GCC GGG AAG CAG GAA GAA GAA GAA GAA GAA GAC GAC GAG GAG GAG GAG GAG GAG GAG GAG GAG AGT CAG GAA GAC GAC GAC GAG GAT GAT GAT GAT GAT GAT GGA ACA GCA GCG CCT GCC GCC GCC GCC GCC GCG GCT GTC GCA GCC GCG GCT GCT GGC GGG CCC GAC GCC GCC GCC GCC GCT GCT GCT GCT GCT GCT GTT GTT GTT TCT GGA GGA GGA GGA GGA GGC GGG GGG GGA GGA GGC GGC GGC GGG GGG GGT GGT GGA GGC GGG GGG GGG GGG GGG GGC GGG GGT GTG GTG GTG ATC ATC CTC GTC GTC GTC GTG GTG ATA ATA ATG ATG CTC CTG CTG GAA GTA GTG GTG GTG ACT ATC ATT ATT GCC GCT GGC GTG GTG GTG GTT CAC CAC CAG GTC TAC TAC TAC TAT TAT TAT TAT TCT CCA CGG CTC TAC TAT CCG GAG TCC TCG TCT TCT GCT TCC TCG TCG TCT TCT AAG GAC CCT GCC GCG GCT TAT TCC TCT TCT CGC TCC TGC TGC TGT CGG TGG CAC GCA TGT TGT TGT TTC CTC CTG GAC GTG TAC TCC TTA TTC TTC TTC TTT TTT TTT ACG CTG CTG CTG CTG TTC TTG TTG TTG ATT ATT TTC TTC TTT TTT TTT
Bos taurus                                  AAA AAA AAA AAA AAG AAG TCG ACC CAA CAC TTA CAA AAA AAA AAC AAT AAC AAT AGC GAT GGC GGG AAA AAA AAG AAG CAG CAG TGG AAA AGA CAG GAG CAG GCC TGG AAC AAC AAC AAC CAT TCT TCC ACC ACA CTG TTA GAT ACG ACC ACA ACC ACT ACT AGC CCA CTA GCC GTC ACA ACA AGG CTG AAG ACG ACC ACT ACT GTT ATT TCT TCT AAA AGA AGA AGG TCG CGA CAG GCC ACT AGC AGC AGC AGT GGC AGA AGG AGG AAG AGG CGG ACA AAG ACC TGT ATA ATG TGG ATC ATC GTC ATC ATT ATT ATA ATC GTC GTC GTG ACT ATT CTC ATG GTG ATG CTG CTG GCA ATG ATC ATC ATC ATT ATA CTT GTC AAA CGA CTG CAA CGA GAA GAG CAC CAC CAC CAC CAT CAG CAT TAC AGT AGA CAG CAC CAG CAG CAG GAG CGC AGG CTG GAG GAG CAC CAC CAT CCA CCG CCC CCA CGG TCA CCA CCC CCC CCG CCG CCC CCC CCC CCG CCT GCT CCA CCG CCA CCG CCC CCC CCG CCG CCC CCT CCT CCT CCT TCT TTC AGA CGC CGG CGG CTA CGG CGC CGC CGG AAG AGG CGC CGG CGG CGG CTC CTG CTG CTG CAA CGA CTG CTC CTC CTC CTC CTC CTT CTC CTG CTC CTC CTT CTA AAG GCC CTA CTG CTA CTG CTG CTG CTG CTG CTG CTT GTG CTG CTG GTG GTG CTG CTG CTT CTG TTG CTC CTT ATT CAA GAA GAA GAC GCA GAC GAG GAG GAG GAG GAT AAG GAC GAC GAC GAC GAT GAT GAT ACC GCC TCC GGG AAG CAG GAA GAG GAG GAG GAG GAG GAC GAT GAA GAA GAG GAG GAG GAG GAG GAT GGG AGT GAG GAC GAC GAC GAC GAG ATG GAA GAT GAT GAT GAT GGA GTG GCA GCG CCC GCC GCC GCC GCC GCG GCC GCC GCC GTG GCG GCA GCT GCT GGT GGG CCC GAC ACC GCC GCC GCT GCA GCT GCT GCT GCT TCT CTT GCC GCT TCT GGA GGA GGC GGG GGG GGC GGG GGG GGA GGT GGC GGT GGT GGG GGG GGC GGC GGG GGG GGG GGG GGG GGG GGG GGC GGT GGT GAG GTA GTG ATC ATT CTC ATC GTC GTT GTC GTG ATA GTG ATA GTG TTC CTG TTG GAG GTG GTG GTG TTG ACT ATG ATT ATT ACC GCC GTC GTC GTG GTG ATC CAC TAT CAC TTC TAC TAT TAT TAC TAC TAT TGC TCT ATT AGG CTC TAC TAT TCC GAG TCC TCA TCT TCT TCC TCC TCG TCT ACC TCC AAG AAC CCT TCC GCG GCT AAT TCC TCC TCC CGC TCT TGC TGC TGT CGG TGG CGC GCG TGC TGT TGT TTC TTC GTG GAC GTG TAC TCC TTA TTC TTT TTT TTC TTT TTT ACG CTG CTG CTG CTG TTC CTG TTA TTG ATC GTC TTC TTT TTC TTT TTT
Pan troglodytes                             AAA AAA AAG AAG AAG AAG AAG ACC CAA CGC CTA GGA AAA AAA AAC AAC AAT AAT AGC GAC GGC GGC AAA AAG AAG AAG AAG AAG ACG ACA AGG CAG GAA GAG GCA TGG AAC AAC AAC AAT CAC TAT TCC ACC ACT CTG TTA AAC ACA ACC ACG ACT ACT ACT AGC CCA CTC GCC GTC ACA ACG AGG TTG ACA ACA ACC ACC ACT GCT GTT TCT TCT AAA AGA AGA AGG ATG CGA AAG ACC ACT AGC AGC AGT GAT GGC AGA AGG AGG CAG CGG CGG AAA AAG AGC TGT ATC ATG ATG ATC ATC ATC ATT ATT ATT CTA GTC GTC GTC GTC GTG ATC ATC ATG ATG CTG CTG CTG GCC GTG ATC ATC ATC ATC ATT CTT GTG AAA CAA CAA CAG CGA GAA GTG CAC CAC CAC CAC CAC CAG CAT TAT --- AAA CAA CAG CAG CAG CAG CAG CGC CGG CTG GAG GAG CAC CAT CAT CCA CCA CCC CCG CCG TCG CCC CCC CCC CCC CCC CCC CCT CCT CCT CCT GCT CCA CCC CCT CCA CCC CCC CCC CCG CCC CCC CCT CCT CCT TCT TTC CGA CGC CGC CGG CTG TGG CGC CGC CGC CGG CGG CGG CGG CGG CGG ATA CTA CTG CTG CAG CGA CTA CTC CTC CTC CTC CTC CTC CTG CTG CTT CTT CTT TTA AAG CGA CTA CTA CTG CTG CTG CTG CTG CTG CTG CTG CTG GTG GTG GTG GTG TTG CTC CTC CTG CTG CTT CTT GTT CAG GAA GAA GAA GAA GAC GAG GAG GAG GAG GAG AAG GAC GAC GAC GAC GAC GAT GAT GCC GCC GCC GGG AAG CAG GAA GAA GAA GAA GAA GAA GAC GAC GAG GAG GAG GAG GAG GAG GAG GAG GAG AGT CAG GAA GAC GAC GAC GAG GAT GAT GAT GAT GAT GAT GGA ACA GCA GCG CCT GCC GCC GCC GCT GCC GCA GCT GTC GCA GCC GCG GCT GCT GGC GGG CCC GAC GCC GCC GCC GCT GCT GCT GCT GCT GCT GCT GTT GTT GTT TCT GGA GGA GGA GGA GGA GGC GGG GGG GGA GGA GGC GGC GGC GGG GGG GGT GGT GGA GGC GGG GGG GGG GGG GGG GGC GGG GGT GTG GTG GTG ATC ATC CTC GTC GTC GTC GTG GTG ATA ATA ATG ATG CTC CTG CTG GAA GTA GTG GTG GTG ACT ATC ATT ATT GCC GCT GGC GTG GTG GTG GTT CAC CAC CAG GTC TAC TAC TAC TAT TAT TAT TAT TCT CCA CGG CTC TAC TAT CCG GAG TCC TCG TCT TCT GCT TCC TCG TCG TCT TCT AAG GAC CCT GCC GCA GCT TAT TCC TCC TCT CGC TCC TGC TGC TGT CGG TGG CAT GCA TGT TGT TGT TTC TTC CTG GAC GTG TAC TCC TTA TTC TTC TTC TTT TTT TTT ACG CTG CTG CTG CTG TTC TTG TTG TTG ATT ATT TTC TTC TTT TTT TTT
Canis lupus familiaris                      AAA AAG AAG AAT AAA AAG CAG ACC CAG CGT TTA GGA AAA GAC AAC CAA AAT AAT AGC GAC GGC GGC AAA AAG AAG AAG AAG CAG AAG ACA AGG CAG GAG CAG GCA TGG AAC AAC AAT AAC CAT TAC TCC ACC ACA CTG TTA AGT ACG ACC ACC ACC ACG ACT AGC CCT CTA GCC AAC ACA ACA ACG CTG GTG AGG ACC ACT ACT AGG CTC TCG TCT AAA AGA CGC AGG AAC CAA AAG ACT ACG AGC CGC AGT GAT GGC AAG AGG CGG AAG AGG CGG ACG AAC AGC TGT ATC ATG ATG ATA ATC ATC ATC ATC ATT ATC ATC ATC GTG CTC ACC ATC CTC ATG GTG TTG CTG TTG GCA ATG ACC ATC ATC GTC ATC CTT GTC AAA CGA CGG CAA CGA GAA GAG CAC CAC CAT TAC CAC CAG CAC TAT AGC AGA CAG CAG CAG CAG CAG CAG CAG CGG CTG GAA GAA CAC CAC CAC CCA CCG CCG CCT CCG TCA CCA CCC CCT CCC CCG CCC CCC CCT CCG CCT GCT CCG CCG CCA CCT CCC CCC CCC CCG CCC CCT CCC CCC CCT TCT TGC CGA CGC CGT CGG CTG CGG CGC CGC AAG CGC CGG CGC CAG CGG CGG CTC CTG CTG CTG CAG CGC CTG ATC CTC CTC CTG CTT CTC CTC CTC CTC CTT CTG TTA AAG CGC CTA CTG CTG CTC CTG CTG CTG CTG TTG CTT CTG CTG CTG GTG GTT CTG TTG ATC CTG CTG CTT CTT ATT CAG GAA GAG GAA GAA GAT AAG GAG GAG GAG GAC GAG AAC GAC GAC GAT GAC GAC GAT GTC GAC TCC GGG CAG CAG GAA AAG GAA GAA GAG GAG GAC GAC CAG GAG AAG GAA GAG GAG GGA GAG GAG TAT GAG GAC GAC GAT GAT GAG GAC GAG ACT GAC GAT GAT GGA ACG GCG GCG CCC GCC GCT GTT ATC GCC GCT GCA GTC GTG GCG GCA GCG GTT GGC GGG CCT GAC GCT GCC GCG GCC GCT GAC GCA GCC GCT GCT ATG GCT ACC TCT AGA GGA GGA GGC GGG GGC GGC GGG GGT GGT GGC GAC GGC GGA GGG GAC GGC GGA GGG CGG GGC GGG GGG GGG GGT GGG GGT AAG GCA GTG ATC ATC CTC GTT GTC GTC GTC GTG ATA GTG GTC ATG CTG TTC CTG CAG GTG GTG GTG ATA ACC ATC ATC ATT GCG GCC GTG GTC GTG GTG GTG CAC TAC CAG TTC TAC TAC TAC CAC TAT TAC TGC ACT CTG CGA TTC TAC TAT GAG CAG TCC TCG TCT TCT TCC TCC TCG TCC TCC TCC CAG GAA CCT TCG GAG GCC TCT TGC TCC TCC CGG TCC TGC TGT TGT TGG TGG CAG GCG TGC TGC TGT TTT TTC CTG GAC GTG TAC GTG TTG TTC TTC TTC TTT TTC TTT ACG CTC CTG TTG TTG TTC CTG TTG TTG ATC GTT TTC TTC TTC TTT TTT
Rattus norvegicus                           AAA AAA AAA AAA AAG AAG ACG ACC AAA AAA ATA AAA AAC AAA AAC AAC AAC AAT AGC AAC AAC GAC AAG AAG AAA AAG AAA AAG AAG AAG AAG AAG AAG CAG AAG AAG AAC AAT AAT AAT AAT AAT AAT ACG ACA GTA TCA AGA ACC ACC ACC ACC ACC ACC ACC ACT ACT GCC ACC ACA ACA ATG ACG ACT ACT ACT ACC ACT ACT ACT ACT ACT AGA AGA AGA AGA AGA AGA AGC AGC AGT AGC TGC AGC AGC AGC AGG AGG AGG AGG AGG AGG AGT AGT AGC AGT ATA ATA ATA ATC ATC ATC ATC ATC ATT ATA ATC ATC GTT ATC GTC ATG ATG ATG ATG ATG ATG ATG ATG ATG ATT ATT GTC ATT ATT ATT ATC CAA CAA CAA CAA CGA CAG AAA CAC TAC CAT CAT CAC CAT CAC CAC CAA CAA CAG CAG ATG CAA CAG CAG CAG CGA CAG CAA CAG CAT CAT CAT CCA CCA CCA CCA CCA CCA CCC CCC CCC CCC CCC CCC CCT CCT CCC CCT CCC CCA CCT CCA CCC CCC CCT CCT CCT CCT CCT CCC CCT CCT CCT CCT CGA CGA CGG CGA CGA CGA CGC CGC CGG CGG CGG CGG CGG CGG CGT CTA CTA CTA CTG CTC CTT CTC CTC CTC CTT CTC CTC CTC CTC CTC CTC CTC CTT CTT ATA CTG CTG CTG CTG CTG CTA CTG CTT TTG CTG CTG CTG ATG CTG CTG CTG CTG CTT CTC CTT CTT CTT CTT ATT GAA GAA GAA GAA GAA GAA GAG GAA GAG GGA GAA GAG GAC GAC GAT GAC GAC GAA GAC GAC GAC GAC GAC AAG GAG GAA GAG GAA GAG GAC GAG GAG GAT GAG GAG GAG GAG GAA GAG GAG GAG GAG AAT GAT GAT GAT GAC GAT AAC GAT GAT GAT GAT GAC GAT GAT GCA GCA GCA GCC GCC GCC GCC GCC GCC GCC GCC GCC GCA GCG GCT GCG GCG GCA GCG GCT GCT GCT GCG GCT GCT GCT GCT GCT GCT GCT GCT GCT GCT GCT GCT GGA GGA GGA GGA GGA GGA GGG GGA GGC GGC GGC GGA GGC GGC GGC GGC GGC GGG GGA GGG GGA GGA GGG GGT GGT GGG GGT GTA GTA GTG GTC ATC GTC GTC GTC GTC GTC GTC GTG GCA GTG ATG AAG GTG GTG GTG GTG GTA GTG GTG GTT GTT GTT GTT GTT GTT GTT GTT GTG GTT GTT CAC TAC TAC TAC TAC TAC TAT TAC TAC TAC TAC TAC TAT TGC TAT TAT TAT TCA TCA TCA TCA TCA TCC TCC TCC TCC TCC TCT TCC TCG TCA TCT TCT TCT TCT TCT TCT TCT TCT TGC TGC TGC TGC TGC TGG TGG TGT TGT TGT TGT TGT TTA TTC CTA TTT TTC TTC TTC TTC TTC TTC TTT TTT TTC TTC TCG TTG TTG CTT TTG TTG TTG TTG TTG TTT TTT TTT TTT TTC TTC TTT



    1    1    1    1    1    1    1    1    1    1    1    1    1    1    6
    1    1    2    1    1    1    1    1    1    1    7    1    1    1    1
    1    2    1    1    1    1    1    1    1    2    1    1    1    1    1
    1    1    1    1    5    1    1    1    1    1    1    1    1    1    1
    1    1    1    1    1    1    1    1    1    1    1    1    1    1    1
    1    1    1    1    1    1    3    1    1    1    1    1    3    1    1
    1    1    1    1    1    1    1    2    1    1    3    1    1    1    1
    1    1    1    1    1    1    1    1    9    1    1    1    1    1    1
    1    1    1    1    1    1    1    1    1    1    1    1    1    1    2
    1    1    1    1    1    1    1    1    1    1    1    1    1   14    2
    1    1    1    1    1    3    1    2    1    1    1    1    1    1    1
    5    1    1    1    1    1    1    1    1    1    1    1    1    1    1
    1    1    1    1    1    1    1    4    1    1    1    1    1    2    1
    1    4    1    1    1    1    1    1    2    1    1    1    1    2    1
    1    1    1    3    1    2    1    1    1    1    2    1    1    1    1
    1    1    1    2    1    1   16    2    1    3    1    1    1    1    1
    1    2    1    1    3    1    1    1    1    1    3    1    1    1    1
    1    3    1    1    1    1    1    7    2    2    1    1    1    1    1
    1    1    1    1    1    1    1    1    1    1    2    1    1    1    1
    1    2    7    1    1    1    1    1    1    2    1    1    1    1    1
    1    1    1    3    1    1    1    1    1    7    1    1    1    1    1
    1    1    1    1    1    1    1    1    1    1    1    1    1    1    1
    1    1    1    1    2    1    1    1    1    1    1    1    1    1    1
    1    1    2    1    1    7    1    2    1    1    1    1    1    1    1
    1    2    4    1    1    1    2    1    1    1    1    1    1    1    2
    1    1    2    1    1    1    1    1    1    1    1    1    1    8    1
    1    1    1    1    1    1    1    1    1    2    1    1    1    1    1
    5    1    1    1    1    1    1    1    1    1    1    1    1    1    1
    1    1    1    1    1    3    1    1    1    1    1    1    1    1    1
    1    1    1    1    1    1    1    5    2    1    1   15    1    1    1
    1    2    1    1    1    1    1    1    1    1   10    1    1    1    1
    1    1    1    1    1    1    1    1    1    1    1    1    2    1    1
    1    3

CODONML (in paml version 4.4b, July 2010)  torun.nuc
Model: One dN/dS ratio for branches Global clock 
Codon frequency model: F3x4
ns =   6  ls = 663

Codon usage in sequences
--------------------------------------------------------------------------------------------------------------
Phe TTT 10  8  9  8  7 11 | Ser TCT  8 11 11 10  6  9 | Tyr TAT  5  8  5  8  4  5 | Cys TGT  6  6  5  6  6  6
    TTC 22 18 20 19 22 20 |     TCC  8  8 14  9 13  8 |     TAC 16  9 10  9 13 15 |     TGC 10  7  9  7 10 12
Leu TTA  1  3  4  3  3  1 |     TCA  6  0  2  0  1  7 | *** TAA  0  0  0  0  0  0 | *** TGA  0  0  0  0  0  0
    TTG  9  6  4  6 11  8 |     TCG  2  4  3  4  4  2 |     TAG  0  0  0  0  0  0 | Trp TGG 16 17 18 17 17 16
--------------------------------------------------------------------------------------------------------------
Leu CTT  9  7  7  7  6 14 | Pro CCT 15 16  9 13 13 16 | His CAT  6  4  5  5  2  9 | Arg CGT  1  0  0  0  2  1
    CTC 19 16 17 15 16 16 |     CCC 15 15 15 18 15 15 |     CAC  9 13 13 12 13  6 |     CGC  4 11 10 11 12  5
    CTA  5  6  6  6  2  5 |     CCA  6  6  6  6  3  8 | Gln CAA  7  4  5  4  3  8 |     CGA  7  5  4  5  4  8
    CTG 38 50 51 50 51 34 |     CCG  3  4  8  4  8  0 |     CAG 27 29 25 29 39 23 |     CGG  8 14 12 14 13  8
--------------------------------------------------------------------------------------------------------------
Ile ATT  7  8 10  8  3  7 | Thr ACT  9  7  7  7  6 10 | Asn AAT  8  5  4  5  5 10 | Ser AGT  4  2  3  2  2  4
    ATC 14 15 13 15 22 12 |     ACC 16 10 14 10 14 14 |     AAC 16 11 13 11 14 13 |     AGC 10  7  7  7  7 10
    ATA  4  3  5  3  3  7 |     ACA  4  6  5  6  4  3 | Lys AAA 12  9 11  9  6 11 | Arg AGA  6  3  6  3  3  7
Met ATG 17 16 15 16 15 21 |     ACG  4  3  3  4  7  3 |     AAG 21 23 18 22 23 22 |     AGG  8  7 10  7  8  8
--------------------------------------------------------------------------------------------------------------
Val GTT 12  6  2  6  5 12 | Ala GCT 17 15 11 17  9 17 | Asp GAT 17 11 14 11 11 16 | Gly GGT  4  4  8  4  5  4
    GTC 10 11 11 11 10 11 |     GCC 15 23 22 21 14 16 |     GAC 20 25 23 25 28 20 |     GGC 16 18 14 18 18 15
    GTA  3  1  1  1  0  4 |     GCA  3  4  5  6  6  6 | Glu GAA 15 16  9 16 13 17 |     GGA  9 10  4 10  7 14
    GTG 19 29 27 29 26 17 |     GCG  7  4  5  2  7  5 |     GAG 27 28 34 28 28 23 |     GGG 11 17 22 17 15  8
--------------------------------------------------------------------------------------------------------------

Codon position x base (3x4) table for each sequence.

#1: Mus musculus   
position  1:    T:0.17949    C:0.26998    A:0.24133    G:0.30920
position  2:    T:0.30015    C:0.20814    A:0.31071    G:0.18100
position  3:    T:0.20814    C:0.33183    A:0.13273    G:0.32730
Average         T:0.22926    C:0.26998    A:0.22826    G:0.27250

#2: Homo sapiens   
position  1:    T:0.15861    C:0.30211    A:0.20393    G:0.33535
position  2:    T:0.30665    C:0.20544    A:0.29456    G:0.19335
position  3:    T:0.17825    C:0.32779    A:0.11480    G:0.37915
Average         T:0.21450    C:0.27845    A:0.20443    G:0.30262

#3: Bos taurus     
position  1:    T:0.17195    C:0.29110    A:0.21719    G:0.31976
position  2:    T:0.30468    C:0.21116    A:0.28507    G:0.19910
position  3:    T:0.16591    C:0.33937    A:0.11011    G:0.38462
Average         T:0.21418    C:0.28054    A:0.20412    G:0.30116

#4: Pan troglodytes
position  1:    T:0.16012    C:0.30060    A:0.20393    G:0.33535
position  2:    T:0.30665    C:0.20695    A:0.29305    G:0.19335
position  3:    T:0.17674    C:0.32931    A:0.11782    G:0.37613
Average         T:0.21450    C:0.27895    A:0.20493    G:0.30161

#5: Canis lupus familiaris
position  1:    T:0.17647    C:0.30468    A:0.21418    G:0.30468
position  2:    T:0.30468    C:0.19608    A:0.30468    G:0.19457
position  3:    T:0.13876    C:0.36350    A:0.08748    G:0.41026
Average         T:0.20664    C:0.28808    A:0.20211    G:0.30317

#6: Rattus norvegicus
position  1:    T:0.18100    C:0.26546    A:0.24434    G:0.30920
position  2:    T:0.30166    C:0.20965    A:0.29864    G:0.19005
position  3:    T:0.22775    C:0.31373    A:0.15988    G:0.29864
Average         T:0.23680    C:0.26295    A:0.23429    G:0.26596

Sums of codon usage counts
------------------------------------------------------------------------------
Phe F TTT      53 | Ser S TCT      55 | Tyr Y TAT      35 | Cys C TGT      35
      TTC     121 |       TCC      60 |       TAC      72 |       TGC      55
Leu L TTA      15 |       TCA      16 | *** * TAA       0 | *** * TGA       0
      TTG      44 |       TCG      19 |       TAG       0 | Trp W TGG     101
------------------------------------------------------------------------------
Leu L CTT      50 | Pro P CCT      82 | His H CAT      31 | Arg R CGT       4
      CTC      99 |       CCC      93 |       CAC      66 |       CGC      53
      CTA      30 |       CCA      35 | Gln Q CAA      31 |       CGA      33
      CTG     274 |       CCG      27 |       CAG     172 |       CGG      69
------------------------------------------------------------------------------
Ile I ATT      43 | Thr T ACT      46 | Asn N AAT      37 | Ser S AGT      17
      ATC      91 |       ACC      78 |       AAC      78 |       AGC      48
      ATA      25 |       ACA      28 | Lys K AAA      58 | Arg R AGA      28
Met M ATG     100 |       ACG      24 |       AAG     129 |       AGG      48
------------------------------------------------------------------------------
Val V GTT      43 | Ala A GCT      86 | Asp D GAT      80 | Gly G GGT      29
      GTC      64 |       GCC     111 |       GAC     141 |       GGC      99
      GTA      10 |       GCA      30 | Glu E GAA      86 |       GGA      54
      GTG     147 |       GCG      30 |       GAG     168 |       GGG      90
------------------------------------------------------------------------------

(Ambiguity data are not used in the counts.)


Codon position x base (3x4) table, overall

position  1:    T:0.17128    C:0.28898    A:0.22082    G:0.31891
position  2:    T:0.30407    C:0.20624    A:0.29779    G:0.19190
position  3:    T:0.18260    C:0.33426    A:0.12047    G:0.36268
Average         T:0.21932    C:0.27649    A:0.21303    G:0.29116

Codon frequencies under model, for use in evolver (TTT TTC TTA TTG ... GGG):
  0.00978980  0.01792100  0.00645911  0.01944476
  0.00663990  0.01215486  0.00438087  0.01318834
  0.00958737  0.01755042  0.00000000  0.00000000
  0.00617834  0.01130994  0.00000000  0.01227159
  0.01651759  0.03023675  0.01089797  0.03280767
  0.01120300  0.02050797  0.00739151  0.02225169
  0.01617604  0.02961151  0.01067262  0.03212927
  0.01042425  0.01908242  0.00687771  0.02070493
  0.01262180  0.02310519  0.00832761  0.02506974
  0.00856069  0.01567102  0.00564817  0.01700347
  0.01236080  0.02262742  0.00815541  0.02455135
  0.00796562  0.01458169  0.00525555  0.01582152
  0.01822829  0.03336832  0.01202666  0.03620551
  0.01236328  0.02263195  0.00815704  0.02455626
  0.01785136  0.03267832  0.01177797  0.03545684
  0.01150388  0.02105875  0.00759002  0.02284930



Nei & Gojobori 1986. dN/dS (dN, dS)
(Pairwise deletion)
(Note: This matrix is not used in later ML. analysis.
Use runmode = -2 for ML pairwise comparison.)

Mus musculus        
Homo sapiens         0.2385 (0.1639 0.6869)
Bos taurus           0.2693 (0.1843 0.6843) 0.1745 (0.0726 0.4159)
Pan troglodytes      0.2367 (0.1639 0.6922) 0.0731 (0.0013 0.0184) 0.1727 (0.0718 0.4160)
Canis lupus familiaris 0.2436 (0.1922 0.7891) 0.1671 (0.0885 0.5296) 0.2027 (0.0991 0.4890) 0.1657 (0.0885 0.5338)
Rattus norvegicus    0.1355 (0.0306 0.2262) 0.2323 (0.1553 0.6687) 0.2503 (0.1766 0.7057) 0.2305 (0.1553 0.6739) 0.2277 (0.1875 0.8234)


TREE #  1:  (((2, 4), (1, 6)), (3, 5));   MP score: -1
lnL(ntime:  5  np:  7):  -6516.745502      +0.000000
   7..8     8..9     9..2     9..4     8..10   10..1    10..6     7..11   11..3    11..5  
 0.441541 0.441541 0.009954 0.092589 0.354684 2.957902 0.191425
SEs for parameters:
 0.018086 0.021332 0.003046 0.007630 0.020925 0.215113 0.012470

tree length =   1.78185

(((2: 0.009954, 4: 0.009954): 0.431587, (1: 0.092589, 6: 0.092589): 0.348951): 0.000000, (3: 0.354684, 5: 0.354684): 0.086857);

(((Homo sapiens: 0.009954, Pan troglodytes: 0.009954): 0.431587, (Mus musculus: 0.092589, Rattus norvegicus: 0.092589): 0.348951): 0.000000, (Bos taurus: 0.354684, Canis lupus familiaris: 0.354684): 0.086857);

Detailed output identifying parameters

kappa (ts/tv) =  2.95790

omega (dN/dS) =  0.19142

dN & dS for each branch

 branch          t       N       S   dN/dS      dN      dS  N*dN  S*dS

   7..8      0.000  1485.2   503.8  0.1914  0.0000  0.0000   0.0   0.0
   8..9      0.432  1485.2   503.8  0.1914  0.0695  0.3631 103.2 182.9
   9..2      0.010  1485.2   503.8  0.1914  0.0016  0.0084   2.4   4.2
   9..4      0.010  1485.2   503.8  0.1914  0.0016  0.0084   2.4   4.2
   8..10     0.349  1485.2   503.8  0.1914  0.0562  0.2935  83.5 147.9
  10..1      0.093  1485.2   503.8  0.1914  0.0149  0.0779  22.1  39.2
  10..6      0.093  1485.2   503.8  0.1914  0.0149  0.0779  22.1  39.2
   7..11     0.087  1485.2   503.8  0.1914  0.0140  0.0731  20.8  36.8
  11..3      0.355  1485.2   503.8  0.1914  0.0571  0.2984  84.8 150.3
  11..5      0.355  1485.2   503.8  0.1914  0.0571  0.2984  84.8 150.3

tree length for dN:       0.2869
tree length for dS:       1.4989


Time used:  0:06
