
seed used = 1418837445
      8   1248

Canis lupus familiaris                     --- --- --- --- --- ATG GCA GCC AGC GGG AAG ACC AGC AAG TCT GCA TCA AAC CAT GTG ATC TTC AAG AAG ATT TCC CGG GAC AAG TCG GTG ACC ATC TAC TTG GGG AAG AGA GAC TAT ATA GAC CAT GTT GAA CAA GTA GAG CCT GTG GAT GGT ATC GTG TTG GTG GAT CCC GAG CTT GTG AAG GGA AAG AAA GTG TAT GTC TCT CTG ACC TGC GCC TTC CGC TAC GGC CAG --- GAA GAC ATC GAC GTG ATT GGC CTG AGC TTC CGC AGG GAC CTA TAC TTC TCT CAG GTC CAG GTG TTC CCA CCC GTA GAG GCT GCA GGC --- --- GCC CCC ACG AAG CTG CAG GAG AGC CTG ATG AAG AAG CTG GGG GGC AAC ACG TAC CCC TTC CTG CTC ACG TTC CCT GAT TAC TTA CCC TGT TCG GTG ATG CTG CAG CCA GCT CCG CAA GAC ATG GGG AAG TGC TGT GGG GTC GAC TTT GAG GTC AAG GCA TTC GCC AGA GAC AGC ACA GAG GAT GAA GAG GAC AAA GTG CCC AAG AAG AGC TCC GTG CGT TTA CTG ATC CGG AAA GTA CAG CAT GCG CCA TCG AAG ATG GGT CCC CAG CCC CGA GCT GAG GCC GCC TGG CAG TTC TTC ATG TCC GAC AAG CCC TTG CAC CTG GCT GTC TCC CTC AGC AAA GAG ATC TAT TTC CAT GGG GAG CCC ATT ACT GTG ACT GTG ACT GTG ACC AAT AAC ACA GAG AAG ACT GTG AAG AAG ATT AAA GCA TTA GTA GAA CAA GTG GCC AAC GTG GTT CTC TAC TCG AGT GAT TAT TAT ACC AAG CCG GTG GCC CAG GAG GAA ACA CAA GAA AAA GTG CCA CCG AAC AGC ACT CTG ACC ACG ACG CTG ACA CTG GTG CCC TTG CTG GCC AAC AAC CGT GAA AGA AGG GGC ATC GCC CTG GAT GGG AAG ATT AAG CAT GAG GAC ACG AAC CTT GCT TCG AGC ACC ATA ATA AAG GAG GGC ATA GAC CGG ACT GTC CTG GGC ATC CTG GTG TCT TAC CAT ATC AAG GTG AAG CTC ACG GTG TCA GGC TTT CTG GGA GAG CTC ACC TCC AGT GAA GTG GCA ACT GAG GTG CCT TTC CGC CTC ATG CAC CCC CAG CCC GAG GAC CCA GCT ACG GCA AAG GAA AGT TTT CAG GAT GAA AAT TTG GTT TTC GAG GAG TTT GCT CGT CAA AAT CTG AAA GAC TTT GCT GAG --- --- GAG GGG AAG AAA GAC CGG GAG GCC ATG GAT GAG --- 
Gallus gallus                              ATG AGC TGC CCC GAG TCT CAG AAG ACA GGG AAG AAT GCT GAT TCC TCT CCA AAA CAA GTT ATC TTC AAG AAA AGC ACC CGT GAC AAA GCT CTG ACC ATC TAC CTG GGA AAG CGT GAC TTC ATT GAC AAC ATA GGG AGT GTA GAG CCT GTA GAT GGT GTT GTA CTG GTG GAT CCT GCA ATG ATC AAG GGG AAA AAA GTG TAT GTG ACT CTG ACC TGT GCT TTC CGG TAT GGC CAG --- GAG GAC ATT GAT GTG ATT GGC CTC ACC TTC CGG AGA GAC CTG TTC TTC TCT AGA GTC CAG GTG TAC CCA CCT GAG AAC AGG CCA GAA --- --- TCT CTC TCC CAC TTG CAG GAA TCT CTG CTA AAG AAG CTG GGG AAA AAT GCT TAC CCC TTT TAC TTT ACA TTC CCA GAT TAC CTG CCT TGT TCG GTC TGT TTG CAG CCT TCA CCT CGT GAT GTT GAT AAG AGC TGT GGG GTG GAC TTC GAG GTG AAA GCT TTT --- --- --- TCA ACA GAG AAT TTG GAA GAG AGA ATT CAT AAG AGG AAC TCC GCG CGG CTG TTG ATC CGT AAA GTG CAG TTT GCT CCA GAA GAA CCA GGA CCC CAA CCT TGC GCA GAG ACC ACG TGG CAG TTC TTC ATG TCC AAC AAG CCA TTG CAC CTG AAA GCT TGC CTC AGT AAA GAG GTG TAT TAC CAT GGT GAG CCC ATT CCA GTC ACT GTC ATG GTC ACC AAC AGC ACA GAG AAA ACA GTG AAG AAG ATC AAA GTT CAG GTG GAG CAG GTT GCC AAC GTG GTT CTG TAC TCC AGT GAC TTC TAC ACA AAA GTG GTA GCT GCT GAG GAA GCA CAG GAA AAG GTG CAG CCA AAC AGC AGC CTG ACA ACA ACA CTG ACA GTT TTG CCC TTG CTA GCA AAC AAC CGG CAG ACG CGG GAA ATA GCC CTG GAT GGC AAG CTG AAG GAT GAG GAT ACC AAC TTG GCT TCT AGC ACC ATT ATT AAG GAT GGA ATA GAC AAG ACA GTG ATG GGG ATT CTG GTT TCC TAC AAG GTC AGA GTG AAG CTC ACT GTT TCA GGC TTG CTG GGA GAC TTC ACC TCC AGT GAA GTG AGC ACA GAG CTG CCA TTT CGT CTC ATG CAC CCC AAA CCT GAG GAA AAG AAC TCA GCA GGG AAG GAT --- GGT GAT GCA GAG ATG GTA TTT GAG GAG TTT GCT CGC CAA CAG CTA AAA GAT ACG GGT GAT GAA GAA GAA AAC AAG AAT GTT TCC TCA ACT GAT GAG --- --- 
Danio rerio                                --- --- --- --- --- --- --- --- --- --- --- --- --- --- ATG AGT CCA AAA AAT GTT GTT TTC AAG AAA ATT TCC AAA GAC AAG TCG GTG GGT GTG TAT ATG GGG AAG AGA GAC TTT GTT GAC CGA GTG GAC TCA GTG GAT CCA GTG GAC GGT GTC ATT CTT ATT GAC CCT GAA CAG CTG AGG GGC AAA AAA GCA TAT GTC ACA TTG TCC TGC GTG TTC CGG TAT GGC CGT GAT GAC GAC GCA GAG GTG TTG GGT ATC TCG TTT AGG AAA GAG ATC TAC ATT TCC ACC CGG CAG GTC TAC CCC GCA CTG CAG GAC AAA GAG CAG TGC ATT CTC ACC AAA GTG CAG GAG AAA CTA CTG CGC AAA CTG GGG GAC AAT GCC TAC CCC TTT TTC TTT GAA TTC CCT GAT AAC TTG CCC TGC TCA GTT GGA CTG CAG CCA GCC CCA AAA GAT GTC GGA AAG CAC TGT GCT GTT GAG TTT GAG GTG AAA GCC TTC --- --- --- TGT GCT GAG AGC CAG GAT GCC AAA GTT CGC AAA CGG AGC TCA GTC GGT CTG ATG ATC CGT AAG GTC CAG TAT GCC CCA GAG AAG CTC GGA CCC GCT CCC AGT GTG GAG ACC ACC CGT GAC TTC CTC ATG TCT GAC AAA CCG CTG CAT TTG GAA GCT AGC TTG GAG AAG CAG ACG TAC TAT CAC GGA GAA CCC ATC AAC GTA AGG GTC AAA ATC AAT AAC CAA TCC AAC AAA AAT GTG AGG AAC ATC ATC CTT TCC GTG GAA CAA AAC GCC AAC GTG GTG CTG TAC TGC AAT GAC AAT TAT ATG AAG GTG GTG GCC ACA GAG GAT TCT GGG CAC TCT GTT GAT TCT GGC GCC AAA CTG GAG AAA GTC TAC ACT TTG CTT CCC CTG CTG GCC AAT AAC AGA GAA CGC AGA GGA ATT GCG CTG GAT GGA AAA TTA AAG CAT GAA GAT ACT AAT CTA GCC TCT TCC AGC ATC ATT AAA GAA GGC GTT CAG AAG GAA GTT CTG GGA ATC ATG GTG TCT TAC AGA GTT GTT GTG AAG CTT ATT GTT GGA GGC ATG ATG GGA --- --- --- TCC AGT GAG GTC GGA GTG GAA CTT CCT TTT CAA CTT ATG CAC CCA AAG CCT GAC GCA --- --- --- GTG AAG GAA AGT GAA GCG GAA GAA GAA ATG GTA TTT GAG GAG TTC AAG CGC ACC TAC CTG AAG GGC ATG CCT GAG GAC GAG GAT GAA GGA AAT GCG AAC ATT GAG GAG AAC GTG --- 
Pan troglodytes                            --- --- --- --- --- ATG GCA GCC AGC GGG AAG ACC AGC AAG TCT GAA CCA AAC CAT GTT ATC TTC AAG AAG ATC TCC CGG GAC AAA TCG GTG ACC ATC TAC CTG GGG AAG AGA GAC TAC ATA GAC CAT GTC AGC CAA GTC CAG CCT GTG GAT GGT GTC GTG TTG GTT GAT CCT GAT CTT GTG AAG GGA AAG AAA GTG TAT GTC ACT CTG ACC TGC GCC TTC CGC TAT GGC CAA --- GAG GAC ATT GAC GTG ATC GGC TTG ACC TTC CGC AGG GAC CTG TAC TTC TCC CGG GTC CAG GTG TAT CCT CCT GTG GGG GCC GCG AGC --- --- ACC CCC ACA AAA CTG CAA GAG AGC CTG CTC AAA AAG CTG GGG AGC AAC ACG TAC CCC TTT CTC CTG ACG TTT CCT GAC TAC TTG CCC TGT TCA GTG ATG TTG CAG CCA GCT CCA CAA GAT TCA GGG AAG TCC TGT GGG GTT GAC TTT GAG GTC AAA GCA TTC GCC ACA GAC AGC ACC GAT GCC GAA GAG GAC AAA ATC CCC AAG AAG AGC TCC GTG CGA TTA CTG ATC CGC AAA GTA CAG CAT GGC CCA CTT GAG ATG GGT CCC CAG CCC CGA GCT GAG GCG GCC TGG CAG TTC TTC ATG TCT GAC AAG CCC CTG CAC CTT GCG GTC TCT CTC AAC AAA GAG ATC TAT TTC CAT GGG GAG CCC ATC CCT GTG ACC GTG ACT GTC ACC AAT AAC ACA GAG AAG ACC GTG AAG AAG ATT AAA GCA TTC GTG GAA CAG GTG GCC AAT GTG GTT CTC TAC TCG AGT GAT TAT TAC GTC AAG CCC GTG GCT ATG GAG GAA GCG CAA GAA AAA GTG CCG CCA AAC AGC ACT TTG ACC AAG ACG CTG ACG CTG CTG CCC TTG CTG GCT AAC AAT CAA GAA AGG AGA GGC ATT GCC CTG GAT GGG AAA ATC AAG CAC GAG GAC ACA AAC CTT GCC TCC AGC ACC ATC ATT AAG GAG GGC ATA GAC CGG ACC GTC CTG GGG ATC CTG GTG TCT TAC CAG ATC AAG GTG AAG CTC ACA GTG TCA GGC TTT CTG GGA GAG CTC ACC TCC AGT GAA GTC GCC ACT GAG GTC CCA TTC CGC CTC ATG CAC CCT CAG CCT GAG GAC CCA --- --- GCT AAG GAA AGT --- --- --- --- --- --- --- --- --- --- --- ATC AGG ATG CAA ATT --- --- --- --- --- --- --- --- --- --- --- --- --- --- --- --- --- --- --- 
Mus musculus                               --- --- --- --- --- ATG GCA GCC TGC GGG AAG ACC AAT AAA TCC --- --- --- CAC GTC ATC TTC AAG AAG GTC TCT CGG GAC AAG TCG GTG ACC ATC TAC CTG GGG AAG AGA GAC TAT GTA GAC CAC GTC AGC CAA GTA GAG CCT GTA GAT GGT GTT GTG CTG GTG GAC CCT GAG CTT GTG AAG GGG AAG AAG GTG TAT GTC ACC CTG ACC TGC GCC TTC CGC TAT GGC CAG --- GAG GAC ATT GAT GTG ATG GGC CTG ACC TTC CGC AGG GAC CTG TAT TTT TCT CGG GTC CAG GTA TAC CCT CCT GTT GGG GCC ATG AGT --- --- GTC CTC ACC CAA CTC CAA GAG AGC CTG CTC AAG AAA CTG GGA GAC AAC ACG TAC CCC TTT CTG CTC ACG TTT CCT GAC TAC CTA CCC TGT TCA GTG ATG TTG CAG CCA GCT CCC CAG GAT GTA GGC AAG AGC TGT GGG GTT GAC TTT GAG GTT AAA GCA TTT GCC TCA GAC ATC ACA GAT CCT GAG GAG GAC AAG ATC CCC AAG AAG AGC TCT GTG CGG TTA CTG ATC CGG AAA GTG CAG CAT GCC CCA CCT GAG ATG GGT CCC CAG CCC AGT GCT GAA GCC TCC TGG CAG TTC TTC ATG TCT GAC AAG CCC CTG AAC CTC TCA GTC TCC CTC AGC AAA GAG ATA TAT TTC CAT GGG GAG CCC ATC CCC GTG ACT GTG ACC GTG ACC AAC AAC ACC GAC AAG GTT GTG AAG AAG ATT AAA GTA TCA GTG GAA CAG ATA GCC AAT GTG GTT CTC TAC TCA AGT GAC TAT TAC GTC AAG CCT GTA GCC TCG GAG GAA ACA CAA GAA AAA GTG CAG CCA AAC AGC ACT TTG ACC AAG ACA CTG GTG CTG GTG CCC CTA CTG GCT AAC AAC AGA GAA AGA AGA GGC ATC GCG CTG GAT GGG AAG ATC AAG CAT GAG GAC ACA AAC CTG GCC TCC AGC ACC ATC ATC AAG GAG GGC ATC GAC CGG ACC GTC ATG GGG ATC CTG GTG TCA TAC CAT ATC AAG GTG AAG CTC ACG GTG TCG GGC TTT CTA GGA GAG CTC ACA TCC AGT GAA GTG GCT ACC GAG GTG CCG TTC CGC CTC ATG CAC CCG CAG CCT GAG GAT CCA --- --- GCA AAA GAA AGT GTT CAG GAT GAA AAT TTG GTT TTT GAA GAG TTT GCT CGC CAA AAT CTG AAA GAT ACT GGA GAG AAC ACA GAA GGG AAG AAA GAT GAG GAT GCT GGC CAG GAT GAG 
Homo sapiens                               --- --- --- --- --- ATG GCA GCC AGC GGG AAG ACC AGC AAG TCC GAA CCG AAC CAT GTT ATC TTC AAG AAG ATC TCC CGG GAC AAA TCG GTG ACC ATC TAC CTG GGG AAC AGA GAC TAC ATA GAC CAT GTC AGC CAA GTC CAG CCT GTG GAT GGT GTC GTG TTG GTT GAT CCT GAT CTT GTG AAG GGA AAG AAA GTG TAT GTC ACT CTG ACC TGC GCC TTC CGC TAT GGC CAA --- GAG GAC ATT GAC GTG ATC GGC TTG ACC TTC CGC AGG GAC CTG TAC TTC TCC CGG GTC CAG GTG TAT CCT CCT GTG GGG GCC GCG AGC --- --- ACC CCC ACA AAA CTG CAA GAG AGC CTG CTT AAA AAG CTG GGG AGC AAC ACG TAC CCC TTT CTC CTG ACG TTT CCT GAC TAC TTG CCC TGT TCA GTG ATG TTG CAG CCA GCT CCA CAA GAT TCA GGG AAG TCC TGT GGG GTT GAC TTT GAG GTC AAA GCA TTC GCC ACA GAC AGC ACC GAT GCC GAA GAG GAC AAA ATC CCC AAG AAG AGC TCC GTG CGA TTA CTG ATC CGC AAA GTA CAG CAT GCC CCA CTT GAG ATG GGT CCC CAG CCC CGA GCT GAG GCG GCC TGG CAG TTC TTC ATG TCT GAC AAG CCC CTG CAC CTT GCG GTC TCT CTC AAC AAA GAG ATC TAT TTC CAT GGG GAG CCC ATC CCT GTG ACC GTG ACT GTC ACC AAT AAC ACA GAG AAG ACC GTG AAG AAG ATT AAA GCA TTC GTG GAA CAG GTG GCC AAT GTG GTT CTC TAC TCG AGT GAT TAT TAC GTC AAG CCC GTG GCT ATG GAG GAA GCG CAA GAA AAA GTG CCA CCA AAC AGC ACT TTG ACC AAG ACG CTG ACG CTG CTG CCC TTG CTG GCT AAC AAT CGA GAA AGG AGA GGC ATT GCC CTG GAT GGG AAA ATC AAG CAC GAG GAC ACA AAC CTT GCC TCC AGC ACC ATC ATT AAG GAG GGC ATA GAC CGG ACC GTC CTG GGA ATC CTG GTG TCT TAC CAG ATC AAG GTG AAG CTC ACA GTG TCA GGC TTT CTG GGA GAG CTC ACC TCC AGT GAA GTC GCC ACT GAG GTC CCA TTC CGC CTC ATG CAC CCT CAG CCT GAG GAC CCA --- --- GCT AAG GAA AGT TAT CAG GAT GCA AAT TTA GTT TTT GAG GAG TTT GCT CGC CAT AAT CTG AAA GAT GCA GGA GAA GCT GAG GAG GGG AAG AGA GAC AAG AAT GAC GTT GAT GAG --- 
Bos taurus                                 --- --- --- --- --- --- --- --- --- ATG AAG GCC AAT AAG CCC GCA CCA AAC CAC GTT ATC TTC AAG AAG ATC TCC CGT GAT AAA TCG GTG ACC ATC TAC CTG GGG AAG AGA GAT TAC ATA GAC CAC GTT GAA CGA GTA GAG CCT GTG GAT GGC GTC GTG CTG GTG GAT CCT GAG CTC GTG AAG GGC AAG AGA GTG TAC GTG TCT CTG ACG TGT GCC TTC CGC TAC GGC CAG --- GAA GAC ATC GAC GTG ATG GGC CTC AGC TTC CGC AGG GAC CTC TAC TTC TCC CAG GTC CAG GTG TTC CCT CCC GTG GGG GCC TCG GGC --- --- GCC ACC ACG AGG CTG CAG GAG AGC CTC ATC AAG AAG CTG GGG GCC AAC ACC TAC CCC TTC CTG CTC ACG TTT CCT GAC TAC TTG CCC TGT TCG GTG ATG CTG CAG CCA GCT CCG CAA GAT GTG GGC AAG AGC TGT GGG GTC GAC TTT GAG ATC AAA GCA TTC GCC ACG CAC AGC ACA GAT GTG GAA GAG GAC AAA ATT CCC AAG AAG AGC TCC GTG CGT TTG CTG ATC CGG AAG GTA CAG CAC GCG CCA CGC GAT ATG GGT CCC CAG CCC CGA GCC GAG GCC TCC TGG CAG TTC TTC ATG TCG GAC AAG CCC CTG CGC CTC GCC GTC TCG CTC AGC AAA GAG ATC TAT TAC CAC GGG GAA CCC ATT CCT GTG ACC GTG GCC GTG ACC AAC AGC ACA GAG AAG ACA GTG AAG AAG ATT AAA GTG CTA GTG GAG CAA GTG ACC AAC GTG GTT CTC TAC TCG AGT GAT TAT TAC ATC AAG ACG GTG GCT GCC GAG GAA GCA CAG GAA AAA GTG CCG CCA AAC AGC TCG CTG ACC AAG ACG CTG ACG CTG GTG CCC TTG CTG GCC AAC AAC CGT GAG AGA AGG GGC ATC GCC CTG GAT GGG AAA ATC AAG CAC GAG GAC ACG AAC CTG GCC TCC AGC ACC ATC ATA AAG GAG GGA ATA GAC AAG ACC GTC ATG GGG ATC CTG GTG TCT TAC CAG ATC AAG GTG AAG CTC ACG GTG TCA GGC CTT CTG GGA GAG CTC ACA TCC AGT GAA GTG GCC ACT GAG GTG CCG TTC CGC CTC ATG CAT CCC CAG CCA GAG GAC CCA GAT ACC GCC AAG GAA AGT GCC --- --- --- --- --- --- --- --- --- --- --- --- --- --- --- --- --- --- --- --- --- --- --- --- --- --- --- --- --- --- --- --- --- --- 
Rattus norvegicus                          --- --- --- --- --- ATG GCA GCC TGT GTG AAG ACC AAT AAA TCC --- --- --- CAT GTC ATC TTC AAG AAG GTC TCC CGG GAC AAG TCG GTG ACC ATC TAC CTG GGG AAG AGA GAC TAT ATA GAT CAC GTC AGC CAA GTA GAG CCT GTA GAT GGT GTT GTA TTG GTG GAT CCT GAG CTC GTG AAG GGG AAG AAA GTG TAT GTC ACC CTG ACC TGC GCC TTC CGC TAT GGC CAA --- GAG GAC ATT GAT GTG ATT GGC CTG ACC TTC CGC AGG GAC CTG TAT TTC TCT CGG GTC CAG GTA TAT CCT CCT GTT GGG GCC ATG AGT --- --- GCC CCA ACC CAG CTC CAG TTG AGC CTG CTC AAG AAA CTG GGA GAT AAC ACG TAC CCA TTT CTG CTC ACG TTC CCT GAC TAC CTA CCC TGC TCA GTG ATG TTG CAG CCA GCT CCA CAA GAT GTA GGG AAG AGC TGT GGG GTT GAC TTT GAG GTT AAA GCA TTT GCC ACA GAC ATC ACA GAT GCT GAA GAG GAC AAG ATC CCC AAG AAG AGC TCT GTG CGG TTA CTG ATC CGG AAG GTG CAG CAT GCC CCA CCT GAG ATG GGT CCC CAG CCC TGT GCT GAA GCC TCC TGG CAG TTC TTC ATG TCT GAC AAG CCC CTG CAC CTC TCA GTC TCC CTC AGC AAA GAG ATA TAT TTC CAT GGG GAG CCC ATC CCT GTG ACC GTG ACT GTG ACC AAT AAC ACG GAG AAG GTT GTG AAG AAG ATT AAA GTG TCA GTG GAA CAA ATA GCC AAT GTG GTT CTC TAC TCG AGT GAT TAT TAC GTC AAG CCT GTG GCC TCG GAG GAA ACA CAG GAA AAA GTG CAG CCA AAC AGC ACT TTG ACC AAG ACG CTG GTG CTG GTG CCC CTC CTG GCT AAC AAC AGA GAA AGA AGA GGC ATC GCG CTG GAT GGG AAG ATC AAG CAT GAG GAC ACA AAC CTG GCC TCC AGC ACC ATT ATC AAG GAG GGC ATC GAT CGG ACC GTC ATG GGC ATC CTG GTG TCA TAC CAT ATC AAG GTG AAG CTC ACG GTG TCA GGC TTT CTA GGA GAG CTC ACA TCC AGT GAA GTG GCT ACT GAG GTG CCG TTC CGT CTG ATG CAC CCC CAG CCT GAG GAC CCA --- --- GCA AAA GAA AGT GTC CAG GAT GAA AAT CTG GTT TTT GAA GAG TTT GCT CGA CAA AAT CTG AAA GAT ACT GGA GAG AAT ACA GAA GGG AAG AAA GAT GAG GAT GCA GGC CAG GAT GAG 



Printing out site pattern counts


         8       1176  P G
G 2       72    320

Canis lupus familiaris                      --- --- --- --- --- --- --- --- AAA AAA AAC AAG AAG AAG AAG AAG AAG AAG AAT AAT ACC ACG AGC AGC AGT ATC ATG ATG ATT CAA CAG CAT CCA CGG CGG CGT CTG GAA GAA GAC GAC GAC GAC GAG GAG GAG GAG GAG GAG GAT GAT GCA GCA GCA GCC GCC GCT GCT GCT GGG GGG GTG GTT TCA TCC TCT TTC TTC TTG TTT TTT TTT --- --- --- AAA AAA AAA AAA AAA AAA AAC AAC AAC AAC AAC AAC AAG AAG AAG AAG AAG AAG AAG AAG AAG AAG AAG AAG AAG AAG AAG AAT ACA ACA ACA ACA ACC ACC ACC ACC ACC ACC ACC ACG ACG ACG ACG ACG ACG ACG ACT ACT ACT ACT ACT ACT ACT AGA AGA AGA AGC AGC AGC AGC AGC AGC AGC AGG AGG AGT AGT ATA ATA ATA ATA ATC ATC ATC ATC ATC ATC ATC ATC ATG ATG ATG ATG ATG ATT ATT ATT ATT CAA CAA CAA CAA CAC CAC CAG CAG CAG CAG CAG CAG CAG CAG CAT CAT CAT CAT CAT CCA CCA CCA CCA CCC CCC CCC CCC CCC CCC CCC CCC CCC CCC CCG CCG CCG CCT CCT CCT CGA CGC CGC CGC CGG CGG CGT CGT CTA CTC CTC CTC CTC CTC CTC CTG CTG CTG CTG CTG CTG CTG CTG CTG CTG CTG CTG CTG CTG CTG CTG CTT CTT GAA GAA GAA GAA GAA GAA GAA GAA GAC GAC GAC GAC GAC GAC GAC GAC GAC GAC GAC GAG GAG GAG GAG GAG GAG GAG GAG GAG GAG GAG GAG GAG GAG GAG GAT GAT GAT GAT GAT GAT GCA GCA GCA GCA GCC GCC GCC GCC GCC GCC GCC GCC GCC GCG GCT GCT GCT GCT GCT GGA GGA GGC GGC GGC GGC GGC GGC GGC GGG GGG GGG GGG GGG GGG GGT GGT GTA GTA GTA GTA GTC GTC GTC GTC GTC GTC GTG GTG GTG GTG GTG GTG GTG GTG GTG GTG GTG GTG GTG GTG GTG GTG GTG GTG GTG GTG GTG GTG GTT GTT TAC TAC TAC TAC TAC TAT TAT TAT TAT TAT TCA TCC TCC TCC TCC TCG TCG TCG TCG TCG TCT TCT TCT TGC TGC TGG TGT TGT TTA TTA TTA TTC TTC TTC TTC TTC TTC TTC TTC TTC TTC TTG TTG TTG TTG TTT TTT
Gallus gallus                               --- AGC ATG CCC GAA GAA GAG TGC AAA AAT AAA AAA AAA AAG AAG AAG GAT GGG CAG GAG AAT TCA ACA GCT GAT ATC GAT TCT AGC CAA GGT CAA AAG CGT TCC CGC CTA AAG GCA GAA GAC GAT GTT --- GAA GAG GAG GAT TCA GAG GAT CAG GCA TCT AAG ACT AAC GCT GGT AAC GGG GTT GTA CCA ACC TCC TTC TTT ATG --- ACG TTT --- --- --- AAA AAA AAA AAA AAG AGA AAC AAC AAC AAC AAT AGC AAA AAA AAA AAG AAG AAG AAG AAG AAG AAG AAG AGA AGG CAC GAA AAC ACA ACA ACA GCA ACA ACA ACC ACC ACC ACC ACC ACA ACA ACA ACC ACT GCT TCC ACA ACA ACA ACT AGC ATG CCA --- ACG CGT AAC ACC AGC AGC AGT TCA TCT AGA CGG AGT AGT ATA ATT ATT ATT ATA ATC ATC ATT ATT GTC GTG GTT ATG CCA CTA GTT TGT ATC ATT ATT CTG AGT CAG CAG CGT CAC CAC AAA AGA CAA CAG CAG CAG CAG GCT AAC AAG CAT GAT TTT CAG CCA CCA CCT CAT CCA CCC CCC CCC CCT CCT CCT CCT CTC CCA CCT GTG CCA CCA CCT TGC CGG CGG CGT AAG CGT CGG CGG CTG CTC CTC CTC CTG TTC TTT ATG CTA CTC CTG CTG CTG CTG CTG CTG CTG CTG GTT TAC TTG TTG TTG ATG TTG CAG GAA GAA GAA GAG GAG GGG TTG --- AAC GAC GAC GAC GAC GAC GAG GAT GAT GAT AAC GAA GAA GAC GAG GAG GAG GAG GAG GAG GAG GAG GAG GAT GCA AAT GAC GAT GAT GAT GAT AGC CCA GCT GTT --- ACC ACG GCA GCC GCC GCT GCT TCT GCT AAA AGG GCA GCT TCA GGA GGG AAA GAA GAA GGA GGC GGC GGG GAT GGA GGC GGG GGG GGT GGA GGT GAG GTA GTG GTG GCT GTC GTG GTG GTG GTG ATC ATT CTG CTG GCG GTA GTA GTA GTC GTC GTC GTC GTG GTG GTG GTG GTG GTG GTT GTT GTT TTG ATA GTT TAC TAC TAC TAT TTC TAC TAT TAT TTC TTC TCA TCC TCC TCC TGC GAA GCT TCC TCG TCT ACT TCC TCT AGC TGT TGG TGT TGT CAG CTG CTG TAC TAC TTC TTC TTC TTC TTC TTT TTT TTT CTG CTG TTG TTG TTC TTG
Danio rerio                                 --- --- --- --- GAC GAG --- --- AAG AAT AAA AAA AAG --- AAG GGA --- AAG TAC GAA --- --- --- --- AGT GTT GAG --- ATT ACC GCG AAT --- AAA AAC CGC CTG GAA GAA GCA GAC GGC GCG GTG GAT GAG GAG GAG ATT AAC GAA --- GTG AGT --- GAG --- AAG CCT GAA --- GTT GTA CCA TCC ATG TTC TTT ATG GAA ATG TTC CAG GAT TGC AAA AAG AAG ATC TCT AAA AAC AAC AAT GGC AAT CAA AAA AAA AAG AAA AAA AAA AAC AAG AAG AGG CGC GTT CGG AAA AAG AAC ACT GCT TCC TCT ATG GAG --- AAT AGC GGT TCC AAA GAA GTC ACT ATT GCC ACC AAT GAA GTG AGG AAA AAA AAC --- CGC AGA AGC TCG GCC TCC GAG TGT AAA AAA AGA AAT AGT GTT ATC ATT GTT ATT ATC GTG ATC GCA GTT ACG GTC ATG CTC CTG GTC GGA ATC ATC TTG TTA TCA CAA GGG AAA CAC CAT AAG ACC GCT CAG CAG CGT GAC ACA CGA AGA CAC CAT TAT GAT CCA CCC CCA CGC CCG CCA CCC CCC CCC CCT CCT GCA CTC TCT CCA GTG CCT CCT CCA AGT AGG CGG CAA AAG CGT AGA GGT ATC CTT CTT TTG CTG --- TTT CTG CTG ATC ATG ATG CTA CTG CTG TAC TTG TTG TTG TTC ATG CTG GTG CAG CTA GAA CAC GAG GAT GAA GAC GAC CAG --- GAC CAG GAC GAC GAC GAG GCC GAG GAT GAT CAG GAG GAT --- AAC CAG GAA GAA GAC GAG GAG GAG GAT GAA GAA AGC GAC GAC GAC GAT GAT GGA AAA GCC CTT --- ACC ACC GCC GCC GCG GCC GTG ATT GCC GAA GAC GTG GCC GCC GGA GGC GAC GAG GGA GGC GGC GGT GGA GGA GGG GGA GCT GGG GGA GGA GGT CTG GTG GTC GTG GCT CGG GTC GTG GTT GTT CTG GTT CTT GTG GTC ATT GTG GTG ATC GTA GTC GTT ATT GCA GTC GTC GTG GTT AAC GTG GTT CTT GTG GTG AAC TAC TAT TAT TAC TAT TAC TAT AAT TTT GGA TCA TCC TCT AGC GAG TCG TGC TCA TCT ACA TCT TCC CAC TGC CGT TGC TGT TCC CTG TTG TAC TAT ATT CTC TTC TTC TTT TTC TTT TTT ATG CTT CTG CTG TTT ATG
Pan troglodytes                             --- --- --- --- --- --- --- --- --- --- AAC AAG AAA AAG AAG --- AAG AAG CAA --- ACC --- AGC AGC AGT ATC --- ATG ATC ATG --- CAT CCA CGG --- AGG ATT GAA --- GAC GAC --- --- --- --- --- --- --- --- --- --- GCA GCT GAA GCC --- --- ATC --- --- GGG GTT --- CCA TCC TCT TTC --- --- --- --- --- --- --- --- AAA AAA AAA AAA AAA AAA AAT AAT AAC AAC AAC AAC AAA AAG AAG AAA AAG AAG AAG AAG AAG AAG AAA AAG AAG AAA GAG AAT ACG ACC ACA GCG GTC ACC ACC ACC ACC ACC ACC AAG ACG ACG ACA ACA ACG ACA ACC ACC ACT ACC ACT ACT CCT ACA AGG AGA AGC ACC AGC AGC AAC AGC AGC AGG AGA AGT AGT ATA ATC ATT ATA ATT ATC ATC ATC ATT ATC ATC GTC ATG ATG CTC TCA ATG ATT ATC ATC ATC CAA CAG CAA CAA CAC CAC CAG CGG CAG CAA CAG CAA CAG ATG CAT CAG CAT CAC CAT CCG CCA CCT CCA CCC CCC CCT CCC CCC CCC CCT CCT CCT CCC CCA CCA CCC CCA CCT CCT CGA CGC CGC CGC CGG CGC CAA CGA CTG CTC CTC CTC CTC CTC CTG CTG CTG TTG CTG CTG CTG CTG TTG CTG CTG CTT CTG CTC CTG TTG CTG CTT CTT GAA GAA GAA GAA GAA GAG AGC GAA GAC GAC GAC GAC GAC GAC GAC GAC GAC GAC GAT GGG GAG GAG GAG GAG GAG GAG GAG GAG GAG GAG GAT CAG GAG GAT GCC GAT GAT GAT GAC GAT GCC GCG GCA GCA GCC GCG GCC GCT GCC GCC GCT GCC ACC GGC GCG GCC GCT GCC GCT GGA GGA AGC AGC GGC GGC GGC GGC GGG GGG GGG GGG GGG GGG GGG GGT GGT GTG GTC GTA GTG GTC GTC GTC GTC GTC GTT GTG ATC GTC GTG GTG GTG GTG GTG GTC GTG GTG GTG GTT GTG GTC GTG GTG GTG GTG GTG GTG CTG GTC GTT TAC TAC TAC TAT TAC TAC TAT TAT TAT TAC TCA TCC TCC TCT TCT CTT TCG TCG TCA TCC ACT TCT TCC TCC TGC TGG TGT TGT TTC TTA TTG TAT TTC TTC TTC TTC TTT TTC TTC TTC TTT CTG TTG CTG TTG TTT TTT
Mus musculus                                GAG --- --- --- AAC ACA --- --- AAA AAA --- AAG AAG AAG AAG AAG AAA AAA AAT AAT ACC --- TGC AAT AGT ATC GGC ATG GTC CAA CAG CAC CCA CGG GAG CGC CTG GAA GAA GAT GAC GAT GAT GAT GAA GAA GAG GAG GAT CAG GAT GCA GCA --- GCC GCT --- GCT GGA GGG GGG GTC GTT --- TCT TCC TTC TTT TTG GTT ACT TTT --- --- --- AAG AAA AAA AAA AAA AAG AAC AAT AAC AAC AAC AAC AAA AAG AAG AAG AAA AAG AAG AAG AAG AAG AAG AAG AAG CAA GAG AAC GTG ACA ACC ACA GTC ACC ACA ACC ACC ACC ACC AAG ACG ACA ACA ACG ACG ACC GTT ACC ACC ACT ACT ACC CCC TCA AGA AGA AGC ACC AGC AGC AGC ATC AGC AGG AGA AGT AGT ATC ATC ATC GTA ATC ATC ATC ATC ATT ATC ATA GTT ATG ATG CTC GTA ATG ATT ATC ATG ATC CAA CAG CAA CAG CAC AAC CAG CGG CAG CAA CAG CAG CAG TCG CAC CAT CAT CAT CAT CAG CCA CCT CCA CCC CCC CCG CCC CCC CCC CCT CCT CCT CTC CCA CCC CCT CCG CCT CCT AGT CGC CGC CGC CGG CGG AGA CGG CTG CTC CTC CTC CTC CTC CTC ATG CTG CTG CTA CTG CTG CTG TTG CTG CTG CTC CTG CTG CTG TTG CTC CTT CTG GAA GAA GAA GAA GAA GAG AGC GAG GAC GAC GAC GAC GAC GAC GAC GAC GAT GAC GAT GGG GAG GAG GAG GAC GAG GAG GAG GAG GAA GAG GAT GAG GAG GAG CCT GAC GAC GAT GAC GAT GCT ATG GCA GTA GCC GCC TCC GCT GCC GCG GCC GCC GTC GCC TCA GCC GCT GCC GCT GGA GGG GAC AGT GGC GGC GGC GGC GGG GGC GGG GGG GGG GGA GGG GGT GGT GTT GTA GTG GTG GTC GTC GTC GTT GTC GTT GTG ATC GTG GTG GTG GTG GTA GTA GTG GTG GTG GTG GTG GTG GTG GTA GTG GTG ATA GTG GTG GTG GTC GTT TAC TAC TAC TAT TAT TAC TAT TAT TAT TAT TCG TCT TCC TCT TCC CCT TCG TCA TCA TCC ACC TCA TCT AGC TGC TGG TGT TGT TCA TTA CTA TAC TTC TTT TTC TTC TTT TTC TTT TTC TTT CTG CTG CTG CTA TTT TTT
Homo sapiens                                --- --- --- --- GCT GAG --- --- AAA AGA AAC AAG AAA AAG AAG AAG AAG AAG AAT AAT ACC --- AGC AGC AGT ATC GTT ATG ATC CAT CAG CAT CCA CGG AAG CGC CTG GAA GCA GAC GAC GAT GAC GAG GAG GAG GAG GAA AAT GAT GAT GCA GCT GAA GCC GAC --- GCT GGA GGG GGG GTT GTT CCG TCC TCC TTC TTT TTA TAT GCA TTT --- --- --- AAA AAA AAA AAA AAA AAA AAT AAT AAC AAC AAC AAC AAA AAG AAG AAA AAG AAG AAG AAC AAG AAG AAA AAG AAG AAA GAG AAT ACG ACC ACA GCG GTC ACC ACC ACC ACC ACC ACC AAG ACG ACG ACA ACA ACG ACA ACC ACC ACT ACC ACT ACT CCT ACA AGG AGA AGC ACC AGC AGC AAC AGC AGC AGG AGA AGT AGT ATA ATC ATT ATA ATT ATC ATC ATC ATT ATC ATC GTC ATG ATG CTT TCA ATG ATT ATC ATC ATC CAA CAG CAA CAA CAC CAC CAG CGG CAG CAA CAG CAA CAG ATG CAT CAG CAT CAC CAT CCA CCA CCT CCA CCC CCC CCT CCC CCC CCC CCT CCT CCT CCC CCA CCA CCC CCA CCT CCT CGA CGC CGC CGC CGG CGC CGA CGA CTG CTC CTC CTC CTC CTC CTG CTG CTG TTG CTG CTG CTG CTG TTG CTG CTG CTT CTG CTC CTG TTG CTG CTT CTT GAA GAA GAA GAA GAA GAG AGC GAA GAC GAC GAC GAC GAC GAC GAC GAC GAC GAC GAT GGG GAG GAG GAG GAG GAG GAG GAG GAG GAG GAG GAT CAG GAG GAT GCC GAT GAT GAT GAC GAT GCC GCG GCA GCA GCC GCG GCC GCT GCC GCC GCT GCC ACC GCC GCG GCC GCT GCC GCT GGA GGA AGC AGC GGC GGC GGC GGC GGA GGG GGG GGG GGG GGG GGG GGT GGT GTG GTC GTA GTG GTC GTC GTC GTC GTC GTT GTG ATC GTC GTG GTG GTG GTG GTG GTC GTG GTG GTG GTT GTG GTC GTG GTG GTG GTG GTG GTG CTG GTC GTT TAC TAC TAC TAT TAC TAC TAT TAT TAT TAC TCA TCC TCC TCT TCT CTT TCG TCG TCA TCC ACT TCT TCC TCC TGC TGG TGT TGT TTC TTA TTG TAT TTC TTC TTC TTC TTT TTC TTC TTC TTT CTG TTG CTG TTG TTT TTT
Bos taurus                                  --- --- --- --- --- --- --- --- --- --- AAC AAG AAA AAG AAG --- AAG AAG --- --- GCC ACC --- AAT AGT ATC --- --- ATC --- --- CAC CCA CGT --- --- --- GAA --- GAC GAT --- --- --- --- --- --- --- --- --- --- --- GCC GCA --- --- GAT --- --- --- ATG GTT --- CCA TCC CCC TTC --- --- GCC --- --- --- --- --- AGA AAA AAG AAA AAA AAA AAC AAC AAC AAC AAC AGC AAA AAG AAG AAA AAG AAG AAG AAG AAG AAG AAG AAG AAG AGG GAT AAC ACG ACA ACA GCA ATC ACC ACA ACC ACC ACC ACG AAG ACG ACG ACG ACG ACC ACG ACA ACC ACT ACC TCG GCC CCT ACG AGA AGA AGC AGC AGC AGC AGC AGC AGC AGG AGG AGT AGT ATA ATC ATA ATA ATC ATC ATC ATC ATC ATC ATC GTC ATG ATG ATC GTG ATG ATT ATT ATG ATC CGA CAA CAG CAA CAT CGC CAG CAG CAG CAG CAG CAG CAG GCC CAC CAG CAC CAC CAC CCG CCA CCT CCA CCC CCC CCC CCC CCC CCC CCA CCT CCC ACC CCA CCG ACG CCG CCT CCT CGA CGC CGC CGC AAG CGG CGT CGT CTC CTC CTC CTC CTC CTC CTC ATG CTG CTC CTG CTG CTC CTG CTG CTG CTG CTC CTG CTG CTG CTG CTG CTC CTG GAG GAA GAA GAA GAG GAA GAA GAA CAC GAC GAC GAC GAC GAT GAC GAC GAC GAC GAT GGG GAG GAG GAG GAG GAG GAA GAG GAG GAG GAG GAT GAG GAG GAG GTG GAT GAT GAT GAC GAT GCC TCG GCA GTG GCC GCC TCC GCC ACC GCC GCT GCC GCC GCG GCC GCC GCC GCC GCT GGA GGC GCC GGC GGC GGA GGC GGC GGG GGC GGG GGG GGG GGG GGG GGT GGC GTG GTA GTA GTG GTC GTC GTG ATC GTC GTC GTG ATT GTG GTG GTG GTG GTG GTG GTG GTG GTG GTG GTG GTG GTG GTG GTG GTG GTG GTG GTG GTG GTT GTT TAC TAC TAC TAC TAC TAC TAT TAC TAT TAC TCA TCC TCC TCG TCG CGC TCG TCG TCG TCC TCT TCT TCC AGC TGT TGG TGT TGT CTA TTG TTG TTC TAC TTC TTC TTC TTT TTC TTC TTC TTC CTG CTG CTG TTG TTT CTT
Rattus norvegicus                           GAG --- --- --- AAT ACA --- --- AAA AAA --- AAG AAG AAG AAG AAG AAA AAA AAT AAT ACC --- TGT AAT AGT ATC GGC ATG GTC CAA CAG CAT CCA CGG GAG CGA CTG GAA GAA GAC GAC GAT GAT GAT GAA GAA GAG GAG GAT CAG GAT GCA GCA --- GCC GCA --- GCT GGA GGG GTG GTC GTT --- TCC TCC TTC TTT CTG GTC ACT TTT --- --- --- AAA AAA AAG AAA AAA AAG AAC AAT AAC AAC AAC AAC AAA AAG AAG AAG AAA AAG AAG AAG AAG AAG AAG AAG AAG CAG GAG AAT GTG ACA ACG ACA GTC ACC ACA ACC ACC ACC ACC AAG ACG ACG ACA ACG ACG ACC GTT ACC ACT ACC ACT ACT CCT ACA AGA AGA AGC ACC AGC AGC AGC ATC AGC AGG AGA AGT AGT ATC ATT ATC ATA ATC ATC ATC ATC ATT ATC ATA GTT ATG ATG CTC GTA ATG ATT ATC ATT ATC CAA CAA CAG CAA CAC CAC CAG CGG CAG CAG CAG CAA CAG TCG CAC CAT CAT CAT CAT CAG CCA CCT CCA CCC CCC CCC CCA CCC CCC CCT CCT CCT CCA CCA CCA CCT CCG CCT CCT TGT CGC CGC CGT CGG CGG AGA CGG CTG CTC CTG CTC CTC CTC CTC ATG CTG CTG CTA CTG CTG CTG TTG CTG CTG CTC CTG CTG CTG TTG CTC CTC CTG GAA GAA GAA GAA GAA GAG AGC GAA GAC GAC GAT GAC GAT GAC GAC GAC GAT GAC GAT GGG TTG GAG GAG GAG GAG GAG GAG GAG GAA GAG GAT GAG GAG GAG GCT GAT GAT GAT GAC GAT GCT ATG GCA GTG GCC GCC TCC GCT GCC GCG GCC GCC GCC GCC TCA GCC GCT GCC GCT GGA GGG GAT AGT GGC GGC GGC GGC GGC GGG GGG GGG GGG GGA GGG GGT GGT GTT GTA GTG GTG GTC GTC GTC GTT GTC GTT GTG ATC GTG GTG GTG GTA GTA GTG GTG GTG GTG GTG GTG GTG GTG GTA GTG GTG ATA GTG GTG GTG GTC GTT TAC TAC TAC TAT TAT TAC TAT TAT TAT TAT TCA TCT TCC TCT TCC CCT TCG TCG TCA TCC ACC TCA TCT AGC TGC TGG TGC TGT TCA TTA CTA TAT TTC TTC TTC TTC TTC TTC TTT TTC TTT CTG TTG CTG CTC TTT TTT



    1    1    1    1    1    1    1    1    1    1    1    1    1    1    1
    1    1    1    1    1    1    1    1    1    1    1    1    1    1    1
    1    1    1    1    1    1    1    1    1    1    1    1    1    1    1
    1    1    1    1    1    1    1    1    1    1    1    1    1    1    1
    1    1    1    1    1    1    1    1    1    1    1    1    1    1    1
    1    1    1    1    1    1    1    1    2    1    1    1    1    2    1
    1    1    3    1    1    3    2    1    1    1    1    1    1    1    1
    1    1    1    1    1    1    1    1    1    1    1    1    1    1    1
    1    1    1    1    1    1    1    1    1    1    1    1    1    1    1
    1    1    1    1    1    1    1    1    1    1    1    1    1    1    1
    1    1    1    1    2    1    1    1    1    1    1    1    1    1    1
    1    1    1    1    1    1    1    1    3    1    1    1    1    1    1
    1    1    1    1    1    1    1    1    1    1    3    2    1    1    1
    1    1    1    1    1    1    1    1    1    1    1    1    1    1    1
    1    1    1    1    1    1    1    1    1    1    1    1    1    2    1
    1    1    1    1    1    1    1    1    1    1    1    1    1    1    1
    1    1    1    1    1    1    1    1    1    2    1    1    1    1    1
    1    1    1    1    1    1    2    1    1    2    1    1    1    1    1
    1    1    1    1    1    1    1    1    1    1    1    1    1    1    1
    1    1    1    1    1    1    1    1    1    1    1    1    1    1    1
    2    1    1    1    1    1    1    1    1    1    1    1    1    1    1
    1    1    1    1    1    1    1    1    1    1    1    1    1    1    1
    1    1    1    1    1    1    1    4    1    1    1    1    1    1    1
    1    3    1    1    1    1    1    1    1    1    1    1    1    1    1
    1    1    1    1    1    1    1    1    1    1    1    1    1    1    1
    1    1    1    1    1    2    1    1    1    1    1    1    1    1    1
    1    1

CODONML (in paml version 4.4b, July 2010)  torun.nuc
Model: One dN/dS ratio for branches Global clock  (2 genes: diff. rate & k&w)  
Codon frequency model: F3x4
ns =   8  ls = 416

Codon usage in sequences
--------------------------------------------------------------------------------------------------------------
Phe TTT  5  7  7  4  8  6 | Ser TCT  4  6  6  4  4  3 | Tyr TAT  5  3  6  5  6  6 | Cys TGT  2  4  2  2  2  2
    TTC 13 12  7 10  7 10 |     TCC  5  8  7  6  5  7 |     TAC  7  9  8  8  7  8 |     TGC  2  3  4  1  2  1
Leu TTA  3  0  1  1  1  2 |     TCA  2  5  3  3  6  3 | *** TAA  0  0  0  0  0  0 | *** TGA  0  0  0  0  0  0
    TTG  5  9  6  6  3  6 |     TCG  5  1  2  2  3  2 |     TAG  0  0  0  0  0  0 | Trp TGG  1  1  0  1  1  1
--------------------------------------------------------------------------------------------------------------
Leu CTT  2  0  6  4  1  5 | Pro CCT  3  8  5  8  9  8 | His CAT  6  2  2  4  4  5 | Arg CGT  3  5  3  0  0  0
    CTC  6  5  3  7 10  6 |     CCC 13  6  7 10 10 10 |     CAC  2  3  4  3  3  3 |     CGC  3  1  4  4  4  5
    CTA  1  3  2  0  3  0 |     CCA  5 10  6  7  4  7 | Gln CAA  5  3  3  7  5  5 |     CGA  1  0  1  2  0  3
    CTG 18 18 14 17 17 18 |     CCG  3  0  1  1  2  1 |     CAG 11 13 10  9 12 10 |     CGG  4  5  3  3  5  3
--------------------------------------------------------------------------------------------------------------
Ile ATT  5  8  9  5  2  4 | Thr ACT  7  4  2  4  3  4 | Asn AAT  3  4  9  3  4  6 | Ser AGT  3  4  4  3  5  3
    ATC  9  5  9 13 13 12 |     ACC  8  9  5 13 13 13 |     AAC  8 12 10  7  9  8 |     AGC  9  8  4 10  7 10
    ATA  4  3  0  2  2  2 |     ACA  4 12  2  5  6  5 | Lys AAA  8 15 21 11 10 12 | Arg AGA  3  4  4  2  4  3
Met ATG  8  7 11  7  8  6 |     ACG  8  3  1  4  3  4 |     AAG 28 22 15 22 25 23 |     AGG  2  2  4  3  1  2
--------------------------------------------------------------------------------------------------------------
Val GTT  3 10 12  4  8  6 | Ala GCT  8 11  4  5  6  7 | Asp GAT  8 16 10  7 11 10 | Gly GGT  2  4  4  2  2  2
    GTC  6  6  9 12  9 12 |     GCC 11  2 10 10  9 11 |     GAC 16  9 15 14 16 16 |     GGC  8  4  6  6  7  5
    GTA  4  5  2  1  7  1 |     GCA  7  6  4  3  3  5 | Glu GAA 10 13 16  8 10  9 |     GGA  2  4 11  2  3  4
    GTG 26 17 21 21 23 21 |     GCG  1  1  3  4  1  4 |     GAG 23 20 19 15 20 20 |     GGG  8  7  3  9  9  9
--------------------------------------------------------------------------------------------------------------

--------------------------------------------------------------
Phe TTT  2  6 | Ser TCT  2  3 | Tyr TAT  2  7 | Cys TGT  3  3
    TTC 10  9 |     TCC  6  6 |     TAC 11  6 |     TGC  0  2
Leu TTA  0  1 |     TCA  1  5 | *** TAA  0  0 | *** TGA  0  0
    TTG  3  4 |     TCG  7  3 |     TAG  0  0 | Trp TGG  1  1
--------------------------------------------------------------
Leu CTT  1  0 | Pro CCT  5  9 | His CAT  1  5 | Arg CGT  3  1
    CTC 11 10 |     CCC 11  8 |     CAC  6  3 |     CGC  5  2
    CTA  1  2 |     CCA  6  7 | Gln CAA  2  5 |     CGA  2  1
    CTG 17 18 |     CCG  3  1 |     CAG 11 12 |     CGG  1  5
--------------------------------------------------------------
Ile ATT  3  4 | Thr ACT  1  4 | Asn AAT  1  6 | Ser AGT  3  4
    ATC 14 12 |     ACC 10 11 |     AAC  8  6 |     AGC  9  7
    ATA  3  3 |     ACA  4  6 | Lys AAA  7 10 | Arg AGA  3  4
Met ATG  7  7 |     ACG  9  5 |     AAG 25 25 |     AGG  3  1
--------------------------------------------------------------
Val GTT  3  7 | Ala GCT  2  6 | Asp GAT 10 15 | Gly GGT  1  2
    GTC  5  9 |     GCC 17 10 |     GAC 11 11 |     GGC  8  7
    GTA  2  5 |     GCA  3  4 | Glu GAA  8 11 |     GGA  2  3
    GTG 30 25 |     GCG  1  1 |     GAG 16 19 |     GGG  7  8
--------------------------------------------------------------

Codon position x base (3x4) table for each sequence.

#1: Canis lupus familiaris
position  1:    T:0.14568    C:0.21235    A:0.28889    G:0.35309
position  2:    T:0.29136    C:0.23210    A:0.34568    G:0.13086
position  3:    T:0.17037    C:0.31111    A:0.14568    G:0.37284
Average         T:0.20247    C:0.25185    A:0.26008    G:0.28560

#2: Gallus gallus  
position  1:    T:0.16708    C:0.20147    A:0.29975    G:0.33170
position  2:    T:0.28256    C:0.22604    A:0.35381    G:0.13759
position  3:    T:0.23587    C:0.25061    A:0.20393    G:0.30958
Average         T:0.22850    C:0.22604    A:0.28583    G:0.25962

#3: Danio rerio    
position  1:    T:0.15051    C:0.18878    A:0.28061    G:0.38010
position  2:    T:0.30357    C:0.17347    A:0.37755    G:0.14541
position  3:    T:0.23214    C:0.28571    A:0.19388    G:0.28827
Average         T:0.22874    C:0.21599    A:0.28401    G:0.27126

#4: Pan troglodytes
position  1:    T:0.14096    C:0.22872    A:0.30319    G:0.32713
position  2:    T:0.30319    C:0.23670    A:0.32713    G:0.13298
position  3:    T:0.17021    C:0.35638    A:0.14362    G:0.32979
Average         T:0.20479    C:0.27394    A:0.25798    G:0.26330

#5: Mus musculus   
position  1:    T:0.13648    C:0.22084    A:0.28536    G:0.35732
position  2:    T:0.30273    C:0.21588    A:0.35236    G:0.12903
position  3:    T:0.18610    C:0.32506    A:0.15881    G:0.33002
Average         T:0.20844    C:0.25393    A:0.26551    G:0.27213

#6: Homo sapiens   
position  1:    T:0.14074    C:0.21975    A:0.28889    G:0.35062
position  2:    T:0.28889    C:0.23210    A:0.34815    G:0.13086
position  3:    T:0.19012    C:0.33827    A:0.15062    G:0.32099
Average         T:0.20658    C:0.26337    A:0.26255    G:0.26749

#7: Bos taurus     
position  1:    T:0.12973    C:0.23243    A:0.29730    G:0.34054
position  2:    T:0.30270    C:0.23784    A:0.32162    G:0.13784
position  3:    T:0.11622    C:0.38378    A:0.11892    G:0.38108
Average         T:0.18288    C:0.28468    A:0.24595    G:0.28649

#8: Rattus norvegicus
position  1:    T:0.13896    C:0.22084    A:0.28536    G:0.35484
position  2:    T:0.30273    C:0.22084    A:0.34988    G:0.12655
position  3:    T:0.20347    C:0.29529    A:0.16625    G:0.33499
Average         T:0.21505    C:0.24566    A:0.26716    G:0.27213

Codon usage in genes
--------------------------------------------------------------
Phe TTT 12 33 | Ser TCT  5 27 | Tyr TAT  1 39 | Cys TGT  1 19
    TTC 10 68 |     TCC 11 39 |     TAC  1 63 |     TGC  2 13
Leu TTA  1  8 |     TCA  3 25 | *** TAA  0  0 | *** TGA  0  0
    TTG  2 40 |     TCG  0 25 |     TAG  0  0 | Trp TGG  0  7
--------------------------------------------------------------
Leu CTT  0 19 | Pro CCT  1 54 | His CAT  5 24 | Arg CGT  3 12
    CTC  0 58 |     CCC  2 73 |     CAC  2 25 |     CGC  4 24
    CTA  1 11 |     CCA 10 42 | Gln CAA  6 29 |     CGA  1  9
    CTG  6 131 |     CCG  1 11 |     CAG  8 80 |     CGG  6 23
--------------------------------------------------------------
Ile ATT  4 36 | Thr ACT  3 26 | Asn AAT 17 19 | Ser AGT  8 21
    ATC 11 76 |     ACC  8 74 |     AAC  9 59 |     AGC  8 56
    ATA  0 19 |     ACA  3 41 | Lys AAA 21 73 | Arg AGA  1 26
Met ATG 13 48 |     ACG  2 35 |     AAG 45 140 |     AGG  1 17
--------------------------------------------------------------
Val GTT 13 40 | Ala GCT 12 37 | Asp GAT 25 62 | Gly GGT  2 17
    GTC  5 63 |     GCC  9 71 |     GAC 17 91 |     GGC  3 48
    GTA  2 25 |     GCA 16 19 | Glu GAA 26 59 |     GGA  4 27
    GTG  4 180 |     GCG  2 14 |     GAG 30 122 |     GGG 10 50
--------------------------------------------------------------

Codon position x base (3x4) table for each gene.


Gene #1
position  1:    T:0.11162    C:0.12756    A:0.35080    G:0.41002
position  2:    T:0.19134    C:0.20046    A:0.48519    G:0.12301
position  3:    T:0.25513    C:0.23235    A:0.21640    G:0.29613
Average         T:0.18603    C:0.18679    A:0.35080    G:0.27639

Gene #2
position  1:    T:0.14916    C:0.22961    A:0.28141    G:0.33982
position  2:    T:0.31411    C:0.22520    A:0.32513    G:0.13556
position  3:    T:0.17818    C:0.33101    A:0.15173    G:0.33909
Average         T:0.21381    C:0.26194    A:0.25276    G:0.27149

Sums of codon usage counts
------------------------------------------------------------------------------
Phe F TTT      45 | Ser S TCT      32 | Tyr Y TAT      40 | Cys C TGT      20
      TTC      78 |       TCC      50 |       TAC      64 |       TGC      15
Leu L TTA       9 |       TCA      28 | *** * TAA       0 | *** * TGA       0
      TTG      42 |       TCG      25 |       TAG       0 | Trp W TGG       7
------------------------------------------------------------------------------
Leu L CTT      19 | Pro P CCT      55 | His H CAT      29 | Arg R CGT      15
      CTC      58 |       CCC      75 |       CAC      27 |       CGC      28
      CTA      12 |       CCA      52 | Gln Q CAA      35 |       CGA      10
      CTG     137 |       CCG      12 |       CAG      88 |       CGG      29
------------------------------------------------------------------------------
Ile I ATT      40 | Thr T ACT      29 | Asn N AAT      36 | Ser S AGT      29
      ATC      87 |       ACC      82 |       AAC      68 |       AGC      64
      ATA      19 |       ACA      44 | Lys K AAA      94 | Arg R AGA      27
Met M ATG      61 |       ACG      37 |       AAG     185 |       AGG      18
------------------------------------------------------------------------------
Val V GTT      53 | Ala A GCT      49 | Asp D GAT      87 | Gly G GGT      19
      GTC      68 |       GCC      80 |       GAC     108 |       GGC      51
      GTA      27 |       GCA      35 | Glu E GAA      85 |       GGA      31
      GTG     184 |       GCG      16 |       GAG     152 |       GGG      60
------------------------------------------------------------------------------

(Ambiguity data are not used in the counts.)


Codon position x base (3x4) table, overall

position  1:    T:0.14394    C:0.21544    A:0.29105    G:0.34957
position  2:    T:0.29706    C:0.22177    A:0.34736    G:0.13382
position  3:    T:0.18886    C:0.31730    A:0.16071    G:0.33312
Average         T:0.20995    C:0.25150    A:0.26637    G:0.27217


Nei & Gojobori 1986. dN/dS (dN, dS)
(Pairwise deletion)
(Note: This matrix is not used in later ML. analysis.
Use runmode = -2 for ML pairwise comparison.)

Canis lupus familiaris
Gallus gallus        0.1591 (0.2268 1.4250)
Danio rerio          0.2013 (0.3697 1.8362) 0.2030 (0.3659 1.8022)
Pan troglodytes      0.1326 (0.0615 0.4641) 0.1320 (0.2128 1.6130) 0.2197 (0.3541 1.6113)
Mus musculus         0.1272 (0.0794 0.6238) 0.1630 (0.2206 1.3531) 0.1691 (0.3573 2.1127) 0.1340 (0.0684 0.5101)
Homo sapiens         0.1291 (0.0605 0.4684) 0.1456 (0.2240 1.5383) 0.2175 (0.3650 1.6779) 0.5116 (0.0146 0.0285) 0.1338 (0.0709 0.5299)
Bos taurus           0.1597 (0.0649 0.4061) 0.1491 (0.1925 1.2915) 0.1847 (0.3596 1.9472) 0.1488 (0.0720 0.4840) 0.1097 (0.0761 0.6935) 0.1414 (0.0725 0.5131)
Rattus norvegicus    0.1313 (0.0746 0.5679) 0.1470 (0.2200 1.4962) 0.1607 (0.3717 2.3134) 0.1251 (0.0619 0.4951) 0.0658 (0.0132 0.2003) 0.1306 (0.0668 0.5111) 0.1107 (0.0707 0.6388)


TREE #  1:  (((((6, 4), (5, 8)), (7, 1)), 2), 3);   MP score: -1
lnL(ntime:  7  np: 12):  -5602.737342      +0.000000
   9..10   10..11   11..12   12..13   13..6    13..4    12..14   14..5    14..8    11..15   15..7    15..1    10..2     9..3  
 2.204092 1.316393 0.445617 0.390859 0.043991 0.113435 0.336290 0.664898 1.613849 0.220545 2.053712 0.111845
SEs for parameters:
 0.208726 0.126772 0.038830 0.036629 0.007884 0.016369 0.036062 0.059406 0.271179 0.037338 0.175403 0.009121
Note: Branch length is defined for the first gene (site partition).
For other genes, look at "rates for genes".

tree length =   7.05477 (1st gene)

(((((6: 0.043991, 4: 0.043991): 0.346868, (5: 0.113435, 8: 0.113435): 0.277424): 0.054758, (7: 0.336290, 1: 0.336290): 0.109328): 0.870775, 2: 1.316393): 0.887699, 3: 2.204092);

(((((Homo sapiens: 0.043991, Pan troglodytes: 0.043991): 0.346868, (Mus musculus: 0.113435, Rattus norvegicus: 0.113435): 0.277424): 0.054758, (Bos taurus: 0.336290, Canis lupus familiaris: 0.336290): 0.109328): 0.870775, Gallus gallus: 1.316393): 0.887699, Danio rerio: 2.204092);

Detailed output identifying parameters

rates for 2 genes:     1  0.66490

gene # 1: kappa =   1.61385 omega =   0.22054
gene # 2: kappa =   2.05371 omega =   0.11184

Time used:  0:25
