
seed used = 1418807465
      8   1560

Gallus gallus                              ATG GGT AGC TGT TGT AGC TGT CCA GAT AAA GAA ACT GTC CCA GAT AAC CAT CGA AAC AAG TTT AAG GTT ATT AAT GTG GAT GAT GAT GGT AAC GAG CTG GGT TCT GGC ATA ATG GAA CTT ACA GAT ACA GAA CTA ATT TTG TAC ACC CGT AAA AGG GAC TCT GTA AAA TGG CAC TAC CTC TGT CTC CGT CGC TAT GGC TAC GAC TCG AAT CTT TTC TCT TTT GAA AGT GGT AGA AGG TGT CAA ACT GGA CAA GGA ATC TTT GCC TTT AAA TGT GCC CGT GCA GAA GAG CTA TTT AAT ATG TTG CAA GAG ATA ATG CAG AAT AAT AGT ATA AAT GTG GTA GAA GAA CCA GTA GTA GAA AGG AAT AAC CAT CAA ACT GAG TTG GAA GCT CCA AGA ACC CCT CGG ACA CCT ACC ACT CCT GGG TTC AAT GCA CAA AGT TTA CCT AAT GGC TAT CCC AGA TAT CCG TCT TTT GGA GAT GCT TCA TCA CAT CCT TCC AGC AGG CAT CCT TCT GTT GGA AGT GCA CGC CTC CCC TCT GTT GGT GAA GAA TCA ACG CAT CCT CTA CTT GTA GCA GAG GAG CAA GTG CAC ACT TAT GTC AAC ACT ACT GGC GTA CAG GAG GAA AGA AAA AAT CGA TCG AGT GTG CAT GCG CCA CTG GAA TCA AAG CTT TCA AAC ACT GAA ACA ACT AAA GTA AAG GAA GAT CAG ATG TGT ACT GAC GAT AGA GAT GCT CAC GTT CTC CTA GAG CCT GAA GGA GTC AAG TTT GTT TTA GGA CCA ACC CCT GTT CAA AGG CAG TTA ATG GAA AGA GAG AAA CTG GAG CAA CTT GGG AGA GAC CAA --- --- --- --- --- --- --- --- --- --- GTT AGT GGC AGC AGC ACA AAC AAT ACT GAA TGG GAC ACT GGG TAC GAC AGT GAT GAA CGT AGA GAA ACA CCA TCT GGT AAT AAA TTG GTG TAT GAA AAT ATA AAT AGG TTA TCA ATC CCT AGT GCC TCA GGG GTC AGG AGA GGT CGT TTG ACA TCC ACC AGT ACC TCA GAT ACC CAG AAC ATT AAC AAC TCT GCT CAG AGG AGA ACT GCG CTG TTG AAC TAT GAG AAT TTG CCA TCC TTG CCT CCT GTT TGG GAA TCC CGC AAG CTG AGT AGA GAT GAA GAT GAC AGT TTA GGA CCA AAG ACC CCG TCT CTG AAT GGC TAC CAC AAT AAC CTA GAT CCA ATG CAT AAT TAT GTC AAT ACA GAG AAT GTA ACA GTA CCA TCA AGT GCT CAT AAA ATA GAA TTT CCA CGA CGT CGG GAC TGT ACC CCA ACA GTC TTT AAC TTT GAC ATT AGA CGT CCG AGT TTA GAA CAC --- --- AGG CAG CTC AAC TAC ATA CAG GTT GAC TTG GAA GGT GGT AGT GAC TCC GAC AAC CCT CAG ACT CCC AAA ACC CCC ACC ACT CCA CTT CCG CAA ACT CCA ACC AGG CGC ACA GAG CTG TAT GCT GTG ATA GAC ATT GAA AGA ACT GCT GCT ATG TCA AGC CTG CAA AAA GCA CTG CCC CGA GAT GAT GGT ACT TCT AGG AAA ACT AGA CAT AAC AGT ACT GAC CTG CCT ATG 
Mus musculus                               ATG GGT AGC TGT TGT AGC TGT CCA GAT AAA GAC ACT GTC CCA GAT AAC CAT CGG AAC AAG TTT AAG GTC ATT AAT GTG GAT GAT GAT GGG AAT GAG CTA GGC TCT GGT GTG ATG GAA CTC ACA GAC ACA GAG CTG ATT CTG TAC ACC CGG AAA CGG GAC TCG GTA AAA TGG CAC TAC CTC TGC CTA CGA CGA TAC GGC TAT GAC TCA AAT CTG TTT TCT TTT GAA AGT GGT CGA AGG TGT CAG ACT GGA CAA GGA ATT TTT GCT TTT AAG TGT GCC CGT GCA GAA GAA TTA TTT AAC ATG TTG CAA GAG ATT ATG CAA AAT AAT AGT ATA AAT GTG GTG GAA GAG CCG GTT GTA GAA AGG AGT AGT CAT CAG ACA GAG CTG GAA GTC CCT AGG ACA CCT CGG ACA CCT ACA ACT CCA GGG CTC GGT GCT CAG AAC TTA CCT AAT GGG TAT CCC CGC TAC CCC TCG TTT GGA GAC GCT TCA TCC CAC CCC TCA AGC CGG CAT CCT TCG GTG GGA AGT GCT CGC TTA CCT TCA GTC GGT GAA GAG TCC ACA CAC CCT TTG CTC GTG GCT GAG GAA CAA GTA CAT ACT TAT GTT AAC ACT ACA GGT GTG CAA GAG GAG CGA AAA AAC CGT GCA AGT GTG CAT GTT CCC CCA GAG GCA AGG GTT TCT AAT GCT GAG AGC AAC ACA CCA AAA GAA GAG CCG AGT AAC CCC GAG GAC AGG GAC CCG CAA GTG CTT CTT AAG CCT GAA GGA GTC AGG TTT GTG CTA GGA CCA ACC CCT GTC CAG AAG CAG TTA ATG GAA AAG GAG AAA CTG GAG CAA CTG GGA AAA GAC CCA --- --- --- --- --- --- --- --- --- --- GTC AGT GGG AGT GGA GCG GGC AAC ACG GAG TGG GAC ACC GGC TAT GAC AGT GAC GAG CGC AGA GAT GTG CCC CCT GTC AAC AAA CTG GTG TAT GAA AAT ATA AAC GGG CTA TCT ATT CCC AGT GCC TCA GGG GTC AGG AGA GGT CGT CTG ACA TCT ACC AGC ACC TCA GAC ACC CAG AAT ATC AAC AAC TCA GCG CAG AGA AGA CCT GCA CTA TTA AAC TAT GAA AAT TTA CCA TCT TTG CCT CCT GTT TGG GAA GCC CGC AAG CTC AGT AGG GAT GAA GAT GAC AAT TTA GGA CCA AAG ACC CCA TCT CTA AAT GGC TAC CAT AAT AAT CTA GAT CCA ATG CAT AAC TAT GTT AAT ACA GAG AAT GTA ACA GTG CCG GCA AGT GCT CAC AAA ATA GAC TAT TCG AAG CGC AGG GAT TGT ACA CCG ACA GTC TTT AAC TTT GAT ATC AGG CGA CCC AGT TTA GAA CAT --- --- AGG CAA CTC AAT TAT ATA CAG GTG GAT TTG GAA GGG GGC AGT GAC TCT GAC AAC CCT CAG ACT CCA AAA ACG CCG ACC ACT CCC CTC CCG CAA ACC CCC ACG CGG CGC ACA GAG CTG TAC GCT GTG ATA GAC ATT GAG AGA ACT GCT GCT ATG TCC AAC TTG CAG AAA GCG CTG CCT CGA GAC GAC GGT ACA TCT CGG AAG ACG AGG CAC AAT AGT ACT GAC CTG CCC ATG 
Danio rerio                                ATG GGG AGC TGC TGT AGC TGT CCC GAT AAA GAG ATC ATC CCT GAC AAC CAT CAC AAC AAA TTC AAG GTG ATA AAC GTG GAT GAT GAT GGT AAT GAG CTG GGC TCA GGT GTG ATG GAG TTA ACA GAG GAA GAG CTC ATT CTG CAC ACG CGC AAA CGA GAC GCC GTC AAG TGG CCG TAT CTC TGT CTG CGC CGC TAT GGG TAC GAC TCA AAC CTC TTC TCC TTC GAG AGT GGC CGG CGC TGC CAG ACT GGA CAA GGG ATA TTT GCG TTC AAA TGC GCT CGG GCC GAG GAG ATC TTC AAC ATG CTG CAG GAC ATC ATG CAC AAC AAC AGC ATC AGT GTG GTG GAG GAG CCT GTG CTG GAG CCT --- --- --- --- --- --- --- GAG CTT CCT GCG ACG CCA CAC ACA CCC ACC ACT CCA GGT TAC TCT GTC CCG ACG GTG GCC AAT GGG ATC AGC CGC TAT CCA TTG TTT --- GAC GCC TCC TCG CGG CCG TCC AGT CGC CAT CCT TCT GTG GGC AGC ACT AGA CTA CCA TCA GTA GGA GAA GAG TCG ACA CAT CCA CTG CTG CTC AAC GAC GAA ACG GTA CAC ACA TAC GTC AAC ACT ACA GGA CTG CAG GAG GAG CGG CGC TGT CGC AGC ACA GGC CAC ACC CCT CTG GAG CCT GAG ACG TCC AAT CAC GAG AGC GCA GTG CCA --- --- --- --- GCG TCG CCC AAT GAG CAG GAG CCT TGT GTG GTG CTG GAG CCT GAG AGT GTG AAG TTT GTT TTA GGC CCG ACG CCT GTG CAG AGA CAG AGA CAG CAG CAG GAG ACG GGC GAG GAG GCG ACT AAT TCT GAA CAC ACT TCA TAC ACT CCT CCT GTT AAG ACA GTA AAT GGC AAC GCA GGC CTT ATG GCG GAC TGT GAC ACC GGC TAC GAC AGC GAT GAG CGC AAA GAG ACA TCA TGT --- --- --- --- --- --- GAG CAT CAT AAC GGC ATT TCA --- --- --- --- ACA GGA GCC AGA CGC ATC AGA --- CCC CCC GTC CCG CTG CCA GAT GCA CAC AAT GCT AAC AAT TCA GCC CAG CGG CGG ACA GCG CTA CTA AAC TAT GAG AAT CTG CCT GCA TTG CCG CCT GTC TGG GAG ATG CGC AAA --- --- --- CCC GAG GAG GAT GAA CTC --- --- AAA TCT CCA TCG CTG AAC GGA TTT CAT --- TCA CTC GAC CCG CAG CAT AAT TAC GTC AAT ACT GAG AAT GTG ACG GTG CCG CTT AGT GCA CAT AAA --- --- --- --- --- --- CAC AAC TCT CAG CCG AGC GTT TTT AAC TTT GAC CTG CGG CGG CTT GGA GTG GGC GAC CCG CTC CGC CAG CTG AAC TAC ATT GAG GTG GAA ATG GAC AAA GTG TCG GAT TCT AGC GGG CCT CAT ACG CCT AAA ACA CCC ACT ACA CCT CTG CCG GCC ACT CCT ACA CGG AGA ACT GAG CTG TAC GCT GTT ATT GAT ATT GAA CGC ACT GCT GCC ATG TCC AGC CTG CAG AAA GCA CAG CCA CGG GAC GAT GGG ACG TCC AGA AAA ACA CGA CAC AAC AGC ACC GAC CTG CCC ATG 
Rattus norvegicus                          ATG GGT AGC TGT TGT AGC TGT CCA GAG AAA GAC ACT GTC CCA GAT AAC CAT CGG AAC AAG TTT AAG GTC ATT AAT GTG GAT GAC GAT GGG AAT GAG CTA GGC TCT GGT GTA ATG GAG CTC ACA GAC ACG GAG CTG ATT CTG TAT ACC CGG AAA CGC GAC TCG GTG AAG TGG CAC TAC CTC TGC CTA CGA CGA TAT GGC TAT GAC TCA AAT CTA TTT TCT TTT GAA AGT GGT CGA AGG TGT CAA ACT GGA CAA GGA ATT TTT GCT TTT AAA TGT GCC CGT GCA GAA GAA TTA TTT AAC ATG TTG CAA GAG ATT ATG CAA AAT AAT AGT ATA AAT GTG GTG GAA GAG CCC GTT GTA GAA AGG AAT AGT CAT CAG ACA GAA TTG GAA GTC CCT AGA ACA CCT CGA ACA CCT ACA ACT CCA GGG CTT GGT GCT CAG AGC CTA CCT AAT GGG TAT CCT CGA TAC CCC TCG TTC GGA GAC GCT TCA TCC CAC CCC TCA AGC CGG CAT CCT TCT GTG GGA AGT GCC CGC TTA CCT TCA GTC GGC GAA GAG TCC ACA CAC CCT TTG CTG GTG GCT GAG GAA CAA GTA CAT ACT TAT GTA AAC ACT ACA GGT GTA CAA GAA GAA CGG AAA AAC CGT GCC AGT GTG CAC ATT CCC CCA GAG GCA AGA GTT TCT AAT GCC GAA AGC AAC ACA CCA AAA GAA GAG CCA AGT AAT ACT GAA GAC AGG GAC CCG CAC GTG CTT CTT AAG CCT GAA GGC GTC AAG TTT GTT TTA GGA CCA ACC CCT GTT CAG AAG CAG TTA ATG GAA AAG GAG AAA CTG GAG CAG CTT GGA AAA GAC CAA --- --- --- --- --- --- --- --- --- --- GTC AGT GGG AGT GGT GCG AGT AGC ACG GAA TGG GAC ACT GGC TAT GAC AGC GAT GAA CGC AGA GAT GTG CCC CCT GTT AAC AAA CTG GTG TAT GAA AAT ATA AAC GGG CTG TCT ATC CCT AGT GCC TCA GGG GTC AGG AGA GGT CGT CTG ACA TCT ACC AGC ACC TCA GAC ACC CAG AAT ATC AAC AAC TCA GCG CAG AGA AGA CCT GCA CTA TTA AAC TAT GAA AAT TTA CCA TCT TTG CCT CCT GTG TGG GAA GCC CGC AAG CTC AGT AGG GAT GAA GAC GAC AAT TTA GGA CCA AAG ACC CCA TCT CTA AAT GGC TAC CAT AAT AAT CTA GAT CCA ATG CAT AAC TAT GTT AAT ACA GAG AAT GTA ACA GTG CCG GCA AGT GCT CAC AAA ATA GAC TGT TCA AGG CGT AGG GAT TGC ACA CCC ACA GTC TTT AAC TTT GAT ATC AGG CGC CCT AGT TTA GAA CAC --- --- AGG CAA CTC AAT TAT ATA CAG GTG GAC TTG GAA GGG GGC AGT GAC TCT GAC AAC CCT CAG ACC CCA AAA ACA CCG ACC ACT CCC CTC CCA CAG ACC CCC ACC CGG CGC ACA GAG CTG TAT GCC GTG ATA GAC ATT GAG AGA ACT GCT GCT ATG TCC AAC TTG CAG AAA GCG CTG CCT CGG GAT GAC GGC ACG TCC AGG AAG ACT AGA CAC AAT AGT ACT GAC CTG CCC ATG 
Homo sapiens                               ATG GGT AGC TGT TGT AGC TGT CCA GAT AAA GAC ACT GTC CCA GAT AAC CAT CGG AAC AAG TTT AAG GTC ATT AAT GTG GAT GAT GAT GGG AAT GAG TTA GGT TCT GGC ATA ATG GAA CTT ACA GAC ACA GAA CTG ATT TTA TAC ACC CGC AAA CGT GAC TCA GTA AAA TGG CAC TAC CTC TGC CTG CGA CGC TAT GGC TAT GAC TCG AAT CTC TTT TCT TTT GAA AGT GGT CGA AGG TGT CAA ACT GGA CAA GGA ATC TTT GCC TTT AAG TGT GCC CGT GCA GAA GAA TTA TTT AAC ATG TTG CAA GAG ATT ATG CAA AAT AAT AGT ATA AAT GTG GTG GAA GAG CCA GTT GTA GAA AGA AAT AAT CAT CAG ACA GAA TTG GAA GTC CCT AGA ACA CCT CGA ACA CCT ACA ACT CCA GGA TTT GCT GCT CAG AAC TTA CCT AAT GGA TAT CCC CGA TAT CCC TCA TTT GGA GAT GCT TCA TCC CAT CCG TCA AGC AGA CAT CCT TCT GTG GGA AGT GCT CGC CTG CCT TCA GTA GGG GAA GAA TCT ACA CAT CCT TTG CTT GTG GCT GAG GAA CAA GTA CAT ACC TAT GTC AAC ACT ACA GGT GTG CAA GAA GAG CGG AAA AAC CGC ACA AGT GTG CAT GTT CCA TTG GAG GCG AGG GTT TCT AAC GCT GAA AGC AGC ACA CCA AAA GAA GAA CCA AGT AGT ATT GAG GAC AGG GAT CCT CAG ATT CTT CTT GAA CCT GAA GGA GTC AAA TTT GTT TTA GGG CCA ACC CCT GTT CAA AAG CAG TTA ATG GAA AAA GAG AAA CTG GAG CAA CTT GGA AGA GAT CAA --- --- --- --- --- --- --- --- --- --- GTT AGT GGA AGT GGA GCA AAT AAC ACA GAA TGG GAC ACT GGC TAT GAC AGT GAT GAA CGA AGA GAT GCA CCC TCT GTT AAC AAA CTG GTG TAT GAA AAT ATA AAT GGG CTA TCT ATC CCT AGT GCC TCA GGG GTC AGG AGA GGT CGT CTG ACA TCC ACC AGT ACC TCA GAT ACC CAG AAT ATC AAC AAC TCA GCT CAG AGA AGA ACT GCA TTA TTA AAC TAT GAA AAT CTA CCA TCT TTG CCT CCT GTT TGG GAA GCC CGC AAG CTA AGT AGG GAT GAA GAT GAC AAT TTA GGA CCA AAG ACC CCA TCT CTA AAT GGC TAC CAT AAT AAT CTA GAT CCA ATG CAT AAC TAT GTA AAT ACA GAG AAT GTA ACA GTG CCA GCA AGT GCT CAC AAA ATA GAA TAT TCA AGG CGT CGG GAC TGT ACA CCA ACA GTC TTT AAC TTT GAT ATC AGA CGC CCA AGT TTA GAA CAC --- --- AGG CAG CTT AAT TAC ATA CAG GTT GAC TTG GAA GGT GGC AGT GAC TCT GAC AAC CCT CAG ACT CCA AAA ACG CCT ACA ACT CCC CTT CCA CAA ACC CCT ACC AGG CGC ACA GAG CTG TAT GCC GTG ATA GAC ATC GAG AGA ACT GCT GCT ATG TCA AAT TTG CAG AAA GCA CTG CCA CGA GAT GAT GGT ACA TCT AGG AAA ACT AGA CAC AAT AGT ACT GAT CTG CCC ATG 
Pan troglodytes                            ATG GGT AGC TGT TGT AGC TGT CCA GAT AAA GAC ACT GTC CCA GAT AAC CAT CGG AAC AAG TTT AAG GTC ATT AAT GTG GAT GAT GAT GGG AAT GAG TTA GGT TCT GGC ATA ATG GAA CTT ACA GAC ACA GAA CTG ATT TTA TAC ACC CGC AAA CGT GAC TCA GTA AAA TGG CAC TAC CTC TGC CTG CGA CGC TAT GGC TAT GAC TCG AAT CTC TTT TCT TTT GAA AGT GGT CGA AGG TGT CAA ACT GGA CAA GGA ATC TTT GCC TTT AAG TGT GCC CGT GCA GAA GAA TTA TTT AAC ATG TTG CAA GAG ATT ATG CAA AAT AAT AGT ATA AAT GTG GTG GAA GAG CCA GTT GTA GAA AGA AAT AAT CAT CAG ACA GAA TTG GAA GTC CCT AGA ACA CCT CGA ACA CCT ACA ACT CCA GGA TTT GCT GCT CAG AAC TTA CCT AAT GGA TAT CCC CGA TAT CCC TCA TTT GGA GAT GCT TCA TCC CAT CCT TCA AGC AGA CAT CCT TCT GTG GGA AGT GCT CGC CTG CCT TCA GTA GGG GAA GAA TCT ACA CAT CCT TTG CTT GTG GCT GAG GAA CAA GTA CAT ACC TAT GTC AAC ACT ACA GGT GTG CAA GAA GAG CGG AAA AAC CGC ACA AGT GTG CAT GTT CCA TTG GAG GCG AGG GTT TCT AAC GCT GAA AGC AAC ACA CCA AAA GAA GAA CCA AGT AGT ACT GAG GAC AGG GAT CCT CAG ATT CTT CTT GAA CCT GAA GGA GTC AAA TTT GTT TTA GGG CCA ACC CCT GTT CAA AAG CAG TTA ATG GAA AAA GAG AAA CTG GAG CAA CTT GGA AGA GAT CAA --- --- --- --- --- --- --- --- --- --- GTT AGT GGA AGT GGA GCA AAT AAC ACA GAA TGG GAC ACT GGC TAT GAC AGT GAT GAA CGA AGA GAT GCA CCC TCT GTT AAC AAA CTG GTG TAT GAA AAT ATA AAT GGG CTA TCT ATC CCT AGT GCC TCA GGG GTC AGG AGA GGT CGT CTG ACA TCC ACC AGT ACC TCA GAT ACC CAG AAT ATC AAC AAC TCA GCT CAG AGA AGA ACT GCA TTA TTA AAC TAT GAA AAT CTA CCA TCT TTG CCT CCT GTT TGG GAA GCC CGC AAG CTA AGT AGA GAT GAA GAT GAC AAT TTA GGA CCA AAG ACC CCA TCT CTA AAT GGC TAC CAT AAT AAT CTA GAT CCA ATG CAT AAC TAT GTA AAT ACA GAG AAT GTA ACA GTG CCG GCA AGT GCT CAC AAA ATA GAA TAT TCA AGG CGT CGG GAC TGT ACA CCA ACA GTC TTT AAC TTT GAT ATC AGA CGC CCA AGT TTA GAA CAC --- --- AGG CAG CTT AAT TAC ATA CAG GTT GAC TTG GAA GGT GGC AGT GAC TCT GAC AAC CCT CAG ACT CCA AAA ACG CCT ACA ACT CCC CTT CCA CAA ACC CCT ACC AGG CGC ACA GAG CTG TAT GCC GTG ATA GAC ATC GAG AGA ACT GCT GCT ATG TCA AAT TTG CAG AAA GCA CTG CCA CGA GAT GAT GGT ACA TCT AGG AAA ACT AGA CAC AAT AGT ACT GAT CTG CCC ATG 
Bos taurus                                 ATG GGT AGC TGT TGT AGC TGT CCA GAT AAA GAC ACT GTC CCA GAT AAC CAT CGG AAC AAG TTT AAG GTC ATT AAT GTG GAT GAT GAT GGA AAT GAG TTA GGT TCT GGC ATA ATG GAA CTT ACA GAC ACA GAA CTG ATT TTA TAC ACT CGC AAA CGT GAC TCG GTA AAA TGG CAC TAC CTC TGC CTC CGA CGC TAT GGT TAT GAT TCG AAT CTC TTT TCT TTT GAA AGT GGT CGA AGG TGT CAA ACT GGA CAA GGA ATC TTT GCC TTT AAG TGT GCT CGT GCA GAA GAA TTA TTT AAT ATG TTA CAA GAG ATT ATG CAG AAT AAT AGT ATA AAT GTA GTG GAG GAA CCC GTG GTT GAA AGG AAT AAC CAT CAG ACA GAA TTG GAA GTC CCT AGG ACA CCT CGA ACA CCT ACA ACT CCA GGG TTT GCT GCT CAG AAC TTA CCC AAT GGA TAT CCC CGA TAT CCC TCG TTC GGA GAT GCT TCA TCC CAT CCT TCC AGC AGA CAT CCT TCC GTG GGA AGT GCC CGC CTG CCC TCA GTA GGT GAA GAA TCT ACG CAT CCT TTG CTG GTG GCC GAG GAA CAA GTA CAT ACC TAT GTC AAC ACT ACA GGT GTG CAA GAA GAA CGG AAA AAC CGC ACA AGT GTG CAT GTC CCA TTG GAG GCA AGA GTT TCT AAT GCT GAA AGC AAC ACA CCA AAA GAA GAG TCA AGT AAT ATT GAG GAC AGG GAC CCT CAG ATT CTT CTT GAA CCC GAA GGA GTC AAA TTT GTC TTA GGA CCA ACA CCA GTT CAA AAG CAA TTA ATG GAA AAA GAG AAA CTG GAA CAA CTT GGA AGA GAT CAA --- --- --- --- --- --- --- --- --- --- ATC AGT GGA AGT GGT GCA AAT AAC ACA GAA TGG GAC ACT GGC TAT GAC AGT GAT GAG CGA AGA GAT GTG CCC TCT GTT AAC AAA CTG GTG TAT GAA AAT CTA AAT GGC CTA TCT CTC CCC AGT GCT TCA GGG TTC AGG AGA GGT CGT CTG CCG TCC ACC AGT ACC TCA GAT ACC CAG AAT ATC AAC AAC TCA GCT CAG AGA AGA ACT GCA TTG TTA AAC TAC GAA AAT CTA CCA TCT TTG CCT CCT GTT TGG GAA GCC CGC AAG CTA AGT AGG GAT GAA GAT GAC AAC TTA GGA CCA AAG ACC CCA TCT CTG AAT GGC TAC CAT AAT AAT CTA GAT CCA ATG CAT AAC TAT GTA AAT ACA GAG AAT GTA ACA GTG CCG GCG AGT GCT CAC AAA ATA GAG TAT TCA AGG CGT CGG GAC TGT ACG CCG ACA GTC TTT AAC TTT GAT ATC AGA CGC CCA AGT TTA GAA CAC --- --- AGG CAG CTC AAT TAC ATA CAG GTT GAC TTG GAA GGT GGC AGT GAC TCT GAC AAC CCT CAG ACT CCA AAA ACG CCT ACC ACT CCC CTT CCA CAG ACC CCT ACC AGG CGC ACA GAG CTG TAT GCT GTG ATA GAC ATC GAG AGA ACT GCT GCT ATG TCC AAT TTG CAG AAA GCA CTG CCG CGA GAT GAT GGT ACA TCT AGG AAA ACT AGA CAC AAT AGT ACT GAT CTG CCG ATG 
Canis lupus familiaris                     ATG GGT AGC TGT TGT AGC TGT CCA GAT AAA GAC ACT GTC CCA GAT AAC CAT CGG AAC AAG TTT AAG GTC ATT AAT GTG GAT GAT GAT GGG AAT GAG TTA GGT TCT GGC ATA ATG GAA CTT ACA GAC ACA GAA CTG ATT TTA TAC ACT CGC AAA CGT GAC TCG GTA AAA TGG CAC TAC CTC TGC CTG CGA CGC TAT GGC TAT GAT TCA AAT CTC TTT TCT TTT GAA AGT GGC CGG AGA TGT CAA ACT GGA CAA GGA ATC TTT GCC TTT AAG TGT GCC CGT GCA GAA GAA TTA TTT AAC ATG TTG CAA GAG ATT ATG CAA AAT AAT AGT ATA AAT GTG GTG GAA GAG CCA GTT GTA GAA AGG AAT AAT CAT CAG ACA GAA TTG GAA GTC CCC AGA ACA CCT CGA ACA CCT ACA ACT CCA GGG TTT GCT GCT CAG AAT TTA CCT AAT GGA TAT CCC CGA TAT CCC TCA TTT GGA GAT GCT TCA TCC CAT CCC TCA AGC AGA CAT CCT TCT GTG GGA AGT GCA CGC CTG CCT TCA GTA GGT GAA GAA TCT ACA CAT CCT TTG CTT GTA GCG GAG GAG CAA GTA CAT ACC TAT GTC AAC ACT ACA GGA GTG CAA GAA GAG CGG AAA AAC CGC ACA AGT GTG CAT GTC CCA TTG GAG GCG AGG ATT TCT AAT GCT GAA AGC AAC ACA CCA AAA GAA GAA CCA AGT AGT ATT GAG GAC AGG GAC CCT CAG ATT CTT CTT GAA CCC GAA GGA GTC AAA TTT GTC TTA GGA CCA ACC CCT GTT CAA AAG CAG TTG ATG GAA AAA GAG AAA CTG GAG CAA CTT GGA AGA GAC CAA --- --- --- --- --- --- --- --- --- --- GTC AGT GGA AGC GGT GCC AAT AGC ACA GAA TGG GAC ACT GGA TAT GAC AGT GAT GAG CGA AGA GAT GCA CCC TCT GTT AAC AAA CTG GTG TAT GAA AAT ATA AAT GGG TTA TCT ATC CCT AGT GCC TCA GGG GTC AGG AGA GGT CGT CTG ACA TCC AGC AGT ACC TCA GAT ACC CAG AAT ATC AAC AAC TCA GCT CAG AGA AGA ACT GCA TTA TTA AAC TAT GAA AAT TTA CCA TCT TTG CCT CCT GTC TGG GAA GCC CGC AAG CTT AGT AGG GAT GAA GAT GAC AAT TTA GGA CCA AAG ACC CCA TCT CTA AAT GGC TAC CAT AAT AAT CTA GAT CCA ATG CAT AAC TAT GTA AAT ACA GAG AAT GTA ACA GTG CCG GCA AGT GCT CAC AAA ATA GAA TAT TCG AGG CGT CGG GAC TGT ACA CCG ACA GTC TTT AAC TTT GAT ATC AGA CGC CCA AGT TTA GAA CAC --- --- AGG CAG CTC AAT TAC ATA CAG GTT GAC TTG GAA GGT GGC AGT GAC TCT GAC AAC CCT CAG ACT CCA AAA ACA CCT ACC ACT CCC CTT CCA CAG ACC CCT ACC AGG CGC ACA GAG CTG TAC GCT GTG ATA GAC ATC GAG AGA ACT GCT GCT ATG TCA AAT CTG CAG AAA GCA CTG CCG CGA GAC GAC GGT ACG TCT AGG AAG ACC AGA CAT AAT AGT ACT GAC CTG CCC ATG 



Printing out site pattern counts


         8       1302  P

Gallus gallus                               --- --- --- --- --- --- --- --- --- --- AAA AAA AAA AAA AAA AAA AAA AAA AAC AAC AAC AAC AAC AAC AAC AAC AAC AAG AAG AAG AAG AAG AAT AAT AAT AAT AAT AAT AAT AAT AAT AAT AAT AAT AAT ACA ACA ACA ACA ACA ACA ACA ACA ACA ACC ACC ACC ACC ACC ACC ACC ACC ACC ACC ACC ACC ACG ACT ACT ACT ACT ACT ACT ACT ACT ACT ACT ACT ACT ACT ACT ACT ACT ACT AGA AGA AGA AGA AGA AGA AGA AGA AGA AGA AGA AGA AGA AGC AGC AGC AGC AGC AGG AGG AGG AGG AGG AGG AGG AGG AGG AGG AGG AGT AGT AGT AGT AGT AGT AGT AGT AGT AGT AGT ATA ATA ATA ATA ATA ATA ATC ATC ATG ATG ATG ATT ATT ATT ATT ATT CAA CAA CAA CAA CAA CAA CAA CAA CAA CAA CAA CAC CAC CAC CAC CAC CAG CAG CAG CAG CAG CAG CAG CAG CAG CAT CAT CAT CAT CAT CAT CAT CCA CCA CCA CCA CCA CCA CCA CCA CCA CCA CCA CCA CCA CCC CCC CCC CCC CCC CCG CCG CCG CCG CCT CCT CCT CCT CCT CCT CCT CCT CCT CCT CCT CGA CGA CGA CGA CGC CGC CGC CGG CGG CGT CGT CGT CGT CGT CGT CGT CTA CTA CTA CTA CTA CTC CTC CTC CTC CTC CTG CTG CTG CTG CTG CTG CTG CTG CTG CTT CTT CTT CTT CTT CTT GAA GAA GAA GAA GAA GAA GAA GAA GAA GAA GAA GAA GAA GAA GAA GAA GAA GAA GAA GAC GAC GAC GAC GAC GAC GAC GAC GAC GAC GAG GAG GAG GAG GAG GAG GAG GAG GAT GAT GAT GAT GAT GAT GAT GAT GAT GAT GAT GAT GAT GAT GCA GCA GCA GCA GCA GCC GCC GCC GCG GCG GCT GCT GCT GCT GCT GCT GCT GGA GGA GGA GGA GGA GGA GGC GGC GGC GGC GGC GGC GGG GGG GGG GGG GGT GGT GGT GGT GGT GGT GGT GGT GGT GGT GTA GTA GTA GTA GTA GTA GTA GTA GTC GTC GTC GTC GTC GTC GTG GTG GTG GTG GTG GTG GTT GTT GTT GTT GTT GTT GTT GTT GTT TAC TAC TAC TAC TAC TAT TAT TAT TAT TAT TAT TAT TCA TCA TCA TCA TCA TCA TCA TCA TCA TCA TCC TCC TCC TCC TCC TCG TCG TCT TCT TCT TCT TCT TCT TCT TCT TCT TGG TGG TGT TGT TGT TGT TGT TTA TTA TTA TTA TTA TTA TTC TTC TTG TTG TTG TTG TTG TTG TTG TTG TTT TTT TTT TTT
Mus musculus                                --- --- --- --- --- --- --- --- --- --- AAA AAA AAA AAA AAA AAG AAG ACA AAC AAC AAC AAT AAT AAT AAT AGT GGC AAA AAG AAG AGG AGG AAC AAC AAC AAC AAC AAC AAT AAT AAT AAT AAT AGT GGT ACA ACA ACA ACA ACA ACA AGC GCG GTG ACA ACA ACA ACC ACC ACC ACC ACC ACC ACC ACG ACG ACA AAC ACA ACA ACA ACC ACC ACG ACG ACT ACT ACT ACT ACT ACT CCC CCT GCT AAA AAG AGA AGA AGA AGG AGG AGG AGG AGG CGA CGA CGC AAC AGC AGC AGT GGA AAG AGA AGG AGG AGG AGG CGG CGG CGG CGG GGG AAC AAT AGC AGT AGT AGT AGT AGT AGT AGT AGT ATA ATA ATA ATA ATT GTG ATT ATT AGT ATG ATG ATC ATC ATT ATT ATT CAA CAA CAA CAA CAA CAG CAG CAG CAG CAG CCA CAA CAC CAT CAT CAT CAA CAA CAA CAG CAG CAG CAG CAG CCG CAC CAC CAC CAC CAT CAT CAT CCA CCA CCA CCA CCC CCC CCC CCC CCG CCG CCG CCT TCG CCA CCC CCG CCT CCT CCA CCC CCC CCG CCA CCC CCC CCC CCT CCT CCT CCT CCT CCT CCT AAG CGA CGG CGT CGA CGC CGC AGG CGG CGA CGA CGC CGC CGG CGT CGT CTA CTG CTT TTA TTG CTA CTC CTC CTT TTA CCA CTA CTA CTA CTC CTG CTG CTG TTG CTC CTC CTC CTG CTG GTT GAA GAA GAA GAA GAA GAA GAA GAA GAC GAC GAG GAG GAG GAG GAG GAG GAG GAG GAT GAC GAC GAC GAC GAC GAC GAG GAT GAT GAT AAG GAA GAA GAG GAG GAG GAG GAG GAC GAC GAC GAC GAC GAC GAC GAG GAT GAT GAT GAT GAT GAT GCA GCG GCT GCT GCT GCC GCC GCT GCA GTT CCG GCG GCT GCT GCT GCT GTC GGA GGA GGA GGA GGA GGA GGC GGC GGG GGG GGT GGT GGA GGC GGG GGG GGC GGC GGG GGG GGT GGT GGT GGT GGT GTC CCA GTA GTA GTA GTG GTG GTG GTT GTC GTC GTC GTC GTT GTT GTA GTG GTG GTG GTG GTG GTC GTC GTC GTC GTG GTG GTG GTG GTT TAC TAC TAC TAT TAT TAC TAC TAC TAT TAT TAT TAT GCA GCA TCA TCA TCA TCC TCC TCC TCT TCT GCC TCA TCT TCT TCT GCA TCA CCT TCA TCG TCG TCG TCT TCT TCT TCT TGG TGG AAC TGC TGT TGT TGT CTA CTA TTA TTA TTA TTA CTC TTT CTG CTG CTG TTA TTA TTG TTG TTG TAT TTT TTT TTT
Danio rerio                                 AAG ACA ACT CAC CCG CCT CTC GTT TAC TCA --- AAA AAG ACG CGC AAA AAA GTG AAC AAT GGG AAC AAT AAT TCA --- CTT --- AAA AAG AAG GAG --- AAC AAC AAT ATG TGT --- AAC AAT AGT CAT --- TCT ACA ACG ACT AGC CCC GAA AGC GGC ACA ACC ACG CAG ACG ACG ACT CTG GCA GTC TCT ACA ACA ACA GCA --- ACA ACG ACC ACT ACA GCG ACA ACA ACC ACG ACT ATC CCC ACA CAC AAT CAG AAA CGC CGG --- CAG CGA CGG GCG CGG CGG CGC AGC AGC AGT AAC GCA AGA CGG AGA CCT CGC CGC AGA CGA CGC CGG GGC ACG GAA CCG --- AAT ACA AGC AGC AGT GGA TCG --- ATC ATT CAT ATC GTG --- ATA GCG ATG CAG CTG GCT ATA ATT ATT ACG CAA CAG GAG GCC --- CAG CAG CAG CCG GAA TGT CCG CAC CAT GAC CAC CAG CAG CAC CAG CAG CAT GAG --- CAC CAT CAT CGG --- CAC CAT --- CCC CCG CCT CCT CCT CCT TCA CCG CCG CCT CCT --- CCT AGC CCC CCA CCA CCA CCA CTT CCG CCA --- CCC CCG CCA CCC CCG CCT CCT CCT GCC --- CGG CAC CGC CGC AGA CGC CAC CAC CGC CGG --- CGC CGC AGA CGG CTC CTC CTG ATC CTG CTG CTC CTG GTG CTA CTG CTA CTG CTG --- CAG CTG GGC CTG CTG CTG TTA CTC GCG ACG --- CAG GAA GAC GAG GAG GAG GGC --- GAG GAA GAC GAG GAG GAG GAG GAG GAG GAG AGC GAC GAC GAC GAT TCT AAT AAC GAA GAC GAG GAA GAG --- GAC GAG GAG GAG GAC GAC GAG GAG GAT GAT GAT --- CCC GAC GAG GAT GAT GAT GCC GCA AAC ACT GTC --- GCT GCG GCG ACC CCT GCC GCA GCC GCT GCT CTT --- AGT GGA GGC GGC GGG GGA GGG GGC GGG GGA GGT ACT GGC GGA GGT GGC GTG AAA GGT ATC GGA GGC GGG GGG --- CCA CTG GTC GTG CTC CTG GTG GTG ATC GCC GTG GTT GTC GTC GTA --- GGC GTG GTG GTT GTA GTA GTG GTG GTG GTG GTG GTT GTC CAC TAT TTT TAC TAC TAC TAT TAT --- ATC TAC TAT CCT CTT ACA CCA TCC TCC TCG TCG TCA TCC ATG TCC CCC GCA TCT AGC TCA TGT TCA GCC TCT TTG TCA TCC TCC TCG TGG TGT TCG TGT TCT TGC TGT ATT TTA AGA CTC GTG GTG TAC TTC --- --- CTG CTA CTG ATG CTG TTG --- TTC TTT TTT
Rattus norvegicus                           --- --- --- --- --- --- --- --- --- --- AAA AAA AAG AAA AAA AAA AAG ACA AAC AAC AAC AAT AAT AAT AAT AGT AGT AAA AAG AAG AAG AGA AAC AAC AAC AAC AGC AAC AAT AAT AAT AAT AAT AAT GGT ACA ACA ACA ACA ACA ACG AGC GCG GTG ACA ACA ACA ACC ACC ACC ACC ACC ACC ACC ACA ACC ACA AAC ACA ACA ACG ACT ACC ACT ACG ACT ACT ACT ACC ACT ACT ACT CCT GCC AAA AAG AGA AGA AGA AGG AGG AGA AGG AGA CGA CGG CGA AAC AGC AGC AGT GGT AAG AGA AGG AGG AGG AGG AGG CGC CGG CGG GGG AGC AAT AGC AGT AGT AGT AGC AGT AGT AGT AGT ATA ATA ATA ATA ATT GTA ATC ATT AGT ATG ATG ATC ATC ATT ATT ATT CAA CAA CAA CAG CAG CAG CAA CAG CAG CAG CAA CAC CAC CAT CAT CAC CAA CAA CAA CAG CAG CAG CAG CAG CCA CAC CAC CAC CAC CAT CAC CAT CCA CCA CCA CCA CCC CCC CCC CCC CCC CCG CCC CCT TCA CCA CCT CCG CCT CCT CCA CCC CCT CCA CCA CCT CCC CCC CCT CCT CCT CCT CCT CCT CCT AGG CGG CGG CGT CGA CGC CGC AGG CGA CGA CGC CGT CGC CGG CGT CGT CTA CTG CTT TTA TTG CTA CTC CTC CTT TTA CCA CTA CTA CTA CTC CTG CTG CTG TTG CTC CTG CTC CTA CTT GTT GAA GAA GAA GAA GAA GAA GAG GAA GAC GAC GAG GAA GAA GAA GAA GAG GAG GAG GAT GAC GAC GAC GAC GAC GAC GAA GAT GAC GAT AAG GAA GAA GAA GAG GAA GAG GAG GAC GAT GAC GAC GAC GAC GAT GAG GAT GAT GAC GAC GAG GAT GCA GCG GCT GCC GCT GCC GCC GCT GCA ATT CCG GCG GCT GCT GCC GCT GTC GGA GGC GGA GGA GGA GGA GGC GGC GGG GGG GGT GGT GGA GGC GGG GGG GGC GGC GGG GGG GGT GGC GGT GGC GGT GTT CCA GTA GTG GTA GTG GTA GTG GTT GTC GTC GTC GTC GTA GTT GTA GTG GTG GTG GTG GTG GTC GTC GTC GTT GTG GTG GTG GTT GTG TAT TAC TAC TAT TAT TAT TAC TAT TAT TAT TAT TAT GCA GCA TCA TCA TCA TCC TCC TCC TCT TCT GCC TCA TCT TCT TCT GCC TCA CCT TCA TCG TCT TCG TCT TCC TCT TCT TGG TGG AAT TGC TGC TGT TGT CTG TTA TTA TTA CTA TTA CTT TTT CTG TTG CTG TTA TTA TTG TTG TTG TGT TTT TTC TTT
Homo sapiens                                --- --- --- --- --- --- --- --- --- --- AAA AAA AAA AAA AAA AAG AAA ACA AAC AAC AAC AAT AAC AAT AAT AAT AAT AAA AAG AAG AAA AGG AAC AAC AAT AAC AAC AAC AAT AAT AAT AAT AAT AAT GCT ACA ACA ACA ACA ACA ACA AGC GCA GCA ACA ACA ACA ACC ACC ACA ACC ACC ACC ACC ACG ACC ACA AGC ACA ACA ACA ACT ACC ACT ACA ACC ACT ACT ACT ACT ACT ATT ACT GCT AGA AAA AGA AGA AGA AGG AGG AGA AGA AGA CGA CGG CGA AAT AGC AGC AGT GGA AAG AGA AGG AGA AGG AGG AGG CGT AGA AGG GGG AAC AAT AGT AGT AGT AGT AGT AGT AGT AGT AGT ATA ATA ATA ATA ATT ATA ATC ATC AGT ATG ATG ATC ATC ATT ATC ATT CAA CAA CAA CAA CAA CAG CAA CAA CAG CAG CAA CAG CAC CAT CAT CAC CAA CAA CAG CAG CAG CAG CAG CAG CCA CAC CAC CAT CAT CAT CAT CAT CCA CCA CCA CCA CCA CCC CCT CCC CCA CCA CCA CCT TCA CCA CCC CCT CCA CCT CCA CCC CCA CCA CCA CCT CCC CCG CCT CCT CCT CCT CCT CCT CCT AGG CGA CGG CGC CGC CGC CGC CGG CGA CGA CGC CGT CGA CGC CGT CGT CTA CTG CTT TTA TTG CTG CTC CTT CTT CTG TTG TTA CTA TTA CTA CTG CTG CTG TTG CTT CTT CTT CTC CTT GTT GAA GAA GAA GAA GAA GAA GAA GAA GAA GAC GAG GAA GAA GAA GAG GAA GAG GAG GAT GAC GAC GAC GAT GAC GAT GAG GAC GAC GAT GAA GAA GAA GAA GAG GAA GAG GAG GAT GAT GAC GAT GAT GAT GAT GAA GAT GAT GAT GAT GAT GAT GCA GCA GCT GCT GCT GCC GCC GCC GCA GTT CCT GCT GCT GCT GCC GCT GTC GGA GGA GGA GGA GGG GGA GGC GGC GGA GGA GGT GGC GGA GGC GGG GGA GGT GGC GGT GGG GGT GGG GGT GGT GGT GTT CCA GTA GTA GTA GTG GTG GTG GTT GTC GTC GTC GTC GTC GTA GTA GTG GTG GTG GTG GTG GTA GTT GTC GTT ATT GTG GTT GTT GTT TAC TAC TAC TAC TAT TAT TAT TAT TAT TAT TAT TAT GCG GCA TCA TCA TCA TCA TCC TCT TCT TCT GCC TCA TCC TCT TCT ACA TCG TCT TCA TCA TCT TCA TCT TCT TCT TCT TGG TGG AGT TGC TGT TGT TGT CTA TTA TTA TTA TTA TTA TTT TTT CTG TTG TTA TTA CTA TTG TTG TTG TAT TTT TTT TTT
Pan troglodytes                             --- --- --- --- --- --- --- --- --- --- AAA AAA AAA AAA AAA AAG AAA ACA AAC AAC AAC AAT AAC AAT AAT AAT AAT AAA AAG AAG AAA AGG AAC AAC AAT AAC AAC AAC AAT AAT AAT AAT AAT AAT GCT ACA ACA ACA ACA ACA ACA AGC GCA GCA ACA ACA ACA ACC ACC ACA ACC ACC ACC ACC ACG ACC ACA AAC ACA ACA ACA ACT ACC ACT ACA ACC ACT ACT ACT ACT ACT ACT ACT GCT AGA AAA AGA AGA AGA AGA AGG AGA AGA AGA CGA CGG CGA AAT AGC AGC AGT GGA AAG AGA AGG AGA AGG AGG AGG CGT AGA AGG GGG AAC AAT AGT AGT AGT AGT AGT AGT AGT AGT AGT ATA ATA ATA ATA ATT ATA ATC ATC AGT ATG ATG ATC ATC ATT ATC ATT CAA CAA CAA CAA CAA CAG CAA CAA CAG CAG CAA CAG CAC CAT CAT CAC CAA CAA CAG CAG CAG CAG CAG CAG CCA CAC CAC CAT CAT CAT CAT CAT CCA CCA CCA CCA CCA CCC CCT CCC CCA CCG CCA CCT TCA CCA CCC CCT CCA CCT CCA CCC CCA CCA CCA CCT CCC CCT CCT CCT CCT CCT CCT CCT CCT AGG CGA CGG CGC CGC CGC CGC CGG CGA CGA CGC CGT CGA CGC CGT CGT CTA CTG CTT TTA TTG CTG CTC CTT CTT CTG TTG TTA CTA TTA CTA CTG CTG CTG TTG CTT CTT CTT CTC CTT GTT GAA GAA GAA GAA GAA GAA GAA GAA GAA GAC GAG GAA GAA GAA GAG GAA GAG GAG GAT GAC GAC GAC GAT GAC GAT GAG GAC GAC GAT GAA GAA GAA GAA GAG GAA GAG GAG GAT GAT GAC GAT GAT GAT GAT GAA GAT GAT GAT GAT GAT GAT GCA GCA GCT GCT GCT GCC GCC GCC GCA GTT CCT GCT GCT GCT GCC GCT GTC GGA GGA GGA GGA GGG GGA GGC GGC GGA GGA GGT GGC GGA GGC GGG GGA GGT GGC GGT GGG GGT GGG GGT GGT GGT GTT CCA GTA GTA GTA GTG GTG GTG GTT GTC GTC GTC GTC GTC GTA GTA GTG GTG GTG GTG GTG GTA GTT GTC GTT ATT GTG GTT GTT GTT TAC TAC TAC TAC TAT TAT TAT TAT TAT TAT TAT TAT GCG GCA TCA TCA TCA TCA TCC TCT TCT TCT GCC TCA TCC TCT TCT ACA TCG TCT TCA TCA TCT TCA TCT TCT TCT TCT TGG TGG AGT TGC TGT TGT TGT CTA TTA TTA TTA TTA TTA TTT TTT CTG TTG TTA TTA CTA TTG TTG TTG TAT TTT TTT TTT
Bos taurus                                  --- --- --- --- --- --- --- --- --- --- AAA AAA AAA AAA AAA AAG AAA ACA AAC AAC AAC AAT AAT AAT AAT AAC AAT AAA AAG AAG AAA AGA AAC AAT AAT AAC AAC AAC AAT AAT AAT AAT AAT AAT GCT ACA ACA ACA ACA CCG ACA AGC GCA GTG ACA ACA ACG ACA ACT ACC ACC ACC ACC ACC ACG ACC ACG AAC ACA ACA ACA ACT ACC ACT ACA ACC ACT ACT ACT ACT ACT ATT ACT GCT AGA AAA AGA AGA AGA AGG AGG AGA AGA AGG CGA CGG CGA AAT AGC AGC AGT GGT AAG AGA AGG AGG AGG AGG AGG CGT AGA AGG GGC AAC AAC AGT AGT AGT AGT AGT AGT AGT AGT AGT ATA ATA ATA CTA ATT ATA CTC ATC AGT ATG ATG ATC ATC ATT ATC ATT CAA CAA CAA CAA CAG CAG CAA CAA CAG CAG CAA CAG CAC CAT CAT CAC CAG CAA CAG CAG CAA CAG CAG CAG TCA CAC CAC CAT CAT CAT CAT CAT CCA CCA CCA CCA CCA CCC CCT CCC CCG CCG CCC CCT TCA CCA CCC CCT CCG CCC CCA CCC CCA CCA CCA CCC CCG CCT CCT CCT CCT CCA CCC CCT CCC AGG CGA CGG CGC CGC CGC CGC CGG CGA CGA CGC CGT CGA CGC CGT CGT CTA CTG CTT TTA TTG CTC CTC CTC CTT CTG TTG TTG CTG TTA CTA CTG CTG CTG TTG CTT CTG CTT CTC CTT GTT GAA GAA GAA GAA GAA GAG GAA GAA GAG GAC GAG GAA GAA GAG GAA GAA GAA GAG GAT GAC GAC GAT GAT GAC GAT GAG GAC GAC GAT GAA GAA GAA GAA GAG GAA GAA GAG GAT GAT GAC GAC GAT GAT GAT GAG GAT GAT GAT GAT GAT GAT GCA GCA GCC GCC GCT GCT GCT GCC GCA GTC CCT GCT GCT GCT GCT GCT GTC GGA GGA GGA GGA GGA GGA GGC GGT GGA GGA GGT GGC GGA GGC GGG GGG GGT GGC GGT GGA GGT GGT GGT GGT GGT GTT CCA GTT GTA GTA GTG GTG GTG GTG GTC TTC GTC GTC GTC GTA GTA GTG GTG GTA GTG GTG GTA ATC GTC GTT ATT GTG GTT GTC GTT TAC TAC TAC TAC TAT TAT TAT TAT TAT TAT TAT TAC GCA GCG TCA TCA TCA TCC TCC TCT TCT TCT GCC TCC TCC TCT TCT ACA TCG TCT TCA TCG TCC TCG TCT TCT TCT TCT TGG TGG AAT TGC TGT TGT TGT CTA TTA TTA TTA TTA TTA TTT TTT CTG TTG TTA TTA CTA TTG TTA TTG TAT TTT TTC TTT
Canis lupus familiaris                      --- --- --- --- --- --- --- --- --- --- AAA AAA AAA AAA AAA AAG AAG ACA AAC AAC AAC AAT AAT AAT AAT AAT AAT AAA AAG AAG AAA AGG AAC AAC AAT AAC AGC AAC AAT AAT AAT AAT AAT AAT GCT ACA ACA ACA ACA ACA ACA AGC GCC GCA ACA ACA ACA ACC ACT ACC ACC ACC AGC ACC ACA ACC ACA AAC ACA ACA ACG ACT ACC ACC ACA ACC ACT ACT ACT ACT ACT ATT ACT GCT AGA AAA AGA AGA AGA AGG AGG AGA AGA AGA CGG CGG CGA AAT AGC AGC AGC GGT AAG AGA AGG AGG AGA AGG AGG CGT AGA AGG GGG AAT AAT AGT AGT AGT AGT AGT AGT AGT AGT AGT ATA ATA ATA ATA ATT ATA ATC ATC AGT ATG ATG ATC ATC ATT ATC ATT CAA CAA CAA CAA CAG CAG CAA CAA CAG CAG CAA CAG CAC CAT CAT CAC CAA CAA CAG CAG CAG CAG CAG CAG CCA CAT CAC CAT CAT CAT CAT CAT CCA CCA CCA CCA CCA CCC CCT CCC CCG CCG CCA CCC TCG CCA CCC CCT CCG CCT CCA CCC CCA CCA CCA CCT CCC CCC CCT CCT CCT CCT CCC CCT CCT AGG CGA CGG CGC CGC CGC CGC CGG CGA CGA CGC CGT CGA CGC CGT CGT CTA CTG CTT TTA TTG CTG CTC CTC CTT CTG TTG TTA CTA TTA CTT CTG CTG CTG CTG CTT CTT CTT CTC CTT ATT GAA GAA GAA GAA GAA GAA GAA GAA GAA GAC GAG GAA GAA GAG GAG GAA GAG GAG GAT GAC GAC GAT GAC GAC GAC GAG GAC GAC GAT GAA GAG GAA GAA GAG GAA GAG GAG GAT GAC GAC GAC GAC GAT GAT GAA GAT GAT GAT GAT GAT GAT GCA GCA GCG GCA GCT GCC GCC GCC GCA GTC CCT GCT GCT GCT GCT GCT GTC GGA GGA GGA GGA GGA GGA GGC GGC GGA GGA GGA GGC GGA GGA GGG GGG GGT GGC GGT GGG GGT GGT GGC GGT GGT GTT CCA GTA GTA GTA GTA GTG GTG GTT GTC GTC GTC GTC GTC GTA GTA GTG GTG GTG GTG GTG GTA GTC GTC GTT ATT GTG GTT GTC GTC TAC TAC TAC TAC TAT TAC TAT TAT TAT TAT TAT TAT GCG GCA TCA TCA TCA TCA TCC TCT TCT TCT GCC TCA TCC TCT TCT ACA TCA TCT TCA TCG TCT TCA TCT TCT TCT TCT TGG TGG AGT TGC TGT TGT TGT TTA TTA TTG TTA TTA TTA TTT TTT CTG TTG TTA TTA TTA TTG TTG TTG TAT TTT TTT TTT



    1    1    2    1    1    2    1    1    1    1    1    5    1    1    1
    1    1    1    6    1    1    2    1    2    1    1    1    1    3    1
    1    1    1    1    1    1    1    1    1    5    4    1    1    1    1
    2    1    2    1    1    1    1    1    1    1    1    1    1    1    1
    1    1    1    1    1    1    1    1    1    1    1    1    1    1    1
    1    1    1    1    4    1    1    1    1    1    1    1    2    1    1
    1    1    1    1    1    1    1    1    2    1    1    1    1    1    1
    1    1    1    1    1    1    1    1    1    1    1    2    1    1    1
    3    2    1    1    1    1    2    1    1    1    1    1    1    6    2
    1    1    1    1    1    1    1    1    1    1    1    1    1    1    1
    1    1    1    1    1    1    1    1    1    1    1    1    1    1    1
    1    1    1    1    1    1    3    1    1    2    2    1    1    1    1
    1    1    1    1    1    1    1    1    1    1    1    1    1    1    1
    1    1    1    2    1    1    1    1    3    1    1    1    1    1    1
    2    1    1    1    1    1    1    1    1    1    1    1    1    1    1
    1    1    1    1    1    1    1    1    1    1    1    1    2    1    1
    1    1    1    1    1    1    1    1    1    1    8    1    1    1    1
    1    1    1    1    1    1    2    1    1    1    1    3    1    1    3
    1    1    1    1    1    1    1    2    1    2    1    1    4    1    1
    2    1    1    1    1    1    1    2    1    1    1    2    1    1    1
    1    1    1    1    1    1    1    1    1    1    2    1    1    1    2
    1    1    1    1    1    1    1    1    1    1    1    1    1    1    1
    1    1    1    1    1    1    1    1    1    1    1    1    1    1    1
    1    2    1    1    1    1    1    1    1    1    1    1    1    1    1
    1    1    1    1    1    1    1    1    1    1    1    1    1    2    1
    1    1    1    1    2    1    1    1    1    1    1    1    1    1    1
    1    1    1    1    1    1    1    1    1    2    1    1    1    1    1
    1    1    2    1    1    1    1    3    2    1    1    1    1    1    1
    1    1    2    1    1    1    1    1    1    1    1    4    1    4

CODONML (in paml version 4.4b, July 2010)  torun.nuc
Model: One dN/dS ratio for branches Global clock 
Codon frequency model: F3x4
ns =   8  ls = 520

Codon usage in sequences
--------------------------------------------------------------------------------------------------------------
Phe TTT 10 10  6  9 11 11 | Ser TCT 10  9  6  9 11 11 | Tyr TAT  8  9  4 11 11 11 | Cys TGT  8  6  7  6  6  6
    TTC  2  0  5  1  0  0 |     TCC  5  3  6  4  2  2 |     TAC  6  6  8  3  4  4 |     TGC  0  1  3  2  1  1
Leu TTA  6  8  2  8 10 10 |     TCA 10  7  8  8 10 10 | *** TAA  0  0  0  0  0  0 | *** TGA  0  0  0  0  0  0
    TTG  9  5  2  6  7  7 |     TCG  2  4  5  2  1  1 |     TAG  0  0  0  0  0  0 | Trp TGG  3  3  2  3  3  3
--------------------------------------------------------------------------------------------------------------
Leu CTT  6  2  4  4  7  7 | Pro CCT 14 15 18 18 16 17 | His CAT  9  8  9  6  9  9 | Arg CGT  7  3  0  4  4  4
    CTC  5  7  7  5  2  2 |     CCC  5 11  8  9  5  5 |     CAC  5  5 11  8  4  4 |     CGC  4  6 13  6  7  7
    CTA  5  7  3  7  5  5 |     CCA 15 12  9 13 18 17 | Gln CAA 11  9  1  8 10 10 |     CGA  4  6  2  5  6  6
    CTG 10 11 19 10  9  9 |     CCG  4  7 11  3  1  1 |     CAG  9 10 15 11 10 10 |     CGG  2  7 10  6  3  3
--------------------------------------------------------------------------------------------------------------
Ile ATT  5  6  5  6  5  4 | Thr ACT 20  9 12 11 11 12 | Asn AAT 20 19 12 21 23 23 | Ser AGT 15 16  5 15 16 16
    ATC  2  2  7  3  5  5 |     ACC 12  9  4 10  9  9 |     AAC 16 18 18 15 15 16 |     AGC  6  5 12  8  5  4
    ATA  7  5  2  5  6  6 |     ACA 11 16 14 15 19 19 | Lys AAA 12 11 12 11 13 13 | Arg AGA 14  5  7  8 11 12
Met ATG  9  8  9  8  8  8 |     ACG  1  4 10  3  1  1 |     AAG  7 10  4 10  6  6 |     AGG 11 12  0 10  9  8
--------------------------------------------------------------------------------------------------------------
Val GTT  9  6  4  6  9  9 | Ala GCT  8 10  4  7 10 10 | Asp GAT 17 12 10 10 18 18 | Gly GGT 10  8  3  7  7  7
    GTC  6 10  6  8  7  7 |     GCC  3  3  8  7  5  5 |     GAC 14 20 15 21 13 13 |     GGC  6  6 11  8  5  5
    GTA  9  4  3  6  6  6 |     GCA  5  5  6  4  6  6 | Glu GAA 27 18  7 24 28 28 |     GGA  7  9  6  7 11 11
    GTG  6 15 18 14 10 10 |     GCG  2  3  6  3  1  1 |     GAG 13 20 35 15 12 12 |     GGG  4  7  6  7  5  5
--------------------------------------------------------------------------------------------------------------

--------------------------------------------------------------
Phe TTT 10 11 | Ser TCT 10 11 | Tyr TAT 10 10 | Cys TGT  6  6
    TTC  2  0 |     TCC  5  2 |     TAC  5  5 |     TGC  1  1
Leu TTA 10 11 |     TCA  7  9 | *** TAA  0  0 | *** TGA  0  0
    TTG  7  7 |     TCG  3  2 |     TAG  0  0 | Trp TGG  3  3
--------------------------------------------------------------
Leu CTT  5  7 | Pro CCT 12 14 | His CAT  9 10 | Arg CGT  4  4
    CTC  5  3 |     CCC  9  8 |     CAC  4  3 |     CGC  7  7
    CTA  5  2 |     CCA 14 15 | Gln CAA  9  9 |     CGA  6  5
    CTG 10 10 |     CCG  5  3 |     CAG 11 11 |     CGG  3  4
--------------------------------------------------------------
Ile ATT  5  6 | Thr ACT 12 11 | Asn AAT 24 25 | Ser AGT 15 15
    ATC  5  5 |     ACC  8  9 |     AAC 16 13 |     AGC  4  7
    ATA  5  6 |     ACA 16 18 | Lys AAA 13 12 | Arg AGA 10 11
Met ATG  8  8 |     ACG  3  1 |     AAG  6  7 |     AGG 10  9
--------------------------------------------------------------
Val GTT  6  4 | Ala GCT 11  9 | Asp GAT 18 14 | Gly GGT 10  7
    GTC  8 11 |     GCC  4  5 |     GAC 13 17 |     GGC  5  5
    GTA  6  7 |     GCA  5  6 | Glu GAA 27 26 |     GGA 11 12
    GTG 11  9 |     GCG  1  2 |     GAG 13 14 |     GGG  2  4
--------------------------------------------------------------

Codon position x base (3x4) table for each sequence.

#1: Gallus gallus  
position  1:    T:0.15551    C:0.22638    A:0.33071    G:0.28740
position  2:    T:0.20866    C:0.25000    A:0.34252    G:0.19882
position  3:    T:0.34646    C:0.19094    A:0.28150    G:0.18110
Average         T:0.23688    C:0.22244    A:0.31824    G:0.22244

#2: Mus musculus   
position  1:    T:0.13976    C:0.24803    A:0.30512    G:0.30709
position  2:    T:0.20866    C:0.25000    A:0.34449    G:0.19685
position  3:    T:0.29134    C:0.22047    A:0.24016    G:0.24803
Average         T:0.21325    C:0.23950    A:0.29659    G:0.25066

#3: Danio rerio    
position  1:    T:0.13196    C:0.28866    A:0.27423    G:0.30515
position  2:    T:0.21031    C:0.27835    A:0.33196    G:0.17938
position  3:    T:0.22474    C:0.29278    A:0.16907    G:0.31340
Average         T:0.18900    C:0.28660    A:0.25842    G:0.26598

#4: Rattus norvegicus
position  1:    T:0.14173    C:0.24213    A:0.31299    G:0.30315
position  2:    T:0.20866    C:0.24803    A:0.34252    G:0.20079
position  3:    T:0.29528    C:0.23228    A:0.25394    G:0.21850
Average         T:0.21522    C:0.24081    A:0.30315    G:0.24081

#5: Homo sapiens   
position  1:    T:0.15157    C:0.22835    A:0.31890    G:0.30118
position  2:    T:0.21063    C:0.24803    A:0.34646    G:0.19488
position  3:    T:0.34252    C:0.17520    A:0.31299    G:0.16929
Average         T:0.23491    C:0.21719    A:0.32612    G:0.22178

#6: Pan troglodytes
position  1:    T:0.15157    C:0.22835    A:0.31890    G:0.30118
position  2:    T:0.20866    C:0.25000    A:0.34843    G:0.19291
position  3:    T:0.34449    C:0.17520    A:0.31299    G:0.16732
Average         T:0.23491    C:0.21785    A:0.32677    G:0.22047

#7: Bos taurus     
position  1:    T:0.15551    C:0.23228    A:0.31496    G:0.29724
position  2:    T:0.21260    C:0.24606    A:0.35039    G:0.19094
position  3:    T:0.32874    C:0.19882    A:0.28346    G:0.18898
Average         T:0.23228    C:0.22572    A:0.31627    G:0.22572

#8: Canis lupus familiaris
position  1:    T:0.15354    C:0.22638    A:0.32087    G:0.29921
position  2:    T:0.21063    C:0.24606    A:0.34646    G:0.19685
position  3:    T:0.32283    C:0.19882    A:0.29331    G:0.18504
Average         T:0.22900    C:0.22375    A:0.32021    G:0.22703

Sums of codon usage counts
------------------------------------------------------------------------------
Phe F TTT      78 | Ser S TCT      77 | Tyr Y TAT      74 | Cys C TGT      51
      TTC      10 |       TCC      29 |       TAC      41 |       TGC      10
Leu L TTA      65 |       TCA      69 | *** * TAA       0 | *** * TGA       0
      TTG      50 |       TCG      20 |       TAG       0 | Trp W TGG      23
------------------------------------------------------------------------------
Leu L CTT      42 | Pro P CCT     124 | His H CAT      69 | Arg R CGT      30
      CTC      36 |       CCC      60 |       CAC      44 |       CGC      57
      CTA      39 |       CCA     113 | Gln Q CAA      67 |       CGA      40
      CTG      88 |       CCG      35 |       CAG      87 |       CGG      38
------------------------------------------------------------------------------
Ile I ATT      42 | Thr T ACT      98 | Asn N AAT     167 | Ser S AGT     113
      ATC      34 |       ACC      70 |       AAC     127 |       AGC      51
      ATA      42 |       ACA     128 | Lys K AAA      97 | Arg R AGA      78
Met M ATG      66 |       ACG      24 |       AAG      56 |       AGG      69
------------------------------------------------------------------------------
Val V GTT      53 | Ala A GCT      69 | Asp D GAT     117 | Gly G GGT      59
      GTC      63 |       GCC      40 |       GAC     126 |       GGC      51
      GTA      47 |       GCA      43 | Glu E GAA     185 |       GGA      74
      GTG      93 |       GCG      19 |       GAG     134 |       GGG      40
------------------------------------------------------------------------------

(Ambiguity data are not used in the counts.)


Codon position x base (3x4) table, overall

position  1:    T:0.14774    C:0.23979    A:0.31230    G:0.30017
position  2:    T:0.20985    C:0.25192    A:0.34422    G:0.19401
position  3:    T:0.31255    C:0.21010    A:0.26899    G:0.20836
Average         T:0.22338    C:0.23394    A:0.30850    G:0.23418

Codon frequencies under model, for use in evolver (TTT TTC TTA TTG ... GGG):
  0.01000979  0.00672867  0.00861492  0.00667320
  0.01201647  0.00807758  0.01034197  0.00801098
  0.01641937  0.01103725  0.00000000  0.00000000
  0.00925434  0.00622085  0.00000000  0.00616956
  0.01624705  0.01092141  0.01398301  0.01083137
  0.01950412  0.01311085  0.01678621  0.01300275
  0.02665053  0.01791473  0.02293676  0.01776702
  0.01502086  0.01009716  0.01292769  0.01001391
  0.02115973  0.01422376  0.01821111  0.01410649
  0.02540166  0.01707522  0.02186192  0.01693444
  0.03470894  0.02333166  0.02987223  0.02313930
  0.01956277  0.01315027  0.01683668  0.01304185
  0.02033816  0.01367149  0.01750402  0.01355877
  0.02441538  0.01641224  0.02101308  0.01627692
  0.03336129  0.02242576  0.02871237  0.02224086
  0.01880320  0.01263968  0.01618296  0.01253547



Nei & Gojobori 1986. dN/dS (dN, dS)
(Pairwise deletion)
(Note: This matrix is not used in later ML. analysis.
Use runmode = -2 for ML pairwise comparison.)

Gallus gallus       
Mus musculus         0.0458 (0.0536 1.1705)
Danio rerio         -1.0000 (0.2237 -1.0000)-1.0000 (0.2266 -1.0000)
Rattus norvegicus    0.0394 (0.0479 1.2138) 0.0388 (0.0104 0.2682)-1.0000 (0.2237 -1.0000)
Homo sapiens         0.0516 (0.0369 0.7156) 0.0427 (0.0214 0.5015)-1.0000 (0.2219 -1.0000) 0.0455 (0.0209 0.4600)
Pan troglodytes      0.0509 (0.0360 0.7077) 0.0392 (0.0196 0.5011)-1.0000 (0.2209 -1.0000) 0.0417 (0.0192 0.4597) 0.2049 (0.0017 0.0084)
Bos taurus           0.0516 (0.0443 0.8586) 0.0389 (0.0240 0.6184)-1.0000 (0.2231 -1.0000) 0.0422 (0.0236 0.5589) 0.0344 (0.0078 0.2258) 0.0350 (0.0078 0.2219)
Canis lupus familiaris 0.0498 (0.0382 0.7681) 0.0455 (0.0231 0.5089)-1.0000 (0.2226 -1.0000) 0.0428 (0.0209 0.4880) 0.0204 (0.0034 0.1683) 0.0205 (0.0034 0.1682) 0.0375 (0.0095 0.2535)


TREE #  1:  (((((5, 6), (2, 4)), (7, 8)), 1), 3);   MP score: -1
lnL(ntime:  7  np:  9):  -5348.462562      +0.000000
   9..10   10..11   11..12   12..13   13..5    13..6    12..14   14..2    14..4    11..15   15..7    15..8    10..1     9..3  
 2.307723 0.386868 0.163551 0.163551 0.007095 0.069659 0.131771 2.442560 0.042562
SEs for parameters:
 0.260329 0.026902 0.017190 0.012418 0.003265 0.007551 0.014616 0.224856 0.004328

tree length =   5.53794

(((((5: 0.007095, 6: 0.007095): 0.156456, (2: 0.069659, 4: 0.069659): 0.093891): 0.000000, (7: 0.131771, 8: 0.131771): 0.031780): 0.223316, 1: 0.386868): 1.920856, 3: 2.307723);

(((((Homo sapiens: 0.007095, Pan troglodytes: 0.007095): 0.156456, (Mus musculus: 0.069659, Rattus norvegicus: 0.069659): 0.093891): 0.000000, (Bos taurus: 0.131771, Canis lupus familiaris: 0.131771): 0.031780): 0.223316, Gallus gallus: 0.386868): 1.920856, Danio rerio: 2.307723);

Detailed output identifying parameters

kappa (ts/tv) =  2.44256

omega (dN/dS) =  0.04256

dN & dS for each branch

 branch          t       N       S   dN/dS      dN      dS  N*dN  S*dS

   9..10     1.921  1149.2   410.8  0.0426  0.0925  2.1726 106.3 892.6
  10..11     0.223  1149.2   410.8  0.0426  0.0108  0.2526  12.4 103.8
  11..12     0.000  1149.2   410.8  0.0426  0.0000  0.0000   0.0   0.0
  12..13     0.156  1149.2   410.8  0.0426  0.0075  0.1770   8.7  72.7
  13..5      0.007  1149.2   410.8  0.0426  0.0003  0.0080   0.4   3.3
  13..6      0.007  1149.2   410.8  0.0426  0.0003  0.0080   0.4   3.3
  12..14     0.094  1149.2   410.8  0.0426  0.0045  0.1062   5.2  43.6
  14..2      0.070  1149.2   410.8  0.0426  0.0034  0.0788   3.9  32.4
  14..4      0.070  1149.2   410.8  0.0426  0.0034  0.0788   3.9  32.4
  11..15     0.032  1149.2   410.8  0.0426  0.0015  0.0359   1.8  14.8
  15..7      0.132  1149.2   410.8  0.0426  0.0063  0.1490   7.3  61.2
  15..8      0.132  1149.2   410.8  0.0426  0.0063  0.1490   7.3  61.2
  10..1      0.387  1149.2   410.8  0.0426  0.0186  0.4376  21.4 179.8
   9..3      2.308  1149.2   410.8  0.0426  0.1111  2.6102 127.7 1072.3

tree length for dN:       0.2666
tree length for dS:       6.2638


Time used:  0:15
