
seed used = 1418811553
      7    720

Mus musculus                               ATG GCG CAA GCC GGG AGA ACA GGG TAT GAT AAC CGG GAG ATC GTG ATG AAG TAC ATA CAT TAT AAG CTG TCA CAG AGG GGC TAC GAG TGG GAT GCT GGA GAT GCG GAC GCG GCG CCC CTG GGG GCT GCC CCC ACC CCT GGC ATC TTC TCC TTC CAG CCT GAG AGC AAC CCA ATG CCC GCT GTG CAC CGG GAC --- ATG GCT GCC AGG ACG TCT CCT CTC AGG CCC CTC GTT GCC --- --- --- ACC GCT GGG CCT GCG CTC AGC CCT GTG CCA CCT GTG GTC CAT CTG ACC CTC CGC CGG GCT GGG GAT GAC TTC TCT CGT CGC TAC CGT CGT GAC TTC GCA GAG ATG TCC AGT CAG CTG CAC CTG ACG CCC TTC ACC GCG AGG GGA CGC TTT GCC ACG GTG GTG GAG GAA CTC TTC AGG GAT GGG GTG AAC TGG GGG AGG ATT GTG GCC TTC TTT GAG TTC GGT GGG GTC ATG TGT GTG GAG AGC GTC AAC AGG GAG ATG TCA CCC CTG GTG GAC AAC ATC GCC CTG TGG ATG ACT GAG TAC CTG AAC CGG CAT CTG CAC ACC TGG ATC CAG GAT AAC GGA GGC TGG GAT GCC TTT GTG GAA CTA TAT GGC CCC AGC ATG CGA CCT CTG TTT GAT TTC TCC TGG CTG TCT CTG AAG ACC CTG CTC AGC CTG GCC CTG GTC GGG GCC TGC ATC ACT CTG GGT GCA TAC CTG GGC CAC AAG 
Canis lupus familiaris                     ATG GCG CAC GCT GGG CGA ACA GGG TAC GAT AAC CGG GAG ATA GTG ATG AAG TAC ATC CAC TAC AAG CTG TCG CAG AGG GGC TAC GAG TGG GAC GCG GGA GAG GCG GGC GCC GCG CCC CCG GGG GCC GCC CCC GCG CCG GGC ATC TTC TCC TCG CAG CCC GGC CGC GCC CCC GCG CCC GCC AGG ACC TCG CCG --- CCC CCG CCC CCC GCC GCC CCC GCT GCC GCC GCC GCC GCC GCC GCC GAC GCC GCG GGC CCC GCG CCC AGC CCC GTG CCA CCT GTG GTC CAC CTG ACC CTG CGC CAG GCC GGC GAC GAC TTC TCC CGC CGC TAC CGC CGC GAC TTC GCC GAG ATG TCC AGC CAG CTG CAC CTG ACG CCC TTC ACC GCG AGG GGA CGC TTT GCC ACG GTG GTG GAG GAG CTC TTC AGG GAT GGG GTG AAC TGG GGG AGG ATT GTG GCC TTC TTT GAG TTC GGT GGG GTC ATG TGT GTG GAG AGC GTC AAC CGG GAG ATG TCG CCC CTG GTG GAC AAC ATC GCC CTG TGG ATG ACT GAG TAC CTG AAC CGG CAT CTG CAC ACC TGG ATC CAG GAC AAC GGA GGC TGG GAT GCC TTT GTG GAA CTG TAC GGC CCC ACC ATG CAG CCT CTG TTT GAC TTC TCC TGG CTG TCT CTG AAG GCG CTG CTC AGT CTG GCC CTG GTG GGA GCT TGC ATC ACC CTG GGT GCC TAT CTG GGC CAT AAG 
Pan troglodytes                            ATG GCG CAC GCT GGG AGA ACA GGG TAC GAT AAC CGG GAG ATA GTG ATG AAG TAC ATC CAT TAT AAG CTG TCG CAG AGG GGC TAC GAG TGG GAT GCG GGA GAT GTG GGC GCC GCG CCC CCG GGG GCC GCC CCC GCA CCG GGC ATC TTC TCC TCC CAG CCC GGG CAC ACG CCC CAT CCA GCC GCA TCC CGG GAC --- CCG GTC GCC AGG ACC TCG CCG CTG CAG ACC CCG GCT GCC CCC GGC GCC GCC GCG GGG CCT GCG CTC AGC CCG GTG CCA CCT GTG GTC CAC CTG ACC CTC CGC CAG GCC GGC GAC GAC TTC TCC CGC CGC TAC CGC CGC GAC TTC GCC GAG ATG TCC AGC CAG CTG CAC CTG ACG CCC TTC ACC GCG CGG GGA CGC TTT GCC ACG GTG GTG GAG GAG CTC TTC AGG GAC GGG GTG AAC TGG GGG AGG ATT GTG GCC TTC TTT GAG TTC GGT GGG GTC ATG TGT GTG GAG AGC GTC AAC CGG GAG ATG TCG CCC CTG GTG GAC AAC ATC GCC CTG TGG ATG ACT GAG TAC CTG AAC CGG CAC CTG CAC ACC TGG ATC CAG GAT AAC GGA GGC TGG GAT GCC TTT GTG GAA CTG TAC GGC CCC AGC ATG CGG CCT CTG TTT GAT TTC TCC TGG CTG TCT CTG AAG ACT CTG CTC AGT TTG GCC CTG GTG GGA GCT TGC ATC ACC CTG GGT GCC TAT CTG GGC CAC AAG 
Bos taurus                                 ATG GCG CAC GCG GGG GGA ACA GGC TAC GAT AAC CGA GAG ATC GTG ATG AAG TAC ATC CAC TAT AAG CTG TCG CAG CGG GGC TAC GAG TGG GAT GCC GGA GAC GCG GGC GCC GCG CCC CCC GGG GCC GCT CCC GCG CCG GGC ATC CTG TCC TCC CAG CCG GGC CGC ACA CCC GCG CCC TCC AGG ACC TCC CCG --- CCG CCG CCC CCG GCC GCC --- --- --- --- --- --- --- --- --- --- GCC GCC GGG CCT GCG CCC AGC CCG GTG CCG CCT GTG GTG CAC CTG ACC CTG CGC CAG GCC GGC GAT GAC TTC TCT CGG CGC TAC CGC CGC GAC TTC GCC GAG ATG TCC AGT CAG CTG CAC CTG ACG CCC TTC ACC GCG AGG GGA CGC TTC GCC ACG GTG GTG GAG GAG CTC TTC AGG GAC GGG GTG AAC TGG GGG CGC ATC GTG GCC TTC TTT GAG TTC GGA GGG GTC ATG TGT GTG GAG AGC GTC AAC CGG GAG ATG TCG CCC CTG GTG GAC AGC ATC GCC CTG TGG ATG ACC GAG TAC CTG AAC CGG CAC CTG CAC ACC TGG ATC CAG GAC AAC GGA GGC TGG GAC GCC TTT GTG GAG CTG TAT GGC CCT AGC ATG CGG CCC CTG TTT GAT TTC TCC TGG CTG TCT CTG AAG GCA CTG CTC AGT CTG GCC CTG GTG GGC GCT TGC ATC ACC CTG GGT GCC TAT CTG GGC CAT AAG 
Gallus gallus                              ATG GCT CAC CCC GGG AGA AGA GGC TAC GAC AAC CGC GAG ATA GTG CTG AAG TAC ATC CAC TAT AAA CTC TCG CAG CGG GGC TAC GAC TGG GCC GCC GGC GAG --- GAC AGG CCG CCC GTG CCC CCG GCC CCG GCT CCC GCT GCT GCT CCC GCC GCG GTG GCT GCT GCT GGA GCC TCC TCC CAC CAC CGC CCG AGC CCC CCG GCT CGG CTG CTG CTA GTG AGG TGC CCC CGG CTG AGG GGC TGC GCC GCG --- --- --- --- --- --- --- CCT CCC GGC GTC CAC CTC GCC CTG CGC CAG GCC GGG GAC GAG TTC TCG CGC CGC TAC CAG AGG GAC TTC GCC CAG ATG TCG GGC CAG CTG CAC CTG ACG CCC TTC ACG GCC ACC GGC CGC TTC GTG GCC GTG GTG GAG GAG CTC TTC CGT GAT GGG GTC AAC TGG GTC CGG ATC GTC GCC TTC TTC GAG TTC GGC GGC GTG ATG TGC GTC GAG AGC GTC AAC CGG GAG ATG TCG CCG CTG GTG GAC AAC ATT GCC ACC TGG ATG ACC GAG TAC CTG AAC CGG CAC CTG CAC AAC TGG ATC CAG GAC AAC GGA GGA TGG GAT GCC TTT GTG GAA TTG TAC GGC AAC AGT ATG AGG CCT TTG TTC GAT TTC TCC TGG ATC TCT CTG AAG ACC ATC CTG AGC CTG GTT CTG GTG GGA GCT TGC ATC ACT CTT GGC GCT TAT CTT GGA CAT AAG 
Homo sapiens                               ATG GCG CAC GCT GGG AGA ACA GGG TAC GAT AAC CGG GAG ATA GTG ATG AAG TAC ATC CAT TAT AAG CTG TCG CAG AGG GGC TAC GAG TGG GAT GCG GGA GAT GTG GGC GCC GCG CCC CCG GGG GCC GCC CCC GCA CCG GGC ATC TTC TCC TCC CAG CCC GGG CAC ACG CCC CAT CCA GCC GCA TCC CGG GAC --- CCG GTC GCC AGG ACC TCG CCG CTG CAG ACC CCG GCT GCC CCC GGC GCC GCC GCG GGG CCT GCG CTC AGC CCG GTG CCA CCT GTG GTC CAC CTG ACC CTC CGC CAG GCC GGC GAC GAC TTC TCC CGC CGC TAC CGC CGC GAC TTC GCC GAG ATG TCC AGC CAG CTG CAC CTG ACG CCC TTC ACC GCG CGG GGA CGC TTT GCC ACG GTG GTG GAG GAG CTC TTC AGG GAC GGG GTG AAC TGG GGG AGG ATT GTG GCC TTC TTT GAG TTC GGT GGG GTC ATG TGT GTG GAG AGC GTC AAC CGG GAG ATG TCG CCC CTG GTG GAC AAC ATC GCC CTG TGG ATG ACT GAG TAC CTG AAC CGG CAC CTG CAC ACC TGG ATC CAG GAT AAC GGA GGC TGG GAT GCC TTT GTG GAA CTG TAC GGC CCC AGC ATG CGG CCT CTG TTT GAT TTC TCC TGG CTG TCT CTG AAG ACT CTG CTC AGT TTG GCC CTG GTG GGA GCT TGC ATC ACC CTG GGT GCC TAT CTG GGC CAC AAG 
Rattus norvegicus                          ATG GCG CAA GCC GGG AGA ACA GGG TAT GAT AAC CGG GAG ATC GTG ATG AAG TAC ATC CAT TAT AAG CTG TCA CAG AGG GGC TAC GAG TGG GAT ACT GGA GAT GAA GAC TCC GCG CCC CTG AGG GCT GCC CCC ACC CCT GGC ATC TTC TCC TTC CAG CCT GAG AGC AAC CGA ACG CCC GCT GTG CAC CGA GAC --- ACG GCT GCC AGG ACG TCG CCT CTA CGG CCC CTT GTC GCC --- --- --- AAC GCT GGG CCT GCG CTC AGC CCT GTG CCA CCT GTG GTC CAC CTG ACC CTC CGC CGG GCT GGG GAT GAC TTC TCT CGT CGC TAC CGT CGC GAC TTT GCA GAG ATG TCC AGT CAG CTG CAC CTG ACG CCC TTC ACC GCG AGG GGA CGC TTT GCC ACG GTG GTG GAG GAA CTC TTC AGG GAT GGG GTG AAC TGG GGG AGG ATT GTG GCC TTC TTT GAG TTC GGT GGG GTC ATG TGT GTG GGG AGC GTC AAC AGG GAG ATG TCA CCC CTG GTG GAC AAC ATC GCT CTG TGG ATG ACT GAG TAC CTG AAC CGG CAT CTG CAC ACC TGG ATC CAG GAT AAC GGA GGC TGG GAT GCC TTT GTG GAA CTA TAT GGC CCC AGC ATG CGA CCT CTG TTT GAT TTC TCC TGG CTG TCT CTG AAG ACG CTG CTC AGC CTG GCC CTG GTG GGG GCC TGC ATC ACT CTG GGT GCA TAC CTG GGC CAC AAG 



Printing out site pattern counts


         7        543  P

Mus musculus                                --- --- --- --- AAC AAC AAC AAG AAG ACA ACC ACC ACC ACC ACC ACC ACG ACG ACG ACT ACT AGA AGC AGC AGC AGC AGC AGG AGG AGG AGG AGG AGG AGG AGT ATA ATC ATC ATC ATC ATG ATG ATG ATG ATT CAA CAC CAC CAC CAG CAG CAT CAT CAT CCA CCA CCC CCC CCC CCC CCC CCT CCT CCT CCT CCT CCT CCT CGA CGC CGG CGG CGG CGG CGT CGT CGT CTA CTC CTC CTC CTC CTC CTC CTG CTG CTG CTG CTG CTG CTG CTG GAA GAA GAC GAC GAC GAC GAG GAG GAG GAG GAG GAT GAT GAT GAT GAT GAT GAT GAT GCA GCA GCC GCC GCC GCC GCC GCC GCC GCC GCC GCG GCG GCG GCG GCG GCG GCT GCT GCT GCT GCT GCT GGA GGA GGC GGC GGC GGG GGG GGG GGG GGG GGG GGG GGG GGT GGT GTC GTC GTC GTC GTG GTG GTG GTG GTG GTT TAC TAC TAT TAT TAT TCA TCC TCC TCC TCT TCT TCT TGC TGG TGT TTC TTC TTC TTC TTT TTT TTT
Canis lupus familiaris                      --- GAC GCC GCC AAC AAC GCC AAG AAG ACA ACC ACC ACC GCC GCG GCG ACG ACG GCC ACC ACT CGA ACC AGC AGC AGT CGC AGG AGG AGG AGG CCC CGG GCC AGC ATC ATA ATC ATC ATC ATG ATG CCC GCG ATT CAC ACC CAC CAT CAG CAG CAC CAC CAT CCA CCC CCC CCC CCC CCC GCC CCC CCC CCC CCC CCG CCT CCT CAG CGC CAG CGG CGG TCG CGC CGC CGC CTG CCC CTC CTC CTG GCC GCT CCG CTG CTG CTG CTG CTG CTG CTG GAA GAG CCG GAC GAC GGC GAG GAG GAG GAG GGC GAC GAC GAC GAC GAG GAT GAT GAT GCC GCC CCC GCC GCC GCC GCC GCC GCC GCT GCT GCC GCG GCG GCG GCG GCG CCG GCC GCC GCC GCG GCG GGA GGA GGC GGC GGC GGA GGC GGC GGG GGG GGG GGG GGG GGT GGT GTC GTC GTC GTG AGG GTG GTG GTG GTG GCC TAC TAT TAC TAC TAC TCG TCC TCC TCC GCC TCC TCT TGC TGG TGT TCG TTC TTC TTC TTT TTT TTT
Pan troglodytes                             --- GCC CCC GGC AAC AAC ACG AAG AAG ACA ACC ACC ACC GCC ACT GCA ACG ACG ACC ACC ACT AGA AGC AGC AGC AGT CAC AGG AGG AGG CGG AGG CGG CAG AGC ATC ATA ATC ATC ATC ATG ATG CCG CAT ATT CAC TCC CAC CAC CAG CAG CAC CAT CAC CCA CCC CCA CCC CCC CCC ACC CCC CCG CCG CCT CCG CCT CCT CGG CGC CAG CGG CGG CGG CGC CGC CGC CTG CTC CTC CTC CTC CCG CTG CCG CTG CTG CTG CTG CTG CTG TTG GAA GAG GAC GAC GAC GGC GAG GAG GAG GAG GGG GAC GAT GAT GAT GAT GAC GAT GAT GCC GCC GCC GCC GCC GCC GCC GCC GCC GCT GCT GCC GCG GCG GCG GCG GTG GTC GCC GCC GCC GCG GCG GGA GGA GGC GGC GGC GGA GGC GGG GGG GGG GGG GGG GGG GGT GGT GTC GTC GTC GTG GCA GTG GTG GTG GTG GCT TAC TAT TAC TAC TAT TCG TCC TCC TCC TCG TCC TCT TGC TGG TGT TCC TTC TTC TTC TTT TTT TTT
Bos taurus                                  --- --- --- --- AAC AGC ACA AAG AAG ACA ACC ACC ACC GCC GCA GCG ACG ACG GCC ACC ACC GGA AGC AGC AGC AGT CGC AGG CGC CGG AGG CCG CGG --- AGT ATC ATC ATC ATC ATC ATG ATG CCG GCG ATC CAC ACC CAC CAT CAG CAG CAC CAC CAC CCG CCC CCC CCC CCC CCT --- CCG --- CCG CCT CCG CCC CCT CGG CGC CAG CGA CGG TCC CGC CGC CGG CTG CCC CTC CTC CTG --- --- CCC CTG CTG CTG CTG CTG CTG CTG GAG GAG CCG GAC GAC GGC GAG GAG GAG GAG GGC GAT GAC GAT GAT GAC GAC GAC GAT GCC GCC CCC --- GCC GCC GCC GCC GCT GCG GCT GCC GCG GCG GCG GCG GCG CCG GCC GCC TCC GCC GCC GGA GGA GGC GGC GGC GGC GGC GGG GGC GGG GGG GGG GGG GGA GGT GTC GTC GTG GTG AGG GTG GTG GTG GTG --- TAC TAT TAC TAT TAT TCG TCC TCC TCC GCC TCT TCT TGC TGG TGT TCC CTG TTC TTC TTC TTT TTT
Gallus gallus                               AGC TGC AGG GGC AAC AAC GCT AAA AAG AGA AAC ACG GCC GCC ACC GCT ACG GCC CTG ACT ACC AGA AGT --- AGC AGC GCT CGT CGG CGG ACC CGG CGG AGG GGC ATC ATA ATC ATT GCT ATG CTG CCC GCC ATC CAC CAC CAC CAT CAG GCG CAC CAC CAC CCT GGA TCC CCC CCG AAC TGC GTG CTA --- --- CCC CCT CCC AGG CGC CAG CGC CGG CGC AGG CAG CGC TTG --- CTC CTG CTG CCC GTG GTG ACC ATC CTC CTG CTT TTG CTG GAA GAG CCG GAC GAG GAC CAG GAC GAG GAG GCT GAC GAC GAT GCC GAG GAT GAT GAC GCC GCT GCT CTG GCC GCC GTG GTT GCC CCC GCT AGG --- CCG GCC GCT --- CCG CCG GCC TCC GCC GCG GGA GGC GCT GGA GGC GGA GGG --- GGC CCC GGC GGG GTC GGC GGC GTC GTG GTC GTG CAC --- GGC GTC GTG CGG TAC TAT TAC TAC TAT TCG CCC TCC TCG CTG TCG TCT TGC TGG TGC GCC GCT TTC TTC TTC TTC TTT
Homo sapiens                                --- GCC CCC GGC AAC AAC ACG AAG AAG ACA ACC ACC ACC GCC ACT GCA ACG ACG ACC ACC ACT AGA AGC AGC AGC AGT CAC AGG AGG AGG CGG AGG CGG CAG AGC ATC ATA ATC ATC ATC ATG ATG CCG CAT ATT CAC TCC CAC CAC CAG CAG CAC CAT CAC CCA CCC CCA CCC CCC CCC ACC CCC CCG CCG CCT CCG CCT CCT CGG CGC CAG CGG CGG CGG CGC CGC CGC CTG CTC CTC CTC CTC CCG CTG CCG CTG CTG CTG CTG CTG CTG TTG GAA GAG GAC GAC GAC GGC GAG GAG GAG GAG GGG GAC GAT GAT GAT GAT GAC GAT GAT GCC GCC GCC GCC GCC GCC GCC GCC GCC GCT GCT GCC GCG GCG GCG GCG GTG GTC GCC GCC GCC GCG GCG GGA GGA GGC GGC GGC GGA GGC GGG GGG GGG GGG GGG GGG GGT GGT GTC GTC GTC GTG GCA GTG GTG GTG GTG GCT TAC TAT TAC TAC TAT TCG TCC TCC TCC TCG TCC TCT TGC TGG TGT TCC TTC TTC TTC TTT TTT TTT
Rattus norvegicus                           --- --- --- --- AAC AAC AAC AAG AAG ACA ACC ACC ACC AAC ACG ACC ACG ACG ACG ACT ACT AGA AGC AGC AGC AGC AGC AGG AGG AGG AGG AGG AGG CGG AGT ATC ATC ATC ATC ATC ATG ATG ACG ACG ATT CAA CAC CAC CAC CAG CAG CAC CAT CAT CCA CGA CCC CCC CCC CCC CCC CCT CCT CCT CCT CCT CCT CCT CGA CGC CGG CGG CGG CGA CGC CGT CGT CTA CTC CTC CTC CTC CTT CTA CTG CTG CTG CTG CTG CTG CTG CTG GAA GAA GAC GAC GAC GAC GAG GAG GAG GGG GAG GAT GAT GAT GAT GAT GAT GAT GAT GCA GCA GCC GCC GCC GCT GCC GCC GCC GCC GCC TCC GCG GCG GCG GCG GAA GCT GCT GCT GCT ACT GCT GGA GGA GGC GGC GGC GGG GGG GGG GGG AGG GGG GGG GGG GGT GGT GTC GTC GTC GTG GTG GTG GTG GTG GTG GTC TAC TAC TAT TAT TAT TCA TCC TCC TCC TCG TCT TCT TGC TGG TGT TTC TTC TTC TTT TTT TTT TTT



    1    1    1    1    5    1    1    1    3    1    1    1    1    1    1
    1    1    1    1    1    1    1    1    1    1    1    1    1    1    1
    1    1    1    1    1    1    1    2    1    1    6    1    1    1    1
    1    1    2    1    3    1    1    1    1    1    1    1    2    2    1
    1    1    1    1    1    1    1    1    1    3    1    1    1    1    1
    1    1    1    1    1    1    1    1    1    1    1    2    2    7    2
    1    1    1    1    1    2    1    1    1    1    5    1    1    1    1
    1    1    1    1    1    1    1    1    1    1    2    1    1    1    1
    1    1    1    1    1    1    1    1    1    1    1    1    1    1    1
    2    1    2    2    1    1    1    1    1    1    2    1    1    1    1
    1    1    1    1    1    1    3    5    1    4    1    1    1    1    2
    1    1    1    1    1    1    1    6    1    1    1    6    1    1    2
    1

CODONML (in paml version 4.4b, July 2010)  torun.nuc
Model: One dN/dS ratio for branches Global clock 
Codon frequency model: F3x4
ns =   7  ls = 240

Codon usage in sequences
--------------------------------------------------------------------------------------------------------------
Phe TTT  4  4  4  3  1  4 | Ser TCT  3  1  1  2  1  1 | Tyr TAT  3  1  2  3  2  2 | Cys TGT  1  1  1  1  0  1
    TTC  9  8  8  8 10  8 |     TCC  3  4  6  6  3  6 |     TAC  5  7  6  5  6  6 |     TGC  1  1  1  1  4  1
Leu TTA  0  0  0  0  0  0 |     TCA  2  0  0  0  0  0 | *** TAA  0  0  0  0  0  0 | *** TGA  0  0  0  0  0  0
    TTG  0  0  1  0  2  1 |     TCG  0  4  3  2  4  3 |     TAG  0  0  0  0  0  0 | Trp TGG  6  6  6  6  6  6
--------------------------------------------------------------------------------------------------------------
Leu CTT  0  0  0  0  2  0 | Pro CCT  7  2  3  3  2  3 | His CAT  3  2  2  1  1  2 | Arg CGT  3  0  0  0  1  0
    CTC  6  2  4  2  3  4 |     CCC  7 15  8 10  9  8 |     CAC  4  5  7  6  8  7 |     CGC  3  7  6  7  6  6
    CTA  1  0  0  0  1  0 |     CCA  2  1  2  0  0  2 | Gln CAA  1  0  0  0  0  0 |     CGA  1  1  0  1  0  0
    CTG 17 18 17 19 14 17 |     CCG  0  4  6  8  6  6 |     CAG  4  6  6  5  6  6 |     CGG  4  3  6  5  6  6
--------------------------------------------------------------------------------------------------------------
Ile ATT  1  1  1  0  1  1 | Thr ACT  2  1  2  0  1  2 | Asn AAT  0  0  0  0  0  0 | Ser AGT  1  1  1  2  1  1
    ATC  5  5  5  7  6  5 |     ACC  6  6  6  6  4  6 |     AAC  7  6  6  5  8  6 |     AGC  5  3  4  4  3  4
    ATA  1  1  1  0  1  1 |     ACA  1  1  1  2  0  1 | Lys AAA  0  0  0  0  1  0 | Arg AGA  1  0  1  0  2  1
Met ATG  9  7  7  7  6  7 |     ACG  3  2  3  2  2  3 |     AAG  4  4  4  4  3  4 |     AGG  7  5  4  3  5  4
--------------------------------------------------------------------------------------------------------------
Val GTT  1  0  0  0  1  0 | Ala GCT  6  3  3  2 11  3 | Asp GAT  8  3  6  4  3  6 | Gly GGT  2  2  2  1  0  2
    GTC  4  3  4  2  6  4 |     GCC 10 23 16 15 14 16 |     GAC  5  8  6  7  7  6 |     GGC  5  9  8 10 11  8
    GTA  0  0  0  0  0  0 |     GCA  2  0  2  1  0  2 | Glu GAA  2  1  1  0  1  1 |     GGA  3  4  4  5  5  4
    GTG 11 11 12 12 11 12 |     GCG  6 10  6  8  2  6 |     GAG  9 10  9 10  9  9 |     GGG  9  6  8  6  3  8
--------------------------------------------------------------------------------------------------------------

--------------------------------------------------
Phe TTT  5 | Ser TCT  2 | Tyr TAT  3 | Cys TGT  1
    TTC  8 |     TCC  4 |     TAC  5 |     TGC  1
Leu TTA  0 |     TCA  2 | *** TAA  0 | *** TGA  0
    TTG  0 |     TCG  1 |     TAG  0 | Trp TGG  6
--------------------------------------------------
Leu CTT  1 | Pro CCT  7 | His CAT  2 | Arg CGT  2
    CTC  4 |     CCC  7 |     CAC  5 |     CGC  4
    CTA  2 |     CCA  1 | Gln CAA  1 |     CGA  3
    CTG 17 |     CCG  0 |     CAG  4 |     CGG  4
--------------------------------------------------
Ile ATT  1 | Thr ACT  3 | Asn AAT  0 | Ser AGT  1
    ATC  6 |     ACC  4 |     AAC  8 |     AGC  5
    ATA  0 |     ACA  1 | Lys AAA  0 | Arg AGA  1
Met ATG  7 |     ACG  6 |     AAG  4 |     AGG  7
--------------------------------------------------
Val GTT  0 | Ala GCT  6 | Asp GAT  8 | Gly GGT  2
    GTC  4 |     GCC  9 |     GAC  5 |     GGC  5
    GTA  0 |     GCA  2 | Glu GAA  3 |     GGA  3
    GTG 12 |     GCG  4 |     GAG  8 |     GGG  9
--------------------------------------------------

Codon position x base (3x4) table for each sequence.

#1: Mus musculus   
position  1:    T:0.15678    C:0.26695    A:0.22458    G:0.35169
position  2:    T:0.29237    C:0.25424    A:0.23305    G:0.22034
position  3:    T:0.19068    C:0.36017    A:0.07203    G:0.37712
Average         T:0.21328    C:0.29379    A:0.17655    G:0.31638

#2: Canis lupus familiaris
position  1:    T:0.15481    C:0.27615    A:0.17992    G:0.38912
position  2:    T:0.25105    C:0.32218    A:0.22176    G:0.20502
position  3:    T:0.09205    C:0.46862    A:0.03766    G:0.40167
Average         T:0.16597    C:0.35565    A:0.14644    G:0.33194

#3: Pan troglodytes
position  1:    T:0.16318    C:0.28033    A:0.19247    G:0.36402
position  2:    T:0.26778    C:0.28452    A:0.23013    G:0.21757
position  3:    T:0.11715    C:0.42259    A:0.05021    G:0.41004
Average         T:0.18271    C:0.32915    A:0.15760    G:0.33054

#4: Bos taurus     
position  1:    T:0.16157    C:0.29258    A:0.18341    G:0.36245
position  2:    T:0.26201    C:0.29258    A:0.21834    G:0.22707
position  3:    T:0.09607    C:0.44105    A:0.03930    G:0.42358
Average         T:0.17322    C:0.34207    A:0.14702    G:0.33770

#5: Gallus gallus  
position  1:    T:0.16810    C:0.28017    A:0.18966    G:0.36207
position  2:    T:0.28017    C:0.25431    A:0.23707    G:0.22845
position  3:    T:0.12069    C:0.46552    A:0.04741    G:0.36638
Average         T:0.18966    C:0.33333    A:0.15805    G:0.31897

#6: Homo sapiens   
position  1:    T:0.16318    C:0.28033    A:0.19247    G:0.36402
position  2:    T:0.26778    C:0.28452    A:0.23013    G:0.21757
position  3:    T:0.11715    C:0.42259    A:0.05021    G:0.41004
Average         T:0.18271    C:0.32915    A:0.15760    G:0.33054

#7: Rattus norvegicus
position  1:    T:0.16102    C:0.27119    A:0.22881    G:0.33898
position  2:    T:0.28390    C:0.25000    A:0.23729    G:0.22881
position  3:    T:0.18644    C:0.35593    A:0.08051    G:0.37712
Average         T:0.21045    C:0.29237    A:0.18220    G:0.31497

Sums of codon usage counts
------------------------------------------------------------------------------
Phe F TTT      25 | Ser S TCT      11 | Tyr Y TAT      16 | Cys C TGT       6
      TTC      59 |       TCC      32 |       TAC      40 |       TGC      10
Leu L TTA       0 |       TCA       4 | *** * TAA       0 | *** * TGA       0
      TTG       4 |       TCG      17 |       TAG       0 | Trp W TGG      42
------------------------------------------------------------------------------
Leu L CTT       3 | Pro P CCT      27 | His H CAT      13 | Arg R CGT       6
      CTC      25 |       CCC      64 |       CAC      42 |       CGC      39
      CTA       4 |       CCA       8 | Gln Q CAA       2 |       CGA       6
      CTG     119 |       CCG      30 |       CAG      37 |       CGG      34
------------------------------------------------------------------------------
Ile I ATT       6 | Thr T ACT      11 | Asn N AAT       0 | Ser S AGT       8
      ATC      39 |       ACC      38 |       AAC      46 |       AGC      28
      ATA       5 |       ACA       7 | Lys K AAA       1 | Arg R AGA       6
Met M ATG      50 |       ACG      21 |       AAG      27 |       AGG      35
------------------------------------------------------------------------------
Val V GTT       2 | Ala A GCT      34 | Asp D GAT      38 | Gly G GGT      11
      GTC      27 |       GCC     103 |       GAC      44 |       GGC      56
      GTA       0 |       GCA       9 | Glu E GAA       9 |       GGA      28
      GTG      81 |       GCG      42 |       GAG      64 |       GGG      49
------------------------------------------------------------------------------

(Ambiguity data are not used in the counts.)


Codon position x base (3x4) table, overall

position  1:    T:0.16121    C:0.27818    A:0.19879    G:0.36182
position  2:    T:0.27212    C:0.27758    A:0.22970    G:0.22061
position  3:    T:0.13152    C:0.41939    A:0.05394    G:0.39515
Average         T:0.18828    C:0.32505    A:0.16081    G:0.32586

Codon frequencies under model, for use in evolver (TTT TTC TTA TTG ... GGG):
  0.00587850  0.01874620  0.00241100  0.01766260
  0.00599634  0.01912196  0.00245933  0.01801664
  0.00496203  0.01582363  0.00000000  0.00000000
  0.00476565  0.01519736  0.00000000  0.01431890
  0.01014374  0.03234777  0.00416033  0.03047795
  0.01034706  0.03299616  0.00424373  0.03108887
  0.00856231  0.02730468  0.00351173  0.02572638
  0.00822343  0.02622402  0.00337274  0.02470818
  0.00724868  0.02311561  0.00297296  0.02177945
  0.00739398  0.02357896  0.00303255  0.02221601
  0.00611860  0.01951184  0.00250947  0.01838399
  0.00587644  0.01873961  0.00241015  0.01765639
  0.01319349  0.04207324  0.00541115  0.03964126
  0.01345794  0.04291658  0.00551962  0.04043585
  0.01113660  0.03551393  0.00456754  0.03346111
  0.01069583  0.03410837  0.00438677  0.03213679



Nei & Gojobori 1986. dN/dS (dN, dS)
(Pairwise deletion)
(Note: This matrix is not used in later ML. analysis.
Use runmode = -2 for ML pairwise comparison.)

Mus musculus        
Canis lupus familiaris 0.2094 (0.0889 0.4248)
Pan troglodytes      0.1381 (0.0506 0.3663) 0.3545 (0.0680 0.1918)
Bos taurus           0.1494 (0.0743 0.4972) 0.0637 (0.0179 0.2816) 0.1672 (0.0522 0.3120)
Gallus gallus        0.1536 (0.1859 1.2107) 0.2413 (0.1925 0.7975) 0.2026 (0.1862 0.9188) 0.1907 (0.1600 0.8390)
Homo sapiens         0.1381 (0.0506 0.3663) 0.3545 (0.0680 0.1918)-1.0000 (0.0000 0.0000) 0.1672 (0.0522 0.3120) 0.2026 (0.1862 0.9188)
Rattus norvegicus    0.1941 (0.0172 0.0887) 0.2416 (0.0985 0.4079) 0.1681 (0.0592 0.3525) 0.1791 (0.0849 0.4741) 0.1476 (0.1853 1.2558) 0.1681 (0.0592 0.3525)


TREE #  1:  ((((6, 3), (1, 7)), (4, 2)), 5);   MP score: -1
lnL(ntime:  6  np:  8):  -2252.569563      +0.000000
   8..9     9..10   10..11   11..6    11..3    10..12   12..1    12..7     9..13   13..4    13..2     8..5  
 0.740826 0.265810 0.211654 0.000000 0.045453 0.146707 1.906711 0.103886
SEs for parameters:
 0.064466 0.020112 0.024135 0.047759 0.009077 0.020517 0.281544 0.013110

tree length =   2.15128

((((6: 0.000000, 3: 0.000000): 0.211654, (1: 0.045453, 7: 0.045453): 0.166201): 0.054156, (4: 0.146707, 2: 0.146707): 0.119103): 0.475015, 5: 0.740826);

((((Homo sapiens: 0.000000, Pan troglodytes: 0.000000): 0.211654, (Mus musculus: 0.045453, Rattus norvegicus: 0.045453): 0.166201): 0.054156, (Bos taurus: 0.146707, Canis lupus familiaris: 0.146707): 0.119103): 0.475015, Gallus gallus: 0.740826);

Detailed output identifying parameters

kappa (ts/tv) =  1.90671

omega (dN/dS) =  0.10389

dN & dS for each branch

 branch          t       N       S   dN/dS      dN      dS  N*dN  S*dS

   8..9      0.475   574.0   146.0  0.1039  0.0576  0.5545  33.1  80.9
   9..10     0.054   574.0   146.0  0.1039  0.0066  0.0632   3.8   9.2
  10..11     0.212   574.0   146.0  0.1039  0.0257  0.2471  14.7  36.1
  11..6      0.000   574.0   146.0  0.1039  0.0000  0.0000   0.0   0.0
  11..3      0.000   574.0   146.0  0.1039  0.0000  0.0000   0.0   0.0
  10..12     0.166   574.0   146.0  0.1039  0.0202  0.1940  11.6  28.3
  12..1      0.045   574.0   146.0  0.1039  0.0055  0.0531   3.2   7.7
  12..7      0.045   574.0   146.0  0.1039  0.0055  0.0531   3.2   7.7
   9..13     0.119   574.0   146.0  0.1039  0.0144  0.1390   8.3  20.3
  13..4      0.147   574.0   146.0  0.1039  0.0178  0.1713  10.2  25.0
  13..2      0.147   574.0   146.0  0.1039  0.0178  0.1713  10.2  25.0
   8..5      0.741   574.0   146.0  0.1039  0.0898  0.8648  51.6 126.2

tree length for dN:       0.2609
tree length for dS:       2.5113


Time used:  0:04
