
seed used = 1418840961
      7    918

Canis lupus familiaris                     ATG GCT ACT CCT --- --- --- CGG TAC GAG CCA GTG GCT GAG ATT GGG GTT GGT GCC TAT GGA ACG GTG TAC AAG GCC CGT GAT CCG CAC AGC GGC CAC TTC GTG GCC CTC AAG AGC GTT AGA GTC CCT AAT GGA GGA GGT GCC GGA GGG GGC CTT CCC ATC AGC ACA GTT CGT GAA GTG GCA TTG CTG AGG CGG CTG GAG GCT TTT GAG CAT CCC AAC GTT GTC CGG CTA ATG GAC GTC TGC GCC ACT GCC CGA ACC GAC CGG GAG ACC AAA GTG ACC CTG GTG TTT GAG CAC GTG GAC CAA GAC CTG AGA ACG TAC CTG GAC AAG GCA CCC CCA CCG GGC TTG CCA GTG GAG ACC ATC AAG GAT CTG ATG CGC CAG TTT CTA AGA GGC CTA GAT TTC CTT CAT GCC AAC TGC ATC GTT CAC CGA GAC CTG AAG CCC GAG AAC ATT CTG GTG ACC AGT GGT GGG ACA GTC AAG CTG GCT GAC TTT GGC CTG GCC AGA ATC TAC AGC TAC CAG ATG GCA CTT ACG CCT GTG GTT GTT ACA CTC TGG TAT CGT GCT CCA GAA GTT CTT CTG CAG TCT ACG TAT GCA ACA CCC GTG GAC ATG TGG AGT GTC GGC TGT ATC TTC GCA GAG ATG TTT CGT CGC AAG CCT CTC TTC TGT GGA AAC TCT GAA GCT GAC CAG TTA GGC AAA ATC TTT GAT CTG ATC GGG CTG CCC CCA GAG GAT GAC TGG CCC CGA GAT GTG TCT CTG CCC CGA GGA GCC TTT TCC CCT AGA GGG CCC CGT CCA GTA CAG ACA GTG GTA CCT GAG ATG GAG GAG TCT GGA GCA CAG CTG CTG CTG GAG ATG CTG ACT TTT AAC CCA CAC AAG CGA ATC TCT GCC TTC CGA GCC CTG CAG CAC TCT TAT CTA CAA AAG GCA GAA GGT AAC CCA GAG 
Homo sapiens                               ATG GCT ACC TCT --- --- --- CGA TAT GAG CCA GTG GCT GAA ATT GGT GTC GGT GCC TAT GGG ACA GTG TAC AAG GCC CGT GAT CCC CAC AGT GGC CAC TTT GTG GCC CTC AAG AGT GTG AGA GTC CCC AAT GGA GGA GGA GGT GGA GGA GGC CTT CCC ATC AGC ACA GTT CGT GAG GTG GCT TTA CTG AGG CGA CTG GAG GCT TTT GAG CAT CCC AAT GTT GTC CGG CTG ATG GAC GTC TGT GCC ACA TCC CGA ACT GAC CGG GAG ATC AAG GTA ACC CTG GTG TTT GAG CAT GTA GAC CAG GAC CTA AGG ACA TAT CTG GAC AAG GCA CCC CCA CCA GGC TTG CCA GCC GAA ACG ATC AAG GAT CTG ATG CGC CAG TTT CTA AGA GGC CTA GAT TTC CTT CAT GCC AAT TGC ATC GTT CAC CGA GAT CTG AAG CCA GAG AAC ATT CTG GTG ACA AGT GGT GGA ACA GTC AAG CTG GCT GAC TTT GGC CTG GCC AGA ATC TAC AGC TAC CAG ATG GCA CTT ACA CCC GTG GTT GTT ACA CTC TGG TAC CGA GCT CCC GAA GTT CTT CTG CAG TCC ACA TAT GCA ACA CCT GTG GAC ATG TGG AGT GTT GGC TGT ATC TTT GCA GAG ATG TTT CGT CGA AAG CCT CTC TTC TGT GGA AAC TCT GAA GCC GAC CAG TTG GGC AAA ATC TTT GAC CTG ATT GGG CTG CCT CCA GAG GAT GAC TGG CCT CGA GAT GTA TCC CTG CCC CGT GGA GCC TTT CCC CCC AGA GGG CCC CGC CCA GTG CAG TCG GTG GTA CCT GAG ATG GAG GAG TCG GGA GCA CAG CTG CTG CTG GAA ATG CTG ACT TTT AAC CCA CAC AAG CGA ATC TCT GCC TTT CGA GCT CTG CAG CAC TCT TAT CTA CAT AAG GAT GAA GGT AAT CCG GAG 
Rattus norvegicus                          ATG GCT ACC ACT --- --- --- CGA TAT GAA CCC GTG GCT GAA ATT GGT GTC GGT GCC TAT GGG ACG GTG TAC AAA GCC CGA GAT CCC CAC AGT GGC CAC TTT GTG GCT CTC AAG AGT GTG AGA GTT CCT AAT GGA GGA GCA GCT GGA GGG GGC CTT CCC GTC AGC ACA GTT CGT GAG GTG GCC TTG TTA AGA AGG CTG GAG GCC TTT GAA CAT CCC AAT GTT GTA CGG CTG ATG GAT GTC TGT GCT ACT TCC CGA ACT GAT CGG GAC ATC AAG GTC ACC TTA GTG TTT GAG CAT ATA GAC CAG GAC CTA CGG ACA TAC CTG GAC AAA GCA CCT CCG CCG GGC TTG CCT GTT GAG ACC ATT AAG GAT CTG ATG CGC CAG TTT CTA AGC GGC CTA GAT TTC CTT CAT GCA AAC TGC ATT GTT CAC CGG GAC CTG AAG CCA GAG AAC ATT CTA GTG ACA AGT AAT GGG ACA GTT AAG CTG GCC GAC TTT GGC CTA GCC AGA ATC TAC AGC TAC CAG ATG GCC CTC ACG CCT GTG GTT GTT ACG CTC TGG TAC CGG GCT CCT GAA GTT CTT CTG CAG TCT ACA TAT GCA ACG CCT GTG GAT ATG TGG AGT GTT GGC TGT ATC TTC GCA GAG ATG TTT CGC CGG AAG CCT CTC TTC TGT GGG AAC TCT GAG GCT GAC CAG CTG GGC AAA ATC TTT GAT CTC ATT GGA TTG CCT CCA GAA GAC GAC TGG CCT CGA GAG GTC TCT CTT CCT CGA GGA GCC TTT TCC CCC AGA GGA CCT CGG CCA GTG CAG TCA GTG GTG CCG GAG ATG GAG GAA TCT GGA GCG CAG TTG CTG CTG GAA ATG CTG ACC TTT AAT CCA CTT AAG CGA ATC TCT GCC TTC CGA GCC CTG CAG CAC TCT TAC CTG CAC AAG GAG GAA AGT GAC CCG GAG 
Pan troglodytes                            ATG GCT ACC TCT --- --- --- CGA TAT GAG CCA GTG GCT GAA ATT GGT GTC GGT GCC TAT GGG ACA GTG TAC AAG GCC CGT GAT CCC CAC AGT GGC CAC TTT GTG GCC CTC AAG AGT GTG AGA GTC CCC AAT GGA GGA GGA GGT GGA GGA GGC CTT CCC ATC AGC ACA GTT CGT GAG GTG GCT TTA CTG AGG CGA CTG GAG GCT TTT GAG CAT CCC AAT GTT GTC CGG CTG ATG GAC GTC TGT GCC ACA TCC CGA ACT GAC CGG GAG ATC AAG GTA ACC CTG GTG TTT GAG CAT GTA GAC CAG GAC CTA AGG ACA TAT CTG GAC AAG GCA CCC CCA CCA GGC TTG CCA GCC GAA ACC ATC AAG GAT CTG ATG CGC CAG TTT CTA AGA GGC CTA GAT TTC CTT CAT GCC AAT TGC ATC GTT CAC CGA GAT CTG AAG CCA GAG AAC ATT CTG GTG ACA AGT GGT GGA ACA GTC AAG CTG GCT GAC TTT GGC CTG GCC AGA ATC TAC AGC TAC CAG ATG GCA CTT ACA CCC GTG GTT GTT ACA CTC TGG TAC CGA GCT CCC GAA GTT CTT CTG CAG TCC ACA TAT GCA ACA CCT GTG GAC ATG TGG AGT GTT GGC TGT ATC TTT GCA GAG ATG TTT CGT CGA AAG CCT CTC TTC TGT GGA AAC TCT GAA GCC GAC CAG TTG GGC AAA ATC TTT GAC CTG ATT GGG CTG CCT CCA GAG GAT GAC TGG CCT CGA GAT GTA TCC CTG CCC CGT GGA GCC TTT CCC CCC AGA GGG CCC CGC CCA GTG CAG TCG GTG GTA CCT GAG ATG GAG GAG TCG GGA GCA CAG CTG CTG CTG GAA ATG CTG ACT TTT AAC CCA CAC AAG CGA ATC TCT GCC TTT CGA GCT CTG CAG CAC TCT TAT CTA CAT AAG GAT GAA GGT AAT CCG GAG 
Danio rerio                                ATG GCG CAG GAG GTG GGG CTG CAG TAT GAG CCA GTA GCA GAG ATC GGG GGC GGG GCT TAC GGG ACC GTC TAT AAG GCT CGG GAT CGG GAC AGC GGG CAG TTT GTG GCG CTG AAG AGC GTT CGG GTG CAG ACC AAT --- --- --- CAG GAC GGA CTC CCA CTG TCC ACG GTT CGA GAG GTG GCT CTG CTG AAG CGC CTG GAG CAG TTC GAC CAT CCC AAC ATC GTC AGG CTG ATG GAC GTG TGC GCG ACC CTC AGG ACG GAT CAG GAG ACT AAA GTG ACG CTG GTG TTT GAA CAT GTG GAT CAG GAT CTC AGG GCA TAC CTG GAG AAA GTT CCA GCA CCG GGA CTG CCT GTG GAC AAA ATC AGA GAC CTG ATG CAG CAG CTG CTG TGT GGT CTG GCG TTC CTG CAC ACT AAT CGA GTT CTC CAT CGG GAT CTG AAG CCG GAG AAC ATC CTG GTG ACC AGC AGA GGG CAG GTG AAG CTG GCG GAC TTT GGG CTG GCG CGC ATC TAC AGC TGC CAC ATG GCA CTG ACC CCG GTG GTG GTG ACG CTG TGG TAT CGC TCT CCT GAG GTG CTC CTG CAG AGC ACA TAC GCC ACA CCA GTG GAC ATC TGG AGC ACC GGC TGC ATC TTT GCC GAG ATG TTC AGA CGC AAG CCT CTG TTC TGC GGA GAT TCA GAG GCG GAC CAG CTG GGG AAG ATC TTT GCG GTG ATC GGT CTG CCG GCG GAG GAT CAG TGG CCC ACA GAC GTC ACT CTT TCC CAC CAC AAC TTC AGC CCT CAG AGC CCT CGG CCA ATC ACA GAC TGC GTT CCG GAC ATC ACA GAG AAA GGG GCG GAG CTA TTG CTG AAA ATG CTG ACC TTC GAC CCG CTG AAG AGG ATC TCT GCG CTG AAC GCT CTG GAT CAT CCC TTC TTC AGC GAG --- --- --- --- --- --- 
Bos taurus                                 ATG GCT ACC TCC --- --- --- CGA TAT GAG CCA GTG GCT GAG ATT GGT GTC GGT GCC TAT GGG ACA GTG TAC AAG GCC CGT GAT CCC CAC AGT GGC CAC TTT GTG GCC CTC AAG AGT GTA AGA GTC CCC AAT GGA GGA GGT GCT GGA GGG GGC CTG CCC ATC AGC ACC GTT CGG GAG GTG GCC TTA CTG CGG CGT CTG GAG GCT TTT GAG CAT CCC AAT GTT GTC AGG CTT ATG GAC GTC TGT GCA ACA GCC CGA ACT GAC CGG GAG ACC AAA GTG ACC CTG GTG TTT GAG CAT GTG GAC CAA GAT CTC AGG ACA TAT CTG GAC AAG GCA CCC CCA CCA GGC TTG CCA GTG GAG ACC ATA AAA GAT CTG ATG CGC CAA TTT CTA AGA GGC CTG GAT TTC CTT CAT GCC AAC TGC ATC GTT CAC CGA GAC CTG AAG CCA GAG AAC ATT CTG GTG ACA AGT GGT GGG ACA GTC AAG CTG GCT GAC TTT GGC CTG GCC AGA ATC TAC AGC TAC CAG ATG GCA CTT ACA CCT GTG GTT GTT ACA CTC TGG TAT CGT GCT CCA GAA GTT CTT TTG CAG TCT ACG TAT GCA ACA CCC GTG GAC ATG TGG AGC GTT GGC TGT ATC TTT GCA GAG ATG TTT CGT CGA AAG CCT CTC TTC TGT GGA AAC TCT GAA GCT GAC CAG TTA GGC AAA ATC TTT GAC CTG ATT GGA CTG CCC CCA GAG GAT GAC TGG CCC CGA GAT GTC TCT CTA CCC CGA GGA GCC TTT TCC CCC CGA GGG CCC CGC CCA GTG CAG TCG GTG GTC CCT GAG CTG GAG GAA TCT GGA GCA CAG CTG CTG CTG GAG ATG CTG ACT TTT AAC CCA CAC AAG CGA ATC TCT GCC TTC CGA GCC CTG CAG CAC TCT TAT CTA CAC AAG GCA GAA GGT GAC GCA GAG 
Mus musculus                               ATG GCT GCC ACT --- --- --- CGA TAT GAA CCC GTG GCT GAA ATT GGT GTC GGT GCC TAT GGG ACG GTG TAC AAA GCC CGA GAT CCC CAC AGT GGC CAC TTT GTG GCC CTC AAG AGT GTG AGA GTT CCT AAT GGA GGA GCA GCT GGA GGG GGC CTT CCC GTC AGC ACA GTT CGT GAG GTG GCC TTG TTA AGG AGG CTG GAG GCC TTT GAA CAT CCC AAT GTT GTA CGG CTG ATG GAT GTC TGT GCT ACT TCC CGA ACT GAT CGG GAC ATC AAG GTC ACC CTA GTG TTT GAG CAT ATA GAC CAG GAC CTG AGG ACA TAC CTG GAC AAA GCA CCT CCA CCG GGC CTG CCG GTT GAG ACC ATT AAG GAT CTA ATG CGT CAG TTT CTA AGC GGC CTG GAT TTT CTT CAT GCA AAC TGC ATT GTT CAC CGG GAC CTG AAG CCA GAG AAC ATT CTA GTG ACA AGT AAT GGG ACC GTC AAG CTG GCT GAC TTT GGC CTA GCT AGA ATC TAC AGC TAC CAG ATG GCC CTC ACG CCT GTG GTG GTT ACG CTC TGG TAC CGA GCT CCT GAA GTT CTT CTG CAG TCT ACA TAC GCA ACA CCC GTG GAC ATG TGG AGC GTT GGC TGT ATC TTT GCA GAG ATG TTC CGT CGG AAG CCT CTC TTC TGT GGA AAC TCT GAA GCC GAC CAG TTG GGG AAA ATC TTT GAT CTC ATT GGA TTG CCT CCA GAA GAC GAC TGG CCT CGA GAG GTA TCT CTA CCT CGA GGA GCC TTT GCC CCC AGA GGG CCT CGG CCA GTG CAG TCA GTG GTG CCA GAG ATG GAG GAG TCT GGA GCG CAG CTG CTA CTG GAA ATG CTG ACC TTT AAC CCA CAT AAG CGA ATC TCT GCC TTC CGA GCC CTG CAG CAC TCC TAC CTG CAC AAG GAG GAA AGC GAC GCA GAG 



Printing out site pattern counts


         7        777  P G
G 2       15    244

Canis lupus familiaris                      --- --- --- AAC AAG ACT ATG CCA CCT CGG GAA GAG GCA GCT GGT AAA AAA AAC AAC AAC AAC AAC AAG AAG AAG AAG AAT ACA ACA ACA ACA ACA ACC ACC ACC ACC ACC ACG ACG ACG ACT ACT AGA AGA AGA AGA AGA AGC AGC AGC AGG AGT AGT ATC ATC ATC ATC ATC ATG ATG ATG ATT CAA CAA CAC CAC CAC CAC CAC CAG CAG CAG CAG CAG CAG CAT CAT CCA CCA CCA CCA CCA CCA CCA CCC CCC CCC CCC CCC CCC CCC CCC CCC CCG CCG CCT CCT CCT CCT CCT CGA CGA CGA CGA CGA CGC CGC CGG CGG CGG CGT CGT CGT CGT CGT CTA CTA CTA CTA CTC CTG CTG CTG CTG CTG CTG CTG CTG CTG CTG CTG CTG CTT CTT CTT CTT GAA GAA GAA GAC GAC GAC GAC GAC GAC GAC GAC GAC GAG GAG GAG GAG GAG GAG GAG GAG GAG GAG GAG GAT GAT GAT GAT GAT GAT GCA GCA GCA GCA GCA GCC GCC GCC GCC GCC GCC GCC GCC GCC GCC GCT GCT GCT GCT GCT GGA GGA GGA GGA GGA GGA GGA GGC GGC GGC GGC GGC GGG GGG GGG GGG GGG GGT GGT GGT GTA GTA GTC GTC GTC GTC GTC GTG GTG GTG GTG GTG GTG GTG GTG GTT GTT GTT GTT GTT GTT GTT TAC TAC TAC TAC TAC TAT TAT TAT TAT TCC TCT TCT TCT TCT TCT TCT TGC TGC TGG TGT TTA TTC TTC TTC TTC TTC TTG TTG TTT TTT TTT TTT
Homo sapiens                                --- --- --- AAT AAG ACC ATG CCG TCT CGA GAA GAG GAT GCT GGT AAA AAG AAC AAC AAC AAT AAT AAG AAG AAG AAG AAT ACA ACA ACA ACA TCG ACA ACC ACG ACT ATC ACA ACA ACA ACA ACT AGA AGA AGA AGA AGG AGC AGC AGT AGG AGT AGT ATC ATC ATC ATC ATT ATG ATG ATG ATT CAG CAT CAC CAC CAC CAC CAT CAG CAG CAG CAG CAG CAG CAT CAT CCA CCA CCA CCA CCA CCA CCC CCA CCC CCC CCC CCC CCC CCT CCT CCT CCA CCC CCC CCC CCC CCT CCT CGA CGA CGA CGA CGT CGA CGC CGA CGG CGG CGA CGC CGT CGT CGT CTA CTA CTA CTG CTC CTA CTG CTG CTG CTG CTG CTG CTG CTG CTG CTG CTG CTT CTT CTT CTT GAA GAA GAG GAC GAC GAC GAC GAC GAC GAC GAC GAT GAA GAA GAA GAG GAG GAG GAG GAG GAG GAG GAG GAC GAT GAT GAT GAT GAT GCA GCA GCA GCA GCT GCC GCC GCC GCC GCC GCC GCC GCT GGT TCC GCC GCT GCT GCT GCT GGA GGA GGA GGA GGA GGA GGG GGC GGC GGC GGC GGC GGA GGA GGG GGG GGT GGA GGT GGT GTA GTG GTC GTC GTC GTC GTT GCC GTA GTA GTA GTG GTG GTG GTG GTC GTG GTT GTT GTT GTT GTT TAC TAC TAC TAT TAT TAC TAT TAT TAT CCC TCC TCC TCG TCT TCT TCT TGC TGT TGG TGT TTG TTC TTC TTT TTT TTT TTA TTG TTT TTT TTT TTT
Rattus norvegicus                           --- --- --- GAC AAG ACC ATG CCG ACT CGA GAA GAG GAG GCT AGT AAA AAG AAC AAC AAT AAC AAT AAA AAA AAG AAG AAT ACA ACA ACG ACG TCA ACA ACC ACC ACT ATC ACA ACA ACG ACT ACC AGA AGA AGA AGC CGG AGC AGC AGT AGA AGT AGT ATC ATT ATT GTC ATT ATG ATG ATG ATT CAG CAC CAC CAC CAC CTT CAT CAG CAG CAG CAG CAG CAG CAT CAT CCA CCA CCA CCC CCG CCT CCT CCA CCC CCC CCT CCT CCT CCT CCT CCT CCG CCC CCC CCT CCT CCG CCT CGA CGA CGA CGG CGA CGG CGC AGG CGG CGG CGG CGG CGA CGC CGT CTA CTA CTG CTG CTC CTA CTA CTC CTG CTG CTG CTG CTT TTA TTA TTG TTG CTC CTT CTT CTT GAA GAG GAG GAC GAC GAC GAC GAC GAT GAT GAT GAC GAA GAA GAG GAA GAA GAA GAC GAG GAG GAG GAG GAT GAC GAG GAT GAT GAT GCA GCA GCC GCG GCC GCA GCC GCC GCC GCC GCT GCT GCC GCT TCC GCT GCC GCC GCT GCT GGA GGA GGA GGA GGA GGG GGG GGC GGC GGC GGC GGC GGG GGG GGA GGA GGT GCA AAT GGT GTG GTG GTA GTC GTT GTT GTT GTT ATA GTC GTC GTG GTG GTG GTG GTC GTG GTT GTT GTT GTT GTT TAC TAC TAC TAC TAT TAC TAC TAT TAT TCC TCT TCT TCT TCT TCT TCT TGC TGT TGG TGT CTG TTC TTC TTC TTC TTT TTG TTG TTT TTT TTT TTT
Pan troglodytes                             --- --- --- AAT AAG ACC ATG CCG TCT CGA GAA GAG GAT GCT GGT AAA AAG AAC AAC AAC AAT AAT AAG AAG AAG AAG AAT ACA ACA ACA ACA TCG ACA ACC ACC ACT ATC ACA ACA ACA ACA ACT AGA AGA AGA AGA AGG AGC AGC AGT AGG AGT AGT ATC ATC ATC ATC ATT ATG ATG ATG ATT CAG CAT CAC CAC CAC CAC CAT CAG CAG CAG CAG CAG CAG CAT CAT CCA CCA CCA CCA CCA CCA CCC CCA CCC CCC CCC CCC CCC CCT CCT CCT CCA CCC CCC CCC CCC CCT CCT CGA CGA CGA CGA CGT CGA CGC CGA CGG CGG CGA CGC CGT CGT CGT CTA CTA CTA CTG CTC CTA CTG CTG CTG CTG CTG CTG CTG CTG CTG CTG CTG CTT CTT CTT CTT GAA GAA GAG GAC GAC GAC GAC GAC GAC GAC GAC GAT GAA GAA GAA GAG GAG GAG GAG GAG GAG GAG GAG GAC GAT GAT GAT GAT GAT GCA GCA GCA GCA GCT GCC GCC GCC GCC GCC GCC GCC GCT GGT TCC GCC GCT GCT GCT GCT GGA GGA GGA GGA GGA GGA GGG GGC GGC GGC GGC GGC GGA GGA GGG GGG GGT GGA GGT GGT GTA GTG GTC GTC GTC GTC GTT GCC GTA GTA GTA GTG GTG GTG GTG GTC GTG GTT GTT GTT GTT GTT TAC TAC TAC TAT TAT TAC TAT TAT TAT CCC TCC TCC TCG TCT TCT TCT TGC TGT TGG TGT TTG TTC TTC TTT TTT TTT TTA TTG TTT TTT TTT TTT
Danio rerio                                 CTG GGG GTG --- GAG CAG ATG --- GAG CAG --- --- --- GCG --- AAG AAA AAC GAT GAC AAT AAC AAA AAG AAG AGA ACC ACG CAG ACA ACG GAC ACC ACG AAA ACG ACT ACA GCA ACC ACC ACC CAG CGC CGG TGT AGG AGC TCC AGC AAG AGC AGC ATC ATC GTT CTG ATC ATC ATC ATG ATC CAG AGC CAG CAT GAC CTG CAT ACA CAC CAG CAG GAG GAT CAC CAT CCA CCG GCG CCA GCA CCT CCT CCG CCA CCC CCA CCT TCC CCA CCC CCG CCG CGG CCT CAG CCG CCG CCT AAC ACA AGG CGG CAC CGC CAG CGC AGG CAG CGC CGG CGG AGA CGA CTG CTG TTC CTG CTG CTC CTG GTG CTG CTG CTG TTG CTT CTG CTG CTA CTG CTG CTC CTC CTG GAG GAG GAG CAG GAC GAG GAT GAT GAC GAC GAT GAT AAA GAG GAC GAC GAG GAG GAG ACA GAA GAC GAG GCG GAT GAC GAC GAT GCG GCC GTT GCA GCG GCT ACT AAC GCG GCG GCT GCG GCG GCT --- CTC GCG CAG GCG GCA TCT --- AAT CAC CAG GGG GGA GGG GGA GGC GGG GGG GGT GAC GGG AGC GGT GGG --- AGA GGG GTT ATC GTC GTG GTG GTG ACC GTG GTG GTC GTG GTA GTC GTG TGC GGC GTT ATC CTC GTG GTG GTT TAC TAT TGC TAC TAT TAT TTC TAC TAC AGC ACT AGC AAA CCC TCA TCT CGA TGC TGG TGC CTG TTC TTC CTG TTT TTT CTG CTG CTG TTC TTC TTT
Bos taurus                                  --- --- --- GAC AAG ACC ATG GCA TCC CGA GAA GAG GCA GCT GGT AAA AAA AAC AAC AAC AAC AAT AAG AAG AAG AAA AAT ACC ACA ACA ACA TCG ACA ACC ACC ACT ACC ACG ACA ACA ACA ACT CGA AGA AGA AGA AGG AGC AGC AGT CGG AGC AGT ATC ATA ATC ATC ATT ATG CTG ATG ATT CAA CAC CAC CAC CAC CAC CAT CAG CAG CAA CAG CAG CAG CAT CAT CCA CCA CCA CCA CCA CCA CCA CCA CCC CCC CCC CCC CCC CCC CCC CCC CCA CCC CCC CCC CCT CCT CCT CGA CGA CGA CGA CGA CGA CGC CGT AGG CGG CGT CGC CGT CGT CGG CTA CTG CTA CTT CTC CTC CTG CTG CTG CTG TTG CTG CTA CTG CTG CTG CTG CTT CTG CTT CTT GAA GAA GAG GAC GAC GAC GAC GAT GAC GAC GAC GAC GAG GAG GAG GAG GAA GAG GAG GAG GAG GAG GAG GAC GAT GAT GAT GAT GAT GCA GCA GCA GCA GCC GCC GCC GCC GCC GCC GCA GCC GCC GCT GCC GCT GCT GCT GCT GCT GGA GGA GGA GGA GGA GGA GGG GGC GGC GGC GGC GGC GGG GGG GGG GGA GGT GGT GGT GGT GTC GTG GTC GTC GTC GTC GTT GTG GTG GTC GTG GTG GTG GTG GTG GTC GTA GTT GTT GTT GTT GTT TAC TAC TAC TAT TAT TAT TAT TAT TAT TCC TCT TCT TCT TCT TCT TCT TGC TGT TGG TGT TTA TTC TTC TTC TTT TTT TTA TTG TTT TTT TTT TTT
Mus musculus                                --- --- --- GAC AAG GCC ATG GCA ACT CGA GAA GAG GAG GCT AGC AAA AAG AAC AAC AAC AAC AAT AAA AAA AAG AAG AAT ACA ACC ACA ACG TCA ACA ACC ACC ACT ATC ACA ACA ACG ACT ACC AGA AGA AGA AGC AGG AGC AGC AGT AGG AGC AGT ATC ATT ATT GTC ATT ATG ATG ATG ATT CAG CAC CAC CAC CAC CAT CAT CAG CAG CAG CAG CAG CAG CAT CAT CCA CCA CCA CCC CCA CCG CCT CCA CCC CCC CCT CCT CCT CCC CCT CCT CCG CCC CCC CCT CCT CCA CCT CGA CGA CGA CGG CGA CGG CGT AGG CGG CGG CGA CGG CGA CGT CGT CTA CTG CTG CTG CTC CTG CTA CTC CTA CTG CTG CTA CTA CTA TTA CTG TTG CTC CTT CTT CTT GAA GAA GAG GAC GAC GAC GAC GAC GAC GAT GAT GAC GAA GAA GAG GAA GAG GAA GAC GAG GAG GAG GAG GAT GAC GAG GAT GAT GAT GCA GCA GCC GCG GCC GCA GCC GCC GCT GCC GCT GCC GCC GCT TCC GCC GCC GCT GCT GCT GGA GGA GGA GGA GGA GGA GGG GGC GGC GGC GGG GGC GGG GGG GGG GGA GGT GCA AAT GGT GTG GTG GTA GTC GTC GTT GTT GTT ATA GTA GTC GTG GTG GTG GTG GTC GTG GTT GTT GTG GTT GTT TAC TAC TAC TAC TAT TAC TAC TAC TAT GCC TCT TCT TCT TCC TCT TCT TGC TGT TGG TGT TTG TTC TTT TTC TTT TTT TTG CTG TTT TTC TTT TTT



    1    1    1    1    1    1    1    1    1    1    1    1    1    1    1
    1    1    1    1    1    1    1    1    1    5    1    1    1    1    1
    1    1    1    1    1    1    1    1    1    2    1    1    1    1    1
    1    1    1    1    2    1    1    1    4    1    1    1    1    1    1
    5    2    1    1    1    2    1    1    1    1    1    1    2    1    1
    1    1    1    1    1    1    1    1    1    1    1    1    1    1    1
    1    1    1    1    1    1    1    1    1    1    1    1    2    1    1
    1    1    1    1    1    1    1    1    1    1    1    1    1    1    3
    1    2    1    1    7    1    1    1    1    1    1    1    1    1    1
    1    1    1    1    1    2    1    1    1    1    1    1    1    1    1
    1    1    1    2    1    1    1    1    3    1    1    1    1    1    1
    2    1    1    1    1    1    1    1    1    2    1    1    1    1    1
    1    1    1    1    1    1    1    1    1    1    1    1    2    1    2
    1    1    1    1    1    1    1    1    1    1    1    1    1    1    1
    1    1    1    1    1    1    1    1    6    1    1    1    1    1    1
    2    1    1    1    1    1    1    1    1    1    1    1    1    1    1
    1    1    1    1    1    3    2    1    1    1    1    1    1    1    1
    1    1    3    3

CODONML (in paml version 4.4b, July 2010)  torun.nuc
Model: One dN/dS ratio for branches Global clock  (2 genes: diff. rate & k&w)  
Codon frequency model: F3x4
ns =   7  ls = 306

Codon usage in sequences
--------------------------------------------------------------------------------------------------------------
Phe TTT  8 11  9 11  5 10 | Ser TCT  6  4  6  4  2  6 | Tyr TAT  4  5  3  5  3  6 | Cys TGT  2  3  3  3  1  3
    TTC  5  2  4  2  8  3 |     TCC  1  3  2  3  2  2 |     TAC  5  4  6  4  4  3 |     TGC  2  1  1  1  5  1
Leu TTA  1  1  2  1  0  2 |     TCA  0  0  1  0  1  0 | *** TAA  0  0  0  0  0  0 | *** TGA  0  0  0  0  0  0
    TTG  2  2  4  2  1  2 |     TCG  0  2  0  2  0  1 |     TAG  0  0  0  0  0  0 | Trp TGG  3  3  3  3  3  3
--------------------------------------------------------------------------------------------------------------
Leu CTT  4  4  5  4  1  4 | Pro CCT  6  5 11  5  5  3 | His CAT  2  4  3  4  4  3 | Arg CGT  5  4  1  4  0  4
    CTC  3  3  5  3  5  4 |     CCC  9 11  5 11  3 11 |     CAC  6  5  5  5  4  6 |     CGC  2  2  2  2  4  2
    CTA  4  4  5  4  1  3 |     CCA  8  8  4  8  5  9 | Gln CAA  2  0  0  0  0  2 |     CGA  6  9  7  9  2  9
    CTG 19 19 13 19 30 19 |     CCG  2  1  4  1  6  0 |     CAG  7  8  8  8 15  6 |     CGG  4  2  7  2  5  3
--------------------------------------------------------------------------------------------------------------
Ile ATT  2  3  5  3  0  3 | Thr ACT  3  2  3  2  3  2 | Asn AAT  1  4  4  4  2  2 | Ser AGT  2  4  5  4  0  3
    ATC  8  8  5  8 12  6 |     ACC  5  2  4  3  7  5 |     AAC  6  3  3  3  4  4 |     AGC  4  2  3  2  9  3
    ATA  0  0  1  0  0  1 |     ACA  5 10  5 10  5  8 | Lys AAA  2  1  3  1  5  3 | Arg AGA  5  4  4  4  3  3
Met ATG  8  8  8  8  6  7 |     ACG  4  1  4  0  4  1 |     AAG  9 10  8 10  8  8 |     AGG  1  2  1  2  4  2
--------------------------------------------------------------------------------------------------------------
Val GTT  8  7 10  7  5  7 | Ala GCT  6  7  7  7  4  7 | Asp GAT  6  7  7  7  8  6 | Gly GGT  4  5  2  5  2  5
    GTC  5  5  5  5  3  7 |     GCC 11 10 10 10  2 10 |     GAC 10 10 10 10 13 11 |     GGC  7  7  7  7  2  7
    GTA  2  4  1  4  1  1 |     GCA  7  5  5  5  4  8 | Glu GAA  4  6  8  6  1  4 |     GGA  7  9  7  9  3  7
    GTG 13 11 12 11 17 13 |     GCG  0  0  1  0 11  0 |     GAG 15 13 12 13 15 15 |     GGG  5  3  4  3  9  4
--------------------------------------------------------------------------------------------------------------

--------------------------------------------------
Phe TTT 10 | Ser TCT  5 | Tyr TAT  2 | Cys TGT  3
    TTC  3 |     TCC  2 |     TAC  7 |     TGC  1
Leu TTA  1 |     TCA  1 | *** TAA  0 | *** TGA  0
    TTG  3 |     TCG  0 |     TAG  0 | Trp TGG  3
--------------------------------------------------
Leu CTT  3 | Pro CCT  9 | His CAT  4 | Arg CGT  3
    CTC  5 |     CCC  6 |     CAC  5 |     CGC  0
    CTA  7 |     CCA  6 | Gln CAA  0 |     CGA  8
    CTG 14 |     CCG  2 |     CAG  8 |     CGG  5
--------------------------------------------------
Ile ATT  5 | Thr ACT  3 | Asn AAT  3 | Ser AGT  3
    ATC  5 |     ACC  4 |     AAC  4 |     AGC  5
    ATA  1 |     ACA  5 | Lys AAA  3 | Arg AGA  3
Met ATG  8 |     ACG  3 |     AAG  8 |     AGG  3
--------------------------------------------------
Val GTT  8 | Ala GCT  7 | Asp GAT  6 | Gly GGT  2
    GTC  5 |     GCC 12 |     GAC 11 |     GGC  6
    GTA  2 |     GCA  6 | Glu GAA  8 |     GGA  7
    GTG 13 |     GCG  1 |     GAG 12 |     GGG  5
--------------------------------------------------

Codon position x base (3x4) table for each sequence.

#1: Canis lupus familiaris
position  1:    T:0.12871    C:0.29373    A:0.21452    G:0.36304
position  2:    T:0.30363    C:0.24092    A:0.26073    G:0.19472
position  3:    T:0.22772    C:0.29373    A:0.17492    G:0.30363
Average         T:0.22002    C:0.27613    A:0.21672    G:0.28713

#2: Homo sapiens   
position  1:    T:0.13531    C:0.29373    A:0.21122    G:0.35974
position  2:    T:0.30363    C:0.23432    A:0.26403    G:0.19802
position  3:    T:0.26073    C:0.25743    A:0.20132    G:0.28053
Average         T:0.23322    C:0.26183    A:0.22552    G:0.27943

#3: Rattus norvegicus
position  1:    T:0.14521    C:0.28053    A:0.21782    G:0.35644
position  2:    T:0.31023    C:0.23762    A:0.26403    G:0.18812
position  3:    T:0.27723    C:0.25413    A:0.17492    G:0.29373
Average         T:0.24422    C:0.25743    A:0.21892    G:0.27943

#4: Pan troglodytes
position  1:    T:0.13531    C:0.29373    A:0.21122    G:0.35974
position  2:    T:0.30363    C:0.23432    A:0.26403    G:0.19802
position  3:    T:0.26073    C:0.26073    A:0.20132    G:0.27723
Average         T:0.23322    C:0.26293    A:0.22552    G:0.27833

#5: Danio rerio    
position  1:    T:0.11785    C:0.30303    A:0.24242    G:0.33670
position  2:    T:0.31987    C:0.21549    A:0.28956    G:0.17508
position  3:    T:0.15152    C:0.29293    A:0.10438    G:0.45118
Average         T:0.19641    C:0.27048    A:0.21212    G:0.32099

#6: Bos taurus     
position  1:    T:0.13861    C:0.29043    A:0.20132    G:0.36964
position  2:    T:0.30363    C:0.24092    A:0.26073    G:0.19472
position  3:    T:0.24422    C:0.28053    A:0.19802    G:0.27723
Average         T:0.22882    C:0.27063    A:0.22002    G:0.28053

#7: Mus musculus   
position  1:    T:0.13531    C:0.28053    A:0.21782    G:0.36634
position  2:    T:0.30693    C:0.23762    A:0.26733    G:0.18812
position  3:    T:0.25083    C:0.26733    A:0.19142    G:0.29043
Average         T:0.23102    C:0.26183    A:0.22552    G:0.28163

Codon usage in genes
--------------------------------------------------------------
Phe TTT  0 64 | Ser TCT  2 31 | Tyr TAT  0 28 | Cys TGT  0 18
    TTC  0 27 |     TCC  1 14 |     TAC  0 33 |     TGC  0 12
Leu TTA  0  8 |     TCA  0  3 | *** TAA  0  0 | *** TGA  0  0
    TTG  0 16 |     TCG  0  5 |     TAG  0  0 | Trp TGG  0 21
--------------------------------------------------------------
Leu CTT  0 25 | Pro CCT  1 43 | His CAT  0 24 | Arg CGT  0 21
    CTC  0 28 |     CCC  0 56 |     CAC  0 36 |     CGC  0 14
    CTA  0 28 |     CCA  1 47 | Gln CAA  0  4 |     CGA  5 45
    CTG  1 132 |     CCG  3 13 |     CAG  2 58 |     CGG  1 27
--------------------------------------------------------------
Ile ATT  0 21 | Thr ACT  3 15 | Asn AAT  2 18 | Ser AGT  1 20
    ATC  0 52 |     ACC  4 26 |     AAC  1 26 |     AGC  1 27
    ATA  0  3 |     ACA  0 48 | Lys AAA  0 18 | Arg AGA  0 26
Met ATG  7 46 |     ACG  0 17 |     AAG  6 55 |     AGG  0 15
--------------------------------------------------------------
Val GTT  0 52 | Ala GCT  6 39 | Asp GAT  2 45 | Gly GGT  4 21
    GTC  0 35 |     GCC  1 64 |     GAC  3 72 |     GGC  0 43
    GTA  0 15 |     GCA  4 36 | Glu GAA  6 31 |     GGA  0 49
    GTG  1 89 |     GCG  1 12 |     GAG 10 85 |     GGG  1 32
--------------------------------------------------------------

Codon position x base (3x4) table for each gene.


Gene #1
position  1:    T:0.03704    C:0.17284    A:0.30864    G:0.48148
position  2:    T:0.11111    C:0.33333    A:0.39506    G:0.16049
position  3:    T:0.25926    C:0.13580    A:0.19753    G:0.40741
Average         T:0.13580    C:0.21399    A:0.30041    G:0.34979

Gene #2
position  1:    T:0.13766    C:0.29548    A:0.21288    G:0.35398
position  2:    T:0.31514    C:0.23058    A:0.26205    G:0.19223
position  3:    T:0.23845    C:0.27778    A:0.17748    G:0.30629
Average         T:0.23042    C:0.26794    A:0.21747    G:0.28417

Sums of codon usage counts
------------------------------------------------------------------------------
Phe F TTT      64 | Ser S TCT      33 | Tyr Y TAT      28 | Cys C TGT      18
      TTC      27 |       TCC      15 |       TAC      33 |       TGC      12
Leu L TTA       8 |       TCA       3 | *** * TAA       0 | *** * TGA       0
      TTG      16 |       TCG       5 |       TAG       0 | Trp W TGG      21
------------------------------------------------------------------------------
Leu L CTT      25 | Pro P CCT      44 | His H CAT      24 | Arg R CGT      21
      CTC      28 |       CCC      56 |       CAC      36 |       CGC      14
      CTA      28 |       CCA      48 | Gln Q CAA       4 |       CGA      50
      CTG     133 |       CCG      16 |       CAG      60 |       CGG      28
------------------------------------------------------------------------------
Ile I ATT      21 | Thr T ACT      18 | Asn N AAT      20 | Ser S AGT      21
      ATC      52 |       ACC      30 |       AAC      27 |       AGC      28
      ATA       3 |       ACA      48 | Lys K AAA      18 | Arg R AGA      26
Met M ATG      53 |       ACG      17 |       AAG      61 |       AGG      15
------------------------------------------------------------------------------
Val V GTT      52 | Ala A GCT      45 | Asp D GAT      47 | Gly G GGT      25
      GTC      35 |       GCC      65 |       GAC      75 |       GGC      43
      GTA      15 |       GCA      40 | Glu E GAA      37 |       GGA      49
      GTG      90 |       GCG      13 |       GAG      95 |       GGG      33
------------------------------------------------------------------------------

(Ambiguity data are not used in the counts.)


Codon position x base (3x4) table, overall

position  1:    T:0.13381    C:0.29078    A:0.21655    G:0.35887
position  2:    T:0.30733    C:0.23452    A:0.26714    G:0.19102
position  3:    T:0.23924    C:0.27234    A:0.17825    G:0.31017
Average         T:0.22679    C:0.26588    A:0.22065    G:0.28668


Nei & Gojobori 1986. dN/dS (dN, dS)
(Pairwise deletion)
(Note: This matrix is not used in later ML. analysis.
Use runmode = -2 for ML pairwise comparison.)

Canis lupus familiaris
Homo sapiens         0.0348 (0.0143 0.4091)
Rattus norvegicus    0.0374 (0.0264 0.7064) 0.0421 (0.0241 0.5723)
Pan troglodytes      0.0355 (0.0143 0.4018) 0.0000 (0.0000 0.0042) 0.0428 (0.0241 0.5632)
Danio rerio          0.0847 (0.1968 2.3238)-1.0000 (0.1970 -1.0000)-1.0000 (0.2016 -1.0000) 0.0425 (0.1980 4.6597)
Bos taurus           0.0285 (0.0090 0.3149) 0.0477 (0.0143 0.2992) 0.0407 (0.0265 0.6501) 0.0487 (0.0143 0.2930) 0.0717 (0.1972 2.7521)
Mus musculus         0.0438 (0.0295 0.6742) 0.0470 (0.0257 0.5453) 0.0289 (0.0059 0.2057) 0.0478 (0.0257 0.5365) 0.0591 (0.2056 3.4795) 0.0447 (0.0265 0.5917)


TREE #  1:  ((((2, 4), (7, 3)), (6, 1)), 5);   MP score: -1
lnL(ntime:  6  np: 11):  -2896.157651      +0.000000
   8..9     9..10   10..11   11..2    11..4    10..12   12..7    12..3     9..13   13..6    13..1     8..5  
 7.238824 0.451226 0.442612 0.003786 0.133949 0.280407 0.500925 5.436818 0.404061 2.999798 0.025849
SEs for parameters:
 2.592629 0.124269 0.122684 0.004001 0.038784 0.081309 0.140232 3.054737 0.421491 0.397925 0.005865
Note: Branch length is defined for the first gene (site partition).
For other genes, look at "rates for genes".

tree length =  15.78963 (1st gene)

((((2: 0.003786, 4: 0.003786): 0.438826, (7: 0.133949, 3: 0.133949): 0.308662): 0.008614, (6: 0.280407, 1: 0.280407): 0.170819): 6.787598, 5: 7.238824);

((((Homo sapiens: 0.003786, Pan troglodytes: 0.003786): 0.438826, (Mus musculus: 0.133949, Rattus norvegicus: 0.133949): 0.308662): 0.008614, (Bos taurus: 0.280407, Canis lupus familiaris: 0.280407): 0.170819): 6.787598, Danio rerio: 7.238824);

Detailed output identifying parameters

rates for 2 genes:     1  0.50092

gene # 1: kappa =   5.43682 omega =   0.40406
gene # 2: kappa =   2.99980 omega =   0.02585

Time used:  0:31
