
seed used = 1418838033
      7   1674

Gallus gallus                              --- --- --- --- --- --- --- --- --- --- --- --- --- --- ATG AGT GAG CTT GAC CAG TTA CGC CAG GAG --- --- --- --- --- --- --- GCT GAG CAA CTG AAA AAC CAA ATC AGA GAT GCT AGG AAA GCG TGT GCA GAT GCC ACC TTG GCT CAG ATC ACA GCC --- --- --- AAT ATT --- GAC CCG GTG GGG AGA ATT CAA --- ATG CGC ACT AGG AGA ACG CTC CGG GGA CAC CTG GCC AAA --- --- --- --- --- --- --- --- --- --- --- --- --- --- --- --- --- --- --- --- --- --- --- --- --- --- --- --- --- --- --- --- --- --- --- --- --- --- --- --- --- --- --- --- --- --- --- --- --- --- --- --- --- --- --- --- --- --- --- --- --- --- --- --- --- --- --- --- --- --- --- --- --- --- --- --- --- --- --- --- --- --- --- --- --- --- --- --- --- --- --- --- --- --- --- --- --- --- --- --- --- --- --- --- --- ATT TAT GCA ATG CAC TGG GGG ACT GAT TCC AGG CTT CTA GTT AGT GCC TCC CAG GAT GGC AAA CTT ATA ATT TGG GAC AGC TAT ACT ACA AAC AAG GTG CAT GCT ATT CCC CTG CGT TCG TCT TGG GTC ATG ACT TGT GCA TAT GCG CCT TCT GGA AAC TAT GTG GCT TGT GGT --- GGT CTT GAT AAC ATC TGT TCC ATT TAC AAC TTG AAA ACT --- --- --- CGT GAA GGG AAT GTA CGT GTC AGC CGT GAA CTA GCT GGG CAT ACA GGA TAC TTG TCA TGC TGT CGT TTC TTG --- --- GAT GAT AAT CAA ATT GTT ACC AGC TCT GGC GAC ACC ACT TGC GCT CTC TGG GAC ATA GAA ACT GGT CAG CAG ACA ACT ACA TTT --- --- --- --- --- ACT GGG CAC ACT GGA GAT GTC ATG AGT TTG TCT CTG GCT CCT --- GAT GCT CGG TGT TTT GTT TCT GGT GCC TGC GAT GCC TCT GCC AAA CTG TGG GAT GTT AGA --- GAA GGA ATG TGT CGG CAA ACC TTC ACT GGC CAC GAG TCG GAC ATC AAT GCC ATC TGC TTC TTC CCC AAA GGC AAT GCA TTT GCC ACA GGC TCA GAT GAT GCT ACG TGC AGG CTT TTT GAT CTT CGG GCT GAT CAG GAA CTT ATG GTT TAT TCA --- --- --- --- --- CAT GAT AAC ATC ATC TGT GGC ATC ACC TCT GTA GCA TTT TCC AAG AGT GGA CGT CTC CTC CTA GCT GGT TAT --- GAT GAC TTC AAC TGC AAT GTT TGG GAT ACG CTG AAA GCT GAT AGA GCA GGT GTC CTT GCT --- --- --- --- GGT CAC GAT AAC CGT GTC AGT TGC TTA GGC GTG ACT GAT GAT GGT ATT GGC AGT GGC AAC AGG ATC ATG GGA CAG CTT CCT CAA GAT CTG GAA CTG AAA AGA GTG GCG GAC TCC GTG ACT GGA AGA AGT TTC CAA CGA TTG AAA ATT AAA AAT GAT AGC ATA TTC AAT CCA ACT ATA CTA ACT TGG ACC CCC ATC CTC CCC AAC TTC AAA GGG CAA GAT CTT TTC CGT CTC CTG TTG CTG AAA TTG AAG AGC ACA ATT ACC TTT CCA AGA AGA ATT TCT GTG TTG 
Rattus norvegicus                          --- --- --- --- --- --- --- --- --- --- --- --- --- --- ATG AGT GAA CTT GAC CAG CTG CGG CAG GAG --- --- --- --- --- --- --- GCC GAG CAA CTG AAG AAC CAA ATT AGA GAT GCC CGT AAA GCA TGT GCA GAT GCG ACT CTT TCT CAG ATC ACA AAC --- --- --- AAC ATT --- GAT CCA GTG GGA AGA ATC CAA --- ATG CGA ACC AGG AGA ACA CTG AGG GGG CAT CTG GCA AAG --- --- --- --- --- --- --- --- --- --- --- --- --- --- --- --- --- --- --- --- --- --- --- --- --- --- --- --- --- --- --- --- --- --- --- --- --- --- --- --- --- --- --- --- --- --- --- --- --- --- --- --- --- --- --- --- --- --- --- --- --- --- --- --- --- --- --- --- --- --- --- --- --- --- --- --- --- --- --- --- --- --- --- --- --- --- --- --- --- --- --- --- --- --- --- --- --- --- --- --- --- --- --- --- --- ATT TAT GCC ATG CAC TGG GGC ACA GAC TCA AGG CTC CTT GTC AGC GCC TCT CAG GAT GGG AAA CTC ATC ATC TGG GAC AGC TAT ACC ACA AAC AAG GTT CAT GCC ATC CCT CTG CGC TCC TCT TGG GTC ATG ACC TGT GCA TAC GCT CCT TCT GGG AAT TAT GTG GCC TGT GGT --- GGC CTG GAT AAC ATC TGC TCC ATT TAC AAT CTG AAA ACT --- --- --- CGT GAA GGA AAT GTG CGT GTG AGT CGT GAG CTG GCA GGA CAT ACA GGT TAT CTA TCC TGT TGC CGG TTC CTG --- --- GAT GAC AAT CAG ATA GTT ACC AGT TCT GGA GAC ACC ACA TGT GCC CTG TGG GAC ATC GAG ACC GGC CAG CAG ACA ACC ACG TTT --- --- --- --- --- ACT GGA CAC ACT GGA GAT GTC ATG AGC CTG TCT CTT GCT CCT --- GAC ACC AGA CTG TTT GTC TCT GGT GCT TGC GAT GCT TCG GTC AAG CTC TGG GAT GTC CGA --- GAA GGG ATG TGC CGG CAG ACC TTT ACA GGA CAC GAG TCT GAC ATC AAT GCC ATA TGT TTC TTT CCC AAT GGC AAT GCC TTT GCC ACT GGC TCA GAC GAT GCT ACA TGC AGG CTG TTT GAC CTT CGT GCA GAC CAG GAG CTC ATG ACC TAC TCC --- --- --- --- --- CAT GAC AAC ATT ATC TGT GGT ATC ACA TCT GTT CCC TTC TCC AAG AGT GGC CGC CTC CTC CTC GGT GGC TAT --- GAC GAC TTC AAC TGT AAT GTC TGG GAT GCA CTC AAT GCT GAC AGA GCA GGT GTC CTA GCT --- --- --- --- GGA CAT GAC AAC CGA GTC AGC TGC TTG GGG GTG ACT GAT GAT GGC ATG GCT GTG GCA --- --- --- --- --- --- --- --- --- --- --- --- --- --- --- --- --- --- --- --- ACA GGA --- --- --- --- --- --- --- --- --- --- --- --- --- --- --- --- --- --- --- TCC TGG GAC AGC TTC CTC AAG ATC TGG AAC --- --- --- --- --- --- --- --- --- --- --- --- --- --- --- --- --- --- --- --- --- --- --- --- --- 
Homo sapiens                               --- --- --- --- --- --- --- --- --- --- --- --- --- --- ATG AGT GAG CTT GAC CAG TTA CGG CAG GAG --- --- --- --- --- --- --- GCC GAG CAA CTT AAG AAC CAG ATT CGA GAC GCC AGG AAA GCA TGT GCA GAT GCA ACT CTC TCT CAG ATC ACA AAC --- --- --- AAC ATC --- GAC CCA GTG GGA AGA ATC CAA --- ATG CGC ACG AGG AGG ACA CTG CGG GGG CAC CTG GCC AAG --- --- --- --- --- --- --- --- --- --- --- --- --- --- --- --- --- --- --- --- --- --- --- --- --- --- --- --- --- --- --- --- --- --- --- --- --- --- --- --- --- --- --- --- --- --- --- --- --- --- --- --- --- --- --- --- --- --- --- --- --- --- --- --- --- --- --- --- --- --- --- --- --- --- --- --- --- --- --- --- --- --- --- --- --- --- --- --- --- --- --- --- --- --- --- --- --- --- --- --- --- --- --- --- --- ATC TAC GCC ATG CAC TGG GGC ACA GAC TCC AGG CTT CTC GTC AGT GCC TCG CAG GAT GGT AAA CTT ATC ATC TGG GAC AGC TAC ACC ACC AAC AAG GTC CAC GCC ATC CCT CTG CGC TCC TCC TGG GTC ATG ACC TGT GCA TAT GCC CCT TCT GGG AAC TAT GTG GCC TGC GGT --- GGC CTG GAT AAC ATT TGC TCC ATT TAC AAT CTG AAA ACT --- --- --- CGT GAG GGG AAC GTG CGC GTG AGT CGT GAG CTG GCA GGA CAC ACA GGT TAC CTG TCC TGC TGC CGA TTC CTG --- --- GAT GAC AAT CAG ATC GTC ACC AGC TCT GGA GAC ACC ACG TGT GCC CTG TGG GAC ATC GAG ACC GGC CAG CAG ACG ACC ACG TTT --- --- --- --- --- ACC GGA CAC ACT GGA GAT GTC ATG AGC CTT TCT CTT GCT CCT --- GAC ACC AGA CTG TTC GTC TCT GGT GCT TGT GAT GCT TCA GCC AAA CTC TGG GAT GTG CGA --- GAA GGC ATG TGC CGG CAG ACC TTC ACT GGC CAC GAG TCT GAC ATC AAT GCC ATT TGC TTC TTT CCA AAT GGC AAT GCA TTT GCC ACT GGC TCA GAC GAC GCC ACC TGC AGG CTG TTT GAC CTT CGT GCT GAC CAG GAG CTC ATG ACT TAC TCC --- --- --- --- --- CAT GAC AAC ATC ATC TGC GGG ATC ACC TCT GTC TCC TTC TCC AAG AGC GGG CGC CTC CTC CTT GCT GGG TAC --- GAC GAC TTC AAC TGC AAC GTC TGG GAT GCA CTC AAA GCC GAC CGG GCA GGT GTC TTG GCT --- --- --- --- GGG CAT GAC AAC CGC GTC AGC TGC CTG GGC GTG ACT GAC GAT GGC ATG GCT GTG GCG --- --- --- --- --- --- --- --- --- --- --- --- --- --- --- --- --- --- --- --- ACA GGG --- --- --- --- --- --- --- --- --- --- --- --- --- --- --- --- --- --- --- TCC TGG GAT AGC TTC CTC AAG ATC TGG AAC --- --- --- --- --- --- --- --- --- --- --- --- --- --- --- --- --- --- --- --- --- --- --- --- --- 
Canis lupus familiaris                     --- --- --- --- --- --- --- --- --- --- --- --- --- --- ATG AGT GAA CTT GAC CAG TTA CGG CAG GAG --- --- --- --- --- --- --- GCT GAG CAG CTT AAA AAC CAA ATT AGG GAT GCT AGA AAA GCA TGT GCA GAT GCA ACT CTC TCT CAG ATC ACA AAC --- --- --- AAC ATC --- GAC CCA GTA GGA AGA ATC CAG --- ATG CGC ACC AGG AGA ACG CTG AGG GGG CAT TTG GCC AAA --- --- --- --- --- --- --- --- --- --- --- --- --- --- --- --- --- --- --- --- --- --- --- --- --- --- --- --- --- --- --- --- --- --- --- --- --- --- --- --- --- --- --- --- --- --- --- --- --- --- --- --- --- --- --- --- --- --- --- --- --- --- --- --- --- --- --- --- --- --- --- --- --- --- --- --- --- --- --- --- --- --- --- --- --- --- --- --- --- --- --- --- --- --- --- --- --- --- --- --- --- --- --- --- --- ATT TAT GCC ATG CAT TGG GGC ACG GAT TCC AGG CTT CTG GTC AGT GCC TCA CAG GAT GGC AAA CTG ATC ATC TGG GAT AGC TAC ACC ACA AAC AAG GTC CAT GCC ATC CCT CTG CGT TCC TCA TGG GTC ATG ACC TGT GCA TAT GCC CCT TCT GGG AAC TAT GTG GCC TGT GGT --- GGC CTG GAT AAC ATT TGC TCC ATT TAC AAT CTG AAA ACT --- --- --- CGT GAA GGG AAT GTA CGT GTG AGC CGT GAA CTG GCC GGA CAT ACA GGT TAT CTG TCC TGC TGC CGC TTC CTG --- --- GAT GAC AAT CAG ATC GTC ACC AGC TCT GGG GAC ACC ACT TGT GCT CTG TGG GAC ATC GAG ACC GGC CAG CAG ACA ACC ACG TTC --- --- --- --- --- ACT GGA CAC ACT GGG GAT GTT ATG AGC CTT TCA CTC GCT CCC --- GAC ACC AGA CTG TTT GTC TCT GGT GCT TGT GAT GCT TCA GCC AAA CTC TGG GAT GTG CGA --- GAA GGG ATG TGC CGG CAA ACT TTC ACT GGC CAC GAG TCC GAC ATC AAT GCC ATC TGT TTC TTT CCA AAT GGC AAT GCA TTT GCC ACT GGT TCA GAT GAT GCC ACC TGC AGG CTG TTC GAC CTT CGT GCA GAC CAG GAG CTC ATG ACT TAC TCC --- --- --- --- --- CAT GAC AAT ATC ATC TGT GGG ATC ACC TCG GTG TCT TTC TCC AAG AGC GGG CGC CTC CTC CTC GCA GGG TAC --- GAT GAC TTC AAC TGC AAT GTG TGG GAT GCA CTC AAG GCC GAC AGA GCA GGT GTC TTG GCT --- --- --- --- GGG CAT GAC AAC CGT GTC AGC TGC CTG GGG GTG ACT GAC GAT GGG ATG GCC GTG GCG --- --- --- --- --- --- --- --- --- --- --- --- --- --- --- --- --- --- --- --- ACG GGG --- --- --- --- --- --- --- --- --- --- --- --- --- --- --- --- --- --- --- TCC TGG GAT AGC TTC CTC AAG ATC TGG AAC --- --- --- --- --- --- --- --- --- --- --- --- --- --- --- --- --- --- --- --- --- --- --- --- --- 
Bos taurus                                 --- --- --- --- --- --- --- --- --- --- --- --- --- --- ATG AGT GAA CTT GAC CAG TTA CGG CAG GAG --- --- --- --- --- --- --- GCC GAA CAG CTT AAA AAC CAA ATT AGA GAT GCT CGG AAG GCG TGT GCA GAT GCG ACT CTC TCT CAG ATC ACA AAC --- --- --- AAC ATC --- GAC CCT GTG GGA AGA ATC CAG --- ATG CGC ACC AGG AGG ACG CTG AGG GGA CAC TTG GCC AAG --- --- --- --- --- --- --- --- --- --- --- --- --- --- --- --- --- --- --- --- --- --- --- --- --- --- --- --- --- --- --- --- --- --- --- --- --- --- --- --- --- --- --- --- --- --- --- --- --- --- --- --- --- --- --- --- --- --- --- --- --- --- --- --- --- --- --- --- --- --- --- --- --- --- --- --- --- --- --- --- --- --- --- --- --- --- --- --- --- --- --- --- --- --- --- --- --- --- --- --- --- --- --- --- --- ATC TAT GCC ATG CAC TGG GGC ACC GAC TCC AGG CTT CTA GTC AGT GCC TCG CAG GAT GGT AAA CTT ATT ATC TGG GAC AGC TAC ACC ACA AAC AAG GTC CAT GCC ATC CCT CTG CGC TCC TCG TGG GTC ATG ACG TGC GCT TAT GCC CCT TCT GGG AAC TAC GTG GCC TGT GGA --- GGC CTG GAT AAC ATC TGC TCC ATT TAC AAT CTG AAA ACT --- --- --- CGT GAA GGG AAT GTA CGT GTG AGT CGT GAG CTG GCT GGA CAC ACA GGT TAC CTG TCC TGC TGC CGT TTT CTG --- --- GAT GAC AAT CAG ATT GTT ACC AGC TCT GGA GAC ACC ACC TGT GCC CTG TGG GAC ATC GAG ACT GGC CAG CAG ACG ACC ACA TTC --- --- --- --- --- ACT GGA CAC ACC GGA GAC GTC ATG AGC CTT TCA CTC GCT CCG --- GAC ACC AGA CTG TTT GTC TCT GGT GCT TGT GAC GCT TCA GCC AAA CTC TGG GAC GTG CGA --- GAA GGG ATG TGC CGG CAA ACC TTC ACC GGC CAT GAG TCC GAT ATC AAT GCC ATC TGT TTC TTC CCG AAC GGC AAT GCA TTT GCC ACT GGC TCA GAC GAT GCC ACC TGC CGG CTG TTC GAC CTC CGT GCG GAC CAG GAG CTC ATG ACC TAC TCC --- --- --- --- --- CAT GAC AAC ATC ATC TGC GGG ATC ACC TCC GTC TCC TTC TCC AAG AGC GGG CGC CTC CTT CTC GCA GGG TAC --- GAC GAC TTC AAC TGC AAC GTC TGG GAC GCC CTC AAG GCC GAC AGG GCA GGG GTC TTG GCC --- --- --- --- GGG CAT GAC AAC CGC GTG AGC TGC CTG GGG GTA ACT GAT GAC GGG ATG GCC GTG GCG --- --- --- --- --- --- --- --- --- --- --- --- --- --- --- --- --- --- --- --- ACG GGA --- --- --- --- --- --- --- --- --- --- --- --- --- --- --- --- --- --- --- TCC TGG GAC AGC TTC CTC AAA ATC TGG AAC --- --- --- --- --- --- --- --- --- --- --- --- --- --- --- --- --- --- --- --- --- --- --- --- --- 
Pan troglodytes                            --- --- --- --- --- --- --- --- --- --- --- --- --- --- ATG AGT GAG CTT GAC CAG TTA CGG CAG GAG --- --- --- --- --- --- --- GCC GAG CAA CTT AAG AAC CAG ATT CGA GAC GCC AGG AAA GCA TGT GCA GAT GCA ACT CTC TCT CAG ATC ACA AAC --- --- --- AAC ATC --- GAC CCA GTG GGA AGA ATC CAA --- ATG CGC ACG AGG AGG ACA CTG CGG GGG CAC CTG GCC AAG --- --- --- --- --- --- --- --- --- --- --- --- --- --- --- --- --- --- --- --- --- --- --- --- --- --- --- --- --- --- --- --- --- --- --- --- --- --- --- --- --- --- --- --- --- --- --- --- --- --- --- --- --- --- --- --- --- --- --- --- --- --- --- --- --- --- --- --- --- --- --- --- --- --- --- --- --- --- --- --- --- --- --- --- --- --- --- --- --- --- --- --- --- --- --- --- --- --- --- --- --- --- --- --- --- ATC TAC GCC ATG CAC TGG GGC ACA GAC TCC AGG CTT CTC GTC AGT GCC TCG CAG GAT GGT AAA CTT ATC ATC TGG GAC AGC TAC ACC ACC AAC AAG TGG GCA GCA CTA CTG TTA AGA CCC CAC CTA ATC ATA AGT TGT GAC TTC AGT AAA ACT GGA --- --- --- CTG TGT GGA TTG AAT TTG AAT CCC ATG TGC AGC ATT TAC ATT CTG NAA ACT --- --- --- CGT GAG GGG AAC GTG CGC GTG AGT CGT GAG CTG GCA GGA CAC ACA GGT TAC CTG TCC TGC TGC CGA TTC CTG --- --- GAT GAC AAT CAG ATC GTC ACC AGC TCT GGA GAC ACC ACA TGT GCC CTG TGG GAC ATC GAG ACC GGC CAG CAG ACG ACC ACG TTT --- --- --- --- --- ACC GGA CAC ACT GGA GAT GTC ATG AGC CTT TCT CTT GCT CCT --- GAC ACC AGA CTG TTC GTC TCT GGT GCT TGT GAT GCT TCA GCC AAA CTC TGG GAT GTG CGA --- GAA GGC ATG TGC CGG CAG ACC TTC ACC GGC CAC GAG TCT GAC ATC AAT GCC ATT TGC TTC TTT CCA AAT GGC AAT GCA TTT GCC ACT GGC TCA GAC GAC GCC ACC TGC AGG CTG TTT GAC CTT CGT GCT GAC CAG GAG CTC ATG ACT TAC TCC --- --- --- --- --- CAT GAC AAC ATC ATC TGC GGG ATC ACC TCT GTC TCC TTC TCC AAG AGC GGG CGC CTC CTC CTT GCT GGG TAC --- GAC GAC TTC AAC TGC AAC GTC TGG GAC GCA CTC AAA GCC GAC CGG GCA GGT GTC TTG GCT --- --- --- --- GGG CAT GAC AAC CGC GTC AGC TGC CTG GGC GTG ACT GAC GAT GGC ATG GCT GTG GCG --- --- --- --- --- --- --- --- --- --- --- --- --- --- --- --- --- --- --- --- ACA GGG --- --- --- --- --- --- --- --- --- --- --- --- --- --- --- --- --- --- --- TCC TGG GAT AGC TTC CTC AAG ATC TGG AAC --- --- --- --- --- --- --- --- --- --- --- --- --- --- --- --- --- --- --- --- --- --- --- --- --- 
Mus musculus                               --- --- --- --- --- --- --- --- --- --- --- --- --- --- ATG AGT GAA CTT GAC CAG CTG CGG CAG GAG --- --- --- --- --- --- --- GCC GAG CAA CTG AAG AAC CAA ATT AGA GAT GCT CGT AAA GCG TGT GCC GAT GCG ACT CTT TCT CAG ATC ACA AAC --- --- --- AAT ATT --- GAT CCA GTG GGA AGA ATC CAA --- ATG CGG ACC AGG AGA ACA CTG AGG GGG CAT CTG GCA AAG --- --- --- --- --- --- --- --- --- --- --- --- --- --- --- --- --- --- --- --- --- --- --- --- --- --- --- --- --- --- --- --- --- --- --- --- --- --- --- --- --- --- --- --- --- --- --- --- --- --- --- --- --- --- --- --- --- --- --- --- --- --- --- --- --- --- --- --- --- --- --- --- --- --- --- --- --- --- --- --- --- --- --- --- --- --- --- --- --- --- --- --- --- --- --- --- --- --- --- --- --- --- --- --- --- ATT TAT GCC ATG CAC TGG GGC ACA GAC TCA AGG CTC CTT GTC AGC GCC TCT CAG GAT GGA AAA CTC ATC ATC TGG GAC AGT TAT ACC ACA AAC AAG GTT CAT GCC ATC CCT CTG CGC TCC TCT TGG GTC ATG ACC TGC GCA TAC GCT CCT TCT GGG AAT TAT GTG GCC TGT GGT --- GGC CTG GAT AAC ATC TGC TCC ATT TAC AAC CTG AAA ACT --- --- --- CGT GAA GGG AAT GTG CGT GTG AGT CGT GAG CTG GCG GGA CAC ACA GGT TAT CTG TCC TGT TGC CGG TTC CTG --- --- GAT GAC AAT CAG ATA GTT ACC AGT TCT GGA GAC ACC ACA TGT GCC CTG TGG GAC ATC GAG ACT GGC CAG CAG ACA ACC ACA TTT --- --- --- --- --- ACT GGA CAC ACT GGA GAT GTC ATG AGC CTG TCT CTT GCT CCT --- GAC ACC AGA CTG TTT GTC TCT GGT GCT TGT GAT GCT TCA GCC AAG CTC TGG GAT GTC CGA --- GAA GGG ATG TGC CGG CAG ACC TTT ACA GGA CAC GAG TCT GAC ATC AAT GCC ATA TGT TTC TTT CCC AAT GGC AAT GCC TTT GCC ACT GGC TCA GAC GAT GCC ACA TGC AGG CTG TTT GAC CTC CGT GCA GAC CAG GAG CTC ATG ACC TAC TCC --- --- --- --- --- CAT GAC AAC ATT ATC TGT GGT ATC ACA TCT GTT TCC TTC TCC AAG AGT GGC CGC CTC CTC CTT GCT GGG TAT --- GAT GAC TTC AAC TGT AAT GTC TGG GAT GCA CTC AAA GCT GAC AGA GCA GGT GTC TTA GCT --- --- --- --- GGA CAC GAC AAC CGA GTC AGC TGC TTG GGG GTG ACT GAT GAT GGC ATG GCT GTG GCA --- --- --- --- --- --- --- --- --- --- --- --- --- --- --- --- --- --- --- --- ACA GGG --- --- --- --- --- --- --- --- --- --- --- --- --- --- --- --- --- --- --- TCC TGG GAC AGC TTC CTC AAG ATC TGG AAC --- --- --- --- --- --- --- --- --- --- --- --- --- --- --- --- --- --- --- --- --- --- --- --- --- 



Printing out site pattern counts


         7        963  P G
G 2       21    300

Gallus gallus                               --- AAA AAG ACA ACC AGA AGC ATG ATT CAA CCA CGT CTC CTG CTT GAT GTG TCT TTC TTG TTT --- --- AAA AAA AAA AAA AAA AAA AAA AAA AAA AAA AAC AAC AAC AAC AAC AAC AAC AAG AAT AAT AAT AAT AAT ACA ACA ACA ACA ACA ACC ACC ACC ACC ACC ACG ACG ACG ACT ACT ACT ACT ACT ACT ACT ACT ACT ACT ACT ACT ACT AGA AGA AGA AGA AGA AGA AGC AGC AGC AGC AGG AGG AGG AGG AGT AGT AGT AGT AGT AGT ATA ATA ATA ATC ATC ATC ATC ATC ATC ATC ATG ATG ATG ATT ATT ATT ATT ATT ATT ATT ATT CAA CAA CAA CAA CAA CAC CAC CAC CAC CAC CAG CAG CAT CAT CAT CCA CCC CCC CCC CCC CCG CCT CCT CCT CGA CGC CGC CGG CGG CGG CGG CGT CGT CGT CGT CGT CGT CTA CTA CTA CTA CTC CTC CTC CTG CTG CTG CTG CTG CTG CTT CTT CTT CTT CTT CTT CTT CTT CTT GAA GAA GAA GAA GAA GAC GAC GAC GAC GAC GAG GAG GAG GAT GAT GAT GAT GAT GAT GAT GAT GAT GAT GCA GCA GCA GCA GCA GCA GCC GCC GCC GCC GCC GCC GCG GCG GCG GCT GCT GCT GCT GCT GCT GCT GCT GCT GCT GCT GCT GCT GGA GGA GGA GGA GGA GGA GGA GGA GGC GGC GGC GGC GGC GGC GGC GGC GGC GGG GGG GGG GGG GGT GGT GGT GGT GGT GGT GGT GGT GTA GTA GTC GTC GTC GTC GTC GTG GTG GTG GTG GTG GTT GTT GTT GTT GTT TAC TAC TAT TAT TAT TAT TAT TCA TCA TCC TCC TCC TCC TCC TCG TCG TCT TCT TCT TCT TCT TCT TGC TGC TGC TGC TGC TGG TGG TGT TGT TGT TGT TGT TGT TTA TTA TTC TTC TTC TTC TTC TTC TTG TTG TTG TTG TTG TTT TTT TTT TTT
Rattus norvegicus                           --- --- --- --- --- --- --- ATG --- --- --- --- --- --- --- --- --- --- --- --- --- --- --- --- AAA AAA AAA AAC AAG AAG AAG AAT AAT --- AAC AAC AAC AAT AAT ATC AAG --- AAC AAT AAT AAT ACA ACA ACA ACG ACT ACA ACC ACC ACT GAC ACA ACA GCA --- ACA ACA ACA ACA ACC ACC ACC ACC ACT ACT ACT TCC --- AGA AGA AGA AGA CGA --- AGC AGT AGT --- AGG AGG CGT --- AGC AGC AGT AGT GTG --- ATC ATC --- ATA ATC ATC ATT ATT TTC --- ATG ATG --- ATA ATC ATC ATG ATT ATT ATT --- CAA CAA CAG CAG CAC CAC CAC CAT CAT --- CAG CAT CAT CAT --- AAG AGC CCC CCT CCA --- CCT CCT --- CGA CGG AGA AGG CGG CGT CGA CGC CGC CGG CGT CGT --- CTC CTG CTT CTC CTC CTG --- CTC CTG CTG CTG CTT --- CTA CTC CTC CTC CTG CTG CTT CTT --- GAA GAA GAG GAG --- GAC GAC GAC GAT GAA GAG GAG --- GAC GAC GAC GAT GAT GAT GAT GAT GAT CCC GCA GCA GCA GCC GCC AAC GCA GCC GCG GCT GTC --- GCA GCT ACC GCA GCA GCC GCC GCC GCC GCT GCT GCT GCT GGT TCT --- GGA GGA GGC GGG GGG GGG GGT GCA GCT GGA GGA GGC GGC GGG GGG GGT --- GGA GGA GGC GGA GGC GGC GGC GGC GGT GGT GGT GTG GTT GTC GTC GTC GTC GTG --- GTG GTG GTG GTT ACC GTC GTC GTC GTT TAC TAT TAC TAC TAT TAT TAT TCA TCC --- TCA TCC TCC TCT TCC TCT TCG TCT TCT TCT TCT TCT TGC TGC TGT TGT TGT TGG TGG CTG TGC TGT TGT TGT TGT CTG TTG --- TGG TTC TTC TTT TTT --- CTA CTG CTG CTT TTC TTT TTT TTT
Homo sapiens                                --- --- --- --- --- --- --- ATG --- --- --- --- --- --- --- --- --- --- --- --- --- --- --- --- AAA AAA AAA AAC AAA AAG AAG AAA AAT --- AAC AAC AAC AAC AAT ATC AAG --- AAC AAC AAC AAT ACA ACC ACG ACG ACT ACC ACC ACC ACT GAT ACA ACC GCA --- ACA ACA ACG ACT ACC ACC ACC ACG ACC ACT ACT TCC --- AGA AGG CGA CGG CGA --- AGC AGC AGT --- AGG AGG AGG --- AGC AGT AGC AGT GTG --- ATC ATC --- ATT ATC ATT ATC ATT TTC --- ATG ATG --- ATC ATC ATC ATG ATC ATC ATT --- CAA CAG CAG CAG CAC CAC CAC CAC CAT --- CAG CAC CAC CAT --- AAG AGC CCA CCT CCA --- CCT CCT --- CGC CGG AGA CGG CGG CGT CGC CGC CGC CGA CGC CGT --- CTT CTG CTC CTC CTC CTG --- CTC CTG CTG CTT CTT --- TTG CTC CTT CTT CTG CTG CTT CTT --- GAA GAG GAG GAG --- GAC GAC GAC GAC GAG GAG GAG --- GAC GAC GAC GAC GAC GAT GAT GAT GAT TCC GCA GCA GCA GCA GCC AAC GCC GCC GCA GCT GCC --- GCA GCC ACC GCA GCT GCC GCC GCC GCC GCC GCC GCT GCT GCT TCT --- GGA GGG GGG GGC GGG GGG GGT GCG GCT GGA GGC GGC GGC GGC GGT GGG --- GGA GGG GGC GGG GGC GGC GGC GGG GGT GGT GGT GTG GTC GTC GTC GTC GTC GTG --- GTG GTG GTG GTC ACT GTC GTC GTG GTC TAC TAC TAC TAT TAC TAC TAT TCA TCC --- TCC TCC TCC TCG TCC TCT TCA TCC TCT TCT TCT TCT TGC TGT TGC TGC TGT TGG TGG CTG TGC TGC TGC TGT TGT TTA CTG --- TGG TTC TTC TTC TTT --- CTG CTG CTT CTC TTC TTC TTT TTT
Canis lupus familiaris                      --- --- --- --- --- --- --- ATG --- --- --- --- --- --- --- --- --- --- --- --- --- --- --- --- AAA AAA AAA AAC AAA AAA AAA AAG AAT --- AAC AAC AAT AAC AAT ATC AAG --- AAC AAT AAT AAT ACA ACA ACA ACG ACT ACC ACC ACT ACT GAT ACG ACC GCA --- ACG ACG ACT ACT ACC ACC ACC ACC ACT ACT ACT TCC --- AGA AGA AGG AGA CGA --- AGC AGC AGC --- AGG AGG AGA --- AGC AGT AGC AGT GTG --- ATC ATC --- ATC ATC ATT ATC ATT TTC --- ATG ATG --- ATC ATC ATC ATG ATC ATT ATT --- CAG CAA CAA CAG CAC CAC CAT CAT CAT --- CAG CAT CAT CAT --- AAG AGC CCA CCT CCA --- CCC CCT --- CGC CGG AGA AGG CGG CGT CGT CGC CGT CGC CGT CGT --- CTC CTG CTG CTC CTC CTG --- CTC CTG TTG CTT CTC --- TTG CTC CTG CTT CTG CTG CTT CTT --- GAA GAA GAA GAG --- GAC GAC GAT GAC GAA GAG GAG --- GAC GAT GAT GAC GAT GAT GAT GAT GAT TCT GCA GCA GCA GCA GCC AAC GCC GCC GCA GCT GCC --- GCA GCC ACC GCC GCA GCC GCC GCT GCT GCC GCC GCT GCT GCA TCT --- GGG GGG GGG GGG GGG GGG GGT GCG GCC GGG GGC GGC GGT GGG GGC GGG --- GGA GGG GGC GGG GGC GGC GGG GGG GGT GGT GGT GTA GTG GTC GTC GTC GTT GTG --- GTA GTG GTG GTC ACT GTC GTG GTG GTC TAC TAT TAC TAT TAC TAT TAT TCA TCC --- TCC TCC TCC TCA TCC TCC TCA TCA TCA TCG TCT TCT TGC TGT TGC TGT TGT TGG TGG CTG TGC TGT TGT TGT TGT TTA CTG --- TGG TTC TTC TTC TTT --- CTG CTG CTT CTC TTC TTT TTC TTT
Bos taurus                                  --- --- --- --- --- --- --- ATG --- --- --- --- --- --- --- --- --- --- --- --- --- --- --- --- AAA AAA AAG AAC AAA AAA AAG AAG AAC --- AAC AAC AAC AAC AAT ATC AAG --- AAC AAC AAT AAT ACA ACA ACG ACA ACT ACC ACC ACC ACT GAC ACG ACC GCC --- ACC ACG ACC ACC ACC ACG ACT ACC ACT ACC ACT TCC --- AGA AGG AGA AGG CGA --- AGC AGC AGT --- AGG CGG CGG --- AGC AGT AGC AGT GTG --- ATC ATT --- ATC ATC ATC ATC ATT TTC --- ATG ATG --- ATT ATC ATC ATG ATC ATC ATT --- CAG CAA CAA CAG CAC CAT CAC CAC CAT --- CAG CAC CAT CAT --- AAA AGC CCG CCT CCT --- CCG CCT --- CGC CGG AGA AGG CGG CGT CGC CGC CGC CGT CGT CGT --- CTC CTG CTA CTC CTT CTG --- CTC CTG TTG CTT CTC --- TTG CTC CTT CTT CTG CTG CTC CTT --- GAA GAA GAG GAG --- GAC GAT GAC GAC GAA GAA GAG --- GAC GAC GAC GAT GAT GAC GAC GAT GAT TCC GCA GCA GCT GCA GCC AAC GCC GCC GCG GCT GCC --- GCG GCC ACC GCT GCG GCC GCC GCC GCT GCC GCC GCC GCT GCA TCT --- GGA GGA GGG GGG GGA GGG GGT GCG GCC GGA GGC GGC GGC GGG GGT GGG --- GGA GGG GGC GGG GGC GGC GGG GGG GGA GGG GGT GTA GTC GTC GTC GTG GTC GTG --- GTG GTA GTG GTC ACC GTC GTC GTG GTT TAC TAC TAC TAT TAC TAT TAC TCA TCC --- TCC TCC TCC TCG TCC TCC TCA TCG TCA TCC TCT TCT TGC TGT TGC TGT TGT TGG TGG CTG TGC TGC TGT TGC TGT TTA CTG --- TGG TTC TTT TTC TTC --- CTG CTG CTT CTC TTC TTT TTC TTT
Pan troglodytes                             --- --- --- --- --- --- --- ATG --- --- --- --- --- --- --- --- --- --- --- --- --- --- TTG --- AAA NAA AAA AAC AAA AAG AAG AAA AAT --- AAC CCC AAC --- ATT ATC AAG --- AAC AAC AAC AAT ACA ACC ACG ACG ACT ACC ACC ACC ACT GAT ACA ACC GCA --- ACA ACA ACA ACC ACC AGT ACC ACG ACC ACT ACT TCC --- AGA AGG CGA CGG CGA --- AGC AGC AGT --- AGG AGG AGG --- AGC AGT AGC AGT GTG --- ATC ATC --- ATT ATC ATG ATC ATT TTC --- ATA ATG --- ATC ATC CTA ATG ATC ATC ATT --- CAA CAG CAG CAG CAC CAC CAC CAC CAT --- CAG CAC GCA CAT --- AAG AGC CCA CTG CCA --- CCT AAA --- CGC CGG AGA CGG CGG CGT CGC CGC AGA CGA CGC CGT --- CTT CTG CTC CTC CTC CTG --- CTC TTA CTG CTT CTT --- TTG CTC CTT CTT CTG TTG CTT CTT --- GAA GAG GAG GAG --- GAC GAC GAC GAC GAG GAG GAG --- GAC GAC GAC GAC GAC GAC GAT AAT GAT TCC GCA GCA GAC GCA GCC AAC GCC GCC GCA GCT GCC --- GCA AGT ACC GCA GCT CTG GCA GCC GCC GCC GCC GCT GCT GCT TCT --- GGA GGG GGG GGC GGG GGA GGT GCG GCT GGA GGC GGC GGC GGC GGT GGG --- GGA GGG GGC GGG AAT GGC GGC GGG GGA GGT GGT GTG GTC ATC GTC GTC GTC GTG --- GTG GTG --- TGG ACT GTC GTC GTG GTC TAC TAC TAC TTC TAC TAC --- TCA TCC --- TCC AGC TCC TCG CCC TCT TCA CAC TCT TCT ACT TCT TGC TGT TGC TGC TGT CTA TGG CTG TGC TGC TGT TGT TGT TTA CTG --- TGG TTC TTC TTC TTT --- CTG CTG CTT CTC TTC TTC TTT TTT
Mus musculus                                --- --- --- --- --- --- --- ATG --- --- --- --- --- --- --- --- --- --- --- --- --- --- --- --- AAA AAA AAA AAC AAG AAG AAG AAA AAT --- AAC AAC AAC AAT AAC ATC AAG --- AAT AAT AAT AAT ACA ACA ACA ACA ACT ACA ACC ACC ACT GAC ACA ACA GCA --- ACA ACA ACA ACA ACC ACC ACT ACC ACT ACT ACT TCC --- AGA AGA AGA AGA CGA --- AGT AGT AGT --- AGG AGG CGT --- AGC AGC AGT AGT GTG --- ATC ATC --- ATA ATC ATC ATT ATT TTC --- ATG ATG --- ATA ATC ATC ATG ATT ATT ATT --- CAA CAA CAG CAG CAC CAC CAC CAT CAC --- CAG CAC CAT CAT --- AAG AGC CCC CCT CCA --- CCT CCT --- CGG CGG AGA AGG CGG CGT CGA CGC CGC CGG CGT CGT --- CTT CTG CTT CTC CTC CTG --- CTC CTG CTG CTG CTT --- TTA CTC CTC CTC CTG CTG CTC CTT --- GAA GAA GAG GAG --- GAC GAC GAC GAT GAA GAG GAG --- GAC GAC GAT GAT GAT GAT GAT GAT GAT TCC GCA GCC GCA GCC GCC AAC GCA GCC GCG GCT GCC --- GCG GCT ACC GCG GCA GCC GCC GCC GCT GCC GCT GCT GCT GCT TCT --- GGA GGG GGC GGG GGG GGG GGT GCA GCT GGA GGA GGC GGC GGG GGA GGT --- GGA GGG GGC GGA GGC GGC GGC GGG GGT GGT GGT GTG GTT GTC GTC GTC GTC GTG --- GTG GTG GTG GTT ACC GTC GTC GTC GTT TAC TAT TAC TAC TAT TAT TAT TCA TCC --- TCA TCC TCC TCT TCC TCT TCA TCT TCT TCT TCT TCT TGC TGT TGT TGT TGT TGG TGG CTG TGC TGT TGT TGC TGT CTG TTG --- TGG TTC TTC TTT TTT --- CTG CTG CTG CTT TTC TTT TTT TTT



   14    1    1    1    1    2    1    1    2    1    1    1    1    2    1
    1    1    1    1    3    1  139    1    3    1    1    1    1    1    1
    1    1    1    1    4    1    1    1    1    1    2    2    1    1    1
    3    2    1    1    1    1    1    2    1    1    1    1    1    1    1
    1    1    1    1    2    1    1    1    1    1    2    1    2    1    1
    1    1    1    1    1    1    1    1    2    1    1    1    2    1    1
    1    1    2    1    1    1    1    4    1    1    1    1    1    1    5
    1    1    2    1    1    1    1    1    2    2    1    1    1    1    1
    1    1    1    1    7    1    1    1    1    1    1    1    1    1    1
    1    1    1    1    1    1    1    1    1    1    1    1    1    1    2
    1    1    1    1    2    1    2    2    2    1    1    1    1    1    1
    1    1    1    1    1    1    1    1    1    1    1    2    1    4    1
    1    1    1    1    2    2    7    2    1    1    2    1    4    1    3
    1    1    1    1    1    1    1    1    3    1    2    1    1    1    1
    1    1    1    1    1    2    1    1    1    1    1    1    1    1    1
    1    1    1    1    1    1    1    1    1    1    1    1    1    1    1
    1    3    1    1    1    1    1    1    1    1    1    1    1    1    1
    1    1    1    1    2    1    1    1    1    1    2    1    1    1    1
    1    1    1    2    1    1    1    2    1    1    1    1    1    1    1
    1    1    1    1    1    2    2    1    2    1    1    1    6    1    3
    1    1    1    1    1    1    2    1    2    1    1    1    1    1    2
    1    1    1    1    2    1

CODONML (in paml version 4.4b, July 2010)  torun.nuc
Model: One dN/dS ratio for branches Global clock  (2 genes: diff. rate & k&w)  
Codon frequency model: F3x4
ns =   7  ls = 558

Codon usage in sequences
--------------------------------------------------------------------------------------------------------------
Phe TTT  6  6  4  3  3  4 | Ser TCT  8  9  7  5  4  6 | Tyr TAT  6  5  2  4  2  0 | Cys TGT  8  8  4  7  5  5
    TTC  9  5  7  8  8  8 |     TCC  5  6  9  8 10  6 |     TAC  2  3  6  4  6  6 |     TGC  7  6 10  7  9  9
Leu TTA  2  0  1  1  1  2 |     TCA  3  2  2  5  3  2 | *** TAA  0  0  0  0  0  0 | *** TGA  0  0  0  0  0  0
    TTG  9  1  1  2  2  3 |     TCG  2  1  1  1  2  1 |     TAG  0  0  0  0  0  0 | Trp TGG  7  8  8  8  8  8
--------------------------------------------------------------------------------------------------------------
Leu CTT 10  5  8  5  6  8 | Pro CCT  3  3  3  2  3  1 | His CAT  3  5  2  6  4  2 | Arg CGT  8  5  3  6  5  3
    CTC  6  9  8  9  9  8 |     CCC  4  2  0  1  0  2 |     CAC  5  3  6  2  4  6 |     CGC  2  2  5  3  4  4
    CTA  4  2  0  0  1  2 |     CCA  2  1  2  2  0  2 | Gln CAA  8  3  2  2  2  2 |     CGA  1  3  3  1  1  3
    CTG 10 13 12 13 11 12 |     CCG  1  0  0  0  2  0 |     CAG  8  9 10 10 10 10 |     CGG  4  3  4  2  4  4
--------------------------------------------------------------------------------------------------------------
Ile ATT 11  5  4  4  4  4 | Thr ACT 15  6  7 10  6  7 | Asn AAT  8  9  5  8  5  6 | Ser AGT  7  4  3  2  3  5
    ATC 10 11 14 14 14 14 |     ACC  7 10 12 10 14 12 |     AAC 10  9 12  9 12 10 |     AGC  5  5  6  7  6  7
    ATA  4  2  0  0  0  1 |     ACA  7 11  5  4  4  6 | Lys AAA 13  3  5  6  5  5 | Arg AGA  9  5  2  5  3  3
Met ATG  8  8  8  8  8  8 |     ACG  3  1  4  4  4  3 |     AAG  3  6  5  4  5  5 |     AGG  5  4  5  5  5  5
--------------------------------------------------------------------------------------------------------------
Val GTT  6  3  0  1  1  0 | Ala GCT 14  8  7  7  6  7 | Asp GAT 25 13 10 16  8  8 | Gly GGT  8  6  5  5  3  4
    GTC  5  9 10  7  8  8 |     GCC  9 10 14 13 16 11 |     GAC  8 17 20 14 22 22 |     GGC  9  8  9  6  6  8
    GTA  2  0  0  2  2  0 |     GCA  6  9  8  9  4  9 | Glu GAA  6  3  1  4  4  1 |     GGA  8  9  5  3  8  7
    GTG  7  6  7  7  6  6 |     GCG  3  1  1  1  4  1 |     GAG  4  6  8  5  5  8 |     GGG  6  5  8 13 10  7
--------------------------------------------------------------------------------------------------------------

--------------------------------------------------
Phe TTT  6 | Ser TCT  9 | Tyr TAT  5 | Cys TGT  8
    TTC  5 |     TCC  7 |     TAC  3 |     TGC  6
Leu TTA  1 |     TCA  3 | *** TAA  0 | *** TGA  0
    TTG  1 |     TCG  0 |     TAG  0 | Trp TGG  8
--------------------------------------------------
Leu CTT  5 | Pro CCT  3 | His CAT  3 | Arg CGT  5
    CTC  9 |     CCC  1 |     CAC  5 |     CGC  2
    CTA  0 |     CCA  1 | Gln CAA  3 |     CGA  2
    CTG 14 |     CCG  0 |     CAG  9 |     CGG  4
--------------------------------------------------
Ile ATT  5 | Thr ACT  7 | Asn AAT  8 | Ser AGT  5
    ATC 11 |     ACC  9 |     AAC  9 |     AGC  4
    ATA  2 |     ACA 12 | Lys AAA  4 | Arg AGA  5
Met ATG  8 |     ACG  0 |     AAG  6 |     AGG  4
--------------------------------------------------
Val GTT  3 | Ala GCT  9 | Asp GAT 14 | Gly GGT  5
    GTC  8 |     GCC 12 |     GAC 16 |     GGC  7
    GTA  0 |     GCA  6 | Glu GAA  3 |     GGA  8
    GTG  6 |     GCG  3 |     GAG  6 |     GGG  7
--------------------------------------------------

Codon position x base (3x4) table for each sequence.

#1: Gallus gallus  
position  1:    T:0.18317    C:0.19554    A:0.30941    G:0.31188
position  2:    T:0.26980    C:0.22772    A:0.26980    G:0.23267
position  3:    T:0.36139    C:0.25495    A:0.18564    G:0.19802
Average         T:0.27145    C:0.22607    A:0.25495    G:0.24752

#2: Rattus norvegicus
position  1:    T:0.17647    C:0.20000    A:0.29118    G:0.33235
position  2:    T:0.25000    C:0.23529    A:0.27647    G:0.23824
position  3:    T:0.29412    C:0.33824    A:0.15588    G:0.21176
Average         T:0.24020    C:0.25784    A:0.24118    G:0.26078

#3: Homo sapiens   
position  1:    T:0.18235    C:0.20000    A:0.28529    G:0.33235
position  2:    T:0.24706    C:0.24118    A:0.27647    G:0.23529
position  3:    T:0.21765    C:0.43529    A:0.10588    G:0.24118
Average         T:0.21569    C:0.29216    A:0.22255    G:0.26961

#4: Canis lupus familiaris
position  1:    T:0.18529    C:0.18824    A:0.29412    G:0.33235
position  2:    T:0.24706    C:0.24118    A:0.27647    G:0.23529
position  3:    T:0.26765    C:0.35882    A:0.12941    G:0.24412
Average         T:0.23333    C:0.26275    A:0.23333    G:0.27059

#5: Bos taurus     
position  1:    T:0.18529    C:0.19412    A:0.28824    G:0.33235
position  2:    T:0.24706    C:0.24118    A:0.27647    G:0.23529
position  3:    T:0.20000    C:0.43529    A:0.11176    G:0.25294
Average         T:0.21078    C:0.29020    A:0.22549    G:0.27353

#6: Pan troglodytes
position  1:    T:0.17804    C:0.20475    A:0.29970    G:0.31751
position  2:    T:0.26113    C:0.22552    A:0.27003    G:0.24332
position  3:    T:0.20772    C:0.41840    A:0.13353    G:0.24036
Average         T:0.21563    C:0.28289    A:0.23442    G:0.26706

#7: Mus musculus   
position  1:    T:0.18235    C:0.19412    A:0.29118    G:0.33235
position  2:    T:0.24706    C:0.24118    A:0.27647    G:0.23529
position  3:    T:0.29412    C:0.33529    A:0.14706    G:0.22353
Average         T:0.24118    C:0.25686    A:0.23824    G:0.26373

Codon usage in genes
--------------------------------------------------------------
Phe TTT  1 31 | Ser TCT  1 47 | Tyr TAT  0 24 | Cys TGT  0 45
    TTC  1 49 |     TCC  0 51 |     TAC  0 30 |     TGC  0 54
Leu TTA  0  8 |     TCA  0 20 | *** TAA  0  0 | *** TGA  0  0
    TTG  3 16 |     TCG  0  8 |     TAG  0  0 | Trp TGG  0 55
--------------------------------------------------------------
Leu CTT  1 46 | Pro CCT  0 18 | His CAT  0 25 | Arg CGT  1 34
    CTC  1 57 |     CCC  0 10 |     CAC  0 31 |     CGC  0 22
    CTA  0  9 |     CCA  1  9 | Gln CAA  1 21 |     CGA  0 14
    CTG  2 83 |     CCG  0  3 |     CAG  0 66 |     CGG  0 25
--------------------------------------------------------------
Ile ATT  2 35 | Thr ACT  0 58 | Asn AAT  0 49 | Ser AGT  0 29
    ATC  0 88 |     ACC  1 73 |     AAC  0 71 |     AGC  1 39
    ATA  0  9 |     ACA  1 48 | Lys AAA  1 40 | Arg AGA  2 30
Met ATG  7 49 |     ACG  0 19 |     AAG  1 33 |     AGG  0 33
--------------------------------------------------------------
Val GTT  0 14 | Ala GCT  0 58 | Asp GAT  1 93 | Gly GGT  0 36
    GTC  0 55 |     GCC  0 85 |     GAC  0 119 |     GGC  0 53
    GTA  0  6 |     GCA  0 51 | Glu GAA  0 22 |     GGA  0 48
    GTG  1 44 |     GCG  0 14 |     GAG  0 42 |     GGG  0 56
--------------------------------------------------------------

Codon position x base (3x4) table for each gene.


Gene #1
position  1:    T:0.19355    C:0.22581    A:0.51613    G:0.06452
position  2:    T:0.61290    C:0.12903    A:0.12903    G:0.12903
position  3:    T:0.22581    C:0.12903    A:0.19355    G:0.45161
Average         T:0.34409    C:0.16129    A:0.27957    G:0.21505

Gene #2
position  1:    T:0.18174    C:0.19627    A:0.29170    G:0.33029
position  2:    T:0.24855    C:0.23734    A:0.27635    G:0.23776
position  3:    T:0.26639    C:0.36805    A:0.13900    G:0.22656
Average         T:0.23223    C:0.26722    A:0.23568    G:0.26487

Sums of codon usage counts
------------------------------------------------------------------------------
Phe F TTT      32 | Ser S TCT      48 | Tyr Y TAT      24 | Cys C TGT      45
      TTC      50 |       TCC      51 |       TAC      30 |       TGC      54
Leu L TTA       8 |       TCA      20 | *** * TAA       0 | *** * TGA       0
      TTG      19 |       TCG       8 |       TAG       0 | Trp W TGG      55
------------------------------------------------------------------------------
Leu L CTT      47 | Pro P CCT      18 | His H CAT      25 | Arg R CGT      35
      CTC      58 |       CCC      10 |       CAC      31 |       CGC      22
      CTA       9 |       CCA      10 | Gln Q CAA      22 |       CGA      14
      CTG      85 |       CCG       3 |       CAG      66 |       CGG      25
------------------------------------------------------------------------------
Ile I ATT      37 | Thr T ACT      58 | Asn N AAT      49 | Ser S AGT      29
      ATC      88 |       ACC      74 |       AAC      71 |       AGC      40
      ATA       9 |       ACA      49 | Lys K AAA      41 | Arg R AGA      32
Met M ATG      56 |       ACG      19 |       AAG      34 |       AGG      33
------------------------------------------------------------------------------
Val V GTT      14 | Ala A GCT      58 | Asp D GAT      94 | Gly G GGT      36
      GTC      55 |       GCC      85 |       GAC     119 |       GGC      53
      GTA       6 |       GCA      51 | Glu E GAA      22 |       GGA      48
      GTG      45 |       GCG      14 |       GAG      42 |       GGG      56
------------------------------------------------------------------------------

(Ambiguity data are not used in the counts.)


Codon position x base (3x4) table, overall

position  1:    T:0.18189    C:0.19664    A:0.29455    G:0.32692
position  2:    T:0.25317    C:0.23597    A:0.27448    G:0.23638
position  3:    T:0.26587    C:0.36501    A:0.13970    G:0.22941
Average         T:0.23365    C:0.26587    A:0.23624    G:0.26424


Nei & Gojobori 1986. dN/dS (dN, dS)
(Pairwise deletion)
(Note: This matrix is not used in later ML. analysis.
Use runmode = -2 for ML pairwise comparison.)

Gallus gallus       
Rattus norvegicus    0.0271 (0.0453 1.6713)
Homo sapiens         0.0224 (0.0426 1.9035) 0.0116 (0.0065 0.5580)
Canis lupus familiaris 0.0290 (0.0425 1.4667) 0.0097 (0.0065 0.6637) 0.0000 (0.0000 0.4721)
Bos taurus           0.0189 (0.0426 2.2489) 0.0062 (0.0052 0.8273) 0.0000 (0.0000 0.5351) 0.0000 (0.0000 0.5051)
Pan troglodytes      0.0430 (0.0934 2.1704) 0.0819 (0.0533 0.6509) 0.4851 (0.0463 0.0955) 0.0746 (0.0466 0.6246) 0.0761 (0.0466 0.6130)
Mus musculus         0.0265 (0.0426 1.6047) 0.0469 (0.0052 0.1102) 0.0022 (0.0013 0.5853) 0.0019 (0.0013 0.6955) 0.0000 (0.0000 0.7693) 0.0699 (0.0477 0.6825)


TREE #  1:  ((((3, 6), (7, 2)), (5, 4)), 1);   MP score: -1
lnL(ntime:  6  np: 11):  -3362.211206      +0.000000
   8..9     9..10   10..11   11..3    11..6    10..12   12..7    12..2     9..13   13..5    13..4     8..1  
 0.394128 0.163377 0.157357 0.068816 0.029455 0.113420 1.483317 10.253950 0.000100 2.199807 0.036680
SEs for parameters:
 1917.242190 794.749966 765.468674 334.758949 143.285377 551.733810 7215.637299 427442998.465718 397.285742 0.252334 0.005908
Note: Branch length is defined for the first gene (site partition).
For other genes, look at "rates for genes".

tree length =   1.32068 (1st gene)

((((3: 0.068816, 6: 0.068816): 0.088541, (7: 0.029455, 2: 0.029455): 0.127902): 0.006019, (5: 0.113420, 4: 0.113420): 0.049957): 0.230751, 1: 0.394128);

((((Homo sapiens: 0.068816, Pan troglodytes: 0.068816): 0.088541, (Mus musculus: 0.029455, Rattus norvegicus: 0.029455): 0.127902): 0.006019, (Bos taurus: 0.113420, Canis lupus familiaris: 0.113420): 0.049957): 0.230751, Gallus gallus: 0.394128);

Detailed output identifying parameters

rates for 2 genes:     1  1.48332

gene # 1: kappa =  10.25395 omega =   0.00010
gene # 2: kappa =   2.19981 omega =   0.03668

Time used:  0:46
