
seed used = 1418813773
      7   1821

Homo sapiens                               --- --- --- ATG ATG GAA GCC TTG GGG TTT CTA AAA TTG GAA GTG AAT GGC CCC ATG GTG ACG GTG GCC CTG TCA --- GTG GCT CTC --- --- TTG GCC CTC CTG --- --- --- --- --- --- AAA TGG --- --- --- --- --- --- --- --- --- --- --- --- --- --- --- --- --- --- --- TAC TCC ACA TCA GCA TTC TCA AGA CTG GAG AAG TTA GGC CTC AGA CAT CCC AAG CCT TCT CCT TTC --- ATT GGA AAC TTG ACA TTT TTC CGC CAG GGT TTT TGG GAA AGC CAA ATG GAG CTC AGA AAG CTG TAT GGA CCT CTG TGT GGG TAC TAT CTT GGT CGT CGG ATG TTT ATT GTT ATT TCT GAG CCA GAC ATG ATC AAG CAG GTG TTG GTT GAG AAC TTC AGT AAC TTT ACC AAC AGA ATG GCG TCG GGT TTG GAG TTC AAG TCG GTA GCC GAC AGC GTT CTG TTT TTA --- CGT GAC AAA AGA TGG GAA GAG GTC AGA GGT GCC CTG ATG TCT GCT TTC AGT CCT GAA AAG CTG AAC GAG ATG GTT CCC CTC ATC AGC CAA GCC TGC GAC CTT CTC CTG GCT CAT TTA AAA CGC TAT GCG GAA TCT GGG GAC GCA TTT GAC ATC CAG AGG TGC TAC TGC AAT TAC ACC ACA GAT GTG GTT GCC AGC GTC GCC TTT GGC ACC CCG GTG GAC TCC TGG CAG GCC CCT GAG GAT CCC --- --- --- --- --- --- --- --- --- --- --- --- --- --- --- --- TTT GTG AAA CAC TGC AAG CGT --- --- --- TTC TTC GAA TTC TGC ATC CCC AGA CCT ATC CTG GTT TTA CTC --- TTA TCA TTT CCA TCC ATA ATG GTC CCA CTG GCC CGG ATT TTG --- --- --- CCC AAT AAG AAC CGA GAC GAA CTG AAT GGC TTT TTT AAC AAA CTC ATT AGG AAT GTG ATT GCC TTG --- --- --- --- --- CGG GAC CAG CAA GCT GCC GAA GAG AGG CGG AGA GAC TTC CTC CAA ATG GTC CTG GAT GCC CGA CAT TCT GCA AGT CCC ATG GGC GTG CAA GAC TTT GAC ATC GTC AGA GAC GTT TTC TCC TCT ACT --- --- --- GGG TGC AAG CCG AAC CCT TCC CGG CAA CAC CAG CCC AGC CCT ATG GCC AGG CCT TTG ACT GTG GAT GAG ATT GTG GGC CAG GCC TTC ATC TTC CTC ATC GCT GGC TAT GAA ATC ATC ACC AAC ACA CTT TCT TTT GCC ACC TAC CTA CTG GCC ACC AAC CCT GAC TGC CAA GAG AAG CTT CTG AGA GAG GTA GAC GTT TTT AAG GAG AAA CAC ATG GCC CCT GAG TTC TGC AGC CTC GAG GAA GGC CTG CCC TAT CTG GAC ATG GTG ATT GCA GAG ACG CTG AGG ATG TAC CCG CCA GCT TTC AGA TTC ACA CGG GAG GCA GCT CAG GAC TGC GAG GTG CTG GGG CAG CGC ATC CCC GCA GGC GCT GTG CTA GAG ATG GCC GTG GGT GCC CTG CAC CAT GAC CCT GAG CAC TGG CCA AGC CCG GAG ACC TTC AAC CCT GAA AGG TTC ACG GCT GAG GCC --- --- CGG CAG CAG CAC CGG CCC TTC ACG TAC CTG CCC TTC GGG GCC GGC CCA CGG AGC TGC CTC GGG GTG CGT CTA GGG CTG CTT GAG GTC AAG TTG ACA CTG CTC CAC GTG CTG CAC AAG TTC CGG TTC CAA GCC TGC CCT GAG ACC CAG GTA CCG CTG CAG CTA GAA TCC AAA TCT GCC CTA GGT CCA AAA AAT GGT GTC TAT ATC AAG ATC GTA TCC CGC --- --- --- --- --- --- --- 
Pan troglodytes                            --- --- --- ATG ATG GAA GCC TTG GGG TTT CTA AAA TTG GAA GTG AAT GGC CCC ATG GTG ACG GTG GCC CTG TCA --- GTG GCT CTC --- --- TTG GCC CTC CTG --- --- --- --- --- --- AAA TGG --- --- --- --- --- --- --- --- --- --- --- --- --- --- --- --- --- --- --- TAC TCC ACA TCA GCA TTC TCA AGA CTG GAG AAG TTA GGC CTC AGA CAT CCC AAG CCT TCT CCT TTT --- ATT GGA AAC TTG ACA TTT TTC CGC CAG GGT TTT TGG GAA AGC CAA ATG GAG CTC AGA AAG CTG TAT GGA CCT CTG TGT GGG TAC TAT CTT GGT CGT CGG ATG TTT ATT GTT ATT TCT GAG CCA GAC ATG ATC AAG CAG GTG TTG GTT GAG AAC TTC AGT AAC TTT ACC AAC AGA ATG GCG TCG GGT TTG GAG TTC AAG TCG GTA GCC GAC AGC GTT CTG TTT TTA --- CGT GAC AAA AGA TGG GAA GAG GTC AGA GGT GCC CTG ATG TCT GCT TTC AGT CCT GAA AAG CTG AAC GAG ATG GTT CCC CTC ATC AGC CAA GCC TGC AAC CTT CTC CTG GCT CAT TTA AAA CGC TAT GCG GAA TCT GGG GAC GCA TTT GAC ATC CAG AGG TGC TAC TGC AAT TAC ACC ACA GAT GTG GTT GCC AGC GTC GCC TTT GGC ACC CCG GTG GAC TCC TGG CAG GCC CCT GAG GAT CCC --- --- --- --- --- --- --- --- --- --- --- --- --- --- --- --- TTT GTG AAA CAC TGC AAG CGT --- --- --- TTC TTC GAA TTC TGC ATC CCC AGA CCT ATC CTG GTT TTA CTC --- TTA TCA TTT CCA TCC ATA ATG GTC CCA CTG GCC CGG ATT TTG --- --- --- CCC AAT AAG AAC CGA GAT GAA CTG AAT GGC TTT TTT AAC AAA CTC ATT AGG AAT GTG ATT GCC TTG --- --- --- --- --- CGG GAC CAG CAA GCT GCC GAA GAG AGG CGG AGA GAC TTC CTC CAA ATG GTC CTG GAT GCC CGA CAT TCT GCA AGT CCC ATG GGC GTG CAA GAC TTT GAC ATC GTT AGA GAA GTT TTC TCC TCT ACT --- --- --- GGG TGC AAG CCG AAC CCT TCC CGG CAA CAC CAG CCC AGC TCC ATG GCC AGG CCT TTG ACT GTG GAT GAG ATT GTG GGC CAG GCC TTC ATC TTC CTC ATC GCT GGC TAT GAA ATT GTC ACC AAC ACA CTT TCT TTT GCC ACC TAC CTA CTG GCC ACC AAC CCT GAC TGC CAA GAG AAG CTT CTG AGA GAG GTG GAC GTT TTT AAG GAG AAA CAC ATG GCC CCT GAG TTC TGC AGC CTC AAG GAA GGC CTG CCC TAT CTG GAC ATG GTG ATT GCA GAG ACG CTG AGG ATG TAC CCG CCA GCT TTC AGA TTC ACA CGG GAG GCA GCT CAG GAC TGC GAG GTG CTG GGG CAG CGC ATC CCC GCA GGC GCT GTG CTA GAG ATG GCC GTG GGT GCC CTG CAC CAT GAC CCT GAG CAC TGG CCA AGC CCG GAG ACC TTC AAC CCT GAA AGG TTC ACG GCT GAG GCC --- --- CGG CAG CAG CAC CGG CCC TTC ACG TAC CTG CCC TTC GGG GCC GGC CCA CGG AGC TGC CTC GGG GTG CGT CTA GGG CTG CTT GAG GTC AAG TTG ACA CTG CTC CAC GTG CTG CAC AAG TTC CGG TTC CAA GCC TGC CCT GAG ACC CAG GTA CCG CTG CAG CTA GAA TCC AAA TCT GCC CTA GGT CCA AAA AAT GGT GTC TAT ATC AAG ATT GTA TCC CGC --- --- --- --- --- --- --- 
Mus musculus                               --- --- --- --- ATG GAA GTG TTG GGG CTT CTC AAG TTT GAA GTC AGT GGT ACC ATA GTG ACT GTG ACT CTG CTC --- GTG GCT CTC --- --- TTG GCC CTC CTG --- --- --- --- --- --- AAA TGG --- --- --- --- --- --- --- --- --- --- --- --- --- --- --- --- --- --- --- TAC TCC ATG TCA GCT TTC TCA AGA CTG GAG AAG TTG GGC ATC AGG CAC CCC AAG CCT TCT CCT TTT --- GTT GGA AAC TTG ATG TTT TTC CGC CAG GGT TTT TGG GAG AGC CAA TTG GAA CTC CGA GAG CGA TAC GGG CCT CTG TGT GGG TAC TAT CTT GGC CGT CGG ATG CAC GTT GTC ATT TCA GAG CCA GAC ATG ATC AAG CAG GTG TTG GTT GAG AAC TTC AGT AAC TTT TCC AAC AGA ATG GCC TCA GGT CTG GAA CCC AAG ATG GTA GCA GAC AGT GTC CTG TTG TTA --- CGT GAC AGA AGA TGG GAG GAA GTC AGG GGT GCC CTG ATG TCT TCA TTC AGT CCT GAA AAG TTG GAT GAG ATG ACA CCT CTC ATC AGC CAA GCC TGT GAA CTT CTC GTG GCT CAC TTA AAA CGC TAT GCA GCA TCC AGG GAC GCA TTC AAC ATC CAG AGG TGT TAC TGC TGT TAC ACC ATA GAT GTG GTG GCC AGT GTG GCC TTT GGC ACC CAG GTG GAC TCC CAG AAT TCT CCA GAA GAT CCC --- --- --- --- --- --- --- --- --- --- --- --- --- --- --- --- TTT GTG CAA CAC TGC CGG CGT --- --- --- GCT TCC ACC TTC TGT ATC CCC AGG CCT CTC CTG GTA TTA ATC --- TTA TCA TTT CCA TCC ATA ATG GTC CCA TTG GCC CGG ATT CTG --- --- --- CCC AAT AAG AAC CGA GAT GAA CTG AAT GGC TTT TTT AAC ACA CTC ATT AGG AAT GTG ATT GCC TTA --- --- --- --- --- CGG GAC CAG CAA GCA GCA GAA GAG AGG CGG AGA GAC TTC CTG CAG ATG GTG CTG GAT GCC CAG CAC TCC ATG AAC TCT GTG GGC GTG GAA GGC TTT GAC ATG GTC CCA GAA TCC CTG TCC TCT TCT --- --- --- GAG TGC ACA AAG GAA CCA CCC CAA AGG TGC CAT CCT ACC TCC ACA TCT AAG CCT TTC ACT GTG GAT GAA ATT GTG GGC CAG GCC TTC CTC TTC CTC ATT GCG GGC CAT GAG GTC ATC ACA AAC ACG CTG TCC TTC ATC ACA TAC CTG CTG GCC ACC CAC CCT GAC TGC CAG GAG AGG CTT CTG AAA GAG GTG GAC CTC TTC ATG GGG AAG CAC CCA GCC CCT GAG TAC CAC AGC CTG CAG GAA GGT CTG CCG TAT CTG GAC ATG GTG ATT TCA GAG ACC CTG AGG ATG TAC CCA CCA GCT TTC AGG TTC ACA CGG GAG GCA GCA CAG GAC TGT GAG GTG CTG GGA CAA CGT ATC CCT GCA GGT ACA GTG CTG GAG ATA GCT GTG GGT GCC CTA CAC CAT GAC CCA GAG CAC TGG CCG AAT CCT GAG ACC TTT GAC CCT GAA AGG TTC ACA GCA GAG GCC --- --- CGG CTT CAG CGG AGG CCG TTC ACA TAC CTG CCC TTT GGA GCT GGC CCC AGG AGC TGC CTC GGA GTG CGG CTG GGC CTG CTG GTG GTC AAG CTG ACA ATA CTC CAG GTC CTA CAC AAG TTC CGC TTT GAA GCC AGC CCT GAG ACT CAG GTT CCA CTT CAG CTA GAA TCC AAA TCT GCC CTA GGC CCC AAA AAT GGA GTC TAC ATC AAG ATT GTG TCA CGC --- --- --- --- --- --- --- 
Bos taurus                                 --- --- --- --- ATG GAA GTC TTA GGG CTC TTC AGG CTG GAA GTG AGT GGC CCC ATG GTG ACG GTG GCC CTG TCC --- GTG GTC TTC --- --- TTG GCC CTC CTG --- --- --- --- --- --- AAA TGG --- --- --- --- --- --- --- --- --- --- --- --- --- --- --- --- --- --- --- TAC TCC ACA TCA GCG TTT TCA AGA CTA GAG AAG TTG GGC ATC AGA CAT CCC AAG CCT TCT CCT TTT --- ATT GGA AAC TTA GCG TTT TTC CGC CAG GGT TTC TGG GAA AGC CAC ATG GAG CTC AGA AAG CAA TAT GGA CCT CTG AGT GGG TAC TAT CTT GGT CGT CTG ATG TTT ATT GTT ATC TCT GAG CCA GAC ATG ATT GAG CAG GTG TTG GTT GAG AAG TTC AGT AAC TTT ACC AAC AGA ATG GCA ACG GGT TTG GAG CCC AAA CCA GTG GCC GAC AGT GTC CTG TTC TTA --- CGT GAC AAA AGA TGG GAA GAG GTC AGA AGT GTC CTG ACT GTG GCT TTC AGT CCT GAA AAA CTG AGT GAG ATG ACT CCT TTA ATC AGC CGG GCC TGC GAT GTG CTT CTG GCT CAC CTA GAG CGT CAC GCA CAG TCT GGG GAG GCT TTT GAC ATC CAG AGG ACC TAC TGC TGC TAC ACC ACA GAT GTG GTG GCC AGT GTT GCC TTT GGC ACC GAA GTG AAC TCC CAG GAG GCT CCT GAG CAC CCC --- --- --- --- --- --- --- --- --- --- --- --- --- --- --- --- TTC GTG GAG CAC TGC AGG CGC --- --- --- TTC TTT GCA TCC TCC ATC CCC AAA CCT CTC CTG GTT TTA CTC --- TTA TCA TTT CCA TCC ATA ATG GTC CCA CTG GCC CGG ATT TTG --- --- --- CCC AAT AAG AAC CGA GAT GAA CTG AAT GGC TTT TTT AAC AAA CTC ATT AGG AAT GTG ATT GCC TTG --- --- --- --- --- CGG GAC CAG CAA GCA GCC GAA GAG AGG AGG AGA GAT TTC CTC CAA ATG GTC CAG GAT GTG CGC CAT TCT GCT GCC ACA GTG GGC GTG GAG AAA TTT GAC ATC GTC CGT CAG GTC TTT TCT GCC ACC --- --- --- AAA TGC CCA GCA AAC CCT CCC CGG CGA CAC TCA CCC AGA CCC CTG TCC AAG CCT TTG AGT GTG GAT GAG GTG GTG GGC CAG GCC TTC ATC TTC CTC ATC GCT GGC TAC GAG ATT GTC ACC AAC ACT CTC TCT TTC GCC ACC TAC CTC CTG GCC ACC AAC CCT GAG TGC CAA GAG AAG CTT CTG GAA GAG GTG GAC TGT TTC AGC AAG GAA CAT CTG GCC CCT GAG TAC TGC AGC CTC CAG GAA GGT CTG CCC TAC TTG GAC ATG GTG ATT AAA GAG ACC TTG AGG ATG TAC CCA CCG GCT TTC AGG TTC ACG CGG GTG GCG GCA CAG GAC TGC GAG GTG CTG GGC CAG CGC ATC CCC GCA GGC GCT GTG CTA GAG ACG GCC GTG GGC GCT CTG CAC TAC GAC CCC GAG CAC TGG CCG AAC CCC GAG AAC TTC AAC CCC GAG AGG TTC ACT GCC GAG GCG --- --- CAA CAA CGC CGG CGG CCC TAC ACG TAC CTG CCG TTT GGG GCG GGC CCC CGG AGC TGC CTC GGG GTT CGG CTG GGG CTC CTG GAG CTC AAG CTG ACG CTG CTC CAC ATC CTG CGC AAG TTC CGG TTC GAA GCC TGT CCC GAG ACG CAG GTA CCA CTG CAG CTA GAA TCC AAA TCT GCC CTA GGT CCA AAA AAT GGC GTC TAC ATC AGA ATC GTC TCT CGC --- --- --- --- --- --- --- 
Canis lupus familiaris                     --- --- --- --- ATG GAA GTC TTG AGT TTT CTC AAA CTG GAA GTG AAT GGC CCC ATG GTG ACA GTG GCC CTC TCC --- GTG GTC CTC --- --- TTG GCC CTC CTG --- --- --- --- --- --- AAA TGG --- --- --- --- --- --- --- --- --- --- --- --- --- --- --- --- --- --- --- TAC TCC ACA GCA GCA TTT TCA AGG TTG GAG AAG TTG GGC ATC AGA CAT CCC AAG CCT TCT CCC TTT --- ATT GGA AAC TTG CCA TTT TTT TGC CAG GGT TTC TGG GAA AGC CAA ATG GAG CTC AGA AAG CTA TAT GGA CCT CTG TGT GGG TAC TAT CTT GGT CGC CGG ATG TTT ATT GTT ATC TCT GAG CCA GAC ATG ATC AAG CAG GTG TTG GTT GAG AAC TTC CAT AAC TTT ACC AAC AGA ATG GTG TCG GGC TTG GAG TCC AAA CCA GTA ATG GAC AGT GTC CTG TTT TTA --- CGC GAC AAA AGA TGG GAA GAG GTC AGA AGT GTC CTG ACT TCG GCT TTC AGT CCC GAG AAG CTG AAC GAG ATG ACT CCC CTA ATC AGC CAA GCC TGC GAT CTG CTC CTG GCT CAC TTA AAA CAC TAC GCG GAA TCC GGG GAC GCC TTC GAC ATC CAG AGG TGC TAC AGC TGC TAC ACC ACA GAT GTG GTT GCC AGT GTC GCC TTT GGC ACC CAA GTG GAC TCC CGA CGG GCT CCC GGG GAC CCC --- --- --- --- --- --- --- --- --- --- --- --- --- --- --- --- TTT GTG AAG CAC TGC AGG CGT --- --- --- TTC TTT GCA TAC TCC ATC CCC AGA CCT ATC CTG GTT TTA ATC --- TTA TCA TTT CCA TCC ATA ATG GTC CCA CTG GCC CGG ATT TTG --- --- --- CCC AAT AAG AAC CGA GAT GAA CTG AAT GGC TTT TTT AAC AAA CTC ATT AGG AAT GTG ATT GCC TTG --- --- --- --- --- CGG GAC CAG CAA GCA GCC GAA GAG AGG CGG AGA GAT TTC CTC CAA CTG ATC CTG GAT GCC CGA CAT TTG GCC ACC TCT CTG GGT GTG GAC AGC TTC GAC ATG GTC AGA CAA GTC TTC TCC TCC ACC --- --- --- GAC TGC ACC GTG GGT CCC TCC CGG CCA CAC CAG CCC AGA CAC CTG TCC CAG CCT CTG ACT CTG GAT GAG ATC GTG GGC CAG GCC TTC ATC TTC CTC ATC GCT GGC TAT GAG ATC ATC ACC AAC ACG CTC TCT TTT GCC ACC TAC CTC CTG GCC ACC AAC CCT GAC TGC CAA GAG AAG CTT CTG GCA GAG GTG GAC AGC TTT AAG GAG AAA TAT ACG GCC CTT GAC TAC TGC AGC CTC CAG GAA GGC CTG CCC TAC CTG GAC ATG GTG ATT GCG GAG ACC TTG AGG ATC TAC CCC CCG GCT TTC AGG TTC ACA CGG GAG GCG GCG CGG GAC TGC GAG GTG CGG GGA CAG CGC ATC CCC GCG GGC GCC GTG GTG GAG GTG GCC GTG GGC GCC CTG CAC CGT GAC CCT GAG TAC TGG CCA CAA CCG GAG ACC TTC AAC CCC GAG AGG TTC AAG GCC GAG GCG --- --- CAG CGA CGA CAG CAA CCC TTC ACC TAC CTG CCG TTC GGC GCG GGC CCC CGG AGC TGC CTC GGG GTG CGG CTG GGG CTG CTG GAG GTC AAG CTG ACG CTG CTG CAG GTC CTG CAC CAG TTC CGG TTC GAG GCC TGC CCG GAG ACG CAG GTA CCA CTG CAG CTA GAC TCC AAA TCT GCC CTA GGT CCA AAG AAT GGC ATC TAC ATC AAG ATT GTC TCC CGC --- --- --- --- --- --- --- 
Gallus gallus                              --- --- --- --- --- --- --- --- --- --- ATG GCA GCA CAG CCA TCC GCC GCA GCG CTG ACC CTC ACG CTC AGC --- TCA GCA GCA GAA GGG TGG CCA ATG CTC CAG CGC GGG GAT GCA GGC AGA TGG CAG GAG GAT GGC GGC CTC GTC TCC TTC CAA GGA GGA AAT TAC ATC CCC TGC GAT AAG TAC TCC ACC TCA GCC TTC TCC AAA CTA AGC AAA GTG GGA ATC AGA CAT CCC CCA CCT CTT CCC TTC --- ATT GGA AAC CTG CTC TTT TTC CGT GAG GGC TTT TGG GAA AAC CAC ACA AAA CTC ATA ACG GAG TAT GGA CCT GTA TGC GGG TAC TAT ATT GGT CGC CAG ATG TTT GTG GTG ATC TCC ACA CCC GAG GTG ATC AAG CAG ATC TTA GTG ACA GAC TTC GGT AAC TTC ACC AAC AGA ACT AAG CCG AAC TTG ATT TCC AAG CCA ATG CTT GAC AGC ATC CTT TGT CTT --- CGT GAT GAG AGA TGG AAG TAT GTC CGG AGC CTG CTG ACC CCA GCC TTC AGT GAT GCC AAA CTG AAA GAG ATG ATA CCG CTA ATA AAC CAG GCC TGT GAT GTC CTG CTG AGT AAC TTG AAA GTC TAT GCA GAT TCT GGC AGA GCT TTT GAT ATC CAA AGG TGT TAC AAC TGC TTT ACT TTG GAT GTT GTT GGT AGT GTA GCT TTT GGT ACT GAG GTG GAC TCT CAG AAG AAC CCT GAT GAC CCC --- --- --- --- --- --- --- --- --- --- --- --- --- --- --- --- TTT GTT AAG AAT TGC AGA ACA --- --- --- TTC TTT GAG ATG TCT TTG TTT AAG CCT CTT CTC TTT CTT ATC --- CTT TCT TTC CCA TTC ATA ATG ATC CCA TTG CTT CGG ATT CTG --- --- --- CCA AAC AAG AAA CAA AAG GAA CTG AAT GGA TTT TTT ATT CAA ACT ATA AAA AAT GCA ATT GCC TTC --- --- --- --- --- AGA GAC CAG CAA GAT GCA GCT GAG AGG CGC AGA GAT TTT CTC CAG TGG ATG CTT GAC TCC CGC AAC TCA GCT GAT GCT TTG GCA GGT GGA TAT TTT GAT CAG ATC TGT CCA GCC ACC ACT TCC AGC --- --- --- CAT AAT GAG GTG CCT CTT GTT GAC AAG ACC CCA TCT GAA AAG GCT CAG AAG ATG CTA ACC GAG GAT GAG ATA GCA GGC CAA GCT TTT CTC TTC CTG ATT GCT GGG TAT GAG ACC ACC ACT AGC ACA CTG TCC TTT GCC ACA TAC TTG CTA GCA ACC AAC CCG GAG TGC CAG GAG AAG CTG CTT CAG GAG ATA GAT GAG TTC TCA GCA AAA CAC ATG GCC CAG GAT CTC TGT GCA TTG GAG GAG AAT CTC CCT TAC CTG GAC ATG GTC ATT GCA GAG ACA TTG CGC ATG TTT CCA CCT GCA TTC AGG TTC ACT CGG GAA GCA GCT AAG GAC TGT GTG GTG CTG GGA CAG CGT ATT CCT GCA GGG GCT GTC ATT GAA ACT GCA GTT GGA CAT CTC CAC CAC AAC CCA GAG TTC TGG CCA GAG CCA GAG AAA TTC ATT CCT GAA AGG TTT ACA GAG GAG GCC --- --- AAG AAG GAG CGA CAT CCC TTT GCA TAT CTG CCC TTT GGA GCA GGA CCC CGT GGC TGT ATT GGT AGG AAG ATG GGT TTG CTG GCG ACA AAA ATG ACT CTG CTG AGG ATT TTG CAG ATG TTT CGA TTT AAG ACC TGC CCA GAA ACT GAG ATT CCT TTG CAG CTG AAA TCG AAA GCC ACA CTT GGA CCA AAA AAT GGA GTC TAC ATT ATC CTG GAA TCT CGC --- --- --- --- --- --- --- 
Rattus norvegicus                          --- --- --- --- ATG GAA GTG TTG GGG CTT CTC AAG TTC GAA GTC AGT GGT ACC GTA GTG ACT GTG ACT CTG TCC --- GTG GTT CTC --- --- TTG GCC CTC CTG --- --- --- --- --- --- AAA TGG --- --- --- --- --- --- --- --- --- --- --- --- --- --- --- --- --- --- --- TAC TCC ACA TCA GCG TTC TCA AGA CTG AGG AAG TTG GGC ATC AGA CAC CCT GAG CCT TCT CCT TTT --- GTT GGA AAC TTG ATG TTT TTC CGC CAG GGC TTT TGG GAG AGC CAT TTG GAG CTC CGA GAG CGA TAT GGG CCT CTG TGT GGG TAC TAT CTT GGC CGT CGG ATG TAC ATT GTC ATT TCA GAC CCA GAC ATG ATC AAG GAG GTG TTG GTT GAG AAC TTC AGT AAC TTT TCC AAC AGA ATG GCC TCA GGT CTG GAA CCC AAG CTG ATA GCA GAC AGT GTC CTG ATG TTA --- CGT GAC AGA AGA TGG GAG GAA GTC AGA GGT GCC CTG ATG TCT GCA TTC AGT CCT GAA AAA TTG AAC GAG ATG ACA CCT CTC ATC AGC CAA GCC TGT GAA CTT CTC CTG TCT CAC TTA AAA CAC TCT GCG GCA TCC GGG GAC GCA TTC GAC ATC CAG AGG TGT TAC TGC TGT TTT ACC ACA AAT GTG GTG GCC AGT GTG GCC TTT GGC ATC GAG GTG AAC TCC CAG GAT GCT CCA GAA GAC CCC --- --- --- --- --- --- --- --- --- --- --- --- --- --- --- --- TTT GTG CAA CAC TGC CAG CGT --- --- --- GTT TTT GCT TTC AGT ACC CCA AGG CCT CTC CTG GCT TTA ATT --- TTA TCA TTT CCA TCC ATA ATG GTC CCA TTG GCC CGG ATT CTG --- --- --- CCC AAT AAG AAC CGA GAT GAA CTG AAT GGC TTT TTT AAC ACA CTC ATT AGG AAT GTG ATT GCC TTA --- --- --- --- --- CGG GAC AAG CAA ACA GCA GAA GAG AGG CGG GGA GAC TTC CTG CAG ATG GTG CTG GAT GCC CAG CGT TCC ATG AGC TCT GTG GGT GTA GAA GCC TTT GAC ATG GTC ACA GAA GCC CTG TCC TCT GCT --- --- --- GAG TGC ATG GGG GAC CCA CCC CAA AGG TGT CAT CCT ACA TCC ACA GCT AAG CCT TTA ACT GTG GAT GAG ATT GCC GGC CAG GCT TTC CTC TTC CTC ATC GCT GGC CAC GAG ATC ACC ACA AAC ACG CTC TCC TTC ATC ACA TAC CTG CTG GCC ACC CAC CCT GAG TGC CAG GAG AGG CTT CTG AAA GAG GTG GAC CTC TTC ATG GAG AAG CAT CCA GCC CCT GAG TAC TGC AAC CTG CAG GAA GGT CTG CCC TAT CTG GAC ATG GTG GTT GCA GAG ACC CTG AGG ATG TAC CCA CCA GCT TTC AGA TTC ACA AGG GAG GCA GCA CAG GAC TGT GAG GTG CTG GGA CAG CAC ATC CCT GCA GGT TCT GTG CTG GAG ATT GCT GTG GGT GCC CTA CAC CAT GAC CCA GAG CAC TGG CCG AAC CCT GAG ACC TTT GAC CCT GAA AGG TTT ACA GCA GAA GCC --- --- CGG CTT CAG CAG AAG CCA TTC ACA TAC CTG CCT TTT GGA GCT GGT CCC AGG AGC TGC CTT GGA GTA CGG CTG GGG CTG CTG GTG GTC AAG CTG ACA CTG CTC CAG GTC CTA CAC AAG TTC CGC TTT GAA GCT TGC CCT GAG ACT CAG GTT CCA CTT CAG CTA GAA TCC AAA TCT GCT CTA TGC CCC AAA AAT GGA GTC TAC GTC AAG ATT GTG TCA CGC --- --- --- --- --- --- --- 



Printing out site pattern counts


         7       1476  P

Homo sapiens                                --- --- --- --- --- --- --- --- --- --- --- --- --- --- --- --- --- --- --- --- --- AAA AAA AAA AAA AAA AAA AAA AAA AAA AAC AAC AAC AAC AAC AAC AAC AAC AAC AAG AAG AAG AAG AAG AAG AAG AAG AAG AAG AAG AAG AAG AAT AAT AAT AAT ACA ACA ACA ACA ACA ACA ACC ACC ACC ACC ACC ACC ACC ACC ACG ACG ACG ACG ACT ACT AGA AGA AGA AGA AGA AGA AGA AGA AGA AGA AGC AGC AGC AGC AGC AGC AGC AGG AGG AGG AGG AGT AGT AGT ATA ATC ATC ATC ATC ATC ATC ATC ATC ATC ATC ATC ATC ATC ATG ATG ATG ATG ATG ATG ATG ATG ATG ATG ATG ATG ATG ATG ATT ATT ATT ATT ATT ATT ATT CAA CAA CAA CAA CAA CAA CAA CAC CAC CAC CAC CAC CAC CAC CAC CAG CAG CAG CAG CAG CAG CAG CAG CAG CAG CAG CAT CAT CAT CAT CCA CCA CCA CCA CCA CCA CCC CCC CCC CCC CCC CCC CCC CCC CCC CCC CCC CCC CCG CCG CCG CCG CCG CCT CCT CCT CCT CCT CCT CCT CCT CCT CCT CCT CCT CGA CGA CGC CGC CGC CGC CGG CGG CGG CGG CGG CGG CGG CGG CGG CGG CGT CGT CGT CGT CTA CTA CTA CTA CTA CTA CTC CTC CTC CTC CTC CTC CTC CTC CTC CTC CTC CTC CTC CTG CTG CTG CTG CTG CTG CTG CTG CTG CTG CTG CTG CTG CTG CTG CTG CTG CTG CTG CTG CTT CTT CTT CTT CTT GAA GAA GAA GAA GAA GAA GAA GAA GAA GAA GAA GAA GAA GAC GAC GAC GAC GAC GAC GAC GAC GAC GAC GAC GAC GAC GAG GAG GAG GAG GAG GAG GAG GAG GAG GAG GAG GAG GAG GAG GAG GAG GAG GAT GAT GAT GAT GCA GCA GCA GCA GCA GCA GCC GCC GCC GCC GCC GCC GCC GCC GCC GCC GCC GCC GCC GCC GCC GCC GCC GCC GCC GCC GCC GCC GCG GCG GCT GCT GCT GCT GCT GCT GCT GCT GCT GGA GGA GGC GGC GGC GGC GGC GGC GGC GGC GGC GGG GGG GGG GGG GGG GGG GGG GGG GGT GGT GGT GGT GGT GGT GGT GTA GTA GTA GTA GTC GTC GTC GTC GTC GTC GTC GTG GTG GTG GTG GTG GTG GTG GTG GTG GTG GTG GTG GTG GTG GTT GTT GTT GTT GTT GTT GTT GTT TAC TAC TAC TAC TAT TAT TAT TAT TAT TAT TCA TCA TCA TCA TCC TCC TCC TCC TCC TCC TCC TCG TCG TCT TCT TCT TCT TCT TCT TCT TCT TGC TGC TGC TGC TGC TGC TGC TGC TGC TGG TGG TGT TTA TTA TTA TTC TTC TTC TTC TTC TTC TTC TTC TTC TTC TTC TTC TTC TTC TTC TTC TTG TTG TTG TTG TTG TTG TTG TTG TTG TTG TTT TTT TTT TTT TTT TTT TTT TTT TTT TTT TTT
Pan troglodytes                             --- --- --- --- --- --- --- --- --- --- --- --- --- --- --- --- --- --- --- --- --- AAA AAA AAA AAA AAA AAA AAA AAA AAA AAC AAC AAC AAC AAC AAC AAC AAC AAC AAG AAG AAG AAG AAG AAG AAG AAG AAG AAG AAG AAG AAG AAT AAT AAT AAT ACA ACA ACA ACA ACA ACA ACC ACC ACC ACC ACC ACC ACC ACC ACG ACG ACG ACG ACT ACT AGA AGA AGA AGA AGA AGA AGA AGA AGA AGA AGC AGC AGC AGC AGC AGC AGC AGG AGG AGG AGG AGT AGT AGT ATA ATC ATC ATC ATC ATC ATC ATC ATC ATC ATC ATT ATT GTC ATG ATG ATG ATG ATG ATG ATG ATG ATG ATG ATG ATG ATG ATG ATT ATT ATT ATT ATT ATT ATT CAA CAA CAA CAA CAA CAA CAA CAC CAC CAC CAC CAC CAC CAC CAC CAG CAG CAG CAG CAG CAG CAG CAG CAG CAG CAG CAT CAT CAT CAT CCA CCA CCA CCA CCA CCA CCC CCC CCC CCC CCC CCC CCC CCC CCC CCC CCC CCC CCG CCG CCG CCG CCG CCT CCT CCT CCT CCT CCT CCT CCT CCT CCT CCT TCC CGA CGA CGC CGC CGC CGC CGG CGG CGG CGG CGG CGG CGG CGG CGG CGG CGT CGT CGT CGT CTA CTA CTA CTA CTA CTA CTC CTC CTC CTC CTC CTC CTC CTC CTC CTC CTC CTC CTC CTG CTG CTG CTG CTG CTG CTG CTG CTG CTG CTG CTG CTG CTG CTG CTG CTG CTG CTG CTG CTT CTT CTT CTT CTT GAA GAA GAA GAA GAA GAA GAA GAA GAA GAA GAA GAA GAA AAC GAA GAC GAC GAC GAC GAC GAC GAC GAC GAC GAC GAT AAG GAG GAG GAG GAG GAG GAG GAG GAG GAG GAG GAG GAG GAG GAG GAG GAG GAT GAT GAT GAT GCA GCA GCA GCA GCA GCA GCC GCC GCC GCC GCC GCC GCC GCC GCC GCC GCC GCC GCC GCC GCC GCC GCC GCC GCC GCC GCC GCC GCG GCG GCT GCT GCT GCT GCT GCT GCT GCT GCT GGA GGA GGC GGC GGC GGC GGC GGC GGC GGC GGC GGG GGG GGG GGG GGG GGG GGG GGG GGT GGT GGT GGT GGT GGT GGT GTA GTA GTA GTG GTC GTC GTC GTC GTC GTC GTT GTG GTG GTG GTG GTG GTG GTG GTG GTG GTG GTG GTG GTG GTG GTT GTT GTT GTT GTT GTT GTT GTT TAC TAC TAC TAC TAT TAT TAT TAT TAT TAT TCA TCA TCA TCA TCC TCC TCC TCC TCC TCC TCC TCG TCG TCT TCT TCT TCT TCT TCT TCT TCT TGC TGC TGC TGC TGC TGC TGC TGC TGC TGG TGG TGT TTA TTA TTA TTC TTC TTC TTC TTC TTC TTC TTC TTC TTC TTC TTC TTC TTC TTC TTT TTG TTG TTG TTG TTG TTG TTG TTG TTG TTG TTT TTT TTT TTT TTT TTT TTT TTT TTT TTT TTT
Mus musculus                                --- --- --- --- --- --- --- --- --- --- --- --- --- --- --- --- --- --- --- --- --- AAA AAA AAA AAA AAG AAG ACA AGA CAA AAC AAC AAC AAC AAC CAC GAA GAC GAT AAG AAG AAG AAG AAG AAG AAG AAG ACA AGG ATG CGG GAG AAT AAT AGT TGT ACA ACA ACG ATA ATG ATG ACA ACA ACC ACC ACC ACC ACT TCC ACA ACA ACC ACT ACT TCT AAA AGA AGA AGA AGG AGG AGG AGG CCA CGA AAT ACC AGC AGC AGC AGT AGT AAG AGG AGG AGG AAC AGT AGT ATA ATC ATC ATC ATC ATC ATC ATG ATT CTC CTC ATT GTC ATC --- ACA ATA ATA ATG ATG ATG ATG ATG ATG ATG CCA GTG TTG ATT ATT ATT ATT ATT GTT GTT AGG CAA CAA CAA CAG GAA GAA CAC CAC CAC CAC CAC CAG CGG TGC AAT CAA CAG CAG CAG CAG CAG CAG CAG CAT CTT CAC CAC CAC CAT CCA CCA CCA CCC CCC CCG ACC CCC CCC CCC CCC CCC CCG CCG CCT CCT CCT TCT AAG CAG CCA CCA CCT CCA CCA CCA CCT CCT CCT CCT CCT CCT CCT CCT TCC CAG CGA CGC CGC CGC CGT AGG AGG CAA CGC CGG CGG CGG CGG CGG CGG CGG CGT CGT CGT CTA CTA CTC CTG CTG CTG ATC ATC CTC CTC CTC CTC CTC CTC CTC CTC CTC CTG CTG ATA CGA CTA CTA CTG CTG CTG CTG CTG CTG CTG CTG CTG CTG CTG CTG CTT GTG TTG TTG CTG CTG CTT CTT CTT ACC GAA GAA GAA GAA GAA GAA GAA GAA GAG GAG GAG GCA GAA GAA AAC GAC GAC GAC GAC GAC GAC GAC GAC GGC GAT CAG GAA GAA GAA GAA GAA GAG GAG GAG GAG GAG GAG GAG GAG GAG GGG GTG GAT GAT GAT GAT ATG GCA GCA GCA GCT TCA ACT ATC GCA GCA GCC GCC GCC GCC GCC GCC GCC GCC GCC GCC GCC GCC GCC GCT GCT GTG TCT TCT GCA GCC ACA GCA GCA GCA GCG GCT GCT GCT TCA GGA GGG GGC GGC GGC GGC GGC GGC GGT GGT GGT AGG GAG GGA GGA GGA GGC GGG GGG GGA GGC GGC GGT GGT GGT GGT GTA GTG GTT GTG GTC GTC GTC GTC GTG GTG GTC GTC GTC GTG GTG GTG GTG GTG GTG GTG GTG GTG GTG GTG GTG ACA CTC GTA GTC GTC GTG GTT TCC TAC TAC TAC TAC CAT TAC TAC TAT TAT TAT CTC TCA TCA TCA CCC TCA TCC TCC TCC TCC TCC ATG TCA TCA TCC TCC TCC TCT TCT TCT TCT AGC CAC TGC TGC TGC TGC TGT TGT TGT CAG TGG TGT TTA TTA TTG CCC CTG GCT TAC TCC TTC TTC TTC TTC TTC TTC TTC TTT TTT TTT TTT CTG CTG CTG TTA TTC TTG TTG TTG TTG TTT CAC CTT TTC TTC TTC TTG TTT TTT TTT TTT TTT
Bos taurus                                  --- --- --- --- --- --- --- --- --- --- --- --- --- --- --- --- --- --- --- --- --- AAA AAA AAA GAG AGG GAA AAA AAA GAG AAC AAC AAC AAC AAG AAC AAC AAC AGT AAA AAA AAG AAG AAG AAG AGA GAG CCA AAG AGC AGG AAG AAT AAT AGT TGC ACG ACG ACT ACA ACA GCG ACC ACC AAC ACC ACC ACC ACG ACC ACG ACT ACC ACG AGT ACC GAA AGA AGA AGA AAA AGA AGA AGG CGT AGA AAC AGA AGC AGC AGC AGT AGT AAG AGG AGG AGG GCC AGT AGT ATA ATC ATC ATC ATC ATC ATT ATC ATC ATC CTC ATC ATT GTC --- CTG ACG ATG ACT ATG ATG ATG ATG ATG ATG CTG GTG ATG ATC ATT ATT ATT GTG ATT ATT CGA CAA CAC CGG CAA GAA GAG CAC CAC CAC CAT CGC CAC CGG CAC GAG CAG CAG CAG CAG CAG CAG CAG CGC TCA CAA CAC CAT CAT TAC CCA CCA CCG CCA CCC CCG CCC CCC CCC CCC CCC CCG CCC CCC CCC CCC CCT ACA GCA GAA CCA CCA CCC CCC CCT CCT CCC CCC CCT CCT CCT CCT CCT CCT CCC CGC CGA CGC CGC CGT CGC CGG CGG CGG CGG AGG CAA CGG CGG CGG CTG CGG CGC CGT CGT CTA CTA TTC CTA CTC CTG ATC CTC CTC CTC CTC CTC CTC CTC CTT TTA TTC CTC CTC CTG CAA CTG CTG CAG CTA CTC CTG CTG CTG CTG CTG CTG CTG TTG TTG CTG CTG CTG CTG CTC CTG CTT CTT GTG GCA GAA GAA GAA GAA GAA GAA GAA GAG GAA GAA GAG CAG GAT CAG GAC AAC GAC GAC GAC GAC GAG GAG GAT AAA GAT CAG GAG GAG GAG GAG GAG GAG GAG GAG GAG GAG GAG GAG GAG GTG AAG GAG CAC GAT GAT GAT GCT GCA GCG GCT GCG AAA GCC GCC GCC GCC GCC GCC GCC GCC GCC GCC GCC GCC GCC GCG GCT GTC GTG GCC GCG GTC GCT TCC GCA GCA GCT GCA GCA GCC GCT GCT GCT GTC GCT GGA GGA GGC GGC GGC GGC GGC GGC GGC GGC GGT GGG AAA GGC GGG GGG GGG GGG GGG GGC GGT GGT AGT GGC GGT GGT GTG GTC GTA GTG CTC GTC GTC GTC GTC GTT GTC ATC GTG GTG GTG GTG GTG GTG GTG GTG GTG GTG GTG GTG GTT ACT TGT GTT GTC GTT GTG GTT GTC TAC TAC TAC TAC TAC TAC TAT CAC TAC TAT TCC TCA TCA TCA CCC TCT TCC TCC TCC TCC TCT CCA ACG TCT TCT TCT TCT GCC GTG TCT TCT TGT TGC TGC TGC TGC TGC ACC TCC TGC CAG TGG AGT CTA TTA TTG CCC TTT TTC TAC TTT TAC TCC TTC TTC TTC TTC TTT TTC TTC TTT TTT CTG TTG TTG TTG TTG TTA TTA TTG TTG CTG TTT CTC TTC TTC TTT TTC TTC TTC TTT TTT TTT
Canis lupus familiaris                      --- --- --- --- --- --- --- --- --- --- --- --- --- --- --- --- --- --- --- --- --- AAA AAA AAG AAA AAA AAA AAA AAA AAG AAC AAC AAC AAC AAC AAC GGT AAC AAC AAA AAG AAG AAG AAG CAG AAG AAG ACC AAG AAG AGG AAG AAT AAT AAT TGC ACA ACG ACG ACA ACA CCA ACC ACC ACC ACC ACC ACC ACG ACC ACC AAG ACC ACA ACT ACC GCA AGA AGA AGG AGA AGA AGA AGG AGA AGA CAA AGA AGC AGC AGC AGT AGT CAG AGG AGG AGG ACC AGT CAT ATA ATC ATC ATC ATC ATC ATC ATG ATC ATC ATC ATT ATC ATC --- CTG GTG ATG ACT ATC ATG ATG ATG ATG CTG ACG CTG ATG ATC ATT ATT ATT ATC ATT ATT CCA CAA CAA CAA CAA GAG GAC CAC CAC TAC TAT CAC CAG CAG CAC CGG CAG CAG CAG CAG CAG CAG CGG CGA CAG CGA CAC CAT CAT CGT CCA CCA CCG CCA CCC CCA CCC CCC CCC CCC CCC CCG CCC CCC CCC CCC CCC TCT GTG CAA CCA CCC CCG CCT CCC CCC CCC CCG CCC CCC CCT CCT CCT CTT CAC CGA CGA CGC TGC CAC CGC CAA CGG CGG CGG CGG CAG CGG CGG CGG CGG CGG CGT CGC CGC CTA CTA CTC GTG CTC CTG ATC ATC CTC CTC CTC CTC CTC CTG CTC CTA CTC CTC CTC CTG CTA CTG CTG CTG TTG CTG CGG CTC CTG CTG CTG CTG CTG CTG TTG CTG CTG CTG CTG CTC CTG CTT CTT CTG GCA GAA GAA GAA GAA GAA GAC GAG GAG GAA GAA GAG GAA GAT CAA GAC GAC GAC GAC GAC GAC GAC GAC GAT AGC GAT CAG GAG GAG GAG GAG GGG GAC GAG GAG GAG GAG GAG GAG GAG GAG GAG GAG GAC GAT GAT GAT GCC GCG GCG GCC GCA GCG GCC GCC ATG GCC GCC GCC GCC GCC GCC GCC GCC GCC GCC GCG GCC GTC GCC GCC GCG GTC GCT TCC GCG GTG GCC GCA GCG GCC GCT GCT GCT GTC GCT GGA GGA GGC GGC GGC GGC GGC GGT GGC GGC GGC GGG GAC GGA GGC GGG GGG AGT GGG GGC GGT GGT AGT GGC GGC GGT GTA GTC GTA GTG GTC ATC GTC GTC ATC GTC GTC GTC GTG CTG GTG GTG GTG GTG GTG GTG GTG GTG GTG GTG GTG ACT AGC GTT GTC GTT GTT GTT GTC TAC TAC TAC TAC TAT TAC TAT TAC TAC TAT TCC GCA TCA TCA TCC TCC TCC TCC TCC TCC TCC CCA TCG TCT TCC TCT TTG TCC TCG TCT TCT TGC TGC AGC TGC TGC TGC TGC TCC TGC CGA TGG TGT TTA TTA TTG TCC TTC TTC TAC TTT TTC TAC TTC TTC TTC TTT TTT TTC TTC TTC TTT CTG TTG TTG TTG CTG TTG TTG TTG TTG CTG TTT TTT TTT TTT TTC TTT TTC TTT TTC TTT TTT
Gallus gallus                               --- AAG AAT ATC CAA CAG CCC CGC CTC GAA GAG GAT GCA GGA GGC GGG GTC TAC TCC TGC TTC AAA AGA AAA AAA GCA AAA CAA GAG AAG AAA AAC AGC ATT GAC AAC CCT ATT AAA AAG AAA AAA AAG CCA ATG ATC AAG GAG AAG TCA AGA ACG AAC AAT TCC TGC ACT ACT ACA TTG ACC CTC ACA ACT AAA ACC ACT ACT ACT ACC GCA ACA ACA ACC ACC AGC CAG AGA AGA AAA AAG AGA CGG AGG TGT ATA GAG GAA AAC GCA GGC AGC AGT AAG AAA AGG CGC GAT AGT GGT ATA ATA ATC ATT ATT TTG ATC CAG ATT CTC CTT CTG ACC ACC --- GCT ACT GCG ACC ATG --- ACT ATG GTG TGG ATG TTG ACA ATC ATA ATT ATT ATA ATT GTG AAG CAA CAC CAG CAG AAG GGA AAT CAC TTC CAC CAG AGG CGA ACC AAG CAG CAA CAG CAG CAG GAG AAG GAG CCA AAG AAC AAC CAT CAC CCA CCC CCT CCA CCC CCA GCA CCA CCC CCC TTT CCC CCC CCT CCT TCT CCG GCT GTG GAG CCT CCA CCA CCA CCT CTT CCT CCA CCC GAT ATG CCG CCT CAG AAG CGC CAA CGC CGT GTC CGT CAT CGT GAC CGA CGC AAG AGA CGG CGG CAG AAG ACA CGC CGT CTG CTT ATG ATT TTG ATG ATC ATC ACT ATG ATT CTC CTG CTG CTG CTA GCA CTC TTG CTG GAG CTC TTG CTT CTA TTG CTG CTC CTA CTC CTG CTT GTA CTG TTG TTG CTG CTG TTG CTG CTG ATT CTG GTC GAG --- CAG GAA GAG GCT AAA GCC GAA AAG GAA GAG GAT GAT CCA GAT GAC AAC GAC GAG GAT AGA GAG GAT TAT AAG GAG AAA ATT GAG TAT GAT GAT ACA ACA AGC GAA GAG GAG GTG GAA GCA GCG GAC GAC GAT GAT GCT GCA GCA GCT GCC GCA ACG GCC CTT GCA ACA ACC CCA CTT GCA GCC GCT GCT GGT GCC CAT CTG TCC GCA GCA --- AAC CAG GCA AAG GCT GAT GCT GAG GCT AGT GCA GCA GCC GGA GGA GGA GGA GGC GGG GGT GCA GCC GGG AAT GGC CAT GGA GGA GGT GGT --- GGG GGA GGA GGT AGC GGA AAC GGC ATG GAA ATT ATA ACA GTC ATC GTC ATG GTA ATC ATT CCA GAG ATC CTC CTG GCA GCA GGT GTC GTG GTT TCA AGG ATA GAG TTT ATC GTG GTT GTG GCC TAC TAT TTT TTT TAT TAC TAT TAT TAC TAT AGC TCA TCC TCT GTT TCT TCC TCG TCT TTC ACT CCA CCG TCC TCT TCC TCA TCC CCA CTT GCC TGC TGT AAC AAT TGC TGT TGT TCT TGT CAG TGG TGC TTG CTT GTG TCC ACC TTC CTC TTT TTT ATG TTC TTT TTT TTC TTC TTC TTT TTT TTC ATG CTG TTG TTC CTA --- CTG TGG TTA GCA TTT --- TTC TTT TTT TGT TTT TTT TTT TTC TTT
Rattus norvegicus                           --- --- --- --- --- --- --- --- --- --- --- --- --- --- --- --- --- --- --- --- --- AAA AAA AAA AAA AAG AAG ACA AGA CAA AAC AAC AAC AAC AAC CAC GAC GAC AAC AAG AAA AAG AAG GAG AAG AAG AAG ATG AGG ATG CAG GAG AAT AAT AGT TGT ACA ACA ACG ACA ACA ATG ACA ACA ACC ACC ACC ATC ACT TCC ACA ACA ACC ACT ACT GCT AAA AGA GGA AGA AGG AGA AGA AGA ACA CGA AAC ACA AGC AAC AGC AGT AGT AAG AGG AGG AGG AGC AGT AGT ATA ATC ATC ATC GTC ACC ATC ATG ATC CTC CTC ATT ATC ACC --- ACA ATT GTA ATG ATG ATG ATG ATG ATG ATG CCA GTG TTG ATT ATT ATT GTT ATT GTT ATT AGG CAA CAT CAA CAG GAA GAA CAC CAC CAC CAT CAC CAG CAG TGT GAT CAG CAG AAG CAG GAG CAG CAG CAG CAT CTT CAC CGT CAC CAT CCA CCA CCA CCC CCC CCG ACC CCC CCC CCT CCA CCT CCA CCC CCT CCT CCT TCT GGG GAG CCA CCA CCT CCA CCA CCA CCT CCT CCT CCT CCT CCT CCT CCT TCC CAG CGA CGC CGC CAC CAC AAG AGG CAA CGC CGG CGG CGG AGG CGG CGG CGG CGT CGT CGT CTA CTA CTC CTG CTG CTG ATC ATT CTC CTC CTT CTC CTC CTC CTC CTC CTC CTG CTG CTG CGA CTA CTA CTG CTG CTG CTG CTG CTG CTG CTG CTG CTG CTG CTG CTT CTG TTG TTG CTC CTG CTT CTT CTT GCT GAA GAA GAA GAA GAA GAA GAA GAA GAG GAG GAG GCA GAA GAA GAC AAC GAC GAC GAC GAC GAC GAG GAC GCC GAT CAG GAG GAA GAG GAA GAA GAG GAC GAG AGG GAG GAA GAG GAG GAG GAG GTG GAC GAT AAT GAT ATG GCA GCA GCA GCG GCA ACT ATC GCA GCA GCT GCT GCC GCC GCC GCC GCC GCT GCC GCC GCC GCC GCC GCT GCT GTG GCT GCT GCG GCC TCT ACA GCA GCA GCT TCT GCT GTT GCA GGA GGG GGC GGT GGC GGC GGC GGT GGT GGT GGT GGG GAG GGA GGA GGA GGG GGG GGG GGA TGC GGC GGT GGT GGT GGC ATA GTG GTT GTG GTC GTC GTC GTC GTG GTG GTC GTC GTC GTG GTG GTG GTG GCC GTG GTA GTG GTG GTG GTG GTA ACA CTC GCT GTC GTC GTG GTT GCC TAC TAC TAC TTT CAC TAC TAT TCT TAT TAT TCC TCA TCA TCA CCC TCA TCC TCC TCC TCC TCC CTG TCA TCA TCC TCC TCC TCT TCT TCT TCT TGC TGC TGC TGC TGC TGC TGT AGT TGT CAG TGG TGT TTA TTA TTG CCC CTG GTT TAC TTT TTC TTC TTC TTC TTT TTC TTC TTT TTT TTT TTT CTG CTG CTG TTA TTA TTG TTG TTG TTG TTC TAC CTT TTC TTC TTC ATG TTT TTT TTT TTT TTT



   46    1    1    1    1    2    1    1    1    1    1    3    1    2    3
    2    1    1    1    1    1    1    1    1    1    1    1    1    1    1
    1    3    1    1    1    1    1    1    1    1    1    2    1    1    1
    1    1    1    1    1    1    1    1    3    1    1    1    1    1    1
    1    1    1    1    1    1    1    1    1    1    1    1    1    1    1
    1    1    2    1    1    1    1    1    1    1    1    1    1    2    1
    1    1    1    1    1    3    1    1    1    1    1    1    1    1    1
    1    1    1    1    1    1    1    1    1    1    1    1    1    1    1
    1    1    4    1    1    1    1    1    1    1    2    1    1    1    1
    1    1    1    1    2    1    1    1    1    1    1    1    1    1    1
    1    1    2    1    1    1    2    1    1    1    1    1    1    1    1
    2    1    1    1    1    1    1    1    1    1    1    1    1    1    1
    1    1    1    1    1    1    1    1    1    1    1    1    1    1    1
    1    1    3    1    1    1    1    1    1    1    1    1    1    1    1
    1    1    1    1    1    1    1    1    1    1    1    1    1    1    1
    1    1    1    1    1    1    1    1    1    1    1    1    1    1    1
    1    1    1    1    1    1    1    1    1    3    3    2    1    1    1
    1    1    1    1    1    1    1    1    1    1    1    1    1    1    1
    1    1    1    1    1    1    1    1    1    1    1    1    4    1    3
    1    1    1    1    1    1    1    1    1    1    1    1    1    1    1
    2    1    7    1    1    1    1    1    1    1    1    1    1    1    1
    1    1    1    1    1    1    1    1    1    1    1    3    1    1    1
    1    1    1    1    1    1    1    1    1    1    1    1    1    1    1
    1    1    1    1    1    1    1    2    1    1    1    1    1    1    1
    1    1    1    1    1    1    1    1    1    1    1    1    1    1    1
    1    1    1    1    1    1    1    1    1    1    1    1    1    1    1
    1    1    1    1    1    1    2    2    3    1    1    1    1    1    1
    1    1    1    1    4    1    1    1    1    1    1    1    1    1    1
    1    1    1    1    1    1    1    1    1    1    1    1    1    1    1
    1    1    1    1    1    1    1    1    1    2    1    1    1    2    1
    4    1    1    3    1    1    1    1    1    1    1    1    5    3    1
    1    1    1    1    1    1    1    1    1    1    1    1    1    1    1
    1    1    1    1    1    1    1    1    1    1    2    4

CODONML (in paml version 4.4b, July 2010)  torun.nuc
Model: One dN/dS ratio for branches Global clock 
Codon frequency model: F3x4
ns =   7  ls = 607

Codon usage in sequences
--------------------------------------------------------------------------------------------------------------
Phe TTT 15 16 14 14 16 22 | Ser TCT  8  8  8  8  5  6 | Tyr TAT  6  6  3  2  4  7 | Cys TGT  1  1  6  2  1  7
    TTC 22 21 17 20 18 17 |     TCC  7  8 12  8 13  9 |     TAC  7  7 10 13 13  7 |     TGC 11 11  6  9 11  6
Leu TTA  5  5  5  6  4  1 |     TCA  4  4  8  4  2  4 | *** TAA  0  0  0  0  0  0 | *** TGA  0  0  0  0  0  0
    TTG 10 10  9  9 11 12 |     TCG  2  2  0  0  2  1 |     TAG  0  0  0  0  0  0 | Trp TGG  5  5  4  4  4  6
--------------------------------------------------------------------------------------------------------------
Leu CTT  5  5  6  3  3 12 | Pro CCT 14 13 14 11  6 10 | His CAT  4  4  3  3  3  4 | Arg CGT  4  4  4  4  2  4
    CTC 13 13 14 15 13 12 |     CCC 12 12  9 17 17  8 |     CAC  8  8 11  9  7  4 |     CGC  4  4  4  7  4  6
    CTA  6  6  4  5  4  4 |     CCA  7  7 11  8  9 16 | Gln CAA  8  8  6  6  9  6 |     CGA  2  2  3  2  5  2
    CTG 25 25 28 26 31 20 |     CCG  5  5  3  3  4  3 |     CAG 13 13 16 14 15 17 |     CGG 10 10  9 10 12  3
--------------------------------------------------------------------------------------------------------------
Ile ATT  8 10  8  8  7 15 | Thr ACT  2  2  4  4  3 10 | Asn AAT  6  6  6  4  5  7 | Ser AGT  3  3  5  9  5  3
    ATC 13 10 10 12 18 11 |     ACC  8  8  8  9 12 11 |     AAC 11 12  9 12 10 13 |     AGC  8  8  5  5  7  6
    ATA  1  1  5  1  1  7 |     ACA  6  6 11  3  4 10 | Lys AAA  9  9  5 11  8 14 | Arg AGA 11 11  5  9  9  8
Met ATG 17 17 16 11 11 15 |     ACG  4  4  1  7  4  2 |     AAG 14 15 13 10 13 19 |     AGG  6  6 14  9  8  6
--------------------------------------------------------------------------------------------------------------
Val GTT  8  9  4  5  4  5 | Ala GCT  9  9  7  9  5 10 | Asp GAT  4  5  6  6  6 17 | Gly GGT  7  7  7  5  5  7
    GTC  7  7 10 12 12  7 |     GCC 24 24 16 19 21 11 |     GAC 18 15 14 10 18  9 |     GGC 10 10 11 12 13  7
    GTA  4  3  2  1  2  2 |     GCA  6  6 10  7  5 21 | Glu GAA 13 14 18 13  8  9 |     GGA  2  2  5  2  3 13
    GTG 18 19 25 25 21  9 |     GCG  2  2  1  5  7  2 |     GAG 24 23 21 30 25 27 |     GGG  8  8  4  6  5  5
--------------------------------------------------------------------------------------------------------------

--------------------------------------------------
Phe TTT 16 | Ser TCT  8 | Tyr TAT  3 | Cys TGT  6
    TTC 16 |     TCC 11 |     TAC  9 |     TGC  8
Leu TTA  6 |     TCA  6 | *** TAA  0 | *** TGA  0
    TTG  8 |     TCG  0 |     TAG  0 | Trp TGG  4
--------------------------------------------------
Leu CTT  7 | Pro CCT 16 | His CAT  4 | Arg CGT  4
    CTC 13 |     CCC  7 |     CAC 10 |     CGC  3
    CTA  4 |     CCA 12 | Gln CAA  4 |     CGA  3
    CTG 30 |     CCG  1 |     CAG 16 |     CGG  6
--------------------------------------------------
Ile ATT  9 | Thr ACT  4 | Asn AAT  5 | Ser AGT  6
    ATC  9 |     ACC  7 |     AAC 11 |     AGC  4
    ATA  2 |     ACA 14 | Lys AAA  6 | Arg AGA  7
Met ATG 16 |     ACG  1 |     AAG 12 |     AGG 11
--------------------------------------------------
Val GTT  6 | Ala GCT 12 | Asp GAT  4 | Gly GGT  8
    GTC 10 |     GCC 16 |     GAC 16 |     GGC  7
    GTA  3 |     GCA 10 | Glu GAA 16 |     GGA  6
    GTG 21 |     GCG  2 |     GAG 25 |     GGG  6
--------------------------------------------------

Codon position x base (3x4) table for each sequence.

#1: Homo sapiens   
position  1:    T:0.19288    C:0.26217    A:0.23783    G:0.30712
position  2:    T:0.33146    C:0.22472    A:0.27154    G:0.17228
position  3:    T:0.19476    C:0.34270    A:0.15730    G:0.30524
Average         T:0.23970    C:0.27653    A:0.22222    G:0.26155

#2: Pan troglodytes
position  1:    T:0.19476    C:0.26030    A:0.23970    G:0.30524
position  2:    T:0.33146    C:0.22472    A:0.27154    G:0.17228
position  3:    T:0.20225    C:0.33333    A:0.15730    G:0.30712
Average         T:0.24282    C:0.27278    A:0.22285    G:0.26155

#3: Mus musculus   
position  1:    T:0.19137    C:0.27205    A:0.23452    G:0.30206
position  2:    T:0.33208    C:0.23077    A:0.26454    G:0.17261
position  3:    T:0.19700    C:0.31144    A:0.18386    G:0.30769
Average         T:0.24015    C:0.27142    A:0.22764    G:0.26079

#4: Bos taurus     
position  1:    T:0.18574    C:0.26829    A:0.23265    G:0.31332
position  2:    T:0.32458    C:0.22889    A:0.26829    G:0.17824
position  3:    T:0.18199    C:0.35460    A:0.14634    G:0.31707
Average         T:0.23077    C:0.28393    A:0.21576    G:0.26954

#5: Canis lupus familiaris
position  1:    T:0.19512    C:0.27017    A:0.23452    G:0.30019
position  2:    T:0.33021    C:0.22326    A:0.27017    G:0.17636
position  3:    T:0.15009    C:0.38837    A:0.13696    G:0.32458
Average         T:0.22514    C:0.29393    A:0.21388    G:0.26704

#6: Gallus gallus  
position  1:    T:0.18953    C:0.23646    A:0.28339    G:0.29061
position  2:    T:0.30866    C:0.24188    A:0.28881    G:0.16065
position  3:    T:0.26354    C:0.25993    A:0.21119    G:0.26534
Average         T:0.25391    C:0.24609    A:0.26113    G:0.23887

#7: Rattus norvegicus
position  1:    T:0.18949    C:0.26266    A:0.23265    G:0.31520
position  2:    T:0.33021    C:0.23827    A:0.26454    G:0.16698
position  3:    T:0.22139    C:0.29456    A:0.18574    G:0.29831
Average         T:0.24703    C:0.26517    A:0.22764    G:0.26016

Sums of codon usage counts
------------------------------------------------------------------------------
Phe F TTT     113 | Ser S TCT      51 | Tyr Y TAT      31 | Cys C TGT      24
      TTC     131 |       TCC      68 |       TAC      66 |       TGC      62
Leu L TTA      32 |       TCA      32 | *** * TAA       0 | *** * TGA       0
      TTG      69 |       TCG       7 |       TAG       0 | Trp W TGG      32
------------------------------------------------------------------------------
Leu L CTT      41 | Pro P CCT      84 | His H CAT      25 | Arg R CGT      26
      CTC      93 |       CCC      82 |       CAC      57 |       CGC      32
      CTA      33 |       CCA      70 | Gln Q CAA      47 |       CGA      19
      CTG     185 |       CCG      24 |       CAG     104 |       CGG      60
------------------------------------------------------------------------------
Ile I ATT      65 | Thr T ACT      29 | Asn N AAT      39 | Ser S AGT      34
      ATC      83 |       ACC      63 |       AAC      78 |       AGC      43
      ATA      18 |       ACA      54 | Lys K AAA      62 | Arg R AGA      60
Met M ATG     103 |       ACG      23 |       AAG      96 |       AGG      60
------------------------------------------------------------------------------
Val V GTT      41 | Ala A GCT      61 | Asp D GAT      48 | Gly G GGT      46
      GTC      65 |       GCC     131 |       GAC     100 |       GGC      70
      GTA      17 |       GCA      65 | Glu E GAA      91 |       GGA      33
      GTG     138 |       GCG      21 |       GAG     175 |       GGG      42
------------------------------------------------------------------------------

(Ambiguity data are not used in the counts.)


Codon position x base (3x4) table, overall

position  1:    T:0.19126    C:0.26159    A:0.24241    G:0.30474
position  2:    T:0.32685    C:0.23042    A:0.27144    G:0.17128
position  3:    T:0.20192    C:0.32605    A:0.16862    G:0.30341
Average         T:0.24001    C:0.27269    A:0.22749    G:0.25981

Codon frequencies under model, for use in evolver (TTT TTC TTA TTG ... GGG):
  0.01301360  0.02101404  0.01086755  0.01955473
  0.00917421  0.01481430  0.00766132  0.01378553
  0.01080754  0.01745176  0.00000000  0.00000000
  0.00681968  0.01101225  0.00000000  0.01024751
  0.01779854  0.02874065  0.01486342  0.02674477
  0.01254746  0.02026134  0.01047829  0.01885430
  0.01478135  0.02386856  0.01234379  0.02221102
  0.00932719  0.01506132  0.00778906  0.01401539
  0.01649355  0.02663339  0.01377364  0.02478385
  0.01162749  0.01877578  0.00971002  0.01747191
  0.01369758  0.02211852  0.01143874  0.02058251
  0.00864332  0.01395703  0.00721797  0.01298779
  0.02073475  0.03348198  0.01731543  0.03115684
  0.01461741  0.02360384  0.01220689  0.02196468
  0.01721982  0.02780614  0.01438014  0.02587516
  0.01086589  0.01754597  0.00907402  0.01632750



Nei & Gojobori 1986. dN/dS (dN, dS)
(Pairwise deletion)
(Note: This matrix is not used in later ML. analysis.
Use runmode = -2 for ML pairwise comparison.)

Homo sapiens        
Pan troglodytes      0.2245 (0.0041 0.0184)
Mus musculus         0.1956 (0.1080 0.5522) 0.2016 (0.1081 0.5359)
Bos taurus           0.2203 (0.0986 0.4473) 0.2252 (0.0986 0.4377) 0.1937 (0.1385 0.7150)
Canis lupus familiaris 0.2222 (0.0803 0.3613) 0.2356 (0.0821 0.3487) 0.1988 (0.1311 0.6593) 0.3497 (0.1063 0.3039)
Gallus gallus        0.1392 (0.2996 2.1523) 0.1320 (0.3034 2.2989) 0.1985 (0.3415 1.7210) 0.1444 (0.3100 2.1472) 0.1325 (0.2968 2.2396)
Rattus norvegicus    0.1943 (0.1123 0.5779) 0.2002 (0.1123 0.5609) 0.4515 (0.0636 0.1408) 0.1975 (0.1398 0.7079) 0.2058 (0.1343 0.6526) 0.1880 (0.3308 1.7594)


TREE #  1:  ((((1, 2), (3, 7)), (4, 5)), 6);   MP score: -1
lnL(ntime:  6  np:  8):  -6631.262988      +0.000000
   8..9     9..10   10..11   11..1    11..2    10..12   12..3    12..7     9..13   13..4    13..5     8..6  
 1.049083 0.354242 0.326637 0.013556 0.106613 0.270872 2.698336 0.243241
SEs for parameters:
 0.052103 0.013486 0.016290 0.003727 0.009243 0.017744 0.197901 0.015809

tree length =   3.17009

((((1: 0.013556, 2: 0.013556): 0.313081, (3: 0.106613, 7: 0.106613): 0.220024): 0.027605, (4: 0.270872, 5: 0.270872): 0.083370): 0.694841, 6: 1.049083);

((((Homo sapiens: 0.013556, Pan troglodytes: 0.013556): 0.313081, (Mus musculus: 0.106613, Rattus norvegicus: 0.106613): 0.220024): 0.027605, (Bos taurus: 0.270872, Canis lupus familiaris: 0.270872): 0.083370): 0.694841, Gallus gallus: 1.049083);

Detailed output identifying parameters

kappa (ts/tv) =  2.69834

omega (dN/dS) =  0.24324

dN & dS for each branch

 branch          t       N       S   dN/dS      dN      dS  N*dN  S*dS

   8..9      0.695  1319.4   501.6  0.2432  0.1247  0.5128 164.6 257.2
   9..10     0.028  1319.4   501.6  0.2432  0.0050  0.0204   6.5  10.2
  10..11     0.313  1319.4   501.6  0.2432  0.0562  0.2310  74.1 115.9
  11..1      0.014  1319.4   501.6  0.2432  0.0024  0.0100   3.2   5.0
  11..2      0.014  1319.4   501.6  0.2432  0.0024  0.0100   3.2   5.0
  10..12     0.220  1319.4   501.6  0.2432  0.0395  0.1624  52.1  81.4
  12..3      0.107  1319.4   501.6  0.2432  0.0191  0.0787  25.2  39.5
  12..7      0.107  1319.4   501.6  0.2432  0.0191  0.0787  25.2  39.5
   9..13     0.083  1319.4   501.6  0.2432  0.0150  0.0615  19.7  30.9
  13..4      0.271  1319.4   501.6  0.2432  0.0486  0.1999  64.2 100.3
  13..5      0.271  1319.4   501.6  0.2432  0.0486  0.1999  64.2 100.3
   8..6      1.049  1319.4   501.6  0.2432  0.1883  0.7742 248.5 388.3

tree length for dN:       0.5690
tree length for dS:       2.3394


Time used:  0:09
