
seed used = 1418832237
      8   1641

Danio rerio                                ATG TCA ACA CAA GGA AGC GCG GTT CAT GAC TCC GAT ATT CAC AAT CAG GAA AAC ATG CTT TCG AGG CTA CGC GGT GCT GCT GCA AAG AAC AGG GTT GAA AAT CGT GAA AAT GTC AAT CCT AAC CCT AAA GCA --- --- --- --- GCT AAC AAC AGG ACA GTC CTG GGC GAG CTG GAG AAC AGC CAG AGG AGA CAG CTC GGT CTG --- --- CGA GGC GCT AAA CAG GGG TCT GGG CCA CAG ATA ATT GCG TGT AAA CCT GAA GAA AAT GCC AGG AGT TTT --- --- --- --- --- --- --- --- --- --- --- --- --- --- GGA GAG AGG CCT AGC AAC AGA CAG CCT --- --- --- --- --- GCT GCT TTT CAG ATT CAC GTG GAT GAG CCT GAT GGC GCG TGC TCC AAG AAA GCA CCT TTA CAG AGA TCC ACC ATG GAC TGT --- TCC CCG --- --- --- --- --- CTG ACA CTA AAC CCC ACT GTC ACC CGC CTC --- --- AGG CAG CCC CTC GCC ACC ATT --- --- GAC CTT CCA CTG GAG GCC AGT TTT GAT TCT CCA --- --- --- --- --- --- --- ATG GAC ATG TCA GTA ATC GAT TGT GAG --- --- --- --- --- --- --- --- --- --- --- --- --- --- GAA CGA CCA ACA AAT GTC AAT GAA GTC TCA GAT TAT GCA GCA GAA ATC CAC ACG CAT TTG CGG GAA ATG GAG GTC AAG TCT --- --- AAA CCG AAA GCA GGT TAC ATG AGA AAA --- CAG CCA GAC ATC ACA AAC AGC ATG CGT GCT ATT CTA GTG GAC TGG TTG GTG GAA GTG GGA GAA GAA TAC AAG CTA CAG AAC GAG ACT CTT TAC CTG GCT GTA AAC TAC ATT GAT CGC TTT CTG TCC TCC ATG TCT GTG CTG AGG GGG AAA CTG CAG CTG GTG GGC ACG GCT GCT ATG CTT TTG GCT TCG --- AAG TTT GAG GAG ATT TAC CCT CCA GAG GTG GCG GAG TTT GTG TAC ATC ACT GAC GAC ACG TAC ACA AAG AAA CAA GTG TTG CGG ATG GAG CAT CTG GTG CTG ACA GTT CTC TCG TTT GAT CTG GCC GCT CCC ACC ATC AAT CAG TTC CTC ACC CAG TAT TTC TTA CAC --- CAG CCT --- --- --- --- GTG AGC AGC AAA GTC GAG AGC TTA TCA ATG TTT CTT GGA GAG CTC AGC TTG ATA GAT TGC GAT CCC TTC CTC AAG TAT CTC CCG TCT CAA ATG GCT GCT GCT GCT TTC ATC TTG GCC AAC CAC ACA CTG GCC AGT GGA TCA --- --- TGG TCG AAG TCT CTT GTT GAT TTG ACG GGT TAC TCT TTG GAG GAT CTT CTG CCG TGT GTT CAG GAT CTC CAT CAG ACA TAT CTC GCT GCT TCT CAA CAC GCT CAA CAG GCT GTC AGA GAG AAA TAC AAG GGC TCA AAG TAC CAT GAG GTG TCC CTG ATC --- --- --- --- --- --- --- --- --- --- --- --- --- --- --- --- --- --- --- --- --- --- --- --- --- --- --- --- --- --- --- --- --- --- --- --- --- --- --- --- --- GAG CCT CCA GAG AAG --- --- --- --- --- --- --- --- CTG ATG CTG AAC --- --- --- 
Rattus norvegicus                          --- --- --- --- --- --- --- --- --- --- --- --- --- --- --- ATG AGC ACG TCC CTA CTG TTC CTT CAT --- --- --- --- GGA --- --- --- AAG CAG TCA GTA AAC AGC CTG CCT TCA CCA TTC ATG TGG ATG AAG CTG AAG AGA CTC AGA AGA GGC CAG CTG AGC ATA AAG AAA CTC AGT GTG AAG ATG CCC TGG CTT --- --- --- --- --- --- --- --- TTA GTG CCG CTG TCT CTT TAC CCG GAG CCA GAA AAC CAC --- --- --- --- --- --- --- --- --- --- --- --- --- --- --- --- --- --- --- --- TGG TAC CTC TTG ATT ATC CAA --- --- --- --- --- TGG ATG GTA GTT TTG ATT GCA GGT CAG ACA CAT --- --- --- --- --- --- --- --- --- --- GGA AGG CAG AAT AGC TGC TAT AGA CAG --- --- --- --- --- CTC TGC CGG TGC TAT GAT CTC ACT GTG GAG ACC AGA --- --- --- --- --- --- --- --- --- --- --- --- --- --- --- GAT GTT GAA TCA CCC --- --- --- --- --- CAT GCT ATG GAT ATA TCT ATT GTC TTA GAA GAC --- --- --- --- --- --- --- --- --- --- --- --- --- --- GAA AAG CCA GTG AAT GTT AAT GAA GTA CCT GAC TAT CAT GAA GAT ATT CAC ACG TAC CTT AGG GAA ATG GAG GTT AAA TGT --- --- AAA CCT AAA GTG AGT TAT ATG AAG AGG --- CAG CCA GAC ATC ACT AAC AGT ATG CGG GCC ATC CTT GTG GAC TGG CTA GTT GAA GTG GGA GAA GAA TAT AAA CTA CAG AAT GAG ACC CTG CAT TTG GCT GTG AAC TAC ATT GAT AGA TTC CTC TCC TCC ATG TCT GTG TTA AGA GGA AAG CTT CAG CTT GTG GGC ACA GCT GCT ATG CTG CTA GCT TCA --- AAG TTT GAA GAA ATA TAC CCC CCA GAA GTA GCA GAG TTT GTG TAT ATT ACG GAC GAT ACC TAT TCC AAG AAG CAG GTT CTG AGA ATG GAG CAC CTT GTA TTG AAA GTC CTT GCT TTT GAC TTG GCT GCA CCA ACA GTA AAT CAG TTC CTT ACC CAG TAC TTC CTG CAC CTG CAG CCT --- --- --- --- GCC AAC TGC AAG GTA GAA AGC TTA GCG ATG TTT TTG GGA GAG TTA AGT TTG ATA GAT GCT GAC CCA TAC CTC AAG TAT TTG CCA TCG CTT ATT GCT GGA GCT GCC TTC CAC TTA GCT CTC TAC ACA GTC ACA GGA CAA AGC --- --- TGG CCT GAG TCA TTG GTA CAA AAG ACT GGA TAT ACC CTA GAA AGT CTT AAG CCT TGT CTC ATG GAC CTT CAC CAG ACC TAC CTC AAA GCA CCA CAG CAT GCC CAA CAG TCA ATA AGG GAA AAG TAC AAG CAT TCA AAA TAT CAC AGT GTT TCT CTT CTC --- --- --- --- --- --- --- --- --- --- --- --- --- --- --- --- --- --- --- --- --- --- --- --- --- --- --- --- --- --- --- --- --- --- --- --- --- --- --- --- --- AAC CCA CCA GAG ACA --- --- --- --- --- --- --- --- CTA AAT GTG --- --- --- --- 
Bos taurus                                 --- --- ATG TTG GGC AGC TCC GCG CAC GGG CCT GCG GCC CGC GAG GCG GGT TCG GCG --- GTA ACA TTG CAG CAG ACG GCG TTC CAG --- --- --- GAG GAC CAG GAG AAC GTC AAT CCC GAG AAG GCG GCG CCC GCC CAG CAG CCC CGG ACC CGG GCT GGA CTG GCG GTA CTG AGG GCC GGA AAC TCG CGG GGT CCA GCT CCC --- CAG AGG CCT AAG ACG CGA CGG GTT GCA CCT CTT AAG GAT CTT CCT ATA AAT GAT GAG TAT GTC CCT GTT --- --- --- --- --- --- --- --- --- --- --- --- --- --- --- CCT CCC TGG AAA GCA AAC AAT AAA CAG --- --- --- --- --- CCT GCA TTT ACC ATA CAT GTG GAT GAA GCA GAA GAA GAA ATT CAA AAG --- AGG CCA ACT GAA TCT AAA AAA TCA GAA AGT GAA GAT GTC --- --- --- --- --- TTG GCC TTT AAT TCA GCT GTT ACT TTA CCA GGA CCA AGA AAG CCA CTG GCA CCT CTT --- --- GAT TAC CCA ATG GAT GGT AGT TTT GAG TCT CCA --- --- --- --- --- CAT ACT ATG GAA ATG TCA GTT GTA TTG GAA GAT --- --- --- --- --- --- --- --- --- --- --- --- --- --- GAA AAG CCA GTG AGT GTT AAT GAA GTA CCA GAC TAC CAT GAG GAC ATT CAC ACG TAC CTT AGG GAA ATG GAG GTT AAA TGT --- --- AAG CCT AAA GTG GGT TAC ATG AAG AAA --- CAG CCA GAC ATT ACT AAC AGT ATG AGG GCT ATC CTC GTG GAC TGG TTA GTT GAA GTA GGA GAA GAA TAT AAA CTG CAG AAC GAG ACC CTG CAT TTG GCT GTG AAC TAC ATT GAT AGG TTT CTT TCA TCC ATG TCT GTG TTG AGA GGA AAA CTT CAA CTT GTG GGC ACT GCT GCT ATG CTT TTA GCC TCA --- AAG TTT GAA GAG ATA TAC CCG CCA GAA GTA GCA GAG TTT GTA TAC ATT ACA GAT GAC ACT TAT ACC AAG AAA CAA GTT CTA AGG ATG GAG CAC CTA GTC TTG AAA GTC CTG GCT TTT GAC TTA GCT GCA CCA ACA ATA AAT CAG TTT CTT ACC CAG TAC TTT TTG CAT CAG CAG CCT --- --- --- --- GCA AAC TGC AAA GTT GAA AGT TTA GCA ATG TTT TTG GGA GAG TTA AGT TTG ATA GAT GCT GAC CCA TAT CTA AAG TAT TTG CCG TCA GTT ATC GCT GCA GCA GCC TTT CAT TTA GCA CTC TAC ACA GTC ACA GGA CAA AGC --- --- TGG CCT GAA TCA TTA GTA CAG AAG ACT GGA TAT ACT CTG GAA ACT CTA AAG CCT TGT CTC CTG GAC CTT CAC CAG ACC TAC CTC AGA GCA CCA CAG CAC GCA CAA CAG TCA ATA AGA GAG AAG TAC AAA AAT TCA AAG TAT CAT GGT GTT TCT CTC CTC --- --- --- --- --- --- --- --- --- --- --- --- --- --- --- --- --- --- --- --- --- --- --- --- --- --- --- --- --- --- --- --- --- --- --- --- --- --- --- --- --- AAC CCA CCA GAG ACA --- --- --- --- --- --- --- --- CTA AAT GTG --- --- --- --- 
Gallus gallus                              --- --- ATG CTG GCG GAG --- --- --- --- --- --- --- --- --- --- --- --- --- --- --- --- --- --- --- --- --- --- CAG --- --- --- GAG AAC CAG GAG AAC GTC CCC CCG GCC GCC AAA GCC CCG CCG CCC GCC GCC GGC ACC CGC GTG GCG CTG GGG CTG CTG CGG GGC GGT CCG GCG CGG --- --- --- --- --- --- --- --- --- --- --- --- CCG GGG CCG GCC GCG CAG GCG GCG CGG AAC GGA GAG GGC CGC GGC GCG --- --- --- --- --- --- --- --- --- --- --- --- --- --- --- --- --- --- GCG GCG GGG CAG CAG CAG --- --- --- --- --- CAG CCT TTC AGC GTC TAC GTG GAC GAG CCC GAC GAG GAG CGG CGG CGG CCC CAG AGG AAG AAG GAG CGC GAT GAG GAG GCG GCG GAC GCG --- --- --- --- --- CCG GGG CTG CGG GCC GCC CTC GGG ACC GTG GGG GAG CGG CGG CCC CTG GCG CCC CTG --- --- GGC AAC GCC ATG GAG CTC AGC CTC GAT TCC CCG --- --- --- --- --- AGT ATC ATG GAT ATC TCG ATA ACT TCA GAA GCA --- --- --- --- --- --- --- --- --- --- --- --- --- --- GAA GAG AGA CCA AAC GTT AAC AAT GTG CCA GAC TAT GTC AGC GAT ATC CAC ACG TAC CTT AGG GAA ATG GAG GTA AAA TGC --- --- AAG CCT AAA ATA GGC TAC ATG AAG AAG --- CAG CCT GAC ATC ACC AAC AAC ATG CGG GCT ATT CTG GTG GAC TGG CTG GTG GAA GTT GGA GAA GAG TAC AAG CTC CAG AAT GAA ACT CTG CAC TTA GCT GTA AAT TAC ATT GAC AGG TTT CTA TCT TCA ATG TCT GTT TTG AGA GGA AAG CTT CAG CTT GTG GGT ACC GCG GCT ATG CTG CTC GCA TCG --- AAG TTT GAG GAA ATC TAC CCC CCT GAA GTA GCA GAG TTC GTC TAC ATC ACA GAT GAC ACC TAC AAC AAG AAG CAA GTT CTG AGG ATG GAG CAC TTA ATT CTG AAG GTT TTG TCA TTT GAT TTG GCA GCT CCG ACG ATC AAC CAG TTC CTC ACT CAG TAT TTC CTG CAT CAG CAG --- --- --- --- --- ACA AAT GCT AAA GTT GAG AGC TTA TCA ATG TAT CTT GGA GAG CTG ACT CTA ATT GAT GCT GAT CCT TAC TTG AAA TAC TTG CCA TCA GTT ATT GCT GCA GCA GCA TTT CAT CTA GCA AGC TAT ACG ATC ACT GGA CAA ACT --- --- TGG CCT GAA TCT CTG TGC AAG GTG ACG GGC TAC ACC CTT GAA CAC ATT AAG CCT TGC CTC ATG GAC CTT CAC AGG ACC TAC CTC AAA GCA GCA CAG CAC ACA CAA CAG TCC ATA AGG GAA AAG TAC AAG AGC ACA AAG TAC CAT GCA GTA TCG CTT ATT --- --- --- --- --- --- --- --- --- --- --- --- --- --- --- --- --- --- --- --- --- --- --- --- --- --- --- --- --- --- --- --- --- --- --- --- --- --- --- --- --- GAC GCA CCA GAG ACA --- --- --- --- --- --- --- --- CTA GAT TTG --- --- --- --- 
Homo sapiens                               --- --- ATG TTG GGC AAC TCT GCG CCG GGG CCT GCG ACC CGC GAG GCG GGC TCG GCG CTG CTA GCA TTG CAG CAG ACG GCG CTC CAA --- --- --- GAG GAC CAG GAG AAT ATC AAC CCG GAA AAG GCA GCG CCC GTC CAA CAA CCG CGG ACC CGG GCC GCG CTG GCG GTA CTG AAG TCC GGG AAC CCG CGG GGT CTA GCG CAG CAG CAG AGG CCG AAG ACG AGA CGG GTT GCA CCC CTT AAG GAT CTT CCT GTA AAT GAT GAG CAT GTC ACC GTT --- --- --- --- --- --- --- --- --- --- --- --- --- --- --- CCT CCT TGG AAA GCA AAC AGT AAA CAG --- --- --- --- --- CCT GCG TTC ACC ATT CAT GTG GAT GAA GCA GAA AAA GAA GCT CAG AAG --- AAG CCA GCT GAA TCT CAA AAA ATA GAG CGT GAA GAT GCC --- --- --- --- --- CTG GCT TTT AAT TCA GCC ATT AGT TTA CCT GGA CCC AGA AAA CCA TTG GTC CCT CTT --- --- GAT TAT CCA ATG GAT GGT AGT TTT GAG TCA CCA --- --- --- --- --- CAT ACT ATG GAC ATG TCA ATT GTA TTA GAA GAT --- --- --- --- --- --- --- --- --- --- --- --- --- --- GAA AAG CCA GTG AGT GTT AAT GAA GTA CCA GAC TAC CAT GAG GAT ATT CAC ACA TAC CTT AGG GAA ATG GAG GTT AAA TGT --- --- AAA CCT AAA GTG GGT TAC ATG AAG AAA --- CAG CCA GAC ATC ACT AAC AGT ATG AGA GCT ATC CTC GTG GAC TGG TTA GTT GAA GTA GGA GAA GAA TAT AAA CTA CAG AAT GAG ACC CTG CAT TTG GCT GTG AAC TAC ATT GAT AGG TTC CTG TCT TCC ATG TCA GTG CTG AGA GGA AAA CTT CAG CTT GTG GGC ACT GCT GCT ATG CTG TTA GCC TCA --- AAG TTT GAA GAA ATA TAC CCC CCA GAA GTA GCA GAG TTT GTG TAC ATT ACA GAT GAT ACC TAC ACC AAG AAA CAA GTT CTG AGA ATG GAG CAT CTA GTT TTG AAA GTC CTT ACT TTT GAC TTA GCT GCT CCA ACA GTA AAT CAG TTT CTT ACC CAA TAC TTT CTG CAT CAG CAG CCT --- --- --- --- GCA AAC TGC AAA GTT GAA AGT TTA GCA ATG TTT TTG GGA GAA TTA AGT TTG ATA GAT GCT GAC CCA TAC CTC AAG TAT TTG CCA TCA GTT ATT GCT GGA GCT GCC TTT CAT TTA GCA CTC TAC ACA GTC ACG GGA CAA AGC --- --- TGG CCT GAA TCA TTA ATA CGA AAG ACT GGA TAT ACC CTG GAA AGT CTT AAG CCT TGT CTC ATG GAC CTT CAC CAG ACC TAC CTC AAA GCA CCA CAG CAT GCA CAA CAG TCA ATA AGA GAA AAG TAC AAA AAT TCA AAG TAT CAT GGT GTT TCT CTC CTC --- --- --- --- --- --- --- --- --- --- --- --- --- --- --- --- --- --- --- --- --- --- --- --- --- --- --- --- --- --- --- --- --- --- --- --- --- --- --- --- --- AAC CCA CCA GAG ACA --- --- --- --- --- --- --- --- CTA AAT CTG --- --- --- --- 
Canis lupus familiaris                     --- --- ATG TTG GGC AGC TCG GAG CCT GGG CCT GAG GCC CGC GAG GCG GGC TCG TCG CTG CTA ACG TTG CAG CAT ACG GCG CTC CAA --- --- --- GAG GAC CAG GAG AAC ATC AAC CCC GAG AAG GCG GCG CCC GCC CAG CAG CCC CGG ACC CGG GCC GGG TTG GCG GTC CTG AAG GCC GGG AAC CAG CGC GTC CCA GCG CCG CAG CAG AGG CCC AAG ACA CGG CGG GTT GCA CCT CTT AAG GAT CTT CCT ATA AAT GAT GAA CAA GTC ACT ATT --- --- --- --- --- --- --- --- --- --- --- --- --- --- --- CCT CCC TGG AAA GCA AAC AGT AAA CAG --- --- --- --- --- CCT GCA TTT ACC ATT CAT GTG GAT GAA ACA GAA GAA GAG ACT CAG AAG --- AGG CCA GCT GAA TCT AAA AAA ACA GAA CAT GAA AAT GTC --- --- --- --- --- CTG GCT TTT AAT TCA GCT ATT ACT CTA CCT GGA CCA AGA AAA CCG CTG GTA CCT CTT --- --- GAT TAT CCA ATG GAT GGT AGT TTT GAG TCA CCA --- --- --- --- --- CAT ACT ATG GAC ATA TCA ATT GTA TTA GAA GAT --- --- --- --- --- --- --- --- --- --- --- --- --- --- GAA AAG CCA TTG AGT GTC AAT GAA GTT CCA GAC TAC CAT GAG GAC ATT CAC ACA TAC CTT AGG GAA ATG GAG GTT AAA TGT --- --- AAG CCT AAA GTG GGT TAC ATG AAG AAA --- CAG CCA GAC ATC ACT AAC AGT ATG AGG GCT ATC CTT GTG GAC TGG TTA GTT GAA GTA GGA GAA GAA TAT AAA CTA CAG AAT GAG ACC CTG CAT TTG GCT GTG AAC TAC ATT GAT AGG TTC CTT TCA TCG ATG TCT GTG TTG AGA GGA AAA CTT CAG CTT GTG GGC ACT GCT GCT ATG CTC TTG GCC TCA --- AAG TTT GAA GAA ATA TAC CCC CCA GAA GTA GCA GAG TTT GTG TAC ATT ACA GAT GAT ACC TAT ACC AAG AAA CAG GTC CTG AGA ATG GAG CAC CTA GTT TTG AAA GTG CTT GCT TTT GAC CTA GCT GCA CCA ACA GTA AAT CAG TTT CTT ACC CAA TAC TTT CTG CAC CAG CAG TCT --- --- --- --- GCC AAC TGC AAA GTT GAA AGT TTA GCA ATG TTT TTG GGA GAA TTA AGT CTG ATC GAT GCT GAC CCC TAC CTA AAG TAT CTC CCA TCA GTT ATT GCT GCA GCA GCC TTT CAT TTA GCA CTC TAC ACA GTC ACA GGA CAG AGC --- --- TGG CCT GAA TCT TTA GTT CAA AAG ACT GGA TAT ACC TTG GAA AGT CTT AAG CCT TGT CTC ATG GAC CTT CAC CAG ACC TAC CTC AGA GCA CCA CAG CAT GCA CAA CAG TCT ATA AGA GAA AAG TAT AAA AGT TCA AAG TAT CAT GGT GTT TCT CTC CTC --- --- --- --- --- --- --- --- --- --- --- --- --- --- --- --- --- --- --- --- --- --- --- --- --- --- --- --- --- --- --- --- --- --- --- --- --- --- --- --- --- AAC CCA CCA GAG ACA --- --- --- --- --- --- --- --- CTA AAT GTC --- --- --- --- 
Pan troglodytes                            --- --- ATG TTG GGC AAC TCC GCG CCG GGG CCT GCG ACC CGC GAG GCG GGC TCG GCG CTG CTA GCA TTG CAG CAG ACG GCG CTC CAA --- --- --- GAG GAC CAG GAG AAT ATC AAC CCG GAA AAG GCA GCG CCC GTC CAG CAA CCG CGG ACC CGG GCC GCG CTG GCG GTA CTG AAG TCC GGG AAC CCG CGG GGT CTA GCG CAG CAG CAG AGG CCG AAG ACG AGA CGG GTT GCA CCC CTT AAG GAT CTT CCT GTA AAT GAT GAG CAT GTC ACC GTT --- --- --- --- --- --- --- --- --- --- --- --- --- --- --- CCT CCT TGG AAA GCA AAC AGT AAA CAG --- --- --- --- --- CCT GCG TTC ACC ATT CAT GTG GAT GAA GCA GTA AAA GAA GCT CAG AAG --- AAG CCA GCT GAA TCT CAA AAA ACA GAG CGT GAA GAT GCC --- --- --- --- --- CTG GCT TTT AAT TCA GCC ATT AGT TTA CCT GGA CCC AGA AAA CCA TTG GTC CCT CTT --- --- GAT TAT CCA ATG GAT GGT AGT TTT GAG TCA CCA --- --- --- --- --- CAT ACT ATG GAC ATG TCA ATT GTA TTA GAA GAT --- --- --- --- --- --- --- --- --- --- --- --- --- --- GAA AAG CCA GTG AGT GTT AAT GAA GTA CCA GAC TAC CAT GAG GAT ATT CAC ACA TAC CTT AGG GAA ATG GAG GTT AAA TGT --- --- AAA CCT AAA GTG GGT TAC ATG AAG AAA --- CAG CCA GAC ATC ACT AAC AGT ATG AGA GCT ATC CTC GTG GAC TGG TTA GTT GAA GTA GGA GAA GAA TAT AAA CTA CAG AAT GAG ACC CTG CAT TTG GCT GTG AAC TAC ATT GAT AGG TTC CTG TCT TCC ATG TCA GTG CTG AGA GGA AAG CTT CAG CTT GTG GGC ACT GCT GCT ATG CTG TTA GCC TCA --- AAG TTT GAA GAA ATA TAC CCC CCA GAA GTA GCA GAG TTT GTG TAC ATT ACA GAT GAT ACC TAC ACC AAG AAA CAA GTT CTG AGA ATG GAG CAT CTA GTT TTG AAA GTC CTT ACT TTT GAC TTA GCT GCT CCA ACA GTA AAT CAG TTT CTT ACC CAA TAC TTT CTG CAT CAG CAG CCT --- --- --- --- GCA AAC TGC AAA GTT GAA AGT TTA GCA ATG TTT TTG GGA GAA TTA AGT TTG ATA GAT GCC GAC CCA TAC CTA AAG TAT TTG CCA TCA GTT ATT GCT GGA GCT GCC TTT CAT TTA GCA CTC TAC ACA GTC ACG GGA CAA AGC --- --- TGG CCT GAA TCA TTA ATA CGA AAG ACT GGA TAT ACC CTG GAA AGT CTT AAG CCT TGT CTC ATG GAC CTT CAC CAG ACC TAC CTC AAA GCA CCA CAG CAT GCA CAA CAG TCA ATA AGA GAA AAG TAC AAA AAT TCA AAG TAT CAT GGT GTT TCT CTC CTC --- --- --- --- --- --- --- --- --- --- --- --- --- --- --- --- --- --- --- --- --- --- --- --- --- --- --- --- --- --- --- --- --- --- --- --- --- --- --- --- --- AAC CCA CCA GAG ACA --- --- --- --- --- --- --- --- CTA AAT CTG --- --- --- --- 
Mus musculus                               --- --- ATG CCG GGC ACC TCG AGG CAT --- --- TCG GGT CGC GAT GCG GGC TCA GCC CTG CTC TCG CTG CAT --- --- --- --- CAG --- --- --- GAA GAC CAA GAG AAT GTC AAC CCC GAA AAA CTG GCG CCA GCC CAG CAG CCG CGG GCG CAG --- --- --- GCG GTG CTG AAG GCC GGG AAC GTG CGT GGA CCC GCG CCG CAG CAG AAG CTC AAG ACT CGA CGG GTT GCT CCT CTT AAG GAC CTT CCT ATA AAC GAT GAG CAT GTC ACT GCT GGT --- --- --- --- --- --- --- --- --- --- --- --- --- --- CCT TCA TGG AAA GCA GTC AGT AAA CAG --- --- --- --- --- CCT GCC TTC ACC ATT CAT GTG GAT GAA GCA GAA --- GAG ACT CAG AAG --- AGG CCA GCT GAG CTT AAA GAA ACA GAG TGT GAA GAT GCC --- --- --- --- --- CTG GCT TTT AAT GCA GCT GTC TCT TTA CCC GCA GCA AGA AAA CCA CTG ACA CCT CTT --- --- GAC TAT CCA ATG GAT GGC AGT TTT GAA TCA CCA --- --- --- --- --- CAT GCT ATG GAT ATG TCT ATT GTC TTA GAA GAC --- --- --- --- --- --- --- --- --- --- --- --- --- --- --- AAG CCA GTG AAC GTT AAT GAA GTA CCT GAC TAT CAA GAA GAC ATT CAC ACG TAC CTT AGG GAA ATG GAG GTT AAA TGT --- --- AAA CCT AAA GTG GGT TAC ATG AAG AGG --- CAA CCA GAC ATC ACT AAC AGC ATG AGG GCG ATC CTT GTG GAC TGG CTG GTT GAG GTG GGA GAA GAA TAT AAA CTA CAG AAT GAG ACC CTG CAT TTG GCT GTG AAC TAC ATT GAT AGA TTC CTC TCC TCC ATG TCT GTG TTA AGA GGG AAG CTT CAG CTT GTA GGC ACG GCT GCT ATG CTG CTA GCT TCG --- AAG TTT GAA GAA ATA TAC CCC CCA GAA GTA GCA GAG TTT GTG TAT ATT ACA GAC GAT ACC TAT TCC AAG AAG CAG GTT CTG AGA ATG GAG CAC CTA GTA TTG AAA GTC CTT GCT TTT GAC TTG GCT GCA CCA ACA GTA AAT CAG TTC CTT ACC CAG TAC TTC CTG CAC CTG CAG CCT --- --- --- --- GCA AAC TGT AAG GTT GAA AGC TTA GCA ATG TTT TTG GGA GAA CTG AGT TTG ATA GAT GCT GAC CCG TAC CTT AAG TAC CTG CCT TCA CTC ATT GCT GGA GCT GCC TTC CAC TTG GCT CTC TAC ACA GTC ACA GGA CAG AGC --- --- TGG CCT GAG TCA TTG GCA CAA CAG ACT GGA TAT ACC CTG GAG AGT CTT AAG CCT TGT CTT GTG GAC CTT CAC CAG ACC TAC CTC AAA GCG CCA CAA CAT GCC CAA CAG TCA ATA CGG GAA AAG TAC AAG CAT TCA AAA TAT CAC AGT GTT TCT CTT CTC --- --- --- --- --- --- --- --- --- --- --- --- --- --- --- --- --- --- --- --- --- --- --- --- --- --- --- --- --- --- --- --- --- --- --- --- --- --- --- --- --- AAC CCA CCA GAG ACA --- --- --- --- --- --- --- --- CTA AGT GTG --- --- --- --- 



Printing out site pattern counts


         8       1218  P

Danio rerio                                 --- --- --- --- --- --- --- --- --- --- --- --- --- AAA AAA AAA AAA AAA AAA AAA AAA AAA AAA AAA AAC AAC AAC AAC AAC AAC AAC AAC AAC AAC AAC AAC AAG AAG AAG AAG AAG AAG AAG AAG AAG AAG AAT AAT AAT AAT AAT AAT AAT ACA ACA ACA ACA ACA ACA ACA ACA ACA ACC ACC ACC ACC ACC ACG ACG ACG ACG ACT ACT ACT AGA AGA AGA AGA AGA AGC AGC AGC AGC AGC AGC AGC AGC AGG AGG AGG AGG AGG AGG AGG AGG AGT AGT AGT ATA ATA ATC ATC ATC ATC ATC ATC ATG ATG ATG ATG ATG ATG ATG ATT ATT ATT ATT ATT ATT ATT CAA CAA CAA CAA CAA CAC CAC CAC CAC CAC CAC CAG CAG CAG CAG CAG CAG CAG CAG CAG CAG CAG CAG CAG CAG CAG CAT CAT CAT CAT CAT CCA CCA CCA CCA CCA CCA CCC CCC CCC CCC CCG CCG CCG CCT CCT CCT CCT CCT CCT CCT CCT CCT CCT CGA CGA CGC CGC CGC CGG CGG CGT CGT CTA CTA CTA CTA CTC CTC CTC CTC CTC CTC CTC CTC CTC CTC CTG CTG CTG CTG CTG CTG CTG CTG CTG CTG CTG CTG CTG CTG CTG CTG CTG CTT CTT CTT CTT CTT CTT CTT GAA GAA GAA GAA GAA GAA GAA GAA GAA GAA GAA GAC GAC GAC GAC GAC GAC GAC GAG GAG GAG GAG GAG GAG GAG GAG GAG GAG GAG GAG GAG GAG GAG GAT GAT GAT GAT GAT GAT GAT GAT GAT GAT GAT GCA GCA GCA GCA GCA GCA GCC GCC GCC GCC GCC GCC GCG GCG GCG GCG GCT GCT GCT GCT GCT GCT GCT GCT GCT GCT GCT GCT GCT GCT GCT GCT GCT GCT GGA GGA GGA GGA GGC GGC GGC GGC GGC GGG GGG GGG GGT GGT GGT GGT GTA GTA GTC GTC GTC GTC GTC GTC GTC GTC GTG GTG GTG GTG GTG GTG GTG GTG GTG GTG GTG GTG GTT GTT GTT GTT GTT TAC TAC TAC TAC TAC TAC TAC TAT TAT TAT TAT TCA TCA TCA TCA TCA TCA TCC TCC TCC TCC TCC TCC TCC TCG TCG TCG TCG TCT TCT TCT TCT TCT TCT TCT TCT TGC TGC TGG TGT TGT TGT TGT TTA TTA TTA TTC TTC TTC TTG TTG TTG TTG TTG TTG TTG TTG TTT TTT TTT TTT TTT TTT TTT
Rattus norvegicus                           --- --- --- AAG ACC AGA ATG CAT CTG CTG GCT TAT TGG --- --- AAA AAA AAG AAG AAG AAG AGG GAG TTC --- AAA AAC AAC AAT ACG AGA CTC CTC TCA TGC TTG --- AAA AAA AAA AAG AAG AAG ACA GAG GGA --- AAC AAT AAT CAC CAG CTG --- AAA ACA ACC ACT AGA GTG TCC TGC --- ACA ACC ACT CAG ACA ACC ACG ACT ACC ACG GAT AAG AAG AGG ATT GGA --- AAC AGC AGT AGT CTC CTC TGC --- --- --- AGA AGA GTG TGG TTC --- GAT GGA ATA TCT ATC ATT CAC CTC GTA GTC --- AAT AAT ATA ATG ATT TCC --- --- ATA ATC ATT CTT TTG --- CAA CAG CAG CTT --- ATT CAC CAC CAT TAC --- --- --- AGT ATC ATG ATG ATG CAG CAG CAG CAG CAG CTG GTT --- CAC CAC CAC TAC --- CCA CCA CCA CCC CCG --- CCA CCA TAT CAG CCA CCT --- ACA CAA CCA CCA CCA CCC CCT CCT TAC --- AAG AGA CAT GTG AGA AGG CGG TCA CGG CTA CTT CTT --- CCC CTC CTC CTT CTT CTT GAG TTA TTG --- AAG ATA CAG CTA CTC CTC CTT CTT CTT CTT GTC GTG TTA TTG TTG TTG --- CTA CTG CTG CTT TTG TTG AAC AAG AGC GAA GAA GAA GAA GAA GAA GAT GTA --- --- AGC GAC GAC GAT GAT --- --- AAC AAG AGC AGT CAG GAA GAA GAA GAA GAC GAG GAG GAG --- AGT CAA CAT GAA GAC GAC GAT GAT GGT TTA --- --- ATG CAT GAA GTG --- --- --- ACA GCT GCT --- --- GCA TAC --- --- --- AAA AAG ATG GCA GCA GCC GCC GCC GCT GCT GCT GCT GGA TCA TGG --- --- CAA GGA --- --- CAT CTG GGC --- GGA GTG --- AGT GGA TGG ATT GTG AGC ATA CTC GGC GTA GTA GTT GTT GCA GCC GTA GTA GTG GTG GTG GTG GTG GTT GTT GTT --- --- CTC GTA GTC CAT TAC TAC TAT TAT TAT TAT TAC TAC TAT TAT --- AGC CCT GCG TCA TCT --- --- AGA AGG TCC TCC TCT CCT CTG GCT TCA ACC CCA TCA TCA TCG TCT TGT TTA --- GCT TGG CCG GAA TGC TGT --- CTG TTA TAC TTC TTC AAG CTA CTA CTA CTG CTT TTA TTG --- GTA GTT TTC TTT TTT TTT
Bos taurus                                  --- --- CAG CAG GGA CCA GCC CAT CAG CAG ACT GAA CCC --- ACG AAA AAG AAA AAA AAA AAG AAA ATA GCG --- GCC AAC AAC AAC TCG CGG ACC CTC GAG AAT AAC AAG AAA AAA AAG AAA AAG AAG ACA GAA CAG GAG AAC AAT AGT TAT GAC AAT ATG AAA ACA ACC ACT GCT GTG ACC GCC CCT ACA ACC ACT AAA ACT ACT ACG ACT ACC ACA GCT AAG CGG AGA AAT TCT AGC AAC AGT AGT AGT GCA GGA TGC --- AGA CCT AGA CGG TCG TGG ACA GTT AGT GGA ATA AAG ATT ATT CAT CTC ATA GTA --- AAT TCA ATG ATG ATC GCG CTT GCC ATA ATC ATT GAT ATA TTG CAA CAA CAG GTT CGC CAT CAC CAT CAC TAC AAG CGA GAA AAC AAA CTG GCG GGT CAA CAG CAG CAG CAG CTT ACC CAC CAC CAC CAT TAC CCA CCA CCA CCA CCA CCT CCA CCA CCA TCA GTC CCG CCT CCA GCA CAG AAG AAT CCA CCG CCC CCT AAA AGG AAG AGG CAG TTA AGG AGG AGG CAG TTT CTG CTC TTG CTG CCA CTA CTC CTG CTT CTT CCA TTA TTG ATG AAG CTG CTG CTA CTT TTG CCC CTA CTC CTT GTC GTG TTG TTA TTG TTG TAC --- CTG CTT CTA TTA TTG GAG GAG GGT GAA GAA GAA GAA GAA GAT GAC GAG GAT GGG GAA GAC GAT GAA GAC CCC GAT AAC AGG GTA GGT GAA GAA GAA GAA GAG GAT GAG GAG GAG GCG ACT CAG GAA GAG GAC GAC GAT GAT GAT TTG AGG TTC GCG CAT GAG GTG GCA GGT GTC ACA GCA GCT GAA TCC GCA CTT AAG ACG GCG AGA CCC GCA GCA GCA GCA GCC GCT GCA GCC GCT GCT GCA TCA CCT CCT GGC CAA GGA CCT GAA AAT GCG GGC CGG GGA GCA CAG GGT GGA GCT GTT GTG GTC ATA GTT GGA GTA GTT GTT GTT GTG GCA GTA GTC GTA GTA GTG GTG GTG GTT GTT GTT --- GCG CTC GTA GTC CAT TAC TAC TAC TAC TAT TAT TAC TAC TAC TAT --- AGC CCA GCA TCA TCA CAA CCT GAT AAA TCA TCC TCT CCT GTA GCT TCA ACT CCA TCA TCT TCA TCT TGT GTT ATT GCT TGG CCT GAA AGT TGT ACT TTG TTA TAT TTT TTT AAG CTG TTA TTA CTA CTT TTA TTG --- TTT TTT TTT TTT TTT TTT
Gallus gallus                               --- --- --- CCC GGG GAG CCG AGT CAG GCC ATC GCG CCG CCC --- AAA AAG AAA AAG AAG AAG AAG CGG AAA --- GGC AAC AAT AAT --- GGC ACC AGC GCC CGG GGG CGG AAA AAG AAG AAG AAA AAG ACA GAA CAG --- AAC AAC AAC GGC AAC CCC ATG AAG ACG ACC ACC GTG CCA AAC GGG CCC ACG ACT GGG GAT ACC ACC ACG ACG ACT ACA GCC AAG CGG AGG CAG GAG GAG AAT AGC AAC ACT GCG GGT GCT --- CGG GGC AGA CGC GCG --- --- GCG AGC GGA ATT GCG ATC ATC CAT ATT ATC ACT --- GAT GAG ATC ATG ATT --- CTG --- ATC ATT ATT CAG GTC CTG CAA CAA CAG GTT --- TAC CAC CAT CAC TAT CGG --- AAG CCG CAG ATG --- --- CAG AGG CAG CAG CAG GCC AGC --- CAC CAC CAT TAC GCC AGA CCA CCT CCG CCG CCC CCG CCT GCC GCG CCA CCT AGG CCC CAG GCC AAC GCA CCC CCG --- GCG --- GAG AGG --- ACC AGG AGG CGG CAG CTG CTC CTG --- CTG --- TTG CTC TTG CTC CTT GTG CTG TTG ATG AAG CTG CTG CTA CTA CCG --- TTA CTT CTT ATC TTG TTG TTG CTG TTA AAC --- CTG CTG ATT CTG CTT GAG GAG --- AAT GAA GAA GAA GAG GGA GAT GAG GGC --- GAG GAC GAT GAT GAC --- GAG GAC CGG CTG GCA GAG GAA GAA GAG GAA GCA GAA GAG GAG --- CAC AAG GAC GAT GAC GAT GAC GAT GAC TCA CAG --- GCC GTC AGC ATA GCG CTC CGC ACT GCA GCA GAG --- GCA GCG --- --- --- AAA GCC CCT GCA GCT ACA GCA GCT GCA GCA GCG GCT GCA TCC CAG --- GCG CAA GGA --- GAG AGC GGG GGT --- GGA GGG --- GGC GGC --- ATA GTA GTC ATA CTC GCG GTG GTT GTA GTT GTG ACA GTA ATT GTC GTT GTG GTG GTT GTA GTG GTT --- --- CTC TGC GTT CAC TAC TAC TAC TAC TAC TAC TAC TAT TAT TAC --- ACT CCA TCA ACA TCG CGG --- GAC CGC TCT TCA TCG CCT --- TCA TCG ACC GCA TCT TCC TCA TCT TGC CCG CGG GCT TGG GCG GAA GCG TGC AAG CTG TTA TAC TTC TTT GTG CTT CTC CTG CTG CTT CTA CTA --- TTC CTC TTT TAT TTC TTT
Homo sapiens                                --- CAG CAG CAA GGA CCC GTC CAT CAG CAA ACT GAA CCC --- ACG AAA AAA AAA AAA AAA AAG AAA GTA GCA --- TCC AAC AAC AAT TCG CGG ACC CTC GAA AAT AAC AAG AAA AAA AAG AAA AAG AAG ACA GAA CAA GAG AAT AAT AGT CAT GAC AAC ATG AAA ACA ACC ACT GCC GTG ACC GCT CCT ACA ACC AGT AAA ACT ACC ACA ACT ACC ACA GCC AAG CGG AGA AGT TCT AAC AAC AGT AGT AGT GCA GGG TGC --- AGA ACC AGA CGG CCG TGG GCA GTT AGT GGA ATA AAG ATC ATT CAT CTC GTA GTA --- AAT ATA ATG ATG ATT GCG CTT ACC ATA ATC ATT GAT ATT TTG CAA CAA CAG GTT CGC CAT CAC CAT CAT TAC AAA AGA GAA AAC AAA ATG GCG GGT CAG CAG CAA CAG CAG CTT ACC CCG CAC CAT CAT TAC CCA CCA CCA CCA CCA CCC CCA CCA CCA TCA GCC CCA CCT CCA GCA CAG AAG AAT CCA CCC CCG CCT AAA AGG AAG AGG CAG TTA AGA AGG AGA CAG TTT CTA CTC TTG TTG CTA CTC CTC CTT CTT CTT CCT TTA TTG ATG AAG CTG CTG CTA CTG CTG CAG CTA CTC CTT GTC CTG CTG TTA TTG TTG TAT CTG CTG CTG CTT TTA TTG GAG GAG GGC GAA GAA GAA GAA GAA GAT GAT GAG GAT GGG GAG GAC GAT GAC GAT CCT GAT AAC AAG GTA GGT GAA GAA GAA GAA GAA GAT GAG GAA GAG GCG AGT CGA GAA GAG GAC GAC GAT GAT GAT TTA AAG CTC GCG CAT GAG GTG GTC GGT GTC ACG GCA GCT GAA TCT GCA CTT AAG ACG GCG AAA CCG GCG GCA GCT GCA GCC GCT GCT GCC GCT GCT GGA TCA CCT CCT GGC CAA GGA CCG AAA AAT GCG GGC CGG GGA GCA CAG GGT GGA GCG ATT GTG ATC ATA ATT GCG GTA GTT GTT GTT GTG GCA GTA GTT GTG GTA GTG GTG GTG GTT GTT GTT --- GCG CTC ATA GTC CAT TAC TAC TAC TAC TAC TAT TAC TAC TAC TAT --- AGC CCA GCA TCA TCA CAG CCT GAT CAA TCT TCC TCT CCT CTA ACT TCA ACC CCA TCA TCA TCA TCA TGT GTT GCT GCT TGG CCT GAA CGT TGT GCT CTG TTA TAC TTT TTT AAG CTG TTA TTA CTG CTT TTA TTG --- TTC TTT TTC TTT TTT TTT
Canis lupus familiaris                      --- CAG CAG CAG GGA CCA GCC CAT CAG CAG ACT GAA CCC --- ACA AAA AAG AAA AAA AAA AAG AAA ATA GCG --- GCC AAC AAC AAT TCG CGG ACC CTC GAG AAT AAC AAG AAA AAA AAG AAA AAG AAG ACA GAA CAA GAG AAC AAT AGT CAA GAC AAC ATG AAA ACA ACC ACT GCC TTG ACC GCT CCT ACA ACC ACT AAA ACT ACC ACA ACT ACC ACA GCT AAG CGC AGA AGT TCT AGC AAC AGT AGT AGT GCA GGG TGC --- AGA ACT AGA CGG CAG TGG ACG ATT AGT GGA ATC AAG ATC ATT CAT CTC GTA GTA --- AAT ACA ATA ATG ATT TCG CTT GCC ATA ATC ATT GAT ATT TTG CAA CAG CAG GTT CGC CAT CAC CAC CAT TAC AAA CGG GAA AAC AAA ATG GCG GTC CAG CAG CAA CAG CAG CTT ACC CCT CAC CAC CAT TAC CCA CCA CCA CCA CCA CCT CCG CCA CCC TCA GTC CCA CCT CCA ACA CAG AAG AAT CCA CCC CCC TCT AAA AGG AAG AGG CAG CTA AGA AGG AGG CAG TTT CTA CTT TTG CTG CCA CTA CTC CTT CTT CTT CCT TTA CTC ATG AAG CTG TTG CTA CTT CTG CCG CTA CTC CTT GTC GTC TTG CTA TTG TTG TAT CTG CTG CTC CTT TTA TTG GAA GAG GGC GAA GAA GAA GAA GAA GAT GAC GAG GAT GGG GAA GAC GAT GAC GAT CCC GAT AAC AAG GTC GGT GAA GAA GAA GAA GAA GAT GAG GAA GAG GAG AGT CAA GAA GAG GAC GAC GAT GAT GAT TTA AGG CTC GCG CAT GAG GTG GTA GGT GTC ACA GCA GCT GAG TCG GCA CTT AAG ACG GCG AGA CCC GCA GCA GCA GCA GCC GCT GCA GCC GCT GCT GCA TCT CCT CCT GGC CAG GGA CCC GAA AGT GCG GGC CGG GGA GCA CAT GGT GGA GCG ATT GTG ATC ATA ATT GGG GTT GTT GTT GTC GTG GCC GTA GTT GTG GTA GTG GTG GTG GTT GTT GTC --- GAG CTC GTT GTG CAT TAC TAT TAC TAC TAT TAT TAC TAC TAC TAT --- AGC CCA GCA TCA TCA CAG CCT AAT AAA TCA TCG TCT CCT CTA GCT TCA ACC CCA TCT TCA TCA TCT TGT GTT ACT GCT TGG CCT GAA CAT TGT GCT CTG TTA TAC TTT TTT AAG TTG TTG TTA CTG CTT TTA CTG --- TTT TTT TTC TTT TTT TTT
Pan troglodytes                             --- CAG CAG CAG GGA CCC GTC CAT CAG CAA ACT GAA CCC --- ACG AAA AAA AAA AAA AAG AAG AAA GTA GCA --- TCC AAC AAC AAT TCG CGG ACC CTC GAA AAT AAC AAG AAA AAA AAG AAA AAG AAG ACA GAA CAA GAG AAT AAT AGT CAT GAC AAC ATG AAA ACA ACC ACT GCC GTG ACC GCT CCT ACA ACC AGT AAA ACT ACC ACA ACT ACC ACA GCC AAG CGG AGA AGT TCT AAC AAC AGT AGT AGT GCA GGG TGC --- AGA ACC AGA CGG CCG TGG GCA GTT AGT GGA ATA AAG ATC ATT CAT CTC GTA GTA --- AAT ACA ATG ATG ATT GCG CTT ACC ATA ATC ATT GAT ATT TTG CAA CAA CAG GTT CGC CAT CAC CAT CAT TAC AAA AGA GAA AAC AAA ATG GCG GGT CAG CAG CAA CAG CAG CTT ACC CCG CAC CAT CAT TAC CCA CCA CCA CCA CCA CCC CCA CCA CCA TCA GCC CCA CCT CCA GCA CAG AAG AAT CCA CCC CCG CCT AAA AGG AAG AGG CAG TTA AGA AGG AGA CAG TTT CTA CTC TTG TTG CTA CTA CTC CTT CTT CTT CCT TTA TTG ATG AAG CTG CTG CTA CTG CTG CAG CTA CTC CTT GTC CTG CTG TTA TTG TTG TAT CTG CTG CTG CTT TTA TTG GAG GAG GGC GAA GAA GAA GAA GAA GAT GAT GAG GAT GGG GAG GAC GAT GAC GAT CCT GAT AAC AAG GTA GGT GAA GAA GAA GAA GAA GAT GAG GAA GAG GCG AGT CGA GTA GAG GAC GAC GAT GAT GAT TTA AAG CTC GCG CAT GAG GTG GTC GGT GTC ACG GCA GCT GAA TCC GCA CTT AAG ACG GCG AAA CCG GCG GCA GCT GCA GCC GCT GCT GCC GCT GCT GGA TCA CCT CCT GGC CAA GGA CCG AAA AAT GCG GGC CGG GGA GCA CAG GGT GGA GCG ATT GTG ATC ATA ATT GCG GTA GTT GTT GTT GTG GCA GTA GTT GTG GTA GTG GTG GTG GTT GTT GTT --- GCG CTC ATA GTC CAT TAC TAC TAC TAC TAC TAT TAC TAC TAC TAT --- AGC CCA GCA TCA TCA CAG CCT GAT CAA TCT TCC TCT CCT CTA ACT TCA ACC CCA TCA TCA TCA TCA TGT GTT GCT GCC TGG CCT GAA CGT TGT GCT CTG TTA TAC TTT TTT AAG CTG TTA TTA CTG CTT TTA TTG --- TTC TTT TTC TTT TTT TTT
Mus musculus                                --- CAG CAG CAG GCA GCA GCC CAT CTG CAG GCT GAA CCA --- ACT AAA AAA AAG AAG AAG AAG AGG ATA CTG --- GCC AAC AAC AAT TCA CGG GCG CTC GAA AAT GTC AAG AAA AAA AAA AAG AAG AAG ACA GAG CAG GAT AAT AAT AAC CAT GAC AAC ATG AAA ACA ACC ACT --- GTG TCC GCT CCT ACA ACC TCT GAA ACG ACC ACG ACT ACC ACA GCT AAG CGT CGG AGT CTT ACC AAC AGC AGC AGT GCA GGG TGT --- AGA ACT AGA CAG GTG TGG TCG GCT AGT GGA ATA AAG ATC ATT CAC CTC GTA GTC --- AGT ACA ATG ATG ATT GCC CTT GGT ATA ATC ATT GAC ATT CCG CAA CAG CAA CTC CGC CAT CAC CAC CAT TAC AAA CGA GAG AAC AAA GTG GCG GGA CAG CAG CAG CAA CAG CTT ACC CAT CAC CAC CAC TAC CCA CCA CCA CCA CCA CCT CCA CCA CCG GCA GCC CCT CCT CCA GCA CAG AAA AAC CCA CCC CCC CCT AAA AAG AAG AGA CAT TTA AGA AGG AGG CAA TTT CTA CTT CTG CTG CCC CTT CTC CTT CTT CTT CCC CTG CTG ATG AAG CTG --- CTA CTC CTG CCG CTA CTT CTT GTC GTG TTA TTG TTG TTG TAT CTG CTG CTG CTT TTG TTG GAG GAA GGC GAA --- GAA GAG GAA GAT GAC GAG GAC --- GAG GAC GAC GAT GAT TCA GAT AAC AAG GTG AGT GAA GAA GAG GAA GAA GAC GAG GAA GAG TCG AGT CAA GAA GAA GAC GAC GAT GAT GAT TTA AGG --- GCG CAA GAA GTG ACA GGC GTC ACA GCT GCT GAG TCG GCA CTT AAG --- --- AAA CCG GCC GCG GCA GCC GCC GCG GCT GCT GCT GCT GGA TCA CCT CCT GGC CAG GGA CTC --- CAT GCG GGC CGG GGG GCT --- GGT GGA GCG ATT GTG GTC ATA GTC --- GTA GTT GTT GTT GTG GCA GTA GTA GTG GTG GTA GTG GTG GTT GTT GTT --- AGG CTT GCA GTC CAT TAC TAC TAC TAT TAT TAT TAC TAC TAT TAC --- AGC CCT GCA TCA TCT CAG --- GAT AAA TCC TCC TCT CCT CTC GCT TCG ACC CCA TCA TCA TCA TCT TGT GTT ACT GCT TGG CCT GAA TGT TGT GCT CTG TTA TAC TTC TTC CAG CTG CTA CTG CTG CTT TTG TTG GGT TTC TTT TTC TTT TTT TTT



  107    1    1    1    1    1    1    1    1    1    1    1    1    1    1
    1    1    1    1    1    1    1    1    1    2    1    1    1    1    1
    1    1    1    1    1    1    1    1    1    1    1    1    2    1    1
    1    1    1    2    1    1    1    1    1    1    1    1    1    1    1
    1    1    1    1    1    1    1    1    1    1    1    1    1    1    1
    1    1    1    1    1    1    1    1    1    1    1    1    1    1    1
    1    1    1    1    1    1    1    1    1    1    1    2    1    1    1
    1    1    1    1    1    8    1    1    1    1    1    1    1    1    1
    1    1    1    1    1    1    1    1    1    1    1    1    1    1    1
    1    1    1    1    1    1    1    1    4    1    1    1    1    1    1
    1    1    1    1    2    1    1    1    1    1    1    1    1    2    1
    1    1    1    1    1    1    1    1    1    1    1    1    1    1    1
    1    1    1    1    1    1    1    1    1    1    1    1    1    1    1
    1    1    1    1    1    1    1    1    1    1    1    1    2    1    1
    1    1    1    1    1    1    1    1    1    1    1    1    1    1    1
    1    2    1    1    1    1    1    1    1    1    2    1    1    1    1
    1    1    1    1    1    1    1    1    2    2    1    1    1    4    1
    1    1    1    1    2    2    1    1    1    1    1    1    1    1    1
    1    1    1    1    1    1    1    1    1    1    1    1    1    1    1
    1    1    1    1    1    1    1    1    1    1    3    1    1    1    1
    1    1    2    1    1    1    1    1    1    1    1    1    1    1    1
    1    1    1    1    1    1    1    1    1    1    1    1    1    1    1
    1    1    1    1    1    1    1    1    1    1    1    1    1    2    1
    1    1    1    3    1    1    1    1    1    1    1    1    1    1    1
    1    1    1    1    1    1    1    1    1    1    1    1    1    1    1
    1    1    1    1    1    2    1    1    1    1    1    1    1    1    2
    1    1    1    1    1    1    1    1    1    1    1    1    1    1    1
    2

CODONML (in paml version 4.4b, July 2010)  torun.nuc
Model: One dN/dS ratio for branches Global clock 
Codon frequency model: F3x4
ns =   8  ls = 547

Codon usage in sequences
--------------------------------------------------------------------------------------------------------------
Phe TTT  8  4 11  4  9 10 | Ser TCT  8  4  4  3  4  6 | Tyr TAT  4 10  7  4  5  7 | Cys TGT  4  2  2  0  2  2
    TTC  4  6  1  4  2  1 |     TCC  7  4  2  2  2  0 |     TAC 10 10 11 14 12 10 |     TGC  2  4  1  3  1  1
Leu TTA  3  6  8  3  9  6 |     TCA  6  7  9  5  9  7 | *** TAA  0  0  0  0  0  0 | *** TGA  0  0  0  0  0  0
    TTG  8  9 11  6  8 10 |     TCG  4  1  2  3  1  4 |     TAG  0  0  0  0  0  0 | Trp TGG  2  6  3  2  3  3
--------------------------------------------------------------------------------------------------------------
Leu CTT  7 14 10  7 10 12 | Pro CCT 10  6 12  7 11 11 | His CAT  5  7  7  3 10  9 | Arg CGT  2  0  0  0  1  0
    CTC 10 11  6  8  8  8 |     CCC  4  3  5  7  4  7 |     CAC  6  7  5  6  2  4 |     CGC  3  0  1  3  1  2
    CTA  4  6  5  4  5  7 |     CCA  7 11 16  4 14 14 | Gln CAA  5  4  5  3  8  5 |     CGA  2  0  1  0  1  0
    CTG 18 10  8 16 12  8 |     CCG  4  2  2  9  5  2 |     CAG 18 15 18 17 17 20 |     CGG  2  2  4 10  4  4
--------------------------------------------------------------------------------------------------------------
Ile ATT  7  7  5  7  7  8 | Thr ACT  3  3  9  6  5  7 | Asn AAT  8  6  8  4  8  7 | Ser AGT  3  6  6  1  8  8
    ATC  7  3  2  8  3  4 |     ACC  5  6  6  7 10  8 |     AAC 13  6  8 10  8  8 |     AGC  8  6  2  6  1  2
    ATA  2  5  6  3  5  4 |     ACA  9  6  6  5  5  9 | Lys AAA 11  8 13  6 16 14 | Arg AGA  5  8  4  2  6  5
Met ATG 14 14 11 11 12 11 |     ACG  4  3  3  4  3  2 |     AAG 11 17 15 16 15 15 |     AGG  8  4  7  6  3  5
--------------------------------------------------------------------------------------------------------------
Val GTT  5  7 11  7 10  9 | Ala GCT 20 11 11  7 12 11 | Asp GAT 13  7 10  9 12 10 | Gly GGT  4  1  5  2  4  3
    GTC  8  3  6  4  5  8 |     GCC  6  4  6  9  5  7 |     GAC  8  8  9 10  8  9 |     GGC  5  2  2  7  3  3
    GTA  2  8  8  4  7  5 |     GCA  6  4 14 12 11 11 | Glu GAA 12 16 20 11 21 22 |     GGA  5  8  8  5  7  6
    GTG 12 12  8  8  8  8 |     GCG  4  1  8 14 10  6 |     GAG 20  9 15 21 12 14 |     GGG  3  0  1  6  2  3
--------------------------------------------------------------------------------------------------------------

--------------------------------------------------------------
Phe TTT  9  6 | Ser TCT  3  4 | Tyr TAT  5  7 | Cys TGT  2  4
    TTC  2  5 |     TCC  3  3 |     TAC 12 10 |     TGC  1  0
Leu TTA  9  4 |     TCA  9  7 | *** TAA  0  0 | *** TGA  0  0
    TTG  8  7 |     TCG  1  4 |     TAG  0  0 | Trp TGG  3  3
--------------------------------------------------------------
Leu CTT 10 15 | Pro CCT 11 11 | His CAT 10  8 | Arg CGT  1  1
    CTC  7  7 |     CCC  4  4 |     CAC  2  6 |     CGC  1  1
    CTA  6  4 |     CCA 14 12 | Gln CAA  7  6 |     CGA  1  1
    CTG 12 15 |     CCG  5  4 |     CAG 18 18 |     CGG  4  3
--------------------------------------------------------------
Ile ATT  7  6 | Thr ACT  5  5 | Asn AAT  8  5 | Ser AGT  8  6
    ATC  3  2 |     ACC 10  7 |     AAC  8  8 |     AGC  1  3
    ATA  4  4 |     ACA  6  7 | Lys AAA 15 12 | Arg AGA  6  4
Met ATG 12 11 |     ACG  3  2 |     AAG 16 16 |     AGG  3  5
--------------------------------------------------------------
Val GTT 10  7 | Ala GCT 11 16 | Asp GAT 12  9 | Gly GGT  4  3
    GTC  5  7 |     GCC  6  7 |     GAC  8 12 |     GGC  3  4
    GTA  8  5 |     GCA 11 10 | Glu GAA 20 19 |     GGA  7  6
    GTG  8 12 |     GCG 10  7 |     GAG 12 13 |     GGG  2  2
--------------------------------------------------------------

Codon position x base (3x4) table for each sequence.

#1: Danio rerio    
position  1:    T:0.16355    C:0.25000    A:0.27570    G:0.31075
position  2:    T:0.27804    C:0.25000    A:0.33645    G:0.13551
position  3:    T:0.25935    C:0.24766    A:0.18458    G:0.30841
Average         T:0.23364    C:0.24922    A:0.26558    G:0.25156

#2: Rattus norvegicus
position  1:    T:0.19211    C:0.25789    A:0.28421    G:0.26579
position  2:    T:0.32895    C:0.20000    A:0.34211    G:0.12895
position  3:    T:0.25000    C:0.21842    A:0.25526    G:0.27632
Average         T:0.25702    C:0.22544    A:0.29386    G:0.22368

#3: Bos taurus     
position  1:    T:0.16744    C:0.24419    A:0.25814    G:0.33023
position  2:    T:0.27209    C:0.26744    A:0.35116    G:0.10930
position  3:    T:0.27442    C:0.16977    A:0.28605    G:0.26977
Average         T:0.23798    C:0.22713    A:0.29845    G:0.23643

#4: Gallus gallus  
position  1:    T:0.13418    C:0.26329    A:0.25823    G:0.34430
position  2:    T:0.26329    C:0.26329    A:0.33924    G:0.13418
position  3:    T:0.17975    C:0.27342    A:0.16962    G:0.37722
Average         T:0.19241    C:0.26667    A:0.25570    G:0.28523

#5: Homo sapiens   
position  1:    T:0.15509    C:0.26157    A:0.26620    G:0.31713
position  2:    T:0.27778    C:0.25694    A:0.35648    G:0.10880
position  3:    T:0.27315    C:0.17361    A:0.28704    G:0.26620
Average         T:0.23534    C:0.23071    A:0.30324    G:0.23071

#6: Canis lupus familiaris
position  1:    T:0.15509    C:0.26157    A:0.27083    G:0.31250
position  2:    T:0.27546    C:0.25926    A:0.35648    G:0.10880
position  3:    T:0.27778    C:0.18981    A:0.26620    G:0.26620
Average         T:0.23611    C:0.23688    A:0.29784    G:0.22917

#7: Pan troglodytes
position  1:    T:0.15509    C:0.26157    A:0.26620    G:0.31713
position  2:    T:0.27778    C:0.25926    A:0.35417    G:0.10880
position  3:    T:0.26852    C:0.17593    A:0.28472    G:0.27083
Average         T:0.23380    C:0.23225    A:0.30170    G:0.23225

#8: Mus musculus   
position  1:    T:0.15166    C:0.27488    A:0.24408    G:0.32938
position  2:    T:0.27725    C:0.26066    A:0.35308    G:0.10900
position  3:    T:0.26777    C:0.20379    A:0.23934    G:0.28910
Average         T:0.23223    C:0.24645    A:0.27883    G:0.24250

Sums of codon usage counts
------------------------------------------------------------------------------
Phe F TTT      61 | Ser S TCT      36 | Tyr Y TAT      49 | Cys C TGT      18
      TTC      25 |       TCC      23 |       TAC      89 |       TGC      13
Leu L TTA      48 |       TCA      59 | *** * TAA       0 | *** * TGA       0
      TTG      67 |       TCG      20 |       TAG       0 | Trp W TGG      25
------------------------------------------------------------------------------
Leu L CTT      85 | Pro P CCT      79 | His H CAT      59 | Arg R CGT       5
      CTC      65 |       CCC      38 |       CAC      38 |       CGC      12
      CTA      41 |       CCA      92 | Gln Q CAA      43 |       CGA       6
      CTG      99 |       CCG      33 |       CAG     141 |       CGG      33
------------------------------------------------------------------------------
Ile I ATT      54 | Thr T ACT      43 | Asn N AAT      54 | Ser S AGT      46
      ATC      32 |       ACC      59 |       AAC      69 |       AGC      29
      ATA      33 |       ACA      53 | Lys K AAA      95 | Arg R AGA      40
Met M ATG      96 |       ACG      24 |       AAG     121 |       AGG      41
------------------------------------------------------------------------------
Val V GTT      66 | Ala A GCT      99 | Asp D GAT      82 | Gly G GGT      26
      GTC      46 |       GCC      50 |       GAC      72 |       GGC      29
      GTA      47 |       GCA      79 | Glu E GAA     141 |       GGA      52
      GTG      76 |       GCG      60 |       GAG     116 |       GGG      19
------------------------------------------------------------------------------

(Ambiguity data are not used in the counts.)


Codon position x base (3x4) table, overall

position  1:    T:0.15906    C:0.25933    A:0.26529    G:0.31632
position  2:    T:0.28081    C:0.25276    A:0.34885    G:0.11758
position  3:    T:0.25724    C:0.20561    A:0.24739    G:0.28976
Average         T:0.23237    C:0.23923    A:0.28718    G:0.24122

Codon frequencies under model, for use in evolver (TTT TTC TTA TTG ... GGG):
  0.01189920  0.00951108  0.01144366  0.01340386
  0.01071055  0.00856098  0.01030051  0.01206489
  0.01478232  0.01181557  0.00000000  0.00000000
  0.00498224  0.00398232  0.00000000  0.00561224
  0.01940039  0.01550680  0.01865768  0.02185357
  0.01746241  0.01395777  0.01679389  0.01967053
  0.02410101  0.01926403  0.02317835  0.02714859
  0.00812301  0.00649275  0.00781204  0.00915016
  0.01984688  0.01586369  0.01908709  0.02235653
  0.01786431  0.01427901  0.01718040  0.02012325
  0.02465569  0.01970739  0.02371180  0.02777341
  0.00830996  0.00664218  0.00799183  0.00936076
  0.02366445  0.01891509  0.02275850  0.02665682
  0.02130052  0.01702559  0.02048507  0.02399397
  0.02939824  0.02349813  0.02827279  0.03311565
  0.00990839  0.00791981  0.00952907  0.01116131



Nei & Gojobori 1986. dN/dS (dN, dS)
(Pairwise deletion)
(Note: This matrix is not used in later ML. analysis.
Use runmode = -2 for ML pairwise comparison.)

Danio rerio         
Rattus norvegicus   -1.0000 (0.3408 -1.0000)
Bos taurus          -1.0000 (0.3091 -1.0000) 0.2483 (0.2205 0.8881)
Gallus gallus       -1.0000 (0.3116 -1.0000) 0.1427 (0.3065 2.1475)-1.0000 (0.2287 -1.0000)
Homo sapiens        -1.0000 (0.3187 -1.0000) 0.3023 (0.2099 0.6943) 0.1472 (0.0450 0.3060) 0.0937 (0.2329 2.4849)
Canis lupus familiaris-1.0000 (0.3115 -1.0000) 0.2645 (0.2074 0.7843) 0.1164 (0.0375 0.3220)-1.0000 (0.2385 -1.0000) 0.1502 (0.0394 0.2626)
Pan troglodytes     -1.0000 (0.3206 -1.0000) 0.3028 (0.2108 0.6962) 0.1501 (0.0451 0.3004) 0.0881 (0.2318 2.6301) 0.1237 (0.0020 0.0164) 0.1507 (0.0395 0.2619)
Mus musculus         0.0948 (0.3167 3.3398) 0.4114 (0.1882 0.4576) 0.0874 (0.0637 0.7290) 0.0742 (0.2425 3.2664) 0.1215 (0.0685 0.5638) 0.1194 (0.0679 0.5686) 0.1235 (0.0685 0.5549)


TREE #  1:  (((((5, 7), (8, 2)), (3, 6)), 4), 1);   MP score: -1
lnL(ntime:  7  np:  9):  -6377.637611      +0.000000
   9..10   10..11   11..12   12..13   13..5    13..7    12..14   14..8    14..2    11..15   15..3    15..6    10..4     9..1  
 1.305494 1.076417 0.336284 0.336284 0.010510 0.265370 0.207067 1.917429 0.192962
SEs for parameters:
 0.071764 0.062476 0.016425 0.014722 0.004024 0.014383 0.020223 0.148996 0.011957

tree length =   4.84292

(((((5: 0.010510, 7: 0.010510): 0.325774, (8: 0.265370, 2: 0.265370): 0.070914): 0.000000, (3: 0.207067, 6: 0.207067): 0.129217): 0.740133, 4: 1.076417): 0.229077, 1: 1.305494);

(((((Homo sapiens: 0.010510, Pan troglodytes: 0.010510): 0.325774, (Mus musculus: 0.265370, Rattus norvegicus: 0.265370): 0.070914): 0.000000, (Bos taurus: 0.207067, Canis lupus familiaris: 0.207067): 0.129217): 0.740133, Gallus gallus: 1.076417): 0.229077, Danio rerio: 1.305494);

Detailed output identifying parameters

kappa (ts/tv) =  1.91743

omega (dN/dS) =  0.19296

dN & dS for each branch

 branch          t       N       S   dN/dS      dN      dS  N*dN  S*dS

   9..10     0.229  1193.5   447.5  0.1930  0.0357  0.1849  42.6  82.7
  10..11     0.740  1193.5   447.5  0.1930  0.1153  0.5973 137.6 267.3
  11..12     0.000  1193.5   447.5  0.1930  0.0000  0.0000   0.0   0.0
  12..13     0.326  1193.5   447.5  0.1930  0.0507  0.2629  60.5 117.7
  13..5      0.011  1193.5   447.5  0.1930  0.0016  0.0085   2.0   3.8
  13..7      0.011  1193.5   447.5  0.1930  0.0016  0.0085   2.0   3.8
  12..14     0.071  1193.5   447.5  0.1930  0.0110  0.0572  13.2  25.6
  14..8      0.265  1193.5   447.5  0.1930  0.0413  0.2142  49.3  95.8
  14..2      0.265  1193.5   447.5  0.1930  0.0413  0.2142  49.3  95.8
  11..15     0.129  1193.5   447.5  0.1930  0.0201  0.1043  24.0  46.7
  15..3      0.207  1193.5   447.5  0.1930  0.0322  0.1671  38.5  74.8
  15..6      0.207  1193.5   447.5  0.1930  0.0322  0.1671  38.5  74.8
  10..4      1.076  1193.5   447.5  0.1930  0.1676  0.8687 200.1 388.7
   9..1      1.305  1193.5   447.5  0.1930  0.2033  1.0535 242.6 471.5

tree length for dN:       0.7541
tree length for dS:       3.9083


Time used:  0:13
