
seed used = 1418763213
      7   1725

Canis lupus familiaris                     --- --- --- --- --- --- --- --- --- --- --- --- --- --- --- --- --- --- --- --- --- --- --- --- --- --- --- --- --- --- --- --- --- --- --- --- --- --- --- --- --- --- --- --- --- --- --- --- --- --- --- --- --- --- --- --- --- --- --- --- --- --- --- --- --- --- --- --- --- --- --- --- --- --- --- --- --- --- --- --- --- --- --- --- --- --- --- --- --- --- --- --- --- --- --- --- --- --- --- --- --- --- --- --- --- --- --- --- --- --- --- --- --- --- --- --- --- --- --- --- --- --- --- --- --- --- --- --- --- --- --- --- --- --- --- --- --- --- --- --- --- --- --- ATG GCG GTG GCG GCG GCT TCG CTT CGC GGG GCG GTG CTG GGC CCG CGG GGC GCG GGG CTG CCG GGC GCG GGG GCC CGG GGC CTG CTG TGC GGC GCG CGG CTC GGC CAG CTC CCG CTG CGG ACG TCT CAG GCA GTG CCC CTG TCG TCC AAG GCC GGC CCG TCC CGG GGC CGC AAA GTG ATG CTG TCG GCG TTG --- GGC ATG CTG GCG GCG GGG GGC GCG GGG CTC GCC GTG GCT CTG --- --- --- --- CAT TCC GCC GTG AGT GCC AGC GAC --- --- --- --- --- --- --- --- --- --- --- --- --- --- --- --- --- --- --- --- --- --- --- --- --- --- --- --- --- --- --- --- --- --- --- --- --- --- --- --- --- --- --- --- --- --- --- --- --- --- --- --- --- --- --- --- --- --- --- --- --- --- --- --- --- --- --- --- --- --- --- --- --- --- --- --- --- --- --- --- --- --- --- --- --- --- CTG GAG CTG CAC CCC CCC AGC TAC CCG TGG TCC CAC CGC GGC CTC CTG TCT TCC CTG GAC CAC ACC AGC ATC CGG AGG GGC TTC CAG GTA TAT AAG CAG GTG TGC TCC TCC TGC CAC AGC ATG GAC TAT GTG GCC TAC CGC CAC CTG GTG GGG GTC TGC TAC ACC GAA GAT GAA GCC AAG GCG CTG GCT GAG GAG GTG GAG GTT CAG GAC GGC CCC AAT GAG GAT GGA GAG ATG TTC ATG CGG CCA GGG AAG CTC TCC GAC TAT TTC CCC AAA CCA TAC CCC AAC CCT GAG GCC GCC CGA GCA GCC AAT AAC GGA GCA CTG CCC CCT GAC CTC AGC TAC ATC ACT CGA GCT AGG CAC GGT GGT GAG GAC TAC GTC TTC TCC CTG CTA ACC GGC TAC --- TGT GAG CCA CCC ACC GGC GTG TCA CTG CGA GAA GGC CTC TAC TTC AAC CCC TAC TTC CCT GGA CAG GCT ATT GGC ATG GCG CCT CCC ATC TAC GAT GAA GTC CTG GAG TTT GAC GAT GGC ACC CCA GCT ACC ATG TCC CAG GTA GCC AAG GAC GTG TGT ACC TTC CTG CGC TGG GCA TCT GAG CCA GAA CAC GAC CAT CGG AAA CGC ATG GGG CTC AAG ATG TTG ATG ATG ATG GGC TTG CTA TTT CCC CTG ATC TAC GCC ATG AAG CGG CAT AAG TGG TCG GTC CTC AAG AGC CGG AAG CTG GCA TAT CGG --- --- --- --- --- --- --- CCA CCA AAG --- --- --- --- --- --- --- --- 
Mus musculus                               --- --- --- --- --- --- --- --- --- --- --- --- --- --- --- --- --- --- --- --- --- --- --- --- --- --- --- --- --- --- --- --- --- --- --- --- --- --- --- --- --- --- --- --- --- --- --- --- --- --- --- --- --- --- --- --- --- --- --- --- --- --- --- --- --- --- --- --- --- --- --- --- --- --- --- --- --- --- --- --- --- --- --- --- --- --- --- --- --- --- --- --- --- --- --- --- --- --- --- --- --- --- --- --- --- --- --- --- --- --- --- --- --- --- --- --- --- --- --- --- --- --- --- --- --- --- --- --- --- --- --- --- --- --- --- --- --- --- --- --- --- --- --- ATG GCG GCG GCG GCG GCT TCG CTT CGC CGG ACG GTA CTG GGC CCG CGG GGC GTG GGG CTT CCA GGT GCA AGT GCT CCG GGT CTG CTG GGC GGC GCG CGG TCC CGG CAG CTT CCA TTG CGG ACA CCG CAG GCA GTG TCC TTG TCC TCG AAG TCT GGC CCT TCT CGA GGC CGA AAG GTG ATG CTG TCA GCG TTG --- GGC ATG CTG GCC GCG GGG GGT GCA GGG CTA GCT GTG GCC CTT --- --- --- --- CAT TCT GCC GTG AGT GCC AGT GAC --- --- --- --- --- --- --- --- --- --- --- --- --- --- --- --- --- --- --- --- --- --- --- --- --- --- --- --- --- --- --- --- --- --- --- --- --- --- --- --- --- --- --- --- --- --- --- --- --- --- --- --- --- --- --- --- --- --- --- --- --- --- --- --- --- --- --- --- --- --- --- --- --- --- --- --- --- --- --- --- --- --- --- --- --- --- CTG GAG CTG CAC CCC CCC AGC TAC CCA TGG TCT CAT CGT GGC CTC CTC TCC TCC TTG GAC CAC ACC AGC ATT CGG AGG GGT TTC CAG GTA TAC AAG CAG GTG TGC TCT TCC TGC CAC AGC ATG GAT TAT GTG GCG TAC CGC CAC CTG GTG GGA GTG TGC TAC ACG GAG GAA GAA GCC AAG GCG CTG GCT GAG GAG GTG GAG GTC CAG GAT GGC CCT AAT GAT GAT GGG GAG ATG TTC ATG CGG CCA GGG AAG TTG TCT GAC TAT TTT CCA AAA CCA TAC CCT AAC CCT GAG GCT GCA AGA GCT GCT AAC AAT GGA GCT TTA CCC CCT GAC CTC AGC TAC ATC GTT CGA GCT AGG CAT GGT GGT GAG GAC TAC GTA TTT TCC CTG CTC ACT GGC TAC --- TGT GAG CCC CCC ACT GGG GTG TCA TTG CGA GAA GGC CTC TAT TTC AAC CCT TAC TTT CCC GGC CAG GCC ATT GGC ATG GCT CCT CCC ATC TAC ACA GAA GTC TTG GAG TAT GAT GAT GGC ACC CCA GCT ACC ATG TCA CAA GTA GCT AAG GAT GTC GCC ACC TTC CTT CGC TGG GCA TCA GAA CCA GAG CAT GAC CAT CGA AAA CGC ATG GGT CTC AAG ATG TTG TTG ATG ATG GGC CTG CTG CTG CCC CTG ACC TAT GCC ATG AAG CGG CAT AAG TGG TCA GTC CTG AAG AGT CGA AAG CTG GCT TAT CGG --- --- --- --- --- --- --- CCA CCC AAG --- --- --- --- --- --- --- --- 
Danio rerio                                --- --- --- --- --- --- --- --- --- --- --- --- --- --- --- --- --- --- --- --- --- --- --- --- --- --- --- --- --- --- --- --- --- --- --- --- --- --- --- --- --- --- --- --- --- --- --- --- --- --- --- --- --- --- --- --- --- --- --- --- --- --- --- --- --- --- --- --- --- --- --- --- --- --- --- --- --- --- --- --- --- --- --- --- --- --- --- --- --- --- --- --- --- --- --- --- --- --- --- --- --- --- --- --- --- --- --- --- --- --- --- --- --- --- --- --- --- --- --- --- --- --- --- --- --- --- --- --- --- --- --- --- --- --- --- --- --- --- --- --- --- --- --- --- --- --- --- ATG GCG GCG CTC CGT GTG GTC GTG TTC TCC GGT ACC GGG --- --- --- --- --- --- --- --- AGA ACC CTC CTG AAC ACA TCC AAA GCC --- --- --- --- TTT CAT ACT CCA CGG GCC AGT ATG --- --- TCA TTC GCT AGC CTG CCG AAA GGG AAG AAG ATA GCC CTG ACC ACG ATT --- GGG GTG TTG ACG ACA GGA GGA GCT GGT CTG GCT CTG ATG CTG --- --- --- --- CAG CAG TCG GTC AAG GCC TCA GAT --- --- --- --- --- --- --- --- --- --- --- --- --- --- --- --- --- --- --- --- --- --- --- --- --- --- --- --- --- --- --- --- --- --- --- --- --- --- --- --- --- --- --- --- --- --- --- --- --- --- --- --- --- --- --- --- --- --- --- --- --- --- --- --- --- --- --- --- --- --- --- --- --- --- --- --- --- --- --- --- --- --- --- --- --- --- CTG GAG CTG CAC CCG CCG ACA TAC CCC TGG AGC CAT GGT GGC TTT CTG TCC TCC CTC GAC CAT GCC AGC GTT CGT CGT GGA TAT CAG GTA TAT AAA CAG GTC TGC TCG GCC TGT CAC AGT ATG GAG TAT TTG GCT TTC CGT AAC CTG GTA GGA GTT TCA CAC ACA GAG GAC GAG GTC AAG ACT TTG GCT GAA GAG ATT GAA GTT GTT GAT GGT CCT GAC GAC AAC GGA GAG ATG TTC ACT AGA CCT GGA AAA CTG TCC GAT TAT TTC CCC AAA CCA TAT GCC AAC CCT GAG GCT GCC CGT GCT GCC AAC AAC GGC GCT CTG CCC CCT GAC CTC AGC TAT ATT GTC AAC GCC AGG CAT GGA GGC GAA GAT TAC GTG TTT TCT CTT CTG ACG GGT TAT --- TGT GAT CCT CCG GCT GGT GTG TCT TTG AGG GAG GGT CTT TAT TAT AAC CCA TAT TTC CCT GGC CAG GCT ATT GGA ATG GCA CCA CCC ATC TAT AAT GAG GTG CTC GAG TAT GAT GAT GGA ACC CCT GCC ACC ATG AGC CAG GTC GCT AAA GAT GTC TGT ACT TTC CTG AGG TGG GCA GCC GAG CCA GAA CAT GAC GAC CGC AAA CGG ATG GGT CTG AAG GTG TTG TTG GGT GGT GCT CTG CTT ATT CCA TTG ATC TAC TAC ATA AAG AGG CAC AAG TGG TCT GTG TTG AAG AGC AGA AAG ATC GCC TAC AGG --- --- --- --- --- --- --- CCT CCG AAA --- --- --- --- --- --- --- --- 
Bos taurus                                 --- --- --- --- --- --- --- --- --- --- --- --- --- --- --- --- --- --- --- --- --- --- --- --- --- --- --- --- --- --- --- --- --- --- --- --- --- --- --- --- --- --- --- --- --- --- --- --- --- --- --- --- --- --- --- --- --- --- --- --- --- --- --- --- --- --- --- --- --- --- --- --- --- --- --- --- --- --- --- --- --- --- --- --- --- --- --- --- --- --- --- --- --- --- --- --- --- --- --- --- --- --- --- --- --- --- --- --- --- --- --- --- --- --- --- --- --- --- --- --- --- --- --- --- --- --- --- --- --- --- --- --- --- --- --- --- --- --- --- --- --- --- --- ATG GCG GCG GCG GCG GCT ACG CTT CGC GGG GCG ATG GTG GGC CCG CGG GGC GCG GGG CTG CCG GGA GCG CGG GCC CGA GGT CTG CTG TGT GGC GCG CGG CCC GGG CAG CTC CCA CTA CGG ACA CCC CAG GCA GTG TCG TTG TCG TCG AAG TCT GGC CTG TCC CGG GGC CGG AAA GTG ATT CTG TCA GCG CTG --- GGC ATG CTG GCG GCA GGG GGT GCA GGG CTG GCA GTG GCT CTG --- --- --- --- CAT TCT GCC GTG AGT GCT AGT GAC --- --- --- --- --- --- --- --- --- --- --- --- --- --- --- --- --- --- --- --- --- --- --- --- --- --- --- --- --- --- --- --- --- --- --- --- --- --- --- --- --- --- --- --- --- --- --- --- --- --- --- --- --- --- --- --- --- --- --- --- --- --- --- --- --- --- --- --- --- --- --- --- --- --- --- --- --- --- --- --- --- --- --- --- --- --- CTG GAG CTG CAC CCC CCC AGC TAT CCG TGG TCC CAC CGT GGC CTC CTC TCC TCC CTG GAC CAC ACC AGC ATC CGG AGG GGT TTC CAG GTG TAC AAG CAG GTG TGC TCC TCC TGC CAC AGC ATG GAC TAT GTG GCC TAC CGC CAC CTG GTG GGC GTG TGC TAC ACA GAG GAT GAA GCC AAG GCG CTG GCT GAG GAG GTG GAG GTT CAG GAC GGC CCC AAT GAA GAT GGG GAG ATG TTC ATG CGC CCA GGG AAG CTG TCT GAC TAC TTC CCC AAA CCA TAC CCC AAC CCC GAG GCT GCA CGT GCA GCC AAC AAC GGA GCA CTG CCC CCT GAC CTC AGC TAC ATC GTG CGA GCT AGG CAC GGT GGT GAG GAC TAC GTC TTT TCC TTG CTC ACC GGC TAC --- TGT GAG CCG CCC ACT GGG GTG TCG CTG CGA GAA GGC CTC TAC TTC AAC CCT TAT TTT CCT GGC CAG GCC ATT GGC ATG GCC CCT CCA ATC TAC AAT GAG GTC TTG GAG TTT GAT GAT GGC ACC CCA GCT ACC ATG TCC CAG GTA GCC AAG GAT GTG TGT ACC TTC CTG CGC TGG GCA GCT GAA CCA GAA CAC GAC CAT CGC AAA CGC ATG GGG CTT AAG ATG CTG CTG ATG ATG GGC TTG CTT CTG CCC CTG GTC TAC GCC ATG AAG CGG CAT AAG TGG TCA GTC CTC AAG AGC CGA AAG CTG GCC TAT CGG --- --- --- --- --- --- --- CCA CCC AAG --- --- --- --- --- --- --- --- 
Pan troglodytes                            ATG AGT CAA GGG AAT GAA GGA GAA CAG GGT GCT CAG CCT GGG GGC CCA GCC TCC CGC TGT CAC GCG CTG CCT GCG GCC GAG ACC CCT GCC CGC GCC CTC TGC CGG GCT GCC CTC CAA GCC GCC CTT TCT CTG GAG GTC CTC AAC CTG CAG GGG CAC CCT CCA CCC GGC CAT CGC GCA GCC TGG GAA GGT GGA GAA AAG GAG CGT CGG GGT CTC GGA GGC GGC GTG GGA AAC GCC GGG CGG AGC GTG GCG CTG TCA CGG CAA CAG AGA GAC GCG ACG GGG CCC CGC CCC ACC GCC AGT TTC CAC GAC AAC CCA AAG AGT GCC CCG CCC CCA AGC CCG GCC CCG CCC CGC GCT CCC CGG CTT TCG CGA GGT TTT GAC TCT CGT GGC GCC CCA GGG GCC GAC GGG AGT GGC GGC CGC GCG GAG GAG GCC AAG ATG GCG GCA GCT GCG GCT TCG CTT CGC GGG GTA GTG TTG GGC CCG CGG GGT GCG GGG CTC CCG GGC GCG CGT GCC CGG GGT CTG CTG TGC AGC GCG CGG CCC GGG CAG CTC CCG CTA CGG ACA CCT CAG GCA GTG GCC TTG TCG TCG AAG TCT GGC CTT TCC CGA GGC CGG AAA GTG ATG CTG TCA GCG CTG --- GGC ATG CTG GCG GCA GGG GGT GCG GGG CTG GCC GTG GCT CTG --- --- --- --- CAT TCG GCT GTG AGT GCC AGT GAC --- --- --- --- --- --- --- --- --- --- --- --- --- --- --- --- --- --- --- --- --- --- --- --- --- --- --- --- --- --- --- --- --- --- --- --- --- --- --- --- --- --- --- --- --- --- --- --- --- --- --- --- --- --- --- --- --- --- --- --- --- --- --- --- --- --- --- --- --- --- --- --- --- --- --- --- --- --- --- --- --- --- --- --- --- --- CTG GAG CTG CAC CCC CCC AGC TAT CCG TGG TCT CAC CGT GGC CTC CTC TCT TCC TTG GAC CAC ACC AGC ATC CGG AGG GGT TTC CAG GTA TAT AAG CAG GTG TGC GCC TCC TGC CAC AGC ATG GAC TTC GTG GCC TAC CGC CAC CTG GTG GGC GTG TGC TAC ACG GAG GAT GAA GCT AAG GAG CTG GCT GCG GAG GTG GAG GTT CAA GAC GGC CCC AAT GAA GAT GGG GAG ATG TTC ATG CGG CCA GGG AAG CTA TTC GAC TAT TTC CCA AAA CCA TAC CCC AAC AGT GAG GCT GCT CGA GCG GCC AAC AAC GGA GCA TTG CCC CCT GAC CTC AGC TAC ATC GTG CGA GCT AGG CAT GGT GGT GAG GAC TAC GTC TTC TCC CTG CTC ACG GGC TAC --- TGC GAG CCA CCC ACC GGG GTG TCA CTG CGG GAA GGT CTC TAC TTC AAC CCC TAC TTT CCT GGC CAG GCC ATT GCC ATG GCC CCT CCT ATC TAC ACA GAT GTC TTA GAG TTT GAC GAT GGC ACC CCA GCT ACC ATG TCC CAG ATA GCC AAG GAT GTG TGC ACC TTC CTG CGC TGG GCA TCT GAG CCA GAG CAC GAC CAT CGA AAA CGC ATG GGG CTC AAG ATG TTG ATG ATG ATG GCT CTG CTG GTG CCC CTG GTC TAC ACC ATA AAG AGG CAC AAG TGG TCA GTC CTG AAG AGT CGG AAG CTG GCA TAT CGG --- --- --- --- --- --- --- CCG CCC AAG --- --- --- --- --- --- --- --- 
Rattus norvegicus                          --- --- --- --- --- --- --- --- --- --- --- --- --- --- --- --- --- --- --- --- --- --- --- --- --- --- --- --- --- --- --- --- --- --- --- --- --- --- --- --- --- --- --- --- --- --- --- --- --- --- --- --- --- --- --- --- --- --- --- --- --- --- --- --- --- --- --- --- --- --- --- --- --- --- --- --- --- --- --- --- --- --- --- --- --- --- --- --- --- --- --- --- --- --- --- --- --- --- --- --- --- --- --- --- --- --- --- --- --- --- --- --- --- --- --- --- --- --- --- --- --- --- --- --- --- --- --- --- --- --- --- --- --- --- --- --- --- --- --- --- --- --- ATG GCG GCG GCG GCG GCG GCT TCG CTT CGC CGA TCG GTG CTA GGC CCG CGG GGC ATG GGG CTT CCA GGT GCA AGT GCT CCG GGC CTG CTG GGC GGC GCG CGG CCC CGG CAT CTT CCA TTA CGG ACA CCG CAG GCA GTG TCC TTG TCC TCG AAG TCT GGC CCT TCT CGA GGC CGA AAG GTG ATG CTG TCA GCG TTG --- GGC ATG CTG GCA GCA GGG GGT GCA GGG CTA GCT GTG GCC CTT --- --- --- --- CAT TCG GCG GTG AGT GCC AGT GAC --- --- --- --- --- --- --- --- --- --- --- --- --- --- --- --- --- --- --- --- --- --- --- --- --- --- --- --- --- --- --- --- --- --- --- --- --- --- --- --- --- --- --- --- --- --- --- --- --- --- --- --- --- --- --- --- --- --- --- --- --- --- --- --- --- --- --- --- --- --- --- --- --- --- --- --- --- --- --- --- --- --- --- --- --- --- CTG GAG CTG CAC CCC CCC AGC TAC CCA TGG TCT CAC CGT GGC CTC CTC TCC TCC TTG GAC CAC ACC AGC ATT CGT AGG GGT TTC CAG GTA TAC AAG CAG GTG TGC TCT TCC TGC CAC AGC ATG GAT TAT GTG GCT TAC CGC CAC CTG GTG GGA GTG TGC TAC ACG GAG GAA GAA GCT AAG GCG CTG GCT GAG GAG GTG GAG GTC CAG GAT GGC CCT AAT GAG GAT GGG AAT ATG TTC ATG CGG CCA GGG AAG CTG TCT GAC TAT TTT CCA AAA CCA TAC CCC AAC CCT GAG GCT GCA AGA GCT GCT AAC AAT GGA GCT TTA CCC CCT GAC CTC AGC TAC ATC GTT CGA GCA AGG CAC GGT GGT GAG GAC TAT GTG TTT TCC TTG CTC ACT GGC TAC --- TGT GAA CCT CCC ACT GGG GTG TCA TTG CGA GAA GGC CTC TAT TTC AAC CCT TAC TTT CCT GGC CAG GCC ATT GGC ATG GCT CCT CCC ATC TAC ACA GAA GTC TTG GAG TAT GAC GAT GGT ACC CCA GCT ACC ATG TCA CAA GTA GCC AAG GAT GTT GCC ACC TTC CTT CGC TGG GCA TCA GAG CCA GAG CAT GAC CAT CGA AAA CGC ATG GGA CTC AAG ATG TTG TTG ATG ATG GGC TTG CTG CTG CCC CTG ACC TAT GCC ATG AAG CGG CAT AAG TGG TCA GTC CTG AAG AGT CGA AAG CTG GCT TAT CGG --- --- --- --- --- --- --- CCA CCC AAG --- --- --- --- --- --- --- --- 
Homo sapiens                               --- --- --- --- --- --- --- --- --- --- --- --- --- --- --- --- --- --- --- --- --- --- --- --- --- --- --- --- --- --- --- --- --- --- --- --- --- --- --- --- --- --- --- --- --- --- --- --- --- --- --- --- --- --- --- --- --- --- --- --- --- --- --- --- --- --- --- --- --- --- --- --- --- --- --- --- --- --- --- --- --- --- --- --- --- --- --- --- --- --- --- --- --- --- --- --- --- --- --- --- --- --- --- --- --- --- --- --- --- --- --- --- --- --- --- --- --- --- --- --- --- --- --- --- --- --- --- --- --- --- --- --- --- --- --- --- --- --- --- --- --- --- --- ATG GCG GCA GCT GCG GCT TCG CTT CGC GGG GTA GTG TTG GGC CCG CGG GGC GCG GGG CTC CCG GGC GCG CGT GCC CGG GGT CTG CTG TGC AGC GCG CGT CCC GGG CAG CTC CCG CTA CGG ACA CCT CAG GCA GTG GCC TTG TCG TCG AAG TCT GGC CTT TCC CGA GGC CGG AAA GTG ATG CTG TCA GCG CTG --- GGC ATG CTG GCG GCA GGG GGT GCG GGG CTG GCC GTG GCT CTG --- --- --- --- CAT TCG GCT GTG AGT GCC AGT GAC --- --- --- --- --- --- --- --- --- --- --- --- --- --- --- --- --- --- --- --- --- --- --- --- --- --- --- --- --- --- --- --- --- --- --- --- --- --- --- --- --- --- --- --- --- --- --- --- --- --- --- --- --- --- --- --- --- --- --- --- --- --- --- --- --- --- --- --- --- --- --- --- --- --- --- --- --- --- --- --- --- --- --- --- --- --- CTG GAG CTG CAC CCC CCC AGC TAT CCG TGG TCT CAC CGT GGC CTC CTC TCT TCC TTG GAC CAC ACC AGC ATC CGG AGG GGT TTC CAG GTA TAT AAG CAG GTG TGC GCC TCC TGC CAC AGC ATG GAC TTC GTG GCC TAC CGC CAC CTG GTG GGC GTG TGC TAC ACG GAG GAT GAA GCT AAG GAG CTG GCT GCG GAG GTG GAG GTT CAA GAC GGC CCC AAT GAA GAT GGG GAG ATG TTC ATG CGG CCA GGG AAG CTG TTC GAC TAT TTC CCA AAA CCA TAC CCC AAC AGT GAG GCT GCT CGA GCT GCC AAC AAC GGA GCA TTG CCC CCT GAC CTC AGC TAC ATC GTG CGA GCT AGG CAT GGT GGT GAG GAC TAC GTC TTC TCC CTG CTC ACG GGC TAC --- TGC GAG CCA CCC ACC GGG GTG TCA CTG CGG GAA GGT CTC TAC TTC AAC CCC TAC TTT CCT GGC CAG GCC ATT GCC ATG GCC CCT CCC ATC TAC ACA GAT GTC TTA GAG TTT GAC GAT GGC ACC CCA GCT ACC ATG TCC CAG ATA GCC AAG GAT GTG TGC ACC TTC CTG CGC TGG GCA TCT GAG CCA GAG CAC GAC CAT CGA AAA CGC ATG GGG CTC AAG ATG TTG ATG ATG ATG GCT CTG CTG GTG CCC CTG GTC TAC ACC ATA AAG CGG CAC AAG TGG TCA GTC CTG AAG AGT CGG AAG CTG GCA TAT CGG --- --- --- --- --- --- --- CCG CCC AAG --- --- --- --- --- --- --- --- 



Printing out site pattern counts


         7       1023  P G
G 2      246     95

Canis lupus familiaris                      --- --- --- --- --- --- --- --- --- --- --- --- --- --- --- --- --- --- --- --- --- --- --- --- --- --- --- --- --- --- --- --- --- --- --- --- --- --- --- --- --- --- --- --- --- --- --- --- AAA AAA AAC AAG AAG AAG ACC ACC ACC ACC ACG AGC AGC AGC AGT ATC ATC ATG ATG ATG ATG ATG ATG ATG ATT CAC CAC CAC CAC CAG CAG CAG CAG CAT CAT CAT CCA CCA CCA CCA CCA CCC CCC CCC CCC CCC CCG CCG CCG CCG CCG CCT CCT CGA CGC CGC CGC CGC CGC CGG CGG CGG CGG CGG CGG CGG CGG CGG CTA CTA CTC CTC CTC CTC CTC CTC CTC CTG CTG CTG CTG CTG CTG CTG CTG CTG CTG CTG CTG CTG CTG CTT GAA GAA GAA GAC GAC GAC GAC GAG GAG GAG GAT GAT GCA GCA GCA GCC GCC GCC GCC GCC GCC GCC GCG GCG GCG GCG GCG GCG GCG GCG GCG GCG GCG GCG GCT GCT GCT GCT GGA GGC GGC GGC GGC GGC GGC GGC GGC GGC GGC GGC GGC GGC GGC GGC GGC GGG GGG GGG GGG GGG GGG GTA GTC GTC GTG GTG GTG GTG GTG GTG GTG GTG TAC TAC TAC TAC TAC TAT TCA TCC TCC TCC TCC TCC TCC TCC TCG TCG TCG TCG TCT TCT TCT TGC TGG TGT TGT TTC TTC TTC TTC TTG TTG TTG TTT TTT AAA AAC AAC AAG AAG AAT AAT ACC ACC ACT AGC AGC AGG AGG ATC ATC ATG ATG CAC CAC CAC CAG CAG CCA CCA CCC CCC CCC CCC CCT CCT CGA CGA CGC CGG CGG CTC CTC CTG CTG CTG GAA GAA GAC GAC GAC GAC GAG GAG GAG GAG GAG GAT GAT GCA GCA GCC GCC GCC GCC GCC GCG GCT GCT GGA GGA GGC GGC GGG GGG GGT GGT GTA GTC GTG GTG GTG GTG GTT TAC TAC TAC TAC TAT TAT TAT TCC TCC TCC TGC TGC TGC TTC TTC TTC
Mus musculus                                --- --- --- --- --- --- --- --- --- --- --- --- --- --- --- --- --- --- --- --- --- --- --- --- --- --- --- --- --- --- --- --- --- --- --- --- --- --- --- --- --- --- --- --- --- --- --- --- AAA AAG AAC AAG AAG AAG ACC ACC ACT ACT ACA AGC AGT AGT AGT ACC ATC ATG ATG ATG ATG ATG ATG TTG ATT CAC CAC CAT CAT CAA CAG CAG CAG CAT CAT CAT CCA CCA CCA CCC CCC CCC CCC CCC CCT TCC CCA CCA CCA CCG CCT CCC CCT CGA CGA CGC CGC CGC CGT CCG CGA CGA CGA CGG CGG CGG CGG CGG CTC CTG CTA CTC CTC CTC CTG CTT TCC CTC CTG CTG CTG CTG CTG CTG CTT CTT TTG TTG TTG TTG TTG CTT GAA GAA GAG GAC GAC GAT GAT GAA GAG GAG ACA GAT GCA GCA GCT GCC GCC GCC GCT GCT GCT TCT ACG GCA GCA GCC GCG GCG GCG GCG GCG GCG GCT GTG GCC GCC GCT GCT GGC CGG GGC GGC GGC GGC GGC GGC GGC GGC GGC GGC GGC GGG GGT GGT GGT AGT CGG GGG GGG GGG GGT GTA GTA GTC GCG GTA GTC GTG GTG GTG GTG GTG TAC TAC TAC TAT TAT TAT TCA TCA TCC TCC TCG TCT TCT TCT TCA TCA TCC TCG CCG TCA TCC GGC TGG GCC TGT TTC TTC TTT TTT CTG TTG TTG CTG TAT AAA AAC AAT AAG AAG AAC AAT ACC ACG GTT AGC AGC AGG AGG ATC ATT ATG ATG CAC CAC CAT CAG CAG CCA CCA CCA CCC CCT CCT CCT CCT AGA CGA CGC CGG CGG CTC TTG CTG CTG TTA GAA GAG GAC GAC GAT GAT GAG GAG GAG GAG GAT GAA GAT GCT GCT GCA GCC GCG GCT GCT GCG GCT GCT GGA GGG GGC GGT GGA GGG GGT GGT GTA GTG GTG GTG GTG GTG GTC TAC TAC TAC TAC TAC TAT TAT TCC TCT TCT TGC TGC TGC TTC TTC TTT
Danio rerio                                 --- --- --- --- --- --- --- --- --- --- --- --- --- --- --- --- --- --- --- --- --- --- --- --- --- --- --- --- --- --- --- --- --- --- --- --- --- --- --- --- --- --- --- --- --- --- --- --- AAA AAG AAC AAA AAG TTC ACC ACT ACG GCT ACT ACA AGC TCA AAG ATC ATC --- ATA ATG GCC GGT GTG TTG ATT CAC CAT CAT CAT CAG --- CAG CGG CAC CAG GAC CCA CCT CCT CCG CCT CCA CCC CCG CCA ATG --- --- CCC GGT CTG CCT CCA AGG AAG AGG CGG CGT GGT AGA AAA AGA CGC AAA ACC AGG AGG CAT CTG CTT CTG CTG CTT TTT TTG --- GCC CTG ATC CTC CTG CTT TTC TTG --- CTG --- CTC CTC TTG TTT CTC GAG GAG GAA GAC GAT GAT GAT GAG GAG GAT AAT GAT GCA GCC GCC GCC TAC TCG --- GCT GCT GCT GTC --- GCT ACG --- --- ACA ACG ATG TCC GCA --- ATG GCT GCC GCG GGC --- ACA AGC GCT GGA GGA GGC GGG GGG GGT GGT TCC GGT --- ACC GGA --- GTG --- GGA GGT GGT GTC GTG GTG --- GTG GTC AGT ATA CTG GTC GTG TAC TAT TAT TAC TAT TAC TCT AGC TCC TCT TCA AGC CAG CCG ACC TCT --- GCG CCA GCC TCC AAC TGG TGT TGT TAT TTC TTC TTT CTG ATT TTG ATT TAT AAA AAC AAC AAA AAG AAC GAC GCC ACA GTC AGC AGT AGG CGT ATT GTT ACT ATG AAC CAC CAT CAG GTT CCA CCT CCC CCC CCT GCC CCT CCT CGT AAC CGT AGA CGT CTC CTG CTG TTG CTG GAG GAG GAC GAT GAG GAT GAA GAA GAG GAG GAC GAC AAC GCT GCT GCC GTC GCT GCC GCT ACT GCC GCT GGC GGA GGT GGA GGA GGA GGA GGC GTA GTT ATT GTA GTC TTG GTT CAC TAC TAT TTC TAT TAT TAT GCC TCC TCG TCA TGC TGT TAT TTC TTC
Bos taurus                                  --- --- --- --- --- --- --- --- --- --- --- --- --- --- --- --- --- --- --- --- --- --- --- --- --- --- --- --- --- --- --- --- --- --- --- --- --- --- --- --- --- --- --- --- --- --- --- --- AAA AAA AAC AAG AAG AAG ACC ACC ACC ACT ACA AGC AGC AGT AGT GTC ATC ATG ATG ATG ATT ATG ATG CTG ATT CAC CAC CAC CAC CAG CAG CAG CAG CAT CAT CAT CCA CCA CCA CCC CCG CCC CCA CCC CCT TCG CCA CCG CCG CCG CTG CCT CCT CGA CGG CGC CGC CGC CGT CGA CGG CGA CGC CGG CGG CGG CGG CGG CTC CTT CTG CTT CTC CTC CTC CTC CCC CTC CTG CTG CTG TTG GTG CTG CTG CTG TTG CTG TTG CTG CTA CTT GAA GAG GAA GAC GAC GAT GAT GAA GAG GAG AAT GAT GCA GCA GCC GCT GCC GCC GCC GCA GCC TCT GCG GCG GCA GCG GCG GCG GCA GCG GCG GCG GCC GCG GCT GCC GCT GCT GGC GGG GGC GGC GGC GGC GGC GGC GGC GGC GGC GGC GGC GGG GGA GGT GGT CGG GGG GGG GGG GGG GGG GTA GTC GTC GCG ATG GTG GTG GTG GTG GTG GTG TAT TAC TAT TAC TAC TAT TCG TCC TCC TCC TCG TCC TCT TCC TCA TCA TCG ACG CCC GCT TCC TGT TGG TGT TGT TTC TTC TTT TTT TTG CTG CTG CTG TTT AAA AAC AAC AAG AAG AAC AAT ACC ACA GTG AGC AGC AGG AGG ATC ATC ATG ATG CAC CAC CAC CAG CAG CCA CCA CCC CCC CCC CCC CCC CCT CGT CGA CGC CGC CGG CTC CTG CTG CTG CTG GAA GAG GAC GAC GAC GAC GAG GAG GAG GAG GAA GAT GAT GCA GCA GCA GCC GCC GCC GCT GCG GCT GCT GGA GGG GGC GGT GGC GGG GGT GGT GTG GTG GTG GTG GTG GTG GTT TAC TAC TAC TAC TAC TAC TAT TCC TCT TCC TGC TGC TGC TTC TTC TTC
Pan troglodytes                             --- AAC AAG AAG AAT ACC ACG AGA AGC AGT ATG CAA CAC CAG CAT CCA CCC CCG CCT CGA CGC CGG CGT CTC CTG CTT GAA GAC GAG GCA GCC GCG GCT GGA GGC GGG GGT GTC GTG TCA TCC TCG TCT TGC TGG TGT TTC TTT AAA AAA AAC AAG AAG AAG ACC ACC ACG ACC ACA AGC AGT AGT AGT GTC ATC ATG ATA ATG ATG ATG ATG ATG ATT CAC CAC CAC CAC CAG CAG CAG CAG CAC CAT CAT CCA CCA CCG CCC CCA CCC CCT CCC CCC GCC CCG CCG CCG CCG CTT CCT CCT CGG CGG CGC CGC CGC CGT CGG CGA CGG CGA CGG CGG AGG CGG CGG CTC CTG CTG CTC CTC CTC CTG CTC CCC CTC CTG CTG CTG CTG TTG CTG CTC CTG TTG TTG TTA CTG CTA CTT GAA GAT GAG GAC GAC GAC GAT GAG GAG GAG ACA GAT GCA GCA GCA GCC ACC GCT GCC GCC GCC TCT GTA GCG GCG GCG GCG GCT GCA GCG GCG GCG GCC GCG GCT GCC GCT GCT GGC GGG AGC GGC GCT GCC GGC GGC GGC GGT GGC GGT GGC GGG GGC GGT GGT CGT GGG GGG GGG GGG GGG ATA GTC GTC GCA GTG GTG GTG GTG GTG GTG GTG TAT TAC TAC TAC TAC TAT TCA TCC TCC TCC TCG TCT TCG TCC TCA TCA TCG TCG CCT TCT TCT TGC TGG TGC TGC TTC TTC TTT TTC CTG CTG TTG GTG TTT AAA AAC AAC AAG AAG AAC AAT ACC ACG GTG AGC AGC AGG AGG ATC ATC ATG ATG CAC CAC CAT CAG CAA CCA CCA CCA CCC CCC CCC AGT CCT CGA CGA CGC CGG CGG CTC CTA CTG CTG TTG GAA GAG GAC GAC GAC GAC GAG GCG GAG GAG GAA GAT GAT GCA GCG GCT GCT GCC GCC GCT GAG GCT GCT GGA GGG GGC GGT GGC GGG GGT GGT GTA GTG GTG GTG GTG GTG GTT TAC TAC TAC TAC TAT TAT TTC TCC TTC GCC TGC TGC TGC TTC TTC TTC
Rattus norvegicus                           --- --- --- ATG --- --- --- --- --- --- --- --- --- --- --- --- --- --- --- --- --- --- --- --- --- --- --- --- --- --- --- --- --- --- --- --- --- --- --- --- --- --- --- --- --- --- --- --- AAA AAG AAC AAG AAG AAG ACC ACC ACT ACT ACA AGC AGT AGT AGT ACC ATC GCG ATG ATG ATG ATG ATG TTG ATT CAC CAC CAC CAT CAA CAT CAG CAG CAT CAT CAT CCA CCA CCA CCC CCT CCC CCC CCC CCT TCC CCA CCA CCA CCG CCT CCT CCT CGA CGA CGC CGC CGC CGT CCG CGA CGA CGA CGG CGG CGG CGG CGG CTC CTG CTA CTC CTC CTC CTG CTT CCC CTC CTG CTG CTG TTG CTA CTG CTT CTT TTG TTG TTG TTG TTA CTT GAA GAA GAG GAC GAC GAC GAT GAG GAG GAA ACA GAT GCA GCA GCT GCC GCC GCG GCT GCT GCC TCT TCG GCA GCA GCA GCG GCG GCA GCG GCG GCG GCT ATG GCC GCC GCT GCT GGC CGG GGC GGC GGC GGC GGT GGC GGC GGC GGC GGC GGC GGG GGT GGC GGT AGT CGA GGG GGG GGG GGA GTA GTG GTC GCG GTG GTT GTG GTG GTG GTG GTG TAC TAC TAC TAT TAT TAT TCA TCA TCC TCC TCG TCT TCG TCT TCA TCA TCC TCG CCG TCA TCC GGC TGG GCC TGT TTC TTC TTT TTT TTG TTG TTG CTG TAT AAA AAC AAT AAG AAG AAC AAT ACC ACG GTT AGC AGC AGG AGG ATC ATT ATG ATG CAC CAC CAC CAG CAG CCA CCA CCA CCC CCT CCC CCT CCT AGA CGA CGC CGG CGT CTC CTG CTG CTG TTA GAA GAG GAC GAC GAT GAT GAG GAG AAT GAG GAG GAA GAT GCT GCT GCA GCT GCT GCT GCT GCG GCA GCT GGA GGG GGC GGT GGA GGG GGT GGT GTA GTG GTG GTG GTG GTG GTC TAC TAT TAC TAC TAC TAT TAT TCC TCT TCT TGC TGC TGC TTC TTC TTT
Homo sapiens                                --- --- --- --- --- --- --- --- --- --- --- --- --- --- --- --- --- --- --- --- --- --- --- --- --- --- --- --- --- --- --- --- --- --- --- --- --- --- --- --- --- --- --- --- --- --- --- --- AAA AAA AAC AAG AAG AAG ACC ACC ACG ACC ACA AGC AGT AGT AGT GTC ATC ATG ATA ATG ATG ATG ATG ATG ATT CAC CAC CAC CAC CAG CAG CAG CAG CAC CAT CAT CCA CCA CCG CCC CCA CCC CCC CCC CCC GCC CCG CCG CCG CCG CTT CCT CCT CGG CGG CGC CGC CGC CGT CGG CGA CGG CGA CGT CGG CGG CGG CGG CTC CTG CTG CTC CTC CTC CTG CTC CCC CTC CTG CTG CTG CTG TTG CTG CTC CTG TTG TTG TTA CTG CTA CTT GAA GAT GAG GAC GAC GAC GAT GAG GAG GAG ACA GAT GCA GCA GCA GCC ACC GCT GCC GCC GCC TCT GTA GCG GCG GCG GCG GCT GCA GCG GCG GCG GCC GCG GCT GCC GCT GCT GGC GGG AGC GGC GCT GCC GGC GGC GGC GGC GGC GGT GGC GGG GGC GGT GGT CGT GGG GGG GGG GGG GGG ATA GTC GTC GCA GTG GTG GTG GTG GTG GTG GTG TAT TAC TAC TAC TAC TAT TCA TCC TCC TCC TCG TCT TCG TCC TCA TCA TCG TCG CCT TCT TCT TGC TGG TGC TGC TTC TTC TTT TTC CTG CTG TTG GTG TTT AAA AAC AAC AAG AAG AAC AAT ACC ACG GTG AGC AGC AGG AGG ATC ATC ATG ATG CAC CAC CAT CAG CAA CCA CCA CCA CCC CCC CCC AGT CCT CGA CGA CGC CGG CGG CTC CTG CTG CTG TTG GAA GAG GAC GAC GAC GAC GAG GCG GAG GAG GAA GAT GAT GCA GCT GCT GCT GCC GCC GCT GAG GCT GCT GGA GGG GGC GGT GGC GGG GGT GGT GTA GTG GTG GTG GTG GTG GTT TAC TAC TAC TAC TAT TAT TTC TCC TTC GCC TGC TGC TGC TTC TTC TTC



  107    3    2    1    1    2    1    1    2    4    1    3    3    4    1
    5    6    3    4    1    6    5    2    4    4    2    4    4    5    1
   15    5    3    4    7    7    4    1    2    1    1    1    2    1    1
    1    1    1    1    1    1    2    5    1    2    1    1    1    1    1
    1    1    1    1    1    1    1    3    1    2    2    1    1    1    1
    1    1    1    1    1    1    1    1    1    1    1    1    1    1    1
    1    3    1    1    1    1    1    1    1    1    1    1    1    1    1
    1    1    1    1    1    1    1    1    1    1    1    1    1    1    1
    1    1    1    1    1    1    1    1    4    1    1    2    1    2    1
    1    1    1    1    1    1    1    1    2    1    1    1    1    2    1
    1    1    1    1    1    1    1    1    1    1    1    1    1    1    1
    1    1    1    1    1    1    1    1    1    1    1    1    1    1    1
    1    1    1    1    1    1    2    1    1    1    1    1    1    1    1
    1    1    1    1    1    1    1    1    2    1    1    1    1    1    1
    1    1    1    2    1    1    1    1    1    1    1    1    1    1    1
    1    1    1    1    1    1    1    1    1    3    1    1    1    1    1
    1    1    1    1    1    1    1    1    1    2    1    1    1    1    1
    1    2    1    1    1    1    1    1    2    1    1    1    2    1    1
    1    1    1    1    1    1    1    1    1    1    1    1    1    1    1
    1    1    1    1    1    2    1    1    2    1    1    2    1    1    1
    1    1    1    1    1    1    1    1    1    1    1    1    1    1    1
    1    1    1    1    1    1    1    1    1    1    1    1    2    1    1
    1    1    1    1    1    1    1    1    1    1    1

CODONML (in paml version 4.4b, July 2010)  torun.nuc
Model: One dN/dS ratio for branches Global clock  (2 genes: diff. rate & k&w)  
Codon frequency model: F3x4
ns =   7  ls = 575

Codon usage in sequences
--------------------------------------------------------------------------------------------------------------
Phe TTT  2  3  3  3  3  3 | Ser TCT  3  6  3  3  6  5 | Tyr TAT  4  6 12  4  4  7 | Cys TGT  2  1  3  3  1  1
    TTC  7  4  7  5  9  4 |     TCC 10  7  5  8  6  6 |     TAC 11 10  5 11 10  9 |     TGC  4  3  1  3  7  3
Leu TTA  0  1  0  0  1  2 |     TCA  1  5  3  2  4  5 | *** TAA  0  0  0  0  0  0 | *** TGA  0  0  0  0  0  0
    TTG  3  9  8  4  5  9 |     TCG  4  2  2  4  5  4 |     TAG  0  0  0  0  0  0 | Trp TGG  3  3  3  3  4  3
--------------------------------------------------------------------------------------------------------------
Leu CTT  1  5  3  3  4  5 | Pro CCT  4  7  8  4  9  8 | His CAT  3  6  5  3  4  5 | Arg CGT  0  1  5  2  4  2
    CTC  9  6  5  7 12  6 |     CCC 11  9  4 12 16  9 |     CAC  7  4  4  7 10  6 |     CGC  6  4  1  6 10  4
    CTA  2  1  0  1  2  2 |     CCA  7  9  6  7 11  9 | Gln CAA  0  1  0  0  4  1 |     CGA  3  6  0  4  5  7
    CTG 22 16 16 23 23 14 |     CCG  5  3  5  4  8  3 |     CAG  7  6  6  7 10  5 |     CGG 11  9  2  9 15  7
--------------------------------------------------------------------------------------------------------------
Ile ATT  1  2  5  2  1  2 | Thr ACT  1  2  4  1  0  2 | Asn AAT  2  2  1  2  2  3 | Ser AGT  1  4  2  2  8  4
    ATC  4  2  3  3  3  2 |     ACC  7  5  5  5  8  5 |     AAC  3  3  8  4  7  3 |     AGC  6  4  6  5  7  4
    ATA  0  0  2  0  2  0 |     ACA  0  2  4  2  2  2 | Lys AAA  3  2  8  3  3  2 | Arg AGA  0  1  3  0  1  1
Met ATG 14 13  8 13 14 14 |     ACG  1  2  3  1  3  1 |     AAG 11 12  9 11 14 12 |     AGG  2  2  5  2  3  2
--------------------------------------------------------------------------------------------------------------
Val GTT  1  1  4  1  1  2 | Ala GCT  6 13 12  8 14 13 | Asp GAT  4  7  8  5  5  5 | Gly GGT  2  7 10  5 11  6
    GTC  4  4  7  4  5  3 |     GCC 12  8 13 10 26  6 |     GAC 10  6  7  8 13  7 |     GGC 19 15  4 15 18 15
    GTA  2  4  2  1  2  2 |     GCA  5  5  2  8  7  8 | Glu GAA  5  5  4  5  7  5 |     GGA  3  2  9  2  5  3
    GTG 12 11  8 14 16 12 |     GCG 13  9  2 11 15  9 |     GAG 11 11 11 11 17 11 |     GGG  8  6  3  9 16  6
--------------------------------------------------------------------------------------------------------------

--------------------------------------------------
Phe TTT  2 | Ser TCT  4 | Tyr TAT  4 | Cys TGT  0
    TTC  8 |     TCC  5 |     TAC 10 |     TGC  6
Leu TTA  1 |     TCA  3 | *** TAA  0 | *** TGA  0
    TTG  5 |     TCG  4 |     TAG  0 | Trp TGG  3
--------------------------------------------------
Leu CTT  2 | Pro CCT  4 | His CAT  3 | Arg CGT  3
    CTC  8 |     CCC 11 |     CAC  7 |     CGC  4
    CTA  1 |     CCA  6 | Gln CAA  1 |     CGA  4
    CTG 20 |     CCG  5 |     CAG  6 |     CGG 10
--------------------------------------------------
Ile ATT  1 | Thr ACT  0 | Asn AAT  1 | Ser AGT  4
    ATC  3 |     ACC  6 |     AAC  4 |     AGC  5
    ATA  2 |     ACA  2 | Lys AAA  3 | Arg AGA  0
Met ATG 13 |     ACG  2 |     AAG 11 |     AGG  2
--------------------------------------------------
Val GTT  1 | Ala GCT 12 | Asp GAT  5 | Gly GGT  6
    GTC  4 |     GCC 11 |     GAC  9 |     GGC 12
    GTA  2 |     GCA  6 | Glu GAA  3 |     GGA  1
    GTG 14 |     GCG  9 |     GAG 12 |     GGG  9
--------------------------------------------------

Codon position x base (3x4) table for each sequence.

#1: Canis lupus familiaris
position  1:    T:0.16615    C:0.30154    A:0.17231    G:0.36000
position  2:    T:0.25846    C:0.27692    A:0.24923    G:0.21538
position  3:    T:0.11385    C:0.40000    A:0.09538    G:0.39077
Average         T:0.17949    C:0.32615    A:0.17231    G:0.32205

#2: Mus musculus   
position  1:    T:0.18462    C:0.28615    A:0.17846    G:0.35077
position  2:    T:0.25231    C:0.28923    A:0.24923    G:0.20923
position  3:    T:0.22462    C:0.28923    A:0.13538    G:0.35077
Average         T:0.22051    C:0.28821    A:0.18769    G:0.30359

#3: Danio rerio    
position  1:    T:0.17915    C:0.22801    A:0.24756    G:0.34528
position  2:    T:0.26384    C:0.26384    A:0.28664    G:0.18567
position  3:    T:0.28664    C:0.27687    A:0.14007    G:0.29642
Average         T:0.24321    C:0.25624    A:0.22476    G:0.27579

#4: Bos taurus     
position  1:    T:0.16308    C:0.30462    A:0.17231    G:0.36000
position  2:    T:0.25846    C:0.27692    A:0.24923    G:0.21538
position  3:    T:0.15692    C:0.34769    A:0.10769    G:0.38769
Average         T:0.19282    C:0.30974    A:0.17641    G:0.32103

#5: Pan troglodytes
position  1:    T:0.13889    C:0.31410    A:0.16667    G:0.38034
position  2:    T:0.22009    C:0.29915    A:0.23504    G:0.24573
position  3:    T:0.16453    C:0.35684    A:0.11966    G:0.35897
Average         T:0.17450    C:0.32336    A:0.17379    G:0.32835

#6: Rattus norvegicus
position  1:    T:0.18712    C:0.28528    A:0.18098    G:0.34663
position  2:    T:0.25153    C:0.29141    A:0.24847    G:0.20859
position  3:    T:0.22393    C:0.28221    A:0.15031    G:0.34356
Average         T:0.22086    C:0.28630    A:0.19325    G:0.29959

#7: Homo sapiens   
position  1:    T:0.16923    C:0.29231    A:0.18154    G:0.35692
position  2:    T:0.26769    C:0.27692    A:0.24308    G:0.21231
position  3:    T:0.16000    C:0.34769    A:0.10769    G:0.38462
Average         T:0.19897    C:0.30564    A:0.17744    G:0.31795

Codon usage in genes
--------------------------------------------------------------
Phe TTT 17  2 | Ser TCT 25  5 | Tyr TAT 22 19 | Cys TGT 10  1
    TTC 21 23 |     TCC 37 10 |     TAC 32 34 |     TGC  8 19
Leu TTA  3  2 |     TCA 22  1 | *** TAA  0  0 | *** TGA  0  0
    TTG 38  5 |     TCG 24  1 |     TAG  0  0 | Trp TGG 22  0
--------------------------------------------------------------
Leu CTT 23  0 | Pro CCT 28 16 | His CAT 25  4 | Arg CGT 11  6
    CTC 45  8 |     CCC 52 20 |     CAC 28 17 |     CGC 28  7
    CTA  8  1 |     CCA 38 17 | Gln CAA  5  2 |     CGA 20  9
    CTG 114 20 |     CCG 33  0 |     CAG 29 18 |     CGG 53 10
--------------------------------------------------------------
Ile ATT 10  4 | Thr ACT  7  3 | Asn AAT  3 10 | Ser AGT 22  3
    ATC 10 10 |     ACC 34  7 |     AAC 11 21 |     AGC 17 20
    ATA  6  0 |     ACA 12  2 | Lys AAA 15  9 | Arg AGA  3  3
Met ATG 69 20 |     ACG  9  4 |     AAG 61 19 |     AGG  5 13
--------------------------------------------------------------
Val GTT  1 10 | Ala GCT 44 34 | Asp GAT 21 18 | Gly GGT 29 18
    GTC 25  6 |     GCC 65 21 |     GAC 30 30 |     GGC 86 12
    GTA  8  7 |     GCA 31 10 | Glu GAA 19 15 |     GGA 11 14
    GTG 54 33 |     GCG 60  8 |     GAG 36 48 |     GGG 45 12
--------------------------------------------------------------

Codon position x base (3x4) table for each gene.


Gene #1
position  1:    T:0.16726    C:0.32143    A:0.17500    G:0.33631
position  2:    T:0.26905    C:0.31012    A:0.20060    G:0.22024
position  3:    T:0.17738    C:0.31488    A:0.11964    G:0.38810
Average         T:0.20456    C:0.31548    A:0.16508    G:0.31488

Gene #2
position  1:    T:0.16921    C:0.21498    A:0.20527    G:0.41054
position  2:    T:0.20943    C:0.22053    A:0.36616    G:0.20388
position  3:    T:0.21221    C:0.36755    A:0.12760    G:0.29265
Average         T:0.19695    C:0.26768    A:0.23301    G:0.30236

Sums of codon usage counts
------------------------------------------------------------------------------
Phe F TTT      19 | Ser S TCT      30 | Tyr Y TAT      41 | Cys C TGT      11
      TTC      44 |       TCC      47 |       TAC      66 |       TGC      27
Leu L TTA       5 |       TCA      23 | *** * TAA       0 | *** * TGA       0
      TTG      43 |       TCG      25 |       TAG       0 | Trp W TGG      22
------------------------------------------------------------------------------
Leu L CTT      23 | Pro P CCT      44 | His H CAT      29 | Arg R CGT      17
      CTC      53 |       CCC      72 |       CAC      45 |       CGC      35
      CTA       9 |       CCA      55 | Gln Q CAA       7 |       CGA      29
      CTG     134 |       CCG      33 |       CAG      47 |       CGG      63
------------------------------------------------------------------------------
Ile I ATT      14 | Thr T ACT      10 | Asn N AAT      13 | Ser S AGT      25
      ATC      20 |       ACC      41 |       AAC      32 |       AGC      37
      ATA       6 |       ACA      14 | Lys K AAA      24 | Arg R AGA       6
Met M ATG      89 |       ACG      13 |       AAG      80 |       AGG      18
------------------------------------------------------------------------------
Val V GTT      11 | Ala A GCT      78 | Asp D GAT      39 | Gly G GGT      47
      GTC      31 |       GCC      86 |       GAC      60 |       GGC      98
      GTA      15 |       GCA      41 | Glu E GAA      34 |       GGA      25
      GTG      87 |       GCG      68 |       GAG      84 |       GGG      57
------------------------------------------------------------------------------

(Ambiguity data are not used in the counts.)


Codon position x base (3x4) table, overall

position  1:    T:0.16785    C:0.28946    A:0.18409    G:0.35860
position  2:    T:0.25115    C:0.28322    A:0.25031    G:0.21533
position  3:    T:0.18784    C:0.33070    A:0.12203    G:0.35943
Average         T:0.20228    C:0.30112    A:0.18548    G:0.31112


Nei & Gojobori 1986. dN/dS (dN, dS)
(Pairwise deletion)
(Note: This matrix is not used in later ML. analysis.
Use runmode = -2 for ML pairwise comparison.)

Canis lupus familiaris
Mus musculus         0.0608 (0.0386 0.6342)
Danio rerio          0.0440 (0.2020 4.5936) 0.0545 (0.2101 3.8564)
Bos taurus           0.0701 (0.0258 0.3675) 0.0717 (0.0342 0.4774) 0.0803 (0.1962 2.4450)
Pan troglodytes      0.1087 (0.0417 0.3835) 0.1021 (0.0491 0.4806) 0.0609 (0.2091 3.4353) 0.1038 (0.0349 0.3361)
Rattus norvegicus    0.0657 (0.0430 0.6537) 0.0995 (0.0126 0.1270) 0.0780 (0.2168 2.7777) 0.0780 (0.0393 0.5044) 0.1163 (0.0561 0.4821)
Homo sapiens         0.1126 (0.0417 0.3703) 0.1089 (0.0491 0.4511) 0.0788 (0.2111 2.6796) 0.1078 (0.0349 0.3237) 0.0000 (0.0000 0.0239) 0.1210 (0.0548 0.4530)


TREE #  1:  ((((7, 5), (2, 6)), (4, 1)), 3);   MP score: -1
check convergence..
lnL(ntime:  6  np: 11):  -3811.760037      +0.000000
   8..9     9..10   10..11   11..7    11..5    10..12   12..2    12..6     9..13   13..4    13..1     8..3  
 1.674091 0.272646 0.256132 0.010986 0.061181 0.224451 0.742708 2.972973 0.078587 2.206201 0.047678
SEs for parameters:
 0.179328 0.019583 0.020964 0.004646 0.010030 0.024023 0.092750 0.389412 0.009621 0.461912 0.010825
Note: Branch length is defined for the first gene (site partition).
For other genes, look at "rates for genes".

tree length =   4.17358 (1st gene)

((((7: 0.010986, 5: 0.010986): 0.245147, (2: 0.061181, 6: 0.061181): 0.194952): 0.016513, (4: 0.224451, 1: 0.224451): 0.048195): 1.401446, 3: 1.674091);

((((Homo sapiens: 0.010986, Pan troglodytes: 0.010986): 0.245147, (Mus musculus: 0.061181, Rattus norvegicus: 0.061181): 0.194952): 0.016513, (Bos taurus: 0.224451, Canis lupus familiaris: 0.224451): 0.048195): 1.401446, Danio rerio: 1.674091);

Detailed output identifying parameters

rates for 2 genes:     1  0.74271

gene # 1: kappa =   2.97297 omega =   0.07859
gene # 2: kappa =   2.20620 omega =   0.04768

Time used:  0:19
