
seed used = 1418814093
      8   1152

Rattus norvegicus                          ATG ATA GAT ACG CTC AGA CCC GTG CCC TTC GCG TCG GAA ATG GCG ATC AGC AAG ACG GTG GCG TGG CTC AAC GAG CAG CTG GAG CTG GGC AAC GAA CAG CTG CTG CTG ATG GAC TGC CGA CCG CAG GAG CTG TAC GAG TCG TCG CAC ATC GAA TCT GCC ATC AAC GTG GCC ATC CCG GGC ATC ATG CTG CGG CGT CTG CAG AAG GGC AAC CTG CCG GTG CGC GCG CTA TTC ACG CGC TGC --- GAG GAC CGG GAC CGC TTT ACC AGG CGC TGC GGC ACC GAC ACC GTG GTG CTC TAC GAC GAG AAC AGC AGC GAC TGG AAT GAG AAC ACA GGT GGA GAG TCG GTC CTC GGG CTG CTG CTC AAG AAA CTC AAA GAC GAG GGC TGC CGG GCG TTC TAC CTT GAA GGT GGC TTC AGT AAG TTC CAG GCC GAG TTC GCC CTG CAC TGC GAG ACC AAT CTA GAC GGC TCG TGC AGC AGC AGC TCC CCG CCC TTG CCA GTG CTG GGA CTC GGG GGC CTG AGG ATC AGC TCC GAC TCT TCC TCG GAC ATT GAG TCT GAC CTT GAC CGA GAC CCC AAT AGT GCA ACG GAC TCC GAT GGC AGC CCG CTG TCC AAC AGC CAG CCT TCC TTC CCG GTG GAG ATT TTG CCC TTC CTT TAC CTG GGC TGT GCC AAG GAC TCT ACT AAC TTG GAC GTG TTG GAA GAG TTT GGC ATC AAG TAC ATC TTG AAC GTC ACC CCC AAT CTG CCC AAT CTG TTT GAG AAT GCA GGG GAG TTC AAG TAC AAG CAA ATT CCT ATC TCT GAT CAC TGG AGC CAA AAC CTG TCC CAG TTT TTC CCT GAG GCC ATT TCT TTC ATA GAT GAA GCC CGA GGC AAA AAC TGT GGT GTC CTG GTG CAT TGC TTG GCG GGC ATC AGC CGC TCC GTC ACG GTG ACA GTG GCT TAC CTT ATG CAG AAG CTC AAC TTG TCC ATG AAC GAT GCT TAT GAC ATT GTC AAA ATG AAG AAG TCC AAC ATC TCT CCC AAC TTC AAC TTC ATG GGC CAG CTG CTT GAC TTT GAA AGG ACC CTG GGA CTC AGC AGC CCC TGT GAC AAT CGT GTC CCC GCA --- --- CAG CAG CTC TAC TTC ACC GCG CCC TCC AAC CAG AAT GTC TAC CAA GTG GAC TCC CTG CAA TCT ACG 
Gallus gallus                              ATG CTA GAT ACG TTC AGA CCC GTC CCT TTC GCG TCG GAA ATG GCG ATT AGT AAA TCC GTG GCG TGG CTG AAC GAA CAG CTG GAG ATG GGC AAC GAC CGG CTG CTG CTG ATG GAC TGC CGA CCT CAG GAG TTG TAC GAG TCG TCC CAC ATC GAG TCG GCC ATC AAC GTG GCC ATC CCC GGC ATC ATG CTG CGG CGG CTG CAG AAG GGC AAC CTG CCC CTG CGC GCC CTG GTC GCC AGC AGC GAG GAG GAC CGC GAG CGC TTC GCC CGC CGG TGC GGC ACC GAT ACG GTG GTG CTG TAC GAC GAG CAC AGC CGC GAC TGG AAC GAG AAC ACG GGC GGC GAG TCC GTG CTG GGG CTG CTG CTC AAG CGC CTC AAA GAC GAG GGC TGC AAG GCG TTC TAT CTA GAA GGT GGT TTC AGC AAG TTC CAG GCC GAG TTT GCC CTG CAC TGC GAA ACG AAC CTA GAC AGC TCG TGT AGC AGC AGC TCT CCT CCT CTG CCC GTC CTG GGC TTG GGA GGC CTC CGA ATC AGC TCC GAT TCC TCA TCG GAC ATC GAG TCT GAC ATT GAC AGA GAC CCC AAT AGT GCC ACC GAC TCG GAT GGC AGC CCG CTC TCC ACC AAC CAG CCT TCC TTC CCC GTG GAG ATC TTA CCC TAC CTC TAC TTG GGC TGT GCC AAG GAC TCC ACG AAT CTG GAC GTT TTA GAA GAG TTT GGC ATA AAA TAC ATC TTG AAT GTT ACC CCC AAC CTG CCC AAC CTC TTT GAA AAC GCC GGC GAG TTC AAG TAC AAG CAG ATC CCC ATC TCA GAC CAC TGG AGC CAA AAC CTG TCT CAG TTC TTC CCC GAG GCC ATC TCT TTC ATA GAT GAA GCG CGG GGG AAG AAT TGT GGC GTC CTG GTG CAC TGC TTA GCG GGG ATC AGC CGC TCG GTC ACG GTG ACG GTG GCC TAC CTC ATG CAG AAG CTC AAC CTG TCC ATG AAC GAT GCC TAC GAC ATC GTC AAG ATG AAG AAG TCC AAC ATT TCT CCC AAC TTC AAT TTC ATG GGT CAG CTG CTG GAC TTT GAG CGG ACC CTG GGG CTG AGC AGC CCC TGT GAC AAC CGA GTG CCC AAC --- --- CAG CAG CTC TAC TTC ACC ACC CCT GCC AAC CAG AAT GTC TTC CAG GTG GAC TCC CTG CAG TCC ACG 
Pan troglodytes                            ATG ATA GAT ACG CTC AGA CCC GTG CCC TTC GCG TCG GAA ATG GCG ATC AGC AAG ACG GTG GCG TGG CTC AAC GAG CAG CTG GAG CTG GGC AAC GAG CGG CTG CTG CTG ATG GAC TGC CGG CCG CAG GAG CTA TAC GAG TCG TCG CAC ATC GAG TCG GCC ATC AAC GTG GCC ATC CCG GGC ATC ATG CTG CGG CGC CTG CAG AAG GGT AAC CTG CCG GTG CGC GCG CTC TTC ACG CGC GGC --- GAG GAC CGG GAC CGC TTC ACC CGG CGC TGT GGC ACC GAC ACA GTG GTG CTC TAC GAT GAG AGC AGC AGC GAC TGG AAC GAG AAT ACG GGC GGC GAG TCG GTG CTC GGG CTG CTG CTC AAG AAG CTC AAG GAC GAG GGC TGC CGG GCG TTC TAC CTG GAA GGT GGC TTC AGT AAG TTC CAA GCC GAG TTC GCC CTG CAT TGC GAG ACC AAT CTA GAC GGC TCG TGT AGC AGC AGC TCG CCG CCG TTG CCA GTG CTG GGG CTC GGG GGC CTG CGG ATC AGC TCT GAC TCT TCT TCG GAC ATC GAG TCT GAC CTT GAC CGA GAC CCC AAT AGT GCA ACA GAC TCG GAT GGC AGT CCG CTG TCC AAC AGC CAG CCT TCC TTC CCA GTG GAG ATC TTG CCC TTC CTC TAC TTG GGC TGT GCC AAA GAC TCC ACC AAC TTG GAC GTG TTG GAG GAA TTC GGC ATC AAG TAC ATC TTG AAC GTC ACC CCC AAT TTG CCG AAT CTC TTT GAG AAC GCA GGA GAG TTT AAA TAC AAG CAA ATC CCC ATC TCG GAT CAC TGG AGC CAA AAC CTG TCC CAG TTT TTC CCT GAG GCC ATT TCT TTC ATA GAT GAA GCC CGG GGC AAG AAC TGT GGT GTC TTG GTA CAT TGC TTG GCT GGC ATT AGC CGC TCA GTC ACT GTG ACT GTG GCT TAC CTT ATG CAG AAG CTC AAT CTG TCG ATG AAC GAT GCC TAT GAC ATT GTC AAA ATG AAA AAA TCC AAC ATA TCC CCT AAC TTC AAC TTC ATG GGT CAG CTG CTG GAC TTC GAG AGG ACG CTG GGA CTC AGC AGC CCA TGT GAC AAC AGG GTT CCA GCA --- --- CAG CAG CTG TAT TTT ACC ACC CCT TCC AAC CAG AAT GTA TAC CAG GTG GAC TCT CTG CAA TCT ACG 
Bos taurus                                 ATG ATA GAT ACG CTC AGA CCC GTG CCC TTC GCG TCG GAA ATG GCG ATC AGC AAG ACG GTG GCG TGG CTC AAC GAG CAG CTG GAG CTG GGC AAC GAG CGG CTG CTG TTG ATG GAC TGC CGG CCG CAG GAG CTG TAC GAG TCG TCC CAC ATC GAG TCC GCC ATC AAC GTG GCC ATT CCA GGG ATC ATG CTG CGG CGC CTG CAG AAG GGC AGC CTG CCG GTG CGC GCG CTA TTC ACG CGC GGC --- GAG GAC CGG GAC CGC TTC ACC CGG CGC TGC GGC ACC GAT ACC GTG GTG CTC TAC GAT GAG AGC AGC AGC GAC TGG AAC GAG AAT ACG GGC GGC GAG TCG GTG CTC GGG CTG CTG CTC AAG AAG CTC AAG GAC GAG GGA TGC CGG GCG TTC TAC CTG GAA GGT GGT TTC AGT AAG TTC CAA GCC GAG TTC GCC CTG CAC TGC GAG ACC AAT CTA GAC GGC TCG TGT AGC AGC AGC TCG CCA CCG TTG CCA GTG CTG GGG CTC GGG GGC CTG CGG ATC AGC TCC GAC TCC TCC TCG GAC ATT GAG TCT GAC CTT GAC CGA GAC CCC AAT AGT GCA ACG GAC TCG GAT GGC AGC CCG CTG TCC AAC AGT CAG CCT TCT TTC CCT GTG GAG ATC TTG CCC TTC CTC TAT TTG GGC TGT GCC AAG GAC TCC ACC AAC CTG GAC GTG TTG GAG GAG TTT GGC ATC AAG TAC ATA TTG AAC GTC ACC CCC AAC TTG CCG AAT CTC TTT GAG AAT GCA GGA GAG TTC AAA TAC AAG CAG ATC CCC ATC TCG GAT CAC TGG AGC CAA AAC CTG TCC CAG TTT TTC CCT GAG GCC ATT TCT TTC ATA GAT GAA GCC CGG GGC AAA AAC TGT GGC GTC CTG GTG CAT TGC TTA GCT GGC ATC AGC CGC TCG GTC ACT GTG ACT GTG GCT TAC CTT ATG CAG AAG CTC AAT CTG TCG ATG AAC GAT GCT TAT GAC ATT GTG AAG ATG AAG AAA TCC AAC ATC TCC CCC AAC TTC AAC TTC ATG GGC CAG CTG CTG GAC TTC GAG AGG ACG CTG GGA CTG AGC AGC CCC TGT GAC AAC CGC GTC CCC ACA --- --- CAG CAG CTC TAT TTC ACC ACC CCC TCC AAC CAG AAT GTC TAC CAG GTG GAC TCT CTG CAA TCC ACG 
Homo sapiens                               ATG ATA GAT ACG CTC AGA CCC GTG CCC TTC GCG TCG GAA ATG GCG ATC AGC AAG ACG GTG GCG TGG CTC AAC GAG CAG CTG GAG CTG GGC AAC GAG CGG CTG CTG CTG ATG GAC TGC CGG CCG CAG GAG CTA TAC GAG TCG TCG CAC ATC GAG TCG GCC ATC AAC GTG GCC ATC CCG GGC ATC ATG CTG CGG CGC CTG CAG AAG GGT AAC CTG CCG GTG CGC GCG CTC TTC ACG CGC GGC --- GAG GAC CGG GAC CGC TTC ACC CGG CGC TGT GGC ACC GAC ACA GTG GTG CTC TAC GAC GAG AGC AGC AGC GAC TGG AAC GAG AAT ACG GGC GGC GAG TCG GTG CTC GGG CTG CTG CTC AAG AAG CTC AAG GAC GAG GGC TGC CGG GCG TTC TAC CTG GAA GGT GGC TTC AGT AAG TTC CAA GCC GAG TTC TCC CTG CAT TGC GAG ACC AAT CTA GAC GGC TCG TGT AGC AGC AGC TCG CCG CCG TTG CCA GTG CTG GGG CTC GGG GGC CTG CGG ATC AGC TCT GAC TCT TCC TCG GAC ATC GAG TCT GAC CTT GAC CGA GAC CCC AAT AGT GCA ACA GAC TCG GAT GGT AGT CCG CTG TCC AAC AGC CAG CCT TCC TTC CCA GTG GAG ATC TTG CCC TTC CTC TAC TTG GGC TGT GCC AAA GAC TCC ACC AAC TTG GAC GTG TTG GAG GAA TTC GGC ATC AAG TAC ATC TTG AAC GTC ACC CCC AAT TTG CCG AAT CTC TTT GAG AAC GCA GGA GAG TTT AAA TAC AAG CAA ATC CCC ATC TCG GAT CAC TGG AGC CAA AAC CTG TCC CAG TTT TTC CCT GAG GCC ATT TCT TTC ATA GAT GAA GCC CGG GGC AAG AAC TGT GGT GTC TTG GTA CAT TGC TTG GCT GGC ATT AGC CGC TCA GTC ACT GTG ACT GTG GCT TAC CTT ATG CAG AAG CTC AAT CTG TCG ATG AAC GAT GCC TAT GAC ATT GTC AAA ATG AAA AAA TCC AAC ATA TCC CCT AAC TTC AAC TTC ATG GGT CAG CTG CTG GAC TTC GAG AGG ACG CTG GGA CTC AGC AGC CCA TGT GAC AAC AGG GTT CCA GCA --- --- CAG CAG CTG TAT TTT ACC ACC CCT TCC AAC CAG AAT GTA TAC CAG GTG GAC TCT CTG CAA TCT ACG 
Mus musculus                               ATG ATA GAT ACG CTC AGA CCC GTG CCC TTC GCG TCG GAA ATG GCG ATC TGC AAG ACG GTG TCG TGG CTC AAC GAG CAG CTG GAG CTG GGC AAC GAA CGG CTT CTG CTG ATG GAC TGC CGA CCA CAG GAG CTG TAC GAG TCG TCA CAC ATC GAA TCT GCC ATT AAT GTG GCC ATC CCC GGC ATC ATG CTG CGG CGT CTG CAG AAG GGC AAC CTG CCC GTG CGT GCG CTC TTC ACG CGC TGC --- GAG GAC CGG GAC CGC TTT ACC AGG CGC TGC GGC ACC GAC ACC GTG GTG CTG TAC GAC GAG AAT AGC AGC GAC TGG AAT GAG AAC ACT GGT GGA GAG TCG GTC CTC GGG CTG CTG CTC AAG AAA CTC AAA GAC GAG GGC TGC CGG GCG TTC TAC CTG GAA GGT GGC TTC AGT AAG TTC CAG GCC GAG TTC GCC CTG CAC TGC GAG ACC AAT CTA GAC GGC TCG TGC AGC AGC AGT TCC CCG CCT TTG CCA GTG CTG GGG CTC GGG GGC CTG CGG ATC AGC TCG GAC TCT TCC TCG GAC ATT GAG TCT GAC CTT GAC CGA GAC CCC AAT AGT GCA ACG GAC TCT GAT GGC AGC CCG CTG TCC AAC AGC CAG CCT TCC TTC CCG GTG GAG ATT TTG CCC TTC CTT TAC CTG GGC TGT GCC AAG GAC TCG ACC AAC TTG GAC GTG TTG GAA GAG TTT GGC ATC AAG TAC ATC TTG AAT GTC ACC CCC AAT TTG CCC AAT CTG TTT GAG AAT GCG GGC GAG TTC AAA TAC AAG CAA ATT CCT ATC TCG GAT CAC TGG AGC CAA AAC CTG TCC CAG TTT TTC CCT GAG GCC ATT TCT TTC ATA GAT GAA GCC CGA GGC AAA AAC TGT GGT GTC CTG GTG CAT TGC TTG GCA GGT ATC AGC CGC TCT GTC ACC GTG ACA GTG GCG TAC CTC ATG CAG AAG CTC AAC CTG TCC ATG AAC GAT GCT TAC GAC ATT GTT AAG ATG AAG AAG TCC AAC ATC TCC CCC AAC TTC AAC TTC ATG GGC CAG CTG CTT GAC TTC GAA AGG ACC CTG GGA CTG AGC AGC CCT TGT GAC AAC CGT GTC CCC ACT --- --- CCG CAG CTG TAC TTC ACC ACG CCC TCC AAC CAG AAC GTC TAC CAG GTG GAC TCC CTG CAG TCT ACG 
Danio rerio                                ATG CTC GAT AAG TTC AAA CCC GTG CAG ATC GAT TCG GTC ATG GCC ATA AGC AAG ACG GTA GAG TGG CTG AAG GAG CAG CTA GAA ACG CGC AGA GAC TGT TTG CTC GTT ATG GAC TGC CGA GCG CAA GAG CTG TAC GAG TCG TCG CAC GTC GAA ACG GCC ATT AAC GTG GCC ATC CCG AGC CTC ATG CTC CGG CGA CTC AAG AAA GGC AAC CTG CCC ATC AAG TCT CTG CTT TCT AAC GGG --- GAA GAC AGG GAA AGG TTC GCG CGG AGA TGC AAG ACG GAC ACG ATC GTG TTG TAC GAC GAG TAC AGC CGC GAG TGG AAT GAA AAC ATC GAC GGC GGC TCC GTG TTG GGT TTA CTG CTG AGG AGA ATG AAG GAC GAG GGC TAC AAG GCT TTC TAT CTC GAG GGT GGC TTC AGC AAA TTT CAA ACT GAT TTT CCC GCA ATG TGT GAG ACG AAC CTC GAC GGT TCG TCA AGC AGC AGT TCC CCA ACC TCC CAG GTC CTG GGT CTC GGA GGG CTC AGA ATC AGC TCT GAC --- TCC TCG GAC ATC GAG TCG GAT ATC GAC CGA GAC CCA AGC AGT GCA ACT GAC TCA GAT GGC AGC CCC CTT TCC AAC CCC CAG CCC TCA TTC CCC GTG GAG ATC CTT CCA CAT CTG TAT CTG GGC TGT GCT AAG GAC TCC ACA AAC CTG GAT ATC CTG GAG GAG TTT GGC ATC AAG TAC ATC TTG AAC GTG ACC CCT AAT CTC CCC AAC ATG TTC GAG AAT GCC GGG GAG TTT AAG TAC AAG CAG ATT CCC ATC TCT GAT CAC TGG AGC CAG AAC CTC TCA CAG TTT TTC CCT GAA GCC ATC AGC TTT ATT GAT GAG GCC CGT GGA CTG AAG TGT GGC GTG CTT GTT CAC TGC CTT GCA GGC ATC AGT CGT TCT GTC ACT GTA ACA GTG GCG TAC CTC ATG CAG AAG CTC AAC CTG TCC ATG AAC GAT GCT TAT GAC ATT GTC AAA ATG AAG AAG TCG AAC ATC TCG CCC AAC TTT AAC TTC ATG GGT CAA CTC TTG GAC TTT GAG CGC ACG TTA GGA CTC AAG AGT CCG TGT GAT AAC CGT GTG CCG GCC CCA ACC CAG CCA CTG TAC TTC ACC ACA CCA ACC AAT CAC AAC GTT TTT CAG TTG GAC CCT CTC GAG TCC ACG 
Canis lupus familiaris                     ATG ATA GAT ACG CTC AGA CCC GTG CCC TTC GCG TCG GAA ATG GCG ATC AGC AAG ACC GTG GCG TGG CTC AAC GAG CAG CTG GAG CTG GGC AAC GAG CGG CTG CTG CTG ATG GAC TGC CGG CCG CAG GAG CTG TAC GAG TCG TCG CAC ATC GAG TCG GCC ATC AAC GTG GCC ATC CCG GGC ATC ATG CTG CGG CGC CTG CAG AAG GGC AAC CTG CCC GTG CGC GCG CTC TTC ACG CGC GGC --- GAG GAC CGC GAC CGC TTC ACG CGG CGC TGC GGC ACC GAC ACG GTC GTG CTC TAC GAC GAG AGC AGC AGC GAC TGG AAC GAG AAC ACC GGC GGC GAG TCC GTG CTT GGG TTG CTG CTC AAG AAG CTC AAG GAC GAG GGC TGC CGG GCC TTC TAC CTG GAA GGT GGC TTC AGT AAG TTC CAA GCC GAG TTC GCC CTG CAC TGC GAG ACC AAC CTG GAC GGC TCG TGT AGC AGC AGC TCG CCA CCG TTG CCA GTG CTG GGC CTC GGG GGC CTG CGG ATC AGC TCC GAC TCC TCC TCG GAT ATT GAG TCT GAC CTT GAC CGA GAC CCC AAT AGC GCG ACG GAC TCG GAT GGC AGC CCG CTC TCC AAC AGC CAG CCT TCT TTC CCC GTG GAG ATC TTG CCC TTC CTC TAC TTG GGC TGT GCC AAG GAC TCC ACC AAC CTG GAC GTG TTG GAG GAG TTC GGC ATC AAA TAC ATC TTG AAC GTC ACC CCC AAT TTG CCG AAT CTC TTT GAG AAC GCA GGA GAG TTC AAA TAC AAG CAG ATC CCC ATC TCG GAT CAC TGG AGT CAA AAC CTG TCC CAG TTT TTC CCC GAG GCC ATT TCT TTC ATA GAT GAA GCC CGG GGC AAA AAC TGT GGT GTC TTG GTG CAT TGC TTG GCT GGC ATC AGC CGC TCG GTC ACT GTC ACT GTG GCT TAT CTT ATG CAG AAG CTC AAT CTG TCA ATG AAC GAT GCT TAC GAC ATT GTC AAG ATG AAG AAA TCC AAC ATC TCC CCC AAT TTC AAC TTC ATG GGC CAG CTG CTG GAC TTC GAG AGG ACG CTT GGA CTC AGC AGC CCC TGT GAC AAT CGG GTC CCC GCG --- --- CAG CAG CTC TAT TTC ACC ACC CCC TCC AAC CAG AAT GTC TAC CAG GTG GAC TCC CTG CAG TCC ACG 



Printing out site pattern counts


         8        906  P

Rattus norvegicus                           --- --- --- AAA AAA AAA AAA AAC AAC AAC AAC AAC AAC AAC AAC AAC AAC AAC AAC AAC AAC AAG AAG AAG AAG AAG AAG AAG AAG AAT AAT AAT AAT AAT AAT AAT AAT ACA ACA ACC ACC ACC ACC ACC ACC ACG ACG ACG ACG ACG ACG ACT AGA AGC AGC AGC AGC AGC AGC AGC AGC AGC AGG AGG AGG AGT AGT ATA ATA ATC ATC ATC ATC ATC ATC ATC ATC ATC ATC ATG ATT ATT ATT ATT ATT CAA CAA CAA CAA CAC CAC CAG CAG CAG CAG CAG CAG CAG CAG CAT CCA CCC CCC CCC CCC CCC CCC CCC CCC CCC CCC CCG CCG CCG CCG CCG CCG CCT CCT CCT CGA CGA CGA CGC CGC CGC CGC CGC CGG CGG CGG CGT CGT CTA CTA CTC CTC CTC CTC CTC CTC CTC CTC CTC CTC CTG CTG CTG CTG CTG CTG CTG CTG CTG CTG CTG CTG CTG CTG CTG CTG CTT CTT CTT CTT CTT GAA GAA GAA GAA GAA GAA GAC GAC GAC GAC GAC GAC GAC GAC GAG GAG GAG GAG GAG GAG GAT GAT GCA GCA GCA GCC GCC GCC GCC GCC GCG GCG GCG GCG GCG GCG GCG GCT GCT GGA GGA GGA GGC GGC GGC GGC GGC GGC GGC GGC GGC GGC GGC GGC GGC GGG GGG GGG GGT GGT GGT GTC GTC GTC GTC GTC GTC GTC GTG GTG GTG GTG GTG GTG GTG GTG GTG GTG TAC TAC TAC TAC TAC TAC TAT TCC TCC TCC TCC TCC TCC TCC TCC TCC TCC TCC TCC TCG TCG TCG TCT TCT TCT TCT TCT TCT TCT TCT TGC TGC TGC TGC TGC TGC TGG TGT TTC TTC TTC TTC TTC TTC TTC TTC TTG TTG TTG TTG TTG TTG TTG TTT TTT TTT TTT TTT
Gallus gallus                               --- --- GAG AAA AAG AAG CGC AAC AAC AAC AAC AAC AAC AAC AAC AAC AAT AAT AAT ACC CAC AAA AAA AAG AAG AAG AAG AAG AAG AAC AAC AAC AAC AAC AAC AAT AAT ACG ACG ACC ACC ACC ACG ACG GCC ACC ACG ACG ACG GCC TCC ACG AGA AAC AGC AGC AGC AGC AGC AGC AGT CGC CGA CGC CGG AGC AGT ATA CTA ATA ATC ATC ATC ATC ATC ATC ATC ATT ATT ATG ATC ATC ATC ATC ATC CAA CAG CAG CAG CAC CAC CAG CAG CAG CAG CAG CAG CAG CGG CAC CCC CCC CCC CCC CCC CCC CCC CCC CCT CCT CCT CCC CCC CCC CCG CCT CCT CCC CCC CCT AGA CGA CGG AGC CGC CGC CGC CGG AAG CGC CGG CGA CGG CTA CTG CTC CTC CTC CTC CTG CTG CTG CTG TTC TTG ATG CTC CTC CTC CTG CTG CTG CTG CTG CTG CTG CTG CTG CTG TTG TTG ATT CTA CTC CTC CTG GAA GAA GAA GAC GAG GAG GAC GAC GAC GAC GAC GAG GAT GAT GAA GAG GAG GAG GAG GAG GAC GAT AAC GCC GCC GCC GCC GCC GCC GCG ACC GCC GCG GCG GCG GCG GCG GCC GCC GGC GGC GGG AGC GGC GGC GGC GGC GGC GGC GGC GGC GGG GGG GGT GGT GGA GGC GGG GGC GGC GGT GTC GTC GTC GTC GTG GTG GTT CTG GTC GTC GTG GTG GTG GTG GTG GTG GTT TAC TAC TAC TAC TAT TTC TAC GCC TCA TCC TCC TCC TCC TCC TCC TCG TCG TCT TCT TCC TCC TCG TCA TCC TCC TCC TCG TCT TCT TCT AGC TGC TGC TGC TGC TGT TGG TGT GTC TAC TTC TTC TTC TTC TTC TTT CTG CTG CTG TTA TTA TTA TTG TTC TTC TTT TTT TTT
Pan troglodytes                             --- --- --- AAG AAA AAG AAG AAC AAC AAC AAC AAC AAC AAC AAT AAT AAC AAC AAC AAC AGC AAG AAG AAA AAA AAA AAG AAG AAG AAC AAC AAC AAT AAT AAT AAT AAT ACG ACT ACC ACC ACG ACA ACC ACC ACA ACG ACG ACT ACG ACG ACC AGA AGC AGC AGC AGC AGC AGC AGT AGC AGC CGG CGG AGG AGT AGT ATA ATA ATC ATC ATC ATC ATC ATC ATC ATT ATA ATC ATG ATC ATC ATC ATT ATT CAA CAA CAA CAG CAC CAT CAA CAG CAG CAG CAG CAG CAG CGG CAT CCA CCA CCA CCC CCC CCC CCG CCT CCC CCG CCT CCA CCG CCG CCG CCG CCG CCC CCT CCT CGA CGG CGG CGC CGC CGC CGC CGC CGG CGG CGG AGG CGC CTA CTC CTC CTC CTC CTG CTC CTC CTC CTC CTC CTC CTG CTC CTG CTG CTG CTG CTG CTG CTG CTG CTG CTG TTG TTG CTA TTG CTT CTG CTC CTT CTG GAA GAA GAG GAG GAG GAG GAC GAC GAC GAC GAT GAC GAC GAC GAG GAA GAG GAG GAG GAG GAT GAT GCA GCA GCA GCC GCC GCC GCC GCC ACC GCG GCG GCG GCG GCG GCT GCC GCT GGC GGG GGA GGC GGC GGC GGC GGC GGC GGC GGC GGT GGC GGC GGC GGT GGG GGA GGG GGC GGT GGT GTA GTC GTC GTC GTG GTT GTC GTG GTG GTG GTA GTG GTG GTG GTG GTG GTG TAC TAC TAC TAT TAC TAC TAT TCC TCT TCC TCC TCC TCG TCT TCT TCA TCG TCC TCG TCG TCG TCG TCG TCC TCT TCT TCG TCC TCT TCT GGC TGC TGC TGC TGT TGT TGG TGT TTC TTC TTC TTC TTC TTT TTT TTC CTG TTG TTG TTG TTG TTG TTG TTC TTT TTC TTC TTT
Bos taurus                                  --- --- --- AAG AAG AAA AAG AAC AAC AAC AAC AAC AAC AGC AAT AAT AAC AAC AAC AAC AGC AAG AAG AAA AAA AAG AAG AAG AAG AAC AAC AAT AAC AAT AAT AAT AAT ACG ACT ACC ACC ACG ACC ACC ACC ACG ACG ACG ACT ACG ACG ACC AGA AGT AGC AGC AGC AGC AGC AGC AGC AGC CGG CGG AGG AGT AGT ATA ATA ATC ATA ATC ATC ATC ATC ATT ATC ATC ATC ATG ATC ATC ATT ATT ATT CAA CAA CAG CAG CAC CAC CAA CAG CAG CAG CAG CAG CAG CGG CAT CCA CCC CCC CCC CCC CCC CCG CCC CCC CCG CCC CCT CCA CCG CCG CCA CCG CCC CCT CCT CGA CGG CGG CGC CGC CGC CGC CGC CGG CGG CGG CGC CGC CTA CTA CTC CTC CTC CTC CTC CTC CTC CTG CTC CTC CTG CTC CTG CTG CTG CTG CTG CTG CTG CTG CTG TTG CTG TTG CTG TTG CTT CTG CTC CTT CTG GAA GAA GAG GAG GAG GAG GAC GAC GAC GAC GAT GAC GAC GAT GAG GAG GAG GAG GAG GAG GAT GAT ACA GCA GCA GCC GCC GCC GCC GCC ACC GCG GCG GCG GCG GCG GCT GCT GCT GGC GGG GGA GGC GGA GGC GGC GGC GGC GGC GGG GGC GGC GGC GGT GGC GGG GGA GGG GGC GGC GGT GTC GTC GTC GTG GTG GTC GTC GTG GTG GTG GTG GTG GTG GTG GTG GTG GTG TAC TAC TAT TAT TAC TAC TAT TCC TCC TCC TCC TCT TCG TCC TCT TCG TCG TCC TCG TCC TCG TCG TCG TCC TCC TCC TCC TCC TCT TCT GGC TGC TGC TGC TGC TGT TGG TGT TTC TTC TTC TTC TTC TTC TTC TTC CTG CTG TTG TTA TTG TTG TTG TTC TTT TTC TTT TTT
Homo sapiens                                --- --- --- AAG AAA AAG AAG AAC AAC AAC AAC AAC AAC AAC AAT AAT AAC AAC AAC AAC AGC AAG AAG AAA AAA AAA AAG AAG AAG AAC AAC AAC AAT AAT AAT AAT AAT ACG ACT ACC ACC ACG ACA ACC ACC ACA ACG ACG ACT ACG ACG ACC AGA AGC AGC AGC AGC AGC AGC AGT AGC AGC CGG CGG AGG AGT AGT ATA ATA ATC ATC ATC ATC ATC ATC ATC ATT ATA ATC ATG ATC ATC ATC ATT ATT CAA CAA CAA CAG CAC CAT CAA CAG CAG CAG CAG CAG CAG CGG CAT CCA CCA CCA CCC CCC CCC CCG CCT CCC CCG CCT CCA CCG CCG CCG CCG CCG CCC CCT CCT CGA CGG CGG CGC CGC CGC CGC CGC CGG CGG CGG AGG CGC CTA CTC CTC CTC CTC CTG CTC CTC CTC CTC CTC CTC CTG CTC CTG CTG CTG CTG CTG CTG CTG CTG CTG CTG TTG TTG CTA TTG CTT CTG CTC CTT CTG GAA GAA GAG GAG GAG GAG GAC GAC GAC GAC GAC GAC GAC GAC GAG GAA GAG GAG GAG GAG GAT GAT GCA GCA GCA GCC GCC GCC TCC GCC ACC GCG GCG GCG GCG GCG GCT GCC GCT GGC GGG GGA GGC GGC GGC GGC GGC GGC GGT GGC GGT GGC GGC GGC GGT GGG GGA GGG GGC GGT GGT GTA GTC GTC GTC GTG GTT GTC GTG GTG GTG GTA GTG GTG GTG GTG GTG GTG TAC TAC TAC TAT TAC TAC TAT TCC TCC TCC TCC TCC TCG TCT TCT TCA TCG TCC TCG TCG TCG TCG TCG TCC TCT TCT TCG TCC TCT TCT GGC TGC TGC TGC TGT TGT TGG TGT TTC TTC TTC TTC TTC TTT TTT TTC CTG TTG TTG TTG TTG TTG TTG TTC TTT TTC TTC TTT
Mus musculus                                --- --- --- AAA AAG AAA AAA AAC AAC AAC AAC AAC AAT AAC AAC AAC AAC AAC AAT AAC AAT AAG AAG AAA AAG AAG AAG AAG AAG AAC AAT AAT AAT AAT AAT AAC AAT ACT ACA ACC ACC ACC ACC ACC ACC ACG ACG ACG ACC ACG ACG ACC AGA AGC AGC AGC AGC AGC AGT AGC TGC AGC CGG AGG AGG AGT AGT ATA ATA ATC ATC ATC ATC ATC ATT ATC ATC ATC ATC ATG ATT ATT ATT ATT ATT CAA CAG CAA CAG CAC CAC CAG CAG CAG CAG CAG CAG CCG CGG CAT CCA CCC CCT CCC CCC CCC CCC CCC CCC CCT CCC CCG CCC CCC CCG CCG CCA CCT CCT CCT CGA CGA CGA CGC CGC CGC CGT CGC CGG CGG CGG CGT CGT CTA CTC CTC CTC CTC CTG CTC CTC CTG CTG CTC CTC CTG CTG CTG CTG CTG CTG CTG CTG CTG CTG CTT CTG CTG TTG CTG CTG CTT CTG CTT CTC CTT GAA GAA GAA GAA GAA GAA GAC GAC GAC GAC GAC GAC GAC GAC GAG GAG GAG GAG GAG GAG GAT GAT ACT GCA GCG GCC GCC GCC GCC GCC ACG GCG GCG GCG GCG TCG GCA GCT GCG GGA GGG GGA GGC GGC GGC GGC GGC GGC GGC GGC GGC GGC GGT GGC GGC GGG GGC GGG GGT GGT GGT GTC GTC GTC GTT GTC GTC GTC GTG GTG GTG GTG GTG GTG GTG GTG GTG GTG TAC TAC TAC TAC TAC TAC TAC TCC TCC TCC TCC TCC TCC TCG TCC TCT TCT TCC TCC TCA TCG TCG TCG TCG TCT TCT TCT TCC TCT TCT TGC TGC TGC TGC TGC TGC TGG TGT TTC TTC TTC TTC TTC TTC TTC TTC CTG TTG TTG TTG TTG TTG TTG TTT TTT TTC TTT TTT
Danio rerio                                 ACC CCA --- AAG AAA CTG AGA AAC AAC AAG AAT AGA AAC AAC AAC AAC AAC AAG AAC AAC TAC AAG AAG AAG AAG AAG AAA AAG AGG AAC AAT AAT AAT AAC AAC AAC AGC ATC ACA ACC ACG ACG ACG ACG GCG ACT AAG ACG ACT TCT ACG ACA AAA CCC AAG AGC AGC AGT AGT AGC AGC CGC AGA CGG CGC AGC AGT ATT CTC ATC ATC ATC CTC GTC ATT ATC ATC ATC ATA ATG ATC ATT ATC ATC ATT CAG GAG CAG CAG CAC ATG CAA AAG CAA CAC CAG CCA CAG TGT CAC CAG CCG CCG CCA CCC CCT CCC CCC CAG ACC CCA CCC CCG CCC CCC CCA GCG CCC CCT CCC CGA CGA CGT AAC AGG CGT AAG AGA AAG AGG CGG CGT CGA CTC CTG ATG CTC CTG CTG CTG TTG TTG CTC TTC CTC ACG ATG CTC CTT CTA CTC CTG GCA TTA TTA TTG GTT CTT CTC CTG CTG ATC CTC CTG CTC TTG GAG GTC GAG GAC GAA GAG GAC GAC GAG GAT GAC GAA GAC GAC GAG GAG GAA GAG GAT GGC GAT GAT GCC GCA GCC ACT GCC GCT CCC GCC ACA TCT GAT GCC GCT GAG GCA GCT GCG GGC GGT GGA GGT GGC AAG CGC GGC GGG GGC AGC GGC GGA GGC GGC GGT GGA GGG GGT GAC GGC GGT GTT GTC GTG GTC GTG GTG GTG ATC GTC GTG GTT ATC GTA GTA GTG TTG ATC TAC TAC TAT TAC TAT TTT TAT ACC TCC TCC TCG TCA TCC TCT CCT TCT TCA TCA TCC TCG TCC TCG TCT TCC --- TCC ACG TCG AGC TCG GGG TAC TGC TGT TGC TCA TGG TGT CTT CAT ATC TTC TTT TTC TTT TTT CTG CTG TCC CTT CTG CTT TTG TTC TTT TTT TTT TTC
Canis lupus familiaris                      --- --- --- AAG AAG AAA AAG AAC AAT AAC AAC AAC AAC AAC AAC AAT AAC AAC AAC AAC AGC AAA AAG AAA AAA AAG AAG AAG AAG AAT AAC AAC AAT AAC AAT AAT AAT ACC ACT ACC ACC ACG ACG ACC ACG ACG ACG ACG ACT ACG ACC ACC AGA AGC AGC AGC AGT AGC AGC AGC AGC AGC CGG CGG AGG AGT AGC ATA ATA ATC ATC ATC ATC ATC ATC ATC ATC ATC ATC ATG ATC ATC ATT ATT ATT CAA CAG CAG CAG CAC CAC CAA CAG CAG CAG CAG CAG CAG CGG CAT CCA CCC CCC CCC CCC CCC CCG CCC CCC CCG CCC CCC CCG CCC CCG CCA CCG CCC CCC CCT CGA CGG CGG CGC CGC CGC CGC CGC CGG CGC CGG CGG CGC CTG CTC CTC CTC CTC CTC CTC CTT CTC CTC CTC CTC CTG CTC CTG CTC CTG CTG CTG CTG CTT TTG CTG CTG TTG TTG CTG TTG CTT CTG CTC CTT CTG GAA GAA GAG GAG GAG GAG GAC GAT GAC GAC GAC GAC GAC GAC GAG GAG GAG GAG GAG GAG GAT GAT GCG GCG GCA GCC GCC GCC GCC GCC ACC GCG GCG GCG GCC GCG GCT GCT GCT GGC GGC GGA GGC GGC GGC GGC GGC GGC GGC GGC GGC GGC GGC GGC GGC GGG GGA GGG GGC GGT GGT GTC GTC GTC GTC GTG GTC GTC GTG GTG GTG GTG GTC GTC GTG GTG GTG GTG TAC TAT TAC TAT TAC TAC TAC TCC TCC TCC TCC TCT TCA TCC TCC TCG TCG TCC TCG TCG TCC TCG TCG TCC TCC TCC TCG TCC TCT TCT GGC TGC TGC TGC TGC TGT TGG TGT TTC TTC TTC TTC TTC TTC TTC TTC CTG CTG TTG TTG TTG TTG TTG TTC TTT TTC TTC TTT



    1    1    1    1    1    1    1    3    1    1    1    1    1    1    1
    1    2    1    1    1    1    1    1    1    1    2    2    2    1    1
    1    1    1    1    1    1    1    1    1    2    1    1    1    1    1
    1    1    1    1    1    1    1    1    1    1    4    1    2    1    1
    1    1    1    1    1    1    1    1    1    1    1    2    1    1    1
    1    1    1    1    8    1    1    1    1    1    1    1    1    1    2
    1    1    1    2    1    4    1    1    1    1    1    1    1    2    1
    1    1    1    1    1    1    1    1    1    1    1    1    1    1    1
    1    1    1    1    1    1    1    1    1    1    1    1    1    1    1
    1    1    1    1    1    1    1    1    1    1    1    1    1    1    1
    6    3    1    1    1    1    1    1    1    1    1    1    1    1    1
    1    2    1    1    1    1    1   11    1    1    3    1    1    1    1
    3    1    4    7    1    1    1    4    1    1    1    1    3    1    1
    1    1    1    1    1    1    1    1    1    1    1    1    1    1    1
    1    1    2    1    1    1    1    1    1    1    1    1    1    1    1
    1    1    1    1    1    1    1    1    1    1    1    1    1    1    1
    1    4    1    1    4    1    1    1    1    1    1    1    1    1    1
    1    1    1    1    1    1    1    1    1    1    4    1    1    1    1
    1    1    1    1    1    1    2    1    1    1    3    3    1    1    1
    5    3    1    1    1    1    1    1    1    1    1    1    1    1    1
    1    1

CODONML (in paml version 4.4b, July 2010)  torun.nuc
Model: One dN/dS ratio for branches Global clock 
Codon frequency model: F3x4
ns =   8  ls = 384

Codon usage in sequences
--------------------------------------------------------------------------------------------------------------
Phe TTT  5  4  4  3  4  4 | Ser TCT  8  5  7  4  6  7 | Tyr TAT  1  1  2  3  2  0 | Cys TGT  3  4  5  4  5  3
    TTC 14 15 15 16 15 15 |     TCC 12 12  7 12  9 10 |     TAC  9  9  8  7  8 10 |     TGC  7  5  4  5  4  8
Leu TTA  0  3  0  1  0  0 |     TCA  0  2  1  0  1  1 | *** TAA  0  0  0  0  0  0 | *** TGA  0  0  0  0  0  0
    TTG  7  4  9  7  9  7 |     TCG  6  7 11 10 11  9 |     TAG  0  0  0  0  0  0 | Trp TGG  3  3  3  3  3  3
--------------------------------------------------------------------------------------------------------------
Leu CTT  5  0  2  2  2  4 | Pro CCT  3  6  4  3  4  5 | His CAT  1  0  2  1  2  1 | Arg CGT  2  0  0  0  0  3
    CTC 10  9 12 11 12  9 |     CCC 11 14  6 10  6 11 |     CAC  3  5  2  3  2  3 |     CGC  5  7  6  7  6  4
    CTA  2  3  2  2  2  1 |     CCA  1  0  4  3  4  2 | Gln CAA  4  1  4  3  4  2 |     CGA  3  3  1  1  1  3
    CTG 23 27 22 24 22 26 |     CCG  6  1  7  5  7  4 |     CAG 12 14 11 12 11 12 |     CGG  3  6  8  8  8  5
--------------------------------------------------------------------------------------------------------------
Ile ATT  5  3  3  4  3  6 | Thr ACT  1  0  2  2  2  2 | Asn AAT  8  6  7  7  7  9 | Ser AGT  2  2  3  3  3  3
    ATC 11 13 12 11 12 10 |     ACC  7  7  7  8  7  9 |     AAC 17 19 17 16 17 16 |     AGC 13 14 13 14 13 11
    ATA  2  2  3  3  3  2 |     ACA  2  0  2  1  2  1 | Lys AAA  4  3  5  3  5  4 | Arg AGA  1  2  1  1  1  1
Met ATG  8  9  8  8  8  8 |     ACG  6  8  6  7  6  6 |     AAG 11 12 10 12 10 11 |     AGG  3  0  2  1  2  2
--------------------------------------------------------------------------------------------------------------
Val GTT  0  2  1  0  1  1 | Ala GCT  2  0  2  3  2  1 | Asp GAT  5  6  6  7  5  5 | Gly GGT  3  3  4  2  5  4
    GTC  7  7  4  5  4  6 |     GCC  7 14  8  7  7  7 |     GAC 20 19 19 18 20 20 |     GGC 14 14 15 15 14 14
    GTA  0  0  2  0  2  0 |     GCA  3  0  3  2  3  2 | Glu GAA  7  7  4  3  4  7 |     GGA  3  1  2  3  2  2
    GTG 13 11 13 15 13 13 |     GCG  7  6  5  5  5  6 |     GAG 17 18 20 21 20 17 |     GGG  3  4  3  4  3  3
--------------------------------------------------------------------------------------------------------------

--------------------------------------------------------------
Phe TTT  9  2 | Ser TCT  5  3 | Tyr TAT  3  2 | Cys TGT  5  4
    TTC  9 17 |     TCC  8 12 |     TAC  8  8 |     TGC  3  5
Leu TTA  2  0 |     TCA  4  1 | *** TAA  0  0 | *** TGA  0  0
    TTG  6  9 |     TCG  8 10 |     TAG  0  0 | Trp TGG  3  3
--------------------------------------------------------------
Leu CTT  5  4 | Pro CCT  3  1 | His CAT  1  1 | Arg CGT  3  0
    CTC 16 13 |     CCC 10 13 |     CAC  4  3 |     CGC  3  7
    CTA  1  0 |     CCA  6  2 | Gln CAA  3  2 |     CGA  3  1
    CTG 14 21 |     CCG  3  5 |     CAG 10 13 |     CGG  2  8
--------------------------------------------------------------
Ile ATT  4  3 | Thr ACT  3  2 | Asn AAT  4  7 | Ser AGT  4  2
    ATC 16 13 |     ACC  5  8 |     AAC 17 17 |     AGC 11 14
    ATA  1  2 |     ACA  3  0 | Lys AAA  4  4 | Arg AGA  4  1
Met ATG 11  8 |     ACG  8  7 |     AAG 17 11 |     AGG  3  1
--------------------------------------------------------------
Val GTT  3  0 | Ala GCT  3  3 | Asp GAT 10  6 | Gly GGT  5  2
    GTC  5  8 |     GCC  7  8 |     GAC 17 19 |     GGC 10 18
    GTA  2  0 |     GCA  3  1 | Glu GAA  6  3 |     GGA  3  2
    GTG  9 12 |     GCG  3  6 |     GAG 18 21 |     GGG  3  2
--------------------------------------------------------------

Codon position x base (3x4) table for each sequence.

#1: Rattus norvegicus
position  1:    T:0.19685    C:0.24672    A:0.26509    G:0.29134
position  2:    T:0.29396    C:0.21522    A:0.31234    G:0.17848
position  3:    T:0.14173    C:0.43832    A:0.08399    G:0.33596
Average         T:0.21085    C:0.30009    A:0.22047    G:0.26859

#2: Gallus gallus  
position  1:    T:0.19372    C:0.25131    A:0.26178    G:0.29319
position  2:    T:0.29319    C:0.21466    A:0.31414    G:0.17801
position  3:    T:0.10995    C:0.47906    A:0.07068    G:0.34031
Average         T:0.19895    C:0.31501    A:0.21553    G:0.27051

#3: Pan troglodytes
position  1:    T:0.19948    C:0.24409    A:0.26509    G:0.29134
position  2:    T:0.29396    C:0.21522    A:0.30709    G:0.18373
position  3:    T:0.14173    C:0.40682    A:0.08924    G:0.36220
Average         T:0.21172    C:0.28871    A:0.22047    G:0.27909

#4: Bos taurus     
position  1:    T:0.19685    C:0.24934    A:0.26509    G:0.28871
position  2:    T:0.29396    C:0.21522    A:0.30446    G:0.18635
position  3:    T:0.12598    C:0.43307    A:0.06824    G:0.37270
Average         T:0.20560    C:0.29921    A:0.21260    G:0.28259

#5: Homo sapiens   
position  1:    T:0.20210    C:0.24409    A:0.26509    G:0.28871
position  2:    T:0.29396    C:0.21522    A:0.30709    G:0.18373
position  3:    T:0.13911    C:0.40945    A:0.08924    G:0.36220
Average         T:0.21172    C:0.28959    A:0.22047    G:0.27822

#6: Mus musculus   
position  1:    T:0.20210    C:0.24934    A:0.26509    G:0.28346
position  2:    T:0.29396    C:0.21785    A:0.30709    G:0.18110
position  3:    T:0.15223    C:0.42782    A:0.07349    G:0.34646
Average         T:0.21610    C:0.29834    A:0.21522    G:0.27034

#7: Danio rerio    
position  1:    T:0.19110    C:0.22775    A:0.30105    G:0.28010
position  2:    T:0.29581    C:0.21466    A:0.31937    G:0.17016
position  3:    T:0.18325    C:0.39005    A:0.11780    G:0.30890
Average         T:0.22339    C:0.27749    A:0.24607    G:0.25305

#8: Canis lupus familiaris
position  1:    T:0.19948    C:0.24672    A:0.26247    G:0.29134
position  2:    T:0.29396    C:0.21522    A:0.30709    G:0.18373
position  3:    T:0.11024    C:0.48031    A:0.04987    G:0.35958
Average         T:0.20122    C:0.31409    A:0.20647    G:0.27822

Sums of codon usage counts
------------------------------------------------------------------------------
Phe F TTT      35 | Ser S TCT      45 | Tyr Y TAT      14 | Cys C TGT      33
      TTC     116 |       TCC      82 |       TAC      67 |       TGC      41
Leu L TTA       6 |       TCA      10 | *** * TAA       0 | *** * TGA       0
      TTG      58 |       TCG      72 |       TAG       0 | Trp W TGG      24
------------------------------------------------------------------------------
Leu L CTT      24 | Pro P CCT      29 | His H CAT       9 | Arg R CGT       8
      CTC      92 |       CCC      81 |       CAC      25 |       CGC      45
      CTA      13 |       CCA      22 | Gln Q CAA      23 |       CGA      16
      CTG     179 |       CCG      38 |       CAG      95 |       CGG      48
------------------------------------------------------------------------------
Ile I ATT      31 | Thr T ACT      14 | Asn N AAT      55 | Ser S AGT      22
      ATC      98 |       ACC      58 |       AAC     136 |       AGC     103
      ATA      18 |       ACA      11 | Lys K AAA      32 | Arg R AGA      12
Met M ATG      68 |       ACG      54 |       AAG      94 |       AGG      14
------------------------------------------------------------------------------
Val V GTT       8 | Ala A GCT      16 | Asp D GAT      50 | Gly G GGT      28
      GTC      46 |       GCC      65 |       GAC     152 |       GGC     114
      GTA       6 |       GCA      17 | Glu E GAA      41 |       GGA      18
      GTG      99 |       GCG      43 |       GAG     152 |       GGG      25
------------------------------------------------------------------------------

(Ambiguity data are not used in the counts.)


Codon position x base (3x4) table, overall

position  1:    T:0.19770    C:0.24492    A:0.26885    G:0.28852
position  2:    T:0.29410    C:0.21541    A:0.30984    G:0.18066
position  3:    T:0.13803    C:0.43311    A:0.08033    G:0.34852
Average         T:0.20995    C:0.29781    A:0.21967    G:0.27257

Codon frequencies under model, for use in evolver (TTT TTC TTA TTG ... GGG):
  0.00826676  0.02593916  0.00481082  0.02087307
  0.00605492  0.01899892  0.00352364  0.01528830
  0.00870913  0.02732721  0.00000000  0.00000000
  0.00507802  0.01593364  0.00000000  0.01282170
  0.01024091  0.03213359  0.00595967  0.02585769
  0.00750087  0.02353597  0.00436511  0.01893924
  0.01078892  0.03385311  0.00627859  0.02724138
  0.00629068  0.01973869  0.00366085  0.01588360
  0.01124169  0.03527382  0.00654208  0.02838461
  0.00823388  0.02583601  0.00479169  0.02079007
  0.01184326  0.03716138  0.00689216  0.02990352
  0.00690543  0.02166764  0.00401860  0.01743581
  0.01206426  0.03785483  0.00702077  0.03046153
  0.00883636  0.02772645  0.00514230  0.02231129
  0.01270984  0.03988051  0.00739646  0.03209158
  0.00741071  0.02325308  0.00431265  0.01871160



Nei & Gojobori 1986. dN/dS (dN, dS)
(Pairwise deletion)
(Note: This matrix is not used in later ML. analysis.
Use runmode = -2 for ML pairwise comparison.)

Rattus norvegicus   
Gallus gallus        0.0491 (0.0371 0.7546)
Pan troglodytes      0.0130 (0.0058 0.4435) 0.0411 (0.0347 0.8451)
Bos taurus           0.0180 (0.0069 0.3848) 0.0524 (0.0347 0.6628) 0.0136 (0.0035 0.2545)
Homo sapiens         0.0158 (0.0069 0.4369) 0.0425 (0.0359 0.8451) 0.1038 (0.0012 0.0111) 0.0178 (0.0046 0.2596)
Mus musculus         0.0353 (0.0069 0.1960) 0.0473 (0.0365 0.7719) 0.0161 (0.0081 0.5014) 0.0161 (0.0069 0.4320) 0.0187 (0.0093 0.4943)
Danio rerio          0.0844 (0.1247 1.4772) 0.0609 (0.1094 1.7956) 0.0654 (0.1250 1.9106) 0.0705 (0.1266 1.7961) 0.0670 (0.1250 1.8642) 0.0821 (0.1287 1.5673)
Canis lupus familiaris 0.0102 (0.0046 0.4511) 0.0542 (0.0347 0.6404) 0.0000 (0.0000 0.3146) 0.0096 (0.0023 0.2396) 0.0037 (0.0011 0.3090) 0.0140 (0.0069 0.4953) 0.0811 (0.1251 1.5429)


TREE #  1:  (((((5, 3), (6, 1)), (4, 8)), 2), 7);   MP score: -1
check convergence..
lnL(ntime:  7  np:  9):  -3546.099647      +0.000000
   9..10   10..11   11..12   12..13   13..5    13..3    12..14   14..6    14..1    11..15   15..4    15..8    10..2     9..7  
 1.561181 0.434264 0.148829 0.148829 0.005720 0.061964 0.110310 2.130158 0.017632
SEs for parameters:
 0.223343 0.041246 0.014621 0.014054 0.002871 0.008711 0.015518 0.242637 0.002465

tree length =   4.03228

(((((5: 0.005720, 3: 0.005720): 0.143109, (6: 0.061964, 1: 0.061964): 0.086865): 0.000000, (4: 0.110310, 8: 0.110310): 0.038519): 0.285435, 2: 0.434264): 1.126916, 7: 1.561181);

(((((Homo sapiens: 0.005720, Pan troglodytes: 0.005720): 0.143109, (Mus musculus: 0.061964, Rattus norvegicus: 0.061964): 0.086865): 0.000000, (Bos taurus: 0.110310, Canis lupus familiaris: 0.110310): 0.038519): 0.285435, Gallus gallus: 0.434264): 1.126916, Danio rerio: 1.561181);

Detailed output identifying parameters

kappa (ts/tv) =  2.13016

omega (dN/dS) =  0.01763

dN & dS for each branch

 branch          t       N       S   dN/dS      dN      dS  N*dN  S*dS

   9..10     1.127   939.5   212.5  0.0176  0.0333  1.8890  31.3 401.4
  10..11     0.285   939.5   212.5  0.0176  0.0084  0.4785   7.9 101.7
  11..12     0.000   939.5   212.5  0.0176  0.0000  0.0000   0.0   0.0
  12..13     0.143   939.5   212.5  0.0176  0.0042  0.2399   4.0  51.0
  13..5      0.006   939.5   212.5  0.0176  0.0002  0.0096   0.2   2.0
  13..3      0.006   939.5   212.5  0.0176  0.0002  0.0096   0.2   2.0
  12..14     0.087   939.5   212.5  0.0176  0.0026  0.1456   2.4  30.9
  14..6      0.062   939.5   212.5  0.0176  0.0018  0.1039   1.7  22.1
  14..1      0.062   939.5   212.5  0.0176  0.0018  0.1039   1.7  22.1
  11..15     0.039   939.5   212.5  0.0176  0.0011  0.0646   1.1  13.7
  15..4      0.110   939.5   212.5  0.0176  0.0033  0.1849   3.1  39.3
  15..8      0.110   939.5   212.5  0.0176  0.0033  0.1849   3.1  39.3
  10..2      0.434   939.5   212.5  0.0176  0.0128  0.7279  12.1 154.7
   9..7      1.561   939.5   212.5  0.0176  0.0461  2.6169  43.3 556.1

tree length for dN:       0.1192
tree length for dS:       6.7591


Time used:  0:15
