
seed used = 1418852561
      8   1152

Rattus norvegicus                          ATG ATA GAT ACG CTC AGA CCC GTG CCC TTC GCG TCG GAA ATG GCG ATC AGC AAG ACG GTG GCG TGG CTC AAC GAG CAG CTG GAG CTG GGC AAC GAA CAG CTG CTG CTG ATG GAC TGC CGA CCG CAG GAG CTG TAC GAG TCG TCG CAC ATC GAA TCT GCC ATC AAC GTG GCC ATC CCG GGC ATC ATG CTG CGG CGT CTG CAG AAG GGC AAC CTG CCG GTG CGC GCG CTA TTC ACG CGC TGC --- GAG GAC CGG GAC CGC TTT ACC AGG CGC TGC GGC ACC GAC ACC GTG GTG CTC TAC GAC GAG AAC AGC AGC GAC TGG AAT GAG AAC ACA GGT GGA GAG TCG GTC CTC GGG CTG CTG CTC AAG AAA CTC AAA GAC GAG GGC TGC CGG GCG TTC TAC CTT GAA GGT GGC TTC AGT AAG TTC CAG GCC GAG TTC GCC CTG CAC TGC GAG ACC AAT CTA GAC GGC TCG TGC AGC AGC AGC TCC CCG CCC TTG CCA GTG CTG GGA CTC GGG GGC CTG AGG ATC AGC TCC GAC TCT TCC TCG GAC ATT GAG TCT GAC CTT GAC CGA GAC CCC AAT AGT GCA ACG GAC TCC GAT GGC AGC CCG CTG TCC AAC AGC CAG CCT TCC TTC CCG GTG GAG ATT TTG CCC TTC CTT TAC CTG GGC TGT GCC AAG GAC TCT ACT AAC TTG GAC GTG TTG GAA GAG TTT GGC ATC AAG TAC ATC TTG AAC GTC ACC CCC AAT CTG CCC AAT CTG TTT GAG AAT GCA GGG GAG TTC AAG TAC AAG CAA ATT CCT ATC TCT GAT CAC TGG AGC CAA AAC CTG TCC CAG TTT TTC CCT GAG GCC ATT TCT TTC ATA GAT GAA GCC CGA GGC AAA AAC TGT GGT GTC CTG GTG CAT TGC TTG GCG GGC ATC AGC CGC TCC GTC ACG GTG ACA GTG GCT TAC CTT ATG CAG AAG CTC AAC TTG TCC ATG AAC GAT GCT TAT GAC ATT GTC AAA ATG AAG AAG TCC AAC ATC TCT CCC AAC TTC AAC TTC ATG GGC CAG CTG CTT GAC TTT GAA AGG ACC CTG GGA CTC AGC AGC CCC TGT GAC AAT CGT GTC CCC GCA --- --- CAG CAG CTC TAC TTC ACC GCG CCC TCC AAC CAG AAT GTC TAC CAA GTG GAC TCC CTG CAA TCT ACG 
Gallus gallus                              ATG CTA GAT ACG TTC AGA CCC GTC CCT TTC GCG TCG GAA ATG GCG ATT AGT AAA TCC GTG GCG TGG CTG AAC GAA CAG CTG GAG ATG GGC AAC GAC CGG CTG CTG CTG ATG GAC TGC CGA CCT CAG GAG TTG TAC GAG TCG TCC CAC ATC GAG TCG GCC ATC AAC GTG GCC ATC CCC GGC ATC ATG CTG CGG CGG CTG CAG AAG GGC AAC CTG CCC CTG CGC GCC CTG GTC GCC AGC AGC GAG GAG GAC CGC GAG CGC TTC GCC CGC CGG TGC GGC ACC GAT ACG GTG GTG CTG TAC GAC GAG CAC AGC CGC GAC TGG AAC GAG AAC ACG GGC GGC GAG TCC GTG CTG GGG CTG CTG CTC AAG CGC CTC AAA GAC GAG GGC TGC AAG GCG TTC TAT CTA GAA GGT GGT TTC AGC AAG TTC CAG GCC GAG TTT GCC CTG CAC TGC GAA ACG AAC CTA GAC AGC TCG TGT AGC AGC AGC TCT CCT CCT CTG CCC GTC CTG GGC TTG GGA GGC CTC CGA ATC AGC TCC GAT TCC TCA TCG GAC ATC GAG TCT GAC ATT GAC AGA GAC CCC AAT AGT GCC ACC GAC TCG GAT GGC AGC CCG CTC TCC ACC AAC CAG CCT TCC TTC CCC GTG GAG ATC TTA CCC TAC CTC TAC TTG GGC TGT GCC AAG GAC TCC ACG AAT CTG GAC GTT TTA GAA GAG TTT GGC ATA AAA TAC ATC TTG AAT GTT ACC CCC AAC CTG CCC AAC CTC TTT GAA AAC GCC GGC GAG TTC AAG TAC AAG CAG ATC CCC ATC TCA GAC CAC TGG AGC CAA AAC CTG TCT CAG TTC TTC CCC GAG GCC ATC TCT TTC ATA GAT GAA GCG CGG GGG AAG AAT TGT GGC GTC CTG GTG CAC TGC TTA GCG GGG ATC AGC CGC TCG GTC ACG GTG ACG GTG GCC TAC CTC ATG CAG AAG CTC AAC CTG TCC ATG AAC GAT GCC TAC GAC ATC GTC AAG ATG AAG AAG TCC AAC ATT TCT CCC AAC TTC AAT TTC ATG GGT CAG CTG CTG GAC TTT GAG CGG ACC CTG GGG CTG AGC AGC CCC TGT GAC AAC CGA GTG CCC AAC --- --- CAG CAG CTC TAC TTC ACC ACC CCT GCC AAC CAG AAT GTC TTC CAG GTG GAC TCC CTG CAG TCC ACG 
Pan troglodytes                            ATG ATA GAT ACG CTC AGA CCC GTG CCC TTC GCG TCG GAA ATG GCG ATC AGC AAG ACG GTG GCG TGG CTC AAC GAG CAG CTG GAG CTG GGC AAC GAG CGG CTG CTG CTG ATG GAC TGC CGG CCG CAG GAG CTA TAC GAG TCG TCG CAC ATC GAG TCG GCC ATC AAC GTG GCC ATC CCG GGC ATC ATG CTG CGG CGC CTG CAG AAG GGT AAC CTG CCG GTG CGC GCG CTC TTC ACG CGC GGC --- GAG GAC CGG GAC CGC TTC ACC CGG CGC TGT GGC ACC GAC ACA GTG GTG CTC TAC GAT GAG AGC AGC AGC GAC TGG AAC GAG AAT ACG GGC GGC GAG TCG GTG CTC GGG CTG CTG CTC AAG AAG CTC AAG GAC GAG GGC TGC CGG GCG TTC TAC CTG GAA GGT GGC TTC AGT AAG TTC CAA GCC GAG TTC GCC CTG CAT TGC GAG ACC AAT CTA GAC GGC TCG TGT AGC AGC AGC TCG CCG CCG TTG CCA GTG CTG GGG CTC GGG GGC CTG CGG ATC AGC TCT GAC TCT TCT TCG GAC ATC GAG TCT GAC CTT GAC CGA GAC CCC AAT AGT GCA ACA GAC TCG GAT GGC AGT CCG CTG TCC AAC AGC CAG CCT TCC TTC CCA GTG GAG ATC TTG CCC TTC CTC TAC TTG GGC TGT GCC AAA GAC TCC ACC AAC TTG GAC GTG TTG GAG GAA TTC GGC ATC AAG TAC ATC TTG AAC GTC ACC CCC AAT TTG CCG AAT CTC TTT GAG AAC GCA GGA GAG TTT AAA TAC AAG CAA ATC CCC ATC TCG GAT CAC TGG AGC CAA AAC CTG TCC CAG TTT TTC CCT GAG GCC ATT TCT TTC ATA GAT GAA GCC CGG GGC AAG AAC TGT GGT GTC TTG GTA CAT TGC TTG GCT GGC ATT AGC CGC TCA GTC ACT GTG ACT GTG GCT TAC CTT ATG CAG AAG CTC AAT CTG TCG ATG AAC GAT GCC TAT GAC ATT GTC AAA ATG AAA AAA TCC AAC ATA TCC CCT AAC TTC AAC TTC ATG GGT CAG CTG CTG GAC TTC GAG AGG ACG CTG GGA CTC AGC AGC CCA TGT GAC AAC AGG GTT CCA GCA --- --- CAG CAG CTG TAT TTT ACC ACC CCT TCC AAC CAG AAT GTA TAC CAG GTG GAC TCT CTG CAA TCT ACG 
Bos taurus                                 ATG ATA GAT ACG CTC AGA CCC GTG CCC TTC GCG TCG GAA ATG GCG ATC AGC AAG ACG GTG GCG TGG CTC AAC GAG CAG CTG GAG CTG GGC AAC GAG CGG CTG CTG TTG ATG GAC TGC CGG CCG CAG GAG CTG TAC GAG TCG TCC CAC ATC GAG TCC GCC ATC AAC GTG GCC ATT CCA GGG ATC ATG CTG CGG CGC CTG CAG AAG GGC AGC CTG CCG GTG CGC GCG CTA TTC ACG CGC GGC --- GAG GAC CGG GAC CGC TTC ACC CGG CGC TGC GGC ACC GAT ACC GTG GTG CTC TAC GAT GAG AGC AGC AGC GAC TGG AAC GAG AAT ACG GGC GGC GAG TCG GTG CTC GGG CTG CTG CTC AAG AAG CTC AAG GAC GAG GGA TGC CGG GCG TTC TAC CTG GAA GGT GGT TTC AGT AAG TTC CAA GCC GAG TTC GCC CTG CAC TGC GAG ACC AAT CTA GAC GGC TCG TGT AGC AGC AGC TCG CCA CCG TTG CCA GTG CTG GGG CTC GGG GGC CTG CGG ATC AGC TCC GAC TCC TCC TCG GAC ATT GAG TCT GAC CTT GAC CGA GAC CCC AAT AGT GCA ACG GAC TCG GAT GGC AGC CCG CTG TCC AAC AGT CAG CCT TCT TTC CCT GTG GAG ATC TTG CCC TTC CTC TAT TTG GGC TGT GCC AAG GAC TCC ACC AAC CTG GAC GTG TTG GAG GAG TTT GGC ATC AAG TAC ATA TTG AAC GTC ACC CCC AAC TTG CCG AAT CTC TTT GAG AAT GCA GGA GAG TTC AAA TAC AAG CAG ATC CCC ATC TCG GAT CAC TGG AGC CAA AAC CTG TCC CAG TTT TTC CCT GAG GCC ATT TCT TTC ATA GAT GAA GCC CGG GGC AAA AAC TGT GGC GTC CTG GTG CAT TGC TTA GCT GGC ATC AGC CGC TCG GTC ACT GTG ACT GTG GCT TAC CTT ATG CAG AAG CTC AAT CTG TCG ATG AAC GAT GCT TAT GAC ATT GTG AAG ATG AAG AAA TCC AAC ATC TCC CCC AAC TTC AAC TTC ATG GGC CAG CTG CTG GAC TTC GAG AGG ACG CTG GGA CTG AGC AGC CCC TGT GAC AAC CGC GTC CCC ACA --- --- CAG CAG CTC TAT TTC ACC ACC CCC TCC AAC CAG AAT GTC TAC CAG GTG GAC TCT CTG CAA TCC ACG 
Homo sapiens                               ATG ATA GAT ACG CTC AGA CCC GTG CCC TTC GCG TCG GAA ATG GCG ATC AGC AAG ACG GTG GCG TGG CTC AAC GAG CAG CTG GAG CTG GGC AAC GAG CGG CTG CTG CTG ATG GAC TGC CGG CCG CAG GAG CTA TAC GAG TCG TCG CAC ATC GAG TCG GCC ATC AAC GTG GCC ATC CCG GGC ATC ATG CTG CGG CGC CTG CAG AAG GGT AAC CTG CCG GTG CGC GCG CTC TTC ACG CGC GGC --- GAG GAC CGG GAC CGC TTC ACC CGG CGC TGT GGC ACC GAC ACA GTG GTG CTC TAC GAC GAG AGC AGC AGC GAC TGG AAC GAG AAT ACG GGC GGC GAG TCG GTG CTC GGG CTG CTG CTC AAG AAG CTC AAG GAC GAG GGC TGC CGG GCG TTC TAC CTG GAA GGT GGC TTC AGT AAG TTC CAA GCC GAG TTC TCC CTG CAT TGC GAG ACC AAT CTA GAC GGC TCG TGT AGC AGC AGC TCG CCG CCG TTG CCA GTG CTG GGG CTC GGG GGC CTG CGG ATC AGC TCT GAC TCT TCC TCG GAC ATC GAG TCT GAC CTT GAC CGA GAC CCC AAT AGT GCA ACA GAC TCG GAT GGT AGT CCG CTG TCC AAC AGC CAG CCT TCC TTC CCA GTG GAG ATC TTG CCC TTC CTC TAC TTG GGC TGT GCC AAA GAC TCC ACC AAC TTG GAC GTG TTG GAG GAA TTC GGC ATC AAG TAC ATC TTG AAC GTC ACC CCC AAT TTG CCG AAT CTC TTT GAG AAC GCA GGA GAG TTT AAA TAC AAG CAA ATC CCC ATC TCG GAT CAC TGG AGC CAA AAC CTG TCC CAG TTT TTC CCT GAG GCC ATT TCT TTC ATA GAT GAA GCC CGG GGC AAG AAC TGT GGT GTC TTG GTA CAT TGC TTG GCT GGC ATT AGC CGC TCA GTC ACT GTG ACT GTG GCT TAC CTT ATG CAG AAG CTC AAT CTG TCG ATG AAC GAT GCC TAT GAC ATT GTC AAA ATG AAA AAA TCC AAC ATA TCC CCT AAC TTC AAC TTC ATG GGT CAG CTG CTG GAC TTC GAG AGG ACG CTG GGA CTC AGC AGC CCA TGT GAC AAC AGG GTT CCA GCA --- --- CAG CAG CTG TAT TTT ACC ACC CCT TCC AAC CAG AAT GTA TAC CAG GTG GAC TCT CTG CAA TCT ACG 
Mus musculus                               ATG ATA GAT ACG CTC AGA CCC GTG CCC TTC GCG TCG GAA ATG GCG ATC TGC AAG ACG GTG TCG TGG CTC AAC GAG CAG CTG GAG CTG GGC AAC GAA CGG CTT CTG CTG ATG GAC TGC CGA CCA CAG GAG CTG TAC GAG TCG TCA CAC ATC GAA TCT GCC ATT AAT GTG GCC ATC CCC GGC ATC ATG CTG CGG CGT CTG CAG AAG GGC AAC CTG CCC GTG CGT GCG CTC TTC ACG CGC TGC --- GAG GAC CGG GAC CGC TTT ACC AGG CGC TGC GGC ACC GAC ACC GTG GTG CTG TAC GAC GAG AAT AGC AGC GAC TGG AAT GAG AAC ACT GGT GGA GAG TCG GTC CTC GGG CTG CTG CTC AAG AAA CTC AAA GAC GAG GGC TGC CGG GCG TTC TAC CTG GAA GGT GGC TTC AGT AAG TTC CAG GCC GAG TTC GCC CTG CAC TGC GAG ACC AAT CTA GAC GGC TCG TGC AGC AGC AGT TCC CCG CCT TTG CCA GTG CTG GGG CTC GGG GGC CTG CGG ATC AGC TCG GAC TCT TCC TCG GAC ATT GAG TCT GAC CTT GAC CGA GAC CCC AAT AGT GCA ACG GAC TCT GAT GGC AGC CCG CTG TCC AAC AGC CAG CCT TCC TTC CCG GTG GAG ATT TTG CCC TTC CTT TAC CTG GGC TGT GCC AAG GAC TCG ACC AAC TTG GAC GTG TTG GAA GAG TTT GGC ATC AAG TAC ATC TTG AAT GTC ACC CCC AAT TTG CCC AAT CTG TTT GAG AAT GCG GGC GAG TTC AAA TAC AAG CAA ATT CCT ATC TCG GAT CAC TGG AGC CAA AAC CTG TCC CAG TTT TTC CCT GAG GCC ATT TCT TTC ATA GAT GAA GCC CGA GGC AAA AAC TGT GGT GTC CTG GTG CAT TGC TTG GCA GGT ATC AGC CGC TCT GTC ACC GTG ACA GTG GCG TAC CTC ATG CAG AAG CTC AAC CTG TCC ATG AAC GAT GCT TAC GAC ATT GTT AAG ATG AAG AAG TCC AAC ATC TCC CCC AAC TTC AAC TTC ATG GGC CAG CTG CTT GAC TTC GAA AGG ACC CTG GGA CTG AGC AGC CCT TGT GAC AAC CGT GTC CCC ACT --- --- CCG CAG CTG TAC TTC ACC ACG CCC TCC AAC CAG AAC GTC TAC CAG GTG GAC TCC CTG CAG TCT ACG 
Danio rerio                                ATG CTC GAT AAG TTC AAA CCC GTG CAG ATC GAT TCG GTC ATG GCC ATA AGC AAG ACG GTA GAG TGG CTG AAG GAG CAG CTA GAA ACG CGC AGA GAC TGT TTG CTC GTT ATG GAC TGC CGA GCG CAA GAG CTG TAC GAG TCG TCG CAC GTC GAA ACG GCC ATT AAC GTG GCC ATC CCG AGC CTC ATG CTC CGG CGA CTC AAG AAA GGC AAC CTG CCC ATC AAG TCT CTG CTT TCT AAC GGG --- GAA GAC AGG GAA AGG TTC GCG CGG AGA TGC AAG ACG GAC ACG ATC GTG TTG TAC GAC GAG TAC AGC CGC GAG TGG AAT GAA AAC ATC GAC GGC GGC TCC GTG TTG GGT TTA CTG CTG AGG AGA ATG AAG GAC GAG GGC TAC AAG GCT TTC TAT CTC GAG GGT GGC TTC AGC AAA TTT CAA ACT GAT TTT CCC GCA ATG TGT GAG ACG AAC CTC GAC GGT TCG TCA AGC AGC AGT TCC CCA ACC TCC CAG GTC CTG GGT CTC GGA GGG CTC AGA ATC AGC TCT GAC --- TCC TCG GAC ATC GAG TCG GAT ATC GAC CGA GAC CCA AGC AGT GCA ACT GAC TCA GAT GGC AGC CCC CTT TCC AAC CCC CAG CCC TCA TTC CCC GTG GAG ATC CTT CCA CAT CTG TAT CTG GGC TGT GCT AAG GAC TCC ACA AAC CTG GAT ATC CTG GAG GAG TTT GGC ATC AAG TAC ATC TTG AAC GTG ACC CCT AAT CTC CCC AAC ATG TTC GAG AAT GCC GGG GAG TTT AAG TAC AAG CAG ATT CCC ATC TCT GAT CAC TGG AGC CAG AAC CTC TCA CAG TTT TTC CCT GAA GCC ATC AGC TTT ATT GAT GAG GCC CGT GGA CTG AAG TGT GGC GTG CTT GTT CAC TGC CTT GCA GGC ATC AGT CGT TCT GTC ACT GTA ACA GTG GCG TAC CTC ATG CAG AAG CTC AAC CTG TCC ATG AAC GAT GCT TAT GAC ATT GTC AAA ATG AAG AAG TCG AAC ATC TCG CCC AAC TTT AAC TTC ATG GGT CAA CTC TTG GAC TTT GAG CGC ACG TTA GGA CTC AAG AGT CCG TGT GAT AAC CGT GTG CCG GCC CCA ACC CAG CCA CTG TAC TTC ACC ACA CCA ACC AAT CAC AAC GTT TTT CAG TTG GAC CCT CTC GAG TCC ACG 
Canis lupus familiaris                     ATG ATA GAT ACG CTC AGA CCC GTG CCC TTC GCG TCG GAA ATG GCG ATC AGC AAG ACC GTG GCG TGG CTC AAC GAG CAG CTG GAG CTG GGC AAC GAG CGG CTG CTG CTG ATG GAC TGC CGG CCG CAG GAG CTG TAC GAG TCG TCG CAC ATC GAG TCG GCC ATC AAC GTG GCC ATC CCG GGC ATC ATG CTG CGG CGC CTG CAG AAG GGC AAC CTG CCC GTG CGC GCG CTC TTC ACG CGC GGC --- GAG GAC CGC GAC CGC TTC ACG CGG CGC TGC GGC ACC GAC ACG GTC GTG CTC TAC GAC GAG AGC AGC AGC GAC TGG AAC GAG AAC ACC GGC GGC GAG TCC GTG CTT GGG TTG CTG CTC AAG AAG CTC AAG GAC GAG GGC TGC CGG GCC TTC TAC CTG GAA GGT GGC TTC AGT AAG TTC CAA GCC GAG TTC GCC CTG CAC TGC GAG ACC AAC CTG GAC GGC TCG TGT AGC AGC AGC TCG CCA CCG TTG CCA GTG CTG GGC CTC GGG GGC CTG CGG ATC AGC TCC GAC TCC TCC TCG GAT ATT GAG TCT GAC CTT GAC CGA GAC CCC AAT AGC GCG ACG GAC TCG GAT GGC AGC CCG CTC TCC AAC AGC CAG CCT TCT TTC CCC GTG GAG ATC TTG CCC TTC CTC TAC TTG GGC TGT GCC AAG GAC TCC ACC AAC CTG GAC GTG TTG GAG GAG TTC GGC ATC AAA TAC ATC TTG AAC GTC ACC CCC AAT TTG CCG AAT CTC TTT GAG AAC GCA GGA GAG TTC AAA TAC AAG CAG ATC CCC ATC TCG GAT CAC TGG AGT CAA AAC CTG TCC CAG TTT TTC CCC GAG GCC ATT TCT TTC ATA GAT GAA GCC CGG GGC AAA AAC TGT GGT GTC TTG GTG CAT TGC TTG GCT GGC ATC AGC CGC TCG GTC ACT GTC ACT GTG GCT TAT CTT ATG CAG AAG CTC AAT CTG TCA ATG AAC GAT GCT TAC GAC ATT GTC AAG ATG AAG AAA TCC AAC ATC TCC CCC AAT TTC AAC TTC ATG GGC CAG CTG CTG GAC TTC GAG AGG ACG CTT GGA CTC AGC AGC CCC TGT GAC AAT CGG GTC CCC GCG --- --- CAG CAG CTC TAT TTC ACC ACC CCC TCC AAC CAG AAT GTC TAC CAG GTG GAC TCC CTG CAG TCC ACG 



Printing out site pattern counts


         8        954  P G
G 2      101    217

Rattus norvegicus                           --- --- AAC AAC AAT AAT AAT AAT ACC ACC ACC ACG ACG ACG AGA AGC AGC AGC AGC AGC AGC AGG AGT ATA ATC ATC ATG ATT CAA CAA CAG CAG CAG CAG CCA CCC CCC CCC CCC CCC CCC CCC CCG CCG CCT CGA CGT CTA CTC CTC CTC CTC CTG CTG CTG CTG CTG CTT GAA GAC GAC GAC GAC GAG GAT GCA GCA GCG GCG GCG GGA GGA GGC GGC GGC GGG GTC GTC GTG GTG GTG TAC TAC TCC TCC TCC TCC TCC TCC TCC TCC TCG TCT TCT TCT TGC TGT TTC TTC TTC TTG --- AAA AAA AAA AAA AAC AAC AAC AAC AAC AAC AAC AAC AAC AAC AAC AAC AAG AAG AAG AAG AAG AAG AAG AAG AAT AAT AAT AAT ACA ACA ACC ACC ACC ACC ACG ACG ACG ACT AGC AGC AGC AGC AGC AGG AGG AGT ATA ATC ATC ATC ATC ATC ATC ATC ATC ATC ATG ATT ATT ATT ATT CAA CAA CAC CAC CAG CAG CAG CAG CAG CAT CCC CCC CCC CCC CCG CCG CCG CCG CCT CCT CGA CGA CGC CGC CGC CGC CGC CGG CGG CGG CGT CTA CTC CTC CTC CTC CTC CTC CTG CTG CTG CTG CTG CTG CTG CTG CTG CTG CTG CTG CTG CTT CTT CTT CTT GAA GAA GAA GAA GAA GAC GAC GAC GAC GAC GAC GAG GAG GAG GAG GAG GAG GAT GAT GCA GCC GCC GCC GCC GCC GCG GCG GCG GCG GCT GCT GGA GGC GGC GGC GGC GGC GGC GGC GGC GGC GGC GGG GGG GGT GGT GGT GTC GTC GTC GTC GTC GTG GTG GTG GTG GTG GTG GTG TAC TAC TAC TAC TAT TCC TCC TCC TCC TCG TCG TCG TCT TCT TCT TCT TCT TGC TGC TGC TGC TGC TGG TGT TTC TTC TTC TTC TTC TTC TTG TTG TTG TTG TTG TTG TTT TTT TTT TTT TTT
Gallus gallus                               --- --- AAC ACC AAC AAC AAT AAT ACC ACC ACG ACC ACG ACG AGA AAC AGC AGC AGC AGC AGC CGA AGT CTA ATC ATT ATG ATC CAG CAG CAG CAG CAG CAG CCC CCC CCC CCC CCC CCT CCT CCT CCG CCT CCT AGA CGA CTA CTC CTG TTC TTG CTC CTC CTG CTG CTG ATT GAA GAC GAC GAC GAT GAG GAT AAC GCC ACC GCG GCG GGC GGG AGC GGC GGC GGA GTC GTG GTC GTC GTG TAC TTC GCC TCA TCC TCC TCC TCC TCG TCT TCG TCC TCC TCT TGT TGT TTC TTC TTC CTG GAG AAA AAG AAG CGC AAC AAC AAC AAC AAC AAC AAC AAC AAT AAT AAT CAC AAA AAA AAG AAG AAG AAG AAG AAG AAC AAC AAC AAC ACG ACG ACC ACC ACG GCC ACG GCC TCC ACG AGC AGC AGC AGT CGC CGC CGG AGC ATA ATA ATC ATC ATC ATC ATC ATC ATC ATT ATG ATC ATC ATC ATC CAA CAG CAC CAC CAG CAG CAG CAG CGG CAC CCC CCC CCC CCC CCC CCC CCC CCT CCC CCC CGA CGG AGC CGC CGC CGC CGG AAG CGC CGG CGG CTG CTC CTC CTC CTG CTG CTG ATG CTC CTG CTG CTG CTG CTG CTG CTG CTG CTG TTG TTG CTA CTC CTC CTG GAA GAA GAC GAG GAG GAC GAC GAC GAC GAG GAT GAA GAG GAG GAG GAG GAG GAC GAT GCC GCC GCC GCC GCC GCG GCC GCG GCG GCG GCC GCC GGC GGC GGC GGC GGC GGC GGC GGG GGG GGT GGT GGC GGG GGC GGC GGT GTC GTC GTC GTG GTT CTG GTG GTG GTG GTG GTG GTT TAC TAC TAC TAT TAC TCC TCC TCG TCT TCC TCC TCG TCA TCC TCG TCT TCT AGC TGC TGC TGC TGC TGG TGT GTC TAC TTC TTC TTC TTT CTG CTG TTA TTA TTA TTG TTC TTC TTT TTT TTT
Pan troglodytes                             --- --- AAC AAC AAC AAT AAT AAT ACC ACG ACC ACA ACG ACG AGA AGC AGC AGC AGC AGC AGT CGG AGT ATA ATC ATC ATG ATC CAA CAG CAG CAG CAG CAG CCA CCA CCA CCC CCC CCC CCG CCT CCG CCG CCT CGA AGG CTA CTG CTC CTC CTC CTG CTG CTG CTG CTG CTT GAA GAC GAC GAC GAC GAG GAT GCA GCA ACC GCG GCG GGG GGA GGC GGC GGC GGG GTA GTT GTG GTG GTG TAT TAC TCC TCT TCC TCC TCT TCT TCG TCG TCG TCT TCT TCT TGT TGT TTC TTC TTT TTG --- AAG AAA AAG AAG AAC AAC AAC AAC AAC AAC AAT AAT AAC AAC AAC AGC AAG AAG AAA AAA AAA AAG AAG AAG AAC AAC AAT AAT ACG ACT ACC ACC ACA ACC ACT ACG ACG ACC AGC AGC AGC AGC AGC CGG AGG AGT ATA ATC ATC ATC ATC ATC ATC ATC ATT ATA ATG ATC ATC ATT ATT CAA CAA CAC CAT CAA CAG CAG CAG CGG CAT CCC CCC CCG CCT CCA CCG CCG CCG CCC CCT CGG CGG CGC CGC CGC CGC CGC CGG CGG CGG CGC CTC CTC CTC CTC CTC CTC CTC CTG CTC CTG CTG CTG CTG CTG CTG CTG TTG TTG CTA TTG CTG CTC CTT CTG GAA GAG GAG GAG GAG GAC GAC GAC GAT GAC GAC GAG GAA GAG GAG GAG GAG GAT GAT GCA GCC GCC GCC GCC GCC GCG GCG GCG GCT GCC GCT GGC GGC GGC GGC GGC GGC GGT GGC GGC GGC GGT GGA GGG GGC GGT GGT GTC GTC GTC GTG GTC GTG GTA GTG GTG GTG GTG GTG TAC TAC TAC TAC TAT TCC TCG TCA TCC TCG TCG TCG TCG TCC TCG TCC TCT GGC TGC TGC TGC TGT TGG TGT TTC TTC TTC TTC TTT TTC CTG TTG TTG TTG TTG TTG TTC TTT TTC TTC TTT
Bos taurus                                  --- --- AAC AAC AAC AAT AAT AAT ACC ACG ACC ACG ACG ACG AGA AGT AGC AGC AGC AGC AGC CGG AGT ATA ATC ATC ATG ATT CAA CAG CAG CAG CAG CAG CCA CCC CCC CCC CCC CCC CCG CCC CCG CCA CCT CGA CGC CTA CTC CTG CTC CTC CTG CTG CTG CTG CTG CTT GAA GAC GAC GAC GAC GAG GAT ACA GCA ACC GCG GCG GGG GGA GGC GGC GGC GGG GTC GTC GTG GTG GTG TAT TAC TCC TCC TCC TCT TCC TCT TCG TCG TCG TCC TCC TCT TGT TGT TTC TTC TTC TTG --- AAG AAG AAA AAG AAC AAC AAC AAC AAC AGC AAT AAT AAC AAC AAC AGC AAG AAG AAA AAA AAG AAG AAG AAG AAC AAT AAC AAT ACG ACT ACC ACC ACC ACC ACT ACG ACG ACC AGC AGC AGC AGC AGC CGG AGG AGT ATA ATC ATA ATC ATC ATC ATC ATT ATC ATC ATG ATC ATC ATT ATT CAA CAG CAC CAC CAA CAG CAG CAG CGG CAT CCC CCC CCG CCC CCT CCA CCG CCG CCC CCT CGG CGG CGC CGC CGC CGC CGC CGG CGG CGG CGC CTA CTC CTC CTC CTC CTC CTC CTG CTC CTG CTG CTG CTG CTG CTG TTG CTG TTG CTG TTG CTG CTC CTT CTG GAA GAG GAG GAG GAG GAC GAC GAC GAT GAC GAT GAG GAG GAG GAG GAG GAG GAT GAT GCA GCC GCC GCC GCC GCC GCG GCG GCG GCT GCT GCT GGC GGA GGC GGC GGC GGG GGC GGC GGC GGT GGC GGA GGG GGC GGC GGT GTC GTC GTG GTG GTC GTG GTG GTG GTG GTG GTG GTG TAC TAC TAT TAC TAT TCC TCG TCG TCC TCC TCG TCG TCG TCC TCC TCC TCT GGC TGC TGC TGC TGC TGG TGT TTC TTC TTC TTC TTC TTC CTG CTG TTA TTG TTG TTG TTC TTT TTC TTT TTT
Homo sapiens                                --- --- AAC AAC AAC AAT AAT AAT ACC ACG ACC ACA ACG ACG AGA AGC AGC AGC AGC AGC AGT CGG AGT ATA ATC ATC ATG ATC CAA CAG CAG CAG CAG CAG CCA CCA CCA CCC CCC CCC CCG CCT CCG CCG CCT CGA AGG CTA CTG CTC CTC CTC CTG CTG CTG CTG CTG CTT GAA GAC GAC GAC GAC GAG GAT GCA GCA ACC GCG GCG GGG GGA GGC GGC GGT GGG GTA GTT GTG GTG GTG TAT TAC TCC TCC TCC TCC TCT TCT TCG TCG TCG TCT TCT TCT TGT TGT TTC TTC TTT TTG --- AAG AAA AAG AAG AAC AAC AAC AAC AAC AAC AAT AAT AAC AAC AAC AGC AAG AAG AAA AAA AAA AAG AAG AAG AAC AAC AAT AAT ACG ACT ACC ACC ACA ACC ACT ACG ACG ACC AGC AGC AGC AGC AGC CGG AGG AGT ATA ATC ATC ATC ATC ATC ATC ATC ATT ATA ATG ATC ATC ATT ATT CAA CAA CAC CAT CAA CAG CAG CAG CGG CAT CCC CCC CCG CCT CCA CCG CCG CCG CCC CCT CGG CGG CGC CGC CGC CGC CGC CGG CGG CGG CGC CTC CTC CTC CTC CTC CTC CTC CTG CTC CTG CTG CTG CTG CTG CTG CTG TTG TTG CTA TTG CTG CTC CTT CTG GAA GAG GAG GAG GAG GAC GAC GAC GAC GAC GAC GAG GAA GAG GAG GAG GAG GAT GAT GCA GCC GCC GCC TCC GCC GCG GCG GCG GCT GCC GCT GGC GGC GGC GGC GGC GGC GGT GGC GGC GGC GGT GGA GGG GGC GGT GGT GTC GTC GTC GTG GTC GTG GTA GTG GTG GTG GTG GTG TAC TAC TAC TAC TAT TCC TCG TCA TCC TCG TCG TCG TCG TCC TCG TCC TCT GGC TGC TGC TGC TGT TGG TGT TTC TTC TTC TTC TTT TTC CTG TTG TTG TTG TTG TTG TTC TTT TTC TTC TTT
Mus musculus                                --- --- AAC AAC AAC AAT AAC AAT ACC ACC ACC ACG ACG ACG AGA AGC AGC AGC AGC AGT AGC CGG AGT ATA ATC ATC ATG ATT CAG CAG CAG CAG CAG CCG CCA CCC CCT CCC CCC CCC CCT CCC CCG CCG CCT CGA CGT CTA CTG CTG CTC CTC CTG CTG CTG CTG CTG CTT GAA GAC GAC GAC GAC GAG GAT ACT GCA ACG GCG GCG GGG GGA GGC GGC GGC GGG GTC GTC GTG GTG GTG TAC TAC TCC TCC TCC TCC TCG TCC TCT TCC TCG TCT TCT TCT TGC TGT TTC TTC TTC TTG --- AAA AAG AAA AAA AAC AAC AAC AAC AAT AAC AAC AAC AAC AAC AAT AAT AAG AAG AAA AAG AAG AAG AAG AAG AAT AAT AAT AAT ACT ACA ACC ACC ACC ACC ACC ACG ACG ACC AGC AGC AGC TGC AGC AGG AGG AGT ATA ATC ATC ATC ATC ATC ATT ATC ATC ATC ATG ATT ATT ATT ATT CAA CAA CAC CAC CAG CAG CAG CAG CGG CAT CCC CCC CCC CCC CCG CCC CCC CCA CCT CCT CGA CGA CGC CGC CGC CGT CGC CGG CGG CGG CGT CTC CTC CTC CTC CTC CTC CTG CTG CTG CTG CTG CTG CTG CTG CTT CTG CTG TTG CTG CTG CTG CTT CTC CTT GAA GAA GAA GAA GAA GAC GAC GAC GAC GAC GAC GAG GAG GAG GAG GAG GAG GAT GAT GCG GCC GCC GCC GCC GCC GCG GCG TCG GCA GCT GCG GGA GGC GGC GGC GGC GGC GGC GGC GGT GGC GGC GGC GGG GGT GGT GGT GTC GTC GTT GTC GTC GTG GTG GTG GTG GTG GTG GTG TAC TAC TAC TAC TAC TCC TCC TCT TCC TCA TCG TCG TCG TCG TCT TCC TCT TGC TGC TGC TGC TGC TGG TGT TTC TTC TTC TTC TTC TTC CTG TTG TTG TTG TTG TTG TTT TTT TTC TTT TTT
Danio rerio                                 ACC CCA AAT AAC AAC AAC AAC AGC ACC ACG ACG ACT AAG ACG AAA CCC AAG AGC AGT AGT AGC AGA AGT CTC ATC ATA ATG ATC GAG CAG CAC CAG CCA CAG CAG CCG CCG CCA CCC CAG ACC CCA CCC CCA CCC CGA CGT CTC CTG CTC TTC CTC CTC CTT CTC CTG TTA ATC GTC GAC GAC GAT GAC GAG GAT GCC GCA ACA GAT GCC GGT GGA GGT GGG GGC GGA GTT GTG GTC GTG TTG TAC TTT ACC TCC TCC TCA TCT CCT TCA TCC TCG --- TCC TCG TCA TGT ATC TTC TTC TCC --- AAG AAA CTG AGA AAC AAC AAG AGA AAC AAC AAC AAC AAC AAG AAC TAC AAG AAG AAG AAG AAG AAA AAG AGG AAT AAT AAT AAC ATC ACA ACC ACG ACG GCG ACT TCT ACG ACA AGC AGC AGT AGC CGC CGG CGC AGC ATT ATC ATC ATC CTC GTC ATT ATC ATC ATC ATG ATC ATT ATC ATT CAG CAG CAC ATG CAA AAG CAA CAG TGT CAC CCA CCT CCC CCC CCC CCG CCC GCG CCC CCT CGA CGT AAC AGG CGT AAG AGA AAG AGG CGG CGA CTG ATG CTC CTG CTG TTG TTG ACG ATG CTA CTC CTG GCA TTA TTG GTT CTT CTC CTG CTG CTC CTG CTC TTG GAG GAG GAC GAA GAG GAC GAG GAT GAC GAA GAC GAG GAG GAA GAG GAT GGC GAT GAT GCC ACT GCC GCT CCC GCC TCT GCT GAG GCA GCT GCG GGC GGC AAG CGC GGC AGC GGC GGA GGC GGC GGT GGG GGT GAC GGC GGT GTC GTG GTC GTG GTG ATC GTT ATC GTA GTA GTG ATC TAC TAC TAT TAT TAT TCG TCC TCT TCA TCG TCC TCG TCT TCC ACG TCG AGC GGG TAC TGC TGT TGC TGG TGT CTT CAT TTC TTT TTT TTT CTG CTG CTT CTG CTT TTG TTC TTT TTT TTT TTC
Canis lupus familiaris                      --- --- AAC AAC AAT AAC AAT AAT ACC ACG ACC ACG ACG ACG AGA AGC AGC AGC AGC AGC AGC CGG AGC ATA ATC ATC ATG ATT CAG CAG CAG CAG CAG CAG CCA CCC CCC CCC CCC CCC CCG CCC CCG CCA CCT CGA CGG CTG CTC CTC CTC CTC CTG CTC CTG CTG CTT CTT GAA GAC GAT GAC GAC GAG GAT GCG GCG ACC GCG GCG GGC GGA GGC GGC GGC GGG GTC GTC GTG GTG GTG TAT TAC TCC TCC TCC TCT TCC TCC TCG TCG TCG TCC TCC TCT TGT TGT TTC TTC TTC TTG --- AAG AAG AAA AAG AAC AAT AAC AAC AAC AAC AAC AAT AAC AAC AAC AGC AAA AAG AAA AAA AAG AAG AAG AAG AAC AAC AAT AAT ACC ACT ACC ACC ACG ACG ACT ACG ACC ACC AGC AGT AGC AGC AGC CGG AGG AGT ATA ATC ATC ATC ATC ATC ATC ATC ATC ATC ATG ATC ATC ATT ATT CAA CAG CAC CAC CAA CAG CAG CAG CGG CAT CCC CCC CCG CCC CCC CCG CCC CCG CCC CCC CGG CGG CGC CGC CGC CGC CGC CGG CGC CGG CGC CTC CTC CTC CTC CTC CTT CTC CTG CTC CTG CTG CTG CTG TTG CTG CTG TTG TTG CTG TTG CTG CTC CTT CTG GAA GAG GAG GAG GAG GAC GAC GAC GAC GAC GAC GAG GAG GAG GAG GAG GAG GAT GAT GCA GCC GCC GCC GCC GCC GCG GCC GCG GCT GCT GCT GGC GGC GGC GGC GGC GGC GGC GGC GGC GGC GGC GGA GGG GGC GGT GGT GTC GTC GTC GTG GTC GTG GTG GTC GTC GTG GTG GTG TAC TAT TAC TAC TAC TCC TCA TCG TCC TCG TCC TCG TCG TCC TCG TCC TCT GGC TGC TGC TGC TGC TGG TGT TTC TTC TTC TTC TTC TTC CTG CTG TTG TTG TTG TTG TTC TTT TTC TTC TTT



    1    1    1    1    1    1    1    1    1    1    1    1    1    1    1
    1    1    3    1    1    1    1    1    1    1    1    2    1    1    1
    1    1    1    1    1    1    1    1    1    1    1    1    1    1    1
    1    1    1    1    1    1    1    1    1    1    1    1    1    1    5
    1    2    1    1    2    1    1    1    1    1    1    1    1    1    1
    1    1    1    1    1    1    1    1    1    1    1    1    1    1    1
    1    3    1    1    1    1    1    1    1    1    1    1    1    1    1
    1    3    1    1    1    1    1    1    1    2    1    1    1    1    1
    1    1    2    2    2    1    1    1    1    1    1    1    1    1    1
    1    1    1    1    1    1    1    1    1    1    1    1    1    1    1
    1    1    1    1    1    1    1    1    6    1    1    1    1    1    1
    2    1    1    1    2    3    1    1    1    1    1    1    1    1    1
    1    1    1    1    1    1    1    1    1    1    1    1    1    1    1
    1    1    1    1    1    1    1    1    1    5    2    1    1    1    1
    1    1    1    1    1    1    1    1    2    1    1    1    1    6    1
    1    1    1    1    3    1    4    6    1    1    1    2    1    1    3
    1    1    1    1    1    1    1    1    1    1    1    1    1    2    1
    1    1    1    1    1    1    1    1    1    1    1    1    1    1    1
    1    1    1    1    1    4    1    4    1    1    1    1    1    1    1
    1    1    1    1    1    1    1    1    1    1    1    2    1    1    3
    2    1    1    4    3    1    1    1    1    1    1    1    1    1    1
    1    1    1

CODONML (in paml version 4.4b, July 2010)  torun.nuc
Model: One dN/dS ratio for branches Global clock  (2 genes: diff. rate & k&w)  
Codon frequency model: F3x4
ns =   8  ls = 384

Codon usage in sequences
--------------------------------------------------------------------------------------------------------------
Phe TTT  5  4  4  3  4  4 | Ser TCT  8  5  7  4  6  7 | Tyr TAT  1  1  2  3  2  0 | Cys TGT  3  4  5  4  5  3
    TTC 14 15 15 16 15 15 |     TCC 12 12  7 12  9 10 |     TAC  9  9  8  7  8 10 |     TGC  7  5  4  5  4  8
Leu TTA  0  3  0  1  0  0 |     TCA  0  2  1  0  1  1 | *** TAA  0  0  0  0  0  0 | *** TGA  0  0  0  0  0  0
    TTG  7  4  9  7  9  7 |     TCG  6  7 11 10 11  9 |     TAG  0  0  0  0  0  0 | Trp TGG  3  3  3  3  3  3
--------------------------------------------------------------------------------------------------------------
Leu CTT  5  0  2  2  2  4 | Pro CCT  3  6  4  3  4  5 | His CAT  1  0  2  1  2  1 | Arg CGT  2  0  0  0  0  3
    CTC 10  9 12 11 12  9 |     CCC 11 14  6 10  6 11 |     CAC  3  5  2  3  2  3 |     CGC  5  7  6  7  6  4
    CTA  2  3  2  2  2  1 |     CCA  1  0  4  3  4  2 | Gln CAA  4  1  4  3  4  2 |     CGA  3  3  1  1  1  3
    CTG 23 27 22 24 22 26 |     CCG  6  1  7  5  7  4 |     CAG 12 14 11 12 11 12 |     CGG  3  6  8  8  8  5
--------------------------------------------------------------------------------------------------------------
Ile ATT  5  3  3  4  3  6 | Thr ACT  1  0  2  2  2  2 | Asn AAT  8  6  7  7  7  9 | Ser AGT  2  2  3  3  3  3
    ATC 11 13 12 11 12 10 |     ACC  7  7  7  8  7  9 |     AAC 17 19 17 16 17 16 |     AGC 13 14 13 14 13 11
    ATA  2  2  3  3  3  2 |     ACA  2  0  2  1  2  1 | Lys AAA  4  3  5  3  5  4 | Arg AGA  1  2  1  1  1  1
Met ATG  8  9  8  8  8  8 |     ACG  6  8  6  7  6  6 |     AAG 11 12 10 12 10 11 |     AGG  3  0  2  1  2  2
--------------------------------------------------------------------------------------------------------------
Val GTT  0  2  1  0  1  1 | Ala GCT  2  0  2  3  2  1 | Asp GAT  5  6  6  7  5  5 | Gly GGT  3  3  4  2  5  4
    GTC  7  7  4  5  4  6 |     GCC  7 14  8  7  7  7 |     GAC 20 19 19 18 20 20 |     GGC 14 14 15 15 14 14
    GTA  0  0  2  0  2  0 |     GCA  3  0  3  2  3  2 | Glu GAA  7  7  4  3  4  7 |     GGA  3  1  2  3  2  2
    GTG 13 11 13 15 13 13 |     GCG  7  6  5  5  5  6 |     GAG 17 18 20 21 20 17 |     GGG  3  4  3  4  3  3
--------------------------------------------------------------------------------------------------------------

--------------------------------------------------------------
Phe TTT  9  2 | Ser TCT  5  3 | Tyr TAT  3  2 | Cys TGT  5  4
    TTC  9 17 |     TCC  8 12 |     TAC  8  8 |     TGC  3  5
Leu TTA  2  0 |     TCA  4  1 | *** TAA  0  0 | *** TGA  0  0
    TTG  6  9 |     TCG  8 10 |     TAG  0  0 | Trp TGG  3  3
--------------------------------------------------------------
Leu CTT  5  4 | Pro CCT  3  1 | His CAT  1  1 | Arg CGT  3  0
    CTC 16 13 |     CCC 10 13 |     CAC  4  3 |     CGC  3  7
    CTA  1  0 |     CCA  6  2 | Gln CAA  3  2 |     CGA  3  1
    CTG 14 21 |     CCG  3  5 |     CAG 10 13 |     CGG  2  8
--------------------------------------------------------------
Ile ATT  4  3 | Thr ACT  3  2 | Asn AAT  4  7 | Ser AGT  4  2
    ATC 16 13 |     ACC  5  8 |     AAC 17 17 |     AGC 11 14
    ATA  1  2 |     ACA  3  0 | Lys AAA  4  4 | Arg AGA  4  1
Met ATG 11  8 |     ACG  8  7 |     AAG 17 11 |     AGG  3  1
--------------------------------------------------------------
Val GTT  3  0 | Ala GCT  3  3 | Asp GAT 10  6 | Gly GGT  5  2
    GTC  5  8 |     GCC  7  8 |     GAC 17 19 |     GGC 10 18
    GTA  2  0 |     GCA  3  1 | Glu GAA  6  3 |     GGA  3  2
    GTG  9 12 |     GCG  3  6 |     GAG 18 21 |     GGG  3  2
--------------------------------------------------------------

Codon position x base (3x4) table for each sequence.

#1: Rattus norvegicus
position  1:    T:0.19685    C:0.24672    A:0.26509    G:0.29134
position  2:    T:0.29396    C:0.21522    A:0.31234    G:0.17848
position  3:    T:0.14173    C:0.43832    A:0.08399    G:0.33596
Average         T:0.21085    C:0.30009    A:0.22047    G:0.26859

#2: Gallus gallus  
position  1:    T:0.19372    C:0.25131    A:0.26178    G:0.29319
position  2:    T:0.29319    C:0.21466    A:0.31414    G:0.17801
position  3:    T:0.10995    C:0.47906    A:0.07068    G:0.34031
Average         T:0.19895    C:0.31501    A:0.21553    G:0.27051

#3: Pan troglodytes
position  1:    T:0.19948    C:0.24409    A:0.26509    G:0.29134
position  2:    T:0.29396    C:0.21522    A:0.30709    G:0.18373
position  3:    T:0.14173    C:0.40682    A:0.08924    G:0.36220
Average         T:0.21172    C:0.28871    A:0.22047    G:0.27909

#4: Bos taurus     
position  1:    T:0.19685    C:0.24934    A:0.26509    G:0.28871
position  2:    T:0.29396    C:0.21522    A:0.30446    G:0.18635
position  3:    T:0.12598    C:0.43307    A:0.06824    G:0.37270
Average         T:0.20560    C:0.29921    A:0.21260    G:0.28259

#5: Homo sapiens   
position  1:    T:0.20210    C:0.24409    A:0.26509    G:0.28871
position  2:    T:0.29396    C:0.21522    A:0.30709    G:0.18373
position  3:    T:0.13911    C:0.40945    A:0.08924    G:0.36220
Average         T:0.21172    C:0.28959    A:0.22047    G:0.27822

#6: Mus musculus   
position  1:    T:0.20210    C:0.24934    A:0.26509    G:0.28346
position  2:    T:0.29396    C:0.21785    A:0.30709    G:0.18110
position  3:    T:0.15223    C:0.42782    A:0.07349    G:0.34646
Average         T:0.21610    C:0.29834    A:0.21522    G:0.27034

#7: Danio rerio    
position  1:    T:0.19110    C:0.22775    A:0.30105    G:0.28010
position  2:    T:0.29581    C:0.21466    A:0.31937    G:0.17016
position  3:    T:0.18325    C:0.39005    A:0.11780    G:0.30890
Average         T:0.22339    C:0.27749    A:0.24607    G:0.25305

#8: Canis lupus familiaris
position  1:    T:0.19948    C:0.24672    A:0.26247    G:0.29134
position  2:    T:0.29396    C:0.21522    A:0.30709    G:0.18373
position  3:    T:0.11024    C:0.48031    A:0.04987    G:0.35958
Average         T:0.20122    C:0.31409    A:0.20647    G:0.27822

Codon usage in genes
--------------------------------------------------------------
Phe TTT  3 32 | Ser TCT 26 19 | Tyr TAT  4 10 | Cys TGT 13 20
    TTC 24 92 |     TCC 45 37 |     TAC 10 57 |     TGC  2 39
Leu TTA  1  5 |     TCA  4  6 | *** TAA  0  0 | *** TGA  0  0
    TTG  8 50 |     TCG 35 37 |     TAG  0  0 | Trp TGG  0 24
--------------------------------------------------------------
Leu CTT  8 16 | Pro CCT 16 13 | His CAT  0  9 | Arg CGT  3  5
    CTC 29 63 |     CCC 39 42 |     CAC  1 24 |     CGC  1 44
    CTA  7  6 |     CCA 17  5 | Gln CAA  5 18 |     CGA  9  7
    CTG 41 138 |     CCG 18 20 |     CAG 41 54 |     CGG  6 42
--------------------------------------------------------------
Ile ATT  6 25 | Thr ACT  2 12 | Asn AAT 21 34 | Ser AGT 13  9
    ATC 20 78 |     ACC 27 31 |     AAC 27 109 |     AGC 58 45
    ATA  7 11 |     ACA  4  7 | Lys AAA  1 31 | Arg AGA  9  3
Met ATG 16 52 |     ACG 27 27 |     AAG  2 92 |     AGG  3 11
--------------------------------------------------------------
Val GTT  3  5 | Ala GCT  0 16 | Asp GAT 21 29 | Gly GGT  3 25
    GTC 13 33 |     GCC  4 61 |     GAC 68 84 |     GGC 22 92
    GTA  2  4 |     GCA  9  8 | Glu GAA  7 34 |     GGA 10  8
    GTG 22 77 |     GCG 17 26 |     GAG  9 143 |     GGG 12 13
--------------------------------------------------------------

Codon position x base (3x4) table for each gene.


Gene #1
position  1:    T:0.19864    C:0.27355    A:0.27582    G:0.25199
position  2:    T:0.23837    C:0.32917    A:0.24631    G:0.18615
position  3:    T:0.16118    C:0.44268    A:0.10443    G:0.29171
Average         T:0.19939    C:0.34847    A:0.20885    G:0.24328

Gene #2
position  1:    T:0.19733    C:0.23329    A:0.26602    G:0.30337
position  2:    T:0.31674    C:0.16920    A:0.33564    G:0.17842
position  3:    T:0.12863    C:0.42923    A:0.07054    G:0.37160
Average         T:0.21423    C:0.27724    A:0.22407    G:0.28446

Sums of codon usage counts
------------------------------------------------------------------------------
Phe F TTT      35 | Ser S TCT      45 | Tyr Y TAT      14 | Cys C TGT      33
      TTC     116 |       TCC      82 |       TAC      67 |       TGC      41
Leu L TTA       6 |       TCA      10 | *** * TAA       0 | *** * TGA       0
      TTG      58 |       TCG      72 |       TAG       0 | Trp W TGG      24
------------------------------------------------------------------------------
Leu L CTT      24 | Pro P CCT      29 | His H CAT       9 | Arg R CGT       8
      CTC      92 |       CCC      81 |       CAC      25 |       CGC      45
      CTA      13 |       CCA      22 | Gln Q CAA      23 |       CGA      16
      CTG     179 |       CCG      38 |       CAG      95 |       CGG      48
------------------------------------------------------------------------------
Ile I ATT      31 | Thr T ACT      14 | Asn N AAT      55 | Ser S AGT      22
      ATC      98 |       ACC      58 |       AAC     136 |       AGC     103
      ATA      18 |       ACA      11 | Lys K AAA      32 | Arg R AGA      12
Met M ATG      68 |       ACG      54 |       AAG      94 |       AGG      14
------------------------------------------------------------------------------
Val V GTT       8 | Ala A GCT      16 | Asp D GAT      50 | Gly G GGT      28
      GTC      46 |       GCC      65 |       GAC     152 |       GGC     114
      GTA       6 |       GCA      17 | Glu E GAA      41 |       GGA      18
      GTG      99 |       GCG      43 |       GAG     152 |       GGG      25
------------------------------------------------------------------------------

(Ambiguity data are not used in the counts.)


Codon position x base (3x4) table, overall

position  1:    T:0.19770    C:0.24492    A:0.26885    G:0.28852
position  2:    T:0.29410    C:0.21541    A:0.30984    G:0.18066
position  3:    T:0.13803    C:0.43311    A:0.08033    G:0.34852
Average         T:0.20995    C:0.29781    A:0.21967    G:0.27257


Nei & Gojobori 1986. dN/dS (dN, dS)
(Pairwise deletion)
(Note: This matrix is not used in later ML. analysis.
Use runmode = -2 for ML pairwise comparison.)

Rattus norvegicus   
Gallus gallus        0.0491 (0.0371 0.7546)
Pan troglodytes      0.0130 (0.0058 0.4435) 0.0411 (0.0347 0.8451)
Bos taurus           0.0180 (0.0069 0.3848) 0.0524 (0.0347 0.6628) 0.0136 (0.0035 0.2545)
Homo sapiens         0.0158 (0.0069 0.4369) 0.0425 (0.0359 0.8451) 0.1038 (0.0012 0.0111) 0.0178 (0.0046 0.2596)
Mus musculus         0.0353 (0.0069 0.1960) 0.0473 (0.0365 0.7719) 0.0161 (0.0081 0.5014) 0.0161 (0.0069 0.4320) 0.0187 (0.0093 0.4943)
Danio rerio          0.0844 (0.1247 1.4772) 0.0609 (0.1094 1.7956) 0.0654 (0.1250 1.9106) 0.0705 (0.1266 1.7961) 0.0670 (0.1250 1.8642) 0.0821 (0.1287 1.5673)
Canis lupus familiaris 0.0102 (0.0046 0.4511) 0.0542 (0.0347 0.6404) 0.0000 (0.0000 0.3146) 0.0096 (0.0023 0.2396) 0.0037 (0.0011 0.3090) 0.0140 (0.0069 0.4953) 0.0811 (0.1251 1.5429)


TREE #  1:  (((((5, 3), (6, 1)), (4, 8)), 2), 7);   MP score: -1
lnL(ntime:  7  np: 12):  -3543.912619      +0.000000
   9..10   10..11   11..12   12..13   13..5    13..3    12..14   14..6    14..1    11..15   15..4    15..8    10..2     9..7  
 1.403987 0.396055 0.135490 0.135490 0.005201 0.056488 0.099642 1.144116 1.710457 0.023710 2.332738 0.015751
SEs for parameters:
 0.218406 0.047197 0.016044 0.015907 0.002642 0.008630 0.016043 0.121608 0.352756 0.004624 0.315710 0.002513
Note: Branch length is defined for the first gene (site partition).
For other genes, look at "rates for genes".

tree length =   3.63634 (1st gene)

(((((5: 0.005201, 3: 0.005201): 0.130289, (6: 0.056488, 1: 0.056488): 0.079002): 0.000000, (4: 0.099642, 8: 0.099642): 0.035848): 0.260565, 2: 0.396055): 1.007931, 7: 1.403987);

(((((Homo sapiens: 0.005201, Pan troglodytes: 0.005201): 0.130289, (Mus musculus: 0.056488, Rattus norvegicus: 0.056488): 0.079002): 0.000000, (Bos taurus: 0.099642, Canis lupus familiaris: 0.099642): 0.035848): 0.260565, Gallus gallus: 0.396055): 1.007931, Danio rerio: 1.403987);

Detailed output identifying parameters

rates for 2 genes:     1  1.14412

gene # 1: kappa =   1.71046 omega =   0.02371
gene # 2: kappa =   2.33274 omega =   0.01575

Time used:  0:26
