
seed used = 1418771613
      8   1095

Homo sapiens                               ATG AAT GGC ACA GAA GGC CCT AAC TTC TAC GTG CCC TTC TCC AAT GCG ACG GGT GTG GTA CGC AGC CCC TTC GAG TAC CCA CAG TAC TAC CTG GCT GAG CCA TGG CAG TTC TCC ATG CTG GCC GCC TAC ATG TTT CTG CTG ATC GTG CTG GGC TTC CCC ATC AAC TTC CTC ACG CTC TAC GTC ACC GTC CAG CAC AAG AAG CTG CGC ACG CCT CTC AAC TAC ATC CTG CTC AAC CTA GCC GTG GCT GAC CTC TTC ATG GTC CTA GGT GGC TTC ACC AGC ACC CTC TAC ACC TCT CTG CAT GGA TAC TTC GTC TTC GGG CCC ACA GGA TGC AAT TTG GAG GGC TTC TTT GCC ACC CTG GGC GGT GAA ATT GCC CTG TGG TCC TTG GTG GTC CTG GCC ATC GAG CGG TAC GTG GTG GTG TGT AAG CCC ATG AGC AAC TTC CGC TTC GGG GAG AAC CAT GCC ATC ATG GGC GTT GCC TTC ACC TGG GTC ATG GCG CTG GCC TGC GCC GCA CCC CCA CTC GCC GGC TGG TCC --- --- --- --- --- --- --- --- --- --- AGG TAC ATC CCC GAG GGC CTG CAG TGC TCG TGT GGA ATC GAC TAC TAC ACG CTC AAG CCG GAG GTC AAC AAC GAG TCT TTT GTC ATC TAC ATG TTC GTG GTC CAC TTC ACC ATC CCC ATG ATT ATC ATC TTT TTC TGC TAT GGG CAG CTC GTC TTC ACC GTC AAG GAG GCC GCT GCC CAG CAG CAG GAG TCA GCC ACC ACA CAG AAG GCA GAG AAG GAG GTC ACC CGC ATG GTC ATC ATC ATG GTC ATC GCT TTC CTG ATC TGC TGG GTG CCC TAC GCC AGC GTG GCA TTC TAC ATC TTC ACC CAC CAG GGC TCC AAC TTC GGT CCC ATC TTC ATG ACC ATC CCA GCG TTC TTT GCC AAG AGC GCC GCC ATC TAC AAC CCT GTC ATC TAT ATC ATG ATG AAC AAG CAG TTC CGG AAC TGC ATG CTC ACC ACC ATC TGC TGC GGC AAG AAC CCA CTG GGT GAC GAT GAG --- GCC TCT GCT --- ACC GTG TCC AAG ACG GAG --- --- --- --- --- ACG AGC CAG GTG GCC CCG GCC 
Bos taurus                                 ATG AAC GGG ACC GAG GGC CCA AAC TTC TAC GTG CCT TTC TCC AAC AAG ACG GGC GTG GTG CGC AGC CCC TTC GAG GCC CCG CAG TAC TAC CTG GCG GAG CCA TGG CAG TTC TCC ATG CTG GCC GCC TAC ATG TTC CTG CTG ATC ATG CTT GGC TTC CCC ATC AAC TTC CTC ACG CTG TAC GTC ACA GTC CAG CAC AAG AAG CTG CGC ACA CCC CTC AAC TAC ATC CTG CTC AAC CTG GCC GTG GCC GAC CTC TTC ATG GTC TTC GGG GGC TTC ACC ACC ACC CTC TAC ACC TCT CTG CAC GGG TAC TTC GTC TTT GGG CCC ACG GGC TGC AAC CTG GAG GGC TTC TTT GCC ACC TTG GGC GGT GAA ATT GCA CTG TGG TCC TTG GTG GTC CTG GCC ATC GAG CGG TAC GTG GTG GTG TGC AAG CCC ATG AGC AAC TTC CGC TTC GGG GAG AAC CAC GCC ATC ATG GGC GTC GCC TTC ACC TGG GTC ATG GCT CTG GCC TGT GCC GCG CCC CCC CTC GTC GGC TGG TCC --- --- --- --- --- --- --- --- --- --- AGG TAC ATC CCG GAG GGC ATG CAG TGC TCG TGC GGG ATT GAC TAC TAC ACG CCC CAC GAG GAG ACC AAC AAT GAG TCG TTC GTC ATC TAC ATG TTC GTG GTC CAC TTC ATC ATC CCC CTG ATT GTC ATA TTC TTC TGC TAC GGG CAG CTG GTG TTC ACC GTC AAG GAG GCG GCT GCC CAG CAG CAG GAG TCG GCC ACC ACT CAG AAG GCC GAG AAG GAG GTC ACC CGC ATG GTG ATC ATC ATG GTC ATC GCT TTC CTA ATC TGC TGG CTG CCC TAC GCT GGG GTG GCG TTC TAC ATC TTC ACC CAT CAG GGC TCT GAC TTT GGC CCC ATC TTC ATG ACC ATC CCG GCT TTC TTT GCC AAG ACT TCT GCC GTC TAC AAC CCC GTC ATC TAC ATC ATG ATG AAC AAG CAG TTC CGG AAC TGC ATG GTC ACC ACT CTC TGC TGT GGC AAG AAC CCG CTG GGT GAC GAC GAG --- GCC TCC ACC --- ACC GTC TCC AAG ACA GAG --- --- --- --- --- ACC AGC CAA GTG GCG CCT GCC 
Mus musculus                               ATG AAC GGC ACA GAG GGC CCC AAT TTT TAT GTG CCC TTC TCC AAC GTC ACA GGC GTG GTG CGG AGC CCC TTC GAG CAG CCG CAG TAC TAC CTG GCG GAA CCA TGG CAG TTC TCC ATG CTG GCA GCG TAC ATG TTC CTG CTC ATC GTG CTG GGC TTC CCC ATC AAC TTC CTC ACG CTC TAC GTC ACC GTA CAG CAC AAG AAG CTG CGC ACA CCC CTC AAC TAC ATC CTG CTC AAC TTG GCC GTG GCT GAC CTC TTC ATG GTC TTC GGA GGA TTC ACC ACC ACC CTC TAC ACA TCA CTC CAT GGC TAC TTC GTC TTT GGG CCC ACA GGC TGT AAT CTC GAG GGC TTC TTT GCC ACA CTT GGA GGT GAA ATC GCC CTG TGG TCC CTG GTG GTC CTG GCC ATT GAG CGC TAC GTG GTG GTC TGC AAG CCG ATG AGC AAC TTC CGC TTC GGG GAG AAT CAC GCT ATC ATG GGT GTG GTC TTC ACC TGG ATC ATG GCG TTG GCC TGT GCT GCT CCC CCA CTC GTT GGC TGG TCC --- --- --- --- --- --- --- --- --- --- AGG TAC ATC CCT GAG GGC ATG CAA TGT TCA TGC GGG ATT GAC TAC TAC ACA CTC AAG CCT GAG GTC AAC AAC GAA TCC TTT GTC ATC TAC ATG TTC GTG GTC CAC TTC ACC ATT CCT ATG ATC GTC ATC TTC TTC TGC TAT GGG CAG CTG GTC TTC ACA GTC AAG GAG GCG GCT GCC CAG CAG CAG GAG TCA GCC ACC ACT CAG AAG GCA GAG AAG GAA GTC ACC CGC ATG GTT ATC ATC ATG GTC ATC TTC TTC CTG ATC TGC TGG CTT CCC TAC GCC AGT GTG GCC TTC TAC ATC TTC ACC CAC CAG GGC TCC AAC TTC GGC CCC ATC TTC ATG ACT CTG CCA GCT TTC TTT GCT AAG AGC TCT TCC ATC TAT AAC CCG GTC ATC TAC ATC ATG TTG AAC AAG CAG TTC CGG AAC TGT ATG CTC ACC ACG CTG TGC TGC GGC AAG AAT CCA CTG GGA GAT GAC GAC --- GCC TCT GCC --- ACC GCT TCC AAG ACG GAG --- --- --- --- --- ACC AGC CAG GTG GCT CCA GCC 
Rattus norvegicus                          ATG AAC GGC ACA GAG GGC CCC AAT TTT TAT GTG CCC TTC TCC AAC ATC ACG GGC GTG GTG CGC AGC CCC TTT GAG CAG CCG CAG TAC TAC CTG GCG GAG CCA TGG CAG TTC TCC ATG CTG GCA GCC TAC ATG TTC CTG CTC ATC GTG CTG GGC TTC CCC ATC AAC TTC CTC ACG CTC TAC GTC ACC GTA CAG CAC AAG AAG CTG CGC ACA CCA CTC AAC TAC ATC CTG CTC AAC TTG GCT GTG GCT GAC CTC TTC ATG GTC TTC GGA GGA TTC ACC ACC ACC CTC TAC ACC TCA CTG CAT GGC TAC TTT GTC TTT GGG CCC ACA GGC TGC AAC CTT GAG GGC TTC TTT GCC ACC CTT GGA GGT GAA ATC GGC CTG TGG TCC CTG GTA GTC CTG GCC ATT GAG CGC TAC GTG GTG GTC TGC AAG CCC ATG AGC AAC TTC CGC TTT GGG GAG AAT CAT GCC ATT ATG GGT GTG GCC TTC ACC TGG GTC ATG GCG TTG GCC TGT GCT GCT CCC CCA CTG GTT GGC TGG TCC --- --- --- --- --- --- --- --- --- --- AGG TAC ATC CCC GAG GGC ATG CAG TGT TCA TGT GGG ATT GAC TAC TAT ACA CTC AAG CCT GAG GTC AAC AAT GAG TCC TTC GTC ATC TAC ATG TTC GTG GTC CAC TTC ACC ATC CCC ATG ATC GTC ATC TTC TTC TGC TAC GGG CAG CTG GTC TTC ACC GTC AAG GAG GCC GCC GCC CAG CAA CAG GAG TCG GCT ACC ACT CAG AAG GCA GAG AAG GAA GTC ACG CGC ATG GTC ATC ATC ATG GTC ATC TTC TTC CTG ATC TGC TGG CTT CCC TAT GCC AGT GTG GCC ATG TAC ATC TTT ACC CAC CAG GGC TCC AAC TTC GGC CCC ATC TTC ATG ACC CTT CCC GCT TTC TTT GCT AAG ACC GCC TCC ATC TAC AAC CCA ATC ATC TAC ATC ATG ATG AAC AAG CAG TTC CGG AAC TGC ATG CTC ACC ACG CTC TGC TGC GGC AAG AAT CCA CTG GGA GAT GAT GAG --- GCC TCT GCC --- ACT GCC TCC AAG ACG GAG --- --- --- --- --- ACC AGC CAG GTG GCT CCA GCC 
Canis lupus familiaris                     ATG AAC GGG ACG GAG GGC CCG AAC TTC TAC GTG CCC TTC TCC AAC AAG ACG GGT GTG GTG CGC AGC CCC TTC GAG TAC CCA CAG TAC TAC CTG GCT GAG CCA TGG CAG TTC TCC ATG CTG GCT GCC TAC ATG TTT CTG CTG ATC GTG CTC GGC TTC CCC ATC AAC TTC CTC ACG CTC TAC GTC ACA GTC CAG CAC AAG AAG CTG CGT ACA CCT CTC AAC TAC ATC CTG CTC AAC CTG GCT GTG GCT GAC CTC TTC ATG GTC TTC GGT GGC TTC ACC ACC ACC CTC TAC ACC TCT CTG CAT GGA TAC TTT GTC TTC GGG CCC ACA GGA TGC AAT GTG GAG GGC TTC TTT GCC ACA CTG GGC GGT GAA ATT GCC CTG TGG TCT TTG GTG GTC CTG GCC ATT GAG CGG TAC GTG GTG GTG TGT AAG CCC ATG AGC AAC TTC CGT TTT GGG GAG AAC CAT GCC ATC ATG GGC GTC GCC TTC ACC TGG GTC ATG GCG CTG GCC TGT GCG GCA CCC CCC CTC GCT GGC TGG TCC AGT CTC CTG TCT CAC TCC CCT CTG GTG CTC AGG TAC ATC CCA GAG GGC ATG CAG TGC TCA TGT GGG ATC GAC TAC TAC ACA CTC AAG CCA GAA ATC AAC AAT GAG TCC TTC GTC ATC TAC ATG TTC GTG GTC CAC TTC GCC ATC CCC ATG ATT GTC ATA TTC TTC TGC TAT GGA CAG CTC GTC TTC ACA GTC AAG GAG GCA GCT GCC CAG CAG CAG GAA TCG GCC ACC ACC CAG AAG GCT GAA AAG GAG GTC ACC CGC ATG GTC ATC ATC ATG GTC ATC GCT TTC CTG ATC TGC TGG GTG CCC TAT GCC AGT GTG GCA TTC TAC ATC TTC ACC CAC CAG GGC TCC GAC TTT GGC CCC ATC TTC ATG ACC CTC CCA GCG TTC TTC GCC AAG TCC TCC TCC ATC TAC AAC CCT GTC ATC TAT ATC ATG ATG AAC AAG CAG TTC CGG AAC TGC ATG ATC ACC ACC CTC TGC TGT GGC AAG AAC CCA CTG GGT GAC GAC GAG --- GCC TCT GCC --- AGC GCC TCC AAG ACG GAG --- --- --- --- --- ACC AGC CAG GTG GCA CCG GCC 
Danio rerio                                ATG AAC GGT ACA GAG GGA CCG GCA TTC TAC GTG CCT ATG TCC AAT GCC ACC GGG GTA GTC CGG AGC CCA TAC GAA TAC CCA CAG TAC TAC CTG GTG GCG CCC TGG GCA TAT GGC TTC GTG GCG GCC TAC ATG TTC TTC CTC ATC ATC ACC GGC TTC CCC GTC AAC TTC CTC ACG CTG TAC GTC ACC ATC GAG CAC AAG AAG CTG CGC ACA CCC CTC AAC TAC ATC CTG CTG AAC CTG GCC ATT GCC GAC CTC TTC ATG GTG TTC GGC GGC TTC ACC ACC ACC ATG TAC ACC TCC TTG CAC GGC TAC TTC GTG TTC GGC CGC CTG GGC TGC AAC CTG GAG GGC TTC TTT GCC ACC CTG GGC GGT GAG ATG GGG CTA AAG TCG CTT GTA GTA CTG GCC ATT GAG CGC TGG ATG GTG GTC TGC AAA CCG GTC AGC AAC TTC CGT TTC GGG GAG AAC CAT GCC ATC ATG GGG GTG GCC TTC ACC TGG GTC ATG GCC TGC TCC TGT GCC GTG CCG CCA CTG GTG GGC TGG TCG --- --- --- --- --- --- --- --- --- --- CGT TAC ATC CCC GAG GGC ATG CAG TGC TCC TGC GGC GTC GAC TAC TAC ACC CGC ACT CCC GGT GTC AAC AAC GAG TCC TTC GTC ATC TAC ATG TTC ATC GTG CAC TTC TTC ATC CCA CTG ATA GTC ATA TTC TTC TGC TAT GGC CGG CTG GTG TGC ACT GTG AAG GAG GCG GCA CGG CAG CAG CAG GAG TCC GAG ACC ACA CAG CGG GCC GAG CGC GAG GTC ACC CGC ATG GTC ATC ATC ATG GTC ATC GCC TTC CTC ATC TGC TGG TTG CCC TAC GCC GGC GTG GCC TGG TAC ATC TTC ACC CAC CAG GGC AGC GAG TTC GGG CCC GTC TTC ATG ACC CTG CCC GCC TTC TTC GCC AAG ACG TCC GCC GTC TAC AAC CCC TGC ATC TAC ATC TGC ATG AAC AAG CAG TTC CGT CAC TGC ATG ATC ACC ACC CTG TGC TGC GGC AAG AAC CCC TTC GAA GAG GAA GAG GGC GCC TCC ACC --- ACC GCC TCC AAG ACT GAG GCT TCG TCC GTG TCT TCC AGC TCC GTG TCT CCG GCG 
Gallus gallus                              ATG AAT GGG ACA GAA GGT ATC AAT TTT TAT GTG CCT ATG TCC AAC AAG ACA GGG GTG GTG CGA AGC CCC TTC GAG TAC CCC CAG TAT TAC CTA GCC GAG CCC TGG AAA TAC CGC CTT GTG TGT TGC TAC ATC TTC TTC CTC ATC TCC ACT GGT CTG CCC ATC AAC CTC CTC ACC CTC CTG GTC ACC TTC AAA CAC AAG AAG CTC CGG CAG CCG CTC AAC TAC ATC CTG GTC AAC CTG GCG GTG GCT GAC CTC TTC ATG GCC TGC TTC GGC TTC ACC GTC ACT TTC TAC ACA GCC TGG AAT GGA TAT TTC GTC TTC GGT CCC GTT GGC TGT GCT GTG GAG GGC TTC TTC GCC ACT CTG GGA GGC CAG GTT GCC CTC TGG TCC CTG GTG GTC TTG GCC ATA GAG CGT TAC ATC GTT GTC TGC AAG CCC ATG GGA AAC TTC CGC TTC TCT GCC ACC CAC GCC ATG ATG GGC ATA GCT TTC ACC TGG GTC ATG GCC TTC TCC TGT GCT GCT CCA CCC CTC TTT GGC TGG TCC --- --- --- --- --- --- --- --- --- --- AGG TAC ATG CCG GAG GGG ATG CAG TGC TCC TGT GGC CCT GAC TAT TAC ACC CAC AAC CCT GAC TAC CAC AAC GAG TCC TAC GTC CTC TAC ATG TTT GTC ATC CAC TTC ATC ATC CCG GTC GTG GTC ATC TTC TTC TCC TAT GGG CGC CTC ATC TGC AAA GTC CGA GAG GCA GCC GCG CAG CAG CAG GAG TCA GCC ACC ACC CAG AAG GCA GAG AAG GAG GTG ACG CGG ATG GTG ATC CTG ATG GTG CTG GGC TTC ATG CTG GCC TGG ACA CCC TAT GCT GTA GTG GCA TTC TGG ATC TTC ACC AAC AAG GGA GCA GAC TTC ACC GCC ACA CTG ATG GCA GTG CCT GCC TTC TTC TCC AAG AGC TCC TCT CTC TAC AAC CCC ATC ATC TAT GTC CTC ATG AAC AAG CAG TTC CGT AAT TGC ATG ATC ACC ACT ATC TGC TGT GGC AAG AAC CCT TTT GGT GAC GAA GAT GTC TCT TCC ACC GTA TCC CAG AGC AAG ACT GAG GTC TCC TCT GTC TCC TCC AGC CAA GTT TCA CCT GCA 
Pan troglodytes                            ATG AAT GGC ACA GAA GGC CCT AAC TTC TAC GTG CCC TTC TCC AAT GCG ACG GGT GTG GTA CGC AGC CCC TTC GAG TAC CCA CAG TAC TAC CTG GCT GAG CCA TGG CAG TTC TCC ATG CTG GCC GCC TAC ATG TTT CTG CTG ATC GTG CTG GGC TTC CCC ATC AAC TTC CTC ACG CTC TAC GTC ACC GTC CAG CAC AAG AAG CTG CGC ACG CCT CTC AAC TAT ATC CTG CTC AAC CTA GCC GTG GCT GAC CTC TTC ATG GTC CTA GGT GGC TTC ACC AGC ACC CTC TAC ACC TCT CTG CAT GGA TAC TTC GTC TTC GGG CCC ACA GGA TGC AAT TTG GAG GGC TTC TTT GCC ACC CTG GGC GGT GAA ATT GCC CTG TGG TCC TTG GTG GTC CTG GCC ATC GAG CGG TAC GTG GTG GTG TGT AAG CCC ATG AGC AAC TTC CGC TTC GGG GAG AAC CAT GCC ATC ATG GGC GTT GCC TTC ACC TGG GTC ATG GCG CTG GCC TGC GCC GCA CCC CCC CTC GCC GGC TGG TCC --- --- --- --- --- --- --- --- --- --- AGG TAC ATC CCC GAG GGC CTG CAG TGC TCG TGT GGA ATT GAC TAC TAC ACG CTC AAG CCG GAG GTC AAC AAC GAG TCT TTT GTC ATC TAC ATG TTC GTG GTC CAC TTC ACC ATC CCC ATG ATT ATC ATC TTT TTC TGC TAT GGG CAG CTC GTC TTC ACT GTC AAG GAG GCC GCT GCC CAG CAG CAG GAG TCG GCC ACC ACA CAG AAG GCA GAG AAG GAG GTC ACC CGC ATG GTC ATC ATC ATG GTC ATC GCT TTC CTG ATC TGC TGG GTG CCC TAC GCC AGC GTG GCA TTC TAC ATC TTC ACC CAC CAG GGC TCC AAC TTC GGT CCC ATC TTC ATG ACC ATC CCA GCA TTC TTT GCC AAG AGC GCC GCC ATC TAC AAC CCT GTC ATC TAT ATC ATG ATG AAC AAG CAG TTC CGG AAC TGC ATG CTC ACC ACC ATC TGC TGC GGC AAG AAC CCA CTG GGT GAC GAT GAG --- GCC TCT GCT --- ACC GTG TCC AAG ACG GAG --- --- --- --- --- ACG AGC CAG GTG GCC CCG GCC 



Printing out site pattern counts


         8        933  P G
G 3       86    139     86

Homo sapiens                                --- --- --- --- --- --- --- AAC AAC AAC AAC AAG AAT AAT AAT ACA ACA ACG ACG AGC AGG ATC ATC ATG CAC CAG CAG CAG CAG CAT CCA CCA CCC CCC CCC CCC CCG CCT CGC CTC CTG CTG GAA GAC GAG GAG GAG GAG GAG GCG GCT GGA GGA GGA GGC GGC GGC GGC GGG GGT GGT GTA GTC GTC GTG GTG TAC TAC TAC TAC TAC TCC TCC TCG TCT TGC TGC TGG TGT TTC TTC TTC TTC TTC TTC TTG --- AAC AAG ACC ACC ACC ACC ACC ACC ACC ACG AGC AGC AGC ATC ATC ATC ATC ATC ATC ATC ATC ATC ATC ATC ATC ATC ATG ATG ATG ATG ATG ATG ATT ATT CAC CAG CCA CCA CCC CCC CCC CCC CCT CTA CTA CTC CTC CTC CTC CTC CTC CTG CTG CTG CTG CTG CTG CTG CTG CTG CTG CTG GAA GAC GCA GCA GCC GCC GCC GCC GCC GCC GCC GCC GCC GCC GCC GCC GCC GCG GCG GCT GCT GGC GGC GGC GGC GGC GGG GGT GGT GTC GTC GTC GTC GTC GTC GTC GTC GTC GTC GTG GTG GTG GTG GTG GTG GTT TAC TAC TAC TAC TAC TAT TAT TCC TCC TCC TCT TGC TGC TGC TGG TGG TTC TTC TTC TTC TTC TTC TTC TTC TTG TTT TTT TTT TTT TTT --- --- --- --- --- --- --- AAC AAC AAC AAC AAG AAG AAG AAG AAG ACA ACC ACC ACC ACC ACC ACG ACG ACG AGC AGC ATC ATG ATG CAC CAG CAG CAG CAG CAT CCA CCC CCG CCT CGC CGC CGC CGG CGG CTC CTC CTG CTG GAC GAG GAG GAG GAG GAG GAT GCA GCC GCC GCC GCC GCC GCC GCC GCT GCT GGC GGG GGT GTC GTC GTG GTG GTG GTG TAC TAC TCA TCC TCT TGC TGC TGC TGT TTC TTC
Bos taurus                                  --- --- --- --- --- --- --- AAC AAC AAT GAC CAC AAC AAC AAC ACC ACG ACG ACG AGC AGG ATC ATT ATG CAT CAG CAG CAG CAG CAC CCA CCG CCC CCC CCG CCT GAG CCA CGC CCC ATG CTG GAG GAC GAG GAG GAG GAG GAG AAG GCG GGC GGG GGG GGC GGC GGC GGG GGG GGC GGC GTG ACC GTC GTG GTG GCC TAC TAC TAC TAC TCC TCT TCG TCG TGC TGC TGG TGC TTC TTC TTC TTC TTT TTT CTG --- AAC AAG ACC ACC ACC ACC ACC ACC ATC ACG ACC ACT GGG ATA ATC ATC ATC ATC ATC ATC ATC ATC ATC ATC GTC GTC ATG ATG ATG ATG ATG CTG ATT ATT CAC CAG CCC CCG CCC CCC CCC CCC CCC CTG TTC CTC CTC CTC CTC CTG CTG CTA CTG CTG CTG CTG CTG CTG CTG CTG CTT TTG GAA GAC GCG GCG GCA GCC GCC GCC GCC GCC GCC GCC GCC GCC GCT GTC TCT GCT GCT GCC GCT GGC GGC GGC GGC GGC GGG GGG GGT GTC GTC GTC GTC GTC GTC GTC GTC GTG GTG ATG CTG GTG GTG GTG GTG GTC TAC TAC TAC TAC TAC TAC TAC TCC TCC TCC TCT TGC TGC TGT TGG TGG TTC TTC TTC TTC TTC TTC TTC TTC TTG TTC TTC TTC TTT TTT --- --- --- --- --- --- --- AAC AAC AAC AAC AAG AAG AAG AAG AAG ACT ACA ACC ACC ACC ACT ACA ACA ACC AGC AGC CTC ATG ATG CAC CAA CAG CAG CAG CAC CCG CCC CCT CCC CGC CGC CGC CGG CGG CTC GTC CTG CTG GAC GAG GAG GAG GAG GAG GAC GCC GCC GCC GCC GCC GCC GCG GCG ACC GCT GGC GGG GGT GTC GTC GTC GTG GTG GTG TAC TAC TCG TCC TCC TGC TGC TGT TGC TTC TTC
Mus musculus                                --- --- --- --- --- --- --- AAC AAT AAC AAC AAG AAC AAC AAT ACA ACA ACA ACA AGC AGG ATC ATT ATG CAC CAA CAG CAG CAG CAT CCA CCG CCC CCC CCT CCC CCT CCC CGG CTC ATG CTG GAG GAC GAA GAA GAG GAG GAG GTC GCG GGC GGC GGG GGC GGC GGC GGC GGG GGC GGC GTG GTC GTC GTG GTG CAG TAC TAC TAC TAT TCC TCC TCA TCC TGT TGT TGG TGC TTC TTC TTC TTT TTC TTT CTC --- AAC AAG ACA ACA ACA ACC ACC ACT ACC ACG ACC AGC AGT ATC ATC ATC ATC ATC ATC ATC ATC ATT ATT CTG ATC GTC ATG ATG ATG ATG TTG ATG ATC ATC CAC CAG CCA CCA CCC CCC CCC CCT CCG TTG TTC CTC CTC CTC CTC CTC CTG CTG CTC CTC CTG CTG CTG CTG CTG TTG CTG CTT GAA GAC GCC GCT GCC GCA GCC GCC GCC GCG GCT GCT GTC TCC GCC GTT TCT GCG GCT GCT TTC GGA GGA GGC GGC GGT GGG GGA GGT ATC GTC GTC GTC GTC GTC GTC GTC GTC GTT GTG CTT GTG GTG GTG GTG GTG TAC TAC TAC TAC TAT TAC TAT TCC TCC TCC TCA TGC TGC TGT TGG TGG TTC TTC TTC TTC TTC TTC TTC TTC CTG TTC TTC TTT TTT TTT --- --- --- --- --- --- --- AAC AAC AAT AAT AAG AAG AAG AAG AAG ACT ACC ACC ACC ACC ACG ACA ACG ACC AGC AGC CTG ATG ATG CAC CAG CAG CAG CAG CAC CCA CCG CCA CCC CGC CGC CGC CGC CGG CTC CTC CTG CTG GAT GAA GAC GAG GAG GAG GAC GCA GCC GCC GCC GCC GCT GCG GCT GCC GCT GGC GGG GGA GTA GTC GCT GTC GTG GTG TAC TAC TCA TCC TCT TGC TGT TGC TGC TTC TTC
Rattus norvegicus                           --- --- --- --- --- --- --- AAC AAT AAT AAC AAG AAC AAC AAC ACA ACA ACA ACG AGC AGG ATC ATT ATG CAC CAG CAG CAG CAG CAT CCA CCG CCC CCC CCC CCC CCT CCC CGC CTC ATG CTG GAG GAC GAG GAG GAG GAG GAG ATC GCG GGC GGC GGG GGC GGC GGC GGC GGG GGC GGC GTG GTC GTC GTG GTG CAG TAC TAC TAT TAT TCC TCC TCA TCC TGC TGT TGG TGT TTC TTT TTT TTT TTC TTT CTT --- AAC AAG ACC ACC ACC ACC ACC ACC ACC ACG ACC ACC AGT ATC ATC ATC ATC ATC ATC ATC ATT ATC ATT CTT ATC GTC ATG ATG ATG ATG ATG ATG ATC ATC CAC CAG CCA CCC CCC CCC CCC CCC CCA TTG TTC CTC CTC CTC CTG CTC CTG CTG CTC CTG CTG CTG CTG CTG CTG TTG CTG CTT GAA GAC GCC GCT GGC GCA GCC GCC GCT GCC GCT GCT GCC TCC GCC GTT GCC GCG GCT GCT TTC GGA GGA GGC GGC GGT GGG GGA GGT GTC ATC GTC GTC GTC GTC GTC GTC GTC GTC GTG CTT GTA GTG GTG GTG GTG TAC TAC TAC TAT TAC TAC TAC TCC TCC TCC TCA TGC TGC TGT TGG TGG ATG TTC TTC TTC TTC TTC TTC TTT CTG TTC TTC TTC TTT TTT --- --- --- --- --- --- --- AAC AAC AAT AAT AAG AAG AAG AAG AAG ACT ACC ACC ACG ACT ACG ACA ACG ACC AGC AGC CTC ATG ATG CAC CAG CAA CAG CAG CAT CCA CCC CCA CCA CGC CGC CGC CGC CGG CTC CTC CTG CTG GAT GAA GAG GAG GAG GAG GAT GCA GCC GCC GCC GCT GCC GCC GCT GCC GCC GGC GGG GGA GTA GTC GCC GTC GTG GTG TAC TAC TCG TCC TCT TGC TGC TGC TGC TTC TTT
Canis lupus familiaris                      CAC CCT CTC CTG GTG TCC TCT AAC AAC AAT GAC AAG AAC AAC AAT ACG ACA ACA ACG AGC AGG ATC ATC ATG CAC CAG CAG CAG CAG CAT CCA CCA CCC CCC CCA CCC CCA CCG CGC CTC ATG CTG GAG GAC GAG GAG GAA GAG GAG AAG GCT GGA GGA GGG GGC GGC GGC GGG GGG GGC GGT GTG ATC GTC GTG GTG TAC TAC TAC TAC TAC TCC TCC TCA TCC TGC TGC TGG TGT TTC TTC TTT TTC TTT TTC GTG AGT AAC AAG ACA ACA ACC ACC ACC ACC GCC ACG ACC TCC AGT ATA ATC ATC ATC ATC ATC ATC ATC ATC ATT CTC ATC GTC ATG ATG ATG ATG ATG ATG ATT ATT CAC CAG CCC CCA CCC CCC CCC CCC CCT CTG TTC CTC CTC CTC CTC CTC CTC CTG CTG CTG CTG CTG CTG CTG CTG CTG CTC CTG GAA GAC GCA GCA GCC GCT GCC GCC GCT GCC GCC GCG GCC TCC GCC GCT TCC GCG GCG GCT GCT GGC GGC GGC GGC GGC GGA GGT GGT GTC GTC GTC GTC GTC GTC GTC GTC GTC GTC GTG GTG GTG GTG GTG GTG GTC TAC TAC TAC TAT TAC TAT TAT TCC TCC TCT TCT TGC TGC TGT TGG TGG TTC TTC TTC TTC TTC TTC TTC TTC TTG TTC TTT TTC TTC TTT --- --- --- --- --- --- --- AAC AAC AAC AAC AAG AAG AAG AAG AAG ACC ACA ACC ACC AGC ACC ACA ACG ACC AGC AGC CTC ATG ATG CAC CAG CAG CAG CAG CAT CCA CCC CCG CCT CGC CGT CGT CGG CGG CTC ATC CTG CTG GAC GAG GAG GAA GAG GAG GAC GCT GCC GCC GCC GCC GCC GCA GCA GCC GCT GGC GGG GGT GTC GTC GCC GTG GTG GTG TAC TAC TCG TCC TCT TGC TGC TGT TGT TTC TTT
Danio rerio                                 --- --- --- --- --- --- --- AAC GCA AAC GAG ACT AAC AAT AAC ACA CTG ACC ACC AGC CGT ATC GTC ATG CAC CAG CAG CAG GCA CAC CCC CCA CCA CGC CCC CCT CCC CCG CGG CGC ATG CTG GAG GAC GAG GCG GGT GAA GAG GCC GTG GGC GGC GGC GGA GGC GGC GGT GGC GGG GGG GTC GTC GTG GTA GTG TAC TAC TAC TAC TAC TCC AGC TCC TCC TGC TGC TGG TGC ATG TAC TTC TTC TTC TTC CTG --- AAC AAG ACC ACT ACC ACC ACC ACC TTC ACG ACC ACG GGC ATA ATC ATC ATC ATC GTC GTC ATC ATC ATT CTG GTC GTC ATG ATG TGC TTC ATG CTG ATA ATG CAC CGG CCA CCC CCC CCC CCG CCA CCC CTG TTC ATG CTC CTG CTG CTG CTG CTC CTC TTG CTA CTG CTG GTG TTC TGC ACC CTG GAG GAC GCC GTG GGG GCG GCC TCC GCC GCC GCC GCC GCC GCC GCC GTG TCC GCC GCC GCC GCC GGC GGC GGC GGC GGG GGC GGC GGT GTC TGC GTA GTC GTC GTG GTG GTG GTG GTC ATC TTG GTA ATC ATT GTG GTG TAC TAC TAC TAC TAC TAC TAT GGC TCG TCG TCC TGC TGC TGT AAG TGG TGG TAT TGC TTC TTC TTC TTC TTC CTT TTC TTC TTC TTC TTT --- GCT GGC GTG TCC TCG TCT AAC CAC AAC AAC AAA AAG AAG CGC CGG ACA ACC ACC ACC ACC ACC ACA ACT TCC AGC AGC CTG ATG GTC CAC TCC CAG CAG GAG CAT CCC CCG CCG CCC CGC CGC CGT CGC CGT CTC ATC CTG TTC GAG GAG GAG GAG GAG GAG GAA GCC CGG GCC GCG GAG GCC GCG TCT ACC GCA GGC GGG GAA ATC GTC GCC GTC ATG GTG TAC TGG TCC TCC TCC TGC TGC TGC TGC TTC TTC
Gallus gallus                               --- --- --- --- --- --- --- CAC AAT AAC GAC AAC AAT AAC GCT ACA GTT ACC ACA AGC AGG ATG CCT ATG AAC CAG AAG CAG AAA AAT CCC CCC CCC CCC CCG CCT CCT ATC CGA CAC ATG CTA GAA GAC GAG GAG GAC GAG GAG AAG GCC GGC GGA GGC GGT GGA GGG GGG GGT ACC GGG GTG TAC GTC GTG GTG TAC TAC TAT TAC TAT TCC GCA TCC TCC TGT TGC TGG TGT ATG TTC TTC TTT TTC TTC GTG --- AAC AAG ACT AAA ACA ACC ACT GCA ATC ACC GTC AGC GTA ATC ATC CTC CTG GTC ACA ATC ATG ATC ATA GTG CTC GTC ATC ATG CTC CTT ATG GTC GTG GTT CAC CGC CCC CCT CCC GCC CCA CCG CCC CTG TGC TTC CTC GTC CTC CTC CTC ATG CTC TGG CTC CTG TTG GTG TTC TTC ACT CTG CAG GAC GCA GCT GCC TGT GCC TCC GCG TGC TCC GCT GCT TCT GCT TTT TCC GCC GCC GCT GGC GGA GGC GGC GGT GGC GGG TTC GGC GTC ATC GTC GTC GTG ATC GCC GTC ATC GTG TCC ACA GTG GTC GTG GTG ATA CTG TAC TGG TAT TAC TAT TAT CGC TCC TCC GCC GCC TCC TGT TGG TGG TTC TAC TGC CTC CTG TTC TTT TTC CTG TTC TTC TAC TTC TTC GTA GTC GTC GTC TCT TCC TCC AAC AAT AAC ACC AAG AAG CGA AAG AAG ACC ACC ACC ACG TCC ACT CAG ACT TCC AGC GGA ATC ATG ATG CAC CAA CAG CAG AAA CAC CCT CCC CCT CCG CGG CGG CGC CGT CGT CTC ATC CTC TTT GAC GAG GAT GAG GAG GCC GAA GCA GCG TCT GCA GCC GCC GCA TCA ACC GCC GGC TCT GGT TTC GTG CAG GTC ATC GTT TAC TAC TCA AGC TCC TGC TGC TGT TGC TTC TTC
Pan troglodytes                             --- --- --- --- --- --- --- AAC AAC AAC AAC AAG AAT AAT AAT ACA ACA ACG ACG AGC AGG ATC ATT ATG CAC CAG CAG CAG CAG CAT CCA CCA CCC CCC CCC CCC CCG CCT CGC CTC CTG CTG GAA GAC GAG GAG GAG GAG GAG GCG GCT GGA GGA GGA GGC GGC GGC GGC GGG GGT GGT GTA GTC GTC GTG GTG TAC TAC TAC TAC TAC TCC TCC TCG TCT TGC TGC TGG TGT TTC TTC TTC TTC TTC TTC TTG --- AAC AAG ACC ACT ACC ACC ACC ACC ACC ACG AGC AGC AGC ATC ATC ATC ATC ATC ATC ATC ATC ATC ATC ATC ATC ATC ATG ATG ATG ATG ATG ATG ATT ATT CAC CAG CCC CCA CCC CCC CCC CCC CCT CTA CTA CTC CTC CTC CTC CTC CTC CTG CTG CTG CTG CTG CTG CTG CTG CTG CTG CTG GAA GAC GCA GCA GCC GCC GCC GCC GCC GCC GCC GCC GCC GCC GCC GCC GCC GCG GCA GCT GCT GGC GGC GGC GGC GGC GGG GGT GGT GTC GTC GTC GTC GTC GTC GTC GTC GTC GTC GTG GTG GTG GTG GTG GTG GTT TAC TAC TAC TAC TAC TAT TAT TCC TCC TCC TCT TGC TGC TGC TGG TGG TTC TTC TTC TTC TTC TTC TTC TTC TTG TTT TTT TTT TTT TTT --- --- --- --- --- --- --- AAC AAC AAC AAC AAG AAG AAG AAG AAG ACA ACC ACC ACC ACC ACC ACG ACG ACG AGC AGC ATC ATG ATG CAC CAG CAG CAG CAG CAT CCA CCC CCG CCT CGC CGC CGC CGG CGG CTC CTC CTG CTG GAC GAG GAG GAG GAG GAG GAT GCA GCC GCC GCC GCC GCC GCC GCC GCT GCT GGC GGG GGT GTC GTC GTG GTG GTG GTG TAT TAC TCG TCC TCT TGC TGC TGC TGT TTC TTC



    1    1    2    2    1    1    1    1    1    1    1    1    1    1    1
    1    1    1    1    1    1    1    1    1    1    1    1    1    1    1
    1    1    1    1    1    1    1    1    1    1    1    1    1    1    1
    1    1    1    2    1    1    1    1    1    1    1    1    1    1    1
    1    1    1    1    1    1    1    2    3    1    1    1    1    1    1
    1    1    1    1    1    1    1    1    1    1    1    1    3    1    1
    1    1    3    1    1    1    1    1    1    1    1    5    1    3    1
    1    1    1    1    1    1    1    1    1    6    1    1    1    1    1
    1    1    1    1    1    2    1    1    1    1    1    1    1    2    1
    1    1    1    1    1    1    1    1    1    1    1    1    1    1    1
    1    1    1    1    1    2    1    1    1    1    1    1    1    1    1
    1    1    1    1    1    1    1    2    1    1    1    1    1    1    1
    1    2    1    1    1    1    1    1    1    1    1    1    1    1    1
    1    3    1    1    1    1    1    1    1    1    1    1    1    1    1
    3    1    1    1    1    2    8    1    1    1    1    1    1    1    1
    1    1    1    1    1    1    1    3    1    1    1    1    5    1    1
    1    1    1    2    1    1    1    1    1    1    1    1    1    2    1
    1    1    1    4    1    1    1    1    1    1    1    1    1    1    1
    1    1    1    1    1    1    1    2    3    1    1    1    1    1    1
    1    1    1    1    1    1    1    1    1    1    1    1    1    1    2
    1    1    1    1    1    1    1    1    1    2    1

CODONML (in paml version 4.4b, July 2010)  torun.nuc
Model: One dN/dS ratio for branches Global clock  (3 genes: diff. rate & k&w)  
Codon frequency model: F3x4
ns =   8  ls = 365

Codon usage in sequences
--------------------------------------------------------------------------------------------------------------
Phe TTT  5  4  5  8  5  1 | Ser TCT  3  3  2  1  4  2 | Tyr TAT  2  0  3  3  3  2 | Cys TGT  2  2  4  3  4  1
    TTC 25 27 27 23 26 29 |     TCC  6  6  8  8 10 12 |     TAC 17 18 15 15 16 18 |     TGC  8  8  6  7  6 13
Leu TTA  0  0  0  0  0  0 |     TCA  1  0  3  2  1  0 | *** TAA  0  0  0  0  0  0 | *** TGA  0  0  0  0  0  0
    TTG  2  2  3  2  1  2 |     TCG  1  3  0  1  1  3 |     TAG  0  0  0  0  0  0 | Trp TGG  5  5  5  5  5  6
--------------------------------------------------------------------------------------------------------------
Leu CTT  0  1  2  4  0  1 | Pro CCT  3  2  3  1  3  1 | His CAT  2  1  1  2  2  1 | Arg CGT  0  0  0  0  2  3
    CTC 10  7 12 10 14  5 |     CCC 10 12  9 12 10 10 |     CAC  3  5  4  3  4  5 |     CGC  4  4  4  5  2  6
    CTA  2  1  0  0  0  1 |     CCA  5  2  5  6  6  4 | Gln CAA  0  1  1  1  0  0 |     CGA  0  0  0  0  0  0
    CTG 15 17 14 14 16 15 |     CCG  2  4  3  1  2  4 |     CAG 12 11 12 12 12  8 |     CGG  2  2  2  1  2  4
--------------------------------------------------------------------------------------------------------------
Ile ATT  2  3  3  3  3  2 | Thr ACT  0  3  2  2  0  3 | Asn AAT  3  1  4  4  2  1 | Ser AGT  0  0  1  1  2  0
    ATC 22 18 19 20 19 17 |     ACC 15 17 12 15 13 18 |     AAC 13 14 12 12 13 12 |     AGC  6  3  4  3  4  4
    ATA  0  1  0  0  1  2 |     ACA  3  3  8  4  6  3 | Lys AAA  0  0  0  0  0  1 | Arg AGA  0  0  0  0  0  0
Met ATG 15 16 15 17 16 16 |     ACG  6  4  3  5  4  2 |     AAG 11 11 11 11 12  8 |     AGG  1  1  1  1  1  0
--------------------------------------------------------------------------------------------------------------
Val GTT  1  0  2  1  0  0 | Ala GCT  5  5  9  8  8  1 | Asp GAT  1  0  1  2  0  0 | Gly GGT  5  2  2  2  4  3
    GTC 15 18 16 15 16 15 |     GCC 21 18 12 16 16 19 |     GAC  3  5  4  2  5  2 |     GGC 11 13 12 13 11 17
    GTA  1  0  1  2  0  3 |     GCA  3  1  2  2  4  3 | Glu GAA  2  1  4  2  4  3 |     GGA  3  0  4  4  3  1
    GTG 13 13 12 11 15 15 |     GCG  3  5  4  2  3  4 |     GAG 14 16 11 14 12 17 |     GGG  3  8  4  4  4  5
--------------------------------------------------------------------------------------------------------------

--------------------------------------------------------------
Phe TTT  4  5 | Ser TCT  4  3 | Tyr TAT  7  3 | Cys TGT  5  2
    TTC 26 25 |     TCC 15  6 |     TAC 13 16 |     TGC  7  8
Leu TTA  0  0 |     TCA  2  0 | *** TAA  0  0 | *** TGA  0  0
    TTG  1  2 |     TCG  0  2 |     TAG  0  0 | Trp TGG  7  5
--------------------------------------------------------------
Leu CTT  1  0 | Pro CCT  6  3 | His CAT  0  2 | Arg CGT  2  0
    CTC 13 10 |     CCC  9 11 |     CAC  5  3 |     CGC  3  4
    CTA  1  2 |     CCA  1  4 | Gln CAA  1  0 |     CGA  2  0
    CTG 10 15 |     CCG  3  2 |     CAG 10 12 |     CGG  2  2
--------------------------------------------------------------
Ile ATT  0  3 | Thr ACT  5  1 | Asn AAT  4  3 | Ser AGT  0  0
    ATC 17 21 |     ACC 12 14 |     AAC 11 13 |     AGC  4  6
    ATA  2  0 |     ACA  5  3 | Lys AAA  3  0 | Arg AGA  0  0
Met ATG 16 15 |     ACG  1  6 |     AAG 11 11 |     AGG  1  1
--------------------------------------------------------------
Val GTT  4  1 | Ala GCT  6  5 | Asp GAT  1  1 | Gly GGT  4  5
    GTC 16 15 |     GCC 14 21 |     GAC  5  3 |     GGC  9 11
    GTA  2  1 |     GCA  6  4 | Glu GAA  2  2 |     GGA  4  3
    GTG 13 13 |     GCG  2  2 |     GAG 11 14 |     GGG  4  3
--------------------------------------------------------------

Codon position x base (3x4) table for each sequence.

#1: Homo sapiens   
position  1:    T:0.22126    C:0.20115    A:0.27874    G:0.29885
position  2:    T:0.36782    C:0.25000    A:0.23851    G:0.14368
position  3:    T:0.09770    C:0.54310    A:0.05747    G:0.30172
Average         T:0.22893    C:0.33142    A:0.19157    G:0.24808

#2: Bos taurus     
position  1:    T:0.22414    C:0.20115    A:0.27299    G:0.30172
position  2:    T:0.36782    C:0.25287    A:0.24138    G:0.13793
position  3:    T:0.07759    C:0.55460    A:0.02874    G:0.33908
Average         T:0.22318    C:0.33621    A:0.18103    G:0.25958

#3: Mus musculus   
position  1:    T:0.23276    C:0.20690    A:0.27299    G:0.28736
position  2:    T:0.37644    C:0.24425    A:0.23851    G:0.14080
position  3:    T:0.12644    C:0.50575    A:0.08046    G:0.28736
Average         T:0.24521    C:0.31897    A:0.19732    G:0.23851

#4: Rattus norvegicus
position  1:    T:0.22414    C:0.20690    A:0.28161    G:0.28736
position  2:    T:0.37356    C:0.24713    A:0.23851    G:0.14080
position  3:    T:0.12931    C:0.51437    A:0.06609    G:0.29023
Average         T:0.24234    C:0.32280    A:0.19540    G:0.23946

#5: Canis lupus familiaris
position  1:    T:0.22905    C:0.20950    A:0.26816    G:0.29330
position  2:    T:0.36872    C:0.25419    A:0.23743    G:0.13966
position  3:    T:0.11732    C:0.51676    A:0.06983    G:0.29609
Average         T:0.23836    C:0.32682    A:0.19181    G:0.24302

#6: Danio rerio    
position  1:    T:0.25141    C:0.19209    A:0.25141    G:0.30508
position  2:    T:0.35028    C:0.25141    A:0.22034    G:0.17797
position  3:    T:0.06215    C:0.57062    A:0.05932    G:0.30791
Average         T:0.22128    C:0.33804    A:0.17702    G:0.26365

#7: Gallus gallus  
position  1:    T:0.25634    C:0.19437    A:0.25915    G:0.29014
position  2:    T:0.35493    C:0.25634    A:0.23662    G:0.15211
position  3:    T:0.14930    C:0.50423    A:0.08732    G:0.25915
Average         T:0.25352    C:0.31831    A:0.19437    G:0.23380

#8: Pan troglodytes
position  1:    T:0.22126    C:0.20115    A:0.27874    G:0.29885
position  2:    T:0.36782    C:0.25000    A:0.23851    G:0.14368
position  3:    T:0.10632    C:0.53736    A:0.05460    G:0.30172
Average         T:0.23180    C:0.32950    A:0.19061    G:0.24808

Codon usage in genes
--------------------------------------------------------------------------
Phe TTT 11 23  3 | Ser TCT  4  8 10 | Tyr TAT  7 15  1 | Cys TGT  9  7  7
    TTC 34 150 24 |     TCC 21 32 18 |     TAC 56 58 14 |     TGC 15 23 25
Leu TTA  0  0  0 |     TCA  3  2  4 | *** TAA  0  0  0 | *** TGA  0  0  0
    TTG  2 13  0 |     TCG  4  2  5 |     TAG  0  0  0 | Trp TGG  8 34  1
--------------------------------------------------------------------------
Leu CTT  1  8  0 | Pro CCT 11  5  6 | His CAT  6  0  5 | Arg CGT  1  0  6
    CTC  8 57 16 |     CCC 30 43 10 |     CAC 12  8 12 |     CGC  7  2 23
    CTA  1  6  0 |     CCA 14 11  8 | Gln CAA  1  0  3 |     CGA  1  0  1
    CTG 14 87 15 |     CCG  9  4  8 |     CAG 30  7 52 |     CGG  2  1 14
--------------------------------------------------------------------------
Ile ATT  4 15  0 | Thr ACT  1  7  8 | Asn AAT 17  0  5 | Ser AGT  0  4  0
    ATC 12 133  8 |     ACC  6 63 47 |     AAC 35 24 41 |     AGC  9  8 17
    ATA  0  6  0 |     ACA 16  8 11 | Lys AAA  1  1  2 | Arg AGA  0  0  0
Met ATG 17 85 24 |     ACG 10  8 13 |     AAG  9  9 68 |     AGG  7  0  0
--------------------------------------------------------------------------
Val GTT  1  6  2 | Ala GCT  4 29 14 | Asp GAT  0  0  6 | Gly GGT  9 13  5
    GTC 15 90 21 |     GCC  3 86 48 |     GAC 12  8  9 |     GGC 42 46  9
    GTA  3  4  3 |     GCA  3 12 10 | Glu GAA  7  6  7 |     GGA 11  8  3
    GTG 25 52 28 |     GCG  6 13  6 |     GAG 48  1 60 |     GGG 18 10  7
--------------------------------------------------------------------------

Codon position x base (3x4) table for each gene.


Gene #1
position  1:    T:0.25854    C:0.21991    A:0.21397    G:0.30758
position  2:    T:0.21991    C:0.21545    A:0.35810    G:0.20654
position  3:    T:0.12779    C:0.47103    A:0.09064    G:0.31055
Average         T:0.20208    C:0.30213    A:0.22090    G:0.27489

Gene #2
position  1:    T:0.26965    C:0.17561    A:0.27259    G:0.28215
position  2:    T:0.54004    C:0.24467    A:0.10066    G:0.11462
position  3:    T:0.10287    C:0.61058    A:0.04702    G:0.23953
Average         T:0.30419    C:0.34362    A:0.14009    G:0.21210

Gene #3
position  1:    T:0.14489    C:0.23157    A:0.31565    G:0.30789
position  2:    T:0.18629    C:0.29237    A:0.36869    G:0.15265
position  3:    T:0.10091    C:0.44243    A:0.06727    G:0.38939
Average         T:0.14403    C:0.32212    A:0.25054    G:0.28331

Sums of codon usage counts
------------------------------------------------------------------------------
Phe F TTT      37 | Ser S TCT      22 | Tyr Y TAT      23 | Cys C TGT      23
      TTC     208 |       TCC      71 |       TAC     128 |       TGC      63
Leu L TTA       0 |       TCA       9 | *** * TAA       0 | *** * TGA       0
      TTG      15 |       TCG      11 |       TAG       0 | Trp W TGG      43
------------------------------------------------------------------------------
Leu L CTT       9 | Pro P CCT      22 | His H CAT      11 | Arg R CGT       7
      CTC      81 |       CCC      83 |       CAC      32 |       CGC      32
      CTA       7 |       CCA      33 | Gln Q CAA       4 |       CGA       2
      CTG     116 |       CCG      21 |       CAG      89 |       CGG      17
------------------------------------------------------------------------------
Ile I ATT      19 | Thr T ACT      16 | Asn N AAT      22 | Ser S AGT       4
      ATC     153 |       ACC     116 |       AAC     100 |       AGC      34
      ATA       6 |       ACA      35 | Lys K AAA       4 | Arg R AGA       0
Met M ATG     126 |       ACG      31 |       AAG      86 |       AGG       7
------------------------------------------------------------------------------
Val V GTT       9 | Ala A GCT      47 | Asp D GAT       6 | Gly G GGT      27
      GTC     126 |       GCC     137 |       GAC      29 |       GGC      97
      GTA      10 |       GCA      25 | Glu E GAA      20 |       GGA      22
      GTG     105 |       GCG      25 |       GAG     109 |       GGG      35
------------------------------------------------------------------------------

(Ambiguity data are not used in the counts.)


Codon position x base (3x4) table, overall

position  1:    T:0.23263    C:0.20164    A:0.27040    G:0.29533
position  2:    T:0.36587    C:0.25080    A:0.23620    G:0.14713
position  3:    T:0.10830    C:0.53082    A:0.06306    G:0.29783
Average         T:0.23560    C:0.32775    A:0.18988    G:0.24676


Nei & Gojobori 1986. dN/dS (dN, dS)
(Pairwise deletion)
(Note: This matrix is not used in later ML. analysis.
Use runmode = -2 for ML pairwise comparison.)

Homo sapiens        
Bos taurus           0.0876 (0.0367 0.4186)
Mus musculus         0.0483 (0.0281 0.5818) 0.0722 (0.0422 0.5841)
Rattus norvegicus    0.0522 (0.0285 0.5465) 0.0734 (0.0406 0.5529) 0.0560 (0.0139 0.2484)
Canis lupus familiaris 0.0895 (0.0242 0.2705) 0.0812 (0.0314 0.3863) 0.0435 (0.0264 0.6066) 0.0506 (0.0255 0.5033)
Danio rerio          0.1931 (0.1399 0.7245) 0.2022 (0.1289 0.6374) 0.1782 (0.1388 0.7787) 0.1705 (0.1304 0.7648) 0.1777 (0.1319 0.7422)
Gallus gallus        0.2097 (0.1947 0.9283) 0.2079 (0.1899 0.9131) 0.2102 (0.1993 0.9480) 0.2005 (0.1994 0.9946) 0.2097 (0.1858 0.8858) 0.2236 (0.2277 1.0181)
Pan troglodytes      0.0000 (0.0000 0.0246) 0.0891 (0.0367 0.4117) 0.0469 (0.0281 0.5998) 0.0514 (0.0285 0.5551) 0.0876 (0.0242 0.2764) 0.1875 (0.1399 0.7462) 0.2096 (0.1947 0.9286)


TREE #  1:  (((((1, 8), (3, 4)), (2, 5)), 7), 6);   MP score: -1
check convergence..
lnL(ntime:  7  np: 15):  -3993.058985      +0.000000
   9..10   10..11   11..12   12..13   13..1    13..8    12..14   14..3    14..4    11..15   15..2    15..5    10..7     9..6  
 1.890404 1.890402 0.413995 0.383604 0.014947 0.141532 0.352908 0.495818 0.753596 2.821456 0.029346 1.566028 0.052955 2.128292 0.024780
SEs for parameters:
 0.283443 0.292864 0.052318 0.051172 0.006819 0.023094 0.057955 0.070583 0.122369 0.657766 0.004934 0.215690 0.006715 0.477857 0.004765
Note: Branch length is defined for the first gene (site partition).
For other genes, look at "rates for genes".

tree length =   6.97820 (1st gene)

(((((1: 0.014947, 8: 0.014947): 0.368658, (3: 0.141532, 4: 0.141532): 0.242072): 0.030391, (2: 0.352908, 5: 0.352908): 0.061087): 1.476407, 7: 1.890402): 0.000002, 6: 1.890404);

(((((Homo sapiens: 0.014947, Pan troglodytes: 0.014947): 0.368658, (Mus musculus: 0.141532, Rattus norvegicus: 0.141532): 0.242072): 0.030391, (Bos taurus: 0.352908, Canis lupus familiaris: 0.352908): 0.061087): 1.476407, Gallus gallus: 1.890402): 0.000002, Danio rerio: 1.890404);

Detailed output identifying parameters

rates for 3 genes:     1  0.49582  0.75360

gene # 1: kappa =   2.82146 omega =   0.02935
gene # 2: kappa =   1.56603 omega =   0.05296
gene # 3: kappa =   2.12829 omega =   0.02478

Time used:  0:40
