
seed used = 1418840709
      7    996

Rattus norvegicus                          --- --- --- --- --- --- --- --- --- --- --- --- --- --- --- --- --- --- ATG GAG GAC TAT ATC AAA ATA GAG AAA ATC GGA GAA GGG ACT TAT GGT GTG GTA TAT AAA GGT AGA CAC AGG ACT ACT GGC CAG ATC GTG GCC ATG AAG AAA ATC AGA CTT GAA AGC GAG GAA GAA GGA GTG CCC AGT ACG GCA ATC CGG GAA ATC TCT CTG TTA AAA GAA CTT CGA CAT CCA AAT ATA GTC AGC CTG CAG GAT GTA CTC ATG CAG GAC TCC AGG CTG TAT CTC ATC TTC GAG TTC CTG TCC ATG GAT CTC AAG AAG TAC CTG GAC TCT ATC CCT CCT GGC CAG TTC ATG GAT TCT TCG CTC GTT AAG AGT TAC TTG TAC CAA ATC CTC CAG GGG ATT GTG TTT TGT CAC TCC CGA CGA GTT CTT CAC AGA GAC TTG AAA CCT CAA AAT CTA TTG ATT GAT GAC AAA GGA ACA ATC AAA CTG GCA GAT TTC GGC CTT GCC AGA GCG TTT GGA ATA CCG ATA AGA GTG TAC ACA CAC GAG GTA GTG ACG CTG TGG TAC CGG TCG CCA GAG GTG TTG CTG GGC TCG GCT CGC TAC TCC ACC CCG GTT GAC ATC TGG AGC ATA GGG ACC ATA TTT GCA GAG CTG GCG ACC AAG AAG CCG CTT TTC CAC GGC GAC TCA GAG ATT GAC CAG CTC TTC AGG ATC TTC AGA GCT CTG GGC ACC CCT AAC AAC GAA GTG TGG CCA GAA GTA GAG TCC CTG CAG GAC TAC AAG AAC ACT TTC CCC AAG TGG AAG CCG GGG AGC CTC GCG TCC CAC GTC AAG AAC --- --- --- --- --- --- --- CTG GAT GAA AAC GGC TTG GAC TTG CTC TCG AAA ATG CTG GTC TAT GAT CCA GCC AAA CGA ATC TCT GGA AAA ATG GCC CTT AAG CAC CCA TAC TTT GAC GAC TTG GAC --- --- --- --- --- --- AAT CAG ATC AAG AAG ATG --- --- --- --- 
Mus musculus                               --- --- --- --- --- --- --- --- --- --- --- --- --- --- --- --- --- --- ATG GAA GAC TAT ATC AAA ATA GAG AAA ATT GGA GAA GGT ACT TAC GGT GTG GTG TAT AAG GGT AGA CAC AGA GTC ACT GGC CAG ATA GTG GCC ATG AAG AAG ATC AGA CTT GAA AGC GAG GAA GAA GGA GTG CCC AGT ACT GCA ATT CGG GAA ATC TCT CTA TTA AAA GAA CTT CGA CAT CCA AAT ATA GTC AGC CTG CAG GAT GTG CTC ATG CAG GAC TCC AGG CTG TAT CTC ATC TTT GAG TTC CTG TCC ATG GAC CTC AAG AAG TAC CTG GAC TCC ATC CCT CCT GGG CAG TTC ATG GAT TCT TCA CTC GTT AAG AGT TAC TTA CAC CAA ATC CTC CAG GGA ATT GTG TTT TGC CAC TCC CGG CGA GTT CTT CAC AGA GAC TTG AAA CCT CAA AAT CTA TTG ATT GAT GAC AAA GGA ACA ATC AAA CTG GCT GAT TTC GGC CTT GCC AGA GCG TTT GGA ATA CCG ATA CGA GTG TAC ACA CAC GAG GTA GTG ACG CTG TGG TAC CGA TCT CCA GAA GTG TTG CTG GGC TCG GCT CGT TAC TCC ACT CCG GTT GAC ATC TGG AGT ATA GGG ACC ATA TTT GCA GAA CTG GCC ACC AAG AAG CCG CTT TTC CAC GGC GAC TCA GAG ATT GAC CAG CTC TTC AGG ATC TTC AGA GCT CTG GGC ACT CCT AAC AAC GAA GTG TGG CCA GAA GTC GAG TCC CTG CAG GAC TAC AAG AAC ACC TTT CCC AAG TGG AAG CCG GGG AGC CTC GCA TCC CAC GTC AAG AAC --- --- --- --- --- --- --- CTG GAC GAG AAC GGC TTG GAT TTG CTC TCA AAA ATG CTA GTC TAT GAT CCT GCC AAA CGA ATC TCT GGC AAA ATG GCC CTG AAG CAC CCG TAC TTT GAT GAC TTG GAC --- --- --- --- --- --- AAT CAG ATT AAG AAG ATG --- --- --- --- 
Canis lupus familiaris                     --- --- --- --- --- --- --- --- --- --- --- --- --- --- --- --- --- --- ATG GAA GAT TAT ACC AAA ATA GAG AAA ATT GGA GAA GGT ACC TAT GGA GTT GTG TAT AAG GGT AGA CAC AAA ACT ACA GGT CAA GTG GTA GCC ATG AAG AAA ATC AGA CTA GAA AGT GAA GAG GAA GGG GTT CCT AGT ACT GCA ATT CGG GAA ATT TCT CTA TTA AAA GAA CTT CGT CAT CCA AAT ATA GTC AGT CTT CAG GAT GTG CTT ATG CAA GAT TCC AGG TTA TAT CTC ATC TTT GAA TTC CTT TCC ATG GAT CTC AAG AAA TAC TTA GAT TCC ATC CCT CCT GGT CAG TTC ATG GAT TCT TCA CTT GTT AAG AGT TAT TTG TAC CAA ATC CTA CAA GGG ATT GTG TTT TGC CAC TCC AGA AGA GTT CTG CAC AGA GAC TTA AAA CCT CAA AAT CTA TTG ATT GAT GAC AAA GGG ACA ATT AAA TTG GCT GAT TTT GGC CTT GCC AGA GCT TTT GGA ATA CCT ATT AGA GTA TAC ACA CAT GAG GTA GTA ACA CTG TGG TAT AGA TCT CCA GAA GTA TTG TTG GGG TCA GCT CGC TAC TCA ACT CCA GTT GAC ATT TGG AGT ATA GGT ACC ATA TTT GCA GAG TTA GCA ACT AAG AAA CCA CTT TTC CAT GGG GAT TCA GAA ATC GAT CAA CTC TTC AGA ATT TTC AGA GCT TTG GGC ACC CCC AAT AAT GAA GTG TGG CCA GAA GTG GAA TCT TTA CAG GAC TAT AAG AAT ACA TTT CCC AAG TGG AAA CCA GGA AGC CTG GCA TCC CAT GTT AAA AAC --- --- --- --- --- --- --- TTG GAT GAA AAT GGC TTG GAT CTG CTC TCA AAA ATG TTA GTC TAT GAT CCT GCC AAA CGA ATT TCT GGC AAA ATG GCA TTG AAT CAT CCA TAT TTT AAT GAT TTG GAC --- --- --- --- --- --- AAT CAG ATT AAG AAG ATG --- --- --- --- 
Bos taurus                                 --- --- --- --- --- --- --- --- --- --- --- --- --- --- --- --- --- --- ATG GAA GAC TAT ACC AAA ATA GAG AAA ATT GGA GAA GGT ACC TAT GGA GTT GTG TAT AAG GGT AGA CAC AAA ACT ACA GGC CAA GTG GTA GCC ATG AAG AAA ATC AGA CTA GAA AGT GAA GAG GAA GGG GTT CCT AGT ACT GCA ATT CGG GAA ATA TCT CTA TTA AAA GAG CTT CGT CAT CCA AAT ATA GTC AGT CTT CAA GAT GTG CTT ATG CAG GAT TCC AGG TTG TAT CTC ATC TTT GAA TTC CTT TCC ATG GAT CTC AAG AAA TAC TTG GAT TCT ATC CCT CCT GGT CAG TTC ATG GAT TCT TCA CTT GTT AAG AGT TAT TTG TAC CAA ATC CTA CAA GGG ATT GTG TTT TGT CAC TCT AGA AGA GTT CTC CAC AGG GAC TTA AAA CCT CAA AAT CTA TTG ATT GAT GAT AAA GGA ACA ATT AAG TTG GCA GAT TTT GGC CTT GCC AGA GCT TTT GGA ATT CCT ATT AGA GTA TAT ACA CAT GAG GTA GTG ACA CTC TGG TAT AGA TCT CCA GAA GTA TTG CTG GGG TCA GCT GGC TAC TCA ACT CCA GTG GAC ATT TGG AGT ATA GGT ACC ATA TTT GCT GAA TTA GCA ACG AAG AAA CCA CTT TTT CAT GGG GAT TCA GAA ATT GAT CAA CTC TTC AGA ATT TTC AGA GCT TTG GGC ACT CCC AAT AAT GAA GTG TGG CCA GAA GTG GAA TCT TTA CAG GAC TAT AAG AGT ACA TTT CCC AAG TGG AAA CCA GGA AGC TTA GCA TCC CAT GTC AAA AAC --- --- --- --- --- --- --- TTG GAT GAA AAT GGC TTG GAT CTG CTC TCG AAA ATG TTA ATC TAT GAT CCT GCC AAA CGA ATT TCT GGC AAA ATG GCA CTG AAT CAT CCG TAC TTT AAT GAT TTG GAC --- --- --- --- --- --- AGT CAA ATT AAG AAG ATG --- --- --- --- 
Homo sapiens                               --- --- --- --- --- --- --- --- --- --- --- --- --- --- --- --- --- --- ATG GAA GAT TAT ACC AAA ATA GAG AAA ATT GGA GAA GGT ACC TAT GGA GTT GTG TAT AAG GGT AGA CAC AAA ACT ACA GGT CAA GTG GTA GCC ATG AAA AAA ATC AGA CTA GAA AGT GAA GAG GAA GGG GTT CCT AGT ACT GCA ATT CGG GAA ATT TCT CTA TTA AAG GAA CTT CGT CAT CCA AAT ATA GTC AGT CTT CAG GAT GTG CTT ATG CAG GAT TCC AGG TTA TAT CTC ATC TTT GAG TTT CTT TCC ATG GAT CTG AAG AAA TAC TTG GAT TCT ATC CCT CCT GGT CAG TAC ATG GAT TCT TCA CTT GTT AAG AGT TAT TTA TAC CAA ATC CTA CAG GGG ATT GTG TTT TGT CAC TCT AGA AGA GTT CTT CAC AGA GAC TTA AAA CCT CAA AAT CTC TTG ATT GAT GAC AAA GGA ACA ATT AAA CTG GCT GAT TTT GGC CTT GCC AGA GCT TTT GGA ATA CCT ATC AGA GTA TAT ACA CAT GAG GTA GTA ACA CTC TGG TAC AGA TCT CCA GAA GTA TTG CTG GGG TCA GCT CGT TAC TCA ACT CCA GTT GAC ATT TGG AGT ATA GGC ACC ATA TTT GCT GAA CTA GCA ACT AAG AAA CCA CTT TTC CAT GGG GAT TCA GAA ATT GAT CAA CTC TTC AGG ATT TTC AGA GCT TTG GGC ACT CCC AAT AAT GAA GTG TGG CCA GAA GTG GAA TCT TTA CAG GAC TAT AAG AAT ACA TTT CCC AAA TGG AAA CCA GGA AGC CTA GCA TCC CAT GTC AAA AAC --- --- --- --- --- --- --- TTG GAT GAA AAT GGC TTG GAT TTG CTC TCG AAA ATG TTA ATC TAT GAT CCA GCC AAA CGA ATT TCT GGC AAA ATG GCA CTG AAT CAT CCA TAT TTT AAT GAT TTG GAC --- --- --- --- --- --- AAT CAG ATT AAG AAG ATG --- --- --- --- 
Pan troglodytes                            --- --- --- --- --- --- --- --- --- --- --- --- --- --- --- --- --- --- ATG GAA GAT TAT ACC AAA ATA GAG AAA ATT GGA GAA GGT ACC TAT GGA GTT GTG TAT AAG GGT AGA CAC AAA ACT ACA GGT CAA GTG GTA GCC ATG AAA AAA ATC AGA CTA GAA AGT GAA GAG GAA GGG GTT CCT AGT ACT GCA ATT CGG GAA ATT TCT CTA TTA AAG GAA CTT CGT CAT CCA AAT ATA GTC AGT CTT CAG GAT GTG CTT ATG CAG GAT TCC AGG TTA TAT CTC ATC TTT GAG TTT CTT TCC ATG GAT CTG AAG AAA TAC TTG GAT TCT ATC CCT CCT GGT CAG TAC ATG GAT TCT TCA CTT GTT AAG AGT TAT TTA TAC CAA ATC CTA CAG GGG ATT GTG TTT TGT CAC TCT AGA AGA GTT CTT CAC AGA GAC TTA AAA CCT CAA AAT CTC TTG ATT GAT GAC AAA GGA ACA ATT AAA CTG GCT GAT TTT GGC CTT GCC AGA GCT TTT GGA ATA CCT ATT AGA GTA TAT ACA CAT GAG GTA GTA ACA CTC TGG TAC AGA TCT CCA GAA GTA TTG CTG GGG TCA GCT CGT TAC TCA ACT CCA GTT GAC ATT TGG AGT ATA GGC ACC ATA TTT GCT GAA CTA GCA ACT AAG AAA CCA CTT TTC CAT GGG GAT TCA GAA ATT GAT CAA CTC TTC AGG ATT TTC AGA GCT TTG GGC ACT CCC AAT AAT GAA GTG TGG CCA GAA GTG GAA TCT TTA CAG GAC TAT AAG AAT ACA TTT CCC AAA TGG AAA CCA GGA AGC CTA GCA TCC CAT GTC AAA AAC --- --- --- --- --- --- --- TTG GAT GAA AAT GGC TTG GAT TTG CTC TCG AAA ATG TTA ATC TAT GAT CCA GCC AAA CGA ATT TCT GGC AAA ATG GCA CTG AAT CAT CCA TAT TTT AAT GAT TTG GAC --- --- --- --- --- --- AAT CAG ATT AAG AAG ATG --- --- --- --- 
Gallus gallus                              --- --- --- --- --- --- --- --- --- --- --- --- --- --- --- --- --- --- ATG GAG GAT TAC ACG AAG ATA GAG AAG ATT GGG GAA GGT ACC TAT GGT GTT GTG TAT AAA GGG CGC CAC AAA ACC ACA GGC CAA GTG GTT GCA ATG AAG AAA ATA CGT CTA GAA AGT GAG GAG GAA GGT GTT CCA AGT ACT GCT ATC CGA GAA ATT TCT TTG TTA AAA GAG CTG CAT CAT CCC AAT ATA GTC TGT CTT CAG GAT GTT CTT ATG CAG GAT GCA AGG CTG TAC CTC ATT TTT GAA TTC CTT TCC ATG GAC CTC AAG AAA TAC TTG GAT ACT ATT CCA TCT GGC CAA TAT TTG GAT CGT TCG CGT GTT AAG AGT TAC CTG TAT CAG ATC TTG CAA GGT ATC GTC TTC TGC CAT TCA AGA CGA GTT CTG CAC AGA GAC TTA AAA CCT CAG AAT CTT CTA ATA GAT GAC AAA GGG GTG ATT AAA CTG GCA GAT TTT GGA TTG GCT CGA GCC TTT GGA ATC CCG GTG CGG GTA TAC ACT CAT GAA GTA GTG ACA CTG TGG TAC AGG TCT CCA GAG GTA CTG CTA GGA TCT GCT CTG TAT TCC ACT CCT GTA GAC ATA TGG AGC ATA GGT ACC ATA TTT GCA GAG TTA GCA ACT AAA AAG CCA CTT TTC CAC GGG GAC TCA GAG ATT GAC CAG CTC TTC AGA ATC TTC AGA GCT TTA GGG ACA CCC AAC AAT GAT GTG TGG CCT GAT GTG GAA TCC TTG CAA GAC TAT AAA AAC ACT TTC CCA AAA TGG AAA CCT GGC AGC CTG GGA ACG CAT GTC CAA AAC --- --- --- --- --- --- --- TTA GAT GAG GAT GGA CTC GAT CTG TTG TCT AAA ATG TTA ATT TAT GAT CCT GCA AAA AGA ATT TCT GGC AAA ATG GCC TTG AAC CAC CCA TAC TTC GAT GAC TTG GAC AAA TCT ACT CTT CCT GCT AAT CTG ATT AAG AAA TTC --- --- --- --- 



Printing out site pattern counts


         7        747  P G
G 2       19    230

Rattus norvegicus                           --- --- --- --- --- --- --- AAG AAG AAT ATC ATG ATG CAG GAC GAC GAC GAG TTG --- AAA AAA AAA AAA AAA AAA AAC AAC AAC AAC AAC AAG AAG AAG AAG AAG AAG AAG AAG AAT ACA ACA ACC ACC ACC ACC ACG ACG ACT ACT ACT ACT AGA AGA AGA AGA AGA AGA AGC AGC AGC AGC AGG AGG AGG AGT ATA ATA ATA ATC ATC ATC ATC ATC ATC ATC ATC ATC ATC ATC ATG ATG ATT ATT ATT CAA CAC CAC CAC CAC CAG CAG CAG CAG CAG CAG CAT CCA CCA CCA CCA CCA CCC CCC CCG CCG CCG CCT CCT CCT CCT CGA CGA CGA CGA CGC CGG CGG CTA CTC CTC CTC CTC CTC CTC CTC CTG CTG CTG CTG CTG CTG CTG CTG CTG CTG CTG CTT CTT CTT CTT CTT CTT GAA GAA GAA GAA GAA GAC GAC GAC GAC GAC GAC GAG GAG GAG GAG GAG GAG GAG GAT GAT GAT GCA GCA GCA GCC GCC GCC GCG GCG GCG GCT GGA GGA GGA GGA GGA GGC GGC GGC GGC GGC GGC GGG GGG GGG GGG GGT GGT GTA GTA GTA GTA GTC GTC GTC GTG GTG GTG GTG GTG GTG GTT GTT TAC TAC TAC TAC TAC TAC TAC TAC TAT TAT TAT TCA TCC TCC TCC TCC TCC TCC TCG TCG TCG TCG TCT TCT TCT TGG TGT TTA TTC TTC TTC TTC TTC TTC TTC TTG TTG TTG TTG TTG TTG TTT TTT
Mus musculus                                --- --- --- --- --- --- --- AAG AAG AAT ATT ATG ATG CAG GAC GAC GAC GAA TTG --- AAA AAA AAA AAA AAG AAG AAC AAC AAC AAC AAC AAG AAG AAG AAG AAG AAG AAG AAG AAT ACA ACA ACC ACC ACT ACT ACG ACT ACC ACT ACT GTC AGA AGA AGA AGA AGA CGA AGC AGC AGC AGT AGA AGG AGG AGT ATA ATA ATA ATA ATC ATC ATC ATC ATC ATC ATC ATC ATT ATT ATG ATG ATT ATT ATT CAA CAC CAC CAC CAC CAG CAG CAG CAG CAG CAG CAT CCA CCA CCA CCG CCT CCC CCC CCG CCG CCG CCT CCT CCT CCT CGA CGA CGA CGG CGT CGA CGG CTA CTC CTC CTC CTC CTC CTC CTC CTA CTA CTG CTG CTG CTG CTG CTG CTG CTG CTG CTG CTT CTT CTT CTT CTT GAA GAA GAA GAA GAG GAC GAC GAC GAC GAT GAT GAA GAA GAG GAG GAG GAG GAG GAC GAC GAT GCA GCA GCT GCC GCC GCC GCA GCC GCG GCT GGA GGA GGA GGA GGC GGC GGC GGC GGC GGC GGG GGA GGG GGG GGT GGT GGT GTA GTC GTG GTG GTC GTC GTC GTG GTG GTG GTG GTG GTG GTT GTT CAC TAC TAC TAC TAC TAC TAC TAC TAC TAT TAT TCA TCC TCC TCC TCC TCC TCC TCA TCA TCG TCT TCC TCT TCT TGG TGC TTA TTC TTC TTC TTC TTC TTT TTT TTA TTG TTG TTG TTG TTG TTT TTT
Canis lupus familiaris                      --- --- --- --- --- --- --- AAG AAG AAT ATT ATG ATG CAG GAC GAT GAT GAA TTG --- AAA AAA AAA AAA AAA AAG AAC AAT AAT AAT AAT AAA AAA AAA AAG AAG AAG AAG AAT AAT ACA ACA ACC ACT ACC ACT ACA ACT ACA ACA ACC ACT AGA AGA AGA AGA AGA AGA AGC AGT AGT AGT AAA AGA AGG AGT ATA ATA ATT GTG ACC ATC ATC ATC ATT ATT ATT ATT ATT ATT ATG ATG ATC ATT ATT CAA CAC CAC CAT CAT CAA CAA CAA CAA CAG CAG CAT CCA CCA CCA CCA CCT CCC CCT CCA CCA CCT CCC CCT CCT CCT AGA CGA CGT AGA CGC AGA CGG CTA CTA CTC CTC CTC CTG CTT CTT CTA TTA CTG CTT TTA TTA TTA TTA TTG TTG TTG TTG CTA CTG CTT CTT CTT GAA GAA GAA GAG GAA GAC GAC GAT GAT AAT GAT GAA GAG GAA GAA GAA GAG GAG GAT GAT GAT GCA GCA GCT GCA GCC GCC GCA GCA GCT GCT GGA GGA GGG GGG GGC GGC GGC GGG GGG GGT GGT GGG GGA GGT GGT GGA GGT GTA GTG GTG GTG GTC GTC GTT GTA GTA GTA GTG GTG GTT GTT GTT TAC TAC TAC TAC TAT TAT TAT TAT TAT TAT TAT TCA TCA TCC TCC TCC TCC TCT TCA TCA TCA TCT TCC TCT TCT TGG TGC TTA TTC TTC TTC TTC TTT TTT TTT TTG CTG TTA TTG TTG TTG TTT TTT
Bos taurus                                  --- --- --- --- --- --- --- AAG AAG AGT ATT ATG ATG CAA GAC GAC GAT GAA TTG --- AAA AAA AAA AAG AAA AAG AAC AAT AAT AAT AGT AAA AAA AAA AAG AAG AAG AAG AAT AAT ACA ACA ACC ACG ACT ACT ACA ACT ACA ACA ACC ACT AGA AGA AGA AGA AGG AGA AGC AGT AGT AGT AAA AGA AGG AGT ATA ATT ATT GTG ACC ATC ATC ATC ATA ATT ATT ATT ATT ATT ATG ATG ATT ATT ATT CAA CAC CAC CAT CAT CAA CAA CAA CAG CAA CAG CAT CCA CCA CCA CCG CCT CCC CCT CCA CCA CCT CCC CCT CCT CCT AGA CGA CGT AGA GGC AGA CGG CTA CTA CTC CTC CTC TTA CTT CTT CTA TTA CTC CTT TTA TTA TTG TTG CTG TTG TTG CTG CTA CTC CTT CTT CTT GAA GAA GAG GAG GAA GAC GAT GAT GAT AAT GAT GAA GAA GAA GAA GAA GAG GAG GAT GAT GAT GCA GCT GCA GCA GCC GCC GCA GCA GCT GCT GGA GGA GGA GGG GGC GGC GGC GGG GGG GGC GGT GGG GGA GGT GGT GGA GGT GTA GTG GTG GTG ATC GTC GTC GTA GTA GTG GTG GTG GTT GTG GTT TAC TAC TAC TAT TAC TAT TAT TAT TAT TAT TAT TCA TCA TCC TCC TCC TCT TCT TCA TCG TCA TCT TCT TCT TCT TGG TGT TTA TTC TTC TTC TTT TTT TTT TTT TTG CTG TTA TTG TTG TTG TTT TTT
Homo sapiens                                --- --- --- --- --- --- --- AAG AAG AAT ATT ATG ATG CAG GAC GAT GAT GAA TTG --- AAA AAA AAG AAA AAA AAG AAC AAT AAT AAT AAT AAA AAA AAA AAA AAA AAG AAG AAT AAT ACA ACA ACC ACT ACT ACT ACA ACT ACA ACA ACC ACT AGA AGA AGA AGA AGA AGA AGC AGT AGT AGT AAA AGG AGG AGT ATA ATA ATC GTG ACC ATC ATC ATC ATT ATT ATT ATT ATT ATT ATG ATG ATT ATT ATT CAA CAC CAC CAT CAT CAA CAA CAG CAG CAG CAG CAT CCA CCA CCA CCA CCA CCC CCT CCA CCA CCT CCC CCT CCT CCT AGA CGA CGT AGA CGT AGA CGG CTC CTA CTC CTC CTG CTA CTT CTT CTA TTA CTC CTT CTA TTA TTA TTG CTG CTG TTG CTG CTA CTT CTT CTT CTT GAA GAA GAA GAG GAA GAC GAC GAT GAT AAT GAT GAA GAA GAA GAA GAG GAG GAG GAT GAT GAT GCA GCT GCT GCA GCC GCC GCA GCA GCT GCT GGA GGA GGA GGG GGC GGC GGC GGG GGG GGT GGT GGG GGA GGC GGT GGA GGT GTA GTG GTG GTG ATC GTC GTC GTA GTA GTA GTG GTG GTT GTT GTT TAC TAC TAC TAT TAT TAC TAT TAT TAT TAT TAT TCA TCA TCC TCC TCC TCT TCT TCA TCG TCA TCT TCT TCT TCT TGG TGT TTA TAC TTC TTT TTC TTT TTT TTT TTA TTG TTA TTG TTG TTG TTT TTT
Pan troglodytes                             --- --- --- --- --- --- --- AAG AAG AAT ATT ATG ATG CAG GAC GAT GAT GAA TTG --- AAA AAA AAG AAA AAA AAG AAC AAT AAT AAT AAT AAA AAA AAA AAA AAA AAG AAG AAT AAT ACA ACA ACC ACT ACT ACT ACA ACT ACA ACA ACC ACT AGA AGA AGA AGA AGA AGA AGC AGT AGT AGT AAA AGG AGG AGT ATA ATA ATT GTG ACC ATC ATC ATC ATT ATT ATT ATT ATT ATT ATG ATG ATT ATT ATT CAA CAC CAC CAT CAT CAA CAA CAG CAG CAG CAG CAT CCA CCA CCA CCA CCA CCC CCT CCA CCA CCT CCC CCT CCT CCT AGA CGA CGT AGA CGT AGA CGG CTC CTA CTC CTC CTG CTA CTT CTT CTA TTA CTC CTT CTA TTA TTA TTG CTG CTG TTG CTG CTA CTT CTT CTT CTT GAA GAA GAA GAG GAA GAC GAC GAT GAT AAT GAT GAA GAA GAA GAA GAG GAG GAG GAT GAT GAT GCA GCT GCT GCA GCC GCC GCA GCA GCT GCT GGA GGA GGA GGG GGC GGC GGC GGG GGG GGT GGT GGG GGA GGC GGT GGA GGT GTA GTG GTG GTG ATC GTC GTC GTA GTA GTA GTG GTG GTT GTT GTT TAC TAC TAC TAT TAT TAC TAT TAT TAT TAT TAT TCA TCA TCC TCC TCC TCT TCT TCA TCG TCA TCT TCT TCT TCT TGG TGT TTA TAC TTC TTT TTC TTT TTT TTT TTA TTG TTA TTG TTG TTG TTT TTT
Gallus gallus                               --- AAA ACT CCT CTT GCT TCT AAA AAG AAT ATT ATG TTC CTG GAC GAT GAC GAG TTG --- AAA AAG AAA AAA AAA AAA AAC AAC AAT GAT AAC AAA AAG CAA AAA AAG AAA AAG AAC AAT ACT GTG ACC ACT ACA ACT ACA ACT ACT ACA ACC ACC AGA CGA CGC CGT AGA CGG AGC AGT TGT AGC AAA AGA AGG AGT ATA ATC GTG GTG ACG ATA ATC ATT ATT ATA ATC ATT ATC ATT ATG TTG ATT ATA ATC CAG CAC CAT CAC CAT CAA CAG CAA CAG CAG CAA CAT CCA CCC CCT CCA CCT CCA CCA CCA CCT CCG CCC CCA CCT TCT CGA AGA CAT AGA CTG AGG CGA CTT TTG CTC TTG CTC CTG CGT CTT TTG TTA CTG CTT TTA TTG CTG TTG CTA CTG TTA TTG CTA CTG CTG CTT TTG GAA GAT GAG GAG GAG GAC GAC GAC GAT GAT GAT GAG GAG GAA GAG GAA GAA GAG GAC GAT GAT GCT GCA GCA GCC GCA GCT GGA GCA GCC GCT GGA GGG GGG GGT GGC GGA GGG GGA GGG GGC GGC GGT GGC GGT GGT GGT GGG GTA GTG GTG GTT ATT GTC GTC GTA GTT GTG GTC GTG GTT GTA GTT TAT TAC TAT TAC TAC TAC TAC TAT TAT TAC TAT TCA TCC ACG GCA TCC TCA TCC TCG TCT TCT TCT ACT CGT TCT TGG TGC TTA TAT TTC TTC TTC TTT TTC TTT CTG CTG TTA CTA CTC CTG TTC TTT



   22    1    1    1    1    1    1    1    1    1    1    1    1    1    1
    1    1    1    1    7    5    2    1    1    1    1    1    1    1    1
    1    2    1    1    1    1    2    2    1    2    1    1    1    1    1
    1    1    1    1    1    1    1    1    1    1    1    1    1    1    1
    1    1    1    1    1    2    4    1    1    1    1    1    1    2    1
    1    1    2    1    1    5    1    1    1    1    2    2    1    2    2
    1    1    1    1    1    2    1    1    1    1    1    1    1    1    1
    2    1    1    1    1    1    1    1    1    1    1    1    1    1    1
    2    1    1    1    1    1    1    1    1    2    1    1    1    1    1
    1    2    1    1    1    1    1    1    4    2    1    1    1    3    1
    2    2    1    1    1    1    1    2    1    1    1    1    1    5    1
    1    1    1    2    1    1    1    1    2    1    1    1    1    1    2
    1    1    1    1    1    1    1    1    1    1    1    1    1    1    1
    1    1    1    2    1    1    1    1    2    1    2    1    1    1    1
    1    1    1    1    1    2    2    1    1    1    1    1    1    1    1
    1    1    1    1    1    2    4    1    1    1    2    1    1    1    1
    1    1    1    1    1    1    1    2    2

CODONML (in paml version 4.4b, July 2010)  torun.nuc
Model: One dN/dS ratio for branches Global clock  (2 genes: diff. rate & k&w)  
Codon frequency model: F3x4
ns =   7  ls = 332

Codon usage in sequences
--------------------------------------------------------------------------------------------------------------
Phe TTT  4  6  7  8  8  8 | Ser TCT  4  4  5  7  7  7 | Tyr TAT  5  4  9  9  9  9 | Cys TGT  1  0  0  1  1  1
    TTC  8  6  5  4  3  3 |     TCC  6  7  5  3  3  3 |     TAC  8  8  4  4  5  5 |     TGC  0  1  1  0  0  0
Leu TTA  1  2  7  6  6  6 |     TCA  1  3  5  4  4  4 | *** TAA  0  0  0  0  0  0 | *** TGA  0  0  0  0  0  0
    TTG  7  6 10 10  8  8 |     TCG  4  1  0  1  1  1 |     TAG  0  0  0  0  0  0 | Trp TGG  4  4  4  4  4  4
--------------------------------------------------------------------------------------------------------------
Leu CTT  6  5  7  7  8  8 | Pro CCT  4  5  6  6  5  5 | His CAT  1  1  5  5  5  5 | Arg CGT  0  1  1  1  2  2
    CTC  8  8  4  6  5  5 |     CCC  2  2  2  2  2  2 |     CAC  7  8  3  3  3  3 |     CGC  1  0  1  0  0  0
    CTA  1  3  4  4  5  5 |     CCA  5  3  7  6  8  8 | Gln CAA  2  2  6  7  4  4 |     CGA  4  5  1  1  1  1
    CTG 13 12  4  3  4  4 |     CCG  4  5  0  1  0  0 |     CAG  8  8  4  3  6  6 |     CGG  2  2  1  1  1  1
--------------------------------------------------------------------------------------------------------------
Ile ATT  3  6 11 12 11 12 | Thr ACT  4  5  4  4  5  5 | Asn AAT  3  3  9  7  9  9 | Ser AGT  2  3  5  7  5  5
    ATC 14 10  5  5  6  5 |     ACC  4  3  4  3  3  3 |     AAC  5  5  1  1  1  1 |     AGC  4  3  1  1  1  1
    ATA  6  7  5  5  5  5 |     ACA  2  2  5  5  5  5 | Lys AAA 11  9 15 14 16 16 | Arg AGA  6  6 10  9  9  9
Met ATG  8  8  8  8  8  8 |     ACG  2  1  0  1  0  0 |     AAG 13 15  9 10  8  8 |     AGG  3  2  1  2  2  2
--------------------------------------------------------------------------------------------------------------
Val GTT  3  3  6  4  5  5 | Ala GCT  2  3  4  4  5  5 | Asp GAT  7  7 14 14 14 14 | Gly GGT  2  3  5  4  4  4
    GTC  3  5  2  2  2  2 |     GCC  4  5  3  3  3  3 |     GAC 13 13  5  5  5  5 |     GGC  7  7  4  6  5  5
    GTA  4  1  5  4  5  5 |     GCA  3  3  5  5  4  4 | Glu GAA  9 11 14 14 14 14 |     GGA  5  5  4  5  5  5
    GTG  8 10  6  8  6  6 |     GCG  3  1  0  0  0  0 |     GAG  9  7  4  4  4  4 |     GGG  4  3  5  4  4  4
--------------------------------------------------------------------------------------------------------------

--------------------------------------------------
Phe TTT  4 | Ser TCT  7 | Tyr TAT  7 | Cys TGT  1
    TTC  8 |     TCC  3 |     TAC  7 |     TGC  1
Leu TTA  6 |     TCA  2 | *** TAA  0 | *** TGA  0
    TTG  9 |     TCG  1 |     TAG  0 | Trp TGG  4
--------------------------------------------------
Leu CTT  6 | Pro CCT  6 | His CAT  5 | Arg CGT  3
    CTC  4 |     CCC  2 |     CAC  4 |     CGC  1
    CTA  3 |     CCA  6 | Gln CAA  5 |     CGA  3
    CTG 11 |     CCG  1 |     CAG  5 |     CGG  1
--------------------------------------------------
Ile ATT  9 | Thr ACT  7 | Asn AAT  4 | Ser AGT  3
    ATC  5 |     ACC  3 |     AAC  4 |     AGC  2
    ATA  7 |     ACA  3 | Lys AAA 17 | Arg AGA  5
Met ATG  6 |     ACG  2 |     AAG  7 |     AGG  2
--------------------------------------------------
Val GTT  6 | Ala GCT  5 | Asp GAT 14 | Gly GGT  5
    GTC  3 |     GCC  2 |     GAC  9 |     GGC  4
    GTA  4 |     GCA  6 | Glu GAA  7 |     GGA  5
    GTG  7 |     GCG  0 |     GAG  9 |     GGG  5
--------------------------------------------------

Codon position x base (3x4) table for each sequence.

#1: Rattus norvegicus
position  1:    T:0.17845    C:0.22896    A:0.30303    G:0.28956
position  2:    T:0.32660    C:0.18182    A:0.34007    G:0.15152
position  3:    T:0.17172    C:0.31650    A:0.20202    G:0.30976
Average         T:0.22559    C:0.24242    A:0.28171    G:0.25028

#2: Mus musculus   
position  1:    T:0.17508    C:0.23569    A:0.29630    G:0.29293
position  2:    T:0.32997    C:0.17845    A:0.34007    G:0.15152
position  3:    T:0.19865    C:0.30640    A:0.20875    G:0.28620
Average         T:0.23457    C:0.24018    A:0.28171    G:0.24355

#3: Canis lupus familiaris
position  1:    T:0.20875    C:0.18855    A:0.31313    G:0.28956
position  2:    T:0.32323    C:0.18519    A:0.34343    G:0.14815
position  3:    T:0.32997    C:0.16835    A:0.31313    G:0.18855
Average         T:0.28732    C:0.18070    A:0.32323    G:0.20875

#4: Bos taurus     
position  1:    T:0.20539    C:0.18855    A:0.31650    G:0.28956
position  2:    T:0.32323    C:0.18519    A:0.33670    G:0.15488
position  3:    T:0.33670    C:0.16162    A:0.29966    G:0.20202
Average         T:0.28844    C:0.17845    A:0.31762    G:0.21549

#5: Homo sapiens   
position  1:    T:0.19865    C:0.19865    A:0.31650    G:0.28620
position  2:    T:0.31987    C:0.18519    A:0.34680    G:0.14815
position  3:    T:0.34680    C:0.15825    A:0.30640    G:0.18855
Average         T:0.28844    C:0.18070    A:0.32323    G:0.20763

#6: Pan troglodytes
position  1:    T:0.19865    C:0.19865    A:0.31650    G:0.28620
position  2:    T:0.31987    C:0.18519    A:0.34680    G:0.14815
position  3:    T:0.35017    C:0.15488    A:0.30640    G:0.18855
Average         T:0.28956    C:0.17957    A:0.32323    G:0.20763

#7: Gallus gallus  
position  1:    T:0.19802    C:0.21782    A:0.28383    G:0.30033
position  2:    T:0.32343    C:0.18482    A:0.34323    G:0.14851
position  3:    T:0.30363    C:0.20462    A:0.26073    G:0.23102
Average         T:0.27503    C:0.20242    A:0.29593    G:0.22662

Codon usage in genes
--------------------------------------------------------------
Phe TTT  0 45 | Ser TCT  1 40 | Tyr TAT  0 52 | Cys TGT  0  5
    TTC  1 36 |     TCC  0 30 |     TAC  0 41 |     TGC  0  3
Leu TTA  0 34 |     TCA  0 23 | *** TAA  0  0 | *** TGA  0  0
    TTG  7 51 |     TCG  0  9 |     TAG  0  0 | Trp TGG  0 28
--------------------------------------------------------------
Leu CTT  1 46 | Pro CCT  1 36 | His CAT  0 27 | Arg CGT  0 10
    CTC  0 40 |     CCC  0 14 |     CAC  0 31 |     CGC  0  3
    CTA  0 25 |     CCA  0 43 | Gln CAA  1 29 |     CGA  0 16
    CTG  1 50 |     CCG  0 11 |     CAG  5 35 |     CGG  0  9
--------------------------------------------------------------
Ile ATT  6 58 | Thr ACT  1 33 | Asn AAT  6 38 | Ser AGT  1 29
    ATC  1 49 |     ACC  0 23 |     AAC  0 18 |     AGC  0 13
    ATA  0 40 |     ACA  0 27 | Lys AAA  2 96 | Arg AGA  0 54
Met ATG 13 41 |     ACG  0  6 |     AAG 13 57 |     AGG  0 14
--------------------------------------------------------------
Val GTT  0 32 | Ala GCT  1 27 | Asp GAT  8 76 | Gly GGT  0 27
    GTC  0 19 |     GCC  0 23 |     GAC 13 42 |     GGC  0 38
    GTA  0 28 |     GCA  0 30 | Glu GAA  5 78 |     GGA  0 34
    GTG  0 51 |     GCG  0  4 |     GAG  2 39 |     GGG  0 29
--------------------------------------------------------------

Codon position x base (3x4) table for each gene.


Gene #1
position  1:    T:0.10000    C:0.10000    A:0.47778    G:0.32222
position  2:    T:0.33333    C:0.04444    A:0.61111    G:0.01111
position  3:    T:0.28889    C:0.16667    A:0.08889    G:0.45556
Average         T:0.24074    C:0.10370    A:0.39259    G:0.26296

Gene #2
position  1:    T:0.19900    C:0.21303    A:0.29875    G:0.28922
position  2:    T:0.32331    C:0.18997    A:0.33033    G:0.15639
position  3:    T:0.29123    C:0.21203    A:0.27920    G:0.21754
Average         T:0.27118    C:0.20501    A:0.30276    G:0.22105

Sums of codon usage counts
------------------------------------------------------------------------------
Phe F TTT      45 | Ser S TCT      41 | Tyr Y TAT      52 | Cys C TGT       5
      TTC      37 |       TCC      30 |       TAC      41 |       TGC       3
Leu L TTA      34 |       TCA      23 | *** * TAA       0 | *** * TGA       0
      TTG      58 |       TCG       9 |       TAG       0 | Trp W TGG      28
------------------------------------------------------------------------------
Leu L CTT      47 | Pro P CCT      37 | His H CAT      27 | Arg R CGT      10
      CTC      40 |       CCC      14 |       CAC      31 |       CGC       3
      CTA      25 |       CCA      43 | Gln Q CAA      30 |       CGA      16
      CTG      51 |       CCG      11 |       CAG      40 |       CGG       9
------------------------------------------------------------------------------
Ile I ATT      64 | Thr T ACT      34 | Asn N AAT      44 | Ser S AGT      30
      ATC      50 |       ACC      23 |       AAC      18 |       AGC      13
      ATA      40 |       ACA      27 | Lys K AAA      98 | Arg R AGA      54
Met M ATG      54 |       ACG       6 |       AAG      70 |       AGG      14
------------------------------------------------------------------------------
Val V GTT      32 | Ala A GCT      28 | Asp D GAT      84 | Gly G GGT      27
      GTC      19 |       GCC      23 |       GAC      55 |       GGC      38
      GTA      28 |       GCA      30 | Glu E GAA      83 |       GGA      34
      GTG      51 |       GCG       4 |       GAG      41 |       GGG      29
------------------------------------------------------------------------------

(Ambiguity data are not used in the counts.)


Codon position x base (3x4) table, overall

position  1:    T:0.19472    C:0.20815    A:0.30647    G:0.29065
position  2:    T:0.32374    C:0.18369    A:0.34245    G:0.15012
position  3:    T:0.29113    C:0.21007    A:0.27098    G:0.22782
Average         T:0.26986    C:0.20064    A:0.30663    G:0.22286


Nei & Gojobori 1986. dN/dS (dN, dS)
(Pairwise deletion)
(Note: This matrix is not used in later ML. analysis.
Use runmode = -2 for ML pairwise comparison.)

Rattus norvegicus   
Mus musculus         0.0156 (0.0044 0.2828)
Canis lupus familiaris 0.0062 (0.0095 1.5323) 0.0113 (0.0125 1.1037)
Bos taurus           0.0098 (0.0154 1.5787) 0.0173 (0.0199 1.1514) 0.0276 (0.0058 0.2109)
Homo sapiens         0.0079 (0.0110 1.3868) 0.0155 (0.0155 1.0002) 0.0143 (0.0029 0.2035) 0.0269 (0.0058 0.2170)
Pan troglodytes      0.0079 (0.0110 1.3868) 0.0155 (0.0155 1.0002) 0.0148 (0.0029 0.1970) 0.0277 (0.0058 0.2104) 0.0000 (0.0000 0.0050)
Gallus gallus       -1.0000 (0.0564 -1.0000)-1.0000 (0.0596 -1.0000) 0.0294 (0.0460 1.5686) 0.0246 (0.0491 1.9949) 0.0188 (0.0430 2.2918) 0.0188 (0.0430 2.2918)


TREE #  1:  ((((5, 6), (2, 1)), (4, 3)), 7);   MP score: -1
lnL(ntime:  6  np: 11):  -2515.860452      +0.000000
   8..9     9..10   10..11   11..5    11..6    10..12   12..2    12..1     9..13   13..4    13..3     8..7  
 0.577855 0.185851 0.185851 0.001630 0.050285 0.077742 1.388681 2.376092 0.077007 2.540824 0.020841
SEs for parameters:
 0.187733 0.066753 0.062841 0.001779 0.018013 0.028623 0.462401 2.733602 0.078890 0.346641 0.003702
Note: Branch length is defined for the first gene (site partition).
For other genes, look at "rates for genes".

tree length =   1.65707 (1st gene)

((((5: 0.001630, 6: 0.001630): 0.184221, (2: 0.050285, 1: 0.050285): 0.135566): 0.000000, (4: 0.077742, 3: 0.077742): 0.108110): 0.392004, 7: 0.577855);

((((Homo sapiens: 0.001630, Pan troglodytes: 0.001630): 0.184221, (Mus musculus: 0.050285, Rattus norvegicus: 0.050285): 0.135566): 0.000000, (Bos taurus: 0.077742, Canis lupus familiaris: 0.077742): 0.108110): 0.392004, Gallus gallus: 0.577855);

Detailed output identifying parameters

rates for 2 genes:     1  1.38868

gene # 1: kappa =   2.37609 omega =   0.07701
gene # 2: kappa =   2.54082 omega =   0.02084

Time used:  0:18
