
seed used = 1418757713
      8    846

Homo sapiens                               --- --- --- --- --- --- --- --- --- ATG CGT GAG TAT AAG CTA GTC GTT CTT GGC TCA GGA GGC GTT GGA AAG TCT GCT TTG ACT GTA CAA TTT GTT CAA GGA ATT TTT GTA GAA AAA TAC GAT CCT ACG ATA GAA GAT TCT TAT AGA AAG CAA GTT GAA GTA GAT GCA CAA CAG TGT ATG CTT GAA ATC TTG GAT ACT GCA GGA ACG GAG CAA TTT ACA GCA ATG AGG GAT TTA TAC ATG AAA AAT GGA CAA GGA TTT GCA TTA GTT TAT TCC ATC ACA GCA CAG TCC ACA TTT AAC GAT TTA CAA GAC CTG AGA GAA CAG ATT CTT CGA GTT AAA GAC ACT GAT GAT GTT CCA ATG ATT CTT GTT GGT AAT AAG TGT GAC TTG GAA GAT GAA AGA GTT GTA GGG AAG GAA CAA GGT CAA AAT CTA GCA AGA CAA TGG AAC AAC TGT GCA TTC TTA GAA TCT TCT GCA AAA TCA AAA ATA AAT GTT AAT GAG ATC TTT TAT GAC CTA GTG CGG CAA ATT AAC AGA AAA --- --- --- --- --- --- --- --- --- --- --- --- --- --- --- --- --- --- --- --- --- --- --- --- --- --- --- --- --- --- --- --- --- --- --- --- --- --- --- --- --- --- --- --- --- --- --- --- --- --- --- --- --- --- --- --- --- --- --- --- --- --- --- --- --- --- --- --- --- --- --- --- --- --- --- --- --- --- --- --- --- --- --- --- --- --- --- --- --- ACT CCA GTG CCT GGG AAG GCT CGC AAA AAG TCA TCA TGT CAG CTG CTT 
Mus musculus                               --- --- --- --- --- --- --- --- --- ATG CGT GAA TAT AAG CTC GTC GTG CTT GGA TCA GGA GGC GTT GGG AAG TCA GCC CTG ACT GTA CAG TTT GTT CAA GGA ATT TTT GTT GAA AAA TAT GAT CCT ACG ATA GAA GAT TCT TAT AGA AAG CAA GTT GAA GTA GAT GCA CAG CAG TGT ATG CTT GAA ATC TTG GAC ACT GCA GGA ACG GAG CAA TTC ACA GCC ATG AGG GAC CTG TAC ATG AAG AAC GGA CAA GGC TTC GCT CTG GTT TAC TCC ATC ACA GCA CAG TCG ACA TTT AAC GAC TTA CAA GAT CTA AGA GAG CAG ATT CTG CGG GTT AAA GAC ACT GAT GAT GTT CCA ATG ATT CTG GTT GGC AAT AAA TGC GAC TTG GAA GAT GAA AGA GTT GTA GGA AAG GAA CAA GGT CAG AAC CTA GCA AGA CAG TGG AAC AAC TGT GCA TTC TTA GAA TCC TCT GCA AAG TCC AAA ATA AAT GTT AAT GAG ATC TTT TAT GAC CTA GTG CGG CAA ATT AAC AGA AAA --- --- --- --- --- --- --- --- --- --- --- --- --- --- --- --- --- --- --- --- --- --- --- --- --- --- --- --- --- --- --- --- --- --- --- --- --- --- --- --- --- --- --- --- --- --- --- --- --- --- --- --- --- --- --- --- --- --- --- --- --- --- --- --- --- --- --- --- --- --- --- --- --- --- --- --- --- --- --- --- --- --- --- --- --- --- --- --- --- ACT CCA GTG CCT GGG AAG GCC CGC AAA AAG TCA TCG TGT CAG CTG CTT 
Pan troglodytes                            --- --- --- --- --- --- --- --- --- ATG CGT GAG TAT AAG CTA GTC GTT CTT GGC TCA GGA GGC GTT GGA AAG TCT GCT TTG ACT GTA CAA TTT GTT CAA GGA ATT TTT GTA GAA AAA TAT GAT CCT ACG ATA GAA GAT TCT TAT AGA AAG CAA GTT GAA GTA GAT GCA CAA CAG TGT ATG CTT GAA ATC TTG GAT ACT GCA GGA ACG GAG CAA TTT ACA GCA ATG AGG GAT TTA TAC ATG AAA AAT GGA CAA GGA TTT GCA TTA GTT TAT TCC ATC ACA GCA CAG TCC ACA TTT AAC GAT TTA CAA GAC CTG AGA GAA CAG ATT CTT CGA GTT AAA GAC ACT GAT GAT GTT CCA ATG ATT CTT GTT GGT AAT AAG TGT GAC TTG GAA GAT GAA AGA GTT GTA GGG AAG GAA CAA GGT CAA AAT CTA GCA AGA CAA TGG AAC AAC TGT GCA TTC TTA GAA TCT TCT GCA AAA TCA AAA ATA AAT GTT AAT GAG ATC TTT TAT GAC CTA GTG CGG CAA ATT AAC AGA AAA --- --- --- --- --- --- --- --- --- --- --- --- --- --- --- --- --- --- --- --- --- --- --- --- --- --- --- --- --- --- --- --- --- --- --- --- --- --- --- --- --- --- --- --- --- --- --- --- --- --- --- --- --- --- --- --- --- --- --- --- --- --- --- --- --- --- --- --- --- --- --- --- --- --- --- --- --- --- --- --- --- --- --- --- --- --- --- --- --- ACT CCA GTG CCT GGG AAG GCT CGC AAA AAG TCA TCA TGT CAG CTG CTT 
Bos taurus                                 --- --- --- --- --- --- --- --- --- ATG CGT GAG TAT AAG CTA GTC GTT CTT GGC TCT GGA GGC GTT GGA AAA TCT GCT CTG ACT GTA CAG TTT GTT CAA GGA ATT TTT GTT GAA AAA TAT GAT CCT ACG ATA GAA GAT TCT TAT AGA AAG CAA GTT GAA GTA GAT GCA CAG CAG TGT ATG CTT GAA ATC TTG GAT ACT GCA GGA ACG GAA CAA TTC ACA GCA ATG AGG GAT TTG TAC ATG AAA AAT GGA CAA GGC TTT GCG TTA GTT TAT TCC ATC ACA GCA CAG TCC ACA TTT AAT GAT TTA CAA GAT CTG AGA GAA CAG ATA CTT CGA GTT AAA GAC ACG GAT GAT GTT CCA ATG ATT CTG GTT GGT AAT AAG TGT GAC TTG GAA GAT GAA AGA GTT GTA GGA AAG GAA CAA GGT CAA AAT CTA GCA AGA CAG TGG AAC AAC TGT GCA TTC TTA GAA TCC TCT GCA AAA TCA AAA ATA AAT GTT AAT GAG ATC TTT TAT GAC CTA GTG CGA CAA ATT AAC AGA AAA --- --- --- --- --- --- --- --- --- --- --- --- --- --- --- --- --- --- --- --- --- --- --- --- --- --- --- --- --- --- --- --- --- --- --- --- --- --- --- --- --- --- --- --- --- --- --- --- --- --- --- --- --- --- --- --- --- --- --- --- --- --- --- --- --- --- --- --- --- --- --- --- --- --- --- --- --- --- --- --- --- --- --- --- --- --- --- --- --- ACT CCA GTG CCT GGG AAG GCC CGC AAA AAG TCG TCA TGT CAG CTG CTT 
Danio rerio                                --- --- --- --- --- --- --- --- --- ATG CGT GAA TAC AAG TTA GTA GTC CTC GGA TCA GGA GGT GTT GGC AAG TCT GCG CTG ACT GTT CAA TTT GTC CAA GGG ATC TTT GTG GAG AAG TAT GAC CCT ACA ATA GAA GAC TCG TAC AGA AAG CAA GTG GAG GTG GAT GGA CAG CAG TGT ATG TTG GAA ATT CTG GAT ACT GCC GGA ACG GAA CAA TTC ACA GCC ATG AGG GAC CTG TAC ATG AAG AAC GGC CAG GGC TTT GCA CTA GTT TAC TCC ATA ACA GCA CAG TCC ACC TTC AAC GAC CTG CAG GAC TTG AGA GAA CAA ATT CTG CGG GTG AAA GGC ACA GAT GAT GTG CCG ATG ATC CTG GTG GGC AAT AAG TGT GAT CTG GAG GAC GAG AGG GTG GTG GGC AAG GAG CAG GGG CAG AAT CTT GCC CGG CAG TGG AAC AGC TGC GCC TTT CTG GAG TCC TCC GCA AAA TCC AAG ATT AAC GTC AAT GAG ATT TTC TAT GAC CTG GTC CGG CAA ATC AAC AGG AAA --- --- --- --- --- --- --- --- --- --- --- --- --- --- --- --- --- --- --- --- --- --- --- --- --- --- --- --- --- --- --- --- --- --- --- --- --- --- --- --- --- --- --- --- --- --- --- --- --- --- --- --- --- --- --- --- --- --- --- --- --- --- --- --- --- --- --- --- --- --- --- --- --- --- --- --- --- --- --- --- --- --- --- --- --- --- --- --- --- ACT CCA GTA ACT GGA AAG CCA CGC AAA AAG TCC ACC TGC CAG TTG CTC 
Rattus norvegicus                          --- --- --- --- --- --- --- --- --- ATG CGT GAA TAT AAG CTA GTC GTT CTT GGC TCA GGA GGT GTT GGG AAG TCG GCT CTG ACT GTA CAG TTT GTT CAA GGA ATT TTT GTT GAA AAA TAT GAT CCT ACG ATA GAA GAT TCT TAT AGA AAG CAA GTT GAA GTA GAT GCA CAG CAG TGT ATG CTT GAA ATC CTG GAT ACT GCA GGA ACG GAG CAG TTT ACA GCC ATG AGA GAT CTG TAC ATG AAG AAC GGA CAA GGC TTT GCG TTG GTT TAC TCC ATC ACA GCA CAG TCG ACA TTT AAT GAC TTA CAG GAT CTA AGA GAG CAG ATT CTT CGG GTT AAA GAC ACT GAC GAT GTC CCA ATG ATT CTG GTT GGT AAC AAA TGC GAC CTG GAA GAC GAA AGA GTT GTC GGG AAG GAA CAA GGT CAG AAC CTG GCA AGA CAG TGG AGC AAC TGC GCT TTC TTA GAG TCC TCC GCC AAG TCC AAG ATA AAT GTT AAC GAG ATC TTT TAT GAC CTA GTG CGG CAA ATT AAC AGA AAA --- --- --- --- --- --- --- --- --- --- --- --- --- --- --- --- --- --- --- --- --- --- --- --- --- --- --- --- --- --- --- --- --- --- --- --- --- --- --- --- --- --- --- --- --- --- --- --- --- --- --- --- --- --- --- --- --- --- --- --- --- --- --- --- --- --- --- --- --- --- --- --- --- --- --- --- --- --- --- --- --- --- --- --- --- --- --- --- --- ACC CCA GTG CCT GGG AAG GCC CGC AAA AAG TCA TCA TGT CAG CTG CTT 
Gallus gallus                              --- --- --- --- --- --- --- --- --- ATG CGT GAA TAC AAG CTA GTG GTT CTT GGT TCT GGA GGT GTT GGA AAG TCT GCT CTG ACT GTA CAG TTT GTT CAA GGA ATA TTT GTT GAA AAA TAC GAT CCT ACG ATA GAA GAC TCC TAC AGA AAG CAA GTT GAA GTA GAT GCG CAA CAG TGT ATG CTT GAA ATC TTA GAT ACT GCA GGA ACA GAA CAG TTT ACA GCA ATG AGA GAC CTA TAC ATG AAA AAT GGA CAA GGT TTT GCA TTA GTA TAT TCC ATC ACA GCA CAG TCT ACG TTT AAT GAT TTA CAG GAT CTA AGA GAA CAG ATT CTT CGA GTC AAA GAC ACT GAT GAT GTG CCT ATG ATT CTG GTT GGC AAT AAG TGT GAC TTG GAA GAT GAA AGA GTT GTG GGA AAG GAA CAA GGT CAG AAC CTA GCA AGG CAA TGG AAT AAT TGT GCA TTC TTA GAG TCC TCT GCA AAA TCA AAG ATA AAT GTT AAT GAG ATC TTT TAT GAC CTT GTG CGA CAA ATT AAC AGA AAA --- --- --- --- --- --- --- --- --- --- --- --- --- --- --- --- --- --- --- --- --- --- --- --- --- --- --- --- --- --- --- --- --- --- --- --- --- --- --- --- --- --- --- --- --- --- --- --- --- --- --- --- --- --- --- --- --- --- --- --- --- --- --- --- --- --- --- --- --- --- --- --- --- --- --- --- --- --- --- --- --- --- --- --- --- --- --- --- --- ACT CCA GTG CCT GGA AAA GCA CGC AAA AAG TCA TCA TGT CAG CTA CTT 
Canis lupus familiaris                     --- --- --- --- --- --- --- --- --- ATG CGT GAG TAT AAG CTA GTC GTT CTT GGC TCA GGA GGC GTT GGA AAA TCT GCT CTG ACT GTA CAG TTT GTT CAA GGA ATT TTT GTT GAA AAA TAT GAT CCT ACG ATA GAA GAT TCT TAT AGA AAG CAA GTT GAA GTA GAT GCA CAA CAG TGT ATG CTT GAA ATC TTG GAT ACT GCA GGA ACG GAA CAA TTT ACC GCA ATG AGG GAT TTA TAC ATG AAA AAT GGA CAA GGC TTT GCA TTA GTT TAC TCC ATC ACA GCA CAG TCT ACA TTT AAT GAT TTA CAA GAT CTG AGA GAG CAG ATT CTT CGA GTT AAA GAC ACT GAT GAT GTT CCA ATG ATT CTG GTT GGT AAT AAG TGT GAC TTG GAA GAT GAA AGA GTT GTA GGA AAG GAA CAA GGT CAA AAT CTA GCA AGA CAA TGG AAC AAC TGT GCA TTC TTA GAA TCT TCT GCA AAA TCA AAA ATA AAT GTT AAT GAG ATC TTT TAT GAC CTA GTG CGG CAA ATT AAC AGA AAA --- --- --- --- --- --- --- --- --- --- --- --- --- --- --- --- --- --- --- --- --- --- --- --- --- --- --- --- --- --- --- --- --- --- --- --- --- --- --- --- --- --- --- --- --- --- --- --- --- --- --- --- --- --- --- --- --- --- --- --- --- --- --- --- --- --- --- --- --- --- --- --- --- --- --- --- --- --- --- --- --- --- --- --- --- --- --- --- --- ACT CCA GTG CCT GGG AAG GCC CGC AAA AAG TCA ACA TGT CAG CTG CTT 



Printing out site pattern counts


         8        462  P G
G 2       32    122

Homo sapiens                                --- AAA AAG AAG AAG ACT ATG CAG CCA CCT CGC CGT CTA CTG CTT GAG GCT GGA GGA GGC GGC GGG GTC GTG GTT GTT TAT TCA TCA TCA TCT TGT AAA AAA AAA AAA AAA AAC AAC AAC AAC AAG AAG AAT AAT AAT AAT ACA ACA ACA ACG ACG ACT ACT AGA AGA AGA AGG ATA ATA ATC ATC ATG ATT ATT ATT CAA CAA CAA CAA CAA CAA CAA CAG CAG CCA CCT CGA CGG CTA CTA CTG CTT CTT CTT GAA GAA GAA GAA GAC GAC GAC GAC GAG GAG GAT GAT GAT GAT GAT GAT GAT GAT GCA GCA GCA GCA GCA GCA GCA GCT GGA GGA GGA GGA GGG GGT GGT GTA GTA GTA GTA GTG GTT GTT GTT GTT GTT TAC TAC TAT TAT TAT TCA TCC TCC TCT TCT TCT TGG TGT TGT TGT TTA TTA TTA TTC TTG TTG TTG TTT TTT TTT TTT
Mus musculus                                --- AAA AAG AAG AAG ACT ATG CAG CCA CCT CGC CGT CTC CTG CTT GAA GCC GGA GGG GGA GGC GGG GTC GTG GTG GTT TAT TCA TCA TCG TCA TGT AAA AAA AAA AAG AAG AAC AAC AAC AAC AAA AAG AAC AAC AAT AAT ACA ACA ACA ACG ACG ACT ACT AGA AGA AGA AGG ATA ATA ATC ATC ATG ATT ATT ATT CAA CAA CAA CAA CAG CAG CAG CAG CAG CCA CCT CGG CGG CTA CTA CTA CTG CTG CTT GAA GAA GAA GAG GAC GAC GAC GAT GAG GAG GAC GAC GAC GAT GAT GAT GAT GAT GCA GCA GCA GCA GCA GCC GCT GCC GGA GGA GGA GGC GGA GGC GGT GTA GTA GTA GTT GTG GTT GTT GTT GTT GTT TAC TAT TAC TAT TAT TCC TCC TCG TCC TCT TCT TGG TGC TGT TGT CTG CTG TTA TTC CTG TTG TTG TTC TTC TTT TTT
Pan troglodytes                             --- AAA AAG AAG AAG ACT ATG CAG CCA CCT CGC CGT CTA CTG CTT GAG GCT GGA GGA GGC GGC GGG GTC GTG GTT GTT TAT TCA TCA TCA TCT TGT AAA AAA AAA AAA AAA AAC AAC AAC AAC AAG AAG AAT AAT AAT AAT ACA ACA ACA ACG ACG ACT ACT AGA AGA AGA AGG ATA ATA ATC ATC ATG ATT ATT ATT CAA CAA CAA CAA CAA CAA CAA CAG CAG CCA CCT CGA CGG CTA CTA CTG CTT CTT CTT GAA GAA GAA GAA GAC GAC GAC GAC GAG GAG GAT GAT GAT GAT GAT GAT GAT GAT GCA GCA GCA GCA GCA GCA GCA GCT GGA GGA GGA GGA GGG GGT GGT GTA GTA GTA GTA GTG GTT GTT GTT GTT GTT TAC TAT TAT TAT TAT TCA TCC TCC TCT TCT TCT TGG TGT TGT TGT TTA TTA TTA TTC TTG TTG TTG TTT TTT TTT TTT
Bos taurus                                  --- AAA AAA AAG AAG ACT ATG CAG CCA CCT CGC CGT CTA CTG CTT GAG GCC GGA GGA GGC GGC GGG GTC GTG GTT GTT TAT TCG TCT TCA TCT TGT AAA AAA AAA AAA AAA AAC AAC AAC AAT AAG AAG AAT AAT AAT AAT ACA ACA ACA ACG ACG ACG ACT AGA AGA AGA AGG ATA ATA ATC ATC ATG ATA ATT ATT CAA CAA CAA CAA CAA CAG CAG CAG CAG CCA CCT CGA CGA CTA CTA CTG CTG CTT CTT GAA GAA GAA GAA GAC GAC GAC GAT GAA GAG GAT GAT GAT GAT GAT GAT GAT GAT GCA GCA GCA GCA GCA GCA GCG GCT GGA GGA GGA GGC GGA GGT GGT GTA GTA GTA GTT GTG GTT GTT GTT GTT GTT TAC TAT TAT TAT TAT TCA TCC TCC TCC TCT TCT TGG TGT TGT TGT TTA TTG TTA TTC CTG TTG TTG TTC TTT TTT TTT
Danio rerio                                 --- AAA AAG AAG AAG ACT ATG CAG CCA ACT CGC CGT TTA TTG CTC GAA CCA GGA GGC GGA GGT GGA GTA GTA GTC GTT TAC TCC TCA ACC TCT TGC AAA AAG AAG AAA AAG AAC AAC AGC AAC AAG AAG AAC AAT AAC AAT ACA ACA ACC ACA ACG ACA ACT AGA AGG CGG AGG ATA ATT ATA ATT ATG ATT ATC ATC CAA CAA CAG CAG CAG CAA CAG CAA CAG CCG CCT CGG CGG CTG CTT TTG CTG CTG TTG GAA GAG GAG GAA GAC GAT GGC GAC GAA GAG GAC GAC GAT GAC GAC GAC GAT GAT GCA GCA GCC GCC GGA GCC GCA GCG GGA GGC GGG GGC GGC GGC GGG GTG GTG GTT GTG GTC GTC GTG GTG GTG GTT TAC TAT TAC TAC TAT TCC TCC TCC TCC TCC TCG TGG TGT TGC TGT CTA CTG CTG TTT CTG CTG CTG TTC TTT TTC TTT
Rattus norvegicus                           --- AAA AAG AAG AAG ACC ATG CAG CCA CCT CGC CGT CTA CTG CTT GAA GCC GGA GGG GGC GGT GGG GTC GTG GTT GTT TAT TCA TCA TCA TCG TGT AAA AAA AAG AAG AAG AAC AGC AAC AAT AAA AAG AAC AAC AAT AAC ACA ACA ACA ACG ACG ACT ACT AGA AGA AGA AGA ATA ATA ATC ATC ATG ATT ATT ATT CAA CAG CAA CAG CAG CAG CAG CAG CAG CCA CCT CGG CGG CTA CTG CTA CTG CTT CTT GAA GAA GAG GAG GAC GAC GAC GAT GAG GAG GAC GAT GAT GAC GAT GAT GAC GAT GCA GCC GCA GCT GCA GCC GCG GCT GGA GGA GGA GGC GGG GGT GGT GTA GTC GTA GTT GTG GTT GTC GTT GTT GTT TAC TAT TAC TAT TAT TCC TCC TCG TCC TCC TCT TGG TGC TGC TGT TTG CTG TTA TTC CTG CTG CTG TTT TTT TTT TTT
Gallus gallus                               --- AAA AAG AAA AAG ACT ATG CAG CCA CCT CGC CGT CTA CTA CTT GAA GCA GGA GGA GGT GGT GGA GTG GTG GTT GTT TAC TCA TCT TCA TCT TGT AAA AAA AAG AAA AAA AAC AAT AAT AAT AAG AAG AAT AAC AAT AAT ACA ACA ACG ACG ACA ACT ACT AGA AGA AGG AGA ATA ATA ATC ATC ATG ATT ATA ATT CAA CAG CAA CAG CAG CAG CAA CAG CAG CCT CCT CGA CGA CTT CTA CTA CTG CTT CTT GAA GAA GAG GAA GAC GAC GAC GAT GAA GAG GAT GAC GAT GAT GAC GAT GAT GAT GCA GCA GCA GCA GCG GCA GCA GCT GGA GGA GGA GGT GGA GGC GGT GTA GTG GTA GTT GTG GTT GTG GTC GTT GTA TAC TAC TAT TAC TAT TCA TCC TCT TCC TCT TCC TGG TGT TGT TGT TTA CTA TTA TTC CTG TTA TTG TTT TTT TTT TTT
Canis lupus familiaris                      --- AAA AAA AAG AAG ACT ATG CAG CCA CCT CGC CGT CTA CTG CTT GAG GCC GGA GGA GGC GGC GGG GTC GTG GTT GTT TAT TCA TCA ACA TCT TGT AAA AAA AAA AAA AAA AAC AAC AAC AAT AAG AAG AAT AAT AAT AAT ACA ACC ACA ACG ACG ACT ACT AGA AGA AGA AGG ATA ATA ATC ATC ATG ATT ATT ATT CAA CAA CAA CAA CAA CAG CAA CAG CAG CCA CCT CGA CGG CTA CTA CTG CTG CTT CTT GAA GAA GAA GAG GAC GAC GAC GAT GAA GAG GAT GAT GAT GAT GAT GAT GAT GAT GCA GCA GCA GCA GCA GCA GCA GCT GGA GGA GGA GGC GGA GGT GGT GTA GTA GTA GTT GTG GTT GTT GTT GTT GTT TAC TAT TAC TAT TAT TCA TCC TCT TCT TCT TCT TGG TGT TGT TGT TTA TTA TTA TTC CTG TTG TTG TTT TTT TTT TTT



   98    2    1    1    2    1    1    1    1    1    1    1    1    1    2
    1    1    1    1    1    1    1    1    1    1    1    1    1    1    1
    1    1    1    1    1    1    1    1    1    1    1    1    2    1    1
    1    2    1    1    1    1    1    1    2    2    2    1    1    1    1
    1    2    4    1    1    2    3    1    2    1    1    1    2    1    2
    1    1    1    1    1    1    1    1    1    1    2    5    1    1    1
    1    1    1    1    1    1    1    1    1    1    1    1    2    1    1
    2    1    1    1    1    1    1    1    1    1    1    1    1    1    1
    1    1    1    2    1    1    3    1    1    1    1    1    1    1    1
    1    1    1    1    1    1    1    1    1    1    2    1    1    1    1
    1    1    2    2

CODONML (in paml version 4.4b, July 2010)  torun.nuc
Model: One dN/dS ratio for branches Global clock  (2 genes: diff. rate & k&w)  
Codon frequency model: F3x4
ns =   8  ls = 282

Codon usage in sequences
--------------------------------------------------------------------------------------------------------------
Phe TTT  6  4  6  5  4  6 | Ser TCT  4  2  4  4  1  1 | Tyr TAT  4  4  5  5  2  4 | Cys TGT  4  3  4  4  2  2
    TTC  1  3  1  2  3  1 |     TCC  2  3  2  3  6  4 |     TAC  2  2  1  1  4  2 |     TGC  0  1  0  0  2  2
Leu TTA  4  2  4  3  1  2 |     TCA  4  3  4  2  1  3 | *** TAA  0  0  0  0  0  0 | *** TGA  0  0  0  0  0  0
    TTG  3  2  3  3  3  1 |     TCG  0  2  0  1  1  2 |     TAG  0  0  0  0  0  0 | Trp TGG  1  1  1  1  1  1
--------------------------------------------------------------------------------------------------------------
Leu CTT  5  3  5  4  1  4 | Pro CCT  2  2  2  2  1  2 | His CAT  0  0  0  0  0  0 | Arg CGT  1  1  1  1  1  1
    CTC  0  1  0  0  2  0 |     CCC  0  0  0  0  0  0 |     CAC  0  0  0  0  0  0 |     CGC  1  1  1  1  1  1
    CTA  3  3  3  3  1  3 |     CCA  2  2  2  2  2  2 | Gln CAA 11  7 11  8  6  5 |     CGA  1  0  1  2  0  0
    CTG  2  6  2  4  9  7 |     CCG  0  0  0  0  1  0 |     CAG  4  8  4  7  9 10 |     CGG  1  2  1  0  3  2
--------------------------------------------------------------------------------------------------------------
Ile ATT  4  4  4  3  4  4 | Thr ACT  4  4  4  3  4  3 | Asn AAT  5  3  5  6  3  2 | Ser AGT  0  0  0  0  0  0
    ATC  3  3  3  3  3  3 |     ACC  0  0  0  0  2  1 |     AAC  4  6  4  3  5  6 |     AGC  0  0  0  0  1  1
    ATA  2  2  2  3  2  2 |     ACA  3  3  3  3  4  3 | Lys AAA  7  6  7  8  4  5 | Arg AGA  5  5  5  5  2  6
Met ATG  5  5  5  5  5  5 |     ACG  2  2  2  3  1  2 |     AAG  7  8  7  6 10  9 |     AGG  1  1  1  1  3  0
--------------------------------------------------------------------------------------------------------------
Val GTT 10 10 10 11  3 10 | Ala GCT  2  1  2  1  0  2 | Asp GAT  9  7  9 10  5  7 | Gly GGT  2  1  2  2  1  3
    GTC  1  1  1  1  4  3 |     GCC  0  3  0  1  4  3 |     GAC  4  6  4  3  7  6 |     GGC  2  3  2  3  6  2
    GTA  4  3  4  3  2  2 |     GCA  8  6  8  7  3  4 | Glu GAA  9  9  9 10  5  8 |     GGA  6  6  6  6  5  4
    GTG  2  3  2  2  8  2 |     GCG  0  0  0  1  1  1 |     GAG  3  3  3  2  7  4 |     GGG  2  2  2  1  2  3
--------------------------------------------------------------------------------------------------------------

--------------------------------------------------------------
Phe TTT  6  6 | Ser TCT  4  5 | Tyr TAT  2  4 | Cys TGT  4  4
    TTC  1  1 |     TCC  3  1 |     TAC  4  2 |     TGC  0  0
Leu TTA  4  4 |     TCA  3  3 | *** TAA  0  0 | *** TGA  0  0
    TTG  1  2 |     TCG  0  0 |     TAG  0  0 | Trp TGG  1  1
--------------------------------------------------------------
Leu CTT  5  4 | Pro CCT  3  2 | His CAT  0  0 | Arg CGT  1  1
    CTC  0  0 |     CCC  0  0 |     CAC  0  0 |     CGC  1  1
    CTA  5  3 |     CCA  1  2 | Gln CAA  7 10 |     CGA  2  1
    CTG  2  4 |     CCG  0  0 |     CAG  8  5 |     CGG  0  1
--------------------------------------------------------------
Ile ATT  3  4 | Thr ACT  4  4 | Asn AAT  7  6 | Ser AGT  0  0
    ATC  3  3 |     ACC  0  1 |     AAC  2  3 |     AGC  0  0
    ATA  3  2 |     ACA  3  3 | Lys AAA  7  8 | Arg AGA  5  5
Met ATG  5  5 |     ACG  2  2 |     AAG  7  6 |     AGG  1  1
--------------------------------------------------------------
Val GTT  8 11 | Ala GCT  1  1 | Asp GAT  8 10 | Gly GGT  4  2
    GTC  1  1 |     GCC  0  1 |     GAC  5  3 |     GGC  1  3
    GTA  3  3 |     GCA  8  8 | Glu GAA 10  9 |     GGA  7  6
    GTG  5  2 |     GCG  1  0 |     GAG  2  3 |     GGG  0  1
--------------------------------------------------------------

Codon position x base (3x4) table for each sequence.

#1: Homo sapiens   
position  1:    T:0.19022    C:0.17935    A:0.28261    G:0.34783
position  2:    T:0.29891    C:0.17935    A:0.37500    G:0.14674
position  3:    T:0.33696    C:0.10870    A:0.37500    G:0.17935
Average         T:0.27536    C:0.15580    A:0.34420    G:0.22464

#2: Mus musculus   
position  1:    T:0.17391    C:0.19565    A:0.28261    G:0.34783
position  2:    T:0.29891    C:0.17935    A:0.37500    G:0.14674
position  3:    T:0.26630    C:0.17935    A:0.30978    G:0.24457
Average         T:0.24638    C:0.18478    A:0.32246    G:0.24638

#3: Pan troglodytes
position  1:    T:0.19022    C:0.17935    A:0.28261    G:0.34783
position  2:    T:0.29891    C:0.17935    A:0.37500    G:0.14674
position  3:    T:0.34239    C:0.10326    A:0.37500    G:0.17935
Average         T:0.27717    C:0.15399    A:0.34420    G:0.22464

#4: Bos taurus     
position  1:    T:0.18478    C:0.18478    A:0.28261    G:0.34783
position  2:    T:0.29891    C:0.17935    A:0.37500    G:0.14674
position  3:    T:0.33152    C:0.11413    A:0.35326    G:0.20109
Average         T:0.27174    C:0.15942    A:0.33696    G:0.23188

#5: Danio rerio    
position  1:    T:0.16848    C:0.20109    A:0.28804    G:0.34239
position  2:    T:0.29891    C:0.17391    A:0.36413    G:0.16304
position  3:    T:0.17391    C:0.27174    A:0.20652    G:0.34783
Average         T:0.21377    C:0.21558    A:0.28623    G:0.28442

#6: Rattus norvegicus
position  1:    T:0.16848    C:0.20109    A:0.28261    G:0.34783
position  2:    T:0.29891    C:0.17935    A:0.36957    G:0.15217
position  3:    T:0.27717    C:0.19022    A:0.26630    G:0.26630
Average         T:0.24819    C:0.19022    A:0.30616    G:0.25543

#7: Gallus gallus  
position  1:    T:0.17935    C:0.19022    A:0.28261    G:0.34783
position  2:    T:0.29891    C:0.17935    A:0.37500    G:0.14674
position  3:    T:0.32609    C:0.11413    A:0.36957    G:0.19022
Average         T:0.26812    C:0.16123    A:0.34239    G:0.22826

#8: Canis lupus familiaris
position  1:    T:0.17935    C:0.18478    A:0.28804    G:0.34783
position  2:    T:0.29891    C:0.17935    A:0.37500    G:0.14674
position  3:    T:0.34783    C:0.10870    A:0.36413    G:0.17935
Average         T:0.27536    C:0.15761    A:0.34239    G:0.22464

Codon usage in genes
--------------------------------------------------------------
Phe TTT  0 43 | Ser TCT  8 17 | Tyr TAT  6 24 | Cys TGT  7 20
    TTC  0 13 |     TCC  1 23 |     TAC  2 16 |     TGC  1  4
Leu TTA  1 23 |     TCA 18  5 | *** TAA  0  0 | *** TGA  0  0
    TTG  1 17 |     TCG  3  3 |     TAG  0  0 | Trp TGG  0  8
--------------------------------------------------------------
Leu CTT 14 17 | Pro CCT  7  9 | His CAT  0  0 | Arg CGT  8  0
    CTC  3  0 |     CCC  0  0 |     CAC  0  0 |     CGC  8  0
    CTA  7 17 |     CCA  9  6 | Gln CAA  0 65 |     CGA  0  7
    CTG  6 30 |     CCG  0  1 |     CAG  8 47 |     CGG  0 10
--------------------------------------------------------------
Ile ATT  0 30 | Thr ACT  8 22 | Asn AAT  0 37 | Ser AGT  0  0
    ATC  0 24 |     ACC  2  2 |     AAC  0 33 |     AGC  0  2
    ATA  0 18 |     ACA  1 24 | Lys AAA 19 33 | Arg AGA  0 38
Met ATG  8 32 |     ACG  0 16 |     AAG 29 31 |     AGG  0  9
--------------------------------------------------------------
Val GTT 14 59 | Ala GCT  2  8 | Asp GAT  0 65 | Gly GGT  4 13
    GTC  7  6 |     GCC  4  8 |     GAC  0 38 |     GGC 11 11
    GTA  2 22 |     GCA  1 51 | Glu GAA  4 65 |     GGA 17 29
    GTG  9 17 |     GCG  0  4 |     GAG  4 23 |     GGG  8  5
--------------------------------------------------------------

Codon position x base (3x4) table for each gene.


Gene #1
position  1:    T:0.17647    C:0.25735    A:0.24632    G:0.31985
position  2:    T:0.26471    C:0.23529    A:0.26471    G:0.23529
position  3:    T:0.28676    C:0.14338    A:0.29044    G:0.27941
Average         T:0.24265    C:0.21201    A:0.26716    G:0.27819

Gene #2
position  1:    T:0.18000    C:0.17417    A:0.29250    G:0.35333
position  2:    T:0.30667    C:0.16583    A:0.39750    G:0.13000
position  3:    T:0.30333    C:0.15000    A:0.33583    G:0.21083
Average         T:0.26333    C:0.16333    A:0.34194    G:0.23139

Sums of codon usage counts
------------------------------------------------------------------------------
Phe F TTT      43 | Ser S TCT      25 | Tyr Y TAT      30 | Cys C TGT      27
      TTC      13 |       TCC      24 |       TAC      18 |       TGC       5
Leu L TTA      24 |       TCA      23 | *** * TAA       0 | *** * TGA       0
      TTG      18 |       TCG       6 |       TAG       0 | Trp W TGG       8
------------------------------------------------------------------------------
Leu L CTT      31 | Pro P CCT      16 | His H CAT       0 | Arg R CGT       8
      CTC       3 |       CCC       0 |       CAC       0 |       CGC       8
      CTA      24 |       CCA      15 | Gln Q CAA      65 |       CGA       7
      CTG      36 |       CCG       1 |       CAG      55 |       CGG      10
------------------------------------------------------------------------------
Ile I ATT      30 | Thr T ACT      30 | Asn N AAT      37 | Ser S AGT       0
      ATC      24 |       ACC       4 |       AAC      33 |       AGC       2
      ATA      18 |       ACA      25 | Lys K AAA      52 | Arg R AGA      38
Met M ATG      40 |       ACG      16 |       AAG      60 |       AGG       9
------------------------------------------------------------------------------
Val V GTT      73 | Ala A GCT      10 | Asp D GAT      65 | Gly G GGT      17
      GTC      13 |       GCC      12 |       GAC      38 |       GGC      22
      GTA      24 |       GCA      52 | Glu E GAA      69 |       GGA      46
      GTG      26 |       GCG       4 |       GAG      27 |       GGG      13
------------------------------------------------------------------------------

(Ambiguity data are not used in the counts.)


Codon position x base (3x4) table, overall

position  1:    T:0.17935    C:0.18954    A:0.28397    G:0.34715
position  2:    T:0.29891    C:0.17867    A:0.37296    G:0.14946
position  3:    T:0.30027    C:0.14878    A:0.32745    G:0.22351
Average         T:0.25951    C:0.17233    A:0.32812    G:0.24004


Nei & Gojobori 1986. dN/dS (dN, dS)
(Pairwise deletion)
(Note: This matrix is not used in later ML. analysis.
Use runmode = -2 for ML pairwise comparison.)

Homo sapiens        
Mus musculus         0.0000 (0.0000 0.4918)
Pan troglodytes      0.0000 (0.0000 0.0079) 0.0000 (0.0000 0.4768)
Bos taurus           0.0000 (0.0000 0.2074) 0.0000 (0.0000 0.4047) 0.0000 (0.0000 0.1971)
Danio rerio         -1.0000 (0.0167 -1.0000)-1.0000 (0.0192 -1.0000)-1.0000 (0.0167 -1.0000)-1.0000 (0.0167 -1.0000)
Rattus norvegicus    0.0038 (0.0024 0.6215) 0.0068 (0.0024 0.3498) 0.0039 (0.0024 0.6038) 0.0044 (0.0024 0.5346)-1.0000 (0.0192 -1.0000)
Gallus gallus        0.0000 (0.0000 0.5571) 0.0000 (0.0000 0.8221) 0.0000 (0.0000 0.5738) 0.0000 (0.0000 0.5385)-1.0000 (0.0167 -1.0000) 0.0030 (0.0024 0.7962)
Canis lupus familiaris 0.0171 (0.0024 0.1380) 0.0060 (0.0024 0.3912) 0.0183 (0.0024 0.1286) 0.0184 (0.0024 0.1282)-1.0000 (0.0143 -1.0000) 0.0094 (0.0047 0.5032) 0.0048 (0.0024 0.4916)


TREE #  1:  (((((1, 3), (2, 6)), (4, 8)), 7), 5);   MP score: -1
lnL(ntime:  7  np: 12):  -1486.875003      +0.000000
   9..10   10..11   11..12   12..13   13..1    13..3    12..14   14..2    14..6    11..15   15..4    15..8    10..7     9..5  
 0.888195 0.196533 0.119272 0.119272 0.002634 0.068524 0.058033 1.294913 1.976310 0.020003 4.352609 0.003512
SEs for parameters:
 0.238722 0.044227 0.038064 0.027526 0.002750 0.017403 0.019080 0.270370 0.833160 0.011601 1.079764 0.001917
Note: Branch length is defined for the first gene (site partition).
For other genes, look at "rates for genes".

tree length =   2.34066 (1st gene)

(((((1: 0.002634, 3: 0.002634): 0.116637, (2: 0.068524, 6: 0.068524): 0.050748): 0.000000, (4: 0.058033, 8: 0.058033): 0.061239): 0.077262, 7: 0.196533): 0.691662, 5: 0.888195);

(((((Homo sapiens: 0.002634, Pan troglodytes: 0.002634): 0.116637, (Mus musculus: 0.068524, Rattus norvegicus: 0.068524): 0.050748): 0.000000, (Bos taurus: 0.058033, Canis lupus familiaris: 0.058033): 0.061239): 0.077262, Gallus gallus: 0.196533): 0.691662, Danio rerio: 0.888195);

Detailed output identifying parameters

rates for 2 genes:     1  1.29491

gene # 1: kappa =   1.97631 omega =   0.02000
gene # 2: kappa =   4.35261 omega =   0.00351

Time used:  0:17
