
seed used = 1418834505
      8    636

Pan troglodytes                            --- --- --- --- --- --- --- ATG GCT GCC ATC CGG AAG AAA CTG GTG ATT GTT GGT GAT GGA GCC TGT GGA AAG ACA TGC TTG CTC ATA GTC TTC AGC AAG GAC CAG TTC CCA GAG GTG TAT GTG CCC ACA GTG TTT GAG AAC TAT GTG GCA GAT ATC GAG GTG GAT GGA AAG CAG GTA GAG TTG GCT TTG TGG GAC ACA GCT GGG CAG GAA GAT TAT GAT CGC CTG AGG CCC CTC TCC TAC CCA GAT ACC GAT GTT ATA CTG ATG TGT TTT TCC ATC GAC AGC CCT GAT AGT TTA GAA AAC ATC CCA GAA AAG TGG ACC CCA GAA GTC AAG CAT TTC TGT CCC AAC GTG CCC ATC ATC CTG GTT GGG AAT AAG AAG GAT CTT CGG AAT GAT GAG CAC ACA AGG CGG GAG CTA GCC AAG ATG AAG CAG GAG CCG GTG AAA CCT GAA GAA GGC AGA GAT ATG GCA AAC AGG ATT GGC GCT TTT GGG TAC ATG GAG TGT TCA GCA AAG ACC AAA GAT GGA GTG AGA GAG GTT TTT GAA ATG GCT ACG AGA GCT GCT CTG CAA GCT AGA --- --- --- --- --- --- --- --- --- --- --- CGT GGG AAG AAA AAA TCT GGG TGC CTT GTC TTG --- 
Homo sapiens                               --- --- --- --- --- --- --- ATG GCT GCC ATC CGG AAG AAA CTG GTG ATT GTT GGT GAT GGA GCC TGT GGA AAG ACA TGC TTG CTC ATA GTC TTC AGC AAG GAC CAG TTC CCA GAG GTG TAT GTG CCC ACA GTG TTT GAG AAC TAT GTG GCA GAT ATC GAG GTG GAT GGA AAG CAG GTA GAG TTG GCT TTG TGG GAC ACA GCT GGG CAG GAA GAT TAT GAT CGC CTG AGG CCC CTC TCC TAC CCA GAT ACC GAT GTT ATA CTG ATG TGT TTT TCC ATC GAC AGC CCT GAT AGT TTA GAA AAC ATC CCA GAA AAG TGG ACC CCA GAA GTC AAG CAT TTC TGT CCC AAC GTG CCC ATC ATC CTG GTT GGG AAT AAG AAG GAT CTT CGG AAT GAT GAG CAC ACA AGG CGG GAG CTA GCC AAG ATG AAG CAG GAG CCG GTG AAA CCT GAA GAA GGC AGA GAT ATG GCA AAC AGG ATT GGC GCT TTT GGG TAC ATG GAG TGT TCA GCA AAG ACC AAA GAT GGA GTG AGA GAG GTT TTT GAA ATG GCT ACG AGA GCT GCT CTG CAA GCT AGA --- --- --- --- --- --- --- --- --- --- --- CGT GGG AAG AAA AAA TCT GGG TGC CTT GTC TTG --- 
Danio rerio                                --- --- --- --- --- --- --- ATG GCA GCA ATT CGC AAG AAG CTG GTG ATT GTA GGA GAT GGA GCA TGC GGG AAA ACA TGT TTG CTT ATT GTG TTC AGT AAA GAC CAG TTT CCT GAA GTC TAC GTA CCA ACA GTG TTT GAA AAC TAT GTT GCC GAC ATT GAA GTT GAC AGC AAA CAG GTG GAA CTC GCT CTG TGG GAT ACT GCA GGG CAG GAG GAC TAC GAC AGG CTT CGT CCT CTT TCA TAC CCA GAC ACC GAT GTC ATT CTT ATG TGT TTC TCT ATT GAC AGT CCT GAC AGT TTA GAG AAT ATT CCG GAG AAG TGG ACG CCT GAG GTC AAA CAC TTT TGT CCA AAC GTT CCA ATC ATC CTT GTG GGA AAC AAA AAA GAC CTG CGC AAT GAT GAA CAC ACA CGC AGG GAA CTG ACC AAG ATG AAG CAG GAG CCA GTT AAA GCA GAG GAA GGG AGA GAC ATG GCC AAT CGA ATT GGA GCA TTT GGT TAT ATG GAA TGT TCT GCC AAA ACA AAA GAC GGT GTT CGG GAG GTG TTT GAA ATG GCC ACT AGA GCG GCG CTG CAG GCA CGC --- --- --- --- --- --- --- --- --- --- --- AGG GGA AAG AAG AGC AAC AAA TGC TGT CTG CTG --- 
Mus musculus                               --- --- --- --- --- --- --- ATG GCT GCC ATC AGG AAG AAA CTG GTG ATT GTT GGT GAT GGA GCT TGT GGT AAG ACA TGC TTG CTC ATA GTC TTC AGC AAG GAC CAG TTC CCA GAG GTC TAT GTG CCC ACG GTG TTT GAA AAC TAT GTG GCG GAT ATC GAG GTG GAT GGG AAG CAG GTA GAG TTG GCT TTA TGG GAC ACA GCT GGA CAG GAA GAT TAT GAC CGC CTG CGG CCT CTC TCT TAT CCA GAC ACC GAT GTT ATA TTG ATG TGT TTT TCC ATT GAC AGC CCT GAT AGT TTA GAA AAC ATC CCA GAA AAA TGG ACT CCA GAA GTC AAG CAT TTC TGT CCA AAT GTG CCC ATC ATC CTG GTT GGG AAC AAG AAG GAC CTT CGG AAT GAC GAG CAC ACG AGA CGG GAG TTG GCC AAA ATG AAG CAG GAG CCG GTA AAA CCT GAA GAA GGC AGA GAT ATG GCA AAC AGG ATT GGC GCT TTT GGG TAC ATG GAG TGT TCA GCA AAG ACC AAA GAT GGA GTG AGA GAG GTT TTT GAG ATG GCC ACG AGA GCT GCT CTG CAA GCT AGA --- --- --- --- --- --- --- --- --- --- --- CGT GGG AAG AAA AAG TCT GGG TGC CTC ATC TTG --- 
Gallus gallus                              --- --- --- --- --- --- --- ATG GCA GCC ATT CGA AAA AAG CTG GTC ATA GTG GGC GAC GGT GCC TGC GGG AAG ACC TGT CTG CTG ATT GTG TTT AGC AAA GAC CAG TTC CCT GAA GTC TAC GTT CCC ACC GTC TTT GAA AAT TAT GTA GCA GAT ATT GAA GTG GAT GGA AAG CAG GTG GAG TTG GCT TTG TGG GAT ACA GCA GGA CAG GAA GAC TAC GAT CGA CTT AGA CCG CTT TCT TAT CCA GAT ACT GAT GTT ATA CTT ATG TGT TTT TCA ATC GAT AGT CCT GAT AGT TTA GAA AAC ATC CCG GAG AAG TGG ACC CCG GAA GTG AAG CAT TTC TGT CCC AAC GTG CCT ATC ATC TTG GTA GGA AAC AAG AAG GAC CTG AGG AAT GAC GAG CAC ACA AGA CGA GAG CTG GCC AAA ATG AAG CAG GAG CCT GTC AAA CCT GAG GAA GGA AGA GAT ATG GCA AAC CGC ATC GGT GCA TTT GGA TAT ATG GAG TGT TCG GCA AAG ACC AAA GAC GGT GTG AGG GAG GTT TTT GAA ATG GCC ACT AGA GCT GCT TTG CAA GCC CGG --- --- --- --- --- --- --- --- --- --- --- CGT GGC AAG AAA AAG TCC GGG TGC CTT CTC TTA --- 
Rattus norvegicus                          --- --- --- --- --- --- --- ATG GCT GCC ATC AGG AAG AAA CTG GTG ATT GTT GGT GAT GGA GCT TGT GGT AAG ACA TGC TTG CTC ATA GTC TTC AGC AAG GAC CAG TTC CCA GAG GTT TAT GTG CCC ACG GTG TTT GAA AAC TAT GTG GCA GAT ATT GAA GTG GAC GGG AAG CAG GTA GAG TTG GCT TTA TGG GAC ACA GCT GGA CAG GAA GAT TAT GAC CGT CTG AGG CCT CTC TCC TAC CCA GAC ACT GAT GTT ATA CTG ATG TGT TTT TCC ATC GAC AGC CCT GAT AGT TTA GAA AAC ATC CCA GAA AAA TGG ACT CCA GAA GTC AAG CAT TTC TGT CCA AAT GTG CCC ATC ATC CTA GTT GGG AAC AAG AAG GAT CTT CGG AAT GAT GAG CAC ACA AGG CGG GAG TTA GCC AAA ATG AAG CAG GAG CCG GTA AAA CCT GAA GAA GGC AGA GAT ATG GCA AAC AGG ATT GGC GCT TTT GGG TAC ATG GAG TGT TCA GCA AAG ACC AAA GAC GGA GTG AGA GAG GTT TTT GAG ATG GCC ACG AGA GCT GCT CTG CAA GCT AGA --- --- --- --- --- --- --- --- --- --- --- CGC GGG AAG AAA AAG TCG GGG TGC CTC ATC TTG --- 
Canis lupus familiaris                     --- --- --- --- --- --- --- ATG GCT GCC ATC CGG AAG AAA CTG GTG ATT GTT GGT GAT GGA GCC TGT GGT AAG ACT TGT TTG CTC ATC GTC TTT AGC AAG GAC CAG TTC CCA GAG GTG TAT GTA CCC ACA GTG TTT GAG AAC TAT GTG GCA GAT ATT GAA GTT GAT GGA AAG CAG GTA GAG TTG GCT TTG TGG GAT ACA GCT GGG CAG GAA GAT TAT GAT CGC TTG AGG CCT CTC TCC TAT CCA GAC ACT GAT GTT ATA CTG ATG TGT TTC TCT ATT GAC AGC CCT GAT AGC TTA GAA AAC ATC CCA GAA AAA TGG ACC CCA GAA GTC AAG CAC TTC TGT CCC AAC GTG CCC ATC ATC CTG GTT GGG AAC AAG AAG GAT CTT CGG AAT GAT GAG CAC ACA AGG CGG GAG CTA GCC AAG ATG AAG CAG GAG CCG GTG AAA CCG GAA GAA GGC AGA GAT ATG GCA AAC AGG ATT GGT GCT TTT GGG TAC ATG GAG TGT TCA GCA AAG ACC AAA GAT GGA GTG AGG GAG GTT TTT GAA ATG GCC ACG AGA GCT GCT CTG CAA GCC AGA --- --- --- --- --- --- --- --- --- --- --- CGT GGG AAG AAA AAA TCT GGG TGC CTT GTC TTG --- 
Bos taurus                                 --- --- --- --- --- --- --- ATG GCT GCC ATC CGG AAG AAA CTG GTG ATT GTT GGA GAT GGA GCC TGT GGC AAG ACT TGC TTG CTT ATT GTC TTT AGC AAG GAC CAG TTC CCA GAG GTG TAT GTC CCT ACG GTG TTT GAG AAC TAT GTG GCA GAT ATT GAA GTG GAT GGA AAG CAG GTA GAG TTG GCT TTA TGG GAC ACA GCT GGG CAG GAA GAT TAT GAT CGC TTG AGG CCT CTC TCC TAC CCG GAT ACC GAC GTT ATA CTG ATG TGT TTC TCC ATT GAT AGC CCT GAT AGT TTA GAA AAC ATA CCA GAA AAA TGG ACT CCG GAA GTC AAG CAT TTC TGT CCC AAC GTG CCC ATC ATC CTG GTT GGG AAC AAG AAG GAT CTT CGA AAC GAC GAG CAC ACA AGG CGG GAG CTG GCC AAG ATG AAG CAG GAG CCA GTA AAA CCC GAA GAA GGC AGA GAT ATG GCA AAC AGG ATT GGT GCT TTT GGG TAC ATG GAG TGT TCA GCA AAG ACC AAA GAT GGA GTG AGG GAG GTT TTT GAA ATG GCC ACG AGA GCT GCT CTG CAA GCC AGA --- --- --- --- --- --- --- --- --- --- --- CGT GGG AAG AAA AAA TCT GGG TGC CTT GTC TTG --- 



Printing out site pattern counts


         8        465  P G
G 2        3    152

Pan troglodytes                             --- GTC TTG --- AAA AAA AAA AAA AAC AAC AAC AAG AAG AAG AAG AAG AAG AAT AAT ACA ACA ACA ACA ACC ACC ACC ACG AGA AGA AGA AGC AGC AGG AGG AGG AGT ATA ATA ATC ATC ATC ATC ATC ATG ATT ATT CAA CAC CAG CAT CCA CCA CCA CCA CCC CCC CCC CCC CCG CCT CCT CGC CGG CGG CGG CGT CTA CTC CTC CTG CTG CTG CTG CTG CTT CTT GAA GAA GAA GAA GAC GAC GAC GAG GAG GAG GAG GAG GAT GAT GAT GAT GAT GAT GAT GAT GAT GAT GCA GCA GCC GCC GCC GCT GCT GCT GCT GCT GGA GGA GGA GGA GGC GGC GGG GGG GGG GGG GGG GGT GTA GTC GTC GTG GTG GTG GTG GTG GTG GTG GTT GTT GTT GTT TAC TAC TAT TAT TCA TCC TCC TCT TGC TGC TGG TGT TGT TTA TTC TTC TTG TTG TTG TTT TTT
Homo sapiens                                --- GTC TTG --- AAA AAA AAA AAA AAC AAC AAC AAG AAG AAG AAG AAG AAG AAT AAT ACA ACA ACA ACA ACC ACC ACC ACG AGA AGA AGA AGC AGC AGG AGG AGG AGT ATA ATA ATC ATC ATC ATC ATC ATG ATT ATT CAA CAC CAG CAT CCA CCA CCA CCA CCC CCC CCC CCC CCG CCT CCT CGC CGG CGG CGG CGT CTA CTC CTC CTG CTG CTG CTG CTG CTT CTT GAA GAA GAA GAA GAC GAC GAC GAG GAG GAG GAG GAG GAT GAT GAT GAT GAT GAT GAT GAT GAT GAT GCA GCA GCC GCC GCC GCT GCT GCT GCT GCT GGA GGA GGA GGA GGC GGC GGG GGG GGG GGG GGG GGT GTA GTC GTC GTG GTG GTG GTG GTG GTG GTG GTT GTT GTT GTT TAC TAC TAT TAT TCA TCC TCC TCT TGC TGC TGG TGT TGT TTA TTC TTC TTG TTG TTG TTT TTT
Danio rerio                                 --- CTG CTG --- AAA AAG AAG AGC AAC AAC AAT AAA AAA AAG AAG AAG AAG AAC AAT ACA ACA ACA ACT ACA ACC ACG ACT AGA CGC CGG AGT AGT CGA CGC CGT AGT ATT ATT ATC ATT ATT ATT ATT ATG ATT ATT CAG CAC CAG CAC CCA CCG CCT CCT CCA CCA CCA CCT CCA CCT GCA AGG AGG CGC CGC AGG CTG CTT CTT CTG CTG CTT CTT CTT CTG TGT GAA GAA GAG GAG GAC GAC GAT GAA GAA GAA GAA GAG GAC GAC GAC GAC GAC GAC GAC GAT GAT GAT GCC GCC ACC GCA GCA GCA GCA GCC GCG GCT AGC GGA GGG GGT GGA GGG AAA GGA GGA GGG GGT GGA GTG GTC GTG GTA GTC GTG GTT GTT GTT GTT GTA GTC GTG GTG TAC TAT TAC TAT TCT TCA TCT AAC TGC TGT TGG TGC TGT TTA TTC TTT CTC CTG TTG TTC TTT
Mus musculus                                --- ATC TTG --- AAA AAA AAA AAG AAC AAT AAC AAG AAG AAA AAA AAG AAG AAC AAT ACA ACG ACG ACA ACC ACC ACT ACG AGA AGA AGA AGC AGC AGG AGA CGG AGT ATA ATA ATC ATC ATC ATC ATT ATG ATT ATT CAA CAC CAG CAT CCA CCA CCA CCA CCA CCC CCC CCT CCG CCT CCT CGC CGG AGG CGG CGT TTG CTC CTC CTG CTG CTG CTG TTG CTT CTC GAA GAG GAA GAA GAC GAC GAC GAA GAG GAG GAG GAG GAC GAC GAC GAT GAT GAT GAT GAC GAT GAT GCA GCG GCC GCC GCT GCT GCT GCC GCT GCT GGG GGA GGT GGA GGC GGC GGG GGG GGG GGA GGG GGT GTA GTC GTC GTG GTC GTG GTA GTG GTG GTG GTT GTT GTT GTT TAT TAC TAT TAT TCA TCT TCC TCT TGC TGC TGG TGT TGT TTA TTC TTC TTG TTA TTG TTT TTT
Gallus gallus                               --- CTC TTA --- AAA AAA AAG AAG AAT AAC AAC AAA AAG AAA AAG AAA AAG AAC AAT ACC ACA ACC ACA ACC ACT ACC ACT AGA CGG AGG AGC AGT CGC AGA AGA AGT ATA ATT ATC ATC ATT ATT ATC ATG ATA ATC CAA CAC CAG CAT CCA CCG CCG CCT CCC CCC CCT CCG CCT CCT CCT CGA CGA CGA AGG CGT CTG CTG CTT CTG TTG CTT TTG CTT CTG CTT GAA GAA GAA GAG GAC GAT GAT GAA GAA GAA GAG GAG GAC GAT GAT GAC GAC GAT GAT GAC GAC GAT GCA GCA GCC GCC GCC GCA GCC GCC GCT GCT GGA GGT GGG GGT GGT GGA GGG GGA GGC GGA GGA GGC GTG GTG GTG GTT GTC GTC GTC GTA GTG GTG GTG GTT GTA GTT TAT TAT TAC TAT TCG TCT TCA TCC TGC TGT TGG TGC TGT TTA TTT TTC TTG TTG CTG TTT TTT
Rattus norvegicus                           --- ATC TTG --- AAA AAA AAA AAG AAC AAT AAC AAG AAG AAA AAA AAG AAG AAC AAT ACA ACA ACG ACA ACC ACT ACT ACG AGA AGA AGA AGC AGC AGG AGG AGG AGT ATA ATA ATC ATC ATC ATT ATC ATG ATT ATT CAA CAC CAG CAT CCA CCA CCA CCA CCA CCC CCC CCT CCG CCT CCT CGT CGG AGG CGG CGC TTA CTC CTC CTG CTG CTG CTA CTG CTT CTC GAA GAG GAA GAA GAC GAC GAC GAA GAA GAG GAG GAG GAT GAC GAC GAC GAT GAC GAT GAT GAT GAT GCA GCA GCC GCC GCT GCT GCT GCC GCT GCT GGG GGA GGT GGA GGC GGC GGG GGG GGG GGA GGG GGT GTA GTC GTC GTG GTT GTG GTA GTG GTG GTG GTT GTT GTT GTT TAC TAC TAT TAT TCA TCC TCC TCG TGC TGC TGG TGT TGT TTA TTC TTC TTG TTA TTG TTT TTT
Canis lupus familiaris                      --- GTC TTG --- AAA AAA AAA AAA AAC AAC AAC AAG AAG AAG AAA AAG AAG AAC AAT ACT ACA ACA ACA ACC ACT ACC ACG AGA AGA AGG AGC AGC AGG AGG AGG AGC ATA ATC ATC ATC ATC ATT ATT ATG ATT ATT CAA CAC CAG CAC CCA CCA CCA CCA CCC CCC CCC CCT CCG CCT CCG CGC CGG CGG CGG CGT CTA CTC CTC CTG CTG TTG CTG CTG CTT CTT GAA GAA GAA GAA GAC GAC GAT GAG GAA GAG GAG GAG GAT GAC GAT GAT GAT GAT GAT GAT GAT GAT GCA GCA GCC GCC GCC GCT GCC GCC GCT GCT GGA GGA GGT GGA GGT GGC GGG GGG GGG GGG GGG GGT GTA GTC GTC GTA GTG GTG GTG GTG GTG GTT GTT GTT GTT GTT TAT TAC TAT TAT TCA TCC TCT TCT TGC TGT TGG TGT TGT TTA TTT TTC TTG TTG TTG TTC TTT
Bos taurus                                  --- GTC TTG --- AAA AAA AAA AAA AAC AAC AAC AAG AAG AAG AAA AAG AAG AAC AAC ACT ACA ACG ACA ACC ACC ACT ACG AGA AGA AGG AGC AGC AGG AGG AGG AGT ATA ATT ATC ATA ATC ATT ATT ATG ATT ATT CAA CAC CAG CAT CCG CCA CCG CCA CCC CCT CCC CCT CCA CCT CCC CGC CGG CGG CGA CGT CTG CTT CTC CTG CTG TTG CTG CTG CTT CTT GAA GAA GAA GAA GAC GAT GAC GAG GAA GAG GAG GAG GAT GAT GAT GAT GAT GAT GAT GAC GAT GAC GCA GCA GCC GCC GCC GCT GCC GCC GCT GCT GGA GGA GGC GGA GGT GGC GGG GGG GGG GGG GGG GGA GTA GTC GTC GTC GTG GTG GTA GTG GTG GTG GTT GTT GTT GTT TAC TAC TAT TAT TCA TCC TCC TCT TGC TGC TGG TGT TGT TTA TTT TTC TTG TTA TTG TTC TTT



    8    1    1   11    2    1    1    1    1    1    2    1    6    1    1
    1    2    1    1    1    1    1    1    1    1    1    1    2    1    1
    1    1    1    1    1    1    1    1    2    1    1    1    1    6    1
    1    1    1    4    1    1    1    1    1    1    1    1    1    1    1
    1    1    1    1    1    1    1    1    1    1    1    1    1    1    1
    1    1    1    3    2    1    1    1    1    1    1    4    2    1    1
    1    1    1    1    3    1    1    1    2    1    1    1    1    3    1
    1    2    1    1    1    1    1    1    1    1    1    1    1    1    1
    1    1    1    1    1    2    1    1    2    1    1    1    1    1    1
    1    2    1    1    1    1    1    1    1    2    1    3    1    1    2
    1    1    1    1    3

CODONML (in paml version 4.4b, July 2010)  torun.nuc
Model: One dN/dS ratio for branches Global clock  (2 genes: diff. rate & k&w)  
Codon frequency model: F3x4
ns =   8  ls = 212

Codon usage in sequences
--------------------------------------------------------------------------------------------------------------
Phe TTT  4  4  5  4  5  4 | Ser TCT  1  1  2  2  1  0 | Tyr TAT  3  3  2  4  3  3 | Cys TGT  4  4  5  4  4  4
    TTC  3  3  2  3  2  3 |     TCC  2  2  0  1  1  2 |     TAC  2  2  3  1  2  2 |     TGC  2  2  2  2  2  2
Leu TTA  1  1  1  2  2  3 |     TCA  1  1  1  1  1  1 | *** TAA  0  0  0  0  0  0 | *** TGA  0  0  0  0  0  0
    TTG  4  4  1  5  4  3 |     TCG  0  0  0  0  1  1 |     TAG  0  0  0  0  0  0 | Trp TGG  2  2  2  2  2  2
--------------------------------------------------------------------------------------------------------------
Leu CTT  2  2  5  1  4  1 | Pro CCT  2  2  4  3  5  3 | His CAT  1  1  0  1  1  1 | Arg CGT  1  1  1  1  1  1
    CTC  2  2  1  3  1  3 |     CCC  4  4  0  2  2  2 |     CAC  1  1  2  1  1  1 |     CGC  1  1  4  1  1  1
    CTA  1  1  0  0  0  1 |     CCA  4  4  5  5  1  5 | Gln CAA  1  1  0  1  1  1 |     CGA  0  0  1  0  3  0
    CTG  5  5  7  4  5  4 |     CCG  1  1  1  1  3  1 |     CAG  4  4  5  4  4  4 |     CGG  3  3  1  3  1  2
--------------------------------------------------------------------------------------------------------------
Ile ATT  2  2  8  3  3  3 | Thr ACT  0  0  2  1  2  2 | Asn AAT  2  2  3  2  2  2 | Ser AGT  1  1  3  1  2  1
    ATC  6  6  2  6  5  6 |     ACC  3  3  2  2  4  1 |     AAC  4  4  4  4  4  4 |     AGC  2  2  2  2  1  2
    ATA  2  2  0  2  2  2 |     ACA  4  4  4  2  2  3 | Lys AAA  5  5 10  6  6  6 | Arg AGA  4  4  2  5  4  4
Met ATG  6  6  6  6  6  6 |     ACG  1  1  1  3  0  2 |     AAG 12 12  7 11 11 11 |     AGG  3  3  3  2  2  4
--------------------------------------------------------------------------------------------------------------
Val GTT  4  4  5  4  3  5 | Ala GCT  8  8  1  8  3  8 | Asp GAT 12 12  4  8  9  8 | Gly GGT  1  1  2  2  3  2
    GTC  3  3  3  3  4  2 |     GCC  3  3  4  3  5  3 |     GAC  3  3 11  7  6  7 |     GGC  2  2  0  2  2  2
    GTA  1  1  2  2  2  2 |     GCA  3  3  7  2  6  3 | Glu GAA  7  7  9  7  8  8 |     GGA  4  4  5  3  5  3
    GTG  9  9  6  7  7  7 |     GCG  0  0  2  1  0  0 |     GAG  9  9  7  9  8  8 |     GGG  5  5  3  5  2  5
--------------------------------------------------------------------------------------------------------------

--------------------------------------------------------------
Phe TTT  4  4 | Ser TCT  2  1 | Tyr TAT  4  3 | Cys TGT  5  4
    TTC  3  3 |     TCC  1  2 |     TAC  1  2 |     TGC  1  2
Leu TTA  1  2 |     TCA  1  1 | *** TAA  0  0 | *** TGA  0  0
    TTG  5  4 |     TCG  0  0 |     TAG  0  0 | Trp TGG  2  2
--------------------------------------------------------------
Leu CTT  2  3 | Pro CCT  2  3 | His CAT  0  1 | Arg CGT  1  1
    CTC  2  1 |     CCC  3  3 |     CAC  2  1 |     CGC  1  1
    CTA  1  0 |     CCA  4  3 | Gln CAA  1  1 |     CGA  0  1
    CTG  4  5 |     CCG  2  2 |     CAG  4  4 |     CGG  3  2
--------------------------------------------------------------
Ile ATT  4  5 | Thr ACT  2  2 | Asn AAT  1  0 | Ser AGT  0  1
    ATC  5  3 |     ACC  2  2 |     AAC  5  6 |     AGC  3  2
    ATA  1  2 |     ACA  3  2 | Lys AAA  6  6 | Arg AGA  3  3
Met ATG  6  6 |     ACG  1  2 |     AAG 11 11 |     AGG  4  4
--------------------------------------------------------------
Val GTT  5  4 | Ala GCT  6  6 | Asp GAT 12 11 | Gly GGT  3  1
    GTC  3  4 |     GCC  5  5 |     GAC  3  4 |     GGC  1  2
    GTA  2  2 |     GCA  3  3 | Glu GAA  8  8 |     GGA  3  4
    GTG  7  7 |     GCG  0  0 |     GAG  8  8 |     GGG  5  5
--------------------------------------------------------------

Codon position x base (3x4) table for each sequence.

#1: Pan troglodytes
position  1:    T:0.15026    C:0.17098    A:0.29534    G:0.38342
position  2:    T:0.28497    C:0.19171    A:0.34197    G:0.18135
position  3:    T:0.24870    C:0.22280    A:0.19689    G:0.33161
Average         T:0.22798    C:0.19516    A:0.27807    G:0.29879

#2: Homo sapiens   
position  1:    T:0.15026    C:0.17098    A:0.29534    G:0.38342
position  2:    T:0.28497    C:0.19171    A:0.34197    G:0.18135
position  3:    T:0.24870    C:0.22280    A:0.19689    G:0.33161
Average         T:0.22798    C:0.19516    A:0.27807    G:0.29879

#3: Danio rerio    
position  1:    T:0.13472    C:0.19171    A:0.30570    G:0.36788
position  2:    T:0.27979    C:0.18653    A:0.34715    G:0.18653
position  3:    T:0.26943    C:0.21762    A:0.24352    G:0.26943
Average         T:0.22798    C:0.19862    A:0.29879    G:0.27461

#4: Mus musculus   
position  1:    T:0.16062    C:0.16062    A:0.30052    G:0.37824
position  2:    T:0.28497    C:0.19171    A:0.34197    G:0.18135
position  3:    T:0.25389    C:0.22280    A:0.19689    G:0.32642
Average         T:0.23316    C:0.19171    A:0.27979    G:0.29534

#5: Gallus gallus  
position  1:    T:0.15544    C:0.17617    A:0.29016    G:0.37824
position  2:    T:0.28497    C:0.19171    A:0.34197    G:0.18135
position  3:    T:0.26425    C:0.22280    A:0.22280    G:0.29016
Average         T:0.23489    C:0.19689    A:0.28497    G:0.28325

#6: Rattus norvegicus
position  1:    T:0.15544    C:0.16062    A:0.30570    G:0.37824
position  2:    T:0.28497    C:0.19171    A:0.34197    G:0.18135
position  3:    T:0.24870    C:0.22280    A:0.21762    G:0.31088
Average         T:0.22971    C:0.19171    A:0.28843    G:0.29016

#7: Canis lupus familiaris
position  1:    T:0.15544    C:0.16580    A:0.29534    G:0.38342
position  2:    T:0.28497    C:0.19171    A:0.34197    G:0.18135
position  3:    T:0.27461    C:0.21244    A:0.19171    G:0.32124
Average         T:0.23834    C:0.18998    A:0.27634    G:0.29534

#8: Bos taurus     
position  1:    T:0.15544    C:0.16580    A:0.29534    G:0.38342
position  2:    T:0.28497    C:0.19171    A:0.34197    G:0.18135
position  3:    T:0.25907    C:0.22280    A:0.19689    G:0.32124
Average         T:0.23316    C:0.19344    A:0.27807    G:0.29534

Codon usage in genes
--------------------------------------------------------------
Phe TTT  0 34 | Ser TCT  0 10 | Tyr TAT  0 25 | Cys TGT  0 34
    TTC  0 22 |     TCC  0 11 |     TAC  0 15 |     TGC  0 15
Leu TTA  1 12 |     TCA  0  8 | *** TAA  0  0 | *** TGA  0  0
    TTG  6 24 |     TCG  0  2 |     TAG  0  0 | Trp TGG  0 16
--------------------------------------------------------------
Leu CTT  0 20 | Pro CCT  0 24 | His CAT  0  6 | Arg CGT  0  8
    CTC  1 14 |     CCC  0 20 |     CAC  0 10 |     CGC  0 11
    CTA  0  4 |     CCA  0 31 | Gln CAA  0  7 |     CGA  0  5
    CTG  2 37 |     CCG  0 12 |     CAG  0 33 |     CGG  0 18
--------------------------------------------------------------
Ile ATT  0 30 | Thr ACT  0 11 | Asn AAT  0 14 | Ser AGT  0 10
    ATC  2 37 |     ACC  0 19 |     AAC  0 35 |     AGC  0 16
    ATA  0 13 |     ACA  0 24 | Lys AAA  0 50 | Arg AGA  0 29
Met ATG  0 48 |     ACG  0 11 |     AAG  0 86 |     AGG  0 25
--------------------------------------------------------------
Val GTT  0 34 | Ala GCT  0 48 | Asp GAT  0 76 | Gly GGT  0 15
    GTC  4 21 |     GCC  0 31 |     GAC  0 44 |     GGC  0 13
    GTA  0 14 |     GCA  0 30 | Glu GAA  0 62 |     GGA  0 31
    GTG  0 59 |     GCG  0  3 |     GAG  0 66 |     GGG  0 35
--------------------------------------------------------------

Codon position x base (3x4) table for each gene.


Gene #1
position  1:    T:0.43750    C:0.18750    A:0.12500    G:0.25000
position  2:    T:1.00000    C:0.00000    A:0.00000    G:0.00000
position  3:    T:0.00000    C:0.43750    A:0.06250    G:0.50000
Average         T:0.47917    C:0.20833    A:0.06250    G:0.25000

Gene #2
position  1:    T:0.14921    C:0.17016    A:0.29974    G:0.38089
position  2:    T:0.27683    C:0.19306    A:0.34620    G:0.18390
position  3:    T:0.26113    C:0.21859    A:0.20942    G:0.31086
Average         T:0.22906    C:0.19394    A:0.28512    G:0.29188

Sums of codon usage counts
------------------------------------------------------------------------------
Phe F TTT      34 | Ser S TCT      10 | Tyr Y TAT      25 | Cys C TGT      34
      TTC      22 |       TCC      11 |       TAC      15 |       TGC      15
Leu L TTA      13 |       TCA       8 | *** * TAA       0 | *** * TGA       0
      TTG      30 |       TCG       2 |       TAG       0 | Trp W TGG      16
------------------------------------------------------------------------------
Leu L CTT      20 | Pro P CCT      24 | His H CAT       6 | Arg R CGT       8
      CTC      15 |       CCC      20 |       CAC      10 |       CGC      11
      CTA       4 |       CCA      31 | Gln Q CAA       7 |       CGA       5
      CTG      39 |       CCG      12 |       CAG      33 |       CGG      18
------------------------------------------------------------------------------
Ile I ATT      30 | Thr T ACT      11 | Asn N AAT      14 | Ser S AGT      10
      ATC      39 |       ACC      19 |       AAC      35 |       AGC      16
      ATA      13 |       ACA      24 | Lys K AAA      50 | Arg R AGA      29
Met M ATG      48 |       ACG      11 |       AAG      86 |       AGG      25
------------------------------------------------------------------------------
Val V GTT      34 | Ala A GCT      48 | Asp D GAT      76 | Gly G GGT      15
      GTC      25 |       GCC      31 |       GAC      44 |       GGC      13
      GTA      14 |       GCA      30 | Glu E GAA      62 |       GGA      31
      GTG      59 |       GCG       3 |       GAG      66 |       GGG      35
------------------------------------------------------------------------------

(Ambiguity data are not used in the counts.)


Codon position x base (3x4) table, overall

position  1:    T:0.15220    C:0.17034    A:0.29793    G:0.37953
position  2:    T:0.28433    C:0.19106    A:0.34262    G:0.18199
position  3:    T:0.25842    C:0.22085    A:0.20790    G:0.31282
Average         T:0.23165    C:0.19408    A:0.28282    G:0.29145


Nei & Gojobori 1986. dN/dS (dN, dS)
(Pairwise deletion)
(Note: This matrix is not used in later ML. analysis.
Use runmode = -2 for ML pairwise comparison.)

Pan troglodytes     
Homo sapiens        -1.0000 (0.0000 0.0000)
Danio rerio         -1.0000 (0.0425 -1.0000)-1.0000 (0.0425 -1.0000)
Mus musculus         0.0068 (0.0022 0.3308) 0.0068 (0.0022 0.3308)-1.0000 (0.0459 -1.0000)
Gallus gallus        0.0022 (0.0045 1.9956) 0.0022 (0.0045 1.9956)-1.0000 (0.0401 -1.0000) 0.0024 (0.0067 2.8012)
Rattus norvegicus    0.0073 (0.0022 0.3074) 0.0073 (0.0022 0.3074)-1.0000 (0.0465 -1.0000) 0.0000 (0.0000 0.1818) 0.0011 (0.0045 4.2332)
Canis lupus familiaris 0.0000 (0.0000 0.2405) 0.0000 (0.0000 0.2405)-1.0000 (0.0448 -1.0000) 0.0047 (0.0022 0.4763) 0.0040 (0.0067 1.6713) 0.0053 (0.0022 0.4206)
Bos taurus           0.0000 (0.0000 0.3292) 0.0000 (0.0000 0.3292)-1.0000 (0.0448 -1.0000) 0.0046 (0.0022 0.4903) 0.0035 (0.0067 1.9122) 0.0046 (0.0022 0.4903) 0.0000 (0.0000 0.2734)


TREE #  1:  (((((2, 1), (4, 6)), (8, 7)), 5), 3);   MP score: -1
check convergence..
lnL(ntime:  7  np: 12):  -1613.320465      +0.000000
   9..10   10..11   11..12   12..13   13..2    13..1    12..14   14..4    14..6    11..15   15..8    15..7    10..5     9..3  
 18.330045 0.975361 0.162651 0.136847 0.000000 0.058741 0.113656 0.862974 31.992880 1.210052 3.636967 0.000698
SEs for parameters:
 13058186.417706 694841.430021 115871.413958 97489.133750 0.140085 41846.944353 80968.067388 614777.808506 74715548.378734 4566781.111813 0.827259 0.003470
Note: Branch length is defined for the first gene (site partition).
For other genes, look at "rates for genes".

tree length =  38.10735 (1st gene)

(((((2: 0.000000, 1: 0.000000): 0.136847, (4: 0.058741, 6: 0.058741): 0.078106): 0.025804, (8: 0.113656, 7: 0.113656): 0.048994): 0.812710, 5: 0.975361): 17.354684, 3: 18.330045);

(((((Homo sapiens: 0.000000, Pan troglodytes: 0.000000): 0.136847, (Mus musculus: 0.058741, Rattus norvegicus: 0.058741): 0.078106): 0.025804, (Bos taurus: 0.113656, Canis lupus familiaris: 0.113656): 0.048994): 0.812710, Gallus gallus: 0.975361): 17.354684, Danio rerio: 18.330045);

Detailed output identifying parameters

rates for 2 genes:     1  0.86297

gene # 1: kappa =  31.99288 omega =   1.21005
gene # 2: kappa =   3.63697 omega =   0.00070

Time used:  0:36
