
seed used = 1418808593
      8   1221

Homo sapiens                               --- --- --- --- --- --- --- --- --- --- --- --- --- --- --- --- --- ATG GCC GCG GCC GGC TGG --- --- --- --- --- --- --- --- --- --- --- --- --- --- --- --- --- --- --- --- --- --- CGG GAC GGC TCC GGC CAG GAG AAG --- --- --- --- --- --- --- --- --- --- --- --- TAC CGG CTC GTG GTG GTC GGC GGG GGC GGC GTG GGC --- --- --- --- --- --- --- --- --- --- --- --- --- --- --- --- --- --- --- --- --- --- AAG TCG GCG CTC ACC ATC CAG --- --- --- --- --- --- --- --- TTC ATC CAG TCC TAT TTT GTA ACG GAT TAT GAT CCA ACC ATT GAA GAT TCT TAC ACA AAG CAG TGT GTG ATA GAT GAC AGA GCA GCC CGG CTA GAT ATT TTG GAT ACA GCA GGA CAA GAA GAG TTT GGA GCC ATG AGA GAA CAG TAT ATG AGG ACT GGC GAA GGC TTC CTG TTG GTC TTT TCA GTC ACA GAT AGA GGC AGT TTT GAA GAA ATC TAT AAG TTT CAA AGA CAG ATT CTC AGA GTA AAG GAT CGT GAT GAG TTC CCA ATG ATT TTA ATT GGT AAT AAA GCA GAT CTG GAT CAT CAA AGA CAG GTA ACA CAG GAA GAA GGA CAA CAG TTA GCA CGG CAG CTT AAG GTA ACA TAC ATG GAG GCA TCA GCA AAG ATT AGG ATG AAT GTA GAT CAA GCT TTC CAT GAA CTT GTC CGG GTT ATC AGG --- --- --- --- --- --- --- --- --- --- --- --- --- --- --- --- --- AAA TTT CAA GAG CAG GAA TGT CCT CCT --- --- --- --- --- --- --- --- TCA CCA GAA CCA ACA CGG --- --- --- --- --- --- --- --- --- --- --- --- --- --- --- --- --- --- --- --- --- --- --- --- --- --- --- --- --- --- --- --- --- --- --- --- --- --- --- --- --- --- --- --- --- --- --- --- --- --- --- --- --- --- --- --- --- --- --- --- --- --- --- --- --- --- --- --- --- --- --- --- --- --- --- --- --- --- --- --- --- --- --- --- --- AAA GAA --- --- --- --- --- --- --- --- --- AAA GAC AAG AAA GGC TGC --- --- --- CAT TGT GTC ATT TTC 
Pan troglodytes                            --- --- --- --- --- --- --- --- --- --- --- --- --- --- --- --- --- ATG GCC GCG GCC GGC TGG --- --- --- --- --- --- --- --- --- --- --- --- --- --- --- --- --- --- --- --- --- --- CGG GAC GGG TCC GGT CAG GAG AAG --- --- --- --- --- --- --- --- --- --- --- --- TAC CAG CTC GTG GTG GTC GGA GGG GGC GGC GTG GGC --- --- --- --- --- --- --- --- --- --- --- --- --- --- --- --- --- --- --- --- --- --- AAG TCG GCG CTC ACC ATC CAG --- --- --- --- --- --- --- --- TTC ATC CAG TCC TAT TTT GTA ACG GAT TAT GAT CCA ACC ATT GAA GAT TCT TAC ACA AAG CAG TGT GTG ATA GAT GAC AGA GCA GCC CGG CTA GAT ATT TTG GAT ACA GCA GGA CAA GAA GAG TTT GGA GCC ATG AGA GAA CAG TAT ATG AGG ACT GGC GAG GGC TTC CTG TTG GTC TTT TCA GTC ACA GAT AGA GGC AGT TTT GAA GAA ATC TAT AAG TTT CAA AGA CAG ATT CTC AGA GTA AAG GAT CGT GAT GAG TTC CCA ATG ATT TTA ATT GGT AAT AAA GCA GAT CTG GAT CAT CAA AGA CAG GTA ACA CAG GAA GAA GGA CAG CAG TTA GCA CGG CAG CTT AAG GTA ACA TAC ATG GAG GCA TCA GCA AAG ATT AGG ATG AAT GTA GAT CAA GCT TTC CAT GAA CTT GTC CGG GTT ATC AGA --- --- --- --- --- --- --- --- --- --- --- --- --- --- --- --- --- AAA TTT CAA GAG CAG GAA TGT CCT CCT --- --- --- --- --- --- --- --- TCA CCA GAA CCA ACA CGG --- --- --- --- --- --- --- --- --- --- --- --- --- --- --- --- --- --- --- --- --- --- --- --- --- --- --- --- --- --- --- --- --- --- --- --- --- --- --- --- --- --- --- --- --- --- --- --- --- --- --- --- --- --- --- --- --- --- --- --- --- --- --- --- --- --- --- --- --- --- --- --- --- --- --- --- --- --- --- --- --- --- --- --- --- AAA GAA --- --- --- --- --- --- --- --- --- AAA GAC AAG AAA GGC TGC --- --- --- CAT TGT GTC ATT TTC 
Bos taurus                                 --- --- --- --- --- --- --- --- --- --- --- --- --- --- --- --- --- ATG GCC GCG GCC GGC TGG --- --- --- --- --- --- --- --- --- --- --- --- --- --- --- --- --- --- --- --- --- --- CGG GAC GGC TCC GGC CAG GAG AAG --- --- --- --- --- --- --- --- --- --- --- --- TAC CGG CTG GTG GTG GTC GGT GGA GGC GGC GTG GGC --- --- --- --- --- --- --- --- --- --- --- --- --- --- --- --- --- --- --- --- --- --- AAA TCG GCG CTC ACC ATC CAG --- --- --- --- --- --- --- --- TTC ATC CAG TCT TAT TTT GTA ACG GAT TAT GAT CCA ACC ATC GAG GAT TCC TAC ACA AAG CAG TGT GTG ATA GAT GAC CGG GCA GCC CGG CTA GAC ATT CTG GAT ACA GCG GGA CAA GAG GAA TTT GGA GCT ATG AGA GAA CAG TAT ATG AGA ACT GGC GAG GGT TTC CTT TTG GTC TTT TCA GTC ACA GAC AGA GGC AGT TTT GAA GAA ATC TAT AAG TTT CAA AGA CAG ATT CTC AGA GTA AAG GAT CGT GAT GAG TTT CCA ATG ATT TTA ATT GGT AAT AAA GCA GAT CTG GAT CAT CAG AGA CAG GTA ACA CAG GAA GAA GGA CAG CAG TTA GCA CGG CAA CTT AAG GTA ACA TAC ATG GAG GCG TCA GCA AAG ATT AGA ATG AAT GTA GAT CAA GCT TTC CAT GAA CTT GTC CGG GTT ATA AGG --- --- --- --- --- --- --- --- --- --- --- --- --- --- --- --- --- AAA TTT CAA GAG CAG GAA TGT CCT CCT --- --- --- --- --- --- --- --- TCA CCA GAA CCA ACA CGG --- --- --- --- --- --- --- --- --- --- --- --- --- --- --- --- --- --- --- --- --- --- --- --- --- --- --- --- --- --- --- --- --- --- --- --- --- --- --- --- --- --- --- --- --- --- --- --- --- --- --- --- --- --- --- --- --- --- --- --- --- --- --- --- --- --- --- --- --- --- --- --- --- --- --- --- --- --- --- --- --- --- --- --- --- AAA GAA --- --- --- --- --- --- --- --- --- AAA GAC AAG AAA GGC TGC --- --- --- CAT TGT GTC ATT TTC 
Canis lupus familiaris                     ATG GCT GTG TCA CAG CAA GAG GGC AAG GGT CCT GGC AGA GAC GGG GAG GCC TAC GTG GGT GTT GGC TGG ACA GCC AGC AGC AGC CTC CAC GAT GAT AGA GAA AAT ATC AAA GAC TGT GTT AAA ATG AAG TCT TCT AAA GAA GGG GAA AAA GAG GAG GAG AAG GAG GAG GAG AAA GAA GAA GTA GTT ATG ACC CTC TTT GGC GCC TGT CTG ATT GAA GGG GGC CGT TAT TCT GTG TTC CTG TAT GTG CCA CAA GCT GTA CAG AGG CAG ATC CCC AGA AGA GGA GCC CTG CAG TTT GTC CAG CCT TGC CTG CAA GTA AAC ATA GAT TTA AAA ATA AGA TTA TTT TTC TTA CAG TCC TAT TTT GTA ACG GAT TAT GAC CCA ACC ATC GAG GAT TCC TAC ACA AAG CAG TGT GTG ATA GAT GAC AGA GCA GCC CGG CTA GAT ATT CTG GAT ACA GCA GGA CAA GAA GAG TTT GGA GCT ATG AGA GAG CAG TAT ATG AGA ACT GGC GAG GGT TTC CTG TTG GTC TTT TCA GTC ACA GAT CGA GGC AGT TTT GAA GAA ATC TAT AAG TTT CAA AGA CAG ATT CTC AGA GTG AAG GAT CGT GAT GAG TTT CCA ATG ATT TTA ATT GGT AAT AAA GCA GAT CTG GAT CAT CAA AGA CAG GTA ACG CAG GAA GAA GGA CAG CAG TTA GCA CGA CAA CTT AAG GTA ACA TAC ATG GAG GCG TCA GCC AAG ATT AGG ATG AAT GTA GAT CAA GCT TTC CAC GAA CTT GTC CGG GTT ATA AGG --- --- --- --- --- --- --- --- --- --- --- --- --- --- --- --- --- AAA TTT CAA GAG CAG GAA TGT CCT CCT --- --- --- --- --- --- --- --- TCA CCA GAA CCA ACA CGG --- --- --- --- --- --- --- --- --- --- --- --- --- --- --- --- --- --- --- --- --- --- --- --- --- --- --- --- --- --- --- --- --- --- --- --- --- --- --- --- --- --- --- --- --- --- --- --- --- --- --- --- --- --- --- --- --- --- --- --- --- --- --- --- --- --- --- --- --- --- --- --- --- --- --- --- --- --- --- --- --- --- --- --- --- AAA GAA --- --- --- --- --- --- --- --- --- AAA GAC AAG AAA GGC TGC --- --- --- CAT TGT GTC ATT TTC 
Rattus norvegicus                          --- --- --- --- --- --- --- --- --- --- --- --- --- --- --- --- --- ATG GCC GCG GCC GGC TGG --- --- --- --- --- --- --- --- --- --- --- --- --- --- --- --- --- --- --- --- --- --- CGC GAC GGC TCC GGC CAG GAG AAG --- --- --- --- --- --- --- --- --- --- --- --- TAC CGG CTC GTG GTG GTC GGC GGT GGC GGC GTG GGC --- --- --- --- --- --- --- --- --- --- --- --- --- --- --- --- --- --- --- --- --- --- AAG TCG GCG CTC ACC ATC CAG --- --- --- --- --- --- --- --- TTC ATC CAG TCC TAC TTT GTG ACG GAC TAT GAT CCA ACC ATC GAA GAC TCA TAC ACA AAA CAG TGT GTG ATC GAT GAT CGA GCG GCC CGG CTG GAC ATT TTG GAT ACA GCC GGA CAA GAG GAG TTT GGA GCC ATG AGA GAG CAG TAC ATG AGG ACA GGC GAG GGC TTC CTG TTG GTC TTC TCA GTT ACA GAT AGA GGC AGT TTT GAA GAA ATC TAT AAG TTT CAA AGA CAG ATT CTC AGA GTA AAG GAT CGT GAT GAG TTT CCC ATG ATT TTA ATT GGC AAT AAA GCA GAC CTG GAC CAT CAG AGA CAG GTA ACG CAG GAA GAA GGG CAG CAG TTA GCG CGG CAG CTC AAG GTC ACG TAT ATG GAG GCG TCG GCA AAG ATC AGG ATG AAT GTA GAT CAA GCT TTC CAC GAA CTT GTC CGA GTT ATC AGG --- --- --- --- --- --- --- --- --- --- --- --- --- --- --- --- --- AAG TTT CAA GAA CAA GAA TGT CCT CCT --- --- --- --- --- --- --- --- TCA CCA GAA CCA ACC CGG --- --- --- --- --- --- --- --- --- --- --- --- --- --- --- --- --- --- --- --- --- --- --- --- --- --- --- --- --- --- --- --- --- --- --- --- --- --- --- --- --- --- --- --- --- --- --- --- --- --- --- --- --- --- --- --- --- --- --- --- --- --- --- --- --- --- --- --- --- --- --- --- --- --- --- --- --- --- --- --- --- --- --- --- --- AAA GAA --- --- --- --- --- --- --- --- --- AAA GAC AAG AAA GGC TGC --- --- --- CAT TGT GTC ATT TTC 
Mus musculus                               --- --- --- --- --- --- --- --- --- --- --- --- --- --- --- --- --- ATG GCC GCG GCC GGC TGG --- --- --- --- --- --- --- --- --- --- --- --- --- --- --- --- --- --- --- --- --- --- CGC GAC GGC TCC GGC CAG GAG AAG --- --- --- --- --- --- --- --- --- --- --- --- TAC CGG CTC GTG GTG GTC GGC GGT GGC GGC GTG GGC --- --- --- --- --- --- --- --- --- --- --- --- --- --- --- --- --- --- --- --- --- --- AAG TCG GCG CTC ACC ATC CAG --- --- --- --- --- --- --- --- TTC ATC CAG TCC TAT TTT GTG ACG GAC TAT GAT CCA ACC ATT GAA GAC TCA TAC ACA AAG CAA TGT GTG ATC GAT GAC CGA GCT GCC CGG CTG GAC ATT TTG GAT ACA GCC GGA CAA GAG GAG TTT GGA GCC ATG AGA GAG CAA TAC ATG AGG ACA GGC GAG GGC TTC CTG TTG GTC TTC TCA GTC AGG GAT AGA GGC AGT TTT GAA GAA ATC TAT AAG TTT CAA AGA CAG ATT CTC AGA GTA AAG GAC CGT GAT GAG TTT CCC ATG ATT TTA ATT GGC AAT AAA GCT GAC CTG GAC CAT CAG AGA CAG GTA ACA CAG GAA GAA GGG CAG CAG TTA GCA AGG CAG CTC AAG GTC ACA TAT ATG GAG GCA TCG GCA AAG ATC AGG ATG AAT GTA GAC CAA GCT TTC CAC GAA CTT GTC CGG GTT ATA AGG --- --- --- --- --- --- --- --- --- --- --- --- --- --- --- --- --- AAA TTT CAA GAG CAA GAA TGC CCT CCT --- --- --- --- --- --- --- --- TCA CCA GAA CCA ACC CGG --- --- --- --- --- --- --- --- --- --- --- --- --- --- --- --- --- --- --- --- --- --- --- --- --- --- --- --- --- --- --- --- --- --- --- --- --- --- --- --- --- --- --- --- --- --- --- --- --- --- --- --- --- --- --- --- --- --- --- --- --- --- --- --- --- --- --- --- --- --- --- --- --- --- --- --- --- --- --- --- --- --- --- --- --- AAA GAA --- --- --- --- --- --- --- --- --- AAA GAC AAG AAA GGC TGC --- --- --- CAT TGT GTC ATT TTC 
Gallus gallus                              --- --- --- --- --- --- --- --- --- --- --- --- --- --- --- --- --- --- ATG GCC GCG GGC TGC --- --- --- --- --- --- --- --- --- --- --- --- --- --- --- --- --- --- --- --- --- --- AGG GAC GGC CCG GGG CAG GAG AAG --- --- --- --- --- --- --- --- --- --- --- --- TAC CGG CTG GTG GTG GTG GGC GGC GGC GGC GTG GGC --- --- --- --- --- --- --- --- --- --- --- --- --- --- --- --- --- --- --- --- --- --- AAG TCG GCG CTC ACC ATC CAG --- --- --- --- --- --- --- --- TTC ATC CAG TCC TAT TTT GTT ACG GAT TAT GAC CCT ACA ATC GAA GAC TCC TAC ACC AAA CAG TGT GTG ATA GAT GAA AGG GCT GCG CGC TTG GAC ATT CTG GAT ACA GCG GGA CAA GAA GAA TTT GGA GCC ATG CGT GAA CAG TAC ATG AGG ACA GGG GAG GGT TTT CTG CTC GTT TTC TCA GTC ACT GAC AGA GGA AGT TTT GAA GAA ATC TAT AAG TTT CAA CGA CAG ATT CTT AGA GTG AAA GAT CGT GAT GAG TTT CCT ATG ATT CTA GTT GGT AAT AAA GCA GAT CTG GAC CAC CAA AGA CAG GTG ACA CAA GAG GAA GGT CAG CAG CTA GCA CGA CAA CTT AAA GTA ACT TAC ATG GAA GCC TCA GCA AAG ATC AGA TTG AAT GTA GAC CAA GCT TTT CAT GAA CTT GTC AGA GTT ATA AGG --- --- --- --- --- --- --- --- --- --- --- --- --- --- --- --- --- AAA TTT CAA GAA CAA GAG TGC CCT CCT --- --- --- --- --- --- --- --- TCA CCA GAG CCG ACA CGG --- --- --- --- --- --- --- --- --- --- --- --- --- --- --- --- --- --- --- --- --- --- --- --- --- --- --- --- --- --- --- --- --- --- --- --- --- --- --- --- --- --- --- --- --- --- --- --- --- --- --- --- --- --- --- --- --- --- --- --- --- --- --- --- --- --- --- --- --- --- --- --- --- --- --- --- --- --- --- --- --- --- --- --- --- AAA GAG --- --- --- --- --- --- --- --- --- AAA GAC AAA AAA GGC TGC --- --- --- CAT TGT GTA ATT TTC 
Danio rerio                                --- --- --- --- --- --- --- --- --- --- --- --- --- --- --- --- --- --- --- ATG GCT GGC TGG --- --- --- --- --- --- --- --- --- --- --- --- --- --- --- --- --- --- --- --- --- --- AAG GAC GGC TCA GTG CAG GAG AAA --- --- --- --- --- --- --- --- --- --- --- --- TAT CGC CTG GTG GTC GTC GGA GGT GGT GGC GTC GGA --- --- --- --- --- --- --- --- --- --- --- --- --- --- --- --- --- --- --- --- --- --- AAA TCA GCG TTA ACC ATC CAG --- --- --- --- --- --- --- --- TTT ATC CAG TCA TAC TTC GTC ACT GAC TAT GAC CCC ACG ATT GAA GAC TCG TAC ACA AAG CAG TGT GTG ATT GAC GAG AGG CCT GCA CGG CTG GAT ATC CTG GAT ACA GCA GGA CAG GAA GAG TTC GGA GCC ATG AGA GAA CAA TAC ATG AGG ACA GGG GAG GGT TTC CTT CTG GTC TTC TCT GTC ACC GAC CGG GGA AGT TTT GAA GAG ATC TAC AAG TTT CAA CGG CAG ATC TTG AGA GTG AAG GAC CGA GAT GAA TTT CCC ATG ATT CTA GTT GGT AAC AAA GCT GAT CTT GAG CAA CAG AGA CAA GTG ACC CAA GAG GAA GGA CAG CAG CTC GCT CGA CAA CTC AAA GTC ACA TAC ATG GAG GCC TCA GCT AAA ATC CGG ATG AAT GTA GAC CAG GCT TTC CAC GAA CTG GTC CGA GTC ATA AGG --- --- --- --- --- --- --- --- --- --- --- --- --- --- --- --- --- AAG TTC CAG GAG CAG GAG TGT CCA CCT --- --- --- --- --- --- --- --- TCA CCA GAG CCC ACG CGC --- --- --- --- --- --- --- --- --- --- --- --- --- --- --- --- --- --- --- --- --- --- --- --- --- --- --- --- --- --- --- --- --- --- --- --- --- --- --- --- --- --- --- --- --- --- --- --- --- --- --- --- --- --- --- --- --- --- --- --- --- --- --- --- --- --- --- --- --- --- --- --- --- --- --- --- --- --- --- --- --- --- --- --- --- AAA GAA --- --- --- --- --- --- --- --- --- AAG GAC AAG AGT GGC TGC --- --- --- CAC TGC GTG ATC TTC 



Printing out site pattern counts


         8        666  P

Homo sapiens                                --- --- --- --- --- --- --- --- --- --- --- --- --- --- --- --- --- --- --- --- --- --- --- --- --- --- --- --- --- --- --- --- --- --- --- --- --- --- --- --- --- AAA AAA AAA AAA AAG AAG AAG AAG AAG AAG AAG AAT AAT ACA ACA ACA ACA ACA ACA ACC ACC ACG ACT AGA AGA AGA AGA AGA AGG AGG AGG AGT ATA ATC ATC ATC ATC ATG ATG ATG ATT ATT ATT ATT ATT CAA CAA CAA CAA CAG CAG CAG CAG CAG CAG CAG CAG CAG CAT CAT CAT CCA CCA CCA CCA CCT CCT CGG CGG CGG CGG CGG CGG CGT CTA CTC CTC CTC CTG CTG CTT CTT GAA GAA GAA GAA GAA GAA GAA GAA GAC GAC GAC GAG GAG GAG GAG GAG GAT GAT GAT GAT GAT GAT GAT GAT GAT GAT GAT GCA GCA GCA GCA GCA GCA GCC GCC GCC GCC GCG GCG GCT GGA GGA GGC GGC GGC GGC GGC GGC GGC GGC GGC GGC GGG GGT GTA GTA GTA GTA GTA GTC GTC GTC GTC GTC GTG GTG GTG GTG GTT TAC TAC TAC TAT TAT TAT TAT TCA TCA TCA TCC TCC TCG TCT TGC TGG TGT TGT TGT TTA TTA TTC TTC TTC TTC TTG TTG TTT TTT TTT
Pan troglodytes                             --- --- --- --- --- --- --- --- --- --- --- --- --- --- --- --- --- --- --- --- --- --- --- --- --- --- --- --- --- --- --- --- --- --- --- --- --- --- --- --- --- AAA AAA AAA AAA AAG AAG AAG AAG AAG AAG AAG AAT AAT ACA ACA ACA ACA ACA ACA ACC ACC ACG ACT AGA AGA AGA AGA AGA AGA AGG AGG AGT ATA ATC ATC ATC ATC ATG ATG ATG ATT ATT ATT ATT ATT CAA CAA CAA CAG CAG CAG CAG CAG CAG CAG CAG CAG CAG CAT CAT CAT CCA CCA CCA CCA CCT CCT CAG CGG CGG CGG CGG CGG CGT CTA CTC CTC CTC CTG CTG CTT CTT GAA GAA GAA GAA GAA GAA GAA GAG GAC GAC GAC GAG GAG GAG GAG GAG GAT GAT GAT GAT GAT GAT GAT GAT GAT GAT GAT GCA GCA GCA GCA GCA GCA GCC GCC GCC GCC GCG GCG GCT GGA GGA GGA GGC GGC GGC GGC GGC GGC GGC GGG GGT GGG GGT GTA GTA GTA GTA GTA GTC GTC GTC GTC GTC GTG GTG GTG GTG GTT TAC TAC TAC TAT TAT TAT TAT TCA TCA TCA TCC TCC TCG TCT TGC TGG TGT TGT TGT TTA TTA TTC TTC TTC TTC TTG TTG TTT TTT TTT
Bos taurus                                  --- --- --- --- --- --- --- --- --- --- --- --- --- --- --- --- --- --- --- --- --- --- --- --- --- --- --- --- --- --- --- --- --- --- --- --- --- --- --- --- --- AAA AAA AAA AAA AAA AAG AAG AAG AAG AAG AAG AAT AAT ACA ACA ACA ACA ACA ACA ACC ACC ACG ACT AGA AGA AGA AGA CGG AGG AGA AGA AGT ATA ATA ATC ATC ATC ATG ATG ATG ATC ATT ATT ATT ATT CAA CAA CAG CAG CAA CAG CAG CAG CAG CAG CAG CAG CAG CAT CAT CAT CCA CCA CCA CCA CCT CCT CGG CGG CGG CGG CGG CGG CGT CTA CTC CTC CTG CTG CTT CTT CTT GAA GAA GAA GAA GAA GAG GAG GAG GAC GAC GAC GAA GAG GAG GAG GAG GAC GAC GAT GAT GAT GAT GAT GAT GAT GAT GAT GCA GCA GCA GCA GCG GCG GCC GCC GCC GCT GCG GCG GCT GGA GGA GGT GGC GGC GGC GGC GGC GGC GGT GGC GGC GGA GGT GTA GTA GTA GTA GTA GTC GTC GTC GTC GTC GTG GTG GTG GTG GTT TAC TAC TAC TAT TAT TAT TAT TCA TCA TCA TCC TCT TCG TCC TGC TGG TGT TGT TGT TTA TTA TTC TTC TTC TTT CTG TTG TTT TTT TTT
Canis lupus familiaris                      --- AAA AAG AAT ACA ACC AGA AGC AGG ATA ATC ATG CAA CAC CAG CCA CCC CCT CTC CTG GAA GAC GAG GAT GCC GCT GGA GGC GGG GGT GTA GTC GTG GTT TAT TCA TCT TGT TTA TTC TTT AAA AAA AAA AAA CAG AAG AAG AAG AAG AAG GAG AAT AAT ACA ACA ACA ACA ACA ACG ACC CAA ACG ACT AGA AGA AGA CGA AGA AGG AGA AGG AGT ATA ATA ATC GTA TTA ATG ATG TAC ATC ATT ATT ATT ATT CAA CAA CAA CAG CAA AAC CAG CAG CAG CAG CAG CAG GAG CAC CAT CAT CCA CCA CCA CCA CCT CCT GGC AAA CGA CGG CGG CGG CGT CTA CTC CTG GCC CTG CTG CTT CTT GAA GAA GAA GAA GAG GAA GAG GAG GAA GAC GAC GAG GAG GAG GAG GAG GAT GAT GAC GAT GAT GAT GAT GAT GAT GAT GAT GCA GCA GCA GCC GCA GCG GCC GTG GTT GCT GGT TGC GCT GGA GGA GAA CGT GGC GGC GGC GGC TCT GGT GGG AAA GGG GGT GTA GTA GTA GTA GTG ATT GTC GTC GTC GTC CTG GTG TAT TGT GTT TAC TAC TTT TAT TAT TAT TAT TCA TCA TCA GAA TCC CCT TCC TGC TGG TGT TGT TGT TTA TTA TTC TTC TTC TTT CTG TTG TTT TTT TTT
Rattus norvegicus                           --- --- --- --- --- --- --- --- --- --- --- --- --- --- --- --- --- --- --- --- --- --- --- --- --- --- --- --- --- --- --- --- --- --- --- --- --- --- --- --- --- AAA AAA AAA AAG AAG AAA AAG AAG AAG AAG AAG AAT AAT ACA ACA ACA ACC ACG ACG ACC ACC ACG ACA AGA AGA AGA AGA CGA AGG AGG AGG AGT ATC ATC ATC ATC ATC ATG ATG ATG ATC ATC ATT ATT ATT CAA CAA CAG CAG CAG CAG CAA CAG CAG CAG CAG CAG CAG CAC CAT CAT CCA CCA CCA CCC CCT CCT CGG CGC CGG CGA CGG CGG CGT CTG CTC CTC CTC CTG CTG CTC CTT GAA GAA GAA GAA GAG GAG GAA GAG GAC GAC GAT GAG GAA GAG GAG GAG GAC GAT GAT GAC GAC GAC GAC GAT GAT GAT GAT GCA GCG GCG GCA GCC GCG GCC GCC GCC GCC GCG GCG GCT GGA GGG GGC GGC GGC GGC GGC GGC GGC GGC GGC GGC GGT GGC GTA GTA GTC GTG GTA GTC GTC GTC GTC GTT GTG GTG GTG GTG GTT TAC TAT TAC TAC TAC TAT TAT TCA TCA TCG TCC TCC TCG TCA TGC TGG TGT TGT TGT TTA TTA TTC TTC TTC TTT TTG TTG TTC TTT TTT
Mus musculus                                --- --- --- --- --- --- --- --- --- --- --- --- --- --- --- --- --- --- --- --- --- --- --- --- --- --- --- --- --- --- --- --- --- --- --- --- --- --- --- --- --- AAA AAA AAA AAA AAG AAG AAG AAG AAG AAG AAG AAT AAT ACA ACA AGG ACC ACA ACA ACC ACC ACG ACA AGA AGA AGA AGA CGA AGG AGG AGG AGT ATC ATA ATC ATC ATC ATG ATG ATG ATT ATC ATT ATT ATT CAA CAA CAG CAG CAG CAG CAA CAA CAA CAG CAG CAG CAG CAC CAT CAT CCA CCA CCA CCC CCT CCT CGG CGC AGG CGG CGG CGG CGT CTG CTC CTC CTC CTG CTG CTC CTT GAA GAA GAA GAA GAG GAG GAA GAG GAC GAC GAC GAG GAG GAG GAG GAG GAC GAT GAT GAC GAC GAC GAC GAC GAC GAT GAT GCT GCA GCT GCA GCC GCA GCC GCC GCC GCC GCG GCG GCT GGA GGG GGC GGC GGC GGC GGC GGC GGC GGC GGC GGC GGT GGC GTA GTA GTC GTG GTA GTC GTC GTC GTC GTC GTG GTG GTG GTG GTT TAC TAT TAC TAC TAT TAT TAT TCA TCA TCG TCC TCC TCG TCA TGC TGG TGC TGT TGT TTA TTA TTC TTC TTC TTT TTG TTG TTC TTT TTT
Gallus gallus                               --- --- --- --- --- --- --- --- --- --- --- --- --- --- --- --- --- --- --- --- --- --- --- --- --- --- --- --- --- --- --- --- --- --- --- --- --- --- --- --- --- AAA AAA AAA AAA AAG AAA AAA AAA AAG AAG AAG AAT AAT ACA ACC ACT ACA ACT ACA ACA ACC ACG ACA AGA CGA CGT AGA AGG AGG AGG AGA AGT ATA ATA ATC ATC ATC ATG TTG --- ATC ATC ATT ATT GTT CAA CAA CAA CAG CAA CAG CAA CAG CAG CAA CAG CAG CAG CAT CAC CAT CCA CCG CCT CCT CCT CCT CGG AGG CGA AGA CGC CGG CGT TTG CTT CTC CTG CTG CTG CTT CTT GAA GAA GAG GAG GAA GAA GAA GAG GAC GAC GAA GAA GAA GAA GAG GAG GAC GAC GAC GAC GAC GAT GAT GAC GAT GAT GAT GCA GCA GCT GCA GCG GCC GCG ATG GCG GCC GCC GCG GCT GGA GGT GGC GGC GGA GGC GGC GGG GGC GGT GGC GGG GGC GGT GTA GTG GTA GTT GTG GTG GTA GTC GTT GTC GTG GTG GTG GTG GTT TAC TAC TAC TAC TAT TAT TAT TCA TCA TCA CCG TCC TCG TCC TGC TGC TGC TGT TGT CTA CTA TTC TTC TTT TTT CTG CTC TTC TTT TTT
Danio rerio                                 --- --- --- --- --- --- --- --- --- --- --- --- --- --- --- --- --- --- --- --- --- --- --- --- --- --- --- --- --- --- --- --- --- --- --- --- --- --- --- --- --- AAA AAG AGT AAG AAA AAG AAA AAG AAA AAG AAA AAC AAT ACA ACA ACC ACG ACA ACC ACG ACC ACT ACA AGA CGG AGA CGG AGG AGG AGG CGG AGT ATT ATA ATC ATC ATC ATG ATG --- ATT ATC ATC ATT GTT CAA CAG CAG CAG CAA CAG CAG CAA CAG CAA CAA CAG CAG CAC CAA CAC CCA CCC CCC CCC CCA CCT CGC AAG CGA CGA CGG CGC CGA CTG TTG TTA CTG CTT CTT CTC CTG GAA GAG GAA GAG GAA GAA GAA GAG GAC GAC GAG GAG GAG GAG GAA GAG GAT GAC GAC GAC GAG GAC GAT GAC GAC GAC GAT GCT GCT CCT GCT GCA GCC GCA --- GCT GCC ATG GCG GCT GGA GGA GGA GGC GGA GGC GGT GGG GGA GGT GGC GTG GGT GGT GTA GTG GTC GTC GTG GTC GTG GTC GTC GTC GTC GTG GTC GTG GTC TAC TAC TAT TAC TAC TAC TAT TCA TCT TCA TCA TCA TCA TCG TGC TGG TGT TGC TGT CTA CTC TTC TTT TTC TTT CTG CTG TTC TTC TTT



  122    4    3    1    1    1    5    3    1    2    2    3    2    1    4
    1    1    1    2    2    3    2    5    3    3    2    1    2    1    1
    2    1    3    2    1    1    2    1    2    1    2    2    1    1    1
    1    1    1    2    1    1    1    1    1    1    1    1    1    1    1
    1    1    1    1    2    1    1    1    1    1    1    1    1    1    1
    1    1    1    4    1    1    1    1    3    1    1    1    3    1    1
    1    1    1    1    1    1    1    3    1    1    1    1    1    1    1
    1    1    1    1    1    1    1    1    1    1    1    1    1    1    1
    1    1    1    3    1    1    3    1    1    1    1    1    1    1    1
    1    1    1    1    1    1    1    1    1    1    1    1    1    1    2
    1    1    1    1    1    1    1    1    1    1    1    1    1    2    1
    1    1    1    2    1    1    1    1    1    1    1    1    1    1    1
    1    1    1    1    1    1    1    1    1    1    1    1    1    1    1
    1    1    1    1    1    1    1    1    1    1    1    1    1    1    1
    1    1    1    1    1    2    1    1    1    1    3    2

CODONML (in paml version 4.4b, July 2010)  torun.nuc
Model: One dN/dS ratio for branches Global clock 
Codon frequency model: F3x4
ns =   8  ls = 407

Codon usage in sequences
--------------------------------------------------------------------------------------------------------------
Phe TTT  6  6  7 10  6  6 | Ser TCT  1  1  1  3  0  0 | Tyr TAT  4  4  4  6  3  4 | Cys TGT  3  3  3  5  3  2
    TTC  5  5  4  5  5  5 |     TCC  2  2  2  2  2  2 |     TAC  3  3  3  3  4  3 |     TGC  1  1  1  2  1  2
Leu TTA  2  2  2  5  2  2 |     TCA  3  3  3  4  3  3 | *** TAA  0  0  0  0  0  0 | *** TGA  0  0  0  0  0  0
    TTG  2  2  1  1  2  2 |     TCG  1  1  1  0  2  2 |     TAG  0  0  0  0  0  0 | Trp TGG  1  1  1  1  1  1
--------------------------------------------------------------------------------------------------------------
Leu CTT  2  2  3  2  1  1 | Pro CCT  2  2  2  4  2  2 | His CAT  3  3  3  2  2  2 | Arg CGT  1  1  1  2  1  1
    CTC  3  3  2  3  4  4 |     CCC  0  0  0  1  1  1 |     CAC  0  0  0  2  1  1 |     CGC  0  0  0  0  1  1
    CTA  1  1  1  1  0  0 |     CCA  4  4  4  5  3  3 | Gln CAA  6  5  5  9  5  7 |     CGA  0  0  0  2  2  1
    CTG  2  2  3  7  3  3 |     CCG  0  0  0  0  0  0 |     CAG 11 13 12 14 12 10 |     CGG  6  5  7  3  4  4
--------------------------------------------------------------------------------------------------------------
Ile ATT  7  7  6  7  5  6 | Thr ACT  1  1  1  1  0  0 | Asn AAT  2  2  2  3  2  2 | Ser AGT  1  1  1  1  1  1
    ATC  4  4  4  4  7  5 |     ACC  2  2  2  2  3  3 |     AAC  0  0  0  1  0  0 |     AGC  0  0  0  3  0  0
    ATA  1  1  2  4  0  1 |     ACA  6  6  6  6  4  5 | Lys AAA  5  5  6 11  5  5 | Arg AGA  6  7  7 11  5  5
Met ATG  6  6  6  8  6  6 |     ACG  1  1  1  2  3  1 |     AAG  8  8  7  9  8  8 |     AGG  3  2  1  3  3  5
--------------------------------------------------------------------------------------------------------------
Val GTT  1  1  1  4  2  1 | Ala GCT  1  1  2  4  1  3 | Asp GAT 12 12 10 14  8  5 | Gly GGT  1  2  3  4  1  1
    GTC  5  5  5  5  5  6 |     GCC  4  4  3  6  5  5 |     GAC  3  3  5  5  7 10 |     GGC 11  8  9  8 12 12
    GTA  5  5  5  7  3  3 |     GCA  6  6  4  4  2  3 | Glu GAA 12 11 10 15 10  9 |     GGA  3  4  4  4  2  2
    GTG  4  4  4  6  5  5 |     GCG  2  2  4  1  5  2 |     GAG  5  6  7 15  7  8 |     GGG  1  2  0  3  1  1
--------------------------------------------------------------------------------------------------------------

--------------------------------------------------------------
Phe TTT  8  4 | Ser TCT  0  1 | Tyr TAT  3  2 | Cys TGT  2  2
    TTC  3  7 |     TCC  2  0 |     TAC  4  5 |     TGC  3  2
Leu TTA  0  1 |     TCA  3  5 | *** TAA  0  0 | *** TGA  0  0
    TTG  2  1 |     TCG  1  1 |     TAG  0  0 | Trp TGG  0  1
--------------------------------------------------------------
Leu CTT  3  2 | Pro CCT  4  2 | His CAT  2  0 | Arg CGT  2  0
    CTC  2  2 |     CCC  0  3 |     CAC  1  2 |     CGC  1  2
    CTA  2  1 |     CCA  1  2 | Gln CAA  8  6 |     CGA  2  3
    CTG  4  5 |     CCG  2  0 |     CAG  9 12 |     CGG  2  4
--------------------------------------------------------------
Ile ATT  4  3 | Thr ACT  2  1 | Asn AAT  2  1 | Ser AGT  1  2
    ATC  5  7 |     ACC  2  3 |     AAC  0  1 |     AGC  0  0
    ATA  2  1 |     ACA  5  4 | Lys AAA  9  6 | Arg AGA  5  3
Met ATG  5  6 |     ACG  1  2 |     AAG  4  7 |     AGG  4  3
--------------------------------------------------------------
Val GTT  4  1 | Ala GCT  2  5 | Asp GAT  6  4 | Gly GGT  3  4
    GTC  2  9 |     GCC  3  2 |     GAC  8  9 |     GGC  8  4
    GTA  3  1 |     GCA  3  2 | Glu GAA 11  8 |     GGA  3  6
    GTG  7  6 |     GCG  4  1 |     GAG  7 11 |     GGG  2  1
--------------------------------------------------------------

Codon position x base (3x4) table for each sequence.

#1: Homo sapiens   
position  1:    T:0.16667    C:0.20098    A:0.25980    G:0.37255
position  2:    T:0.27451    C:0.17647    A:0.36275    G:0.18627
position  3:    T:0.23529    C:0.21078    A:0.29412    G:0.25980
Average         T:0.22549    C:0.19608    A:0.30556    G:0.27288

#2: Pan troglodytes
position  1:    T:0.16667    C:0.20098    A:0.25980    G:0.37255
position  2:    T:0.27451    C:0.17647    A:0.36765    G:0.18137
position  3:    T:0.24020    C:0.19608    A:0.29412    G:0.26961
Average         T:0.22712    C:0.19118    A:0.30719    G:0.27451

#3: Bos taurus     
position  1:    T:0.16176    C:0.21078    A:0.25490    G:0.37255
position  2:    T:0.27451    C:0.17647    A:0.36275    G:0.18627
position  3:    T:0.24510    C:0.19608    A:0.28922    G:0.26961
Average         T:0.22712    C:0.19444    A:0.30229    G:0.27614

#4: Canis lupus familiaris
position  1:    T:0.16491    C:0.20000    A:0.26667    G:0.36842
position  2:    T:0.27719    C:0.15789    A:0.38246    G:0.18246
position  3:    T:0.25263    C:0.18246    A:0.30877    G:0.25614
Average         T:0.23158    C:0.18012    A:0.31930    G:0.26901

#5: Rattus norvegicus
position  1:    T:0.16667    C:0.20588    A:0.25490    G:0.37255
position  2:    T:0.27451    C:0.17647    A:0.36275    G:0.18627
position  3:    T:0.18627    C:0.28431    A:0.22549    G:0.30392
Average         T:0.20915    C:0.22222    A:0.28105    G:0.28758

#6: Mus musculus   
position  1:    T:0.16667    C:0.20098    A:0.25980    G:0.37255
position  2:    T:0.27451    C:0.17157    A:0.36275    G:0.19118
position  3:    T:0.18137    C:0.29412    A:0.24020    G:0.28431
Average         T:0.20752    C:0.22222    A:0.28758    G:0.28268

#7: Gallus gallus  
position  1:    T:0.15271    C:0.22167    A:0.25123    G:0.37438
position  2:    T:0.27586    C:0.17241    A:0.36453    G:0.18719
position  3:    T:0.23645    C:0.21675    A:0.28079    G:0.26601
Average         T:0.22167    C:0.20361    A:0.29885    G:0.27586

#8: Danio rerio    
position  1:    T:0.15842    C:0.22772    A:0.24752    G:0.36634
position  2:    T:0.28218    C:0.16832    A:0.36634    G:0.18317
position  3:    T:0.16832    C:0.28713    A:0.24257    G:0.30198
Average         T:0.20297    C:0.22772    A:0.28548    G:0.28383

Sums of codon usage counts
------------------------------------------------------------------------------
Phe F TTT      53 | Ser S TCT       7 | Tyr Y TAT      30 | Cys C TGT      23
      TTC      39 |       TCC      14 |       TAC      28 |       TGC      13
Leu L TTA      16 |       TCA      27 | *** * TAA       0 | *** * TGA       0
      TTG      13 |       TCG       9 |       TAG       0 | Trp W TGG       7
------------------------------------------------------------------------------
Leu L CTT      16 | Pro P CCT      20 | His H CAT      17 | Arg R CGT       9
      CTC      23 |       CCC       6 |       CAC       7 |       CGC       5
      CTA       7 |       CCA      26 | Gln Q CAA      51 |       CGA      10
      CTG      29 |       CCG       2 |       CAG      93 |       CGG      35
------------------------------------------------------------------------------
Ile I ATT      45 | Thr T ACT       7 | Asn N AAT      16 | Ser S AGT       9
      ATC      40 |       ACC      19 |       AAC       2 |       AGC       3
      ATA      12 |       ACA      42 | Lys K AAA      52 | Arg R AGA      49
Met M ATG      49 |       ACG      12 |       AAG      59 |       AGG      24
------------------------------------------------------------------------------
Val V GTT      15 | Ala A GCT      19 | Asp D GAT      71 | Gly G GGT      19
      GTC      42 |       GCC      32 |       GAC      50 |       GGC      72
      GTA      32 |       GCA      30 | Glu E GAA      86 |       GGA      28
      GTG      41 |       GCG      21 |       GAG      66 |       GGG      11
------------------------------------------------------------------------------

(Ambiguity data are not used in the counts.)


Codon position x base (3x4) table, overall

position  1:    T:0.16316    C:0.20819    A:0.25731    G:0.37135
position  2:    T:0.27602    C:0.17135    A:0.36725    G:0.18538
position  3:    T:0.21988    C:0.23099    A:0.27368    G:0.27544
Average         T:0.21969    C:0.20351    A:0.29942    G:0.27739

Codon frequencies under model, for use in evolver (TTT TTC TTA TTG ... GGG):
  0.01032783  0.01084972  0.01285486  0.01293726
  0.00641113  0.00673510  0.00797982  0.00803097
  0.01374127  0.01443564  0.00000000  0.00000000
  0.00693628  0.00728678  0.00000000  0.00868880
  0.01317817  0.01384409  0.01640261  0.01650776
  0.00818052  0.00859389  0.01018213  0.01024740
  0.01753366  0.01841967  0.02182382  0.02196371
  0.00885059  0.00929783  0.01101616  0.01108678
  0.01628762  0.01711067  0.02027289  0.02040285
  0.01011075  0.01062166  0.01258466  0.01266533
  0.02167082  0.02276589  0.02697326  0.02714616
  0.01093893  0.01149170  0.01361548  0.01370276
  0.02350600  0.02469380  0.02925747  0.02944502
  0.01459165  0.01532899  0.01816195  0.01827837
  0.03127493  0.03285532  0.03892731  0.03917685
  0.01578687  0.01658461  0.01964961  0.01977557



Nei & Gojobori 1986. dN/dS (dN, dS)
(Pairwise deletion)
(Note: This matrix is not used in later ML. analysis.
Use runmode = -2 for ML pairwise comparison.)

Homo sapiens        
Pan troglodytes      0.0472 (0.0021 0.0448)
Bos taurus           0.0000 (0.0000 0.2344) 0.0086 (0.0021 0.2451)
Canis lupus familiaris 0.2702 (0.0953 0.3525) 0.3054 (0.0976 0.3195) 0.2637 (0.0954 0.3618)
Rattus norvegicus    0.0000 (0.0000 0.4383) 0.0045 (0.0021 0.4665) 0.0000 (0.0000 0.5307) 0.1285 (0.0977 0.7601)
Mus musculus         0.0052 (0.0021 0.4026) 0.0098 (0.0042 0.4295) 0.0041 (0.0021 0.5193) 0.1272 (0.1000 0.7862) 0.0118 (0.0021 0.1789)
Gallus gallus        0.0197 (0.0201 1.0223) 0.0211 (0.0223 1.0576) 0.0234 (0.0202 0.8616) 0.0802 (0.1004 1.2526) 0.0202 (0.0223 1.1077) 0.0232 (0.0256 1.1023)
Danio rerio         -1.0000 (0.0317 -1.0000)-1.0000 (0.0350 -1.0000)-1.0000 (0.0317 -1.0000)-1.0000 (0.1038 -1.0000)-1.0000 (0.0339 -1.0000) 0.0135 (0.0373 2.7502) 0.0139 (0.0336 2.4119)


TREE #  1:  (((((1, 2), (6, 5)), (3, 4)), 7), 8);   MP score: -1
lnL(ntime:  7  np:  9):  -2374.425070      +0.000000
   9..10   10..11   11..12   12..13   13..1    13..2    12..14   14..6    14..5    11..15   15..3    15..4    10..7     9..8  
 0.652497 0.409730 0.228277 0.171158 0.026456 0.054213 0.228276 1.465244 0.044721
SEs for parameters:
 0.068991 0.039651 0.024575 0.025950 0.010320 0.011271 0.027571 0.209437 0.007952

tree length =   2.42310

(((((1: 0.026456, 2: 0.026456): 0.144701, (6: 0.054213, 5: 0.054213): 0.116944): 0.057119, (3: 0.228276, 4: 0.228276): 0.000000): 0.181453, 7: 0.409730): 0.242767, 8: 0.652497);

(((((Homo sapiens: 0.026456, Pan troglodytes: 0.026456): 0.144701, (Mus musculus: 0.054213, Rattus norvegicus: 0.054213): 0.116944): 0.057119, (Bos taurus: 0.228276, Canis lupus familiaris: 0.228276): 0.000000): 0.181453, Gallus gallus: 0.409730): 0.242767, Danio rerio: 0.652497);

Detailed output identifying parameters

kappa (ts/tv) =  1.46524

omega (dN/dS) =  0.04472

dN & dS for each branch

 branch          t       N       S   dN/dS      dN      dS  N*dN  S*dS

   9..10     0.243   913.4   307.6  0.0447  0.0127  0.2836  11.6  87.2
  10..11     0.181   913.4   307.6  0.0447  0.0095  0.2119   8.7  65.2
  11..12     0.057   913.4   307.6  0.0447  0.0030  0.0667   2.7  20.5
  12..13     0.145   913.4   307.6  0.0447  0.0076  0.1690   6.9  52.0
  13..1      0.026   913.4   307.6  0.0447  0.0014  0.0309   1.3   9.5
  13..2      0.026   913.4   307.6  0.0447  0.0014  0.0309   1.3   9.5
  12..14     0.117   913.4   307.6  0.0447  0.0061  0.1366   5.6  42.0
  14..6      0.054   913.4   307.6  0.0447  0.0028  0.0633   2.6  19.5
  14..5      0.054   913.4   307.6  0.0447  0.0028  0.0633   2.6  19.5
  11..15     0.000   913.4   307.6  0.0447  0.0000  0.0000   0.0   0.0
  15..3      0.228   913.4   307.6  0.0447  0.0119  0.2666  10.9  82.0
  15..4      0.228   913.4   307.6  0.0447  0.0119  0.2666  10.9  82.0
  10..7      0.410   913.4   307.6  0.0447  0.0214  0.4786  19.5 147.2
   9..8      0.652   913.4   307.6  0.0447  0.0341  0.7621  31.1 234.4

tree length for dN:       0.1266
tree length for dS:       2.8303


Time used:  0:08
