
seed used = 1418854349
      6    819

Canis lupus familiaris                     --- --- --- --- --- --- --- --- --- --- --- --- --- --- --- --- --- --- --- --- --- --- --- --- --- --- --- --- --- --- --- --- --- --- --- --- --- --- --- --- --- --- --- --- --- --- --- --- --- --- --- --- --- --- --- --- --- --- --- --- --- --- --- --- --- --- --- --- --- --- --- ATG GAC GGG TCC GGG GAG CAA CCC AGA GGC GGG GGG CCC ACC AGC TCT --- --- GAG CAG ATC ATG AAG ACA GGG GCC CTT TTG CTT CAG GGT TTC ATC CAA GAT CGA GCA GGG CGA ATG GGG GGA GAG ACA CCT GAG CTG CCC --- --- --- TTG GAG CAG GTG CCC CAG --- --- --- --- GAT GCA TCC ACC AAG AAG CTG AGC GAA TGT CTC AAG CGC ATC GGA GAT GAA CTG GAC AGT AAC ATG GAG TTG CAG AGG ATG ATC GCA GCT GTG GAC ACA GAC TCT CCC CGT GAG GTC TTC TTC CGA GTG GCA GCT GAG ATG TTT TCT GAT GGC AAC TTC AAC TGG GGC CGG GTT GTT GCC CTC TTC TAC TTT GCC AGC AAA CTG GTG CTC AAG GCC CTG TGT ACC AAG GTG CCC GAG CTG ATC AGG ACC ATC ATG GGC TGG ACA CTG GAC TTC CTT CGA GAG CGG --- CTG CTG GGC TGG ATC CAG GAC CAG GGT GGT TGG GAC GGC CTC CTC TCC TAC TTT GGG ACA CCC ACG TGG CAG ACA GTG ACC ATC TTT GTG GCT GGA GTG CTT ACT GCG TCA CTC ACC ATC TGG AAA AAG ATG GGC 
Mus musculus                               --- --- --- --- --- --- --- --- --- --- --- --- --- --- --- --- --- --- --- --- --- --- --- --- --- --- --- --- --- --- --- --- --- --- --- --- --- --- --- --- --- --- --- --- --- --- --- --- --- --- --- --- --- --- --- --- --- --- --- --- --- --- --- --- --- --- --- --- --- --- --- ATG GAC GGG TCC GGG GAG CAG CTT GGG AGC GGC GGG CCC ACC AGC TCT --- --- GAA CAG ATC ATG AAG ACA GGG GCC TTT TTG CTA CAG GGT TTC ATC CAG GAT CGA GCA GGG AGG ATG GCT GGG GAG ACA CCT GAG CTG ACC --- --- --- TTG GAG CAG CCG CCC CAG --- --- --- --- GAT GCG TCC ACC AAG AAG CTG AGC GAG TGT CTC CGG CGA ATT GGA GAT GAA CTG GAC AGC AAT ATG GAG CTG CAG AGG ATG ATT GCT GAC GTG GAC ACG GAC TCC CCC CGA GAG GTC TTC TTC CGG GTG GCA GCT GAC ATG TTT GCT GAT GGC AAC TTC AAC TGG GGC CGC GTG GTT GCC CTC TTC TAC TTT GCT AGC AAA CTG GTG CTC AAG GCC CTG TGC ACT AAA GTG CCC GAG CTG ATC AGA ACC ATC ATG GGC TGG ACA CTG GAC TTC CTC CGT GAG CGG --- CTG CTT GTC TGG ATC CAA GAC CAG GGT GGC TGG GAA GGC CTC CTC TCC TAC TTC GGG ACC CCC ACA TGG CAG ACA GTG ACC ATC TTT GTG GCT GGA GTC CTC ACC GCC TCG CTC ACC ATC TGG AAG AAG ATG GGC 
Rattus norvegicus                          --- --- --- --- --- --- --- --- --- --- --- --- --- --- --- --- --- --- --- --- --- --- --- --- --- --- --- --- --- --- --- --- --- --- --- --- --- --- --- --- --- --- --- --- --- --- --- --- --- --- --- --- --- --- --- --- --- --- --- --- --- --- --- --- --- --- --- --- --- --- --- ATG GAC GGG TCC GGG GAG CAG CTC GGA GGC GGC GGG CCC ACC AGC TCT --- --- GAA CAG TTC ATG AAG ACA GGG GCC TTT TTG TTA CAG GGT TTC ATC CAG GAT CGA GCA GAG AGG ATG GCT GGG GAG ACA CCT GAG CTG ACC --- --- --- TTG GAG CAG CCG CCC CAG --- --- --- --- GAT GCA TCC ACC AAG AAG CTG AGC GAG TGT CTC CGG CGA ATT GGA GAT GAA CTG GAC AAT AAT ATG GAG CTG CAG AGG ATG ATT GCT GAC GTG GAC ACG GAC TCC CCC CGA GAG GTC TTC TTC CGG GTG GCA GCT GAC ATG TTT GCT GAT GGC AAC TTC AAC TGG GGC CGC GTG GTT GCC CTC TTC TAC TTT GCT AGC AAA CTG GTG CTC AAG GCC CTG TGC ACT AAA GTG CCC GAG CTG ATC AGA ACC ATC ATG GGC TGG ACA CTG GAC TTC CTC CGT GAG CGG --- CTG CTT GTC TGG ATC CAA GAC CAG GGT GGC TGG GAA GGC CTC CTC TCC TAC TTC GGG ACC CCC ACA TGG CAG ACA GTG ACC ATC TTT GTG GCT GGA GTC CTC ACC GCC TCG CTC ACC ATC TGG AAG AAG ATG GGC 
Bos taurus                                 --- --- --- --- --- --- --- --- --- --- --- --- --- --- --- --- --- --- --- --- --- --- --- --- --- --- --- --- --- --- --- --- --- --- --- --- --- --- --- --- --- --- --- --- --- --- --- --- --- --- --- --- --- --- --- --- --- --- --- --- --- --- --- --- --- --- --- --- --- --- --- ATG GAC GGG TCC GGG GAG CAA CCC AGA GGC GGG GGG CCC ACC AGC TCT --- --- GAG CAG ATC ATG AAG ACA GGG GCC CTT TTG CTT CAG GGT TTC ATC CAG GAT CGA GCA GGG CGA ATG GGG GGA GAG ACA CCC GAG CTG GGC --- --- --- TTG GAG CAG GTG CCC CAG --- --- --- --- GAT GCA TCC ACC AAG AAG CTG AGC GAG TGT CTG AAG CGC ATC GGA GAT GAA TTG GAC AGT AAC ATG GAG CTG CAG AGG ATG ATC GCA GCT GTG GAC ACA GAC TCT CCC CGA GAG GTC TTT TTC CGA GTG GCG GCT GAA ATG TTT TCT GAC GGC AAC TTC AAC TGG GGC CGG GTT GTC GCC CTT TTC TAC TTT GCC AGC AAA CTG GTG CTC AAG GCC TGT GCA ACC AAG GTG CCC GAG TTG ATC AGG ACC ATC ATG GGC TGG ACA TTG GAC TTC CTT CGA GAG CGG --- CTG CTG GGC TGG ATC CAG GAC CAG GGT GGT TGG GAC GGC CTC CTC TCC TAC TTT GGG ACA CCC ACA TGG CAG ACA GTG ACC ATC TTT GTG GCT GGA GTG CTC ACC GCC TCG CTC ACC ATC TGG AAG AAG ATG GGC 
Pan troglodytes                            ATG AAG GCA TTA GAG CTG CGA TTG GAC GGG CGG CTG TTG GAC GGC TCC ACT GCT GGC ACT TAT CGG GAG ATG CTC ATT GGA CAG TCA CGT GAC GGG ACC AAA CCT CCC GAG GGA GCG AGG CAG GAC GCA CGT TCA GCG GGG CTC TCA CGT GAC CCG GGC GCG CTG CGG CCG CCC GCG CGG ACC CGG CAA GAG GCG GCG GCG GGA GCG GCG GTG ATG GAC GGG TCC GGG GAG CAG CCC AGA GGC GGG GGG CCC ACC AGC TCT --- --- GAG CAG ATC ATG AAG ACA GGG GCC CTT TTG CTT CAG GGT TTC ATC CAG GAT CGA GCA GGG CGA ATG AGG GGG GAG GCA CCC GAG CTG GCC --- --- --- CTG GAC CCG GTG CCT CAG --- --- --- --- GAT GCG TCC ACC AAG AAG CTG AGC GAG TGT CTC AAG CGC ATC GGG GAC GAA CTG GAC AGT AAC ATG GAG CTG CAG AGG ATG ATT GCC GCC GTG GAC ACA GAC TCC CCC CGA GAG GTC TTT TTC CGA GTG GCA GCT GAC ATG TTT TCT GAC GGC AAC TTC AAC TGG GGC CGG GTT GTC GCC CTT TTC TAC TTT GCC AGC AAA CTG GTG CTC AAG GCC CTG TGC ACC AAG GTG CCG GAA CTG ATC AGA ACC ATC ATG GGC TGG ACA TTG GAC TTC CTC CGG GAG CGG --- CTG TTG GGC TGG ATC CAA GAC CAG GGT GGT TGG GAC GGC CTC CTC TCC TAC TTT GGG ACG CCC ACG TGG CAG ACC GTG ACC ATC TTT GTG GCG GGA GTG CTC ACC GCC TCA CTC ACC ATC TGG AAG AAG ATG GGC 
Homo sapiens                               --- --- --- --- --- --- --- --- --- --- --- --- --- --- --- --- --- --- --- --- --- --- --- --- --- --- --- --- --- --- --- --- --- --- --- --- --- --- --- --- --- --- --- --- --- --- --- --- --- --- --- --- --- --- --- --- --- --- --- --- --- --- --- --- --- --- --- --- --- --- --- ATG GAC GGG TCC GGG GAG CAG CCC AGA GGC GGG GGG CCC ACC AGC TCT --- --- GAG CAG ATC ATG AAG ACA GGG GCC CTT TTG CTT CAG GGT TTC ATC CAG GAT CGA GCA GGG CGA ATG GGG GGG GAG GCA CCC GAG CTG GCC --- --- --- CTG GAC CCG GTG CCT CAG --- --- --- --- GAT GCG TCC ACC AAG AAG CTG AGC GAG TGT CTC AAG CGC ATC GGG GAC GAA CTG GAC AGT AAC ATG GAG CTG CAG AGG ATG ATT GCC GCC GTG GAC ACA GAC TCC CCC CGA GAG GTC TTT TTC CGA GTG GCA GCT GAC ATG TTT TCT GAC GGC AAC TTC AAC TGG GGC CGG GTT GTC GCC CTT TTC TAC TTT GCC AGC AAA CTG GTG CTC AAG GCC CTG TGC ACC AAG GTG CCG GAA CTG ATC AGA ACC ATC ATG GGC TGG ACA TTG GAC TTC CTC CGG GAG CGG --- CTG TTG GGC TGG ATC CAA GAC CAG GGT GGT TGG GAC GGC CTC CTC TCC TAC TTT GGG ACG CCC ACG TGG CAG ACC GTG ACC ATC TTT GTG GCG GGA GTG CTC ACC GCC TCA CTC ACC ATC TGG AAG AAG ATG GGC 



Printing out site pattern counts


         6        483  P G
G 2      118     43

Canis lupus familiaris                      --- --- --- --- --- --- --- --- --- --- --- --- --- --- --- --- --- --- --- --- --- --- --- --- --- --- --- --- --- --- --- --- AAA AAG AAG ACA ACA ACA ACA ACA ACC ACC ACG ACT AGA AGC AGG AGG ATC ATC ATC ATG CAA CAA CAG CAG CCC CCC CCC CCC CCC CCT CGA CGA CGA CGA CGG CGT CTC CTG CTG CTG CTG CTG CTT CTT CTT CTT GAC GAG GAG GAG GAG GAT GCA GCA GCA GCA GCC GCG GCT GCT GCT GGA GGA GGC GGC GGG GGG GGG GGG GGT GTC GTG GTG GTG TCA TCC TCT TCT TGG TGT TTC TTC TTG TTG TTG TTT AAA AAC AAC AAG AGC AGT ATC ATC ATG CAG CAG CGC CGG CTC CTC CTC CTG CTG GAA GAA GAC GAC GAG GAT GAT GCC GCC GGA GGC GGC GGG GGT GGT GTT GTT TAC TCC TCT TGG TGT TTC TTT TTT
Mus musculus                                --- --- --- --- --- --- --- --- --- --- --- --- --- --- --- --- --- --- --- --- --- --- --- --- --- --- --- --- --- --- --- --- AAG AAA AAG ACA ACA ACA ACC ACG ACC ACT ACA ACC GGG AGC AGA AGG ATC ATC ATT ATG CAG CAG CAG CAG ACC CCC CCC CCC CTT CCT AGG CGA CGG CGT CGG CGA CTC CTG CTG CTG CTG CTT CTA CTC CTC TTT GAC GAA GAG GAG GAG GAT GCA GCA GCG GCT GCC GCC GAC GCT GCT GGA GGG AGC GGC GCT GGC GGG GGG GGT GTC CCG GTC GTG TCG TCC TCC TCT TGG TGC TTC TTC CTG TTG TTG TTT AAA AAC AAT CGG AGC AGC ATC ATT ATG CAA CAG CGA CGC CTC CTC CTC CTG CTG GAA GAG GAA GAC GAC GAT GAT GCC GCT GGA GGC GTC GGG GGC GGT GTG GTT TAC TCC GCT TGG TGT TTC TTC TTT
Rattus norvegicus                           --- --- --- --- --- --- --- --- --- --- --- --- --- --- --- --- --- --- --- --- --- --- --- --- --- --- --- --- --- --- --- --- AAG AAA AAG ACA ACA ACA ACC ACG ACC ACT ACA ACC GGA AGC AGA AGG ATC TTC ATT ATG CAG CAG CAG CAG ACC CCC CCC CCC CTC CCT AGG CGA CGG CGT CGG CGA CTC CTG CTG CTG CTG CTT TTA CTC CTC TTT GAC GAA GAG GAG GAG GAT GCA GCA GCA GCT GCC GCC GAC GCT GCT GGA GGG GGC GGC GCT GGC GAG GGG GGT GTC CCG GTC GTG TCG TCC TCC TCT TGG TGC TTC TTC CTG TTG TTG TTT AAA AAC AAT CGG AGC AAT ATC ATT ATG CAA CAG CGA CGC CTC CTC CTC CTG CTG GAA GAG GAA GAC GAC GAT GAT GCC GCT GGA GGC GTC GGG GGC GGT GTG GTT TAC TCC GCT TGG TGT TTC TTC TTT
Bos taurus                                  --- --- --- --- --- --- --- --- --- --- --- --- --- --- --- --- --- --- --- --- --- --- --- --- --- --- --- --- --- --- --- --- AAG AAG AAG ACA ACA ACA ACA ACA ACC ACC ACA ACC AGA AGC AGG AGG ATC ATC ATC ATG CAA CAG CAG CAG GGC CCC CCC CCC CCC CCC CGA CGA CGA CGA CGG CGA CTC CTG TGT TTG TTG CTG CTT CTC CTT CTT GAC GAG GAG GAG GAG GAT GCA GCG GCA GCA GCC GCC GCT GCT GCT GGA GGA GGC GGC GGG GGG GGG GGG GGT GTC GTG GTG GTG TCG TCC TCT TCT TGG GCA TTC TTT CTG TTG TTG TTT AAA AAC AAC AAG AGC AGT ATC ATC ATG CAG CAG CGC CGG CTC CTG CTT CTG TTG GAA GAG GAC GAC GAA GAC GAT GCC GCC GGA GGC GGC GGG GGT GGT GTT GTC TAC TCC TCT TGG TGT TTC TTT TTT
Pan troglodytes                             --- AAA AAG ACC ACT AGG ATG ATT CAA CAG CCC CCG CCT CGA CGG CGT CTC CTG GAC GAG GCA GCG GCT GGA GGC GGG GTG TAT TCA TCC TTA TTG AAG AAG AAG ACA ACC GCA ACG ACA ACC ACC ACG ACC AGA AGC AGA AGG ATC ATC ATT ATG CAG CAG CAG CCG GCC CCC CCG CCT CCC CCC CGA CGA CGA CGG CGG CGA CTC CTG CTG CTG TTG TTG CTT CTC CTC CTT GAC GAG GAA GAC GAG GAT GCA GCA GCG GCC GCC GCC GCC GCG GCT GGA GGG GGC GGC AGG GGG GGG GGG GGT GTC GTG GTG GTG TCA TCC TCC TCT TGG TGC TTC TTT CTG CTG TTG TTT AAA AAC AAC AAG AGC AGT ATC ATC ATG CAA CAG CGC CGG CTC CTC CTT CTG CTG GAA GAG GAC GAC GAC GAC GAC GCC GCC GGG GGC GGC GGG GGT GGT GTT GTC TAC TCC TCT TGG TGT TTC TTT TTT
Homo sapiens                                --- --- --- --- --- --- --- --- --- --- --- --- --- --- --- --- --- --- --- --- --- --- --- --- --- --- --- --- --- --- --- --- AAG AAG AAG ACA ACC GCA ACG ACA ACC ACC ACG ACC AGA AGC AGA AGG ATC ATC ATT ATG CAG CAG CAG CCG GCC CCC CCG CCT CCC CCC CGA CGA CGA CGG CGG CGA CTC CTG CTG CTG TTG TTG CTT CTC CTC CTT GAC GAG GAA GAC GAG GAT GCA GCA GCG GCC GCC GCC GCC GCG GCT GGA GGG GGC GGC GGG GGG GGG GGG GGT GTC GTG GTG GTG TCA TCC TCC TCT TGG TGC TTC TTT CTG CTG TTG TTT AAA AAC AAC AAG AGC AGT ATC ATC ATG CAA CAG CGC CGG CTC CTC CTT CTG CTG GAA GAG GAC GAC GAC GAC GAC GCC GCC GGG GGC GGC GGG GGT GGT GTT GTC TAC TCC TCT TGG TGT TTC TTT TTT



   10    1    1    2    2    1    2    1    1    2    2    2    1    1    5
    3    2    3    5    4    2    9    1    3    3    3    1    1    3    1
    1    2    1    1    5    2    1    1    1    1    5    1    1    1    1
    1    1    1    5    1    1    6    1    1    5    1    1    3    1    1
    1    1    1    1    1    1    1    1    2    3    1    1    1    1    1
    1    1    1    4    1    1    1    6    2    1    1    1    1    2    1
    1    1    1    1    1    1    2    1    1    1    4    1    1    1    1
    6    1    2    1    1    3    1    3    1    1    1    1    1    1    2
    1    1    2    1    1    1    2    1    1    1    1    2    1    1    1
    1    1    1    1    2    1    1    1    1    1    1    3    1    1    1
    1    1    1    2    1    1    3    1    2    1    2

CODONML (in paml version 4.4b, July 2010)  torun.nuc
Model: One dN/dS ratio for branches Global clock  (2 genes: diff. rate & k&w)  
Codon frequency model: F3x4
ns =   6  ls = 273

Codon usage in sequences
--------------------------------------------------------------------------------------------------------------
Phe TTT  4  4  4  5  5  5 | Ser TCT  3  1  1  3  2  2 | Tyr TAT  0  0  0  0  1  0 | Cys TGT  2  1  1  2  1  1
    TTC  6  7  8  5  5  5 |     TCC  3  4  4  3  5  4 |     TAC  2  2  2  2  2  2 |     TGC  0  1  1  0  1  1
Leu TTA  0  0  1  0  1  0 |     TCA  1  0  0  0  4  1 | *** TAA  0  0  0  0  0  0 | *** TGA  0  0  0  0  0  0
    TTG  3  2  2  5  5  3 |     TCG  0  1  1  1  0  0 |     TAG  0  0  0  0  0  0 | Trp TGG  6  6  6  6  6  6
--------------------------------------------------------------------------------------------------------------
Leu CTT  4  2  1  4  3  3 | Pro CCT  1  1  1  0  2  1 | His CAT  0  0  0  0  0  0 | Arg CGT  1  1  1  0  3  0
    CTC  6  8  9  5  9  7 |     CCC  7  5  5  7  7  5 |     CAC  0  0  0  0  0  0 |     CGC  1  1  1  1  1  1
    CTA  0  1  0  0  0  0 |     CCA  0  0  0  0  0  0 | Gln CAA  2  1  1  1  2  1 |     CGA  4  3  3  5  5  4
    CTG  9  9  9  7 12  9 |     CCG  0  1  1  0  4  2 |     CAG  8  9  9  9 10  8 |     CGG  2  3  3  2  8  3
--------------------------------------------------------------------------------------------------------------
Ile ATT  0  2  2  0  2  1 | Thr ACT  1  1  1  0  2  0 | Asn AAT  0  1  2  0  0  0 | Ser AGT  1  0  0  1  1  1
    ATC  9  7  6  9  8  8 |     ACC  6  8  8  7 10  8 |     AAC  3  2  2  3  3  3 |     AGC  3  5  3  3  3  3
    ATA  0  0  0  0  0  0 |     ACA  6  5  5  7  3  3 | Lys AAA  2  2  2  1  2  1 | Arg AGA  1  1  1  1  2  2
Met ATG  8  8  8  8 10  8 |     ACG  1  1  1  0  2  2 |     AAG  7  6  6  8  9  8 |     AGG  2  2  2  2  3  1
--------------------------------------------------------------------------------------------------------------
Val GTT  2  1  1  1  1  1 | Ala GCT  3  6  6  3  2  1 | Asp GAT  4  4  4  3  2  2 | Gly GGT  3  2  2  3  3  3
    GTC  1  3  3  2  2  2 |     GCC  4  4  4  5  8  8 |     GAC  7  8  8  8 16 11 |     GGC  7  7  8  8 10  7
    GTA  0  0  0  0  0  0 |     GCA  4  2  3  4  5  3 | Glu GAA  2  3  3  2  2  2 |     GGA  3  2  3  3  4  1
    GTG  8  7  7  8  9  8 |     GCG  1  1  0  1 11  2 |     GAG 10  9 10 10 12  8 |     GGG  8  8  6  8 12 10
--------------------------------------------------------------------------------------------------------------

Codon position x base (3x4) table for each sequence.

#1: Canis lupus familiaris
position  1:    T:0.15625    C:0.23438    A:0.26042    G:0.34896
position  2:    T:0.31250    C:0.21354    A:0.24479    G:0.22917
position  3:    T:0.15104    C:0.33854    A:0.13021    G:0.38021
Average         T:0.20660    C:0.26215    A:0.21181    G:0.31944

#2: Mus musculus   
position  1:    T:0.15104    C:0.23438    A:0.26562    G:0.34896
position  2:    T:0.31771    C:0.21354    A:0.24479    G:0.22396
position  3:    T:0.14062    C:0.37500    A:0.10417    G:0.38021
Average         T:0.20312    C:0.27431    A:0.20486    G:0.31771

#3: Rattus norvegicus
position  1:    T:0.16146    C:0.22917    A:0.25521    G:0.35417
position  2:    T:0.31771    C:0.21354    A:0.25521    G:0.21354
position  3:    T:0.14062    C:0.37500    A:0.11458    G:0.36979
Average         T:0.20660    C:0.27257    A:0.20833    G:0.31250

#4: Bos taurus     
position  1:    T:0.16667    C:0.21354    A:0.26042    G:0.35938
position  2:    T:0.30729    C:0.21354    A:0.24479    G:0.23438
position  3:    T:0.13021    C:0.35417    A:0.12500    G:0.39062
Average         T:0.20139    C:0.26042    A:0.21007    G:0.32812

#5: Pan troglodytes
position  1:    T:0.14449    C:0.25095    A:0.22814    G:0.37643
position  2:    T:0.27376    C:0.25475    A:0.23194    G:0.23954
position  3:    T:0.11407    C:0.34221    A:0.11407    G:0.42966
Average         T:0.17744    C:0.28264    A:0.19138    G:0.34854

#6: Homo sapiens   
position  1:    T:0.15625    C:0.22917    A:0.25521    G:0.35938
position  2:    T:0.31250    C:0.21875    A:0.23958    G:0.22917
position  3:    T:0.10938    C:0.39062    A:0.09375    G:0.40625
Average         T:0.19271    C:0.27951    A:0.19618    G:0.33160

Codon usage in genes
--------------------------------------------------------------
Phe TTT 11 16 | Ser TCT  8  4 | Tyr TAT  1  0 | Cys TGT  2  6
    TTC 22 14 |     TCC 17  6 |     TAC  0 12 |     TGC  4  0
Leu TTA  2  0 |     TCA  6  0 | *** TAA  0  0 | *** TGA  0  0
    TTG 19  1 |     TCG  3  0 |     TAG  0  0 | Trp TGG 18 18
--------------------------------------------------------------
Leu CTT 14  3 | Pro CCT  6  0 | His CAT  0  0 | Arg CGT  6  0
    CTC 24 20 |     CCC 36  0 |     CAC  0  0 |     CGC  0  6
    CTA  1  0 |     CCA  0  0 | Gln CAA  4  4 |     CGA 22  2
    CTG 43 12 |     CCG  8  0 |     CAG 45  8 |     CGG 15  6
--------------------------------------------------------------
Ile ATT  5  2 | Thr ACT  5  0 | Asn AAT  0  3 | Ser AGT  0  4
    ATC 37 10 |     ACC 47  0 |     AAC  0 16 |     AGC  7 13
    ATA  0  0 |     ACA 29  0 | Lys AAA  4  6 | Arg AGA  8  0
Met ATG 38 12 |     ACG  7  0 |     AAG 40  4 |     AGG 12  0
--------------------------------------------------------------
Val GTT  0  7 | Ala GCT 17  4 | Asp GAT 12  7 | Gly GGT  6 10
    GTC  8  5 |     GCC 23 10 |     GAC 33 25 |     GGC 23 24
    GTA  0  0 |     GCA 21  0 | Glu GAA  4 10 |     GGA 12  4
    GTG 45  2 |     GCG 16  0 |     GAG 53  6 |     GGG 44  8
--------------------------------------------------------------

Codon position x base (3x4) table for each gene.


Gene #1
position  1:    T:0.12654    C:0.25084    A:0.26764    G:0.35498
position  2:    T:0.30123    C:0.27884    A:0.21948    G:0.20045
position  3:    T:0.10414    C:0.31467    A:0.12654    G:0.45465
Average         T:0.17730    C:0.28145    A:0.20455    G:0.33669

Gene #2
position  1:    T:0.23333    C:0.18485    A:0.21212    G:0.36970
position  2:    T:0.31515    C:0.07273    A:0.30606    G:0.30606
position  3:    T:0.20000    C:0.48788    A:0.07879    G:0.23333
Average         T:0.24949    C:0.24848    A:0.19899    G:0.30303

Sums of codon usage counts
------------------------------------------------------------------------------
Phe F TTT      27 | Ser S TCT      12 | Tyr Y TAT       1 | Cys C TGT       8
      TTC      36 |       TCC      23 |       TAC      12 |       TGC       4
Leu L TTA       2 |       TCA       6 | *** * TAA       0 | *** * TGA       0
      TTG      20 |       TCG       3 |       TAG       0 | Trp W TGG      36
------------------------------------------------------------------------------
Leu L CTT      17 | Pro P CCT       6 | His H CAT       0 | Arg R CGT       6
      CTC      44 |       CCC      36 |       CAC       0 |       CGC       6
      CTA       1 |       CCA       0 | Gln Q CAA       8 |       CGA      24
      CTG      55 |       CCG       8 |       CAG      53 |       CGG      21
------------------------------------------------------------------------------
Ile I ATT       7 | Thr T ACT       5 | Asn N AAT       3 | Ser S AGT       4
      ATC      47 |       ACC      47 |       AAC      16 |       AGC      20
      ATA       0 |       ACA      29 | Lys K AAA      10 | Arg R AGA       8
Met M ATG      50 |       ACG       7 |       AAG      44 |       AGG      12
------------------------------------------------------------------------------
Val V GTT       7 | Ala A GCT      21 | Asp D GAT      19 | Gly G GGT      16
      GTC      13 |       GCC      33 |       GAC      58 |       GGC      47
      GTA       0 |       GCA      21 | Glu E GAA      14 |       GGA      16
      GTG      47 |       GCG      16 |       GAG      59 |       GGG      52
------------------------------------------------------------------------------

(Ambiguity data are not used in the counts.)


Codon position x base (3x4) table, overall

position  1:    T:0.15536    C:0.23303    A:0.25266    G:0.35895
position  2:    T:0.30499    C:0.22322    A:0.24285    G:0.22895
position  3:    T:0.13001    C:0.36141    A:0.11365    G:0.39493
Average         T:0.19678    C:0.27255    A:0.20305    G:0.32761


Nei & Gojobori 1986. dN/dS (dN, dS)
(Pairwise deletion)
(Note: This matrix is not used in later ML. analysis.
Use runmode = -2 for ML pairwise comparison.)

Canis lupus familiaris
Mus musculus         0.0780 (0.0341 0.4366)
Rattus norvegicus    0.1062 (0.0413 0.3885) 0.2513 (0.0092 0.0367)
Bos taurus           0.0781 (0.0143 0.1830) 0.1036 (0.0465 0.4491) 0.1345 (0.0538 0.4002)
Pan troglodytes      0.0447 (0.0139 0.3115) 0.1164 (0.0446 0.3827) 0.1439 (0.0519 0.3605) 0.0992 (0.0237 0.2392)
Homo sapiens         0.0373 (0.0116 0.3110) 0.1071 (0.0413 0.3860) 0.1336 (0.0486 0.3638) 0.0895 (0.0214 0.2388)-1.0000 (0.0023 0.0000)


TREE #  1:  (((6, 5), (2, 3)), (4, 1));   MP score: -1
lnL(ntime:  5  np: 10):  -1551.555624      +0.000000
   7..8     8..9     9..6     9..5     8..10   10..2    10..3     7..11   11..4    11..1  
 0.187799 0.187799 0.003215 0.020325 0.100538 0.954115 3.896080 0.087582 3.420724 0.064311
SEs for parameters:
 0.026241 0.027248 0.003476 0.007019 0.016846 0.231012 1.069942 0.022389 1.837071 0.040148
Note: Branch length is defined for the first gene (site partition).
For other genes, look at "rates for genes".

tree length =   0.68748 (1st gene)

(((6: 0.003215, 5: 0.003215): 0.184584, (2: 0.020325, 3: 0.020325): 0.167474): 0.000000, (4: 0.100538, 1: 0.100538): 0.087261);

(((Homo sapiens: 0.003215, Pan troglodytes: 0.003215): 0.184584, (Mus musculus: 0.020325, Rattus norvegicus: 0.020325): 0.167474): 0.000000, (Bos taurus: 0.100538, Canis lupus familiaris: 0.100538): 0.087261);

Detailed output identifying parameters

rates for 2 genes:     1  0.95411

gene # 1: kappa =   3.89608 omega =   0.08758
gene # 2: kappa =   3.42072 omega =   0.06431

Time used:  0:11
