
seed used = 1418757781
      7   1644

Bos taurus                                 --- --- --- --- --- --- --- --- --- --- --- --- --- --- --- --- --- --- --- --- ATG CTG GAG CTG AGC CTG TCC TGG CTG GGA CTC GGG CCG GTG GCA GCC TCC CCG TGG CTG CTG CTG CTG CTG GTC GGG GCC TCC TGG ATC CTG GCC CGC ATC CTG GCC TGG ATC TAC GCC TTC TAT GAC AAC TGC TGT CGC CTC CGA TGT TTC CCG CAG CCC CCC AAA CGG AGC TGG TTT TGG GGT CAC CTC GGC CTG GCA CAG AGC AAT GAG GAG AGC ATG CGG CTG GTG GAG GAG CTG GGC CAC TAC TTC CGC GAC GTC CAC CTC TGG TGG ATG GGG CCC TTC TTC CCC ATC CTG CGG CTT GTT CAC CCT AAC TTC GTT GCC CCT CTG CTC CAG GCA TCA GCC ACC ATC ATA CCC AAG GAT ATG TTT TTC TAC AGC TTC CTG AAG CCC TGG CTG GGG GAT GGG CTC CTG CTG AGT GCT GGT GAC AAG TGG AGC AGC CAC CGT CGC CTG CTG ACA CCT GCC TTC CAC TTC GAG ATT TTG AAG CCC TAT ATG AAG ATT TTC AAC AAG AGC GCA GAC ATC ATG CAC GCC AAG TGG CAA CGC CTG GCC TTA GAG GGC AGC ACT CGT CTG GAC ATG TTT GAA CAC ATC AGC CTC ATG ACC CTG GAC AGT CTG CAG AAA TGC GTC TTC AGT TAT GAC AGC AAT TGC CAG GAG AAA CCC AGC GAA TAT ATT GCC GCC ATC TTG GAG CTC AGT GCC CTG GTG ATG AAA CGA ATT AAG CAC ATC TTC CTG CAT GTG GAC TTC CTG TAC TAC CTC ACC CGC GAT GGG CAG CGC TTC TAC AGG GCC TGC CGC CTG GTG CAC GAC TTC ACA GAT GCC ATC ATC CAG AAG AGG CGT CGT ACT CTA ATC AGT CAG GGT TCC CAA GAA TTC CTC AAA ACC AAG ACT --- --- --- --- AAG GCT AAG ACT TTG GAC TTC ATC GAT GTG CTC CTG CTG GCC AAG GAT GAA GAT GGG AAG GGA TTG CCA GAT GAA GAT ATC CGA GCT GAA GCT GAC ACC TTC ATG TTT GAG GGC CAT GAC ACC ACA GCC AGT GGC CTC TCC TGG ATC CTG TAC AAC CTG GCA AAG CAC CCA GAA TAC CAG GAG CGC TGC CGG CAG GAG GTA CAA GAG CTC CTG AGG GAC CGC GAG CCT AAA GAG ATT GAA TGG GAG GAC CTG GCC CAG TTG CCC TTC CTG ACC ATG TGC ATC AAG GAG AGT CTG CGT TTG CAT CCC CCA GTA GCG GTC ATC TCT CGC CTC TGT ACC CAT GAT GTT GTG CTC CCA GAT GGC CGA GTC ATC CCC AAA GGG AAC ATC TGT GTC ATC AGC ATC TTC GGG ATT CAT CAC AAC CCA TCA GTC TGG CCA GAC CCT GAG GTA TTC AAT CCC TTC CGC TTT GAT CCA GAA GCC CCC --- AAG AGA TCA CCT CTG GCT TTC ATT CCT TTT TCG GCA GGG CCC AGG AAC TGC ATC GGG CAG ACG TTT GCC ATG AAC GAG ATG AAG GTG GCG CTG GCG CTC ACC CTA CTG CGG TTC CGC ATC CTG CCG GAT GAG GAG GAG CCA CGC AGG AAG CCA GAG CTG ATC CTG CGC GCG GAG GGC GGA CTT TGG CTG CAG GTG GAG CCA CTG AAC ACA GGC CAG --- 
Homo sapiens                               --- --- --- --- --- --- --- --- --- --- --- --- --- --- --- --- --- --- --- --- ATG CCA CAG CTG AGC CTG TCC TCG CTG GGC CTT TGG CCA ATG GCA GCA TCC CCG TGG CTG CTC CTG CTG CTG GTT GGG GCC TCC TGG CTC CTG GCC CGC ATC CTG GCC TGG ACC TAT ACC TTC TAT GAC AAC TGC TGC CGC CTC CGG TGT TTC CCG CAA CCC CCG AAA CGG AAT TGG TTC TTG GGT CAC CTG GGC CTG ATT CAC AGC TCG GAG GAA GGT CTC CTA TAC ACA CAA AGC CTG GCA TGC ACC TTC GGT GAT ATG TGC TGC TGG TGG GTG GGG CCC TGG CAC GCA ATC GTC CGC ATC TTC CAC CCC ACC TAC ATC AAG CCT GTG CTC TTT GCT CCA GCT GCC ATT GTA CCA AAG GAC AAG GTC TTC TAC AGC TTC CTG AAG CCC TGG CTG GGG GAT GGG CTC CTG CTG AGT GCT GGT GAA AAG TGG AGC CGC CAC CGT CGG ATG CTG ACG CCT GCC TTC CAT TTC AAC ATC CTG AAG CCC TAT ATG AAG ATT TTC AAT GAG AGT GTG AAC ATC ATG CAT GCC AAG TGG CAG CTC CTG GCC TCA GAG GGT AGT GCC CGT CTG GAC ATG TTT GAG CAC ATC AGC CTC ATG ACC TTG GAC AGT CTG CAG AAA TGT GTC TTC AGC TTT GAC AGC CAT TGC CAG GAG AAG CCC AGT GAA TAT ATT GCC GCC ATC TTG GAG CTC AGT GCC CTT GTG ACA AAA AGA CAC CAG CAG ATC CTC CTG TAC ATA GAC TTC CTG TAT TAT CTC ACC CCT GAT GGG CAG CGT TTC CGC AGG GCC TGC CGC CTG GTG CAC GAC TTC ACA GAT GCC GTC ATC CAG GAG CGG CGC CGC ACC CTC CCT AGC CAG GGT GTT GAT GAC TTC CTC CAA GCC AAG GCC --- --- --- --- AAA TCC AAG ACT TTG GAC TTC ATT GAT GTA CTC CTG CTG AGC AAG GAT GAA GAT GGG AAG AAG TTG TCC GAT GAG GAC ATA AGA GCA GAA GCT GAC ACC TTT ATG TTT GAG GGC CAT GAC ACC ACA GCC AGT GGT CTC TCC TGG GTC CTG TAC CAC CTT GCA AAG CAC CCG GAA TAC CAG GAG CGC TGT CGG CAG GAG GTG CAA GAG CTT CTG AAG GAC CGT GAG CCT AAA GAG ATT GAA TGG GAC GAC CTG GCC CAG CTG CCC TTC CTG ACC ATG TGC ATT AAG GAG AGC CTG AGG CTG CAT CCC CCA GTC CCT GCC GTC TCT CGC TGC TGC ACC CAA GAC ATT GTG CTC CCA GAC GGC CGG GTC ATC CCC AAA GGC ATT ATC TGC CTC ATC AGT GTT TTT GGA ACC CAT CAC AAC CCA GCC GTG TGG CCG GAC CCT GAG GTC TAT GAC CCC TTT CGC TTT GAC CCA AAG AAC ATC AAG GAG AGG TCA CCT CTG GCT TTT ATT CCC TTC TCA GCA GGG CCC AGG AAC TGC ATC GGG CAG GCG TTC GCG ATG GCG GAG ATG AAG GTG GTC CTG GGG CTC ACG CTG CTG CGC TTC CGC GTC CTG CCT GAC CAC ACC GAG CCC CGC AGG AAG CCG GAG CTG GTC CTG CGC GCA GAG GGC GGA CTT TGG CTG CGG GTG GAG CCC CTG AGC --- --- --- --- 
Pan troglodytes                            --- --- --- --- --- --- --- --- --- --- --- --- --- --- --- --- --- --- --- --- ATG TCG CTG CTG AGC CTG TCC TGG CTG GGC CTC GGG CCG GTG GCA GCA TCC CCA AGG CTG CTC CTG CTG CTG TTC GGG GCC TCC TGG CTC CTG GCC CGT GTC CTG GCC TGG ACC TAC GCC TTC TAT GAC AAC TGC CCC CGC CTC CGG TGT TTC CAG CAG CCT CCA AAA CGG AAC TGC TTT TGG GGT CAC CTG AGC CTG GTC ACC CCC ACG GAG CAG GGC ATG AGG GTC CTG ACT CAG CTG GTG GCC ACC TAC CCC CAG GGC TTT AAG GTC TGG ATG GGC CCC ATC TTC CCC GTC ATC CGT TTT TGC CAC CCC AAC ATC ATC CGG TCT GTC ATC AAC GCC TCA GCC GCC ATT GTA CCA AAG GAC AAG GTC TTC TAC AGC TTC CTG AAG CCC TGG CTG GGG GAT GGG CTC CTG CTG AGT GCT GGT GAA AAG TGG AGC CGC CAC CGT CGG ATG CTG ACG CCT GCC TTC CAT TTC AAC ATC CTG AAG CCC TAT ATG AAG ATT TTC AAT GAG AGT GTG AAC ATC ATG CAT GCC AAG TGG CAG CTC CTG GCC TCA GAG GGT AGT GCC CGT CTG GAC ATG TTT GAG CAC ATC AGC CTC ATG ACC TTG GAC AGT CTG CAG AAA TGT GTC TTC AGC TTT GAC AGC CAT TGC CAG GAG AAG CCC AGT GAA TAT ATT GCC GCC ATC TTG GAG CTC AGT GCC CTT GTG ACA AAA AGA CAC CAG CAG ATC CTC CTG TAC ATA GAC TTC CTG TAT TAT CTC ACC CAT GAT GGG CAG CGT TTC CGC AGG GCC TGC CGC CTG GTG CAC GAC TTC ACA GAT GCC GTC ATC CAG GAG CGG CGC CGC ACC CTC CCT AGC CAG GGT GTT GAT GAC TTC CTC CAA GCC AAG GCC --- --- --- --- AAG TCC AAG ACT TTG GAT TTC ATT GAT GTG CTC CTG CTG AGC AAG GAT GAA GAT GGG AAG AAG TTG TCC GAT GAG GAC ATA AGA GCA GAA GCT GAC ACC TTT ATG TTT GAG GGC CAT GAC ACC ACG GCC AGT GGT CTC TCC TGG GTC CTG TAC CAC CTT GCA AAG CAC CCG GAA TAC CAG GAG CGC TGC CGG CAG GAG GTG CAA GAG CTT CTG AAG GAC CGT GAG CCT AAA GAG ATT GAA TGG GAC GAC CTG GCC CAT TTG CCC TTC CTG ACC ATG TGC ATG AAG GAG AGC CTG CGG CTG CAT CCC CCA GTC CCT GCC GTC TCT CGC TGC TGC ACC CAA GAC ATT GTG CTC CCA GAC GGC CGG GTC ATC CCC AAA GGC ATT ATC TGC CTC ATC AGT GTT TTT GGA ACC CAT CAC AAC CCA GCC GTG TGG CCG GAC CCT GAG GTC TAT GAT CCC TTT CGC TTT GAC CCA AAG AAC ATC AAG GAG AGG TCA CCT CTG GCT TTT ATT CCC TTC TCA GCA GGG CCC AGG AAC TGC ATC GGG CAG GCG TTC GCG ATG GCG GAG ATG AAG GTG GTC CTG GGG CTC ACG CTG CTG CGC TTC CGC GTC CTG CCG GAC CAC ACC GAG CCC CGC AGG AAG CCG GAG CTG GTC CTG CGC GCA GAG GGC GGA CTT TGG CTG CGG GTG GAG CCC CTG AGC --- --- --- --- 
Mus musculus                               --- --- --- --- --- --- --- --- --- --- --- --- --- --- --- --- --- --- --- --- ATG TCA CAG CTG AGC CTG TCC TGG ATG GGC CTG GGC CAC ACA GCA GCC TCT CCA TGG CTG TTG CTG TTG CTG GCT GGG GCC TCC TGC CTT CTG GCT TAC ATC CTG ACC CAG ATT TAT GGT GTT TTT GAG AAC TCT CTT CGC CTC CGC TGT TTC CCA CAG CCT CCC AAA CGA AAC TGG ATC TTG GGA CAC CTA GGC CTG ATC CAG AGC TCA GAG GAA GGA CTC CTG TAC ATC CAG AGC CTG GTG CGA ACC TTC AGG GAT GCA TGC TGC TGG TGG GTG GGG CCG TTG CAC CCA GTC ATC CGC ATA TTC CAC CCT GCT TTC ATC AAG CCT GTG GTC TTG GCT CCA GCT TTA GTT GCC CCC AAG GAC ACA GTC TTC TAC CGT TTC CTG AAG CCG TGG CTA GGG GAT GGC CTC TTG ATG AGT ACT GGT GAC AAG TGG AGC CGC CAC CGT CGC ATG CTG ACA CCT GCC TTC CAT TTC AAC ATC CTG AAG CCC TAT GTG AAG GTT TTT AAT GAC AGC ACC AAC ATC ATG CAC GCC AAG TGG CAG CGC CTG GCC TCC AAG GGC AGT GCC TAT TTG AAC ATG TTT GAA CAC ATC AGC CTC ATG ACC CTG GAC AGT CTG CAG AAG TGT GTT TTC AGC TTT GAC AGC AAT TGC CAG GAG AAG CCT AGT GAA TAC ATC ACT GCC ATC TTA GAA CTT AGT GCC TTA GTG GCC AGA AGG CAC CAG AGG CTG CTT CTG CAC GTG GAC CTG TTT TAT TAC CTC ACC CAT GAT GGG ATG CGC TTC CGG AAG GCC TGC CGT CTA GTG CAT GAC TTC ACT GAT GCT GTC ATC CGG GAG CGG CGC CGC ACC CTC CTT GAT CAG GGT GGT GAT GAT GTC CTC AAG GCC AAG GCC --- --- --- --- AAG GCC AAG ACT TTG GAC TTC ATT GAC GTG CTG CTG CTG AGC AAG GAT GAA CAT GGA AAG GCT CTG TCT GAT GAG GAC ATC CGA GCG GAG GCT GAC ACC TTC ATG TTT GGA GGC CAT GAC ACC ACA GCC AGT GGA CTT TCC TGG ATC CTG TAC AAC CTG GCA AGA CAC CCA GAA TAC CAG GAG CGC TGC CGG CAG GAG GTG CGG GAG CTC CTG AGG GAC CGC GAG CCT GAG GAG ATT GAA TGG GAC GAC CTG GCC CAG CTG CCA TTC CTC ACC ATG TGC ATT AAG GAG AGC CTA CGG CTG CAT CCT CCC GTC ACT GCA ATC TCC CGA TGC TGC ACT CAG GAC ATT GTG CTC CCA GAT GGT CGG GTC ATC CCT AAA GGT GTC ATA AGC CGA ATA AGT ATT TTC GGG ACA CAT CAC AAT CCA GCT GTG TGG CCA GAC CCG GAG GTC TAT GAC CCC TTC CGC TTT GAT GCC GAC AAC GTC AAG GGC AGG TCA CCC CTG GCT TTT ATT CCC TTC TCG GCT GGG CCC AGG AAC TGC ATA GGA CAG ACT TTC GCC ATG AGC GAG ATG AAA GTA GCT CTG GCG CTG ACT CTG CTG CGC TTC CGC GTT CTG CCG GAT GAC AAG GAG CCC CGC AGG AAG CCG GAG CTG ATC CTG CGC GCA GAA GGC GGG CTG TGG CTG AAA GTG GAG CCG CTC AGC GCA GGC GCG CAG 
Rattus norvegicus                          --- --- --- --- --- --- --- --- --- --- --- --- --- --- --- --- --- --- --- --- ATG CCA CTG CTG AGC CTG TCC TGG CTG GGC CTG GGG CAC ACA GCA GCC TCC CCA TGG CTG TTG CTG CTG CTG GTT GGG GCC TCC TGT CTC CTG GCT TAC ATC CTG CCT CAG GTT TAT GCT GTC TTT GAG AAC TCT CGT CGC CTC CGC CGT TTT CCG CAG CCC CCC CCA CGA AAC TGG CTC TTT GGA CAC CTA GGC CTG ATC CAG AGC TCA GAG GAA GGG CTC CTG TAC ATC CAG AGT CTG TCG AGA ACC TTC AGG GAT GTT TGC TGC TGG TGG GTG GGG CCG TGG CAC CCC GTT ATC CGC ATA TTC CAC CCT GCC TTC ATC AAG CCC GTG ATC TTG GCT CCA GCT TCA GTT GCC CCC AAG GAC AGA GTC TTC TAC CGT TTC CTG AGG CCG TGG CTG GGG GAT GGC CTC CTA TTG AGT ACT GGT GAC AAG TGG AGC CGC CAC CGT CGC ATG CTG ACA CCT GCC TTC CAT TTC AAC ATC CTG AAG CCC TAT GTG AAG ATT TTT AAC GAC AGC ACC AAC ATC ATG CAC GCC AAG TGG CAG CGC CTG GCC TCC CAG GGC AGT GCC CGT TTG GAC ATG TTT GAG CAC ATC AGC CTC ATG ACC CTG GAC AGT CTG CAG AAG TGC GTC TTC AGC TTT GAC AGC AAT TGC CAG GAG AAG CCT AGT GAA TAT ATC ACT GCC ATC TTA GAA CTT AGT GCC TTA GTG GCC AGA CGG CAC CAG AGT CTG CTT CTG CAT GTG GAC CTG TTT TAT CAC CTC ACC CGT GAT GGG ATG CGC TTC CGG AAG GCC TGC CGC CTA GTG CAT GAC TTC ACG GAT GCT GTC ATC CGG GAG CGG CGC TGT ACC CTC CCT GAT CAG GGT GGT GAT GAT GCC CTT AAA GCC AAG GCC --- --- --- --- AAG GCC AAG ACT TTG GAC TTC ATT GAC GTG CTA CTG CTG AGC AAG GAT GAA CAT GGC GAG GCT CTG TCC GAT GAG GAC ATC CGA GCA GAG GCT GAC ACC TTC ATG TTT GGA GGC CAC GAC ACC ACG GCC AGT GGG CTC TCC TGG ATC CTG TAC AAC CTG GCG AAG CAC CCG GAA TAC CAG GAG CGC TGC CGG CAG GAG GTG CGG GAG CTC CTG AGG GAC CGT GAG CCT GAG GAG ATT GAA TGG GAC GAC CTG GCC CAG CTG CCA TTC CTC ACC ATG TGC ATT AAG GAG AGC CTG CGA CTG CAT CCT CCG GCC ACG GCA ATC TCC CGC TGC TGC ACT CAA GAC ATT ATG CTC CCA GAT GGC CGG GTC ATC CCT AAA GGC GTC ATC TGC CGA ATA AGT ATT TTC GGG ACC CAT CAC AAT CCA GCT GTG TGG CCA GAC CCG GAG GTG TAT AAC CCC TTC CGC TTT GAT GCA GAC AAC GGC AAG GGC AGG TCA CCC CTG GCT TTT ATT CCT TTT TCG GCT GGG CCC AGG AAC TGC ATA GGA CAG ACT TTC GCC ATG AGT GAG ATG AAA GTG GCT TTG GCG CTG ACT CTG CTA CGC TTC CGT GTC CTG CCT GAT GAC AAG GAA CCA CGC AGG AAG CCA GAG CTG ATC CTG CGT GCA GAG GGT GGG CTG TGG CTG CGG GTG GAG CCT CTC AGC GCA GGA GCG CAT 
Danio rerio                                --- --- --- --- --- --- --- --- --- --- --- --- --- --- --- --- --- --- --- --- --- ATG CTG TTT GGA CTC TCG GTA ACC GGG ATC CTG GCG CTC TCC GTT GCC GCG CTT CTT --- --- --- --- --- --- --- TGC GCG CTC GTG ACG CGG ATC ATT ATT --- --- --- --- --- --- --- AAC CGG CGC GCG CTC CGG TGC TTC AAC CAG CCG CCG CTC AGG AAC TGG ATT ATG GGC CAC ATG GGG CTG ATG GGT CAT AAT GAG GAG GGT CTG CAG CGT GTG GAT GAT CTG GTC TGT AAA TAC GGT CAT TCC TGC TCC TGG TTT CTC GGC CCC TTC TAT AAC ATG GTT CGT CTG TTC CAC CCG GAC TAC ATC AGA TCC CTC CTG ACC GCC TCA GCT TCC ATT ACT CTC AAA GAC AGG ATC TTT TAT GGC TTT ATG AAG CCA TGG TTG GGT AAT TGT CTG CTG CTT CAG AGC GGT CAG GAA TGG TCT CGT CAC CGC AGA CTG CTC ACT CCA GCG TTT CAC TTC GAC ATC CTC AAG AAA TAT GTT CAC ATT TTT AAC CAG TCC ACC AAC ATC ATG CAT GAT GAG TGG CGC CGC CTG CTG GCC AAA GGT GAA CAC AGT GTG GAC ATG TTT GAG CAG ATC AGC TCT CTA ACG CTG GAC AGC CTG TTG AAG TGT ACA TTC AGC TGT GAC ACA CAC AGC CAA GAG AAG CCC CGT CAG TAT ATC TCT GCT ATC CTG GAT CTG TCT CGT CTG CTG GTC CAG CGT CAG CAC TAT CTG CCG TAT CAC TGG GAC TGG CTG TAC TGG CGC TCT GCT CAG GGT CGT CGC TTC CAG CAG GCC TGC GCA GTC GTC CAC CAG TTC ACC GCA GAC ATC GTG CAG GAG CGC CGA ACG CAA CTC GAC CAG CAG AGC GAC CCA GAA TCA CAT CCA GAA AAC ACT GGA CGA TAC AGG AAG AGG AAG AAC ACA GAC CTC ATA GAC CTG CTG CTG CTG GCC AAG GAT GAT AAA GGT GAA GGC CTG ACG AAT GAG GAA ATC AAA GCC CAT GCA GAT ATG TTC ATG TTT GCA GGT CAT GAC ACC ACC GCC AGC GCT CTC TCC TGG ATC TTC TAC AAT CTG GCC ATG AAT CAG GAT TAT CAG GAG CGC TGC CGA GCT GAA GTC AGA GAT CTG CTG GCA GAC AGA GAC ACA CAC ACC ATT GGG TGG GAG GAT CTG AGT CAG CTG ACC TTC ACC ACC ATG TGC ATC AAG GAG AGT CTG AGG CTT CAT TCA CCC GTC CTG GCG CTC ACC CGA TAC TAT TCT CAG AAC ATG AAG ACG CCA GGA GAC TGC GTT ATC CCA CAC GGA TGC CTG TGT TTG ATC AGT ATT TAT GGT GTC CAC CGA AAC CCT CAA GTC TGG CCG GAT CCA CTG GTG TTC GAC CCG ACA CGC TTC GAC CCA CAT AAC TCA GAC AGC CGC TCT CCT CAC GCC TTC ATC CCG TTC TCC GCA GGT CCC AGG AAC TGC ATC GGA CAG AAC TTC GCC ATG GCA GAG ATG AAG GTG GTG GTG GCT CTG ACT CTA GCC AGG TTC AAG ATC CTG CCT GGG CCC AAA CCA GTG CGG CGT CTC TAT CAG CTG GTG CTC AGA GCA GAA GGA GGA ATG ATT TTA CAC TTT CAG GAG CTC AAC GAG GAG --- --- 
Canis lupus familiaris                     ATG GGC ACA GCG TTG GGC CAA GCC TTG TCC CAG TAC ATC TCT GAG GCT CCT TTC CAC GTG ATG TTG CAG GTG AGC CTG TCC TGG CTG GGA CTG GGG CAG CTT GCA GCC TCC CCA TGG GTG CTC CTG CTG CTG GCT GGC GCG ACC TGG CTC CTG GCC CGG GTC CTG ACC TGG AGC TAC AGC TTC TAT GAC AAC TGC TGC CGC CTC CGG TGT TTC CCA CAG CCT CCG AAG CGC AAT TGG TTT TGG GGT CAC CTG GGC CTG GTG AAG AGC AAT GAG GAA GGC TTG AGG ATG ATA GAG GAT CTG GGC CAC TAC TTC CGT GAT GTT CAT CTC TGG TGG ATA GGG CCT TTC TAC CCT GTA CTG CGG CTC GTC CAT CCT AAG TTT GTT GCC CCC TTG CTC CAG GCC CCA GCC ACC ATC GTA CCC AAG GAC ATG TTT TTC TAC AAC TTC CTG AAG CCC TGG CTG GGG GAT GGG CTC CTG CTG AGT GCT GGT GAC AAG TGG AGC CAC CAC CGC CGC TTG CTG ACA CCT GCC TTC CAC TTT GAA ATC CTG AAA TCT TAT GTG AAG ATT TTC AAC AGA AGT GCA GAC ATC ATG CAT GCC AAG TGG AAG CGC CTG GTG TCA GAA GGC AGC ACC CAT CTA GAC ATG TTT GAG CAC ATC AGC CTC ATG ACC CTG GAC AGT CTG CAG AAA TGT GTC TTC AGT TTT GAC AGC AAT TGC CAG GAG AGT CCC AGT GAA TAT ATT GCT GCC ATC TTG GAG CTC AGT GCC CTT GTG GTG AAA CGG AAT GAG CAG GTC CTC CTG TAC TTG GAC TTC CTG TAC AAT CTC AGC CCT GAT GGG CGG CGC TTC CGC AGG GCC TGC GAA CTG GTG CAC AAC TTC ACA GAT GCT ATC ATC CAG GAG CGG CGC CAT ACC CTC ATT AGC AGA GGC TCC TGT GAC TTC CTT AAG TCC --- --- --- --- --- --- --- --- AAA ACT ATG GAC TTC ATT GAT GTC CTC CTG CTG GCC AAG GAT GAA GCG GGA AAA CAA TTG TCA GAT GAG GAT ATT CGA GCT GAA GCT GAC ACC TTC ATG TTT GAG GGC CAT GAC ACC ACA GCC AGT GGC CTC TCC TGG GTC CTG TTC AAC CTT GCA AAA CAC CCA GAA TAC CAG GAG CGC TGC CGG CAG GAG GTG CAA GAG CTC CTG AGG GAC CGT GAG CCT CAA GAG ATT GAA TGG GAC GAC CTG GCC CAG TTG CCC TTC CTG ACC ATG TGC ATC AAG GAG AGT CTG CGG CTG CAC CCA CCT GTC ACA GTC ATT GCC CGC CGA TGT ACC CAG GAC ATC GTG CTC CCC GAT GGC CGG GTT ATC CCC AAA GGG AAC AAC TGT GTC CTC AGC ATA TTT GGG ATT CAT CAC AAC CCA TCA GTC TGG CCG GAT CCT GAG GTA TAC AAT CCC TTG CGC TTT GAC CCA GAA ATC CCC CAG AAG AGG TCT CCC CTG GCT TTT ATT CCC TTC TCT GCT GGG CCC AGG AAC TGC ATC GGG CAG GCG TTC GCC ATG AGC GAG ATG AAG GTG GTG CTG GCG CTC ACG CTG CTG CGC TTC AGG GTC CTG CCC CAC GAG GAG GAG CCG CGC AGG AAG CCG GAG CTC ATC CTG CGC GCC GAG GGC GGA CTG TGG CTG CGC GTG GAG CCG CTG AGC GCG CGC CCC CAG 



Printing out site pattern counts


         7       1476  P G
G 2       76    416

Bos taurus                                  --- --- --- --- --- --- --- --- --- --- --- --- --- --- --- --- --- --- --- AAC AAC ACA AGC ATC ATC ATC ATG CAG CCA CCG CCG CGA CGC CGC CTC CTC CTG CTG CTG CTG CTG CTG CTG CTG CTG CTG CTG GAC GAG GAG GCA GCC GCC GCC GCC GCC GGA GGC GGG GGG GTC GTG TAC TAT TCC TCC TCC TGC TGG TGG TGG TGG TGT TGT TTC TTC --- --- --- --- --- AAA AAA AAA AAA AAA AAA AAA AAC AAC AAC AAC AAC AAC AAC AAG AAG AAG AAG AAG AAG AAG AAG AAG AAG AAG AAG AAG AAG AAG AAG AAG AAT AAT AAT ACA ACA ACA ACC ACC ACC ACC ACC ACC ACC ACC ACG ACT ACT ACT ACT AGA AGC AGC AGC AGC AGC AGC AGC AGC AGC AGC AGC AGC AGG AGG AGG AGG AGG AGT AGT AGT AGT AGT AGT ATA ATC ATC ATC ATC ATC ATC ATC ATC ATC ATC ATC ATC ATC ATC ATC ATC ATC ATC ATG ATG ATG ATG ATG ATG ATG ATT ATT ATT ATT ATT ATT ATT CAA CAA CAA CAC CAC CAC CAC CAC CAC CAC CAC CAC CAC CAC CAG CAG CAG CAG CAG CAG CAG CAG CAG CAG CAG CAG CAT CAT CAT CAT CAT CCA CCA CCA CCA CCA CCA CCA CCA CCA CCC CCC CCC CCC CCC CCC CCC CCC CCC CCC CCC CCC CCC CCC CCG CCG CCT CCT CCT CCT CCT CCT CCT CGA CGA CGA CGC CGC CGC CGC CGC CGC CGC CGC CGC CGC CGC CGC CGG CGG CGG CGG CGG CGT CGT CGT CGT CGT CTA CTA CTC CTC CTC CTC CTC CTC CTC CTC CTC CTC CTC CTC CTC CTC CTG CTG CTG CTG CTG CTG CTG CTG CTG CTG CTG CTG CTG CTG CTG CTG CTG CTG CTG CTG CTG CTG CTG CTG CTG CTT CTT GAA GAA GAA GAA GAA GAA GAA GAA GAC GAC GAC GAC GAC GAC GAC GAC GAC GAG GAG GAG GAG GAG GAG GAG GAG GAG GAG GAG GAG GAG GAG GAG GAG GAG GAG GAG GAT GAT GAT GAT GAT GAT GAT GAT GAT GAT GAT GAT GCA GCA GCA GCA GCA GCC GCC GCC GCC GCC GCC GCC GCC GCC GCC GCC GCC GCC GCC GCG GCG GCG GCG GCT GCT GCT GCT GCT GGA GGA GGC GGC GGC GGC GGC GGC GGC GGG GGG GGG GGG GGG GGG GGG GGT GGT GGT GTA GTA GTA GTC GTC GTC GTC GTC GTC GTG GTG GTG GTG GTG GTG GTG GTG GTT GTT GTT TAC TAC TAC TAC TAC TAC TAT TAT TAT TCA TCA TCA TCC TCC TCG TCT TGC TGC TGC TGC TGG TGG TGG TGG TGG TGG TGT TGT TTA TTC TTC TTC TTC TTC TTC TTC TTC TTC TTC TTC TTC TTC TTC TTC TTC TTC TTG TTG TTG TTG TTG TTG TTT TTT TTT TTT TTT TTT
Homo sapiens                                --- --- --- --- --- --- --- --- --- --- --- --- --- --- --- --- --- --- --- AAC AGC --- AGC ACC ATC CTC ATG --- CCC CCA CCG CGG CGC CGC CTC CTT CCA CTC CTG CTG CTG CTG CTG CTG CTG CTG CTG GAC CAG GAG GCA ACC GCA GCC GCC GCC GGC --- GGG TGG GTT ATG TAT TAT TCC TCC TCC TGC TCG TGG TGG TGG TGC TGT TTC TTC --- --- --- --- AAG AAA AAA AAA AAA AAA AAG CAA AAC AAC AAT ACC ATT CAC GCG AAA AAG AAG AAG AAG AAG AAG AAG AAG AAG AAG AAG AAG CAG GAG GAG GAG CAT GAC TCG ACA ACA ACG ACC ACC ACC ACC ACC ACG GCC GCC GCG ACC ACT GCC GCC AGG AAT AGC AGC AGC AGC AGC AGT AGT AGT AGT CGC GGT AAG AGG AGG AGG CGG AGC AGC AGC AGT AGT AGT GTA ATA ATC ATC ATC ATC ATC ATC ATC ATT ATT ATT CCT GTC GTC GTC GTC GTC GTT AAG ACA ATG ATG ATG CTC GTG ACC ATC ATT ATT ATT ATT CAC CAA CAG GAT CAC CAC CAC CAC CAC CAC CAG CAT CAT TGC TGC CAA CAC CAG CAG CAG CAG CAG CAG CAG CAG CGG TTT CAA CAT CAT CAT TAC CCA CCA CCA CCA CCC CCG CCG CCG TCC ATC CCA CCC CCC CCC CCC CCC CCC CCC CCC CCC CCC CCG GCA CCG CCT CCC CCC CCT CCT CCT CCT CCT AGA AGA CGG CCT CGC CGC CGC CGC CGC CGC CGG CGT CGT CTC GGT CGC CGC CGG CGG CTA AGG CGC CGC CGT CGT CTC CTG CTC CTC CTC CTC CTC CTC CTC CTC CTC CTC CTG CTT TGC TGC ATG CTG CTG CTG CTG CTG CTG CTG CTG CTG CTG CTG CTG CTG CTG CTG CTG CTG CTG CTT CTT GTC GTG TAC TTG ATC CTT AAG GAA GAA GAA GAA GAC GAG GAG AAC GAA GAC GAC GAC GAC GAC GAC GAT AAC ACC AGC CAA CAC GAA GAC GAG GAG GAG GAG GAG GAG GAG GAG GAG GAG GAG GAG GAC GAC GAC GAC GAC GAC GAT GAT GAT GAT GAT GAT ATT GCA GCA GCT GTG AAC AAG AGC GCC GCC GCC GCC GCC GCC GCC GCC GCC GCG GCT CCT GCA GGG GTC GCA GCT GCT GCT TCC AAG GGA GCA GGC GGC GGC GGC GGT GGT GGA GGC GGG GGG GGG GGG GGG GGT GGT GGT GTC GTC GTG ATG CTC GCC GTC GTC GTG ACA ATA GTA GTG GTG GTG GTG GTG ATC ATT TTC ACC CGC TAC TAC TAT TAT TAT TAT TTT CCA GCC TCA GTT TCC TCA TCT TGC TGC TGT TGT TGG TGG TGG TGG TGG TTG TGC TGC TCA CAC CTC TAC TAT TGG TTC TTC TTC TTC TTC TTC TTC TTC TTT TTT TTT TTT CTG CTG CTG TTG TTG TTG GTC TTC TTC TTC TTT TTT
Pan troglodytes                             --- --- --- --- --- --- --- --- --- --- --- --- --- --- --- --- --- --- --- AAC AGC --- AGC ACC GTC CTC ATG --- CCC CCG CCA CGG CGC CGT CTC CTC TCG CTC CTG CTG CTG CTG CTG CTG CTG CTG CTG GAC CTG GAG GCA GCC GCA GCC GCC GCC GGC --- GGG GGG TTC GTG TAC TAT TCC TCC TCC TGC TGG AGG TGG TGG CCC TGT TTC TTC --- --- --- --- AAG AAA AAA AAA AAA AAA AAG CAA AAC AAC AAT AAC ATT CAC GCG AAG AAG AAG AAG AAG AAG AAG AAG AAG AAG AAG AAG AAG CAG GAG GAG GAG CAT GAT ACG ACA ACG ACG ACC ACC ACC ACC ACC ACG GCC GCC GCG ACC ACT GCC GCC AGG AAC AGC AGC AGC AGC CCC AGT AGT AGT AGT CGC GGC AAG AGG AGG AGG CGG AGC AGC AGC AGT AGT AGT GTA ATA ATC ATC ATC ATC ATC ATC GTC ATG ATT ATT CCT GTC GTC GTC GTC GTC GTT AAG ACA ATG ATG ATG ATG ATG ACC ATC ATT ATT ATT ATT CAC CAA CAG GAT CAC CAC CAC CAC CAC CAC CAG CAT CAT GCC TTT CAG ACC CAG CAG CAG CAG CAG CAG CAG CAT CGG AAC CAA CAT CAT CAT TAC CCA CCA CCA CCA CCC CCG CCG CCG TCC ATC CCA CCC CCC CCC CCC CCC CCC CCC CCC CCC CCT CCA CCC CAG CCG CCC CCC CCT CCT CCT CCT TCT AGA AGA CGG CAT CGC CGC CGC CGC CGC CGC CGG CGT CGT CTC CCC CGC CGT CGG CGG AGG CGG CGC CGC CGT CGT CTC CTG ATC CTC CTC CTC CTC CTC CTC CTC CTC CTC CTG CTT AAG TGC ATG CTG CTG CTG CTG CTG CTG CTG CTG CTG CTG CTG CTG CTG CTG CTG CTG CTG CTG CTT CTT ATC GTC GTC TTG TTT CTT AAG GAA GAA GAA GAA GAC GAG GAG AAC GAA GAC GAC GAC GAC GAC GAT CAG AAC ACC CAG ACT CAC CAG GAC GAG GAG GAG GAG GAG GAG GAG GAG GAG GAG GAG GAG GAC GAC GAC GAC GAC GAC GAT GAT GAT GAT GAT GAT GTC GCA GCA GCC GTG AAC CGG AGC GCC GCC GCC GCC GCC GCC GCC GCC GCC GCG GCC CCT GCA GGG GTC GCA GCT GCT GCT TCC AAG GGA GTG AGC GGC GGC GGC GGT GGT GGA GGC GGC GGG GGG GGG GGG GGT GGT GGT GTC GTC GTG GGC CTC GCC GTC GTC GTG CTG ATA GTG GTG GTG GTG GTG GTG ATC ATT TGC ACC CGC TAC TAC TAT TAT TAT TAT TTT TCA GCC TCA GTT TCC TCA TCT TGC TGC TGC TGT GTC TGC TGG TGG TGG TGG TGC TGC TCA TTC CTC ATC TAT ATC TAC TTC TTC TTC TTC TTC TTC TTC TTT TTT TTT TTT CTG CTG TTG TTG TTG TTG GTC TTC TTC TTT TTT TTT
Mus musculus                                --- --- --- --- --- --- --- --- --- --- --- --- --- --- --- --- --- --- CAG AAC AGC GCA AGC ATT ATC CTT ATG GCG CCG CAC CCA CGC CGC TAC CTC CTG TCA TTG ATG CTC CTG CTG CTG CTG CTG CTG TTG GAG CAG GAG GCA GGT GCC ACC GCC GCT GGC GGC GGG GGC GCT ACA TAT TTT TCC TCC TCT TCT TGG TGG CAG TGC CTT TGT GTT TTC --- --- --- --- AAG AAA AAA AAG AGA GAG AAG AAG AAC AAT AAT GCT GTC AAC AGC AAG AAA AAG AAG AAG AAG AAG AAG AAG AAG AAG AAG AGA CAG GAC GAG GGC AAT GAC TCA ACT ACA ACA ACC ACC ACC ACC ACT ACT GCC TTA ACT ACC ACT GCC GCC AGG AAC AGC AGC AGC CGT AGC AGC AGT AGT AGT CGC GGA AGG AAG AGG AGG CGG AGC AGC GAT AGT AGT AGT GCC ATC ATA ATA ATA ATC ATC CTG GTC ATT ATT GTT CTT ATC ATC ATC GTC GTT ATT ACA GCC ATG ATG GTG CTC GTG ACA ATC ATC ATT ATT GTT CAC CGG CAG GAT CAC CAC CAC CAC CAC CAT AGG CAC CAT CGA TGC CAG CAG ATG CAG CAG CAG CAG CAG CGG CAG AAA TTG CAG CAT CAT CAT CAC CCA CCA CCC GCC CCC CCA CCA CCG TCT GTC CCC CCA CCC CCC CCC CCG CCG CCT CCT CCT CCT CCC CCA CCA CCG CCC CCT CCC CCG CCT CCT CCT AGG CGA CGG CAT CGA CGC CGC CGC CGC CGT CGC CGC CGC CGC AGG CGC CGC CGA CGG CTG CGG CGC CGC CGT TAT CTC CTG GTC CTC CTC CTC CTC CTC CTG CTG CTT CTT CTA CTC TGC TGC ATG ATG CTA CTA CTA CTC CTG CTG CTG CTG CTG CTG CTG CTG CTG CTG TTG TTG TTT CTG TTA ATC GTG TAC CTG ATA CTG GAC GAA GAA GAA GAG GAT GAA GAG AAC GAC AAC GAC GAC GAC GAC GAC GAT AAC AAG AGC CAG GAC GAA GAC AAG GAA GAA GAG GAG GAG GAG GAG GAG GAG GAG GGA GAC GAC GAC GAT GAT GAT CAT GAC GAT GAT GAT GAT ATC GCA GCT GCT ACC AAC AAG AGC ACT GCC GCC GCC GCC GCC GCC GCC GCT GCC GCT ACT GCA GCG GCT GCG ACT GCT GCT GCC GCT GGG GTG GGC GGC GGC GGT GGA GGC GGG GGT GGG GGA GGA GGC GGG GGA GGT GGT GTC GTC GTG GCA CGA GCA GTC GTT GTG ATC GTG GTG GTA GTG GTG GTG GTG ATC ATT TTC ACC CGG TAC TAC TAC TAT TAC TAT TTT CCA GCT TCA GGT TCC TCG TCC TGC TGC TGC TGT TGG TGG TGG TGG TGG TTG AGC TGC TCC CAC CTT TTC TAT TTG TTC CTG GTC TTC TTC TTC TTC TTT TTC TTC TTC TTT CTG CTG CTG CTG TTA TTG GTC TTC TTC ATC TTT TTT
Rattus norvegicus                           --- --- --- --- --- --- --- --- --- --- --- --- --- --- --- --- --- --- CAT AAC AGC GCA AGC GTT ATC CTC ATG GCG CCT CAC CCA CGC CGC TAC CTC CTG CCA TTG CTG CTC CTG CTG CTG CTG CTG CTG CTG GAG CTG GAG GCA GCT GCC CCT GCC GCT GGC GGA GGG GGG GTT ACA TAT TTT TCC TCC TCC TCT TGG TGG CAG TGT CGT CGT GTC TTT --- --- --- --- AAG AAA CCA AAG AGA GAG AAG AAA AAC AAT AAC GCC GTC AAC AGT AAG AAA AAG AAG AAG AAG AAG AAG AAG AAG AGG GAG AAG CAG GAC GAG GGC AAT AAC TCA ACG ACG ACA ACC ACC ACC ACC ACT ACT GCC TCA ACT ACC ACT GCC GCC AGG AAC AGC AGC AGC CGT AGC AGC AGT AGT AGT CGC GGG AGG AAG AGG AGG CGG AGC AGC GAT AGT AGT AGT GCC ATC ATA ATA ATC ATC ATC CTG GTT ATT ATT GTT CCT ATC ATC ATC GTC GTC ATT AGA GCC ATG ATG GTG CTC GTG ACC ATC ATC ATT ATT ATT CAC CGG CAG GAT CAC CAC CAC CAC CAC CAT AGT CAC CAT AGA TGC CAG CAG ATG CAG CAG CAG CAG CAG CGG CAG CGG TTG CAA CAC CAT CAT CAT CCA CCA CCG GCA CCA CCA CCG CCA TCC GGC CCC CCA CCC CCC CCC CCG CCG CCT CCT CCT CCC CCC CCC CCG CCT CCT CCT CCC CCG CCT CCT CCC CGG CGA CGG CGT CGC CGC CGC CGT CGT CGC CGC CGC CGT CGC AGG CGC CGC CGA CGG CTG CGA CGC TGT CGT CGT CTC CTG ATC CTC CTC CTC CTC CTT CTA CTG CTC CTT CTA CTC TGC TGC ATG TTG CTA CTG CTG CTC CTA CTG CTG CTG CTG CTG CTG CTG CTG TTG CTA TTG TTT CTG TTA ATC GTG TAC CTG ATA CTG GAC GAA GAA GAA GAG GAT GAG GAG AAC GAC GAC GAC GAC GAC GAC GAC GAT AAC AAG AGT CAG GAC GAA GAC CAG GAA GAG GAA GAG GAG GAG GAG GAG GAG GAG GGA GAC GAC GAC GAT GAT GAT CAT GAC GAT GAT GAT GAT ATC GCG GCT GCT ACC AAC AAG AGC ACT GCC GCC GCC GCC GCC GCC GCC GCT GCC GCT ACG GCA GCG GCT GCA ACT GCT GCT GCC GCT GGG TCG GGC GGC GGT GGC GGG GGC GGG GGC GGG GGA GGC GGC GGG GGA GGT GGT GCC GTG GTG GTT CGA GCA GTC GTC GTG ATC GTG GTG GTG ATG GTG GTG GTG ATC ATT TTC ACC CGG TAC TAC CAC TAT TAT TAT TTT CCA GCT TCA GGT TCC TCG TCC TGC TGC TGC TGC TGG TGG TGG TGG TGG TTT TGC TGC TCC CAC CTT TTC TAT TGG TTC CTG GCC TTC TTC TTC TTC TTT TTC TTC TTC TTT CTG CTG CTG CTG TTA TTG GTC TTC TTT CTC TTT TTT
Danio rerio                                 --- --- --- --- --- --- --- --- --- --- --- --- --- --- --- --- --- --- --- AAC AAC GAG GGA --- ATC CTC --- --- GAG GCG GCG CGG GCG CGG CTC ATC ATG --- ACC CTC --- ATT CTC CTT GTG TTT --- --- CTG CAG TCC --- GTT ATT --- ACG GGG GAG --- CTG --- CTC --- --- TCG TGC GCC CGG GTA CTT --- GCG CGC TGC --- TTC AGG CGA GGA TAC GAC CAC CTC AAG CAG CAC AAG CCA AAC AAC AAC GAC TGC AAT GCA AAG AAG AAA AAC AAG AAG CAC CTC GAA GAG AAG GAA ATG CAC CAG GAG AGC CAC GAC AAT ACC ACC ACT ACC ACG ATG TCT TCT ACT GAA TCC AAC CAA AAC ACT CAC CGC AAC ACA AGC TCT GGC CAT TCC AGT CGT GAA CGT GGT GCA CAG AGG CGT CGC AGC AGT CAG AGC CAG TCT ACT ATC ATC ATC CTG ATC GTG CTG ATG ATC ATA ATT GAC ATC CTC GTG ATC ATC ATT AGG GTC ATG CTA GTT CTG CTC GTC ATC ATC ATC ATT ATT CAG AGA CGC CCA AAT CAC CAC CAG CGA CAC TAT CAT CAC TGT TGC CAG GGT CGT CAA CAG CAG GCT TTG CAG CAG CAC ACC CAG CAT CAC CAT CAC CCA CCT CCC CCA GTG CCG CAG TAT ACG TCA CTC ACC AAA CCC CCG CCA CCC CCA CCC TCA CCG CCG AAC AAC CCT CCG CCG CCT CCA ACA CCA TCC CGT AAA TGC GCT CGA CGC CGG AAG AGA GCA AGA CGC AGA CGC GGT AGG CGT AGG CGA CAG AGG CGA ACG CGC AGT CTC CTA CTG ACG CGC CTG TCT CAT CTG CTG CTC CTG ATG CTG TCC TAC CTG CTT GTC CTG TTG ACC GCC ATG CAC CTC CTG CTG TAT TTA TTC GTG CTG GTG CTG CTG CTG GTT CTC CGT CTG CTG ATG CAT CAG GAT GGG CAT GAA GAG GAG AAC CAG GAC CAG GAC GAT GAT GAC CAT GAC AAA GAT GAT CCC GAG GAG AAA GAT GAA CCA ACC CAG CTG GAA GAC GAG GAT GCA AAC GAA GAC GAC GGA GGG AAA GAC AAT CAG GAT GCA ATG GCC GCA GCC ACC AAC AGA GCC TCT AGT CGT CTG GAT GCC GCG GCT GAC GCC GCT CTG GCA GCT GTG GCC AGC GCA GCC AGG GGC GGA GTC GGG GGT GGA GAC GCT GGT GGT GGA GGC GGA GGT TGT GGT GGC AGC GGT GTC GTG GTC TCC TTG GCG GTT ACA GTC GTG TGG CTG GTG AAG CTG GTC TTT ATC ATG TTC AAA CAG TAC TAT TGG TAC TAT TAT TGT TCA CAA TCT GAC TCC TCC ACC AGC TGC TGC TGT TGG TGG ATT TGG TTT ATG TGT TAT GCC TAT CCG TAC TTC TTC TAC TGG TCA CTC TTC TTC TTT TTT ACA TAT TTC TTC CTC CTT CTG CTG CTG ACA ATC TTC TTC ATT TTC TTT
Canis lupus familiaris                      ACA ATC ATG CAA CAC CAG CCT GAG GCC GCG GCT GGC GTG TAC TCC TCT TTC TTG CAG AAC AGC GCG AGC AGC GTC CTC ATG CCC CCG CAG CCA CGG CGC CGG CTC CTG TTG CTC CTG CTG CTG CTG CTG GTG CTG GTG CTG GAC CAG GAG GCA AGC GCC ACC GCG GCC GGA CGC GGC GGG GCT CTT TAC TAT TCC ACC TCC TGC TGG TGG TGG TGG TGC TGT TTC TTC --- --- --- --- CAG AAA AAG AAA AAA CAA AGT AAG AAC AAC AAC AAG AAC AAC AGC --- AAG AAG --- AAA AAG AAG AAG AAG AAG AAG AAA AAA GAG AGA GAG AAG AAT AAT AAT ACA ACA ACA ACC ACC ACC AGC ACC ACG TCC ACC GCG ACC ACT --- ACC AGG AAT AGC AGC AGC AAC AGC AGT AGC AGT AGC CAC GGC AGG AGG AGG AGG CGG AGT AGT AGC AGT AGT AGT GTA ATT ATC CTC AAC ATC ATC GTC GTA ATC ATT ATC ATT GTC ATT ATC ATC GTC ATA ATG GTG ATG ATG GTG TTG ATA ATT ATC ATT ATT ATT ATT AAT CAA AAG TGT CAC CAC CAT CAC CAC CAC CAG CAT CAC CAC CAT CAG AAG CGG CAG AGA CAG CAG CAG CAG CAG CGC CAG CAG CAT CAT CAC TAC CCC CCA CCT CCA CCG CCG CCA CCG TCA CCC CCC CCC TCT CCC CCC CCC CCT CCC CCC CCA CCT CCG CCT CCA CCC CCC CCT CCC CCT CCT CCT CCC CGG CGA CGG CCT CGC CGC CGC AGG CGC GAA CGC CGC CGT CGC CGT CGC CGG CGC CGG AGG CGG CGC CAT CGC CAT CTC CTG CTC CTC CTC CTC CTC CTT CTC CTC CTC CTC CTG CTC CTC CGA TTG CTG CTG CTG CTG CTG CTG CTG CTG CTG CTC CTG CTG CTG CTG CTG CTG CTA CTG CTT CTT CTG TTG ATG CTG CTC CTG GAA GAA GAA GAA GAA GAC GAG GAG GAC GAC GAC AAC GAC GAC GAT GAC GAT GAA GAG GAT GAG GAG GAA GAC GAA GAG GAG GAG GAG GAG GAG GAG GAG GAG GAG GAG GAC GAT GAC GAC GAT CAC GCG GAT GAT GAT GAT GAT GTG GCA GCT GCC GCA ATC GCC GCC GCT GCC GCC GTG GCC GCC GCC GCC GCT GCC GCC ACA GCC GCG GTG GCT GCT GCT GCT --- CAA GGA GGC GGC GGC GGC GGC GGC GGC GGG GGG GGG GGG GGA GGG GGG GGT GGC GGT GTC GTA GTG GTT GTC GTC GTT GTC GTC ATA TTG GTC GTG GTG GTG GTG GTG GTT ATC GTC TAC CGC TTC TAC AAT TAC TAT TAT TTT CCA TCA TCT TCC TCC TCT GCC TGC TGC TGC TGT TGG TGG TGG TGG TGG TGG TGT TGT TCA TAC CTC TTT TAC TTC TTC TTC TTC TTC TTC TTT TTC TTC TTG TTT TTC TTT CTG CTG TTG TTG TTG ATG TTT TTC TTC TTT TTT TTT



    1    1    1    1    1    1    1    1    1    1    1    2    1    1    1
    1    1    2    1    1    1    1    1    1    1    1    1    1    1    1
    1    1    1    1    1    1    1    1    1    1    2    1    1    1    1
    1    1    1    1    1    1    1    1    1    1    1    1    1    1    1
    1    1    1    1    1    1    1    1    1    1    1    1    1    1    1
    1    1    1    1    1    1    1    1    1    1    1    1    1    1    1
    1    1    1    1    1    1    1    1    1    2    2    1    1    1    1
    1    1    1    1    1    1    1    1    1    1    1    1    1    2    1
    1    1    1    1    1    1    1    1    1    1    1    1    1    1    1
    1    1    1    1    1    1    1    1    1    1    1    1    1    1    1
    1    1    2    1    1    1    1    1    1    1    4    1    1    1    1
    1    1    1    1    1    1    1    1    1    1    1    6    1    1    1
    1    1    1    1    1    1    1    1    1    1    1    1    2    1    1
    1    1    1    1    1    1    1    1    1    1    1    1    2    1    1
    1    1    1    1    1    1    1    1    1    1    1    1    1    1    1
    1    1    1    1    1    1    1    1    1    1    1    1    1    1    1
    1    1    1    1    1    1    1    1    1    1    1    1    1    1    1
    1    2    1    1    1    1    1    1    1    1    1    1    1    1    1
    1    1    1    1    1    1    1    1    1    1    1    1    1    1    1
    1    1    1    1    1    1    1    1    1    1    1    1    1    1    1
    1    2    1    9    1    1    1    1    1    1    1    1    1    1    1
    1    1    1    1    1    1    2    1    1    1    1    1    1    1    1
    1    5    2    1    1    1    1    1    1    1    1    1    1    1    1
    1    1    1    1    1    1    1    5    1    1    1    1    1    1    1
    1    1    1    2    1    1    1    1    1    1    1    1    1    1    1
    1    1    1    1    1    2    1    1    1    1    1    1    1    1    1
    1    1    1    1    1    1    1    1    1    1    1    1    1    1    1
    1    1    1    1    1    3    1    1    1    1    1    1    1    1    1
    1    1    1    1    1    1    1    1    1    1    1    1    1    1    1
    1    1    2    1    1    1    1    1    1    1    1    1    1    1    1
    1    3    1    1    1    1    1    6    1    1    1    1    1    1    1
    1    1    1    1    1    1    1    5    1    3    1    1    1    1    1
    1    1    1    1    1    1    1    1    1    1    1    2

CODONML (in paml version 4.4b, July 2010)  torun.nuc
Model: One dN/dS ratio for branches Global clock  (2 genes: diff. rate & k&w)  
Codon frequency model: F3x4
ns =   7  ls = 548

Codon usage in sequences
--------------------------------------------------------------------------------------------------------------
Phe TTT  7  9 11  8 11  9 | Ser TCT  1  1  2  3  1  7 | Tyr TAT  4  7  6  5  5 10 | Cys TGT  4  3  2  2  2  5
    TTC 25 20 19 19 17 16 |     TCC  5  6  6  5  7  8 |     TAC  8  6  6  7  5  6 |     TGC  7 12 11 10 11  9
Leu TTA  1  0  0  3  2  1 |     TCA  3  3  4  3  3  4 | *** TAA  0  0  0  0  0  0 | *** TGA  0  0  0  0  0  0
    TTG  6  5  5  8  6  3 |     TCG  1  2  1  1  2  1 |     TAG  0  0  0  0  0  0 | Trp TGG 15 15 12 12 13 11
--------------------------------------------------------------------------------------------------------------
Leu CTT  2  5  4  6  3  4 | Pro CCT  7  9  7  8 11  3 | His CAT  5  6  8  7  7  8 | Arg CGT  5  4  6  3  9  8
    CTC 16 18 17 11 13 17 |     CCC 14 14 17  9  9  5 |     CAC 12 12 10 11 12 15 |     CGC 15 15 13 16 14 10
    CTA  2  1  0  4  5  2 |     CCA 10  8  7  9 10  9 | Gln CAA  3  5  3  0  1  3 |     CGA  4  0  0  5  4  5
    CTG 46 42 43 40 42 37 |     CCG  4  6  5  6  6  7 |     CAG 14 13 16 16 14 23 |     CGG  5  7  9  7  8  4
--------------------------------------------------------------------------------------------------------------
Ile ATT  7 10  8  7  7  8 | Thr ACT  4  1  2  8  6  4 | Asn AAT  3  2  1  3  2  5 | Ser AGT  7  8  8  7 10  4
    ATC 24 15 16 17 18 18 |     ACC  9 13 12  9  9 11 |     AAC  9  6  9  8  9 14 |     AGC 13 12 11 13 10  8
    ATA  1  2  2  4  3  1 |     ACA  4  4  2  5  2  5 | Lys AAA  7  6  5  4  3  7 | Arg AGA  1  2  2  2  3  5
Met ATG 13 12 13 12 11 16 |     ACG  1  2  4  0  3  5 |     AAG 19 21 22 21 18 11 |     AGG  5  5  6  7  6  7
--------------------------------------------------------------------------------------------------------------
Val GTT  3  3  2  5  5  4 | Ala GCT  5  5  3 12 11  6 | Asp GAT 13  9 10 12 12 11 | Gly GGT  3  7  5  6  4 11
    GTC  7 12 17 10  7  8 |     GCC 20 19 23 18 20 11 |     GAC 15 21 19 20 20 19 |     GGC  8  6  8  9 10  4
    GTA  3  2  1  1  0  1 |     GCA  6  8  6  6  6  8 | Glu GAA  9  7  6  8  7  8 |     GGA  3  2  2  6  4  7
    GTG  9 10 11 12 12 10 |     GCG  4  3  3  3  3  6 |     GAG 25 22 22 18 20 14 |     GGG 11  9  9  7 10  4
--------------------------------------------------------------------------------------------------------------

--------------------------------------------------
Phe TTT 10 | Ser TCT  4 | Tyr TAT  3 | Cys TGT  5
    TTC 21 |     TCC  6 |     TAC  9 |     TGC  7
Leu TTA  0 |     TCA  3 | *** TAA  0 | *** TGA  0
    TTG 11 |     TCG  0 |     TAG  0 | Trp TGG 15
--------------------------------------------------
Leu CTT  4 | Pro CCT 10 | His CAT  7 | Arg CGT  2
    CTC 19 |     CCC 14 |     CAC 12 |     CGC 16
    CTA  1 |     CCA  7 | Gln CAA  4 |     CGA  2
    CTG 41 |     CCG  5 |     CAG 16 |     CGG  9
--------------------------------------------------
Ile ATT  9 | Thr ACT  1 | Asn AAT  6 | Ser AGT  9
    ATC 14 |     ACC 10 |     AAC  9 |     AGC 13
    ATA  3 |     ACA  5 | Lys AAA  7 | Arg AGA  2
Met ATG 12 |     ACG  1 |     AAG 15 |     AGG  7
--------------------------------------------------
Val GTT  3 | Ala GCT  9 | Asp GAT 11 | Gly GGT  2
    GTC 11 |     GCC 17 |     GAC 17 |     GGC 12
    GTA  3 |     GCA  3 | Glu GAA 10 |     GGA  3
    GTG 14 |     GCG  6 |     GAG 24 |     GGG  9
--------------------------------------------------

Codon position x base (3x4) table for each sequence.

#1: Bos taurus     
position  1:    T:0.16667    C:0.31418    A:0.24330    G:0.27586
position  2:    T:0.32950    C:0.18774    A:0.27969    G:0.20307
position  3:    T:0.15326    C:0.39655    A:0.10920    G:0.34100
Average         T:0.21648    C:0.29949    A:0.21073    G:0.27331

#2: Homo sapiens   
position  1:    T:0.17115    C:0.31731    A:0.23269    G:0.27885
position  2:    T:0.31923    C:0.20000    A:0.27500    G:0.20577
position  3:    T:0.17115    C:0.39808    A:0.09615    G:0.33462
Average         T:0.22051    C:0.30513    A:0.20128    G:0.27308

#3: Pan troglodytes
position  1:    T:0.16346    C:0.31731    A:0.23654    G:0.28269
position  2:    T:0.32500    C:0.20000    A:0.27500    G:0.20000
position  3:    T:0.16346    C:0.41154    A:0.07692    G:0.34808
Average         T:0.21731    C:0.30962    A:0.19615    G:0.27692

#4: Mus musculus   
position  1:    T:0.16412    C:0.30153    A:0.24237    G:0.29198
position  2:    T:0.31870    C:0.20038    A:0.26718    G:0.21374
position  3:    T:0.19466    C:0.36641    A:0.11450    G:0.32443
Average         T:0.22583    C:0.28944    A:0.20802    G:0.27672

#5: Rattus norvegicus
position  1:    T:0.16221    C:0.32061    A:0.22901    G:0.28817
position  2:    T:0.30916    C:0.20802    A:0.25763    G:0.22519
position  3:    T:0.20229    C:0.36450    A:0.10115    G:0.33206
Average         T:0.22455    C:0.29771    A:0.19593    G:0.28181

#6: Danio rerio    
position  1:    T:0.17613    C:0.31311    A:0.25245    G:0.25832
position  2:    T:0.30333    C:0.19569    A:0.30137    G:0.19961
position  3:    T:0.20939    C:0.35029    A:0.12916    G:0.31115
Average         T:0.22962    C:0.28637    A:0.22766    G:0.25636

#7: Canis lupus familiaris
position  1:    T:0.17407    C:0.31296    A:0.22778    G:0.28519
position  2:    T:0.32593    C:0.18704    A:0.27778    G:0.20926
position  3:    T:0.17593    C:0.38333    A:0.09815    G:0.34259
Average         T:0.22531    C:0.29444    A:0.20123    G:0.27901

Codon usage in genes
--------------------------------------------------------------
Phe TTT  4 61 | Ser TCT  4 15 | Tyr TAT  7 33 | Cys TGT  7 16
    TTC 12 125 |     TCC 18 25 |     TAC  6 41 |     TGC  9 58
Leu TTA  0  7 |     TCA  1 22 | *** TAA  0  0 | *** TGA  0  0
    TTG  6 38 |     TCG  3  5 |     TAG  0  0 | Trp TGG 19 74
--------------------------------------------------------------
Leu CTT  6 22 | Pro CCT  3 52 | His CAT  1 47 | Arg CGT  3 34
    CTC 22 89 |     CCC  4 78 |     CAC  3 81 |     CGC 12 87
    CTA  0 15 |     CCA  8 52 | Gln CAA  1 18 |     CGA  1 19
    CTG 63 228 |     CCG  6 33 |     CAG 11 101 |     CGG  7 42
--------------------------------------------------------------
Ile ATT  3 53 | Thr ACT  0 26 | Asn AAT  0 22 | Ser AGT  0 53
    ATC  9 113 |     ACC  7 66 |     AAC  9 55 |     AGC 13 67
    ATA  0 16 |     ACA  4 23 | Lys AAA  0 39 | Arg AGA  0 17
Met ATG 10 79 |     ACG  1 15 |     AAG  0 127 |     AGG  1 42
--------------------------------------------------------------
Val GTT  5 20 | Ala GCT  6 45 | Asp GAT  0 78 | Gly GGT  1 37
    GTC  4 68 |     GCC 20 108 |     GAC  4 127 |     GGC 10 47
    GTA  1 10 |     GCA 10 33 | Glu GAA  0 55 |     GGA  4 23
    GTG  6 72 |     GCG  9 19 |     GAG 13 132 |     GGG 10 49
--------------------------------------------------------------

Codon position x base (3x4) table for each gene.


Gene #1
position  1:    T:0.23587    C:0.37101    A:0.14005    G:0.25307
position  2:    T:0.37101    C:0.25553    A:0.13514    G:0.23833
position  3:    T:0.12285    C:0.39803    A:0.07371    G:0.40541
Average         T:0.24324    C:0.34152    A:0.11630    G:0.29894

Gene #2
position  1:    T:0.15980    C:0.30670    A:0.24985    G:0.28365
position  2:    T:0.31223    C:0.18961    A:0.29379    G:0.20436
position  3:    T:0.18869    C:0.37953    A:0.10725    G:0.32452
Average         T:0.22024    C:0.29195    A:0.21696    G:0.27085

Sums of codon usage counts
------------------------------------------------------------------------------
Phe F TTT      65 | Ser S TCT      19 | Tyr Y TAT      40 | Cys C TGT      23
      TTC     137 |       TCC      43 |       TAC      47 |       TGC      67
Leu L TTA       7 |       TCA      23 | *** * TAA       0 | *** * TGA       0
      TTG      44 |       TCG       8 |       TAG       0 | Trp W TGG      93
------------------------------------------------------------------------------
Leu L CTT      28 | Pro P CCT      55 | His H CAT      48 | Arg R CGT      37
      CTC     111 |       CCC      82 |       CAC      84 |       CGC      99
      CTA      15 |       CCA      60 | Gln Q CAA      19 |       CGA      20
      CTG     291 |       CCG      39 |       CAG     112 |       CGG      49
------------------------------------------------------------------------------
Ile I ATT      56 | Thr T ACT      26 | Asn N AAT      22 | Ser S AGT      53
      ATC     122 |       ACC      73 |       AAC      64 |       AGC      80
      ATA      16 |       ACA      27 | Lys K AAA      39 | Arg R AGA      17
Met M ATG      89 |       ACG      16 |       AAG     127 |       AGG      43
------------------------------------------------------------------------------
Val V GTT      25 | Ala A GCT      51 | Asp D GAT      78 | Gly G GGT      38
      GTC      72 |       GCC     128 |       GAC     131 |       GGC      57
      GTA      11 |       GCA      43 | Glu E GAA      55 |       GGA      27
      GTG      78 |       GCG      28 |       GAG     145 |       GGG      59
------------------------------------------------------------------------------

(Ambiguity data are not used in the counts.)


Codon position x base (3x4) table, overall

position  1:    T:0.16826    C:0.31385    A:0.23764    G:0.28025
position  2:    T:0.31877    C:0.19694    A:0.27615    G:0.20814
position  3:    T:0.18137    C:0.38159    A:0.10352    G:0.33352
Average         T:0.22280    C:0.29746    A:0.20577    G:0.27397


Nei & Gojobori 1986. dN/dS (dN, dS)
(Pairwise deletion)
(Note: This matrix is not used in later ML. analysis.
Use runmode = -2 for ML pairwise comparison.)

Bos taurus          
Homo sapiens         0.2442 (0.1319 0.5400)
Pan troglodytes      0.3002 (0.1373 0.4573) 0.5709 (0.0660 0.1156)
Mus musculus         0.1970 (0.1642 0.8333) 0.1704 (0.1066 0.6254) 0.2187 (0.1468 0.6712)
Rattus norvegicus    0.2284 (0.1653 0.7239) 0.1788 (0.1058 0.5914) 0.2406 (0.1518 0.6310) 0.1612 (0.0367 0.2275)
Danio rerio          0.2446 (0.4083 1.6695) 0.2294 (0.3974 1.7325) 0.2741 (0.4156 1.5164) 0.1949 (0.4087 2.0970) 0.2475 (0.4064 1.6424)
Canis lupus familiaris 0.1892 (0.0883 0.4667) 0.2655 (0.1382 0.5205) 0.3193 (0.1505 0.4713) 0.1977 (0.1672 0.8459) 0.2054 (0.1765 0.8596) 0.2777 (0.4192 1.5094)


TREE #  1:  ((((2, 3), (4, 5)), (1, 7)), 6);   MP score: -1
lnL(ntime:  6  np: 11):  -7260.181548      +0.000000
   8..9     9..10   10..11   11..2    11..3    10..12   12..4    12..5     9..13   13..1    13..7     8..6  
 1.735120 0.567532 0.455337 0.161562 0.130732 0.330582 0.851719 2.344467 0.301441 2.155020 0.160013
SEs for parameters:
 0.150452 0.042067 0.035657 0.015634 0.014853 0.030490 0.064381 0.381040 0.053593 0.145755 0.010494
Note: Branch length is defined for the first gene (site partition).
For other genes, look at "rates for genes".

tree length =   5.11598 (1st gene)

((((2: 0.161562, 3: 0.161562): 0.293775, (4: 0.130732, 5: 0.130732): 0.324605): 0.112196, (1: 0.330582, 7: 0.330582): 0.236950): 1.167588, 6: 1.735120);

((((Homo sapiens: 0.161562, Pan troglodytes: 0.161562): 0.293775, (Mus musculus: 0.130732, Rattus norvegicus: 0.130732): 0.324605): 0.112196, (Bos taurus: 0.330582, Canis lupus familiaris: 0.330582): 0.236950): 1.167588, Danio rerio: 1.735120);

Detailed output identifying parameters

rates for 2 genes:     1  0.85172

gene # 1: kappa =   2.34447 omega =   0.30144
gene # 2: kappa =   2.15502 omega =   0.16001

Time used:  0:19
