
seed used = 1418813033
      8   1191

Rattus norvegicus                          ATG TCG GCT ACC ATC GAG CGG GAG TTC GAG GAA CTG GAT GCT CAG TGT CGC TGG CAG CCG TTA TAC TTG GAA ATT CGA AAT GAA TCC CAT GAC TAT CCT CAT AGA GTG GCC AAG TTT CCA GAA AAC AGA AAT CGA AAC AGA TAC AGA GAT GTA AGC CCA TAT GAT CAC AGT CGT GTT AAA CTG CAG AGT GCT GAA AAT GAT TAT ATT AAT GCC AGC TTA GTT GAC ATA GAA GAG GCA CAA AGA AGT TAC ATC TTA ACA CAG GGC CCA CTT CCT AAC ACG TGC TGC CAT TTC TGG CTC ATG GTG TGG CAG CAA AAG ACC AGA GCA GTT GTC ATG CTA AAC CGA ACT GTA GAG AAA GAA TCG GTT AAA TGT GCA CAG TAC TGG CCA ACG --- GAT GAC CGA GAG ATG GTG TTT AAG GAA ACA GGA TTC AGC GTG AAG CTC TTA TCT GAA GAT GTG AAA TCA TAT TAT ACA GTA CAT CTA CTA CAG TTA GAA AAT ATC AAT AGT GGT GAA ACC AGA ACC ATA TCT CAC TTT CAT TAT ACC ACC TGG CCA GAT TTT GGC GTT CCG GAG TCA CCA GCT TCA TTC CTA AAT TTC TTG TTT AAA GTT AGA GAA TCT GGT TCT TTG AAC CCT GAC CAT GGG CCT GCA GTG ATC CAT TGC AGT GCA GGC ATC GGG CGT TCT GGC ACC TTC TCT CTT GTA GAT ACC TGT CTC GTT CTG ATG GAG AAA --- GGA GAG --- --- GAT GTT AAT GTG AAA CAA ATA TTA CTG AGT ATG AGA AAG TAT CGA ATG GGA CTC ATT CAG ACT CCG GAC CAG CTC AGA TTC TCC TAC ATG GCC ATA ATA GAA GGA GCA AAG TAT ACA AAA GGA GAT TCA AAT ATA --- --- --- --- --- --- --- --- --- --- --- --- --- --- --- --- --- --- --- --- --- --- CAG AAC AGA ACA ATG ACT GAG AAG TAC AAC GGG AAG AGA ATA GGG TCA GAA GAT GAA AAG TTA ACA --- --- --- --- --- GGA CTT TCT TCT AAG GTT CCA GAT --- ACT GTG GAA GAG AGC AGT GAG AGT ATT CTC CGG AAA CGC ATT CGA GAG GAT AGA AAG GCT ACA ACC GCT CAG AAG GTG CAG --- CAG ATG AGA CAG AGG CTA AAT GAA ACT GAA CGG AAA AGG AAA AGG CCA AGA TTG ACA GAC ACC --- 
Pan troglodytes                            ATG CCC ACC ACC ATC GAG CGG GAG TTC GAA GAG TTG GAT ACT CAG CGT CGC TGG CAG CCG CTG TAC TTG GAA ATT CGA AAT GAG TCC CAT GAC TAT CCT CAT AGA GTG GCC AAG TTT CCA GAA AAC AGA AAT CGA AAC AGA TAC AGA GAT GTA AGC CCA TAT GAT CAC AGT CGT GTT AAA CTG CAA AAT GCT GAG AAT GAT TAT ATT AAT GCC AGT TTA GTT GAC ATA GAA GAG GCA CAA AGG AGT TAC ATC TTA ACA CAG GGT CCA CTT CCT AAC ACA TGC TGC CAT TTC TGG CTT ATG GTT TGG CAG CAG AAG ACC AAA GCA GTT GTC ATG CTG AAC CGC ATT GTG GAG AAA GAA TCG GTT AAA TGT GCA CAG TAC TGG CCA ACA --- GAT GAC CAA GAG TTG CTG TTT AAA GAA ACA GGA TTC AGT GTG AAG CTC TTG TCA GAA GAT GTG AAG TCG TAT TAT ACA GTA CAT CTA CTA CAA TTA GAA AAT ATC AAT AGT GGT GAA ACC AGA ACA ATA TCT CAC TTT CAT TAT ACT ACC TGG CCA GAT TTT GGA GTC CCT GAA TCA CCA GCT TCA TTT CTC AAT TTC TTG TTT AAA GTG AGA GAA TCT GGC TCC TTG AAC CCT GAC CAT GGG CCT GCG GTG ATC CAC TGT AGC GCA GGC ATT GGG CGC TCT GGC ACC TTC TCT CTG GTA GAC ACT TGT CTT GTT TTG ATG GAA AAA --- GGA GAT --- --- GAT ATT AAC ATT AAA CAA GTG TTA CTG AAC ATG AGA AAA TAC CGA ATG GGT CTT ATT CAG ACC CCA GAT CAA CTG AGA TTC TCA TAC ATG GCT ATA ATA GAA GGA GCA AAA TGT ATA AAG GGA GAT TCT AGT ATA CAG AAA CGA TGG AAA GAA CTT TCT AAG GAA GAC TTA TCT CCT GCC TTT GAT CAT TCA --- --- --- CCA AAC AAA ATA ATA ACT GAA AAA TAC AAT GGG AAC AGA ATA GGT CTA GAA GAA GAA AAA CTG ACA GGT GAC CGA TAT ACA GGA CTT TCC TCT AAA ATG CAA GAT --- ACA ATG GAG GAG AAC AGT GAG AGT GCT CTA CGG AAA CGT ATT CGA GAG GAC AGA AAG GCC ACC ACA GCT CAG AAG GTG CAG --- CAG ATG AAA CAG AGG CTA AAT GAG AAT GAA CGA AAA AGA AAA AGG CCA AGA TTG ACA GAC ACC --- 
Bos taurus                                 ATG TCG GCT GCC ATC GAA CGG GAG TTT GAG GAG TTA GAC GCT CAG AAT CGC TGG CAG CAG CTG TAC CTG GAA ATT CGC AGT GAG TCC CAT GAC TAT CCT CAT AGA GTG GCC AAG TTC CCT GAA AAC AGA AAT CGA AAC AGA TAC AGA GAT GTG AGC CCA TAT GAT CAC AGT CGT GTT AAG CTG CAG AAT GCT GAA AAT GAT TAT ATT AAT GCC AGC TTA GTT GAC ATA GAG GAG GCA CAG AGG AGC TAC ATC TTA ACC CAG GGT CCA CTT CCT AAT ACA GGT TGT CAT TTC TGG CTC ATG GTT TGG CAG CAA AAG ACC AAA GCA GTT GTC ATG CTA AAC CGA ATT GTG GAG AAA GAC TCG GTT AAA TGT GCA CAG TAC TGG CCT ACA AAA GAT GAC CGG GAG ATG CTG TTT AAG GAA ACG GGC TTC AGC GTG AAG TTC CTG TCA GAG GAC GTG AAG TCC TAT TAC ACA GTC CAT CTG TTG CAG TTA GGA AAC ACC AGG ACT GGT GAA ACC AGA ACA ATA TCT CAC TTT CAT TAT ACT ACC TGG CCA GAT TTT GGA GTC CCT GAA TCA CCA GCT TCG TTT CTC AAT TTC TTA TTC AAA GTG CGG GAA TCT GGC TCC TTG AAC CCT GAG CAC GGG CCT GCG GTG ATC CAC TGC AGT GCC GGC ATT GGG CGG TCA GGG ACC TTT TCG CTG GTG GAC AGC TGC CTT TTT CTG ATA GAA AAA --- GGA GAC --- --- AAT ATT AAC ATT AAA CAA CTG TTA CTG AAT ATG AGA AAA TAC CGA ATG GGG CTG ATT CAG ACA CCA GAT CAG CTC AGA TTT TCC TAC ATG ACT ATA ATA GAA GGA GCG AAG TTT ATA AAG GGA GAC TCA AGT ATA CAG AAA CGT TGG AAA GAA CTT TCT AAG GAA GAT GTA TGT CCT GTT TTT GAT CAT TCG --- --- --- CCA ACC AAA ATA ATG ACT GAA AAA TAC AAT GGG AAC AGG ATA GGC CTA GAA GAG GAA AAA CTG ACA GGA GAC AGA TAC TCA GGT CTG TCC TCT AAA ACA CAG GAA --- GCT CCG GAG GAG AGC AGC GAG AGT GCT CTG CGC AAG CGC CTC CGG GAG GAC AGG AAG GCC AGC ACC GCC CAG AAG GTG CAG --- CAG ATG AAG CAG AGG CTG AGC GAG ACT GAG CGC AAG AGG AAA AGG CCA AGA TTG ACA GAC ACC --- 
Danio rerio                                --- --- --- --- ATG GAG CAG GAG TTT GAG GAC ATA GAC TCA GAA GGC CGC TGG CAG AAC ATT TAC TTA GAG ATA CGC AAC CAG TCG CAT GAA TGT GCA TTC AAA GTG GCC AAG TAT CCA GAG AAT CGC ATT CGA AAC CGA TAC AGA GAC GTG AGT CCA TTT GAT CAC AGT CGA GTG AAA TTG GAA AAT ACA GAA AAT GAC TAC ATC AAT GCC AGC CTG GTG GTA ATG GAA GAA GCC CAG AGG AGG TAC ATA CTT ACC CAG GGT CCT CTG AGA AAC ACT TGT GGT CAC TTT TGG CTG ATG ATC TGG GAA CAG AAG ACC AAA GCA GTC ATC ATG CTT AAT AGA GTA ATA GAG AAA GGC TCG GAA AAG TGT GCA CAA TAT TGG CCG ACA CAA GAA GAG AGA GAG ATG TCT TTT CGT GAC ACG CGT TTT GTG GTA ACA CTA GTG TCA GAA GAC GTG AAG TCA TAT TAT ACC ACC AGA GTG CTG GAA CTC CAG AAC GCA AAT ACG GGG GAG ACG AGA GAG ATC TAT CAC TTT CAC TAT ACC ACA TGG CCT GAC TTT GGC GTC CCA GAA TCC CCA GCC AGC TTC CTT AAT TTC CTG TTT AAG GTG CGA GAG TCT GGT TCA CTC GGG ATG GAA CAG GGT CCA GCA GTT GTC CAC TGC AGT GCC GGA ATT GGG AGA TCT GGA ACA TTC TCT CTG GTT GAC ACT TGT CTT GTC TTG ATG GAC AAA AGA AAA GAC CCA TTA TTG GTG GAC ATC AAA AAG ATT CTT CTA GAC ATG AGA AAG TAC CGG ATG GGT TTG ATT CAG ACC CCT GAT CAG CTG CGT TTT TCA TAT ATG GCT GTG CTG GAG GGT GCC AAG TAC ATT ATG GGA GAC TCG TCT GTG CAG AAA CAA TGG CGA GAG CTT TCC AGA GAG GAC CAA GAG CCC CTG TCT GAG TCT CCC CCT CCA CCG CAG CCC CCT AAA TGC ACA GAA CGC TAC AAT GGC AGC AAA CCA GCT CAT CTG GAG GAT GGG ATC GAC TCA AAG ACG GGA AAG AAA ACA GGG CCA GAG GCC CCC AAT AAA GAA CCA GAC AGG GAT GCT GGA ACA CAA GCT CGC AAG CGG CTT CGA GAT GAG AAG ATG TCC AAC CCC TCG CAG AAG ACC CAG AAG CAG ACG AAA CCC AGG ATC AAT GAC CCT GAT AAA AAA AGA AAA AGA GCG AGA ACA ACC AAT GAC TCC 
Homo sapiens                               ATG CCC ACC ACC ATC GAG CGG GAG TTC GAA GAG TTG GAT ACT CAG CGT CGC TGG CAG CCG CTG TAC TTG GAA ATT CGA AAT GAG TCC CAT GAC TAT CCT CAT AGA GTG GCC AAG TTT CCA GAA AAC AGA AAT CGA AAC AGA TAC AGA GAT GTA AGC CCA TAT GAT CAC AGT CGT GTT AAA CTG CAA AAT GCT GAG AAT GAT TAT ATT AAT GCC AGT TTA GTT GAC ATA GAA GAG GCA CAA AGG AGT TAC ATC TTA ACA CAG GGT CCA CTT CCT AAC ACA TGC TGC CAT TTC TGG CTT ATG GTT TGG CAG CAG AAG ACC AAA GCA GTT GTC ATG CTG AAC CGC ATT GTG GAG AAA GAA TCG GTT AAA TGT GCA CAG TAC TGG CCA ACA --- GAT GAC CAA GAG ATG CTG TTT AAA GAA ACA GGA TTC AGT GTG AAG CTC TTG TCA GAA GAT GTG AAG TCG TAT TAT ACA GTA CAT CTA CTA CAA TTA GAA AAT ATC AAT AGT GGT GAA ACC AGA ACA ATA TCT CAC TTT CAT TAT ACT ACC TGG CCA GAT TTT GGA GTC CCT GAA TCA CCA GCT TCA TTT CTC AAT TTC TTG TTT AAA GTG AGA GAA TCT GGC TCC TTG AAC CCT GAC CAT GGG CCT GCG GTG ATC CAC TGT AGT GCA GGC ATT GGG CGC TCT GGC ACC TTC TCT CTG GTA GAC ACT TGT CTT GTT TTG ATG GAA AAA --- GGA GAT --- --- GAT ATT AAC ATA AAA CAA GTG TTA CTG AAC ATG AGA AAA TAC CGA ATG GGT CTT ATT CAG ACC CCA GAT CAA CTG AGA TTC TCA TAC ATG GCT ATA ATA GAA GGA GCA AAA TGT ATA AAG GGA GAT TCT AGT ATA CAG AAA CGA TGG AAA GAA CTT TCT AAG GAA GAC TTA TCT CCT GCC TTT GAT CAT TCA --- --- --- CCA AAC AAA ATA ATG ACT GAA AAA TAC AAT GGG AAC AGA ATA GGT CTA GAA GAA GAA AAA CTG ACA GGT GAC CGA TGT ACA GGA CTT TCC TCT AAA ATG CAA GAT --- ACA ATG GAG GAG AAC AGT GAG AGT GCT CTA CGG AAA CGT ATT CGA GAG GAC AGA AAG GCC ACC ACA GCT CAG AAG GTG CAG --- CAG ATG AAA CAG AGG CTA AAT GAG AAT GAA CGA AAA AGA AAA AGG CCA AGA TTG ACA GAC ACC --- 
Gallus gallus                              ATG TCC GCC GCC ATC GAG CGG GAG TTC CAG GAG ATC GAC GCC ACG AAC GAC TGG CAG GCG CGC TAT CTG GAA ATT CGA CAT AAA TCC AGT GAC TAC CCT CAT AGA GTT GCA AAA TAC CCA GAA AAC AGA AAT CGA AAC AGA TAC AGA GAT GTT AGT CCA TAT GAT CAC AGT CGA GTA AAA CTG CAG AAC ACA GAG AAT GAC TAT ATC AAT GCC AGC CTA GTG GTC ATA GAA GAA GCC CAG AGA TAC TAT ATC TTA ACA CAG GGT CCA CTA CCT AAT ACG TGT TGT CAT TTT TGG CTA ATG GTA TGG CAA CAA CAA ACC AAA GCA GTT GTC ATG CTG AAC AGA ATT GTT GAA AAA GAC TCG GTG AAA TGT GCA CAG TAC TGG CCA ACG AGA GGA GAA GAA GTT ATG GTA TTT AGT GAG ACA GGT TTC CGT GTG AGG CTA GTA TCA GAA GAC ATC AAA TCC TAT TAC ACT GTT CAC CTA CTG CAA TTA GAA AAT ATC AAC AGT GGA GAA TCC AGG ATG ATA TCT CAC TTT CAT TAT ACT ACG TGG CCA GAT TTT GGA GTT CCT GAG TCC CCA GCT TCA TTC CTG AAC TTC CTT TTT AAA GTC AGA GAA TCT GGT TGC CTA AGT CCT GAG CAT GGA CCT GCA GTG GTT CAC TGT AGT GCA GGC ATA GGA CGA TCC GGC ACG TTT TCA TTA GTA GAC TCT TGT CTT GTT TTG ATG GAA AAA --- AAG GAT CCA TTT TCT GTA GAT ATT AAG AAG GTA TTA CTG GAT ATG AGA AAA TAT CGA ATG GGA CTT ATT CAG ACA CCT GAT CAA CTA AGA TTT TCA TAT ATG GCT GTA ATA GAA GGA GCA AAA TTT ATA ATG GGA GAT TCA ACT ATA CAG AAA CGG TGG AAG GAG CTC TCT AAG GAG GAC CAG GCA CCA AGC AGT GAG CAG TCT CCT CCA CAC CCA GCC AAA ATA ACC ACC GAG AAG TAC AAT GGG AAC AGC GTA GGC CTG GAG AGT AAA GAT CAG GTG GAG AAA ATA AAT ACT AGC CTG TCC ACT AAA GTT CAA GAT --- GGC ACA GAT GGA AGC GTT GAA AGT GCT GTC CGA AAA CGA CTG CGA GAG GAT AGG AAA GCT AAC ACA GCA CAG AAG CTC CAG --- CAG ATG AAG CAG AAG CTA AAT GAG ACT GAA AGA AAA AGA AAA AGG CCG AGA CTG ACT GAC ACC --- 
Canis lupus familiaris                     ATG TCT GCC ACC GTC GAG CGG GAG TTT GAG GAG TTG GAT GCT CAG AAT CGT TGG CAG CAG CTG TAC TTG GAA ATT CGC AAT GAG TCC CAT GAC TAT CCT CAT AGA GTG GCC AAG TTT CCA GAA AAC AGA AAT CGA AAC AGA TAC AGA GAT GTA AGC CCA TAT GAT CAC AGT CGT GTT AAA CTG CAA AAT GCT GAA AAT GAT TAT ATT AAT GCC AGT TTA GTT GAC ATA GAA GAG GCG CAG AGG AGT TAC ATC TTA ACA CAG GGT CCA CTT CCT AAT ACA GGT TGC CAT TTC TGG CTC ATG GTT TGG CAG CAA AAA ACC AAA GCA GTT GTC ATG CTA AAC CGA GTT GTG GAG AAG GAA TCG GTT AAA TGT GCA CAG TAC TGG CCA ACA AAA GAT GAT CCA GAG ATG CTG TTT AAA GAA ACA GGA TTC AGT GTG AAG TTC TTG TCA GAA GAT GTG AAG TCA TAT TAT ACA GTA CAT CTA CTG CAG TTA GAA AAT ATC AAT AGT GGT GAA ACC AGA ACA ATA TCT CAC TTT CAT TAT ACT ACC TGG CCA GAT TTT GGA GTC CCT GAA TCA CCA GCT TCA TTT CTC AAT TTC TTA TTT AAA GTG AGA GAG TCT GGT TCC TTG AAT CCT GAG CAT GGG CCT GCA GTG ATC CAC TGT AGT GCA GGC ATT GGG CGG TCA GGC ACC TTT TCT CTA GTA GAT ACC TGT CTT GTT CTG ATG GAA AAA --- GGA GAT --- --- GAT ATT AAC ATT AAA CAA CTA TTA CTG AAT ATG AGA AAA TAT CGA ATG GGA CTT ATT CAG ACA CCA GAT CAA CTC AGA TTT TCA TAT ATG ACT ATA ATA GAA GGA GCA AAA TTT ATA AAG GGA GAT TCA AAT ATA CAG AAA CGA TGG AAA GAA CTT TCT AAG GAA GAC TTA TGT CCT GCT TTT GAT CAT TCA --- --- --- CCA ACC AAA ATA ATG ACT GAA AAA TAC AAT GGG AAT AGG ATA GGC CTG GAA GAA GAA AAA CTG ACA GGT GAC AGA TAT ACA GGA CTA TCC TCT AAA ATA CAG GAT --- ACG ACG GAG GAG AAC AGT GAG AGC GTT CTA CGG AAA CGT ATT CGA GAG GAC AGA AAA GCT AAC ACA GCT CAG AAG GTG CAG --- CAG ATG AAA CAG AGG CTA AAT GAG ACT GAA CGA AAA AGG AAA AGG CCA AGA TTG ACA GAC ACC --- 
Mus musculus                               ATG TCG GCA ACC ATC GAG CGG GAG TTC GAG GAA CTG GAT GCT CAG TGT CGC TGG CAG CCG TTA TAC TTG GAA ATT CGA AAT GAA TCC CAT GAC TAT CCT CAT AGA GTG GCC AAG TTT CCA GAA AAC AGA AAC CGA AAC AGA TAC AGA GAT GTA AGC CCA TAT GAT CAC AGT CGT GTT AAA CTG CAA AGT ACT GAA AAT GAT TAT ATT AAT GCC AGC TTA GTT GAC ATA GAA GAG GCA CAA AGA AGT TAC ATC TTA ACA CAG GGC CCA CTT CCG AAC ACA TGC TGC CAT TTC TGG CTC ATG GTG TGG CAG CAA AAG ACC AAA GCA GTT GTC ATG CTA AAC CGA ACT GTA GAA AAA GAA TCG GTT AAA TGT GCA CAG TAC TGG CCA ACG --- GAT GAC AGA GAA ATG GTG TTT AAG GAA ACG GGA TTC AGT GTG AAG CTC TTA TCT GAA GAT GTA AAA TCA TAT TAT ACA GTA CAT CTA CTA CAG TTA GAA AAT ATC AAT ACT GGT GAA ACC AGA ACC ATA TCT CAC TTC CAT TAT ACC ACC TGG CCA GAT TTT GGG GTT CCA GAG TCA CCA GCT TCA TTT CTA AAC TTC TTG TTT AAA GTT AGA GAA TCT GGT TGT TTG ACC CCT GAC CAT GGA CCT GCA GTG ATC CAT TGC AGT GCG GGC ATC GGG CGC TCT GGC ACC TTC TCT CTT GTA GAT ACC TGT CTT GTT CTG ATG GAA AAA --- GGA GAG --- --- GAT GTT AAT GTG AAA CAA TTA TTA CTG AAT ATG AGA AAG TAT CGA ATG GGA CTT ATT CAG ACA CCG GAC CAA CTC AGA TTC TCC TAC ATG GCC ATA ATA GAA GGA GCA AAG TAC ACA AAA GGA GAT TCA AAT ATA CAG AAA CGG TGG AAA GAA CTT TCT AAA GAA GAT TTA TCT CCT ATT TGT GAT CAT TCA --- --- --- CAG AAC AGA GTG ATG GTT GAG AAG TAC AAT GGG AAG AGA ATA GGT TCA GAA GAT GAA AAG TTA ACA --- --- --- --- --- GGG CTT CCT TCT AAG GTG CAG GAT --- ACT GTG GAG GAG AGC AGT GAG AGC ATT CTA CGG AAA CGT ATT CGA GAG GAT AGA AAG GCT ACG ACG GCT CAG AAG GTG CAG --- CAG ATG AAA CAG AGG CTA AAT GAA ACT GAA CGA AAA AGA AAA AGG CCA AGA TTG ACA GAC ACC --- 



Printing out site pattern counts


         8       1065  P

Rattus norvegicus                           --- --- --- --- --- --- --- --- --- --- --- --- --- --- --- --- --- --- --- --- --- --- --- --- --- --- --- --- --- --- --- --- AAA AAA AAA AAA AAA AAA AAA AAA AAC AAC AAC AAC AAC AAC AAG AAG AAG AAG AAG AAG AAG AAG AAG AAG AAG AAG AAT AAT AAT AAT AAT AAT AAT AAT AAT ACA ACA ACA ACA ACA ACA ACA ACC ACC ACC ACC ACC ACC ACC ACC ACC ACG ACG ACT ACT ACT ACT ACT AGA AGA AGA AGA AGA AGA AGA AGA AGA AGA AGA AGA AGA AGC AGC AGC AGC AGG AGG AGG AGT AGT AGT AGT AGT AGT AGT AGT ATA ATA ATA ATA ATA ATA ATA ATC ATC ATC ATC ATC ATG ATG ATG ATG ATG ATG ATT ATT ATT ATT ATT CAA CAA CAA CAC CAG CAG CAG CAG CAG CAG CAG CAG CAG CAT CAT CAT CAT CAT CAT CCA CCA CCA CCA CCA CCA CCG CCG CCG CCT CCT CCT CCT CGA CGA CGA CGA CGA CGA CGC CGC CGG CGG CGG CGT CGT CTA CTA CTA CTA CTA CTC CTC CTC CTC CTC CTC CTG CTG CTG CTG CTT CTT CTT GAA GAA GAA GAA GAA GAA GAA GAA GAA GAA GAA GAA GAA GAC GAC GAC GAC GAC GAC GAG GAG GAG GAG GAG GAG GAG GAG GAG GAG GAG GAG GAT GAT GAT GAT GAT GAT GAT GAT GAT GAT GAT GCA GCA GCA GCA GCA GCC GCC GCC GCT GCT GCT GCT GCT GCT GGA GGA GGA GGA GGA GGA GGC GGC GGC GGC GGG GGG GGG GGG GGT GGT GTA GTA GTA GTA GTC GTG GTG GTG GTG GTG GTG GTG GTG GTG GTT GTT GTT GTT GTT GTT GTT GTT GTT TAC TAC TAC TAC TAT TAT TAT TAT TAT TAT TAT TCA TCA TCA TCA TCA TCC TCC TCG TCG TCT TCT TCT TCT TCT TCT TCT TCT TGC TGC TGC TGG TGT TGT TGT TTA TTA TTA TTA TTA TTA TTC TTC TTC TTC TTC TTC TTC TTG TTG TTG TTG TTT TTT TTT TTT
Pan troglodytes                             --- --- --- --- --- --- --- --- --- AAA AAA AAG ACA CAG CAT CCT CGA CGA CTT GAA GAC GAC GAT GCC GGT TAT TCA TCT TCT TGG TTA TTT AAA AAA AAA AAA AAA AAA AAG AAG AAC AAC AAC AAC AAC AAT AAA AAA AAA AAA AAA AAA AAC AAG AAG AAG AAG AAG AAC AAT AAT AAT AAT AAT AAT AAT AGT ACA ACA ACA ACA ACC ATA ATA ACA ACA ACC ACC ACC ACC ACC ACT ACT ACA ACA AAT ACA ACC ACT ATT AAA AAA AAA AGA AGA AGA AGA AGA AGA AGA AGA AGA AGG AAC AGC AGT AGT AGA AGG AGG AAC AAT AGC AGT AGT AGT AGT AGT ATA ATA ATA ATA ATA ATA GTG ATC ATC ATC ATC ATT ATA ATG ATG ATG ATG TTG ATT ATT ATT ATT GCT CAA CAA CAG CAC CAA CAA CAA CAG CAG CAG CAG CAG CCA CAC CAT CAT CAT CAT CAT CAA CCA CCA CCA CCA CCA CCA CCG CCT CCT CCT CCT CCT CAA CGA CGA CGA CGA CGC CGC CGT CGA CGG CGG CGC CGT CTA CTA CTA CTC CTG CTA CTC CTG CTT CTT CTT CTG CTG TTG TTG CTG CTT CTT GAA GAA GAA GAA GAA GAA GAA GAA GAA GAG GAG GAG GAG GAC GAC GAC GAC GAC GAT GAA GAA GAA GAG GAG GAG GAG GAG GAG GAG GAG GAT GAA GAC GAC GAT GAT GAT GAT GAT GAT GAT GAT GCA GCA GCA GCA GCG GCC GCC GCT ACC ACT GCC GCT GCT GCT GGA GGA GGA GGA GGA GGT GGA GGC GGC GGT GGG GGG GGG GGT GGC GGT GTA GTA GTA GTG GTC ATG ATT CTG GTG GTG GTG GTG GTG GTT ATG ATT GTC GTG GTT GTT GTT GTT GTT TAC TAC TAC TAC TAC TAT TAT TAT TAT TAT TGT CTA TCA TCA TCG TCT TCA TCC CCC TCG TCA TCC TCC TCT TCT TCT TCT TCT TGC TGC TGT TGG CGT TGT TGT CTG CTG TTA TTA TTA TTG TTC TTC TTC TTC TTC TTC TTT TTG TTG TTG TTG TTT TTT TTT TTT
Bos taurus                                  --- --- --- --- --- --- --- --- AAA AAA AAA AAG TCA CAG CAT CCT AGA CGT CTT GAA GAC GAT GAT GTT GGA TAC TCG TCT TGT TGG GTA TTT AAA AAA AAA AAA AAG AAG AAG AAG AAC AAC AAC AAT ACC AAT AAA AAA AAA AAA AAG AAG AAC AAG AAG AAG AAG AAG AAC AAC AAT AAT AAT AGC AGG AGT AGT ACA ACA ACC ACG AGC ATA ATA ACA ACC ACC ACC ACC ACC GCC ACT AGC ACA ACA ACT GCT ACA ACT ATT AAA AAA AAG AGA AGA AGA AGA AGA AGA AGG AGG CGG AGG AGC AGC AGC AGC AGG AGG AGG AAT AAT AGT ACT AGC AGC AGT AGT ATA ATA ATA ATA ATA ATA CTG ACC ATC ATC ATC ATT ATG ATA ATG ATG ATG ATG ATT ATT ATT CTC GCT CAA CAG CAA CAC CAG CAG CAG CAG CAG CAG CAG CAG CCA CAC CAC CAT CAT CAT CAT CAG CCA CCA CCA CCT CCT CCA CAG CCT CCT CCT CCT CCT CGG CGA CGA CGC CGG CGA CGC CGC CGC CGC CGG CGG CGT CTG CTG TTG CTC CTA CTG TTC CTC CTC CTG CTT CTG CTG CTG TTA CTG CTG CTT GAA GAA GAA GAA GAA GAC GAG GAG GGA GAA GAG GAG GAG GAC GAC GAC GAC GAG GAT GAA GAA GAG GAA GAG GAG GAG GAG GAG GAG GAG GAC GAG GAC GAC AAT GAA GAC GAC GAT GAT GAT GAT GCA GCA GCC GCG GCG GCC GCC ACT GCT GCT GCC GCC GCT GCT GGA GGA GGA GGC GGT GGG GGA GGC GGG GGT GGG GGG GGG GGC GGC GGT GTC GTG GTG GTG GTC CCG ATT CTG GTG GTG GTG GTG GTG GTT ACA ATT GTC GTG GTT GTT GTT GTT TTT TAC TAC TAC TAC TAC TAC TAT TAT TAT TAT TTT CTA TCA TCG TCC TCA TCC TCC TCG TCG TCA TCC TCC TCA TCG TCT TCT TCT GGT TGT TGC TGG AAT TGC TGT CTG CTG TTA TTA TTA CTG TTC TTC TTC TTT TTT TTT TTT CTG TTA TTG TTG TTC TTC TTT TTT
Danio rerio                                 AAA AAG AGA CCA CCG CCT TCC TTA CAA AAA CGA AGA AAG CAG TCT CCC ACG CAA CTT GAG AAG GAC GAG CTG TCA GGA CCC TCC GAG TGG CAA TCT AAA AAA AAA AAG AAA AAG AAG ATG AAC AAT GGG AAC CCC AAT AAG CGC GAG GGG AAG CGT AGC AAG AAG AAG ACA ATG GAC AAC AAT AAT ATT AAT AAT AAC TCT ACC GAC ACC ACG AAC AAA ATT GAG CCC ACA ACC ACG GAC --- ACC ACT ACA ACT CCT GAA ACC ACA GTA AAA CCT AAA AAA AGA AGA CGA CGC CGT AAA AAG CGA AGG GAT AGT AGC GTG AGA AGA AGG GAC AAT AGT ACG AGG GCT ACA AGT ATC ATG CCA CTG GTG GTG ATT GCA ATA ATG GTC ATT TGC ATG --- ACG ATG ATG ATA ATC ATT CTT CAA AAG CAG CAG CAC CAG GAA GAA CAA CAG CCC GAA GAA CAG CAC CAG AGA CAC CAT TTC CCC CCA CCT GCG CCA CCG CCT AAC CCA AGA ATG CCA GCA AGA CGA CGG CGC CGA AGA CGC CGG AAA CGC CAG AGA CGA ATC GTG CTG CTT CTT GCT CTA CTG CTG TTG CTT CTA TTG TTG ATA CTG ACA CTG CTG GAC GAG GAG GAT GGC GAA GAT CAG GAA CAG GAC GAC AAT GAA GAG GTA GAA GAT GAA GAC GAG GAG AGG GAA GAG GAG GAG GAT GGA GAC GAG GAC GAG TTG AAT GAC GAC GAA GAC GAC GAT GCA GCC GCC GCC GCA GCC GCC GCT --- TCA TCC TCG ACA GCC AAA GGA GGT CGT AAA GGT GGC GGA GGA GGT GGC GGG GGT GCT GGT GGG ACC GTG GTT ATA ATC CCA ATC TCT ACC GTA GTG GTG GTT ATC GCC GTG GTC GTG GAA GTC GTG GTG GTC TAC TAC TAT TAT TAC TAT TAC TAT TGT TTT TAC CAT TCC AGC TCA TCG TCA TCG --- TCG TCA GGG TCA TCT TCT CCA TAT TCT TGT GGT TGC TGG GGC TGT TGT ATC ATT CTC CTG CTT GTG TTC TTT TTT TTC TTT TTT TTC TTA CTG ACA CTC TAT TTT TTT TTT
Homo sapiens                                --- --- --- --- --- --- --- --- --- AAA AAA AAG ACA CAG CAT CCT CGA CGA CTT GAA GAC GAC GAT GCC GGT TGT TCA TCT TCT TGG TTA TTT AAA AAA AAA AAA AAA AAA AAG AAG AAC AAC AAC AAC AAC AAT AAA AAA AAA AAA AAA AAA AAC AAG AAG AAG AAG AAG AAC AAT AAT AAT AAT AAT AAT AAT AGT ACA ACA ACA ACA ACC ATA ATA ACA ACA ACC ACC ACC ACC ACC ACT ACT ACA ACA AAT ACA ACC ACT ATT AAA AAA AAA AGA AGA AGA AGA AGA AGA AGA AGA AGA AGG AAC AGC AGT AGT AGA AGG AGG AAC AAT AGT AGT AGT AGT AGT AGT ATA ATA ATA ATA ATA ATA GTG ATC ATC ATC ATC ATT ATG ATG ATG ATG ATG ATG ATT ATT ATT ATT GCT CAA CAA CAG CAC CAA CAA CAA CAG CAG CAG CAG CAG CCA CAC CAT CAT CAT CAT CAT CAA CCA CCA CCA CCA CCA CCA CCG CCT CCT CCT CCT CCT CAA CGA CGA CGA CGA CGC CGC CGT CGA CGG CGG CGC CGT CTA CTA CTA CTC CTG CTA CTC CTG CTT CTT CTT CTG CTG TTG TTG CTG CTT CTT GAA GAA GAA GAA GAA GAA GAA GAA GAA GAG GAG GAG GAG GAC GAC GAC GAC GAC GAT GAA GAA GAA GAG GAG GAG GAG GAG GAG GAG GAG GAT GAA GAC GAC GAT GAT GAT GAT GAT GAT GAT GAT GCA GCA GCA GCA GCG GCC GCC GCT ACC ACT GCC GCT GCT GCT GGA GGA GGA GGA GGA GGT GGA GGC GGC GGT GGG GGG GGG GGT GGC GGT GTA GTA GTA GTG GTC ATG ATA CTG GTG GTG GTG GTG GTG GTT ATG ATT GTC GTG GTT GTT GTT GTT GTT TAC TAC TAC TAC TAC TAT TAT TAT TAT TAT TGT CTA TCA TCA TCG TCT TCA TCC CCC TCG TCA TCC TCC TCT TCT TCT TCT TCT TGC TGC TGT TGG CGT TGT TGT CTG CTG TTA TTA TTA TTG TTC TTC TTC TTC TTC TTC TTT TTG TTG TTG TTG TTT TTT TTT TTT
Gallus gallus                               --- --- --- CCA CAC CCT --- TTT AGA AAA AAG AAG ACT CAG CAG CCA ATA CGG CTC GAG AAA GAC GAG AGC GAG AAT TCT TCT GCA TGG CAG AGT AAA AAA AAG AAA AAA AAA AAA ATG AAC AAC AGT AAT GCC AAT AAA AAG AAA GAT AAA AGT AAC AAA AAG CAA AGG AAA GAT AAT AAC AAT AAT AAT AAC CAT ACT ACT GTG ACA ACA AAC ATA ATA ATG ACA ACG ACC TCC ACC GCC ACT TCT ACG ACG ACT GGC ACA ACC ATT AAA AAA AAG AGA AGA AGG AGA AGA AGA AGC AGG AGA AGA AGC AGT AGC CGT AGA AGG AAG GAT AAC AGT AGT TAC GTT AGT AGT ATA ATA GTA ATA ATA GTA GTA ATC ATC ATC GTT ATA ACC ATG ATG ATG ATG ATG ATT ATC ATT CTG GCT AAG CAG CAA CAC CAA CAA CAG CAG CAG CAG ACG CAA CCA CAC CAT CAC CAT AGT CAT CAA CCA CCA CCG CCA CCA CCT GCG CCT CCT CCT CCT CCT GAA CGA CGA CGA CGA AGA GAC CGA AGA CGA CGG CGA CGA CTA CTA CTG CTG CTG GTC CTA CTA CTA CTT CTT CTG CTG TTG ATC TTA CTG CTA GAG GAG GAA GAA AAA GAC GAA GAA GAA GAG AAA GAG GAT GAC GAC GAA GTC GAG GAT GAG GAA CAG GAG GGA GAA GAA GAG GTT GAG GAA GAT AGT GAC GAT TCT GAT GAC GAT GGA GAC GAT GAT GCA GCC GCA GCA GCA GCA GCC GCT GCC GCC GCT GCA ACA GCT AAG GGA GGA GGT AGC GGA GGA GGC GGC GGT GGG GGA GGA GGC GGT GGA GTT GTT GTA GTT GTC ACA ATT GTA CTC GTG ATC GTT GTG GTA GTT GTA GTT GTC GTG GTT GTA GTG GTT TAC TAT TAC TAT TAT TAC TAT TAT TAC TAT TTT CTG TCC TCA TCC TCA TCA TCC TCC TCG TCA TCC TGC TCC TCA ACT TCT TCT TGT TGT TGT TGG AAC TGT TGT CAG CGC TTA CTA TTA GTA TTC TTC TTT TTT TTC TTT TTC CTG CTT CTG CTA TAC TTT TTT TTT
Canis lupus familiaris                      --- --- --- --- --- --- --- --- AAA AAA AAA AAG ACA CAG CAT CCT AGA CGA CTT GAA GAC GAC GAT GCT GGT TAT TCA TCT TGT TGG TTA TTT AAA AAG AAA AAA AAA AAA AAG AAG AAC AAC AAT AAT ACC AAT AAA AAA AAA AAA AAA AAA AAT AAG AAG AAA AAG AAA AAC AAT AAT AAT AAT AAT AAT AAT AAT ACA ACA ACA ACA AAC ATA ATA ACA ACA ACC ACC ACC ACC ACC ACT ACC ACA ACA ACT ACG ACA ACT GTT AAA AAA AAA AGA AGA AGA AGA AGA AGA AGG AGA AGA AGG AAC AGC AGT AGT AGG AGG AGG AAT AAT AGT AGT AGT AGT AGC AGT ATA ATA ATA ATA ATA ATA CTA ATC ATC GTC ATC ATT ATG ATG ATG ATG ATG ATG ATT ATT ATT ATT GTT CAA CAG CAA CAC CAA CAG CAA CAG CAG CAG CAG CAG CCA CAC CAT CAT CAT CAT CAT CAG CCA CCA CCA CCA CCA CCA CAG CCT CCT CCT CCT CCT CCA CGA CGA CGC CGA CGA CGT CGT CGA CGG CGG CGG CGT CTA CTA CTG CTC CTA CTA TTC CTC CTC CTT CTT CTG CTG CTG TTG CTA CTA CTT GAA GAA GAA GAG GAA GAA GAA GAA GAA GAA GAG GAG GAG GAC GAC GAT GAC GAG GAT GAA GAA GAG GAG GAG GAG GAG GAG GAG GAG GAG GAT GAA GAT GAC GAT GAT GAT GAT GAT GAT GAT GAT GCA GCG GCA GCA GCA GCC GCC ACT GCC GCT GCT GCT GCT GCT GGA GGA GGA GGA GGA GGA GGA GGC GGC GGT GGG GGG GGG GGC GGT GGT GTA GTA GTA GTG GTC ACG ATT CTG GTG GTG GTG GTG GTG GTT ATA ATT GTC GTG GTT GTT GTT GTT GTT TAC TAC TAC TAT TAT TAT TAT TAT TAT TAT TTT CTG TCA TCA TCA TCA TCA TCC TCT TCG TCA TCC TCC TCA TCT TCT TCT TCT GGT TGC TGT TGG AAT TGT TGT CTG CTG TTA TTA TTA TTG TTC TTC TTC TTT TTT TTT TTT TTG TTA TTG TTG TTT TTT TTT TTT
Mus musculus                                --- --- --- --- --- --- --- --- --- AAA AAA AAA --- CAG CAT CCT --- CGG CTT GAA --- GAT GAT ATT --- --- TCA TCT TCT TGG TTA TGT AAA AAA AAA AAA AAA AAA AAA AAA AAC AAC ACC AAC AAC AAT AAG AAG AAG AAG AAG AAG AAG AAG AAG AAG AAG AAG AAT AAT AAC AAT AAC AAT AAT AAT AAT ACA ACA ACA ACG ACG GTG ACA ACC ACG ACC ACC ACC ACC ACC ACC ACC ACG ACA ACT ACT ACA GTT ACT AAA AGA AAA AGA AGA AGA AGA AGA AGA AGA AGA AGA AGA AGC AGC AGC AGT AGA AGG AGG AAT AGT AGT ACT AGT AGT AGC AGT ATA ATA ATA ATA ATA ATA TTA ATC ATC ATC ATC ATC ATG ATG ATG ATG ATG ATG ATT ATT ATT ATT ATT CAA CAA CAA CAC CAA CAG CAA CAG CAG CAG CAG CAG CAG CAT CAT CAT CAT CAT CAT CAG CCA CCA CCA CCA CCA CCG CCG CCA CCG CCT CCT CCT AGA CGA CGA CGA CGA CGA CGC CGT CGA CGG CGG CGC CGT CTA CTA CTA CTA CTA CTA CTC CTC CTC CTT CTT CTG CTG CTG CTG CTT CTT CTT GAA GAA GAA GAA GAA GAA GAA GAA GAA GAA GAA GAA GAG GAC GAC GAC GAC GAC GAC GAG GAA GAG GAG GAG GAG GAA GAG GAA GAG GAG GAG GAT GAT GAT GAT GAT GAT GAT GAT GAT GAT GAT GCA GCA GCG GCA GCA GCC GCC GCC GCA GCT GCT GCT ACT GCT GGA GGA GGA GGA GGG GGA GGG GGC GGC GGC GGG GGG GGA GGT GGT GGT GTA GTA GTA GTA GTC GTG GTG GTG GTG GTG GTA GTG GTG GTG GTG GTT GTT GTT GTT GTT GTT GTT GTT TAC TAC TAC TAC TAT TAT TAT TAT TAT TAT TAC TCA TCA TCA TCA TCA TCC TCC TCG TCG TCT CCT TGT TCT TCT TCT TCT TCT TGC TGC TGC TGG TGT TGT TGT TTA TTA TTA TTA TTA TTA TTC TTC TTC TTC TTC TTC TTT TTG TTG TTG TTG TTT TTT TTC TTT



    1    1    1    2    1    1    1    1    1    1    1    1    1    1    1
    1    1    1    1    2    1    1    1    1    1    1    1    1    1    1
    1    1    2    1    1    2    2    1    1    1    1    2    1    1    1
    1    1    1    1    1    1    1    1    1    1    1    1    1    1    1
    1    2    1    1    1    1    1    2    1    1    1    1    1    1    1
    1    2    1    1    1    1    1    1    1    1    1    1    1    1    1
    1    1    1    1    3    1    1    1    1    1    1    1    1    1    1
    1    1    1    1    1    1    1    1    1    1    1    1    1    1    1
    1    1    1    1    1    1    1    1    1    1    1    1    1    1    5
    1    1    1    1    1    1    1    1    1    2    1    1    1    1    6
    1    1    1    1    1    1    1    2    1    1    1    2    2    1    1
    1    1    1    1    1    1    1    1    1    1    1    1    1    1    1
    1    1    1    1    1    1    1    1    1    1    1    1    1    1    1
    1    1    1    1    1    1    1    1    1    1    1    4    1    1    1
    2    1    1    1    1    2    1    1    1    1    1    1    1    2    1
    1    1    1    1    1    1    1    1    1    1    1    1    1    1    1
    2    1    1    1    2    1    2    1    1    1    1    1    1    1    1
    1    1    1    1    1    1    1    1    1    1    1    1    1    1    1
    1    1    1    1    1    1    1    1    1    1    1    1    1    1    1
    1    1    1    1    1    1    1    1    1    1    1    1    1    1    2
    2    1    1    1    1    1    2    1    1    1    1    1    1    1    1
    1    1    1    1    1    1    1    1    1    1    1    1    1    1    1
    5    1    1    1    1    1    1    1    2    1    1    1    1    1    1
    1    1    1    1    1    1    1    1    1    2

CODONML (in paml version 4.4b, July 2010)  torun.nuc
Model: One dN/dS ratio for branches Global clock 
Codon frequency model: F3x4
ns =   8  ls = 397

Codon usage in sequences
--------------------------------------------------------------------------------------------------------------
Phe TTT  5  7 10  9  7  9 | Ser TCT  8  8  4  7  8  6 | Tyr TAT  8  7  5  7  6  8 | Cys TGT  3  4  3  4  5  5
    TTC  7  6  6  4  6  4 |     TCC  2  3  5  4  3  7 |     TAC  6  7  9  7  7  7 |     TGC  3  2  2  2  2  1
Leu TTA  7  5  6  2  5  4 |     TCA  5  5  5  6  5  5 | *** TAA  0  0  0  0  0  0 | *** TGA  0  0  0  0  0  0
    TTG  4  8  3  4  7  1 |     TCG  2  2  5  4  2  1 |     TAG  0  0  0  0  0  0 | Trp TGG  5  6  6  6  6  6
--------------------------------------------------------------------------------------------------------------
Leu CTT  3  6  3  7  6  3 | Pro CCT  4  6  8  6  6  7 | His CAT  7  7  6  2  7  5 | Arg CGT  2  3  2  3  3  1
    CTC  6  2  4  2  2  2 |     CCC  0  1  0  6  1  0 |     CAC  2  3  4  5  3  5 |     CGC  2  3  5  5  3  1
    CTA  5  5  2  2  5  8 |     CCA  8  9  7 10  9 10 | Gln CAA  3  7  2  5  7  6 |     CGA  6  7  3  6  7  8
    CTG  4  8 15 10  8 10 |     CCG  3  1  1  2  1  1 |     CAG 14 12 17 15 12 15 |     CGG  3  2  5  2  2  2
--------------------------------------------------------------------------------------------------------------
Ile ATT  5  8  7  6  7  4 | Thr ACT  5  4  5  2  4  7 | Asn AAT 10 11 10 11 11  8 | Ser AGT  8  8  5  3  9 10
    ATC  5  4  3  7  4  6 |     ACC 10  9  9  8  9  4 |     AAC  7 10  7  6 10  9 |     AGC  4  2  9  3  1  5
    ATA  7  9  9  4  9  8 |     ACA  8 11  8  9 11  6 | Lys AAA 11 20 15 16 20 20 | Arg AGA 15 12  9 13 12 13
Met ATG 10 10  9 12 12 11 |     ACG  2  0  1  5  0  5 |     AAG 12  8 14 14  8  9 |     AGG  3  3  7  4  3  4
--------------------------------------------------------------------------------------------------------------
Val GTT  9  6  6  2  6 11 | Ala GCT  6  5  6  4  5  4 | Asp GAT 13 13  8  6 13 12 | Gly GGT  2  5  4  6  5  3
    GTC  1  2  3  4  2  4 |     GCC  3  4  6  7  4  6 |     GAC  6  9 12 18  9  9 |     GGC  4  3  4  4  3  4
    GTA  4  3  1  3  3  9 |     GCA  6  5  3  5  5  8 | Glu GAA 18 20 16 15 20 15 |     GGA  6  6  6  5  6  9
    GTG  9  8  9 12  8  5 |     GCG  0  1  2  1  1  1 |     GAG 13 13 17 19 13 15 |     GGG  4  3  5  5  3  1
--------------------------------------------------------------------------------------------------------------

--------------------------------------------------------------
Phe TTT 11  5 | Ser TCT  6  8 | Tyr TAT  9  7 | Cys TGT  4  5
    TTC  4  7 |     TCC  3  2 |     TAC  5  7 |     TGC  1  3
Leu TTA  6  9 |     TCA  8  6 | *** TAA  0  0 | *** TGA  0  0
    TTG  5  4 |     TCG  1  2 |     TAG  0  0 | Trp TGG  6  6
--------------------------------------------------------------
Leu CTT  4  6 | Pro CCT  6  5 | His CAT  7  8 | Arg CGT  3  2
    CTC  3  3 |     CCC  0  0 |     CAC  3  2 |     CGC  1  2
    CTA  7  6 |     CCA 10  8 | Gln CAA  4  5 |     CGA  6  6
    CTG  8  4 |     CCG  0  3 |     CAG 15 14 |     CGG  3  3
--------------------------------------------------------------
Ile ATT  7  6 | Thr ACT  4  5 | Asn AAT 16 10 | Ser AGT  7  6
    ATC  3  5 |     ACC  8 10 |     AAC  6  7 |     AGC  2  4
    ATA  9  6 |     ACA 11  7 | Lys AAA 22 16 | Arg AGA 11 15
Met ATG 10 10 |     ACG  2  4 |     AAG  7 12 |     AGG  5  2
--------------------------------------------------------------
Val GTT  8  9 | Ala GCT  6  4 | Asp GAT 15 15 | Gly GGT  5  3
    GTC  3  1 |     GCC  3  3 |     GAC  6  6 |     GGC  3  3
    GTA  3  5 |     GCA  5  6 | Glu GAA 19 22 |     GGA  7  6
    GTG  7 10 |     GCG  1  1 |     GAG 15 11 |     GGG  3  4
--------------------------------------------------------------

Codon position x base (3x4) table for each sequence.

#1: Rattus norvegicus
position  1:    T:0.17906    C:0.19835    A:0.33609    G:0.28650
position  2:    T:0.25069    C:0.19835    A:0.35813    G:0.19284
position  3:    T:0.26997    C:0.18733    A:0.30028    G:0.24242
Average         T:0.23324    C:0.19467    A:0.33150    G:0.24059

#2: Pan troglodytes
position  1:    T:0.18088    C:0.21189    A:0.33333    G:0.27390
position  2:    T:0.25065    C:0.19121    A:0.37984    G:0.17829
position  3:    T:0.27907    C:0.18088    A:0.32041    G:0.21964
Average         T:0.23686    C:0.19466    A:0.34453    G:0.22394

#3: Bos taurus     
position  1:    T:0.17784    C:0.21649    A:0.32732    G:0.27835
position  2:    T:0.24742    C:0.19330    A:0.36598    G:0.19330
position  3:    T:0.23711    C:0.22680    A:0.23711    G:0.29897
Average         T:0.22079    C:0.21220    A:0.31014    G:0.25687

#4: Danio rerio    
position  1:    T:0.16794    C:0.22392    A:0.31298    G:0.29517
position  2:    T:0.22901    C:0.21883    A:0.37150    G:0.18066
position  3:    T:0.21628    C:0.23410    A:0.25700    G:0.29262
Average         T:0.20441    C:0.22561    A:0.31383    G:0.25615

#5: Homo sapiens   
position  1:    T:0.17829    C:0.21189    A:0.33592    G:0.27390
position  2:    T:0.25065    C:0.19121    A:0.37726    G:0.18088
position  3:    T:0.27907    C:0.17829    A:0.32041    G:0.22222
Average         T:0.23600    C:0.19380    A:0.34453    G:0.22567

#6: Gallus gallus  
position  1:    T:0.16285    C:0.21374    A:0.32824    G:0.29517
position  2:    T:0.25191    C:0.19847    A:0.36387    G:0.18575
position  3:    T:0.26209    C:0.18830    A:0.32824    G:0.22137
Average         T:0.22561    C:0.20017    A:0.34012    G:0.23410

#7: Canis lupus familiaris
position  1:    T:0.17784    C:0.20619    A:0.33505    G:0.28093
position  2:    T:0.25258    C:0.19072    A:0.38402    G:0.17268
position  3:    T:0.30412    C:0.13918    A:0.32990    G:0.22680
Average         T:0.24485    C:0.17869    A:0.34966    G:0.22680

#8: Mus musculus   
position  1:    T:0.18586    C:0.20157    A:0.32723    G:0.28534
position  2:    T:0.25131    C:0.19372    A:0.37173    G:0.18325
position  3:    T:0.27225    C:0.17016    A:0.32199    G:0.23560
Average         T:0.23647    C:0.18848    A:0.34031    G:0.23473

Sums of codon usage counts
------------------------------------------------------------------------------
Phe F TTT      63 | Ser S TCT      55 | Tyr Y TAT      57 | Cys C TGT      33
      TTC      44 |       TCC      29 |       TAC      55 |       TGC      16
Leu L TTA      44 |       TCA      45 | *** * TAA       0 | *** * TGA       0
      TTG      36 |       TCG      19 |       TAG       0 | Trp W TGG      47
------------------------------------------------------------------------------
Leu L CTT      38 | Pro P CCT      48 | His H CAT      49 | Arg R CGT      19
      CTC      24 |       CCC       8 |       CAC      27 |       CGC      22
      CTA      40 |       CCA      71 | Gln Q CAA      39 |       CGA      49
      CTG      67 |       CCG      12 |       CAG     114 |       CGG      22
------------------------------------------------------------------------------
Ile I ATT      50 | Thr T ACT      36 | Asn N AAT      87 | Ser S AGT      56
      ATC      37 |       ACC      67 |       AAC      62 |       AGC      30
      ATA      61 |       ACA      71 | Lys K AAA     140 | Arg R AGA     100
Met M ATG      84 |       ACG      19 |       AAG      84 |       AGG      31
------------------------------------------------------------------------------
Val V GTT      57 | Ala A GCT      40 | Asp D GAT      95 | Gly G GGT      33
      GTC      20 |       GCC      36 |       GAC      75 |       GGC      28
      GTA      31 |       GCA      43 | Glu E GAA     145 |       GGA      51
      GTG      68 |       GCG       8 |       GAG     116 |       GGG      28
------------------------------------------------------------------------------

(Ambiguity data are not used in the counts.)


Codon position x base (3x4) table, overall

position  1:    T:0.17624    C:0.21065    A:0.32944    G:0.28367
position  2:    T:0.24797    C:0.19701    A:0.37163    G:0.18338
position  3:    T:0.26485    C:0.18825    A:0.30185    G:0.24505
Average         T:0.22969    C:0.19864    A:0.33431    G:0.23737

Codon frequencies under model, for use in evolver (TTT TTC TTA TTG ... GGG):
  0.01212738  0.00861995  0.01382164  0.01122080
  0.00963523  0.00684857  0.01098133  0.00891495
  0.01817519  0.01291864  0.00000000  0.00000000
  0.00896855  0.00637470  0.00000000  0.00829810
  0.01449479  0.01030267  0.01651979  0.01341123
  0.01151614  0.00818549  0.01312502  0.01065526
  0.02172321  0.01544051  0.02475806  0.02009929
  0.01071931  0.00761912  0.01221686  0.00991799
  0.02266904  0.01611280  0.02583604  0.02097442
  0.01801061  0.01280166  0.02052680  0.01666423
  0.03397389  0.02414811  0.03872024  0.03143417
  0.01676441  0.01191588  0.01910649  0.01551119
  0.01951994  0.01387447  0.02224699  0.01806073
  0.01550864  0.01102330  0.01767529  0.01434930
  0.02925436  0.02079354  0.03334137  0.02706746
  0.01443556  0.01026057  0.01645229  0.01335643



Nei & Gojobori 1986. dN/dS (dN, dS)
(Pairwise deletion)
(Note: This matrix is not used in later ML. analysis.
Use runmode = -2 for ML pairwise comparison.)

Rattus norvegicus   
Pan troglodytes      0.0835 (0.0426 0.5100)
Bos taurus           0.0770 (0.0656 0.8518) 0.0821 (0.0487 0.5936)
Danio rerio         -1.0000 (0.2763 -1.0000) 0.0992 (0.2890 2.9129)-1.0000 (0.2918 -1.0000)
Homo sapiens         0.0794 (0.0400 0.5041) 0.4258 (0.0033 0.0078) 0.0796 (0.0475 0.5963) 0.1017 (0.2857 2.8083)
Gallus gallus        0.1202 (0.1369 1.1384) 0.1273 (0.1309 1.0286) 0.0878 (0.1359 1.5468)-1.0000 (0.2611 -1.0000) 0.1279 (0.1315 1.0276)
Canis lupus familiaris 0.0869 (0.0458 0.5265) 0.1129 (0.0282 0.2500) 0.0644 (0.0317 0.4914)-1.0000 (0.2810 -1.0000) 0.1079 (0.0271 0.2509) 0.1395 (0.1267 0.9081)
Mus musculus         0.0951 (0.0170 0.1784) 0.0951 (0.0475 0.4995) 0.0703 (0.0672 0.9564)-1.0000 (0.2823 -1.0000) 0.0912 (0.0451 0.4939) 0.1049 (0.1345 1.2828) 0.1038 (0.0523 0.5043)


TREE #  1:  (((((5, 2), (8, 1)), (3, 7)), 6), 4);   MP score: -1
lnL(ntime:  7  np:  9):  -4781.093859      +0.000000
   9..10   10..11   11..12   12..13   13..5    13..2    12..14   14..8    14..1    11..15   15..3    15..7    10..6     9..4  
 1.412229 0.646071 0.251446 0.210564 0.007934 0.066621 0.196702 2.216079 0.099822
SEs for parameters:
 0.109392 0.041620 0.014846 0.015769 0.003558 0.008446 0.017198 0.199413 0.007801

tree length =   4.20380

(((((5: 0.007934, 2: 0.007934): 0.202631, (8: 0.066621, 1: 0.066621): 0.143943): 0.040882, (3: 0.196702, 7: 0.196702): 0.054744): 0.394624, 6: 0.646071): 0.766159, 4: 1.412229);

(((((Homo sapiens: 0.007934, Pan troglodytes: 0.007934): 0.202631, (Mus musculus: 0.066621, Rattus norvegicus: 0.066621): 0.143943): 0.040882, (Bos taurus: 0.196702, Canis lupus familiaris: 0.196702): 0.054744): 0.394624, Gallus gallus: 0.646071): 0.766159, Danio rerio: 1.412229);

Detailed output identifying parameters

kappa (ts/tv) =  2.21608

omega (dN/dS) =  0.09982

dN & dS for each branch

 branch          t       N       S   dN/dS      dN      dS  N*dN  S*dS

   9..10     0.766   890.9   300.1  0.0998  0.0780  0.7819  69.5 234.6
  10..11     0.395   890.9   300.1  0.0998  0.0402  0.4027  35.8 120.9
  11..12     0.041   890.9   300.1  0.0998  0.0042  0.0417   3.7  12.5
  12..13     0.203   890.9   300.1  0.0998  0.0206  0.2068  18.4  62.1
  13..5      0.008   890.9   300.1  0.0998  0.0008  0.0081   0.7   2.4
  13..2      0.008   890.9   300.1  0.0998  0.0008  0.0081   0.7   2.4
  12..14     0.144   890.9   300.1  0.0998  0.0147  0.1469  13.1  44.1
  14..8      0.067   890.9   300.1  0.0998  0.0068  0.0680   6.0  20.4
  14..1      0.067   890.9   300.1  0.0998  0.0068  0.0680   6.0  20.4
  11..15     0.055   890.9   300.1  0.0998  0.0056  0.0559   5.0  16.8
  15..3      0.197   890.9   300.1  0.0998  0.0200  0.2007  17.9  60.2
  15..7      0.197   890.9   300.1  0.0998  0.0200  0.2007  17.9  60.2
  10..6      0.646   890.9   300.1  0.0998  0.0658  0.6593  58.6 197.9
   9..4      1.412   890.9   300.1  0.0998  0.1439  1.4412 128.2 432.5

tree length for dN:       0.4282
tree length for dS:       4.2900


Time used:  0:12
