
seed used = 1418812013
      7   1668

Pan troglodytes                            ATG GAG GGA GGC AGA AGA GCC AGG GTG GTT ATT GAA AGT AAA AGA AAC TTC TTC CTG GGA GCC TTT CCC ACC CCC TTC CCT GCT GAG CAC GTG GAG TTA GGC AGG TTA GGG GAC TCG GAG ACT GCG ATG GTG CCA GGA AAG GGT GGA GCG GAT TAT ATT CTC CTG CCT TTT AAA AAG ATG GAC TTC AGC AGA AAT CTT TAT GAT ATT GGG GAA CAA CTG GAC AGT GAA GAT CTG GCC TCC CTC AAG TTC CTG AGC CTG GAC TAC ATT CCG CAA AGG AAG CAA GAA CCC ATC AAG GAT GCC TTG ATG TTA TTC CAG AGA CTC CAG GAA AAG AGA ATG TTG GAG GAA AGC AAT CTG TCC TTC CTG AAG GAG CTG CTC TTC CGA ATT AAT AGA CTG GAT TTG CTG ATT ACC TAC CTA AAC ACT AGA AAG GAG GAG ATG GAA AGG GAA CTT CAG ACA CCA GGC AGG GCT CAA --- --- ATT TCT GCC TAC AGG GTC ATG CTG TAT CAG ATT TCA GAA GAA GTG AGC AGA TCA GAA TTG AGG TCT TTT AAG TTT CTT TTG CAA GAG GAA ATC TCC AAA TGC AAA CTG GAT GAT GAC ATG AAC CTG CTG GAT ATT TTC ATA GAG ATG GAG AAG AGG GTC ATC CTG GGA GAA GGA AAG TTG GAC ATC CTG AAA AGA GTC TGT GCC CAA ATC AAC AGG AGC CTG CTG AAG ATA ATC AAC GAC TAT GAA --- --- GAA TTC AGC AAA GAG AGA AGC AGC AGC CTT GAA GGA AGT CCT GAT GAA TTT TCA AAT GGG GAG GAG TTG TGT --- --- --- --- GGG --- --- --- GTA ATG ACA ATC TCG GAC TCT CCA AGA GAA CAG GAT AGT GAA TCA CAG ACT --- --- --- TTG GAC AAA GTT TAC CAA ATG AAA AGC AAA CCT CGG GGA TAC TGT CTG ATC ATC AAC AAT CAC AAT TTT GCA AAA GCA CGG GAG AAA GTG CCC AAA CTT CAC AGC ATT AGG GAC AGG AAT GGA ACA CAC TTG GAT GCA GGG GCT TTG ACC ACA ACC TTT GAA GAG CTT CAT TTT GAG ATC AAG CCC CAC GAT GAC TGC ACG GTA CAG CAA ATC TAT GAG ATT TTG AAA ATC TAC CAA CTC ATG GAC CAC AGT AAC ATG GAC TGC TTC ATC TGC TGT ATC CTC TCC CAT GGA GAC AAG GGC ATC ATC TAC GGC ACT GAT GGA CAG GAG GCC CCC ATC TAT GAG CTG ACA TCT CAG TTC ACT GGT TTG AAG TGC CCT TCC CTT GCT GGA AAA CCC AAA GTG TTT TTT ATT CAG GCT TGT CAG GGG GAT AAC TAC CAG AAA GGT --- --- ATA CCT GTT --- GAG ACT GAT TCA GAG GAG --- CAA CCC TAT TTA GAA ATG GAT TTA TCA TCA CCT CAA ACG AGA TAT ATC CCG GAT GAG GCT GAC TTT CTG CTG GGG ATG GCC ACT GTG AAT AAC TGT GTT TCC TAC CGA AAC CCT GCA GAG GGA ACC TGG TAC ATC CAG TCA CTT TGC CAG AGC CTG AGA GAG CGA TGT CCT CGA GGC GAT GAT ATT CTC ACC ATC CTG ACT GAA GTG AAC TAT GAA GTA AGC AAC AAG GAT GAC AAG AAA AAC ATG GGG AAA CAG ATG CCT CAG CCT ACT TTC ACA CTA AGA AAA AAA CTT GTC TTC CCT TCT GAT 
Gallus gallus                              --- --- --- --- --- --- --- --- --- --- --- --- --- --- --- --- --- --- --- --- --- --- --- --- --- --- --- --- --- --- --- --- --- --- --- --- --- --- --- --- --- --- --- --- --- --- --- --- --- --- --- --- --- --- --- --- --- --- --- ATG GAG TTC TCG CAG CTG CTC TTC GTG ATC AGC GAG GCG CTG GAC AGG ACT GAG CTG GCG TCT CTG AAG TTT CTC AGC CTG GAG CAC GTC ACT GTA AGG AAG CGG GAA GAT ATT GAG GAG CCC AAG GCC TTC TTC CAA GCA TTA CAG GAG AAA GGG ATG ATC GAG GTG GGG GAC CTG TTC TTC TTG AAG GAG CTG CTC TAT CGG ATC AAT CGA ATA GAC CTT CTA GCT TCC TAC CTG GGC TCC AGC CGA GAG GAG ATG GAG AGA GAG CTC CAG GTT CCA GGC AGG GCA CGG --- --- GTG TCT CCG TTC AGG TAT CTG CTC TTT CAG CTG TCA GAA AAC ATC ACC AAA GAT GAC ATG AAG TGT TTC AAG TTT CTT CTG GGG AAA GAA TTA CCA AAA TGC AAG CTA AGT CCT GAA ACT ACA ATG CCG GAC GTT TTC ATT GAG ATG GAG AAG AAG GGG ATT TTG AAA GAA GAC AAC TTA ACT GTC CTG AAG ACT ATT TGT GGG AAA GTG GAC AAG AGC CTG TTG AAG AAA ATT GAA GAC TAT GAA TTA AAC TTA CTT GGT GAA GGA GAG ATG CTT GTA ACA GAG GGG CAA AGA AGC AGC ACA GGA GCC CCT GAA GAC AGT GCC --- --- --- --- ATT TGG CTG GCA TCA TCT GTG GCA CCC GAT TCT CTG GGC AAC TGT GAT CAG TCT TCA CAG CTT --- --- --- --- --- GAA GTT TAT AAA ATG ACC AGC CGA CCC CGT GGA GTC TGC CTG ATC CTG AAT AAT CAC AAT TTT GCA AAA GCC AGG GAA GCA GTG CCA GAA CTC AGA AGG ATG AAA GAT CGG AAC GGG ACA CAT GTG GAT GCA GAT GCT CTG AGA AAA GTC TTT AGC AAC CTT CAT TTT ACA GTA GCA GAA TAC AAA GAC TGC ACT GCA GAG GAA ATC CGT AAC ATA GTG AAC AAC TAT CGG TGC ATG GAC CAC AAC AAC AAA GAC TGT TTT GTT TGC TGT ATT CTC TCT CAT GGA AAA AAA GAC ATT ATA TAT GGT GTT GAT GGG CAG GAA GTA CCT ATC CAA GAA CTG ACC ACT TCT TTC ACT GGG CAA AAT TGC CAA TCA CTT GCT GGA AAA CCA AAA GTC TTC TTT GTT CAG GCC TGC CAA GGT GAT GCT TAT CAG AAA GGT --- --- GTA ACC ATT --- GAA ACA GAT TCT GGG GAG CAA GAT TAT TCT CTA GAA ACA GAT --- GCA AGA TTT CAG CTG GAC TGC ATC CCC TCA GAG GCA GAC TTC CTC TTG GGC ATG ACT ACC CTG CAA GAT TAT GTC TCC TAC AGA AGC CCA AGC CAG GGG ACC TGG TAC ATA CAG TCA CTG TGC CAA CAC TTG GAG AGC AGC TGT CCT AGA GGA GAA GAT ATT CTC ACC ATA CTG ACA GCA GTG AAT CAA GAG GTG AGC AGC AAG ATT GAC AAG CAG AAT GCA GGG AAG CAA ATG CCA CAG CCC AGT TTC ACA CTG AGG AAA AAA CTC ATA TTT CCT GTA AAC 
Danio rerio                                --- --- --- --- --- --- --- --- --- --- --- --- --- --- --- --- --- --- --- --- --- --- --- --- --- --- --- --- --- --- --- --- --- --- --- --- --- --- --- --- --- --- --- --- --- --- --- --- --- --- --- --- --- --- --- --- --- --- --- ATG GAT --- CCT CAG ATC TTT CAC GAG ATT GAT GAG AAC CTG ACA AGC GGT GAT GTG GAC CAG CTG AAG TTT CTG TGC TTA GAT TTC ATT CCC AAA AGG CGT TTG GAG TCA GTG ACT GAT GCT AAA GAC CTG ATT CTG CGA CTG GAT GAG CAA GGA TTG CTT GAG GAT GAG CTG CTC TTC --- --- CCT GAA CTT CTG ATC ACA ATT GGC CGC ATT GAC TTG CTC --- GAG ATT CTG AAA AAA TCT AAA GAG GAA GTG GAA AGA AAT CTG CTA CGA TGT GAT AAT TCT CGT AAA GGT GTC TCA GCC TAT AGA AAG ATG CTA TTG AAA ATA TCT GAG GAC ATG ACA GAA GAA AAC TTT CGC GCA GCA AAG TTT CTT TTG --- --- GAT CTT CCA AGG GCA AAG CTG GGA AGA TCT ACT TCA TTT CTA GAT GCT TTG ATT GAG ATG GAA AAA CAA CAG AGG CTT GGG CCA GAC AAT CTG GAT GAA CTT TAC AGA ATT TTA GAA AAA TGT GAC AAA CAG CTG GCT GTT ATG ATC GAG AGG TTC AGG --- --- --- --- AAT CAG AGT CAC AGA GAC CAG GAA CAA GGA GGC AGA CTT CCT CTA GAA GAA GTT TTT CTC AAC AAC CCT GTA TCT GAA ACA ATG GAG AGA GAA AGG AGG AGA AAC TCT TCG GCT GGC ACA ATT ACT ACA GAC GCA GAA ACT CCA TTA AAT CCA AAT GAA TAT TAC ATA CTG ACC CAG CGG CCT CTT GGA TAC TGT CTA ATC ATC AAC AAC TAC AAC TTC TTG AAA AGT --- --- --- --- --- --- --- ACT AAC CTG CTC AAA CGA ACA GGC ACT GAT ATG GAC AAA GAT AGA CTT GCC AAA TTG TTT AGC AGA ATG CAT TTC CAG ATT GAG GTA CGG AAT GAT CTG GAA GCC TGG GCT ATA AAA GAT GAG ATA AAG CAG TTT GCA AAT AGG AAT CAT GCT TCA ATG GGT GCT TTT GTT TGC TGT ATT CTC TCA CAC GGA GAG AAG GGC ACA GTT TTG GGC ACA GAT GGT AAA CCA GTT GAA ATC CGA GAA GTT ACA CTG CCT TTT GCC GGA --- --- TGC AGA ACA CTA GCA AGC AAG CCC AAG CTT TTC TTT ATT CAA GCC TGC CAA GGA GAT GAG AAC CAG GCT GGT GTT TGG ACG TCG GAT GGA CGC GAG GAT GCT CCT GAG GAA GAC GAA AAA TAT GAG GAG GAT GCA GGA ATA ATA GTG CTC CGC AAA ATT CCA ATC GAA GCT GAT TTC CTG ATC GGA ATG GCC ACA GTA GAG CAC TAC CTC TCC TAC CGA CAC ACT AAA GAG GGC TCT ATC TTT ATC CAG GAG CTC TGT AAA AAG ATG GAG GAA TTG TGT CCC AAG AAA GAG GAC ATG TTG TCC ATC CTG ACA AAG GTG AAC TTT GAA GTG AGC AAA AGG ATT TTG AAG GGC TAC --- --- AAG CAG ATG CCA GAA CCA CGC TAC ACG CTG ACC AAG AAA CTA GTG CTG CCC ATA GAC 
Rattus norvegicus                          --- --- --- --- --- --- --- --- --- --- --- --- --- --- --- --- --- --- --- --- --- --- --- --- --- --- --- --- --- --- --- --- --- --- --- --- --- --- --- --- --- --- --- --- --- --- --- --- --- --- --- --- --- --- --- --- --- --- --- ATG GAT TTC CAC AGT TGT CTT TAC GAT ATT GCT GAA CGT CTG GGC AAC GAA GAA CTG GCT GCC CTC AAG TTC CTG TGC TTG GAC CAC ATC CCG CAG AAG AAG CAG GAG TCC ATC AAT GAT GTC CTG GTG CTA TTT CAG AGG CTG CAG GAA GAG GGG ATG TTG GAG GAA GAC AAT TTG TCC TTC CTG AAG GAG CTG CTT TTC CAT ATC AGT CGG CGG GAT CTG CTG AGC AGA GTC CTA AAA AGC AGC CCA GAG GAA ATG GTG AGG GAG CTG CAG GTT CTG GGC AAA GCC CAG --- --- GTT TCT GCC TAC AGG GTT ATG CTC TTT AAG CTC TCA GAA GAC ATG GAC AAG GAG GAT TTG AAA TCT TTT AAG TTC CTT TTG ATC ACT GAG ATC CCT AAA TGT AAA CTG CAA GAC AAC TCG AGC CTG CTT GAT ATT TTC GTA GAG ATG GAG AAG AGG ACT ATC CTG GCA GAA AAC AAC TTG GTT ACC CTA AAA TCA ATC TGT TTC CGG GTC AAC AGG AGC TTG CTG GGA AGG ATC GAC GAT TAC GAA --- --- CGA TCA AGC ACA GAG AGA AGA ATG AGC ACT GAA GGA GGG GAA GAG CTG CCA GTT TCT GTT TTG GAT GAG GTG --- --- --- --- --- ACC ATC AAA ATG CAG GAC ATG TGG GAC TCG CCA GGA GAG CAA GAG AGT GAG TCA CTA AAT --- --- --- TCA GAC AAC GTT TAC CAA ATG AAG AGC AAA CCT CGG GGG TAC TGT CTG ATC TTC AAC AAT AAT AAT TTC AGC AAA GCA CGG GAG GAC ATA CCC AAA CTC AGC AAC ATG CGG GAC AGA AAA GGA ACC AAC TAT GAT GAA GAG GCT CTG AGT AAG ACC TTT AAG GAG CTT CAT TTT GAG ATC GTG TCC TTC AGT GAT TGC ACA GCA AGT CAA ATC CAT GAG GTT CTA GTA TCC TAT CAA AGC AAG GAC CAC AAG GGC AAA GAC TGC TTC ATC TGC TGC ATC CTA TCA CAT GGG GAC AAG GGC ATC GTC TAC GGA ACG GAT GGG AAG GAA GCC TCT ATC TAT GAG CTG ACA TCT TAC TTC ACT GGC TCA AAG TGC CCT TCC CTG GCT GGA AAA CCC AAA ATC TTT TTT ATT CAA GCT TGT CAA GGA AAT AAC TTC CAG AAA GCG GTG CCT GTG CCT GAT --- GAG ACA GGC TTA GAA CAG GAG --- CAC GTT TTA GAA GAG GAT --- TCA TCA TCT TAC AAG AAC TAT ATC CCA GAT GAG GCA GAC TTT CTG CTG GGG ATG GCT ACT GTG AAA AAC TGT GTT TCC TAC CGA GAT CCC ACG CGT GGG ACC TGG TAT ATC CAG TCA CTT TGC CAG AGC CTG AGG GAA AGA TGT CCT CGA GGT GAG GAT ATT CTC AGC ATC CTG ACT GGC GTG AAC TAT GAT GTG AGC AAT AAA GAC AAC CCG AGG AAC ATG GGA AAG CAG ATG CCA CAG CCC ATC TTC ACA CTA CGG AAG AAG CTC TTC TTC CCT CCT AAC 
Homo sapiens                               ATG GAG GGA GGC AGA AGA GCC AGG GTG GTT ATT GAA AGT AAA AGA AAC TTC TTC CTG GGA GCC TTT CCC ACC CCC TTC CCT GCT GAG CAC GTG GAG TTA GGC AGG TTA GGG GAC TCG GAG ACT GCG ATG GTG CCA GGA AAG GGT GGA GCG GAT TAT ATT CTC CTG CCT TTT AAA AAG ATG GAC TTC AGC AGA AAT CTT TAT GAT ATT GGG GAA CAA CTG GAC AGT GAA GAT CTG GCC TCC CTC AAG TTC CTG AGC CTG GAC TAC ATT CCG CAA AGG AAG CAA GAA CCC ATC AAG GAT GCC TTG ATG TTA TTC CAG AGA CTC CAG GAA AAG AGA ATG TTG GAG GAA AGC AAT CTG TCC TTC CTG AAG GAG CTG CTC TTC CGA ATT AAT AGA CTG GAT TTG CTG ATT ACC TAC CTA AAC ACT AGA AAG GAG GAG ATG GAA AGG GAA CTT CAG ACA CCA GGC AGG GCT CAA --- --- ATT TCT GCC TAC AGG GTC ATG CTC TAT CAG ATT TCA GAA GAA GTG AGC AGA TCA GAA TTG AGG TCT TTT AAG TTT CTT TTG CAA GAG GAA ATC TCC AAA TGC AAA CTG GAT GAT GAC ATG AAC CTG CTG GAT ATT TTC ATA GAG ATG GAG AAG AGG GTC ATC CTG GGA GAA GGA AAG TTG GAC ATC CTG AAA AGA GTC TGT GCC CAA ATC AAC AAG AGC CTG CTG AAG ATA ATC AAC GAC TAT GAA --- --- GAA TTC AGC AAA GAG AGA AGC AGC AGC CTT GAA GGA AGT CCT GAT GAA TTT TCA AAT GGG GAG GAG TTG TGT --- --- --- --- GGG --- --- --- GTA ATG ACA ATC TCG GAC TCT CCA AGA GAA CAG GAT AGT GAA TCA CAG ACT --- --- --- TTG GAC AAA GTT TAC CAA ATG AAA AGC AAA CCT CGG GGA TAC TGT CTG ATC ATC AAC AAT CAC AAT TTT GCA AAA GCA CGG GAG AAA GTG CCC AAA CTT CAC AGC ATT AGG GAC AGG AAT GGA ACA CAC TTG GAT GCA GGG GCT TTG ACC ACG ACC TTT GAA GAG CTT CAT TTT GAG ATC AAG CCC CAC GAT GAC TGC ACA GTA GAG CAA ATC TAT GAG ATT TTG AAA ATC TAC CAA CTC ATG GAC CAC AGT AAC ATG GAC TGC TTC ATC TGC TGT ATC CTC TCC CAT GGA GAC AAG GGC ATC ATC TAT GGC ACT GAT GGA CAG GAG GCC CCC ATC TAT GAG CTG ACA TCT CAG TTC ACT GGT TTG AAG TGC CCT TCC CTT GCT GGA AAA CCC AAA GTG TTT TTT ATT CAG GCT TGT CAG GGG GAT AAC TAC CAG AAA GGT --- --- ATA CCT GTT --- GAG ACT GAT TCA GAG GAG --- CAA CCC TAT TTA GAA ATG GAT TTA TCA TCA CCT CAA ACG AGA TAT ATC CCG GAT GAG GCT GAC TTT CTG CTG GGG ATG GCC ACT GTG AAT AAC TGT GTT TCC TAC CGA AAC CCT GCA GAG GGA ACC TGG TAC ATC CAG TCA CTT TGC CAG AGC CTG AGA GAG CGA TGT CCT CGA GGC GAT GAT ATT CTC ACC ATC CTG ACT GAA GTG AAC TAT GAA GTA AGC AAC AAG GAT GAC AAG AAA AAC ATG GGG AAA CAG ATG CCT CAG CCT ACT TTC ACA CTA AGA AAA AAA CTT GTC TTC CCT TCT GAT 
Mus musculus                               --- --- --- --- --- --- --- --- --- --- --- --- --- --- --- --- --- --- --- --- --- --- --- --- --- --- --- --- --- --- --- --- --- --- --- --- --- --- --- --- --- --- --- --- --- --- --- --- --- --- --- --- --- --- --- --- --- --- --- ATG GAT TTC CAG AGT TGT CTT TAT GCT ATT GCT GAA GAA CTG GGC AGT GAA GAC CTG GCT GCC CTC AAG TTC CTG TGC TTG GAC TAC ATC CCA CAC AAG AAG CAG GAG ACC ATC GAG GAT GCC CAG AAG CTA TTT CTG AGG CTG CGG GAA AAG GGG ATG TTG GAG GAA GGC AAT CTG TCT TTC CTG AAA GAG CTG CTT TTC CAC ATC AGT CGG TGG GAC CTG CTG GTC AAC TTC CTA GAC TGC AAC CGA GAG GAG ATG GTG AGA GAG CTG CGG GAT CCA GAC AAT GCC CAG --- --- ATT TCT CCC TAC AGG GTC ATG CTC TTT AAG CTC TCA GAA GAA GTG AGC GAG TTG GAA TTG AGA TCT TTT AAG TTC CTT TTG AAC AAT GAG ATC CCC AAA TGT AAG CTG GAA GAT GAC TTG AGC CTG CTT GAA ATT TTT GTA GAA ATG GAG AAG AGG ACC ATG CTG GCA GAA AAT AAC TTG GAA ACC CTA AAA TCA ATC TGT GAC CAG GTC AAC AAG AGC CTG CTG GGG AAG ATC GAG GAT TAT GAA --- --- AGA TCA AGC ACA GAG AGA AGA ATG AGC CTT GAA GGA AGG GAA GAG TTG CCA CCT TCA GTT TTG GAT GAG ATG --- --- --- --- --- AGC CTC AAA ATG GCG GAA CTG TGT GAC TCG CCA AGA GAA CAA GAC AGT GAG TCA CGG ACT --- --- --- TCA GAC AAA GTT TAC CAA ATG AAG AAC AAA CCT CGG GGA TAC TGT CTG ATC ATC AAC AAT CAT GAT TTC AGC AAG GCC CGG GAA GAC ATA ACC CAA CTC CGA AAA ATG AAG GAC AGA AAA GGA ACA GAC TGT GAT AAA GAG GCT CTG AGT AAG ACC TTT AAG GAG CTT CAT TTT GAG ATA GTA TCT TAC GAC GAC TGC ACT GCA AAT GAA ATC CAC GAG ATT CTA GAA GGC TAC CAA AGC GCA GAC CAC AAG AAC AAA GAC TGC TTC ATC TGC TGT ATC CTA TCC CAC GGT GAC AAG GGT GTC GTC TAT GGA ACG GAT GGG AAG GAG GCC TCC ATC TAT GAC CTG ACA TCT TAC TTC ACT GGT TCA AAG TGC CCT TCC CTG TCT GGG AAA CCC AAG ATC TTT TTC ATT CAG GCT TGC CAA GGA AGT AAC TTC CAG AAA GGA --- --- GTG CCT GAT --- GAG GCA GGC TTC GAG CAA CAG AAC CAC ACT TTA GAA GTG GAT --- TCA TCA TCT CAC AAG AAC TAT ATT CCG GAT GAG GCA GAC TTT CTG CTG GGA ATG GCT ACG GTG AAG AAC TGC GTT TCC TAC CGA GAT CCT GTG AAT GGA ACC TGG TAT ATT CAG TCA CTT TGC CAG AGC CTG AGG GAA AGA TGT CCT CAA GGA GAT GAC ATT CTT AGC ATC CTG ACT GGC GTG AAC TAT GAC GTG AGC AAT AAA GAC GAC AGG AGG AAC AAG GGA AAG CAG ATG CCA CAG CCC ACC TTC ACA CTA CGG AAG AAG CTC TTC TTC CCT CCC --- 
Bos taurus                                 --- --- --- --- --- --- --- --- --- --- --- --- --- --- --- --- --- --- --- --- --- --- --- --- --- --- --- --- --- --- --- --- --- --- --- --- --- --- --- --- --- --- --- --- --- --- --- --- --- --- --- --- --- --- --- --- --- --- --- ATG GCG CTC ACC CAA TGT CTC TAT AAT ATT GGG GAG CAG CTG GGC AGT GAC GAC CTG GCT GCC CTC AAG TTC CTA AGC CGG GAC CAC ATC CCA TAT AGG AAG CAG GAA CCC ATC AAG GAT GCC TTG ATG CTA TTC CAG AGG CTC CAA GAA AAG AGA ATG TTG GAG GAA AAC AAT CTG TCC TTC TTG AAG GAG CTG CTT TTC CGA GTG AAT AGA CTG GAT CTG CTG CTT AAC TAC TTG TAT ACC AGC GAG GAG GAG ATG AAG AGG GAG CTT CAG ATA CCC GGC AGG GCC CAG --- --- ATC TCT GCC TAC AGG ATT CTG CTT TTC CAG ATT TCA GAA GAT GTG AAC AAA GTA GAA TTG AAG GAC TTT AAG TTT TTT TTG AGC CAG GAG ATT GCC AAA TGT AAG CTG GAT GAT GAC ATG ACT TTG CTT GAT ATT TTC GTG GAG ATG GAG AAG AGG ACC ATC CTA GGG GAA GAG AAC TTG GAC ACC CTG AAA AGA ATC TGT GAG CAG GTC AAC AAG AGC TTG CTG AAG AAA ATC TAT GAT TAT GAA --- --- GAA TTA AGA AAA GAG AGA AGA ATG AGC CTT GAA AGA GAT CCA TAT GCA TTT TCA AAT GAC ATG TCA CAA TCG CTT CCA GAG GAG GGC TAC TCT AAG ATG CCG GCC ATG TCA GAC TCT CCA --- GAA CAG GAC AGT GAG TTG CAG ACA --- --- --- TCT GAC ACA GTT TAC CGA ATG ACA AGC AAA CCT CGG GGA TAC TGT TTG ATC TTT AAC AAT TAT GAT TTT AGC ATA GCA CGG AAG CAG GTG CCT GAA CTT CAC GAC CTT AAG GAT AGG ACT GGA ACA GAC TTT GAT GCA GAC GCT TTG GAT AAG ACC TTT CGT GAA CTT CAT TTT GAG ATA GTG CAC TAC AAA GAC CTA ACA GCA AAG GGA ATC TGT GAG GTT CTA GAA TCC TAC CAG AAG AAG GAC CAC AAA AAC AAA GAC TGC TTC ATC TGC TGC ATC CTC ACC CAC GGA AAC AAG GGC ATC ATC TAT GGC TCC GAT GGG CAA GAA GCC TCC ATC TAT GAG CTG ACC TCT TAC TTC ACT GGC TTA AAG TGC CCT TCC CTT ATT GGC AAA CCC AAA ATC TTT TTT ATT CAG GCT TGC CAA GGG GAC AAG TAC CAG AAA GGT --- --- GTA GCC GTT --- GAG ACC GAC TCA GAA CAG ATG GAA GCC TAT TTA GAG GTG GAC --- TCA TCA CCT CAG AAG AGA TAT ATC CCA GAT GAG GCT GAC TTT CTG CTG GGG ATG GCC ACT GTG AAA AAC TAT GTT TCC TAC CGA AAC ATC TGG AAT GGG GCC TGG TAT ATC CAG TCA CTT TGC CAG AAT CTG AGA GAA AGA TGT CCT AGG GGT GAA GAC ATT CTG ACC ATC CTA ACC AAG GTG AAC TTC GAA GTA AGC AAA CTG GAT GAC AAG CAA CGT ATG GCC AAA CAG ATG CCA CAA CCT ACT TTC ACA CTG CGA AAA AAA CTC TTC TTT CCT CTT AAT 



Printing out site pattern counts


         7       1551  P

Pan troglodytes                             --- --- --- --- --- --- --- --- --- --- --- --- --- --- --- --- --- --- AAA AAA AAA AAA AAA AAA AAA AAA AAA AAA AAA AAA AAA AAA AAA AAA AAA AAA AAA AAC AAC AAC AAC AAC AAC AAC AAC AAC AAC AAC AAC AAG AAG AAG AAG AAG AAG AAG AAG AAG AAG AAG AAG AAG AAG AAG AAT AAT AAT AAT AAT AAT AAT AAT ACA ACA ACA ACA ACA ACA ACC ACC ACC ACC ACC ACC ACG ACG ACT ACT ACT ACT ACT ACT ACT ACT ACT AGA AGA AGA AGA AGA AGA AGA AGA AGA AGA AGA AGA AGA AGC AGC AGC AGC AGC AGC AGC AGC AGC AGC AGC AGC AGC AGG AGG AGG AGG AGG AGG AGG AGG AGG AGG AGT AGT AGT AGT AGT ATA ATA ATA ATC ATC ATC ATC ATC ATC ATC ATC ATC ATC ATC ATC ATC ATC ATC ATC ATC ATC ATC ATG ATG ATG ATG ATG ATG ATG ATG ATG ATG ATG ATG ATG ATT ATT ATT ATT ATT ATT ATT ATT ATT ATT ATT ATT CAA CAA CAA CAA CAA CAA CAA CAA CAA CAA CAA CAC CAC CAC CAC CAC CAC CAG CAG CAG CAG CAG CAG CAG CAG CAG CAG CAG CAG CAG CAG CAG CAT CAT CCA CCA CCA CCC CCC CCC CCC CCC CCC CCC CCG CCG CCT CCT CCT CCT CCT CCT CCT CCT CCT CCT CGA CGA CGA CGA CGG CGG CTA CTA CTC CTC CTC CTC CTC CTC CTC CTG CTG CTG CTG CTG CTG CTG CTG CTG CTG CTG CTG CTG CTG CTG CTG CTG CTG CTG CTG CTG CTG CTG CTG CTT CTT CTT CTT CTT CTT CTT CTT CTT GAA GAA GAA GAA GAA GAA GAA GAA GAA GAA GAA GAA GAA GAA GAA GAA GAA GAA GAA GAA GAA GAA GAA GAC GAC GAC GAC GAC GAC GAC GAC GAC GAC GAC GAC GAC GAC GAC GAC GAG GAG GAG GAG GAG GAG GAG GAG GAG GAG GAG GAG GAG GAG GAG GAG GAG GAG GAG GAG GAT GAT GAT GAT GAT GAT GAT GAT GAT GAT GAT GAT GAT GAT GAT GAT GAT GAT GAT GAT GAT GCA GCA GCA GCA GCC GCC GCC GCC GCC GCC GCC GCG GCT GCT GCT GCT GCT GCT GGA GGA GGA GGA GGA GGA GGA GGA GGA GGA GGC GGC GGC GGC GGC GGG GGG GGG GGG GGG GGG GGG GGG GGT GGT GGT GTA GTA GTA GTC GTC GTC GTC GTG GTG GTG GTG GTG GTG GTT GTT GTT GTT TAC TAC TAC TAC TAC TAC TAC TAC TAC TAC TAT TAT TAT TAT TAT TAT TAT TAT TAT TCA TCA TCA TCA TCA TCA TCA TCA TCC TCC TCC TCC TCC TCC TCG TCG TCT TCT TCT TCT TCT TGC TGC TGC TGC TGC TGG TGT TGT TGT TGT TGT TGT TGT TTA TTA TTA TTA TTC TTC TTC TTC TTC TTC TTC TTC TTC TTC TTC TTG TTG TTG TTG TTG TTG TTG TTG TTG TTG TTG TTG TTT TTT TTT TTT TTT TTT TTT TTT TTT
Gallus gallus                               --- --- --- --- --- --- --- --- --- --- --- --- AAC CAA CTG GCA TGG TTA --- AAA AAA AAA AAA AAA AAA AAA AAC AAG AAG AAG ACC CAG CGA GAA GAA GAA GCA --- AAC AAT AAT ACA AGC AGC GAA GAC GAT GCT GGC --- AAA AAA AAC AAG AAG AAG AAG AAG AAG AAG AAT CGA GAG GCA AAC AAT AAT AAT CAA CTG GAC GCC AAA ACA ACA ACC GTG GTT --- ACC ACC AGA GTC TCC ACT CTG --- ACA ACA ACC ACT AGT CTT GTT TCC --- AAA ACT AGC AGG CAG CGA GAC GAG GAG GCA GGC GGG ACC AGC AGC AGC AGC AGG ATG CAC CTT GGG GGT GTA TCG --- AAA AAG AAG AAG AGA AGG AGG AGG CGG --- AAC AGG CAA CAG AAA ATT GTA AAC ATA ATA ATA ATC ATC ATC ATT ATT ATT ATT ATT CTG GCA GTA GTC GTG GTT TTA --- AAA ACA ACT ATG ATG ATG ATG ATG CTG GCA GCC TCT --- ATA ATC ATC ATG ATT CTG GCT GTC GTG GTT GTT AAA AAA CAG CGG CGG CGG GAA GAT GCG GGG GTA --- AGA CAC CAC CAT TAC CAA CAA CAA CAA CAG CAG CAG CAG CAG CAG CAG CAG GAG TCT TGT CAT CAT --- CCA CTG --- CCA CCA CCT GAA GAT TAT ACT CCC --- ACC AGA CAA CCA CCA CCC CCC CCT TTT AGA AGA AGC CGG AGG CGT CTG CTG --- CTC CTC CTC CTG TGC TTA --- ATA ATG CCG CTA CTA CTC CTC CTC CTG CTG CTG CTG CTG CTG CTG CTG CTG CTG TTG TTG TTG TTG TTG ACA CTC CTC CTC CTC CTG CTT CTT CTT --- AAC AAC ACT AGC AGC GAA GAA GAA GAA GAA GAA GAC GAG GAG GAG GAG GAG GAG GCA GTG TCT TTA --- --- AAA ACT GAA GAC GAC GAC GAC GAC GAC GAC GAG GAG GAT GAT --- AAA AAC AAC ACA AGC CAG GAA GAA GAA GAA GAA GAC GAG GAG GAG GAG GAG GGA GGG --- AAA AAC AGC AGT ATT CCT GAA GAC GAC GAG GAG GAT GAT GAT GAT GAT GAT GAT GTG TCA AGC GCA GCA GCC --- ACT CCC CCG GCG GGG GTA --- --- GCA GCA GCC GCT GCT --- AAA GAC GGA GGA GGA GGG GGG GGG GGG --- GAC GGA GGC GGT --- AGC ATT CCT GAT GGC GGG GGT --- GGG GGT GCA GTG TCA ATA ATT GGG TAT --- ATC CTG GTC GTG GTG --- ATT GTC GTT CAC GTC TAC TAC TAC TAT TAT TAT TAT TTC --- CAA CAA CGT TAT TCT TGC TTC TTT AGA GAT GCA GGA TCA TCA TCA TCT CCA TCA TCC TCT TCT TTC --- CCC ACT GTA TCT TCT TGT TGC TGC TGC TGC TGT TGG GCC TAT TGC TGC TGT TGT TGT --- --- CTA TTC --- CTT TAT TTC TTC TTC TTC TTC TTC TTT TTT --- AAG AGT ATC ATG CAA CTG CTG CTT GTG GTG TTA --- ACA TTC TTC TTT TTT TTT TTT TTT
Danio rerio                                 AAA AAT CCA CCT GAA GGA GGT GTA GTT TCT TGG TTA --- GAA GAG AGA ATG --- --- AAA AAA AAG AAG AAG AGG GCT AAG AAG AAG TAC ACC GGC CGG --- CAG GAA --- --- TCA AAC TAC TCA AAA CAC GAG GAC CAC GAG AAA --- AAG CAA AAT AAA AAG AAG AGG CCT CGT GTT --- AAA ACT GAG ACA AAC AAC GGC GAG ATC CTG GAA AAA ACG ACT ACA AGG CGA --- TCC TCT GCC TTG GAG GAA CTC --- ACA GAG ACA GCC CGC ACT ACA AAA --- GAA AGA TCT ACC CAG CGC CGC CAC GAG CGA GGC GGA ACA AGC CAG CAG TGC AAC AGA AAG GAC GAG AAT CAG CCT --- CTC AAA CAA CGC AGA AAT AGA AGG CGA --- GCT AGC GGC ACA ATG ATT ACG CAG ATC ATC GTT ATA ATC ATT ACA AGG ATC ATT GTG ATC AGA ATT GAA TGT GTT CTT --- ATG GAG ACT AGG ATG CTG GTG TTG ATG --- GAC AGG --- GAG ATT ATT CTG ATG ATA --- ATT GTC ATT GCT AAA ATA GTG CGT GCA TTG GCT GAC AAC --- AAA --- ACT CAT TAC GAT CGG AAA CAA CAG CTG AAA AAA CAA CAG CTA GAA GAA GAT TGG CCT ATT CAC CAT --- TGT GCT --- --- CCC GAA GTA TCA GAA CCC CCA --- TCG AGA AGA ACT CCA CCA CCT CCC ATA AAG CGA TTG ACA --- CTT CTG CTG --- CTC CTG TTG CTG AAT CTG --- ATT TTT CTA CTC CTG CTA CTG CTG CTA CTC CTG CTG CTG CTT CTT GTG GTT TTA --- ATC ATG CTT GCT GAA --- CTA CTG TTT CTC ATG CTA CTT --- ACA GAC GGT AGC CCT AGG CCA GAG GAG GAG GAT AAC AAT CAA GAA GAA GAG GAG AAG GAT GAC --- --- AAT GAG GAT TCT AAT ACA AGG GAT GAT GGT TTG GAT GAT AAA TCT --- --- AGA GAT CAG GAA GAG --- CCA CGC GAA TTT CTC GAA GAA GAG GAG GAG AGT CCT --- AAT GAC CTT GGA ATT AGA GAG GAC GAT GAT GAT ACT GAC GAC GAT GAT GAT GAT GAG ATC AAA AAA TTG AGT --- GCC GCT GCC GAC GAA GTT --- --- GCT TCT GCC AGA GCA --- GGG GAC AGC GGA GGA GGA GGC GGC GGT --- GGC AAA GAT GGC --- GAT ACA GTT GAT GGA --- GGA --- GGA GGT GCC GTG GAA GTG ATT CAG AAG --- ATG GTA CTT --- GTG --- GAT CTC TAT TTC TAC ATT TAC TTT AAC TAC TTG TTT TAT --- CGA TTT AAA TTC AAA AAA CAC TTG ATA GAA GGA GAA GAG GCA TCT GCT CCA ACA TCC CAG TCA TTC --- AAC CTG ATA TCA TCG GCA CTG GCA TGC TGT GCT ATC AAC TAC TGC TGT TGT TGT TTA --- GCA TAT CTG --- --- ATC --- --- ATT TAC TTG TTT CTG TTT CCA AAA AAC CTT TTT --- CTT TTG TTG ATA ATG CTG --- CTA GCA TTC TTC TTC TTT TTT TTT
Rattus norvegicus                           --- --- --- --- --- --- --- --- GTG --- CCT --- --- GAG ATC AAA ACC --- --- AAA AAG AAA AAA AAG AAA AAA GTA AAA AAG AAA AAG AGG AAA AAA ACA AAC GAC --- GGC AAC AAC AGC AAT GAT GAC AAC AAC AAC AAA --- AAG GAG AAC AAG AAG CCG AAA AAG AAG GGA AAG CCA AAT GTG AAA AAT AAT AGT AAA TGT AAT TCT AAG ACA ACC ACA GAC GTT --- AGC ACC AGT ACC AGA ACA AAG --- ACT ACA ACT ACT ATC AAT ACG AGC --- AAG TCA AGC CGG AGT CGG AAC AGA AGG AGG GGA GGG GAC AGC AGC AGC TGC AAC AGA AGC ATG GAC AGC AGC CAC --- CGG AGG AGG AAA AGG AAA AGG AAG AGA --- AAG AAC GGG AGT AGG GTA GTG TCC ATC ATC GTC ATC ATC ATC ATC ATC ATC ATC ATC TTC ATG ATC ACC GTC ATC ATC --- AAA GAG TCG AAG ATG ATG ATG ATG ATG ATG GTG CAG --- GTT ATC ATT ATG ATT CTC AGC ATC GTT ATT ATT CGG CAA TAC CAG CAA CAG CAA --- CGT ATC CAG --- AGC CAC AAT AAC TTC CAG CAA CAG CAG AAG AAG CAA CAG CAG CAG CTA CAG AGT TAC CAA CAT CAT --- CTG CCA --- CCC CCC TCT TCC TCC CAC CCG CCA --- CCT GAA CCT CCC CCA CCC CCT CCT TCT CGA CGA AGA CAT CGG CGG CTA CTA --- CTA CTT CTC CTC AGC CTG --- CGG CTG CTT CTG CTG CTC CTG CTG CTG TTG CTG CTG TTG CTA CTG CTG CTG TTG CTG CTG CTG CTG CTG ACT CTC CTC CTG CTT CTT CTT CTG CTT --- GAG GAC GAA AAG CTG GAA GAA GAA GAA GAG GAG GAT GAG GAA GAT GTG GAA GAA GGC GAA GAG CGA --- GAC GAC GTT AAC GAC GGC GAT GAC GAT GAC AAC GAC GAT GAC GAC --- ACT GAG GAG GAG GAA CGT GAG GAA GAG GAG TTG GAT GAA GAG CAG GAG GAG GAG GAA --- AGT AAC GAG CAA GAC GAC GAG GAT GAT GAA GAT GAG GAT GAT AAT GAT GAT GGC GAT GAT ACG GAA AGC GCA --- GCT GTC GCC GCT TTC GCC --- --- GCA GCC GCT GCT GCT --- GCA AAC GGA GGG GGG GGA GGA GGG GGG --- GGC GGT GGC GGA --- GCT --- GTT GAG GGG GGA GGA --- GGC GCG GCA GTG ATG TTC ATC ACT GTT --- ATG GTG ATC ATA GTG --- GAT GTT GTT CAC TAC GTC TAC TAT TTC TAC TAC TAT TAC --- TAT TAT CAT TAC GTT TAT TAC TTT TCA GAG TCA GTT TCA TCA TCA TTA CCT TCC TCC GCC TCA TCC --- TGG TCT CCT TCT TCG TCT TGC TGT TGC TGC TGC TGG GTG TGT TGT TGT TGC TGT TGT --- --- TTA CTA --- TCA TTC TTC TTC TTT TTC TTC TTC TTC TTC TCA CTG GAG TTG TTG TCA CTG TTG CTG CTA TAT TTG --- CCA TTT TTT TTC TTT TTC TTT TTT
Homo sapiens                                --- --- --- --- --- --- --- --- --- --- --- --- --- --- --- --- --- --- AAA AAA AAA AAA AAA AAA AAA AAA AAA AAA AAA AAA AAA AAA AAA AAA AAA AAA AAA AAC AAC AAC AAC AAC AAC AAC AAC AAC AAC AAC AAC AAG AAG AAG AAG AAG AAG AAG AAG AAG AAG AAG AAG AAG AAG AAG AAT AAT AAT AAT AAT AAT AAT AAT ACG ACA ACA ACA ACA ACA ACC ACC ACC ACC ACC ACC ACA ACG ACT ACT ACT ACT ACT ACT ACT ACT ACT AGA AGA AGA AGA AGA AGA AGA AGA AGA AGA AGA AGA AGA AGC AGC AGC AGC AGC AGC AGC AGC AGC AGC AGC AGC AGC AGG AGG AAG AGG AGG AGG AGG AGG AGG AGG AGT AGT AGT AGT AGT ATA ATA ATA ATC ATC ATC ATC ATC ATC ATC ATC ATC ATC ATC ATC ATC ATC ATC ATC ATC ATC ATC ATG ATG ATG ATG ATG ATG ATG ATG ATG ATG ATG ATG ATG ATT ATT ATT ATT ATT ATT ATT ATT ATT ATT ATT ATT CAA CAA CAA CAA CAA CAA CAA CAA CAA CAA CAA CAC CAC CAC CAC CAC CAC CAG CAG CAG CAG CAG CAG CAG CAG CAG CAG CAG CAG GAG CAG CAG CAT CAT CCA CCA CCA CCC CCC CCC CCC CCC CCC CCC CCG CCG CCT CCT CCT CCT CCT CCT CCT CCT CCT CCT CGA CGA CGA CGA CGG CGG CTA CTA CTC CTC CTC CTC CTC CTC CTC CTG CTG CTG CTG CTG CTG CTC CTG CTG CTG CTG CTG CTG CTG CTG CTG CTG CTG CTG CTG CTG CTG CTG CTG CTT CTT CTT CTT CTT CTT CTT CTT CTT GAA GAA GAA GAA GAA GAA GAA GAA GAA GAA GAA GAA GAA GAA GAA GAA GAA GAA GAA GAA GAA GAA GAA GAC GAC GAC GAC GAC GAC GAC GAC GAC GAC GAC GAC GAC GAC GAC GAC GAG GAG GAG GAG GAG GAG GAG GAG GAG GAG GAG GAG GAG GAG GAG GAG GAG GAG GAG GAG GAT GAT GAT GAT GAT GAT GAT GAT GAT GAT GAT GAT GAT GAT GAT GAT GAT GAT GAT GAT GAT GCA GCA GCA GCA GCC GCC GCC GCC GCC GCC GCC GCG GCT GCT GCT GCT GCT GCT GGA GGA GGA GGA GGA GGA GGA GGA GGA GGA GGC GGC GGC GGC GGC GGG GGG GGG GGG GGG GGG GGG GGG GGT GGT GGT GTA GTA GTA GTC GTC GTC GTC GTG GTG GTG GTG GTG GTG GTT GTT GTT GTT TAC TAC TAC TAC TAC TAC TAC TAT TAC TAC TAT TAT TAT TAT TAT TAT TAT TAT TAT TCA TCA TCA TCA TCA TCA TCA TCA TCC TCC TCC TCC TCC TCC TCG TCG TCT TCT TCT TCT TCT TGC TGC TGC TGC TGC TGG TGT TGT TGT TGT TGT TGT TGT TTA TTA TTA TTA TTC TTC TTC TTC TTC TTC TTC TTC TTC TTC TTC TTG TTG TTG TTG TTG TTG TTG TTG TTG TTG TTG TTG TTT TTT TTT TTT TTT TTT TTT TTT TTT
Mus musculus                                --- --- --- --- --- --- --- --- --- --- --- --- --- CAG CTC AAA AGC --- --- AAG AAG AAA AAG AAG AAA AAA GAA AAG AAG AAA AAG AGG AAA CAA ACA AAA GAC --- AAC AAC AAC AGC AAT GAT GAG AAC AAC AAC GAC --- AAG AAG AAC AAG AAG AGG AAA AAA AAG GGG AAG CGA GAG GTA AAA AAT GAT AGT AAG TGT AAT TCA AAG ACA ACA ACA GAA GAT --- AGC ACC AGT ACC AAC ACT AAG --- ACT GCA ACG ACT ACC ACT ACG TGC --- GAG TCA AAC CGG AGT CGG AAC AGA AGG AGG AGA GGG AGC AGC AAC AGC TGC AAA AGA AGC ATG GGC AGC AGC CAG --- AAG AAG AGG AGA AGA AAT AGG AAG AGA --- AAG AGT AGG AGT AAG GTA GTG GGC ATC ATT GTC ATC ATC ATT GTC ATG ATC ATC ATC ATC CTG ATA ACC GTC ATC ATC --- AAA GTG TTG GCA ATG ATG ATG ATG ATG AAG AAG GCG --- ATT ATC ATT ATG ATT CTC GTC ATC ATT ATT ATT CAG CAA CAC CAG CAA CAG GAA AAC GAA AAC CAC --- CGA CAC CAT GAC TAC CAG CAA CAG CTG AAG AAG CAG CAG CGG CAG CGG CGG AAT TAC CAA CAC CAT --- CCA CCA --- ACC CCC TCC TCT ACC CAC CCA CCG --- CCT GAA CCT CCT CCA CCC CCT CCT TCT CAA CGA AGA CAC CGG CGG CTA CTA --- CTA CTT CTT CTC AGC CTG --- TGG CTG CTT CTG CTG CTC CTG CTG CTG CTG CTG CTG CTG CTA CTG CTG CTG TTG CTG CTG CTG CTG CTG CTT CTC CTC CTG CTT CTT CTT CTG CTT --- GAA GAA GAA AAG TTG GAA GAA GAA GAA GAG GAG GAA GAG GAA GAC GTG GAA GAA GGC GAA GAG AGA --- GAC GAC GAA GAC GAC GGC GAT GAC GAC GAC GAC GAC GAT GAC GAC --- AAT GAG GAG GAG GAA AAT GAA GAG GAG GAC TTG GAT GAG GAG CAA GAA GAG GAG GAG --- GAC --- GAG GAA GAC GAT GAT GAC GAA GAC GAT GAC GAC GAT AGT GAT GAT GGC GCT GAT GTG AAA AGC GCC --- GCT GCC CCC GCT GAC GCC --- --- GCA GCC GCT GCT TCT --- GCA AAT GGG GGA GGT GGA GGA GGA GGG --- GGT GGA GAC GGA --- GCT --- GTT GAG GGA GGA GGA --- GGT GGA GCA GTG ATG TTC ATC ACC GTC --- GTG GTG ATC ATA GTG --- GAT GTT GTT TAC TAC TTC TAC TAT TTC TAC TAT TAC TAC --- TAT TAT CAC TAT ACT TAT TAT TTT TCA TTG TCA CCT TCA TCA TCA TTC CCC TCC TCC GCC TCC TCT --- TGT TCT CCC TCT TCG TCT TGC TGT TGC TGC TGC TGG ATG TGC TGC TGT TGT TGT TGT --- --- TTA CTA --- TCA TTC TTC TTC TTT TTC TTT TTC TTC TTC TCA CAG GAG TTG TTG TCA CTG TTG CTG CTA TGT TTG --- CCA TTT TTT TTC TTT TTC TTC TTT
Bos taurus                                  --- --- --- CTT GAG --- --- CCA --- GAG --- --- --- ATG TCT AAG TAC --- --- ATA AAA AAA AAA AAA AAA AAA GAA AAG AAA AAA ACA CAA AAA GAA AAA ACA CAG --- AAC AAC CGT ACT AAA AAC TAT AAC AAC AAG TAT --- AAG AAG AAC AAG AAG AAG CTG AAG AAG AAG AAG GAG AAG GTG ACT AAT GAT AAT AAA TGT AAT AAT AAG ACA ACA ACC GCC ATA --- ACC GCC GAT ACC AAC ACA AAG --- ACC ACC ACT ACT ACT ACA TCC ACC --- AAA AGA AGC CGA CAA AGA AGA AGA AGA AGG --- AGA AAC AGC AGC AGC AGC GAC AGA AAT ATG AAC AGA AGC ACC --- AAG AAG AGG AAG AGG AGG AGG AGG AGG --- AAA AGT GAT AGT AAA GTG GTA TCC ATC ATC ATC ATC ATC ATC ATC ATC ATC ATC ATC TTT ATG ATA ACC GTC ATC ATT --- AAA GTG ATG AAG ATG ATG ATG ATG CTG ATG ATG CCG --- GTT GTG ATT CTT ATT ATT CTT ATC ATC ATT ATT CAG CGA CAG CAG CAG CAG GGA GAA CAG AGC TAT --- CAC CAC TAT GAC TAC CAG CAA CAG CAG CAA CAG CAG CAG CAG CAA CAG CAA AAG TAC CAG CAC CAT --- CCC CCA --- CCT CCC TCC CAC CCC GCC CCA CCA --- GCC CCA CCT ATC CCA CCT CCT CCT CCT AGG CGA AGA CGA CGG CGG CTG TTG --- CTC CTT CTG CTC AAG CTC --- CTG TTG CTT CTG CTG CTT CTA CTG TTG CTG CTA CTG TTG CTG CTG CTG CTG CGG TTG CTG CTG CTA CTG CTT CTT CTC CTT CTC CTT CTT CTT TTT --- GAA GAT GAC CGT GCA GAA GAA GAA GAG GAA GAG GAA GAG GAA GAA AAG GAA GAG AAG GAA GAG GAA --- GAC AAC GAC GAC GAC GGC GAT GAC GAC GAC GAC GAC GCG GAT GAC --- CAG GAA GAG GAG GAA AAT AAG GAA GAG GAG ATG TCA GAG GAG CAG GAG GAG GAG GAA --- AAA AAT TAT GAT GAT GAT GAA GAT GAT GAC GAT GAC GAC GAT GAC GAC GAT GAC AAT GAT TGG GCA AGC GCA --- GCC GCC GCC GCT GAG GCC --- --- GCT GCC GCT GCT ATT --- GGG GAG GGC GGA GGA AGA GGA GGG GGG --- GGC GGT GGC GGC --- GGG GGC GAC GAC GGG GCC GGG --- GGC GGT GCA GTA ATG TTC ATC ACC ATT --- GTG GTG ATC GTG GTG --- GTT GTT GTT CAC TAC TAC TAC TAT TAC TAC TAT TAC TAC --- TAT TTC TGT TAT TAT TAT TAT TTC TCA GTA TCA TCA TCA TTG TCA TCA GCC TCC TCC GCC ACC TCC --- TCA TCT CTT TCT TCT GAC CTA TGT TGC TGC TGC TGG TCG TAT TGC TGT TGC TGT TGT --- --- TTA CTA --- TTA TTC CTC TTC TTC TTC TTC TTC TTT TTC TCT TTG CAA TTG TTG TTA TTG TTG CTG CTA TTT TTG --- TTT TTT TTT TTT TTT TTT TTT TTT



    1    1    1    1    1    1    1    1    1    1    1    1    1    1    1
    1    1    1    2    1    1    1    1    1    1    1    1    1    1    1
    1    1    1    1    1    1    1    1    1    2    1    1    1    1    1
    1    1    1    1    2    1    1    1    1    2    1    1    1    1    1
    1    1    1    1    1    1    1    1    1    1    1    1    1    1    1
    1    1    1    1    1    1    1    1    1    1    1    1    1    1    1
    1    1    1    1    1    3    1    1    1    1    1    1    1    1    1
    1    1    1    1    1    1    1    1    1    1    1    1    1    1    1
    1    2    1    1    1    1    1    1    1    1    1    1    1    1    1
    1    1    1    1    1    1    1    1    1    2    1    1    1    1    1
    1    1    1    1    1    1    1    1    2    1    1    1    1    4    1
    1    1    1    1    1    1    2    1    1    1    1    1    1    1    1
    1    1    1    1    1    1    1    1    1    1    1    1    1    1    1
    1    1    1    1    1    1    1    1    1    1    1    1    2    1    1
    1    1    1    1    1    1    1    1    1    1    2    1    1    1    1
    1    1    1    1    2    1    1    1    1    1    1    1    2    1    1
    1    1    1    1    1    1    1    1    1    1    1    1    1    1    2
    1    1    1    1    1    1    1    1    1    1    1    1    1    1    1
    1    1    1    1    1    1    1    1    1    1    1    1    1    1    1
    1    1    1    1    1    1    1    1    1    1    1    1    1    1    1
    1    1    1    1    1    1    1    1    1    1    1    1    1    1    1
    1    1    1    1    1    1    1    1    1    1    1    4    1    1    1
    1    1    1    1    1    1    1    1    1    1    3    1    1    2    1
    1    1    1    1    1    1    1    1    1    1    1    1    1    1    1
    1    1    1    1    1    1    1    1    1    1    1    2    1    1    1
    1    1    1    2    1    1    1    1    1    1    4    1    1    1    1
    1    1    1    1    1    2    1    1    1    1    1    1    1    1    1
    1    1    1    1    1    1    1    1    1    1    1    1    1    3    1
    1    1    1    1    1    1    1    1    1    1    1    1    1    1    1
    1    1    1    1    1    1    1    1    1    1    1    1    1    1    1
    1    1    1    1    1    1    1    1    1    1    1    1    1    1    1
    1    1    1    1    1    2    1    1    1    1    1    1    1    1    1
    1    2    1    1    1    3    1    1    1    1    1    1    1    1    1
    2    1    1    1    1    1    1    1    1    1    1    1    1    2    1
    1    2    1    1    1    1    1

CODONML (in paml version 4.4b, July 2010)  torun.nuc
Model: One dN/dS ratio for branches Global clock 
Codon frequency model: F3x4
ns =   7  ls = 556

Codon usage in sequences
--------------------------------------------------------------------------------------------------------------
Phe TTT 11 10 13  8 11  8 | Ser TCT  5  9  7  6  5  7 | Tyr TAT  9  9  3  6 10  7 | Cys TGT  7  6  6  7  7  8
    TTC 14 13  7 16 14 15 |     TCC  6  3  2  6  6  4 |     TAC 10  4  8  9  9  8 |     TGC  6  9  4  7  6  9
Leu TTA  5  5  3  2  5  1 |     TCA  8  6  5 10  8 10 | *** TAA  0  0  0  0  0  0 | *** TGA  0  0  0  0  0  0
    TTG 12  5 12  8 12  9 |     TCG  2  1  2  2  2  1 |     TAG  0  0  0  0  0  0 | Trp TGG  1  2  2  2  1  2
--------------------------------------------------------------------------------------------------------------
Leu CTT  9  7 10  6  9  8 | Pro CCT 12  5  7  8 12  7 | His CAT  2  3  2  4  2  2 | Arg CGT  0  2  2  2  0  0
    CTC  7 10  8  6  8  6 |     CCC  8  5  4  4  8  5 |     CAC  6  4  5  4  6  7 |     CGC  0  0  5  0  0  0
    CTA  2  3  7  7  2  6 |     CCA  3  6  8  5  3  5 | Gln CAA 11 11  5  7 11  7 |     CGA  4  3  5  3  4  3
    CTG 25 24 21 24 24 25 |     CCG  2  2  0  2  2  1 |     CAG 16 14 12 13 15 12 |     CGG  2  5  2  7  2  7
--------------------------------------------------------------------------------------------------------------
Ile ATT 13 11 14  4 13  8 | Thr ACT  9  9  7  6  9  5 | Asn AAT  8  7  9  8  8  8 | Ser AGT  5  3  2  6  5  6
    ATC 20  8 11 21 20 14 |     ACC  6  7  2  5  6  7 |     AAC 13 12 11 16 13 14 |     AGC 13 14  4 14 13 11
    ATA  3  6  7  1  3  2 |     ACA  6  9 13  5  6  4 | Lys AAA 20 20 23 17 20 13 | Arg AGA 15  7 11  5 15  8
Met ATG 17 12 13 14 17 13 |     ACG  2  0  2  2  2  2 |     AAG 17 15 14 20 18 27 |     AGG 11  7  9  8 10  7
--------------------------------------------------------------------------------------------------------------
Val GTT  4  6  7 10  4  3 | Ala GCT  6  4 10  6  6  6 | Asp GAT 21 14 21 17 21 14 | Gly GGT  3  4  5  1  3  3
    GTC  4  6  1  4  4  5 |     GCC  8  5  6  4  8  5 |     GAC 16 16 12 16 16 24 |     GGC  6  4  8  7  6  5
    GTA  3  6  3  2  3  2 |     GCA  4 13  7  4  4  5 | Glu GAA 23 19 24 16 23 23 |     GGA 13  6 10  8 13 10
    GTG  8 10  7  9  8  8 |     GCG  2  2  0  1  2  1 |     GAG 26 22 25 27 27 23 |     GGG  8 12  1  7  8  4
--------------------------------------------------------------------------------------------------------------

--------------------------------------------------
Phe TTT 13 | Ser TCT  5 | Tyr TAT 13 | Cys TGT  6
    TTC 11 |     TCC  6 |     TAC 10 |     TGC  6
Leu TTA  3 |     TCA  8 | *** TAA  0 | *** TGA  0
    TTG 12 |     TCG  1 |     TAG  0 | Trp TGG  2
--------------------------------------------------
Leu CTT 13 | Pro CCT  7 | His CAT  1 | Arg CGT  2
    CTC  6 |     CCC  3 |     CAC  5 |     CGC  0
    CTA  6 |     CCA  6 | Gln CAA  7 |     CGA  4
    CTG 18 |     CCG  1 |     CAG 19 |     CGG  3
--------------------------------------------------
Ile ATT  8 | Thr ACT  5 | Asn AAT  8 | Ser AGT  2
    ATC 18 |     ACC 10 |     AAC 11 |     AGC  8
    ATA  3 |     ACA  6 | Lys AAA 17 | Arg AGA 10
Met ATG 15 |     ACG  0 |     AAG 25 |     AGG  8
--------------------------------------------------
Val GTT  4 | Ala GCT  4 | Asp GAT 15 | Gly GGT  2
    GTC  1 |     GCC 12 |     GAC 22 |     GGC  7
    GTA  3 |     GCA  4 | Glu GAA 19 |     GGA  4
    GTG  8 |     GCG  1 |     GAG 22 |     GGG  6
--------------------------------------------------

Codon position x base (3x4) table for each sequence.

#1: Pan troglodytes
position  1:    T:0.17844    C:0.20260    A:0.33086    G:0.28810
position  2:    T:0.29182    C:0.16543    A:0.36803    G:0.17472
position  3:    T:0.23048    C:0.26580    A:0.22305    G:0.28067
Average         T:0.23358    C:0.21128    A:0.30731    G:0.24783

#2: Gallus gallus  
position  1:    T:0.17012    C:0.21577    A:0.30498    G:0.30913
position  2:    T:0.29461    C:0.17842    A:0.35270    G:0.17427
position  3:    T:0.22614    C:0.24896    A:0.24896    G:0.27593
Average         T:0.23029    C:0.21438    A:0.30221    G:0.25311

#3: Danio rerio    
position  1:    T:0.15546    C:0.21639    A:0.31933    G:0.30882
position  2:    T:0.30252    C:0.17227    A:0.36555    G:0.15966
position  3:    T:0.26261    C:0.20588    A:0.27521    G:0.25630
Average         T:0.24020    C:0.19818    A:0.32003    G:0.24160

#4: Rattus norvegicus
position  1:    T:0.18465    C:0.21162    A:0.31535    G:0.28838
position  2:    T:0.29461    C:0.15768    A:0.37344    G:0.17427
position  3:    T:0.21784    C:0.28838    A:0.19087    G:0.30290
Average         T:0.23237    C:0.21923    A:0.29322    G:0.25519

#5: Homo sapiens   
position  1:    T:0.17844    C:0.20074    A:0.33086    G:0.28996
position  2:    T:0.29182    C:0.16543    A:0.36989    G:0.17286
position  3:    T:0.23234    C:0.26580    A:0.22305    G:0.27881
Average         T:0.23420    C:0.21066    A:0.30793    G:0.24721

#6: Mus musculus   
position  1:    T:0.18542    C:0.21042    A:0.31042    G:0.29375
position  2:    T:0.27708    C:0.15625    A:0.39375    G:0.17292
position  3:    T:0.20833    C:0.28958    A:0.20625    G:0.29583
Average         T:0.22361    C:0.21875    A:0.30347    G:0.25417

#7: Bos taurus     
position  1:    T:0.19794    C:0.20825    A:0.31753    G:0.27629
position  2:    T:0.29278    C:0.16289    A:0.40000    G:0.14433
position  3:    T:0.22268    C:0.28041    A:0.20619    G:0.29072
Average         T:0.23780    C:0.21718    A:0.30790    G:0.23711

Sums of codon usage counts
------------------------------------------------------------------------------
Phe F TTT      74 | Ser S TCT      44 | Tyr Y TAT      57 | Cys C TGT      47
      TTC      90 |       TCC      33 |       TAC      58 |       TGC      47
Leu L TTA      24 |       TCA      55 | *** * TAA       0 | *** * TGA       0
      TTG      70 |       TCG      11 |       TAG       0 | Trp W TGG      12
------------------------------------------------------------------------------
Leu L CTT      62 | Pro P CCT      58 | His H CAT      16 | Arg R CGT       8
      CTC      51 |       CCC      37 |       CAC      37 |       CGC       5
      CTA      33 |       CCA      36 | Gln Q CAA      59 |       CGA      26
      CTG     161 |       CCG      10 |       CAG     101 |       CGG      28
------------------------------------------------------------------------------
Ile I ATT      71 | Thr T ACT      50 | Asn N AAT      56 | Ser S AGT      29
      ATC     112 |       ACC      43 |       AAC      90 |       AGC      77
      ATA      25 |       ACA      49 | Lys K AAA     130 | Arg R AGA      71
Met M ATG     101 |       ACG      10 |       AAG     136 |       AGG      60
------------------------------------------------------------------------------
Val V GTT      38 | Ala A GCT      42 | Asp D GAT     123 | Gly G GGT      21
      GTC      25 |       GCC      48 |       GAC     122 |       GGC      43
      GTA      22 |       GCA      41 | Glu E GAA     147 |       GGA      64
      GTG      58 |       GCG       9 |       GAG     172 |       GGG      46
------------------------------------------------------------------------------

(Ambiguity data are not used in the counts.)


Codon position x base (3x4) table, overall

position  1:    T:0.17868    C:0.20914    A:0.31887    G:0.29331
position  2:    T:0.29216    C:0.16547    A:0.37460    G:0.16777
position  3:    T:0.22867    C:0.26372    A:0.22465    G:0.28296
Average         T:0.23317    C:0.21277    A:0.30604    G:0.24801

Codon frequencies under model, for use in evolver (TTT TTC TTA TTG ... GGG):
  0.01244409  0.01435136  0.01222523  0.01539879
  0.00704798  0.00812820  0.00692402  0.00872144
  0.01595585  0.01840134  0.00000000  0.00000000
  0.00714587  0.00824109  0.00000000  0.00884257
  0.01456479  0.01679708  0.01430863  0.01802302
  0.00824909  0.00951339  0.00810400  0.01020773
  0.01867501  0.02153727  0.01834656  0.02310916
  0.00836366  0.00964552  0.00821656  0.01034950
  0.02220731  0.02561094  0.02181673  0.02748015
  0.01257759  0.01450531  0.01235638  0.01556398
  0.02847427  0.03283841  0.02797346  0.03523512
  0.01275228  0.01470677  0.01252799  0.01578014
  0.02042672  0.02355745  0.02006746  0.02527678
  0.01156912  0.01334227  0.01136564  0.01431606
  0.02619119  0.03020542  0.02573055  0.03240996
  0.01172980  0.01352758  0.01152350  0.01451489



Nei & Gojobori 1986. dN/dS (dN, dS)
(Pairwise deletion)
(Note: This matrix is not used in later ML. analysis.
Use runmode = -2 for ML pairwise comparison.)

Pan troglodytes     
Gallus gallus        0.2359 (0.3579 1.5174)
Danio rerio         -1.0000 (0.6040 -1.0000) 0.1979 (0.6148 3.1061)
Rattus norvegicus    0.3455 (0.2321 0.6718) 0.1672 (0.3949 2.3617)-1.0000 (0.6122 -1.0000)
Homo sapiens         0.1387 (0.0016 0.0114) 0.2368 (0.3549 1.4985)-1.0000 (0.6017 -1.0000) 0.3559 (0.2335 0.6560)
Mus musculus         0.3173 (0.2174 0.6849) 0.1969 (0.3910 1.9856)-1.0000 (0.6205 -1.0000) 0.4284 (0.1227 0.2864) 0.3263 (0.2161 0.6622)
Bos taurus           0.3042 (0.1727 0.5677) 0.1828 (0.3736 2.0435)-1.0000 (0.6061 -1.0000) 0.3316 (0.2357 0.7107) 0.3130 (0.1715 0.5481) 0.2986 (0.2318 0.7764)


TREE #  1:  (((((5, 1), (6, 4)), 7), 2), 3);   MP score: -1
lnL(ntime:  6  np:  8):  -8002.714071      +0.000000
   8..9     9..10   10..11   11..12   12..5    12..1    11..13   13..6    13..4    10..7     9..2     8..3  
 1.807874 1.082311 0.523819 0.505493 0.005982 0.223472 2.008160 0.309278
SEs for parameters:
 0.081782 0.048053 0.020601 0.022792 0.002464 0.015962 0.126745 0.019673

tree length =   5.95682

(((((5: 0.005982, 1: 0.005982): 0.499511, (6: 0.223472, 4: 0.223472): 0.282021): 0.018326, 7: 0.523819): 0.558492, 2: 1.082311): 0.725564, 3: 1.807874);

(((((Homo sapiens: 0.005982, Pan troglodytes: 0.005982): 0.499511, (Mus musculus: 0.223472, Rattus norvegicus: 0.223472): 0.282021): 0.018326, Bos taurus: 0.523819): 0.558492, Gallus gallus: 1.082311): 0.725564, Danio rerio: 1.807874);

Detailed output identifying parameters

kappa (ts/tv) =  2.00816

omega (dN/dS) =  0.30928

dN & dS for each branch

 branch          t       N       S   dN/dS      dN      dS  N*dN  S*dS

   8..9      0.726  1252.1   415.9  0.3093  0.1553  0.5023 194.5 208.9
   9..10     0.558  1252.1   415.9  0.3093  0.1196  0.3866 149.7 160.8
  10..11     0.018  1252.1   415.9  0.3093  0.0039  0.0127   4.9   5.3
  11..12     0.500  1252.1   415.9  0.3093  0.1069  0.3458 133.9 143.8
  12..5      0.006  1252.1   415.9  0.3093  0.0013  0.0041   1.6   1.7
  12..1      0.006  1252.1   415.9  0.3093  0.0013  0.0041   1.6   1.7
  11..13     0.282  1252.1   415.9  0.3093  0.0604  0.1952  75.6  81.2
  13..6      0.223  1252.1   415.9  0.3093  0.0478  0.1547  59.9  64.3
  13..4      0.223  1252.1   415.9  0.3093  0.0478  0.1547  59.9  64.3
  10..7      0.524  1252.1   415.9  0.3093  0.1122  0.3626 140.4 150.8
   9..2      1.082  1252.1   415.9  0.3093  0.2317  0.7493 290.1 311.6
   8..3      1.808  1252.1   415.9  0.3093  0.3871  1.2515 484.6 520.5

tree length for dN:       1.2754
tree length for dS:       4.1237


Time used:  0:12
