
seed used = 1418847253
      7   1668

Pan troglodytes                            ATG GAG GGA GGC AGA AGA GCC AGG GTG GTT ATT GAA AGT AAA AGA AAC TTC TTC CTG GGA GCC TTT CCC ACC CCC TTC CCT GCT GAG CAC GTG GAG TTA GGC AGG TTA GGG GAC TCG GAG ACT GCG ATG GTG CCA GGA AAG GGT GGA GCG GAT TAT ATT CTC CTG CCT TTT AAA AAG ATG GAC TTC AGC AGA AAT CTT TAT GAT ATT GGG GAA CAA CTG GAC AGT GAA GAT CTG GCC TCC CTC AAG TTC CTG AGC CTG GAC TAC ATT CCG CAA AGG AAG CAA GAA CCC ATC AAG GAT GCC TTG ATG TTA TTC CAG AGA CTC CAG GAA AAG AGA ATG TTG GAG GAA AGC AAT CTG TCC TTC CTG AAG GAG CTG CTC TTC CGA ATT AAT AGA CTG GAT TTG CTG ATT ACC TAC CTA AAC ACT AGA AAG GAG GAG ATG GAA AGG GAA CTT CAG ACA CCA GGC AGG GCT CAA --- --- ATT TCT GCC TAC AGG GTC ATG CTG TAT CAG ATT TCA GAA GAA GTG AGC AGA TCA GAA TTG AGG TCT TTT AAG TTT CTT TTG CAA GAG GAA ATC TCC AAA TGC AAA CTG GAT GAT GAC ATG AAC CTG CTG GAT ATT TTC ATA GAG ATG GAG AAG AGG GTC ATC CTG GGA GAA GGA AAG TTG GAC ATC CTG AAA AGA GTC TGT GCC CAA ATC AAC AGG AGC CTG CTG AAG ATA ATC AAC GAC TAT GAA --- --- GAA TTC AGC AAA GAG AGA AGC AGC AGC CTT GAA GGA AGT CCT GAT GAA TTT TCA AAT GGG GAG GAG TTG TGT --- --- --- --- GGG --- --- --- GTA ATG ACA ATC TCG GAC TCT CCA AGA GAA CAG GAT AGT GAA TCA CAG ACT --- --- --- TTG GAC AAA GTT TAC CAA ATG AAA AGC AAA CCT CGG GGA TAC TGT CTG ATC ATC AAC AAT CAC AAT TTT GCA AAA GCA CGG GAG AAA GTG CCC AAA CTT CAC AGC ATT AGG GAC AGG AAT GGA ACA CAC TTG GAT GCA GGG GCT TTG ACC ACA ACC TTT GAA GAG CTT CAT TTT GAG ATC AAG CCC CAC GAT GAC TGC ACG GTA CAG CAA ATC TAT GAG ATT TTG AAA ATC TAC CAA CTC ATG GAC CAC AGT AAC ATG GAC TGC TTC ATC TGC TGT ATC CTC TCC CAT GGA GAC AAG GGC ATC ATC TAC GGC ACT GAT GGA CAG GAG GCC CCC ATC TAT GAG CTG ACA TCT CAG TTC ACT GGT TTG AAG TGC CCT TCC CTT GCT GGA AAA CCC AAA GTG TTT TTT ATT CAG GCT TGT CAG GGG GAT AAC TAC CAG AAA GGT --- --- ATA CCT GTT --- GAG ACT GAT TCA GAG GAG --- CAA CCC TAT TTA GAA ATG GAT TTA TCA TCA CCT CAA ACG AGA TAT ATC CCG GAT GAG GCT GAC TTT CTG CTG GGG ATG GCC ACT GTG AAT AAC TGT GTT TCC TAC CGA AAC CCT GCA GAG GGA ACC TGG TAC ATC CAG TCA CTT TGC CAG AGC CTG AGA GAG CGA TGT CCT CGA GGC GAT GAT ATT CTC ACC ATC CTG ACT GAA GTG AAC TAT GAA GTA AGC AAC AAG GAT GAC AAG AAA AAC ATG GGG AAA CAG ATG CCT CAG CCT ACT TTC ACA CTA AGA AAA AAA CTT GTC TTC CCT TCT GAT 
Gallus gallus                              --- --- --- --- --- --- --- --- --- --- --- --- --- --- --- --- --- --- --- --- --- --- --- --- --- --- --- --- --- --- --- --- --- --- --- --- --- --- --- --- --- --- --- --- --- --- --- --- --- --- --- --- --- --- --- --- --- --- --- ATG GAG TTC TCG CAG CTG CTC TTC GTG ATC AGC GAG GCG CTG GAC AGG ACT GAG CTG GCG TCT CTG AAG TTT CTC AGC CTG GAG CAC GTC ACT GTA AGG AAG CGG GAA GAT ATT GAG GAG CCC AAG GCC TTC TTC CAA GCA TTA CAG GAG AAA GGG ATG ATC GAG GTG GGG GAC CTG TTC TTC TTG AAG GAG CTG CTC TAT CGG ATC AAT CGA ATA GAC CTT CTA GCT TCC TAC CTG GGC TCC AGC CGA GAG GAG ATG GAG AGA GAG CTC CAG GTT CCA GGC AGG GCA CGG --- --- GTG TCT CCG TTC AGG TAT CTG CTC TTT CAG CTG TCA GAA AAC ATC ACC AAA GAT GAC ATG AAG TGT TTC AAG TTT CTT CTG GGG AAA GAA TTA CCA AAA TGC AAG CTA AGT CCT GAA ACT ACA ATG CCG GAC GTT TTC ATT GAG ATG GAG AAG AAG GGG ATT TTG AAA GAA GAC AAC TTA ACT GTC CTG AAG ACT ATT TGT GGG AAA GTG GAC AAG AGC CTG TTG AAG AAA ATT GAA GAC TAT GAA TTA AAC TTA CTT GGT GAA GGA GAG ATG CTT GTA ACA GAG GGG CAA AGA AGC AGC ACA GGA GCC CCT GAA GAC AGT GCC --- --- --- --- ATT TGG CTG GCA TCA TCT GTG GCA CCC GAT TCT CTG GGC AAC TGT GAT CAG TCT TCA CAG CTT --- --- --- --- --- GAA GTT TAT AAA ATG ACC AGC CGA CCC CGT GGA GTC TGC CTG ATC CTG AAT AAT CAC AAT TTT GCA AAA GCC AGG GAA GCA GTG CCA GAA CTC AGA AGG ATG AAA GAT CGG AAC GGG ACA CAT GTG GAT GCA GAT GCT CTG AGA AAA GTC TTT AGC AAC CTT CAT TTT ACA GTA GCA GAA TAC AAA GAC TGC ACT GCA GAG GAA ATC CGT AAC ATA GTG AAC AAC TAT CGG TGC ATG GAC CAC AAC AAC AAA GAC TGT TTT GTT TGC TGT ATT CTC TCT CAT GGA AAA AAA GAC ATT ATA TAT GGT GTT GAT GGG CAG GAA GTA CCT ATC CAA GAA CTG ACC ACT TCT TTC ACT GGG CAA AAT TGC CAA TCA CTT GCT GGA AAA CCA AAA GTC TTC TTT GTT CAG GCC TGC CAA GGT GAT GCT TAT CAG AAA GGT --- --- GTA ACC ATT --- GAA ACA GAT TCT GGG GAG CAA GAT TAT TCT CTA GAA ACA GAT --- GCA AGA TTT CAG CTG GAC TGC ATC CCC TCA GAG GCA GAC TTC CTC TTG GGC ATG ACT ACC CTG CAA GAT TAT GTC TCC TAC AGA AGC CCA AGC CAG GGG ACC TGG TAC ATA CAG TCA CTG TGC CAA CAC TTG GAG AGC AGC TGT CCT AGA GGA GAA GAT ATT CTC ACC ATA CTG ACA GCA GTG AAT CAA GAG GTG AGC AGC AAG ATT GAC AAG CAG AAT GCA GGG AAG CAA ATG CCA CAG CCC AGT TTC ACA CTG AGG AAA AAA CTC ATA TTT CCT GTA AAC 
Danio rerio                                --- --- --- --- --- --- --- --- --- --- --- --- --- --- --- --- --- --- --- --- --- --- --- --- --- --- --- --- --- --- --- --- --- --- --- --- --- --- --- --- --- --- --- --- --- --- --- --- --- --- --- --- --- --- --- --- --- --- --- ATG GAT --- CCT CAG ATC TTT CAC GAG ATT GAT GAG AAC CTG ACA AGC GGT GAT GTG GAC CAG CTG AAG TTT CTG TGC TTA GAT TTC ATT CCC AAA AGG CGT TTG GAG TCA GTG ACT GAT GCT AAA GAC CTG ATT CTG CGA CTG GAT GAG CAA GGA TTG CTT GAG GAT GAG CTG CTC TTC --- --- CCT GAA CTT CTG ATC ACA ATT GGC CGC ATT GAC TTG CTC --- GAG ATT CTG AAA AAA TCT AAA GAG GAA GTG GAA AGA AAT CTG CTA CGA TGT GAT AAT TCT CGT AAA GGT GTC TCA GCC TAT AGA AAG ATG CTA TTG AAA ATA TCT GAG GAC ATG ACA GAA GAA AAC TTT CGC GCA GCA AAG TTT CTT TTG --- --- GAT CTT CCA AGG GCA AAG CTG GGA AGA TCT ACT TCA TTT CTA GAT GCT TTG ATT GAG ATG GAA AAA CAA CAG AGG CTT GGG CCA GAC AAT CTG GAT GAA CTT TAC AGA ATT TTA GAA AAA TGT GAC AAA CAG CTG GCT GTT ATG ATC GAG AGG TTC AGG --- --- --- --- AAT CAG AGT CAC AGA GAC CAG GAA CAA GGA GGC AGA CTT CCT CTA GAA GAA GTT TTT CTC AAC AAC CCT GTA TCT GAA ACA ATG GAG AGA GAA AGG AGG AGA AAC TCT TCG GCT GGC ACA ATT ACT ACA GAC GCA GAA ACT CCA TTA AAT CCA AAT GAA TAT TAC ATA CTG ACC CAG CGG CCT CTT GGA TAC TGT CTA ATC ATC AAC AAC TAC AAC TTC TTG AAA AGT --- --- --- --- --- --- --- ACT AAC CTG CTC AAA CGA ACA GGC ACT GAT ATG GAC AAA GAT AGA CTT GCC AAA TTG TTT AGC AGA ATG CAT TTC CAG ATT GAG GTA CGG AAT GAT CTG GAA GCC TGG GCT ATA AAA GAT GAG ATA AAG CAG TTT GCA AAT AGG AAT CAT GCT TCA ATG GGT GCT TTT GTT TGC TGT ATT CTC TCA CAC GGA GAG AAG GGC ACA GTT TTG GGC ACA GAT GGT AAA CCA GTT GAA ATC CGA GAA GTT ACA CTG CCT TTT GCC GGA --- --- TGC AGA ACA CTA GCA AGC AAG CCC AAG CTT TTC TTT ATT CAA GCC TGC CAA GGA GAT GAG AAC CAG GCT GGT GTT TGG ACG TCG GAT GGA CGC GAG GAT GCT CCT GAG GAA GAC GAA AAA TAT GAG GAG GAT GCA GGA ATA ATA GTG CTC CGC AAA ATT CCA ATC GAA GCT GAT TTC CTG ATC GGA ATG GCC ACA GTA GAG CAC TAC CTC TCC TAC CGA CAC ACT AAA GAG GGC TCT ATC TTT ATC CAG GAG CTC TGT AAA AAG ATG GAG GAA TTG TGT CCC AAG AAA GAG GAC ATG TTG TCC ATC CTG ACA AAG GTG AAC TTT GAA GTG AGC AAA AGG ATT TTG AAG GGC TAC --- --- AAG CAG ATG CCA GAA CCA CGC TAC ACG CTG ACC AAG AAA CTA GTG CTG CCC ATA GAC 
Rattus norvegicus                          --- --- --- --- --- --- --- --- --- --- --- --- --- --- --- --- --- --- --- --- --- --- --- --- --- --- --- --- --- --- --- --- --- --- --- --- --- --- --- --- --- --- --- --- --- --- --- --- --- --- --- --- --- --- --- --- --- --- --- ATG GAT TTC CAC AGT TGT CTT TAC GAT ATT GCT GAA CGT CTG GGC AAC GAA GAA CTG GCT GCC CTC AAG TTC CTG TGC TTG GAC CAC ATC CCG CAG AAG AAG CAG GAG TCC ATC AAT GAT GTC CTG GTG CTA TTT CAG AGG CTG CAG GAA GAG GGG ATG TTG GAG GAA GAC AAT TTG TCC TTC CTG AAG GAG CTG CTT TTC CAT ATC AGT CGG CGG GAT CTG CTG AGC AGA GTC CTA AAA AGC AGC CCA GAG GAA ATG GTG AGG GAG CTG CAG GTT CTG GGC AAA GCC CAG --- --- GTT TCT GCC TAC AGG GTT ATG CTC TTT AAG CTC TCA GAA GAC ATG GAC AAG GAG GAT TTG AAA TCT TTT AAG TTC CTT TTG ATC ACT GAG ATC CCT AAA TGT AAA CTG CAA GAC AAC TCG AGC CTG CTT GAT ATT TTC GTA GAG ATG GAG AAG AGG ACT ATC CTG GCA GAA AAC AAC TTG GTT ACC CTA AAA TCA ATC TGT TTC CGG GTC AAC AGG AGC TTG CTG GGA AGG ATC GAC GAT TAC GAA --- --- CGA TCA AGC ACA GAG AGA AGA ATG AGC ACT GAA GGA GGG GAA GAG CTG CCA GTT TCT GTT TTG GAT GAG GTG --- --- --- --- --- ACC ATC AAA ATG CAG GAC ATG TGG GAC TCG CCA GGA GAG CAA GAG AGT GAG TCA CTA AAT --- --- --- TCA GAC AAC GTT TAC CAA ATG AAG AGC AAA CCT CGG GGG TAC TGT CTG ATC TTC AAC AAT AAT AAT TTC AGC AAA GCA CGG GAG GAC ATA CCC AAA CTC AGC AAC ATG CGG GAC AGA AAA GGA ACC AAC TAT GAT GAA GAG GCT CTG AGT AAG ACC TTT AAG GAG CTT CAT TTT GAG ATC GTG TCC TTC AGT GAT TGC ACA GCA AGT CAA ATC CAT GAG GTT CTA GTA TCC TAT CAA AGC AAG GAC CAC AAG GGC AAA GAC TGC TTC ATC TGC TGC ATC CTA TCA CAT GGG GAC AAG GGC ATC GTC TAC GGA ACG GAT GGG AAG GAA GCC TCT ATC TAT GAG CTG ACA TCT TAC TTC ACT GGC TCA AAG TGC CCT TCC CTG GCT GGA AAA CCC AAA ATC TTT TTT ATT CAA GCT TGT CAA GGA AAT AAC TTC CAG AAA GCG GTG CCT GTG CCT GAT --- GAG ACA GGC TTA GAA CAG GAG --- CAC GTT TTA GAA GAG GAT --- TCA TCA TCT TAC AAG AAC TAT ATC CCA GAT GAG GCA GAC TTT CTG CTG GGG ATG GCT ACT GTG AAA AAC TGT GTT TCC TAC CGA GAT CCC ACG CGT GGG ACC TGG TAT ATC CAG TCA CTT TGC CAG AGC CTG AGG GAA AGA TGT CCT CGA GGT GAG GAT ATT CTC AGC ATC CTG ACT GGC GTG AAC TAT GAT GTG AGC AAT AAA GAC AAC CCG AGG AAC ATG GGA AAG CAG ATG CCA CAG CCC ATC TTC ACA CTA CGG AAG AAG CTC TTC TTC CCT CCT AAC 
Homo sapiens                               ATG GAG GGA GGC AGA AGA GCC AGG GTG GTT ATT GAA AGT AAA AGA AAC TTC TTC CTG GGA GCC TTT CCC ACC CCC TTC CCT GCT GAG CAC GTG GAG TTA GGC AGG TTA GGG GAC TCG GAG ACT GCG ATG GTG CCA GGA AAG GGT GGA GCG GAT TAT ATT CTC CTG CCT TTT AAA AAG ATG GAC TTC AGC AGA AAT CTT TAT GAT ATT GGG GAA CAA CTG GAC AGT GAA GAT CTG GCC TCC CTC AAG TTC CTG AGC CTG GAC TAC ATT CCG CAA AGG AAG CAA GAA CCC ATC AAG GAT GCC TTG ATG TTA TTC CAG AGA CTC CAG GAA AAG AGA ATG TTG GAG GAA AGC AAT CTG TCC TTC CTG AAG GAG CTG CTC TTC CGA ATT AAT AGA CTG GAT TTG CTG ATT ACC TAC CTA AAC ACT AGA AAG GAG GAG ATG GAA AGG GAA CTT CAG ACA CCA GGC AGG GCT CAA --- --- ATT TCT GCC TAC AGG GTC ATG CTC TAT CAG ATT TCA GAA GAA GTG AGC AGA TCA GAA TTG AGG TCT TTT AAG TTT CTT TTG CAA GAG GAA ATC TCC AAA TGC AAA CTG GAT GAT GAC ATG AAC CTG CTG GAT ATT TTC ATA GAG ATG GAG AAG AGG GTC ATC CTG GGA GAA GGA AAG TTG GAC ATC CTG AAA AGA GTC TGT GCC CAA ATC AAC AAG AGC CTG CTG AAG ATA ATC AAC GAC TAT GAA --- --- GAA TTC AGC AAA GAG AGA AGC AGC AGC CTT GAA GGA AGT CCT GAT GAA TTT TCA AAT GGG GAG GAG TTG TGT --- --- --- --- GGG --- --- --- GTA ATG ACA ATC TCG GAC TCT CCA AGA GAA CAG GAT AGT GAA TCA CAG ACT --- --- --- TTG GAC AAA GTT TAC CAA ATG AAA AGC AAA CCT CGG GGA TAC TGT CTG ATC ATC AAC AAT CAC AAT TTT GCA AAA GCA CGG GAG AAA GTG CCC AAA CTT CAC AGC ATT AGG GAC AGG AAT GGA ACA CAC TTG GAT GCA GGG GCT TTG ACC ACG ACC TTT GAA GAG CTT CAT TTT GAG ATC AAG CCC CAC GAT GAC TGC ACA GTA GAG CAA ATC TAT GAG ATT TTG AAA ATC TAC CAA CTC ATG GAC CAC AGT AAC ATG GAC TGC TTC ATC TGC TGT ATC CTC TCC CAT GGA GAC AAG GGC ATC ATC TAT GGC ACT GAT GGA CAG GAG GCC CCC ATC TAT GAG CTG ACA TCT CAG TTC ACT GGT TTG AAG TGC CCT TCC CTT GCT GGA AAA CCC AAA GTG TTT TTT ATT CAG GCT TGT CAG GGG GAT AAC TAC CAG AAA GGT --- --- ATA CCT GTT --- GAG ACT GAT TCA GAG GAG --- CAA CCC TAT TTA GAA ATG GAT TTA TCA TCA CCT CAA ACG AGA TAT ATC CCG GAT GAG GCT GAC TTT CTG CTG GGG ATG GCC ACT GTG AAT AAC TGT GTT TCC TAC CGA AAC CCT GCA GAG GGA ACC TGG TAC ATC CAG TCA CTT TGC CAG AGC CTG AGA GAG CGA TGT CCT CGA GGC GAT GAT ATT CTC ACC ATC CTG ACT GAA GTG AAC TAT GAA GTA AGC AAC AAG GAT GAC AAG AAA AAC ATG GGG AAA CAG ATG CCT CAG CCT ACT TTC ACA CTA AGA AAA AAA CTT GTC TTC CCT TCT GAT 
Mus musculus                               --- --- --- --- --- --- --- --- --- --- --- --- --- --- --- --- --- --- --- --- --- --- --- --- --- --- --- --- --- --- --- --- --- --- --- --- --- --- --- --- --- --- --- --- --- --- --- --- --- --- --- --- --- --- --- --- --- --- --- ATG GAT TTC CAG AGT TGT CTT TAT GCT ATT GCT GAA GAA CTG GGC AGT GAA GAC CTG GCT GCC CTC AAG TTC CTG TGC TTG GAC TAC ATC CCA CAC AAG AAG CAG GAG ACC ATC GAG GAT GCC CAG AAG CTA TTT CTG AGG CTG CGG GAA AAG GGG ATG TTG GAG GAA GGC AAT CTG TCT TTC CTG AAA GAG CTG CTT TTC CAC ATC AGT CGG TGG GAC CTG CTG GTC AAC TTC CTA GAC TGC AAC CGA GAG GAG ATG GTG AGA GAG CTG CGG GAT CCA GAC AAT GCC CAG --- --- ATT TCT CCC TAC AGG GTC ATG CTC TTT AAG CTC TCA GAA GAA GTG AGC GAG TTG GAA TTG AGA TCT TTT AAG TTC CTT TTG AAC AAT GAG ATC CCC AAA TGT AAG CTG GAA GAT GAC TTG AGC CTG CTT GAA ATT TTT GTA GAA ATG GAG AAG AGG ACC ATG CTG GCA GAA AAT AAC TTG GAA ACC CTA AAA TCA ATC TGT GAC CAG GTC AAC AAG AGC CTG CTG GGG AAG ATC GAG GAT TAT GAA --- --- AGA TCA AGC ACA GAG AGA AGA ATG AGC CTT GAA GGA AGG GAA GAG TTG CCA CCT TCA GTT TTG GAT GAG ATG --- --- --- --- --- AGC CTC AAA ATG GCG GAA CTG TGT GAC TCG CCA AGA GAA CAA GAC AGT GAG TCA CGG ACT --- --- --- TCA GAC AAA GTT TAC CAA ATG AAG AAC AAA CCT CGG GGA TAC TGT CTG ATC ATC AAC AAT CAT GAT TTC AGC AAG GCC CGG GAA GAC ATA ACC CAA CTC CGA AAA ATG AAG GAC AGA AAA GGA ACA GAC TGT GAT AAA GAG GCT CTG AGT AAG ACC TTT AAG GAG CTT CAT TTT GAG ATA GTA TCT TAC GAC GAC TGC ACT GCA AAT GAA ATC CAC GAG ATT CTA GAA GGC TAC CAA AGC GCA GAC CAC AAG AAC AAA GAC TGC TTC ATC TGC TGT ATC CTA TCC CAC GGT GAC AAG GGT GTC GTC TAT GGA ACG GAT GGG AAG GAG GCC TCC ATC TAT GAC CTG ACA TCT TAC TTC ACT GGT TCA AAG TGC CCT TCC CTG TCT GGG AAA CCC AAG ATC TTT TTC ATT CAG GCT TGC CAA GGA AGT AAC TTC CAG AAA GGA --- --- GTG CCT GAT --- GAG GCA GGC TTC GAG CAA CAG AAC CAC ACT TTA GAA GTG GAT --- TCA TCA TCT CAC AAG AAC TAT ATT CCG GAT GAG GCA GAC TTT CTG CTG GGA ATG GCT ACG GTG AAG AAC TGC GTT TCC TAC CGA GAT CCT GTG AAT GGA ACC TGG TAT ATT CAG TCA CTT TGC CAG AGC CTG AGG GAA AGA TGT CCT CAA GGA GAT GAC ATT CTT AGC ATC CTG ACT GGC GTG AAC TAT GAC GTG AGC AAT AAA GAC GAC AGG AGG AAC AAG GGA AAG CAG ATG CCA CAG CCC ACC TTC ACA CTA CGG AAG AAG CTC TTC TTC CCT CCC --- 
Bos taurus                                 --- --- --- --- --- --- --- --- --- --- --- --- --- --- --- --- --- --- --- --- --- --- --- --- --- --- --- --- --- --- --- --- --- --- --- --- --- --- --- --- --- --- --- --- --- --- --- --- --- --- --- --- --- --- --- --- --- --- --- ATG GCG CTC ACC CAA TGT CTC TAT AAT ATT GGG GAG CAG CTG GGC AGT GAC GAC CTG GCT GCC CTC AAG TTC CTA AGC CGG GAC CAC ATC CCA TAT AGG AAG CAG GAA CCC ATC AAG GAT GCC TTG ATG CTA TTC CAG AGG CTC CAA GAA AAG AGA ATG TTG GAG GAA AAC AAT CTG TCC TTC TTG AAG GAG CTG CTT TTC CGA GTG AAT AGA CTG GAT CTG CTG CTT AAC TAC TTG TAT ACC AGC GAG GAG GAG ATG AAG AGG GAG CTT CAG ATA CCC GGC AGG GCC CAG --- --- ATC TCT GCC TAC AGG ATT CTG CTT TTC CAG ATT TCA GAA GAT GTG AAC AAA GTA GAA TTG AAG GAC TTT AAG TTT TTT TTG AGC CAG GAG ATT GCC AAA TGT AAG CTG GAT GAT GAC ATG ACT TTG CTT GAT ATT TTC GTG GAG ATG GAG AAG AGG ACC ATC CTA GGG GAA GAG AAC TTG GAC ACC CTG AAA AGA ATC TGT GAG CAG GTC AAC AAG AGC TTG CTG AAG AAA ATC TAT GAT TAT GAA --- --- GAA TTA AGA AAA GAG AGA AGA ATG AGC CTT GAA AGA GAT CCA TAT GCA TTT TCA AAT GAC ATG TCA CAA TCG CTT CCA GAG GAG GGC TAC TCT AAG ATG CCG GCC ATG TCA GAC TCT CCA --- GAA CAG GAC AGT GAG TTG CAG ACA --- --- --- TCT GAC ACA GTT TAC CGA ATG ACA AGC AAA CCT CGG GGA TAC TGT TTG ATC TTT AAC AAT TAT GAT TTT AGC ATA GCA CGG AAG CAG GTG CCT GAA CTT CAC GAC CTT AAG GAT AGG ACT GGA ACA GAC TTT GAT GCA GAC GCT TTG GAT AAG ACC TTT CGT GAA CTT CAT TTT GAG ATA GTG CAC TAC AAA GAC CTA ACA GCA AAG GGA ATC TGT GAG GTT CTA GAA TCC TAC CAG AAG AAG GAC CAC AAA AAC AAA GAC TGC TTC ATC TGC TGC ATC CTC ACC CAC GGA AAC AAG GGC ATC ATC TAT GGC TCC GAT GGG CAA GAA GCC TCC ATC TAT GAG CTG ACC TCT TAC TTC ACT GGC TTA AAG TGC CCT TCC CTT ATT GGC AAA CCC AAA ATC TTT TTT ATT CAG GCT TGC CAA GGG GAC AAG TAC CAG AAA GGT --- --- GTA GCC GTT --- GAG ACC GAC TCA GAA CAG ATG GAA GCC TAT TTA GAG GTG GAC --- TCA TCA CCT CAG AAG AGA TAT ATC CCA GAT GAG GCT GAC TTT CTG CTG GGG ATG GCC ACT GTG AAA AAC TAT GTT TCC TAC CGA AAC ATC TGG AAT GGG GCC TGG TAT ATC CAG TCA CTT TGC CAG AAT CTG AGA GAA AGA TGT CCT AGG GGT GAA GAC ATT CTG ACC ATC CTA ACC AAG GTG AAC TTC GAA GTA AGC AAA CTG GAT GAC AAG CAA CGT ATG GCC AAA CAG ATG CCA CAA CCT ACT TTC ACA CTG CGA AAA AAA CTC TTC TTT CCT CTT AAT 



Printing out site pattern counts


         7       1566  P G
G 2      235    287

Pan troglodytes                             --- --- AAA AAA AAA AAA AAA AAA AAA AAC AAC AAC AAC AAC AAC AAG AAG AAG AAG AAG AAG AAG AAG AAG AAT AAT AAT ACA ACA ACC ACC ACC ACT ACT ACT ACT AGA AGA AGA AGA AGA AGA AGA AGA AGA AGC AGC AGC AGC AGC AGC AGG AGG AGG AGG AGG AGG AGT AGT ATA ATC ATC ATC ATC ATG ATG ATG ATG ATG ATG ATG ATG ATT ATT ATT ATT ATT ATT ATT ATT ATT CAA CAA CAA CAA CAA CAC CAG CAG CAG CAG CAG CAG CAG CAG CCA CCA CCC CCC CCG CCT CCT CCT CCT CGA CGA CGA CTA CTA CTC CTC CTC CTC CTC CTG CTG CTG CTG CTG CTG CTG CTG CTG CTG CTG CTG CTG CTG CTG CTG CTT CTT CTT CTT CTT GAA GAA GAA GAA GAA GAA GAA GAA GAA GAA GAA GAA GAA GAA GAC GAC GAC GAC GAC GAC GAG GAG GAG GAG GAG GAG GAG GAT GAT GAT GAT GAT GAT GAT GAT GAT GAT GAT GAT GCC GCC GCC GCC GCG GCT GCT GGA GGC GGC GGC GGG GGG GGG GGT GTA GTC GTC GTG GTG GTG GTT TAC TAC TAC TAT TAT TAT TAT TCA TCA TCA TCC TCC TCC TCG TCT TCT TCT TGC TGC TGT TTA TTA TTC TTC TTC TTC TTC TTC TTC TTC TTC TTG TTG TTG TTG TTG TTT TTT TTT --- --- --- --- --- --- --- --- --- --- --- --- --- --- --- --- AAA AAA AAA AAA AAA AAA AAA AAA AAA AAA AAA AAA AAC AAC AAC AAC AAC AAC AAC AAG AAG AAG AAG AAG AAG AAT AAT AAT AAT AAT ACA ACA ACA ACA ACC ACC ACC ACG ACG ACT ACT ACT ACT ACT AGA AGA AGA AGA AGC AGC AGC AGC AGC AGC AGC AGG AGG AGG AGG AGT AGT AGT ATA ATA ATC ATC ATC ATC ATC ATC ATC ATC ATC ATC ATC ATC ATC ATC ATC ATG ATG ATG ATG ATG ATG ATT ATT ATT CAA CAA CAA CAA CAA CAA CAC CAC CAC CAC CAC CAG CAG CAG CAG CAG CAG CAG CAG CAT CAT CCA CCC CCC CCC CCC CCC CCG CCT CCT CCT CCT CCT CCT CGA CGG CGG CTC CTC CTG CTG CTG CTG CTG CTG CTG CTG CTT CTT CTT CTT GAA GAA GAA GAA GAA GAA GAA GAA GAA GAC GAC GAC GAC GAC GAC GAC GAC GAC GAC GAG GAG GAG GAG GAG GAG GAG GAG GAG GAG GAG GAG GAG GAG GAT GAT GAT GAT GAT GAT GAT GAT GAT GCA GCA GCA GCA GCC GCC GCC GCT GCT GCT GCT GGA GGA GGA GGA GGA GGA GGA GGA GGA GGC GGC GGG GGG GGG GGG GGG GGT GGT GTA GTA GTC GTC GTG GTG GTG GTT GTT GTT TAC TAC TAC TAC TAC TAC TAC TAT TAT TAT TAT TAT TCA TCA TCA TCA TCA TCC TCC TCC TCG TCT TCT TGC TGC TGC TGG TGT TGT TGT TGT TGT TGT TTA TTA TTC TTC TTC TTG TTG TTG TTG TTG TTG TTG TTT TTT TTT TTT TTT TTT
Gallus gallus                               --- --- --- AAA AAA AAA AAG AAG CAG --- AAT AAT ACA AGC GGC --- AAA AAG AAG AAG AAG AAG CGA GAG AAT CTG GAC ACA GTT --- ACC TCC --- ACA AGT TCC --- AAA AGC AGG CAG CGA GAG GCA GGG ACC AGC AGC CAC GGG TCG --- AAG AGA AGG AGG AGG --- AGG ATT ATA ATA ATT TTA --- ACT ATG ATG ATG CTG GCA GCC --- ATC ATC ATT CTG GCT GTC GTG GTT CGG CGG GCG GGG GTA --- CAA CAA CAA CAG CAG CAG CAG CAG --- CCA --- GAT ACT --- CCA CCC CCT AGA AGC CGG CTG CTG --- CTC CTC CTG TTA --- ATA ATG CCG CTA CTA CTC CTC CTG CTG CTG CTG CTG CTG TTG TTG CTC CTC CTC CTG CTT --- AAC ACT GAA GAA GAA GAC GAG GAG GAG GAG GAG GCA GTG --- GAA GAC GAC GAG GAG --- AAA AGC GAG GAG GAG GAG --- AAC AGT ATT CCT GAA GAC GAC GAG GAG GAT GTG --- CCC CCG GCG --- --- GCA --- --- GGA GGC --- AGC GGG --- GTG ATA TAT --- ATC GTG --- CAC TAC TTC --- CAA TTC TTT GAT TCA TCA CCA TCT TTC --- GTA TCT TGT TGC TGC TGT --- TTC --- TAT TTC TTC TTC TTC TTC TTT TTT AAG ATC ATG CTG CTT --- TTC TTT --- --- --- --- --- --- --- --- --- --- AAC CAA CTG GCA TGG TTA AAA AAA AAA AAA AAC AAG ACC CGA GAA GAA GAA GCA AAC AAT AGC GAA GAC GAT GCT AAA AAC AAG AAG AAT GCA AAC AAT AAT CAA GCC AAA ACA ACC GTG ACC AGA GTC ACT CTG ACA ACC ACT CTT GTT ACT GAC GAG GGC AGC AGC AGG ATG CTT GGT GTA AAA AAG AAG CGG AAC CAA CAG AAA GTA AAC ATA ATC ATC ATC ATT ATT ATT ATT CTG GCA GTA GTC GTG GTT AAA ACA ATG ATG ATG TCT ATA ATG GTT AAA AAA CAG CGG GAA GAT AGA CAC CAC CAT TAC CAA CAG CAG CAG CAG GAG TCT TGT CAT CAT CTG CCA CCA CCT GAA TAT CCC ACC AGA CAA CCA CCC TTT AGA AGG CGT CTC TGC CTC CTG CTG CTG CTG TTG TTG TTG ACA CTC CTT CTT AAC AGC AGC GAA GAA GAA GAG TCT TTA --- AAA ACT GAC GAC GAC GAC GAC GAT GAT AAC AAC ACA CAG GAA GAA GAA GAA GAA GAC GAG GAG GGA GGG AAA AGC GAT GAT GAT GAT GAT GAT TCA AGC GCA GCA GCC ACT GGG GTA GCA GCC GCT GCT AAA GAC GGA GGA GGA GGG GGG GGG GGG GAC GGT ATT CCT GAT GGC GGT GGG GGT GCA TCA ATT GGG CTG GTC GTG ATT GTC GTT GTC TAC TAC TAT TAT TAT TAT CAA CGT TAT TCT TGC AGA GCA GGA TCA TCT TCA TCC TCT CCC ACT TCT TGC TGC TGT TGG GCC TAT TGC TGC TGT TGT --- CTA CTT TTC TTT --- AGT CAA CTG GTG GTG TTA ACA TTC TTT TTT TTT TTT
Danio rerio                                 AAA GGT --- AAA AAG AGG AAG AAG GGC --- AAC TAC TCA AAA AAA --- CAA AAG AAG AGG CCT CGT AAA ACT GGC ATC CTG ACG CGA --- TCC GAG --- ACA CGC AAA --- GAA TCT ACC CAG CGC GAG CGA GGA ACA AGC TGC AAG GAG CCT --- CGC AGA AAT AGA AGG --- AGC ATT ATC ATC GTG CTT --- ACT ATG GTG TTG ATG --- GAC --- ATT ATT ATG ATA --- ATT GTC GCT CGT TTG AAC --- AAA --- AAA CAG CTG AAA CAG CTA GAA GAT --- TGT --- TCA CCC --- CCA CCA CCC AAG TTG ACA CTG CTG --- CTG TTG CTG CTG --- ATT TTT CTA CTC CTG CTA CTG CTC CTG CTG CTT GTG TTA --- ATG CTA CTG TTT CTC CTT --- GAC GGT GAG GAG GAT AAC AAT GAA GAA GAG GAG AAG GAT --- TCT ACA TTG GAT GAT --- --- GAA GAA GAA GAG GAG --- GAC GGA ATT AGA GAG GAC GAT GAT GAT GAC GAG --- GCT GCC GAC --- --- TCT --- --- AAA GAT --- GAT --- --- GTG GTG AAG --- ATG GTG --- TTC ATT TAT --- TTT CAC TTG GAA GAG TCT CCA CAG TTC --- ATA TCA GCA GCA TGT TGT --- CTG --- ATC --- --- ATT TAC TTG CTG TTT AAA CTT TTT TTG TTG --- GCA TTT AAT CCA CCT GAA GGA GTA GTT TCT TGG TTA --- GAA GAG AGA ATG --- AAA AAG AAG GCT AAG TAC ACC CGG --- CAG GAA --- TCA AAC CAC GAG GAC CAC GAG AAG AAT AAA GTT --- GAG ACA AAC AAC GAG GAA AAA ACT ACA AGG TCT GCC TTG GAA CTC GAG ACA GCC ACT ACA AGA CGC CAC GGC CAG CAG AAC AGA GAC AAT CAG CTC AAA CAA CGA GCT GGC ACA ATG ACG CAG GTT ATA ATC ATT ACA AGG ATC ATT ATC AGA ATT GAA TGT GTT ATG GAG AGG ATG CTG AGG GAG CTG ATT AAA ATA GTG GCA GCT GAC ACT CAT TAC GAT CGG CAA AAA CAA CAG GAA TGG CCT ATT CAC CAT GCT --- CCC GAA GTA GAA CCA TCG AGA AGA ACT CCT ATA CGA --- CTT CTC AAT CTG CTA CTG CTT GTT ATC CTT GCT GAA --- ATG CTA ACA AGC CCT AGG CCA GAG CAA GAC --- AAT GAG GAT AAT AGG GAT GAT GGT AAA TCT AGA GAT CAG GAG --- CCA CGC GAA TTT CTC GAA GAG AGT CCT AAT CTT ACT GAC GAT GAT GAT GAT ATC AAA AAA TTG AGT GCC GAA GTT GCT GCC AGA GCA GGG GAC AGC GGA GGA GGA GGC GGC GGT GGC GGC ACA GTT GAT GGA GGA GGA GGT GCC GAA ATT CAG GTA CTT --- GAT CTC TAT TAC TAC TTT AAC TAC TTG TTT CGA AAA TTC AAA AAA ATA GGA GAA GCA GCT ACA TCC TCA AAC CTG TCG CTG TGC GCT ATC AAC TAC TGC TGT TGT TTA GCA TAT --- TTT TTT CCA AAC --- CTT ATA ATG CTG CTA TTC TTC TTC TTT TTT
Rattus norvegicus                           --- --- --- AAG AAG AAA AAA AAG AGG --- AAC AAC AGC AAT AAA --- GAG AAG CCG AAA AAG AAG CCA AAT AGT TGT AAT ACA GTT --- AGC AGA --- ACT ATC AGC --- AAG AGC CGG AGT CGG AGG AGG GGG GAC AGC TGC AGC GAC CAC --- AAA AGG AAA AGG AAG --- AAC GTA ATC ATC ATC ATC --- TCG ATG ATG ATG ATG ATG GTG --- ATC ATT ATT CTC AGC ATC GTT ATT CAG CAG CGT ATC CAG --- CAG CAG CAG AAG CAG CAG CAG CAG --- CTG --- TCC CCG --- CCA CCC CCT CGA AGA CAT CTA CTA --- CTT CTC CTC CTG --- CGG CTG CTT CTG CTG CTC CTG TTG CTG CTG CTG CTG TTG CTG CTG CTC CTG CTT CTT CTT --- GAC GAA GAA GAG GAG GAT GAG GAT GTG GAA GAA GGC GAA --- AAC GGC AAC GAC GAT --- ACT GAA GAA GAG GAG GAG --- AAC CAA GAC GAC GAG GAT GAT GAA GAT GAT GAT --- GTC GCC GCT --- --- GCC --- --- GGT GGC --- GCT GGA --- GTG TTC GTT --- ATG GTG --- CAC GTC TAC --- TAT TAC TTT GAG TCA TCA CCT GCC TCC --- CCT TCT TCT TGT TGC TGT --- CTA --- TTC TTC TTC TTT TTC TTC TTC TTC CTG TTG TTG TTG CTG --- TTT TTC --- --- --- --- --- --- GTG --- CCT --- --- GAG ATC AAA ACC --- AAA AAA AAA AAA GTA AAA AAG AAA AAA ACA AAC GAC GGC AAC GAT GAC AAC AAC AAC AAG AAC AAG GGA AAG GTG AAA AAT AAT AAA TCT AAG ACC ACA GAC ACC AGT ACC ACA AAG ACA ACT ACT AAT ACG TCA AAC AGA GGA AGC AGC AAC AGA ATG AGC AGC CGG AGG AGG AGA AAG GGG AGT AGG GTG TCC GTC ATC ATC ATC ATC ATC ATC ATC TTC ATG ATC ACC GTC ATC AAA GAG AAG ATG ATG CAG GTT ATG ATT CGG CAA TAC CAA CAA --- AGC CAC AAT AAC TTC CAA AAG CAA CAG CTA AGT TAC CAA CAT CAT CCA CCC CCC TCT TCC CAC CCA CCT GAA CCT CCC CCT TCT CGA CGG CGG CTA AGC CTG CTG TTG CTA CTG CTG CTG CTG ACT CTC CTT CTG GAG AAG CTG GAA GAA GAA GAA GAG CGA GAC GAC GTT GAC GAT GAC GAT GAC GAC GAC GAG GAG GAG CGT GAG GAA GAG GAG TTG GAT GAG CAG GAG GAA AGT GAG GAG GAT AAT GAT GAT GGC GAT ACG GAA AGC GCA GCT TTC GCC GCA GCT GCT GCT GCA AAC GGA GGG GGG GGA GGA GGG GGG GGC GGA --- GTT GAG GGG GGA GGC GCG GCA ATG ATC ACT GTG ATC ATA GAT GTT GTT TAC TAC TAT TTC TAC TAC TAT TAT CAT TAC GTT TAT TCA TCA GTT TCA TTA TCC TCC TCA TGG TCT TCG TGC TGC TGC TGG GTG TGT TGT TGT TGC TGT --- TTA TCA TTC TTC TCA GAG TCA CTG CTA TAT TTG CCA TTT TTC TTT TTT TTT
Homo sapiens                                --- --- AAA AAA AAA AAA AAA AAA AAA AAC AAC AAC AAC AAC AAC AAG AAG AAG AAG AAG AAG AAG AAG AAG AAT AAT AAT ACA ACA ACC ACC ACC ACT ACT ACT ACT AGA AGA AGA AGA AGA AGA AGA AGA AGA AGC AGC AGC AGC AGC AGC AGG AGG AGG AGG AGG AGG AGT AGT ATA ATC ATC ATC ATC ATG ATG ATG ATG ATG ATG ATG ATG ATT ATT ATT ATT ATT ATT ATT ATT ATT CAA CAA CAA CAA CAA CAC CAG CAG CAG CAG CAG CAG CAG CAG CCA CCA CCC CCC CCG CCT CCT CCT CCT CGA CGA CGA CTA CTA CTC CTC CTC CTC CTC CTG CTG CTG CTG CTG CTG CTC CTG CTG CTG CTG CTG CTG CTG CTG CTG CTT CTT CTT CTT CTT GAA GAA GAA GAA GAA GAA GAA GAA GAA GAA GAA GAA GAA GAA GAC GAC GAC GAC GAC GAC GAG GAG GAG GAG GAG GAG GAG GAT GAT GAT GAT GAT GAT GAT GAT GAT GAT GAT GAT GCC GCC GCC GCC GCG GCT GCT GGA GGC GGC GGC GGG GGG GGG GGT GTA GTC GTC GTG GTG GTG GTT TAC TAC TAC TAT TAT TAT TAT TCA TCA TCA TCC TCC TCC TCG TCT TCT TCT TGC TGC TGT TTA TTA TTC TTC TTC TTC TTC TTC TTC TTC TTC TTG TTG TTG TTG TTG TTT TTT TTT --- --- --- --- --- --- --- --- --- --- --- --- --- --- --- --- AAA AAA AAA AAA AAA AAA AAA AAA AAA AAA AAA AAA AAC AAC AAC AAC AAC AAC AAC AAG AAG AAG AAG AAG AAG AAT AAT AAT AAT AAT ACG ACA ACA ACA ACC ACC ACC ACA ACG ACT ACT ACT ACT ACT AGA AGA AGA AGA AGC AGC AGC AGC AGC AGC AGC AGG AAG AGG AGG AGT AGT AGT ATA ATA ATC ATC ATC ATC ATC ATC ATC ATC ATC ATC ATC ATC ATC ATC ATC ATG ATG ATG ATG ATG ATG ATT ATT ATT CAA CAA CAA CAA CAA CAA CAC CAC CAC CAC CAC CAG CAG CAG CAG CAG GAG CAG CAG CAT CAT CCA CCC CCC CCC CCC CCC CCG CCT CCT CCT CCT CCT CCT CGA CGG CGG CTC CTC CTG CTG CTG CTG CTG CTG CTG CTG CTT CTT CTT CTT GAA GAA GAA GAA GAA GAA GAA GAA GAA GAC GAC GAC GAC GAC GAC GAC GAC GAC GAC GAG GAG GAG GAG GAG GAG GAG GAG GAG GAG GAG GAG GAG GAG GAT GAT GAT GAT GAT GAT GAT GAT GAT GCA GCA GCA GCA GCC GCC GCC GCT GCT GCT GCT GGA GGA GGA GGA GGA GGA GGA GGA GGA GGC GGC GGG GGG GGG GGG GGG GGT GGT GTA GTA GTC GTC GTG GTG GTG GTT GTT GTT TAC TAC TAC TAC TAC TAT TAC TAT TAT TAT TAT TAT TCA TCA TCA TCA TCA TCC TCC TCC TCG TCT TCT TGC TGC TGC TGG TGT TGT TGT TGT TGT TGT TTA TTA TTC TTC TTC TTG TTG TTG TTG TTG TTG TTG TTT TTT TTT TTT TTT TTT
Mus musculus                                --- --- --- AAG AAG AAA AAG AAG AGG --- AAC AAC AGC AAT GAC --- AAG AAG AGG AAA AAA AAG CGA GAG AGT TGT AAT ACA GAT --- AGC AAC --- ACT ACC TGC --- GAG AAC CGG AGT CGG AGG AGG GGG AGC AGC TGC AGC GGC CAG --- AGA AGA AAT AGG AAG --- AGT GTA ATC ATT ATC ATC --- TTG ATG ATG ATG ATG AAG AAG --- ATC ATT ATT CTC GTC ATC ATT ATT CAG CAG GAA AAC CAC --- CAG CAG CTG AAG CAG CGG CAG CGG --- CCA --- ACC CCA --- CCA CCC CCT CAA AGA CAC CTA CTA --- CTT CTT CTC CTG --- TGG CTG CTT CTG CTG CTC CTG CTG CTG CTG CTG CTG TTG CTG CTG CTC CTG CTT CTT CTT --- GAA GAA GAA GAG GAG GAA GAG GAC GTG GAA GAA GGC GAA --- GAC GGC GAC GAC GAT --- AAT GAA GAG GAG GAA GAG --- --- GAA GAC GAT GAT GAC GAA GAC GAT GAC GCT --- GCC CCC GCT --- --- GCC --- --- GGA GAC --- GCT GGA --- GTG TTC GTC --- GTG GTG --- TAC TTC TAC --- TAT TAT TTT TTG TCA TCA CCC GCC TCT --- CCC TCT TCT TGT TGC TGT --- CTA --- TTC TTC TTC TTT TTC TTT TTC TTC CAG TTG TTG TTG CTG --- TTT TTC --- --- --- --- --- --- --- --- --- --- --- CAG CTC AAA AGC --- AAG AAA AAG AAA GAA AAA AAG AAA CAA ACA AAA GAC AAC AAC GAT GAG AAC AAC AAC AAG AAC AAG GGG AAG GTA AAA AAT GAT AAG TCA AAG ACA ACA GAA ACC AGT ACC ACT AAG GCA ACG ACT ACT ACG TCA AAC AGA AGA AAC AGC AAA AGA ATG AGC AGC AAG AAG AGG AGA AAG AGG AGT AAG GTG GGC GTC ATC ATC ATT GTC ATG ATC ATC ATC CTG ATA ACC GTC ATC AAA GTG GCA ATG ATG GCG ATT ATG ATT CAG CAA CAC CAA GAA AAC CGA CAC CAT GAC TAC CAA AAG CAG CAG CGG AAT TAC CAA CAC CAT CCA ACC CCC TCC TCT CAC CCG CCT GAA CCT CCT CCT TCT CGA CGG CGG CTA AGC CTG CTG CTG CTA CTG CTG CTG CTG CTT CTC CTT CTG GAA AAG TTG GAA GAA GAA GAA GAG AGA GAC GAC GAA GAC GAT GAC GAC GAC GAC GAC GAG GAG GAG AAT GAA GAG GAG GAC TTG GAT GAG CAA GAG GAG GAC GAG GAC GAT AGT GAT GAT GGC GAT GTG AAA AGC GCC GCT GAC GCC GCA GCT GCT TCT GCA AAT GGG GGA GGT GGA GGA GGA GGG GGT GGA --- GTT GAG GGA GGA GGT GGA GCA ATG ATC ACC GTG ATC ATA GAT GTT GTT TAC TAC TAT TTC TAC TAT TAC TAT CAC TAT ACT TAT TCA TCA CCT TCA TTC TCC TCC TCC TGT TCT TCG TGC TGC TGC TGG ATG TGC TGC TGT TGT TGT --- TTA TCA TTC TTC TCA GAG TCA CTG CTA TGT TTG CCA TTT TTC TTT TTC TTT
Bos taurus                                  --- --- --- AAA AAA AAA AAG AAA CAA --- AAC CGT ACT AAA TAT --- AAG AAG AAG CTG AAG AAG GAG AAG AAT TGT AAT ACA ATA --- ACC AAC --- ACC ACT ACC --- AAA AGC CGA CAA AGA AGA AGG AGA AAC AGC AGC AAT AAC ACC --- AAG AGG AGG AGG AGG --- AGT GTG ATC ATC ATC ATT --- ATG ATG ATG ATG CTG ATG ATG --- GTG ATT ATT ATT CTT ATC ATC ATT CAG CAG CAG AGC TAT --- CAG CAG CAG CAG CAG CAG CAA CAA --- CCC --- CCC CCA --- CCA CCT CCT AGG AGA CGA CTG TTG --- CTT CTG CTC CTC --- CTG TTG CTT CTG CTG CTT CTA CTG CTA CTG CTG CTG CGG TTG CTG CTC CTT CTC CTT TTT --- GAT GAC GAA GAA GAG GAA GAG GAA AAG GAA GAG AAG GAA --- GAC GGC GAC GAC GCG --- CAG GAA GAG GAG GAG GAG --- AAT GAT GAT GAT GAA GAT GAT GAC GAT GAC AAT --- GCC GCC GCT --- --- GCC --- --- GGT GGC --- GGG GCC --- GTA TTC ATT --- GTG GTG --- CAC TAC TAC --- TTC TAT TTC GTA TCA TCA GCC GCC TCC --- CTT TCT GAC TGT TGC TGT --- CTA --- TTC CTC TTC TTC TTC TTC TTT TTC TTG TTG TTG TTG CTG --- TTT TTT --- --- CTT GAG --- CCA --- GAG --- --- --- ATG TCT AAG TAC --- ATA AAA AAA AAA GAA AAA ACA AAA GAA AAA ACA CAG AAC AAC AAC TAT AAC AAC AAG AAG AAC AAG AAG AAG GTG ACT AAT GAT AAA AAT AAG ACA ACC GCC GCC GAT ACC ACA AAG ACC ACT ACT ACA TCC AGA AGA AGA --- AGC AGC GAC AGA ATG AGA AGC AAG AAG AGG AGG AAA GAT AGT AAA GTA TCC ATC ATC ATC ATC ATC ATC ATC ATC TTT ATG ATA ACC GTC ATC AAA GTG AAG ATG ATG CCG GTT CTT ATT CAG CGA CAG CAG GGA GAA CAC CAC TAT GAC TAC CAA CAA CAG CAG CAG AAG TAC CAG CAC CAT CCA CCT CCC TCC CAC GCC CCA GCC CCA CCT ATC CCT CCT CGA CGG CGG CTC AAG CTG TTG TTG CTG CTG CTG CTA CTG CTT CTT CTT CTT GAA CGT GCA GAA GAA GAG GAA GAG GAA GAC AAC GAC GAC GAT GAC GAC GAC GAT GAC GAA GAG GAG AAT AAG GAA GAG GAG ATG TCA GAG CAG GAG GAA AAA TAT GAC GAT GAC GAC GAT GAC GAT TGG GCA AGC GCA GCC GAG GCC GCT GCT GCT ATT GGG GAG GGC GGA GGA AGA GGA GGG GGG GGC GGC GGC GAC GAC GGG GGG GGC GGT GCA ATG ATC ACC GTG ATC GTG GTT GTT GTT TAC TAC TAT TAC TAC TAT TAC TAT TGT TAT TAT TAT TCA TCA TCA TTG TCA TCC TCC ACC TCA TCT TCT CTA TGC TGC TGG TCG TAT TGC TGT TGC TGT --- TTA TTA TTC TTC TCT CAA TTA TTG CTA TTT TTG TTT TTT TTT TTT TTT TTT



    1    1    2    1    1    1    1    1    1    1    1    1    1    1    1
    2    1    2    1    1    1    1    1    1    1    1    1    1    1    1
    1    1    1    1    1    1    3    1    1    1    1    1    1    1    1
    1    1    1    1    1    1    2    1    1    1    1    1    1    1    1
    1    1    1    1    2    1    2    1    1    1    1    1    2    1    1
    1    1    1    1    1    1    1    1    1    1    1    1    1    1    1
    1    1    1    1    1    1    1    2    1    1    2    1    1    2    1
    1    1    1    1    1    1    1    1    1    2    1    1    1    1    1
    1    1    1    1    1    1    1    1    1    1    1    1    1    1    1
    1    1    1    1    1    1    1    1    1    1    1    1    1    1    1
    1    1    1    1    1    4    1    1    1    1    1    2    1    1    1
    1    1    1    1    1    1    1    1    1    2    1    1    1    2    1
    1    4    2    1    1    1    1    1    1    1    1    1    3    1    1
    1    1    1    1    1    1    1    1    1    1    1    1    1    1    1
    1    1    1    1    1    1    2    1    3    1    1    1    1    1    1
    1    1    1    1    1    1    1    2    1    1    1    1    1    1    1
    1    1    1    1    1    1    1    1    1    1    1    1    1    1    1
    1    1    1    1    1    1    1    1    1    1    1    1    1    1    1
    1    1    1    1    1    1    1    1    1    1    1    1    1    1    1
    1    1    1    1    1    1    1    1    1    1    1    1    1    1    1
    1    1    1    1    1    1    1    1    1    1    1    1    1    1    1
    1    1    1    2    1    1    1    1    1    1    1    1    1    1    1
    1    1    1    2    1    1    1    1    1    1    1    1    1    1    1
    1    1    1    1    1    1    1    1    1    1    1    1    1    1    1
    1    1    1    1    1    1    1    1    1    1    1    1    1    1    1
    1    1    1    1    1    1    1    1    1    1    1    1    1    1    1
    1    1    1    1    1    1    1    1    1    1    1    1    1    1    1
    1    1    1    1    1    1    1    1    1    1    1    1    1    1    2
    1    1    1    1    1    1    1    1    1    1    1    1    1    1    1
    1    1    1    1    1    1    1    1    1    1    1    1    1    1    1
    1    1    1    1    1    1    1    1    1    1    1    1    1    1    1
    1    1    1    1    1    1    1    1    1    1    1    1    1    1    1
    1    1    1    1    1    1    1    1    1    1    1    1    1    1    1
    2    1    1    1    1    1    1    1    1    1    1    1    1    1    1
    1    1    1    1    1    1    1    2    1    1    1    1

CODONML (in paml version 4.4b, July 2010)  torun.nuc
Model: One dN/dS ratio for branches Global clock  (2 genes: diff. rate & k&w)  
Codon frequency model: F3x4
ns =   7  ls = 556

Codon usage in sequences
--------------------------------------------------------------------------------------------------------------
Phe TTT 11 10 13  8 11  8 | Ser TCT  5  9  7  6  5  7 | Tyr TAT  9  9  3  6 10  7 | Cys TGT  7  6  6  7  7  8
    TTC 14 13  7 16 14 15 |     TCC  6  3  2  6  6  4 |     TAC 10  4  8  9  9  8 |     TGC  6  9  4  7  6  9
Leu TTA  5  5  3  2  5  1 |     TCA  8  6  5 10  8 10 | *** TAA  0  0  0  0  0  0 | *** TGA  0  0  0  0  0  0
    TTG 12  5 12  8 12  9 |     TCG  2  1  2  2  2  1 |     TAG  0  0  0  0  0  0 | Trp TGG  1  2  2  2  1  2
--------------------------------------------------------------------------------------------------------------
Leu CTT  9  7 10  6  9  8 | Pro CCT 12  5  7  8 12  7 | His CAT  2  3  2  4  2  2 | Arg CGT  0  2  2  2  0  0
    CTC  7 10  8  6  8  6 |     CCC  8  5  4  4  8  5 |     CAC  6  4  5  4  6  7 |     CGC  0  0  5  0  0  0
    CTA  2  3  7  7  2  6 |     CCA  3  6  8  5  3  5 | Gln CAA 11 11  5  7 11  7 |     CGA  4  3  5  3  4  3
    CTG 25 24 21 24 24 25 |     CCG  2  2  0  2  2  1 |     CAG 16 14 12 13 15 12 |     CGG  2  5  2  7  2  7
--------------------------------------------------------------------------------------------------------------
Ile ATT 13 11 14  4 13  8 | Thr ACT  9  9  7  6  9  5 | Asn AAT  8  7  9  8  8  8 | Ser AGT  5  3  2  6  5  6
    ATC 20  8 11 21 20 14 |     ACC  6  7  2  5  6  7 |     AAC 13 12 11 16 13 14 |     AGC 13 14  4 14 13 11
    ATA  3  6  7  1  3  2 |     ACA  6  9 13  5  6  4 | Lys AAA 20 20 23 17 20 13 | Arg AGA 15  7 11  5 15  8
Met ATG 17 12 13 14 17 13 |     ACG  2  0  2  2  2  2 |     AAG 17 15 14 20 18 27 |     AGG 11  7  9  8 10  7
--------------------------------------------------------------------------------------------------------------
Val GTT  4  6  7 10  4  3 | Ala GCT  6  4 10  6  6  6 | Asp GAT 21 14 21 17 21 14 | Gly GGT  3  4  5  1  3  3
    GTC  4  6  1  4  4  5 |     GCC  8  5  6  4  8  5 |     GAC 16 16 12 16 16 24 |     GGC  6  4  8  7  6  5
    GTA  3  6  3  2  3  2 |     GCA  4 13  7  4  4  5 | Glu GAA 23 19 24 16 23 23 |     GGA 13  6 10  8 13 10
    GTG  8 10  7  9  8  8 |     GCG  2  2  0  1  2  1 |     GAG 26 22 25 27 27 23 |     GGG  8 12  1  7  8  4
--------------------------------------------------------------------------------------------------------------

--------------------------------------------------
Phe TTT 13 | Ser TCT  5 | Tyr TAT 13 | Cys TGT  6
    TTC 11 |     TCC  6 |     TAC 10 |     TGC  6
Leu TTA  3 |     TCA  8 | *** TAA  0 | *** TGA  0
    TTG 12 |     TCG  1 |     TAG  0 | Trp TGG  2
--------------------------------------------------
Leu CTT 13 | Pro CCT  7 | His CAT  1 | Arg CGT  2
    CTC  6 |     CCC  3 |     CAC  5 |     CGC  0
    CTA  6 |     CCA  6 | Gln CAA  7 |     CGA  4
    CTG 18 |     CCG  1 |     CAG 19 |     CGG  3
--------------------------------------------------
Ile ATT  8 | Thr ACT  5 | Asn AAT  8 | Ser AGT  2
    ATC 18 |     ACC 10 |     AAC 11 |     AGC  8
    ATA  3 |     ACA  6 | Lys AAA 17 | Arg AGA 10
Met ATG 15 |     ACG  0 |     AAG 25 |     AGG  8
--------------------------------------------------
Val GTT  4 | Ala GCT  4 | Asp GAT 15 | Gly GGT  2
    GTC  1 |     GCC 12 |     GAC 22 |     GGC  7
    GTA  3 |     GCA  4 | Glu GAA 19 |     GGA  4
    GTG  8 |     GCG  1 |     GAG 22 |     GGG  6
--------------------------------------------------

Codon position x base (3x4) table for each sequence.

#1: Pan troglodytes
position  1:    T:0.17844    C:0.20260    A:0.33086    G:0.28810
position  2:    T:0.29182    C:0.16543    A:0.36803    G:0.17472
position  3:    T:0.23048    C:0.26580    A:0.22305    G:0.28067
Average         T:0.23358    C:0.21128    A:0.30731    G:0.24783

#2: Gallus gallus  
position  1:    T:0.17012    C:0.21577    A:0.30498    G:0.30913
position  2:    T:0.29461    C:0.17842    A:0.35270    G:0.17427
position  3:    T:0.22614    C:0.24896    A:0.24896    G:0.27593
Average         T:0.23029    C:0.21438    A:0.30221    G:0.25311

#3: Danio rerio    
position  1:    T:0.15546    C:0.21639    A:0.31933    G:0.30882
position  2:    T:0.30252    C:0.17227    A:0.36555    G:0.15966
position  3:    T:0.26261    C:0.20588    A:0.27521    G:0.25630
Average         T:0.24020    C:0.19818    A:0.32003    G:0.24160

#4: Rattus norvegicus
position  1:    T:0.18465    C:0.21162    A:0.31535    G:0.28838
position  2:    T:0.29461    C:0.15768    A:0.37344    G:0.17427
position  3:    T:0.21784    C:0.28838    A:0.19087    G:0.30290
Average         T:0.23237    C:0.21923    A:0.29322    G:0.25519

#5: Homo sapiens   
position  1:    T:0.17844    C:0.20074    A:0.33086    G:0.28996
position  2:    T:0.29182    C:0.16543    A:0.36989    G:0.17286
position  3:    T:0.23234    C:0.26580    A:0.22305    G:0.27881
Average         T:0.23420    C:0.21066    A:0.30793    G:0.24721

#6: Mus musculus   
position  1:    T:0.18542    C:0.21042    A:0.31042    G:0.29375
position  2:    T:0.27708    C:0.15625    A:0.39375    G:0.17292
position  3:    T:0.20833    C:0.28958    A:0.20625    G:0.29583
Average         T:0.22361    C:0.21875    A:0.30347    G:0.25417

#7: Bos taurus     
position  1:    T:0.19794    C:0.20825    A:0.31753    G:0.27629
position  2:    T:0.29278    C:0.16289    A:0.40000    G:0.14433
position  3:    T:0.22268    C:0.28041    A:0.20619    G:0.29072
Average         T:0.23780    C:0.21718    A:0.30790    G:0.23711

Codon usage in genes
--------------------------------------------------------------
Phe TTT 29 45 | Ser TCT 18 26 | Tyr TAT 17 40 | Cys TGT 16 31
    TTC 61 29 |     TCC 12 21 |     TAC 15 43 |     TGC 13 34
Leu TTA  9 15 |     TCA 17 38 | *** TAA  0  0 | *** TGA  0  0
    TTG 39 31 |     TCG  4  7 |     TAG  0  0 | Trp TGG  1 11
--------------------------------------------------------------
Leu CTT 34 28 | Pro CCT 26 32 | His CAT  1 15 | Arg CGT  4  4
    CTC 35 16 |     CCC 18 19 |     CAC 10 27 |     CGC  3  2
    CTA 19 14 |     CCA 17 19 | Gln CAA 21 38 |     CGA 14 12
    CTG 104 57 |     CCG  6  4 |     CAG 55 46 |     CGG 11 17
--------------------------------------------------------------
Ile ATT 46 25 | Thr ACT 18 32 | Asn AAT 23 33 | Ser AGT 12 17
    ATC 34 78 |     ACC 15 28 |     AAC 32 58 |     AGC 37 40
    ATA  9 16 |     ACA 14 35 | Lys AAA 48 82 | Arg AGA 36 35
Met ATG 51 50 |     ACG  1  9 |     AAG 75 61 |     AGG 38 22
--------------------------------------------------------------
Val GTT  7 31 | Ala GCT 13 29 | Asp GAT 57 66 | Gly GGT  6 15
    GTC 10 15 |     GCC 24 24 |     GAC 47 75 |     GGC 20 23
    GTA  8 14 |     GCA  7 34 | Glu GAA 69 78 |     GGA 14 50
    GTG 33 25 |     GCG  7  2 |     GAG 79 93 |     GGG 13 33
--------------------------------------------------------------

Codon position x base (3x4) table for each gene.


Gene #1
position  1:    T:0.16384    C:0.24674    A:0.31919    G:0.27023
position  2:    T:0.34465    C:0.14164    A:0.35836    G:0.15535
position  3:    T:0.21345    C:0.25196    A:0.19713    G:0.33747
Average         T:0.24064    C:0.21345    A:0.29156    G:0.25435

Gene #2
position  1:    T:0.19035    C:0.17958    A:0.31862    G:0.31144
position  2:    T:0.25090    C:0.18420    A:0.38738    G:0.17753
position  3:    T:0.24064    C:0.27296    A:0.24628    G:0.24012
Average         T:0.22730    C:0.21225    A:0.31743    G:0.24303

Sums of codon usage counts
------------------------------------------------------------------------------
Phe F TTT      74 | Ser S TCT      44 | Tyr Y TAT      57 | Cys C TGT      47
      TTC      90 |       TCC      33 |       TAC      58 |       TGC      47
Leu L TTA      24 |       TCA      55 | *** * TAA       0 | *** * TGA       0
      TTG      70 |       TCG      11 |       TAG       0 | Trp W TGG      12
------------------------------------------------------------------------------
Leu L CTT      62 | Pro P CCT      58 | His H CAT      16 | Arg R CGT       8
      CTC      51 |       CCC      37 |       CAC      37 |       CGC       5
      CTA      33 |       CCA      36 | Gln Q CAA      59 |       CGA      26
      CTG     161 |       CCG      10 |       CAG     101 |       CGG      28
------------------------------------------------------------------------------
Ile I ATT      71 | Thr T ACT      50 | Asn N AAT      56 | Ser S AGT      29
      ATC     112 |       ACC      43 |       AAC      90 |       AGC      77
      ATA      25 |       ACA      49 | Lys K AAA     130 | Arg R AGA      71
Met M ATG     101 |       ACG      10 |       AAG     136 |       AGG      60
------------------------------------------------------------------------------
Val V GTT      38 | Ala A GCT      42 | Asp D GAT     123 | Gly G GGT      21
      GTC      25 |       GCC      48 |       GAC     122 |       GGC      43
      GTA      22 |       GCA      41 | Glu E GAA     147 |       GGA      64
      GTG      58 |       GCG       9 |       GAG     172 |       GGG      46
------------------------------------------------------------------------------

(Ambiguity data are not used in the counts.)


Codon position x base (3x4) table, overall

position  1:    T:0.17868    C:0.20914    A:0.31887    G:0.29331
position  2:    T:0.29216    C:0.16547    A:0.37460    G:0.16777
position  3:    T:0.22867    C:0.26372    A:0.22465    G:0.28296
Average         T:0.23317    C:0.21277    A:0.30604    G:0.24801


Nei & Gojobori 1986. dN/dS (dN, dS)
(Pairwise deletion)
(Note: This matrix is not used in later ML. analysis.
Use runmode = -2 for ML pairwise comparison.)

Pan troglodytes     
Gallus gallus        0.2359 (0.3579 1.5174)
Danio rerio         -1.0000 (0.6040 -1.0000) 0.1979 (0.6148 3.1061)
Rattus norvegicus    0.3455 (0.2321 0.6718) 0.1672 (0.3949 2.3617)-1.0000 (0.6122 -1.0000)
Homo sapiens         0.1387 (0.0016 0.0114) 0.2368 (0.3549 1.4985)-1.0000 (0.6017 -1.0000) 0.3559 (0.2335 0.6560)
Mus musculus         0.3173 (0.2174 0.6849) 0.1969 (0.3910 1.9856)-1.0000 (0.6205 -1.0000) 0.4284 (0.1227 0.2864) 0.3263 (0.2161 0.6622)
Bos taurus           0.3042 (0.1727 0.5677) 0.1828 (0.3736 2.0435)-1.0000 (0.6061 -1.0000) 0.3316 (0.2357 0.7107) 0.3130 (0.1715 0.5481) 0.2986 (0.2318 0.7764)


TREE #  1:  (((((5, 1), (6, 4)), 7), 2), 3);   MP score: -1
lnL(ntime:  6  np: 11):  -7991.548696      +0.000000
   8..9     9..10   10..11   11..12   12..5    12..1    11..13   13..6    13..4    10..7     9..2     8..3  
 1.735153 1.039359 0.501772 0.483691 0.005745 0.214249 1.079347 2.106490 0.237170 1.938494 0.371658
SEs for parameters:
 0.100731 0.060201 0.026802 0.028517 0.002386 0.017554 0.062353 0.207423 0.022727 0.158905 0.031579
Note: Branch length is defined for the first gene (site partition).
For other genes, look at "rates for genes".

tree length =   5.71512 (1st gene)

(((((5: 0.005745, 1: 0.005745): 0.477946, (6: 0.214249, 4: 0.214249): 0.269442): 0.018081, 7: 0.501772): 0.537587, 2: 1.039359): 0.695794, 3: 1.735153);

(((((Homo sapiens: 0.005745, Pan troglodytes: 0.005745): 0.477946, (Mus musculus: 0.214249, Rattus norvegicus: 0.214249): 0.269442): 0.018081, Bos taurus: 0.501772): 0.537587, Gallus gallus: 1.039359): 0.695794, Danio rerio: 1.735153);

Detailed output identifying parameters

rates for 2 genes:     1  1.07935

gene # 1: kappa =   2.10649 omega =   0.23717
gene # 2: kappa =   1.93849 omega =   0.37166

Time used:  0:21
