
seed used = 1418756609
      5   1431

Bos taurus                                 --- --- ATG GCC GCT AGC CCC GCG CCC CTC GGC GGG CAC CCC CGC GTG CAG AGG CCG CAT CTG AGC AAG ATG GAG CGG ATG GTC GTG ACC ATG CAG GAC CCC GAC CAG GGC GTG AGG ATG CGG AGC CAG CGC CTG CTC GTC ACC GTC ATC CCG CAC GCG GTG AAC GGC AGC GAC ATC GTG GAG TGG CTG ATG CAG AAG TAC TCC ATC GCG GAG GAT GAG GCC CTG CAC CTG GGC AGC CTC CTC GTG CAG CAC GGC TAC CTC TAC CCG CTG CGC GAC CCC CGC CGC CTC GAG CTC CGG CCC GAT GAG ACG CCC TAT AGA TTC CAG ACG CCC TAT TTC TGG ACC AGC ACC CTG TGG CCA GCC --- --- --- --- GCC GAG CTG GAC TAT GCC ATC TAC CTG GCC AAG AAG AAC ATC CGA AAG CAG GGC GCC CTG GTG GAC CAC GAG AAG GAG CAC TAC CAG CAG CTG CAC AGG AAG ATC AAC CAC GCC TGG GAC CTG GTG ATG ATG CAG GCC CGG GAG CAG CTG CGG GCA GCT AAG CAG CGC AGG AAG GGG GAC AGG CTG GTC ATC GCG TGC CAG GAG CAG ACG TAC TGG CTG GTG AAC AGG CCC CCG CCA GGG GCC CCC AGC GTG CTG GAG CAG GGG CCA GGA CGG GGC CCC TGC --- ACG GCC GGG CGA GTG CCG ATG ACC AAG ACC CTG GAT TTC TAC AGG CGG GAG GTC GAG TGC TTA CGC AGG GCG CTG GGC CGA GCC CGG GTG AAG TCC TCC ACC TGC CTC GAG GCG TAC CTG AAG TTT AGC AGC CAG CAT GGG CCA CAT GAC CCC ATC ATG TCG GGG TGC CTG CCC AGC AAC CCC TGG GTC ACA GAC GAC GAT GCC TAC TGG GCC ATG AAC GCA CCC AGC GCG GCC GTG CCC ACC AGG CTC CGT GTG GAG CAG TGG GCC TTC AGC TTC CGG GAG CTC CTG GAA GAC CCC GTG GGA CGG GCC CAC TTC ATG GAC TTT CTC GGG AAA GAG TTC AGT GCC GAG AAC CTC AGC TTC TGG GAG GCC TGT GAG GAG CTG CGC CAC GGA GGC CAG GCC CAG GTC CCC GCC CTG GTG GAC GCA GTG TAC CAG CAG TTC CTG GCC CCC GGC GCC GCC CGC TGG GTC AAC ATC GAC AGC CGG ACG ATG GAG CAG ACT CTG GCG GGC CTG ACC CAG CCC CAC CGC CAC GTG CTG GAC GAC GCC CAG AGG CAC ATC TAC CTG CTG ATG AAA AAG GAC TCC TAC CCG CGC TTC TTG AAG TCA GAC TTG TAC AGA GAC CTG CTG GCA GAG GCT GTG GTG CCC CTG GAG ACC AAG CGA CGG GTG TTC CCG TTC ACG CGG AAG CCC CGG CAC TCC AGC CCC AGC CCT GCT CTC CTT CCC GCC TCG GCC TCT GGG GAG CCC GTG --- --- --- GGT GGA GAT GGT GAT GGG GAG ACC --- --- 
Homo sapiens                               --- --- ATG GCC GCC GGC CCC GCG CCG CCC CCC GGC CGC CCC CGG GCG CAG ATG CCG CAT CTG AGG AAG ATG GAG CGG GTG GTC GTG AGC ATG CAG GAC CCC GAC CAG GGC GTG AAG ATG CGG AGC CAG CGC CTG CTG GTC ACC GTC ATT CCC CAC GCG GTG ACA GGC AGC GAC GTC GTG CAG TGG TTG GCC CAG AAG TTC TGC GTC TCG GAG GAG GAG GCC CTG CAC CTG GGC GCC GTC CTG GTG CAG CAT GGC TAC ATC TAC CCG CTG CGC GAC CCC CGT AGC CTC ATG CTC CGG CCA GAC GAG ACG CCC TAC AGG TTC CAG ACC CCG TAC TTC TGG ACA AGT ACC CTG AGG CCG GCT --- --- --- --- GCA GAG CTG GAC TAT GCC ATC TAC CTG GCC AAG AAG AAC ATC CGA AAA CGG GGG ACC CTG GTG GAT TAT GAG AAG GAC TGC TAT GAC CGG CTA CAC AAG AAG ATC AAC CAC GCA TGG GAC CTG GTG CTG ATG CAG GCG AGG GAG CAG CTG AGG GCA GCC AAG CAG CGC AGC AAG GGG GAC AGG CTG GTC ATT GCG TGC CAG GAG CAG ACC TAC TGG CTG GTG AAC AGG CCC CCG CCC GGG GCC CCC GAT GTG CTG GAG CAG GGT CCA GGG CGG GGA TCC TGC --- GCT GCC AGC CGT GTG CTC ATG ACC AAG AGT GCA GAT TTC CAT AAG CGG GAG ATC GAG TAC TTC AGG AAA GCG CTG GGC AGG ACC CGA GTG AAG TCC TCC GTC TGC CTT GAG GCG TAC CTG AGT TTC TGC GGC CAG CGT GGA CCC CAC GAT CCC CTC GTG TCG GGG TGC CTG CCC AGC AAT CCC TGG ATC TCA GAC AAT GAC GCC TAC TGG GTC ATG AAT GCC CCC ACG GTG GCT GCC CCC ACG AAG CTC CGT GTG GAG AGA TGG GGC TTC AGC TTC CGG GAG CTC CTG GAG GAC CCC GTG GGG CGG GCC CAC TTC ATG GAC TTT CTG GGA AAG GAG TTC AGT GGA GAA AAC CTC AGC TTC TGG GAG GCA TGT GAG GAG CTT CGA TAT GGA GCG CAG GCC CAG GTC CCC ACC CTG GTG GAT GCC GTG TAC GAG CAG TTC CTG GCC CCC GGA GCT GCC CAC TGG GTC AAC ATC GAC AGC CGG ACC ATG GAG CAG ACC CTG GAG GGG CTG CGC CAG CCC CAC CGC TAT GTC CTG GAT GAC GCC CAG CTG CAC ATA TAC ATG CTC ATG AAG AAG GAC TCC TAC CCA AGG TTC CTG AAG TCT GAC ATG TAC AAG GCC CTC CTG GCA GAG GCT GGG ATC CCG CTG GAG ATG AAG AGA CGC GTG TTC CCG TTT ACG TGG AGG CCA CGG CAC TCG AGC CCC AGC CCT GCA CTC CTT CCC ACC CCT GTG GAG CCC ACA GCG GCT --- --- --- TGT GGC CCT GGG GGT GGA GAT GGG GTG GCC 
Canis lupus familiaris                     --- --- --- --- --- --- --- --- --- --- --- --- --- --- --- --- --- --- --- --- --- --- --- ATG GAG CGA GTG GTC GTG AGC ATG CAG GAC CCC GAC CAG GGC GTG AAG ATG CGG AGT CAG CGC CTG CTC ATC ACC GTC ATT CCG CAC ACG GTG GCT GGC GGC GAC ATC GCG GAG TGG CTG ATC CAG AAA TAC TGC CTC TCC GAG GAG GAG GCC CTG CAC CTG GGC ACC CTC CTG GTG CAG CAC GGC TAC CTG TAC CCT CTG CGC GAC CCC CGC AGC CTT GTG CTC CGG CCC GAC GAC ACA CCC TAC AGG TTT CAG ACG CCC TAT TTC TGG ACG AGC ACC CTG GGG CCA GCC --- --- --- --- ACG GAG CTG GAC TAC GCC ATC TAC CTG GCC AAG AAG AAC ATC CGA AAG CAG GGG GCC CTG GTC GGC CAT GAG AAG GAG CAC TAT GAC CAG TTG CAC AGG AAG ATG AAC CAC GCG TGG GAC CTG GTG GTG GTG CAG GCC AGG GAG CAG CTA CGG GCA GCT AAG CAG CGC AGG AAG GGG GAC AGG CTG GTT ATC GCG TGC CAG GAG CGG ACG TAC TGG CTG GTG AAC AGG CCC CCG CCG GGC ATC CCT AGC GTC CTG GAG CAA GGT CCA GAG CGC AGC TCC TGC GCC GCC GCC GGG CGA GCG CAG CTG ACC CAG AGC CCG GAG TTC TAC AGG CAG GAA GTG GAC CCT CCC AAA AAG GCC TTG CCC AGG CCC CGG GTA AAT TCC --- --- --- --- --- --- --- --- --- --- --- --- --- --- --- CCC TTT TCC CCA --- --- --- --- --- --- --- --- --- --- --- --- --- --- --- --- --- --- --- --- --- --- --- AAG GCC GTG GCG GTG CCC ACA AAG CTC CGC GTG GAG CGG TGG GGC TTC AGC TTC CAA GAG CTC CTG GGA GAC CCC GTG GGA CGG GCC CAT TTC TTG GCC TTC CTG GGG ACG GAG TTC AGT GCC GAG AAC CTC AGC TTC TGG GAG GCG TGC GAG GAG CTG CGC TAC GGA GGG CAG GCC CAG GTC CCC GCG CTG GTG GAC TCG GTG TAC CAG CAG TTC CTG GCC CCC GGC GCC GCC CGC TGG GTG AAC GTG GAC AGC CGC ACG ATG GAG AGC ACG CTG GCG GGA CTG CGG CGG CCA CAC CGC TAC GTG CTG GAC GAC GCG CAG CTG CAC ATC TAC ATG CTG ATG AAG AAG GAC TCG TAC CCG CGG TTC CTG AAG TCG GCA GCG TAC AGG GAC CTG CTG GCG GTC GCC GTG GTC CCC GCG GAG GCC AGG AGA CGG GCC TTT CCG TTC CTG CGG AAG CCG CCA CAC CCG AGC CCC AGC CCC ACG CTC CTT CCC GCC TCC ACA TCT GCA GAG CCT GTG ACT GCT GCA AGT GAC CCT GCG TGC GGG GAC AGG GGC ACC 
Danio rerio                                --- --- ATG ACC ATC AAC ACA CTC AGC CAG GAT GGC GTG CAG AGA CAG CAA ATG CCC TGT TTG ACC AAG ATG GAG CGC ATG ATC ATT TCT ATG CAG GAC CCC GAT ATG GGC ATC AAG CTG CGC AAC CAG CGT CTG CTT ATT ACA GTC ATC CCA CAT GCA ATG ACC GGT GCA GAC ATT GTT GAA TGG CTG ATT AAG AAG TTA ACT ATT TCT GAT GAA GAA GCA GCG CAC ATT GGA CAG TTC CTC GTG AAG TAT GGC TAC ATT TAC CCT TTA AAA GAA CCC AGA AAC CTT ATT CTG AAA GCT GAC GAA TCA GCA TAT CGT TTT CAG ACA CCG TAT TAC TGG ATG TCT ACA CGC TGG CCT GCT --- --- --- --- TCA GAA CTA GAC TAT GCA ATC TAC CTG GCC AAG AAG AAT ATC AGA AAA CAA GGA GAA TTA ATC GAG TAT GAA AAG GAG TGC TAT AAT GCT TTA CAT AAA CGT ATC AAC CAC ACC TGG GAC TTT GTT GTG ATG CAG GGA AGA GAG CAG CTC AGG GCA TCA AAA CAG CGT CGG AAG GCA GAT CGT ATA GTG CTG GAG TGT CAG GAA CAA GCG TTC TGG CTA GTG AAC AGA CCT CCT CCG GGG ACA CTG GAT ATT ATG AAT TAT GGG CCC GAG AGA AGA ACA ATG --- --- AAC ACA CGC GTG CAG CTG --- --- AAT GCA GAA TTC TAC AAA AAA GAG ATT GAA CAC AAC AGG ATG AGC CTG GCG AGG AAT CGT GTC AAG TCC TCA ATC TGC CTT GAG AGC TAT GTG AAG TAC TGT GAG CAG TAC CAG CCT CAT GAC CCC ATA ATG CAA GGG TGT CTT CCC AGC AAT CCC TGG ATT ACA GAT GAT GTG CTG TTT TGG AAC ATG AAC TCT GAA GCG ATT GCT GTT CCC ACT AAA CTG CGT GTG GAG CGC TGG AGC TTC AGC TTC ACG GAG CTG CTG GAC GAC CCG ATG GGC AGA AAA GAG TTC CTC ATT TAT CTG GAG AAA GAG TTC AGC GCG GAG AAC TTG TGC TTC TGG CTG GCC TGT GAG GAC GTT CGT CAT GGA GAG AGC TCC AAA ATT CCT GAG AAA GTG GAC GAG GTT TAC AAG --- --- --- --- --- --- --- ATT CGT TCC CTC GCT ATT --- --- --- --- --- --- --- --- --- --- --- --- --- --- --- --- --- --- --- --- --- --- --- --- --- --- --- --- --- --- --- --- --- --- --- --- --- --- --- --- --- --- --- --- --- --- --- --- --- --- --- --- --- --- --- --- --- --- --- --- --- --- --- --- --- --- --- --- --- --- --- --- --- --- --- --- --- --- --- --- --- --- --- --- --- --- --- --- --- --- --- --- --- --- --- --- --- --- --- --- --- 
Mus musculus                               ATG GCC ATG GTT ACC CGC TGC ACA CCC CAC GGC GGG TGC TCC CGA ATG CAG AGA CCG CAT CTC AGC AAG ATG GAG CGG GTA GTC GTG AGT ATG CAG GAC CCT GAC CAA GGC GTG AAG ATG CGG AGC CAG CGC CTT CTG ATC ACT GTC ATT CCC CAC GCG GTA GCG GGC AGA GAC CTC GTG GAA TGG CTG GTT CAG AAG TTC TGC ATC TTG GAG GAT GAA GCC CTG CAC CTG GGC ACA CTC CTG GCG CAG CAC GGC TAC ATC TAC CCA CTG CGT GAG TCC CGA GAC CTG ACA CTC AGG CCG GAC GAG ACC CCC TAC AGG TTC CAG ACA CCC TAC TTT TGG ACA AGC ACT ATG TGG CCA GCT --- --- --- --- GCT GAG CTA GAC TAT GCC ATC TAT CTG GCT AAG AAG AAC ATC CAA AAA CAA GGG GCT TTA GTG GAC TAT GAG AAG GAA CAT TAT GCC CTG CTG CAC AAG AAG ATC AAC CAT GCA TGG GAT CTG GTA TTG ATG CAG GCT CGA GAG CAG CTG CGG GCT GCT AAG CAG CGG CGG AAG GGA GAC AGA ATG GTC ATT TCG TGT CAG GAG CAG ACA TAC TGG CTG GTG AAT AAG CCC CCT CCT GGG GCA CCT AAC ATT TTG GAG CAG GGT CCT GAG AGG GGC TCT TAC --- AAC CCC AGT CAC ATG CAG ATG --- --- AGC TCG GAT TTC TAT AAG TGT GAG ATC GAG TGC TTC AGG AAG GCA CTG GGC AGG AAC CGG GTG AAG TCC TCT GCC TGC CTC GAG GCG TAC CTG AAG TTC AGC AGC CAG CAC GGG CCG CAT GAT CCC ATC ATG TCA GGG TGT CTG CCC AGC AAC CCC TGG ATC ACA GAT GAT GTC ACC TAC TGG GCC ATG AAT GCG CCC AAC GTG GCT GCC CCC ACA AAA CTC CGC GTT GAG CGA TGG AGC TTC AGC TTC CGG GAG CTG CTG GAT GAC CCC GTG GGG CGT GCC CAC TTC ATG GAC TTT CTC CAG AAG GAA TTC AGT GCG GAA AAC CTC AGC TTC TGG GAG GCA TGT GAG GAG CTG CGC TTT GGC GGA CAG GCC CAG GTC CCC ACC TTG GTG GAC TCT GTG TAT CAG CAG TTC CTG GCC CCT GGA GCT GCC CGC TGG ATC AAC ATT GAC AGC AGG ACG ATG GAG CGG ACC CTG GAG GGT CTG CGC CAG CCA CAC CGC TAT GTC CTG GAT GCA GCA CAG CTT CAC ATC TAC ATG CTC ATG AAG AAG GAC TCC TAT CCA AGG TTC CTG AAG TCT GAC ATA TAC AAG GGC CTG CTG GAG GAA GCT GTG ATT CCA CTG GAG ACA AAG CGC TGG CCA TTT CCA TTC TTG CGG AAG CCT CTG CAC TCA AGC CCC AGC CCT GCT CTC CAG TCT ACC CCC AGG GAG CCT GCA GCA ACC --- --- --- AGT TCC CCT GAA GGT GCC GAT GGG GAG --- 



Printing out site pattern counts


         5       1272  P G
G 2      323    101

Bos taurus                                  --- --- --- --- --- --- --- --- --- AAC AAC AAC AAC AAC AAC AAG AAG AAG AAG AAG AAG AAG AAG AAG AAG AAG ACA ACC ACC ACC ACC ACC ACC ACC ACC ACC ACG ACG ACG ACG ACG AGA AGC AGC AGC AGC AGC AGC AGC AGC AGC AGC AGC AGC AGG AGG AGG AGG AGG AGG AGG AGG ATC ATC ATC ATC ATC ATC ATC ATG ATG ATG ATG ATG ATG ATG ATG ATG CAC CAC CAC CAC CAC CAC CAC CAC CAG CAG CAG CAG CAG CAG CAG CAG CAG CAG CAT CAT CAT CCA CCA CCA CCA CCC CCC CCC CCC CCC CCC CCC CCC CCC CCC CCC CCC CCC CCC CCC CCC CCC CCC CCC CCC CCG CCG CCG CCG CCG CCG CCT CGA CGA CGA CGA CGC CGC CGC CGC CGC CGC CGC CGG CGG CGG CGG CGG CGG CGG CGG CGG CGG CGG CGT CTC CTC CTC CTC CTC CTC CTC CTC CTC CTG CTG CTG CTG CTG CTG CTG CTG CTG CTG CTG CTG CTG CTG CTG CTG CTG CTG CTG CTG CTG CTG CTG CTT GAC GAC GAC GAC GAC GAC GAC GAC GAC GAG GAG GAG GAG GAG GAG GAG GAG GAG GAG GAG GAG GAG GAG GAG GAT GAT GAT GAT GAT GAT GCA GCA GCA GCC GCC GCC GCC GCC GCC GCC GCC GCC GCC GCC GCC GCC GCC GCC GCC GCG GCG GCG GCG GCG GCG GCG GCT GCT GCT GCT GGA GGA GGC GGC GGC GGC GGC GGC GGC GGG GGG GGG GGG GGG GGG GGG GGG GGG GGT GGT GTC GTC GTC GTC GTC GTC GTG GTG GTG GTG GTG GTG GTG GTG GTG GTG GTG GTG GTG GTG GTG GTG GTG GTG TAC TAC TAC TAC TAC TAC TAC TAC TAT TAT TAT TCC TCC TCC TCC TCG TCG TCT TGC TGC TGC TGC TGC TGG TGG TGG TTA TTC TTC TTC TTC TTC TTT AAA AAA AAC AAC AAG ACC ACG ACT AGA AGC AGC AGC AGG AGT ATC ATC ATG ATG CAC CAC CAC CAC CAG CAG CAG CAG CAG CAG CAG CCC CCC CCC CCC CCG CGC CGC CGC CGC CGG CGG CGG CTC CTC CTC CTG CTG CTG CTG CTG CTG GAA GAC GAC GAC GAC GAC GAC GAC GAG GAG GAG GAG GAG GAG GCA GCC GCC GCC GCC GCC GCC GCC GCC GCC GCC GCG GGA GGA GGC GGC GGC GGG GTC GTC GTG GTG GTG GTG TAC TAC TAC TCA TCC TGG TGG TGT TTC TTC TTG TTG TTT
Homo sapiens                                --- --- --- --- --- --- --- GCC GTG AAC AAC AAC AAT AAT ACA AAA AAG AAG AAG AAG AAG AAG AAG AAG AGG AGT TCA ACA ACC ACC ACG AGC AGT ATG GGG GTC ACC ACC ACG ACG GCT AGG ACG AGC AGC AGC AGC AGG AGT GAT GCC GGC GGC TGC AAA AAG AAG AAG AGC AGG AGG ATG ATC ATC ATT ATT CTC GTC GTC ATG ATG ATG ATG ATG CTG GCC GTG GTG CAC CAC CAC CAC CAT CGC TAT TGC CAG CAG CAG CAG CAG CAG CAG CGG CGG GAC CAC CAT CGT CCA CCC CCC CCG CCA CCA CCC CCC CCC CCC CCC CCC CCC CCC CCC CCC CCC CCC CCC CCG CCG CCG GCG TCC CCC CCG CCG CCG CCG CTC CCT AGA AGG CGA CGT AGC AGG CGC CGC CGC CGG CGT AGG AGG CGA CGC CGG CGG CGG CGG CGG CGG TGG CGT ATC CCC CTC CTC CTC CTG CTG CTT GTC CTA CTC CTG CTG CTG CTG CTG CTG CTG CTG CTG CTG CTG CTG CTG CTG CTG CTG CTG CTG CTG GCA TTG CTT AAT GAC GAC GAC GAC GAC GAT GAT GCC ACA ATG CAG GAC GAG GAG GAG GAG GAG GAG GAG GAG GAG GAG GAT CCT GAC GAC GAG GAT GGT GCA GCA GCC ACC ACC ACC GCA GCA GCC GCC GCC GCC GCC GCC GCG GCT GCT GTC GTG GCG GCG GCG GCG GCG GTG TCG GCA GCC GCC GCT GGC GGG CCC GGA GGC GGC GGC GGC GGG AGC CCC GGA GGA GGC GGG GGG GGG GGT GGG TGT ATC ATC GTC GTC GTC GTC ATC GCC GCG GCT GGG GTG GTG GTG GTG GTG GTG GTG GTG GTG GTG GTG GTG GTG CAT TAC TAC TAC TAC TAC TAT TTC TAC TAC TAT TCC TCC TCG TGC CCT TCG GAG TAC TGC TGC TGC TGC AGG TGG TGG TTC TTC TTC TTC TTC TTT TTC AAG AAG AAC AAC AAG CGC ACC ACC AAG AGC AGC AGC CTG AGT ATA ATC ATG ATG CAC CAC TAT TAT AGA CAG CAG CAG CAG CAG GAG CCC CCC CCC CCC CCA AGG CAC CGA CGC CGG CGG CGG CTC CTC CTG ATG CTC CTG CTG CTG CTT GAG GAC GAC GAC GAC GAC GAT GAT GAA GAG GAG GAG GAG GAG GCC ACC GCA GCC GCC GCC GCC GCC GCT GGA GGC GAG GGA GGG GCG GGA GGG GGA GTC GTC GTC GTG GTG GTG TAC TAC TAC TCT TCC TGG TGG TGT TTC TTC ATG CTG TTT
Canis lupus familiaris                      --- --- --- ACT GCA GCC GCT ACC GGC AAC AAC AAC --- --- GCT AAG --- AAA AAG AAG AAG AAT AGG CAG AAG --- --- ACG ACC ACC ACA AGC AGC GCC AGG --- ACG ACG ACA CTG GCC AGG GCC --- AGC AGT GGC --- AGC AGC ACC --- --- --- AAG AAG AAG AGG AGG AGG AGG --- ATC ATG ATC ATT --- ATC CTC --- ATG ATG CTG GTG GTG ATC --- GTG CAC CAC CAC CAC CAC --- CAT CAC --- --- CAA CAG CAG CAG CGG CAG CAG GAC TTT --- --- CCA CCC CCG CCA CCC CCG --- --- --- AAG CCA CCC CCC CCC CCC CCC CCC CCC CCT --- CCC CCC CCT TCC CCG --- CCG CCG CCT CAG CCC AGA AGG CGA CGA AGC AAA CGC CGC CGC --- CGC AGG CGG CGG CGG CAG CCA CGA CGC CGG CGG CGG CGC CTG --- CTC CTC CTT CTC CTG --- CTC TTG CTG --- --- --- CTA CTG CTG CTG CTG CTG CTG CTG CTG CTG CTG CTG CTG CTG GCG TTG CCG CTG CTT --- --- GAC GAC GAC GAC GGC TCC GAC GAG GTG GAG GAG --- GAA GAC GAG GAG GAG GAG GAG GAG GTC GAC CCT --- GAC GAG GAG TGC GCA GCG --- CCC GCC GCC ACG GCG --- --- ATC GCC GCC GCC GCC GCC GCG --- ACA --- --- ACG GCC GCG GTG TCC ACG --- GCT GCC GAC GAG --- AGC CCC GGC GGC GGC GGG GGG GCA --- GGG --- --- GGC GGG GGT GCG AGT --- GTG ATC GTC GTC GTT GTC GTG --- GTG GTG GCC GCG GCG GTA GTC GTC GTG GTG GTG GTG GTG GTG GTG TAC --- --- TAC TAC TAC TAT TAC TAC TAT TAC --- TCC CCG TGC TCC --- TCT CCT --- --- TGC TGC GGG --- TGG CCC TTC TTC TTT TTT TTC --- AAG ACG AAC AAC AAG CGG ACG ACG AGG AGC AGC AGC CTG AGT ATC GTG ATG TTG CAC CAT TAC TAC CGG AGC CAG CAG CAG CGG CAG CCA CCC CCC CCC CCG CGG CGC CGC CGC CAA CGC CGG CTC CTC CTG ATG CTG CTG CTG CTG CTG GGA GAC GAC GAC GCA GCC GAC GAC GAG GAG GAG GAG GAG GAG TCG GCG GCG GCC GCC GCC GCC GCG GCC GCC GGC GCG GGA GGA GGG GGC GGA GGG GTC GTG GTG GTG GTG GTG TAC TAC TAC TCG TCG TGG TGG TGC TTC TTC GCG CTG TTC
Danio rerio                                 --- --- --- --- --- --- --- --- --- AAC AAC AAT AAC AAT ACC AAA AAG AAG AAA AAG CGT AAG --- --- --- AAG ACA ATG --- ACA ACT TCT AAT --- --- ATC ACA GCG TCA --- --- CGT GCG AGC --- AAC GCA ACC TCT GAT CAG AAC GAG TGT ATG AAA AAG AAA CGG AGA CGT ATG ATC ATC CTG ATC ATA ATT ATT ATG ATG CTG CTG ATG GTG ATT ATG ATG --- CAC CAC CAT TAT GTG TAT TGC CAA CAG TAT AAG ATG CAG CAA CAA GCT AAT CAT TGT TAC CCC CCT CCG CCT GCT --- ACA CAG CCC GAA CCC --- --- CCC CCC CCC CCT GCA CTG AGC --- CCG --- ACA CCA CCC --- CCT CCT CAG --- --- AGG AGA CGC AAC AGG AAA CGT CGT AGA AGA AGA AGG CGT --- AAA --- CGC AGA AAA CGC --- CGT ATT CAG --- CTG CTT CTT CTC CTT TTC TTA --- CTT GTG TTG CTC --- ATA ATG ATT CGC CTA CTA CTG CTG GCG TTA TTA TTT --- CTG GCA CTG --- GAT GAT GAA GAC GAC GAT GAG GAC --- --- ATT GAA GAG GAG GAG GAA --- AAT GAA GAA GAG GAT --- --- --- GTG GAC GAA GAA --- GCA --- TCT AAT --- GAA TCA ACC ACC CTG ACA AAC GCA GCC GGA GCT GCT AAC --- AGC CTC GCA AGC GAG ATT TCT --- ATC TCA --- --- GAG GAT AGA GCG GGA GGC GGT GGA ACA --- CAG --- GGC GGG GGG GCA GGG --- --- ATT ATT ATT ATC GTC GTG --- GTT CAG --- --- --- GTG GTT GTC ATC ATT ATC ATG ATT GTG GTG GTG GTT TAC TAT TTT TAC TAC TTC TAT TTA TAT TAT TAT TCA TCC --- ACT --- CAA --- CAC TGC TGT ATG TGT TGG TGG TGG AAC TAC TTC --- TTT --- TAC --- AAA AAC GCT --- --- --- --- --- --- AGC TGC --- AGC --- ATT --- CTC --- GAG --- CAT CGC --- --- AAA AGC --- AAG --- --- CCG CCT --- --- CGT CGT --- ACG --- AGA CTG TTG CTG --- --- --- AAA CTG GTT GAC --- --- GAC --- ATT --- GAC GAG --- CTG GAC GAG GAG GAG GAG GCC --- AAA ATT TCC --- --- GCG AGC --- GGA GGC GAG --- --- GAG ATT CTC --- ATG GTG GTT --- --- TAC --- --- TCC TGG TGT --- TTC --- --- TAT
Mus musculus                                --- ATG GCC --- --- --- --- --- GAG AAC AAT AAC AAT AAC GCG AAA AAG AAG AAG AAG AAG AAG AAG --- AAG AAG ACA ACA --- ACT ACA AGT AGC ACA GGG GCC ACA ACA ACC TTG AAC AGG AAC AGC AGC AGC AGA AGC AGC AAC ACA CGC AGC AGC AAG AAA AAG AAG CGG AAG AGA AGA ATC ATC ATT ATT ATC CTC ATC ATG ATG ATG ATG ATG TTG GTT ATG GTA CAC CAC CAT CAC CAC TGC TAT CAT CAG CAG CAG CAG CAA CAG CAG CAA CTG GCC CAT CAT CAC CCT CCG CCT CCA CCG CCT TGC TCC CCC CCC CCC CCC TCT CCC CCT TCC CCC CCC CCT CCC CCA CCC GCA TCT CCC CCG CCA CCT CCA CAG CCT CGC AGG CAA CAC GAC AGG CGT CGC CGG CGA CGA CGA CGG CGG TGG TGT CTG CGG AGG AGG CGG CGG CGC ATC CAC CTC CTC CTG CTG CTG CTC CTC CTG CTG CTG CTG CTC CTG CTG ATG TTG CTG ATG CTA CTG CTG CTT CTG CTG TTA CTG CTG CTG TCG CTG CAG GAT GAT GAG GAC GAT GAC GAC GAT GGC GCA ACA GAA GAA GAG GAG GAG GAG GAG GAA GAG GAG GAG GAA GAT CCT GTC GAC GAT GAT GGT GCT GAG GCG AAC ACC GCT GCT GCA GTT ACC GCA CCC GCC GCT GCT GCT GCT GCC AGG GCG ACA GCG GCA TCG GTG TTG GCT ACC GCT GCT TCC GAG GGC GGC GGC GGC GGC GGC GGG AGT CCT GGG GCC GGG GGG GGG GGA GGT GAA AGT ATC ATC ATC GTC GTC GTC ATT GCC ATG ACC GTG CCA ATG GTG GTG GTG ATT GTG GTA GTG GCG GTG GTT GTA TAT TAC TAC TAC TAT TAC TAT TTC TAC TAC TAT TCT TCC TCA TGC CCC TCA GAG TGC TGC TGT TAC TGT TGG TGG TGG TTC TTT TTC TTT TTC TTC TTC AAG AAG AAC AAC AAG CGC ACG ACC AAG AGC AGC AGC CTT AGT ATC ATT ATG ATG CAC CAC TAT TTT CGA CGG CAG CAG CAG CAG CAG CCA CCT CCC CCC CCA AGG CGC CGC CGC CGG AGG CGT CTG CTC CTC ATG CTC CTG TTG CTG CTG GAT GAC GCA GAC GAC GAC GAT GAC GAA GAG GAG GAG GAA GAG TCT ACC GCA GCC GCC GCC GCC GCA GCT GCG AGC GAG GGC GGG GGA GGA GGT CAG GTC ATC GTC GTG GTG GTG TAC TAT TAT TCT TCC TGG TGG TGT TTC TTC ATA CTG TTT



    4    1    1    1    1    1    1    1    1    1    1    1    1    1    1
    1    1    1    1    4    1    1    1    1    1    1    1    1    1    2
    1    1    1    1    1    1    1    1    1    1    1    1    1    1    2
    1    1    1    1    1    1    1    1    1    1    1    1    2    1    1
    1    1    2    1    1    1    1    1    1    2    2    1    1    1    1
    1    1    1    1    1    1    2    1    1    1    1    1    1    1    2
    1    7    1    1    1    1    1    1    1    1    1    1    1    1    1
    1    1    2    1    1    1    1    1    1    1    1    1    1    1    1
    1    1    1    1    1    1    1    1    1    1    1    1    1    1    1
    1    1    1    1    1    1    1    1    1    1    1    1    1    1    1
    1    1    1    1    1    1    2    1    1    1    1    1    1    1    1
    1    1    1    1    1    1    1    1    1    1    1    1    1    1    1
    1    1    1    1    1    1    1    1    1    3    1    2    1    1    1
    1    1    1    1    1    1    2    1    1    1    3    3    1    1    1
    1    1    1    1    1    1    1    1    1    1    1    1    1    1    1
    1    1    1    2    1    1    1    1    1    1    1    1    1    1    1
    1    1    1    1    1    1    1    1    1    1    1    1    2    1    1
    1    1    1    1    1    1    1    1    1    1    1    1    1    1    1
    1    1    1    1    1    1    1    1    1    1    1    1    1    1    1
    1    1    1    1    1    1    1    1    2    1    1    1    1    1    1
    1    1    1    1    1    1    1    1    1    1    1    1    1    1    2
    4    1    1    1    1    1    1    1    1    1    1    1    2    1    1
    1    1    1    1    1    1    1    1    1    2    1    2    1    1    1
    1    1    2    1    1    1    1    1    1    1    1    1    1    1    1
    1    1    1    1    1    1    1    1    1    4    1    1    1    1    2
    1    1    1    1    1    1    1    1    1    1    1    2    1    1    1
    1    1    1    1    1    1    1    1    1    1    1    1    1    1    1
    1    1    1    1    1    1    2    1    1    1    1    1    2    1    2
    5    1    1    1

CODONML (in paml version 4.4b, July 2010)  torun.nuc
Model: One dN/dS ratio for branches Global clock  (2 genes: diff. rate & k&w)  
Codon frequency model: F3x4
ns =   5  ls = 477

Codon usage in sequences
--------------------------------------------------------------------------------------------------
Phe TTT  2  2  3  3  4 | Ser TCT  1  1  1  4  5 | Tyr TAT  3  5  2  9  8 | Cys TGT  1  2  0  5  4
    TTC 12 14 11  8 13 |     TCC  5  4  5  3  5 |     TAC 13 13 14  8 10 |     TGC  5  7  5  3  5
Leu TTA  1  0  0  4  1 |     TCA  1  1  0  4  2 | *** TAA  0  0  0  0  0 | *** TGA  0  0  0  0  0
    TTG  2  1  3  2  5 |     TCG  2  3  3  0  2 |     TAG  0  0  0  0  0 | Trp TGG 10 10  7  9 11
--------------------------------------------------------------------------------------------------
Leu CTT  1  3  2  4  2 | Pro CCT  1  3  5  6 10 | His CAT  3  3  2  4  4 | Arg CGT  1  4  0  9  2
    CTC 13 10  8  5 10 |     CCC 25 24 18  8 15 |     CAC 14 10  9  3 11 |     CGC 11  7 10  5  8
    CTA  0  1  1  2  1 |     CCA  4  4  5  1  7 | Gln CAA  0  0  2  4  3 |     CGA  4  3  3  0  4
    CTG 32 31 30 15 28 |     CCG  7  8  8  3  3 |     CAG 25 21 20 14 22 |     CGG 14 12 12  1  9
--------------------------------------------------------------------------------------------------
Ile ATT  0  2  1 16  5 | Thr ACT  1  0  1  2  2 | Asn AAT  0  3  1  6  2 | Ser AGT  1  4  3  0  4
    ATC 10  8  8  9 11 |     ACC 11 11  5  4  7 |     AAC  8  5  5 10  9 |     AGC 16 12 12  8 13
    ATA  0  1  0  2  1 |     ACA  1  3  3  8  9 | Lys AAA  2  2  2 12  2 | Arg AGA  2  2  1  8  3
Met ATG 14 15  7 15 17 |     ACG  6  4  9  1  1 |     AAG 16 20 15 12 22 |     AGG 10 11 11  3  8
--------------------------------------------------------------------------------------------------
Val GTT  0  0  1  5  3 | Ala GCT  4  6  3  5 11 | Asp GAT  6  7  0  7  9 | Gly GGT  2  2  1  1  3
    GTC  8 12  7  2  6 |     GCC 27 21 22  2 12 |     GAC 20 18 20 10 14 |     GGC 11 10 10  4  9
    GTA  0  0  1  0  3 |     GCA  4  7  4  8  8 | Glu GAA  1  1  1 12  7 |     GGA  4  7  4  4  3
    GTG 22 21 22 10 11 |     GCG  8  9 13  5  6 |     GAG 27 26 23 19 24 |     GGG 10 10  7  3  7
--------------------------------------------------------------------------------------------------

Codon position x base (3x4) table for each sequence.

#1: Bos taurus     
position  1:    T:0.12473    C:0.33333    A:0.21075    G:0.33118
position  2:    T:0.25161    C:0.23226    A:0.29677    G:0.21935
position  3:    T:0.05806    C:0.44946    A:0.05161    G:0.44086
Average         T:0.14480    C:0.33835    A:0.18638    G:0.33047

#2: Homo sapiens   
position  1:    T:0.13490    C:0.30835    A:0.22056    G:0.33619
position  2:    T:0.25910    C:0.23340    A:0.28694    G:0.22056
position  3:    T:0.10064    C:0.39829    A:0.06852    G:0.43255
Average         T:0.16488    C:0.31335    A:0.19201    G:0.32976

#3: Canis lupus familiaris
position  1:    T:0.13107    C:0.32767    A:0.20388    G:0.33738
position  2:    T:0.25485    C:0.25485    A:0.28155    G:0.20874
position  3:    T:0.06311    C:0.41019    A:0.06553    G:0.46117
Average         T:0.14968    C:0.33091    A:0.18366    G:0.33576

#4: Danio rerio    
position  1:    T:0.17270    C:0.23398    A:0.32312    G:0.27019
position  2:    T:0.28412    C:0.17827    A:0.36212    G:0.17549
position  3:    T:0.23955    C:0.25627    A:0.19220    G:0.31198
Average         T:0.23213    C:0.22284    A:0.29248    G:0.25255

#5: Mus musculus   
position  1:    T:0.16094    C:0.29828    A:0.24893    G:0.29185
position  2:    T:0.25966    C:0.22532    A:0.31545    G:0.19957
position  3:    T:0.16738    C:0.33906    A:0.11588    G:0.37768
Average         T:0.19599    C:0.28755    A:0.22675    G:0.28970

Codon usage in genes
--------------------------------------------------------------
Phe TTT 10  4 | Ser TCT  9  3 | Tyr TAT 21  6 | Cys TGT  8  4
    TTC 24 34 |     TCC 17  5 |     TAC 41 17 |     TGC 23  2
Leu TTA  6  0 |     TCA  7  1 | *** TAA  0  0 | *** TGA  0  0
    TTG  8  5 |     TCG  7  3 |     TAG  0  0 | Trp TGG 33 14
--------------------------------------------------------------
Leu CTT 10  2 | Pro CCT 23  2 | His CAT 14  2 | Arg CGT 13  3
    CTC 33 13 |     CCC 77 13 |     CAC 33 14 |     CGC 26 15
    CTA  5  0 |     CCA 17  4 | Gln CAA  8  1 |     CGA 12  2
    CTG 95 41 |     CCG 26  3 |     CAG 76 26 |     CGG 35 13
--------------------------------------------------------------
Ile ATT 19  5 | Thr ACT  5  1 | Asn AAT 12  0 | Ser AGT  8  4
    ATC 40  6 |     ACC 32  6 |     AAC 28  9 |     AGC 43 18
    ATA  2  2 |     ACA 24  0 | Lys AAA 14  6 | Arg AGA 13  3
Met ATG 52 16 |     ACG 15  6 |     AAG 69 16 |     AGG 38  5
--------------------------------------------------------------
Val GTT  7  2 | Ala GCT 26  3 | Asp GAT 25  4 | Gly GGT  8  1
    GTC 27  8 |     GCC 56 28 |     GAC 52 30 |     GGC 36  8
    GTA  4  0 |     GCA 25  6 | Glu GAA 18  4 |     GGA  9 13
    GTG 69 17 |     GCG 32  9 |     GAG 81 38 |     GGG 31  6
--------------------------------------------------------------

Codon position x base (3x4) table for each gene.


Gene #1
position  1:    T:0.13073    C:0.30727    A:0.25290    G:0.30910
position  2:    T:0.25107    C:0.24313    A:0.30055    G:0.20525
position  3:    T:0.13317    C:0.35919    A:0.10018    G:0.40745
Average         T:0.17166    C:0.30320    A:0.21788    G:0.30727

Gene #2
position  1:    T:0.18421    C:0.28947    A:0.19361    G:0.33271
position  2:    T:0.29135    C:0.17481    A:0.32519    G:0.20865
position  3:    T:0.08647    C:0.42481    A:0.07895    G:0.40977
Average         T:0.18734    C:0.29637    A:0.19925    G:0.31704

Sums of codon usage counts
------------------------------------------------------------------------------
Phe F TTT      14 | Ser S TCT      12 | Tyr Y TAT      27 | Cys C TGT      12
      TTC      58 |       TCC      22 |       TAC      58 |       TGC      25
Leu L TTA       6 |       TCA       8 | *** * TAA       0 | *** * TGA       0
      TTG      13 |       TCG      10 |       TAG       0 | Trp W TGG      47
------------------------------------------------------------------------------
Leu L CTT      12 | Pro P CCT      25 | His H CAT      16 | Arg R CGT      16
      CTC      46 |       CCC      90 |       CAC      47 |       CGC      41
      CTA       5 |       CCA      21 | Gln Q CAA       9 |       CGA      14
      CTG     136 |       CCG      29 |       CAG     102 |       CGG      48
------------------------------------------------------------------------------
Ile I ATT      24 | Thr T ACT       6 | Asn N AAT      12 | Ser S AGT      12
      ATC      46 |       ACC      38 |       AAC      37 |       AGC      61
      ATA       4 |       ACA      24 | Lys K AAA      20 | Arg R AGA      16
Met M ATG      68 |       ACG      21 |       AAG      85 |       AGG      43
------------------------------------------------------------------------------
Val V GTT       9 | Ala A GCT      29 | Asp D GAT      29 | Gly G GGT       9
      GTC      35 |       GCC      84 |       GAC      82 |       GGC      44
      GTA       4 |       GCA      31 | Glu E GAA      22 |       GGA      22
      GTG      86 |       GCG      41 |       GAG     119 |       GGG      37
------------------------------------------------------------------------------

(Ambiguity data are not used in the counts.)


Codon position x base (3x4) table, overall

position  1:    T:0.14385    C:0.30290    A:0.23836    G:0.31489
position  2:    T:0.26095    C:0.22637    A:0.30659    G:0.20609
position  3:    T:0.12172    C:0.37529    A:0.09497    G:0.40802
Average         T:0.17550    C:0.30152    A:0.21331    G:0.30967


Nei & Gojobori 1986. dN/dS (dN, dS)
(Pairwise deletion)
(Note: This matrix is not used in later ML. analysis.
Use runmode = -2 for ML pairwise comparison.)

Bos taurus          
Homo sapiens         0.2667 (0.1244 0.4666)
Canis lupus familiaris 0.3346 (0.1324 0.3956) 0.2479 (0.1546 0.6236)
Danio rerio          0.1153 (0.3289 2.8517) 0.1455 (0.3166 2.1754) 0.0912 (0.3038 3.3315)
Mus musculus         0.1896 (0.1454 0.7665) 0.1906 (0.1219 0.6398) 0.1824 (0.1686 0.9244) 0.1247 (0.3130 2.5089)


TREE #  1:  (((2, 5), (1, 3)), 4);   MP score: -1
lnL(ntime:  4  np:  9):  -5113.719555      +0.000000
   6..7     7..8     8..2     8..5     7..9     9..1     9..3     6..4  
 1.463982 0.562643 0.471480 0.402515 0.765113 3.091360 0.116474 1.626915 0.090685
SEs for parameters:
 0.101392 0.030317 0.035034 0.030972 0.082425 0.266624 0.009717 0.297202 0.016217
Note: Branch length is defined for the first gene (site partition).
For other genes, look at "rates for genes".

tree length =   4.36460 (1st gene)

(((2: 0.471480, 5: 0.471480): 0.091162, (1: 0.402515, 3: 0.402515): 0.160127): 0.901339, 4: 1.463982);

(((Homo sapiens: 0.471480, Mus musculus: 0.471480): 0.091162, (Bos taurus: 0.402515, Canis lupus familiaris: 0.402515): 0.160127): 0.901339, Danio rerio: 1.463982);

Detailed output identifying parameters

rates for 2 genes:     1  0.76511

gene # 1: kappa =   3.09136 omega =   0.11647
gene # 2: kappa =   1.62692 omega =   0.09068

Time used:  0:09
