
seed used = 1418761049
      8   1263

Bos taurus                                 ATG CCC CAA CTC TCC GGG GCA --- GGC GGC GGC GGT GGG GGG GAC CCG GAA CTC TGC GCC ACG GAC GAG ATG ATC CCC TTC AAG GAC GAG GGC GAT CCT CAG AAG GAG AAG ATC TTC GCC GAG ATC AGT CAC CCT GAA GAG GAA GGT GAC TTA GCC GAC ATC AAG TCT TCC TTG GTC AAC GAA TCC GAA ATC ATC CCG GCG AGC AAC GGA CAC GAG GTG GCC AGA CAA GCA CAA ACC TCT CAG GAG TCC TAC CAT GAC AAG GCC AGA GAA CAT CCT GAT GAT GGA AAG CAT CCA GAT GGA GGT CTC TAC AAT AAG GGA CCC TCT TAC TCG AGT TAT TCT GGA TAC ATA ATG ATG CCA AAT ATG AAT AAT GAC CCA TAC ATG TCA AAT GGA TCT CTT TCT CCA CCC ATC CCA AGA ACA TCA AAT AAA GTG CCC GTG GTG CAG CCA TCC CAC GCG GTC CAT CCT CTC ACC CCT CTC ATC ACG TAC AGC GAC GAG CAC TTT TCT CCA GGA TCA CAC CCG TCA CAC ATC CCA TCA GAT GTC AAC TCC AAA CAA --- GGC ATG TCC AGA CAT CCT CCA GCT CCC GAG ATC CCT ACG TTT TAT CCC CTG TCT CCG GGT GGT GTT GGA CAG ATT ACC CCA CCT CTT GGC TGG CAA GGT CAG CCT GTG TAT CCC ATC ACG GGA GGC TTC AGG CAG CCC TAC CCA TCC TCA CTG TCA GTC GAC ACT TCC ATG --- --- --- --- --- TCC AGG TTT TCT CAT CAT ATG ATT CCT GGT CCT CCC GGT CCC CAC ACA ACT GGC ATC CCT CAT CCA GCC ATT GTA ACG CCT CAG GTC AAA CAG GAA CAC CCC CAC ACT GAC AGC GAC CTA ATG CAC GTG AAG CCT CAG CAT GAA CAG AGA AAG GAG CAG GAG CCA AAA AGA CCT CAC ATT AAA AAG CCT CTG AAT GCT TTT ATG TTA TAC ATG AAA GAA ATG AGA GCG AAT GTC GTA GCT GAG TGT ACT CTA AAG GAA AGT GCA GCT ATC AAC CAG ATT CTA GGC AGA AGG TGG CAT GCC CTC TCT CGT GAA GAG CAG GCT AAA TAT TAT GAA TTA GCG CGG AAG GAA AGA CAG CTA CAT ATG CAG CTC TAT CCA GGC TGG TCT GCA AGA GAC AAT TAT GGT AAG AAA AAG AAG AGG AAG AGA GAG AAG CTA CAG GAA TCC ACA TCA GGT --- --- --- --- --- --- --- --- --- --- --- --- --- --- --- ACA GGT CCA AGA ATG ACA GCT GCC TAC ATC 
Homo sapiens                               ATG CCC CAA CTC TCC GGA GGA --- GGT GGC GGC GGC GGG GGG GAC CCG GAA CTC TGC GCC ACG GAC GAG ATG ATC CCC TTC AAG GAC GAG GGC GAT CCT CAG AAG GAA AAG ATC TTC GCC GAG ATC AGT CAT CCC GAA GAG GAA GGC GAT TTA GCT GAC ATC AAG TCT TCC TTG GTG AAC GAG TCT GAA ATC ATC CCG GCC AGC AAC GGA CAC GAG GTG GCC AGA CAA GCA CAA ACC TCT CAG GAG CCC TAC CAC GAC AAG GCC AGA GAA CAC CCC GAT GAC GGA AAG CAT CCA GAT GGA GGC CTC TAC AAC AAG GGA CCC TCC TAC TCG AGT TAT TCC GGG TAC ATA ATG ATG CCA AAT ATG AAT AAC GAC CCA TAC ATG TCA AAT GGA TCT CTT TCT CCA CCC ATC CCG AGA ACA TCA AAT AAA GTG CCC GTG GTG CAG CCA TCC CAT GCG GTC CAT CCT CTC ACC CCC CTC ATC ACT TAC AGT GAC GAG CAC TTT TCT CCA GGA TCA CAC CCG TCA CAC ATC CCA TCA GAT GTC AAC TCC AAA CAA --- GGC ATG TCC AGA CAT CCT CCA GCT CCT GAT ATC CCT ACT TTT TAT CCC TTG TCT CCG GGT GGT GTT GGA CAG ATC ACC CCA CCT CTT GGC TGG CAA GGT CAG CCT GTA TAT CCC ATC ACG GGT GGA TTC AGG CAA CCC TAC CCA TCC TCA CTG TCA GTC GAC ACT TCC ATG --- --- --- --- --- TCC AGG TTT TCC CAT CAT ATG ATT CCC GGT CCT CCT GGT CCC CAC ACA ACT GGC ATC CCT CAT CCA GCT ATT GTA ACA CCT CAG GTC AAA CAG GAA CAT CCC CAC ACT GAC AGT GAC CTA ATG CAC GTG AAG CCT CAG CAT GAA CAG AGA AAG GAG CAG GAG CCA AAA AGA CCT CAC ATT AAG AAG CCT CTG AAT GCT TTT ATG TTA TAC ATG AAA GAA ATG AGA GCG AAT GTC GTT GCT GAG TGT ACT CTA AAA GAA AGT GCA GCT ATC AAC CAG ATT CTT GGC AGA AGG TGG CAT GCC CTC TCC CGT GAA GAG CAG GCT AAA TAT TAT GAA TTA GCA CGG AAA GAA AGA CAG CTA CAT ATG CAG CTT TAT CCA GGC TGG TCT GCA AGA GAC AAT TAT GGT AAG AAA AAG AAG AGG AAG AGA GAG AAA CTA CAG GAA TCT GCA TCA GGT --- --- --- --- --- --- --- --- --- --- --- --- --- --- --- ACA GGT CCA AGA ATG ACA GCT GCC TAC ATC 
Canis lupus familiaris                     ATG CCC CAA CTC TCC GGG GCC GGC GGC GGC GGC GGC GGG GGA GAC CCG GAA CTC TGC GCC ACC GAC GAA ATG ATC CCT TTC AAG GAT GAG GGC GAT CCT CAG AAG GAG AAG ATC TTC GCA GAA ATC AGT CAC CCC GAA GAG GAA GGC GAC TTA GCC GAC ATC AAG TCC TCC TTA GTG AAC GAG TCC GAA ATC ATC CCG ACC AGC AAC GGA CAC GAG GTG GCC AGA CAA GCA CAA ACC TCT CAG GAG TCC TAC CAC GAC AAG GCC AGA GAA CAC CCT GAT GAC GGA AAG CAT CCA GAT GGA GGC CTC TAC AAC AAG GGA CCC TCC TAC TCG AGC TAT TCC GGG TAC ATA ATG ATG CCA AAT ATG AAT AAT GAC CCA TAC ATG TCC AAT GGA TCT CTT TCT CCA CCC ATC CCA AGA ACA TCA AAT AAG GTG CCC GTG GTG CAG CCA TCA CAT GCG GTC CAT CCT CTC ACC CCC CTC ATC ACT TAC AGC GAC GAG CAC TTT TCT CCA GGA TCA CAC CCT TCA CAC CTC CCA TCA GAT GTC AAC TCC AAA CAA --- GGC ATG TCT AGA CAT CCT CCA GCT CCT GAG ATC CCT ACC TTT TAT CCC CTG TCT CCA GGT GGT GTT GGA CAG ATT ACC CCA CCT CTT GGC TGG CAA GGT CAG CCT GTA TAT CCC ATC ACG GGA GGA TTC AGG CAA CCC TAT CCA TCC TCA CTG TCA GTC GAC ACT TCC ATG TCC AGC CTT CCT GAA TCA AGG TTT TCC CAT CAT ATG ATT CCT GGT CCT CCT GGT CCC CAT ACA ACT GGC ATC CCT CAT CCA GCT ATT GTA ACG CCT CAG GTC AAA CAG GAG CAT CCC CAC ACT GAC AGT GAT CTA ATG CAC GTA --- --- --- --- --- --- --- AAG GAA CAG GAG CCA AAA AGA CCT CAC ATT AAG AAG CCT CTG AAT GCT TTT ATG TTA TAC ATG AAA GAA ATG AGA GCG AAT GTC GTA GCT GAG TGT ACC CTA AAA GAA AGT GCA GCT ATC AAC CAG ATT CTA GGC AGA AGG TGG CAT GCC CTC TCC CGT GAA GAG CAG GCC AAA TAT TAT GAA TTA GCA CGG AAG GAA AGA CAG CTA CAT ATG CAG CTC TAT CCA GGC TGG TCT GCA AGA GAC AAT TAT GGT AAG AAA AAG AAG AGG AAG AGA GAG AAA CTC CAG GAA TCA ACA TCA GGT --- --- --- --- --- --- --- --- --- --- --- --- --- --- --- ACA GGT CCA AGA ATG ACA GCT GCC TAC ATC 
Gallus gallus                              ATG CCG CAG CTG CCG GGG --- --- GCC GGG GGC GGC GGG GGG GAC CCG GAG CTC TGC GCC ACC GAC GAG ATG ATC CCC TTC AAG GAC GAA GGG GAC CCC CAG AAG GAG AAG ATC TTC GCC GAG ATC AGC CAC CCC GAG GAA GAG GGC GAC CTG GCC GAC ATC AAG TCC TCG CTG GTC AAC GAG TCC GAG ATC GCG CCC GGC TCC GGC GGG CAC GAG GTT TCC AGG CAG ACT CCA --- GCG CAG GAT TCC TAC CAT GAC AAG GGC AGG GAG CAC CCC GAG GAA GGA AAG CAT CCC GAC GGC GGC TTG TAC AGC AAG GGA CCA TCG TAC TCT GGT TAC TCG GGG TAT ATC ATG ATG CCA AAT ATG AAC AAC GAC CCG TAC ATG CCT AAC GGA TCT CTG TCG CCA CCC ATC CCC AGA ACA TCC AAC AAG GTG CCA GTG GTA CAG CCT TCT CAC GCA GTT CAC CCC CTC ACC CCC CTT ATC ACC TAC AGC GAT GAG CAC TTT TCC CCA GGC TCC CAC CCA TCT CAC ATC CCC TCT GAC GTC AGC TCC AAG CAA --- GGC ATG TCC AGG CAT CCT CCA GCT CCT GAT ATC CCT ACC TTC TAT CCC TTG TCT CCA GGG GGG GTT GGA CAG ATA ACA CCA CCT CTT GGC TGG --- --- --- --- --- --- --- --- --- --- --- --- --- --- --- --- --- --- --- --- --- --- --- --- --- --- --- --- --- --- --- --- --- TTT TCA CAT CAC ATG ATT CCT GGT CCT CCA GGC CCT CAC ACA ACT GGA ATC CCT CAC CCA GCT ATT GTA ACA CCT CAA GTA AAA CAA GAA CAT CCG CAC AAC GAC AGT GAG CTA ATG CAT GTG AAG CCT CAG CAC GAA CAG AGG AAA GAA CAA GAG CCA AAA AGA CCT CAT ATT AAG AAA CCT CTG AAT GCT TTC ATG TTG TAC ATG AAA GAA ATG AGA GCG AAC GTT GTA GCA GAG TGT ACT CTG AAA GAA AGC GCA GCT ATC AAC CAG ATT CTT GGC AGA AGG TGG CAT GCT CTC TCT CGT GAA GAA CAA GCA AAA TAT TAT GAA CTA GCT CGT AAA GAA AGG CAG CTA CAC ATG CAG CTT TAT CCA GGC TGG TCT GCA AGA GAC AAC TAC GGG AAG AAG AAG AAG AGG AAG AGA GAA AAG TTG CAG GAA TCA GCA TCA GGT --- --- --- --- --- --- --- --- --- --- --- --- --- --- --- ACA GGC CCC AGA ATG ACA GCT GCC TAC ATC 
Pan troglodytes                            ATG CCC CAA CTC TCC GGA GGA --- GGT GGC GGC GGC GGG GGG GAC CCG GAA CTC TGC GCC ACG GAC GAG ATG ATC CCC TTC AAG GAC GAG GGC GAT CCT CAG AAG GAA AAG ATC TTC GCC GAG ATC AGT CAT CCC GAA GAG GAA GGC GAT TTA GCT GAC ATA AAG TCT TCC TTG GTG AAC GAG TCT GAA ATC ATC CCG GCC AGC AAC GGA CAC GAG GTG GCC AGA CAA GCA CAA ACC TCT CAG GAG CCC TAC CAC GAC AAG GCC AGA GAA CAC CCC GAT GAC GGA AAG CAT CCA GAT GGA GGC CTC TAC AAC AAG GGA CCC TCC TAC TCG AGT TAT TCC GGG TAC ATA ATG ATG CCA AAT ATG AAT AAC GAC CCA TAC ATG TCA AAT GGA TCT CTT TCT CCA CCC ATC CCG AGA ACA TCA AAT AAA GTG CCC GTG GTG CAG CCA TCC CAT GCG GTC CAT CCT CTC ACC CCC CTC ATC ACT TAC AGT GAC GAG CAC TTT TCT CCA GGA TCA CAC CCG TCA CAC ATC CCA TCA GAT GTC AAC TCC AAA CAA --- GGC ATG TCC AGA CAT CCT CCA GCT CCT GAT ATC CCT ACT TTT TAT CCC TTG TCT CCG GGT GGT GTT GGA CAG ATC ACC CCA CCT CTT GGC TGG CAA GGT CAG CCT GTA TAT CCC ATC ACG GGT GGA TTC AGG CAA CCC TAC CCA TCC TCA CTG TCA GTC GAC ACT TCC ATG --- --- --- --- --- TCC AGG TTT TCC CAT CAT ATG ATT CCC GGT CCT CCT GGT CCC CAC ACA ACT GGC ATC CCT CAT CCA GCT ATT GTA ACA CCT CAG GTC AAA CAG GAA CAT CCC CAC ACT GAC AGT GAC CTA ATG CAC GTG AAG CCT CAG CAT GAA CAG AGA AAG GAG CAG GAG CCA AAA AGA CCT CAC ATT AAG AAG CCT CTG AAT GCT TTT ATG TTA TAC ATG AAA GAA ATG AGA GCA AAT GTC GTT GCT GAG TGT ACT CTA AAA GAA AGT GCA GCT ATC AAC CAG ATT CTT GGC AGA AGG TGG CAT GCC CTC TCC CGT GAA GAG CAG GCT AAA TAT TAT GAA TTA GCA CGG AAA GAA AGA CAG CTA CAT ATG CAG CTT TAT CCA GGC TGG TCT GCA AGA GAC AAT TAT GGT AAG AAA AAG AAG AGG AAG AGA GAG AAA CTA CAG GAA TCT ACA TCA GGT GGA AAA CGA AGC TCA TTC CCA ACA TGC AAA GCC AAG GCA GCG ACC CCA GGA CCT CTT CTG GAG ATG GAA GCT TGT 
Danio rerio                                ATG CCG CAG TTG TCA --- --- --- GGT GGA GGA GGC GGC GGG GAC CCG GAG CTC TGC GCC ACC GAT GAA ATG ATC CCG TTC AAA GAC GAG GGA GAC CCG CAC AAG GAG CAA ATC TTC GCG GAG ATC AGC CAC TCC GAG GAG GAG GGA GAC TTA GCG GAG ATC AAA TCA TCT CTG GTC AAC GAG ACA GAA ATC AGT CCC AAC AGT AAC AGT CAC GAC GCA GCT AGA CAG TCC CAA ATA ACA CCA GAC TCT TAC CAT GAG AAG CAC AGG GAC CAT CCG GAT GAT GGC AAA CTC CAA GAC --- --- TTG TAC AGC AAA GGC CAC CCG TAC CCG AGT TAT CCC GGA TAC ATC ATG ATG ACC AAT ATG AAC AAT GAA CCC TAC ATG AAC AAC GGC TCT CTC TCG CCT CCC ATT CCC AGA ACG TCG AAT AAG GTG CCG GTG GTC CAG CCG TCC CAT GCC GTT CAC CCA CTC ACC CCT CTG ATC ACA TAC AGT GAC GAG CAC TTC GCC CCC GGC CCA CAT TCG GGA CAC CAC CCA CAA GAT GTC AAC CCC AAG CAA GCA GGT ATG CCC AGG CAT CAT CCT GGA CCA GAC ATT CCC AAT TTC TAT CCC CTT TCC CCG GGG GGA GTT GGA CAG ATG ACC CCT CCT CTG GGT TGG --- --- --- --- --- --- --- --- --- --- --- --- --- --- --- --- --- --- --- --- --- --- --- --- --- --- --- --- --- --- --- --- --- TTC TCA CAT CAC ATG GTA CCA GGC CCT CCT GGA CCC CAC GCC ACA GGA ATC CCC CAT CCA GCC ATT GTC AAC CCA CAG GTG AAA CAG GAG CAC --- --- --- GAC ACA GAC CTG ATG CAC ATG AAA CCT CAG CAC GAG CAG AGA AAG GAG CAG GAG CCC AAA AGA CCT CAC ATC AAG AAA CCT CTA AAC GCT TTC ATG CTG TAT ATG AAA GAG ATG CGC GCC AAT GTG GTG GCC GAA TGC ACG CTG AAG GAG AGC GCC GCT ATC AAT CAG ATC CTC GGC CGG AGG TGG CAT GCT TTA TCT CGG GAA GAG CAA GCT AAG TAT TAC GAA TTA GCC CGC AAG GAA CGG CAG CTC CAT ATG CAG CTT TAC CCA GGA TGG TCT GCC AGA GAC AAT TAT GGA AAG AAA AAA AAG CGG AAG AGG GAA AAG ATC CAG GAA CCT GCT TCA GGT --- --- --- --- --- --- --- --- --- --- --- --- --- --- --- ACA GGC CAG AGA ATG AAA ACG GCG TAC ATC 
Rattus norvegicus                          ATG CCC CAA CTT TCC --- --- --- GGA GGA GGC GGT GGG GGG GAC CCG GAA CTC TGC GCC ACC GAT GAG ATG ATC CCC TTC AAG GAC GAG GGC GAT CCC CAG AAG GAG AAG ATT TTC GCC GAG ATC AGT CAC CCC GAA GAG GAG GGC GAC TTA GCA GAC ATC AAG TCA TCC TTG GTA AAC GAG TCC GAA ATC ATC CCA GCC AGC AAC GGG CAT GAG GTG GTC GGA CAA ACA CAG TCC TCT CAG GAG CCC TAC CAC GAC AAG GCC AGA GAG CAC CCG GAT GAC GGA AAG CAT CCG GAC GGA GGT CTA TAT AAC AAG GGC CCC TCC TAC TCC AGT TAC TCT GGC TAC ATC ATG ATG CCC AAT ATG AAT AGC GAC CCA TAC ATG TCA AAT GGA TCC CTT TCT CCA CCC ATC CCG AGG ACC TCA AAT AAA GTG CCG GTG GTG CAG CCA TCT CAC GCG GTC CAC CCC CTC ACG CCC CTC ATC ACG TAC AGC GAC GAG CAC TTT TCT CCA GGG TCT CAC CCG TCA CAC ATC CCG TCA GAG GTC AAC CCC AAG CAA --- GGC ATG TCT AGA CAC CCA CCA GCT CCT GAA ATG CCC ACC TTC TAC CCC CTG TCT CCA GGC GGC GTT GGA CAG ATC ACC CCA CCC CTC GGC TGG CAA GGT CAG CCT GTT TAT CCC ATC ACG GGT GGG TTC AGG CAA GCC TAC CCA TCT TCA CTT TCA GGG GAC ACT TCC ATG --- --- --- --- --- TCC AGG TTT TCC CAT CAC ATG ATT CCT GGG CCC CCT GGC CCC CAC ACA ACT GGC ATC CCT CAT CCA GCA ATT GTA ACA CCT CAG GTC AAA CAG GAG CAC CCC CAC ACG GAC AGC GAC CTA ATG CAC GTG AAG CCT GAG CAC GAA CAG AGA AAG GAA CAG GAG CCT AAA AGA CCT CAT ATT AAG AAG CCT CTG AAT GCT TTC ATG TTA TAC ATG AAA GAA ATG AGG GCG AAT GTC GTA GCC GAG TGT ACG CTA AAG GAG AGC GCA GCT ATC AAC CAG ATC CTG GGC AGA AGG TGG CAC GCC CTC TCC CGG GAA GAG CAG GCC AAA TAT TAT GAA TTA GCG CGG AAA GAA AGA CAG CTA CAT ATG CAG CTC TAT CCA GGC TGG TCA GCG AGA GAC AAT TAT GGC AAG AAG AAG AAG AGG AAG AGA GAG AAG CTA CAG GAA TCT ACT TCA GGT --- --- --- --- --- --- --- --- --- --- --- --- --- --- --- ACA GGT CCC AGA ATG ACA GCT GCC TAC ATC 
Mus musculus                               ATG CCC CAA CTT TCC --- --- --- GGA GGA GGC GGC GGG GGG GAC CCG GAA CTC TGC GCC ACC GAT GAG ATG ATC CCC TTC AAG GAC GAA GGC GAT CCC CAG AAG GAG AAG ATC TTC GCC GAG ATC AGT CAT CCC GAA GAG GAG GGC GAC TTA GCC GAC ATC AAG TCA TCT TTG GTT AAC GAG TCC GAA ATC ATC CCA GCC AGC AAC GGG CAT GAG GTG GTC AGA CAA GCC CCG TCC TCT CAG GAG CCC TAC CAC GAC AAG GCC AGA GAA CAC CCT GAT GAA GGA AAG CAT CCA GAC GGA GGC CTG TAC AAC AAG GGA CCC TCC TAC TCC AGT TAC TCT GGC TAC ATA ATG ATG CCC AAT ATG AAC AGC GAC CCG TAC ATG TCA AAT GGG TCC CTT TCT CCA CCC ATC CCG AGG ACA TCA AAT AAA GTG CCC GTG GTG CAG CCC TCT CAC GCG GTC CAC CCG CTC ACC CCC CTC ATC ACC TAC AGC GAC GAG CAC TTT TCT CCG GGA TCC CAC CCG TCA CAC ATC CCG TCA GAT GTC AAC TCC AAG CAA --- GGC ATG TCC AGA CAC CCT CCA GCT CCT GAA ATC CCC ACC TTC TAC CCC CTG TCT CCG GGC GGC GTT GGA CAG ATC ACC CCA CCC ATT GGC TGG CAA GGT CAG CCT GTT TAT CCC ATC ACG GGT GGA TTC AGG CAA CCC TAC CCA TCC TCA CTG TCA GGC GAC ACT TCC ATG --- --- --- --- --- TCC AGG TTT TCC CAT CAT ATG ATT CCT GGT CCC CCT GGC CCC CAC ACA ACT GGC ATC CCT CAT CCA GCT ATT GTA ACA CCT CAG GTC AAA CAG GAG CAC CCC CAC ACG GAC AGT GAC CTA ATG CAC GTG AAG CCT CAA CAC GAA CAG AGA AAG GAG CAG GAG CCC AAA AGA CCT CAT ATT AAG AAG CCT CTG AAT GCT TTC ATG TTA TAT ATG AAA GAA ATG AGA GCG AAT GTC GTA GCT GAG TGC ACG CTA AAG GAG AGT GCA GCT ATC AAC CAG ATC CTG GGC AGA AGA TGG CAC GCC CTC TCC CGG GAA GAG CAG GCC AAA TAC TAT GAA CTA GCA CGG AAA GAG AGA CAG CTA CAC ATG CAG CTT TAT CCA GGC TGG TCA GCG CGA GAC AAT TAT GGC AAG AAG AAG AAG AGG AAG AGA GAG AAG CTA CAG GAG TCG ACT TCA GGT --- --- --- --- --- --- --- --- --- --- --- --- --- --- --- ACA GGT CCC AGA ATG ACA GCT GCC TAC ATC 



Printing out site pattern counts


         8       1086  P G
G 2      301     61

Bos taurus                                  --- --- --- --- --- --- --- --- --- --- --- --- --- --- --- --- --- --- --- --- --- AAA AAA AAA AAA AAC AAC AAC AAG AAG AAG AAG AAG AAG AAT AAT AAT AAT AAT AAT ACA ACA ACA ACA ACA ACC ACC ACC ACG ACG ACG ACG ACG ACT ACT ACT AGA AGA AGA AGA AGA AGA AGA AGA AGC AGC AGC AGG AGG AGT AGT ATA ATC ATC ATC ATC ATC ATC ATC ATC ATC ATG ATG ATG ATT ATT ATT CAA CAA CAA CAA CAC CAC CAC CAC CAC CAC CAC CAC CAC CAC CAG CAG CAG CAG CAG CAG CAG CAG CAT CAT CAT CAT CAT CAT CAT CAT CAT CCA CCA CCA CCA CCA CCA CCA CCA CCA CCA CCA CCA CCC CCC CCC CCC CCC CCC CCC CCC CCC CCC CCC CCG CCG CCG CCG CCT CCT CCT CCT CCT CCT CCT CCT CCT CCT CCT CCT CCT CCT CTA CTA CTC CTC CTC CTC CTG CTG CTT CTT GAA GAA GAA GAA GAA GAA GAA GAA GAC GAC GAC GAC GAC GAC GAC GAC GAC GAG GAG GAG GAG GAG GAG GAG GAG GAG GAG GAG GAT GAT GAT GAT GAT GCA GCA GCC GCC GCC GCC GCC GCC GCC GCG GCG GCT GCT GGA GGA GGA GGA GGA GGA GGA GGA GGA GGC GGC GGC GGC GGC GGC GGC GGG GGG GGG GGT GGT GGT GGT GGT GGT GGT GGT GGT GGT GTA GTC GTC GTC GTC GTC GTG GTG GTG GTG GTG GTT TAC TAC TAC TAC TAC TAT TAT TAT TAT TCA TCA TCA TCA TCA TCA TCA TCC TCC TCC TCC TCC TCC TCC TCC TCC TCC TCC TCG TCT TCT TCT TCT TCT TCT TCT TCT TCT TGC TGG TTA TTC TTC TTG TTT TTT AAA AAA AAA AAC AAG AAG AAG AAT AAT ACT AGA AGA AGA AGG AGT ATC ATG ATT ATT CAG CAG CAT CAT CCA CCT CGG CGT CTA CTA CTA CTC CTC CTG GAA GAA GAA GAA GAG GAG GCA GCA GCC GCG GCG GCT GCT GCT GGC GGC GTA GTC TAC TAT TAT TCT TCT TGG TGT TTA TTA TTT
Homo sapiens                                --- --- --- --- --- --- --- --- --- --- --- --- --- --- --- --- --- --- --- --- --- AAA AAA AAA AAA AAC AAC AAC AAA AAG AAG AAG AAG AAG AAC AAC AAT AAT AAT AAT ACA ACA ACA ACA GCA ACC ACC ACC ACA ACG ACG ACT ACT ACT ACT ACT AGA AGA AGA AGA AGA AGA AGA AGA AGC AGT AGT AGG AGG AGT AGT ATA ATC ATC ATC ATC ATC ATC ATC ATC ATC ATG ATG ATG ATC ATT ATT CAA CAA CAA CAA CAC CAC CAC CAC CAC CAC CAC CAT CAT CAT CAA CAG CAG CAG CAG CAG CAG CAG CAC CAC CAT CAT CAT CAT CAT CAT CAT CCA CCA CCA CCA CCA CCA CCA CCA CCA CCA CCA CCG CCC CCC CCC CCC CCC CCC CCC CCC CCC CCT CCT CCG CCG CCG CCG CCC CCC CCC CCC CCT CCT CCT CCT CCT CCT CCT CCT CCT CCT CTA CTA CTC CTC CTC CTC CTG TTG CTT CTT GAA GAA GAA GAA GAA GAA GAA GAG GAC GAC GAC GAC GAC GAC GAC GAC GAT GAA GAG GAG GAG GAG GAG GAG GAG GAG GAG GAT GAC GAT GAT GAT GAT GCA GGA GCC GCC GCC GCC GCC GCT GCT GCC GCG GCT GCT GGA GGA GGA GGA GGA GGA GGA GGG GGT GGA GGC GGC GGC GGC GGC GGT GGA GGG GGG GGC GGC GGC GGT GGT GGT GGT GGT GGT GGT GTA GTC GTC GTC GTC GTG GTA GTG GTG GTG GTG GTT TAC TAC TAC TAC TAC TAT TAT TAT TAT TCA TCA TCA TCA TCA TCA TCA CCC TCC TCC TCC TCC TCC TCC TCC TCC TCT TCT TCG TCC TCC TCC TCT TCT TCT TCT TCT TCT TGC TGG TTA TTC TTC TTG TTT TTT AAA AAA AAG AAC AAA AAA AAG AAT AAT ACT AGA AGA AGA AGG AGT ATC ATG ATT ATT CAG CAG CAT CAT CCA CCT CGG CGT CTA CTA CTT CTC CTT CTG GAA GAA GAA GAA GAG GAG GCA GCA GCC GCA GCG GCT GCT GCT GGC GGC GTT GTC TAC TAT TAT TCC TCT TGG TGT TTA TTA TTT
Canis lupus familiaris                      --- --- --- --- --- --- --- --- --- --- --- --- --- --- --- AGC CCT CTT GAA GGC TCC AAA AAA AAA AAG AAC AAC AAC AAA --- AAG AAG AAG AAG AAC AAT AAT AAT AAT AAT ACA ACA ACA ACA ACA ACC ACC ACC ACG ACC ACG ACC ACT ACT ACT ACT --- AGA AGA AGA AGA AGA AGA AGA AGC AGC AGT AGG AGG AGC AGT ATA ATC ATC ATC ATC ATC ATC ATC ATC CTC ATG ATG ATG ATT ATT ATT CAA CAA CAA CAA CAC CAC CAC CAC CAC CAC CAT CAC CAT CAT CAA --- --- CAG CAG CAG CAG CAG CAC CAC --- CAT CAT CAT CAT CAT CAT CCA CCA CCA CCA CCA CCA CCA CCA CCA CCA CCA CCA CCC CCC CCC CCC CCC CCC CCC CCC CCT CCT CCT CCA CCG CCG CCT CCC CCC CCT CCT --- CCT CCT CCT CCT CCT CCT CCT CCT CCT CTA CTC CTC CTC CTC CTC CTG CTG CTT CTT --- GAA GAA GAA GAA GAA GAG GAG GAC GAC GAC GAC GAC GAC GAT GAT GAC GAG GAA GAA GAA GAG GAG GAG GAG GAG GAG GAG GAC GAT GAT GAT GAT GCA GCC GCA GCC GCC GCC GCC GCC GCT ACC GCG GCT GCT GGA GGA GGA GGA GGA GGA GGA GGG GGA GGA GGC GGC GGC GGC GGC GGC GGG GGA GGG GGC GGC GGC GGT GGT GGT GGT GGT GGT GGT GTA GTC GTC GTC GTC GTG GTA GTA GTG GTG GTG GTT TAC TAC TAC TAC TAT TAT TAT TAT TAT TCA TCA TCA TCA TCA TCA TCC TCC TCA TCA TCC TCC TCC TCC TCC TCT TCA TCC TCG TCC TCC TCC TCC TCT TCT TCT TCT TCT TGC TGG TTA TTC TTC TTA TTT TTT AAA AAA AAG AAC AAA AAG AAG AAT AAT ACC AGA AGA AGA AGG AGT ATC ATG ATT ATT CAG CAG CAT CAT CCA CCT CGG CGT CTA CTA CTA CTC CTC CTG GAA GAA GAA GAA GAG GAG GCA GCA GCC GCA GCG GCC GCT GCT GGC GGC GTA GTC TAC TAT TAT TCC TCT TGG TGT TTA TTA TTT
Gallus gallus                               --- --- --- --- --- --- --- --- --- --- --- --- --- --- --- --- --- --- --- --- --- AAA AAG AAG AAG AAC AGC GGC AAG AAG AAA AAG AAG AAG AGC AAC AAC AAC AAC AAT ACA ACA ACA ACA GCA --- ACA ACC ACA ACC --- ACC ACC --- AAC ACT AGG AGA AGA AGA AGA AGA AGG AGG TCC AGC AGT --- AGG GGT AGC ATC --- ATC ATC ATC ATC ATC ATC GCG ATC --- ATG ATG ATA ATT ATT --- CAA CAG CCA CAC CAC CAC CAC CAT CAT CAC CAC CAC CAT --- CAG CAG --- CAA CAG CAG CAG CAC CAT CAC CAC CAC CAC CAT CAT CAT --- CCA CCA CCA CCA CCA CCC CCC CCC CCG CCT CCC --- --- CCA CCA CCC CCG CCG CCT CCC CCA CCT CCA CCC CCG CCA CCC CCC CCC CCT CCT --- CCC CCC CCT CCT CCT CCT CCT CCT CTA TTG CTC CTG CTT TTG --- TTG CTG CTT GAA GAA GAG GAG GAG GAG GAA GAG --- GAC GAC GAC GAC GAT GAC GAG GAC GAG GAA GAG GAG GAA GAA GAA GAG GAG GAT GAT GAA GAC GAC GAC GAG ACT --- GCC GCC GCC GGC TCC GCC GCT GGC GCA GCT GCT GGA GGA GGA GGA GGC GGC GGG GGG --- --- GGA GGC GGC GGG GGG GCC GGG GGG GGG GGC GGC GGC --- GGC GGC GGG GGG GGT GGT GTA --- GTA GTC GTT GTC --- GTG GTA GTG GTT GTT TAC TAC TAC TAT --- --- TAC TAC TAT --- TCA TCC TCC TCT TCT CCT TCC --- TCT --- --- CCG TCC TCG TCC TCA TCC TCT TCA TCG TCG TCC GCG TCC TCG TCT TCT TGC TGG CTG --- TTC CTG TTC TTT AAA AAA AAG AAC AAA AAA AAA AAC AAT ACT AGA AGA AGG AGG AGC ATC ATG ATT ATT CAA CAG CAC CAT CCA CCT CGT CGT CTA CTG CTT CTC CTT CTG GAA GAA GAA GAA GAA GAG GCA GCA GCT GCT GCG GCA GCA GCT GGC GGC GTA GTT TAC TAT TAT TCT TCT TGG TGT CTA TTG TTC
Pan troglodytes                             --- AAA AAG ACA ACC AGC CCA CGA GCA GCC GCG GGA TCA TGC TTC --- --- --- --- --- --- AAA AAA AAA AAA AAC AAC AAC AAA AAG AAG AAG AAG AAG AAC AAC AAT AAT AAT AAT ACA ACA CCA GAG ACA ACC ACC ACC ACA ACG ACG ACT ACT ACT ACT ACT AGA AGA AGA AGA AGA CTT AGA AGA AGC AGT AGT AGG AGG AGT AGT ATA ATC ATA ATC ATC ATC ATC TGT ATC ATC ATG ATG CTG ATC ATT ATT CAA CAA CAA CAA CAC CAC CAC CAC CAC CAC CAC CAT CAT CAT CAA CAG CAG CAG CAG CAG CAG CAG CAC CAC CAT CAT CAT CAT CAT CAT CAT CCA CCA CCA CCA CCA CCA CCA CCA CCT CCA CCA CCG CCC CCC CCC CCC CCC CCC CCC CCC CCC CCT CCT CCG CCG CCG CCG CCC CCC CCC CCC CCT CCT CCT CCT CCT CCT CCT CCT CCT CCT CTA CTA CTC CTC CTC CTC CTG TTG CTT CTT GAA GAA GAA GAA GAA GAA GAA GAG GAC GAC GAC GAC GAC GAC GAC GAC GAT GAA GAG GAG GAG GAG GAG GAG GAG GAG GAG GAT GAC GAT GAT GAT GAT GCA GGA GCC GAA GCC GCC GCC GCT GCT GCC GCG ATG GCT GGA GGA GGA GGA GGA GGA GGA GGG GGT GGA GGC GGC GGC GGC GGC GGT GGA GGG GGG GGC GGC GGC GGT GGA GGT GGT GGT GGT GGT GTA GTC GTC GTC GTC GTG GTA GTG GTG GTG GTG GTT GCT TAC TAC TAC TAC TAT TAT TAT TAT TCA TCA TCA TCA TCA TCA TCA CCC TCC TCC TCC TCC TCC TCC TCC TCC TCT TCT TCG TCC TCC TCC TCT TCT TCT TCT TCT TCT TGC TGG TTA TTC TTC TTG TTT TTT AAA AAA AAG AAC AAA AAA AAG AAT AAT ACT AGA AGA AGA AGG AGT ATC ATG ATT ATT CAG CAG CAT CAT CCA CCT CGG CGT CTA CTA CTT CTC CTT CTG GAA GAA GAA GAA GAG GAG GCA GCA GCC GCA GCA GCT GCT GCT GGC GGC GTT GTC TAC TAT TAT TCC TCT TGG TGT TTA TTA TTT
Danio rerio                                 GCA --- --- --- --- --- --- --- --- --- --- --- --- --- --- --- --- --- --- --- --- AAA AAA AAG AAG AAC AAC AAC AAG AAA AAG AAA AAG CAA AGC AAT AAC AAC AAT AAT ACG GCC ACA AAA GCT ATA ACC ACC AAC ACC --- AAT ACA --- --- ACA AGA AGA AGA AGA AGG AGA AGA AGG AGT AGT ACA --- CGG AGT AGC ATC --- ATC ATC ATC ATT ATT ATC AGT CAC --- ATG ATG ATG ATT GTA --- CAA CAG CAA --- CAC CAC CAT CAC CAC CAC CAC CAT CAC --- CAG CAG --- CAG CAC CAG CCA CAT CAT CAC CAC CAC CAT CAT CAT CTC --- ACC CCA CCC CCC CCT CAA CCA CAG CCC CCG CCC --- --- CAC CCG CCC --- CCG CCC CCG CCT CCA CCG CCC CCG TCG CCT TCC CCG CCA CCT --- CCA CCG CAT CCA CCC CCC CCT CCT CTG ATC CTC TTG CTG TTG --- CTT CTC CTG GAG GAA GAA GAC GAG GAG GAG GAG --- GAA GAC GAG GAT GAC GAC GAC GAC GAG GAG GAA GAG GAA GAG GAG GAC GAG GAC GAC GAT GAC GAC GAT GAT TCC --- GCG GCG GCC CAC GCT GCG GCC AAC GCC ACG GGA GGA GGC GGC GGC --- GGC AGT GGA --- --- GGA GGA GGT GGA GGA GGT --- GGG GGC --- GGA GGC --- GGC GGA GGA GGG GGC GGT GTC --- GTG GTC GTT GTC --- ATG GTC GTG GCA GTT TAC TAC TAC TAC --- --- TAT TAT TAT --- TCA CCA TCG CAA GGA AAC TCT --- TCC --- --- TCA CCC TCT CCC CCT ACA CCG TCA CCC CCG TCA ACA GCC TCG TCC TCT TGC TGG TTA --- TTC CTG TTC TTC AAA AAG AAG AAT AAG AAG AAA AAT AAC ACG CGC CGG CGG AGG AGC ATC ATG ATC ATC CAA CAG CAT CAT CCA CCT CGC CGG CTC CTG CTC TTA CTT CTA GAA GAA GAG GAG GAG GAA GCC GCC GCT GCC GCC GCT GCC GCT GGA GGC GTG GTG TAT TAC TAT TCT TCT TGG TGC TTA CTG TTC
Rattus norvegicus                           --- --- --- --- --- --- --- --- --- --- --- --- --- --- --- --- --- --- --- --- --- AAA AAG AAG AAA AAC AAC AAC AAG AAG AAG AAG AAG AAG AAC AGC AAT AAT AAT AAT ACC ACA ACA ACA ACT TCC ACC ACG ACA ACC ACG ACC ACG ACT ACG ACT AGA AGA AGA AGG AGA AGA GGA AGA AGC AGC AGC AGG AGG AGT AGT ATC ATC ATC ATC ATT ATC ATG ATC ATC ATC ATG ATG ATG ATC ATT ATT CAA CAA CAA CAG CAC CAC CAT CAC CAC CAT CAC CAC CAC CAC CAA CAG GAG CAG CAG CAG CAG CAG CAC CAC CAC CAC CAC CAT CAC CAT CAT CCA CCC CCA CCA CCT CCA CCG CCG CCC CCA CCA CCG CCC GCC CCC CCG CCC CCC CCC CCC CCC CCT CCT CCA CCA CCG CCG CCC CCC CCG CCT CCT CCT CCC CCC CCA CCT CCC CCT CCC CCT CTA CTA CTC CTT CTC CTA CTT CTG CTT CTC GAA GAA GAA GAG GAA GAG GAG GAG GAC GAC GAC GAC GAT GAC GAC GAC GAC GAG GAA GAG GAG GAG GAG GAG GAG GAG GAG GAA GAC GAC GAT GAG GAT ACA --- GCC GCC GCC GCC GTC GCA GCA GCC GCG GCT GCT GGA GGA GGA GGC GGA GGG GGG GGC GGT GGG GGC GGC GGC GGA GGC GGA --- GGG GGG GGT GGC GGT GGT GGT GGC GGC GGC GGG GGT GTA GGG GTC GTC GTC GTA GTT GTG GTG GTG GTG GTT TAC TAC TAT TAC TAC TAT TAC TAT TAC TCA TCA TCT TCA TCA TCA TCA CCC TCC TCT TCC TCT TCC CCC TCC TCT TCT TCC TCC TCC TCT TCC TCA TCT TCT TCT TCT TCC TGC TGG TTA TTC TTC TTG TTC TTT AAA AAA AAG AAC AAG AAA AAG AAT AAT ACG AGG AGA AGA AGG AGC ATC ATG ATC ATT CAG CAG CAT CAC CCA CCT CGG CGG CTA CTA CTG CTC CTC CTG GAA GAA GAA GAG GAG GAG GCA GCG GCC GCG GCG GCC GCC GCT GGC GGC GTA GTC TAC TAT TAT TCC TCA TGG TGT TTA TTA TTC
Mus musculus                                --- --- --- --- --- --- --- --- --- --- --- --- --- --- --- --- --- --- --- --- --- AAA AAG AAG AAA AAC AAC AAC AAG AAG AAG AAG AAG AAG AAC AGC AAC AAT AAT AAT ACA ACA ACA ACA ACT TCC ACC ACC ACA ACC ACG ACC ACC ACT ACG ACT AGA AGA CGA AGG AGA AGA AGA AGA AGC AGC AGT AGG AGG AGT AGT ATA ATC ATC ATC ATC ATC ATC ATC ATC ATC ATG ATG ATG ATC ATT ATT CAA CAA CAA CCG CAC CAC CAT CAC CAC CAT CAC CAT CAC CAC CAA CAG CAA CAG CAG CAG CAG CAG CAC CAC CAC CAC CAT CAT CAC CAT CAT CCA CCC CCA CCG CCC CCA CCA CCG CCC CCG CCC CCG CCC CCC CCC CCC CCC CCC CCC CCC CCC CCT CCT CCG CCA CCG CCG CCC CCC CCT CCT CCT CCT CCG CCC CCT CCT CCC CCT CCC CCT CTA CTA CTC CTT CTC CTG CTG CTG CTT ATT GAA GAG GAA GAA GAA GAG GAG GAG GAC GAC GAC GAC GAT GAC GAC GAC GAC GAG GAG GAG GAG GAG GAA GAG GAG GAG GAG GAA GAA GAC GAT GAT GAT GCC --- GCC GCC GCC GCC GTC GCC GCT GCC GCG GCT GCT GGA GGA GGG GGA GGA GGA GGG GGC GGT GGA GGC GGC GGC GGA GGC GGA --- GGG GGG GGC GGC GGC GGT GGT GGC GGC GGC GGT GGT GTA GGC GTC GTC GTC GTT GTT GTG GTG GTG GTG GTT TAC TAC TAC TAC TAC TAT TAC TAT TAC TCA TCA TCC TCA TCA TCA TCA CCC TCC TCT TCC TCC TCC TCC TCT TCC TCG TCC TCC TCC TCT TCC TCA TCT TCT TCT TCT TCC TGC TGG TTA TTC TTC TTG TTC TTT AAA AAA AAG AAC AAG AAA AAG AAT AAT ACG AGA AGA AGA AGA AGT ATC ATG ATC ATT CAG CAG CAC CAC CCA CCT CGG CGG CTA CTA CTG CTC CTT CTG GAA GAG GAA GAG GAG GAG GCA GCG GCC GCA GCG GCC GCT GCT GGC GGC GTA GTC TAT TAT TAC TCC TCA TGG TGC CTA TTA TTC



    1    2    1    1    1    1    1    1    1    1    1    1    1    1    1
    1    1    1    1    1    1    2    1    1    1    1    1    1    1    1
    1    5    5    1    1    1    1    1    2    1    1    1    1    1    1
    1    1    1    1    1    1    1    1    1    1    1    1    1    1    1
    1    1    1    2    1    1    1    2    1    1    1    1    1    1    5
    1    1    1    1    1    1    1    9    1    1    1    1    1    1    2
    1    1    2    1    1    1    1    1    1    1    1    1    1    1    1
    3    1    3    1    1    1    1    1    1    1    1    1    1    1    1
    1    1    1    3    1    1    1    1    1    1    1    1    1    1    2
    1    1    1    1    1    1    1    1    1    1    1    1    1    1    1
    1    1    1    1    1    1    1    2    1    1    1    2    1    1    1
    1    1    1    1    1    1    1    1    2    1    1    1    1    1    3
    2    1    1    1    1    1    1    1    1    1    1    1    1    1    2
    1    1    1    1    1    1    1    1    1    1    1    1    1    1    1
    1    1    1    1    1    1    1    1    1    1    1    1    1    1    1
    1    1    2    1    1    1    1    1    1    1    1    1    1    1    1
    2    1    1    1    1    1    1    1    1    1    1    1    1    2    1
    1    1    4    1    1    1    1    1    1    1    2    1    1    1    1
    1    1    1    1    1    1    1    1    1    1    1    1    1    1    1
    1    1    1    1    1    1    1    1    1    1    1    1    2    1    1
    2    1    1    1    1    1    1    1    1    1    1    1    1    1    1
    1    1    4    1    1    1    3    1    1    1    1    1    1    1    1
    1    1    1    1    2    1    1    1    1    1    1    1    1    1    1
    1    1    2    1    1    1    1    1    2    1    1    1    2    1    1
    1    1

CODONML (in paml version 4.4b, July 2010)  torun.nuc
Model: One dN/dS ratio for branches Global clock  (2 genes: diff. rate & k&w)  
Codon frequency model: F3x4
ns =   8  ls = 421

Codon usage in sequences
--------------------------------------------------------------------------------------------------------------
Phe TTT  4  4  4  2  4  0 | Ser TCT 11  9  7  8  9  5 | Tyr TAT  7  7  8  5  7  5 | Cys TGT  1  1  1  1  2  0
    TTC  3  3  3  4  4  6 |     TCC 11 12 14 10 12  4 |     TAC  9  9  8  9  8  9 |     TGC  1  1  1  1  2  2
Leu TTA  3  3  4  0  3  3 |     TCA  8  8 10  3  9  4 | *** TAA  0  0  0  0  0  0 | *** TGA  0  0  0  0  0  0
    TTG  1  2  0  4  2  2 |     TCG  1  1  1  4  1  3 |     TAG  0  0  0  0  0  0 | Trp TGG  3  3  3  3  3  3
--------------------------------------------------------------------------------------------------------------
Leu CTT  2  4  3  4  5  2 | Pro CCT 16 14 18 14 15 11 | His CAT 11 12 11  8 12 10 | Arg CGT  1  1  1  2  1  0
    CTC  7  6  9  3  6  6 |     CCC 12 15 11 13 15 13 |     CAC 11 10 10 14 10 15 |     CGC  0  0  0  0  0  2
    CTA  5  4  4  3  4  1 |     CCA 15 14 16 14 15  9 | Gln CAA  5  6  6  5  6  6 |     CGA  0  0  0  0  1  0
    CTG  3  2  3  6  3  6 |     CCG  4  5  2  5  5 10 |     CAG 16 15 13 12 15 14 |     CGG  1  1  1  0  1  4
--------------------------------------------------------------------------------------------------------------
Ile ATT  5  4  5  4  4  3 | Thr ACT  4  6  4  3  6  0 | Asn AAT  9  7  8  2  7  7 | Ser AGT  3  5  3  1  5  5
    ATC 14 15 13 13 13 13 |     ACC  3  3  7  4  4  4 |     AAC  4  6  5  9  6  9 |     AGC  3  1  4  5  2  3
    ATA  1  1  1  1  2  1 |     ACA  5  5  5  6  5  6 | Lys AAA  8 10  8  8 12 12 | Arg AGA 12 12 11  7 11  6
Met ATG 15 15 15 14 15 16 |     ACG  5  2  2  0  2  3 |     AAG 17 15 16 17 16 13 |     AGG  4  4  4  7  4  4
--------------------------------------------------------------------------------------------------------------
Val GTT  1  2  1  4  2  2 | Ala GCT  6  8  6  7  8  6 | Asp GAT  5  6  6  3  6  4 | Gly GGT 11 10  8  3  9  4
    GTC  6  5  5  2  5  4 |     GCC  8  7  8  5  7 10 |     GAC 12 12 11 12 12 13 |     GGC 10 11 13 15 11  9
    GTA  2  2  4  4  2  1 |     GCA  4  5  5  6  6  2 | Glu GAA 14 14 15 14 15  9 |     GGA  9 10 10  5 12 13
    GTG  6  6  5  3  6  5 |     GCG  4  2  2  3  2  3 |     GAG 14 13 13 15 14 18 |     GGG  3  3  3 10  3  2
--------------------------------------------------------------------------------------------------------------

--------------------------------------------------------------
Phe TTT  2  2 | Ser TCT 10  7 | Tyr TAT  6  5 | Cys TGT  1  0
    TTC  5  5 |     TCC 11 14 |     TAC 10 11 |     TGC  1  2
Leu TTA  3  2 |     TCA  9  9 | *** TAA  0  0 | *** TGA  0  0
    TTG  1  1 |     TCG  0  1 |     TAG  0  0 | Trp TGG  3  3
--------------------------------------------------------------
Leu CTT  3  3 | Pro CCT 10 11 | His CAT  6  7 | Arg CGT  0  0
    CTC  6  4 |     CCC 19 21 |     CAC 16 15 |     CGC  0  0
    CTA  5  5 |     CCA 12  8 | Gln CAA  5  6 |     CGA  0  1
    CTG  3  5 |     CCG  7  9 |     CAG 15 14 |     CGG  2  2
--------------------------------------------------------------
Ile ATT  4  4 | Thr ACT  3  3 | Asn AAT  7  6 | Ser AGT  2  4
    ATC 15 16 |     ACC  4  5 |     AAC  5  6 |     AGC  5  3
    ATA  0  1 |     ACA  5  5 | Lys AAA  6  6 | Arg AGA  9 11
Met ATG 16 15 |     ACG  5  3 |     AAG 19 19 |     AGG  6  4
--------------------------------------------------------------
Val GTT  2  3 | Ala GCT  4  6 | Asp GAT  3  4 | Gly GGT  6  5
    GTC  5  5 |     GCC  9  9 |     GAC 13 12 |     GGC 14 16
    GTA  3  2 |     GCA  3  2 | Glu GAA 11 11 |     GGA  7  8
    GTG  5  5 |     GCG  4  3 |     GAG 19 18 |     GGG  7  4
--------------------------------------------------------------

Codon position x base (3x4) table for each sequence.

#1: Bos taurus     
position  1:    T:0.15789    C:0.27318    A:0.28070    G:0.28822
position  2:    T:0.19549    C:0.29323    A:0.35589    G:0.15539
position  3:    T:0.24311    C:0.28571    A:0.22807    G:0.24311
Average         T:0.19883    C:0.28404    A:0.28822    G:0.22891

#2: Homo sapiens   
position  1:    T:0.15789    C:0.27318    A:0.27820    G:0.29073
position  2:    T:0.19549    C:0.29073    A:0.35589    G:0.15789
position  3:    T:0.25063    C:0.29073    A:0.23559    G:0.22306
Average         T:0.20134    C:0.28488    A:0.28989    G:0.22389

#3: Canis lupus familiaris
position  1:    T:0.16080    C:0.27136    A:0.27889    G:0.28894
position  2:    T:0.19849    C:0.29648    A:0.34673    G:0.15829
position  3:    T:0.23618    C:0.30653    A:0.24874    G:0.20854
Average         T:0.19849    C:0.29146    A:0.29146    G:0.21859

#4: Gallus gallus  
position  1:    T:0.14634    C:0.27913    A:0.27371    G:0.30081
position  2:    T:0.19241    C:0.28455    A:0.36043    G:0.16260
position  3:    T:0.19241    C:0.32249    A:0.20596    G:0.27913
Average         T:0.17706    C:0.29539    A:0.28004    G:0.24752

#5: Pan troglodytes
position  1:    T:0.15942    C:0.27536    A:0.27536    G:0.28986
position  2:    T:0.19324    C:0.29227    A:0.35266    G:0.16184
position  3:    T:0.24638    C:0.28261    A:0.24879    G:0.22222
Average         T:0.19968    C:0.28341    A:0.29227    G:0.22464

#6: Danio rerio    
position  1:    T:0.12603    C:0.29863    A:0.28767    G:0.28767
position  2:    T:0.19452    C:0.25479    A:0.39452    G:0.15616
position  3:    T:0.17534    C:0.33425    A:0.20000    G:0.29041
Average         T:0.16530    C:0.29589    A:0.29406    G:0.24475

#7: Rattus norvegicus
position  1:    T:0.15617    C:0.27456    A:0.27960    G:0.28967
position  2:    T:0.19647    C:0.28967    A:0.35516    G:0.15869
position  3:    T:0.17380    C:0.34761    A:0.19647    G:0.28212
Average         T:0.17548    C:0.30395    A:0.27708    G:0.24349

#8: Mus musculus   
position  1:    T:0.15617    C:0.27960    A:0.27960    G:0.28463
position  2:    T:0.19647    C:0.29219    A:0.35264    G:0.15869
position  3:    T:0.17632    C:0.36272    A:0.19395    G:0.26700
Average         T:0.17632    C:0.31150    A:0.27540    G:0.23678

Codon usage in genes
--------------------------------------------------------------
Phe TTT 18  4 | Ser TCT 57  9 | Tyr TAT 27 23 | Cys TGT  1  6
    TTC 29  4 |     TCC 83  5 |     TAC 64  9 |     TGC  9  2
Leu TTA  8 13 |     TCA 58  2 | *** TAA  0  0 | *** TGA  0  0
    TTG 12  1 |     TCG 12  0 |     TAG  0  0 | Trp TGG  8 16
--------------------------------------------------------------
Leu CTT 18  8 | Pro CCT 101  8 | His CAT 65 12 | Arg CGT  0  6
    CTC 35 12 |     CCC 119  0 |     CAC 97  4 |     CGC  0  2
    CTA 13 18 |     CCA 95  8 | Gln CAA 43  2 |     CGA  2  0
    CTG 19 12 |     CCG 47  0 |     CAG 84 30 |     CGG  1 11
--------------------------------------------------------------
Ile ATT 21 12 | Thr ACT 25  4 | Asn AAT 38 15 | Ser AGT 23  5
    ATC 100 12 |     ACC 33  1 |     AAC 41  9 |     AGC 23  3
    ATA  8  0 |     ACA 42  0 | Lys AAA 43 27 | Arg AGA 59 20
Met ATG 89 32 |     ACG 19  3 |     AAG 111 21 |     AGG 28  9
--------------------------------------------------------------
Val GTT 14  3 | Ala GCT 23 28 | Asp GAT 37  0 | Gly GGT 56  0
    GTC 31  6 |     GCC 48 15 |     GAC 97  0 |     GGC 84 15
    GTA 15  5 |     GCA 14 19 | Glu GAA 66 37 |     GGA 73  1
    GTG 39  2 |     GCG 13 10 |     GAG 105 19 |     GGG 35  0
--------------------------------------------------------------

Codon position x base (3x4) table for each gene.


Gene #1
position  1:    T:0.14973    C:0.28666    A:0.27269    G:0.29092
position  2:    T:0.18192    C:0.30605    A:0.35609    G:0.15593
position  3:    T:0.20326    C:0.34639    A:0.20908    G:0.24127
Average         T:0.17830    C:0.31303    A:0.27929    G:0.22938

Gene #2
position  1:    T:0.16786    C:0.23750    A:0.30893    G:0.28571
position  2:    T:0.25714    C:0.20000    A:0.37143    G:0.17143
position  3:    T:0.25536    C:0.17679    A:0.27143    G:0.29643
Average         T:0.22679    C:0.20476    A:0.31726    G:0.25119

Sums of codon usage counts
------------------------------------------------------------------------------
Phe F TTT      22 | Ser S TCT      66 | Tyr Y TAT      50 | Cys C TGT       7
      TTC      33 |       TCC      88 |       TAC      73 |       TGC      11
Leu L TTA      21 |       TCA      60 | *** * TAA       0 | *** * TGA       0
      TTG      13 |       TCG      12 |       TAG       0 | Trp W TGG      24
------------------------------------------------------------------------------
Leu L CTT      26 | Pro P CCT     109 | His H CAT      77 | Arg R CGT       6
      CTC      47 |       CCC     119 |       CAC     101 |       CGC       2
      CTA      31 |       CCA     103 | Gln Q CAA      45 |       CGA       2
      CTG      31 |       CCG      47 |       CAG     114 |       CGG      12
------------------------------------------------------------------------------
Ile I ATT      33 | Thr T ACT      29 | Asn N AAT      53 | Ser S AGT      28
      ATC     112 |       ACC      34 |       AAC      50 |       AGC      26
      ATA       8 |       ACA      42 | Lys K AAA      70 | Arg R AGA      79
Met M ATG     121 |       ACG      22 |       AAG     132 |       AGG      37
------------------------------------------------------------------------------
Val V GTT      17 | Ala A GCT      51 | Asp D GAT      37 | Gly G GGT      56
      GTC      37 |       GCC      63 |       GAC      97 |       GGC      99
      GTA      20 |       GCA      33 | Glu E GAA     103 |       GGA      74
      GTG      41 |       GCG      23 |       GAG     124 |       GGG      35
------------------------------------------------------------------------------

(Ambiguity data are not used in the counts.)


Codon position x base (3x4) table, overall

position  1:    T:0.15296    C:0.27788    A:0.27916    G:0.28999
position  2:    T:0.19535    C:0.28713    A:0.35883    G:0.15870
position  3:    T:0.21256    C:0.31612    A:0.22020    G:0.25112
Average         T:0.18696    C:0.29371    A:0.28606    G:0.23327


Nei & Gojobori 1986. dN/dS (dN, dS)
(Pairwise deletion)
(Note: This matrix is not used in later ML. analysis.
Use runmode = -2 for ML pairwise comparison.)

Bos taurus          
Homo sapiens         0.0198 (0.0044 0.2201)
Canis lupus familiaris 0.0086 (0.0022 0.2579) 0.0328 (0.0067 0.2039)
Gallus gallus        0.0278 (0.0315 1.1329) 0.0301 (0.0303 1.0068) 0.0348 (0.0360 1.0325)
Pan troglodytes      0.0697 (0.0185 0.2659) 0.4821 (0.0163 0.0338) 0.0850 (0.0212 0.2493) 0.0432 (0.0486 1.1249)
Danio rerio          0.0298 (0.0807 2.7111) 0.0181 (0.0793 4.3756)-1.0000 (0.0788 -1.0000) 0.0407 (0.0945 2.3228)-1.0000 (0.0932 -1.0000)
Rattus norvegicus    0.0239 (0.0132 0.5527) 0.0277 (0.0143 0.5173) 0.0249 (0.0146 0.5867) 0.0350 (0.0396 1.1336) 0.0497 (0.0288 0.5792) 0.0268 (0.0889 3.3216)
Mus musculus         0.0163 (0.0088 0.5414) 0.0229 (0.0099 0.4324) 0.0210 (0.0112 0.5363) 0.0322 (0.0335 1.0394) 0.0498 (0.0243 0.4872) 0.0262 (0.0890 3.3911) 0.0450 (0.0110 0.2452)


TREE #  1:  (((((2, 5), (8, 7)), (1, 3)), 4), 6);   MP score: -1
lnL(ntime:  7  np: 12):  -3909.628300      +0.000000
   9..10   10..11   11..12   12..13   13..2    13..5    12..14   14..8    14..7    11..15   15..1    15..3    10..4     9..6  
 0.985566 0.434295 0.173862 0.171252 0.043184 0.075329 0.118436 0.823482 1.846726 0.050618 2.932807 0.000100
SEs for parameters:
 0.102824 0.035381 0.012864 0.012849 0.006555 0.009128 0.014985 0.114953 0.217132 0.005970 0.984628 0.019619
Note: Branch length is defined for the first gene (site partition).
For other genes, look at "rates for genes".

tree length =   2.98749 (1st gene)

(((((2: 0.043184, 5: 0.043184): 0.128067, (8: 0.075329, 7: 0.075329): 0.095922): 0.002610, (1: 0.118436, 3: 0.118436): 0.055425): 0.260433, 4: 0.434295): 0.551271, 6: 0.985566);

(((((Homo sapiens: 0.043184, Pan troglodytes: 0.043184): 0.128067, (Mus musculus: 0.075329, Rattus norvegicus: 0.075329): 0.095922): 0.002610, (Bos taurus: 0.118436, Canis lupus familiaris: 0.118436): 0.055425): 0.260433, Gallus gallus: 0.434295): 0.551271, Danio rerio: 0.985566);

Detailed output identifying parameters

rates for 2 genes:     1  0.82348

gene # 1: kappa =   1.84673 omega =   0.05062
gene # 2: kappa =   2.93281 omega =   0.00010

Time used:  0:20
