
seed used = 1418808289
      7   1872

Bos taurus                                 --- --- --- --- --- --- --- --- --- --- --- --- --- --- --- --- --- --- --- --- --- --- --- --- --- --- --- --- --- --- --- --- --- --- --- --- --- --- --- --- --- --- --- --- --- --- --- --- --- --- --- --- --- --- --- --- --- --- --- --- --- --- --- --- --- --- --- --- --- --- --- --- --- --- --- --- --- --- --- --- --- --- --- --- --- --- --- --- --- --- --- --- --- --- --- --- --- --- --- --- --- --- --- --- --- --- --- --- --- --- --- --- --- --- --- --- --- --- --- --- --- --- --- --- --- --- --- --- --- --- --- --- --- --- --- --- --- --- --- --- --- --- --- --- --- ATG AAC AAG CTG AGT GGA GGC GGC GGG CGC AGG ACT CGG GTG GAA GGG GGC CAG CTG GGG GGC GAG GAG TGG ACT CGC CAC GGG AGC TTT GTC AAT AAG CCC ACG CGG GGC TGG CTG CAT CCC AAC GAC AAA GTC ATG GGA CCC GGG GTT TCC TAC TTG GTT CGG TAC ATG GGC TGT GTG GAG GTC CTG CAG TCA ATG CGC GCC CTT GAC TTC AAC ACC CGG ACT CAG GTC ACC AGG GAG GCC ATC AGT CTG GTG TGT GAG GCT GTG CCG GGT GCT AAG GGG GCA ACA AGG AGG AGA AAG CCC TGT AGC CGT CCA CTC AGC TCC ATT CTG GGG AGG AGT AAC CTG AAA TTT GCT GGA ATG CCA ATC ACT CTG ACC GTC TCC ACC AGC AGC CTC AAC CTC ATG GCC GCA GAC TGC AAA CAG ATC ATC GCC AAC CAC CAC ATG CAG TCC ATC TCG TTT GCA TCC GGC GGG GAC CCG GAC ACA GCC GAG TAT GTT GCC TAT GTT GCC AAA GAC CCG GTG AAT CAG AGA GCC TGC CAC ATC CTG GAG TGT CCC GAA GGG CTC GCT CAG GAT GTC ATC AGC ACC ATC GGC CAG GCC TTC GAG CTG CGC TTC AAA CAG TAC CTC AGG AAC CCG CCC AGG CTC GTC ACC CCC CAC GAC AGG ATG GCT GGC TTT GAT GGC TCA GCT TGG GAT GAG GAG GAG GAA GAG --- --- --- CCC CCT GAC CAT CAG TAC TAT AAT GAC TTC CCG GGG AAG GAA CCA CCT CTT GGG GGT GTG GTG GAC ATG AGG CTT CGG GAA GGA GCC CTC CCA GGG GCT GCT CGA CCC ACT CCG CCC AGT GCC CAG ACC CCC AGC CAC CTG GGA GCC ACG CTG CCT GTG GGG CAG CCT GCT GGG GGA GAC CCA GAA GCC CGC AGA CAG ATG CCG CCC CCG CCA CCC AGC TCA --- GGC AGA GAG --- --- CTC TTT GAT GAC CCC TCC TAT GTC AAT GTC CAG AAC CTA GAC AAG GCC CGG CAA GCA GGG GCT GGG GCC GGG CCC CCC AAT CCT ACC ATC AAT GGC AGT GCA CCC CGA GAC CTC TTT GAC ATG AAG CCC TTT GAA GAT GCC TTG CGA ATG CCT CCA CCT CCC CAG TCA ACA GCC ATG GCT GAG CAG CTC CGA GGG GAG CCC TGG TTC CAC GGG AAG CTG AGC CGG CGG GAG GCT GAG GCA TTG CTA CAA GTC AAC GGG GAC TTC CTT GTG CGG GAA AGC ACA ACC ACG CCG GGC CAG TAC GTG CTC ACC GGC CTG CAG AGT GGG CAG CCC AAG CAC CTG CTC CTG GTG GAC CCT GAG GGT GTG GTT CGG ACA AAG GAT CAC CGC TTT GAG AGT GTC AGT CAC CTC ATC AGC TAC CAC ATG GAC AAT CAC TTG CCC ATC ATC TCT GCG GGC AGC GAA CTG TGT CTC CAG CAG CCT GTG GAG CGG AAA CTG 
Canis lupus familiaris                     ATG GAT CTC CTG CCC CCC AAG CCC AAG TAC AAT CCA CTT CGG AAT GAG TCT CTG TCA TCG CTG GAG GAA GGG GCT TCA GGG TCC --- --- --- --- --- --- --- --- --- --- --- ACC CCA CCG GAG GAA CTA CCT TCC CCA TCG GCC TCC TCC CTG GGG CCC ATC CTG CCA CCT CTG CCT --- --- --- GGG GAT GAG AGT CCC ACT ACC CTG TGC TCC TTC TTC CCC CGG ATG AGC AAC CTG AAG CTG GCT AAC CCA GCT --- --- --- --- --- --- --- GGG GAG CCA GGA AGG GCC TCT AAG GAT GGG GAG GGG ACT GGA GGG GCC GCC GTG CTG GAC --- --- --- --- --- --- --- --- --- --- --- --- --- --- --- --- --- --- --- --- --- TCA GCC CCC CTG CCC CTC CTC CAG GAC ATG AAC AAG CTG AGT GGA GGA GGC GGG CGC AGG ACG CGG GTG GAA GGG GGC CAG CTG GGG GGC GAG GAG TGG ACC CGC CAC GGG AGC TTC GTC AAT AAG CCC ACA CGG GGC TGG CTA CAT CCC AAC GAC AAA GTC ATG GGA CCT GGG GTT TCC TAC TTG GTT CGG TAC ATG GGC TGT GTG GAG GTC CTG CAG TCA ATG CGT GCC TTG GAC TTC AAC ACC CGC ACC CAA GTC ACC AGG GAG GCC ATC AGT CTG GTG TGT GAG GCT GTG CCC GGT GCC AAG GGG GCT ACA AGA AGG AGA AAG CCC TGT AGC CGC CCA CTC AGT GCC ATC CTG GGG AGG AGT AAT CTG AAA TTT GCG GGA ATG CCA ATC ACT CTC ACC GTC TCC ACC AGC AGC CTC AAC CTT ATG GCC GCA GAC TGC AAA CAG ATC ATC GCC AAC CAC CAC ATG CAG TCT ATC TCC TTT GCG TCC GGT GGG GAC CCG GAC ACA GCT GAG TAC GTC GCC TAT GTT GCC AAA GAC CCG GTG AAT CAG AGA GCC TGT CAT ATC CTG GAA TGT CCC GAA GGG CTT GCT CAG GAT GTC ATC AGC ACC ATC GGC CAG GCC TTC GAG TTG CGC TTC AAA CAA TAC CTC AGG AAC CCG CCC AAG CTG GTC ACC CCT CAT GAC AGG ATG GCT GGT TTT GAC GGC TCA GCT TGG GAT GAG GAG GAG GAA GAG --- --- --- CCA CCT GAC CAC CAG TAC TAT AAT GAC TTC CCG GGG AAG GAG CCC CCT CTT GGG GGA GTG GTG GAC ATG AGG CTT CGG GAA GCA GCC CCC CTG GGG GCT GTT CGG CCC ACC CCA CAC GTT GTC CAG ACC CCC AGC CAC CTG GGA GCA ACG CTG CCT GTG GGG CAG CCT GTT GGG GGA GAC CCA GAA ATT CGC AAA CAG ATG CCA CCT CCA CCA CCC TGC CCA --- GGT AAA GAG --- --- CTC TTT GAT GAT CCA TCC TAC GTC AAT GTC CAG AAC CTA GAC AGG GCC CGG CAA GCA GGG GGT GGG GCT GGG CCC CCC AAT CCT GCC ATC AAT GGC AGC GTG CCC CGA GAT CTC TTT GAT ATG AAG CCC TTC GAA GAT GCG CTT CGG GTG CCT CCA CCT CCC CAG GCG GTG GCC ATG GCT GAG CAG CTC CGA GGG GAG CCC TGG TTC CAT GGG AAG CTG AGC CGG CGG GAG GCC GAG GCC CTG CTG CAG CTC AAT GGG GAC TTC CTG GTG CGG GAG AGC ACG ACC ACA CCC GGC CAG TAC GTG CTC ACT GGC TTG CAG AGT GGG CAG CCC AAG CAC CTG CTG CTG GTG GAC CCG GAG GGT GTG GTT CGA ACA AAG GAT CAC CGC TTT GAG AGT GTC AGC CAC CTC ATC AGC TAC CAC GTG GAC AAT CAC TTG CCT ATC ATC TCT GCG GGC AGT GAA CTC TGT CTC CAA CAG CCT GTG GAG CGG AAG CTG 
Rattus norvegicus                          --- --- --- --- --- --- --- --- --- --- --- --- --- --- --- --- --- --- --- --- --- --- --- --- --- --- --- --- --- --- --- --- --- --- --- --- --- --- --- --- --- --- --- --- --- --- --- --- --- --- --- --- --- --- --- --- --- --- --- --- --- --- --- --- --- --- --- --- --- --- --- --- --- --- --- --- --- --- --- --- --- --- --- --- --- --- --- --- --- --- --- --- --- --- --- --- --- --- --- --- --- --- --- --- --- --- --- --- --- --- --- --- --- --- --- --- --- --- --- --- --- --- --- --- --- --- --- --- --- --- --- --- --- --- --- --- --- --- --- --- --- --- --- --- --- ATG AAC AAG CTG AGT GGA GGC GGC GGG CGC AGG ACT CGG GTA GAA GGG GGC CAG CTG GGG GGC GAG GAG TGG ACC AGA CAC GGG AGC TTT GTC AAT AAG CCC ACA CGA GGC TGG CTG CAT CCC AAC GAC AAA GTC ATG GGA CCT GGG GTT TCC TAC TTG GTT CGG TAC ATG GGT TGC GTG GAG GTC TTA CAG TCA ATG CGA GCC CTT GAC TTC AAT ACC CGG ACT CAG GTC ACC AGG GAG GCT ATC AGT TTG GTG TGT GAA GCT GTG CCT GGT GCC AAA GGG GCG ATG AGG AGG AGA AAG CCC TGC AGC CGC CCA CTC AGC TCT ATC CTG GGA AGG AGT AAC CTG AAG TTT GCT GGA ATG CCG ATC ACT CTC ACT GTG TCT ACC AGC AGC CTT AAC CTC ATG GCA GCA GAC TGC AAA CAG ATC ATT GCC AAC CAT CAC ATG CAA TCT ATC TCA TTC GCG TCT GGT GGG GAT CCG GAC ACA GCT GAG TAC GTT GCC TAT GTT GCC AAA GAC CCT GTG AAT CAG AGA GCC TGC CAT ATC CTG GAG TGT CCT GAA GGA CTT GCT CAG GAC GTC ATC AGC ACC ATC GGG CAG GCC TTT GAG TTG CGC TTC AAA CAG TAT CTC AGG AAT CCA CCC AAG CTG GTC ACC CCC CAT GAC AGG ATG GCT GGC TTT GAT GGC TCA GCT TGG GAT GAG GAG GAA GAA GAG --- --- --- CTC CCT GAC CAT CAG TAC TAC AAT GAC TTC CCA GGG AAG GAA CCC CCT CTT GGT GGA GTG GTA GAT ATG AGG CTT CGG GAA --- --- --- --- GGG GCT GCT CGA CCC ACT CTG CCC AGT ACC CAG ATG CCC AGC CAC TTG GGA GCT ACA CTG CCA ATA GGG CAG CAT GTT ACA GGA GAC CAT GAA GTC CGT AAA CAG ATG CTG CCT CCA CCA CCG TGC CCA --- GGC AGA GAA --- --- CTC TTC GAT GAT CCT TCC TAT GTC AAC ATC CAG AAT CTA GAC AAG GCC CGG CAA GCT GGT GGT GGG GCT GGA CCC CCA AAT CCT TCT GTT AAT GGC AGT GCA CCC CGA GAC CTC TTT GAC ATG AAG CCC TTC GAA GAT GCA CTC CGG GTG CCG CCA GCT CCC CAG TCC ATG TCC ATG GCT GAG CAG CTC CAA GGG GAG TCC TGG TTT CAT GGG AAA CTC AGC CGG CGG GAG GCT GAG GCG CTG CTG CAG CTC AAC GGT GAC TTC TTG GTG CGA GAG AGT ACA ACC ACA CCT GGC CAG TAC GTG CTC ACT GGT CTG CAG AGT GGG CAG CCC AAG CAC TTG CTT CTG GTG GAC CCT GAA GGT GTG GTT CGG ACA AAG GAT CAC CGC TTT GAG AGT GTC AGT CAC CTG ATC AGC TAC CAC ATG GAC AAT CAC TTA CCC ATC ATC TCT GCA GGC AGT GAG CTG TGT CTA CAG CAA CCT GTG GAT CGA AAA GTG 
Homo sapiens                               ATG GAT CTC CTG CCC CCC AAG CCC AAG TAC AAT CCA CTC CGG AAT GAG TCT CTG TCA TCG CTG GAG GAA GGG GCT TCT GGG TCC --- --- --- --- --- --- --- --- --- --- --- ACC CCC CCG GAG GAG CTG CCT TCC CCA TCA GCT TCA TCC CTG GGG CCC ATC CTG CCT CCT CTG CCT --- --- --- GGG GAC GAT AGT CCC ACT ACC CTG TGC TCC TTC TTC CCC CGG ATG AGC AAC CTG AGG CTG GCC AAC CCG GCT GGG GGG CGC CCA GGG TCT AAG GGG GAG CCA GGA AGG GCA GCT GAT GAT GGG GAG GGG ATC GTA GGG GCA GCC ATG CCA GAC --- --- --- --- --- --- --- --- --- --- --- --- --- --- --- --- --- --- --- --- --- TCA GGC CCC CTA CCC CTC CTC CAG GAC ATG AAC AAG CTG AGT GGA GGC GGC GGG CGC AGG ACT CGG GTG GAA GGG GGC CAG CTT GGG GGC GAG GAG TGG ACC CGC CAC GGG AGC TTT GTC AAT AAG CCC ACG CGG GGC TGG CTG CAT CCC AAC GAC AAA GTC ATG GGA CCC GGG GTT TCC TAC TTG GTT CGG TAC ATG GGT TGT GTG GAG GTC CTC CAG TCA ATG CGT GCC CTG GAC TTC AAC ACC CGG ACT CAG GTC ACC AGG GAG GCC ATC AGT CTG GTG TGT GAG GCT GTG CCG GGT GCT AAG GGG GCG ACA AGG AGG AGA AAG CCC TGT AGC CGC CCG CTC AGC TCT ATC CTG GGG AGG AGT AAC CTG AAA TTT GCT GGA ATG CCA ATC ACT CTC ACC GTC TCC ACC AGC AGC CTC AAC CTC ATG GCC GCA GAC TGC AAA CAG ATC ATC GCC AAC CAC CAC ATG CAA TCT ATC TCA TTT GCA TCC GGC GGG GAT CCG GAC ACA GCC GAG TAT GTC GCC TAT GTT GCC AAA GAC CCT GTG AAT CAG AGA GCC TGC CAC ATT CTG GAG TGT CCC GAA GGG CTT GCC CAG GAT GTC ATC AGC ACC ATT GGC CAG GCC TTC GAG TTG CGC TTC AAA CAA TAC CTC AGG AAC CCA CCC AAA CTG GTC ACC CCT CAT GAC AGG ATG GCT GGC TTT GAT GGC TCA GCA TGG GAT GAG GAG GAG GAA GAG --- --- --- CCA CCT GAC CAT CAG TAC TAT AAT GAC TTC CCG GGG AAG GAA CCC CCC TTG GGG GGG GTG GTA GAC ATG AGG CTT CGG GAA GGA GCC GCT CCA GGG GCT GCT CGA CCC ACT GCA CCC AAT GCC CAG ACC CCC AGC CAC TTG GGA GCT ACA TTG CCT GTA GGA CAG CCT GTT GGG GGA GAT CCA GAA GTC CGC AAA CAG ATG CCA CCT CCA CCA CCC TGT CCA GCA GGC AGA GAG --- --- CTT TTT GAT GAT CCC TCC TAT GTC AAC GTC CAG AAC CTA GAC AAG GCC CGG CAA GCA GTG GGT GGT GCT GGG CCC CCC AAT CCT GCT ATC AAT GGC AGT GCA CCC CGG GAC CTG TTT GAC ATG AAG CCC TTC GAA GAT GCT CTT CGC GTG CCT CCA CCT CCC CAG TCG GTG TCC ATG GCT GAG CAG CTC CGA GGG GAG CCC TGG TTC CAT GGG AAG CTG AGC CGG CGG GAG GCT GAG GCA CTG CTG CAG CTC AAT GGG GAC TTC CTG GTA CGG GAG AGC ACG ACC ACA CCT GGC CAG TAT GTG CTC ACT GGC TTG CAG AGT GGG CAG CCT AAG CAT TTG CTA CTG GTG GAC CCT GAG GGT GTG GTT CGG ACT AAG GAT CAC CGC TTT GAA AGT GTC AGT CAC CTT ATC AGC TAC CAC ATG GAC AAT CAC TTG CCC ATC ATC TCT GCG GGC AGC GAA CTG TGT CTA CAG CAA CCT GTG GAG CGG AAA CTG 
Danio rerio                                --- ATG GAG CTT GTC CCC AAA ACT AAG TAC ACA CCC TTT AGG AGT GAC TCC TTC AGC TCA ACA GAC GAG ACG GCG TCC AAT CCT TCC CTT CCT TCT TCA GCT CCT CTC ACC CCT CTC ACC CCT CCT GGC ATC CCT CCT TCT CTC TCC TCC TCC TCC CTC ACC CCT ATT CTG CCA CCT TCT TCT CCA CGG CAG GCT GAG AAT AGC CCC ACC ACC TTA TGC TCC TTC TTC CCC AGG ATG GGA GCC CTG AGG CTG GGT GTG TCT TCC ACT CTG CTC CCA GGC TTA AAG GCC TCC AGC AGG CCA GCA AAT GTG CCT GGT AGC CAG GGA GGT TTG GGA GAG TCC TCG GAA GAC ACA GGG ACC GTC AAC TCT TCT CCT CCT CGT CTT CTT CCT CTT CTT TCT CTA ACA GCC CCA TCT CCT CCT CCT CGT CCC CCA CAG GAT ATG AAC CGG CTG --- GGC GGG GCC TCA CGG AGG GCC CGT GTG GAA GGG GGC CAG CTC GGC GGA GAT GAG TGG ACA CGG CAT GGC TCC TTT GTC AAC AAG CCT ACC CGA GGC TGG CTG CAC TCG GAC ATT GTG GTC AGC ACC AGC GGA GTC TCC TAC ACT GTC AGG TAT ATG GGC TGC GTG GAG GTG CTG CAG TCA ATG AGA GCA CTG GAC TTC AAC ACC AGA ACT CAG GTT ACC AGG GAG GCG ATA TCA GTG GTG TGT GAG GCG GTA CCA GGT GCC AAA GGA GCT CAG CGA AGG AGA AAG CCC TCC TCT CGC TGT CTG TCC TCC ATC TTA GGG AAG AGT AAT CTC CAG TTT GCT GGA ATG ACA ATC ACC CTC ACC GTG TCG ACC AGC AGT CTG AAC CTA ATG GCC ATC GAC TGC AAA CAG ATT ATC GCC AAC CAT CAC ATG CAG TCC ATC TCT TTT GCA TCA GGA GGA GAT CCA GAC ACA GCG GAG TAT GTT GCA TAC GTC GCC AAA GAC CCC GTC AAT CAG CGA GCG TGT CAT ATC CTG GAG TGC TCT GAA GGC TTG GCT CAG GAG GTC ATC AGC ACC ATA GGT CAG GCT TTC GAG CTC CGC TTT AAA CAA TAC CTA AAA AAC CCA CCC AAA GTG GTC ACC CCC CAT GAC CGC ATG GCT CCG TTT GAT GGG TCA GCG TGG GAG GAA GAG GAA GAA GAT CTG GCT CCT CCG CCA GAG GTG CCA TAT TAC AAC AAC TTC CCC GGC AAA CAG CCT CCT CCT GGT GGT TTA GTG GAC ATG AGG ACC CGT CCC GGA --- --- --- --- --- --- --- --- --- --- --- --- --- --- --- --- CAC AGT ACA GGA CCC ACG CTG CCC TAT GGA CAG CCG AGC CAG AAC GAC --- --- ATT CAC AAG CAG CCT CTT CCT CCA CTA CCA GTG GGT --- GTT AAG GAT GGA GGC TTG TTT GAC GAC CCC TCA TAC GTT AAT GTG --- --- --- GAT AAA CCC CGC CTC --- --- --- --- --- --- CCA GCA TCA GCA GCA GCC AAT GGA AAT GCT CAT AGA GAC GCG TTT GAC ATG AAA CCG TTT GAT GCA GCG CTC --- GTT GTG TCG GGT GCA GTG GCA CTT CCT CTG GCA GAG CAG CTG CAG AAC GAG CCC TGG TTT CAC GGG CCT CTG AGC CGC AGG CAG GCC GAA AGA CTC CTG ACC AAG GAT GGA GAC TTC CTG GTG CGG GAG TCA GGC ACC ACA CCA GGC CAG TAC GTC CTC ACG GGA CAG CAG GGC GGA CAA CCA AAA CAC CTG CTT CTG GTG GAT CCA GAG GGA GTG GTG CGC ACC AAA GAC CAC CGC TTT GAG AGC GTC AGT CAC TTG ATC AGC TAC CAC ATG GAC AAC CGG CTG CCA ATC ATC TCT GCA GGA AGT GAG GTG TGT CTG CAG CAA CCG GTC GAT CGC AAA GCT 
Pan troglodytes                            --- --- --- --- --- --- --- --- --- --- --- --- --- --- --- --- --- --- --- --- --- --- --- --- --- --- --- --- --- --- --- --- --- --- --- --- --- --- --- --- --- --- --- --- --- --- --- --- --- --- --- --- --- --- --- --- --- --- --- --- --- --- --- --- --- --- --- --- --- --- --- --- --- --- --- --- --- --- --- --- --- --- --- --- --- --- --- --- --- --- --- --- --- --- --- --- --- --- --- --- --- --- --- --- --- --- --- --- --- --- --- --- --- --- --- --- --- --- --- --- --- --- --- --- --- --- --- --- --- --- --- --- --- --- --- --- --- --- --- --- --- --- --- --- --- ATG AAC AAG CTG AGT GGA GGC GGC GGG CGC AGG ACT CGG GTG GAA GGG GGC CAG CTT GGG GGC GAG GAG TGG ACC CGC CAC GGG AGC TTT GTC AAT AAG CCC ACG CGG GGC TGG CTG CAT CCC AAC GAC AAA GTC ATG GGA CCC GGG GTT TCC TAC TTG GTT CGG TAC ATG GGC TGT GTG GAG GTC CTC CAG TCA ATG CGT GCC CTG GAC TTC AAC ACC CGG ACT CAG GTC ACC AGG GAG GCC ATC AGT CTG GTG TGT GAG GCT GTG CCA GGT GCT AAG GGG GCG ACA AGG AGG AGA AAG CCC TGT AGC CGC CCG CTC AGC TCT ATC CTG GGG AGG AGT AAC CTG AAA TTT GCT GGA ATG CCA ATC ACT CTC ACC GTC TCC ACC AGC AGC CTC AAC CTC ATG GCC GCA GAC TGC AAA CAG ATC ATC GCC AAC CAC CAC ATG CAA TCT ATC TCA TTT GCA TCC GGC GGG GAT CCG GAC ACA GCC GAG TAT GTC GCC TAT GTT GCC AAA GAC CCT GTG AAT CAG AGA GCC TGC CAC ATT CTG GAG TGT CCC GAA GGG CTT GCC CAG GAT GTC ATC AGC ACC ATT GGC CAG GCC TTC GAG TTG CGC TTC AAA CAA TAC CTC AGG AAC CCA CCC AAA CTG GTC ACC CCT CAT GAC AGG ATG GCT GGC TTT GAT GGC TCA GCA TGG GAT GAG GAG GAG GAA GAG --- --- --- CCA CCT GAC CAT CAG TAC TAT AAT GAC TTC CCG GGG AAG GAA CCC CCC TTG GGG GGG GTG GTA GAC ATG AGG CTT CGG GAA GGA GCC GCT CCA GGG GCT GCT CGA CCC ACT GCA CCC AAT GCC CAG ACC CCC AGC CAC TTG GGA GCT ACA CTG CCT GTA GGA CAG CCT GTT GGG GGA GAT CCA GAA GTC CGC AAA CAG ATG CCA CCT CCA CCA CCC TGT CCA --- GGC AGA GAG --- --- CTT TTT GAT GAT CCC TCC TAT GTC AAC GTC CAG AAC CTA GAC AAG GCC CGG CAA GCA GTG GGT GGT GCT GGG CCC CCC AAT CCT GCT GTC AAT GGC AGT GTA CCC CGG GAC CTG TTT GAC ATG AAG CCC TTC GAA GAT GCT CTT CGG GTG CCT CCA CCT CCC CAG TCG GTG TCC ATG GCT GAG CAG CTC CGA GGG GAG CCC TGG TTC CAT GGG AAG CTG AGC CGG CGG GAG GCT GAG GCA CTG CTG CAG CTC AAT GGG GAC TTC CTG GTG CGG GAG AGC ACG ACC ACA CCT GGC CAG TAT GTG CTC ACT GGC TTG CAG AGT GGG CAG CCT AAG CAT TTG CTA CTG GTG GAC CCT GAG GGT GTG GTT CGG ACT AAG GAT CAC CGC TTT GAA AGT GTC AGT CAC CTT ATC AGC TAC CAC ATG GAC AAT CAC TTG CCC ATC ATC TCT GCG GGC AGC GAA CTG TGT CTA CAG CAA CCT GTG GAG CGG AAA CTG 
Mus musculus                               --- --- --- --- --- --- --- --- --- --- --- --- --- --- --- --- --- --- --- --- --- --- --- --- --- --- --- --- --- --- --- --- --- --- --- --- --- --- --- --- --- --- --- --- --- --- --- --- --- --- --- --- --- --- --- --- --- --- --- --- --- --- --- --- --- --- --- --- --- --- --- --- --- --- --- --- --- --- --- --- --- --- --- --- --- --- --- --- --- --- --- --- --- --- --- --- --- --- --- --- --- --- --- --- --- --- --- --- --- --- --- --- --- --- --- --- --- --- --- --- --- --- --- --- --- --- --- --- --- --- --- --- --- --- --- --- --- --- --- --- --- --- --- --- --- ATG AAC AAG CTG AGT GGA GGC GGC GGG CGC AGG ACT CGG GTA GAA GGG GGC CAG CTG GGG GGC GAG GAG TGG ACC AGA CAC GGG AGC TTT GTC AAT AAG CCC ACA CGA GGC TGG CTG CAT CCC AAC GAC AAA GTC ATG GGA CCT GGG GTT TCC TAC TTG GTT CGG TAC ATG GGC TGT GTG GAG GTC TTA CAG TCA ATG CGA GCC CTT GAC TTC AAT ACC CGG ACT CAG GTC ACC AGG GAG GCC ATC AGT TTG GTG TGT GAA GCT GTG CCT GGT GCC AAA GGG GCG ACA AGG AGG AGA AAG CCT TGT AGC CGC CCA CTC AGC TCC ATC CTG GGG AGG AGT AAC CTG AAG TTT GCT GGA ATG CCA ATC ACT CTC ACT GTG TCT ACC AGC AGC CTT AAC CTC ATG GCA GCC GAC TGC AAA CAG ATC ATT GCC AAC CAT CAC ATG CAA TCT ATC TCT TTC GCG TCC GGT GGG GAT CCG GAC ACA GCT GAG TAT GTT GCC TAT GTT GCC AAA GAC CCT GTG AAT CAG AGA GCC TGC CAT ATC CTG GAG TGT CCT GAA GGG CTT GCT CAG GAT GTC ATC AGC ACC ATC GGG CAG GCC TTT GAG TTG CGC TTC AAA CAG TAT CTC AGG AAT CCA CCG AAG CTG GTC ACC CCC CAT GAC AGG ATG GCT GGC TTT GAT GGC TCA GCT TGG GAT GAG GAG GAA GAA GAG --- --- --- CCC CCT GAC CAT CAG TAC TAC AAT GAC TTT CCA GGG AAG GAA CCC CCT CTT GGT GGG GTG GTA GAT ATG AGG CTT CGG GAA --- --- --- --- GGG GCT GCT CGA CCC ACT CTG CCT AGT GCC CAG ATG TCC AGC CAC TTG GGA GCT ACA CTG CCT ATA GGG CAG CAT GCT GCA GGA GAC CAT GAA GTC CGT AAA CAG ATG TTG CCT CCG CCG CCT TGC CCA --- GGC AGA GAA --- --- CTC TTC GAT GAC CCC TCC TAT GTC AAC ATC CAG AAT CTA GAC AAG GCC CGG CAG GCT GGG GGT GGG GCT GGG CCC CCA AAT CCT TCT CTT AAT GGC AGT GCA CCC CGA GAC CTT TTT GAC ATG AAG CCC TTT GAA GAT GCA CTT CGG GTG CCA CCC CCA CCG CAG TCC ATG TCC ATG GCT GAG CAG CTG CAA GGG GAG CCC TGG TTC CAC GGG AAG CTG AGC CGG AGG GAG GCC GAG GCG CTG CTG CAG CTC AAT GGT GAC TTC TTG GTG CGA GAG AGC ACG ACC ACG CCT GGC CAG TAT GTG CTC ACT GGC CTG CAG AGT GGG CAG CCC AAG CAC TTG CTG CTG GTG GAC CCT GAA GGT GTG GTT CGG ACA AAG GAT CAC CGC TTT GAG AGT GTC AGT CAC CTG ATC AGC TAC CAC ATG GAC AAT CAC TTG CCC ATC ATC TCT GCG GGC AGC GAA CTG TGC CTA CAG CAA CCC GTG GAT CGG AAA GTG 



Printing out site pattern counts


         7       1446  P

Bos taurus                                  --- --- --- --- --- --- --- --- --- --- --- --- --- --- --- --- --- --- --- --- --- --- --- --- --- --- --- --- --- --- --- --- --- --- --- --- --- --- --- --- --- --- --- --- --- --- --- --- --- --- --- --- --- --- --- --- --- --- --- --- --- --- --- --- --- --- --- --- --- --- --- --- --- --- --- --- --- --- --- --- --- --- --- --- --- --- --- --- --- --- --- --- --- --- --- --- --- --- --- --- --- --- --- --- --- --- --- --- --- --- --- --- --- --- --- --- --- --- --- --- --- --- AAA AAA AAA AAA AAC AAC AAC AAC AAC AAC AAG AAG AAG AAG AAG AAG AAT AAT AAT AAT ACA ACA ACA ACA ACA ACC ACC ACC ACC ACC ACG ACG ACG ACT ACT ACT ACT ACT AGA AGA AGA AGA AGC AGC AGC AGC AGC AGC AGC AGC AGC AGG AGG AGG AGG AGG AGG AGT AGT AGT AGT AGT AGT AGT AGT ATC ATC ATC ATC ATC ATC ATC ATG ATG ATG ATG ATG ATG ATT CAA CAA CAC CAC CAC CAC CAC CAC CAC CAC CAC CAG CAG CAG CAG CAG CAG CAG CAG CAG CAT CAT CCA CCA CCA CCA CCA CCA CCA CCC CCC CCC CCC CCC CCC CCC CCC CCC CCC CCC CCC CCC CCC CCC CCC CCC CCC CCC CCC CCC CCC CCG CCG CCG CCG CCG CCG CCG CCG CCG CCT CCT CCT CCT CCT CCT CCT CCT CCT CGA CGA CGA CGA CGC CGC CGC CGC CGC CGG CGG CGG CGG CGG CGG CGG CGG CGG CGT CTA CTA CTC CTC CTC CTC CTC CTC CTC CTC CTC CTC CTC CTC CTC CTC CTG CTG CTG CTG CTG CTG CTG CTG CTG CTG CTG CTG CTG CTG CTG CTG CTT CTT CTT CTT GAA GAA GAA GAA GAA GAA GAA GAC GAC GAC GAC GAC GAC GAC GAC GAC GAC GAG GAG GAG GAG GAG GAG GAG GAG GAG GAG GAT GAT GAT GAT GAT GCA GCA GCA GCA GCA GCA GCC GCC GCC GCC GCC GCC GCC GCC GCC GCC GCC GCC GCC GCC GCC GCG GCT GCT GCT GCT GCT GCT GCT GCT GCT GCT GCT GCT GGA GGA GGA GGA GGA GGC GGC GGC GGC GGC GGC GGC GGC GGC GGC GGC GGG GGG GGG GGG GGG GGG GGG GGG GGG GGG GGG GGG GGG GGG GGG GGT GGT GGT GTC GTC GTC GTC GTC GTC GTG GTG GTG GTG GTG GTG GTG GTG GTT GTT GTT TAC TAC TAC TAC TAT TAT TAT TAT TCA TCA TCA TCC TCC TCC TCC TCC TCC TCG TCT TGC TGC TGG TGT TGT TGT TGT TGT TTC TTC TTC TTC TTC TTG TTG TTG TTG TTT TTT TTT TTT
Canis lupus familiaris                      --- --- --- --- --- --- --- --- --- --- --- --- --- --- --- --- --- --- --- --- --- --- --- --- --- --- --- --- --- --- AAC AAC AAG AAG AAG AAG AAT AAT ACC ACT ACT AGC AGG AGT ATC ATG ATG CAG CCA CCA CCA CCA CCA CCA CCC CCC CCC CCC CCC CCG CCT CCT CGG CTA CTC CTC CTC CTG CTG CTG CTG CTG CTG CTG CTG CTG CTT GAA GAA GAC GAC GAG GAG GAG GAG GAG GAT GAT GAT GCC GCC GCC GCC GCC GCT GCT GCT GGA GGA GGG GGG GGG GGG GGG GGG GGG GGG GTG TAC TCA TCA TCA TCC TCC TCC TCC TCG TCG TCT TCT TGC TTC AAA AAA AAA AAG AAC AAC AAC AAC AAT AAT AAG AAG AAG AAG AAG AGG AAT AAT AAT AAT ACA ACA ACA ACG GTG ACC ACC ACC ACT GCC ACA ACA ACG ACC ACC ACC ACG ACT AAA AAA AGA AGA AGC AGC AGC AGC AGC AGC AGT AGT TGC AAG AGA AGG AGG AGG AGG AGC AGC AGT AGT AGT AGT AGT GTT ATC ATC ATC ATC ATC ATC ATC ATG ATG ATG ATG GTG GTG ATC CAA CAG CAC CAC CAC CAC CAC CAC CAT CAT CAT CAA CAA CAG CAG CAG CAG CAG CAG CAG CAC CAT CCA CCA CCA CCA CCA CCC CTG CAC CCA CCA CCC CCC CCC CCC CCC CCC CCC CCC CCC CCC CCC CCC CCC CCC CCC CCT CCT CCT CCT CCA CCA CCA CCC CCC CCG CCG CCG CCG CCG CCT CCT CCT CCT CCT CCT CCT CCT CGA CGA CGG CGG CGC CGC CGC CGC CGT CGA CGC CGG CGG CGG CGG CGG CGG CGG CGC CTA CTG CCC CTC CTC CTC CTC CTC CTC CTC CTC CTC CTG CTG CTT CTT CTA CTC CTC CTG CTG CTG CTG CTG CTG CTG CTG CTG CTG CTG TTG TTG CTG CTT CTT TTG GAA GAA GAA GAA GAA GAG GAG GAC GAC GAC GAC GAC GAC GAC GAC GAT GAT GAA GAG GAG GAG GAG GAG GAG GAG GAG GAG GAC GAT GAT GAT GAT GCA GCA GCC GCG GCT GTG ATT GCA GCC GCC GCC GCC GCC GCC GCC GCC GCC GCG GCT GCT GTC GCG GCC GCC GCG GCT GCT GCT GCT GCT GCT GGT GTT GTT GCA GGA GGA GGA GGA GGA GGC GGC GGC GGC GGC GGC GGC GGT GGT GGT GGG GGG GGG GGG GGG GGG GGG GGG GGG GGG GGG GGG GGG GGG GGG GGA GGT GGT CTC GTC GTC GTC GTC GTC GTG GTG GTG GTG GTG GTG GTG GTG GTC GTT GTT TAC TAC TAC TAC TAC TAC TAT TAT CCA GCG TCA GCC TCC TCC TCC TCC TCT TCC TCT TGC TGT TGG TGT TGT TGT TGT TGT TTC TTC TTC TTC TTC CTG CTT TTG TTG TTC TTC TTT TTT
Rattus norvegicus                           --- --- --- --- --- --- --- --- --- --- --- --- --- --- --- --- --- --- --- --- --- --- --- --- --- --- --- --- --- --- --- --- --- --- --- --- --- --- --- --- --- --- --- --- --- --- --- --- --- --- --- --- --- --- --- --- --- --- --- --- --- --- --- --- --- --- --- --- --- --- --- --- --- --- --- --- --- --- --- --- --- --- --- --- --- --- --- --- --- --- --- --- --- --- --- --- --- --- --- --- --- --- --- --- --- --- --- --- --- --- --- --- --- --- --- --- --- --- --- --- --- --- AAA AAA AAG AAA AAC AAC AAT AAT AAC AAC AAA AAA AAG AAG AAG AAG AAC AAT AAT AAT ACA ACA ATG ACA ATG ACC ACT ATG ACT TCT ACA ACA ACA ACC ACT ACT ACT ACT AAA AGA AGA AGA AGC AGC AGC AGC AGC AGT AGC AGT TGC AAG AGG AGG AGG AGG AGG AGT AGT AGT AGT AGT AGT AGT AGT ATC ATC ATC ATC ATC ATT GTT ATG ATG ATG ATG ATG GTG ATC CAA CAG CAC CAC CAC CAC CAC CAT CAT CAT CAT CAG CAG CAA CAA CAG CAG CAG CAG CAG CAT CAT CAT CCA CCA CCA CCG CCC --- CCC CCT CTC CCA CCC CCC CCC CCC CCC CCC CCC CCC CCC CCC CCC CCG CCT TCC CCC CCC CCT CCT CCA CTG CTG CCT CCT CCA CCA CCG CCT CCT CAT CCA CCG CCT CCT CCT CCT GCT CAA CGA CGA CGG AGA CGC CGC CGT CGA CGG CGG CGA CGA CGA CGG CGG CGG CGG CGC CTA CTG --- CTA CTC CTC CTC CTC CTC CTC CTG CTT CTG CTT CTC CTT CTG CTC CTG CTC CTG CTG CTG CTG CTG GTG TTA TTG TTG TTG CTG TTG TTG CTT CTT CTT GAA GAA GAA GAA GAG GAA GAG GAC GAC GAC GAC GAC GAC GAT GAT GAC GAT GAG GAA GAA GAA GAG GAG GAG GAG GAG GAT GAT GAC GAT GAT GAT GCA GCT GCG GCG GCG GCA GTC GCT --- GCA GCC GCC GCC GCC GCC GCT TCC GCA GCT GCT ACC GCA GCC GCT GCT GCT GCT GCT GCT GCT GCT GGT GCT GTT --- GGA GGA GGA GGA GGC GGC GGC GGC GGC GGG GGT GGT GGC GGC GGT ACA GGA GGA GGA GGG GGG GGG GGG GGG GGG GGG GGG GGT GGT GGT GGA GGT GGT CTC ATC GTC GTC GTC GTG ATA GTA GTA GTG GTG GTG GTG GTG GTT GTT GTT TAC TAC TAC TAT TAC TAT TAC TAT CCA TCC TCA TCT TCC TCC TCT TCT TCT TCA TCT TGC TGC TGG TGC TGC TGT TGT TGT TTC TTC TTC TTT TTT CTG CTC TTA TTG TTC TTT TTC TTT
Homo sapiens                                --- --- --- --- --- --- --- --- --- --- --- --- --- --- --- --- --- --- --- --- --- --- AAG CCA CGC GCA GGG GGG GGG TCT AAC AAC AAG AAG AGG GAT AAT AAT ACC ACT ATC AGC AGG AGT ATC ATG ATG CAG CCA CCA CCA CCC CCG CCT CCC CCC CCC CCC CCC CCG CCT CCT CGG CTG CTC CTC CTC CCA CTA CTG CTG CTG CTG CTG CTG CTG CTC GAA GAG GAC GAC GAG GAG GAG GAG GAT GAC GAT GAT GCA GCA GCC GCT GGC GCC GCT GCT GGA GTA GGG GGG GGG GGG GGG GGG GGG GGG ATG TAC TCA TCA TCT TCA TCC TCC TCC TCA TCG GCT TCT TGC TTC AAA AAA AAA AAA AAC AAC AAC AAC AAC AAT AAG AAG AAG AAG AAG AAG AAC AAT AAT AAT ACA ACT ACA ACG GTG ACC ACC ACC ACT GCT ACA ACG ACA ACC ACT ACT ACT ACT AAA AGA AGA AGA AGC AGC AGC AGC AGC AGC AGC AGC TGT AAA AGG AGG AGG AGG AGG AGT AGT AGT AGT AGT AGT AGT AAT ATC ATC ATC ATT ATT ATC ATC ATG ATG ATG ATG ATG GTG ATC CAA CAG CAC CAC CAC CAC CAT CAC CAC CAT CAT CAA CAG CAA CAA CAG CAG CAG CAG CAG CAT CAT CCA CCA CCA CCG CCA CCC CCA CCC CCC CCA CCC CCC CCC CCC CCC CCC CCC CCC CCC CCC CCC CCT CCC CCC CCC CCC CCT CCC CCT CCA CCA GCA CCG CCT CCA CCG CCG CCT CCT CCT CCT CCT CCC CCT CCT CCT CCT CGA CGG CGA CGC CGC CGC CGC CGC CGT CGG CGG CGG CGG CGG CGG CGG CGG CGG CGC CTA CTG GCT CTA CTC CTC CTC CTC CTG CTT CTT CTC CTG CTA CTC CTT CTG CTC CTG CTG CTG CTG CTG CTT TTG CTG CTC CTG TTG TTG TTG TTG CTG CTT TTG CTG GAA GAA GAA GAA GAA GAA GAG GAC GAC GAC GAC GAC GAT GAC GAT GAC GAT GAG GAG GAG GAG GAA GAG GAG GAG GAG GAG GAT GAT GAT GAT GAT GCA GCA GCA GCA GCG GCA GTC GCT GCC GCC GCC GCC GCC GCC GCC GCC TCC GCT GCC GCT GCC GCG GCT GCT GCT GCA GCC GCT GCT GCT GCT GGT GCT GTT GGA GGA GGA GGA GGA GGC GGC GGC GGC GGC GGC GGC GGT GGC GGC GGC GGG GGG GGG GGG GGA GGG GGG GGG GGG GGG GGG GGT GGG GGG GTG GGG GGT GGT CTC GTC GTC GTC GTC GTC GTA GTA GTG GTA GTG GTG GTG GTG GTC GTT GTT TAC TAC TAT TAC TAT TAT TAT TAT CCA TCG TCA TCT TCC TCC TCC TCC TCT TCA TCT TGC TGC TGG TGT TGT TGT TGT TGT TTC TTC TTC TTC TTC CTG CTT TTG TTG TTC TTT TTT TTT
Danio rerio                                 AAC ACA ACC CAG CCA CCT CGG CGT CTA CTC CTG CTT GAC GCC GCT GGA GGC GGG GTC TCA TCC TCT AAG CCA CTC --- ACT CTG GGC TTA GCC GTG AAA AAG AGG GTG ACA AGT ACC ACC GGA GGA CCA AGC ATT --- ATG CAG AGC CCC CTC CCT TCT CCA ACT CCC CCT CGT GTC CCT CCT TCT AGG CCT CCA CCC GAG TCG CCT ACA CTC CTG CTT TCT TTA TTC TTT GAG ATC GAA GAT AGC GAC GGC TCC AAT GAG ATG CCT GCA GGA GAG TCC CCT GGT GCG TCC AGG GGT AAT ACC ACG CAG GCC GCT GGT TTG TCC TAC AGC TCT TCC TCC CCT TCC TCT TCC TCA AAT TCC TGC TTC AAA GTG CAG AAA AAC GAC --- AAC AAT GAT AAA CCT AAA AAG CGG AAA AAT AAC AAT TCA ACA ACC CAG GGC CTT ACC ACC --- ACG GCA ACA ACC ACG ACA --- ACT GCC ACC AAG AAG AGA CGA AGC AGT CAC TCC TCT TCA TCC AGT GTG AAA CGA AAA AAG AGG CGC AAT AGT --- AGC AGT GGC TCA --- ATA ATC ATT ATA ATC ATC GCC AGC ATG CCT CTG ATG GTT ATC CTC ACC AGT CAC CAT CGG CAC CAT CAT CAC CAT CAA CAG CAA CAG --- CAA CAG CCA GTG GTG CAC --- CTA TCG TGT ACA CCT --- --- CCC CCG GCA --- --- CAT CCA CCC CCC CCG CCT GCA TCG CCA CCA TCT CCC CCA CCC AGC CCT CCA CTT --- CCA CCA CCA CCC CCA CCC CCA CCG CCC GTG CCT CCA CCG GCA GGT CAG AGA --- --- CGG CGC CGG CAC AGA CGC AGA CGA CGC CGG AGG AGG CGC CGT CGC --- CTG --- CTG CTA CTC CTG CTG GCG TTG TTG CTG GTG CTT CTA TTG CTG CTC GTG CTG CTC CTG TTA CTC CTG GCT CTG GTG ACA CTG CAG CTC CTG ACC CCT CTG --- CCC GAA GAT GAG CAG GAG AAC ATT GAC GAG GAT GAC GAC GAT GAC GAC GAG GAA GAG GAT GAG CAG GAA GAG GAT GAT GAT GAG GAC GAG GCA ATC --- AGA GCA GCT GCT ATT CCC --- GCC CCC GCA GCC GCG GCT GCG CCT GCG GCG --- --- GCA GCC GCC GCT GCG GCT --- GCA GCG GCT --- --- AGC GGA AAC ACC GGA GGC GGG GCC GGA GGC GGG GGT GGA GGC CCG GTT GGA CAG --- GGC GGG GGA --- AAC GGA GGC GGG TCA --- GGA GGT --- GGT GGA GGT AAG GTG GTC GTG GTT GTG TAT GTG GTG GTG GTA GTC GTG TTA GTT GTC GTG TAC TAT TAC TAC TAT TAC TAC TAC GGT GCA TCA TCC TCA TCC TCA TCG TCC TCT TCT TGC TGT TGG TCC TGC TGC TGT TGT TTC TTC TTT TTC TTT CTC CTC CTG ACT TTT TTT TTT TTT
Pan troglodytes                             --- --- --- --- --- --- --- --- --- --- --- --- --- --- --- --- --- --- --- --- --- --- --- --- --- --- --- --- --- --- --- --- --- --- --- --- --- --- --- --- --- --- --- --- --- --- --- --- --- --- --- --- --- --- --- --- --- --- --- --- --- --- --- --- --- --- --- --- --- --- --- --- --- --- --- --- --- --- --- --- --- --- --- --- --- --- --- --- --- --- --- --- --- --- --- --- --- --- --- --- --- --- --- --- --- --- --- --- --- --- --- --- --- --- --- --- --- --- --- --- --- --- AAA AAA AAA AAA AAC AAC AAC AAC AAC AAT AAG AAG AAG AAG AAG AAG AAC AAT AAT AAT ACA ACT ACA ACG GTG ACC ACC ACC ACT GCT ACA ACG ACA ACC ACT ACT ACT ACT AAA AGA AGA AGA AGC AGC AGC AGC AGC AGC AGC AGC TGT AAA AGG AGG AGG AGG AGG AGT AGT AGT AGT AGT AGT AGT AAT ATC ATC ATC ATT ATT ATC GTC ATG ATG ATG ATG ATG GTG ATC CAA CAG CAC CAC CAC CAC CAT CAC CAC CAT CAT CAA CAG CAA CAA CAG CAG CAG CAG CAG CAT CAT CCA CCA CCA CCG CCA CCC CCA CCC CCC CCA CCC CCC CCC CCC CCC CCC CCC CCC CCC CCC CCC CCT CCC CCC CCC CCC CCT CCC CCT CCA CCA GCA CCA CCT CCA CCG CCG CCT CCT CCT CCT CCT CCC CCT CCT CCT CCT CGA CGG CGA CGG CGC CGC CGC CGC CGT CGG CGG CGG CGG CGG CGG CGG CGG CGG CGC CTA CTG GCT CTA CTC CTC CTC CTC CTG CTT CTT CTC CTG CTA CTC CTT CTG CTC CTG CTG CTG CTG CTG CTT CTG CTG CTC CTG TTG TTG TTG TTG CTG CTT TTG CTG GAA GAA GAA GAA GAA GAA GAG GAC GAC GAC GAC GAC GAT GAC GAT GAC GAT GAG GAG GAG GAG GAA GAG GAG GAG GAG GAG GAT GAT GAT GAT GAT GCA GCA GCA GCA GCG GTA GTC GCT GCC GCC GCC GCC GCC GCC GCC GCC TCC GCT GCC GCT GCC GCG GCT GCT GCT GCA GCC GCT GCT GCT GCT GGT GCT GTT GGA GGA GGA GGA GGA GGC GGC GGC GGC GGC GGC GGC GGC GGC GGC GGC GGG GGG GGG GGG GGA GGG GGG GGG GGG GGG GGG GGT GGG GGG GTG GGG GGT GGT CTC GTC GTC GTC GTC GTC GTA GTA GTG GTG GTG GTG GTG GTG GTC GTT GTT TAC TAC TAT TAC TAT TAT TAT TAT CCA TCG TCA TCT TCC TCC TCC TCC TCT TCA TCT TGC TGC TGG TGT TGT TGT TGT TGT TTC TTC TTC TTC TTC CTG CTT TTG TTG TTC TTT TTT TTT
Mus musculus                                --- --- --- --- --- --- --- --- --- --- --- --- --- --- --- --- --- --- --- --- --- --- --- --- --- --- --- --- --- --- --- --- --- --- --- --- --- --- --- --- --- --- --- --- --- --- --- --- --- --- --- --- --- --- --- --- --- --- --- --- --- --- --- --- --- --- --- --- --- --- --- --- --- --- --- --- --- --- --- --- --- --- --- --- --- --- --- --- --- --- --- --- --- --- --- --- --- --- --- --- --- --- --- --- --- --- --- --- --- --- --- --- --- --- --- --- --- --- --- --- --- --- AAA AAA AAG AAA AAC AAC AAT AAT AAC AAT AAA AAG AAG AAG AAG AAG AAC AAT AAT AAT ACA ACA ACA ACG ATG ACC ACT ATG ACT TCT ACG ACA ACA ACC ACT ACT ACT ACT AAA AGA AGA AGA AGC AGC AGC AGC AGC AGC AGC AGC TGC AAG AGG AGG AGG AGG AGG AGT AGT AGT AGT AGT AGT AGT AGT ATC ATC ATC ATC ATC ATT CTT ATG ATG ATG ATG ATG GTG ATC CAG CAG CAC CAC CAC CAC CAC CAT CAT CAC CAT CAG CAG CAA CAA CAG CAG CAG CAG CAG CAT CAT CAT CCG CCC CCA CCA CCC --- CCT CCC CCC CCA CCC TCC CCC CCC CCG CCT CCC CCC CCG CCC CCC CCT CCT CCC CCC CCC CCT CCT CCG TTG CTG CCT CCT CCA CCA CCG CCT CCT CAT CCT CCA CCT CCT CCC CCT CCA CAA CGA CGA CGG AGA CGC CGC CGT CGA CGG CGG CGA CGG CGA AGG CGG CGG CGG CGC CTA CTG --- CTA CTC CTC CTC CTG CTT CTC CTG CTT CTG CTG CTC CTT CTG CTC CTG CTG CTG CTG CTG CTG CTG GTG TTA TTG TTG TTG CTG TTG TTG CTT CTT CTT GAA GAA GAA GAA GAA GAA GAG GAC GAC GAC GAC GAC GAC GAT GAT GAC GAC GAG GAA GAA GAA GAG GAG GAG GAG GAG GAT GAT GAT GAT GAT GAT GCC GCT GCG GCG GCG GCA GTC GCT --- GCA GCC GCC GCC GCC GCC GCC TCC GCA GCT GCT GCC GCG GCC GCC GCT GCT GCT GCT GCT GCT GCT GGT GCT GCT --- GGA GGA GGA GGA GGC GGC GGC GGC GGC GGG GGC GGC GGC GGC GGT GCA GGG GGG GGG GGG GGG GGG GGG GGG GGG GGG GGG GGT GGT GGG GGG GGT GGT CTC ATC GTC GTC GTC GTG ATA GTA GTA GTG GTG GTG GTG GTG GTT GTT GTT TAC TAC TAT TAT TAT TAT TAC TAT CCA TCC TCA TCC TCC TCC TCC TCT TCT TCT TCT TGC TGC TGG TGT TGT TGT TGC TGT TTC TTT TTC TTT TTC CTG CTT TTG TTG TTT TTT TTC TTT



    1    2    2    1    2    7    1    1    1    2    1    5    1    1    2
    1    1    1    1    1    1    4    1    1    1    1    1    1    1    1
    1    1    1    1    1    1    1    1    2    1    1    1    1    1    1
    1    1    1    1    1    1    1    1    1    1    3    2    1    1    1
    2    1    2    1    1    1    1    1    1    1    1    3    1    1    1
    1    1    1    1    1    1    1    2    1    1    1    1    1    1    1
    1    1    1    1    1    1    1    1    1    1    1    1    1    1    1
    1    1    1    1    1    1    1    1    1    2    1    1    1    1    1
    1    2    3    1    1    1    3    1    1    2    1    1    1    1    4
    2    1    1    1    3    2    1    1    1    1    1    1    6    1    1
    1    1    1    1    1    1    1    1    1    1    1    1    1    1    4
    1    1    1    1    1    1    1    1    1    1    1    1    4    1    1
    1    1    1    1    1    1    1    1    6    1    1    1    1    1    1
    9    1    1    1    1    1    1    1    1    4    1    1    1    1    1
    1    1    1    2    1    1    2    1   11    1    1    1    1    1    1
    1    1    1    1    1    1    1    1    1    1    1    1    1    1    1
    1    1    1    1    1    1    1    1    1    1    1    1    1    1    1
    1    1    1    1    1    1    1    1    1    1    1    1    1    1    1
    1    1    1    1    1    2    1    1    1    1    1    1    1    1    1
    1    2    2    1    1    1    1    1    1    1    1    1    1    1    1
    1    1    1    1    1    1    1    1    1    1    3    1    1    1    1
    1    1    1    1    1    1    1    1    1    1    1    1    3    1    1
    1    1    1    1    7    1    2    1    1    1    2    1    1    1    2
    1    1    1    2    8    2    1    1    1    2    1    1    1    1    1
    1    1    1    1    1    1    1    1    2    2    1    1    1    1    1
    1    1    1    1    1    1    1    1    1    1    1    1    1    1    1
    1    1    1    1    2    1    1    1    3    3    1    1    1    1    1
    1    1    1    1    1    1    1    1    1    4    3    2    1    1    1
    1    1    1    1    1    1    1    5    1    2    1    1    1    1    1
    1    3    4    1    1    3    1    2    2    1    1    1    1    1    1
    1    1    2    1    1    1    1    1    1    1    1    1    1    4    1
    1    1    1    1    2    1    1    1    1    1    1    1    1    1    1
    2    4

CODONML (in paml version 4.4b, July 2010)  torun.nuc
Model: One dN/dS ratio for branches Global clock 
Codon frequency model: F3x4
ns =   7  ls = 624

Codon usage in sequences
--------------------------------------------------------------------------------------------------------------
Phe TTT  8  6  7  7 11  7 | Ser TCT  1  4  6  6 13  3 | Tyr TAT  4  2  3  5  4  5 | Cys TGT  5  6  3  6  4  6
    TTC  6 10  7  9  7  7 |     TCC  6 10  5  9 17  5 |     TAC  6  9  7  6  8  5 |     TGC  2  3  5  3  4  2
Leu TTA  0  0  2  0  4  0 |     TCA  4  5  3  7 10  3 | *** TAA  0  0  0  0  0  0 | *** TGA  0  0  0  0  0  0
    TTG  4  5  6  8  4  7 |     TCG  1  2  0  2  4  1 |     TAG  0  0  0  0  0  0 | Trp TGG  4  4  4  4  4  4
--------------------------------------------------------------------------------------------------------------
Leu CTT  4  6  6  6  9  6 | Pro CCT  9 15 12 17 26 13 | His CAT  2  4  8  5  5  5 | Arg CGT  1  1  1  1  4  1
    CTC 14 15 12 13 13  9 |     CCC 22 27 15 29 16 20 |     CAC 12 11  8  9  9  9 |     CGC  6  7  4  8  8  6
    CTA  2  3  2  4  4  3 |     CCA  7 17  9 15 18 11 | Gln CAA  2  4  4  4  3  4 |     CGA  4  3  6  2  3  2
    CTG 18 30 16 26 22 17 |     CCG  9  6  4  6  5  3 |     CAG 21 20 20 20 24 19 |     CGG 11 13  9 14  6 13
--------------------------------------------------------------------------------------------------------------
Ile ATT  1  1  1  2  4  2 | Thr ACT  5  4  6  7  4  6 | Asn AAT  7 11  9 10  8  8 | Ser AGT  8  8 10  8  6  7
    ATC 12 14 12 13 11 10 |     ACC 10 13  8 11 19  9 |     AAC  9  9  7 11 12  9 |     AGC 12 12  9 12 12 11
    ATA  0  0  1  0  2  0 |     ACA  5  5  7  4  9  4 | Lys AAA  6  7  8  8 13  8 | Arg AGA  4  3  4  3  5  3
Met ATG 14 14 16 16 12 13 |     ACG  3  3  0  2  3  2 |     AAG 10 15 10 13  8 10 |     AGG  9  9  8 10 10  8
--------------------------------------------------------------------------------------------------------------
Val GTT  5  7  7  5  5  5 | Ala GCT 12 12 15 17 10 13 | Asp GAT  6 11  9 13 11  9 | Gly GGT  3  6  9  5  9  4
    GTC 11 12  9 12 13 13 |     GCC 17 21  8 15 11 13 |     GAC 18 18 16 18 18 15 |     GGC 15 11 11 15 14 15
    GTA  0  0  2  4  1  3 |     GCA  6  4  5 10 12  6 | Glu GAA  9 10 11 10  7  9 |     GGA  6  9  9  8 19  7
    GTG 13 18 13 13 21 14 |     GCG  1  5  3  2  8  2 |     GAG 20 27 17 26 21 20 |     GGG 21 29 15 30  6 19
--------------------------------------------------------------------------------------------------------------

--------------------------------------------------
Phe TTT  8 | Ser TCT  5 | Tyr TAT  5 | Cys TGT  4
    TTC  6 |     TCC  7 |     TAC  5 |     TGC  4
Leu TTA  1 |     TCA  2 | *** TAA  0 | *** TGA  0
    TTG  8 |     TCG  0 |     TAG  0 | Trp TGG  4
--------------------------------------------------
Leu CTT  8 | Pro CCT 14 | His CAT  7 | Arg CGT  1
    CTC  7 |     CCC 15 |     CAC  9 |     CGC  4
    CTA  2 |     CCA  8 | Gln CAA  3 |     CGA  5
    CTG 18 |     CCG  5 |     CAG 21 |     CGG  9
--------------------------------------------------
Ile ATT  1 | Thr ACT  6 | Asn AAT 10 | Ser AGT  8
    ATC 12 |     ACC  7 |     AAC  6 |     AGC 11
    ATA  1 |     ACA  5 | Lys AAA  7 | Arg AGA  4
Met ATG 15 |     ACG  2 |     AAG 11 |     AGG  9
--------------------------------------------------
Val GTT  5 | Ala GCT 13 | Asp GAT  9 | Gly GGT  6
    GTC  9 |     GCC 12 |     GAC 16 |     GGC 13
    GTA  2 |     GCA  4 | Glu GAA 12 |     GGA  5
    GTG 13 |     GCG  4 |     GAG 16 |     GGG 20
--------------------------------------------------

Codon position x base (3x4) table for each sequence.

#1: Bos taurus     
position  1:    T:0.10782    C:0.30444    A:0.24313    G:0.34461
position  2:    T:0.23679    C:0.24947    A:0.27907    G:0.23467
position  3:    T:0.17125    C:0.37632    A:0.11628    G:0.33615
Average         T:0.17195    C:0.31008    A:0.21283    G:0.30514

#2: Canis lupus familiaris
position  1:    T:0.11458    C:0.31597    A:0.22222    G:0.34722
position  2:    T:0.24479    C:0.26562    A:0.27431    G:0.21528
position  3:    T:0.18056    C:0.35069    A:0.12153    G:0.34722
Average         T:0.17998    C:0.31076    A:0.20602    G:0.30324

#3: Rattus norvegicus
position  1:    T:0.12367    C:0.28998    A:0.24733    G:0.33902
position  2:    T:0.25373    C:0.22601    A:0.29211    G:0.22814
position  3:    T:0.23881    C:0.30490    A:0.15565    G:0.30064
Average         T:0.20540    C:0.27363    A:0.23170    G:0.28927

#4: Homo sapiens   
position  1:    T:0.12329    C:0.30651    A:0.22260    G:0.34760
position  2:    T:0.23630    C:0.27226    A:0.27055    G:0.22089
position  3:    T:0.20548    C:0.33048    A:0.13527    G:0.32877
Average         T:0.18836    C:0.30308    A:0.20947    G:0.29909

#5: Danio rerio    
position  1:    T:0.15852    C:0.29511    A:0.23272    G:0.31366
position  2:    T:0.24115    C:0.31197    A:0.25464    G:0.19224
position  3:    T:0.22428    C:0.32378    A:0.18550    G:0.26644
Average         T:0.20798    C:0.31029    A:0.22428    G:0.25745

#6: Pan troglodytes
position  1:    T:0.11628    C:0.29810    A:0.23256    G:0.35307
position  2:    T:0.24524    C:0.24101    A:0.28541    G:0.22833
position  3:    T:0.21142    C:0.33404    A:0.13319    G:0.32135
Average         T:0.19098    C:0.29105    A:0.21705    G:0.30092

#7: Mus musculus   
position  1:    T:0.12580    C:0.28998    A:0.24520    G:0.33902
position  2:    T:0.24733    C:0.23241    A:0.29211    G:0.22814
position  3:    T:0.23454    C:0.30490    A:0.13006    G:0.33049
Average         T:0.20256    C:0.27576    A:0.22246    G:0.29922

Sums of codon usage counts
------------------------------------------------------------------------------
Phe F TTT      54 | Ser S TCT      38 | Tyr Y TAT      28 | Cys C TGT      34
      TTC      52 |       TCC      59 |       TAC      46 |       TGC      23
Leu L TTA       7 |       TCA      34 | *** * TAA       0 | *** * TGA       0
      TTG      42 |       TCG      10 |       TAG       0 | Trp W TGG      28
------------------------------------------------------------------------------
Leu L CTT      45 | Pro P CCT     106 | His H CAT      36 | Arg R CGT      10
      CTC      83 |       CCC     144 |       CAC      67 |       CGC      43
      CTA      20 |       CCA      85 | Gln Q CAA      24 |       CGA      25
      CTG     147 |       CCG      38 |       CAG     145 |       CGG      75
------------------------------------------------------------------------------
Ile I ATT      12 | Thr T ACT      38 | Asn N AAT      63 | Ser S AGT      55
      ATC      84 |       ACC      77 |       AAC      63 |       AGC      79
      ATA       4 |       ACA      39 | Lys K AAA      57 | Arg R AGA      26
Met M ATG     100 |       ACG      15 |       AAG      77 |       AGG      63
------------------------------------------------------------------------------
Val V GTT      39 | Ala A GCT      92 | Asp D GAT      68 | Gly G GGT      42
      GTC      79 |       GCC      97 |       GAC     119 |       GGC      94
      GTA      12 |       GCA      47 | Glu E GAA      68 |       GGA      63
      GTG     105 |       GCG      25 |       GAG     147 |       GGG     140
------------------------------------------------------------------------------

(Ambiguity data are not used in the counts.)


Codon position x base (3x4) table, overall

position  1:    T:0.12510    C:0.30052    A:0.23426    G:0.34012
position  2:    T:0.24333    C:0.25955    A:0.27715    G:0.21996
position  3:    T:0.20896    C:0.33242    A:0.14050    G:0.31812
Average         T:0.19247    C:0.29750    A:0.21730    G:0.29273

Codon frequencies under model, for use in evolver (TTT TTC TTA TTG ... GGG):
  0.00648947  0.01032338  0.00436332  0.00987937
  0.00692210  0.01101161  0.00465420  0.01053799
  0.00739140  0.01175816  0.00000000  0.00000000
  0.00586619  0.00933187  0.00000000  0.00893050
  0.01558900  0.02479881  0.01048155  0.02373220
  0.01662826  0.02645206  0.01118032  0.02531434
  0.01775560  0.02824543  0.01193831  0.02703057
  0.01409175  0.02241700  0.00947485  0.02145283
  0.01215172  0.01933082  0.00817043  0.01849939
  0.01296183  0.02061954  0.00871512  0.01973268
  0.01384060  0.02201748  0.00930598  0.02107049
  0.01098460  0.01747419  0.00738570  0.01672261
  0.01764281  0.02806599  0.01186247  0.02685885
  0.01881899  0.02993706  0.01265330  0.02864944
  0.02009486  0.03196669  0.01351115  0.03059178
  0.01594830  0.02537039  0.01072313  0.02427919



Nei & Gojobori 1986. dN/dS (dN, dS)
(Pairwise deletion)
(Note: This matrix is not used in later ML. analysis.
Use runmode = -2 for ML pairwise comparison.)

Bos taurus          
Canis lupus familiaris 0.0858 (0.0279 0.3246)
Rattus norvegicus    0.0694 (0.0342 0.4927) 0.0637 (0.0357 0.5597)
Homo sapiens         0.0647 (0.0191 0.2956) 0.0710 (0.0229 0.3217) 0.0591 (0.0263 0.4453)
Danio rerio          0.1045 (0.1789 1.7120) 0.1346 (0.2296 1.7062) 0.0808 (0.1675 2.0727) 0.1198 (0.2309 1.9278)
Pan troglodytes      0.0735 (0.0211 0.2866) 0.0547 (0.0180 0.3298) 0.0607 (0.0263 0.4337) 0.1305 (0.0019 0.0144) 0.0908 (0.1712 1.8858)
Mus musculus         0.0653 (0.0283 0.4335) 0.0586 (0.0317 0.5415) 0.0480 (0.0090 0.1869) 0.0535 (0.0224 0.4193) 0.0776 (0.1688 2.1737) 0.0588 (0.0234 0.3983)


TREE #  1:  ((((4, 6), (7, 3)), (1, 2)), 5);   MP score: -1
lnL(ntime:  6  np:  8):  -5534.612974      +0.000000
   8..9     9..10   10..11   11..4    11..6    10..12   12..7    12..3     9..13   13..1    13..2     8..5  
 1.656991 0.190196 0.190196 0.009151 0.065264 0.163198 2.847733 0.069299
SEs for parameters:
 0.155773 0.012131 0.014806 0.003504 0.008156 0.014627 0.266494 0.006865

tree length =   3.93199

((((4: 0.009151, 6: 0.009151): 0.181045, (7: 0.065264, 3: 0.065264): 0.124932): 0.000000, (1: 0.163198, 2: 0.163198): 0.026998): 1.466795, 5: 1.656991);

((((Homo sapiens: 0.009151, Pan troglodytes: 0.009151): 0.181045, (Mus musculus: 0.065264, Rattus norvegicus: 0.065264): 0.124932): 0.000000, (Bos taurus: 0.163198, Canis lupus familiaris: 0.163198): 0.026998): 1.466795, Danio rerio: 1.656991);

Detailed output identifying parameters

kappa (ts/tv) =  2.84773

omega (dN/dS) =  0.06930

dN & dS for each branch

 branch          t       N       S   dN/dS      dN      dS  N*dN  S*dS

   8..9      1.467  1361.1   510.9  0.0693  0.1048  1.5122 142.6 772.7
   9..10     0.000  1361.1   510.9  0.0693  0.0000  0.0000   0.0   0.0
  10..11     0.181  1361.1   510.9  0.0693  0.0129  0.1866  17.6  95.4
  11..4      0.009  1361.1   510.9  0.0693  0.0007  0.0094   0.9   4.8
  11..6      0.009  1361.1   510.9  0.0693  0.0007  0.0094   0.9   4.8
  10..12     0.125  1361.1   510.9  0.0693  0.0089  0.1288  12.1  65.8
  12..7      0.065  1361.1   510.9  0.0693  0.0047  0.0673   6.3  34.4
  12..3      0.065  1361.1   510.9  0.0693  0.0047  0.0673   6.3  34.4
   9..13     0.027  1361.1   510.9  0.0693  0.0019  0.0278   2.6  14.2
  13..1      0.163  1361.1   510.9  0.0693  0.0117  0.1682  15.9  86.0
  13..2      0.163  1361.1   510.9  0.0693  0.0117  0.1682  15.9  86.0
   8..5      1.657  1361.1   510.9  0.0693  0.1184  1.7083 161.1 872.8

tree length for dN:       0.2809
tree length for dS:       4.0537


Time used:  0:13
