
seed used = 1418768021
      6   1944

Rattus norvegicus                          --- --- --- --- --- --- --- --- --- --- --- --- --- --- --- --- --- --- --- --- --- --- --- --- --- --- --- --- --- --- --- --- --- --- --- --- --- --- --- --- --- --- --- --- --- --- --- --- --- --- --- --- --- --- --- --- --- --- --- --- --- --- --- --- --- --- --- --- --- --- --- --- --- --- --- --- --- --- --- --- --- --- --- --- --- --- --- --- --- --- --- --- --- --- --- --- --- --- --- --- --- --- --- --- --- --- --- --- --- --- --- --- --- --- --- --- --- --- --- --- --- --- --- --- --- --- --- --- --- --- --- --- --- --- --- --- --- --- --- --- --- --- --- --- --- --- --- --- --- --- --- --- --- --- --- --- --- --- --- --- --- --- --- --- --- --- --- --- --- --- --- --- --- --- --- --- --- --- --- --- --- --- --- --- --- --- --- --- --- --- --- --- ATG AGC CGG CGC GCC TGC GGT GAT CTC CCC CGG CCG TCC TCC TGT CTC TGC CCT --- --- --- --- --- --- --- --- CTT GAC GCG CGG ACG ACC GTG GAC GGT TGT AAA GAA GAA AGC CCT GTT CTT TCG GTT ACC ATG AAG TGT --- TTT AAT TGC AAC CCT GAT CTT TTG GAG CTT GAG GTG GTG AAG ACT --- GAG GAC AGT GGG AGG GAA GGT TCC TAC AGT CCT GTG TGT TTG GAA CCT TCC TGT GAC AAT TGT GTT GGA AAC CAT GAA AGA --- TTG TCT TTT GTC GAA TCA CCA ATT GTG GGA --- --- --- --- --- --- --- --- --- --- --- --- --- --- CAT GAT AAC AAG GAA AAT --- CAA CGT GTA CAA AAT ATA CTA --- GAT AGT TCA AAG GAA GTG GAA GAG CTG GAG GCC AGC AGA CTG TAT GAG GAC AGC GGC TAC TCC TCA TTC --- --- ATA CAG --- --- --- --- AGT GAC AGT GAC GAT GGC ATC CTT ATC CTG GAG AAT TTC AGA AAC AGT TCC CAG GCC CAT CTG CTG CTG TCA TCG CAG AGC CCA GAC CAG CAT CCC AAC AAA AAC CTG CTG CCT GCC CTG CAT TTT GAA AGA GTG GTT TGC TCA ACA TTA AAA AAG AAT GGC AAG CGA AAC TCT AAA GTG GAT CAA GAA ATG CTG AAG GAA GTT ATC GCC AGC GGA AAC ATT ACA CTG CAA AAT ATA ATT GGC AAG AAA ATG GGC CTG GAA CAC CTA GAT ATC CTG GCT GAG CTC TCC CGG AGG GGA TGT ATG CAC CTG TTA GCT AAT ATT TTC ATG AAG CTC AGC GGC ATG GAC TTA ATA AAT TTG TCT AAA GTG AGC AGA ATT TGG AAG AAG ATA CTA GAA AGC GAT AAA GGA GCA TTC CAG CAA TAC AGC AAA GCC ATG CAG AGA GTC ATT GAA --- AGC AAT AAG TTG TCA CTA CAT GCT TCA ACC AGA GGA TAT GTC GTG GGC AGA ACT GCA CTA ACC TGT GTT CAA AAG TCA TCG ACC TGG GCA CCT CCC --- AAA AAT GTT CAA --- --- --- CCC AGT CAA CGT GGT CAG AGG GGT TCT GTC TAC AGC CGG CAC AAT GAG TTC CTG GAG GTG GCA AAG ACA TTG AAA AAC AAC GAA AGC CTC AAA GCC TGT GTT CGC TGT AAT TTC CCT GCA AAA TAT GAC CAT TAT TTA GAG CGA GCA GTC TGC AAA CGG GAA AGT TGT AAA TTC GAA TAT TGT ACA AAG TGT CTG TGT GCT TAC CAT AAC AAC AAA GAC TGT TTG AAT AGC AAG AAC CTA AAA GCC AGC TGC AAA ATG GGT CCT TTG CCT GGA ACT AAA AAG AGT AAA AAG AAC TTA CAA AGA TTG 
Pan troglodytes                            --- --- --- --- --- --- --- --- --- --- --- --- --- --- --- --- --- --- --- --- --- --- --- --- --- --- --- --- --- --- --- --- --- --- --- --- --- --- --- --- --- --- --- --- --- --- --- --- --- --- --- --- --- --- --- --- --- --- --- --- --- --- --- --- --- --- --- --- --- --- --- --- --- --- --- --- --- --- --- --- --- --- --- --- --- --- --- --- --- --- --- --- --- --- --- --- --- --- --- --- --- --- --- --- --- --- --- --- --- --- --- --- --- --- --- --- --- --- --- --- --- --- --- --- --- --- --- --- --- --- --- --- --- --- --- --- --- --- --- --- --- --- --- --- --- --- --- --- --- --- --- --- --- --- --- --- --- --- --- --- --- --- --- --- --- --- --- --- --- --- --- --- --- --- --- --- --- --- --- --- --- --- --- --- --- --- --- --- --- --- --- --- ATG AGC CGG CGC CCC TGC AGC TGC GCC CTA CGG CCA CCC CGC TGC TCC TGC AGC GCC AGC CCC AGC GCA GTG ACA GCC GCC GGG CGC CCT CGA CCC TCG GAT AGT TGT AAA GAA GAA AGT TCT ACC CTT TCT GTC AAA ATG AAG TGT GAT TTT AAT TGT AAC CAT GTT CAT TCC GGA CTT AAA CTG GTA AAA CCT --- GAT GAC ATT GGA AGA CTA GTT TCC TAC ACC CCT GCA TAT TTG GAA GGT TCC TGT AAA GAC TGC ATT AAA GAC TAT GAA AGG --- CTG TCA TGT ATT GGG TCA CCG ATT GTG AGC CCT AGG ATT GTA GAA CTT GAA ACT --- --- GAA AGC AAG CCC TTG CAT AAC AAG GAA AAT --- CAA CAT GTG CAA CAG ACA CTT --- AAT AGT ACA AAT GAA ATA GAA GCA CTA GAG ACC AGT AGA CTT TAT GAA GAC AGT GGC TAT TCC TCA TTT --- --- TCT CAA CAA AGT GGC CTC AGT GAA CAT GAA GAA GGT AGC CTC CTG GAG GAG AAT TTC GGT GAC AGT CTA CAA TCC TGC --- CTG CTA CAA ATA CAA AGC CCA GAC CAA TAT CCC AAC AAA AAC TTG CTG CCA GTT CTT CAT TTT GAA AAA GTG GTT TGT TCA ACA TTA AAA AAG AAT GCA AAA CGA AAT CCT AAA GTA GAT CGG GAG ATG CTG AAG GAA ATT ATA GCC AGA GGA AAT TTT AGA CTG CAG AAT ATA ATT GGC AGA AAA ATG GGC CTA GAA TGT GTA GAT ATT CTC AGC GAA CTC TTT CGA AGG GGA CTC AGA CAT GTC TTA GCA ACT ATT TTA GCA CAA CTC AGT GAC ATG GAC TTA ATC AAT GTG TCT AAA GTG AGC ACA ACT TGG AAG AAG ATC CTA GAA GAT GAT AAG GGG GCA TTC CAG TTG TAC AGT AAA GCA ATA CAA AGA GTT ACC GAA AAC AAC AAT AAA TTT TCA CCT CAT GCT TCA ACC AGA GAA TAT GTT ATG TTC AGA ACC CCA CTG GCT TCT GTT CAG AAA TCA GCA GCC CAG ACT TCT CTC AAA AAA GAT GCT CAA ACC AAG TTA TCC AAT CAA GGT GAT CAG AAA GGT TCT ACT TAT AGT CGA CAC AAT GAA TTC TCT GAG GTT GCC AAG ACA TTG AAA AAG AAC GAA AGC CTC AAA GCC TGT ATT CGC TGT AAT TCA CCT GCA AAA TAT GAT TGC TAT TTA CAA CGG GCA ACC TGC AAA CGA GAA GGC TGT GGA TTT GAT TAT TGT ACG AAG TGT CTC TGT AAT TAT CAT ACT ACT AAA GAC TGT TCA GAT GGC AAG CTC CTC AAA GCC AGT TGT AAA ATA GGT CCC CTG CCT GGT ACA AAG AAA AGC AAA AAG AAT TTA CGA AGA TTG 
Canis lupus familiaris                     ATG AAA AAT TAT GCG AAA CAC CAC GAT AAA CTC ATG AAT CAC AAT TTT GCA ACA GAA ACC GGA TCC ACC CGG CAC TTG CAG AGC TCA TCC GGA TCC CAG CCC TGC CTC ATC AGG ACT TGC CAC CAA TTT AAC TCA GCG CTT ACC GTG AGT CAA CTA TTA GCT CTC AAT AAT CCT GCA GAT TAT CAG CAA GGG AGA GCC GCT GAA AAC AAA GAT TCT TGG AAC TTA AAC CTC CTG GCT TCA TTG GGC TGT TGC CAA AAA GCT GAA TGC AAG GAA TGT ACT GTC ACC ACT CTG GAT TCC CGG ACG ACC GGA GTC GCC GCT CCC CAG ACA CCC ACT CGT GTG CTG ATC GAA GAA ACT CGG CTA CTC TTT GTA CCC ACT GGA GAT CTT CAG ACA GAA GCC GGA GCT GCC CTC AGG ATG AAA CTA GGA CTG GCA GGA GAC CCG TTC CCA GGA CGG AAG GAA GCT TGG CGG GTT CAC GCA TGC GTG CTG GCG CCT TTT AGG TTT AAG CCC TGT GAG GCG GCC GGC CGG GTC CTC TGC TGT GTA GTT GTC TCC GCA CCT GAG GCC GAC CCC ACT TCC ACT GGC ATG AGC CAG CGC CCC TGC CGC TGC TCC CCA CGG CTC CCC TCC GGT TCC TGC CGC TGC AGC TAC AGC GCC CTG ACA GCC GCC GGG CGC CCT CGC CCC TCC GAC AGT TGT AAA GAA GAA AAT TCC ACT CTT TCT GTC AAA ATG AAA TGT GAT TTT AAC TAT GAC CAT ATT CAT TCT GGA CTT AAA TTG TTA AAG CCT --- GAT GAC AGT GGA AGA CTA AGT TCC TAT ACT CCT GCA TAT TTG GAA GGT TCT TAT AAA GAC TGC ATT AAA GAC TAT GTA AGG --- TTA TCA GAA ATT GGG TCA CCA ATT GTG AGC CCC AGG ATT GTA GAA CTT GAA ACT GAA AAT GAA AAC AAG CCC TTT TAT AAC AAG GAA AAT --- CAA CAT GTA CAA CAA ATC CTT --- AAT AGT TCA AAT GAG ATA GAA GAA CTA GAG ACC AGT GGA CCT TAT GAA GAC AGT GGC TAT TCT TCA TTT --- --- TCC AAG CAA AGT GGC TTC AGT GAA CAT GAA GAG AGT AGC CTT CTG TTG GAA AAT TTC AGT GAC AGT CCA CAG TCT TGC --- --- TTA CAG ATG CAA AGC CCA GAC CAA TAT CCC AGC AAG AAC TTG CTG CCA GCT TTT CAT CTT GCA AAA ATG GTT TGT TCA ACA TTA AAA AAG AAT GCC AAA CGG AAT CCT AAA ATA GAC TGG GAG AAA CTA AAG GAA TTT ATA TCT AGT GAA AAA TTC AAA CTA CCA AAT TTA ATT GGC AGG AAA ATG GGC TTG GAA TGT GTA GAT ATT CTC AGT GAA CTC TTT CGA AGA GGA CTC CGA CAT CTC TTA GCA AAT ATT TTA ACA CAG CTC AAT GAT ATG GAC TTA ATC AAT GTG TCT AGA GTG AGC ACA ACT TGG AAG AAG ATT CTA GAA GAT GAT AAG AGG GCA TTG CAG TTG TAC AAT AAA GCA ATA CAA AGA GTT ACT GAA AAG AGC ATT AAG TTT TCA CCA CAT GCT TCA ACA AGA GAA TAT GTT ATG TTC AGA ACC GCA TTA GCT TCT GTT CAA AAA TCA GCA GCC CAG ACT TAC CCT AAA AAA GGT GCT CAA ACC AAG TTA TCC AAT CCA GGT GAT CAG AAA GAT TCT --- TAC AGT CGA CAT AAT GAA TTC TCT GAG GTT GCC AAG ACT TTG AAA GAG AAT GAA AGC CTT AAA GCC TGT ATT CGC TGT AAC TCA CCA GCA AAA TAT GAT TGC TAT TTA CAG CGG GCG ATC TGT AAA CGA GAA GGC TGT GGG TTT GAT TAT TGT ACA AGG TGC CTA TGT AAT TAT CAT GCC ACC AAA GAA TGT TCA AAT GGC AAA CCC CTA AAA ACC AAT TAT AAA ACC GGT CCT CTG CCT GGT ACT AAG AAA AGC AAG AAG AAT TTA CGA CGA TTG 
Mus musculus                               --- --- --- --- --- --- --- --- --- --- --- --- --- --- --- --- --- --- --- --- --- --- --- --- --- --- --- --- --- --- --- --- --- --- --- --- --- --- --- --- --- --- --- --- --- --- --- --- --- --- --- --- --- --- --- --- --- --- --- --- --- --- --- --- --- --- --- --- --- --- --- --- --- --- --- --- --- --- --- --- --- --- --- --- --- --- --- --- --- --- --- --- --- --- --- --- --- --- --- --- --- --- --- --- --- --- --- --- --- --- --- --- --- --- --- --- --- --- --- --- --- --- --- --- --- --- --- --- --- --- --- --- --- --- --- --- --- --- --- --- --- --- --- --- --- --- --- --- --- --- --- --- --- --- --- --- --- --- --- --- --- --- --- --- --- --- --- --- --- --- --- --- --- --- --- --- --- --- --- --- --- --- --- --- --- --- --- --- --- --- --- --- ATG AGC CGG CGC ACC TGC AGT GAC CTG CGC CGG CCG TCC TCC TGT CCC TGC CGT --- --- --- --- --- --- --- --- CTT GGC GCG CGG ACT ACC GTG GAC GGT TGT AAA GAA GAA AGC CCT GTT CTT TCT GTT ACA ATG AAG TGT --- TTT AAT TGC AAC CCT GAT CTT TCC GAG CTT GAA GTG GTG AAG CCT --- GAG GAC AGT GGG ATA GAA GCT TCC TAC AGT CCC GTG TGT TTG GAA CCT TCC TGT AAT GAC TGT GTT AGA AAC CAT GAG AGG --- TTG TCT TTC ATC GAC TCA CCA ATT GTG GGA --- --- --- --- --- --- --- --- --- --- --- --- --- --- CAT GAT AAC AAG GAA AAT --- CAA CGC GTA CAA AAC ACA CTA --- GAT AGT TCA AAC GAA ACA GAA GAG CTA GAG GCC AGT AGA CTG TAT GAG GAC AGT GGC TAC TCA TCT TTC --- --- ACA CAA --- --- --- --- AGT GAC CGT GAC GAT GGC ATC CTT ATC CTG GAG AAT TTC AGA AAC AGT CCC CAG GCC CGT --- CTG CTG CCA TCA CAG AGC CCG GAC CAG CAT CCC AAC AAA ACC TTG CTG CCT GTC CTG CAT TTT GAA AGA GTG GTT TGC TCA ACA CTA AAA AAG AAT GGC AAG CGA AAC CCT AAA GTG GAT CGA GAA ATG CTG AAG GAA GTT ATT GCC AGC GGG AAC TTT AGA CTG CAA AAT ATA ATT GGC AAG AAA ATG GGC CTG GAG CAC CTA GAC ATC CTG GCT GAG CTC TCC CGC AGG GGA TTC GTG CAC CTG TTG GCT AAC ATT TTG ACT AAG CTC AGC GGC ATG GAC TTA GTA AAT CTG TCT AAA GTG AGC AGA ATT TGG AAG AAG ATA CTG GAA AAC AAT AAG GGG GCG TTC CAG CTC TAC AGC AAA ACC ATG CAG CGA GTC ATT GAA --- AGC AGT AAG TTG TCA CTA CAT GCT ACA ACG AGA GGA TAT GTT GTG GGC AGA GCT GCA CTA ACT TGT GTT CAA AAG TCA TCG ACC TGG GCA CCT CCC AAA AAA GAT GTT CAA ATC AAG TCC TCC AGT CAG CGT GGT CAG AGA GTT TCT ACC TAC AGC CGG CAC AAT GAG TTC GTG GAG GTG GCA AAG ACA TTG AAG AAC AAC GAA AGC CTC AAA GCC TGT GTT CGC TGT AAT TTC CCT GCA AAA TAT GAC CAC TAT TTA GAG CGA GCA GTC TGC AAA CGG GAA AGC TGT CAA TTT GAA TAT TGT ACA AAG TGT CTG TGT GCT TAC CAT AAC AAC AAA GAC TGT TTG AAT GGC AAG ATC CTA AAA GCC AGC TGT AAA GTG GGT CCT TTG CCT GGA ACT AAA AAG AGT AAA AAG AAC TTA CAA AGA TTG 
Gallus gallus                              --- --- --- --- --- --- --- --- --- --- --- --- --- --- --- --- --- --- --- --- --- --- --- --- --- --- --- --- --- --- --- --- --- --- --- --- --- --- --- --- --- --- --- --- --- --- --- --- --- --- --- --- --- --- --- --- --- --- --- --- --- --- --- --- --- --- --- --- --- --- --- --- --- --- --- --- --- --- --- --- --- --- --- --- --- --- --- --- --- --- --- --- --- --- --- --- --- --- --- --- --- --- --- --- --- --- --- --- --- --- --- --- --- --- --- --- --- --- --- --- --- --- --- --- --- --- --- --- --- --- --- --- --- --- --- --- --- --- --- --- --- --- --- --- --- --- --- --- --- --- --- --- --- --- --- --- --- --- --- --- --- --- --- --- --- --- --- --- --- --- --- --- --- --- --- --- --- --- --- --- --- --- --- --- --- --- --- --- --- --- --- --- --- --- --- --- --- --- --- --- --- --- --- --- --- --- --- --- --- --- --- --- --- --- --- --- --- --- --- --- --- --- --- --- --- --- --- --- --- --- --- --- --- --- --- --- --- --- ATG AAA TGT GAT TTC GAT CGA ACG GCT CTT CAT GGT GGG TTC ACA CCT GTA AAG TCT GCT GCA GAG AAA ACA AAA CTA GAA GAA CCC TGC CCT TTG CAA TCT GGG GAA AAG CTT TGC AGC TGT GCT GAA GAG CAT CCA AAG ATA CTG AGT GAA CTG TAC AAT GCA GTC CCC AGA --- --- --- --- AAT CTA GAT CCT GAA GAT GAA GGA AAG CCT GTA CAT AAC AAA GAA AAC --- AAG CAT GTA ACC CAA AGA TTT GGT GAA GGC GTC TAT GAA ATG GAG GCG CTG GAA AAT TGT AAA CTT AAT GAG GAC AGT GGT TAT TCT TCT ATG TTA AGT AGC CAA TAC AGT GAT GCA ACA GAA CAA GAG GAC AGC CTG CCC TTG GCT GGA AAT CTC TGT AGC ACA CCA GAA CAC TGC --- CTG GAG AGG AAC GAG ATC CAA GTA CAG TTG TCC AAG AAG ACT TTG TTA CCT GTA CTC TAT TAT GAA GAA ATG GTT TGC TCA ACT TTG AAA AAA AGT GGT AAA AGA AAT CTC AAA --- TCT TGG ACT GCT TTA GAC AAA ACT GTT TTC GAG GAA AAT TTC GAA CTT CAT AAT TTA ATT GGA AAG AAA ATG GGG GTA GAT AGA ATA GAC ATT CTT GCT GAG CTC TTC CGA AAG AAC CTG AAG CAT ATA TTA GCA AGC ATC TTA AAG CAT CTT GGT GAG ATG GAC TTA ATA AAT TTC GCC AAA GTC AGC GCA AAG TGG AAG AAG ATT TTG CAA GAA GAT AAA TGG GGT TTC CAA ATG TAT AGT AAA GCT TTG GAA AAT CTT TCT GAA CAT GGC ACT AAG ACA TCA GAA CAT GCT GCA ACA AGG GAT TAT GTT CTC TAC CGA GCA GCT TTA GCT TCA GTT CAG AAA GCA GCC CCA CCA AAC AAC CTG AGT AAA --- --- --- --- --- --- AAA GGC AGC AGA TCC AAA GCA TCT AAA AAT CAC AGC AGG TTC ACG GAG TTC TCT GAG GCA GCC AAG ACC TTG AAA AAC ACT GAA AGC TTC AAA GTC TGC AGT CGC TGT GGC TCA CCT GCA AAG TAC GAC TCC TAT CTG CAA AGA GCA ATG TGC AAT CGT GAA AGC TGT GGC TTT GAC TTC TGC ACA AAG TGC ATG TGC AGC TAC CAC AGC TCC AGT GAC TGT GTG AGT GGC AAA CCA GTG AAA CCA AGC TTT AAG CTG GGA ACC CTC CCT GGG ACT AAG AAA AGC AAG CAG AAT CTG CGT CGA TTG 
Homo sapiens                               --- --- --- --- --- --- --- --- --- --- --- --- --- --- --- --- --- --- --- --- --- --- --- --- --- --- --- --- --- --- --- --- --- --- --- --- --- --- --- --- --- --- --- --- --- --- --- --- --- --- --- --- --- --- --- --- --- --- --- --- --- --- --- --- --- --- --- --- --- --- --- --- --- --- --- --- --- --- --- --- --- --- --- --- --- --- --- --- --- --- --- --- --- --- --- --- --- --- --- --- --- --- --- --- --- --- --- --- --- --- --- --- --- --- --- --- --- --- --- --- --- --- --- --- --- --- --- --- --- --- --- --- --- --- --- --- --- --- --- --- --- --- --- --- --- --- --- --- --- --- --- --- --- --- --- --- --- --- --- --- --- --- --- --- --- --- --- --- --- --- --- --- --- --- --- --- --- --- --- --- --- --- --- --- --- --- --- --- --- --- --- --- ATG AGC CGG CGC CCC TGC AGC TGC GCC CTA CGG CCA CCC CGC TGC TCC TGC AGC GCC AGC CCC AGC GCA GTG ACA GCC GCC GGG CGC CCT CGA CCC TCG GAT AGT TGT AAA GAA GAA AGT TCT ACC CTT TCT GTC AAA ATG AAG TGT GAT TTT AAT TGT AAC CAT GTT CAT TCC GGA CTT AAA CTG GTA AAA CCT --- GAT GAC ATT GGA AGA CTA GTT TCC TAC ACC CCT GCA TAT TTG GAA GGT TCC TGT AAA GAC TGC ATT AAA GAC TAT GAA AGG --- CTG TCA TGT ATT GGG TCA CCG ATT GTG AGC CCT AGG ATT GTA CAA CTT GAA ACT --- --- GAA AGC AAG CGC TTG CAT AAC AAG GAA AAT --- CAA CAT GTG CAA CAG ACA CTT --- AAT AGT ACA AAT GAA ATA GAA GCA CTA GAG ACC AGT AGA CTT TAT GAA GAC AGT GGC TAT TCC TCA TTT --- --- TCT CTA CAA AGT GGC CTC AGT GAA CAT GAA GAA GGT AGC CTC CTG GAG GAG AAT TTC GGT GAC AGT CTA CAA TCC TGC --- CTG CTA CAA ATA CAA AGC CCA GAC CAA TAT CCC AAC AAA AAC TTG CTG CCA GTT CTT CAT TTT GAA AAA GTG GTT TGT TCA ACA TTA AAA AAG AAT GCA AAA CGA AAT CCT AAA GTA GAT CGG GAG ATG CTG AAG GAA ATT ATA GCC AGA GGA AAT TTT AGA CTG CAG AAT ATA ATT GGC AGA AAA ATG GGC CTA GAA TGT GTA GAT ATT CTC AGC GAA CTC TTT CGA AGG GGA CTC AGA CAT GTC TTA GCA ACT ATT TTA GCA CAA CTC AGT GAC ATG GAC TTA ATC AAT GTG TCT AAA GTG AGC ACA ACT TGG AAG AAG ATC CTA GAA GAT GAT AAG GGG GCA TTC CAG TTG TAC AGT AAA GCA ATA CAA AGA GTT ACC GAA AAC AAC AAT AAA TTT TCA CCT CAT GCT TCA ACC AGA GAA TAT GTT ATG TTC AGA ACC CCA CTG GCT TCT GTT CAG AAA TCA GCA GCC CAG ACT TCT CTC AAA AAA GAT GCT CAA ACC AAG TTA TCC AAT CAA GGT GAT CAG AAA GGT TCT ACT TAT AGT CGA CAC AAT GAA TTC TCT GAG GTT GCC AAG ACA TTG AAA AAG AAC GAA AGC CTC AAA GCC TGT ATT CGC TGT AAT TCA CCT GCA AAA TAT GAT TGC TAT TTA CAA CGG GCA ACC TGC AAA CGA GAA GGC TGT GGA TTT GAT TAT TGT ACG AAG TGT CTC TGT AAT TAT CAT ACT ACT AAA GAC TGT TCA GAT GGC AAG CTC CTC AAA GCC AGT TGT AAA ATA GGT CCC CTG CCT GGT ACA AAG AAA AGC AAA AAG AAT TTA CGA AGA TTG 



Printing out site pattern counts


         6       1449  P G
G 4      368     47      9     59

Rattus norvegicus                           --- --- --- --- --- --- --- --- --- --- --- --- --- --- --- --- --- --- --- --- --- --- --- --- --- --- --- --- --- --- --- --- --- --- --- --- --- --- --- --- --- --- --- --- --- --- --- --- --- --- --- --- --- --- --- --- --- --- --- --- --- --- --- --- --- --- --- --- --- --- --- --- --- --- --- --- --- --- --- --- --- --- --- --- --- --- --- --- --- --- AAA AAA AAA AAA AAA AAC AAC AAC AAC AAC AAC AAC AAC AAC AAG AAG AAG AAG AAG AAG AAG AAG AAT AAT AAT AAT AAT AAT AAT AAT AAT ACA ACA ACC ACC ACC ACC ACG ACT ACT AGA AGA AGA AGA AGA AGA AGA AGC AGC AGC AGC AGC AGC AGC AGC AGC AGG AGG AGT AGT AGT AGT AGT AGT AGT ATA ATA ATA ATC ATC ATC ATC ATG ATG ATG ATG ATG ATT ATT ATT ATT CAA CAA CAA CAA CAA CAA CAA CAC CAG CAG CAG CAG CAG CAG CAT CAT CAT CAT CAT CAT CCA CCA CCC CCC CCC CCC CCG CCT CCT CCT CCT CCT CCT CCT CCT CCT CGA CGC CGG CGG CGG CGT CGT CTA CTA CTA CTA CTC CTC CTG CTG CTG CTG CTG CTG CTG CTG CTG CTG CTG CTG CTG CTT CTT CTT CTT CTT GAA GAA GAA GAA GAA GAA GAA GAA GAA GAA GAA GAA GAC GAC GAC GAC GAC GAC GAC GAC GAG GAG GAG GAG GAG GAG GAG GAT GAT GAT GAT GAT GAT GAT GCA GCC GCC GCC GCC GCC GCC GCC GCG GCT GCT GGA GGA GGA GGA GGA GGC GGC GGC GGC GGC GGG GGT GGT GGT GGT GGT GGT GTA GTC GTC GTC GTC GTG GTG GTG GTG GTG GTG GTG GTG GTG GTT GTT GTT GTT GTT GTT TAC TAC TAC TAT TAT TCA TCA TCA TCA TCA TCA TCA TCC TCC TCC TCC TCC TCC TCG TCG TCG TCT TCT TCT TGC TGC TGC TGC TGG TGT TGT TGT TGT TGT TGT TTA TTA TTC TTC TTG TTG TTG TTG TTG TTG TTT TTT TTT AAA AAA AAA AAG AAG AAT AAT AGA AGC AGC AGC AGC AGG ATA ATA ATG ATG ATG ATT ATT CAA CAC CAG CGG CTA CTC CTC CTG GAA GAC GAT GCA GCT GGA GGA GGC GTG TAC TCC TCT TGG TGT TTA TTA TTC TTC TTG ACC ACT AGA CAA CTA GCA GGC GTT TGT AAA AAA AAA AAA AAA AAA AAC AAC AAC AAC AAG AAG AAT AAT ACA ACA AGC AGC AGT CAC CAT CAT CCT CGA CGC CGG CGG CTC CTG CTG GAA GAA GAC GAC GAG GAG GAG GCA GCA GCA GCC GCT GTC GTG GTT TAC TAT TAT TAT TGC TGT TGT TGT TTA TTC TTC TTC TTG TTG
Pan troglodytes                             --- --- --- --- --- --- --- --- --- --- --- --- --- --- --- --- --- --- --- --- --- --- --- --- --- --- --- --- --- --- --- --- --- --- --- --- --- --- --- --- --- --- --- --- --- --- --- --- --- --- --- --- --- --- --- --- --- --- --- --- --- AAA AAC AAG AAG ACA ACC ACT AGC AGC AGG AGT ATT CAA CCC CCC CCT CTC CTT GAA GAA GAA GAT GCA GCC GCC GGC GTA GTG TTA AAA AAA AAA AAA AAG AAC AAC AAC AAC AAT AAT CTC GAC GAC AAA AAA AAG AAG AAG AAG AAT AGA AAT AAT AAT AAT AAT CAG GAC GAT GAT ACA AGA AAA ACC CCC GCC CGA ACA CCT AAA AGA AGA AGA AGA AGG GGT AAC AGA AGC AGC AGT AGT AGT AGT GGC AAA AGA AAT ACC AGC AGT AGT ATT CAT ACA ATA TCT AGC ATA ATT CTG ATA ATA ATG ATG ATG ACC ATT ATT TTT CAA CAA CAA CAA CAG CGA CGG TGT CAA CAA CAA CAA CAA CAG CAT CAT TAT TAT TGC TTG CCA CCG CCC CTA CTC TCC CCA AGC CAT CCA CCC CCT CCT GGT TCT TCT CGA CGC CCT CGG CGG CAT GGT CCT CTC CTT GTA GCC TCC --- CTA CTA CTA CTC CTG CTG CTG CTG CTT CTT GAG TTG CAT CTC CTT CTT GCC CTA GAA GAA GAA GAA GAA GAA GAA GAA GAA GAG GGG AAA GAA GAA GAC GAC GAC GAT GGG AAA GAA GAG GAG GAT GCA GGA AAT CAT GAA GAT GAT GTT TGC ACT ACC CCC GCA GCC GCC GTT TCC CGC AGC GCT AAA AGC GAA GGA GGT GCA GGC GGC GGC GGT GGA AGC AGT GAT GGT GGT GTT GTG ACT ATT GTT GTT ATA ATG CTG GCA GTA GTA GTG GTG TCG ACC ATT ATT GCT GTC GTT TAC TAT TAT TAT TAT ACA CAA TCA TCA TCA TCA TCA CCC CGC CTA TCC TCC TCC ATA GCA TCT CCT TCA TCT TGC TGT TGT TGT CAG TAT TGC TGC TGT TGT TGT TTA TTA TTC TTT CTG CTG TCC TTG TTG TTT TGT TTT TTT AAA AAA AAG AAG CAA AAT ACT ACA AGC AGT AGT GAT AGG ATC ATC AGA ATG GCA ACT ATT TTG CAT CAG CGA CTA CTC CTC GTC GAA GAC GAT GCA GCA GGA GGG GAC GTG TAC TTT TCT TGG CTC TTA TTA TTA TTC GTG GCT ACC AGA CAG CTG CCA TTC GTT TCT AAA AAA AAA AAA AAA GGA AAC AAG ACT ACT AAG AAG AAT AAT ACA ACG AGC AGT GGC CAC CAT TGC CCT CGG CGC CGA CGA CTC CTC TCT GAA GAT GAC GAT CAA GAA GAG GCA GCA GCC GCC AAT ACC GTT ATT TAT TAT TAT TAT TGC TGT TGT TGT TTA TCA TTC TTT TCA TTG
Canis lupus familiaris                      --- --- --- --- --- --- AAA AAC AAG AAT AAT ACA ACC ACG ACT AGA AGC AGG AGT ATC ATG CAA CAC CAG CCA CCC CCG CCT CGG CGT CTA CTC CTG CTT GAA GAA GAC GAG GAT GCA GCC GCG GCT GGA GGC GGG GTA GTC GTG GTT TAT TCA TCC TCT TGC TGG TGT TTA TTC TTG TTT AAA AAG AAG AAG ACA ACC ACT AAC AGC AGG AGT ATT CAA CCC TAC CCC TTC CTT GAA GAA GAA GAT GCC GCC TGC GGC GTA CTG TTA AAA AAA AAA AAG AAG AAC AAC AGC GAC AAA AAT CCC GAC GAC AAA AAG AAA AAG AAG AAG AAT AGG AAC AAT AAT AAT ATT CAA GAC AAT GGT ACA AAA AAA ACA CCC GCC CGC ACT CCT AAA AGA AGA CGA GGA AGG AGT AGC AGT AGC AGC AAT AAT AGT AGT GGC AAA AGA AAT ACT AGC AGT AGT AGT CAT ATC TTA TCC AGC ATA ATT CTG ACC ATA AAA ATG ATG ACT ATT ATT TTC CAA CAA CAA CCA CCA CGA TGG TGT AAG CAA CAA CAA CAG CAG CAT CAT TAT TAT TGC TTT CCA CCA CCC CCA CCT TCC CTC CGC CAT CCA CCT CCT CCT GGT TAC TCC CGG CGC CCT CAG CGG CAT GGT CCA CTA CTT GTA TCC TCC --- CTA TTA TTG CTC --- CTA CTA CTG CCT TTT TTG TTG CAT CTT CTT CTT GCC CTA GAA GAA GAA GAA GAA GAA GAG GCA GTA GAG GGG AAA GAA GAA GAC GAC GAC GAC GGG AAA GAA GAA GAG GAT GAA GGA AAT TAT GAG GAC GAT ATT TGC ACT ACC CCC GCA ACC TCT GCT TCT CGC AGT GCT AAA AGC GAA GAA GGT GCC GGC GGC GGC AGT GGA CGC AGT GAT GAT GGT AGT GTA --- ATT GTT GTT ATA ATG TTG GCA ATA TTA ATG GTG TCC ACT ATT TTT GCT GTC GTT TAT TAC TAT TAT TAT TCA CAG TCA TCA TCA TCA TCA CCC TCC CCA TCC TCT TCT ATG GCA TCT CCT TCA TCT TGC TAT TAT TGT CAG TAT GGT TGC TAT TGT TGT TTA TTA TTC TTT CTG TTA TCT TTG TTG TTT GAA CTT TTT AAA AGA AAG AAG CAG AAT AAT ACA AGC AAT AAT GAT AGA ATC ATT CGA ATG ACA ACT ATT TTG CAT CAG CGA CTA CTC CTC CTC GAA GAC GAT GCA GCA GGA AGG GAT GTG TAC TTT TCT TGG CTC TTA TTA TTA TTG GTG GCT ACC AGA CAA TTA GCA TTC GTT TCT AAA AAA AAA AAA AAA GGG AAT GAG ACC GCC AAG AGG AAC AAT ACT ACA AGC AGT GGC CAT CAT TGC CCA CGG CGC CGA CGA CTT CTA TCT GAA GAT GAA GAT CAG GAA GAG GCA GCG GCC GCC AAT ATC GTT ATT TAT TAT TAT TAT TGT TGC TGT TGT TTA TCA TTC TTT TCA TTG
Mus musculus                                --- --- --- --- --- --- --- --- --- --- --- --- --- --- --- --- --- --- --- --- --- --- --- --- --- --- --- --- --- --- --- --- --- --- --- --- --- --- --- --- --- --- --- --- --- --- --- --- --- --- --- --- --- --- --- --- --- --- --- --- --- AAA --- --- AAG --- ATC --- --- --- --- --- --- --- --- --- --- --- --- --- --- --- --- --- --- --- --- --- --- TCC AAA AAA AAA AAA AAA AAC ACC AAC AAC AAC AAC ATC AAC AAC AAG AAG AAG AAG AAG AAG AAC AAG AAT AAT AAT AAT AGT AAC GAC AAT GAT ACA AGA ACA ACG ACC ACC ACT ACT CCT AGA AGA CGA AGA AGA AGG AGA AGC AGC AGC AGC AGC AGC AGT AGT GGC AGA ATA AGT AGT AGT AGT AGT AGT CGT ACA ATA ACA ATC ATT ATC ATC GTG ATG ATG ATG ATG ATT ATT ATT TTT CAA CAA CAA CAG CAA CAA CGA CAC CAA CAG CAG CAG CAG CAG CAT CAT CAT CAT CGT CAT CCG CCA CCC CGC CCC TCC CCG CGT CCT CCT CCT CCC CCT CCT CCT CCT CGA CGC CGG CGG CGG CGC CGT CTA CTA CTA CTA CTG CCC --- CTA CTG CTG CTG CTG CTG CTG CTG CTG CTG CTG TTG CTT CTT CTT CTT CTT GAA GAA GAA GAA GAA GAA GAG GAA GAA GAG GAA GAC AAT GAC GAC GAC GAC GAC GAC GGC GAA GAG GAG GAG GAG GAG GAG GAT GAT GAT GAT GAC GAT GAC GCA GCC ACC ACC GCC GCC GTC GCC GCG GCT GCT AGA GGA GGA GGG GGA GGC GGC GGC GGC GGC GGG AGT GGT GGT GTT GGT GCT GTA ACC ATC GTC GTT ACA GTG GTG GTG GTG GTG GTG GTG GTG GTT GTT GTT GTT GTT GTT TAC TAC TAC TAT TAT TCA CCA ACA TCA TCA TCA TCT TCC TCC CCC TCC TCA TCC TCA TCG TCT CCT TCT TCT TGC TGC TGT TGC TGG TGT TGT TGT TGT TGT TGT CTA TTA TTC TTC TTG TTG TCC TTG TTG TTG TTC TTT TTT AAA AAA AAG AAG AAG AAT AAC AGA AGC AGC AGC AAC AGG GTA ATA GTG ATG ACT ATT ATT CTC CAC CAG CGC CTG CTC CTC CTG GAA GAC AAT GCG GCT GGA GGG GGC GTG TAC TCC TCT TGG TTC TTA TTG TTG TTC CTG ACT GCT AGA CAA CTA GCA GGC GTT TGT AAA AAA AAA AAA AAG CAA AAC AAC AAC AAC AAG AAG AAT AAT ACA ACA AGC AGC AGC CAC CAT CAC CCT CGA CGC CGG CGG CTC CTG GTG GAA GAA GAC GAC GAG GAG GAG GCA GCA GCA GCC GCT GTC GTG GTT TAC TAT TAT TAT TGC TGT TGT TGT TTA TTC TTC TTT TTG TTG
Gallus gallus                               --- AGT ATA GCT GGT TTA --- --- --- --- GAT --- --- --- --- --- --- --- --- --- --- --- --- --- --- --- --- --- --- --- --- --- --- --- --- GAA --- --- --- --- --- --- --- --- --- --- --- --- --- --- --- --- --- --- --- --- --- --- --- --- --- AGT CAT AAG --- --- --- CCT GGA --- --- AGT --- TAC CCT --- --- GCA CTA AAT GAA GAT GAT --- --- --- GAT --- --- --- --- AAA AAG AAG AAG AAC ACT AAG ACG AAT AAT CCA AGC GAG AAA AAG AAA AAA CAG GAC TAT AAG GAT AAC AAT AGT ACT CAA AGC AGT --- ACT GAA --- ACA --- CCA --- ACT TCT GAA AGG AAT CGA AAA AAG TGT GGC GAG --- ATC --- AGC AGT TGT GGC GCA AAA GGC TGC AGC ACA GGC AAA CAA AGA TTA AGC CTG GTT ATT TTG CTG TTG GCT --- ATG TCT ATT GTC TTC --- AAG ACC AGC CAT CGT TGG AGA CAA CAG GAA GAG GAA AAA CAT TAT CAT TTG TGC GTA CAA GCA TCC --- CTG AAA --- --- GCT CCT ACC CCT CCT GAA AAC --- AGA --- --- --- --- CAT AGA GAA GTG TTT ATA --- --- --- CTG GAG GTA CTT CTG CTT TTA TTA CTT CTC GCT TTG CAT CCC --- TTC --- CTA --- AAA GAA GAG GGG GAT GAA GAA CCA ACT TAC TGC GAA GAG GAC GAG GTA --- --- ACA GAG GGA GAA GCA GCG GGG GAA CAT GAC TCT GAC CTT --- AAC AAT --- GCT CCA TTC GTA CAC --- GCT GCT GAA AGA GAT GAA GGG GGT GGA GGG GGT AGC ACA --- --- TCC TCT GGA GAA GTA AAT CTG CTT GTT ATG CTC CCT TTG --- GTA ATG CCC --- --- GCT ACT --- --- GTT CCC CAC TAT AAT TAT GTC AGG GCA AAT GCA TCA TCT --- --- CCA GAA TCT AAG AAC GCC --- CTC AGT AAA --- CGA TTT TGC CCA CAA --- TGT CTT --- TGT TTG CTG CTC ATG CTC CTG GGT TCT TTG ACA GAA TAT TTC AAA AAA AAA AAG CAT AAT AGC GCA AGC AGT GGT GAA AAG ATA ATT AAG ATG AAG AAG ATC ATG CAT CAA CGA TTG CTC CTT ATA CAA GAC GAT GGT GCA AAC TGG GAG GTC TAT TTC GCC TGG CTG TTA TTA TTA TTC TTC GCT GCA CGA CAG TTA GCT TAC GTT TCA AAA AAG AAT AGT AAA GGC ACT AAC TCC AGC AAG AAG GGC ACG ACC ACA AGC AGC AGC TTC CAC TCC CCT AGA CGC AGG CGT TTC ATG TCT GAA GAC GAC GAC CAA GAG GAG GCA GCA GCC GTC AGC ATG GCA AGT TAC TAC TAT TTC TGC TGC TGC TGT CTG TCA TTC TTT GTG TTG
Homo sapiens                                --- --- --- --- --- --- --- --- --- --- --- --- --- --- --- --- --- --- --- --- --- --- --- --- --- --- --- --- --- --- --- --- --- --- --- --- --- --- --- --- --- --- --- --- --- --- --- --- --- --- --- --- --- --- --- --- --- --- --- --- --- AAA AAC AAG AAG ACA ACC ACT AGC AGC AGG AGT ATT CAA CGC CCC CCT CTC CTT CAA GAA GAA GAT GCA GCC GCC GGC GTA GTG TTA AAA AAA AAA AAA AAG AAC AAC AAC AAC AAT AAT CTC GAC GAC AAA AAA AAG AAG AAG AAG AAT AGA AAT AAT AAT AAT AAT CAG GAC GAT GAT ACA AGA AAA ACC CCC GCC CGA ACA CCT AAA AGA AGA AGA AGA AGG GGT AAC AGA AGC AGC AGT AGT AGT AGT GGC AAA AGA AAT ACC AGC AGT AGT ATT CAT ACA ATA TCT AGC ATA ATT CTG ATA ATA ATG ATG ATG ACC ATT ATT TTT CAA CAA CAA CAA CAG CGA CGG TGT CTA CAA CAA CAA CAA CAG CAT CAT TAT TAT TGC TTG CCA CCG CCC CTA CTC TCC CCA AGC CAT CCA CCC CCT CCT GGT TCT TCT CGA CGC CCT CGG CGG CAT GGT CCT CTC CTT GTA GCC TCC --- CTA CTA CTA CTC CTG CTG CTG CTG CTT CTT GAG TTG CAT CTC CTT CTT GCC CTA GAA GAA GAA GAA GAA GAA GAA GAA GAA GAG GGG AAA GAA GAA GAC GAC GAC GAT GGG AAA GAA GAG GAG GAT GCA GGA AAT CAT GAA GAT GAT GTT TGC ACT ACC CCC GCA GCC GCC GTT TCC CGC AGC GCT AAA AGC GAA GGA GGT GCA GGC GGC GGC GGT GGA AGC AGT GAT GGT GGT GTT GTG ACT ATT GTT GTT ATA ATG CTG GCA GTA GTA GTG GTG TCG ACC ATT ATT GCT GTC GTT TAC TAT TAT TAT TAT ACA CAA TCA TCA TCA TCA TCA CCC CGC CTA TCC TCC TCC ATA GCA TCT CCT TCA TCT TGC TGT TGT TGT CAG TAT TGC TGC TGT TGT TGT TTA TTA TTC TTT CTG CTG TCC TTG TTG TTT TGT TTT TTT AAA AAA AAG AAG CAA AAT ACT ACA AGC AGT AGT GAT AGG ATC ATC AGA ATG GCA ACT ATT TTG CAT CAG CGA CTA CTC CTC GTC GAA GAC GAT GCA GCA GGA GGG GAC GTG TAC TTT TCT TGG CTC TTA TTA TTA TTC GTG GCT ACC AGA CAG CTG CCA TTC GTT TCT AAA AAA AAA AAA AAA GGA AAC AAG ACT ACT AAG AAG AAT AAT ACA ACG AGC AGT GGC CAC CAT TGC CCT CGG CGC CGA CGA CTC CTC TCT GAA GAT GAC GAT CAA GAA GAG GCA GCA GCC GCC AAT ACC GTT ATT TAT TAT TAT TAT TGC TGT TGT TGT TTA TCA TTC TTT TCA TTG



    1    1    1    1    1    1    6    4    3    5    1    3    5    1    8
    1    1    3    1    2    3    4    6    5    1    6    1    3    6    1
    3    7    5    2    8    1    2    2    5    5    6    4    7    8    3
    1    2    4    3    2    2    3    6    1    6    2    4    2    1    2
    5    1    1    1    1    1    1    1    1    2    1    1    1    1    1
    1    1    1    1    1    1    1    1    1    1    1    1    1    1    1
    1    5    1    2    1    1    1    1    1    1    2    1    1    1    3
    2    2    2    1    1    1    1    1    1    2    1    1    1    1    1
    1    1    1    1    1    1    1    1    1    1    1    1    1    1    1
    1    1    1    1    1    1    1    1    1    1    1    1    1    1    1
    1    2    1    1    1    1    1    1    1    1    1    1    1    1    1
    1    2    1    1    1    1    1    1    1    1    1    1    1    1    1
    1    1    1    1    1    1    1    1    1    1    1    1    1    1    1
    1    1    1    1    1    1    1    1    1    1    1    1    1    1    1
    1    1    1    1    1    1    1    1    1    1    1    1    1    1    1
    1    1    1    1    1    1    1    1    1    1    1    1    1    1    2
    1    2    1    1    1    1    1    1    1    1    1    1    1    1    1
    1    1    1    1    2    1    1    1    1    1    1    1    1    1    1
    1    1    1    1    1    1    1    1    1    1    1    1    1    1    1
    1    1    1    1    1    1    1    1    1    1    1    1    1    1    1
    1    1    1    1    1    1    1    1    1    1    1    1    1    1    1
    1    1    1    1    1    1    1    1    1    1    1    1    1    1    1
    2    1    1    1    1    1    1    1    1    1    1    1    1    1    2
    1    1    1    1    1    1    1    1    1    1    1    1    1    1    1
    1    1    1    1    1    1    1    1    1    1    1    2    1    1    1
    1    1    1    1    1    1    1    1    1    1    1    1    1    1    1
    1    1    1    1    1    1    1    1    1    1    1    1    1    1    1
    1    1    1    1    1    1    1    1    1    1    1    1    1    1    1
    1    1    1    1    1    1    1    1    1    1    1    1    1    1    1
    1    1    1    1    1    1    1    1    1    1    1    1    1    1    1
    1    1    1    1    2    1    1    1    1    1    1    1    1    1    1
    1    1    1    1    1    1    1    1    1    1    3    3    1    1    1
    1    1    1

CODONML (in paml version 4.4b, July 2010)  torun.nuc
Model: One dN/dS ratio for branches Global clock  (4 genes: diff. rate & k&w)  
Codon frequency model: F3x4
ns =   6  ls = 648

Codon usage in sequences
--------------------------------------------------------------------------------------------------------------
Phe TTT  3  7 13  4  3  7 | Ser TCT  4  8 11  5  8  8 | Tyr TAT  5 11 17  5  7 11 | Cys TGT 15 15 15 15  7 15
    TTC  7  4  6  7 11  4 |     TCC  7  7 14  8  4  7 |     TAC  5  2  4  5  5  2 |     TGC  6  8 14  5  9  8
Leu TTA  5  7 14  3  8  7 |     TCA  8  9 13  7  4  9 | *** TAA  0  0  0  0  0  0 | *** TGA  0  0  0  0  0  0
    TTG  9  6 11 10  9  6 |     TCG  3  1  0  1  0  1 |     TAG  0  0  0  0  0  0 | Trp TGG  2  1  4  2  3  1
--------------------------------------------------------------------------------------------------------------
Leu CTT  5  6  9  5  7  6 | Pro CCT 10  8 11 10  7  8 | His CAT  8  9  9  6  9  9 | Arg CGT  2  0  1  4  2  0
    CTC  5 11 13  4  6 11 |     CCC  4  7 13  5  3  6 |     CAC  3  1  6  4  3  1 |     CGC  2  4  6  5  1  5
    CTA  6  7 10  7  2  8 |     CCA  2  4 10  2  6  4 | Gln CAA  9 13 13  8  8 13 |     CGA  2  6  6  4  4  6
    CTG 16  9  9 15 10  9 |     CCG  1  1  1  2  0  1 |     CAG  7  6 13  7  3  6 |     CGG  6  4  9  5  0  4
--------------------------------------------------------------------------------------------------------------
Ile ATT  6 10 11  6  3 10 | Thr ACT  3  7 16  4  7  7 | Asn AAT 14 16 25 11 13 16 | Ser AGT  9 12 15 11 10 12
    ATC  4  2  5  6  2  2 |     ACC  5  8 11  6  3  8 |     AAC 14  7  9 16  7  7 |     AGC 15 13 12 12 14 13
    ATA  5  6  4  3  4  6 |     ACA  4  7  9  8  7  7 | Lys AAA 19 28 34 17 24 28 | Arg AGA  9 10  7 10  6 10
Met ATG  9  6 10  6  9  6 |     ACG  1  1  1  1  2  1 |     AAG 18 15 20 20 21 15 |     AGG  3  3  8  2  3  3
--------------------------------------------------------------------------------------------------------------
Val GTT  8  8  7 10  4  8 | Ala GCT  4  3 11  6 10  3 | Asp GAT  8 12 15  6  8 12 | Gly GGT  6  7  6  3  6  7
    GTC  5  2  5  3  4  2 |     GCC  8  9 14  5  3  9 |     GAC 11  9 12 13  8  9 |     GGC  7  6  9  9  6  6
    GTA  1  4  6  2  6  4 |     GCA  6 11 13  5 12 11 | Glu GAA 18 24 34 16 23 23 |     GGA  7  5 12  4  4  5
    GTG 11  6  6 13  2  6 |     GCG  1  0  5  2  1  0 |     GAG 11  5  8 12 12  5 |     GGG  1  3  4  3  4  3
--------------------------------------------------------------------------------------------------------------

Codon position x base (3x4) table for each sequence.

#1: Rattus norvegicus
position  1:    T:0.18900    C:0.21053    A:0.33014    G:0.27033
position  2:    T:0.25120    C:0.16986    A:0.35885    G:0.22010
position  3:    T:0.26316    C:0.25837    A:0.24163    G:0.23684
Average         T:0.23445    C:0.21292    A:0.31021    G:0.24242

#2: Pan troglodytes
position  1:    T:0.19239    C:0.21477    A:0.33781    G:0.25503
position  2:    T:0.22595    C:0.20358    A:0.35347    G:0.21700
position  3:    T:0.31096    C:0.22371    A:0.31544    G:0.14989
Average         T:0.24310    C:0.21402    A:0.33557    G:0.20731

#3: Canis lupus familiaris
position  1:    T:0.21283    C:0.21753    A:0.30829    G:0.26135
position  2:    T:0.21753    C:0.23944    A:0.34272    G:0.20031
position  3:    T:0.30047    C:0.23944    A:0.28951    G:0.17058
Average         T:0.24361    C:0.23213    A:0.31351    G:0.21075

#4: Mus musculus   
position  1:    T:0.18290    C:0.22090    A:0.33017    G:0.26603
position  2:    T:0.24703    C:0.18290    A:0.34679    G:0.22328
position  3:    T:0.26366    C:0.26841    A:0.22803    G:0.23990
Average         T:0.23120    C:0.22407    A:0.30166    G:0.24307

#5: Gallus gallus  
position  1:    T:0.19647    C:0.17884    A:0.34005    G:0.28463
position  2:    T:0.22670    C:0.19395    A:0.38035    G:0.19899
position  3:    T:0.27960    C:0.22418    A:0.29723    G:0.19899
Average         T:0.23426    C:0.19899    A:0.33921    G:0.22754

#6: Homo sapiens   
position  1:    T:0.19239    C:0.21700    A:0.33781    G:0.25280
position  2:    T:0.22819    C:0.20134    A:0.35123    G:0.21924
position  3:    T:0.31096    C:0.22371    A:0.31544    G:0.14989
Average         T:0.24385    C:0.21402    A:0.33482    G:0.20731

Codon usage in genes
--------------------------------------------------------------------------------------
Phe TTT 29  3  0  5 | Ser TCT 32  5  3  4 | Tyr TAT 36  1  0 19 | Cys TGT 41  1  2 38
    TTC 15  9  3 12 |     TCC 43  2  0  2 |     TAC 13  5  1  4 |     TGC 37  0  0 13
Leu TTA 22 15  2  5 |     TCA 42  0  1  7 | *** TAA  0  0  0  0 | *** TGA  0  0  0  0
    TTG 35  8  0  8 |     TCG  6  0  0  0 |     TAG  0  0  0  0 | Trp TGG  6  7  0  0
--------------------------------------------------------------------------------------
Leu CTT 36  1  0  1 | Pro CCT 49  0  0  5 | His CAT 38  5  0  7 | Arg CGT  8  0  0  1
    CTC 28 16  0  6 |     CCC 38  0  0  0 |     CAC 10  2  0  6 |     CGC 16  1  0  6
    CTA 33  4  2  1 |     CCA 25  0  2  1 | Gln CAA 52  5  3  4 |     CGA 14  5  1  8
    CTG 57  5  2  4 |     CCG  6  0  0  0 |     CAG 32  6  3  1 |     CGG 20  1  0  7
--------------------------------------------------------------------------------------
Ile ATT 34  9  0  3 | Thr ACT 30  6  2  6 | Asn AAT 70 11  0 14 | Ser AGT 58  5  0  6
    ATC 14  6  0  1 |     ACC 33  0  4  4 |     AAC 45  3  0 12 |     AGC 54 12  0 13
    ATA 23  5  0  0 |     ACA 30  4  0  8 | Lys AAA 110 13  0 27 | Arg AGA 40  6  5  1
Met ATG 35  9  0  2 |     ACG  4  0  0  3 |     AAG 72 22  0 15 |     AGG 15  5  0  2
--------------------------------------------------------------------------------------
Val GTT 34  0  6  5 | Ala GCT 27  2  6  2 | Asp GAT 46  9  0  6 | Gly GGT 33  2  0  0
    GTC 15  3  0  3 |     GCC 37  1  0 10 |     GAC 45  8  0  9 |     GGC 34  2  2  5
    GTA 22  1  0  0 |     GCA 29 11  4 14 | Glu GAA 114  6  0 18 |     GGA 29  6  0  2
    GTG 31  9  0  4 |     GCG  7  1  0  1 |     GAG 40  1  0 12 |     GGG 14  3  0  1
--------------------------------------------------------------------------------------

Codon position x base (3x4) table for each gene.


Gene #1
position  1:    T:0.17474    C:0.22614    A:0.32648    G:0.27264
position  2:    T:0.22663    C:0.21439    A:0.35389    G:0.20509
position  3:    T:0.29418    C:0.23348    A:0.28634    G:0.18600
Average         T:0.23185    C:0.22467    A:0.32224    G:0.22124

Gene #2
position  1:    T:0.19444    C:0.17708    A:0.40278    G:0.22569
position  2:    T:0.35764    C:0.11111    A:0.33681    G:0.19444
position  3:    T:0.20833    C:0.24306    A:0.28125    G:0.26736
Average         T:0.25347    C:0.17708    A:0.34028    G:0.22917

Gene #3
position  1:    T:0.22222    C:0.24074    A:0.20370    G:0.33333
position  2:    T:0.27778    C:0.40741    A:0.12963    G:0.18519
position  3:    T:0.35185    C:0.18519    A:0.37037    G:0.09259
Average         T:0.28395    C:0.27778    A:0.23457    G:0.20370

Gene #4
position  1:    T:0.30469    C:0.15104    A:0.30469    G:0.23958
position  2:    T:0.15625    C:0.17448    A:0.40104    G:0.26823
position  3:    T:0.31771    C:0.27604    A:0.25000    G:0.15625
Average         T:0.25955    C:0.20052    A:0.31858    G:0.22135

Sums of codon usage counts
------------------------------------------------------------------------------
Phe F TTT      37 | Ser S TCT      44 | Tyr Y TAT      56 | Cys C TGT      82
      TTC      39 |       TCC      47 |       TAC      23 |       TGC      50
Leu L TTA      44 |       TCA      50 | *** * TAA       0 | *** * TGA       0
      TTG      51 |       TCG       6 |       TAG       0 | Trp W TGG      13
------------------------------------------------------------------------------
Leu L CTT      38 | Pro P CCT      54 | His H CAT      50 | Arg R CGT       9
      CTC      50 |       CCC      38 |       CAC      18 |       CGC      23
      CTA      40 |       CCA      28 | Gln Q CAA      64 |       CGA      28
      CTG      68 |       CCG       6 |       CAG      42 |       CGG      28
------------------------------------------------------------------------------
Ile I ATT      46 | Thr T ACT      44 | Asn N AAT      95 | Ser S AGT      69
      ATC      21 |       ACC      41 |       AAC      60 |       AGC      79
      ATA      28 |       ACA      42 | Lys K AAA     150 | Arg R AGA      52
Met M ATG      46 |       ACG       7 |       AAG     109 |       AGG      22
------------------------------------------------------------------------------
Val V GTT      45 | Ala A GCT      37 | Asp D GAT      61 | Gly G GGT      35
      GTC      21 |       GCC      48 |       GAC      62 |       GGC      43
      GTA      23 |       GCA      58 | Glu E GAA     138 |       GGA      37
      GTG      44 |       GCG       9 |       GAG      53 |       GGG      18
------------------------------------------------------------------------------

(Ambiguity data are not used in the counts.)


Codon position x base (3x4) table, overall

position  1:    T:0.19574    C:0.21091    A:0.32900    G:0.26436
position  2:    T:0.23149    C:0.20188    A:0.35428    G:0.21235
position  3:    T:0.28964    C:0.23944    A:0.28241    G:0.18852
Average         T:0.23896    C:0.21741    A:0.32190    G:0.22174


Nei & Gojobori 1986. dN/dS (dN, dS)
(Pairwise deletion)
(Note: This matrix is not used in later ML. analysis.
Use runmode = -2 for ML pairwise comparison.)

Rattus norvegicus   
Pan troglodytes      0.2595 (0.2212 0.8525)
Canis lupus familiaris 0.2543 (0.2560 1.0069) 0.2525 (0.0903 0.3575)
Mus musculus         0.2835 (0.0582 0.2052) 0.2384 (0.1917 0.8039) 0.2463 (0.2368 0.9615)
Gallus gallus        0.1922 (0.4789 2.4910) 0.2079 (0.3916 1.8837) 0.2808 (0.4217 1.5017) 0.2412 (0.4619 1.9153)
Homo sapiens         0.2621 (0.2227 0.8497)-1.0000 (0.0029 0.0000) 0.2635 (0.0938 0.3559) 0.2410 (0.1931 0.8015) 0.2118 (0.3956 1.8677)


TREE #  1:  ((((6, 2), (4, 1)), 3), 5);   MP score: -1
lnL(ntime:  5  np: 16):  -5945.388169      +0.000000
   7..8     8..9     9..10   10..6    10..2     9..11   11..4    11..1     8..3     7..5  
 1.353558 0.492035 0.492035 0.004497 0.112939 0.827711 0.864588 0.681874 2.540083 0.351772 2.475101 0.180723 2.575211 0.185919 2.742160 0.169050
SEs for parameters:
 0.084357 0.028744 0.028658 0.002609 0.011754 0.103441 0.299885 0.087502 0.230517 0.033827 0.655040 0.056419 1.233820 0.132797 0.755131 0.036975
Note: Branch length is defined for the first gene (site partition).
For other genes, look at "rates for genes".

tree length =   3.80862 (1st gene)

((((6: 0.004497, 2: 0.004497): 0.487538, (4: 0.112939, 1: 0.112939): 0.379096): 0.000000, 3: 0.492035): 0.861522, 5: 1.353558);

((((Homo sapiens: 0.004497, Pan troglodytes: 0.004497): 0.487538, (Mus musculus: 0.112939, Rattus norvegicus: 0.112939): 0.379096): 0.000000, Canis lupus familiaris: 0.492035): 0.861522, Gallus gallus: 1.353558);

Detailed output identifying parameters

rates for 4 genes:     1  0.82771  0.86459  0.68187

gene # 1: kappa =   2.54008 omega =   0.35177
gene # 2: kappa =   2.47510 omega =   0.18072
gene # 3: kappa =   2.57521 omega =   0.18592
gene # 4: kappa =   2.74216 omega =   0.16905

Time used:  0:35
