
seed used = 1418766141
      7   1005

Danio rerio                                --- ATG GCC GGA AAT TTT GAT TCG GAG GAC CGA GGG AGC TGG TAT TGG GGG AGA TTA AGC CGG CAA GAG GCG GTT TCG CTG CTC CAA GGG CAG AGG --- CAT --- GGA GTG TTC CTG GTG CGG GAC TCG ATC ACT ATT CCC GGG GAC TAC GTG CTG TCT GTG TCG GAG AAC TCC AAA --- --- --- GTC TCT CAT TAC ATA ATA AAC AGC ATC --- --- --- --- --- --- --- --- AGC AGC AAT CGC CAG TCA GGA CCA GGG CTT GCT CCT CCT CGG TTC CGG ATT GGA GAT CAG GAA TTT GAT GCC TTA CCT GCC CTG TTG GAG TTC TAC AAA ATC CAC TAC CTG GAC ACC ACC ACT CTC ATT GAG CCC ATT AGC AAA TCA AAG CAC TCG TCT TTC ATC AGC GTC AAT GCG GGG ACA GGA GGA GCT CCT CCG AGG CTA GAA GAG GAG TAC GTC AGA GCT CTC TTC GAC TTT CCC GGC AAC GAC GAC GAG GAC CTT CCA TTT CGA AAG GGT GAT GTT CTT CGA GTG CTG GAG AAG CCA GAG GAG CAA TGG TGG AAT GCT CAG AAT TCA GAA GGC CGT GTT GGC ATG ATC CCT GTG CCC TAT GTG GAG --- --- --- AAG TAC CGA CCT GCC TCA CCG ACA TCA GGT GCA CCT GGC GTA TCA GTC AGT GGG TCC GGT GCT CAC GGC AAC TCT GAC GGC CAC AGC ACT CAG TCT CCA CCT CTG CTT GGT --- GAA CCG GGC CAA TAC GCC CAG CCC --- --- --- ACA TCC TTA CCC AAT CTA CAG AAT GGC CCA GTT TAT GCC AGG GCG ATT CAG AAG AGA GTC CCC AAT GCC TAT GAT AAG ACA GCT CTT GCT TTG GAG GTC GGC GAC ATG GTA AAG GTG ACC AAG ATC AAT GTA AAC GGG CAG TGG GAG GGT GAG TGC AAG GGA AAG CAT GGC CAT TTT CCC TTT ACC CAC GTC CGC TTG CTG GAC CAG CAC AAT CCA GAG GAC GAA CTA AGC --- --- --- 
Homo sapiens                               --- ATG GCG GGC AAC TTC GAC TCG GAG GAG CGG AGT AGC TGG TAC TGG GGG AGG TTG AGT CGG CAG GAG GCG GTG GCG CTG CTG CAG GGC CAG CGG --- CAC --- GGG GTG TTC CTG GTG CGG GAC TCG AGC ACC AGC CCC GGG GAC TAT GTG CTC AGC GTC TCA GAG AAC TCG CGC --- --- --- GTC TCC CAC TAC ATC ATC AAC AGC AGC GGC CCG CGC CCG CCG GTG CCA CCG TCG CCC GCC CAG CCT --- CCG CCC GGG GTG AGC CCC TCC AGA CTC CGA ATA GGA GAT CAA GAG TTT GAT TCA TTG CCT GCT TTA CTG GAA TTC TAC AAA ATA CAC TAT TTG GAC ACT ACA ACG TTG ATA GAA CCA GTT TCC AGA TCC AGG CAG --- --- --- --- --- --- --- --- GGT AGT GGA GTG ATT CTC AGG CAG GAG GAG GCG GAG TAT GTG CGA GCC CTC TTT GAC TTT AAT GGG AAT GAT GAG GAA GAT CTT CCC TTT AAG AAA GGA GAC ATC TTG AGA ATC CGG GAC AAG CCT GAA GAG CAG TGG TGG AAT GCG GAG GAC AGC GAA GGC AAG AGA GGG ATG ATT CCA GTC CCT TAC GTC GAG --- --- --- AAG TAT AGA CCT GCC TCC GCC TCA GTA TCG GCT --- --- --- --- CTG ATT GGA --- --- --- --- GGT AAC CAG GAG GGT TCC CAC CCA CAG --- --- CCA CTG GGT GGG CCG GAG CCT GGG CCC TAT GCC CAA CCC AGC GTC AAC ACT CCG CTC CCT AAC CTC CAG AAT GGG CCC ATA TAT GCC AGG GTT ATC CAG AAG CGA GTC CCC AAT GCC TAC GAC AAG ACA GCC TTG GCT TTG GAG GTC GGT GAG CTG GTA AAG GTT ACG AAG ATT AAT GTG AGT GGT CAG TGG GAA GGG GAG TGT AAT GGC AAA CGA GGT CAC TTC CCA TTC ACA CAT GTC CGT CTG CTG GAT CAA CAG AAT CCC GAT GAG GAC TTC AGC --- --- --- 
Bos taurus                                 --- ATG GCG GGC AAC TTC GAC TCG GAG GAG CGG AGT AGC TGG TAC TGG GGG CGG CTG AGT CGG CAG GAG GCG GTG GCG CTG TTG CAG GGC CAG CGG --- CAC --- GGG GTG TTC CTG GTG CGG GAC TCG AGC ACT AGC CCC GGG GAC TAT GTG CTC AGC GTC TCC GAG AAC TCG CGC --- --- --- GTC TCC CAC TAC ATC ATC AAC AGC AGC GGC CCG CGC CCG CCG GTG CCA CCG TCG CCC GCC CAG CCT --- CCG CCC GGG GTG AGT CCC TCC AGA CTC CGA ATA GGA GAT CAA GAA TTT GAT TCA TTG CCT GCT TTA CTG GAA TTC TAC AAA ATA CAC TAT TTG GAC ACT ACA ACG TTG ATA GAA CCA GTT TCC AGA TCC AGG CAG --- --- --- --- --- --- --- --- GGT AGT GGA GTG ATT CTC AGG CAG GAA GAG GCA GAG TAT GTA CGA GCC CTC TTT GAC TTT AAT GGG AAT GAT GAA GAA GAT CTT CCC TTT AAG AAA GGA GAC ATC CTG AGA ATC CGG GAT AAG CCT GAA GAG CAG TGG TGG AAT GCG GAG GAC AGC GAA GGC AAG AGA GGG ATG ATT CCA GTC CCT TAC GTG GAG --- --- --- AAG TAT AGA CCT GCC TCC GCC TCA GTA TCG GCT --- --- --- --- CTG ATT GGA --- --- --- --- GGT AAC CAG GAG GGT TCC CAC CCA CAG --- --- CCA CTG GGT GGG CCG GAG CCT GGG CCC TAT GCC CAA CCC AGC GTC AAC ACT CCG CTC CCT AAC CTC CAG AAT GGG CCC ATT TAT GCC AGG GTA ATC CAG AAG CGA GTC CCT AAT GCC TAC GAC AAG ACA GCC TTG GCT TTG GAG GTC GGT GAG CTG GTA AAG GTT ACG AAG ATT AAT GTG AGT GGT CAG TGG GAA GGG GAG TGT AAT GGC AAA CGA GGT CAC TTC CCA TTC ACA CAT GTC CGT CTG CTG GAT CAA CAG AAT CCC GAT GAG GAC TTC AGC --- --- --- 
Rattus norvegicus                          --- ATG GCA GGC AAC TTC GAC TCG GAG GAG CGG AGT AGC TGG TAC TGG GGC CGC TTG AGC CGG CAG GAG GCG GTG GCG CTA TTG CAG GGC CAG CGG --- CAC --- GGG GTT TTC CTG GTG CGG GAC TCG AGC ACC AGC CCC GGG GAC TAT GTG CTC AGC GTC TCC GAA AAC TCG CGC --- --- --- GTC TCC CAC TAC ATC ATC AAC AGC AGC GGC CCG CGC CCT CCA GTG CCT CCG TCG CCC GCT CAG CCT --- CCG CCG GGA GTG AGT CCC TCC AGG CTC CGA ATA GGA GAT CAA GAA TTT GAT TCA TTG CCT GCT TTA CTG GAA TTC TAC AAA ATA CAC TAT TTG GAC ACT ACA ACA CTG ATA GAA CCA GTT TCC AGA TCA AGG CAG --- --- --- --- --- --- --- --- GGT AGT GGA GTG ATT CTC AGG CAG GAG GAG GCA GAG TAT GTG CGG GCC CTC TTT GAC TTT AAT GGG AAT GAT GAA GAA GAT CTT CCC TTT AAG AAA GGA GAC ATC CTG AGA ATC CGG GAT AAG CCT GAA GAG CAG TGG TGG AAT GCA GAG GAC AGC GAA GGA AAG AGG GGG ATG ATT CCT GTC CCT TAC GTG GAG --- --- --- AAG TAT AGA CCC GCC TCC GCC TCA GTA TCG GCT --- --- --- --- CTG ATT GGA --- --- --- --- GGT AAC CAG GAG GGT TCC CAC CCA CAG --- --- CCA CTG GGT GGG CCG GAG CCT GGG CCC TAT GCC CAA CCC AGC GTC AAC ACT CCG CTC CCT AAC CTC CAG AAT GGG CCC ATT TAT GCC AGG GTT ATC CAG AAG CGA GTC CCT AAT GCC TAC GAC AAG ACA GCC TTG GCT TTG GAG GTC GGT GAG CTG GTA AAG GTT ACG AAG ATT AAT GTG AGT GGT CAG TGG GAA GGG GAG TGT AAT GGC AAA CGA GGT CAC TTC CCA TTC ACA CAT GTC CGT CTG CTG GAT CAA CAG AAT CCC GAG GAG GAC TTC AGC --- --- --- 
Gallus gallus                              --- ATG GCC GGG CAG TTC GAC TCC GAG GAC CGG GGG AGC TGG TAC TGG GGG CGG CTG AGC CGG GGC GAC GCG GTG TCG CTG CTG CAG GGG CAA CGC --- CAC --- GGG ACC TTC CTG GTG CGC GAC TCG GGC TCC ATC CCC GGC GAC TTC GTG CTC TCG GTG TCC GAG AGC TCC CGC --- --- --- GTC TCG CAC TAC ATC GTC AAC AGC CTG GGG CCG GCG GGA GGC CGG AGG GCC GGC GGC GAG GGC CCT GGG GCC CCG GGG TTG AAT CCC ACC AGA TTT CGA ATA GGT GAC CAG GAG TTT GAT TCT TTG CCA TCT TTA CTG GAA TTC TAC AAA ATA CAC TAT TTG GAC ACT ACA ACC TTG ATA GAA CCA GTT TCC CGA TCC AGG CAG --- --- --- --- --- --- --- --- AAC AGT GGC GTT ATC CTC AGG CAG GAG GAA GTT GAA TAT GTG CGA GCT CTC TTT GAC TTT AAT GGA AAC GAT GAC GAA GAT CTT CCA TTT AAG AAA GGA GAC ATA CTG AAA ATC CGG GAT AAA CCT GAA GAG CAA TGG TGG AAT GCA GAA GAC ATG GAT GGA AAG AGG GGA ATG ATA CCT GTT CCT TAC GTC GAG --- --- --- AAG TGT AGA CCT TCC TCT GCT TCA GTA TCT ACT --- --- --- --- CTG ACT GGA --- --- --- --- GGT AAC CAG GAT AGT TCC CAC CCA CAA --- --- CCA CTG GGT GGG CCG GAG CCA GGG CCC TAT GCC CAG CCC AGC ATC AAC ACT CCG CTC CCT AAC CTT CAG AAT GGC CCT TTT TAT GCC CGG GTT ATC CAG AAG CGA GTC CCT AAT GCC TAC GAC AAG ACA GCC TTG GCT TTG GAG GTC GGT GAG CTG GTA AAG GTC ACG AAG ATT AAC ATG AGT GGT CAG TGG GAA GGA GAA TGT AAT GGC AAA CGT GGT CAC TTT CCA TTC ACA CAT GTC CGC CTG CTG GAT CAA CAG AAT CCT GAT GAG GAC TTC AGC --- --- --- 
Pan troglodytes                            --- ATG GCG GGC AAC TTC GAC TCG GAG GAG CGG AGT AGC TGG TAC TGG GGG CGG TTG AGT CGG CAG GAG GCG GTG GCG CTG CTG CAG GGC CAG NNN --- NNN --- NNN NNN NNN NNN NNN NNN NNN NNN NNN NNC AGC CCC GGG GAC TAT GTG CTC AGC GTC TCA GAG AAC TGG GGC --- --- --- GTC TCC CAC TAC ATC ATC AAC AGC AGC GGC CCG CGC CCG CCG GTG CCA CCG TCG CCC GCT CAG CCT --- CCG CCC GGG GTG AGC CCC TCC AGA CTC CGA ATA GGA GAT CAA GAG TTT GAT TCA TTG CCT GCT TTA CTG GAA TTC TAC AAA ATA CAC TAT TTG GAC ACT ACA ACG TTG ATA GAA CCA GTT TCC AGA TCC AGG CAG --- --- --- --- --- --- --- --- GGT AGT GGA GTG ATT CTC AGG CAG GAG GAG GCG GAG TAT GTG CGA GCC CTC TTT GAC TTT AAT GGG AAT GAT GAG GAA GAT CTT CCC TTT AAG AAA GGA GAC ATC TTG AGA ATC CGG GAC AAG CCT GAA GAG CAG TGG TGG AAT GCG GAG GAC AGC GAA GGC AAG AGA GGG ATG ATT CCA GTC CCT TAC GTC GAG --- --- --- AAG TAT AGA CCT GCC TCC GCC TCA GTA TCG GCT --- --- --- --- CTG ATT GGA --- --- --- --- GGT AAC CAG GAG GGT TCC CAC CCA CAG --- --- CCA CTG GGT GGG CCG GAG CCT GGG CCC TAT GCC CAA CCC AGC GTC AAC ACT CCG CTC CCT AAC CTC CAG AAT GGG CCC ATA TAT GCC AGG GTT ATC CAG AAG CGA GTC CCC AAT GCC TAC GAC AAG ACA GCC TTG GCT TTG GAG GTC GGT GAG CTG GTA AAG GTT ACG AAG ATT AAT GTG AGT GGT CAG TGG GAA GGG GAG TGT AAT GGC AAA CGA GGT CAC TTC CCA TTC ACA CAT GTC CGT CTG CTG GAT CAA CAG AAT CCC GAT GAG GAC TTC AGC --- --- --- 
Mus musculus                               --- ATG GCG GGC AAC TTC GAC TCG GAG GAG CGG AGT AGC TGG TAC TGG GGC CGC CTG AGC CGG CAG GAG GCG GTG GCG CTA TTG CAG GGC CAG CGG --- CAC --- GGG GTG TTC CTG GTG CGG GAC TCG AGC ACC AGC CCC GGG GAC TAT GTG CTT AGC GTC TCC GAA AAC TCG CGC --- --- --- GTC TCC CAC TAC ATC ATC AAC AGC AGC GGC CCG CGC CCT CCA GTG CCT CCG TCG CCC GCT CAG CCT --- CCG CCG GGA GTG AGT CCC TCC AGG CTC CGA ATA GGA GAT CAA GAA TTT GAT TCA TTG CCT GCT TTA CTG GAA TTC TAC AAA ATA CAC TAT TTG GAC ACT ACA ACA TTG ATA GAA CCA GTG GCC AGA TCA AGG CAG --- --- --- --- --- --- --- --- GGT AGT GGA GTG ATT CTC AGG CAG GAG GAG GCA GAG TAT GTG CGG GCC CTC TTT GAC TTT AAT GGG AAT GAT GAA GAA GAT CTT CCC TTT AAG AAA GGA GAC ATC CTG AGA ATC CGG GAT AAG CCT GAA GAG CAG TGG TGG AAT GCA GAG GAC AGC GAA GGA AAG AGG GGG ATG ATT CCT GTC CCT TAC GTG GAG --- --- --- AAG TAT AGA CCT GCC TCC GCC TCA GTA TCG GCT --- --- --- --- CTG ATT GGA --- --- --- --- GGT AAC CAG GAG GGT TCC CAC CCA CAG --- --- CCA CTG GGT GGG CCG GAG CCT GGG CCC TAT GCC CAA CCC AGC GTC AAC ACT CCG CTC CCT AAC CTC CAG AAT GGG CCC ATT TAT GCC AGG GTT ATC CAG AAG CGA GTC CCT AAT GCC TAC GAC AAG ACA GCC TTG GCT TTG GAG GTC GGT GAG CTG GTA AAG GTT ACG AAG ATT AAT GTG AGT GGT CAG TGG GAA GGG GAG TGT AAT GGC AAA CGA GGT CAC TTC CCA TTC ACA CAT GTC CGT CTG CTG GAT CAA CAG AAT CCC GAT GAG GAC TTC AGC --- --- --- 



Printing out site pattern counts


         7        879  P G
G 3      142    104     47

Danio rerio                                 --- --- --- --- --- AAA AAC AAC AAG AAG AAG AAG AAT AAT AAT AAT AAT ACA ACA ACA ACT AGA AGC AGC AGC AGG AGT ATC ATC ATG CAA CAA CAC CAC CAC CAG CAG CAG CAG CAG CCA CCA CCA CCA CCC CCC CCC CCG CCG CCG CCT CCT CCT CCT CCT CGA CGA CGA CGA CGT CTA CTA CTA CTC CTG CTG CTT CTT CTT GAA GAA GAA GAA GAC GAC GAC GAC GAC GAC GAG GAG GAG GAG GAG GAG GAT GCA GCC GCC GCC GCG GCT GCT GCT GCT GGA GGA GGA GGC GGC GGC GGC GGC GGC GGC GGG GGG GGG GGT GGT GGT GGT GTA GTC GTC GTC GTG GTG GTG GTT GTT GTT TAC TAC TAT TCA TCA TCA TCA TCA TCC TCC TCG TCG TCT TCT TGG TTA TTC TTC TTT TTT --- --- --- --- --- --- --- --- --- AAA AAA AAC AAC AAT ACC ACC ACT ACT AGA AGC AGC AGC AGC AGC AGG ATA ATA ATC ATC ATC ATT ATT ATT CAA CAA CAC CAG CAG CAG CAT CAT CCA CCC CCC CCT CCT CCT CGC CGG CGG CGG CGG CTC CTC CTG CTG CTG CTG CTG CTT GAA GAC GAC GAG GAG GAG GAT GAT GCC GCC GCG GCT GGA GGA GGA GGG GGG GGG GGG GTC GTG GTG GTG GTG GTT TAC TAC TAC TAT TCA TCC TCG TCG TCG TCT TCT TGG TTA TTA TTC TTC TTC TTG TTT AAC AAG AAG AAG AAT AAT ACA ACC ACC AGA AGG ATC ATG ATT CAC CAG CAT CAT CCC CCC CGC CTT GAC GAG GAG GAG GAT GCC GCG GCT GCT GGA GGC GGG GGT GTA GTA GTC GTG TAT TAT TGC TGG TTG TTG TTT TTT
Homo sapiens                                --- AAC AGC CCG GTC AGA AAC AAT AAA AAG AAG AGG --- AAC AAC AAT GAC ACT AGT TCA CCA CGA --- AGC CAC CAG ATT --- ATT ATG CAG CCC --- CAG TCC CAA CAA CAG CAG GAG --- CCC CCC CCT AAT CCC CCT AGG CCT GCC --- CCA CCA CCT CTC AAG AGA AGA CGG AAG CTC GAG TTC CTC CGG CTG CTT GGT TTG GAA GAC GAG GAG GAC GAG GAG GAG GAG GAT GAA GAC GAG GAG GAT GCG GAC GCT GCC GCC GCG --- --- ATT GCC GCG GGA GGC GTG --- GGC GGG GGG GGG GGT GGT AGT GGA GGT --- GGA GGG TCG --- --- CTG GTG ATC GTC GTC AGA ATA ATC TAT TAT TAC --- AGC GTA TCC TCC --- CCG --- TCG --- CAG TGG CTC --- TTT TTC TTT --- CCA CCG CCG CCG CCG CGC GGC GTG AAA CGC AAC AAC GCC ACA ACT ACC ACG AGG AGC AGT CCC TCC TCG CGG ATC ATC AGC AGC ATA AGC ATA GTT CAG CAG CAC CAA CAG CCT CAC CAC CCC CCA CCC CCC CCT TCC CAG AGA CGA CGG CGG CTG TTG CTC CTG CTG TTA TTG GTG GAG GAC GAC GAA GAG GAG GAT GAT GCT TCA GCG AGC CCG GGA GGG GGC GGG GGG GGG GTC GTC GTG GTG GTG GTG TAC TAT TAT TAC --- TCG GCG TCA TCG AGC TCC TGG TTG TTG CTC TTC TTC CTG TTT AGT AAA AAG AAT AAT AAT ACA ACA ACG CGA AGG ATT CTG ATC CAT CAG CAC CGA CCA CCC CGT TTG GAG GAA GAG GAG GAC GCC GTT GCC GCT GGC GGT GGT GGG GTA GTG GTC GTT TAC TAT TGT TGG CTG TTG TTC TTC
Bos taurus                                  --- AAC AGC CCG GTC AGA AAC AAT AAA AAG AAG AGG --- AAC AAC AAT GAC ACT AGT TCA CCA CGA --- AGC CAC CAG ATT --- ATT ATG CAG CCC --- CAG TCC CAA CAA CAG CAG GAG --- CCC CCC CCT AAT CCC CCT AGG CCT GCC --- CCA CCA CCT CTC AAG AGA AGA CGG AAG CTC GAA TTC CTC CGG CTG CTT GGT CTG GAA GAC GAG GAG GAC GAA GAG GAG GAG GAT GAA GAT GAG GAG GAT GCA GAC GCT GCC GCC GCG --- --- ATT GCC GCG GGA GGC GTG --- GGC GGG GGG GGG GGT GGT AGT GGA GGT --- GGA GGG TCG --- --- CTG GTA ATC GTC GTG AGA ATT ATC TAT TAT TAC --- AGC GTA TCC TCC --- CCG --- TCG --- CAG TGG CTC --- TTT TTC TTT --- CCA CCG CCG CCG CCG CGC GGC GTG AAA CGC AAC AAC GCC ACA ACT ACT ACG CGG AGC AGT CCC TCC TCG CGG ATC ATC AGC AGC ATA AGC ATA GTT CAG CAG CAC CAA CAG CCT CAC CAC CCC CCA CCC CCC CCT TCC CAG AGA CGA CGG CGG TTG TTG CTC CTG CTG TTA TTG GTG GAA GAC GAC GAA GAG GAG GAT GAT GCT TCA GCG AGT CCG GGA GGG GGC GGG GGG GGG GTC GTC GTG GTG GTG GTG TAC TAT TAT TAC --- TCG GCG TCC TCG AGC TCC TGG CTG TTG CTC TTC TTC CTG TTT AGT AAA AAG AAT AAT AAT ACA ACA ACG CGA AGG ATT CTG ATC CAT CAG CAC CGA CCA CCT CGT TTG GAG GAA GAG GAG GAC GCC GTA GCC GCT GGC GGT GGT GGG GTA GTG GTC GTT TAC TAT TGT TGG CTG TTG TTC TTC
Rattus norvegicus                           --- AAC AGC CCG GTC AGA AAC AAT AAA AAG AAG AGG --- AAC AAC AAT GAC ACT AGT TCA CCA CGG --- AGC CAC CAG ATT --- ATT ATG CAG CCC --- CAG TCC CAA CAA CAG CAG GAG --- CCC CCC CCT AAT CCC CCT AGG CCT GCC --- CCA CCT CCC CTC AAG AGA AGA CGG AAG CTC GAG TTC CTC CGG CTG CTT GGT CTG GAA GAC GAG GAG GAC GAA GAG GAG GAG GAT GAA GAT GAG GAG GAG GCA GAC GCT GCC GCC GCA --- --- ATT GCC GCA GGA GGC GTG --- GGA GGG GGG GGG GGT GGT AGT GGA GGT --- GGA GGG TCG --- --- CTG GTG ATC GTC GTG AGG ATT ATC TAT TAT TAC --- AGC GTA TCA TCC --- CCG --- TCG --- CAG TGG CTC --- TTT TTC TTT --- CCT CCA CCG CCG CCT CGC GGC GTG AAA CGC AAC AAC GCT ACA ACT ACC ACA CGC AGC AGC CCC TCC TCG CGG ATC ATC AGC AGC ATA AGC ATA GTT CAG CAG CAC CAA CAG CCT CAC CAC CCG CCA CCC CCC CCT TCC CAG AGG CGA CGG CGG TTG CTG CTC CTA CTG TTA TTG GTG GAA GAC GAC GAA GAA GAG GAT GAT GCT TCA GCG AGT CCG GGA GGG GGC GGA GGC GGG GTC GTC GTG GTG GTT GTG TAC TAT TAT TAC --- TCG GCG TCC TCG AGC TCC TGG TTG TTG CTC TTC TTC CTG TTT AGT AAA AAG AAT AAT AAT ACA ACA ACG CGA AGG ATT CTG ATC CAT CAG CAC CGA CCA CCT CGT TTG GAG GAA GAG GAG GAC GCC GTT GCC GCT GGC GGT GGT GGG GTA GTG GTC GTT TAC TAT TGT TGG CTG TTG TTC TTC
Gallus gallus                               --- AAC AGC CCG ATC CGA AAC AAC AAA AAA AAG AGG --- AAC CAG AAT GAC ACT AGT TCA CCA CGA --- AGC CAC CAG ACT --- ATA ATG CAA CCC --- CAG TCC CAA CAG CAA CAG GAA --- CCA CCT CCT AAT CCC CCT AGG CCA GCT --- CCA CCT CCT CTC AAG AAA AGA CGG AAG CTT GAG TTC CTC CGG CTG CTT GGT CTG GAT GAC GAA GAG GAC GAC GAC GAG GAT GAT GAA GAT GAA GAG GAT GTT GAC ACT GCC TCC GCC --- --- ATC GCT GCA GGC GGG GTT --- GGA GGA GGC GGG AGT GGT GGG GGA AAC --- GGA GGG TCT --- --- CTG GTG ATC GTT GTC AGG TTT ATA TAT TGT TAC --- ATG GTA TCC TCT --- CCG --- TCC --- CAG TGG CTC --- TTT TTC TTT --- AGG GGC CCG GCC GGA GCG GGG CGG AAA CGC AAC AGC GAG ACA ACT TCC ACC CGG AGC AGC GGC TCC GGC CGC ATC GTC CTG GGC ATA ATC ATA GTT CAG GGC CAC CAG CAA CCT CAC CAC CCG CCA CCC CCC CCA ACC GGC AGA CGA CGC CGG CTG TTG CTC CTG CTG TTA TTG TTG GAG GAC GAC GAA GAG GAC GAC GAT TCT TCT GCG AAT GCC GGT GGG GGG GGG GGG GGC GTC GTG GTG GTG ACC GTG TAC TAT TTC TAC GGG TCC TCG TCC TCG TCG TCG TGG CTG TTG TTT TTC TTC CTG TTT AGT AAA AAG AAT AAC AAT ACA ACA ACG CGA CGG ATT CTG ATC CAT CAG CAC CGT CCA CCT CGC TTG GAG GAA GAA GAG GAC GCC GTT GCC GCT GGC GGT GGT GGA GTA ATG GTC GTC TAC TAT TGT TGG CTG TTG TTC TTT
Pan troglodytes                             --- AAC AGC CCG GTC AGA AAC AAT AAA AAG AAG AGG --- AAC AAC AAT GAC ACT AGT TCA CCA CGA --- AGC CAC CAG ATT --- ATT ATG CAG CCC --- CAG TCC CAA CAA CAG CAG GAG --- CCC CCC CCT AAT CCC CCT AGG CCT GCC --- CCA CCA CCT CTC AAG AGA AGA CGG AAG CTC GAG TTC CTC CGG CTG CTT GGT TTG GAA GAC GAG GAG GAC GAG GAG GAG GAG GAT GAA GAC GAG GAG GAT GCG GAC GCT GCC GCC GCG --- --- ATT GCC GCG GGA GGC GTG --- GGC GGG GGG GGG GGT GGT AGT GGA GGT --- GGA GGG TCG --- --- CTG GTG ATC GTC GTC AGA ATA ATC TAT TAT TAC --- AGC GTA TCC TCC --- CCG --- TCG --- CAG TGG CTC --- TTT TTC TTT --- CCA CCG CCG CCG CCG CGC GGC GTG AAA GGC AAC AAC GCT ACA ACT NNC ACG CGG AGC AGT CCC TCC TCG NNN ATC ATC AGC NNN ATA AGC ATA GTT CAG CAG CAC CAA CAG CCT CAC NNN CCC CCA CCC CCC CCT TCC CAG AGA CGA NNN CGG CTG TTG CTC CTG NNN TTA TTG GTG GAG GAC NNN GAA GAG GAG GAT GAT GCT TCA GCG AGC CCG GGA NNN GGC GGG GGG GGG GTC GTC GTG NNN NNN GTG TAC TAT TAT TAC --- TGG GCG TCA NNN AGC TCC TGG TTG TTG CTC NNN TTC CTG TTT AGT AAA AAG AAT AAT AAT ACA ACA ACG CGA AGG ATT CTG ATC CAT CAG CAC CGA CCA CCC CGT TTG GAG GAA GAG GAG GAC GCC GTT GCC GCT GGC GGT GGT GGG GTA GTG GTC GTT TAC TAT TGT TGG CTG TTG TTC TTC
Mus musculus                                --- AAC AGC CCG GTC AGA AAC AAT AAA AAG AAG AGG --- AAC AAC AAT GAC ACT AGT TCA CCA CGG --- AGC CAC CAG ATT --- ATT ATG CAG CCC --- CAG TCC CAA CAA CAG CAG GAG --- CCC CCC CCT AAT CCC CCT AGG CCT GCC --- CCA CCT CCT CTC AAG AGA AGA CGG AAG CTC GAG TTC CTC CGG CTG CTT GGT CTG GAA GAC GAG GAG GAC GAA GAG GAG GAG GAT GAA GAT GAG GAG GAT GCA GAC GCT GCC GCC GCG --- --- ATT GCC GCA GGA GGC GTG --- GGA GGG GGG GGG GGT GGT AGT GGA GGT --- GGA GGG TCG --- --- CTG GTG ATC GTC GTG AGG ATT ATC TAT TAT TAC --- AGC GTA TCA TCC --- CCG --- TCG --- CAG TGG CTC --- TTT TTC TTT --- CCT CCA CCG CCG CCT CGC GGC GTG AAA CGC AAC AAC GCT ACA ACT ACC ACA CGC AGC AGC CCC GCC TCG CGG ATC ATC AGC AGC ATA AGC ATA GTG CAG CAG CAC CAA CAG CCT CAC CAC CCG CCA CCC CCC CCT TCC CAG AGG CGA CGG CGG TTG TTG CTT CTA CTG TTA TTG GTG GAA GAC GAC GAA GAA GAG GAT GAT GCT TCA GCG AGT CCG GGA GGG GGC GGA GGC GGG GTC GTC GTG GTG GTG GTG TAC TAT TAT TAC --- TCG GCG TCC TCG AGC TCC TGG CTG TTG CTC TTC TTC CTG TTT AGT AAA AAG AAT AAT AAT ACA ACA ACG CGA AGG ATT CTG ATC CAT CAG CAC CGA CCA CCT CGT TTG GAG GAA GAG GAG GAC GCC GTT GCC GCT GGC GGT GGT GGG GTA GTG GTC GTT TAC TAT TGT TGG CTG TTG TTC TTC



    7    1    1    1    1    1    1    1    1    1    1    1    1    1    1
    3    1    1    1    1    1    1    1    2    1    1    1    1    1    2
    1    1    1    2    1    1    1    1    1    1    1    1    2    1    1
    1    2    1    1    1    1    1    1    1    1    1    1    1    1    1
    1    1    1    1    1    2    1    1    1    1    1    1    1    1    1
    1    1    1    3    2    1    1    3    1    1    2    1    1    1    1
    1    1    1    1    1    1    1    1    1    1    2    1    1    1    1
    1    1    1    1    1    1    1    1    1    1    1    1    1    1    1
    1    1    2    1    1    1    1    1    1    1    1    1    1    1    2
    1    2    1    1    1    1    2    5    1    1    1    1    1    1    1
    1    1    1    1    1    1    1    1    1    1    1    1    1    1    1
    1    1    1    1    1    1    1    1    2    1    1    1    1    1    1
    1    1    1    1    1    1    1    1    1    1    1    1    1    1    1
    1    1    1    1    1    1    1    1    2    1    2    1    1    1    1
    1    1    1    1    1    1    1    1    1    1    1    1    1    1    1
    1    1    2    1    1    1    1    1    1    1    1    1    1    2    1
    1    1    1    1    1    1    1    1    4    1    1    1    1    1    1
    1    1    1    1    1    1    2    1    1    1    1    1    1    1    1
    1    1    1    2    1    1    1    1    2    1    1    1    1    3    1
    1    1    1    1    1    1    1    1

CODONML (in paml version 4.4b, July 2010)  torun.nuc
Model: One dN/dS ratio for branches Global clock  (3 genes: diff. rate & k&w)  
Codon frequency model: F3x4
ns =   7  ls = 335

Codon usage in sequences
--------------------------------------------------------------------------------------------------------------
Phe TTT  6  4  4  4  7  4 | Ser TCT  5  0  0  0  4  0 | Tyr TAT  4  6  6  6  4  6 | Cys TGT  0  1  1  1  2  1
    TTC  5  6  6  6  6  5 |     TCC  3  6  7  6  8  6 |     TAC  7  5  5  5  5  5 |     TGC  1  0  0  0  0  0
Leu TTA  3  1  1  1  1  1 |     TCA  6  3  2  3  1  3 | *** TAA  0  0  0  0  0  0 | *** TGA  0  0  0  0  0  0
    TTG  3  7  6  6  6  7 |     TCG  5  5  5  5  4  3 |     TAG  0  0  0  0  0  0 | Trp TGG  5  5  5  5  5  6
--------------------------------------------------------------------------------------------------------------
Leu CTT  5  1  1  1  2  1 | Pro CCT  8  7  8 10  9  7 | His CAT  4  1  1  1  1  1 | Arg CGT  1  1  1  1  1  1
    CTC  3  6  6  6  4  6 |     CCC  8 10  9  9  4 10 |     CAC  6  5  5  5  5  4 |     CGC  2  2  2  3  4  1
    CTA  3  0  0  1  0  0 |     CCA  6  6  6  5  7  6 | Gln CAA  4  3  3  3  4  3 |     CGA  4  4  4  3  4  4
    CTG  8  9 10  9 12  8 |     CCG  3  7  7  6  4  7 |     CAG 10 13 13 13 11 13 |     CGG  4  5  6  6  6  4
--------------------------------------------------------------------------------------------------------------
Ile ATT  5  4  5  5  1  4 | Thr ACT  3  2  3  2  4  2 | Asn AAT 10  8  8  8  7  8 | Ser AGT  1  4  5  4  3  4
    ATC  6  5  5  5  6  5 |     ACC  4  1  0  1  3  0 |     AAC  5  6  6  6  7  6 |     AGC  9 10  9 10  6  9
    ATA  2  4  3  3  5  4 |     ACA  4  3  3  4  3  3 | Lys AAA  3  3  3  3  5  3 | Arg AGA  3  5  5  3  2  5
Met ATG  3  2  2  2  4  2 |     ACG  0  2  2  1  1  2 |     AAG 10  8  8  8  7  8 |     AGG  3  4  3  5  4  3
--------------------------------------------------------------------------------------------------------------
Val GTT  4  3  2  4  5  3 | Ala GCT  7  3  3  4  3  4 | Asp GAT  5  6  7  6  8  6 | Gly GGT  5  7  7  7  6  7
    GTC  7  8  7  7  7  8 |     GCC  7  8  8  7  7  7 |     GAC 12 10  9  9 13  9 |     GGC 10  5  5  5 10  6
    GTA  3  2  4  2  2  2 |     GCA  1  0  1  3  1  0 | Glu GAA  5  6  9  9  9  6 |     GGA  7  4  4  6  7  4
    GTG  8  9  9  9  5  7 |     GCG  3  5  4  2  2  5 |     GAG 16 18 15 16 11 18 |     GGG  8 10 10  8 10  9
--------------------------------------------------------------------------------------------------------------

--------------------------------------------------
Phe TTT  4 | Ser TCT  0 | Tyr TAT  6 | Cys TGT  1
    TTC  6 |     TCC  5 |     TAC  5 |     TGC  0
Leu TTA  1 |     TCA  3 | *** TAA  0 | *** TGA  0
    TTG  6 |     TCG  5 |     TAG  0 | Trp TGG  5
--------------------------------------------------
Leu CTT  2 | Pro CCT 11 | His CAT  1 | Arg CGT  1
    CTC  5 |     CCC  8 |     CAC  5 |     CGC  3
    CTA  1 |     CCA  5 | Gln CAA  3 |     CGA  3
    CTG  9 |     CCG  6 |     CAG 13 |     CGG  6
--------------------------------------------------
Ile ATT  5 | Thr ACT  2 | Asn AAT  8 | Ser AGT  4
    ATC  5 |     ACC  1 |     AAC  6 |     AGC 10
    ATA  3 |     ACA  4 | Lys AAA  3 | Arg AGA  3
Met ATG  2 |     ACG  1 |     AAG  8 |     AGG  5
--------------------------------------------------
Val GTT  2 | Ala GCT  4 | Asp GAT  7 | Gly GGT  7
    GTC  7 |     GCC  8 |     GAC  9 |     GGC  5
    GTA  2 |     GCA  2 | Glu GAA  9 |     GGA  6
    GTG 11 |     GCG  3 |     GAG 15 |     GGG  8
--------------------------------------------------

Codon position x base (3x4) table for each sequence.

#1: Danio rerio    
position  1:    T:0.17042    C:0.25402    A:0.22830    G:0.34727
position  2:    T:0.23794    C:0.23473    A:0.32476    G:0.20257
position  3:    T:0.23473    C:0.30547    A:0.17363    G:0.28617
Average         T:0.21436    C:0.26474    A:0.24223    G:0.27867

#2: Homo sapiens   
position  1:    T:0.16118    C:0.26316    A:0.23355    G:0.34211
position  2:    T:0.23355    C:0.22368    A:0.32237    G:0.22039
position  3:    T:0.19079    C:0.30592    A:0.14474    G:0.35855
Average         T:0.19518    C:0.26425    A:0.23355    G:0.30702

#3: Bos taurus     
position  1:    T:0.15789    C:0.26974    A:0.23026    G:0.34211
position  2:    T:0.23355    C:0.22368    A:0.32237    G:0.22039
position  3:    T:0.20395    C:0.29276    A:0.15789    G:0.34539
Average         T:0.19846    C:0.26206    A:0.23684    G:0.30263

#4: Rattus norvegicus
position  1:    T:0.15789    C:0.26974    A:0.23026    G:0.34211
position  2:    T:0.23355    C:0.22368    A:0.32237    G:0.22039
position  3:    T:0.21053    C:0.29605    A:0.16118    G:0.33224
Average         T:0.20066    C:0.26316    A:0.23794    G:0.29825

#5: Gallus gallus  
position  1:    T:0.17377    C:0.25574    A:0.22295    G:0.34754
position  2:    T:0.23934    C:0.21311    A:0.31803    G:0.22951
position  3:    T:0.21967    C:0.31148    A:0.16721    G:0.30164
Average         T:0.21093    C:0.26011    A:0.23607    G:0.29290

#6: Pan troglodytes
position  1:    T:0.16096    C:0.26027    A:0.23288    G:0.34589
position  2:    T:0.22945    C:0.22260    A:0.32877    G:0.21918
position  3:    T:0.20205    C:0.29795    A:0.15068    G:0.34932
Average         T:0.19749    C:0.26027    A:0.23744    G:0.30479

#7: Mus musculus   
position  1:    T:0.15461    C:0.26974    A:0.23026    G:0.34539
position  2:    T:0.23355    C:0.22368    A:0.32237    G:0.22039
position  3:    T:0.21382    C:0.28947    A:0.15789    G:0.33882
Average         T:0.20066    C:0.26096    A:0.23684    G:0.30154

Codon usage in genes
--------------------------------------------------------------------------
Phe TTT 22  8  3 | Ser TCT  5  4  0 | Tyr TAT 18 12  8 | Cys TGT  1  0  6
    TTC 14 15 11 |     TCC 19 22  0 |     TAC  9 22  6 |     TGC  0  0  1
Leu TTA  1  8  0 |     TCA 13  8  0 | *** TAA  0  0  0 | *** TGA  0  0  0
    TTG  2 25 14 |     TCG 12 20  0 |     TAG  0  0  0 | Trp TGG 14 15  7
--------------------------------------------------------------------------
Leu CTT 10  2  1 | Pro CCT 38 18  4 | His CAT  0  2  8 | Arg CGT  1  0  6
    CTC 24 12  0 |     CCC 32 22  4 |     CAC 10 18  7 |     CGC  0 15  2
    CTA  3  2  0 |     CCA 22 13  6 | Gln CAA 15  8  0 |     CGA  9  6 11
    CTG 25 28 12 |     CCG 15 25  0 |     CAG 47 25 14 |     CGG 14 22  1
--------------------------------------------------------------------------
Ile ATT 18  4  7 | Thr ACT  9  9  0 | Asn AAT 36  2 19 | Ser AGT 13  6  6
    ATC 15 15  7 |     ACC  0  8  2 |     AAC 27 13  2 |     AGC 27 36  0
    ATA  4 20  0 |     ACA  3  8 13 | Lys AAA  9  8  6 | Arg AGA 20  5  1
Met ATG 15  0  2 |     ACG  0  3  6 |     AAG 27  0 30 |     AGG 16  5  6
--------------------------------------------------------------------------
Val GTT  6  7 10 | Ala GCT 11  9  8 | Asp GAT 31 13  1 | Gly GGT 26  1 19
    GTC 16 13 22 |     GCC 25  7 20 |     GAC 42 22  7 |     GGC 18 20  8
    GTA  8  0  9 |     GCA  8  0  0 | Glu GAA 28 18  7 |     GGA 25 11  2
    GTG 16 36  6 |     GCG 10 13  1 |     GAG 72 17 20 |     GGG 32 25  6
--------------------------------------------------------------------------

Codon position x base (3x4) table for each gene.


Gene #1
position  1:    T:0.12897    C:0.26290    A:0.23710    G:0.37103
position  2:    T:0.19742    C:0.22024    A:0.36806    G:0.21429
position  3:    T:0.24306    C:0.27579    A:0.16667    G:0.31448
Average         T:0.18981    C:0.25298    A:0.25728    G:0.29993

Gene #2
position  1:    T:0.21751    C:0.29822    A:0.19425    G:0.29001
position  2:    T:0.26676    C:0.25855    A:0.24624    G:0.22845
position  3:    T:0.13269    C:0.35568    A:0.15732    G:0.35431
Average         T:0.20565    C:0.30415    A:0.19927    G:0.29093

Gene #3
position  1:    T:0.14545    C:0.19740    A:0.27792    G:0.37922
position  2:    T:0.27013    C:0.16623    A:0.35065    G:0.21299
position  3:    T:0.27532    C:0.25714    A:0.14286    G:0.32468
Average         T:0.23030    C:0.20693    A:0.25714    G:0.30563

Sums of codon usage counts
------------------------------------------------------------------------------
Phe F TTT      33 | Ser S TCT       9 | Tyr Y TAT      38 | Cys C TGT       7
      TTC      40 |       TCC      41 |       TAC      37 |       TGC       1
Leu L TTA       9 |       TCA      21 | *** * TAA       0 | *** * TGA       0
      TTG      41 |       TCG      32 |       TAG       0 | Trp W TGG      36
------------------------------------------------------------------------------
Leu L CTT      13 | Pro P CCT      60 | His H CAT      10 | Arg R CGT       7
      CTC      36 |       CCC      58 |       CAC      35 |       CGC      17
      CTA       5 |       CCA      41 | Gln Q CAA      23 |       CGA      26
      CTG      65 |       CCG      40 |       CAG      86 |       CGG      37
------------------------------------------------------------------------------
Ile I ATT      29 | Thr T ACT      18 | Asn N AAT      57 | Ser S AGT      25
      ATC      37 |       ACC      10 |       AAC      42 |       AGC      63
      ATA      24 |       ACA      24 | Lys K AAA      23 | Arg R AGA      26
Met M ATG      17 |       ACG       9 |       AAG      57 |       AGG      27
------------------------------------------------------------------------------
Val V GTT      23 | Ala A GCT      28 | Asp D GAT      45 | Gly G GGT      46
      GTC      51 |       GCC      52 |       GAC      71 |       GGC      46
      GTA      17 |       GCA       8 | Glu E GAA      53 |       GGA      38
      GTG      58 |       GCG      24 |       GAG     109 |       GGG      63
------------------------------------------------------------------------------

(Ambiguity data are not used in the counts.)


Codon position x base (3x4) table, overall

position  1:    T:0.16243    C:0.26318    A:0.22976    G:0.34463
position  2:    T:0.23446    C:0.22363    A:0.32298    G:0.21893
position  3:    T:0.21092    C:0.29991    A:0.15913    G:0.33004
Average         T:0.20261    C:0.26224    A:0.23729    G:0.29787


Nei & Gojobori 1986. dN/dS (dN, dS)
(Pairwise deletion)
(Note: This matrix is not used in later ML. analysis.
Use runmode = -2 for ML pairwise comparison.)

Danio rerio         
Homo sapiens        -1.0000 (0.1711 -1.0000)
Bos taurus          -1.0000 (0.1713 -1.0000) 0.0000 (0.0000 0.0812)
Rattus norvegicus   -1.0000 (0.1697 -1.0000) 0.0168 (0.0029 0.1723) 0.0105 (0.0014 0.1385)
Gallus gallus       -1.0000 (0.1975 -1.0000) 0.1943 (0.0991 0.5102) 0.1953 (0.0984 0.5039) 0.1972 (0.1006 0.5101)
Pan troglodytes     -1.0000 (0.1802 -1.0000) 0.3135 (0.0030 0.0096) 0.0375 (0.0030 0.0802) 0.0266 (0.0045 0.1701) 0.1981 (0.1003 0.5064)
Mus musculus        -1.0000 (0.1744 -1.0000) 0.0174 (0.0029 0.1666) 0.0118 (0.0014 0.1224) 0.0898 (0.0029 0.0323) 0.2018 (0.1009 0.4999) 0.0266 (0.0045 0.1701)


TREE #  1:  (((((2, 6), (7, 4)), 3), 5), 1);   MP score: -1
lnL(ntime:  6  np: 14):  -2746.058222      +0.000000
   8..9     9..10   10..11   11..12   12..2    12..6    11..13   13..7    13..4    10..3     9..5     8..1  
 1.115065 0.350658 0.047823 0.047823 0.006796 0.011100 1.472684 0.459343 1.377290 0.089061 1.036124 0.062773 2.512116 0.041728
SEs for parameters:
 0.144403 0.042586 0.018118 0.009801 0.003719 0.003984 0.230369 0.103888 0.271740 0.016966 0.239694 0.013795 1.063455 0.020374
Note: Branch length is defined for the first gene (site partition).
For other genes, look at "rates for genes".

tree length =   2.69433 (1st gene)

(((((2: 0.006796, 6: 0.006796): 0.041027, (7: 0.011100, 4: 0.011100): 0.036723): 0.000000, 3: 0.047823): 0.302835, 5: 0.350658): 0.764406, 1: 1.115065);

(((((Homo sapiens: 0.006796, Pan troglodytes: 0.006796): 0.041027, (Mus musculus: 0.011100, Rattus norvegicus: 0.011100): 0.036723): 0.000000, Bos taurus: 0.047823): 0.302835, Gallus gallus: 0.350658): 0.764406, Danio rerio: 1.115065);

Detailed output identifying parameters

rates for 3 genes:     1  1.47268  0.45934

gene # 1: kappa =   1.37729 omega =   0.08906
gene # 2: kappa =   1.03612 omega =   0.06277
gene # 3: kappa =   2.51212 omega =   0.04173

Time used:  0:30
