
seed used = 1418810781
      7   1005

Danio rerio                                --- ATG GCC GGA AAT TTT GAT TCG GAG GAC CGA GGG AGC TGG TAT TGG GGG AGA TTA AGC CGG CAA GAG GCG GTT TCG CTG CTC CAA GGG CAG AGG --- CAT --- GGA GTG TTC CTG GTG CGG GAC TCG ATC ACT ATT CCC GGG GAC TAC GTG CTG TCT GTG TCG GAG AAC TCC AAA --- --- --- GTC TCT CAT TAC ATA ATA AAC AGC ATC --- --- --- --- --- --- --- --- AGC AGC AAT CGC CAG TCA GGA CCA GGG CTT GCT CCT CCT CGG TTC CGG ATT GGA GAT CAG GAA TTT GAT GCC TTA CCT GCC CTG TTG GAG TTC TAC AAA ATC CAC TAC CTG GAC ACC ACC ACT CTC ATT GAG CCC ATT AGC AAA TCA AAG CAC TCG TCT TTC ATC AGC GTC AAT GCG GGG ACA GGA GGA GCT CCT CCG AGG CTA GAA GAG GAG TAC GTC AGA GCT CTC TTC GAC TTT CCC GGC AAC GAC GAC GAG GAC CTT CCA TTT CGA AAG GGT GAT GTT CTT CGA GTG CTG GAG AAG CCA GAG GAG CAA TGG TGG AAT GCT CAG AAT TCA GAA GGC CGT GTT GGC ATG ATC CCT GTG CCC TAT GTG GAG --- --- --- AAG TAC CGA CCT GCC TCA CCG ACA TCA GGT GCA CCT GGC GTA TCA GTC AGT GGG TCC GGT GCT CAC GGC AAC TCT GAC GGC CAC AGC ACT CAG TCT CCA CCT CTG CTT GGT --- GAA CCG GGC CAA TAC GCC CAG CCC --- --- --- ACA TCC TTA CCC AAT CTA CAG AAT GGC CCA GTT TAT GCC AGG GCG ATT CAG AAG AGA GTC CCC AAT GCC TAT GAT AAG ACA GCT CTT GCT TTG GAG GTC GGC GAC ATG GTA AAG GTG ACC AAG ATC AAT GTA AAC GGG CAG TGG GAG GGT GAG TGC AAG GGA AAG CAT GGC CAT TTT CCC TTT ACC CAC GTC CGC TTG CTG GAC CAG CAC AAT CCA GAG GAC GAA CTA AGC --- --- --- 
Homo sapiens                               --- ATG GCG GGC AAC TTC GAC TCG GAG GAG CGG AGT AGC TGG TAC TGG GGG AGG TTG AGT CGG CAG GAG GCG GTG GCG CTG CTG CAG GGC CAG CGG --- CAC --- GGG GTG TTC CTG GTG CGG GAC TCG AGC ACC AGC CCC GGG GAC TAT GTG CTC AGC GTC TCA GAG AAC TCG CGC --- --- --- GTC TCC CAC TAC ATC ATC AAC AGC AGC GGC CCG CGC CCG CCG GTG CCA CCG TCG CCC GCC CAG CCT --- CCG CCC GGG GTG AGC CCC TCC AGA CTC CGA ATA GGA GAT CAA GAG TTT GAT TCA TTG CCT GCT TTA CTG GAA TTC TAC AAA ATA CAC TAT TTG GAC ACT ACA ACG TTG ATA GAA CCA GTT TCC AGA TCC AGG CAG --- --- --- --- --- --- --- --- GGT AGT GGA GTG ATT CTC AGG CAG GAG GAG GCG GAG TAT GTG CGA GCC CTC TTT GAC TTT AAT GGG AAT GAT GAG GAA GAT CTT CCC TTT AAG AAA GGA GAC ATC TTG AGA ATC CGG GAC AAG CCT GAA GAG CAG TGG TGG AAT GCG GAG GAC AGC GAA GGC AAG AGA GGG ATG ATT CCA GTC CCT TAC GTC GAG --- --- --- AAG TAT AGA CCT GCC TCC GCC TCA GTA TCG GCT --- --- --- --- CTG ATT GGA --- --- --- --- GGT AAC CAG GAG GGT TCC CAC CCA CAG --- --- CCA CTG GGT GGG CCG GAG CCT GGG CCC TAT GCC CAA CCC AGC GTC AAC ACT CCG CTC CCT AAC CTC CAG AAT GGG CCC ATA TAT GCC AGG GTT ATC CAG AAG CGA GTC CCC AAT GCC TAC GAC AAG ACA GCC TTG GCT TTG GAG GTC GGT GAG CTG GTA AAG GTT ACG AAG ATT AAT GTG AGT GGT CAG TGG GAA GGG GAG TGT AAT GGC AAA CGA GGT CAC TTC CCA TTC ACA CAT GTC CGT CTG CTG GAT CAA CAG AAT CCC GAT GAG GAC TTC AGC --- --- --- 
Bos taurus                                 --- ATG GCG GGC AAC TTC GAC TCG GAG GAG CGG AGT AGC TGG TAC TGG GGG CGG CTG AGT CGG CAG GAG GCG GTG GCG CTG TTG CAG GGC CAG CGG --- CAC --- GGG GTG TTC CTG GTG CGG GAC TCG AGC ACT AGC CCC GGG GAC TAT GTG CTC AGC GTC TCC GAG AAC TCG CGC --- --- --- GTC TCC CAC TAC ATC ATC AAC AGC AGC GGC CCG CGC CCG CCG GTG CCA CCG TCG CCC GCC CAG CCT --- CCG CCC GGG GTG AGT CCC TCC AGA CTC CGA ATA GGA GAT CAA GAA TTT GAT TCA TTG CCT GCT TTA CTG GAA TTC TAC AAA ATA CAC TAT TTG GAC ACT ACA ACG TTG ATA GAA CCA GTT TCC AGA TCC AGG CAG --- --- --- --- --- --- --- --- GGT AGT GGA GTG ATT CTC AGG CAG GAA GAG GCA GAG TAT GTA CGA GCC CTC TTT GAC TTT AAT GGG AAT GAT GAA GAA GAT CTT CCC TTT AAG AAA GGA GAC ATC CTG AGA ATC CGG GAT AAG CCT GAA GAG CAG TGG TGG AAT GCG GAG GAC AGC GAA GGC AAG AGA GGG ATG ATT CCA GTC CCT TAC GTG GAG --- --- --- AAG TAT AGA CCT GCC TCC GCC TCA GTA TCG GCT --- --- --- --- CTG ATT GGA --- --- --- --- GGT AAC CAG GAG GGT TCC CAC CCA CAG --- --- CCA CTG GGT GGG CCG GAG CCT GGG CCC TAT GCC CAA CCC AGC GTC AAC ACT CCG CTC CCT AAC CTC CAG AAT GGG CCC ATT TAT GCC AGG GTA ATC CAG AAG CGA GTC CCT AAT GCC TAC GAC AAG ACA GCC TTG GCT TTG GAG GTC GGT GAG CTG GTA AAG GTT ACG AAG ATT AAT GTG AGT GGT CAG TGG GAA GGG GAG TGT AAT GGC AAA CGA GGT CAC TTC CCA TTC ACA CAT GTC CGT CTG CTG GAT CAA CAG AAT CCC GAT GAG GAC TTC AGC --- --- --- 
Rattus norvegicus                          --- ATG GCA GGC AAC TTC GAC TCG GAG GAG CGG AGT AGC TGG TAC TGG GGC CGC TTG AGC CGG CAG GAG GCG GTG GCG CTA TTG CAG GGC CAG CGG --- CAC --- GGG GTT TTC CTG GTG CGG GAC TCG AGC ACC AGC CCC GGG GAC TAT GTG CTC AGC GTC TCC GAA AAC TCG CGC --- --- --- GTC TCC CAC TAC ATC ATC AAC AGC AGC GGC CCG CGC CCT CCA GTG CCT CCG TCG CCC GCT CAG CCT --- CCG CCG GGA GTG AGT CCC TCC AGG CTC CGA ATA GGA GAT CAA GAA TTT GAT TCA TTG CCT GCT TTA CTG GAA TTC TAC AAA ATA CAC TAT TTG GAC ACT ACA ACA CTG ATA GAA CCA GTT TCC AGA TCA AGG CAG --- --- --- --- --- --- --- --- GGT AGT GGA GTG ATT CTC AGG CAG GAG GAG GCA GAG TAT GTG CGG GCC CTC TTT GAC TTT AAT GGG AAT GAT GAA GAA GAT CTT CCC TTT AAG AAA GGA GAC ATC CTG AGA ATC CGG GAT AAG CCT GAA GAG CAG TGG TGG AAT GCA GAG GAC AGC GAA GGA AAG AGG GGG ATG ATT CCT GTC CCT TAC GTG GAG --- --- --- AAG TAT AGA CCC GCC TCC GCC TCA GTA TCG GCT --- --- --- --- CTG ATT GGA --- --- --- --- GGT AAC CAG GAG GGT TCC CAC CCA CAG --- --- CCA CTG GGT GGG CCG GAG CCT GGG CCC TAT GCC CAA CCC AGC GTC AAC ACT CCG CTC CCT AAC CTC CAG AAT GGG CCC ATT TAT GCC AGG GTT ATC CAG AAG CGA GTC CCT AAT GCC TAC GAC AAG ACA GCC TTG GCT TTG GAG GTC GGT GAG CTG GTA AAG GTT ACG AAG ATT AAT GTG AGT GGT CAG TGG GAA GGG GAG TGT AAT GGC AAA CGA GGT CAC TTC CCA TTC ACA CAT GTC CGT CTG CTG GAT CAA CAG AAT CCC GAG GAG GAC TTC AGC --- --- --- 
Gallus gallus                              --- ATG GCC GGG CAG TTC GAC TCC GAG GAC CGG GGG AGC TGG TAC TGG GGG CGG CTG AGC CGG GGC GAC GCG GTG TCG CTG CTG CAG GGG CAA CGC --- CAC --- GGG ACC TTC CTG GTG CGC GAC TCG GGC TCC ATC CCC GGC GAC TTC GTG CTC TCG GTG TCC GAG AGC TCC CGC --- --- --- GTC TCG CAC TAC ATC GTC AAC AGC CTG GGG CCG GCG GGA GGC CGG AGG GCC GGC GGC GAG GGC CCT GGG GCC CCG GGG TTG AAT CCC ACC AGA TTT CGA ATA GGT GAC CAG GAG TTT GAT TCT TTG CCA TCT TTA CTG GAA TTC TAC AAA ATA CAC TAT TTG GAC ACT ACA ACC TTG ATA GAA CCA GTT TCC CGA TCC AGG CAG --- --- --- --- --- --- --- --- AAC AGT GGC GTT ATC CTC AGG CAG GAG GAA GTT GAA TAT GTG CGA GCT CTC TTT GAC TTT AAT GGA AAC GAT GAC GAA GAT CTT CCA TTT AAG AAA GGA GAC ATA CTG AAA ATC CGG GAT AAA CCT GAA GAG CAA TGG TGG AAT GCA GAA GAC ATG GAT GGA AAG AGG GGA ATG ATA CCT GTT CCT TAC GTC GAG --- --- --- AAG TGT AGA CCT TCC TCT GCT TCA GTA TCT ACT --- --- --- --- CTG ACT GGA --- --- --- --- GGT AAC CAG GAT AGT TCC CAC CCA CAA --- --- CCA CTG GGT GGG CCG GAG CCA GGG CCC TAT GCC CAG CCC AGC ATC AAC ACT CCG CTC CCT AAC CTT CAG AAT GGC CCT TTT TAT GCC CGG GTT ATC CAG AAG CGA GTC CCT AAT GCC TAC GAC AAG ACA GCC TTG GCT TTG GAG GTC GGT GAG CTG GTA AAG GTC ACG AAG ATT AAC ATG AGT GGT CAG TGG GAA GGA GAA TGT AAT GGC AAA CGT GGT CAC TTT CCA TTC ACA CAT GTC CGC CTG CTG GAT CAA CAG AAT CCT GAT GAG GAC TTC AGC --- --- --- 
Pan troglodytes                            --- ATG GCG GGC AAC TTC GAC TCG GAG GAG CGG AGT AGC TGG TAC TGG GGG CGG TTG AGT CGG CAG GAG GCG GTG GCG CTG CTG CAG GGC CAG NNN --- NNN --- NNN NNN NNN NNN NNN NNN NNN NNN NNN NNC AGC CCC GGG GAC TAT GTG CTC AGC GTC TCA GAG AAC TGG GGC --- --- --- GTC TCC CAC TAC ATC ATC AAC AGC AGC GGC CCG CGC CCG CCG GTG CCA CCG TCG CCC GCT CAG CCT --- CCG CCC GGG GTG AGC CCC TCC AGA CTC CGA ATA GGA GAT CAA GAG TTT GAT TCA TTG CCT GCT TTA CTG GAA TTC TAC AAA ATA CAC TAT TTG GAC ACT ACA ACG TTG ATA GAA CCA GTT TCC AGA TCC AGG CAG --- --- --- --- --- --- --- --- GGT AGT GGA GTG ATT CTC AGG CAG GAG GAG GCG GAG TAT GTG CGA GCC CTC TTT GAC TTT AAT GGG AAT GAT GAG GAA GAT CTT CCC TTT AAG AAA GGA GAC ATC TTG AGA ATC CGG GAC AAG CCT GAA GAG CAG TGG TGG AAT GCG GAG GAC AGC GAA GGC AAG AGA GGG ATG ATT CCA GTC CCT TAC GTC GAG --- --- --- AAG TAT AGA CCT GCC TCC GCC TCA GTA TCG GCT --- --- --- --- CTG ATT GGA --- --- --- --- GGT AAC CAG GAG GGT TCC CAC CCA CAG --- --- CCA CTG GGT GGG CCG GAG CCT GGG CCC TAT GCC CAA CCC AGC GTC AAC ACT CCG CTC CCT AAC CTC CAG AAT GGG CCC ATA TAT GCC AGG GTT ATC CAG AAG CGA GTC CCC AAT GCC TAC GAC AAG ACA GCC TTG GCT TTG GAG GTC GGT GAG CTG GTA AAG GTT ACG AAG ATT AAT GTG AGT GGT CAG TGG GAA GGG GAG TGT AAT GGC AAA CGA GGT CAC TTC CCA TTC ACA CAT GTC CGT CTG CTG GAT CAA CAG AAT CCC GAT GAG GAC TTC AGC --- --- --- 
Mus musculus                               --- ATG GCG GGC AAC TTC GAC TCG GAG GAG CGG AGT AGC TGG TAC TGG GGC CGC CTG AGC CGG CAG GAG GCG GTG GCG CTA TTG CAG GGC CAG CGG --- CAC --- GGG GTG TTC CTG GTG CGG GAC TCG AGC ACC AGC CCC GGG GAC TAT GTG CTT AGC GTC TCC GAA AAC TCG CGC --- --- --- GTC TCC CAC TAC ATC ATC AAC AGC AGC GGC CCG CGC CCT CCA GTG CCT CCG TCG CCC GCT CAG CCT --- CCG CCG GGA GTG AGT CCC TCC AGG CTC CGA ATA GGA GAT CAA GAA TTT GAT TCA TTG CCT GCT TTA CTG GAA TTC TAC AAA ATA CAC TAT TTG GAC ACT ACA ACA TTG ATA GAA CCA GTG GCC AGA TCA AGG CAG --- --- --- --- --- --- --- --- GGT AGT GGA GTG ATT CTC AGG CAG GAG GAG GCA GAG TAT GTG CGG GCC CTC TTT GAC TTT AAT GGG AAT GAT GAA GAA GAT CTT CCC TTT AAG AAA GGA GAC ATC CTG AGA ATC CGG GAT AAG CCT GAA GAG CAG TGG TGG AAT GCA GAG GAC AGC GAA GGA AAG AGG GGG ATG ATT CCT GTC CCT TAC GTG GAG --- --- --- AAG TAT AGA CCT GCC TCC GCC TCA GTA TCG GCT --- --- --- --- CTG ATT GGA --- --- --- --- GGT AAC CAG GAG GGT TCC CAC CCA CAG --- --- CCA CTG GGT GGG CCG GAG CCT GGG CCC TAT GCC CAA CCC AGC GTC AAC ACT CCG CTC CCT AAC CTC CAG AAT GGG CCC ATT TAT GCC AGG GTT ATC CAG AAG CGA GTC CCT AAT GCC TAC GAC AAG ACA GCC TTG GCT TTG GAG GTC GGT GAG CTG GTA AAG GTT ACG AAG ATT AAT GTG AGT GGT CAG TGG GAA GGG GAG TGT AAT GGC AAA CGA GGT CAC TTC CCA TTC ACA CAT GTC CGT CTG CTG GAT CAA CAG AAT CCC GAT GAG GAC TTC AGC --- --- --- 



Printing out site pattern counts


         7        783  P

Danio rerio                                 --- --- --- --- --- --- --- --- --- --- --- --- AAA AAA AAA AAC AAC AAC AAC AAG AAG AAG AAG AAG AAT AAT AAT AAT AAT AAT AAT ACA ACA ACA ACA ACC ACC ACC ACT ACT ACT AGA AGA AGA AGC AGC AGC AGC AGC AGC AGC AGG AGG AGG AGT ATA ATA ATC ATC ATC ATC ATC ATC ATG ATG ATT ATT ATT ATT CAA CAA CAA CAA CAC CAC CAC CAC CAC CAG CAG CAG CAG CAG CAG CAT CAT CAT CCA CCA CCA CCA CCA CCC CCC CCC CCC CCC CCG CCG CCG CCT CCT CCT CCT CCT CCT CCT CCT CGA CGA CGA CGA CGC CGC CGG CGG CGG CGG CGT CTA CTA CTA CTC CTC CTC CTG CTG CTG CTG CTG CTG CTG CTT CTT CTT CTT CTT GAA GAA GAA GAA GAA GAC GAC GAC GAC GAC GAC GAC GAG GAG GAG GAG GAG GAG GAG GAG GAT GAT GAT GCA GCC GCC GCC GCC GCC GCG GCG GCG GCT GCT GCT GCT GCT GCT GCT GGA GGA GGA GGA GGA GGA GGA GGC GGC GGC GGC GGC GGC GGC GGG GGG GGG GGG GGG GGG GGG GGG GGT GGT GGT GGT GGT GTA GTA GTA GTC GTC GTC GTC GTG GTG GTG GTG GTG GTG GTG GTG GTT GTT GTT GTT TAC TAC TAC TAC TAT TAT TCA TCA TCA TCA TCA TCA TCC TCC TCC TCG TCG TCG TCG TCG TCT TCT TCT TCT TGC TGG TTA TTA TTA TTC TTC TTC TTC TTC TTG TTG TTT TTT TTT
Homo sapiens                                --- AAC AGC CCA CCG CCG CCG CCG CGC GGC GTC GTG AAA AGA CGC AAC AAC AAT AGT AAA AAG AAG AAT AGG --- AAC AAC AAT AAT GAC GCC ACA ACT AGT TCA ACA ACG ACT ACC ACG CCA AGG CGA CGA --- AGC AGT CAC CCC TCC TCG AGG CAG CGG ATT ATC ATC --- AGC AGC ATA ATT ATT ATG CTG AGC ATA ATC GTT CAG CAG CAG CCC --- CAC CAG CAT TCC CAA CAA CAG CAG CCT GAG CAC CAC CGA --- CCC CCC CCC CCT AAT CCA CCC CCC CCT AGG CCT GCC --- CCA CCA CCC CCT CCT CTC TCC AAG AGA AGA CGG CAG CGT AGA CGA CGG CGG AAG CTC GAG TTC CTC CTG TTG CGG CTC CTG CTG CTG TTA TTG CTT GGT GTG TTG TTG GAA GAC GAG GAG GAG GAC GAC GAG GAG GAG GAG GAT GAA GAC GAG GAG GAG GAG GAT GCG GAC GAT GAT GCT GCC GCC GCG GCT TCA --- GCG GTT --- AGC ATT GCC GCC GCG GCT CCG GGA GGA GGC GGC GGG GTG --- GGC GGG GGG GGG GGT GGT AGT GGA GGC GGG GGG GGG GGT GGT --- GGA GGG GGG TCG --- GTA GTG --- CTG GTC GTG ATC GTC GTC GTC GTG GTG GTG GTT AGA ATA ATC GTG TAC TAT TAT TAT TAC TAT --- --- AGC GTA TCC TCC --- CCG TCG --- GCG TCA TCG TCG --- AGC CAG TCC TGT TGG CTC TTG TTG --- CTC TTC TTC TTT CTG TTG TTC TTC TTT
Bos taurus                                  --- AAC AGC CCA CCG CCG CCG CCG CGC GGC GTC GTG AAA AGA CGC AAC AAC AAT AGT AAA AAG AAG AAT AGG --- AAC AAC AAT AAT GAC GCC ACA ACT AGT TCA ACA ACG ACT ACT ACG CCA CGG CGA CGA --- AGC AGT CAC CCC TCC TCG AGG CAG CGG ATT ATC ATC --- AGC AGC ATA ATT ATT ATG CTG AGC ATA ATC GTT CAG CAG CAG CCC --- CAC CAG CAT TCC CAA CAA CAG CAG CCT GAG CAC CAC CGA --- CCC CCC CCC CCT AAT CCA CCC CCT CCT AGG CCT GCC --- CCA CCA CCC CCT CCT CTC TCC AAG AGA AGA CGG CAG CGT AGA CGA CGG CGG AAG CTC GAA TTC CTC TTG TTG CGG CTC CTG CTG CTG TTA TTG CTT GGT GTG CTG TTG GAA GAC GAA GAG GAG GAC GAC GAA GAG GAG GAG GAT GAA GAT GAG GAG GAG GAG GAT GCA GAC GAT GAT GCT GCC GCC GCG GCT TCA --- GCG GTA --- AGT ATT GCC GCC GCG GCT CCG GGA GGA GGC GGC GGG GTG --- GGC GGG GGG GGG GGT GGT AGT GGA GGC GGG GGG GGG GGT GGT --- GGA GGG GGG TCG --- GTA GTG --- CTG GTC GTA ATC GTC GTC GTG GTG GTG GTG GTT AGA ATT ATC GTG TAC TAT TAT TAT TAC TAT --- --- AGC GTA TCC TCC --- CCG TCG --- GCG TCC TCG TCG --- AGC CAG TCC TGT TGG CTC CTG TTG --- CTC TTC TTC TTT CTG TTG TTC TTC TTT
Rattus norvegicus                           --- AAC AGC CCT CCA CCG CCG CCT CGC GGC GTC GTG AAA AGA CGC AAC AAC AAT AGT AAA AAG AAG AAT AGG --- AAC AAC AAT AAT GAC GCT ACA ACT AGT TCA ACA ACG ACT ACC ACA CCA CGC CGA CGG --- AGC AGC CAC CCC TCC TCG AGG CAG CGG ATT ATC ATC --- AGC AGC ATA ATT ATT ATG CTG AGC ATA ATC GTT CAG CAG CAG CCC --- CAC CAG CAT TCC CAA CAA CAG CAG CCT GAG CAC CAC CGA --- CCC CCC CCG CCT AAT CCA CCC CCT CCT AGG CCT GCC --- CCA CCT CCC CCC CCT CTC TCC AAG AGA AGA CGG CAG CGT AGG CGA CGG CGG AAG CTC GAG TTC CTC TTG CTG CGG CTC CTA CTG CTG TTA TTG CTT GGT GTG CTG TTG GAA GAC GAA GAG GAG GAC GAC GAA GAG GAG GAG GAT GAA GAT GAA GAG GAG GAG GAG GCA GAC GAT GAT GCT GCC GCC GCA GCT TCA --- GCG GTT --- AGT ATT GCC GCC GCA GCT CCG GGA GGA GGC GGC GGG GTG --- GGA GGG GGG GGG GGT GGT AGT GGA GGC GGA GGC GGG GGT GGT --- GGA GGG GGG TCG --- GTA GTG --- CTG GTC GTG ATC GTC GTC GTG GTG GTG GTT GTT AGG ATT ATC GTG TAC TAT TAT TAT TAC TAT --- --- AGC GTA TCA TCC --- CCG TCG --- GCG TCC TCG TCG --- AGC CAG TCC TGT TGG CTC TTG TTG --- CTC TTC TTC TTT CTG TTG TTC TTC TTT
Gallus gallus                               --- AAC AGC AGG GGC CCG GCC GGA GCG GGG ATC CGG AAA CGA CGC AAC AGC AAC AGT AAA AAA AAG AAT AGG --- AAC CAG AAC AAT GAC GAG ACA ACT AGT TCA ACA ACG ACT TCC ACC CCA CGG CGA CGA --- AGC AGC CAC GGC TCC GGC CGG CAG CGC ACT ATC GTC --- CTG GGC ATA ATA ATT ATG CTG ATC ATA ATC GTT CAA CAG GGC CCC --- CAC CAG CAT TCC CAA CAG CAA CAG CCT GAA CAC CAC CGT --- CCA CCT CCG CCT AAT CCA CCC CCT CCT AGG CCA GCT --- CCA CCT CCC CCT CCA CTC ACC AAG AAA AGA CGG GGC CGC AGA CGA CGC CGG AAG CTT GAG TTC CTC CTG TTG CGG CTC CTG CTG CTG TTA TTG CTT GGT TTG CTG TTG GAT GAC GAG GAA GAG GAC GAC GAC GAC GAG GAT GAT GAA GAT GAG GAA GAC GAG GAT GTT GAC GAC GAT ACT GCC TCC GCC TCT TCT --- GCG GTT --- AAT ATC GCC GCT GCA GCT GCC GGC GGT GGC GGG GGG GTT --- GGA GGA GGC GGG AGT GGT GGG GGA GGG GGG GGG GGC AAC GGT --- GGA GGA GGG TCT --- GTA ATG --- CTG GTC GTG ATC GTG GTT GTC GTG GTG ACC GTC AGG TTT ATA GTG TAC TAT TGT TTC TAC TAT --- GGG ATG GTA TCC TCT --- CCG TCC --- TCG TCC TCC TCG --- TCG CAG TCG TGT TGG CTC CTG TTG --- TTT TTC TTC TTT CTG TTG TTC TTT TTT
Pan troglodytes                             --- AAC AGC CCA CCG CCG CCG CCG CGC GGC GTC GTG AAA AGA GGC AAC AAC AAT AGT AAA AAG AAG AAT AGG --- AAC AAC AAT AAT GAC GCT ACA ACT AGT TCA ACA ACG ACT NNC ACG CCA CGG CGA CGA --- AGC AGT CAC CCC TCC TCG AGG CAG NNN ATT ATC ATC --- AGC NNN ATA ATT ATT ATG CTG AGC ATA ATC GTT CAG CAG CAG CCC --- CAC CAG CAT TCC CAA CAA CAG CAG CCT GAG CAC NNN CGA --- CCC CCC CCC CCT AAT CCA CCC CCC CCT AGG CCT GCC --- CCA CCA CCC CCT CCT CTC TCC AAG AGA AGA CGG CAG CGT AGA CGA NNN CGG AAG CTC GAG TTC CTC CTG TTG CGG CTC CTG CTG NNN TTA TTG CTT GGT GTG TTG TTG GAA GAC GAG GAG GAG GAC NNN GAG GAG GAG GAG GAT GAA GAC GAG GAG GAG GAG GAT GCG GAC GAT GAT GCT GCC GCC GCG GCT TCA --- GCG GTT --- AGC ATT GCC GCC GCG GCT CCG GGA GGA GGC GGC NNN GTG --- GGC GGG GGG GGG GGT GGT AGT GGA GGC GGG GGG GGG GGT GGT --- GGA GGG GGG TCG --- GTA GTG --- CTG GTC GTG ATC GTC GTC GTC GTG NNN NNN GTT AGA ATA ATC GTG TAC TAT TAT TAT TAC TAT --- --- AGC GTA TCC TCC --- CCG TGG --- GCG TCA TCG NNN --- AGC CAG TCC TGT TGG CTC TTG TTG --- CTC NNN TTC TTT CTG TTG TTC TTC TTT
Mus musculus                                --- AAC AGC CCT CCA CCG CCG CCT CGC GGC GTC GTG AAA AGA CGC AAC AAC AAT AGT AAA AAG AAG AAT AGG --- AAC AAC AAT AAT GAC GCT ACA ACT AGT TCA ACA ACG ACT ACC ACA CCA CGC CGA CGG --- AGC AGC CAC CCC GCC TCG AGG CAG CGG ATT ATC ATC --- AGC AGC ATA ATT ATT ATG CTG AGC ATA ATC GTG CAG CAG CAG CCC --- CAC CAG CAT TCC CAA CAA CAG CAG CCT GAG CAC CAC CGA --- CCC CCC CCG CCT AAT CCA CCC CCT CCT AGG CCT GCC --- CCA CCT CCC CCT CCT CTC TCC AAG AGA AGA CGG CAG CGT AGG CGA CGG CGG AAG CTC GAG TTC CTC TTG TTG CGG CTT CTA CTG CTG TTA TTG CTT GGT GTG CTG TTG GAA GAC GAA GAG GAG GAC GAC GAA GAG GAG GAG GAT GAA GAT GAA GAG GAG GAG GAT GCA GAC GAT GAT GCT GCC GCC GCG GCT TCA --- GCG GTT --- AGT ATT GCC GCC GCA GCT CCG GGA GGA GGC GGC GGG GTG --- GGA GGG GGG GGG GGT GGT AGT GGA GGC GGA GGC GGG GGT GGT --- GGA GGG GGG TCG --- GTA GTG --- CTG GTC GTG ATC GTC GTC GTG GTG GTG GTG GTT AGG ATT ATC GTG TAC TAT TAT TAT TAC TAT --- --- AGC GTA TCA TCC --- CCG TCG --- GCG TCC TCG TCG --- AGC CAG TCC TGT TGG CTC CTG TTG --- CTC TTC TTC TTT CTG TTG TTC TTC TTT



   12    1    1    1    1    2    1    1    1    1    1    1    1    1    1
    2    1    1    1    2    1    5    1    1    1    1    1    1    4    1
    1    1    1    1    1    2    1    1    1    1    1    1    1    1    1
    3    1    1    1    1    1    1    1    1    1    1    1    1    1    1
    1    1    1    2    1    1    2    1    1    1    1    1    1    1    1
    2    1    1    1    2    2    3    1    1    2    1    1    1    1    2
    1    1    1    2    2    1    2    1    1    1    1    1    1    1    1
    1    1    1    1    1    1    1    1    1    1    1    1    1    1    1
    1    1    1    1    1    1    1    1    2    1    1    1    1    1    1
    1    1    1    1    1    1    1    3    1    1    1    2    1    3    5
    1    1    2    1    4    1    1    3    1    1    1    3    1    1    1
    1    1    1    1    1    1    1    1    1    1    1    1    1    1    1
    1    1    1    1    1    2    1    1    1    3    1    1    1    1    1
    1    1    1    1    1    1    1    1    1    1    1    1    1    4    1
    1    1    1    1    1    1    1    1    1    1    1    1    2    3    1
    1    3    1    1    1    1    1    1    1    1    1    1    1    1    1
    1    1    2    1    1    1    1    5    1    1    1    1    1    1    1
    1    2    1    2    1    3

CODONML (in paml version 4.4b, July 2010)  torun.nuc
Model: One dN/dS ratio for branches Global clock 
Codon frequency model: F3x4
ns =   7  ls = 335

Codon usage in sequences
--------------------------------------------------------------------------------------------------------------
Phe TTT  6  4  4  4  7  4 | Ser TCT  5  0  0  0  4  0 | Tyr TAT  4  6  6  6  4  6 | Cys TGT  0  1  1  1  2  1
    TTC  5  6  6  6  6  5 |     TCC  3  6  7  6  8  6 |     TAC  7  5  5  5  5  5 |     TGC  1  0  0  0  0  0
Leu TTA  3  1  1  1  1  1 |     TCA  6  3  2  3  1  3 | *** TAA  0  0  0  0  0  0 | *** TGA  0  0  0  0  0  0
    TTG  3  7  6  6  6  7 |     TCG  5  5  5  5  4  3 |     TAG  0  0  0  0  0  0 | Trp TGG  5  5  5  5  5  6
--------------------------------------------------------------------------------------------------------------
Leu CTT  5  1  1  1  2  1 | Pro CCT  8  7  8 10  9  7 | His CAT  4  1  1  1  1  1 | Arg CGT  1  1  1  1  1  1
    CTC  3  6  6  6  4  6 |     CCC  8 10  9  9  4 10 |     CAC  6  5  5  5  5  4 |     CGC  2  2  2  3  4  1
    CTA  3  0  0  1  0  0 |     CCA  6  6  6  5  7  6 | Gln CAA  4  3  3  3  4  3 |     CGA  4  4  4  3  4  4
    CTG  8  9 10  9 12  8 |     CCG  3  7  7  6  4  7 |     CAG 10 13 13 13 11 13 |     CGG  4  5  6  6  6  4
--------------------------------------------------------------------------------------------------------------
Ile ATT  5  4  5  5  1  4 | Thr ACT  3  2  3  2  4  2 | Asn AAT 10  8  8  8  7  8 | Ser AGT  1  4  5  4  3  4
    ATC  6  5  5  5  6  5 |     ACC  4  1  0  1  3  0 |     AAC  5  6  6  6  7  6 |     AGC  9 10  9 10  6  9
    ATA  2  4  3  3  5  4 |     ACA  4  3  3  4  3  3 | Lys AAA  3  3  3  3  5  3 | Arg AGA  3  5  5  3  2  5
Met ATG  3  2  2  2  4  2 |     ACG  0  2  2  1  1  2 |     AAG 10  8  8  8  7  8 |     AGG  3  4  3  5  4  3
--------------------------------------------------------------------------------------------------------------
Val GTT  4  3  2  4  5  3 | Ala GCT  7  3  3  4  3  4 | Asp GAT  5  6  7  6  8  6 | Gly GGT  5  7  7  7  6  7
    GTC  7  8  7  7  7  8 |     GCC  7  8  8  7  7  7 |     GAC 12 10  9  9 13  9 |     GGC 10  5  5  5 10  6
    GTA  3  2  4  2  2  2 |     GCA  1  0  1  3  1  0 | Glu GAA  5  6  9  9  9  6 |     GGA  7  4  4  6  7  4
    GTG  8  9  9  9  5  7 |     GCG  3  5  4  2  2  5 |     GAG 16 18 15 16 11 18 |     GGG  8 10 10  8 10  9
--------------------------------------------------------------------------------------------------------------

--------------------------------------------------
Phe TTT  4 | Ser TCT  0 | Tyr TAT  6 | Cys TGT  1
    TTC  6 |     TCC  5 |     TAC  5 |     TGC  0
Leu TTA  1 |     TCA  3 | *** TAA  0 | *** TGA  0
    TTG  6 |     TCG  5 |     TAG  0 | Trp TGG  5
--------------------------------------------------
Leu CTT  2 | Pro CCT 11 | His CAT  1 | Arg CGT  1
    CTC  5 |     CCC  8 |     CAC  5 |     CGC  3
    CTA  1 |     CCA  5 | Gln CAA  3 |     CGA  3
    CTG  9 |     CCG  6 |     CAG 13 |     CGG  6
--------------------------------------------------
Ile ATT  5 | Thr ACT  2 | Asn AAT  8 | Ser AGT  4
    ATC  5 |     ACC  1 |     AAC  6 |     AGC 10
    ATA  3 |     ACA  4 | Lys AAA  3 | Arg AGA  3
Met ATG  2 |     ACG  1 |     AAG  8 |     AGG  5
--------------------------------------------------
Val GTT  2 | Ala GCT  4 | Asp GAT  7 | Gly GGT  7
    GTC  7 |     GCC  8 |     GAC  9 |     GGC  5
    GTA  2 |     GCA  2 | Glu GAA  9 |     GGA  6
    GTG 11 |     GCG  3 |     GAG 15 |     GGG  8
--------------------------------------------------

Codon position x base (3x4) table for each sequence.

#1: Danio rerio    
position  1:    T:0.17042    C:0.25402    A:0.22830    G:0.34727
position  2:    T:0.23794    C:0.23473    A:0.32476    G:0.20257
position  3:    T:0.23473    C:0.30547    A:0.17363    G:0.28617
Average         T:0.21436    C:0.26474    A:0.24223    G:0.27867

#2: Homo sapiens   
position  1:    T:0.16118    C:0.26316    A:0.23355    G:0.34211
position  2:    T:0.23355    C:0.22368    A:0.32237    G:0.22039
position  3:    T:0.19079    C:0.30592    A:0.14474    G:0.35855
Average         T:0.19518    C:0.26425    A:0.23355    G:0.30702

#3: Bos taurus     
position  1:    T:0.15789    C:0.26974    A:0.23026    G:0.34211
position  2:    T:0.23355    C:0.22368    A:0.32237    G:0.22039
position  3:    T:0.20395    C:0.29276    A:0.15789    G:0.34539
Average         T:0.19846    C:0.26206    A:0.23684    G:0.30263

#4: Rattus norvegicus
position  1:    T:0.15789    C:0.26974    A:0.23026    G:0.34211
position  2:    T:0.23355    C:0.22368    A:0.32237    G:0.22039
position  3:    T:0.21053    C:0.29605    A:0.16118    G:0.33224
Average         T:0.20066    C:0.26316    A:0.23794    G:0.29825

#5: Gallus gallus  
position  1:    T:0.17377    C:0.25574    A:0.22295    G:0.34754
position  2:    T:0.23934    C:0.21311    A:0.31803    G:0.22951
position  3:    T:0.21967    C:0.31148    A:0.16721    G:0.30164
Average         T:0.21093    C:0.26011    A:0.23607    G:0.29290

#6: Pan troglodytes
position  1:    T:0.16096    C:0.26027    A:0.23288    G:0.34589
position  2:    T:0.22945    C:0.22260    A:0.32877    G:0.21918
position  3:    T:0.20205    C:0.29795    A:0.15068    G:0.34932
Average         T:0.19749    C:0.26027    A:0.23744    G:0.30479

#7: Mus musculus   
position  1:    T:0.15461    C:0.26974    A:0.23026    G:0.34539
position  2:    T:0.23355    C:0.22368    A:0.32237    G:0.22039
position  3:    T:0.21382    C:0.28947    A:0.15789    G:0.33882
Average         T:0.20066    C:0.26096    A:0.23684    G:0.30154

Sums of codon usage counts
------------------------------------------------------------------------------
Phe F TTT      33 | Ser S TCT       9 | Tyr Y TAT      38 | Cys C TGT       7
      TTC      40 |       TCC      41 |       TAC      37 |       TGC       1
Leu L TTA       9 |       TCA      21 | *** * TAA       0 | *** * TGA       0
      TTG      41 |       TCG      32 |       TAG       0 | Trp W TGG      36
------------------------------------------------------------------------------
Leu L CTT      13 | Pro P CCT      60 | His H CAT      10 | Arg R CGT       7
      CTC      36 |       CCC      58 |       CAC      35 |       CGC      17
      CTA       5 |       CCA      41 | Gln Q CAA      23 |       CGA      26
      CTG      65 |       CCG      40 |       CAG      86 |       CGG      37
------------------------------------------------------------------------------
Ile I ATT      29 | Thr T ACT      18 | Asn N AAT      57 | Ser S AGT      25
      ATC      37 |       ACC      10 |       AAC      42 |       AGC      63
      ATA      24 |       ACA      24 | Lys K AAA      23 | Arg R AGA      26
Met M ATG      17 |       ACG       9 |       AAG      57 |       AGG      27
------------------------------------------------------------------------------
Val V GTT      23 | Ala A GCT      28 | Asp D GAT      45 | Gly G GGT      46
      GTC      51 |       GCC      52 |       GAC      71 |       GGC      46
      GTA      17 |       GCA       8 | Glu E GAA      53 |       GGA      38
      GTG      58 |       GCG      24 |       GAG     109 |       GGG      63
------------------------------------------------------------------------------

(Ambiguity data are not used in the counts.)


Codon position x base (3x4) table, overall

position  1:    T:0.16243    C:0.26318    A:0.22976    G:0.34463
position  2:    T:0.23446    C:0.22363    A:0.32298    G:0.21893
position  3:    T:0.21092    C:0.29991    A:0.15913    G:0.33004
Average         T:0.20261    C:0.26224    A:0.23729    G:0.29787

Codon frequencies under model, for use in evolver (TTT TTC TTA TTG ... GGG):
  0.00828843  0.01180361  0.00625332  0.01296917
  0.00790563  0.01125846  0.00596451  0.01237019
  0.01141739  0.01625959  0.00000000  0.00000000
  0.00773919  0.01102144  0.00000000  0.01210976
  0.01342965  0.01912526  0.01013219  0.02101381
  0.01280941  0.01824197  0.00966424  0.02004329
  0.01849948  0.02634524  0.01395720  0.02894673
  0.01253974  0.01785793  0.00946078  0.01962133
  0.01172392  0.01669612  0.00884528  0.01834479
  0.01118245  0.01592501  0.00843676  0.01749754
  0.01614981  0.02299907  0.01218446  0.02527013
  0.01094703  0.01558975  0.00825914  0.01712917
  0.01758588  0.02504417  0.01326792  0.02751719
  0.01677368  0.02388751  0.01265514  0.02624631
  0.02422472  0.03449860  0.01827669  0.03790520
  0.01642055  0.02338462  0.01238872  0.02569376



Nei & Gojobori 1986. dN/dS (dN, dS)
(Pairwise deletion)
(Note: This matrix is not used in later ML. analysis.
Use runmode = -2 for ML pairwise comparison.)

Danio rerio         
Homo sapiens        -1.0000 (0.1711 -1.0000)
Bos taurus          -1.0000 (0.1713 -1.0000) 0.0000 (0.0000 0.0812)
Rattus norvegicus   -1.0000 (0.1697 -1.0000) 0.0168 (0.0029 0.1723) 0.0105 (0.0014 0.1385)
Gallus gallus       -1.0000 (0.1975 -1.0000) 0.1943 (0.0991 0.5102) 0.1953 (0.0984 0.5039) 0.1972 (0.1006 0.5101)
Pan troglodytes     -1.0000 (0.1802 -1.0000) 0.3135 (0.0030 0.0096) 0.0375 (0.0030 0.0802) 0.0266 (0.0045 0.1701) 0.1981 (0.1003 0.5064)
Mus musculus        -1.0000 (0.1744 -1.0000) 0.0174 (0.0029 0.1666) 0.0118 (0.0014 0.1224) 0.0898 (0.0029 0.0323) 0.2018 (0.1009 0.4999) 0.0266 (0.0045 0.1701)


TREE #  1:  (((((2, 6), (7, 4)), 3), 5), 1);   MP score: -1
lnL(ntime:  6  np:  8):  -2770.956914      +0.000000
   8..9     9..10   10..11   11..12   12..2    12..6    11..13   13..7    13..4    10..3     9..5     8..1  
 1.064221 0.356640 0.050865 0.050865 0.007207 0.011820 1.274793 0.078853
SEs for parameters:
 0.110584 0.030651 0.018041 0.008724 0.003613 0.003958 0.177038 0.010740

tree length =   2.60584

(((((2: 0.007207, 6: 0.007207): 0.043658, (7: 0.011820, 4: 0.011820): 0.039045): 0.000000, 3: 0.050865): 0.305775, 5: 0.356640): 0.707581, 1: 1.064221);

(((((Homo sapiens: 0.007207, Pan troglodytes: 0.007207): 0.043658, (Mus musculus: 0.011820, Rattus norvegicus: 0.011820): 0.039045): 0.000000, Bos taurus: 0.050865): 0.305775, Gallus gallus: 0.356640): 0.707581, Danio rerio: 1.064221);

Detailed output identifying parameters

kappa (ts/tv) =  1.27479

omega (dN/dS) =  0.07885

dN & dS for each branch

 branch          t       N       S   dN/dS      dN      dS  N*dN  S*dS

   8..9      0.708   767.3   237.7  0.0789  0.0627  0.7950  48.1 188.9
   9..10     0.306   767.3   237.7  0.0789  0.0271  0.3435  20.8  81.6
  10..11     0.000   767.3   237.7  0.0789  0.0000  0.0000   0.0   0.0
  11..12     0.044   767.3   237.7  0.0789  0.0039  0.0490   3.0  11.7
  12..2      0.007   767.3   237.7  0.0789  0.0006  0.0081   0.5   1.9
  12..6      0.007   767.3   237.7  0.0789  0.0006  0.0081   0.5   1.9
  11..13     0.039   767.3   237.7  0.0789  0.0035  0.0439   2.7  10.4
  13..7      0.012   767.3   237.7  0.0789  0.0010  0.0133   0.8   3.2
  13..4      0.012   767.3   237.7  0.0789  0.0010  0.0133   0.8   3.2
  10..3      0.051   767.3   237.7  0.0789  0.0045  0.0571   3.5  13.6
   9..5      0.357   767.3   237.7  0.0789  0.0316  0.4007  24.2  95.2
   8..1      1.064   767.3   237.7  0.0789  0.0943  1.1956  72.3 284.2

tree length for dN:       0.2308
tree length for dS:       2.9276


Time used:  0:11
