
seed used = 1418810069
      6    867

Bos taurus                                 --- --- --- --- --- --- --- --- --- --- --- --- --- --- --- --- ATG AGC TTT AGC CGT --- --- --- --- --- --- --- --- --- --- --- --- --- --- --- --- --- --- --- --- --- --- --- CTG TAC CGC CTG CTC AAG --- --- --- --- --- --- --- --- --- CCA GCG CTA CTC --- --- TGC GGG GCT CTG GCT GCG CCG GGC CTG GCC AGC ACC --- --- --- --- --- --- ATG TGC GCG TCC CGC GAC GAC TGG CGC TGT GCT CGC TCC ATG CAC GAA TTT TCA GCC AAG GAC ATC GAC GGG CGC ATG GTT AAC CTG GAC AAG TAC CGG GGC CAC GTG TGC ATC GTC ACC AAT GTG GCC TCG CAA TGT GGC AAG ACT GAC GTA AAC TAC ACT CAG CTG GTC GAC CTG CAC GCC CGA TAC GCC GAG TGT --- --- --- GGT TTA CGG ATC CTG GCC TTC CCT TGC AAC CAG TTT GGG AGG CAG GAG CCA GGG AGT AAT GCA GAG ATC AAA GAG TTC GCC GCT --- GGC TAT AAC GTC AAA TTC --- GAT TTG TTC AGC AAG ATC TGT GTA AAT GGG GAC GAC GCC CAC CCT CTG TGG AAA TGG ATG AAA GTC CAG CCC AAG GGG AGA GGC ATG CTG GGA --- AAC GCC ATC AAA TGG AAC TTC ACC AAG TTC CTC ATT GAC AAG AAC GGC TGT GTG GTG AAG CGG TAT GGT CCC ATG GAA GAG CCC CTG GTG ATA GAG AAG GAC CTG CCG TGC TAC CTC --- --- --- --- --- --- --- --- --- --- --- --- --- --- --- --- --- --- --- --- --- --- --- --- --- --- --- --- --- --- 
Mus musculus                               ATG GGC CGC GCG GCC GCC CGC AAG CGG GGA CGC TGC AGA CAG CGC GGC GGA TCC CCG AGA GGC CGG CGA CGC CGT GGA CCT GGA CGC CAA AGT CCT AGG AAA CGC CCG GGC CCT CGG CGA AGG AAA GCG CGC GCG CGC CGC CGC AGG AGG GCG CGC CCT CGC CGG ATG GAG CCC ATT CCT GAA CCT TTC AAC CCG GGG CCT CTG CTG CAA GAG CCT CCC CAG TAC TGC AAC AGC TCC GAG TTC CTG GGC TTG TGT GCA TCC CGC GAT GAT TGG CGC TGT GCG CGC TCC ATG CAC GAA TTC TCA GCC AAG GAC ATC GAC GGG CAC ATG GTC TGC CTG GAT AAG TAC AGG GGT TTC GTG TGC ATC GTC ACC AAC GTG GCC TCG CAA TGT GGC AAA ACT GAC GTA AAC TAC ACT CAG CTA GTC GAT CTG CAT GCC CGA TAT GCT GAG TGT --- --- --- GGT TTA CGA ATC CTG GCC TTC CCC TGC AAC CAG TTT GGG AGG CAG GAG CCA GGA AGT AAT CAA GAA ATC AAG GAG TTT GCA GCC --- GGC TAC AAC GTC AAG TTT --- GAC ATG TAC AGC AAG ATC TGT GTA AAT GGG GAC GAT GCC CAC CCA CTG TGG AAA TGG ATG AAA GTC CAG CCC AAG GGC AGG GGC ATG CTG GGA --- AAT GCC ATC AAA TGG AAC TTT ACC AAG TTT CTC ATT GAT AAG AAC GGC TGC GTG GTG AAG CGC TAT GGT CCC ATG GAG GAG CCC CAG GTG ATA GAG AAG GAC CTG CCG TGC TAT CTC --- --- --- --- --- --- --- --- --- --- --- --- --- --- --- --- --- --- --- --- --- --- --- --- --- --- --- --- --- --- 
Rattus norvegicus                          ATG GGC CGC GCG GCC GCC CGC AAG CGG GGA CGC TGC AGA CAG CGC GGC CGG TCC CCG GGA GGC CGG CGA CGG CGT GAA CCT GGA CGC CAA AGT CCT AGG AAG CGC CCA GGC CCT CGG AGG AGG AGA GCT CGC GCG CGC CGC CGC AGG AGG GCG CGC CCT CGC CGG ATG GAG CCC ATT CCC GAG CCT TTC AAC CCG CGG CCT CTG CTG CAG GAC CTT CCC CAG ACC AGC AAC AGC CAC GAG TTC CTG GGC TTG TGT GCA TCC CGC GAT GAT TGG CGC TGT GCG CGC TCC ATG CAC GAA TTC GCA GCC AAG GAC ATC GAT GGG CAC ATG GTT TGC CTG GAT AAG TAC AGG GGT TGC GTG TGC ATC GTC ACC AAC GTG GCC TCG CAA TGT GGC AAA ACC GAC GTA AAC TAC ACT CAG CTA GTC GAT CTG CAT GCC CGA TAC GCC GAG TGT --- --- --- GGT TTA CGA ATC CTG GCC TTC CCT TGC AAC CAG TTC GGG AGG CAG GAG CCA GGA AGT AAT CAA GAA ATC AAG GAG TTT GCA GCC --- GGC TAC AAT GTC AGG TTT --- GAC ATG TAC AGC AAG ATC TGT GTA AAT GGG GAC GAT GCC CAC CCA CTG TGG AAA TGG ATG AAA GTC CAG CCC AAG GGC AGG GGC ATG CTG GGA --- AAT GCC ATC AAA TGG AAC TTT ACC AAG TTT CTC ATT GAT AAG AAC GGC TGC GTG GTG AAG CGC TAT GGT CCC ATG GAG GAG CCC CAG GTG ATA GAG AAG GAC CTG CCG TGC TAT CTC --- --- --- --- --- --- --- --- --- --- --- --- --- --- --- --- --- --- --- --- --- --- --- --- --- --- --- --- --- --- 
Gallus gallus                              --- --- --- --- --- --- --- --- --- --- --- --- --- --- --- --- --- --- --- --- --- --- --- --- --- --- --- --- --- --- --- --- --- --- --- --- --- --- --- --- --- ATG GGT TGG GGC TGC CGC TGG GGA CGG --- --- --- --- --- --- --- --- --- --- GCG CTG CTG --- --- TGC GGG GCG GCG GCG GTG CGG GGC GCG GCG CGG AGA --- --- --- --- --- --- ATG TGC GCT CAG GCG GAC GAG TGG CGC TCG GCC ACC TCC ATC TAC GAC TTC CAC GCG CGG GAC ATC GAC GGC CGC GAT GTG TCC CTG GAG CAG TAC --- --- --- --- --- --- --- --- --- --- --- --- --- --- --- --- --- --- --- --- --- --- --- --- --- --- --- --- --- --- --- --- --- --- --- --- --- --- --- --- --- --- --- --- --- --- --- --- --- --- --- --- --- --- --- --- --- --- --- --- --- --- --- --- --- --- --- --- --- --- --- --- --- --- --- --- --- --- --- --- --- --- --- --- --- --- --- --- --- --- --- --- --- --- --- --- --- --- --- --- --- --- --- --- --- AGT GCC ATC AAG TGG AAC TTC ACT AAG TTT CTT ATC AAC CGT GAG GGC CAA GTG GTG AAA AGG TAC AGC CCA ATG GAG GAT CCT TAC GTG ATC GAG AAG GAT CTG CCC GCC TAC CTG --- --- --- --- --- --- --- --- --- --- --- --- --- --- --- --- --- --- --- --- --- --- --- --- --- --- --- --- --- --- 
Homo sapiens                               ATG GGC CGC GCG GGC GCA GGC TCC CCC GGG CGC CGC AGG CAG CGG TGC CAG AGC CGG GGC AGG CGG CGG CCG CGA --- --- --- --- --- --- --- --- --- --- --- GCC CCT CGG CGG CGG AAG GCC CCA GCG TGC AGG CGC AGG AGG GCG CGG CGC CGG CGG AAG AAG CCC TGT CCC CGC AGC TTG --- --- CGA CCG GAG ATC CAC GAA TGT CCC AAG TCC CAG GAC --- --- --- --- --- --- CCG TGC GCG TCC CGG GAC GAC TGG CGC TGT GCG CGC TCC ATG CAC GAG TTT TCC GCC AAG GAC ATC GAC GGG CAC ATG GTT AAC CTG GAC AAG TAC CGG GGC TTC GTG TGC ATC GTC ACC AAC GTG GCC TCC CAG TGT GGC AAG ACC GAA GTA AAC TAC ACT CAG CTC GTC GAC CTG CAC GCC CGA TAC GCT GAG TGT --- --- --- GGT TTG CGG ATC CTG GCC TTC CCG TGT AAC CAG TTC GGG AAG CAG GAG CCA GGG AGT AAC GAA GAG ATC AAA GAG TTC GCC GCG --- GGC TAC AAC GTC AAA TTC --- GAT ATG TTC AGC AAG ATC TGC GTG AAC GGG GAC GAC GCC CAC CCG CTG TGG AAG TGG ATG AAG ATC CAA CCC AAG GGC AAG GGC ATC CTG GGA --- AAT GCC ATC AAG TGG AAC TTC ACC AAG TTC CTC ATC GAC AAG AAC GGC TGC GTG GTG AAG CGC TAC GGA CCC ATG GAG GAG CCC CTG GTG ATA GAG AAG GAC CTG CCC CAC TAT TTC --- --- --- --- --- --- --- --- --- --- --- --- --- --- --- --- --- --- --- --- --- --- --- --- --- --- --- --- --- --- 
Pan troglodytes                            ATG GGC CGC GCG GGC GCA CGC TCC CCC GGG CGC CGC AGG CAG CGG TGC CAG AGC CGG GGC AGG CGG CGG CCG CGA --- --- --- --- --- --- --- --- --- --- --- GCC CCT CGG CGG CGG AAG GCC CCA GCG TGC AGG CGC AGG AGG GCG CGG CGC CGG CGG AAG AAG CCC TGT CCC CGC AGC TTG --- --- CGA CCG GAG ATC CAC GAA TGT CCC GAG TCC CAG GAC --- --- --- --- --- --- CCG TGC GCG TCC CGG GAC GAC TGG CGC TGT GCG CGC TCC ATG CAC GAG TTT TCC GCC AAG GAC ATC GAC GGG CAC ATG GTT AAC CTG GAC AAG TAC CGG GGC TTC GTG TGC ATC GTC ACC AAC GTG GCC TCC CAG TGT GGC AAG ACC GAA GTA AAC TAC ACT CAG CTC GTC GAC CTG CAC GCC CGA TAC GCT GAG TGT --- --- --- GGT TTG CGG ATC CTG GCC TTC CCG TGT AAC CAG TTC GGG AAG CAG GAG CCA GGG AGT AAC GAA GAG ATC AAA GAG TTC GCC GCG --- GGC TAC AAC GTC AAA TTC --- GAT ATG TTC AGC AAG ATC TGC GTG AAC GGG GAT GAC GCC CAC CCG CTG TGG AAG TGG ATG AAG ATC CAA CCC AAG GGC AAG GGC ATC CTG GGA --- AAT GCC ATC AAG TGG AAC TTC ACC AAG TTC CTC ATC GAC AAG AAC GGC TGC GTG GTG AAG CGC TAC GGA CCC ATG GAG GAG CCC CTG GTG ATA GAG AAG GAC CTG CCC CAC TAT TTC --- --- --- --- --- --- --- --- --- --- --- --- --- --- --- --- --- --- --- --- --- --- --- --- --- --- --- --- --- --- 



Printing out site pattern counts


         6        636  P

Bos taurus                                  --- --- --- --- --- --- --- --- --- --- --- --- --- --- --- --- --- --- --- --- --- --- --- --- --- --- --- --- --- --- --- --- --- --- --- --- --- --- --- --- --- --- --- --- --- --- --- --- --- AAA AAA AAA AAA AAC AAC AAC AAC AAC AAC AAG AAG AAG AAG AAG AAG AAG AAG AAT AAT ACC ACC ACC ACT ACT AGA AGC AGC AGC AGC AGG AGT ATA ATC ATC ATG ATG ATG ATG ATG ATG ATG ATT CAA CAC CAC CAC CAC CAG CAG CCA CCA CCC CCC CCC CCG CCG CCT CCT CGA CGC CGC CGC CGC CGC CGG CGG CGG CGT CTA CTC CTC CTC CTC CTG CTG CTG CTG CTG CTG CTG CTG GAA GAA GAC GAC GAC GAC GAC GAC GAC GAC GAC GAG GAG GAG GAG GAT GCA GCC GCC GCC GCC GCC GCC GCG GCG GCG GCT GCT GCT GCT GGA GGC GGC GGC GGC GGG GGG GGG GGG GGG GGT GGT GTA GTA GTC GTC GTG GTG GTT TAC TAC TAC TAC TAC TAT TAT TCA TCC TCC TCG TGC TGC TGC TGC TGC TGG TGG TGT TGT TGT TGT TTA TTC TTC TTC TTC TTC TTG TTT TTT TTT
Mus musculus                                --- AAA AAA AAC AAG AGA AGC AGG AGG AGT ATG ATG ATT CAA CAG CCC CCG CCG CCT CCT CCT CGA CGA CGC CGC CGC CGC CGC CGC CGG CGG CGT CTG GAG GAG GCC GCC GCG GCG GGA GGA GGA GGC GGC GGC GGC TCC TGC TTC AAA AAA AAG AAG AAC AAC AAC AAC AAT TGC AAA AAG AAG AAG AAG AAG AAG AGG AAC AAT AAC ACC ACC ACT ACT AGG AGA AGC TCC TGC AGG AGT ATA ATC ATC ATG ATG ATG ATG ATG GGA TTG ATT CAA CAC CAC CAT TTC CAG CAG CCA CCT CCC CCC CCC CCG CCT CCA CCC CGA CAC CGC CGC CGC CGC AGG CGA CGC GGC CCT AGG CTC CTC TTC CAG CAG CGC CTA CTG CTG CTG GCG GAA GAG GAC GAC GAC GAC GAC GAT GAT GAT GAT GAA GAG GAG GAG GAC CAA GCA GCC GCC GCC GCT TAC GAA GAG GCA CAA CTG GCC GCG GGA CCC GGC GGC GGT CCT GGA GGC GGG GGG GGT GGT GTA GTA GTC GTC GTG GTG GTC CGC TAC TAC TAT TAT TAC TAT TCA TCC TCC TCG GGG TGC TGC TGC TGT TGG TGG TGC TGT TGT TGT TTA TAC TTC TTT TTT TTT ATG CCG TTC TTT
Rattus norvegicus                           --- AAG AGA AAC AAG AGA AGC AGG AGG AGT ATG ATG ATT CAA CAG CCC CCA CCG CCT CCT CCT AGG CGA CGC CGC CGC CGC CGC CGG CGG CGG CGT CTG GAG GAG GCC GCC GCG GCT GAA GGA GGA GGC GGC GGC GGC CAC TGC TTC AAA AAA AAG AGG AAC AAC AAC AAT AAT TGC AAA AAG AAG AAG AAG AAG AAG AGG AAC AAT AAC ACC ACC ACC ACT AGG GGA AGC TCC AGC AGG AGT ATA ATC ATC ATG ATG ATG ATG ATG CGG TTG ATT CAA CAC CAC CAT TGC CAG CAG CCA CCC CCC CCC CCC CCG CTT CCA CCT CGA CAC CGC CGC CGC CGC AGG CGA CGC GGC CCT AGG CTC CTC TTC CAG CAG CGC CTA CTG CTG CTG GCG GAA GAG GAC GAC GAC GAC GAT GAT GAT GAT GAT GAA GAG GAG GAG GAC CAA GCA GCC GCC GCC GCC ACC GAG GAC GCA CAG CTG GCC GCG GGA CCC GGC GGC GGT CCT GGA GGC GGG GGG GGT GGT GTA GTA GTC GTC GTG GTG GTT CGC TAC TAC TAC TAT TAC TAT GCA TCC TCC TCG CGG TGC TGC TGC TGT TGG TGG TGC TGT TGT TGT TTA TAC TTC TTT TTT TTT ATG CCG TTC TTC
Gallus gallus                               --- --- ATG --- --- --- --- --- --- --- --- --- --- --- --- --- --- --- --- --- --- --- --- --- --- --- --- TGG --- --- --- --- --- --- --- --- --- --- GGT --- --- --- --- --- --- --- --- --- --- --- AAG --- --- --- AAC GAG --- AGT TCC --- --- AAA AAG CAG CGG CGT CGG --- --- AGA --- ACT --- --- --- --- --- --- CGG --- --- ATC --- ATC --- --- ATC ATG GAT --- ATG ATC --- --- TAC --- --- --- --- --- --- --- CCA CCT CCC CGG --- --- --- CGC ACC CGC CGC GCG --- --- AGG --- CTG GGA CTG CTT CTG GCG TAC TGG --- --- CTG GCG GGC GAC GAG --- --- GAC GAT GAC --- AAC GAC GAG --- --- GAG GAT --- --- --- --- GCC GCG --- GCG GCG GTG GCT GCG GCG --- GCC --- GGC --- GGC --- GGG --- --- --- GGC --- AGC --- --- --- --- --- GTG GTG TGC --- TAC --- TAC --- TAC CAC CAG TCC --- TGC --- --- GCC TGC --- TGG CAA --- --- TCG --- --- --- --- TTC TTT --- --- TTC ---
Homo sapiens                                --- --- AAG --- TCC AGG --- --- CGG --- AAG ATG TGT --- CAG CCC --- --- --- CCT CGC CGG CGG --- CGC CGG GGC CCA CCG CCC CGG CGA --- --- AAG GCA GGC GCG GCC --- --- GGG --- GCC GGC TGC --- CGC --- AAG AAG AAA AAA AAC AAC AAC AAC AAT AAC AAG AAG AAG AAG AAG AAG AAG AGG AAC AAC GAC ACC ACC ACC ACT AAG GGC AGC AGC CAG AAG AGT ATA ATC ATC ATC ATG ATG ATG ATG CAG CCG ATC CAG CAC CAC CAC TTC CAA CAG CCA CCC CCC CCC CCC CCC TGT CCG CCG CGA CAC CGC AGG CGC CGG CGG CGG CGC AGG AGC AGG TTC CTC TTG AAG CTG CGC CTC CTG CTG ATC GCG GAG GAG GAA GAC GAC GAC GAC GAC GAC GAC GAC GAG GAG GAG GAG GAT GAA GCC GCC GCC GCC GCT TCC CGC GAA GCG CAC GAG GCG GCG GGA CCC GGC GGC GGC CCG GGG GGC GGG GGG GGT GGA GTA GTG ATC GTC GTG GTG GTT TGC TAC TAC TAC TAT TAC TAC TCC TCC TCC TCC CGA TGC TGT CAC TGC TGG TGG TGC TGC TGT TGT TTG TTC TTC TTC TTC TTC ATG CGG TTT TTC
Pan troglodytes                             --- --- AAG --- TCC AGG --- --- CGG --- AAG ATG TGT --- CAG CCC --- --- --- CCT CGC CGG CGG --- CGC CGG CGC CCA CCG CCC CGG CGA --- --- AAG GCA GGC GCG GCC --- --- GGG --- GCC GGC TGC --- CGC --- AAG AAG AAA AAA AAC AAC AAC AAC AAT AAC AAG AAG AAG AAG AAG AAG AAG AGG AAC AAC GAC ACC ACC ACC ACT AAG GGC AGC AGC CAG AAG AGT ATA ATC ATC ATC ATG ATG ATG ATG CAG CCG ATC CAG CAC CAC CAC TTC CAA CAG CCA CCC CCC CCC CCC CCC TGT CCG CCG CGA CAC CGC AGG CGC CGG CGG CGG CGC AGG AGC AGG TTC CTC TTG GAG CTG CGC CTC CTG CTG ATC GCG GAG GAG GAA GAT GAC GAC GAC GAC GAC GAC GAC GAG GAG GAG GAG GAT GAA GCC GCC GCC GCC GCT TCC CGC GAA GCG CAC GAG GCG GCG GGA CCC GGC GGC GGC CCG GGG GGC GGG GGG GGT GGA GTA GTG ATC GTC GTG GTG GTT TGC TAC TAC TAC TAT TAC TAC TCC TCC TCC TCC CGA TGC TGT CAC TGC TGG TGG TGC TGC TGT TGT TTG TTC TTC TTC TTC TTC ATG CGG TTT TTC



   36    1    1    1    1    1    1    1    1    1    1    1    1    1    1
    1    1    1    2    1    1    1    1    2    2    3    1    1    1    1
    3    1    1    1    1    1    1    2    1    1    1    1    1    1    1
    1    1    1    1    2    1    1    1    2    1    1    1    1    1    1
    2    1    2    1    1    1    1    1    2    1    1    1    1    1    1
    1    1    1    1    1    1    1    4    2    1    1    1    1    1    1
    1    1    1    1    1    1    1    1    3    1    1    1    1    1    1
    1    1    1    1    1    1    1    1    1    1    1    1    1    1    1
    1    1    1    1    1    1    1    4    2    1    1    1    1    1    1
    1    1    1    2    1    1    2    1    3    1    1    1    1    1    4
    1    1    1    1    1    1    1    1    1    1    1    1    1    3    1
    1    1    1    1    2    1    1    1    1    1    1    3    2    3    1
    1    1    1    1    1    1    1    1    1    1    1    1    1    1    1
    1    2    2    1    1    2    1    1    1    1    2    1    1    1    1
    1    1

CODONML (in paml version 4.4b, July 2010)  torun.nuc
Model: One dN/dS ratio for branches Global clock 
Codon frequency model: F3x4
ns =   6  ls = 289

Codon usage in sequences
--------------------------------------------------------------------------------------------------------------
Phe TTT  3  5  4  1  1  1 | Ser TCT  0  0  0  0  0  0 | Tyr TAT  2  3  2  0  1  1 | Cys TGT  5  5  5  0  6  6
    TTC  6  5  5  2  9  9 |     TCC  2  4  3  2  6  6 |     TAC  5  5  5  5  5  5 |     TGC  5  7  7  3  6  6
Leu TTA  1  1  1  0  0  0 |     TCA  1  1  0  0  0  0 | *** TAA  0  0  0  0  0  0 | *** TGA  0  0  0  0  0  0
    TTG  1  1  1  0  2  2 |     TCG  1  1  1  1  0  0 |     TAG  0  0  0  0  0  0 | Trp TGG  4  4  4  4  4  4
--------------------------------------------------------------------------------------------------------------
Leu CTT  0  0  1  1  0  0 | Pro CCT  2  8  7  1  1  1 | His CAT  0  1  1  0  0  0 | Arg CGT  1  1  1  1  0  0
    CTC  4  2  2  0  2  2 |     CCC  3  6  6  1  8  8 |     CAC  4  3  4  1  6  6 |     CGC  5 17 16  3  9 10
    CTA  1  1  1  0  0  0 |     CCA  2  2  3  1  2  2 | Gln CAA  1  4  3  1  1  1 |     CGA  1  4  3  0  3  3
    CTG 12  9  9  5  7  7 |     CCG  2  4  3  0  5  5 |     CAG  4  7  8  2  7  7 |     CGG  3  4  7  4 13 13
--------------------------------------------------------------------------------------------------------------
Ile ATT  1  2  2  0  0  0 | Thr ACT  2  2  1  1  1  1 | Asn AAT  3  3  4  0  1  1 | Ser AGT  1  2  2  1  1  1
    ATC  6  6  6  5 10 10 |     ACC  3  2  4  1  3  3 |     AAC  7  8  7  2  9  9 |     AGC  4  2  3  1  3  3
    ATA  1  1  1  0  1  1 |     ACA  0  0  0  0  0  0 | Lys AAA  5  6  4  1  2  2 | Arg AGA  1  2  2  1  0  0
Met ATG  7  8  8  3  6  6 |     ACG  0  0  0  0  0  0 |     AAG 10 11 11  3 18 17 |     AGG  1  7  9  1  5  5
--------------------------------------------------------------------------------------------------------------
Val GTT  1  0  1  0  1  1 | Ala GCT  4  1  1  1  1  1 | Asp GAT  1  6  7  3  1  2 | Gly GGT  2  3  3  1  1  1
    GTC  4  5  4  0  3  3 |     GCC  9  9 10  3  9  9 |     GAC 11  6  6  4 11 10 |     GGC  6 10 10  4 10  9
    GTA  2  2  2  0  1  1 |     GCA  1  2  3  0  1  1 | Glu GAA  2  3  3  0  3  3 |     GGA  1  6  5  1  2  2
    GTG  5  5  5  5  6  6 |     GCG  3  5  4  8  6  6 |     GAG  6  9  9  5  9 10 |     GGG  6  4  3  1  5  5
--------------------------------------------------------------------------------------------------------------

Codon position x base (3x4) table for each sequence.

#1: Bos taurus     
position  1:    T:0.18274    C:0.22843    A:0.26396    G:0.32487
position  2:    T:0.27919    C:0.17766    A:0.30964    G:0.23350
position  3:    T:0.14213    C:0.42640    A:0.10152    G:0.32995
Average         T:0.20135    C:0.27750    A:0.22504    G:0.29611

#2: Mus musculus   
position  1:    T:0.16601    C:0.28854    A:0.24506    G:0.30040
position  2:    T:0.20949    C:0.18577    A:0.29644    G:0.30830
position  3:    T:0.16601    C:0.38340    A:0.13834    G:0.31225
Average         T:0.18050    C:0.28590    A:0.22661    G:0.30698

#3: Rattus norvegicus
position  1:    T:0.15020    C:0.29644    A:0.25296    G:0.30040
position  2:    T:0.20949    C:0.18182    A:0.29249    G:0.31621
position  3:    T:0.16601    C:0.38735    A:0.12253    G:0.32411
Average         T:0.17523    C:0.28854    A:0.22266    G:0.31357

#4: Gallus gallus  
position  1:    T:0.18947    C:0.22105    A:0.21053    G:0.37895
position  2:    T:0.23158    C:0.21053    A:0.28421    G:0.27368
position  3:    T:0.11579    C:0.38947    A:0.05263    G:0.44211
Average         T:0.17895    C:0.27368    A:0.18246    G:0.36491

#5: Homo sapiens   
position  1:    T:0.17094    C:0.27350    A:0.25641    G:0.29915
position  2:    T:0.20940    C:0.18376    A:0.31624    G:0.29060
position  3:    T:0.06838    C:0.46581    A:0.06838    G:0.39744
Average         T:0.14957    C:0.30769    A:0.21368    G:0.32906

#6: Pan troglodytes
position  1:    T:0.17094    C:0.27778    A:0.25214    G:0.29915
position  2:    T:0.20940    C:0.18376    A:0.31624    G:0.29060
position  3:    T:0.07265    C:0.46154    A:0.06838    G:0.39744
Average         T:0.15100    C:0.30769    A:0.21225    G:0.32906

Sums of codon usage counts
------------------------------------------------------------------------------
Phe F TTT      15 | Ser S TCT       0 | Tyr Y TAT       9 | Cys C TGT      27
      TTC      36 |       TCC      23 |       TAC      30 |       TGC      34
Leu L TTA       3 |       TCA       2 | *** * TAA       0 | *** * TGA       0
      TTG       7 |       TCG       4 |       TAG       0 | Trp W TGG      24
------------------------------------------------------------------------------
Leu L CTT       2 | Pro P CCT      20 | His H CAT       2 | Arg R CGT       4
      CTC      12 |       CCC      32 |       CAC      24 |       CGC      60
      CTA       3 |       CCA      12 | Gln Q CAA      11 |       CGA      14
      CTG      49 |       CCG      19 |       CAG      35 |       CGG      44
------------------------------------------------------------------------------
Ile I ATT       5 | Thr T ACT       8 | Asn N AAT      12 | Ser S AGT       8
      ATC      43 |       ACC      16 |       AAC      42 |       AGC      16
      ATA       5 |       ACA       0 | Lys K AAA      20 | Arg R AGA       6
Met M ATG      38 |       ACG       0 |       AAG      70 |       AGG      28
------------------------------------------------------------------------------
Val V GTT       4 | Ala A GCT       9 | Asp D GAT      20 | Gly G GGT      11
      GTC      19 |       GCC      49 |       GAC      48 |       GGC      49
      GTA       8 |       GCA       8 | Glu E GAA      14 |       GGA      17
      GTG      32 |       GCG      32 |       GAG      48 |       GGG      24
------------------------------------------------------------------------------

(Ambiguity data are not used in the counts.)


Codon position x base (3x4) table, overall

position  1:    T:0.16904    C:0.27093    A:0.25039    G:0.30964
position  2:    T:0.22196    C:0.18483    A:0.30411    G:0.28910
position  3:    T:0.12322    C:0.42101    A:0.09716    G:0.35861
Average         T:0.17141    C:0.29226    A:0.21722    G:0.31912

Codon frequencies under model, for use in evolver (TTT TTC TTA TTG ... GGG):
  0.00475725  0.01625395  0.00375091  0.01384483
  0.00396156  0.01353532  0.00312353  0.01152914
  0.00651794  0.02226964  0.00000000  0.00000000
  0.00619628  0.02117062  0.00000000  0.01803276
  0.00762494  0.02605189  0.00601197  0.02219054
  0.00634960  0.02169445  0.00500641  0.01847895
  0.01044699  0.03569387  0.00823705  0.03040341
  0.00993142  0.03393235  0.00783054  0.02890298
  0.00704696  0.02407711  0.00555626  0.02050846
  0.00586829  0.02004998  0.00462692  0.01707822
  0.00965509  0.03298821  0.00761266  0.02809877
  0.00917860  0.03136022  0.00723697  0.02671208
  0.00871422  0.02977359  0.00687083  0.02536062
  0.00725668  0.02479366  0.00572161  0.02111880
  0.01193941  0.04079299  0.00941377  0.03474675
  0.01135019  0.03877983  0.00894919  0.03303198



Nei & Gojobori 1986. dN/dS (dN, dS)
(Pairwise deletion)
(Note: This matrix is not used in later ML. analysis.
Use runmode = -2 for ML pairwise comparison.)

Bos taurus          
Mus musculus         0.1994 (0.1098 0.5508)
Rattus norvegicus    0.2078 (0.1130 0.5436) 0.2465 (0.0264 0.1070)
Gallus gallus        0.3029 (0.3190 1.0534) 0.3089 (0.4349 1.4081) 0.3319 (0.4280 1.2898)
Homo sapiens         0.2584 (0.1325 0.5130) 0.1619 (0.1184 0.7309) 0.1847 (0.1216 0.6587) 0.4906 (0.4641 0.9460)
Pan troglodytes      0.2510 (0.1325 0.5281) 0.1555 (0.1162 0.7471) 0.1774 (0.1194 0.6733) 0.4817 (0.4557 0.9460) 0.6145 (0.0037 0.0061)


TREE #  1:  ((((5, 6), (2, 3)), 1), 4);   MP score: -1
check convergence..
lnL(ntime:  5  np:  7):  -2167.599873      +0.000000
   7..8     8..9     9..10   10..5    10..6     9..11   11..2    11..3     8..1     7..4  
 1.332899 0.438652 0.368465 0.006263 0.068218 1.829882 0.123873
SEs for parameters:
 0.167956 0.032198 0.031316 0.003682 0.011396 0.293341 0.015871

tree length =   3.54739

((((5: 0.006263, 6: 0.006263): 0.362202, (2: 0.068218, 3: 0.068218): 0.300247): 0.070187, 1: 0.438652): 0.894247, 4: 1.332899);

((((Homo sapiens: 0.006263, Pan troglodytes: 0.006263): 0.362202, (Mus musculus: 0.068218, Rattus norvegicus: 0.068218): 0.300247): 0.070187, Bos taurus: 0.438652): 0.894247, Gallus gallus: 1.332899);

Detailed output identifying parameters

kappa (ts/tv) =  1.82988

omega (dN/dS) =  0.12387

dN & dS for each branch

 branch          t       N       S   dN/dS      dN      dS  N*dN  S*dS

   7..8      0.894   705.0   162.0  0.1239  0.1284  1.0364  90.5 167.9
   8..9      0.070   705.0   162.0  0.1239  0.0101  0.0813   7.1  13.2
   9..10     0.362   705.0   162.0  0.1239  0.0520  0.4198  36.7  68.0
  10..5      0.006   705.0   162.0  0.1239  0.0009  0.0073   0.6   1.2
  10..6      0.006   705.0   162.0  0.1239  0.0009  0.0073   0.6   1.2
   9..11     0.300   705.0   162.0  0.1239  0.0431  0.3480  30.4  56.4
  11..2      0.068   705.0   162.0  0.1239  0.0098  0.0791   6.9  12.8
  11..3      0.068   705.0   162.0  0.1239  0.0098  0.0791   6.9  12.8
   8..1      0.439   705.0   162.0  0.1239  0.0630  0.5084  44.4  82.4
   7..4      1.333   705.0   162.0  0.1239  0.1913  1.5447 134.9 250.3

tree length for dN:       0.5093
tree length for dS:       4.1111


Time used:  0:05
