
seed used = 1418776981
      6    840

Homo sapiens                               --- --- --- --- ATG TGC AGC GGT GCT GGG GTC ATG ATG GCT CGG TGG GCA GCG AGG GGC CGG GCC GGC TGG AGG AGC ACA GTG CGG ATT --- --- --- --- --- --- --- --- --- --- --- --- --- --- --- --- --- --- --- --- --- --- --- --- --- --- --- --- --- --- CTG TCG CCA CTG GGA CAC TGT GAA CCA GGA GTG AGT CGG AGC TGC CGC GCT GCC CAG GCC ATG GAC TGT GAG GTC AAC AAC GGT TCC AGC CTC AGG GAT GAG TGC ATC ACA AAC CTA CTG GTG TTT GGC TTC CTC CAA AGC TGT TCT GAC AAC AGC TTC CGC AGA GAG CTG GAC GCA CTG GGC CAC GAG --- --- CTG CCA GTG CTG GCT CCC CAG TGG GAG GGC --- --- TAC GAT GAG CTG CAG ACT GAT GGC AAC CGC AGC AGC CAC TCC --- CGC TTG GGA AGA ATA GAG GCA GAT TCT GAA AGT CAA GAA GAC ATC ATC CGG AAT ATT GCC AGG CAC CTC GCC CAG GTC GGG GAC AGC ATG GAC CGT AGC ATC CCT CCG GGC CTG GTG AAC GGC CTG GCC CTG CAG CTC AGG AAC ACC AGC CGG TCG GAG GAG GAC CGG AAC AGG GAC CTG GCC ACT GCC CTG GAG CAG CTG CTG CAG GCC TAC CCT AGA GAC ATG GAG AAG GAG AAG ACC ATG CTG GTG CTG GCC CTG CTG CTG GCC AAG AAG GTG GCC AGT CAC ACG CCG TCC TTG CTC CGT GAT GTC TTT CAC ACA ACA GTG AAT TTT ATT AAC CAG AAC CTA CGC ACC TAC GTG AGG AGC TTA GCC AGA AAT GGG ATG GAC 
Pan troglodytes                            --- --- --- --- ATG TGC AGC GGG GCT GGG GTC ATG ATG GCT CGG TGG GCA GCG AGG GGC CGG GCC GGC TGG AGG AGC ACA GTG CGG ATT --- --- --- --- --- --- --- --- --- --- --- --- --- --- --- --- --- --- --- --- --- --- --- --- --- --- --- --- --- --- CTG TCG CCA CTG GGA CAC TGT GAA CCA GGA GTG AGT CGG AGC TGC CGC GCT GCC CAG GCC ATG GAC TGT GAG GTC AAC AAC GGT TCC AGC CTC AGG GAT GAG TGC ATC ACA AAC CTA CTG GTG TTT GGC TTC CTC CAA AGC TGC TCT GAC AAC AGC TTC CGC AGA GAG CTG GAT GCA CTG GGC CAC GAG --- --- CTG CCA GTG CTG GCT CCC CAG TGG GAG GGC --- --- TAC GAT GAG CTG CAG ACT GAC GGC AAC CGC AGC AGC CAC TCC --- CGC TTG GGA AGA ATA GAG GCA GAT TCT GAA AGT CAA GAA GAC ATC ATC CGG AAT ATT GCC AGG CAC CTC GCC CAG GTC GGG GAC AGC ATG GAC CGT AGC ATC CCT CCG GGC CTG GTG AAC GGC CTG GCC CTG CAG CTC AGG AAC ACC AGC CGG TCG GAG GAG GAC CGG AAC AGG GAC CTG GCC ACT GCC CTG GAG CAG CTG CTG CAG GCC TAC CCT AGA GAC ATG GAG AAG GAG AAG ACC ATG CTG GTG CTG GCC CTG CTG CTG GCC AAG AAG GTG GCC AGT CAC ACG CCG TCC TTG CTC CGT GAT GTC TTT CAC ACA ACA GTG AAT TTT ATT AAC CAG AAC CTA CGC ACC TAC GTG AGG AGC TTA GCC AGA AAT GGG ATG GAC 
Gallus gallus                              --- --- --- --- --- --- --- --- --- --- --- --- --- --- --- --- --- --- --- --- --- --- --- --- --- --- --- --- --- --- --- --- --- --- --- --- --- --- --- --- --- --- --- --- --- --- --- --- --- --- --- --- --- --- --- --- --- --- --- --- --- --- --- --- --- --- --- --- --- --- --- --- --- --- --- --- --- --- --- --- ATG GAA CAG GAT ATC TAT AGT AAT --- --- --- GGA TCT GAC CAT ATG GAG CGC ATG CTT CTC TTT GCT TTC CTG GCG GAG TCC TCT GGC TGT GAG TTC AAA GAG CAG CTG CCA TCC CTA CAA AGC CAG GGC GTC TTG TGT TCT GTT AAA GAT GCT CTC TGT TAC GAT AGT GAT GGG GAA CTT CAG ACC GAT GGG AAT CGA AGT GGC CAC TTG --- CAG AAT GGT GAG CTA GTG CCT GAC CCT GAG GTA AAT GAA GCA ATT GTC CGG ACC ATT GCT GCT CAG CTT GCT GAG ATC GGA GAC CAG CTG GAT AAA CAA ATC AAA GCA AAA GTA GTA AAT GAT CTA GTG CAA CAT TTT CTG AAT GAG AAT CTG CCT AGA GAG GAG ATA ACA CGG TGC CTG TCA CAG GCA GTG GAA GGA CTT GCC AGA GCC ATC CCA TCA GAT CTG GAG CAA GAG AAG GCC ATG TTG GTG CTA GCA ATG CTC TTA ACT AAG AAA GTG GCA AAT CAA ATG CCT TCC CTT CTA CAG CGT GTC TTC AGC ACC ACT GTG AAC TAC ATC AGC CAA CAC TTC CAC AAC TAC ATT GTC AGA ATG CTG CGT GAG --- --- --- 
Canis lupus familiaris                     ATG GAG GAT AGC GTG TGT AAA AGG CAT GAG ATA AGA CAG AGC TTG GAA AAT TCA GCA CAT AGA GGA TGT TGG AGA GTT ACA TTT AAA GTA GCA GAT GAG AGT GTT CAA GCC TTA GTC ACT TTA ACA CAG CCA CAC AAA GAA TCT GGA AAT ACA GTG CCA GAA CTG GCT GGT GGG TGG CCG CTG ACT TGG GAC GTC CAC AGA GCC AGA AGC AAG TCA GAG CCC CGC AAG GCT GCC CGT GCC ATG GAA TCT AAG GTG AGC AAT GGC TCA GGC CCC CAG GAT GAG CGT ATC ACC AAT TTG CTA GTG TTT GGC TTC CTC CAA AAC TGC TCC AAC TAT AAC CTC CAT GAA GAG TTG GAG CTG TTG GGC CAT GAA --- --- CTG CCC GTG CCA GCT --- TAC CTG AAG GAG GAC CAC GAC AAT GAG CTA CAG ACA GAT GGC AAC CGG TGC AGC TAC TTC --- --- CTG GAT GGT GGG GTG AGA GAT TCA GAA AGT CAA GAA GAA ATC ATC CAG GAT ATC GCC AGG CAG CTG GCA CAA ATA GGG GAT AGG ATG GAT CAC AGC ATC CAC CCA GGA CTG GTG AAT AAC CTG GCA ATG CAG TTT ATG AAT GTG AAC CTA TCG GAA GAA GAC AGA AGG AAG CAT CTC GCT GCT GTG CTT GAG CAG GCC ATG CAG ACT TAT CCT AAG GAC ACG GAA AAG GAG AAG ACC ATG CTG ATG TTG GCC ATG CTG TTG GCC AAG AAG GTG GCC GAC CAC ACC CCA TCC TTG CTC TGT GAC GTC TTT CAC ACA ATA ATG AAC TTT ATT AGC CAG AAC CTG CTC ACC TAT GTG AGA AAC TTA GTC AGA AAT GAG ATG GAT 
Mus musculus                               --- --- --- --- --- --- --- --- --- --- --- --- --- --- --- --- --- --- --- --- --- --- --- --- --- --- --- --- --- --- --- --- --- --- --- --- --- --- --- --- --- --- --- --- --- --- --- --- --- --- --- --- --- --- --- --- --- --- --- --- --- --- --- --- --- --- --- --- --- --- --- --- --- --- --- --- --- --- --- --- ATG GAC TCT GAG GTC AGC AAC GGT TCC GGC CTG GGG GCC GAG CAC ATC ACA GAC CTG CTG GTG TTC GGC TTT CTC CAA AGC --- TCT GGC TGT ACT --- CGC CAA GAG CTG GAG GTG CTG GGT CGG GAA --- --- CTG CCT GTG CAA GCT --- TAC TGG GAG GCA GAC CTC GAA GAC GAG CTG CAG ACA GAT GGC AGC CAG GCC AGC CGC TCC TTC AAC CAA GGA AGA ATA GAG CCA GAT TCT GAA AGT CAG GAA GAA ATC ATC CAC AAC ATT GCC AGA CAT CTC GCC CAA ATA GGC GAT GAG ATG GAC CAC AAC ATC CAG CCC ACA CTG GTG AGA CAG CTA GCC GCA CAG TTC ATG AAT GGC AGC CTG TCG GAG GAA GAC AAA AGG AAC TGC CTG GCC AAA GCC CTT GAT GAG GTG AAG ACA GCC TTC CCC AGA GAC ATG GAG AAC GAC AAG GCC ATG CTG ATA ATG ACC ATG CTG TTG GCC AAA AAA GTG GCC AGT CAC GCA CCA TCT TTG CTC CGT GAT GTC TTC CAC ACG ACT GTC AAC TTT ATT AAC CAG AAC CTA TTC TCC TAT GTG AGG AAC TTG GTT AGA AAC GAG ATG GAC 
Rattus norvegicus                          --- --- --- --- --- --- --- --- --- --- --- --- --- --- --- --- --- --- --- --- --- --- --- --- --- --- --- --- --- --- --- --- --- --- --- --- --- --- --- --- --- --- --- --- --- --- --- --- --- --- --- --- --- --- --- --- --- --- --- --- --- --- --- --- --- --- --- --- --- --- --- --- --- --- --- --- --- --- --- --- ATG GAC TCT GAG GTC AGC AAT GGC TCA GGC CTG GGG GCC GAG CAC ATC ACA AAC CTG CTG GTG TTC GGC TTT CTC CGA AAC --- AAT GAC CGT GAT TTC CAC CAA GAG CTG GAG GTA CTG GGG CAG GAG --- --- CTG CCC GTG CAG GTT --- TAC CTG GAG GGG GAC CGT GAA GAC GAG CTG CAG ACA GAT GGC AGC CGG GCT AGC CGC TCC TTC TAT CAT GGA AGA ATA GAG CCA GAT TCT GAA AGT CAG GAT GAA GTC ATC CAC AAC ATT GCC AGG CAT CTC GCC CAA GCA GGT GAT GAA CTG GAC CAC AGC ATC CAG CCC ACA CTG GTG AGA CAA CTG GCC GCA CAG TTC ATG AAC GGC AGC CTC TCG GAG GAA GAC AAA AGG AAC TGC CTG GCC AAA GCC CTC GAC GAG GTG AAG ACA TCC TTC CCT AGG GAC ATG GAG AAC GAC AAG GCC ATG CTG ATA ATG ACC ATG CTG TTG GCC AAA AAA GTG GCC AGT CAT GCA CCA TCT CTG CTC CGT GAC GTC TTC CGC ACG ACC GTG AAC TTT ATT AAC CAG AAC CTA TTC TCC TAC GTG AGG GAC TTG GTT AGA AAT GAG ATG GAC 



Printing out site pattern counts


         6        813  P G
G 3      129      4    138

Homo sapiens                                --- --- --- --- --- --- --- --- --- --- --- --- --- --- --- --- --- --- --- --- --- --- --- --- --- --- --- --- AAC AAC AAC AAC AAG AAG AAT AAT ACA ACA ACA ACC ACG AGA AGC AGC AGC AGC AGC AGG AGG AGG AGT AGT ATG ATG ATG ATG ATG ATT ATT CAC CAC CAC CAG CAG CCA CCA CCG CGC CGC CGG CGG CGG CGG CGT CTA CTC CTC CTG CTG CTG CTG CTG CTG GAA GAC GAC GAG GAT GCA GCC GCC GCC GCC GCC GCC GCG GCT GCT GCT GGA GGA GGC GGC GGG GGG GGT GGT GTC GTC GTC GTG GTG GTG GTG GTG TAC TCC TCC TCG TGC TGC TGG TGG TGT TGT TTA TTG TTT TTT AGG GAG GAT TGC --- --- --- --- --- AAC AAC AAC AAC AAC AAC AAG AAG AAT ACA ACC ACC ACT ACT AGA AGA AGA AGC AGC AGC AGC AGC AGC AGC AGG AGG AGG AGT ATA ATC ATC ATC ATC ATG ATG ATG ATT CAA CAA CAC CAC CAC CAG CAG CAG CAG CAG CAG CCA CCC CCG CCT CCT CGC CGC CGC CGG CGG CGG CGT CTA CTC CTC CTC CTG CTG CTG CTG CTG CTG CTG CTG CTG CTG CTG CTG GAA GAA GAC GAC GAC GAC GAC GAC GAC GAC GAG GAG GAG GAG GAG GAG GAG GAG GAG GAG GAT GAT GAT GCA GCA GCC GCC GCC GCC GCC GCC GCT GGA GGC GGC GGC GGC GGC GGC GGG GTC GTG GTG GTG GTG TAC TAC TCC TCG TCT TCT TGG TGT TTC TTC TTG TTT
Pan troglodytes                             --- --- --- --- --- --- --- --- --- --- --- --- --- --- --- --- --- --- --- --- --- --- --- --- --- --- --- --- AAC AAC AAC AAC AAG AAG AAT AAT ACA ACA ACA ACC ACG AGA AGC AGC AGC AGC AGC AGG AGG AGG AGT AGT ATG ATG ATG ATG ATG ATT ATT CAC CAC CAC CAG CAG CCA CCA CCG CGC CGC CGG CGG CGG CGG CGT CTA CTC CTC CTG CTG CTG CTG CTG CTG GAA GAC GAC GAG GAT GCA GCC GCC GCC GCC GCC GCC GCG GCT GCT GCT GGA GGA GGC GGC GGG GGG GGG GGT GTC GTC GTC GTG GTG GTG GTG GTG TAC TCC TCC TCG TGC TGC TGG TGG TGT TGT TTA TTG TTT TTT AGG GAG GAT TGC --- --- --- --- --- AAC AAC AAC AAC AAC AAC AAG AAG AAT ACA ACC ACC ACT ACT AGA AGA AGA AGC AGC AGC AGC AGC AGC AGC AGG AGG AGG AGT ATA ATC ATC ATC ATC ATG ATG ATG ATT CAA CAA CAC CAC CAC CAG CAG CAG CAG CAG CAG CCA CCC CCG CCT CCT CGC CGC CGC CGG CGG CGG CGT CTA CTC CTC CTC CTG CTG CTG CTG CTG CTG CTG CTG CTG CTG CTG CTG GAA GAA GAC GAC GAC GAC GAC GAC GAC GAT GAG GAG GAG GAG GAG GAG GAG GAG GAG GAG GAC GAT GAT GCA GCA GCC GCC GCC GCC GCC GCC GCT GGA GGC GGC GGC GGC GGC GGC GGG GTC GTG GTG GTG GTG TAC TAC TCC TCG TCT TCT TGG TGC TTC TTC TTG TTT
Gallus gallus                               --- --- --- --- --- --- --- --- --- --- --- --- --- --- --- --- --- --- --- --- --- --- --- --- --- --- --- --- AGC AGT CAC TAT AAA AAG AAC GAG --- ACC ACT AAC ATG CGT --- --- --- --- AGA --- --- GTC --- AAT --- --- --- --- ATG --- ATC --- AGC CAA --- CAA --- --- CCT --- CAC --- --- --- --- CAG TTC --- CTA --- --- ATG CTA CTC TTA --- --- GAA GAT CGT --- --- --- ACT CTG GCA GCA --- --- --- --- --- --- --- --- --- --- --- AAT --- ATC GTC --- --- ATT GTG GTG TAC --- TCC --- --- --- --- --- --- CAG ATG CTT TAC TTC GGA GAC TCT CAT --- AGT GAT GGC GTC AAT AAT AAT ACA CGC TGT AAG CAA ACC GAG GAG GCC ACC CAG GAG GAG TCA AAT AGT CAA CAG GAG GAG GGC CGG CTG GCT GTA CTA ATC ATG ATT GTC ATG CTG CTG ATT AAT GCG AGC CAC CAG AGA CAG CAT GAG GCT GGA TGT GAT GCA AAA CCA AAA CAG CGA ATA CGG CTG AAA ATG CTG CTT TTT CAA CTA CTA CTG CTG CTT CTT GCC GTA GTG GTT TTG GAA GAG GAC GAG GAT GAT GCA GGC TGC CCA AGA CAG CAG GAA GAA GAG GAG GAG GTG TGT GAT GAC GGG CCT TCC GCA GCC GCT GCT GTG TCA AAA GGT AAA CAA GAT GCT GGG TAC GGA ATC CTC GTA GTG TCT ATC GAT TTG CCT CCT TCT CTC TCC TTC TTC AAT TTT
Canis lupus familiaris                      AAA AAT ACA ACT AGC AGT ATG CAA CAC CAG CCA CCG CTG GAA GAG GAT GCA GCC GCT GGA GGG GGT GTC GTG GTT TCT TGG TTA AGC AAT AAC AGC AAG AAG AAC AAT ACA ACA ATA ACC ACC AGA AAA CCC GGC GTT AAC AGA GCA AGA TCA GAC AGA ATG CAG GTG ATG GTA ATT CAC CAC CAC CGT CAG AGA TGG CCA AAG CTC AAA AGA GAG TTG TGT CTG CCC CTC CTG GAC ATG TTG CTG TTG GCC GAT GAA AAG GAC AAT GCC GGA GCC GTC GCC GCC TCA AGC CAT GCT AGC GTC CAT TGT GAG GAG AGG GGC ATA GTG GTC AAG TTT GTG ATG GTG TAT TCA TCC ACT CGC TGT GAA TGG AGA TCT TTA TTG TTT TTT CAG GAG GAT CGT --- CAC GAC --- --- AAC AAT AAT AGG AAT TAT AAG AAG GAT ACC GTG ACC ACA GCT GAA GGT AAG AAC TGC AGC AGG AAC AAC AGC AAG ATG AGG AGT GGG ATC ATC ATC ATC ATG ACG ATG ATC CAA CAA CAT TAC CAG CAG CAG CAG CAA TAC CAG CCC --- CCA CAC CCT CAT --- CGG AGA CAG CTA CAC TTG CTC CTG TTT ATG CTG TTG CTC TTG CTA GCC ATG CTG CTT CCA CTG GAA GAA GAT GAC GAC GAT GAA AAC CAT GAG GAA GAA GAG GAG GAG GAA GAA GAG GTG AAG GAT GAT AAT AGA CTG GTG ACT GCA GCC GCA GCT GCT GAT GGA GGC AAC GGC GGC GAG GGG ATA GTG GTG ATG GTG TAT GAC TTC TCG TCA TCC CTG TGC CTC TTC CTG TTT
Mus musculus                                --- --- --- --- --- --- --- --- --- --- --- --- --- --- --- --- --- --- --- --- --- --- --- --- --- --- --- --- AAC AAC AAC AGC AAA AAA AAC AAC --- ACG ACT TCC GCA AGA --- --- GGC --- AAC --- --- AGG --- AGT --- ATG --- --- ATG --- ATT --- CAC CAC --- CAG --- --- CCA --- TTC --- --- --- --- CGT CTA CTG CTC --- --- ATG ATG CTG TTG --- GAC GAC GAG GAT --- --- --- GCC GTT ACC GCC --- --- --- --- --- --- --- --- --- GAG --- GGT --- GTC GTC --- --- GTG GTC GTG TAT TCC TCT --- --- --- --- --- --- TCT TTG TTG TTT TTC GGG GAG GCC CAC TTC CTC GAC --- --- AGC AAT AGA AGG GAC TGT AAG AAC AAC ACA GGC GCC ACA AAA CAA AGA AGA AGC GCC AAC GAG ACT AGC AGC AAC ATG AGA AGT ATA ATC ATC ATC ATC ATG ATG ATG ATT CAG CAA CGG CGC CAT ACA CAG CAG CAA TAC GAG CCT --- CCC CAG CCC CGC AAC CAG AAA CAC CTG CAC CTG CTC CTC TTC GCA CTA CTG CTG CTG CTG GTG AAG CTG CTT CAA CTG GAA GAA GAT GAC GAC GAC GAA GGC TGC GAG GAG GAA GAG GAG GAT GAA GAG GAC GAG GAG GAT GAT GAC CCA GTG GCC GCC GCC GCC GCC GCC GCT GGA ACA GGT CAG GGC GGC GCA GGC ATA GTG GTG ATA GTG TTC GAA TCC TCG TCT TCT TGG --- --- TTT CAA TTC
Rattus norvegicus                           --- --- --- --- --- --- --- --- --- --- --- --- --- --- --- --- --- --- --- --- --- --- --- --- --- --- --- --- AAC AAT AAC AGC AAA AAA AAC AAT --- ACG ACC TCC GCA AGA --- --- GGC --- GAC --- --- AGG --- AGT --- ATG --- --- ATG --- ATT --- CGC CAT --- CAG --- --- CCA --- TTC --- --- --- --- CGT CTA CTG CTC --- --- ATG ATG CTG TTG --- GAC GAC GAG GAC --- --- --- GCC GTT ACC GCC --- --- --- --- --- --- --- --- --- GAG --- GGC --- GTC GTC --- --- GTG GTG GTG TAC TCA TCT --- --- --- --- --- --- TCT TTG CTG TTT TTC GGG GAG GCC CAC TTC CGT GAC --- --- AGC AAC AGA AGG AAC CGT AAG AAC AAC ACA GGC GCC ACA AAA CAA AGA AGG AGC GCT AGC GAA GAT AAC AGC AAC ATG AGG AGT ATA ATC ATC GTC ATC ATG ATG CTG ATT CAG CGA CAG CGC CAT ACA CAG CAG CAA TAC GAG CCC --- CCC CAG CCT CAC TAT CGG AAA CAC CTC CAC CTG CTC CTC TTC GCA CTG CTG CTG CTG CTG GTG AAG CTG CTC CAG CTG GAT GAA GAT GAC GAC GAC GAA GAC TGC GAG GAG GAG GAG GAG GAC GAA GAG GAC GAG GAG GAT GAT GAC CCA GTA GCC TCC GCC GCC GCC GCC GTT GGA ACA GGG CAA GGC GGC GGG GGT GCA GTG GTG ATA GTG TTC GAA TCC TCG TCT AAT CTG --- TTC TTT CAT TTC



    1    1    2    1    1    1    1    1    1    1    2    1    1    2    2
    2    1    1    1    1    1    1    1    1    1    1    1    2    1    1
    1    1    1    1    1    1    1    1    1    1    1    1    1    1    1
    1    1    1    1    1    1    1    1    1    1    1    1    1    1    1
    1    1    1    1    1    1    1    1    1    1    1    1    1    1    1
    1    1    1    1    1    1    1    1    1    1    1    1    1    1    2
    1    1    1    1    1    1    1    1    1    1    1    1    1    1    1
    1    1    1    1    1    1    1    1    1    1    1    1    1    1    1
    1    1    1    1    1    1    1    1    1    1    1    1    1    1    1
    1    1    1    1    1    1    1    1    1    1    1    1    1    1    1
    1    1    1    1    1    1    1    1    1    1    1    1    1    1    1
    1    1    1    1    1    1    1    1    1    1    1    1    1    1    1
    1    1    1    1    1    1    1    1    1    1    1    1    1    1    1
    1    1    1    1    1    1    1    1    1    1    1    1    2    1    1
    1    1    1    2    1    1    1    1    1    1    1    1    1    1    1
    1    1    1    1    1    1    1    1    1    1    1    1    1    1    1
    1    1    1    1    1    1    1    1    1    1    1    1    1    1    1
    1    1    1    1    1    1    1    1    1    1    1    1    1    1    1
    1

CODONML (in paml version 4.4b, July 2010)  torun.nuc
Model: One dN/dS ratio for branches Global clock  (3 genes: diff. rate & k&w)  
Codon frequency model: F3x4
ns =   6  ls = 280

Codon usage in sequences
--------------------------------------------------------------------------------------------------------------
Phe TTT  3  3  2  5  2  2 | Ser TCT  2  2  3  2  4  3 | Tyr TAT  0  0  1  3  1  1 | Cys TGT  3  2  3  3  1  0
    TTC  2  2  4  2  6  7 |     TCC  3  3  3  2  3  3 |     TAC  3  3  3  2  1  2 |     TGC  3  4  1  2  1  1
Leu TTA  1  1  1  3  0  0 |     TCA  0  0  2  4  0  1 | *** TAA  0  0  0  0  0  0 | *** TGA  0  0  0  0  0  0
    TTG  2  2  3  7  3  2 |     TCG  2  2  0  1  1  1 |     TAG  0  0  0  0  0  0 | Trp TGG  3  3  0  3  1  0
--------------------------------------------------------------------------------------------------------------
Leu CTT  0  0  5  1  1  0 | Pro CCT  2  2  4  1  1  1 | His CAT  0  0  2  5  1  3 | Arg CGT  2  2  2  2  1  3
    CTC  5  5  3  5  4  5 |     CCC  1  1  0  3  2  2 |     CAC  6  6  3  7  5  4 |     CGC  5  5  1  1  2  2
    CTA  2  2  5  3  2  1 |     CCA  3  3  2  5  2  2 | Gln CAA  2  2  6  4  5  3 |     CGA  0  0  1  0  0  1
    CTG 20 20  8 12 12 15 |     CCG  2  2  0  1  0  0 |     CAG  8  8  9 10  7  7 |     CGG  7  7  2  1  1  1
--------------------------------------------------------------------------------------------------------------
Ile ATT  3  3  3  1  2  2 | Thr ACT  2  2  2  3  2  0 | Asn AAT  3  3  8  8  1  3 | Ser AGT  3  3  3  2  2  2
    ATC  4  4  5  5  4  3 |     ACC  3  3  3  4  1  2 |     AAC 10 10  2  9 11  9 |     AGC 12 12  3  7  5  5
    ATA  1  1  1  3  3  2 |     ACA  4  4  1  5  4  4 | Lys AAA  0  0  6  3  4  4 | Arg AGA  4  4  3  9  5  3
Met ATG  8  8  7 11  8  7 |     ACG  1  1  0  1  1  1 |     AAG  4  4  2 10  2  2 |     AGG  7  7  0  4  2  4
--------------------------------------------------------------------------------------------------------------
Val GTT  0  0  1  2  1  2 | Ala GCT  4  4  5  5  1  1 | Asp GAT  5  5  8 10  5  5 | Gly GGT  2  1  1  2  2  1
    GTC  4  4  4  4  3  3 |     GCC 13 13  3  9 11  9 |     GAC 10 10  3  7  9 12 |     GGC  8  8  3  5  6  5
    GTA  0  0  3  1  0  1 |     GCA  3  3  5  4  3  3 | Glu GAA  3  3  4 12  6  5 |     GGA  3  3  3  3  1  1
    GTG  9  9  6 11  7  7 |     GCG  1  1  1  0  0  0 |     GAG 12 12 13 12 12 12 |     GGG  3  4  2  3  1  3
--------------------------------------------------------------------------------------------------------------

Codon position x base (3x4) table for each sequence.

#1: Homo sapiens   
position  1:    T:0.11203    C:0.26971    A:0.28631    G:0.33195
position  2:    T:0.26556    C:0.19087    A:0.27386    G:0.26971
position  3:    T:0.14108    C:0.38174    A:0.10788    G:0.36929
Average         T:0.17289    C:0.28077    A:0.22268    G:0.32365

#2: Pan troglodytes
position  1:    T:0.11203    C:0.26971    A:0.28631    G:0.33195
position  2:    T:0.26556    C:0.19087    A:0.27386    G:0.26971
position  3:    T:0.13278    C:0.38589    A:0.10788    G:0.37344
Average         T:0.17012    C:0.28216    A:0.22268    G:0.32503

#3: Gallus gallus  
position  1:    T:0.13472    C:0.27461    A:0.25389    G:0.33679
position  2:    T:0.31606    C:0.17617    A:0.36269    G:0.14508
position  3:    T:0.27461    C:0.22798    A:0.22280    G:0.27461
Average         T:0.24180    C:0.22625    A:0.27979    G:0.25216

#4: Canis lupus familiaris
position  1:    T:0.14182    C:0.22182    A:0.30909    G:0.32727
position  2:    T:0.27636    C:0.18182    A:0.37091    G:0.17091
position  3:    T:0.20000    C:0.26909    A:0.21455    G:0.31636
Average         T:0.20606    C:0.22424    A:0.29818    G:0.27152

#5: Mus musculus   
position  1:    T:0.12308    C:0.23590    A:0.29231    G:0.34872
position  2:    T:0.29744    C:0.18462    A:0.35897    G:0.15897
position  3:    T:0.14359    C:0.37949    A:0.17949    G:0.29744
Average         T:0.18803    C:0.26667    A:0.27692    G:0.26838

#6: Rattus norvegicus
position  1:    T:0.11735    C:0.25510    A:0.27041    G:0.35714
position  2:    T:0.30102    C:0.16837    A:0.36735    G:0.16327
position  3:    T:0.14796    C:0.37755    A:0.15816    G:0.31633
Average         T:0.18878    C:0.26701    A:0.26531    G:0.27891

Codon usage in genes
--------------------------------------------------------------------------
Phe TTT  9  0  8 | Ser TCT  6  1  9 | Tyr TAT  3  0  3 | Cys TGT  7  0  5
    TTC  6  0 17 |     TCC  9  0  8 |     TAC  5  0  9 |     TGC  4  2  6
Leu TTA  6  0  0 |     TCA  4  0  3 | *** TAA  0  0  0 | *** TGA  0  0  0
    TTG 11  0  8 |     TCG  2  0  5 |     TAG  0  0  0 | Trp TGG  7  0  3
--------------------------------------------------------------------------
Leu CTT  1  0  6 | Pro CCT  1  0 10 | His CAT  3  1  7 | Arg CGT  7  1  4
    CTC  9  0 18 |     CCC  2  0  7 |     CAC 14  2 15 |     CGC  6  0 10
    CTA  6  0  9 |     CCA  9  0  8 | Gln CAA  3  0 19 |     CGA  0  0  2
    CTG 22  0 65 |     CCG  3  0  2 |     CAG 11  1 37 |     CGG  8  0 11
--------------------------------------------------------------------------
Ile ATT  8  0  6 | Thr ACT  5  0  6 | Asn AAT 12  0 14 | Ser AGT  8  0  7
    ATC  2  0 23 |     ACC  8  0  8 |     AAC 22  0 29 |     AGC 19  0 25
    ATA  2  0  9 |     ACA 10  0 12 | Lys AAA  8  0  9 | Arg AGA 12  0 16
Met ATG 27  0 22 |     ACG  4  0  1 |     AAG 10  0 14 |     AGG  9  2 13
--------------------------------------------------------------------------
Val GTT  4  0  2 | Ala GCT  8  0 12 | Asp GAT  7  3 28 | Gly GGT  5  0  4
    GTC 17  0  5 |     GCC 25  2 31 |     GAC 13  1 37 |     GGC  9  0 26
    GTA  1  0  4 |     GCA  8  0 13 | Glu GAA  7  0 26 |     GGA  6  1  7
    GTG 22  0 27 |     GCG  2  0  1 |     GAG 12  5 56 |     GGG  6  2  8
--------------------------------------------------------------------------

Codon position x base (3x4) table for each gene.


Gene #1
position  1:    T:0.15737    C:0.20916    A:0.33068    G:0.30279
position  2:    T:0.30478    C:0.21116    A:0.25896    G:0.22510
position  3:    T:0.18725    C:0.33865    A:0.16335    G:0.31076
Average         T:0.21647    C:0.25299    A:0.25100    G:0.27955

Gene #2
position  1:    T:0.12500    C:0.20833    A:0.08333    G:0.58333
position  2:    T:0.00000    C:0.12500    A:0.54167    G:0.33333
position  3:    T:0.25000    C:0.29167    A:0.04167    G:0.41667
Average         T:0.12500    C:0.20833    A:0.22222    G:0.44444

Gene #3
position  1:    T:0.10307    C:0.28221    A:0.26258    G:0.35215
position  2:    T:0.28098    C:0.16687    A:0.37178    G:0.18037
position  3:    T:0.16074    C:0.33620    A:0.16810    G:0.33497
Average         T:0.18160    C:0.26176    A:0.26748    G:0.28916

Sums of codon usage counts
------------------------------------------------------------------------------
Phe F TTT      17 | Ser S TCT      16 | Tyr Y TAT       6 | Cys C TGT      12
      TTC      23 |       TCC      17 |       TAC      14 |       TGC      12
Leu L TTA       6 |       TCA       7 | *** * TAA       0 | *** * TGA       0
      TTG      19 |       TCG       7 |       TAG       0 | Trp W TGG      10
------------------------------------------------------------------------------
Leu L CTT       7 | Pro P CCT      11 | His H CAT      11 | Arg R CGT      12
      CTC      27 |       CCC       9 |       CAC      31 |       CGC      16
      CTA      15 |       CCA      17 | Gln Q CAA      22 |       CGA       2
      CTG      87 |       CCG       5 |       CAG      49 |       CGG      19
------------------------------------------------------------------------------
Ile I ATT      14 | Thr T ACT      11 | Asn N AAT      26 | Ser S AGT      15
      ATC      25 |       ACC      16 |       AAC      51 |       AGC      44
      ATA      11 |       ACA      22 | Lys K AAA      17 | Arg R AGA      28
Met M ATG      49 |       ACG       5 |       AAG      24 |       AGG      24
------------------------------------------------------------------------------
Val V GTT       6 | Ala A GCT      20 | Asp D GAT      38 | Gly G GGT       9
      GTC      22 |       GCC      58 |       GAC      51 |       GGC      35
      GTA       5 |       GCA      21 | Glu E GAA      33 |       GGA      14
      GTG      49 |       GCG       3 |       GAG      73 |       GGG      16
------------------------------------------------------------------------------

(Ambiguity data are not used in the counts.)


Codon position x base (3x4) table, overall

position  1:    T:0.12379    C:0.25354    A:0.28486    G:0.33781
position  2:    T:0.28486    C:0.18270    A:0.33259    G:0.19985
position  3:    T:0.17226    C:0.33632    A:0.16406    G:0.32737
Average         T:0.19364    C:0.25752    A:0.26050    G:0.28834


Nei & Gojobori 1986. dN/dS (dN, dS)
(Pairwise deletion)
(Note: This matrix is not used in later ML. analysis.
Use runmode = -2 for ML pairwise comparison.)

Homo sapiens        
Pan troglodytes      0.0000 (0.0000 0.0231)
Gallus gallus       -1.0000 (0.6085 -1.0000)-1.0000 (0.6085 -1.0000)
Canis lupus familiaris 0.2799 (0.3105 1.1093) 0.2820 (0.3091 1.0961)-1.0000 (0.5900 -1.0000)
Mus musculus         0.3782 (0.2295 0.6068) 0.3679 (0.2295 0.6238) 0.0917 (0.5742 6.2628) 0.2311 (0.2351 1.0170)
Rattus norvegicus    0.4456 (0.2592 0.5818) 0.4335 (0.2592 0.5980)-1.0000 (0.5756 -1.0000) 0.2696 (0.2498 0.9266) 0.2298 (0.0633 0.2756)


TREE #  1:  ((((1, 2), (5, 6)), 4), 3);   MP score: -1
lnL(ntime:  5  np: 13):  -3104.560128      +0.000000
   7..8     8..9     9..10   10..1    10..2     9..11   11..5    11..6     8..4     7..3  
 2.106687 0.869380 0.741913 0.008886 0.182674 1.190482 0.914059 2.896833 0.200242 7.099532 0.780968 2.948130 0.268683
SEs for parameters:
 0.282832 0.095269 0.094510 0.004572 0.029525 0.612572 0.118366 0.568595 0.039522 3.805967 1.615052 0.432602 0.044605
Note: Branch length is defined for the first gene (site partition).
For other genes, look at "rates for genes".

tree length =   6.01623 (1st gene)

((((1: 0.008886, 2: 0.008886): 0.733027, (5: 0.182674, 6: 0.182674): 0.559239): 0.127466, 4: 0.869380): 1.237307, 3: 2.106687);

((((Homo sapiens: 0.008886, Pan troglodytes: 0.008886): 0.733027, (Mus musculus: 0.182674, Rattus norvegicus: 0.182674): 0.559239): 0.127466, Canis lupus familiaris: 0.869380): 1.237307, Gallus gallus: 2.106687);

Detailed output identifying parameters

rates for 3 genes:     1  1.19048  0.91406

gene # 1: kappa =   2.89683 omega =   0.20024
gene # 2: kappa =   7.09953 omega =   0.78097
gene # 3: kappa =   2.94813 omega =   0.26868

Time used:  0:22
