
seed used = 1418805129
      6    840

Homo sapiens                               --- --- --- --- ATG TGC AGC GGT GCT GGG GTC ATG ATG GCT CGG TGG GCA GCG AGG GGC CGG GCC GGC TGG AGG AGC ACA GTG CGG ATT --- --- --- --- --- --- --- --- --- --- --- --- --- --- --- --- --- --- --- --- --- --- --- --- --- --- --- --- --- --- CTG TCG CCA CTG GGA CAC TGT GAA CCA GGA GTG AGT CGG AGC TGC CGC GCT GCC CAG GCC ATG GAC TGT GAG GTC AAC AAC GGT TCC AGC CTC AGG GAT GAG TGC ATC ACA AAC CTA CTG GTG TTT GGC TTC CTC CAA AGC TGT TCT GAC AAC AGC TTC CGC AGA GAG CTG GAC GCA CTG GGC CAC GAG --- --- CTG CCA GTG CTG GCT CCC CAG TGG GAG GGC --- --- TAC GAT GAG CTG CAG ACT GAT GGC AAC CGC AGC AGC CAC TCC --- CGC TTG GGA AGA ATA GAG GCA GAT TCT GAA AGT CAA GAA GAC ATC ATC CGG AAT ATT GCC AGG CAC CTC GCC CAG GTC GGG GAC AGC ATG GAC CGT AGC ATC CCT CCG GGC CTG GTG AAC GGC CTG GCC CTG CAG CTC AGG AAC ACC AGC CGG TCG GAG GAG GAC CGG AAC AGG GAC CTG GCC ACT GCC CTG GAG CAG CTG CTG CAG GCC TAC CCT AGA GAC ATG GAG AAG GAG AAG ACC ATG CTG GTG CTG GCC CTG CTG CTG GCC AAG AAG GTG GCC AGT CAC ACG CCG TCC TTG CTC CGT GAT GTC TTT CAC ACA ACA GTG AAT TTT ATT AAC CAG AAC CTA CGC ACC TAC GTG AGG AGC TTA GCC AGA AAT GGG ATG GAC 
Pan troglodytes                            --- --- --- --- ATG TGC AGC GGG GCT GGG GTC ATG ATG GCT CGG TGG GCA GCG AGG GGC CGG GCC GGC TGG AGG AGC ACA GTG CGG ATT --- --- --- --- --- --- --- --- --- --- --- --- --- --- --- --- --- --- --- --- --- --- --- --- --- --- --- --- --- --- CTG TCG CCA CTG GGA CAC TGT GAA CCA GGA GTG AGT CGG AGC TGC CGC GCT GCC CAG GCC ATG GAC TGT GAG GTC AAC AAC GGT TCC AGC CTC AGG GAT GAG TGC ATC ACA AAC CTA CTG GTG TTT GGC TTC CTC CAA AGC TGC TCT GAC AAC AGC TTC CGC AGA GAG CTG GAT GCA CTG GGC CAC GAG --- --- CTG CCA GTG CTG GCT CCC CAG TGG GAG GGC --- --- TAC GAT GAG CTG CAG ACT GAC GGC AAC CGC AGC AGC CAC TCC --- CGC TTG GGA AGA ATA GAG GCA GAT TCT GAA AGT CAA GAA GAC ATC ATC CGG AAT ATT GCC AGG CAC CTC GCC CAG GTC GGG GAC AGC ATG GAC CGT AGC ATC CCT CCG GGC CTG GTG AAC GGC CTG GCC CTG CAG CTC AGG AAC ACC AGC CGG TCG GAG GAG GAC CGG AAC AGG GAC CTG GCC ACT GCC CTG GAG CAG CTG CTG CAG GCC TAC CCT AGA GAC ATG GAG AAG GAG AAG ACC ATG CTG GTG CTG GCC CTG CTG CTG GCC AAG AAG GTG GCC AGT CAC ACG CCG TCC TTG CTC CGT GAT GTC TTT CAC ACA ACA GTG AAT TTT ATT AAC CAG AAC CTA CGC ACC TAC GTG AGG AGC TTA GCC AGA AAT GGG ATG GAC 
Gallus gallus                              --- --- --- --- --- --- --- --- --- --- --- --- --- --- --- --- --- --- --- --- --- --- --- --- --- --- --- --- --- --- --- --- --- --- --- --- --- --- --- --- --- --- --- --- --- --- --- --- --- --- --- --- --- --- --- --- --- --- --- --- --- --- --- --- --- --- --- --- --- --- --- --- --- --- --- --- --- --- --- --- ATG GAA CAG GAT ATC TAT AGT AAT --- --- --- GGA TCT GAC CAT ATG GAG CGC ATG CTT CTC TTT GCT TTC CTG GCG GAG TCC TCT GGC TGT GAG TTC AAA GAG CAG CTG CCA TCC CTA CAA AGC CAG GGC GTC TTG TGT TCT GTT AAA GAT GCT CTC TGT TAC GAT AGT GAT GGG GAA CTT CAG ACC GAT GGG AAT CGA AGT GGC CAC TTG --- CAG AAT GGT GAG CTA GTG CCT GAC CCT GAG GTA AAT GAA GCA ATT GTC CGG ACC ATT GCT GCT CAG CTT GCT GAG ATC GGA GAC CAG CTG GAT AAA CAA ATC AAA GCA AAA GTA GTA AAT GAT CTA GTG CAA CAT TTT CTG AAT GAG AAT CTG CCT AGA GAG GAG ATA ACA CGG TGC CTG TCA CAG GCA GTG GAA GGA CTT GCC AGA GCC ATC CCA TCA GAT CTG GAG CAA GAG AAG GCC ATG TTG GTG CTA GCA ATG CTC TTA ACT AAG AAA GTG GCA AAT CAA ATG CCT TCC CTT CTA CAG CGT GTC TTC AGC ACC ACT GTG AAC TAC ATC AGC CAA CAC TTC CAC AAC TAC ATT GTC AGA ATG CTG CGT GAG --- --- --- 
Canis lupus familiaris                     ATG GAG GAT AGC GTG TGT AAA AGG CAT GAG ATA AGA CAG AGC TTG GAA AAT TCA GCA CAT AGA GGA TGT TGG AGA GTT ACA TTT AAA GTA GCA GAT GAG AGT GTT CAA GCC TTA GTC ACT TTA ACA CAG CCA CAC AAA GAA TCT GGA AAT ACA GTG CCA GAA CTG GCT GGT GGG TGG CCG CTG ACT TGG GAC GTC CAC AGA GCC AGA AGC AAG TCA GAG CCC CGC AAG GCT GCC CGT GCC ATG GAA TCT AAG GTG AGC AAT GGC TCA GGC CCC CAG GAT GAG CGT ATC ACC AAT TTG CTA GTG TTT GGC TTC CTC CAA AAC TGC TCC AAC TAT AAC CTC CAT GAA GAG TTG GAG CTG TTG GGC CAT GAA --- --- CTG CCC GTG CCA GCT --- TAC CTG AAG GAG GAC CAC GAC AAT GAG CTA CAG ACA GAT GGC AAC CGG TGC AGC TAC TTC --- --- CTG GAT GGT GGG GTG AGA GAT TCA GAA AGT CAA GAA GAA ATC ATC CAG GAT ATC GCC AGG CAG CTG GCA CAA ATA GGG GAT AGG ATG GAT CAC AGC ATC CAC CCA GGA CTG GTG AAT AAC CTG GCA ATG CAG TTT ATG AAT GTG AAC CTA TCG GAA GAA GAC AGA AGG AAG CAT CTC GCT GCT GTG CTT GAG CAG GCC ATG CAG ACT TAT CCT AAG GAC ACG GAA AAG GAG AAG ACC ATG CTG ATG TTG GCC ATG CTG TTG GCC AAG AAG GTG GCC GAC CAC ACC CCA TCC TTG CTC TGT GAC GTC TTT CAC ACA ATA ATG AAC TTT ATT AGC CAG AAC CTG CTC ACC TAT GTG AGA AAC TTA GTC AGA AAT GAG ATG GAT 
Mus musculus                               --- --- --- --- --- --- --- --- --- --- --- --- --- --- --- --- --- --- --- --- --- --- --- --- --- --- --- --- --- --- --- --- --- --- --- --- --- --- --- --- --- --- --- --- --- --- --- --- --- --- --- --- --- --- --- --- --- --- --- --- --- --- --- --- --- --- --- --- --- --- --- --- --- --- --- --- --- --- --- --- ATG GAC TCT GAG GTC AGC AAC GGT TCC GGC CTG GGG GCC GAG CAC ATC ACA GAC CTG CTG GTG TTC GGC TTT CTC CAA AGC --- TCT GGC TGT ACT --- CGC CAA GAG CTG GAG GTG CTG GGT CGG GAA --- --- CTG CCT GTG CAA GCT --- TAC TGG GAG GCA GAC CTC GAA GAC GAG CTG CAG ACA GAT GGC AGC CAG GCC AGC CGC TCC TTC AAC CAA GGA AGA ATA GAG CCA GAT TCT GAA AGT CAG GAA GAA ATC ATC CAC AAC ATT GCC AGA CAT CTC GCC CAA ATA GGC GAT GAG ATG GAC CAC AAC ATC CAG CCC ACA CTG GTG AGA CAG CTA GCC GCA CAG TTC ATG AAT GGC AGC CTG TCG GAG GAA GAC AAA AGG AAC TGC CTG GCC AAA GCC CTT GAT GAG GTG AAG ACA GCC TTC CCC AGA GAC ATG GAG AAC GAC AAG GCC ATG CTG ATA ATG ACC ATG CTG TTG GCC AAA AAA GTG GCC AGT CAC GCA CCA TCT TTG CTC CGT GAT GTC TTC CAC ACG ACT GTC AAC TTT ATT AAC CAG AAC CTA TTC TCC TAT GTG AGG AAC TTG GTT AGA AAC GAG ATG GAC 
Rattus norvegicus                          --- --- --- --- --- --- --- --- --- --- --- --- --- --- --- --- --- --- --- --- --- --- --- --- --- --- --- --- --- --- --- --- --- --- --- --- --- --- --- --- --- --- --- --- --- --- --- --- --- --- --- --- --- --- --- --- --- --- --- --- --- --- --- --- --- --- --- --- --- --- --- --- --- --- --- --- --- --- --- --- ATG GAC TCT GAG GTC AGC AAT GGC TCA GGC CTG GGG GCC GAG CAC ATC ACA AAC CTG CTG GTG TTC GGC TTT CTC CGA AAC --- AAT GAC CGT GAT TTC CAC CAA GAG CTG GAG GTA CTG GGG CAG GAG --- --- CTG CCC GTG CAG GTT --- TAC CTG GAG GGG GAC CGT GAA GAC GAG CTG CAG ACA GAT GGC AGC CGG GCT AGC CGC TCC TTC TAT CAT GGA AGA ATA GAG CCA GAT TCT GAA AGT CAG GAT GAA GTC ATC CAC AAC ATT GCC AGG CAT CTC GCC CAA GCA GGT GAT GAA CTG GAC CAC AGC ATC CAG CCC ACA CTG GTG AGA CAA CTG GCC GCA CAG TTC ATG AAC GGC AGC CTC TCG GAG GAA GAC AAA AGG AAC TGC CTG GCC AAA GCC CTC GAC GAG GTG AAG ACA TCC TTC CCT AGG GAC ATG GAG AAC GAC AAG GCC ATG CTG ATA ATG ACC ATG CTG TTG GCC AAA AAA GTG GCC AGT CAT GCA CCA TCT CTG CTC CGT GAC GTC TTC CGC ACG ACC GTG AAC TTT ATT AAC CAG AAC CTA TTC TCC TAC GTG AGG GAC TTG GTT AGA AAT GAG ATG GAC 



Printing out site pattern counts


         6        810  P

Homo sapiens                                --- --- --- --- --- --- --- --- --- --- --- --- --- --- --- --- --- --- --- --- --- --- --- --- --- --- --- --- --- --- --- --- --- AAC AAC AAC AAC AAC AAC AAC AAC AAC AAC AAG AAG AAG AAG AAT AAT AAT ACA ACA ACA ACA ACC ACC ACC ACG ACT ACT AGA AGA AGA AGA AGC AGC AGC AGC AGC AGC AGC AGC AGC AGC AGC AGC AGG AGG AGG AGG AGG AGG AGG AGT AGT AGT ATA ATC ATC ATC ATC ATG ATG ATG ATG ATG ATG ATG ATT ATT ATT CAA CAA CAC CAC CAC CAC CAC CAC CAG CAG CAG CAG CAG CAG CAG CAG CCA CCA CCA CCC CCG CCG CCT CCT CGC CGC CGC CGC CGC CGG CGG CGG CGG CGG CGG CGG CGT CGT CTA CTA CTC CTC CTC CTC CTC CTG CTG CTG CTG CTG CTG CTG CTG CTG CTG CTG CTG CTG CTG CTG CTG CTG CTG GAA GAA GAA GAC GAC GAC GAC GAC GAC GAC GAC GAC GAC GAG GAG GAG GAG GAG GAG GAG GAG GAG GAG GAG GAG GAT GAT GAT GAT GAT GCA GCA GCA GCC GCC GCC GCC GCC GCC GCC GCC GCC GCC GCC GCC GCG GCT GCT GCT GCT GGA GGA GGA GGC GGC GGC GGC GGC GGC GGC GGC GGG GGG GGG GGT GGT GTC GTC GTC GTC GTG GTG GTG GTG GTG GTG GTG GTG GTG TAC TAC TAC TCC TCC TCC TCG TCG TCT TCT TGC TGC TGC TGG TGG TGG TGT TGT TGT TTA TTC TTC TTG TTG TTT TTT TTT
Pan troglodytes                             --- --- --- --- --- --- --- --- --- --- --- --- --- --- --- --- --- --- --- --- --- --- --- --- --- --- --- --- --- --- --- --- --- AAC AAC AAC AAC AAC AAC AAC AAC AAC AAC AAG AAG AAG AAG AAT AAT AAT ACA ACA ACA ACA ACC ACC ACC ACG ACT ACT AGA AGA AGA AGA AGC AGC AGC AGC AGC AGC AGC AGC AGC AGC AGC AGC AGG AGG AGG AGG AGG AGG AGG AGT AGT AGT ATA ATC ATC ATC ATC ATG ATG ATG ATG ATG ATG ATG ATT ATT ATT CAA CAA CAC CAC CAC CAC CAC CAC CAG CAG CAG CAG CAG CAG CAG CAG CCA CCA CCA CCC CCG CCG CCT CCT CGC CGC CGC CGC CGC CGG CGG CGG CGG CGG CGG CGG CGT CGT CTA CTA CTC CTC CTC CTC CTC CTG CTG CTG CTG CTG CTG CTG CTG CTG CTG CTG CTG CTG CTG CTG CTG CTG CTG GAA GAA GAA GAC GAC GAC GAC GAC GAC GAC GAC GAC GAT GAG GAG GAG GAG GAG GAG GAG GAG GAG GAG GAG GAG GAC GAT GAT GAT GAT GCA GCA GCA GCC GCC GCC GCC GCC GCC GCC GCC GCC GCC GCC GCC GCG GCT GCT GCT GCT GGA GGA GGA GGC GGC GGC GGC GGC GGC GGC GGC GGG GGG GGG GGG GGT GTC GTC GTC GTC GTG GTG GTG GTG GTG GTG GTG GTG GTG TAC TAC TAC TCC TCC TCC TCG TCG TCT TCT TGC TGC TGC TGG TGG TGG TGC TGT TGT TTA TTC TTC TTG TTG TTT TTT TTT
Gallus gallus                               --- --- --- --- --- --- --- --- --- --- --- --- --- --- --- --- --- --- --- --- --- --- --- --- --- --- --- --- --- AGT GAT GGC GTC AAT AAT AAT ACA AGC AGT CAC CGC TAT TGT AAA AAG AAG CAA AAC ACC GAG --- ACC ACT GAG AAC GAG GCC ATG ACC CAG CGT GAG GAG TCA --- --- --- --- AAT AGA AGT CAA CAG GAG GAG GGC --- --- CGG CTG GCT GGA GTC --- AAT GTA CTA ATC ATG ATT GTC --- --- --- --- ATG CTG CTG --- ATC ATT AAT GCG --- AGC AGC CAA CAC CAG --- AGA CAA CAG CAT GAG GCT GGA --- --- TGT GAT CCT GCA AAA CCA --- AAA CAC CAG CGA --- --- --- --- ATA CGG CTG AAA CAG ATG TTC --- CTA CTG CTT TTT --- --- ATG CAA CTA CTA CTA CTC CTG CTG CTT CTT GCC GTA GTG GTT TTA TTG --- GAA GAG --- GAA GAC GAG GAT GAT GCA GGC TGC CCA AGA CAG CAG GAA GAA GAC GAG GAG GAG GAT GTG TGT GAT CGT GAC GGG TCT --- CCT TCC --- --- ACT CTG GCA GCA GCA GCC GCT GCT GTG TCA --- --- --- --- AAA --- --- GGT --- --- AAA CAA GAT GCT GGG TAC --- --- GGA --- AAT --- ATC ATC GTC --- --- ATT CTC GTA GTG GTG GTG TCT ATC GAT TAC --- TCC TTG --- CCT CCT TCT --- --- CAT --- --- CTC TCC --- CAG ATG TTC TTC AAT CTT TAC TTC TTT
Canis lupus familiaris                      --- AAA AAT ACA ACT AGC AGT ATG CAA CAC CAG CCA CCG CTG GAA GAG GAT GCA GCC GCT GGA GGG GGT GTC GTG GTT TCT TGG TTA CAC GAC --- --- AAC AAT AAT AGG AGC AAT AAC AAT AGC TAT AAG AAG AAG AAG AAC GAT AAT ACA ACA ATA ACC ACC GTG ACC ACC ACA GCT AGA GAA GGT AAG AAA CCC GGC GTT AAC AAC TGC AGC AGG AAC AAC AGC AGA GCA AAG ATG AGG CAG AGA TCA GAC AGT GGG ATC ATC ATC ATC AGA ATG CAG GTG ATG ACG ATG GTA ATT ATC CAA CAA CAC CAC CAT CAC TAC CAG CGT CAG CAG CAG CAG CAA TAC CAG AGA TGG CCC --- CCA CCA CAC CCT AAG CAT CTC --- CGG AAA AGA GAG TTG AGA CAG CTA CAC TGT TTG CTG CCC CTC CTC CTG TTT CTG GAC ATG ATG CTG TTG TTG CTG CTC TTG CTA GCC ATG CTG CTT CCA TTG CTG GCC GAA GAA GAT GAA GAT GAC GAC GAT GAA AAC CAT GAG GAA GAA GAG GAG GAG GAG GAA GAA GAG AAG GTG AAG GAT GAC GAT AAT GAT AAT AGA CTG GCC GGA GCC GTC GCC GCC GTG ACT GCA GCC GCA GCT TCA AGC CAT GCT GCT AGC GTC GAT CAT TGT GGA GGC AAC GGC GGC GAG GAG GAG GGG AGG GGC ATA ATA GTG GTC AAG TTT GTG GTG GTG ATG ATG GTG GTG TAT GAC TAT TCA TCC TTC ACT TCG TCA TCC CGC TGT CGT GAA TGG CTG TGC AGA TCT TTA CTC TTC CTG TTG TTT TTT TTT
Mus musculus                                TTC --- --- --- --- --- --- --- --- --- --- --- --- --- --- --- --- --- --- --- --- --- --- --- --- --- --- --- --- CTC GAC --- --- AGC AAT AGA AGG AAC AAC AAC GAC AGC TGT AAA AAA AAG AAC AAC AAC AAC --- ACG ACT ACA TCC GGC GCC GCA ACA AAA AGA CAA AGA AGA --- --- GGC --- AGC AAC GCC AAC GAG ACT AGC AGC --- --- AAC ATG AGA GGG AGG --- AGT AGT ATA ATC ATC ATC ATC --- ATG --- --- ATG ATG ATG --- ATT ATT CAG CAA --- CAC CGG CAC CGC CAT --- ACA CAG CAG CAG CAA TAC GAG --- --- CCT --- CCA CCC CAG CCC --- CGC TTC AAC CAG --- --- --- --- AAA CAC CTG CAC CGT CTG CTA CTG CTC CTC CTC TTC --- --- ATG GCA CTA ATG CTG CTG CTG CTG CTG GTG AAG CTG CTT CAA TTG CTG --- GAA GAA GAC GAC GAT GAC GAC GAC GAA GGC TGC GAG GAG GAA GAG GAG GAT GAG GAA GAG GAC GAG GAG GAG GAT GAT GAT GAC GCC --- CCA GTG --- --- GCC GTT ACC GCC GCC GCC GCC GCC GCC GCC --- --- --- --- GCT --- --- GGA --- --- ACA GGT CAG GGC GGC GCA --- GAG GGC --- GGT --- ATA GTC GTC --- --- GTG GTG GTG ATA GTC GTG GTG TTC GAA TAT TCC TCT TCC --- TCG TCT TCT --- --- CAC --- --- TGG --- --- TCT TTG --- TTT CAA TTG TTT TTC TTC
Rattus norvegicus                           TTC --- --- --- --- --- --- --- --- --- --- --- --- --- --- --- --- --- --- --- --- --- --- --- --- --- --- --- --- CGT GAC --- --- AGC AAC AGA AGG AAC AAT AAC AAC AGC CGT AAA AAA AAG AAC AAC AAC AAT --- ACG ACC ACA TCC GGC GCC GCA ACA AAA AGA CAA AGA AGG --- --- GGC --- AGC GAC GCT AGC GAA GAT AAC AGC --- --- AAC ATG AGG GGG AGG --- AGT AGT ATA ATC ATC GTC ATC --- ATG --- --- ATG ATG CTG --- ATT ATT CAG CGA --- CGC CAG CAT CGC CAT --- ACA CAG CAG CAG CAA TAC GAG --- --- CCC --- CCA CCC CAG CCT --- CAC TTC TAT CGG --- --- --- --- AAA CAC CTC CAC CGT CTG CTA CTG CTC CTC CTC TTC --- --- ATG GCA CTG ATG CTG CTG CTG CTG CTG GTG AAG CTG CTC CAG TTG CTG --- GAT GAA GAC GAC GAT GAC GAC GAC GAA GAC TGC GAG GAG GAG GAG GAG GAC GAG GAA GAG GAC GAG GAG GAG GAT GAC GAT GAC GCC --- CCA GTA --- --- GCC GTT ACC GCC GCC TCC GCC GCC GCC GCC --- --- --- --- GTT --- --- GGA --- --- ACA GGG CAA GGC GGC GGG --- GAG GGT --- GGC --- GCA GTC GTC --- --- GTG GTG GTG ATA GTG GTG GTG TTC GAA TAC TCA TCT TCC --- TCG TCT AAT --- --- CAC --- --- CTG --- --- TCT TTG TTC TTT CAT CTG TTT TTC TTC



    1    1    1    2    1    1    1    1    1    1    1    2    1    1    2
    2    2    1    1    1    1    1    1    1    1    1    1    1    2    1
    1    1    1    1    1    1    1    1    1    1    1    1    1    1    1
    1    1    1    1    1    1    1    1    1    1    1    1    1    1    1
    1    1    1    1    1    1    1    1    1    1    1    1    1    1    1
    1    1    1    1    1    1    1    1    1    1    1    1    1    1    1
    1    1    1    1    1    2    1    1    1    1    1    1    1    1    1
    1    1    1    1    1    1    1    1    1    1    1    1    1    1    1
    1    1    1    1    1    1    1    1    1    1    1    1    1    1    1
    1    1    1    1    1    1    1    1    1    1    1    1    1    1    1
    1    1    1    1    1    1    2    1    1    1    1    1    1    2    1
    1    1    1    1    1    1    1    1    1    1    1    1    1    1    1
    1    1    1    1    1    1    1    1    1    1    1    1    1    1    1
    1    1    2    1    1    1    1    1    1    1    1    1    1    1    1
    1    1    1    1    1    1    1    1    1    1    1    1    1    1    1
    1    1    1    1    1    1    1    1    1    1    1    1    1    1    1
    1    1    1    1    1    1    1    1    1    1    1    1    1    1    1
    1    1    1    1    1    1    1    1    1    1    1    1    1    1    1


CODONML (in paml version 4.4b, July 2010)  torun.nuc
Model: One dN/dS ratio for branches Global clock 
Codon frequency model: F3x4
ns =   6  ls = 280

Codon usage in sequences
--------------------------------------------------------------------------------------------------------------
Phe TTT  3  3  2  5  2  2 | Ser TCT  2  2  3  2  4  3 | Tyr TAT  0  0  1  3  1  1 | Cys TGT  3  2  3  3  1  0
    TTC  2  2  4  2  6  7 |     TCC  3  3  3  2  3  3 |     TAC  3  3  3  2  1  2 |     TGC  3  4  1  2  1  1
Leu TTA  1  1  1  3  0  0 |     TCA  0  0  2  4  0  1 | *** TAA  0  0  0  0  0  0 | *** TGA  0  0  0  0  0  0
    TTG  2  2  3  7  3  2 |     TCG  2  2  0  1  1  1 |     TAG  0  0  0  0  0  0 | Trp TGG  3  3  0  3  1  0
--------------------------------------------------------------------------------------------------------------
Leu CTT  0  0  5  1  1  0 | Pro CCT  2  2  4  1  1  1 | His CAT  0  0  2  5  1  3 | Arg CGT  2  2  2  2  1  3
    CTC  5  5  3  5  4  5 |     CCC  1  1  0  3  2  2 |     CAC  6  6  3  7  5  4 |     CGC  5  5  1  1  2  2
    CTA  2  2  5  3  2  1 |     CCA  3  3  2  5  2  2 | Gln CAA  2  2  6  4  5  3 |     CGA  0  0  1  0  0  1
    CTG 20 20  8 12 12 15 |     CCG  2  2  0  1  0  0 |     CAG  8  8  9 10  7  7 |     CGG  7  7  2  1  1  1
--------------------------------------------------------------------------------------------------------------
Ile ATT  3  3  3  1  2  2 | Thr ACT  2  2  2  3  2  0 | Asn AAT  3  3  8  8  1  3 | Ser AGT  3  3  3  2  2  2
    ATC  4  4  5  5  4  3 |     ACC  3  3  3  4  1  2 |     AAC 10 10  2  9 11  9 |     AGC 12 12  3  7  5  5
    ATA  1  1  1  3  3  2 |     ACA  4  4  1  5  4  4 | Lys AAA  0  0  6  3  4  4 | Arg AGA  4  4  3  9  5  3
Met ATG  8  8  7 11  8  7 |     ACG  1  1  0  1  1  1 |     AAG  4  4  2 10  2  2 |     AGG  7  7  0  4  2  4
--------------------------------------------------------------------------------------------------------------
Val GTT  0  0  1  2  1  2 | Ala GCT  4  4  5  5  1  1 | Asp GAT  5  5  8 10  5  5 | Gly GGT  2  1  1  2  2  1
    GTC  4  4  4  4  3  3 |     GCC 13 13  3  9 11  9 |     GAC 10 10  3  7  9 12 |     GGC  8  8  3  5  6  5
    GTA  0  0  3  1  0  1 |     GCA  3  3  5  4  3  3 | Glu GAA  3  3  4 12  6  5 |     GGA  3  3  3  3  1  1
    GTG  9  9  6 11  7  7 |     GCG  1  1  1  0  0  0 |     GAG 12 12 13 12 12 12 |     GGG  3  4  2  3  1  3
--------------------------------------------------------------------------------------------------------------

Codon position x base (3x4) table for each sequence.

#1: Homo sapiens   
position  1:    T:0.11203    C:0.26971    A:0.28631    G:0.33195
position  2:    T:0.26556    C:0.19087    A:0.27386    G:0.26971
position  3:    T:0.14108    C:0.38174    A:0.10788    G:0.36929
Average         T:0.17289    C:0.28077    A:0.22268    G:0.32365

#2: Pan troglodytes
position  1:    T:0.11203    C:0.26971    A:0.28631    G:0.33195
position  2:    T:0.26556    C:0.19087    A:0.27386    G:0.26971
position  3:    T:0.13278    C:0.38589    A:0.10788    G:0.37344
Average         T:0.17012    C:0.28216    A:0.22268    G:0.32503

#3: Gallus gallus  
position  1:    T:0.13472    C:0.27461    A:0.25389    G:0.33679
position  2:    T:0.31606    C:0.17617    A:0.36269    G:0.14508
position  3:    T:0.27461    C:0.22798    A:0.22280    G:0.27461
Average         T:0.24180    C:0.22625    A:0.27979    G:0.25216

#4: Canis lupus familiaris
position  1:    T:0.14182    C:0.22182    A:0.30909    G:0.32727
position  2:    T:0.27636    C:0.18182    A:0.37091    G:0.17091
position  3:    T:0.20000    C:0.26909    A:0.21455    G:0.31636
Average         T:0.20606    C:0.22424    A:0.29818    G:0.27152

#5: Mus musculus   
position  1:    T:0.12308    C:0.23590    A:0.29231    G:0.34872
position  2:    T:0.29744    C:0.18462    A:0.35897    G:0.15897
position  3:    T:0.14359    C:0.37949    A:0.17949    G:0.29744
Average         T:0.18803    C:0.26667    A:0.27692    G:0.26838

#6: Rattus norvegicus
position  1:    T:0.11735    C:0.25510    A:0.27041    G:0.35714
position  2:    T:0.30102    C:0.16837    A:0.36735    G:0.16327
position  3:    T:0.14796    C:0.37755    A:0.15816    G:0.31633
Average         T:0.18878    C:0.26701    A:0.26531    G:0.27891

Sums of codon usage counts
------------------------------------------------------------------------------
Phe F TTT      17 | Ser S TCT      16 | Tyr Y TAT       6 | Cys C TGT      12
      TTC      23 |       TCC      17 |       TAC      14 |       TGC      12
Leu L TTA       6 |       TCA       7 | *** * TAA       0 | *** * TGA       0
      TTG      19 |       TCG       7 |       TAG       0 | Trp W TGG      10
------------------------------------------------------------------------------
Leu L CTT       7 | Pro P CCT      11 | His H CAT      11 | Arg R CGT      12
      CTC      27 |       CCC       9 |       CAC      31 |       CGC      16
      CTA      15 |       CCA      17 | Gln Q CAA      22 |       CGA       2
      CTG      87 |       CCG       5 |       CAG      49 |       CGG      19
------------------------------------------------------------------------------
Ile I ATT      14 | Thr T ACT      11 | Asn N AAT      26 | Ser S AGT      15
      ATC      25 |       ACC      16 |       AAC      51 |       AGC      44
      ATA      11 |       ACA      22 | Lys K AAA      17 | Arg R AGA      28
Met M ATG      49 |       ACG       5 |       AAG      24 |       AGG      24
------------------------------------------------------------------------------
Val V GTT       6 | Ala A GCT      20 | Asp D GAT      38 | Gly G GGT       9
      GTC      22 |       GCC      58 |       GAC      51 |       GGC      35
      GTA       5 |       GCA      21 | Glu E GAA      33 |       GGA      14
      GTG      49 |       GCG       3 |       GAG      73 |       GGG      16
------------------------------------------------------------------------------

(Ambiguity data are not used in the counts.)


Codon position x base (3x4) table, overall

position  1:    T:0.12379    C:0.25354    A:0.28486    G:0.33781
position  2:    T:0.28486    C:0.18270    A:0.33259    G:0.19985
position  3:    T:0.17226    C:0.33632    A:0.16406    G:0.32737
Average         T:0.19364    C:0.25752    A:0.26050    G:0.28834

Codon frequencies under model, for use in evolver (TTT TTC TTA TTG ... GGG):
  0.00622554  0.01215462  0.00592908  0.01183121
  0.00399282  0.00779550  0.00380268  0.00758808
  0.00726856  0.01419099  0.00000000  0.00000000
  0.00436765  0.00852732  0.00000000  0.00830043
  0.01275110  0.02489500  0.01214390  0.02423260
  0.00817806  0.01596669  0.00778863  0.01554185
  0.01488741  0.02906589  0.01417848  0.02829251
  0.00894580  0.01746560  0.00851980  0.01700088
  0.01432623  0.02797026  0.01364403  0.02722604
  0.00918829  0.01793904  0.00875075  0.01746173
  0.01672644  0.03265638  0.01592994  0.03178747
  0.01005086  0.01962312  0.00957225  0.01910099
  0.01698896  0.03316892  0.01617996  0.03228638
  0.01089606  0.02127326  0.01037720  0.02070723
  0.01983528  0.03872602  0.01889074  0.03769562
  0.01191896  0.02327034  0.01135139  0.02265118



Nei & Gojobori 1986. dN/dS (dN, dS)
(Pairwise deletion)
(Note: This matrix is not used in later ML. analysis.
Use runmode = -2 for ML pairwise comparison.)

Homo sapiens        
Pan troglodytes      0.0000 (0.0000 0.0231)
Gallus gallus       -1.0000 (0.6085 -1.0000)-1.0000 (0.6085 -1.0000)
Canis lupus familiaris 0.2799 (0.3105 1.1093) 0.2820 (0.3091 1.0961)-1.0000 (0.5900 -1.0000)
Mus musculus         0.3782 (0.2295 0.6068) 0.3679 (0.2295 0.6238) 0.0917 (0.5742 6.2628) 0.2311 (0.2351 1.0170)
Rattus norvegicus    0.4456 (0.2592 0.5818) 0.4335 (0.2592 0.5980)-1.0000 (0.5756 -1.0000) 0.2696 (0.2498 0.9266) 0.2298 (0.0633 0.2756)


TREE #  1:  ((((1, 2), (5, 6)), 4), 3);   MP score: -1
lnL(ntime:  5  np:  7):  -3106.701858      +0.000000
   7..8     8..9     9..10   10..1    10..2     9..11   11..5    11..6     8..4     7..3  
 1.989622 0.822193 0.708363 0.008499 0.173068 2.963512 0.246025
SEs for parameters:
 0.181761 0.060136 0.059610 0.004317 0.022892 0.334275 0.031630

tree length =   5.69137

((((1: 0.008499, 2: 0.008499): 0.699865, (5: 0.173068, 6: 0.173068): 0.535295): 0.113830, 4: 0.822193): 1.167429, 3: 1.989622);

((((Homo sapiens: 0.008499, Pan troglodytes: 0.008499): 0.699865, (Mus musculus: 0.173068, Rattus norvegicus: 0.173068): 0.535295): 0.113830, Canis lupus familiaris: 0.822193): 1.167429, Gallus gallus: 1.989622);

Detailed output identifying parameters

kappa (ts/tv) =  2.96351

omega (dN/dS) =  0.24602

dN & dS for each branch

 branch          t       N       S   dN/dS      dN      dS  N*dN  S*dS

   7..8      1.167   628.9   211.1  0.2460  0.2199  0.8936 138.3 188.6
   8..9      0.114   628.9   211.1  0.2460  0.0214  0.0871  13.5  18.4
   9..10     0.700   628.9   211.1  0.2460  0.1318  0.5357  82.9 113.1
  10..1      0.008   628.9   211.1  0.2460  0.0016  0.0065   1.0   1.4
  10..2      0.008   628.9   211.1  0.2460  0.0016  0.0065   1.0   1.4
   9..11     0.535   628.9   211.1  0.2460  0.1008  0.4098  63.4  86.5
  11..5      0.173   628.9   211.1  0.2460  0.0326  0.1325  20.5  28.0
  11..6      0.173   628.9   211.1  0.2460  0.0326  0.1325  20.5  28.0
   8..4      0.822   628.9   211.1  0.2460  0.1548  0.6294  97.4 132.8
   7..3      1.990   628.9   211.1  0.2460  0.3747  1.5230 235.7 321.4

tree length for dN:       1.0718
tree length for dS:       4.3565


Time used:  0:06
