
seed used = 1418805173
      6   1350

Bos taurus                                 ATG GAG GAG TGT CCG CAG AAT GAT CTG GAT GCA GCA AGC CTT GAG AAA AAT GAG CCA CTC GAG AGC ACC AGC CCT CAG ATT TCC ATT AAT GAA TTC TCC TGC CAC TGC TGT TAC GAC ATC CTG GTT AAC CCC ACC ACC TTG AAC TGT GGG CAC AGC TTC TGC CGG CAC TGC CTA GCT CTG TGG TGG GCC TCT TCG AAG AAA ACA GAG TGT CCA GAA TGC AGA GAA AAA TGG GAA GGT TTC CCC AAA GTC AAT ATT CTC CTC AGG GAC GCC GTT GAA AAA TTA TTT CCT GAT GCC ATT AGA ATG CGA TTT GAA GAC ATT CAG CAG AAT AAC GAC ATA GTC CAG AGT CTT GCA GCC TTT CAG AAG TTT GGG AAT GAT CAC ACG CCT TCA GCT CCC CAC ACA GGC CGA GGG AAC CAG CAT AGG GGA GGG GGT TTC TAC TCC GGA GTG CTC ACA GCT TTA ACT GGG GTG GCA GTG GTC CTT CTG GTG TAC CAC TGG AGC AGC AGG GAA TCC GAG CGG CAC CTC CTG GTC CAC AAG GCC GTG GCC AGA TGG ACA GCG GAG GAA GTT GTG CTC TGG CTG GAG CAG CTA GGC CCT TGG GCC TCC CTC TAC AGA GAC AGG TTT TTA TCT GAA AGA GTA AAC GGA AGG TTG CTT TTA ACT CTG ACA GAG GAA GAA TTT TCT AAG GCA CCG TAT ACC ATA GAA AGC AGC AGC CAC CGA AGA GCC ATC CTC ATG GAG CTG GAG CGC GTG AAA GCC CTG GGC GTG AAG CCC CCC CAG AAC CTC TGG GAA TAT AAG GCC GTG AAC CCC GGG AGG TCC CTG TTC CTG CTG TAC GCC CTC AAG AGC TCC CCG CGC CTC GGT CTG CTG TAC CTC TAC CTG TTT GAC TAC ACC GAC ACC TTC CTG CCC TTC ATT CAC ACC ATC TGT CCT CTG CAA GAA GAC GGT TCT GGG GAC GAC ATC ATA TCC AAG CTC CTG GAT CTT AGA GAG CCC ACA TGG AAG CAG TGG CGA GAA TTC CTC ATC AAG TAC TCC TTC CTT CCG TAC CAG CTG ATT GCT GAG TTT GCT TGG GAC TGG CTG GAG GTC CAT TAC TGG ACG TCA CGG TTT CTC ATC GTC AAT GCC ATG CTA CTC TCG GTT CTG GAA TTA TTC TCC TTC TGG AGG ATC TGG TCA AGA AGT GAA CTG AAG ACC GTG CCT CAG AGG ATG TGG AGC CAT TTC TGG AAA GTG TCG ACA CAG GGG CTT TTT GTG GCC ATG TTC TGG CCC CTC ATC CCT CAG TTT GTT TGC AAC TGT CTG TTT TAC TGG GCC CTG TAC TTT AAC CCA ATT ATT AAC ATT GAT CTC GTG GTC AAG GAA GTC CGA CGG CTG GAA ACC CAG GTC TTG 
Rattus norvegicus                          ATG GAG GAG CCT CAG AAA AAT GAC CTG AGC ATG AGA GGG CAG GAA GAA GAT CAT CCT GTC AGA AGC AGT GGC CCT CAG ATT TCT GTG AGT GAG TTC TCC TGC CAC TGC TGT TAC GAC ACC CTG GTT AAC CCC ACC ACC TTG AAC TGT GGC CAC AGC TTC TGC CGG CAC TGC TTA GCA TTA TGG TGG ATG TCT TCA AAG AAA ACA GAG TGT CCA GAA TGC AGA GAA AAA TGG GAA GGT TTT CCC AAA GTC AAC ATT CTC CTC AGG GAC GCC ATT GAA AAG TTA TTT CCT GAT GCC ATT AAA ATG CGA GTT GAA GAC ATT CAG CAG AAT AAT GAT GTA GTC CAA AGT CTT GCA GCC TTT CAG AAA TAT GGG AAT GAT CAA AAT CCC TTA GCT CCC AGC ACA GGG AGA GTG AAT CAG CAG AGA GGA GGG GGA TTC TTC TCC GGC GTA CTC ACA GCT TTA ACT GGT GTG GCA GTC ATC CTG CTT GTG TAT CAC TGG CGC AGC AGA GAG TCT GAG CAT GGC CTC CTG GTG CAC AAG GCT GTA GAC AAA TGG ACG ACA GAA GAA GTT GTC CTC TGG TTA GAA CAG CTA GGC CCT TGG GCC TCA CTG TAC AGA GAC AGG TTC TTA TCT GAA AGA GTA AAT GGA AGG TTA CTT TTA ACT TTG ACA GAA GAA GAA TTT TCC AGG GCA CCT TAC ACC ATA GAA AAC AGT AGC CAC AGA AGA GTC ATC CTC ATG GAG CTG GAG CGC GTG AGA GCC CTG GGT GTG AAG CCA CCA CAG AAT CTC TGG GAA TAC AAG GCT GTC AAC CCA GGC AGG TCC CTG TTC TTG CTC TAC GCC CTC AAG AGC TCA CCA AGA CTT GGC TTG CTA TAC CTG TAC TTG TTT GAC TAC ACA GAC TCC TTT CTA CCC TTC ATC CAC ACC ATC TGC CCT TTG CAG GAA GAC AGC TTT GGC GAG GAC ATC TTC ACC AAG CTT CTG GAC CTG AGG GAG CCC ACG TGG AAG CAG TGG AGA GAA TTC CTT ATC AAG TAC TCC TTT CTC CCG TAT CAG CTG ATT GCA GAG TTT GCC TGG GAC TGG CTG GAG GTC CAC TAC TGG ACA TCG CGC TTC CTC ATC GTC AAT GCC ATG CTG CTG TCT GTT CTG GAG TTG TTC TCT TTT TGG AGG ATC TGG TCA AGA AGC GAA CTG AAG ACA GTG CCC CAG AGG ATG TGG AGC CAC TTT TGG AAA GTA TCG ACG CAG GGG CTT TTC ATG GCC ATG TTC TGG CCG CTC ATT CCT CAG TTT GTC TGC AAC TGT TTA TTT TAC TGG GCT CTG TAC TTC AAC CCA ATT ATT AAC ATT GAT CTG GTG GTC AAG GAA ATC CGA CGG CTG GAA ACC CAA GTG TTC 
Gallus gallus                              --- --- --- --- --- ATG GCA GAA GTT ACA GTG CGC GCT ACC CCT --- --- --- --- --- --- GGG GCT GGT CGG CGG GTG TCA GTT AGT GAG TTC CTC TGC CAT TGC TGT TAT GAC ATT CTG GTC AAT CCC ACC ACC CTG AAC TGC GGG CAC AGT TTC TGT AGA CAT TGC TTA GCC TTG TGG TGG GTG TCC TCC AAG AAG AAT GAA TGT CCA GAA TGC AGA GAA AAA TGG GAA GGA TTC CCC AGA GTC AAC ATT CTC CTC AGG GAT GTT ATT GAA AGG CTG TTT TCC GAT GCC ATT GAA CAA AGA AAA GAA GAT ATT CAG CAA AAC AGT GAT GTA GTG CGC AGC TTA GCA ACC TTC CGA AAA TAT GGG AAT GAC CAG ATT TCT ACA GCT CCA AAC ATG GGA AGA ATT AAT CCT --- CGA GGA AGA GGG TTT TTC TCA GGA GTT CTG ACA GCT TTA ACT TGT GTA GCA GTA GTA CTA CTT GGG TAT CAC TGG AGT AGC AGA GAA TTT GAA GAT GAT CTT CTT GTC CAC AAG CCT GTT GCT AAA TGG ACT GCA GAA GAA GTG GCA CTT TGG CTA GAG CAG CTG GGC CCA TGG GCT TCT CTT TAT AAA GAA AGA TTT TTG ATG GAG AAA GTG AAT GGA AGG CTC CTT CTA ACC CTG ACA GAG GAG GAT TTC ACA AAA GAG CCT TAC AGT ATA GAG AAC AAT AAC CAC AAG AAA GCG ATT ACA ACA GAA TTG GAA TGT GTC AAA ACT TTA GGT GTT AAA CCT CCT CAG AAC CTT TGG GAA TAC AAG GCA GTA AAT CCA GGA AAA TCA CTC TTT CTT TTA TAT GCA CTC AAG AAT TCT CCA AGA CTC AGT ATG TTA TAT TTA TAT CTG TTT GAT TAT ACT GAA GCT TTC CTA CCG TTT ATC CAC ACC ATT TGT CCT ATG CAA GAG GAC CAA TAT --- GAA GAC ATG GTC ACA AAA TTA TTA GAC CTT AAA GAT CCC ACT TGG AAA CAG TGG AGA GAA TTC ACT GTA AAG TAT ATA TTT TTG CCA TAC CAG TTG GTG GCT GAA TTT GCT TGG GAT TGG CTG GAT GTG CAT TAC TGG ACA TCA AGA TTT ATC ATT GTA AAT GCC ATG TTA CTC TCT GTT CTG GAA TTA TTC TCC TTT TGG AAG CTC TGG TCA AGA AGA GAA TTG AAG ACT ATT CCT CAC AGA ATG TGG AAA CAT TTT TGG AAA GTC TCA ACC CAG GGT CTT TTT GTT GCA GTT TTT TGG CCT TTT ATT CCT CAG TTT GTC TGC AAT TGT TTG TTT TAC TGG GCC TTG TAC TTT AAC CCA ATT ATA AAC ATT GAT CTT GTA GTT AAA GAA ATA AGG CGT CTG GAG ACA CAA GTG CAG 
Canis lupus familiaris                     ATG GAA GAG TCT CCG CAA AAC GAT CTG AAC GCA GTG ACC CAT GAC AAC GAT GAT CCC CTC AAG AGC ACC AGC CCT CAG ATT TCT GTT AGT GAA TTT TCT TGC CAC TGC TGT TAT GAC ATC CTG GTT AAC CCC ACC ACC TTG AAC TGT GGG CAC AGC TTC TGC CGG CAC TGC CTA GCT TTA TGG TGG GCC TCT TCG AAG AAA ACA GAG TGT CCG GAA TGC AGA GAA AAA TGG GAA GGT TTC CCC AAA GTC AAT ATT CTC CTC AGG GAT GCC ATC GAA AAA TTA TTT CCT GAT GCC ATT AGA ATG CGA TTT GAA GAC ATT CAG CAG AAT AAT GAC ATA GTC CAG AGT CTC GCA GCC TTT CAG AAA TAT GGG AAT GAT CAA GTT CCT TTA GCT CCC AAC ACA GGC CGA GTG AAT CCG CAG AGA GGC GGG GGA TTC TTT TCT GGA GTG CTC ACC GCT TTA ACT GGT GTG GCA GTG GTC CTG CTT GTG TAT CAC TGG AGC AGC AGG GAA TCT GAG CAT GAC CTC CTG GTC CAT AAG GCT GTG GCC AAA TGG ACA GCA GAA GAA GTG GTC CTC TGG CTG GAG CAG CTG GGC CCT TGG GCC TCT CTC TAC AGA GAC CGA TTT TTA GCA GAA AGA GTC AAT GGA AGG TTG CTT TTA ACT CTG ACA GAG GAA GAA TTT TCA AGG GCG CCA TAT ACC ATA GAA AAC AGC AGC CAC AGA AGA GCC ATC CTT CTG GAA CTG GAG CGT GTC AAA GCA CTA GGT GTG AAG CCC CCA CAA AAT CTC TGG GAA TAT AAG GCC GTG AAC CCA GGC AGG TCC CTG TTC CTG CTC TAT GCC CTC AAA AGC TCC CCA AGA CTC GGG CTG CTG TAC CTC TAC CTG TTT GAC TAC ACA GAC ACT TTC CTA CCA TTC ATC CAC ACC ATC TGC CCT CTG CAA GAA GAC AGT CCT GGG GAG GAC ATC CTC ACT AAG CTT CTG GAT CTC AGA GAG CCC ACA TGG AAG CAG TGG AGA GAA TTC CTT GTC AAG TAC TCC TTC CTT CCG TAC CAG CTG ATT GCT GAA TTT GCT TGG GAC TGG CTG GAG GTC CAT TAC TGG ACG TCA CGG TTC CTC ATT GTC AAT GCC ATG TTA CTC TCG GTT CTG GAA TTA TTC TCC TTT TGG AGG ATC TGG TCA CGA AGC GAA CTG AAG ACC GTG CCT CAG AGG ATG TGG AGC CAT TTT TGG AAA GTA TCG ACA CAG GGG CTC TTC GTG GCC ATG TTC TGG CCT CTC ATT CCT CAG TTT GTT TGC AAC TGC TTA TTT TAC TGG GCT CTG TAC TTC AAC CCA ATC ATT AAC ATT GAT CTC GTG GTC AAG GAA GTC CGA CAG CTG GAA ACC CAA GTG TTG 
Homo sapiens                               ATG GAG GAA CCT CAG AAA AGC TAT GTG AAC ACA ATG GAC CTT GAG AGA GAT GAA CCT CTC AAA AGC ACC GGC CCT CAG ATT TCT GTT AGT GAA TTT TCT TGC CAC TGC TGC TAC GAC ATC CTG GTT AAC CCC ACC ACC TTG AAC TGT GGG CAC AGC TTC TGC CGT CAC TGC CTT GCT TTA TGG TGG GCA TCT TCA AAG AAA ACA GAA TGT CCA GAA TGC AGA GAA AAA TGG GAA GGT TTC CCC AAA GTC AGT ATT CTC CTC AGG GAT GCC ATT GAA AAG TTA TTT CCT GAT GCC ATT AGA CTG AGA TTT GAA GAC ATT CAG CAG AAT AAT GAC ATA GTC CAA AGT CTT GCA GCC TTT CAG AAA TAT GGG AAT GAT CAG ATT CCT TTA GCT CCT AAC ACA GGC CGA GCG AAT CAG CAG ATG GGA GGG GGA TTC TTT TCC GGT GTG CTC ACA GCT TTA ACT GGA GTG GCA GTG GTC CTG CTC GTC TAT CAC TGG AGC AGC AGG GAA TCT GAA CAC GAC CTC CTG GTC CAC AAG GCT GTG GCC AAA TGG ACG GCG GAA GAA GTT GTC CTC TGG CTG GAG CAG CTG GGC CCT TGG GCA TCT CTT TAC AGG GAA AGG TTT TTA TCT GAA CGA GTA AAT GGA AGG TTG CTT TTA ACT TTG ACA GAG GAA GAA TTT TCC AAG ACG CCC TAT ACC ATA GAA AAC AGC AGC CAC AGG AGA GCC ATC CTC ATG GAG CTA GAA CGT GTC AAA GCA TTA GGC GTG AAG CCC CCC CAG AAT CTC TGG GAA TAT AAG GCT GTG AAC CCA GGC AGG TCC CTG TTC CTG CTA TAC GCC CTC AAG AGC TCC CCC AGG CTG AGT CTG CTC TAC CTG TAC CTG TTT GAC TAC ACC GAC ACC TTC CTA CCT TTC ATC CAC ACC ATC TGC CCT CTG CAA GAA GAC AGC TCT GGG GAG GAC ATC GTC ACC AAG CTT CTG GAT CTT AAG GAG CCT ACG TGG AAG CAG TGG AGA GAG TTC CTG GTC AAA TAC TCC TTC CTT CCA TAC CAG CTG ATT GCT GAG TTT GCT TGG GAC TGG TTG GAG GTC CAT TAC TGG ACA TCA CGG TTT CTC ATC ATC AAT GCT ATG TTA CTC TCA GTT CTG GAA TTA TTC TCC TTT TGG AGA ATC TGG TCG AGA AGT GAA CTG AAG ACC GTG CCT CAG AGG ATG TGG AGC CAT TTC TGG AAA GTA TCA ACG CAG GGG CTT TTT GTG GCC ATG TTC TGG CCC CTC ATC CCT CAG TTT GTT TGC AAC TGT TTG TTT TAC TGG GCC CTG TAC TTT AAC CCA ATT ATT AAC ATT GAT CTT GTG GTC AAG GAA CTC CGG CGG CTG GAA ACC CAG GTG TTG 
Pan troglodytes                            ATG GAG GAA CCT CAG AAA AGC TAT GTG AAC ACA ATG GAC CTT GAG AGA GAC GAA CCT CTC AAA AGC ACC GGC CCT CAG ATT TCT GTT AGT GAA TTT TCT TGC CAC TGC TGC TAC GAC ATC CTG GTT AAC CCC ACC ACC TTG AAC TGT GGG CAC AGC TTC TGC CGT CAC TGC CTT GCT TTA TGG TGG GCA TCT TCA AAG AAA ACA GAA TGT CCA GAA TGC AGA GAA AAA TGG GAA GGT TTC CCC AAA GTC AAT ATT CTC CTC AGG GAT GCC ATT GAA AAG TTA TTT CCT GAT GCC ATT AGA CTG AGA TTT GAA GAC ATT CAG CAG AAT AAT GAC ATA GTC CAA AGT CTT GCA GCC TTT CAG AAA TAT GGG AAT GAT CAG ATT CCT TTA GCT CCT AAC ACA GGC CGA GCG AAT CAG CAG AGG GGA GGG GGA TTC TTT TCC GGT GTG CTC ACA GCT TTA ACT GGA GTG GCA GTG GTC CTG CTC GTC TAT CAC TGG AGC AGC AAG GAA TCT GAA CAC GAC CTC CTG GTC CAC AAG GCT GTG GCC AAA TGG ACG GCG GAA GAA GTT GTC CTC TGG CTG GAG CAG CTG GGC CCT TGG GCA TCT CTT TAC AGG GAA AGG TTT TTA TCT GAA CGA GTA AAT GGA AGG TTA CTT TTA ACT TTG ACA GAG GAA GAA TTT TCC AAG ACG CCC TAT ACC ATA GAA AAC AGC AGC CAC AGG AGA GCC ATC CTC ATG GAG CTA GAA CGT GTC AAA GCA TTA GGC GTG AAG CCC CCC CAG AAT CTC TGG GAA TAT AAG GCT GTG AAC CCA GGC AGG TCC CTG TTC CTG CTA TAC GCC CTC AAG AGC TCC CCC AGG CTG AGT CTG CTC TAC CTG TAC CTG TTT GAC TAC ACC GAC ACC TTC CTA CCT TTC ATC CAC ACC ATC TGC CCT CTG CAA GAA GAC AGC TCT GGG GAG GAC ATC GTC ACC AAG CTT CTG GAT CTT AAG GAG CCT ACG TGG AAG CAG TGG AGA GAG TTC CTG GTC AAA TAC TCC TTC CTT CCA TAC CAG CTG ATT GCT GAG TTT GCT TGG GAC TGG TTG GAG GTC CAT TAC TGG ACA TCA CGG TTT CTC ATC ATC AAT GCT ATG TTA CTC TCA GTT CTG GAA TTA TTC TCC TTT TGG AGA ATC TGG TCG AGA AGT GAA CTG AAG ACC GTG CCT CAG AGG ATG TGG AGC CAT TTC TGG AAA GTA TCA ACG CAG GGG CTT TTT GTG GCC ATG TTC TGG CCC CTC ATC CCT CAG TTT GTT TGC AAC TGT TTG TTT TAC TGG GCC CTG TAC TTT AAC CCA ATT ATT AAC ATT GAT CTT GTG GTC AAG GAA CTC CGG CGG CTG GAA ACC CAG GTG TTG 



Printing out site pattern counts


         6        996  P

Bos taurus                                  AAA AAA AAA AAA AAA AAA AAC AAC AAC AAC AAC AAG AAG AAG AAG AAG AAG AAT AAT AAT AAT AAT AAT ACA ACA ACA ACA ACA ACA ACC ACC ACC ACC ACC ACC ACC ACG ACG ACT ACT AGA AGA AGA AGA AGA AGA AGA AGA AGC AGC AGC AGC AGC AGC AGC AGC AGC AGC AGC AGG AGG AGG AGG AGG AGG AGG AGT AGT ATA ATA ATA ATC ATC ATC ATC ATC ATC ATC ATG ATG ATG ATG ATG ATT ATT ATT ATT ATT ATT CAA CAC CAC CAC CAC CAC CAC CAG CAG CAG CAG CAG CAG CAG CAG CAG CAG CAT CAT CCA CCA CCA CCC CCC CCC CCC CCC CCC CCC CCC CCG CCG CCG CCG CCT CCT CCT CCT CCT CCT CGA CGA CGA CGA CGA CGC CGC CGG CGG CGG CGG CTA CTA CTA CTC CTC CTC CTC CTC CTC CTC CTC CTC CTC CTC CTC CTC CTG CTG CTG CTG CTG CTG CTG CTG CTG CTG CTG CTG CTG CTG CTG CTG CTG CTG CTG CTG CTT CTT CTT CTT CTT CTT CTT GAA GAA GAA GAA GAA GAA GAC GAC GAC GAC GAC GAC GAC GAG GAG GAG GAG GAG GAG GAG GAG GAG GAG GAT GAT GAT GAT GAT GCA GCA GCA GCA GCC GCC GCC GCC GCC GCC GCC GCC GCC GCC GCC GCC GCC GCG GCT GCT GCT GCT GGA GGA GGA GGC GGC GGC GGG GGG GGG GGG GGG GGG GGG GGG GGT GGT GGT GGT GTA GTC GTC GTC GTC GTC GTC GTC GTC GTG GTG GTG GTG GTG GTG GTG GTG GTG GTG GTT GTT GTT GTT GTT TAC TAC TAC TAC TAC TAC TAT TCA TCA TCA TCC TCC TCC TCC TCC TCC TCC TCC TCC TCC TCG TCG TCG TCT TCT TCT TCT TGC TGC TGG TGT TGT TGT TGT TGT TGT TTA TTA TTA TTA TTA TTC TTC TTC TTC TTC TTC TTC TTG TTG TTG TTT TTT TTT TTT TTT TTT
Rattus norvegicus                           AAA AAA AAA AAG AGA GAA AAC AAC AAT AAT AAT AAA AAG AAG AAG AAG AGG AAC AAT AAT AAT AGT GAT ACA ACA ACA ACA ACG ACG ACA ACA ACC ACC ACC AGT TCC AAT ACA ACT ACT AAA AAA AGA AGA AGA AGA AGA AGG AAC AGC AGC AGC AGC AGC AGC AGT CGC GGC GGG AGA AGA AGG AGG AGG AGG AGG AGC AGT ATA GTA TTC ACC ATC ATC ATC ATC ATC ATT ATG ATG ATG ATG ATG ATC ATT ATT ATT ATT GTG CAG AGC CAA CAC CAC CAC GGC AAA CAA CAA CAG CAG CAG CAG CAG CAG CAG CAC CAG CCA CCA CCT CCA CCA CCA CCC CCC CCC CCC CCG CAG CCA CCG CCT CCC CCC CCT CCT CCT CCT AGA AGA AGA CGA CGA AGA CGC CAT CGC CGG CGG CTA CTG TTA CTC CTC CTC CTC CTC CTC CTG CTG CTG CTT CTT CTT GTC CTA CTA CTC CTG CTG CTG CTG CTG CTG CTG CTG CTG CTT TTA TTA TTA TTG TTG TTG TTG CAG CTC CTG CTG CTT CTT CTT GAA GAA GAA GAA GAG GAG GAC GAC GAC GAC GAC GAG GAT AGA CAT GAA GAA GAA GAG GAG GAG GAG GAG AGC GAC GAC GAT GAT AGA ATG GCA GCA ATG GAC GCC GCC GCC GCC GCC GCC GCC GCT GCT GCT GTC ACA GCA GCA GCC GCT GGA GGA GGC GGC GGG GGT GGC GGC GGC GGG GGG GGG GGT GTG AGC GGA GGC GGT GTA ATC ATC GTC GTC GTC GTC GTG GTG ATG GTA GTA GTC GTC GTG GTG GTG GTG GTG ATT GTC GTT GTT GTT TAC TAC TAC TAT TAT TTC TAC TCA TCG TTA ACC TCA TCA TCC TCC TCC TCC TCT TCT TCT TCA TCG TCT TCC TCT TCT TTT TGC TGC TGG CCT TGC TGT TGT TGT TGT TTA TTA TTA TTA TTG TTC TTC TTC TTT TTT TTT TTT TTA TTC TTG GTT TAT TTC TTC TTT TTT
Gallus gallus                               AAA AAG AGA AGG AAA --- AAC AAT AAC AAT AGT AAA AAA AAG AAG AAG AAA AAC AAC AAT GCA AGT --- AAT ACA ACA ATG ACC ACT ACT ACT ACA ACC AGT GCT GCT ATT ACA ACC ACT AAA GAA AAA AAA AAA AGA AGA AAA AAC AAA AAC AAT AGC AGT GGG AAT AGT GGT GCT AGA CGA AAA AAG AGA AGA AGG AGA AGC ATA GTA GTC ATT ATG ATT ATT CTC GTA ATT --- ACA ATG CAA GTT ATC ATA ATT ATT GTG GTT CAA AAC CAG CAC CAC CAT GAT ATG CAA CGC CAA CAC CAG CAG CCT CGA CGG CAT --- CCA CCA --- CCA CCT CCT CCA CCC CCC CCG CCT --- CCA CCA CCT CCT TCT CCA CCT CGG TCC AAG AGA AGA AGA AGG AGA TGT GAT AGA AGA CGT CTG TTA TTA ACA ATC CTC CTG CTT TTT CTC CTT TTA ACT CTC TTA --- CTA TTA TTA CTC CTG CTG CTT GTT TTA TTA TTG TTG CTT CTA TTG TTG ATG CTG CTG CTT ACC TTG CTA CTT CTT CTT TTA GAA GAA GAG GAT GAA GAG GAA GAA GAC GAT GAT GAA GAT --- --- CCT GAA GAG --- --- GAA GAA GAT ACA GAA GAC GAC GAT CGC GTG GAG GCA GTG GCT ACC ACT GCA GCC GCC GCT GTT CCT GCA GCC GCG GCA GCC GCT GCT GCT GGA GGA GGA GGC GGA GGT --- GGA GGG AGA GGG GGT TGT ATT CAA GGG AGT GGA GTG ATA GTA GTA GTC GTG GTT GTC GTG GTT GTC GTT GCA GTA ATT GGG GTA GTC GTT ATT GTC GTC GTG GTT TAC TAT TAT TAC TAT TTC TAC TCA TCA ACA ACA TCT TCT ATA CTC TCA TCA TCA TCC TTT TCC TCA TCT ACA ATG TCC TAT TGC TGT TGG --- TGT TGC TGT TGT TGT CTA CTG TTA TTG TTA TTC TTC TTT TTC TTT TTT TTT CTC CAG CTG AAA TAT TTT TTT TTC TTT
Canis lupus familiaris                      AAA AAA AAA AAA AAA AAC AAC AAC AAT AAT AAT AAA AAG AAA AAG AAG AGG AAT AAT AAT AAC AGT GAT ACA ACA ACC ACA ACA ACA ACA ACC ACC ACC ACC ACC ACT GTT ACG ACT ACT AAA AGA AGA AGA AGA AGA CGA AGA AAC AGC AGC AGC AGC AGC AGC AGC AGC AGC ACC AGG AGA AGG AGG AGG CGA AGG AGC AGT ATA ATA CTC ATC ATC ATC ATT ATC GTC ATT ATG CTG ATG ATG ATG ATC ATT ATC ATT ATT GTT CAA AAC CAA CAC CAT CAC GAC CAA CAA CAG CAG CAG CAA CAG CCG CAG CAG CAT CAG CCA CCG CCC CCA CCA CCC CCC CCC CCC CCA CCT CCG CCA CCG CCA CCT CCT CCT CCT CCT CCT AGA AGA CGA CGA CGA AGA CGT CAT CGG CGG CAG CTG TTA CTA CTT CTC CTC CTC CTC CTC CTC CTC CTC CTT CTC CTT CTC CTA CTG CTC CTG CTG CTG CTG CTG CTA CTG CTG CTG CTT CTG TTA TTA CTG CTG CTG CTG CAT CTT CTG CTC CTC CTT CTC GAA GAA GAA GAA GAA GAA GAC GAC GAC GAC GAT GAG GAC AAG GAT GAC GAA GAG GAA GAG GAA GAG GAG AAC GAT GAT GAT GAT GTG GCA GCG GCA GCC GCC GCC GCA GCC GCC GCC GCC GCC GCT GCC GCT GCC GCA GCT GCT GCT GCT GGA GGC GGA GGC GGC GGT GGG GGC GGG GGG GGG GGG GGT GTG AGT GGA GGG GGT GTC GTC GTC GTC GTC GTC GTC GTC GTG GTG GTA GTG GTC GTG GTG GTG GTG GTC GTG ATC GTT GTT GTG GTT TAC TAC TAT TAC TAT TTT TAT TCA TCA TTA ACT TCC TCT TCC TCT TCC TCT TCT TCC TCT TCG TCG TCG TCA GCA TCT CCT TGC TGC TGG TCT TGC TGT TGC TGT TGT TTA TTA TTA TTA TTA TTC TTT TTC TTC TTC TTT TTT TTG TTG TTG TTT TAT TTC TTT TTT TTT
Homo sapiens                                AAA AAA AAA AAG AAA AGA AAC AAC AAT AAT AAT AAA AAG AAG AAA AAG AAG AGT AAT AAT AGC AGT GAT ACA ACA ACA ACA ACG ACG ACC ACC ACC ACC ACC ACC ACC ATT ACA ACT ACT AAA AGA AGA AGG CGA AGA AGA AAG AAC AGC AGC AGC AGC AGC AGC AGC AGC GGC GAC AGG ATG AGG AGA AGG AGG AGG AGT AGT ATA ATA GTC ATC ATC ATC ATC ATC GTC ATC ATG ATG ATG CTG ATG ATC ATT ATT ATT ATT GTT CAA AAC CAG CAC CAC CAC GAC AAA CAG CAA CAG CAG CAG CAG CAG CAG CAG CAT CAG CCA CCA CCT CCA CCC CCC CCT CCC CCT CCT CCC CAG CCC CCA CCC CCT CCT CCT CCT CCT CCT AGG AGA CGA AGA CGG AGG CGT CAC CGG CGT CGG CTG TTA CTT CTC CTC CTC CTC CTC CTC CTC CTT CTG CTG CTG CTT CTC CTA CTC CTA CTG CTG TTG CTG GTG TTA CTG CTA CTG CTC CTG TTA TTG CTG CTG TTG CTG CTT CTT CTG CTT CTT CTT CTT GAA GAG GAA GAA GAA GAA GAA GAC GAC GAC GAT GAG GAC AAA GAA GAG GAA GAG GAG GAA GAG GAA GAG AAC TAT GAT GAT GAT ATG ACA ACG GCA GCA GCC GCC GCA GCC GCC GCT GCA GCC GCT GCT GCC GCC GCG GCT GCT GCT GCT GGA GGA GGT GGC GGC GGC GGG GGC GGG GGG GGG GGG GGA GCG AGC GGA AGT GGT GTA CTC GTC ATC GTC GTC GTC GTC GTG GTG GTA GTG GTC GTG GTG GTC GTG GTC GTG ATT GTT GTT GTT GTT TAC TAC TAC TAC TAT TTT TAT TCG TCA TTA ACC TCC TCT TCC TCT TCC TCC TCT TCC TCT TCA TCA TCA TCC TCT TCT TCT TGC TGC TGG CCT TGC TGT TGT TGC TGT TTA TTA TTA TTA TTA TTC TTT TTC TTC TTC TTC TTT TTG TTG TTG TTT TAT TTT TTT TTT TTT
Pan troglodytes                             AAA AAA AAA AAG AAA AGA AAC AAC AAT AAT AAT AAA AAG AAG AAA AAG AAG AAT AAT AAT AGC AGT GAC ACA ACA ACA ACA ACG ACG ACC ACC ACC ACC ACC ACC ACC ATT ACA ACT ACT AAA AGA AGA AGG CGA AGA AGA AAG AAC AGC AGC AGC AGC AGC AGC AGC AGC GGC GAC AAG AGG AGG AGA AGG AGG AGG AGT AGT ATA ATA GTC ATC ATC ATC ATC ATC GTC ATC ATG ATG ATG CTG ATG ATC ATT ATT ATT ATT GTT CAA AAC CAG CAC CAC CAC GAC AAA CAG CAA CAG CAG CAG CAG CAG CAG CAG CAT CAG CCA CCA CCT CCA CCC CCC CCT CCC CCT CCT CCC CAG CCC CCA CCC CCT CCT CCT CCT CCT CCT AGG AGA CGA AGA CGG AGG CGT CAC CGG CGT CGG CTG TTA CTT CTC CTC CTC CTC CTC CTC CTC CTT CTG CTG CTG CTT CTC CTA CTC CTA CTG CTG TTG CTG GTG TTA CTG CTA CTG CTC CTG TTA TTG CTG CTG TTG CTG CTT CTT CTG CTT CTT CTT CTT GAA GAG GAA GAA GAA GAA GAA GAC GAC GAC GAT GAG GAC AAA GAA GAG GAA GAG GAG GAA GAG GAA GAG AAC TAT GAT GAT GAT ATG ACA ACG GCA GCA GCC GCC GCA GCC GCC GCT GCA GCC GCT GCT GCC GCC GCG GCT GCT GCT GCT GGA GGA GGT GGC GGC GGC GGG GGC GGG GGG GGG GGG GGA GCG AGC GGA AGT GGT GTA CTC GTC ATC GTC GTC GTC GTC GTG GTG GTA GTG GTC GTG GTG GTC GTG GTC GTG ATT GTT GTT GTT GTT TAC TAC TAC TAC TAT TTT TAT TCG TCA TTA ACC TCC TCT TCC TCT TCC TCC TCT TCC TCT TCA TCA TCA TCC TCT TCT TCT TGC TGC TGG CCT TGC TGT TGT TGC TGT TTA TTA TTA TTA TTA TTC TTT TTC TTC TTC TTC TTT TTA TTG TTG TTT TAT TTT TTT TTT TTT



    2    1    1    1    1    1    3    3    1    2    1    1    4    1    1
    4    1    1    1    2    1    1    1    1    1    1    1    1    2    1
    1    1    3    1    1    1    1    1    1    1    1    1    1    1    1
    1    1    1    1    1    1    1    1    1    1    1    1    1    1    1
    1    1    1    1    1    2    1    1    1    1    1    1    1    2    1
    1    1    1    1    1    2    1    1    1    1    1    4    2    1    1
    1    1    4    1    2    1    1    1    1    1    1    1    6    1    1
    1    2    1    1    1    1    1    1    1    1    2    1    1    1    1
    1    1    1    1    1    1    2    1    1    1    1    1    1    1    1
    1    1    1    1    1    1    1    1    1    1    3    1    3    1    1
    2    1    1    1    1    1    1    1    1    1    3    1    1    1    1
    1    1    3    1    1    1    1    2    1    1    1    1    1    1    1
    1    1    1    9    1    5    1    2    1    1    1    3    3    1    1
    1    1    1    1    1    2    1    1    2    3    2    1    1    1    1
    2    1    1    1    2    1    1    1    1    2    1    1    1    1    1
    1    1    1    1    1    1    1    2    1    1    1    1    1    1    1
    1    1    1    1    1    1    1    1    1    1    1    1    1    1    1
    1    2    1    1    1    1    1    2    1    2    1    1    2    1    1
    1    1    1    1    1    3    5    2    1    1    1    2    1    1    1
    1    1    1    1    1    1    1    1    1    1    1    1    1    1    1
    1    1    5    1   19    1    1    1    1    1    1    1    1    1    1
    1    3    1    4    2    1    1    1    1    1    1    1    1    3    1
    2    5

CODONML (in paml version 4.4b, July 2010)  torun.nuc
Model: One dN/dS ratio for branches Global clock 
Codon frequency model: F3x4
ns =   6  ls = 450

Codon usage in sequences
--------------------------------------------------------------------------------------------------------------
Phe TTT 13 13 18 13 15 15 | Ser TCT  4  6  4  7  7  7 | Tyr TAT  2  3 10  6  5  5 | Cys TGT  6  4  7  3  3  3
    TTC 13 15  9 13 11 11 |     TCC 10  6  4  4  6  6 |     TAC 13 12  6  9 11 11 |     TGC  6  7  6  8  8  8
Leu TTA  5 10 11  9  9 10 |     TCA  3  4  6  3  4  4 | *** TAA  0  0  0  0  0  0 | *** TGA  0  0  0  0  0  0
    TTG  3  7  8  3  6  5 |     TCG  3  2  0  3  1  1 |     TAG  0  0  0  0  0  0 | Trp TGG 19 19 19 19 19 19
--------------------------------------------------------------------------------------------------------------
Leu CTT  7  7 11  6 10 10 | Pro CCT  7  8 10  9 12 12 | His CAT  3  2  4  5  2  2 | Arg CGT  0  0  1  1  2  2
    CTC 18 12  9 20 15 15 |     CCC  9  7  3  6  7  7 |     CAC 10  9  6  6  8  8 |     CGC  2  3  2  0  0  0
    CTA  3  3  4  3  3  3 |     CCA  3  6  7  6  4  4 | Gln CAA  1  3  5  5  2  2 |     CGA  5  2  2  5  2  2
    CTG 25 20 10 22 20 20 |     CCG  4  2  1  4  0  0 |     CAG 15 16  9 13 16 16 |     CGG  4  2  2  2  3  3
--------------------------------------------------------------------------------------------------------------
Ile ATT 10 10 14  9 10 10 | Thr ACT  2  2  7  4  2  2 | Asn AAT  7  9 10  8  7  8 | Ser AGT  2  4  6  3  5  4
    ATC  8  9  2  8  9  9 |     ACC  9  7  7  9 10 10 |     AAC 10  8  9 11  9  9 |     AGC 11 10  2 10 10 10
    ATA  3  1  4  2  2  2 |     ACA  7  8 10  7  6  6 | Lys AAA  7  8 17  9 10 10 | Arg AGA  8 14 14 10  8  8
Met ATG  6  9  8  5  7  6 |     ACG  2  3  0  1  4  4 |     AAG 12 11  9 10 12 13 |     AGG  8  8  4  7  9  9
--------------------------------------------------------------------------------------------------------------
Val GTT  5  4 10  5  5  5 | Ala GCT  5  5  9  7  8  8 | Asp GAT  6  5 12  8  6  5 | Gly GGT  4  3  3  3  2  2
    GTC  9 11  7 12 11 11 |     GCC 14  9  4 11  8  8 |     GAC 11 12  5 11 10 11 |     GGC  3  8  1  4  5  5
    GTA  1  5  8  1  2  2 |     GCA  5  5  8  6  5  5 | Glu GAA 19 21 23 23 25 25 |     GGA  3  3  6  3  4  4
    GTG 13 10  9 14 11 11 |     GCG  1  0  1  1  2  2 |     GAG 15 13  9  9 10 10 |     GGG  8  5  5  6  5  5
--------------------------------------------------------------------------------------------------------------

Codon position x base (3x4) table for each sequence.

#1: Bos taurus     
position  1:    T:0.22222    C:0.25778    A:0.24889    G:0.27111
position  2:    T:0.31556    C:0.19556    A:0.29111    G:0.19778
position  3:    T:0.18444    C:0.34667    A:0.16222    G:0.30667
Average         T:0.24074    C:0.26667    A:0.23407    G:0.25852

#2: Rattus norvegicus
position  1:    T:0.24000    C:0.22667    A:0.26889    G:0.26444
position  2:    T:0.32444    C:0.17778    A:0.29333    G:0.20444
position  3:    T:0.18889    C:0.32222    A:0.20667    G:0.28222
Average         T:0.25111    C:0.24222    A:0.25630    G:0.25037

#3: Gallus gallus  
position  1:    T:0.24714    C:0.19680    A:0.28146    G:0.27460
position  2:    T:0.32494    C:0.18535    A:0.30664    G:0.18307
position  3:    T:0.31121    C:0.18764    A:0.28604    G:0.21510
Average         T:0.29443    C:0.18993    A:0.29138    G:0.22426

#4: Canis lupus familiaris
position  1:    T:0.22222    C:0.25111    A:0.25111    G:0.27556
position  2:    T:0.32222    C:0.19556    A:0.29556    G:0.18667
position  3:    T:0.21556    C:0.31556    A:0.20444    G:0.26444
Average         T:0.25333    C:0.25407    A:0.25037    G:0.24222

#5: Homo sapiens   
position  1:    T:0.23333    C:0.23556    A:0.26667    G:0.26444
position  2:    T:0.32444    C:0.19111    A:0.29556    G:0.18889
position  3:    T:0.22444    C:0.30667    A:0.19111    G:0.27778
Average         T:0.26074    C:0.24444    A:0.25111    G:0.24370

#6: Pan troglodytes
position  1:    T:0.23333    C:0.23556    A:0.26667    G:0.26444
position  2:    T:0.32222    C:0.19111    A:0.30000    G:0.18667
position  3:    T:0.22222    C:0.30889    A:0.19333    G:0.27556
Average         T:0.25926    C:0.24519    A:0.25333    G:0.24222

Sums of codon usage counts
------------------------------------------------------------------------------
Phe F TTT      87 | Ser S TCT      35 | Tyr Y TAT      31 | Cys C TGT      26
      TTC      72 |       TCC      36 |       TAC      62 |       TGC      43
Leu L TTA      54 |       TCA      24 | *** * TAA       0 | *** * TGA       0
      TTG      32 |       TCG      10 |       TAG       0 | Trp W TGG     114
------------------------------------------------------------------------------
Leu L CTT      51 | Pro P CCT      58 | His H CAT      18 | Arg R CGT       6
      CTC      89 |       CCC      39 |       CAC      47 |       CGC       7
      CTA      19 |       CCA      30 | Gln Q CAA      18 |       CGA      18
      CTG     117 |       CCG      11 |       CAG      85 |       CGG      16
------------------------------------------------------------------------------
Ile I ATT      63 | Thr T ACT      19 | Asn N AAT      49 | Ser S AGT      24
      ATC      45 |       ACC      52 |       AAC      56 |       AGC      53
      ATA      14 |       ACA      44 | Lys K AAA      61 | Arg R AGA      62
Met M ATG      41 |       ACG      14 |       AAG      67 |       AGG      45
------------------------------------------------------------------------------
Val V GTT      34 | Ala A GCT      42 | Asp D GAT      42 | Gly G GGT      17
      GTC      61 |       GCC      54 |       GAC      60 |       GGC      26
      GTA      19 |       GCA      34 | Glu E GAA     136 |       GGA      23
      GTG      68 |       GCG       7 |       GAG      66 |       GGG      34
------------------------------------------------------------------------------

(Ambiguity data are not used in the counts.)


Codon position x base (3x4) table, overall

position  1:    T:0.23297    C:0.23409    A:0.26386    G:0.26907
position  2:    T:0.32229    C:0.18943    A:0.29699    G:0.19129
position  3:    T:0.22404    C:0.29847    A:0.20692    G:0.27056
Average         T:0.25977    C:0.24066    A:0.25592    G:0.24364

Codon frequencies under model, for use in evolver (TTT TTC TTA TTG ... GGG):
  0.01756457  0.02339997  0.01622243  0.02121170
  0.01032375  0.01375356  0.00953489  0.01246738
  0.01618536  0.02156256  0.00000000  0.00000000
  0.01042516  0.01388867  0.00000000  0.01258985
  0.01764874  0.02351211  0.01630017  0.02131335
  0.01037322  0.01381948  0.00958058  0.01252713
  0.01626293  0.02166590  0.01502025  0.01963978
  0.01047512  0.01395523  0.00967470  0.01265019
  0.01989342  0.02650253  0.01837332  0.02402411
  0.01169255  0.01557712  0.01079910  0.01412041
  0.01833135  0.02442150  0.01693061  0.02213769
  0.01180741  0.01573014  0.01090518  0.01425911
  0.02028624  0.02702585  0.01873612  0.02449849
  0.01192343  0.01588471  0.01101234  0.01439923
  0.01869332  0.02490373  0.01726493  0.02257482
  0.01204056  0.01604075  0.01112052  0.01454068



Nei & Gojobori 1986. dN/dS (dN, dS)
(Pairwise deletion)
(Note: This matrix is not used in later ML. analysis.
Use runmode = -2 for ML pairwise comparison.)

Bos taurus          
Rattus norvegicus    0.0989 (0.0649 0.6558)
Gallus gallus       -1.0000 (0.1498 -1.0000)-1.0000 (0.1403 -1.0000)
Canis lupus familiaris 0.0935 (0.0383 0.4096) 0.0817 (0.0476 0.5823) 0.0575 (0.1317 2.2895)
Homo sapiens         0.1123 (0.0481 0.4281) 0.0800 (0.0503 0.6292) 0.0484 (0.1290 2.6669) 0.0809 (0.0345 0.4259)
Pan troglodytes      0.1071 (0.0470 0.4391) 0.0772 (0.0488 0.6322) 0.0462 (0.1269 2.7475) 0.0749 (0.0330 0.4397) 0.4423 (0.0029 0.0065)


TREE #  1:  ((((5, 6), 2), (1, 4)), 3);   MP score: -1
lnL(ntime:  5  np:  7):  -4183.561861      +0.000000
   7..8     8..9     9..10   10..5    10..6     9..2     8..11   11..1    11..4     7..3  
 0.783030 0.251972 0.251971 0.006267 0.191688 2.727390 0.103136
SEs for parameters:
 0.054094 0.014332 0.017810 0.002826 0.016024 0.258431 0.008924

tree length =   2.26796

((((5: 0.006267, 6: 0.006267): 0.245704, 2: 0.251971): 0.000000, (1: 0.191688, 4: 0.191688): 0.060283): 0.531058, 3: 0.783030);

((((Homo sapiens: 0.006267, Pan troglodytes: 0.006267): 0.245704, Rattus norvegicus: 0.251971): 0.000000, (Bos taurus: 0.191688, Canis lupus familiaris: 0.191688): 0.060283): 0.531058, Gallus gallus: 0.783030);

Detailed output identifying parameters

kappa (ts/tv) =  2.72739

omega (dN/dS) =  0.10314

dN & dS for each branch

 branch          t       N       S   dN/dS      dN      dS  N*dN  S*dS

   7..8      0.531   977.7   372.3  0.1031  0.0521  0.5051  50.9 188.0
   8..9      0.000   977.7   372.3  0.1031  0.0000  0.0000   0.0   0.0
   9..10     0.246   977.7   372.3  0.1031  0.0241  0.2337  23.6  87.0
  10..5      0.006   977.7   372.3  0.1031  0.0006  0.0060   0.6   2.2
  10..6      0.006   977.7   372.3  0.1031  0.0006  0.0060   0.6   2.2
   9..2      0.252   977.7   372.3  0.1031  0.0247  0.2397  24.2  89.2
   8..11     0.060   977.7   372.3  0.1031  0.0059  0.0573   5.8  21.3
  11..1      0.192   977.7   372.3  0.1031  0.0188  0.1823  18.4  67.9
  11..4      0.192   977.7   372.3  0.1031  0.0188  0.1823  18.4  67.9
   7..3      0.783   977.7   372.3  0.1031  0.0768  0.7448  75.1 277.3

tree length for dN:       0.2225
tree length for dS:       2.1572


Time used:  0:05
