
seed used = 1418762717
      6   1503

castellii                                  ATG GAA TCC AGA TTA GCC AGA TTA ACC ACT TTA CAA GTT ACC GCC GGT GAC AAC TTA AGA AGA ACC TCT ATT ATT GGT ACT ATT GGT CCA AAG ACC AAC AAC CCA GAA GTC TTG GTT GCT CTA AGA AAG GCT GGT TTG AAC ATT GTC CGT ATG AAC TTC TCT CAC GGT TCT TAC GAA TAC CAT CAA TCC GTT ATT GAA AAC GCC AGA AAG TCT GAA GAA CTT TAC CCA GGT AGA CCA TTA GCT ATT GCT TTG GAC ACC AAG GGT CCA GAA ATC AGA ACT GGT ACC ACC ACC GGT GAA GTT GAC TAC CCA ATT CCA CCA AAC CAC GAA ATG ATC TTC TCT ACT GAT GAA AAG TAC GCT AAG GCT TGT GAT GAC AAG GTT ATG TTC GTC GAC TAC GCT AAC ATC ACC AAG GTT ATC TCC AAG GGT AAG ATC ATC TAC GTC GAT GAC GGT GTG TTG TCT TTC GAA GTT TTG GAA GTC GTT GAT GGT AAG ACT TTG AAG GTT AAG TCC TTG AAC GCC GGT AAG ATC TGT TCT CAC AAG GGT GTT AAC TTA CCA GGT ACC GAT GTC GAT TTG CCA GCT TTG TCC GAA AAG GAT AAG GCT GAT TTG AGA TTC GGT GTT AAG AAC GGT GTC CAC ATG GTC TTC GCT TCT TTC ATT AGA ACC GCT CAA GAT GTT TTG ACC ATC AGA GAA GTC TTA GGT GAA GAT GGT AAG GAC ATC AAG ATT GTT GTC AAG ATT GAA AAC CAA CAA GGT GTT AAC AAC TTC GAC GAA ATC TTG AAG GTC ACT GAT GCC GTT ATG GTT GCC AGA GGT GAT TTA GGT ATT GAA ATT CCA GCC CCA GAA GTC TTA GCT GTC CAA AAG AAA TTG ATT GCT AAG TCT AAC TTG GCC GGT AAG CCA GTT ATC TGT GCT ACC CAA ATG TTG GAG TCT ATG ACT TAC AAC CCA AGA CCA ACC AGA GCT GAA GTT TCC GAT GTC GGT AAC GCT ATC TTG GAT GGT GCT GAC TGT GTT ATG TTG TCT GGT GAA ACC GCC AAG GGT AAC TAC CCA ATC AAT GCT GTC ACC ACC ATG GCT GAC ACT GCT TTG ATT GCT GAA CAA GCC ATT GCT TAC CAA CCA TTG TAC GAT GAC TTG AGA AAC TTG ACT CCA AAG CCA ACT TCT ACC ACT GAA ACC GTT GCT GCT TCC GCT GTT GCC GCT GTC TAC GAA CAA AAG GCC AAG GCT ATC ATT GTC TTG TCT ACT TCC GGT ACC ACT CCA AGA TTG GTC TCC AAG TAC AGA CCA GAC TGT CCA ATT ATC TTG GTT ACC AGA AAC CCA AGA GCT GCT AGA TTC TCT CAC TTG TCT AGA GGT GTT TTC CCA TTC GTC TAC GAA GCT GAC TCC GTT GCT GAC TGG ACT GAA GAT GTC GAA TTG AGA TTG AAG TTC GGT ATT GAA AAG GCC ATC GAA ATG GGT GTC ATG AAG AAG GGT GAC ACT TAC GTC TCC ATT CAA GGT TTC AAG GCT GGT GAA GGT CAC TCC AAC ACT TTG CAA GTC TCT AAC GCT 
bayanus                                    --- ATG TCT AGA TTA GAA AGA TTG ACT TCA TTA AAC GTT GTT GCT GGT TCC GAC TTG AGA AGA ACC GCC ATC ATT GGT ACC ATC GGT CCA AAG ACC AAC AAC CCA GAA ACT TTG GTT GCT TTG AGA AAG GCT GGT TTG AAC ATT GTC CGT ATG AAC TTC TCC CAC GGT TCT TAC GAA TAC CAC AAG TCT GTC GTT GAC AAT GCC AGA AAG TCC GAA GAA TTG TAC CCA GGT AGA CCA TTG GCT ATT GCT TTG GAC ACC AAG GGT CCA GAA ATC AGA ACT GGT ACC ACC ACC AAC GAT GTC GAC TAC CCA ATC CCA CCA AAC CAC GAA ATG ATC TTC TCT ACC GAT GAC AAG TAC GCT AAG GCT TGT GAT GAC AAG GTC ATG TTC GTC GAC TAC AAG AAC ATC ACC AAG GTT ATC TCC GCC GGT AAA ATT ATC TAC GTT GAC GAT GGT GTT TTG TCT TTC GAA GTT TTG GAA GTT GTT GAT GAC AAG ACC TTG AAG GTC AAG GCC ATG AAC GCT GGT AAG ATC TGT TCC CAC AAG GGT GTT AAC TTA CCA GGT ACC GAT GTC GAT TTG CCA GCT TTG TCC GAA AAG GAC AAG GAA GAT TTG AGA TTC GGT GTC AGA AAC GGT GTC CAC ATG GTC TTC GCT TCT TTC ATC AGA ACT GCC AAC GAT GTT TTG ACC ATC AGA GAA GTT TTG GGT GAA CAA GGT AAG GAC GTC AAG ATC ATT GTC AAG ATT GAA AAC CAA CAA GGT GTT AAC AAC TTT GAC GAA ATC TTG AAG GTC ACT GAC GGT GTT ATG GTT GCC AGA GGT GAT TTA GGT ATC GAA ATT CCA GCC CCA GAA GTC TTG GCC GTT CAA AAG AAA TTG ATC GCT AAG TCT AAC TTG GCC GGT AAG CCA GTT ATC TGT GCT ACC CAA ATG TTG GAA TCC ATG ACC TAC AAC CCA AGA CCA ACC AGA GCT GAA GTC TCC GAT GTT GGT AAC GCT ATC TTG GAT GGT GCT GAC TGT GTT ATG TTA TCT GGT GAA ACC GCC AAG GGT AAC TAC CCA ATC AAC GCC GTT ACC ACC ATG GCT GAA ACC GCC GTC ATT GCC GAA CAA GCT ATT GCT TAC TTG CCA AAC TAC GAT GAC ATG AGA AAC TGT ACT CCA AAG CCA ACC TCC ACC ACC GAA ACC GTC GCT GCC TCC GCT GTC GCC GCT GTT TTC GAA CAA AAG GCC AAG GCT ATC ATT GTT TTG TCC ACT TCC GGT AAC ACC CCA AGA TTG GTC TCC AAG TAC AGA CCA AAC TGT CCA ATC ATC TTG GTC ACC AGA TGC CCA AGA GCC GCC AGA TTC TCT CAC TTG TAC AGA GGT GTC TTC CCA TTC GTT TTC GAA AAG GAA CCT GTC TCT GAC TGG ACT GAA GAT GTT GAA GCC CGT ATC AAC TTC GGT ATT CAA AAG GCT AAG GAA TTC GGT ATC TTG AAG GAC AAC GAC ACT TAC GTC TCC ATC CAA GGT TTC AAG GCC GGT GCT GGT CAC TCC AAC ACT TTG CAA GTC TCT ACT GTT 
mikatae                                    --- ATG TCT AGA TTA GAA AGA TTG ACC TCA TTA AAC GTT GTT GCT GGT TCT GAC TTG AGA AGA ACC TCC ATC ATT GGT ACC ATC GGT CCA AAG ACC AAC AAC CCA GAA ACC TTG GTT GCT TTG AGA AAG GCT GGT TTG AAC ATT GTT CGT ATG AAC TTC TCT CAC GGT TCT TAC GAA TAC CAC AAG TCT GTC ATT GAC AAC GCC AGA AAG TCC GAA GAA TTA TAC CCA GGT AGA CCA TTG GCC ATT GCT TTG GAC ACC AAG GGT CCA GAA ATT AGA ACT GGT ACC ACC ACC AAC GAC GTT GAC TAC CCA ATC CCA CCA AAC CAC GAA ATG ATC TTC ACC ACT GAT GAC AAG TAC GCT AAG GCT TGT GAC GAC AAG ATC ATG TAC GTT GAC TAC AAG AAC ATC ACC AAG GTC ATC TCC GCT GGT AGA ATC ATC TAC GTT GAT GAT GGT GTT TTG TCT TTC CAA GTC TTG GAA GTT GTT GAT GAC AAG ACT TTG AAG GTC AAG GCT TTG AAC GCC GGT AAG ATC TGT TCC CAC AAG GGT GTT AAC TTA CCA GGT ACC GAT GTC GAT TTG CCA GCT TTG TCT GAA AAG GAC AAG GAA GAT TTG AGA TTC GGT GTC AAG AAC GGT GTC CAC ATG GTC TTC GCT TCT TTC ATC AGA ACT GCC AAC GAT GTT TTG ACC ATC AGA GAA GTC TTG GGT GAA CAA GGT AAG GAT GTC AAG ATC ATT GTC AAG ATT GAA AAC CAA CAA GGT GTC AAC AAC TTT GAC GAA ATC TTG AAG GTC ACT GAC GGT GTT ATG GTT GCC AGA GGT GAC TTG GGT ATT GAA ATC CCA GCT CCA GAA GTC TTG GCC GTT CAA AAG AAG TTG ATT GCT AAA TCT AAC TTG GCC GGT AAG CCA GTT ATC TGT GCT ACC CAA ATG TTG GAA TCC ATG ACT TAC AAC CCA AGA CCA ACC AGA GCT GAA GTT TCC GAT GTC GGT AAC GCT ATC TTG GAT GGT GCT GAC TGT GTT ATG TTG TCT GGT GAA ACC GCC AAG GGT AAC TAC CCA ATC AAT GCC GTC ACT ACC ATG GCT GAA ACC GCC GTC ATT GCT GAA CAA GCT ATT GCT TAC TTG CCA AAC TAC GAT GAC ATG AGA AAC TGT ACT CCA AAG CCA ACC TCC ACC ACC GAA ACC GTT GCT GCC TCT GCC GTC GCT GCC GTT TTC GAA CAA AAG GCC AAG GCT ATC ATT GTC TTG TCC ACT TCT GGT ACT ACC CCA AGA TTG GTT TCC AAG TAC AGA CCA AAC TGT CCA ATC ATC TTG GTT ACC AGA TGC CCA AGA GCT GCT AGA TTC TCT CAC TTG TAC AGA GGT GTC TTC CCA TTC GTT TTC GAA AAG GAA GCT GTC TCT GAC TGG ACT GAA GAT GTT GAA GCC CGT ATC AAC TTC GGT ATT GAA AAG GCT AAG GAA TTC GGT ATC TTG AAG GAC AAC GAC ACT TAC GTT TCC ATC CAA GGT TTC AAG GCC GGT GCT GGT CAC TCC AAC ACT TTG CAA GTC TCT ACC GTT 
kluyveri                                   ATG GAA TCT AGA CTA GGT TGG TTA ACT GAA TTG CAA ACT GAA ACC GGT GCT AAC TTG AGA AGA ACC TCT ATC ATC GGT ACC ATT GGT CCA AAG ACC AAC AAC CCA GAA ACC TTG GTT GCC TTG AGA AAG GCT GGT TTG AAC ATT GTT CGT ATG AAC TTC TCT CAC GGT TCT TAC GAA TAC CAC CAA TCT GTC ATT GAC AAC GCT AGA AAG TCT GAA GAG CTA TAT CCA GGT AGA CCA TTG GCT ATT GCT TTG GAC ACC AAG GGT CCA GAA ATC AGA ACT GGT ACC ACC ACT AAC GAA GTC GAC TAC CCA ATC CCA CCA AAC CAC GAA ATG ATC TTC TCC ATT GAC GAC AAA TAC GCC AAG GCT TGT GAT GAC AAG GTT ATG TAC ATT GAC TAC AAG AAC ATC ACC AAG GTT ATC GAA AAG GGT AAG ATC ATC TAC GTT GAT GAC GGT GTC TTG TCT TTC GAA GTT TTG GAA GTC GTT GAC GAA CAA ACT TTG AAG GTT AAG TCC TTG AAC GCT GGT AAG ATC TGC TCC CAC AAG GGT GTT AAC TTG CCA GGT ACC GAT GTC GAC TTG CCA GCT TTG TCC GAA AAG GAC AAG TCT GAC TTG AGA TTC GGT GTC AAG AAC GGT GTC CAC ATG GTC TTC GCT TCT TTC ATC AGA ACC GCT CAA GAT GTT TTG ACC ATC AGA GAA GTT TTG GGT GAA GAC GGT AAG GAC GTC AAG ATC ATT GTC AAG ATT GAA AAC CAA CAA GGT GTT AAC AAC TTT GAC GAA ATC TTG AAG GTT ACT GAC GGT GTC ATG GTT GCC AGA GGT GAC TTG GGT ATC GAA ATC CCA GCT CCA CAA GTT TTC GCT GTC CAA AAG AAG TTG ATT GCT AAG TGT AAC TTG GCC GGT AAG CCA GTT ATC TGT GCC ACC CAA ATG TTG GAA TCT ATG ACT TAC AAC CCA AGA CCA ACC AGA GCT GAA GTT TCC GAT GTC GGT AAC GCT GTT TTG GAC GGT GCT GAC TGT GTC ATG TTG TCT GGT GAA ACC GCT AAG GGT AAC TAC CCA ATT AAC GCC GTT ACC ATC ATG GCT GAA ACC GCT TTG ATT GCT GAA CAA GCT ATC CCA TAC GTC GCC ACT TAC GAC GAC TTG AGA AAC TTC ACT CCA AAG CCA ACT TCT ACC ACT GAA ACC ATC GCT GCC GCC GCT GTC TCT TCT GTT TTC GAA CAA AAG GCC AAG GCT ATC ATT GTC TTG TCT ACC ACC GGT GAC ACC CCA AGA TTG GTC TCC AAA TAC AAG CCA AAC GTT CCA ATT GTT ATG GTT ACC AGA AAC CCA AGA GCT GCT AGA TTC TCT CAC TTG TAC AGA GGT GTC TTC CCA TTC GTC TAC GAA TCT GAC ACT GAA TCC GAA TGG ACC AAG GAT GTT GAA AGC CGT TTG AAC TTC GGT ATT GCC AAG GCC AAG GAA TTC GGT ATG TTG AAG GAA GGT GAC ACC ATT GTC ACT ATC CAA GGT TTC GCT GCT GGT GTT GGT CAC TCT AAC ACT TTG CGT GTC TTG ACC GTC 
cerevisiae                                 --- ATG TCT AGA TTA GAA AGA TTG ACC TCA TTA AAC GTT GTT GCT GGT TCT GAC TTG AGA AGA ACC TCC ATC ATT GGT ACC ATC GGT CCA AAG ACC AAC AAC CCA GAA ACC TTG GTT GCT TTG AGA AAG GCT GGT TTG AAC ATT GTC CGT ATG AAC TTC TCT CAC GGT TCT TAC GAA TAC CAC AAG TCT GTC ATT GAC AAC GCC AGA AAG TCC GAA GAA TTG TAC CCA GGT AGA CCA TTG GCC ATT GCT TTG GAC ACC AAG GGT CCA GAA ATC AGA ACT GGT ACC ACC ACC AAC GAT GTT GAC TAC CCA ATC CCA CCA AAC CAC GAA ATG ATC TTC ACC ACC GAT GAC AAG TAC GCT AAG GCT TGT GAC GAC AAG ATC ATG TAC GTT GAC TAC AAG AAC ATC ACC AAG GTC ATC TCC GCT GGT AGA ATC ATC TAC GTT GAT GAT GGT GTT TTG TCT TTC CAA GTT TTG GAA GTC GTT GAC GAC AAG ACT TTG AAG GTC AAG GCT TTG AAC GCC GGT AAG ATC TGT TCC CAC AAG GGT GTC AAC TTA CCA GGT ACC GAT GTC GAT TTG CCA GCT TTG TCT GAA AAG GAC AAG GAA GAT TTG AGA TTC GGT GTC AAG AAC GGT GTC CAC ATG GTC TTC GCT TCT TTC ATC AGA ACC GCC AAC GAT GTT TTG ACC ATC AGA GAA GTC TTG GGT GAA CAA GGT AAG GAC GTC AAG ATC ATT GTC AAG ATT GAA AAC CAA CAA GGT GTT AAC AAC TTC GAC GAA ATC TTG AAG GTC ACT GAC GGT GTT ATG GTT GCC AGA GGT GAC TTG GGT ATT GAA ATC CCA GCC CCA GAA GTC TTG GCT GTC CAA AAG AAA TTG ATT GCT AAG TCT AAC TTG GCT GGT AAG CCA GTT ATC TGT GCT ACC CAA ATG TTG GAA TCC ATG ACT TAC AAC CCA AGA CCA ACC AGA GCT GAA GTT TCC GAT GTC GGT AAC GCT ATC TTG GAT GGT GCT GAC TGT GTT ATG TTG TCT GGT GAA ACC GCC AAG GGT AAC TAC CCA ATC AAC GCC GTT ACC ACT ATG GCT GAA ACC GCT GTC ATT GCT GAA CAA GCT ATC GCT TAC TTG CCA AAC TAC GAT GAC ATG AGA AAC TGT ACT CCA AAG CCA ACC TCC ACC ACC GAA ACC GTC GCT GCC TCC GCT GTC GCT GCT GTT TTC GAA CAA AAG GCC AAG GCT ATC ATT GTC TTG TCC ACT TCC GGT ACC ACC CCA AGA TTG GTT TCC AAG TAC AGA CCA AAC TGT CCA ATC ATC TTG GTT ACC AGA TGC CCA AGA GCT GCT AGA TTC TCT CAC TTG TAC AGA GGT GTC TTC CCA TTC GTT TTC GAA AAG GAA CCT GTC TCT GAC TGG ACT GAT GAT GTT GAA GCC CGT ATC AAC TTC GGT ATT GAA AAG GCT AAG GAA TTC GGT ATC TTG AAG AAG GGT GAC ACT TAC GTT TCC ATC CAA GGT TTC AAG GCC GGT GCT GGT CAC TCC AAC ACT TTG CAA GTC TCT ACC GTT 
paradoxus                                  --- ATG TCT AGA TTA GAA AGA TTG ACC TCA TTA AAC GTT GTT GCT GGT TCC GAC TTG AGA AGA ACC TCC ATC ATT GGT ACC ATC GGT CCA AAG ACC AAC AAC CCA GAA ACC TTG GTT GCT TTG AGA AAG GCT GGT TTG AAC ATT GTT CGT ATG AAC TTC TCT CAC GGT TCT TAC GAA TAC CAC AAG TCT GTC ATT GAC AAC GCC AGA AAG TCC GAA GAA TTG TAC CCA GGT AGA CCA TTG GCT ATT GCT TTG GAC ACC AAG GGT CCA GAA ATC AGA ACT GGT ACC ACC ACC AAC GAT GTT GAC TAC CCA ATC CCA CCA AAC CAC GAA ATG ATC TTC ACC ACT GAT GAC AAG TAC GCC AAG GCT TGT GAC GAC AAG ATT ATG TAC GTT GAC TAC AAG AAC ATC ACC AAG GTC ATC TCT GCT GGT AGA ATC ATC TAC GTT GAT GAT GGT GTT TTG TCT TTC CAA GTT TTG GAA GTC GTT GAC GAC AAG ACT TTG AAG GTC AAG GCC TTG AAC GCC GGT AAG ATC TGT TCC CAC AAG GGT GTC AAC TTA CCA GGT ACC GAT GTC GAT TTG CCA GCT TTG TCT GAA AAG GAC AAG GAA GAT TTG AGA TTC GGT GTC AGA AAC GGT GTC CAC ATG GTC TTC GCT TCT TTC ATC AGA ACC GCC AAC GAT GTT TTG ACC ATC AGA GAA GTC TTG GGT GAA CAA GGT AAG GAC GTC AAG ATC ATT GTC AAG ATT GAA AAC CAA CAA GGT GTT AAC AAC TTT GAC GAC ATC TTG AAG GTC ACT GAC GGT GTT ATG GTT GCC AGA GGT GAC TTG GGT ATT GAA ATC CCA GCT CCA GAA GTC TTG GCT GTT CAA AAG AAA TTG ATC GCT AAG TCT AAC TTG GCC GGT AAG CCA GTT ATC TGT GCT ACC CAA ATG TTG GAA TCC ATG ACT TAC AAC CCA AGA CCA ACC AGA GCT GAA GTT TCC GAT GTC GGT AAC GCT ATC TTG GAT GGT GCT GAC TGT GTT ATG TTG TCC GGT GAA ACC GCC AAG GGT AAC TAC CCA ATC AAC GCC GTT ACC ACC ATG GCT GAA ACC GCT GTC ATT GCT GAA CAA GCT ATT GCT TAC TTG CCA AAC TAC GAT GAC ATG AGA AAC TGT ACT CCA AAG CCA ACC TCC ACC ACT GAA ACC GTT GCT GCC TCC GCT GTC GCT GCT GTT TTC GAA CAA AAG GCC AAG GCC ATC ATT GTC TTG TCC ACT TCC GGT ACC ACC CCA AGA TTG GTT TCC AAG TAC AGA CCA AAC TGT CCA ATC ATC TTG GTT ACC AGA TGC CCA AGA GCT GCT AGA TTC TCT CAC TTG TAC AGA GGT GTC TTC CCA TTC GTC TTC GAA AAG GAA GCT GTC TCT GAC TGG ACT GAA GAT GTT GAA GCC CGT ATC AAC TTC GGT ATT GAA AAG GCT AAG GAA TTC GGT ATC TTG AAG AAC GGT GAC ACT TTC GTC TCC ATT CAA GGT TTC AAG GCC GGT GCT GGT CAC TCC AAC ACT TTG CAA GTC TCT ACC GTT 



Printing out site pattern counts


         6        624  P G
G 2        2    206

castellii                                   ATG GAA AAA AAC AAC AAC AAC AAC AAG AAG AAG AAG AAG AAG AAG AAG AAG AAG AAT ACC ACC ACC ACC ACC ACC ACC ACC ACT ACT ACT ACT ACT ACT ACT ACT AGA AGA AGA AGA ATC ATC ATC ATC ATC ATC ATC ATG ATG ATG ATT ATT ATT ATT ATT ATT ATT ATT ATT ATT CAA CAA CAA CAA CAA CAC CAT CCA CCA CGT CTA CTT GAA GAA GAA GAA GAA GAA GAA GAA GAA GAA GAC GAC GAC GAC GAC GAC GAC GAC GAG GAT GAT GAT GAT GAT GAT GAT GAT GCC GCC GCC GCC GCC GCC GCC GCC GCC GCC GCC GCT GCT GCT GCT GCT GCT GCT GCT GCT GCT GCT GCT GCT GCT GCT GCT GCT GGT GGT GGT GGT GTC GTC GTC GTC GTC GTC GTC GTC GTC GTC GTC GTC GTC GTC GTC GTG GTT GTT GTT GTT GTT GTT GTT GTT GTT GTT GTT GTT GTT GTT TAC TAC TAC TAC TAC TCC TCC TCC TCC TCC TCC TCC TCC TCC TCC TCT TCT TCT TCT TCT TCT TCT TCT TCT TCT TGG TGT TGT TGT TTA TTA TTA TTA TTA TTA TTC TTC TTC TTG TTG TTG TTG TTG TTG TTG TTG TTG TTG
bayanus                                     --- ATG AAA AAC AAT ACT GAC TGC AAA AAC AAG AAG AAG AAG AAG AGA GAC GCC AAC AAC ACC ACC ACC ACC ACT ACT GTT ACC ACC ACC ACC ACC ACT ACT TCA AGA AGA AGA CGT AAG ATC ATC ATC ATC ATT GTC ATG TTC TTG ATC ATC ATC ATC ATC ATT ATT ATT ATT GTT AAC AAG CAA CAA TTG CAC CAC CCA CCA CGT TTG TTG CAA GAA GAA GAA GAA GAA GAA GAC GAT GCT AAC GAA GAA GAC GAC GAC GAT TCC GAA CAA GAC GAC GAT GAT GAT GAT GAT GAA GCC GCC GCC GCC GCC GCT GCT GCT GCT GGT AAG AAG GAA GCC GCC GCC GCC GCT GCT GCT GCT GCT GCT GCT GCT GTT TCT AAC AAC GAC GGT ACT ATC GTC GTC GTC GTC GTC GTC GTT GTT GTT GTT GTT GTT GTT GTT ATT GTC GTC GTC GTC GTC GTC GTC GTT GTT GTT GTT GTT GTT TAC TAC TAC TTC TTC CCT GCC TCC TCC TCC TCC TCC TCC TCC TCT GCC TAC TCC TCC TCC TCT TCT TCT TCT TCT TGG TGT TGT TGT TTA TTA TTA TTG TTG TTG TTC TTC TTT AAC ATC ATG ATG GCC GTC TGT TTA TTG TTG
mikatae                                     --- ATG AAG AAC AAC ACC GAC TGC AGA AAC AAA AAG AAG AAG AAG AAG GAC GCT AAT ACT ACC ACC ACC ACT ACC ACT GTT ACC ACC ACC ACT ACT ACT ACT TCA AGA AGA AGA CGT AAG ATC ATC ATC ATT ATC GTC ATG TTC TTG ATC ATC ATC ATT ATT ATC ATT ATT ATT ATT AAC AAG CAA CAA TTG CAC CAC CCA CCA CGT TTG TTA GAA CAA GAA GAA GAA GAA GAA GAC GAC GCT AAC GAA GAA GAC GAC GAT GAT TCT GAA CAA GAC GAT GAC GAC GAT GAT GAT GAA GCC GCC GCC GCT GCT GCC GCT GCT GCT GGT AAG AAG GAA GCC GCC GCC GCT GCC GCC GCC GCT GCT GCT GCT GCT GTT TCT AAC AAC GAC GGT ACC ATC GTC GTC GTT GTT GTT GTT GTC GTC GTC GTT GTT GTT GTT GTT ATT ATC GTC GTC GTC GTT GTT GTT GTC GTC GTT GTT GTT GTT TAC TAC TAC TTC TTC GCT GCT TCC TCC TCC TCC TCT TCT TCT TCT TCC TAC TCC TCC TCT ACC TCT TCT TCT TCT TGG TGT TGT TGT TTA TTA TTG TTG TTG TTG TAC TTC TTT AAC ATC ATG TTG GCC GTC TGT TTG TTG TTG
kluyveri                                    ATG GAA AAG AAC AAC ACC AAC AAC AAG AAC AAG AAA AAG CAA GCT AAG GAA AAG AAC GAC ACC ACT ATC ACC ACT ACC GAA ACC ACT ACT ACT ATT ACC ACT GAA AAG AGA TGG CGT AAG ATC ATT GTT ATC ATC GTC ATG TTC TTG ATC ATC ATT ATC ATT ATC ATC ATC ATT ATT CAA CAA CAA CGT GTC CAC CAC CCA GCC CGT TTG CTA GCC GAA AAG CAA GAA GAA GAG GAC GAA GTT AAC GAA GAC GAA GAC GAC GAC GCT GAA GAC GAC GAT GAC GAT GAC GAC GAT GGT GCC GCC GCT GCT TCT GCT ACC GCC GCT GGT AAG TCT TCT GCC GCT GCT GCT GCT GCT TCT CCA GCC GCC GCT GCT GTC TCC AAC GGT GAA GGT ACC ATG GTC GTT ATT GTC GTC GTT GTC GTT GTT GTC GTC GTC GTT GTC ATT GTT GAA GTC GTT ATC GTC GTT GTT GTT ACT GTC GTT GTT ATT TAC TAT TAC TTC ACT TCC ACT GAA TCC TCT ACC GCC TCC TCT TCT TAC TCC TCT TCT TCC TCT TCT TGT TTG TGG GTT TGC TGT CTA TTG TTG TTA TTC TTG TAC TTC TTT ACT TTG TTG TTG AGC TTG TTC TTG ATG TTG
cerevisiae                                  --- ATG AAA AAC AAC ACC GAC TGC AGA AAC AAG AAG AAG AAG AAG AAG AAG GCT AAC ACC ACC ACC ACT ACC ACC ACC GTT ACC ACC ACC ACT ACC ACT ACT TCA AGA AGA AGA CGT AAG ATC ATC ATC ATC ATC GTC ATG TTC TTG ATC ATC ATC ATT ATT ATC ATC ATT ATT ATT AAC AAG CAA CAA TTG CAC CAC CCA CCA CGT TTG TTG GAA CAA GAT GAA GAA GAA GAA GAC GAT GCT AAC GAA GAA GAC GAC GAC GAT TCT GAA CAA GAC GAT GAC GAC GAC GAT GAT GAA GCC GCT GCC GCC GCT GCC GCT GCT GCT GGT AAG AAG GAA GCC GCC GCT GCT GCC GCT GCT GCT GCT GCT GCT GCT GTT TCT AAC GGT GAC GGT ACC ATC GTC GTC GTT GTT GTT GTC GTC GTC GTT GTC GTC GTT GTT GTT ATT ATC GTC GTC GTC GTC GTT GTT GTC GTT GTT GTT GTC GTT TAC TAC TAC TTC TTC CCT GCT TCC TCC TCC TCC TCC TCC TCT TCT TCC TAC TCC TCC TCT ACC TCT TCT TCT TCT TGG TGT TGT TGT TTA TTA TTG TTG TTG TTG TAC TTC TTC AAC ATC ATG TTG GCC GTC TGT TTG TTG TTG
paradoxus                                   --- ATG AAA AAC AAC ACC GAC TGC AGA AAC AAG AAG AAG AAG AAG AGA AAC GCT AAC ACC ACC ACC ACC ACC ACC ACC GTT ACC ACC ACT ACT ACT ACT ACT TCA AGA AGA AGA CGT AAG ATC ATC ATC ATC ATC GTC ATG TTC TTG ATC ATT ATC ATT ATC ATC ATT ATT ATT ATT AAC AAG CAA CAA TTG CAC CAC CCA CCA CGT TTG TTG GAA CAA GAA GAA GAA GAC GAA GAC GAT GCT AAC GAA GAA GAC GAC GAC GAT TCC GAA CAA GAC GAT GAC GAC GAC GAT GAT GAA GCC GCC GCC GCT GCT GCC GCT GCT GCT GGT AAG AAG GAA GCC GCC GCT GCT GCT GCT GCT GCT GCC GCT GCC GCT GTT TCT AAC GGT GAC GGT ACC ATC GTC GTC GTT GTC GTT GTT GTC GTC GTT GTC GTT GTC GTT GTT ATT ATT GTC GTC GTC GTT GTT GTT GTC GTT GTT GTT GTC GTT TTC TAC TAC TTC TTC GCT GCC TCC TCT TCC TCC TCC TCC TCT TCT TCC TAC TCC TCC TCT ACC TCC TCT TCT TCT TGG TGT TGT TGT TTA TTA TTG TTG TTG TTG TAC TTC TTT AAC ATC ATG TTG GCC GTC TGT TTG TTG TTG



    1    1    1   18    1    1    1    1    1    1    1    2   25    1    1
    1    1    1    1    1   14    1    1    1    1    1    1    3    1    1
    2    1    3    4    1    1   19    1    1    1    9    1    2    1    1
    1    9    1    1    4    1    2    1    1    1    1    1    6    1    2
    1    7    1    1    6    1   23    1    1    1    1    1    1    1    1
   19    1    1    2    1    1    1    1    1    1    8    1    1    1    1
    1    2    1    1    1    1    5    4    1    2    1    2    1    1    1
    1    1    1    1    1    1    1    2    2    2    3    1    1    1    1
    1    2    1   11    1    1    1    1    1   32    1    1    5    2    1
    1    1    1    2    1    1    1    1    1    3    1    1    1    1    4
    1    1    1    2    1    2    1    2    1    5    1   11    1    1    1
    1    1    1    1    2    1    1    1    1    2    1    1    1    4    1
    1    1    4    1    1    1    1    1    3    1    2    1    1    1    3
    1   11    1    1    1    1    1    1    1    1    1    1   19

CODONML (in paml version 4.4b, July 2010)  torun.nuc
Model: One dN/dS ratio for branches Global clock  (2 genes: diff. rate & k&w)  
Codon frequency model: F3x4
ns =   6  ls = 501

Codon usage in sequences
--------------------------------------------------------------------------------------------------------------
Phe TTT  0  1  1  1  0  1 | Ser TCT 16 11 15 18 13 12 | Tyr TAT  0  0  0  1  0  0 | Cys TGT  5  6  6  4  6  6
    TTC 13 15 14 15 15 15 |     TCC 12 15 11  7 13 14 |     TAC 15 14 15 14 15 14 |     TGC  0  1  1  1  1  1
Leu TTA  9  5  4  1  3  3 |     TCA  0  1  1  0  1  1 | *** TAA  0  0  0  0  0  0 | *** TGA  0  0  0  0  0  0
    TTG 28 29 31 33 32 32 |     TCG  0  0  0  0  0  0 |     TAG  0  0  0  0  0  0 | Trp TGG  1  1  1  2  1  1
--------------------------------------------------------------------------------------------------------------
Leu CTT  1  0  0  0  0  0 | Pro CCT  0  1  0  0  1  0 | His CAT  1  0  0  0  0  0 | Arg CGT  1  2  2  3  2  2
    CTC  0  0  0  0  0  0 |     CCC  0  0  0  0  0  0 |     CAC  6  7  7  7  7  7 |     CGC  0  0  0  0  0  0
    CTA  1  0  0  2  0  0 |     CCA 24 24 24 24 24 24 | Gln CAA 12 10 10 12 10 10 |     CGA  0  0  0  0  0  0
    CTG  0  0  0  0  0  0 |     CCG  0  0  0  0  0  0 |     CAG  0  0  0  0  0  0 |     CGG  0  0  0  0  0  0
--------------------------------------------------------------------------------------------------------------
Ile ATT 19 11 13 15 11 13 | Thr ACT 16 11 13 14 10 11 | Asn AAT  1  1  1  0  0  0 | Ser AGT  0  0  0  0  0  0
    ATC 16 24 24 22 26 24 |     ACC 21 25 25 26 28 27 |     AAC 22 27 26 25 26 27 |     AGC  0  0  0  1  0  0
    ATA  0  0  0  0  0  0 |     ACA  0  0  0  0  0  0 | Lys AAA  1  2  1  2  1  1 | Arg AGA 22 22 22 19 22 23
Met ATG 12 12 11 12 11 11 |     ACG  0  0  0  0  0  0 |     AAG 35 34 35 34 36 34 |     AGG  0  0  0  0  0  0
--------------------------------------------------------------------------------------------------------------
Val GTT 24 26 26 25 24 25 | Ala GCT 33 24 28 28 31 30 | Asp GAT 16 14 13  6 13 12 | Gly GGT 35 33 33 35 34 34
    GTC 23 24 22 23 24 23 |     GCC 13 20 16 12 12 14 |     GAC 15 18 19 24 19 20 |     GGC  0  0  0  0  0  0
    GTA  0  0  0  0  0  0 |     GCA  0  0  0  0  0  0 | Glu GAA 30 29 29 32 28 28 |     GGA  0  0  0  0  0  0
    GTG  1  0  0  0  0  0 |     GCG  0  0  0  0  0  0 |     GAG  1  0  0  1  0  0 |     GGG  0  0  0  0  0  0
--------------------------------------------------------------------------------------------------------------

Codon position x base (3x4) table for each sequence.

#1: castellii      
position  1:    T:0.19760    C:0.09182    A:0.32934    G:0.38124
position  2:    T:0.29341    C:0.26946    A:0.30938    G:0.12774
position  3:    T:0.33533    C:0.31138    A:0.19760    G:0.15569
Average         T:0.27545    C:0.22422    A:0.27878    G:0.22156

#2: bayanus        
position  1:    T:0.19800    C:0.08800    A:0.33800    G:0.37600
position  2:    T:0.29400    C:0.26400    A:0.31200    G:0.13000
position  3:    T:0.28200    C:0.38000    A:0.18600    G:0.15200
Average         T:0.25800    C:0.24400    A:0.27867    G:0.21933

#3: mikatae        
position  1:    T:0.20000    C:0.08600    A:0.34200    G:0.37200
position  2:    T:0.29200    C:0.26600    A:0.31200    G:0.13000
position  3:    T:0.30200    C:0.36000    A:0.18200    G:0.15600
Average         T:0.26467    C:0.23733    A:0.27867    G:0.21933

#4: kluyveri       
position  1:    T:0.19361    C:0.09581    A:0.33932    G:0.37126
position  2:    T:0.29741    C:0.25749    A:0.31537    G:0.12974
position  3:    T:0.29940    C:0.35329    A:0.18363    G:0.16367
Average         T:0.26347    C:0.23553    A:0.27944    G:0.22156

#5: cerevisiae     
position  1:    T:0.20000    C:0.08800    A:0.34200    G:0.37000
position  2:    T:0.29200    C:0.26600    A:0.31000    G:0.13200
position  3:    T:0.29000    C:0.37200    A:0.17800    G:0.16000
Average         T:0.26067    C:0.24200    A:0.27667    G:0.22067

#6: paradoxus      
position  1:    T:0.20000    C:0.08600    A:0.34200    G:0.37200
position  2:    T:0.29400    C:0.26600    A:0.30600    G:0.13400
position  3:    T:0.29200    C:0.37200    A:0.18000    G:0.15600
Average         T:0.26200    C:0.24133    A:0.27600    G:0.22067

Codon usage in genes
--------------------------------------------------------------
Phe TTT  0  4 | Ser TCT  0 85 | Tyr TAT  0  1 | Cys TGT  0 33
    TTC  0 87 |     TCC  0 72 |     TAC  0 87 |     TGC  0  5
Leu TTA  0 25 |     TCA  0  4 | *** TAA  0  0 | *** TGA  0  0
    TTG  0 185 |     TCG  0  0 |     TAG  0  0 | Trp TGG  0  7
--------------------------------------------------------------
Leu CTT  0  1 | Pro CCT  0  2 | His CAT  0  1 | Arg CGT  0 12
    CTC  0  0 |     CCC  0  0 |     CAC  0 41 |     CGC  0  0
    CTA  0  3 |     CCA  0 144 | Gln CAA  0 64 |     CGA  0  0
    CTG  0  0 |     CCG  0  0 |     CAG  0  0 |     CGG  0  0
--------------------------------------------------------------
Ile ATT  0 82 | Thr ACT  0 75 | Asn AAT  0  3 | Ser AGT  0  0
    ATC  0 136 |     ACC  0 152 |     AAC  0 153 |     AGC  0  1
    ATA  0  0 |     ACA  0  0 | Lys AAA  0  8 | Arg AGA  0 130
Met ATG  6 63 |     ACG  0  0 |     AAG  0 208 |     AGG  0  0
--------------------------------------------------------------
Val GTT  0 150 | Ala GCT  0 174 | Asp GAT  0 74 | Gly GGT  0 204
    GTC  0 139 |     GCC  0 87 |     GAC  0 115 |     GGC  0  0
    GTA  0  0 |     GCA  0  0 | Glu GAA  2 174 |     GGA  0  0
    GTG  0  1 |     GCG  0  0 |     GAG  0  2 |     GGG  0  0
--------------------------------------------------------------

Codon position x base (3x4) table for each gene.


Gene #1
position  1:    T:0.00000    C:0.00000    A:0.75000    G:0.25000
position  2:    T:0.75000    C:0.00000    A:0.25000    G:0.00000
position  3:    T:0.00000    C:0.00000    A:0.25000    G:0.75000
Average         T:0.25000    C:0.00000    A:0.41667    G:0.33333

Gene #2
position  1:    T:0.19873    C:0.08951    A:0.33768    G:0.37408
position  2:    T:0.29259    C:0.26553    A:0.31096    G:0.13093
position  3:    T:0.30094    C:0.35905    A:0.18437    G:0.15564
Average         T:0.26408    C:0.23803    A:0.27767    G:0.22022

Sums of codon usage counts
------------------------------------------------------------------------------
Phe F TTT       4 | Ser S TCT      85 | Tyr Y TAT       1 | Cys C TGT      33
      TTC      87 |       TCC      72 |       TAC      87 |       TGC       5
Leu L TTA      25 |       TCA       4 | *** * TAA       0 | *** * TGA       0
      TTG     185 |       TCG       0 |       TAG       0 | Trp W TGG       7
------------------------------------------------------------------------------
Leu L CTT       1 | Pro P CCT       2 | His H CAT       1 | Arg R CGT      12
      CTC       0 |       CCC       0 |       CAC      41 |       CGC       0
      CTA       3 |       CCA     144 | Gln Q CAA      64 |       CGA       0
      CTG       0 |       CCG       0 |       CAG       0 |       CGG       0
------------------------------------------------------------------------------
Ile I ATT      82 | Thr T ACT      75 | Asn N AAT       3 | Ser S AGT       0
      ATC     136 |       ACC     152 |       AAC     153 |       AGC       1
      ATA       0 |       ACA       0 | Lys K AAA       8 | Arg R AGA     130
Met M ATG      69 |       ACG       0 |       AAG     208 |       AGG       0
------------------------------------------------------------------------------
Val V GTT     150 | Ala A GCT     174 | Asp D GAT      74 | Gly G GGT     204
      GTC     139 |       GCC      87 |       GAC     115 |       GGC       0
      GTA       0 |       GCA       0 | Glu E GAA     176 |       GGA       0
      GTG       1 |       GCG       0 |       GAG       2 |       GGG       0
------------------------------------------------------------------------------

(Ambiguity data are not used in the counts.)


Codon position x base (3x4) table, overall

position  1:    T:0.19820    C:0.08927    A:0.33877    G:0.37375
position  2:    T:0.29380    C:0.26482    A:0.31079    G:0.13058
position  3:    T:0.30013    C:0.35809    A:0.18454    G:0.15723
Average         T:0.26405    C:0.23740    A:0.27804    G:0.22052


Nei & Gojobori 1986. dN/dS (dN, dS)
(Pairwise deletion)
(Note: This matrix is not used in later ML. analysis.
Use runmode = -2 for ML pairwise comparison.)

castellii           
bayanus              0.2074 (0.0763 0.3680)
mikatae              0.2026 (0.0754 0.3720) 0.0564 (0.0105 0.1864)
kluyveri             0.2158 (0.0856 0.3969) 0.2128 (0.0865 0.4064) 0.2213 (0.0855 0.3865)
cerevisiae           0.2280 (0.0725 0.3180) 0.0892 (0.0141 0.1576) 0.0542 (0.0052 0.0969) 0.2590 (0.0846 0.3266)
paradoxus            0.2471 (0.0754 0.3051) 0.0873 (0.0141 0.1611) 0.0463 (0.0052 0.1132) 0.2767 (0.0856 0.3092) 0.0769 (0.0052 0.0683)


TREE #  1:  (((((5, 6), 3), 2), 1), 4);   MP score: -1
lnL(ntime:  5  np: 10):  -3693.733007      +0.000000
   7..8     8..9     9..10   10..11   11..5    11..6    10..3     9..2     8..1     7..4  
 2.685167 2.452957 0.818049 0.471598 0.335052 0.100338 4.159384 0.083435 2.547895 0.185953
SEs for parameters:
 687998.637351 628501.323426 209602.033336 120833.783654 85847.778961 25708.776303 19095122.931510 95937.417525 0.398056 0.028179
Note: Branch length is defined for the first gene (site partition).
For other genes, look at "rates for genes".

tree length =   9.44799 (1st gene)

(((((5: 0.335052, 6: 0.335052): 0.136546, 3: 0.471598): 0.346451, 2: 0.818049): 1.634908, 1: 2.452957): 0.232210, 4: 2.685167);

(((((cerevisiae: 0.335052, paradoxus: 0.335052): 0.136546, mikatae: 0.471598): 0.346451, bayanus: 0.818049): 1.634908, castellii: 2.452957): 0.232210, kluyveri: 2.685167);

Detailed output identifying parameters

rates for 2 genes:     1  0.10034

gene # 1: kappa =   4.15938 omega =   0.08344
gene # 2: kappa =   2.54789 omega =   0.18595

Time used:  0:23
