
seed used = 1418808185
      6   1830

castellii                                  ATG GCT TTA TCG TCC ATT CAT TTT AAA ACA CAA CCA ACA AGA CCC TAT TTA AGA GAT GAT TCC ATT AAT --- --- --- ATA CCT TCA ACT ACC AAA AAC ACA --- --- --- --- --- --- --- ATC GCT AAT GGC TAT CCC AAT ATG ATG ATG CTA TCA CAT ACT AGA AAG CAA AAT GCT ACA AGA ATG GCA AGA AAT CCA ATC TTA ATG AAA AGA GAA TTA CAA TGC CAT CAT AGA GCT ATC TCA GAA TAT AGC ATC GAT CAA TTG AAT CAT TTG ATC CGT CTA GAA GAA TCT AAG GCA TTT CAG TCA AGT TTT GAA CGT TTC AAT TCA CAA CCT CAA ATT AAT TTG AAA ATG AGA GCT TTG ATC TTC GAT TTC ATA ATG TAC TGT CAT ACT AGA TTG AAT CTT TCA TCA TCA ACT TTG TTT TTA ACT TTC AAT ATC TTG GAC GTG TAT GCT TCC AAA TTT ATA GTG AAA AGT TGT AAT TAT CAA TTA TTG GCT TTA ACT GCA CTA TGG ATA AGT TCC AAA TAT TGG GAA GTG AAA AGT CAT GCA ACA ACC TTA AAG GTT TTA CAA AGT CTT TGT TGT AAT CAA TAT TCT ATC CAA CAA TTT AAA GAA ATG GAA TTA CAT ATA TTG AAA TCA TTC AAT TGG TCC GTT TGT TCT GCT CCT ACT TAT GAT TCA TTC ATT GAT ATG ATT TTA TTT CAA GAT AAA TCT --- --- --- --- --- --- --- --- --- --- --- --- --- --- --- --- --- --- --- --- --- --- --- --- --- --- --- --- --- --- --- --- --- --- --- --- --- --- --- --- AAT ATC GCT TTA AAC GTC AAT GAA ATA AAA TTA GGT GCT TTA ATG TTA TGC GAA CTG TGT TCC TTT GAT GAA AGC ATC TCT CTC AGT TAT GAT ACT CAA TTA ATA GCT AAC GTG GCT GTT AAA TTA ATA ACT TTA GCA TTG AAC TTT AAG AAT TTG AGT CAA TGG CAA AAT TTT AAT TTG TTA GTA GAT CAA GAT GAT ATT CTT GCT GGT AAT ACT AAC AAA CAA ATT TTT AAC GAT CTC TTA AAC TTG GTC TGT GAC GAA GAA AGA TAT CCT TCT AGT TTT AAA TTT AAA TAT ACT AAA ACT CAG AAT AAT ACC GTT AGA AAT AAC TCA ATA ACT CAT TCC ATT GCC CCT AAG ATA TTC GAT TCC TTA AAA AAA TAT CAA GCG CAA ATT CAA TTG GAT GAA TTC TAC AAA TGT TGT GAA TTA GAT CTC AAC TTC ATG GAT GTT TTC --- --- --- --- --- GGT AGC GAT AAT TAT AAT GAA ACT AAT GTC GAC CTA AAC ACC ATT AAT GAC TTG CAT TCA CAA TAC AGC AGG --- --- --- --- --- --- --- --- --- AAA ACA AGT ATC GGT TCT GTT GTT TTA AAT AAT TCA TTC AAG AGA CCA TCT TTA CCT ACC CCA TTT GCA TCG CCT GAT AAG GCT CCC AAT ATT TTT GCA TCT ACA ACG CCT GAT TCC CTT TTT TCT AAT TCT TCT TCA ACT TCT TCT ACA ACT TCA TCA GTG ATG CCA CTG GAG AAG CAA ACA CTA TCA TAT CCA ATA CCA ATA CCT GCC ATC TCA TCA ATG CTA CCA --- --- --- TTA ACT CCA ACA ACA CCT TCA ATT TTA GTT CAA AAT AAA TTG AAA TTT ACA AAT GAT AGT AGA AGG CCA TCT ATG TTC CCA AGG AAA --- --- --- AGT GTT GAT AGT GTC TCT TTC GTA AAG ACA CAT CAT AAA AGA TCC TCA TCA TCA ATG GAC ATA GAT TTT ACT GAA GAG GAA --- AGA GGA TTA AAG CGT GTA TAT AAT AAA 
bayanus                                    ATG GCC ATA TTG AAA GAC ACC ATA GTC AGA TAC GCT AAT GCA AGC TAT GCA CCC ACT ACT GCT GCT GCT GCT GCT GCC GCC ACG ACA ACG ACA ACG ACC ACG --- --- --- --- --- --- --- --- ACC ACC GCA TAT CCA AAC CTG TCC CTG CTC TTG CAA AAG AGA AGG TCC ATT GCC AAT GCC AAG TCG AAA AAC TCT AAC CTC GTC AAG AGA GAA CTG CAA TCG CAC CAT TCG GCC ATC AGC GAG TAC AAC AAT GAC CAA TTG AAC CAC TAC TTC CAA CTC TCG CAA GCG GAA AAA CCG TTG TAC AGC CTG TCC AAC TTC ACC TCC CAG CCG CAG GTC AAC CCG AAG ATG CGG TTC CTG ATC TTC GAC TTC ATC ATG TAC TGC CAC ACG CGG CTC AAT CTC TCG ACG TCG ACC CTG TTC CTC ACG TTC ACC ATC CTG GAC AAG TAC TCC TCG CGC TTC ATC ATC AAG AGC TAC AAC TAC CAG CTC TTG TCC CTC ACC GCG CTT TGG ATC TCG TCC AAG TTC TGG GAC TCC AAG AAC AGA ATG GCC ACG TTG AAA GTC CTG CAG AAC TTG TGT TGC AAC CAA TAT TCC ATC AAG CAA TTC ACG TCT ATG GAA ATG CAT CTC TTC AAA TCC CTC GAC TGG TCC ATC TGC CAA TCC GCT ACA TTC GAC TCG TTC ATC GAT ATA TTC CTG TTC CAG TCC ACG TCC CCA TTG CTC TCT GCC CCC GCC CTC GCC CTC TCT GCC CCC TTG GAA GCT TTC ATT CAA CAG AAA CTG GCC TTA TTA AAC GAT GCT GCT GGT ACT GCT ATT AAT AAA CCC TCG CCT --- CAG GGC CCC GCT TTC AAC ATC AAC GAA ATA AAG CTG GGC GCC ATC ATG CTG TGC GAA TTG GCT TCC TTC AAC CTC GAA CTA TCA TTT AAA TAT GAT CGC TCC TTA ATT GCG CTG GGT GCA ATT AAC CTC ATC AAG TTG TCC TTG AAC TAC TAC AAT TCA AAC GTT TGG GAG AAT TTC GAT TTG GCT TTG GAT GGA ACC GTC CAA GAT CTC GAC ATC AGT CTT TCC GAG ATT TCA AAC TTG CTA TTG GAC ATT GCC ATG GAC CAA GAT TCC TTC CCC TCC AGC TTC AAA TCG AAA TAT CTG AAC CAT AAT AAA GCT TCC CCG GCA AAA TCC --- --- --- --- --- --- --- --- --- CTC TTG GAC GCG TTA CAA AAC TAC TGC ATT CAA TTG AAA TTG GAG GAA TTC TAC CGT TCC CAA GAA CTG GAA ACC ATG TAC AGT --- --- AAC ATC TTC --- GCC CAA TCC CCC GAG GAT GAC CCA TTA GCT TGT GTT TAT CCC AAT ACC ACC ACC CCA AAG AGC GCC ACT GCT TCT TCC TCC GCC GCC ACA GAT TAT TTC TCA GAT CAT ACT CAT ATA AGG AGA CTA ACC AAA GAG AAC ATC TCT ACG CCT TTT GCA TTC ACC CCA ACA TCA TCT TCC TCC TCC CCA TCC CCA TTC ACT TCT CCT TAC AAG ACT TCA AGT TCT ATG ACA ACC CCA GAT TCT GCA TAC CAT CAC ACC CAT TCG AAT TCA TTT TCG TCC ACT CAA TAT TCT TTC AAA AGA TCT TTG AGT ATC CCA CAA AAC TCA AGC ATC TTT TGG CCA AGC CCA TTA ACC CCC ACC ACA CCA TCT CTT ATG TCA AAT AGA AAA ATG CTA CAA AAT TTA CCG ATG CGC TCA AAA AGA TTA ATG CCC ATC AGA CCC ATG GCC AGT GCC CAC TCA TAC GCT GCC CCT ACA CAT TTA AAG AAA AGA TCA ACT TCA TCT ACG GAT TGT GAT TTC AAT GAT GGT AGT AAC CTC AAG AAA ACT CGC --- --- --- --- 
mikatae                                    ATG GCC ATA TTG AAA GAC ACC ATA ATA AGA TAT GCT AAT GCA AGC TAT GCT ACC ACT ACA GCT ACA GCG GCC TCG ACC TCG ACC TCG ACC TCG ACT TCC GCA ATC TCA GCC AGT GCT GCT GCC AGC ACT GGC ACA TAT CCA AAT TTG CCC TTG CTC TTG CAA AAG AGA CGG GCT ATT GCT AGT ACA AAG TCT AAA AAC CCA AAT CTC GTG AAA CGG GAG TTG CAG GCA CAT CAT TCA GCC ATC AGC GAG TAC AAC AAT GAT CAA TTG AAT CAC TAT TTC CAA CTT TCC CAC ACC GAA AGG CCG CTG TAC AAT CTA AGC AAC TTT ACC TCT CAA CCG CAG GTC AAC CCA AAG ATG CGG TTC CTG ATC TTC GAT TTC ATC ATG TAC TGT CAC ACT AGA CTG AAT CTA TCG ACT TCG ACA TTG TTC CTC ACT TTC ACC ATC CTG GAC AAG TAT TCC TCG CGG TTC ATC ATC AAG AGC TAC AAC TAC CAG CTT TTG TCT TTA ACC GCT CTT TGG ATT TCG TCG AAA TTT TGG GAT TCT AAG AAT AGA ATG GCC ACT TTG AAA ATC TTA CAA AAC TTG TGT TGC AAC CAA TAT TCC ATA AAG CAA TTC ACG ACC ATG GAA ATG CAT CTT TTC AAA TCA CTC GAT TGG TCC GTT TGC CAA TCG GCC ACG TTC GAC TCC TAT ATT GAC ATC TTC TTG TTT CAG TCC ACG TCA CCA TTG TTG --- --- CCT CAC CTC ATC CTT TCT GCC CCC TTG GAA GCT TTC ATT CAA CAG AAA CTG GCC TTA TTA AAT AAC GCT GCT GGT ACT GCT ATT AAT AAA TCC TCC TCC TCC CAG GGT CCC TCT CTC AAC ATC AAC GAG ATT AAA TTG GGT GCC ATT ATG TTG TGT GAG TTA GCT TCC TTC AAT CTC GAA CTA TCA TTT AAA TAT GAT CGT TCA TTA ATT GCA CTG GGT GCA ATT AAC GTC ATT AAA TTA TCT TTG AAC TAC TAT AAT TCA AAT GTT TGG GAG AAT GTC AAT CTA GCT TCC GAA GAA ACT GAC CAA GAT TTA GAT ATT AAG TTA TCT GAG ATC TCT AAT GCA TTG TTG GAT GTA GCT ATG GAC CAA GAT TCC TTC CCC TCC AGT TTC AAA TCA AAA TAT TTG AAC AAC AAC AAG ACT TCT CCA GCA AAA TCT --- --- --- --- --- --- --- --- --- CTT TTG GAC GCA TTA CAG AAC TAT TGT ATC CAG TTG AAA TTG GAA GAA TTC TAC CGT TCC CAA GAA CTG GAG ATC ATG TAT AAT --- --- AAC ATT TTC TCT GCC CAG TCT TCC GAT TAC GAT TCA ATG GCT TGT GCT TAT TCT AAT GCT ACG ACT CCA AAG AGC GCC ACT GTT TCG TCT --- GCG ACC ACA GAC TAT TTT TCT GAT CAT ACT CAC TTG AGA AGA TTA ACC AAA GAG AAC GTC TCT CCA CCA TTC GCT TTC ACT CCA ACG TCA TCC TCC TCT TCA CCA TCC CCT TTC ACG TCC CCT TAC AAG ACT TCA AGT TCA ATG ACA ACC CCA GAC TCT GCA TCA CAC CAT TCA CAT TCG AGT TCT TTC TCT TCT --- CAG AAT TCT TTC AAA CGG TCG CTG AGC ATC CCA CAA AAT TCA AGC ATT TTT TGG CCG AGC CCA TTA ACT CCC ACT ACG CCA TCT TTT ATG TCA AAT AGA AAG TTA CTG CAA AGT TTA TCT ATG CGT TCA AAA AGA TTA ATT CCG GTG AGA CCC ATG GCC AAT GCT CAC ACC TGC GCA GCC CCC ACA CAT TTG AAA AAG AGA TCG ACT TCT TCT GTG GAT TGT GAA TTT AAT GAT AAT AGC AGC CCC AAG AAA ACT CGC --- --- --- --- 
kluyveri                                   --- --- --- --- --- --- --- --- --- --- --- --- --- --- --- --- --- --- --- --- --- --- --- --- --- --- --- --- ATG TCA TAC GAA TAT CCT --- --- --- --- --- --- --- TTA GCA GAT --- --- --- --- CTA ACT GCC ATG GCT GCC AAG AGA AAG TCA ACG CTG AAT GAA AGG GCT TCC AAC CCG AAG TTA GTA GAA ATG GAA CTG TTG GCC CAC CAG GTT ACC TGT AAG GAG TAC AGC ATC GAT ATT TTG AGA CAC TTG ATC CAA CTG GAG CAC CAG --- --- AAT AGA CCC AGT GTG TCC AGC TTC GAT TCT CAA CCG GAA ATC ACC GTT CAA ATG CGT TCG CTG ATC TTT GAT TTC ATC ATG TGC TGC CAC ACA AGG TTG GGC TTA TCC TCT TCA ACT TTA TTC CTG TGT TTC AAC ATC ACC GAT CGC TAC TGC TCT AGA ATC ATT GTC AAG AGC TCA GCC TAC CAG CTA CTC GCA CTA TCT GCC CTT TGG TTA GCT TCC AAA TAC ACC GAC AAA AAG CCC CGT ATC CCC TCC TTG AAG GCC CTA CAG AGC TTA TGT TGT AAC CAG TAC ACC AAA GCA CAA TTT AGG GAA ATG GAA CTG CAT ATT TTG AAC AGC TTG AAC TGG TCA GTT TGT TCT GCT CCT AGC CAC GAC TCG TTT ATC GAC ATC CTA TTA AAG AAC AAG ATA AGC AGT TTG GAT --- --- --- --- --- --- --- --- --- --- --- --- --- --- --- --- --- --- --- --- --- --- --- --- --- --- --- --- --- --- --- --- --- --- --- --- --- TAC AAG GGT TTG AAT TTA AAC GGA ATC AAA TAT GGT GCC ATC TTG TTG TGC GAG CTA TCC TGT TTT GAT CAG GAA CTG GGG TTC AAT TAC AAC GCC TCC GCT ATT GCA TTA GCA GCT GTG ACT TTG ATG ACA CAT GCT CTC AGA TTC ACC TTG GAA GCC AAT TTC CAG CAT TAC TCT GTT AAC GTA AAA --- --- --- --- --- --- --- GAC GCC AAC TTG CAT AAA GTT TGC GAG CTC TTA TTG GCA AAG TTC CGG TCT GGT AAT TTC CCT TCC AGT TTC AGA CTA AAA TAT TTT GCT CGT GGA --- --- AAA TTG GAA TCG AAT --- --- --- --- --- --- --- --- CCA GTG TTG AGT AGC TTA GTA CAG TAT GAT CTA GAA CTG TCA CCA --- --- --- --- --- --- --- --- --- --- --- --- --- --- --- --- --- --- --- --- --- --- --- --- --- --- --- --- --- GCG CAT TTA AAT CCC AAC GCT TGT GCA GCT TTG CGG TCA TCT ACT ACA --- --- --- --- --- --- --- --- --- --- --- --- --- --- --- --- --- --- --- --- --- --- --- --- --- --- TGC GTC GCA ACG CCA ACA GCC TCC --- --- --- --- --- --- ACT CAT GCT TCA AGA ACT TCT TCC ATG GTA GTT CCG CCC ACT CCA TCT ACT CCC TCC ACT GCT GGG AAT AAA CTT CAA AGT TCG AAA GAG GTC GCC ACC ACT CCA CCA GAT TCG TGT GCT ACT TCT CCA TTT GAA GAT --- --- --- ATC TCC GTG GGT ACC --- --- --- --- --- --- --- --- --- --- --- --- --- --- --- --- AAA CCC GTG CTC TTT AAA AGA --- --- --- --- --- --- --- --- --- --- --- --- --- GAG CAT ATG AAG AGA GAT TCA TCC GCC ATG GAC ATA GAT TTC TTC GAA GAG GCT CCT GTA GGG TAC AAG CGT ATG CAT --- --- 
cerevisiae                                 ATG GCC ATA TTG AAG GAT ACC ATA ATT AGA TAC GCT AAT GCA AGG TAT GCT ACC GCT AGT GGC --- --- --- --- --- --- ACT TCC ACC GCC ACT GCC GCC TCT --- --- --- --- --- GTC AGC GCT GCC TCA TGT CCT AAT TTG CCC TTG CTC TTG CAA AAG AGG CGG GCC ATT GCT AGT GCA AAG TCT AAA AAC CCT AAT CTC GTT AAA AGA GAA TTG CAA GCA CAT CAC TCA GCG ATC AGC GAA TAC AAT AAT GAT CAA TTG GAC CAC TAT TTC CGT CTT TCC CAC ACA GAA AGG CCG CTG TAC AAC CTG ACT AAC TTC AAC TCT CAG CCA CAA GTT AAT CCG AAG ATG CGT TTC TTG ATC TTT GAC TTC ATC ATG TAC TGT CAC ACA AGA CTC AAT CTA TCG ACC TCG ACT TTG TTC CTT ACT TTC ACT ATC TTG GAC AAG TAT TCC TCG CGG TTC ATT ATC AAG AGT TAC AAC TAC CAG CTC TTG TCC TTG ACC GCG CTT TGG ATT TCG TCC AAA TTT TGG GAC TCC AAG AAT AGA ATG GCC ACT TTG AAA GTC TTG CAA AAC TTG TGT TGC AAT CAA TAT TCT ATA AAG CAA TTC ACG ACT ATG GAA ATG CAT CTT TTC AAA TCA CTC GAT TGG TCC ATC TGT CAG TCG GCA ACA TTC GAC TCC TAC ATC GAC ATC TTC TTG TTC CAA TCT ACG TCC CCG TTA TCG --- --- CCT GGC GTT GTC CTT TCT GCC CCT TTG GAA GCT TTC ATT CAA CAG AAA CTG GCC TTA TTA AAT AAC GCT GCT GGT ACT GCT ATT AAT AAA TCG TCC TCT TCT CAA GGC CCC TCT TTG AAC ATC AAC GAG ATC AAA TTG GGT GCC ATT ATG TTG TGC GAG TTA GCT TCC TTC AAT CTC GAA TTA TCA TTT AAA TAT GAT CGT TCA CTA ATT GCG CTG GGT GCA ATT AAC CTC ATC AAA TTA TCT TTG AAC TAC TAT AAT TCA AAC CTT TGG GAA AAT ATC AAT CTG GCT TTG GAG GAA AAC TGC CAA GAC CTA GAT ATT AAA TTG TCA GAA ATC TCT AAT ACT TTA TTG GAT ATA GCA ATG GAC CAA AAT TCT TTC CCC TCC AGT TTC AAA TCA AAA TAT TTG AAT AGC AAT AAG ACA TCT TTA GCA AAA TCT --- --- --- --- --- --- --- --- --- CTC TTA GAC GCA TTA CAA AAC TAT TGT ATT CAA TTG AAA CTG GAA GAA TTC TAC CGT TCA CAA GAA TTG GAA ACC ATG TAC AAT --- --- ACT ATC TTT --- GCT CAG TCC TTT GAC AGC GAT TCA TTG ACT TGT GTT TAC TCA AAT GCT ACT ACT CCA AAG AGC GCT ACG GTT TCA TCT --- GCG GCC ACA GAC TAT TTC TCG GAT CAC ACT CAT TTA AGA AGG TTG ACC AAA GAT AGC ATT TCT CCA CCA TTT GCC TTC ACT CCA ACC TCA TCT TCA TCC TCT CCA TCT CCA TTC AAT TCC CCT TAC AAG ACT TCA AGT TCA ATG ACG ACC CCA GAC TCT GCA TCA CAC CAT TCA CAT TCA GGT TCG TTC TCT TCT ACC CAA AAT TCT TTT AAA AGG TCA CTG AGC ATC CCA CAA AAT TCA AGC ATC TTT TGG CCA AGC CCA CTA ACT CCC ACC ACC CCA TCT CTA ATG TCA AAT AGA AAA TTA TTA CAA AAT TTA TCT GTG CGT TCA AAA AGA TTA TTT CCT GTT AGA CCC ATG GCC ACT GCT CAC CCA TGC TCT GCC CCC ACC CAA CTG AAA AAG AGA TCA ACT TCC TCT GTG GAT TGT GAT TTT AAT GAT AGT AGC AAC CTC AAG AAA ACT CGC --- --- --- --- 
paradoxus                                  ATG GCC ATA TTG AAA GAT ACC ATA ATT AGA TAC GCT AAT GCA AGC TAT GCT ACC GCT ACA GGC --- --- --- --- --- --- ACT TCC ACC GCC ACT GCT GCT --- --- --- --- --- --- GCC AGC GCT GCC TCG TGT CCA AAT TTG CCC TTG CTC TTG CAA AAG AGG CGG GCC ATT GCT AGT GCA AAG TCT AAA AAC CCT AAT CTC GTG AAA AGG GAG TTA CAA GCA CAT CAC TCA GCC ATT AGC GAG TAC AAC AAT GAT CAA TTG GAC CAT TAT TTT CGG CTC TCC CAC ACA GAA AGG CCG CTG TAT AAC CTG ACC AAC TTT ACC TCT CAG CCG CAG GTT AAC CCA AAG ATG CGT TTC TTG ATC TTT GAC TTC ATC ATG TAC TGT CAC ACG AGA CTC AAT CTA TCT ACC TCG ACT TTG TTC CTT ACT TTC ACT ATC TTG GAC AAG TAT TCC TCG CGG TTT ATC ATC AAG AGT TAC AAC TAT CAG CTT TTG TCC TTG ACC GCG CTT TGG ATT TCG TCC AAA TTT TGG GAT TCC AAG AAT AGA ATG GCC ACT TTG AAA GTC TTG CAA AAC TTG TGT TGC AAT CAA TAT TCC ATA AAG CAA TTC ACA ACT ATG GAA ATG CAT CTT TTC AAA TCA CTC GAT TGG TCC ATC TGT CAA TCG GCA ACA TTC GAC TCC TAC ATC GAC ATC TTT TTG TTC CAA TCC ACG TCC CCG TTG TCG --- --- CCT GGC GTT GTC CTT TCT TCC CCT TTG GAA GCT TTC ATT CAA CAG AAA CTG GCC TTA TTA AAT AAC GCT GCT GGT ACT GCT ATT AAT AAA TCG TCC TCT TCT CAG GGC CCC TCT TTT AAC ATC AAC GAG ATC AAA TTG GGC GCC ATT ATG TTG TGC GAG TTA GCT TCC TTC AAT CTC GAA TTA TCA TTT AAA TAT GAT CGT TCA CTA ATT GCA CTG GGT GCA ATT AAC CTC ATC AAA TTA TCT TTG AAC TAC TAT AAT TCA AAT GTT TGG GAA AAT TTC AAT CTG GCT TTG GAG GAA GAC GGC GAA GAT CTA GAT ATC AAA TTA TCA GAA ATT TCT AAT ACA TTA TTG GAT GTA GCA ATG GAC CAA GAT TCT TTC CCC TCC AGT TTC AAA TCA AAA TAT TTG AAC AAC AAT AAG ACC TCT TTA GCA AAG TCT --- --- --- --- --- --- --- --- --- CTC TTG GAC GCA TTA CAA AAC TAT TGT ATT CAA TTG AAA CTG GAA GAA TTC TAC CGT TCA CAG GAA TTG GAA ACC ATG TAT ACT --- --- AAC ATC TTT --- TCT CAG TCC TTT GAC TAC GAT TCA TTG ACT TGT GTT TAC TCC AAT GCT ACT ACT CCC AAG AGC GCC ACG GTT TCA TCT --- GCA GCT ACA GAC TAC TTC TCG GAT CAC ACT CAT TTA AGA AGG TTA ACC AAA GAG AAC ATT TCT CCA CCC TTT GCT TTC ACT CCA ACG TCA TCT TCC TCC TCT CCA TCT CCA TTC AAT TCT CCT TAC AAG ACT TCA AGT TCA ATG ACG ACC CCA GAC TCT GCA TCA CAC CAT TCA CAT TCA GGT TCG TTC TCT TCT ACT CAA AAC TCT TTT AAA AGG TCA CTG AGC ATC CCA CAA AAT TCA AGC ATC TTT TGG CCA AGC CCA CTA ACT CCT ACC ACA CCA TCT CTT ATG TCA AAT AGA AAA TTA CTA CAA AAT TTA TCT GTG CGT TCA AAA AGA TTA TTC CCT GTC AGG CCC ATG ACC AAT GCT CAC CCA TGC GCC GCC CCA ACA CAA CTG AAA AAG AGA TCG ACT TCC TCT GTG GAT TGT GAT TTT AAT GAT AGT AGC AAC CTC AAG AAA ACT CGC --- --- --- --- 



Printing out site pattern counts


         6       1770  P

castellii                                   --- --- --- --- --- --- --- --- --- --- --- --- --- --- --- --- --- --- --- --- --- --- --- --- --- --- --- --- --- --- --- --- --- --- --- --- --- --- --- --- --- --- --- --- --- --- --- --- --- --- --- --- --- --- --- --- --- --- --- --- --- --- --- --- AAA AAA AAA AAA AAA AAA AAA AAA AAA AAA AAA AAA AAA AAA AAA AAA AAA AAA AAA AAA AAA AAA AAA AAA AAC AAC AAC AAC AAC AAC AAC AAC AAC AAC AAG AAG AAG AAG AAG AAG AAG AAG AAG AAG AAT AAT AAT AAT AAT AAT AAT AAT AAT AAT AAT AAT AAT AAT AAT AAT AAT AAT AAT AAT AAT AAT AAT AAT AAT AAT AAT AAT AAT AAT AAT AAT ACA ACA ACA ACA ACA ACA ACA ACA ACA ACA ACA ACA ACA ACC ACC ACC ACC ACC ACG ACT ACT ACT ACT ACT ACT ACT ACT ACT ACT ACT ACT ACT ACT ACT ACT ACT ACT AGA AGA AGA AGA AGA AGA AGA AGA AGA AGA AGA AGA AGA AGA AGA AGC AGC AGC AGC AGG AGG AGG AGT AGT AGT AGT AGT AGT AGT AGT AGT AGT AGT AGT ATA ATA ATA ATA ATA ATA ATA ATA ATA ATA ATA ATA ATA ATC ATC ATC ATC ATC ATC ATC ATC ATC ATC ATC ATG ATG ATG ATG ATG ATG ATG ATG ATG ATG ATG ATG ATG ATG ATT ATT ATT ATT ATT ATT ATT ATT ATT ATT ATT ATT CAA CAA CAA CAA CAA CAA CAA CAA CAA CAA CAA CAA CAA CAA CAA CAA CAA CAA CAA CAA CAA CAA CAA CAG CAG CAT CAT CAT CAT CAT CAT CAT CAT CAT CAT CAT CAT CCA CCA CCA CCA CCA CCA CCA CCA CCA CCA CCA CCC CCC CCC CCT CCT CCT CCT CCT CCT CCT CCT CCT CCT CGT CGT CGT CTA CTA CTA CTA CTA CTA CTC CTC CTC CTG CTG CTT CTT CTT CTT GAA GAA GAA GAA GAA GAA GAA GAA GAA GAA GAA GAA GAA GAA GAA GAA GAA GAC GAC GAC GAC GAC GAG GAG GAT GAT GAT GAT GAT GAT GAT GAT GAT GAT GAT GAT GAT GAT GAT GAT GAT GAT GAT GAT GAT GAT GAT GCA GCA GCA GCA GCA GCA GCA GCC GCC GCG GCT GCT GCT GCT GCT GCT GCT GCT GCT GCT GCT GCT GCT GCT GGA GGC GGT GGT GGT GGT GTA GTA GTA GTC GTC GTC GTC GTG GTG GTG GTG GTG GTT GTT GTT GTT GTT GTT GTT GTT GTT TAC TAC TAC TAT TAT TAT TAT TAT TAT TAT TAT TAT TAT TAT TAT TAT TAT TCA TCA TCA TCA TCA TCA TCA TCA TCA TCA TCA TCA TCA TCA TCA TCA TCA TCA TCA TCA TCA TCA TCA TCC TCC TCC TCC TCC TCC TCC TCC TCC TCC TCG TCG TCT TCT TCT TCT TCT TCT TCT TCT TCT TCT TCT TCT TCT TCT TCT TCT TGC TGC TGG TGG TGG TGT TGT TGT TGT TGT TGT TGT TGT TGT TTA TTA TTA TTA TTA TTA TTA TTA TTA TTA TTA TTA TTA TTA TTA TTA TTA TTA TTA TTA TTA TTA TTA TTA TTA TTA TTA TTC TTC TTC TTC TTC TTC TTC TTC TTC TTC TTC TTC TTG TTG TTG TTG TTG TTG TTG TTG TTG TTG TTG TTG TTG TTG TTG TTT TTT TTT TTT TTT TTT TTT TTT TTT TTT TTT TTT TTT TTT TTT TTT
bayanus                                     --- --- --- --- --- --- --- --- AAA AAC AAC AAT ACA ACT AGC ATC ATG ATT CAA CAA CAG CAG CCA CCA CCA CCC CCC CCC CCC CCT CTC CTC CTC CTG GAA GAT GAT GAT GCC GCC GCC GCC GCC GCC GCC GCC GCC GCC GCT GCT GCT GGT TAT TCA TCC TCG TCT TCT TTA TTC TTC TTC TTG TTG --- AAA AAA AAA AAA AAA AAC AAC AAC AAG AAG AAG AAG ACG ACG ACG AGA CAA CAT CGC CGT CTA GTC TCC AAC AAC AAC AAT ACC ATG CTG CTT GAC TCC --- AAA ACA ACG ACT AGG CAA CCA GAA TAC --- AAA AAA AAC AAC AAC AAC AAC AAC AAC AAT AAT AAT ACC ACC ACC ACC AGA ATC ATT CCA CCA GAC GAG GAT GAT GCT GCT GGC TGT TTA TTC AAG AAT AAT AAT ACA ACC ACC ACG ACT AGA CAT GCC TCT ACA ACC ACG CCA TCC ACT --- AAG AAG AAT ACA ACC ACC ACC ACG ACG ACG AGT CAT CAT CGC CTG GCT TAC AAA AGA AGA AGA CCC CCT CGC CGG CGG CTC GCA GCA GCC TCC TCG AAC CCC GAA TCT ATC TCA TCC AAA AAC AAC AAC AGC AGC AGC AGT ATG CAT TCA TCG --- ATA ATC ATC ATC ATC ATC ATT CTC CTC GCC TGT TTG --- AAC AAC AAT ATA ATC ATC ATC CCC CTA TTC AAG ACG AGT ATA ATC ATG ATG ATG CTG CTG GTC TCC TTA TTT --- ACC ACT ATC ATT CAA CTT GAC GCT GTC TTC TTG AAA AAG AAT ACT CAA CAA CAA CAA CAA CAG CAG CAG CAG CAG GAG GAG GGA GTT TAC TAT TCC TCC TGC AAT TTG --- AAG ACC AGA AGC CAA CAC CAC CAC CAT CAT TTA AAA ACA AGT CCC CCC GCT TCG TCT TCT TGG TTT AGC CCA CCA --- ACC ACG CCA CCA CCC CCG GCT TCA TCC AAC CAA CGC CCC CTC CTC CTT TTC TTT ACC CTA TTT TCC TTG ATG CTC GAT TTG AGT CAA CAA CTC GAA GAA GAA GAA GAA GAC GAG GAT GAT TCC TCG TCT TTA CCA GAC GAC GAT TAT ACT GGT --- AAC ACC ACT ACT AGT CAC CCG GAA GAC GAC GAC GAC GAG GAG GAT GAT GAT GAT GTC TCC TCC TTG AAA ATG CCT GCG TCC TCG TCT --- CAA ATT ACC CTC GCA GCC GCC GCC GCC GCG GCT TCC TCC TCC TCC TTC AAG GCA AGG GAC GGC TCC --- CCT TTG ATC GCC GTT TAC AAG ATC GGT TCA TCC --- ACC ATC ATT CCG CTA GCC GTC TCA GCT TAC TAC --- AGA GAC TAC TAC TAC TAC TAT TAT TAT TAT TTC TTC TTC --- AAA AAT ACA ACG ACT AGC AGC ATC GCA GCC TAC TCA TCA TCC TCC TCG TCG TCG TCG TCT TCT TTG --- AAA GCG GCT TCA TCC TCC TCC TCG TCT TCC TTG ACC AGA AGA CAA CAC CAT GAT GCA GCG GCT TAC TCA TCC TCC TCC TCT TCG TGC TGG TGG TGG ATG CAA GCT TAC TCC TGC TGC TGC TGT AAA AAA ATA ATC ATG ATG CTC CTC CTC CTC CTC CTG CTG CTG CTG CTG CTG GCA GCT TTA TTA TTA TTC TTC TTG TTG TTG AAC ATG CTC GCC TAC TCT TTC TTC TTC TTC TTC TTG AAG ATG ATT CCG CTC CTG CTG CTG TAC TCA TTC TTG TTG TTG TTG ACA ATA CAA CCG CTG TAC TCA TCA TCG TCT TTC TTC TTC TTC TTC TTC
mikatae                                     AGT ATC GCC GCC GCT TCA TCC TCT AAA AAT AGC AAT ACA ACT AGC ATT ATG ATT CAA CAG CAG CAG CCA CCA CCG CCC CCC CCT TCC TCC CTC CTT TTG CTG GAA AAC GAC GAT --- ACC ACC ATC CAC GCC GCC GCC GCC GCG GCC GCT TCG GGT TAT TCT --- TCC --- TCT TTA TTC TTC TTT TTG TTG --- AAA AAA AAA AAG AAG AAC AAC AAC AAA AAA AAG AAG ACG ACG ACT AGA CAG CAT CGG CGT CTG ATA TCT AAC AAC AAT AAT TCC ATG CTG TTA GAT TCT --- AAA ACA CCA ACT CGG CAG CCA GAA TAT --- AAA AAG AAC AAC AAC AAC AAC AAT AAT AAT AAT AAT ACC ACC ACT GGC AGA ATT ATT CCA TCA GAT GAG AAT TAC ACT GCG GGT TGT TTA TTC AAG AAT AGT AGT ACG ACT TCA GCA ACT AGA CAT GCC TCT TCG GCT ACT CCA TCT ACT --- AAA AAG AAT ACG ACA ACC ACT ACC ACT ACT AAG AAC CAT CGT TTG GCT TCA AAA AGA AGA CGG ACC CCA CGT AGA CGG CCC GCA GCA ACA TCC TCA AAC TCC GAA TCG GTG TCA TCT AAA AAC AAT AAT AAT AGC AGT AAT ATG CAC ACC TCG --- ATT ATC ATC ATC ATT ATT ATT CTT CTT TCG TGT CTG AGC AAT AAT AAT TTG ATA ATC ATC CCC CTA TTC AAG GTG AAT ATC ATT ATG ATG ATG TTG TTG GTG CCC TTA TTC --- ACG ACG ATT ATC CAA TTT GAC ACA GTC TTC TTG AAA AAG AAT ACT CAA CAA CAA CAG CAG CAA CAA CAG CAG CAG GAG GAG GAA GTT TAT AAT GCT TCA TGT AAC CTG --- AAA ACC AGA AGC CAA CAC CAC CAT CAT CAT TTG AAA ACG AGC CCC CCG GCT TCT CCA TCG TGG TTC AGC CCA CCT --- ACT ACC CCA CCA CCC CCG GCC TCA TCT AAC CAA CGC TCT CTC CTT CTT TTC TTT ATC TTG TTT TCT TTA ATG CTA GAT TTG AGC CAA CAC CTC GAA GAA GAG GAG GAG GAT GAG GAT GAT AGC TCC ACC ATG CCA GAC GAC GAT TAT --- AAT --- AAT ACT ACA ACT AGT CAC TCT GAG GAC GAC GAT GAT GAA GAT GAA GAA GAC GAT GAC TCA TCC GCA AGG ATG CCT GCT TCT TCT TCC --- CAA ATC ACT TTA GCA GCC GCC GCC GCT GCA TCT TCC TCC TCG TCT TTC AAG ACA AGA GAT GGT TCT --- CCC TCC ATC GCT GCT TGC AAG ATC GGT TCT TCT --- ACC GTT ATT CCA TTA GCT ATC TCA GTT TAC TAC --- CGG GAT TAC TAC TAT TAT TAT TAT TAT TAT TTC TTC TTT --- AAA AGT TCG ACT ACT AGC AGC GTC GCA GCC TAC TCA TCT TCA TCT TCC TCG TCG TCG TCT TCT TTG --- AAA GCA GCT TCG TCC TCC TCG TCG TCA TCC TTG ACC AGA AGA CAA CAT CAC GAC GCT ACC GCA TAC TCA TCA TCC TCC TCT GCA TGT TGG TGG TGG ATG CAA GCT TAC TCC TGC TGC TGT TGT AAA AAA ATA ATT ATG ATG CTC CTC CTT GTC TTA CTG TTA TTG TTG TTG TTG GCT GCT TTA TTA TTA CTC TTC TTA TTG TTG AAC ATT CTC GCC TAT TCT TAT TTC TTC TTC TTT TTG AAG TTA GTA CCA CTG CTG CTG TTG TAT TCA TTC CTA TTG TTG TTG ACA ATA CAA CCG CTA TAC TCA TCT TCA TCC GTC TTC TTC TTC TTT TTT
kluyveri                                    --- --- --- --- --- --- --- --- --- --- CCT --- --- --- --- --- --- --- --- --- --- --- --- AGT --- --- --- --- --- --- --- --- GAT --- --- --- --- --- --- --- --- --- --- --- --- --- --- --- --- --- --- --- --- --- --- --- --- --- --- --- --- --- --- TTG --- AAA AAC AGA --- AAG ACT CAG GCT AAA GAA AAG CAA AGG ATA GAA --- GTA --- AGA --- --- --- TTG AAT AGA TGC AAC TAT --- TTA AAC TTG AAT CCA AAG --- --- AAG AAG AAA --- --- ACC --- TCG --- --- AAC AAC ACC GCC --- AGA CAT GGC TTG AAC GAT GCA GAT --- GAC ACG CCC --- AAC --- TCT --- --- --- TAC CAT --- --- AGA --- --- AAT ACC GGT ACT CCT --- --- GAG CCC GTC TAC GCT TCC ACG AAA ACT --- ACA AAG TTC AGC ACT TCT TCC TCA ACA TGT GCC CGT GCT GCC TTT GCG ACT TCC AGA AGA ATG --- --- --- AGG CGT GTA --- GAA GAA AAT GTT AGC --- GAA ACA AGA AAA --- AAT AGC CCC GCC AGT AGC AGT --- --- --- --- GCT --- ATC ATC ATT TCG ATG TTA ATT ATT GTG --- ATA CCA TTA AAG ACT ATC --- AAA ATC TGT AAG CTG ATC AGG ATG --- ATC TTT --- ATG TTG CTA GCC GTA ACT CTC CTT --- TGT ACT ATC AAA --- --- --- --- ATC CTA CTG TCA GCA --- TCT ATT CAA CAG GAA TTG CAA CAG AAC CAG GAA CAG CAT --- AAT --- GAG TCA TCC GAT GGA AGA --- ATG --- CGT CGG GCC CAC CAC CAC CAG CAT CAT CCC CCA GAT GTG AAA --- CAA CCG CCA GAT --- --- --- --- --- GCA --- --- TGT CCT CCG CCT TCT --- AGC CAA CGT CCC ATG CTG CTT GCC GAA --- CTC TTC AGT CTA GTA TTA --- TTA GCT TCT CAC CAG --- GAA GAA GAG GGA GAC GAG GAA GGT TCC GAG GAA --- GCT CGG GAT GAC AAT TCG GAG --- GAT --- --- --- TCC --- --- --- AGT GAC GAT GAT --- --- AAA GAT GAC AAC --- --- AAG GAG --- ATC GCT GCC GCT GCT GCC --- GCT CTA GCA --- GCT --- ACC GCC CTG GCA GGT --- TGC GCT GCA TCG GGG --- --- --- GGT --- ATG --- GTA TTA AAG TTA --- CGC GTC GCA AAA AAA --- --- GTT GTG TTG --- --- GCC --- ACT --- TGC CAT ACT --- TAC TAC TAC TAT --- --- TAC TAT CAC TTC TAC --- ACC AAT ATG TCT TCA AAG CCA --- TCT TCA CCC TCT TCC AGC TCT TCG GGG TCA TCC --- GCC GCT --- --- AGC --- GAT TCA TGT TCC TCT ATG TCC --- CCG --- GTG TCT TCC CCC ACT TGC CAG --- TCA GGG AGC ACC TCC CCA GCC TGC ACC TGG TTC TTC --- TCC TCA --- TGT TGT TGC TGT --- TAC --- ATC --- CTG CTG TTA CTA TTG CTA --- CTA CTG TAT TTA TTG --- AAC ATC GCT TTA TTG GTC CAT TTA TTG --- TTT TTG --- --- --- TTT --- TTC TTT TTC TTG TTG --- GCA GTT TTG ACC CTG TTA TTG GAA TTG GTT CCA CTC TTG GTT --- --- AAT GTG TTC ACA GTT CTA CAT TAC ATC TTC TTT AAG TTC
cerevisiae                                  --- TCT --- GTC --- --- TCT --- AAA AAT AAC AAT ACA ACT AGC ATC ATG ATT CAA CAG CAA CAG CCA CCG CCA CCC CCT CCT TCG TCT GTT CTT TCG CTG GAA AAC GAC GAT --- --- GCC GTC GGC GCC GCC GCC GCT GCG --- GCT --- GGT TAT TCG --- TCC --- TCT TTA TTC TTT TTC TTG TTA --- AAA AAA AAA AAA AAG AAC AAC AAT AAA AAA AAG AAG ACG ACG ACT AGA CAA CAC CGG CGT TTA ATT TCA AAC AAC AAT AAT GCC ATG CTG TTG GAT TCT --- AAA ACC CCA ACT CGG CAA CCA GAA TAT --- AAA AAG AGC AAC AAT AAT AAC AAT GAC AAT AAT AAT ACT AAC ACT GCC AGA ATT ATT CCA TCA GAT GAT AAT AGC ACA --- GGC TGT TTA TTC AAG AAT AAT AGT ACC ACC TCA GCC ACT AGA CAA GCC TCT GCC GCT ACT CCA TCT ACT --- AAA AAG AAT ACA ACT ACC ACT ACC ACA ACT AAA AGC CAT CGT TTG ACT TCA AAA AGA AGG AGA ACC CCA CGT AGA CGT CTC GCA GCA GCA TCT TCA AAT TTT GAA TCA GTT TCA TCT AAA AAC AAT AAC AAC AGT AGT ACT GTG CAT CCA TCG --- ATC ATC ATT ATC ATC ATT ATT CTT CTC --- TGT CTG AGC AAT AAT AAT TTA ATA ATC ATC CCC TTA TTC AAG GTG AAT ATC ATC ATG ATG ATG TTG TTG GTT CCC TTA TTC --- ACT AAT ATC ATC CAA CTA GAT --- GTT TTC TTG AAA AAG AAT ACG CAA CAA CAA CAA CAA CAG CAA CAA CAG CAA GAA GAA GAA CTT TAC AAT GCC TCA TGT AAT CTG --- AAA ACC AGA AGC CAA CAC CAC CAT CAC CAT CTG AAA ACC AGC CCC CCT GCT TCT CCT TCA TGG TTT AGG CCT CCA --- ACT ACT CCA CCA CCC CCA GCA TCA TCC AAC CGT CGC TCA CTC CTT CTT TTT TTT ACC TTA TTT TCT TTA ATG CTA GAC TTG AGC CAA CAC CTC GAA GAA GAA GAG GAG GAC GAA GAT AAT ACT TCC ACT TTG CCA GAC GAC GAT TAC ACC AGT --- AAT AAC AGT GCT AGT CAC TCT GAA GAC GAC GAC GAT GAA GAC GAG GAT GAC GAT TGC TCT TCT ACT AGG ATG CCT GCG TCT TCT TCT --- CAA ATT GCT CTA GCA GCC GCG GCC GCT GCG TCT TCT TCC TCG TCC TTC AAG TCA AGA GAT GGT TCC --- CCC TTG ATC GCA GTT TGC AAG ATC GGT TCG TCC --- ACC ATC ATT TTA TTG GCT GTC TCA GTT TAC TAC --- AGG GAT TAC TAC TAT TAT TAT TGT TAT TAT TTC TTC TTT --- AAA GGT TCC ACC ACT AGC AGC ATT GCA GCT TAC TCA TCC TCA TCT TCC TCA TCG TCG TCT TCT TTG --- AAG GCA GGC TCA TCC TCC TCC TCG TCA TCA TTG ACC AGG AGA CAG CAT CAC GAC GCC ACA TCT TAC TCA TCC TCT TCC TCT GCA TGC TGG TGG TGG ATG CAA GCT TAC TCA TGC TGT TGT TGT AAA AAA ATA ATT ATG ATG CTT CTC CTC CTC TTG TTG TTG TTG TTG TTG TTG GCT GCT CTA CTA TTA TTG TTC TTA TTG TTG ACT TTT CTC GCC TAC TCT TAC TTC TTC TTT TTC TTA AAG TTA ATA CCG CTC TTG TTG TTG TAT TCA TTC CTG CTG TTG TTG ACG ATA CAA CCG CTG TAC TCA TCT TCA TCC ATC TTC TTC TTC TTC TTT
paradoxus                                   --- --- --- GCC --- --- TCT --- AAA AAT AAC AAT ACA ACT AGC ATC ATG ATT CAA CAG CAG CAG CCA CCG CCA CCC CCT CCT TCG TCT GTT CTT TCG CTG GAA AAC GAC GAT --- --- GCT GTC GGC ACC GCC TCC TCT GCA --- GCT --- GGT TAC TCG --- TCC --- TCT TTA TTC TTT TTC TTG TTG --- AAA AAA AAA AAA AAG AAC AAC AAC AAA AAA AAG AAG ACA ACG ACT AGG CAA CAC CGG CGT CTA ATT TCA AAC AAC AAT AAT GCT ATG CTG TTA GAT TCT --- AAA ACA CCA ACT CGG CAA CCA GAA TAT --- AAG AAG AAC AAC AAT AAC AAC AAT GAC AAT AAT AAT ACT ACC ACT GCC AGA ATC ATT CCA TCA GAT GAG AAT TAC ACC --- GGC TGT TTA TTC AAG AAT AAT AGT ACA ACC TCA GCT ACT AGA CAA GCC TCT GCC GCT ACT CCA TCT ACT --- AAA AAG AAT ACA ACT ACC ACT ACC ACG ACT AAA AAC CAT CGT TTG ACT TCA AAA AGA AGG AGG ACC CCC CGT AGA CGT CTC GCA GCA GCA TCT TCA AAC TTT GAA TCA GTC TCA TCT AAA AAC AAT AAT AAC AGT AGT AAT GTG CAT CCA TCG --- ATC ATC ATC ATC ATC ATT ATT CTT CTC --- TGT CTG AGC AAT AAT AAT TTA ATA ATC ATT CCC TTA TTT AAG GTG ACT ATC ATC ATG ATG ATG TTG TTG GTG CCC TTA TTC --- ACT AAT ATC ATT GAA CTT GAT --- GTT TTT TTG AAA AAG AAT ACG CAA CAA CAA CAA CAA CAG CAA CAA CAG CAG GAA GAA GAA GTT TAC AAC GCC TCA TGT AAT CTG --- AAA ACC AGA AGC CAA CAC CAT CAT CAC CAT CTG AAA ACG AGC CCT CCT GCT TCT CCT TCA TGG TTT AGC CCA CCA --- ACT ACT CCA CCA CCC CCG GCA TCA TCC AAC CGG CGC TCC CTC CTC CTT TTT TTT ACC TTA TTT TCT TTA ATG CTA GAT TTG AGC CAA CAC CTC GAA GAA GAG GAG GAG GAT GAG GAT GAT ACC TCC ACT TTG CCC GAC GAC GAT TAC ACT AGT --- AAT GAC ACA GCT AGT CAC TCT GAA GAC GAC GAC GAT GAA GAC GAG GAT GAC GAT GGC TCT TCC ACA AGG ATG CCT GCG TCT TCT TCT --- CAA ATT GCT CTA GCA GCC GCC GCC GCT GCA TCT TCT TCC TCG TCC TTC AAG TCG AGA GAT GGC TCC --- CCA TTG ATC GCA GTT TGC AAG ATC GGT TCG TCC --- ACC ATC ATT TTA TTA GCT GTC TCA GTT TAC TAC --- AGG GAT TAC TAT TAT TAT TAT TGT TAT TAT TTC TTC TTT --- AAA GGT TCC ACC ACT AGC AGC ATT GCA GCC TAT TCA TCC TCA TCT TCC TCA TCG TCT TCT TCT TTG --- AAA GCA GGC TCG TCC TCC TCC TCG TCA TCC TTG ACC AGG AGA CAA CAT CAC GAC GCT ACA GCC TAC TCA TCC TCC TCC TCT GCA TGC TGG TGG TGG ATG CAG GCT TAC TCA TGC TGT TGT TGT AAA AAA ATA ATT ATG ATG CTT CTC CTT CTC TTG TTG TTG TTA TTG TTG TTG GCT GCT CTA CTA TTA TTT TTC TTA TTG TTG AAC TTC CTC GCC TAT TCT TAC TTC TTC TTT TTT TTG AAG TTA GTA CCA CTC TTG TTG TTG TAT TCA TTC CTG CTG TTG TTG ACG ATA CAA CCG CTG TAC TCA TCT TCA TCT TTC TTT TTC TTC TTC TTT



    1    1    1    1    2    1    1    1    2    1    1    1    1    1    1
    1    1    2    1    1    1    1    1    1    1    1    1    1    1    1
    1    1    1    1    1    1    1    1    1    1    1    1    1    1    1
    1    1    1    1    4    1    1    1    1    1    1    1    1    2    1
    1    1    1    1    1    1    1    1    1    1    1    1    1    2    1
    2    1    1    1    1    1    1    1    1    1    1    1    1    1    1
    1    1    1    1    1    1    1    1    1    1    1    1    1    1    1
    1    1    1    1    1    1    1    2    1    1    1    1    1    1    1
    1    1    1    1    1    1    1    1    1    1    1    1    1    1    1
    1    1    1    1    1    1    1    1    1    1    1    1    1    1    1
    1    1    1    1    1    1    1    1    1    1    1    1    1    1    1
    1    1    1    1    1    1    1    1    1    1    1    1    1    1    1
    1    1    1    1    1    1    1    1    1    1    1    1    1    1    1
    1    1    1    1    1    1    1    1    1    1    1    1    1    1    1
    1    1    1    1    1    1    1    1    1    1    1    1    1    1    1
    1    1    1    1    1    2    1    1    1    1    1    1    1    1    1
    1    3    1    1    1    1    1    1    1    1    1    1    1    1    1
    1    1    1    1    1    1    1    1    1    1    1    1    1    1    1
    1    1    1    1    1    1    1    1    1    1    1    1    1    1    1
    1    1    1    1    1    1    1    1    1    1    1    1    1    1    1
    1    1    1    1    1    1    1    1    1    1    1    1    1    1    1
    1    1    1    1    1    1    1    1    1    1    1    1    1    1    1
    1    1    1    1    1    1    1    1    1    1    1    1    1    1    2
    1    1    1    1    1    1    1    1    1    1    1    1    1    1    1
    1    1    1    1    1    1    1    1    1    1    1    1    1    1    1
    1    1    1    1    1    1    1    1    1    1    1    1    1    1    1
    1    1    1    1    1    1    1    1    1    1    1    1    1    1    1
    1    1    1    1    1    1    1    1    1    1    1    1    1    1    1
    1    1    1    1    1    1    1    1    1    1    1    1    1    1    1
    1    1    1    1    1    1    1    1    1    1    1    1    1    1    1
    2    1    1    1    1    1    1    1    1    1    1    1    1    1    1
    1    1    1    1    1    1    1    1    1    1    1    1    1    1    1
    1    1    1    1    1    1    1    1    1    1    1    1    1    1    1
    1    1    1    1    1    1    1    1    1    1    1    1    1    1    2
    1    1    1    1    1    1    1    1    1    1    1    1    1    1    1
    1    1    1    1    1    1    1    1    1    1    1    1    1    1    1
    1    1    1    1    1    1    1    1    1    1    1    1    1    1    1
    2    1    1    1    1    1    1    1    1    1    1    1    1    1    1
    1    1    2    1    1    1    1    1    1    1    1    1    1    1    1
    1    2    2    1    1

CODONML (in paml version 4.4b, July 2010)  torun.nuc
Model: One dN/dS ratio for branches Global clock 
Codon frequency model: F3x4
ns =   6  ls = 610

Codon usage in sequences
--------------------------------------------------------------------------------------------------------------
Phe TTT 18  4  8  7 10 14 | Ser TCT 16 14 27 11 27 26 | Tyr TAT 15  8 14  4  9 11 | Cys TGT  9  3  6  8  7  7
    TTC 13 28 22 12 21 19 |     TCC 10 31 21 13 16 20 |     TAC  3 16  9 10 12 11 |     TGC  2  5  3  6  4  3
Leu TTA 27  9 15 12 15 15 |     TCA 23 13 18  9 24 20 | *** TAA  0  0  0  0  0  0 | *** TGA  0  0  0  0  0  0
    TTG 16 20 25 18 28 26 |     TCG  2 13 14  5  9 10 |     TAG  0  0  0  0  0  0 | Trp TGG  4  5  5  2  5  5
--------------------------------------------------------------------------------------------------------------
Leu CTT  4  3  6  2  6  6 | Pro CCT 10  4  3  4  6  6 | His CAT 12  8  7  8  5  6 | Arg CGT  3  1  3  4  5  4
    CTC  3 18  7  4  9  9 |     CCC  3 11  8  7  6  6 |     CAC  0  5  7  5  7  6 |     CGC  0  4  1  1  1  1
    CTA  6  4  4  8  5  5 |     CCA 11 12 14  7 13 13 | Gln CAA 23 18 14  5 19 16 |     CGA  0  0  0  0  0  0
    CTG  2 15  9  8  8  8 |     CCG  0  5  4  3  3  3 |     CAG  2  7 10  8  5  7 |     CGG  0  2  5  2  2  3
--------------------------------------------------------------------------------------------------------------
Ile ATT 12  8 14  4 12 12 | Thr ACT 18 10 19 11 21 19 | Asn AAT 33 13 24  9 27 23 | Ser AGT 12  6  6  5  6  5
    ATC 12 19 15 13 16 15 |     ACC  5 19 14  8 13 13 |     AAC 10 25 18 11 15 19 |     AGC  4  8 11  8 10  8
    ATA 13  5  4  2  4  3 |     ACA 13  8  8  4  5  8 | Lys AAA 26 19 20 12 21 21 | Arg AGA 15 10 10  9  9  7
Met ATG 16 15 14 11 12 12 |     ACG  1 12  7  2  4  5 |     AAG 10 15 14 13 13 13 |     AGG  3  2  1  3  5  6
--------------------------------------------------------------------------------------------------------------
Val GTT  9  2  3  6  6  5 | Ala GCT 14 18 20 14 15 17 | Asp GAT 23 14 14 12 12 14 | Gly GGT  4  3  4  4  4  3
    GTC  4  5  4  3  3  3 |     GCC  2 21 14 13 14 12 |     GAC  5 12  9  5 12 11 |     GGC  1  2  1  1  3  5
    GTA  3  0  1  5  0  1 |     GCA  7  7 10  8  9 11 | Glu GAA 18 10 10 13 13 12 |     GGA  1  1  0  2  0  0
    GTG  5  0  3  5  2  3 |     GCG  1  4  2  1  4  1 |     GAG  2  6  8  7  3  6 |     GGG  0  0  0  3  0  0
--------------------------------------------------------------------------------------------------------------

Codon position x base (3x4) table for each sequence.

#1: castellii      
position  1:    T:0.29314    C:0.14657    A:0.37662    G:0.18367
position  2:    T:0.30241    C:0.25232    A:0.33766    G:0.10761
position  3:    T:0.39332    C:0.14286    A:0.34508    G:0.11874
Average         T:0.32962    C:0.18058    A:0.35312    G:0.13667

#2: bayanus        
position  1:    T:0.28889    C:0.20000    A:0.33162    G:0.17949
position  2:    T:0.26496    C:0.34530    A:0.30085    G:0.08889
position  3:    T:0.20342    C:0.39145    A:0.19829    G:0.20684
Average         T:0.25242    C:0.31225    A:0.27692    G:0.15840

#3: mikatae        
position  1:    T:0.31641    C:0.17259    A:0.33672    G:0.17428
position  2:    T:0.26058    C:0.34349    A:0.30118    G:0.09475
position  3:    T:0.30118    C:0.27750    A:0.21658    G:0.20474
Average         T:0.29272    C:0.26452    A:0.28483    G:0.15792

#4: kluyveri       
position  1:    T:0.27857    C:0.18095    A:0.29762    G:0.24286
position  2:    T:0.28571    C:0.28571    A:0.29048    G:0.13810
position  3:    T:0.26905    C:0.28571    A:0.22857    G:0.21667
Average         T:0.27778    C:0.25079    A:0.27222    G:0.19921

#5: cerevisiae     
position  1:    T:0.32241    C:0.17241    A:0.33276    G:0.17241
position  2:    T:0.27069    C:0.32586    A:0.29828    G:0.10517
position  3:    T:0.30690    C:0.27931    A:0.23621    G:0.17759
Average         T:0.30000    C:0.25920    A:0.28908    G:0.15172

#6: paradoxus      
position  1:    T:0.32297    C:0.17098    A:0.32642    G:0.17962
position  2:    T:0.26943    C:0.32815    A:0.30397    G:0.09845
position  3:    T:0.30743    C:0.27807    A:0.22798    G:0.18653
Average         T:0.29994    C:0.25907    A:0.28613    G:0.15486

Sums of codon usage counts
------------------------------------------------------------------------------
Phe F TTT      61 | Ser S TCT     121 | Tyr Y TAT      61 | Cys C TGT      40
      TTC     115 |       TCC     111 |       TAC      61 |       TGC      23
Leu L TTA      93 |       TCA     107 | *** * TAA       0 | *** * TGA       0
      TTG     133 |       TCG      53 |       TAG       0 | Trp W TGG      26
------------------------------------------------------------------------------
Leu L CTT      27 | Pro P CCT      33 | His H CAT      46 | Arg R CGT      20
      CTC      50 |       CCC      41 |       CAC      30 |       CGC       8
      CTA      32 |       CCA      70 | Gln Q CAA      95 |       CGA       0
      CTG      50 |       CCG      18 |       CAG      39 |       CGG      14
------------------------------------------------------------------------------
Ile I ATT      62 | Thr T ACT      98 | Asn N AAT     129 | Ser S AGT      40
      ATC      90 |       ACC      72 |       AAC      98 |       AGC      49
      ATA      31 |       ACA      46 | Lys K AAA     119 | Arg R AGA      60
Met M ATG      80 |       ACG      31 |       AAG      78 |       AGG      20
------------------------------------------------------------------------------
Val V GTT      31 | Ala A GCT      98 | Asp D GAT      89 | Gly G GGT      22
      GTC      22 |       GCC      76 |       GAC      54 |       GGC      13
      GTA      10 |       GCA      52 | Glu E GAA      76 |       GGA       4
      GTG      18 |       GCG      13 |       GAG      32 |       GGG       3
------------------------------------------------------------------------------

(Ambiguity data are not used in the counts.)


Codon position x base (3x4) table, overall

position  1:    T:0.30510    C:0.17395    A:0.33485    G:0.18610
position  2:    T:0.27474    C:0.31573    A:0.30571    G:0.10383
position  3:    T:0.29690    C:0.27717    A:0.24135    G:0.18458
Average         T:0.29225    C:0.25562    A:0.29397    G:0.15817

Codon frequencies under model, for use in evolver (TTT TTC TTA TTG ... GGG):
  0.02612518  0.02438885  0.02123673  0.01624142
  0.03002231  0.02802696  0.02440464  0.01866418
  0.02906968  0.02713764  0.00000000  0.00000000
  0.00987272  0.00921656  0.00000000  0.00613764
  0.01489525  0.01390528  0.01210810  0.00926003
  0.01711720  0.01597955  0.01391429  0.01064137
  0.01657405  0.01547251  0.01347277  0.01030371
  0.00562892  0.00525481  0.00457566  0.00349937
  0.02867271  0.02676706  0.02330757  0.01782516
  0.03294986  0.03075994  0.02678439  0.02048416
  0.03190433  0.02978390  0.02593450  0.01983419
  0.01083543  0.01011529  0.00880794  0.00673614
  0.01593506  0.01487598  0.01295335  0.00990646
  0.01831211  0.01709505  0.01488561  0.01138422
  0.01773106  0.01655261  0.01441328  0.01102299
  0.00602187  0.00562164  0.00489508  0.00374366



Nei & Gojobori 1986. dN/dS (dN, dS)
(Pairwise deletion)
(Note: This matrix is not used in later ML. analysis.
Use runmode = -2 for ML pairwise comparison.)

castellii           
bayanus             -1.0000 (0.5896 -1.0000)
mikatae             -1.0000 (0.5966 -1.0000) 0.0702 (0.0735 1.0465)
kluyveri            -1.0000 (0.5701 -1.0000) 0.1992 (0.6962 3.4949)-1.0000 (0.7248 -1.0000)
cerevisiae          -1.0000 (0.5862 -1.0000) 0.0720 (0.0761 1.0576) 0.0828 (0.0516 0.6232)-1.0000 (0.7101 -1.0000)
paradoxus           -1.0000 (0.5844 -1.0000) 0.0659 (0.0688 1.0439) 0.0739 (0.0413 0.5588)-1.0000 (0.7054 -1.0000) 0.0827 (0.0186 0.2250)


TREE #  1:  (((((5, 6), 3), 2), 1), 4);   MP score: -1
lnL(ntime:  5  np:  7):  -7662.047260      +0.000000
   7..8     8..9     9..10   10..11   11..5    11..6    10..3     9..2     8..1     7..4  
 4.184610 3.765076 0.432968 0.257360 0.100040 1.866771 0.093958
SEs for parameters:
 0.335694 0.319516 0.024326 0.017519 0.010047 0.147072 0.008511

tree length =  12.92467

(((((5: 0.100040, 6: 0.100040): 0.157320, 3: 0.257360): 0.175608, 2: 0.432968): 3.332108, 1: 3.765076): 0.419534, 4: 4.184610);

(((((cerevisiae: 0.100040, paradoxus: 0.100040): 0.157320, mikatae: 0.257360): 0.175608, bayanus: 0.432968): 3.332108, castellii: 3.765076): 0.419534, kluyveri: 4.184610);

Detailed output identifying parameters

kappa (ts/tv) =  1.86677

omega (dN/dS) =  0.09396

dN & dS for each branch

 branch          t       N       S   dN/dS      dN      dS  N*dN  S*dS

   7..8      0.420  1319.7   510.3  0.0940  0.0379  0.4035  50.0 205.9
   8..9      3.332  1319.7   510.3  0.0940  0.3011  3.2045 397.3 1635.2
   9..10     0.176  1319.7   510.3  0.0940  0.0159  0.1689  20.9  86.2
  10..11     0.157  1319.7   510.3  0.0940  0.0142  0.1513  18.8  77.2
  11..5      0.100  1319.7   510.3  0.0940  0.0090  0.0962  11.9  49.1
  11..6      0.100  1319.7   510.3  0.0940  0.0090  0.0962  11.9  49.1
  10..3      0.257  1319.7   510.3  0.0940  0.0233  0.2475  30.7 126.3
   9..2      0.433  1319.7   510.3  0.0940  0.0391  0.4164  51.6 212.5
   8..1      3.765  1319.7   510.3  0.0940  0.3402  3.6208 449.0 1847.7
   7..4      4.185  1319.7   510.3  0.0940  0.3781  4.0243 499.0 2053.6

tree length for dN:       1.1679
tree length for dS:      12.4295


Time used:  0:11
