
seed used = 1418810997
      7   1383

castellii                                  --- --- --- --- --- --- --- --- --- --- --- --- --- --- --- --- --- --- --- --- --- --- --- --- --- --- --- --- --- --- --- --- --- --- --- --- --- --- --- --- --- --- --- --- --- --- --- --- --- --- --- --- --- --- --- --- --- --- --- --- --- --- --- --- --- --- --- --- --- --- --- --- --- --- --- --- --- --- --- --- --- --- --- --- --- --- --- --- --- --- --- --- --- --- --- --- --- --- --- --- --- --- --- --- --- --- --- --- ATG GGG AAG AAA ATC GTT TTC AAT ATT TCC AGT GAT TTC CAA TTA AAA TCC CTT CTT GGG GAA GGT GCT TAT GGG GTT GTT TGT TCA GCT GTT CAT AAA CCT ACG GGG GAG ATT GTT GCC ATC AAG AAG ATT GAA CCA TTC GAC AAA CCA TTA TTT GCA TTA CGA ACA TTA AGA GAG ATT AAG ATC TTG AAA CAT TTC CAG CAT GAA AAT ATC ATT TCC ATT TTC GAC ATT CAA AGA CCT GAA TCC TTT GAG AAT TTT AAT GAA GTG TAC ATT ATA CAA GAG TTG ATG CAG ACA GAT TTG CAT CGT GTG ATA TCG ACA CAG AAT CTT ACT GAT GAC CAT ATA CAA TAT TTC ATA TAT CAG ACG TTG AGA GCG GTG AAA GTG TTA CAC GGA TCT AAT GTC ATT CAT CGA GAT TTG AAA CCA TCC AAC CTT TTA ATA AAT TCC AAC TGT GAT TTA AAG ATC TGT GAT TTT GGA TTA GCA AGA ATT ATT GAA GAG GAC ACT GGT GAT GAT GAA CCC AAC GCA CAA TTA CAA AAC GGT ATG ACG GAA TAT GTG GCT ACC AGA TGG TAT CGT GCA CCA GAG GTG ATG CTA ACT GCT GCC AGA TAT TCC AAG GCA ATG GAC ATA TGG TCC TGT GGT TGT ATT CTG GCT GAG TTA TTC ATG AAG AGG CCC ATA TTC CCG GGG AAG GAT TAC CGT CAT CAA CTA ATG TTA ATA TTC GGT CTT ATT GGG ACG CCT --- AGT GGG AGA GAT CTA TTG TGC ATT GAA TCA AGA AGA GCA AGA GAG TAT ATT ACC ACG CTA CCC AAA TAC GAG CCT GTC CCC TGG GAG AAG GTT TTC CCC AAT GTT AAC CCA CTG GGA ATT GAT CTT TTA CAA AGA ATG CTT ATT TTC GAC CCA CGT AGC AGA ATC ACA GCA GAG GAA GCA TTA GCG CAT CCA TAT TTG AAG ACG TAT CAT GAC CCT AAT GAC GAG CCC ACG GGT GAA CCT ATC CCG AAG TCC TTT TTC GAG TTT GAT TCC TAC AAG GAT GTG CTG ACG ACA AAG GAC CTG AAG AAG TTG CTG TGG AAC GAA ATC TTC GGT 
bayanus                                    --- --- --- --- --- --- --- --- --- --- --- --- --- --- --- --- --- --- --- --- --- --- --- --- --- --- --- --- --- --- --- --- --- --- --- --- --- --- --- --- --- --- --- --- --- --- --- --- --- --- --- --- --- --- --- --- --- --- --- --- --- --- --- --- --- --- --- --- --- --- --- --- --- --- --- --- --- --- --- --- --- --- --- --- --- --- --- --- --- --- --- --- --- --- --- --- --- --- --- --- --- --- --- --- --- --- --- --- ATG CCA AAG AGA ATA GTA TAC AAC ATA TCC AGC GAC TTC CAG TTG AAG TCG CTG CTG GGC GAG GGC GCA TAC GGT GTG GTG TGC TCC GCA ACG CAC AAG CCC ACG GGG GAG ATC GTG GCA ATC AAG AAG ATC GAG CCA TTC GAC AAG CCG CTC TTC GCG CTG CGC ACG CTG CGC GAG ATC AAG ATC CTG AAG CAC TTC AAG CAC GAA AAC ATC ATA ACC ATC TTC AAC ATC CAG CGC CCG GAC TCG TTC GAA AAC TTC AAC GAG GTG TAC ATC ATC CAG GAG CTG ATG CAG ACG GAC CTA CAC CGC GTG ATC TCC ACG CAA CTA CTG AGC GAC GAC CAC ATA CAG TAT TTC ATA TAC CAG ACG CTG CGC GCA GTG AAG GTG CTG CAC GGC TCG AAC GTG ATT CAC CGT GAT CTG AAG CCC TCC AAC CTG CTG ATC AAT TCC AAC TGT GAT CTG AAA GTG TGT GAC TTC GGA CTA GCC AGG ATC ATC GAC GAG GCA GGC GCA GAC GAC CCG GAG GCC ACG GGC CAG CAG AAC GGC ATG ACC GAG TAC GTG GCC ACG CGT TGG TAC AGG GCC CCG GAG GTG ATG CTG ACC TCT GCG CGC TAC TCC CGG GCC ATG GAC GTT TGG TCA TGC GGC TGT ATT CTG GCA GAG TTG TTC TTG AGA CGG CCC ATC TTC CCC GGG AGA GAC TAC CGC CAT CAG CTG CTG CTG ATA TTC GGC GTT ATC GGC ACG CCG CAG TCG GAG GAA GAA CTG CGG TGC ATC GAG TCG GCG CGA GCC AGA GAG TAC ATA AAG TCG CTT CCC GCG TAC CCG GCC GTG CCG CTG GAA AAG CTG CTT CCA GGC ATC AAC CCT CAG GGC GTG GAC CTC TTG CAG CGC ATG CTT GTG TTC GAC CCC GAG AAG CGG ATC ACC GCC AAG GAG GCA CTC GAG CAC CCG TAC TTG CAG ACG TAC CAC GAC CCG GGC GAC GAG CCC GAG GGC GAG TCC ATC CCG CCC AGC TTC TTC GAG TTC GAC AAC TAC AAG GAG GCG TTG ACC ACT AAG GAC CTC AAG AAG CTG ATC TGG AAC GAG ATC TTC AGC 
mikatae                                    --- --- --- --- --- --- --- --- --- --- --- --- --- --- --- --- --- --- --- --- --- --- --- --- --- --- --- --- --- --- --- --- --- --- --- --- --- --- --- --- --- --- --- --- --- --- --- --- --- --- --- --- --- --- --- --- --- --- --- --- --- --- --- --- --- --- --- --- --- --- --- --- --- --- --- --- --- --- --- --- --- --- --- --- --- --- --- --- --- --- --- --- --- --- --- --- --- --- --- --- --- --- --- --- --- --- --- --- ATG CCG AAG AGG ATT GTA TAC AAT ATA TCG AGC GAC TTC CAA TTG AAG TCG CTA CTG GGA GAA GGT GCA TAC GGT GTG GTA TGT TCT GCA ACG CAC AAG CCC ACG GGA GAA ATC GTG GCA ATT AAG AAG ATC GAG CCA TTT GAC AAG CCG CTC TTC GCA TTA CGT ACG CTG CGT GAA ATC AAA ATC CTG AAG CAT TTC AAG CAC GAA AAC ATC ATA ACT ATT TTC AAT ATT CAG CGT CCT GAC TCG TTC GAG AAC TTC AAT GAG GTT TAT ATT ATC CAA GAG CTG ATG CAG ACA GAT CTT CAC CGC GTG ATT TCT ACC CAG GTT CTC AGT GAC GAT CAT ATA CAG TAT TTT ATA TAC CAA ACC TTA AGG GCA GTT AAA GTA CTG CAT GGC TCA AAC GTC ATA CAT CGC GAT TTG AAG CCC TCT AAC CTT TTG ATA AAC TCC AAC TGT GAT CTG AAA GTG TGT GAT TTT GGT TTG GCC AGG ATC ATC GAC GAG ACA GGC GCG GAC CAT TCG GAG GCT ACA GGT CAG CAG AAC GGT ATG ACG GAG TAT GTC GCC ACA CGT TGG TAC AGG GCT CCC GAG GTG ATG CTG ACC TCT GCT AAG TAC TCC AGA GCC ATG GAC GTG TGG TCC TGC GGA TGC ATT CTC GCA GAA CTT TTT TTG AGA CGG CCC ATC TTT CCC GGC AGA GAC TAT CGT CAT CAA TTA CTG CTG ATA TTC GGT ATC ATC GGA ACC CCC CAG TCA GAT GAT GAT TTA CGG TGT ATA GAG TCA CCC CGA GCT AGA GAA TAC ATA AAG TCG TTA CCT ATG TAT CCG GCG GCA CCA CTT GAG AAA ATG TTC TCA CGG GTC AAC CCG CAG GGA ATA GAT CTT TTA CAG CGG ATG CTG GTC TTT GAC CCT GCG AAG AGA ATT ACT GCA AAG GAG GCG CTA GAG CAT CCG TAC TTG CAA ACA TAC CAC GAT CCG AAT GAC GAA CCT GAA GGC GAA CCT ATT CCA CCC AGT TTT TTC GAA TTC GAT CAT TAC AAG GAA GCG CTA ACA ACG AAA GAC CTC AAG AAA CTT ATT TGG AAC GAG ATA TTT AGT 
kluyveri                                   ATG CAA AAA ATA ACA TGG TGT CAG TGT GCA GAC GAC CTC GTA GCC TTT CTT TTT CCT TTC TAC GTT TTG AGG ATC AAT GTC TCT TTC CTT TTT ACT GAG TTC TTA AGA AGA GTT TCA CCA TCT GTT TCA AGG GAA AGT GGA AAC GAG TGG GAA AAT TTT TTT CTC TCT TTA GAT TTA TAT ATA CAC ACT TGG TTT TTG TAT TTG GCA TCC CAG TTT CAC TAT TCT TTT AGT CAC AGA GTC TAT AAA CCA TCT CTC TCT CTC TCT TTT TTT TTT TCC TTT GTT ATT CTC TTT CTT TTT CCC GGT ACA GTA ACA CAG CAT AAA TTC ATG GGT AAG AAA ATC GTG TTC AAT ATT AGC TCT GAG TTC CAA CTC AAA GCT CTT TTA GGC GAA GGG GCC TAC GGA GTC GTC TGT TCG GCG ATC CAC AAA CCC ACG GGA GAA ATC GTA GCA ATA AAG AAG ATC GAG CCA TTT GAT AAG ACG CTG TTT AGT CTA CGT ACG CTA CGT GAG ATC AAG TTG CTG AAA CAT TTT AAC CAT GAA AAC ATC ATC AGC ATA TTC GAC ATT CAA AAA CCA GCA TCA TTT GAA AGT TTC AAC GAG GTC TAC ATC ATT CAA GAA CTG ATG CAA ACC GAT TTA CAC CGC GTC ATC GTG ACC CAA GAT TTA ACC GAT GAC CAT ATC CAA TAT TTC ATT TAC CAA ACC CTA AGA GCG GTG AAA ATA TTG CAC GGG AGC AAC GTG ATC CAC CGC GAT TTG AAA CCC AGC AAC TTG TTA TTG AAC AGC AAC TGC GAT TTG AAA GTA TGT GAT TTC GGG CTC GCG AGG ATC GAC AAC GGA ACA AAT ACA AAC GGG ATG GAA TAC AAT --- --- --- TCG GGG ATG ACG GAG TAC GTA GCA ACC AGG TGG TAT CGC GCG CCA GAA GTA ATG CTT ACA GCA GCG AAG TAC ACC AGA GCG ATA GAC ATT TGG TCC TGC GGA TGC ATT TTA GCG GAA TTA TTT TTG AAG AGG CCG CTG TTT CCA GGA AAG GAT TAC AGA CAT CAG TTG GTG CTG ATA TTC GAA GTG CTA GGC ACG CCG --- AGT GGC GAG GAC TTT TTC AAC ATC AAG AGT AAA AGA GCA CGA GAG TAC ATT CGG ACG TTA CCG GTT TAC ACA CCG ACC CCG TTA AGC AAG ATT TTG CCA CAT GTC AAT CCG CTG GGA GTA GAC CTG CTC AGT AAA ATG CTG GTG TTT GAT CCG AAC AAA AGG ATA ACA GCC GCT GAA GCA TTG AAA CAT CCC TAT TTG GCT ACA TAT CAC GAT CCC GAA GAT GAG CCC ACC GGA ACA CCA ATC CCG GCA GAC TTT TTT GAG TTT GAT AAG TTC AAA GAA CAT CTG ACG GCC AAA GAC CTC AAG AAG TTG CTA TGG AAC GAA GTG TTC AGT 
cerevisiae                                 --- --- --- --- --- --- --- --- --- --- --- --- --- --- --- --- --- --- --- --- --- --- --- --- --- --- --- --- --- --- --- --- --- --- --- --- --- --- --- --- --- --- --- --- --- --- --- --- --- --- --- --- --- --- --- --- --- --- --- --- --- --- --- --- --- --- --- --- --- --- --- --- --- --- --- --- --- --- --- --- --- --- --- --- --- --- --- --- --- --- --- --- --- --- --- --- --- --- --- --- --- --- --- --- --- --- --- --- ATG CCA AAG AGA ATT GTA TAC AAT ATA TCC AGT GAC TTC CAG TTG AAG TCG TTA CTG GGA GAG GGT GCA TAC GGT GTG GTA TGT TCT GCA ACG CAT AAG CCC ACG GGA GAA ATC GTG GCA ATA AAA AAG ATC GAA CCA TTC GAT AAG CCT TTG TTC GCA TTA CGT ACG CTG CGT GAA ATA AAG ATC CTG AAG CAC TTC AAG CAC GAA AAT ATC ATA ACA ATC TTC AAC ATT CAA CGC CCT GAC TCG TTC GAA AAC TTC AAT GAG GTC TAC ATA ATT CAA GAG CTA ATG CAG ACA GAT TTA CAC CGT GTA ATC TCC ACC CAG ATG CTG AGT GAC GAT CAT ATA CAA TAT TTT ATA TAC CAA ACC TTG AGA GCA GTG AAA GTG CTG CAT GGT TCG AAC GTC ATC CAT CGT GAT TTA AAG CCC TCC AAC CTT CTC ATA AAC TCC AAC TGT GAC TTG AAA GTA TGT GAT TTC GGT TTA GCA AGA ATC ATT GAC GAG TCA GCC GCG GAC AAT TCA GAG CCC ACA GGT CAG CAA AGC GGC ATG ACC GAG TAT GTG GCC ACA CGT TGG TAC AGG GCG CCA GAG GTG ATG TTA ACC TCT GCC AAA TAC TCA AGG GCC ATG GAC GTG TGG TCC TGC GGA TGT ATT CTC GCT GAA CTT TTC TTA AGA CGG CCA ATC TTC CCT GGC AGA GAT TAT CGC CAT CAA CTA CTA CTG ATA TTC GGT ATC ATC GGT ACA CCT CAC TCA GAT AAT GAT TTG CGG TGT ATA GAG TCA CCC AGG GCT AGA GAG TAC ATA AAG TCG CTT CCC ATG TAC CCT GCC GCG CCA CTG GAG AAG ATG TTC CCT CGA GTC AAC CCG AAA GGC ATA GAT CTT TTA CAG CGT ATG CTT GTT TTT GAC CCT GCG AAG AGG ATT ACT GCT AAG GAG GCA CTG GAG CAT CCG TAT TTG CAA ACA TAC CAC GAT CCA AAC GAC GAA CCT GAA GGC GAA CCC ATC CCA CCC AGC TTC TTC GAG TTT GAT CAC TAC AAG GAG GCA CTA ACG ACG AAA GAC CTC AAG AAA CTC ATT TGG AAC GAA ATA TTT AGT 
paradoxus                                  --- --- --- --- --- --- --- --- --- --- --- --- --- --- --- --- --- --- --- --- --- --- --- --- --- --- --- --- --- --- --- --- --- --- --- --- --- --- --- --- --- --- --- --- --- --- --- --- --- --- --- --- --- --- --- --- --- --- --- --- --- --- --- --- --- --- --- --- --- --- --- --- --- --- --- --- --- --- --- --- --- --- --- --- --- --- --- --- --- --- --- --- --- --- --- --- --- --- --- --- --- --- --- --- --- --- --- --- ATG CCA AAG AGA ATT GTA TAC AAT ATA TCC AGT GAC TTC CAG TTG AAG TCT CTG CTC GGA GAA GGT GCG TAC GGT GTG GTA TGT TCC GCA ACG CAT AAG CCC ACG GGA GAA ATC GTG GCA ATT AAG AAG ATC GAG CCA TTT GAC AAG CCG CTC TTC GCA TTA CGT ACG CTG CGT GAA ATA AAG ATC CTA AAG CAC TTT AAG CAC GAA AAT ATC ATA ACG ATT TTC AAC ATT CAA CGC CCT GAC TCG TTC GAA AAC TTC AAC GAG GTT TAC ATC ATC CAA GAG CTG ATG CAG ACG GAT TTG CAT CGT GTA ATT TCC ACT CAG GTG CTG AGC GAT GAT CAT ATA CAA TAT TTT ATA TAC CAA ACT TTA AGA GCG GTG AAG GTG CTG CAT GGT TCG AAC GTG ATC CAT CGC GAT TTG AAG CCC TCC AAC CTT CTG ATA AAC TCC AAT TGT GAC TTG AAA GTG TGT GAT TTC GGT TTA GCA AGA ATC ATT GAC GAA GCA AGT GCG GAC AAT TCA GAG GCC ACA GGC CAA CAG AAC GGG ATG ACC GAG TAT GTA GCC ACA CGT TGG TAT AGG GCT CCC GAG GTG ATG TTA ACC TCT GCC AAA TAC TCC AGG GCC ATG GAT ATT TGG TCC TGC GGC TGC ATT CTC GCA GAA CTT TTT TTA AGA CGG CCC ATC TTC CCC GGC AGA GAC TAT CGT CAT CAA TTA CTG CTG ATA TTC GGC ATC ATC GGT ACA CCC CAA TCA GAT GAT GAT TTG CAG TGC ATA GAG TCG CCC AGA GCT AGA GAA TAC ATA AAA TCG CTT CCT ATG TAC CCT GCC GCG CCA CTG GAA AAG ATG TTC TCT CGC GTC AAC CCG AAG GGA ATA GAT CTT TTA CAG CAG ATG CTT GTC TTT GAC CCT GCG AAG AGG ATT ACC GCC AAG GAG GCA CTA GAG CAT CCG TAT TTG CAA ACT TAC CAC GAC CCG AAT GAC GAA CCA GAA GGC GAA CCC ATT CCT CCC AGT TTC TTC GAG TTT GAT CAC TAC AAG GAG GCG TTA ACG ACG AAG GAC CTC AAA AAA CTT ATT TGG AAC GAA ATA TTT AGT 
kudriavzevii                               --- --- --- --- --- --- --- --- --- --- --- --- --- --- --- --- --- --- --- --- --- --- --- --- --- --- --- --- --- --- --- --- --- --- --- --- --- --- --- --- --- --- --- --- --- --- --- --- --- --- --- --- --- --- --- --- --- --- --- --- --- --- --- --- --- --- --- --- --- --- --- --- --- --- --- --- --- --- --- --- --- --- --- --- --- --- --- --- --- --- --- --- --- --- --- --- --- --- --- --- --- --- --- --- --- --- --- --- ATG CCA AAG AGG ATT GTA TAC AAC ATA TCC AGC GAC TTC CAG TTG AAG TCG CTG CTG GGG GAA GGC GCC TAC GGT GTG GTG TGT TCC GCG ACG CAC AAG CCC ACA GGA GAA ATA GTG GCA ATC AAA AAG ATC GAG CCA TTT GAC AAG CCG CTC TTC GCT CTG CGC ACG CTG CGT GAA ATC AAG ATC CTG AAG CAC TTC AAG CAC GAG AAT ATC ATA ACG ATT TTC AAT ATC CAG CGC CCA GAC TCG TTT GAA AAC TTC AAT GAG GTG TAC ATC ATC CAG GAG TTG ATG CAG ACG GAC CTG CAC CGT GTG ATT TCC ACG CAG GTT CTG AGT GAC GAC CAT ATA CAG TAT TTT ATA TAT CAA ACC TTG AGA GCG GTG AAA GTG CTG CAT GGG TCG AAC GTG ATT CAT CGC GAC CTG AAG CCC TCC AAC CTT CTG ATA AAC TCC AAT TGC GAC TTG AAA GTG TGC GAT TTT GGG TTG GCG AGA ATC ATC GAC GAA GCG GGC GCG GAT GAT TCA GAG GCC ACG GGC CAA CAG AGC GGT ATG ACG GAG TAC GTG GCC ACG CGT TGG TAC AGG GCT CCC GAG GTG ATG CTG ACC TCT GCC AAG TAC TCC AGA GCC ATG GAC GTG TGG TCG TGC GGG TGC ATT CTC GCA GAA CTG TTT CTC AGA CGT CCC ATC TTC CCC GGT AGA GAC TAC CGG CAT CAG TTG CTG CTG ATA TTC GGC ATC ATC GGC ACG CCG CAG TCA GAC GAC GAC TTG CGC TGC ATT GAA TCA CCG CGA GCT AGA GAG TAC ATA AAG TCG CTG CCA GCG TAC CCG GCG GCG GCG CTG GAG AAG ATG TTC CCG CGG ATC AAC CCG CAG GGA ATA GAC CTC CTA GAG CGG ATG CTG GTC TTT GAC CCT GAG AAG AGA ATC ACT GCC ACG GAG GCG CTG GAG CAC CCG TAC TTG CAC ACG TAC CAC GAT CCG AAC GAC GAA CCT GAG GGC GAG CCC ATC CCG CCC AGC TTC TTT GAA TTT GAC CAC TAC AAG GAG GCG CTG ACC ACC AAG GAC CTG AAG AAA TTG ATC TGG AAC GAG ATC TTC AGC 



Printing out site pattern counts


         7       1104  P

castellii                                   --- --- --- --- --- --- --- --- --- --- --- --- --- --- --- --- --- --- --- --- --- --- --- --- --- --- --- --- --- --- --- --- --- --- --- --- --- --- --- --- --- --- --- --- AAA AAA AAA AAA AAA AAC AAC AAC AAC AAC AAG AAG AAG AAG AAG AAG AAG AAG AAG AAG AAG AAG AAT AAT AAT AAT AAT AAT AAT AAT AAT ACA ACA ACA ACA ACA ACC ACC ACG ACG ACG ACG ACG ACG ACG ACG ACT ACT ACT AGA AGA AGA AGA AGA AGA AGA AGA AGA AGA AGA AGA AGC AGG AGT AGT ATA ATA ATA ATA ATA ATA ATA ATA ATC ATC ATC ATC ATC ATC ATC ATC ATG ATG ATG ATG ATT ATT ATT ATT ATT ATT ATT ATT ATT ATT ATT ATT ATT ATT ATT CAA CAA CAA CAA CAA CAA CAA CAC CAG CAG CAG CAG CAT CAT CAT CAT CAT CAT CAT CAT CAT CCA CCA CCA CCA CCA CCA CCA CCC CCC CCC CCC CCC CCC CCG CCG CCT CCT CCT CCT CCT CCT CGA CGA CGT CGT CGT CGT CTA CTA CTA CTA CTG CTG CTG CTG CTG CTT CTT CTT CTT CTT CTT CTT GAA GAA GAA GAA GAA GAA GAA GAA GAA GAA GAA GAC GAC GAC GAC GAC GAC GAC GAC GAG GAG GAG GAG GAG GAG GAG GAG GAG GAG GAT GAT GAT GAT GAT GAT GAT GAT GAT GAT GAT GAT GCA GCA GCA GCA GCA GCA GCA GCA GCC GCC GCG GCG GCT GCT GCT GCT GCT GGA GGA GGA GGG GGG GGG GGG GGG GGG GGG GGT GGT GGT GGT GGT GGT GGT GTC GTC GTG GTG GTG GTG GTG GTG GTG GTT GTT GTT GTT GTT GTT GTT TAC TAC TAC TAT TAT TAT TAT TAT TAT TAT TCA TCA TCC TCC TCC TCC TCC TCC TCC TCC TCC TCC TCG TCT TGC TGG TGG TGT TGT TGT TGT TGT TTA TTA TTA TTA TTA TTA TTA TTA TTA TTA TTA TTA TTA TTC TTC TTC TTC TTC TTC TTC TTC TTC TTC TTG TTG TTG TTG TTG TTG TTG TTG TTT TTT TTT TTT TTT TTT
bayanus                                     --- --- --- --- --- --- --- --- --- --- --- --- --- --- --- --- --- --- --- --- --- --- --- --- --- --- --- --- --- --- --- --- --- --- --- --- --- --- --- --- --- --- --- CAG AAG AAG AAG AGA GCG AAC AAC AAC AAC GCC AAA AAG AAG AAG AAG AAG AAG AAG AGA CAG CCC CGG AAC AAC AAC AAC AAC AAT CTA GGC GGC ACC ACG ACG ACG ACT AAG ACG ACC ACC ACG ACG ACG ACG GAG TCG ACC AGC GGC AGA AGG CGA CGC CGC CGC CGC CGC CGG CGT GAA GCG AAG CGG AGC TCG ATA ATA ATA ATC ATC ATC ATC GTT ATA ATC ATC ATC ATC ATC ATC GTG ATG ATG CTG TTG ATA ATA ATC ATC ATC ATC ATC ATC ATC ATC ATC ATT ATT GTG GTG CAG CAG CAG CAG CAG CAG GGC CAC AAG CAA CAG CAG CAC CAC CAC CAC CAC CAC CAC CAC CAT CCA CCC CCC CCG CCG CCG CCT CCA CCC CCC CCC CCG GAG CCC CCG CCC CCG CCG CCG GCC TCC CGC CGT AGG CGC CGC GAG CTG CTG CTG CTT ATC CAG CTC CTG TTG CTC CTG CTG CTG CTG CTT GTT CCG GAA GAC GAC GAG GAG GAG GAG GAG GAG GAG AAC GAC GAC GAC GAC GAC GAC GCA AAG CCG GAA GAA GAG GAG GAG GAG GAG GAG GAA GAC GAC GAC GAC GAC GAC GAC GAC GAG GAT GAT ACG GCA GCC GCC GCC GCC GCC GCG GCA GCG GAG GCA GCA GCA GCA GCC TCT GGA GGC GGC CCA GAG GGC GGC GGG GGG GGT AGC GCA GGC GGC GGC GGC GGC GTG GTG GCG GTG GTG GTG GTG GTG GTG ACG ATC CTG GTA GTG GTG GTG TAC TAC TAC TAC TAC TAC TAC TAC TAC TAT TCC TCG AAC ACC AGC TCA TCC TCC TCC TCC TCG TCG TCC TCG TGC CTG TGG TGC TGC TGT TGT TGT CAG CTA CTC CTC CTG CTG CTG CTG CTG CTG TTG TTG TTG CTT TAC TTC TTC TTC TTC TTC TTC TTC TTC CGG CTA CTG CTG CTG CTG CTG TTG TTC TTC TTC TTC TTC TTC
mikatae                                     --- --- --- --- --- --- --- --- --- --- --- --- --- --- --- --- --- --- --- --- --- --- --- --- --- --- --- --- --- --- --- --- --- --- --- --- --- --- --- --- --- --- --- CAG AAA AAG AAG AGG ATG AAC AAC AAC AAC GCT AAA AAA AAA AAA AAG AAG AAG AAG AGA CAA CCC AGA AAC AAC AAC AAT AAT AAC GTT AAT CGG ACT ACA ACC ACG ACG AAG ACA ACA ACG ACA ACC ACC ACG GAA TCG ACC AGT GGC AGA AGG CGA AAG AGG CGG CGT CGT AGA CGT GAT CCC AAG CGG AGC TCA ATA ATA ATA ATA ATC ATC ATT GTG ATT ATA ATC ATC ATT ATT ATT GTG ATG ATG CTG TTG ATA ATA ATA ATC ATC ATC ATC ATC ATT ATT ATT ATA ATT ATA GTC CAA CAA CAA CAG CAG CAG GGT CAT AAG CAG CAA CAG CAC CAC CAC CAC CAT CAT CAT CAT CAT CCA CCC CCT CCC CCG CCG CCG TCA CCC CCT CCT CCA GAG CCC CCA CCC CCC CCG CCT GCG CCT CGT CGC AGG CGC CGT GCG CTG TTA TTA TTA ATT CAG CTC CTC CTA CTT CTA CTC CTG CTT CTG ATC TCG GAA GAC GAC GAA GAA GAG GAG GAG GAG GAG AAT GAC GAC GAC GAC GAT GAT ACA AAG CCG GAG GAG GAA GAA GAA GAA GAG GAG GAT CAT GAC GAC GAC GAC GAT GAT GAT GAA GAT GAT ACA GCG GCA GCC GCC GCT GCT GCA GCA GCT GAG GCA GCA GCA GCA GCC TCT GGT GGA GGC CCG GAT GGA GGA GGA GGC GGT AGT GCG GGA GGC GGT GGT GGT GCA GTC GCG GTA GTC GTG GTG GTT GTT ACG GTC ATG GTA GTA GTG GTG TAC TAT TAT TAC TAC TAC TAC TAC TAT TAT TCT TCA CAT ACT AGT TCC TCC TCC TCG TCT TCG TCG TCT TCA TGT CTT TGG TGC TGT TGC TGT TGT CAG TTG CTA CTC CTG CTG CTG CTG TTA TTG CTT TTA TTG TTC TAC TTC TTC TTC TTT TTT TTT TTT TTT CGG CTT CTG CTG CTT TTA TTG TTG TTC TTC TTC TTC TTT TTT
kluyveri                                    AAA AAC AAT ACA ACT AGA AGG AGT ATA ATC ATG ATT CAA CAC CAG CAT CCA CCC CCT CTC CTT GAA GAC GAG GAT GCA GCC GGA GGT GTA GTC GTT TAC TAT TCA TCC TCT TGG TGT TTA TTC TTG TTT --- AAA AAA AAG AAA GTT AAC AAC AAT TCG TAC AAA AAA AAG AAG AAA AAG AAG AAG AAG GCT GCA AGA AAC AAC AGT AAC AAT AAC GAT GAA CAT ACA ACC ACC ACG GCC CGG ACC ACG ACG ACA ACC ACG ACG ACC ACG ACA ACC AAT CGA AGG AGA AAG AGA AAA AAA CGT AGG AGG GAG AAA AAA AGG TCT AGT ATA ATC ATT TTG ATT CTG ATC ATT ATC GTG ATC TTG ATA ATA ATC GTA ATA ATG GTG TTG ATC ATT ATC ATC ATC ATC CTA GAC ATA ATC ATT ATC ATT GTA GTG CAA CAA CAG --- AGT CAA --- CAC AAC CAA CAA CAA CAC CAC CAC CAT CAC CAT CAT CAT CAT CCA CCC CCG CCA ACG CCC CCG CCA CCG CCC CCG CCG GAA CCA CCG CCC CCG CCC CCA CCG CCA CGT CGC CGC CGC AGA AAC CTT TTG TTT TTA CTA CTG CTC TTA CTG CTG CTT TTA TTA TTG CTG GTG ATG GAA AAC GCA ACA GAA AAG GAA GAA GAG GAG GAC GAC GAC GAT GAT GAC GAT ACA GCT ACA AGC GAA GAA GAG GAG GAG GAA GGA GAC GGG AAC GAG GAT GAT GAC GAT GAT GAA GAT GAT AAT GCA GCC GCG GCG GCA GCG AGT GCA GCG AAA GCG GCC GCG GCG GCA GCA GGG GGA GGG GGT GGC GGC GGC GGA GGA GGA AGT ACA GGA GGA GAA GGG GGG ACC GTG CAT ATA GTA GTA GTC GTC GTG ATC GTC ATT GTG GTC GTA GTC TTC TAC TAC TAC TAC TAT TAT TAT TAC TAT TCG AGT AAG AGC GAC TCC ACC AGC AGC AGC GCT TCA GTG AGC AAC TTA TGG TGC TGT TGC TGC TGT --- CTC TTG CTG CTA CTG TTG TTG CTA TTA TTA CTC CTC TTG TTC TTC TTT TTT TTC TTC TTT TTT TTT TTC TTA CTG CTG TTG CTA TTG TTG TTC TTT TTT TTT TTC TTT
cerevisiae                                  --- --- --- --- --- --- --- --- --- --- --- --- --- --- --- --- --- --- --- --- --- --- --- --- --- --- --- --- --- --- --- --- --- --- --- --- --- --- --- --- --- --- --- CAC AAA AAG AAG AGA ATG AAC AAC AAC AGC CCC AAA AAA AAA AAG AAG AAA AAG AAG AGA CAA CCC AGG AAC AAT AAC AAT AAT AAC ATG AAC CGA ACT ACA ACC ACG ACG AAG ACA ACG ACC ACA ACC ACA ACG GAA TCG ACC AGT GCC AGA AGA AGG AAA AGA CGT CGC CGT AGG CGT AAT CCC AAG CGG AGT TCA ATA ATA ATA ATA ATT ATC ATC GTG ATT ATA ATC ATC ATA ATT ATC GTA ATG ATG CTA TTA ATA ATA ATA ATA ATC ATC ATC ATT ATC ATA ATT ATC ATT ATA GTT CAA CAG CAA CAA CAG CAA GGT CAT AAG CAG CAA CAG CAC CAC CAT CAC CAT CAC CAT CAT CAT CCA CCC CCT CCA CCT CCG CCG CCT CCA CCT CCC CCA GAG CCT CCA CCC CCT CCA CCT GCC CCC CGT CGT AGG CGT CGC GCG TTA CTA TTG CTT ATT AAA CTC CTC CTA CTT TTA CTG CTG CTT CTT ATC TCA GAA GAC GAC GAA GAG GAG GAA GAG GAA GAG AAC GAC GAC GAC GAT GAT GAT TCA AAG CCT GAG GAA GAA GAA GAG GAG GAG GAG GAT AAT GAC GAC GAC GAT GAT GAT GAT GAG GAC GAT ACA GCA GCT GCA GCC GCT GCG GCA GCA GCC GAG GCA GCA GCA GCT GCC TCT GGT GGC GGT CCA GAT GGA GGT GGA GGC GGT AGT GCG GGA GGC GGT GGC GGT GCG GTC GCA GTG GTG GTG GTA GTC GTG ACG GTC ATG GTA GTA GTG GTG TAC TAC TAT TAC TAC TAC TAC TAT TAT TAT TCT TCA CAC ACA AGC TCC TCA TCC TCC TCC TCG TCG TCC TCG TGT CTG TGG TGC TGT TGT TGT TGT CAG TTA CTG TTG CTG CTG CTG TTG TTA CTC CTT TTA TTG TTC TAC TTC TTC TTC TTT TTT TTC TTC TTT CGG TTA CTA CTG CTC TTG TTA TTG TTC TTC TTC TTT TTC TTC
paradoxus                                   --- --- --- --- --- --- --- --- --- --- --- --- --- --- --- --- --- --- --- --- --- --- --- --- --- --- --- --- --- --- --- --- --- --- --- --- --- --- --- --- --- --- --- CAA AAG AAG AAG AGA ATG AAC AAT AAC AAC GCC AAA AAG AAA AAG AAG AAG AAA AAG AGA CAA CCC AGG AAC AAT AAC AAC AAT AAC GTG AAT CGC ACC ACG ACT ACG ACG AAA ACA ACG ACC ACT ACT ACA ACG GAA TCG ACC AGC AGT AGA AGA AGA AAA AGA CAG CGC CGT AGG CGT GAT CCC AAG CGG AGT TCA ATA ATA ATA ATA ATC ATC ATT ATT ATT ATA ATC ATC ATT ATT ATT GTG ATG ATG CTG TTA ATA ATA ATA ATA ATC ATC ATC ATT ATT ATC ATT ATC ATT ATA GTC CAA CAG CAA CAG CAG CAA GGC CAT AAG CAG CAA CAG CAC CAT CAT CAC CAT CAC CAT CAT CAT CCA CCC CCT CCC CCG CCG CCG TCT CCC CCA CCT CCA GAG CCC CCT CCC CCC CCG CCT GCC CCC CGT CGC AGG CGT CGT GCG TTA TTA TTG CTT ATT AAG CTC CTC TTA CTT CTG CTG CTC CTT CTT ATC TCA GAA GAC GAC GAA GAA GAG GAA GAG GAG GAG AAC GAC GAT GAC GAC GAT GAC GCA AAG CCT GAA GAA GAA GAA GAA GAG GAG GAA GAT AAT GAC GAC GAT GAC GAT GAT GAT GAG GAC GAT ACA GCA GCC GCA GCC GCT GCT GCA GCA GCC GAG GCG GCG GCA GCA GCC TCT GGT GGA GGT CCA GAT GGA GGT GGA GGC GGT AGT GCG GGC GGC GGC GGG GGT GCG GTG GCG GTG GTA GTG GTA GTT GTG ACG GTC ATG GTA GTA GTG GTG TAC TAC TAT TAC TAC TAC TAT TAT TAT TAT TCC TCG CAC ACG AGT TCC TCC TCC TCC TCC TCT TCG TCC TCG TGC CTG TGG TGC TGT TGC TGT TGT CAA TTA CTA CTC CTG CTG CTG TTG TTA CTG CTT TTA TTG TTC TAC TTC TTC TTT TTT TTT TTC TTT TTT CAG TTG CTG CTA CTT TTA TTG TTG TTC TTC TTC TTT TTC TTC
kudriavzevii                                --- --- --- --- --- --- --- --- --- --- --- --- --- --- --- --- --- --- --- --- --- --- --- --- --- --- --- --- --- --- --- --- --- --- --- --- --- --- --- --- --- --- --- CAG AAA AAG AAG AGG GCG AAC AAT AAC AGC GCC AAA AAG AAA AAG AAG AAA AAG AAG AGA CAC CCC AGA AAC AAT AAC AAT AAC AAC GTT AAC CGG ACT ACG ACG ACG ACC AAG ACG ACC ACG ACG ACC ACG ACA GAG TCG ACC AGT GGC AGA AGA CGA AAG AGA CGG CGC CGT AGA CGT GAC CCG AAG CGT AGC TCA ATA ATA ATA ATA ATC ATC ATT GTG ATT ATC ATC ATC ATC ATC ATC GTG ATG ATG CTG CTC ATA ATA ATT ATC ATA ATC ATC ATC ATT ATC ATC ATT ATT ATA GTC CAG CAG CAG CAG GAG CAG GGC CAT AAG CAG CAA CAG CAC CAC CAC CAC CAT CAC CAC CAT CAT CCA CCC CCT CCC CCG CCG CCG CCG CCC CCT CCA GCG GAG CCC CCG CCC CCG CCG CCA GCG CCC CGC CGC AGG CGT CGG GAG CTG TTG TTG CTG ATC CAG CTG CTC CTG CTC CTG CTG CTG CTT CTG ATC TCA GAG GAC GAC GAG GAA GAA GAG GAG GAG GAG AAT GAC GAC GAC GAC GAC GAT GCG ACG CCG GAG GAA GAA GAA GAG GAA GAG GAA GAC GAT GAT GAC GAC GAC GAC GAC GAT GAG GAC GAC ACG GCG GCC GCG GCC GCT GCT GCT GCA GCC GAG GCG GCC GCG GCA GCC TCT GGG GGA GGG CCA GAC GGG GGC GGA GGT GGT AGC GCG GGG GGC GGC GGT GGC GCG GTG GCG GTG GTG GTG GTG GTG GTG ACG ATC ATG GTA GTG GTG GTG TAC TAC TAC TAC TAT TAC TAC TAC TAC TAT TCC TCA CAC ACG AGC TCG TCC TCC TCC TCC TCG TCG TCC TCG TGC CTG TGG TGC TGT TGC TGC TGC CAA TTG CTG CTC CTG CTG CTG TTG CTG CTG CTG CTA TTG TTC TAC TTC TTT TTC TTC TTT TTC TTT TTT CGC CTG TTG CTG TTG TTG CTG TTG TTC TTC TTT TTT TTT TTC



    3    1    2    3    2    3    2    2    2    1    1    1    1    3    3
    1    2    1    1    5    3    2    2    2    1    2    1    1    1    2
    2    4    1    4    2    2    7    3    2    3    4    3   14    1    1
    4    1    1    1    2    1    1    1    1    1    1    1    2    1    1
    1    2    2    1    1    1    1    1    1    1    1    1    1    1    1
    1    1    1    1    1    1    1    1    1    1    1    1    1    1    1
    1    1    1    1    1    1    1    1    1    1    1    1    1    1    1
    1    1    1    1    1    1    1    1    1    1    1    1    1    1    1
    1    1    1    1    1    1    5    1    1    1    2    1    1    1    2
    1    1    1    1    1    1    1    1    1    1    1    1    1    1    2
    1    1    1    1    1    1    1    1    1    1    1    1    1    1    1
    1    1    1    1    1    1    1    1    1    1    1    1    1    1    1
    1    1    1    1    1    1    1    1    1    1    1    1    1    1    1
    1    1    1    1    1    1    1    1    1    1    1    1    1    1    1
    1    1    1    1    1    1    1    1    2    1    1    1    2    1    1
    1    1    1    1    1    1    2    2    1    1    2    1    1    1    1
    1    1    1    1    2    1    1    1    1    1    1    1    1    1    1
    1    1    1    1    1    1    1    1    1    1    1    1    1    1    1
    1    1    1    1    1    1    1    1    1    1    1    1    1    1    1
    1    1    1    1    1    1    1    1    1    1    1    1    1    1    1
    2    1    3    1    1    1    1    1    1    1    1    1    1    1    1
    1    1    1    1    1    1    1    1    1    1    3    1    1    1    1
    1    1    1    1    1    1    1    1    1    1    1    1    1    1    1
    1    3    1    1    1    1    1    2    1    1    1    1    1    1    1
    1    1    1    1    1    1    1    1

CODONML (in paml version 4.4b, July 2010)  torun.nuc
Model: One dN/dS ratio for branches Global clock 
Codon frequency model: F3x4
ns =   7  ls = 461

Codon usage in sequences
--------------------------------------------------------------------------------------------------------------
Phe TTT  6  0  8 25  4  7 | Ser TCT  1  1  4  8  2  3 | Tyr TAT  9  1  5  8  4  5 | Cys TGT  5  3  4  4  5  3
    TTC 13 17 10 14 14 11 |     TCC 10  7  3  3  5  7 |     TAC  4 13  9 10 10  9 |     TGC  1  3  2  3  1  3
Leu TTA 13  0  6 11  8  8 |     TCA  2  1  4  3  5  2 | *** TAA  0  0  0  0  0  0 | *** TGA  0  0  0  0  0  0
    TTG  8  6  6 15  6  6 |     TCG  1  6  5  2  4  4 |     TAG  0  0  0  0  0  0 | Trp TGG  4  3  3  6  3  3
--------------------------------------------------------------------------------------------------------------
Leu CTT  7  3  6  5  5  6 | Pro CCT  6  1  5  1  8  5 | His CAT  9  1  8  8  6  7 | Arg CGT  4  2  5  2  6  5
    CTC  0  4  4  9  4  4 |     CCC  6  8  8  6  7  9 |     CAC  1  9  4  8  6  4 |     CGC  0  8  2  3  2  3
    CTA  4  3  3  5  4  2 |     CCA  7  3  3  8  7  4 | Gln CAA  8  1  5  8  7  8 |     CGA  2  1  1  1  1  0
    CTG  5 22 10  9  8  9 |     CCG  2 10  6  8  2  4 |     CAG  4 13  9  4  5  7 |     CGG  0  4  4  1  2  1
--------------------------------------------------------------------------------------------------------------
Ile ATT 17  2 10  9  7 11 | Thr ACT  3  1  2  2  1  3 | Asn AAT  9  1  4  6  5  5 | Ser AGT  2  0  3  8  3  4
    ATC  8 22 11 15 12 11 |     ACC  2  5  4  8  4  3 |     AAC  6 12  9 13  9  9 |     AGC  1  4  1  6  2  1
    ATA  8  7 11  8 13 11 |     ACA  5  0  6 10  6  3 | Lys AAA  8  1  6 17  7  5 | Arg AGA 12  4  5  7  6  7
Met ATG  8  6  8  7  9  8 |     ACG  8 10  5  7  5  7 |     AAG 15 19 15 13 15 17 |     AGG  1  2  4  6  4  3
--------------------------------------------------------------------------------------------------------------
Val GTT  7  2  3  5  1  1 | Ala GCT  5  0  4  3  3  2 | Asp GAT 13  2 11 13 11 11 | Gly GGT  7  1  6  2  7  5
    GTC  2  0  4  7  3  2 |     GCC  2  8  3  4  5  6 |     GAC  9 18 11 10 10 11 |     GGC  0 13  4  3  4  5
    GTA  0  1  3  7  4  4 |     GCA  8  8  8  9  8  7 | Glu GAA 12  5 11 15 10 13 |     GGA  3  1  5  8  3  3
    GTG  7 14  6  8  7  8 |     GCG  2  5  5  7  4  6 |     GAG 13 23 13 11 14 11 |     GGG  7  2  0  5  0  1
--------------------------------------------------------------------------------------------------------------

--------------------------------------------------
Phe TTT  8 | Ser TCT  1 | Tyr TAT  2 | Cys TGT  1
    TTC 10 |     TCC  6 |     TAC 12 |     TGC  5
Leu TTA  0 |     TCA  3 | *** TAA  0 | *** TGA  0
    TTG  9 |     TCG  5 |     TAG  0 | Trp TGG  3
--------------------------------------------------
Leu CTT  1 | Pro CCT  2 | His CAT  4 | Arg CGT  4
    CTC  4 |     CCC  7 |     CAC  8 |     CGC  4
    CTA  1 |     CCA  4 | Gln CAA  2 |     CGA  1
    CTG 20 |     CCG  9 |     CAG 10 |     CGG  3
--------------------------------------------------
Ile ATT  6 | Thr ACT  1 | Asn AAT  4 | Ser AGT  1
    ATC 18 |     ACC  4 |     AAC  8 |     AGC  4
    ATA  9 |     ACA  1 | Lys AAA  4 | Arg AGA  7
Met ATG  7 |     ACG 11 |     AAG 16 |     AGG  2
--------------------------------------------------
Val GTT  1 | Ala GCT  3 | Asp GAT  4 | Gly GGT  3
    GTC  1 |     GCC  6 |     GAC 19 |     GGC  6
    GTA  1 |     GCA  2 | Glu GAA  9 |     GGA  2
    GTG 12 |     GCG 11 |     GAG 17 |     GGG  4
--------------------------------------------------

Codon position x base (3x4) table for each sequence.

#1: castellii      
position  1:    T:0.21875    C:0.18466    A:0.32102    G:0.27557
position  2:    T:0.32102    C:0.19886    A:0.34091    G:0.13920
position  3:    T:0.31250    C:0.18466    A:0.26136    G:0.24148
Average         T:0.28409    C:0.18939    A:0.30777    G:0.21875

#2: bayanus        
position  1:    T:0.17280    C:0.26346    A:0.27195    G:0.29178
position  2:    T:0.30878    C:0.20963    A:0.33711    G:0.14448
position  3:    T:0.05949    C:0.42776    A:0.10198    G:0.41076
Average         T:0.18036    C:0.30028    A:0.23702    G:0.28234

#3: mikatae        
position  1:    T:0.19547    C:0.23513    A:0.29462    G:0.27479
position  2:    T:0.30878    C:0.21246    A:0.33994    G:0.13881
position  3:    T:0.24929    C:0.25212    A:0.21813    G:0.28045
Average         T:0.25118    C:0.23324    A:0.28423    G:0.23135

#4: kluyveri       
position  1:    T:0.24508    C:0.18818    A:0.31072    G:0.25602
position  2:    T:0.34792    C:0.19475    A:0.31510    G:0.14223
position  3:    T:0.23851    C:0.26696    A:0.25602    G:0.23851
Average         T:0.27717    C:0.21663    A:0.29395    G:0.21225

#5: cerevisiae     
position  1:    T:0.20113    C:0.22663    A:0.30595    G:0.26629
position  2:    T:0.30878    C:0.21530    A:0.33711    G:0.13881
position  3:    T:0.22096    C:0.27762    A:0.25212    G:0.24929
Average         T:0.24363    C:0.23985    A:0.29839    G:0.21813

#6: paradoxus      
position  1:    T:0.20113    C:0.22096    A:0.30595    G:0.27195
position  2:    T:0.30878    C:0.21246    A:0.34561    G:0.13314
position  3:    T:0.23513    C:0.27762    A:0.21813    G:0.26912
Average         T:0.24835    C:0.23702    A:0.28990    G:0.22474

#7: kudriavzevii   
position  1:    T:0.18414    C:0.23796    A:0.29178    G:0.28612
position  2:    T:0.30595    C:0.21530    A:0.33711    G:0.14164
position  3:    T:0.13031    C:0.34561    A:0.13031    G:0.39377
Average         T:0.20680    C:0.26629    A:0.25307    G:0.27384

Sums of codon usage counts
------------------------------------------------------------------------------
Phe F TTT      58 | Ser S TCT      20 | Tyr Y TAT      34 | Cys C TGT      25
      TTC      89 |       TCC      41 |       TAC      67 |       TGC      18
Leu L TTA      46 |       TCA      20 | *** * TAA       0 | *** * TGA       0
      TTG      56 |       TCG      27 |       TAG       0 | Trp W TGG      25
------------------------------------------------------------------------------
Leu L CTT      33 | Pro P CCT      28 | His H CAT      43 | Arg R CGT      28
      CTC      29 |       CCC      51 |       CAC      40 |       CGC      22
      CTA      22 |       CCA      36 | Gln Q CAA      39 |       CGA       7
      CTG      83 |       CCG      41 |       CAG      52 |       CGG      15
------------------------------------------------------------------------------
Ile I ATT      62 | Thr T ACT      13 | Asn N AAT      34 | Ser S AGT      21
      ATC      97 |       ACC      30 |       AAC      66 |       AGC      19
      ATA      67 |       ACA      31 | Lys K AAA      48 | Arg R AGA      48
Met M ATG      53 |       ACG      53 |       AAG     110 |       AGG      22
------------------------------------------------------------------------------
Val V GTT      20 | Ala A GCT      20 | Asp D GAT      65 | Gly G GGT      31
      GTC      19 |       GCC      34 |       GAC      88 |       GGC      35
      GTA      20 |       GCA      50 | Glu E GAA      75 |       GGA      25
      GTG      62 |       GCG      40 |       GAG     102 |       GGG      19
------------------------------------------------------------------------------

(Ambiguity data are not used in the counts.)


Codon position x base (3x4) table, overall

position  1:    T:0.20435    C:0.22106    A:0.30070    G:0.27389
position  2:    T:0.31702    C:0.20785    A:0.33528    G:0.13986
position  3:    T:0.20785    C:0.28943    A:0.20746    G:0.29526
Average         T:0.24307    C:0.23945    A:0.28114    G:0.23634

Codon frequencies under model, for use in evolver (TTT TTC TTA TTG ... GGG):
  0.01403141  0.01953907  0.01400519  0.01993248
  0.00919952  0.01281054  0.00918232  0.01306847
  0.01483960  0.02066448  0.00000000  0.00000000
  0.00619033  0.00862018  0.00000000  0.00879374
  0.01517847  0.02113637  0.01515010  0.02156194
  0.00995157  0.01385779  0.00993297  0.01413681
  0.01605272  0.02235379  0.01602271  0.02280386
  0.00669638  0.00932487  0.00668387  0.00951262
  0.02064699  0.02875141  0.02060839  0.02933030
  0.01353693  0.01885050  0.01351163  0.01923004
  0.02183621  0.03040743  0.02179540  0.03101966
  0.00910896  0.01268445  0.00909194  0.01293984
  0.01880636  0.02618830  0.01877121  0.02671558
  0.01233015  0.01717002  0.01230711  0.01751573
  0.01988957  0.02769669  0.01985240  0.02825435
  0.00829692  0.01155366  0.00828142  0.01178629



Nei & Gojobori 1986. dN/dS (dN, dS)
(Pairwise deletion)
(Note: This matrix is not used in later ML. analysis.
Use runmode = -2 for ML pairwise comparison.)

castellii           
bayanus             -1.0000 (0.1353 -1.0000)
mikatae             -1.0000 (0.1304 -1.0000) 0.0158 (0.0366 2.3186)
kluyveri            -1.0000 (0.1876 -1.0000)-1.0000 (0.2046 -1.0000)-1.0000 (0.2049 -1.0000)
cerevisiae          -1.0000 (0.1305 -1.0000) 0.0249 (0.0437 1.7514) 0.0211 (0.0179 0.8494)-1.0000 (0.2168 -1.0000)
paradoxus           -1.0000 (0.1271 -1.0000) 0.0268 (0.0410 1.5300) 0.0149 (0.0117 0.7835)-1.0000 (0.2052 -1.0000) 0.0318 (0.0173 0.5427)
kudriavzevii        -1.0000 (0.1334 -1.0000) 0.0378 (0.0328 0.8687) 0.0157 (0.0174 1.1039)-1.0000 (0.1946 -1.0000) 0.0155 (0.0243 1.5704) 0.0212 (0.0236 1.1150)


TREE #  1:  ((((((5, 6), 3), 7), 2), 1), 4);   MP score: -1
lnL(ntime:  6  np:  8):  -4846.306218      +0.000000
   8..9     9..10   10..11   11..12   12..13   13..5    13..6    12..3    11..7    10..2     9..1     8..4  
 3.726888 2.611571 0.571515 0.431922 0.266668 0.193063 2.751998 0.021938
SEs for parameters:
 0.597361 0.407414 0.044075 0.034997 0.022188 0.020455 0.271978 0.003036

tree length =  11.52851

((((((5: 0.193063, 6: 0.193063): 0.073604, 3: 0.266668): 0.165254, 7: 0.431922): 0.139593, 2: 0.571515): 2.040056, 1: 2.611571): 1.115317, 4: 3.726888);

((((((cerevisiae: 0.193063, paradoxus: 0.193063): 0.073604, mikatae: 0.266668): 0.165254, kudriavzevii: 0.431922): 0.139593, bayanus: 0.571515): 2.040056, castellii: 2.611571): 1.115317, kluyveri: 3.726888);

Detailed output identifying parameters

kappa (ts/tv) =  2.75200

omega (dN/dS) =  0.02194

dN & dS for each branch

 branch          t       N       S   dN/dS      dN      dS  N*dN  S*dS

   8..9      1.115  1010.3   372.7  0.0219  0.0286  1.3021  28.9 485.3
   9..10     2.040  1010.3   372.7  0.0219  0.0523  2.3817  52.8 887.7
  10..11     0.140  1010.3   372.7  0.0219  0.0036  0.1630   3.6  60.7
  11..12     0.165  1010.3   372.7  0.0219  0.0042  0.1929   4.3  71.9
  12..13     0.074  1010.3   372.7  0.0219  0.0019  0.0859   1.9  32.0
  13..5      0.193  1010.3   372.7  0.0219  0.0049  0.2254   5.0  84.0
  13..6      0.193  1010.3   372.7  0.0219  0.0049  0.2254   5.0  84.0
  12..3      0.267  1010.3   372.7  0.0219  0.0068  0.3113   6.9 116.0
  11..7      0.432  1010.3   372.7  0.0219  0.0111  0.5043  11.2 187.9
  10..2      0.572  1010.3   372.7  0.0219  0.0146  0.6672  14.8 248.7
   9..1      2.612  1010.3   372.7  0.0219  0.0669  3.0489  67.6 1136.4
   8..4      3.727  1010.3   372.7  0.0219  0.0955  4.3510  96.4 1621.7

tree length for dN:       0.2953
tree length for dS:      13.4592


Time used:  0:10
