
seed used = 1418766581
      7   1383

castellii                                  --- --- --- --- --- --- --- --- --- --- --- --- --- --- --- --- --- --- --- --- --- --- --- --- --- --- --- --- --- --- --- --- --- --- --- --- --- --- --- --- --- --- --- --- --- --- --- --- --- --- --- --- --- --- --- --- --- --- --- --- --- --- --- --- --- --- --- --- --- --- --- --- --- --- --- --- --- --- --- --- --- --- --- --- --- --- --- --- --- --- --- --- --- --- --- --- --- --- --- --- --- --- --- --- --- --- --- --- ATG GGG AAG AAA ATC GTT TTC AAT ATT TCC AGT GAT TTC CAA TTA AAA TCC CTT CTT GGG GAA GGT GCT TAT GGG GTT GTT TGT TCA GCT GTT CAT AAA CCT ACG GGG GAG ATT GTT GCC ATC AAG AAG ATT GAA CCA TTC GAC AAA CCA TTA TTT GCA TTA CGA ACA TTA AGA GAG ATT AAG ATC TTG AAA CAT TTC CAG CAT GAA AAT ATC ATT TCC ATT TTC GAC ATT CAA AGA CCT GAA TCC TTT GAG AAT TTT AAT GAA GTG TAC ATT ATA CAA GAG TTG ATG CAG ACA GAT TTG CAT CGT GTG ATA TCG ACA CAG AAT CTT ACT GAT GAC CAT ATA CAA TAT TTC ATA TAT CAG ACG TTG AGA GCG GTG AAA GTG TTA CAC GGA TCT AAT GTC ATT CAT CGA GAT TTG AAA CCA TCC AAC CTT TTA ATA AAT TCC AAC TGT GAT TTA AAG ATC TGT GAT TTT GGA TTA GCA AGA ATT ATT GAA GAG GAC ACT GGT GAT GAT GAA CCC AAC GCA CAA TTA CAA AAC GGT ATG ACG GAA TAT GTG GCT ACC AGA TGG TAT CGT GCA CCA GAG GTG ATG CTA ACT GCT GCC AGA TAT TCC AAG GCA ATG GAC ATA TGG TCC TGT GGT TGT ATT CTG GCT GAG TTA TTC ATG AAG AGG CCC ATA TTC CCG GGG AAG GAT TAC CGT CAT CAA CTA ATG TTA ATA TTC GGT CTT ATT GGG ACG CCT --- AGT GGG AGA GAT CTA TTG TGC ATT GAA TCA AGA AGA GCA AGA GAG TAT ATT ACC ACG CTA CCC AAA TAC GAG CCT GTC CCC TGG GAG AAG GTT TTC CCC AAT GTT AAC CCA CTG GGA ATT GAT CTT TTA CAA AGA ATG CTT ATT TTC GAC CCA CGT AGC AGA ATC ACA GCA GAG GAA GCA TTA GCG CAT CCA TAT TTG AAG ACG TAT CAT GAC CCT AAT GAC GAG CCC ACG GGT GAA CCT ATC CCG AAG TCC TTT TTC GAG TTT GAT TCC TAC AAG GAT GTG CTG ACG ACA AAG GAC CTG AAG AAG TTG CTG TGG AAC GAA ATC TTC GGT 
bayanus                                    --- --- --- --- --- --- --- --- --- --- --- --- --- --- --- --- --- --- --- --- --- --- --- --- --- --- --- --- --- --- --- --- --- --- --- --- --- --- --- --- --- --- --- --- --- --- --- --- --- --- --- --- --- --- --- --- --- --- --- --- --- --- --- --- --- --- --- --- --- --- --- --- --- --- --- --- --- --- --- --- --- --- --- --- --- --- --- --- --- --- --- --- --- --- --- --- --- --- --- --- --- --- --- --- --- --- --- --- ATG CCA AAG AGA ATA GTA TAC AAC ATA TCC AGC GAC TTC CAG TTG AAG TCG CTG CTG GGC GAG GGC GCA TAC GGT GTG GTG TGC TCC GCA ACG CAC AAG CCC ACG GGG GAG ATC GTG GCA ATC AAG AAG ATC GAG CCA TTC GAC AAG CCG CTC TTC GCG CTG CGC ACG CTG CGC GAG ATC AAG ATC CTG AAG CAC TTC AAG CAC GAA AAC ATC ATA ACC ATC TTC AAC ATC CAG CGC CCG GAC TCG TTC GAA AAC TTC AAC GAG GTG TAC ATC ATC CAG GAG CTG ATG CAG ACG GAC CTA CAC CGC GTG ATC TCC ACG CAA CTA CTG AGC GAC GAC CAC ATA CAG TAT TTC ATA TAC CAG ACG CTG CGC GCA GTG AAG GTG CTG CAC GGC TCG AAC GTG ATT CAC CGT GAT CTG AAG CCC TCC AAC CTG CTG ATC AAT TCC AAC TGT GAT CTG AAA GTG TGT GAC TTC GGA CTA GCC AGG ATC ATC GAC GAG GCA GGC GCA GAC GAC CCG GAG GCC ACG GGC CAG CAG AAC GGC ATG ACC GAG TAC GTG GCC ACG CGT TGG TAC AGG GCC CCG GAG GTG ATG CTG ACC TCT GCG CGC TAC TCC CGG GCC ATG GAC GTT TGG TCA TGC GGC TGT ATT CTG GCA GAG TTG TTC TTG AGA CGG CCC ATC TTC CCC GGG AGA GAC TAC CGC CAT CAG CTG CTG CTG ATA TTC GGC GTT ATC GGC ACG CCG CAG TCG GAG GAA GAA CTG CGG TGC ATC GAG TCG GCG CGA GCC AGA GAG TAC ATA AAG TCG CTT CCC GCG TAC CCG GCC GTG CCG CTG GAA AAG CTG CTT CCA GGC ATC AAC CCT CAG GGC GTG GAC CTC TTG CAG CGC ATG CTT GTG TTC GAC CCC GAG AAG CGG ATC ACC GCC AAG GAG GCA CTC GAG CAC CCG TAC TTG CAG ACG TAC CAC GAC CCG GGC GAC GAG CCC GAG GGC GAG TCC ATC CCG CCC AGC TTC TTC GAG TTC GAC AAC TAC AAG GAG GCG TTG ACC ACT AAG GAC CTC AAG AAG CTG ATC TGG AAC GAG ATC TTC AGC 
mikatae                                    --- --- --- --- --- --- --- --- --- --- --- --- --- --- --- --- --- --- --- --- --- --- --- --- --- --- --- --- --- --- --- --- --- --- --- --- --- --- --- --- --- --- --- --- --- --- --- --- --- --- --- --- --- --- --- --- --- --- --- --- --- --- --- --- --- --- --- --- --- --- --- --- --- --- --- --- --- --- --- --- --- --- --- --- --- --- --- --- --- --- --- --- --- --- --- --- --- --- --- --- --- --- --- --- --- --- --- --- ATG CCG AAG AGG ATT GTA TAC AAT ATA TCG AGC GAC TTC CAA TTG AAG TCG CTA CTG GGA GAA GGT GCA TAC GGT GTG GTA TGT TCT GCA ACG CAC AAG CCC ACG GGA GAA ATC GTG GCA ATT AAG AAG ATC GAG CCA TTT GAC AAG CCG CTC TTC GCA TTA CGT ACG CTG CGT GAA ATC AAA ATC CTG AAG CAT TTC AAG CAC GAA AAC ATC ATA ACT ATT TTC AAT ATT CAG CGT CCT GAC TCG TTC GAG AAC TTC AAT GAG GTT TAT ATT ATC CAA GAG CTG ATG CAG ACA GAT CTT CAC CGC GTG ATT TCT ACC CAG GTT CTC AGT GAC GAT CAT ATA CAG TAT TTT ATA TAC CAA ACC TTA AGG GCA GTT AAA GTA CTG CAT GGC TCA AAC GTC ATA CAT CGC GAT TTG AAG CCC TCT AAC CTT TTG ATA AAC TCC AAC TGT GAT CTG AAA GTG TGT GAT TTT GGT TTG GCC AGG ATC ATC GAC GAG ACA GGC GCG GAC CAT TCG GAG GCT ACA GGT CAG CAG AAC GGT ATG ACG GAG TAT GTC GCC ACA CGT TGG TAC AGG GCT CCC GAG GTG ATG CTG ACC TCT GCT AAG TAC TCC AGA GCC ATG GAC GTG TGG TCC TGC GGA TGC ATT CTC GCA GAA CTT TTT TTG AGA CGG CCC ATC TTT CCC GGC AGA GAC TAT CGT CAT CAA TTA CTG CTG ATA TTC GGT ATC ATC GGA ACC CCC CAG TCA GAT GAT GAT TTA CGG TGT ATA GAG TCA CCC CGA GCT AGA GAA TAC ATA AAG TCG TTA CCT ATG TAT CCG GCG GCA CCA CTT GAG AAA ATG TTC TCA CGG GTC AAC CCG CAG GGA ATA GAT CTT TTA CAG CGG ATG CTG GTC TTT GAC CCT GCG AAG AGA ATT ACT GCA AAG GAG GCG CTA GAG CAT CCG TAC TTG CAA ACA TAC CAC GAT CCG AAT GAC GAA CCT GAA GGC GAA CCT ATT CCA CCC AGT TTT TTC GAA TTC GAT CAT TAC AAG GAA GCG CTA ACA ACG AAA GAC CTC AAG AAA CTT ATT TGG AAC GAG ATA TTT AGT 
kluyveri                                   ATG CAA AAA ATA ACA TGG TGT CAG TGT GCA GAC GAC CTC GTA GCC TTT CTT TTT CCT TTC TAC GTT TTG AGG ATC AAT GTC TCT TTC CTT TTT ACT GAG TTC TTA AGA AGA GTT TCA CCA TCT GTT TCA AGG GAA AGT GGA AAC GAG TGG GAA AAT TTT TTT CTC TCT TTA GAT TTA TAT ATA CAC ACT TGG TTT TTG TAT TTG GCA TCC CAG TTT CAC TAT TCT TTT AGT CAC AGA GTC TAT AAA CCA TCT CTC TCT CTC TCT TTT TTT TTT TCC TTT GTT ATT CTC TTT CTT TTT CCC GGT ACA GTA ACA CAG CAT AAA TTC ATG GGT AAG AAA ATC GTG TTC AAT ATT AGC TCT GAG TTC CAA CTC AAA GCT CTT TTA GGC GAA GGG GCC TAC GGA GTC GTC TGT TCG GCG ATC CAC AAA CCC ACG GGA GAA ATC GTA GCA ATA AAG AAG ATC GAG CCA TTT GAT AAG ACG CTG TTT AGT CTA CGT ACG CTA CGT GAG ATC AAG TTG CTG AAA CAT TTT AAC CAT GAA AAC ATC ATC AGC ATA TTC GAC ATT CAA AAA CCA GCA TCA TTT GAA AGT TTC AAC GAG GTC TAC ATC ATT CAA GAA CTG ATG CAA ACC GAT TTA CAC CGC GTC ATC GTG ACC CAA GAT TTA ACC GAT GAC CAT ATC CAA TAT TTC ATT TAC CAA ACC CTA AGA GCG GTG AAA ATA TTG CAC GGG AGC AAC GTG ATC CAC CGC GAT TTG AAA CCC AGC AAC TTG TTA TTG AAC AGC AAC TGC GAT TTG AAA GTA TGT GAT TTC GGG CTC GCG AGG ATC GAC AAC GGA ACA AAT ACA AAC GGG ATG GAA TAC AAT --- --- --- TCG GGG ATG ACG GAG TAC GTA GCA ACC AGG TGG TAT CGC GCG CCA GAA GTA ATG CTT ACA GCA GCG AAG TAC ACC AGA GCG ATA GAC ATT TGG TCC TGC GGA TGC ATT TTA GCG GAA TTA TTT TTG AAG AGG CCG CTG TTT CCA GGA AAG GAT TAC AGA CAT CAG TTG GTG CTG ATA TTC GAA GTG CTA GGC ACG CCG --- AGT GGC GAG GAC TTT TTC AAC ATC AAG AGT AAA AGA GCA CGA GAG TAC ATT CGG ACG TTA CCG GTT TAC ACA CCG ACC CCG TTA AGC AAG ATT TTG CCA CAT GTC AAT CCG CTG GGA GTA GAC CTG CTC AGT AAA ATG CTG GTG TTT GAT CCG AAC AAA AGG ATA ACA GCC GCT GAA GCA TTG AAA CAT CCC TAT TTG GCT ACA TAT CAC GAT CCC GAA GAT GAG CCC ACC GGA ACA CCA ATC CCG GCA GAC TTT TTT GAG TTT GAT AAG TTC AAA GAA CAT CTG ACG GCC AAA GAC CTC AAG AAG TTG CTA TGG AAC GAA GTG TTC AGT 
cerevisiae                                 --- --- --- --- --- --- --- --- --- --- --- --- --- --- --- --- --- --- --- --- --- --- --- --- --- --- --- --- --- --- --- --- --- --- --- --- --- --- --- --- --- --- --- --- --- --- --- --- --- --- --- --- --- --- --- --- --- --- --- --- --- --- --- --- --- --- --- --- --- --- --- --- --- --- --- --- --- --- --- --- --- --- --- --- --- --- --- --- --- --- --- --- --- --- --- --- --- --- --- --- --- --- --- --- --- --- --- --- ATG CCA AAG AGA ATT GTA TAC AAT ATA TCC AGT GAC TTC CAG TTG AAG TCG TTA CTG GGA GAG GGT GCA TAC GGT GTG GTA TGT TCT GCA ACG CAT AAG CCC ACG GGA GAA ATC GTG GCA ATA AAA AAG ATC GAA CCA TTC GAT AAG CCT TTG TTC GCA TTA CGT ACG CTG CGT GAA ATA AAG ATC CTG AAG CAC TTC AAG CAC GAA AAT ATC ATA ACA ATC TTC AAC ATT CAA CGC CCT GAC TCG TTC GAA AAC TTC AAT GAG GTC TAC ATA ATT CAA GAG CTA ATG CAG ACA GAT TTA CAC CGT GTA ATC TCC ACC CAG ATG CTG AGT GAC GAT CAT ATA CAA TAT TTT ATA TAC CAA ACC TTG AGA GCA GTG AAA GTG CTG CAT GGT TCG AAC GTC ATC CAT CGT GAT TTA AAG CCC TCC AAC CTT CTC ATA AAC TCC AAC TGT GAC TTG AAA GTA TGT GAT TTC GGT TTA GCA AGA ATC ATT GAC GAG TCA GCC GCG GAC AAT TCA GAG CCC ACA GGT CAG CAA AGC GGC ATG ACC GAG TAT GTG GCC ACA CGT TGG TAC AGG GCG CCA GAG GTG ATG TTA ACC TCT GCC AAA TAC TCA AGG GCC ATG GAC GTG TGG TCC TGC GGA TGT ATT CTC GCT GAA CTT TTC TTA AGA CGG CCA ATC TTC CCT GGC AGA GAT TAT CGC CAT CAA CTA CTA CTG ATA TTC GGT ATC ATC GGT ACA CCT CAC TCA GAT AAT GAT TTG CGG TGT ATA GAG TCA CCC AGG GCT AGA GAG TAC ATA AAG TCG CTT CCC ATG TAC CCT GCC GCG CCA CTG GAG AAG ATG TTC CCT CGA GTC AAC CCG AAA GGC ATA GAT CTT TTA CAG CGT ATG CTT GTT TTT GAC CCT GCG AAG AGG ATT ACT GCT AAG GAG GCA CTG GAG CAT CCG TAT TTG CAA ACA TAC CAC GAT CCA AAC GAC GAA CCT GAA GGC GAA CCC ATC CCA CCC AGC TTC TTC GAG TTT GAT CAC TAC AAG GAG GCA CTA ACG ACG AAA GAC CTC AAG AAA CTC ATT TGG AAC GAA ATA TTT AGT 
paradoxus                                  --- --- --- --- --- --- --- --- --- --- --- --- --- --- --- --- --- --- --- --- --- --- --- --- --- --- --- --- --- --- --- --- --- --- --- --- --- --- --- --- --- --- --- --- --- --- --- --- --- --- --- --- --- --- --- --- --- --- --- --- --- --- --- --- --- --- --- --- --- --- --- --- --- --- --- --- --- --- --- --- --- --- --- --- --- --- --- --- --- --- --- --- --- --- --- --- --- --- --- --- --- --- --- --- --- --- --- --- ATG CCA AAG AGA ATT GTA TAC AAT ATA TCC AGT GAC TTC CAG TTG AAG TCT CTG CTC GGA GAA GGT GCG TAC GGT GTG GTA TGT TCC GCA ACG CAT AAG CCC ACG GGA GAA ATC GTG GCA ATT AAG AAG ATC GAG CCA TTT GAC AAG CCG CTC TTC GCA TTA CGT ACG CTG CGT GAA ATA AAG ATC CTA AAG CAC TTT AAG CAC GAA AAT ATC ATA ACG ATT TTC AAC ATT CAA CGC CCT GAC TCG TTC GAA AAC TTC AAC GAG GTT TAC ATC ATC CAA GAG CTG ATG CAG ACG GAT TTG CAT CGT GTA ATT TCC ACT CAG GTG CTG AGC GAT GAT CAT ATA CAA TAT TTT ATA TAC CAA ACT TTA AGA GCG GTG AAG GTG CTG CAT GGT TCG AAC GTG ATC CAT CGC GAT TTG AAG CCC TCC AAC CTT CTG ATA AAC TCC AAT TGT GAC TTG AAA GTG TGT GAT TTC GGT TTA GCA AGA ATC ATT GAC GAA GCA AGT GCG GAC AAT TCA GAG GCC ACA GGC CAA CAG AAC GGG ATG ACC GAG TAT GTA GCC ACA CGT TGG TAT AGG GCT CCC GAG GTG ATG TTA ACC TCT GCC AAA TAC TCC AGG GCC ATG GAT ATT TGG TCC TGC GGC TGC ATT CTC GCA GAA CTT TTT TTA AGA CGG CCC ATC TTC CCC GGC AGA GAC TAT CGT CAT CAA TTA CTG CTG ATA TTC GGC ATC ATC GGT ACA CCC CAA TCA GAT GAT GAT TTG CAG TGC ATA GAG TCG CCC AGA GCT AGA GAA TAC ATA AAA TCG CTT CCT ATG TAC CCT GCC GCG CCA CTG GAA AAG ATG TTC TCT CGC GTC AAC CCG AAG GGA ATA GAT CTT TTA CAG CAG ATG CTT GTC TTT GAC CCT GCG AAG AGG ATT ACC GCC AAG GAG GCA CTA GAG CAT CCG TAT TTG CAA ACT TAC CAC GAC CCG AAT GAC GAA CCA GAA GGC GAA CCC ATT CCT CCC AGT TTC TTC GAG TTT GAT CAC TAC AAG GAG GCG TTA ACG ACG AAG GAC CTC AAA AAA CTT ATT TGG AAC GAA ATA TTT AGT 
kudriavzevii                               --- --- --- --- --- --- --- --- --- --- --- --- --- --- --- --- --- --- --- --- --- --- --- --- --- --- --- --- --- --- --- --- --- --- --- --- --- --- --- --- --- --- --- --- --- --- --- --- --- --- --- --- --- --- --- --- --- --- --- --- --- --- --- --- --- --- --- --- --- --- --- --- --- --- --- --- --- --- --- --- --- --- --- --- --- --- --- --- --- --- --- --- --- --- --- --- --- --- --- --- --- --- --- --- --- --- --- --- ATG CCA AAG AGG ATT GTA TAC AAC ATA TCC AGC GAC TTC CAG TTG AAG TCG CTG CTG GGG GAA GGC GCC TAC GGT GTG GTG TGT TCC GCG ACG CAC AAG CCC ACA GGA GAA ATA GTG GCA ATC AAA AAG ATC GAG CCA TTT GAC AAG CCG CTC TTC GCT CTG CGC ACG CTG CGT GAA ATC AAG ATC CTG AAG CAC TTC AAG CAC GAG AAT ATC ATA ACG ATT TTC AAT ATC CAG CGC CCA GAC TCG TTT GAA AAC TTC AAT GAG GTG TAC ATC ATC CAG GAG TTG ATG CAG ACG GAC CTG CAC CGT GTG ATT TCC ACG CAG GTT CTG AGT GAC GAC CAT ATA CAG TAT TTT ATA TAT CAA ACC TTG AGA GCG GTG AAA GTG CTG CAT GGG TCG AAC GTG ATT CAT CGC GAC CTG AAG CCC TCC AAC CTT CTG ATA AAC TCC AAT TGC GAC TTG AAA GTG TGC GAT TTT GGG TTG GCG AGA ATC ATC GAC GAA GCG GGC GCG GAT GAT TCA GAG GCC ACG GGC CAA CAG AGC GGT ATG ACG GAG TAC GTG GCC ACG CGT TGG TAC AGG GCT CCC GAG GTG ATG CTG ACC TCT GCC AAG TAC TCC AGA GCC ATG GAC GTG TGG TCG TGC GGG TGC ATT CTC GCA GAA CTG TTT CTC AGA CGT CCC ATC TTC CCC GGT AGA GAC TAC CGG CAT CAG TTG CTG CTG ATA TTC GGC ATC ATC GGC ACG CCG CAG TCA GAC GAC GAC TTG CGC TGC ATT GAA TCA CCG CGA GCT AGA GAG TAC ATA AAG TCG CTG CCA GCG TAC CCG GCG GCG GCG CTG GAG AAG ATG TTC CCG CGG ATC AAC CCG CAG GGA ATA GAC CTC CTA GAG CGG ATG CTG GTC TTT GAC CCT GAG AAG AGA ATC ACT GCC ACG GAG GCG CTG GAG CAC CCG TAC TTG CAC ACG TAC CAC GAT CCG AAC GAC GAA CCT GAG GGC GAG CCC ATC CCG CCC AGC TTC TTT GAA TTT GAC CAC TAC AAG GAG GCG CTG ACC ACC AAG GAC CTG AAG AAA TTG ATC TGG AAC GAG ATC TTC AGC 



Printing out site pattern counts


         7       1131  P G
G 2       99    278

castellii                                   --- --- --- --- --- --- --- --- --- --- --- --- --- --- --- --- --- --- --- --- --- --- --- --- --- --- --- --- --- --- --- --- --- --- --- --- --- --- --- --- --- --- --- AAA AAC AAG AAG AAG AAG AAG AAG AAT AAT ACA ACG ACG ACG AGT ATC ATC ATC ATG ATT CAT CCC CCG CCT CCT CTG CTG CTG GAA GAA GAC GAC GAC GAG GAG GAT GAT GAT GGG GGT GGT GTG GTT TAC TAT TCC TCC TCC TGG TTC TTC TTC TTC TTG TTT TTT --- AAA AAA AAA AAA AAC AAC AAC AAC AAC AAG AAG AAG AAG AAG AAG AAG AAT AAT AAT AAT AAT AAT AAT ACA ACA ACA ACA ACC ACC ACG ACG ACG ACG ACG ACT ACT ACT AGA AGA AGA AGA AGA AGA AGA AGA AGA AGA AGA AGA AGC AGG AGT ATA ATA ATA ATA ATA ATA ATA ATA ATC ATC ATC ATC ATC ATG ATG ATG ATG ATT ATT ATT ATT ATT ATT ATT ATT ATT ATT ATT ATT ATT ATT ATT CAA CAA CAA CAA CAA CAA CAA CAC CAG CAG CAG CAG CAT CAT CAT CAT CAT CAT CAT CAT CCA CCA CCA CCA CCA CCA CCA CCC CCC CCC CCC CCC CCG CCT CCT CCT CCT CGA CGA CGT CGT CGT CGT CTA CTA CTA CTA CTG CTG CTT CTT CTT CTT CTT CTT CTT GAA GAA GAA GAA GAA GAA GAA GAA GAA GAC GAC GAC GAC GAC GAC GAG GAG GAG GAG GAG GAG GAG GAG GAG GAT GAT GAT GAT GAT GAT GAT GAT GAT GAT GCA GCA GCA GCA GCA GCA GCA GCA GCC GCC GCG GCG GCT GCT GCT GCT GCT GGA GGA GGA GGG GGG GGG GGG GGG GGG GGT GGT GGT GGT GGT GTC GTC GTG GTG GTG GTG GTG GTG GTT GTT GTT GTT GTT GTT TAC TAC TAT TAT TAT TAT TAT TAT TCA TCA TCC TCC TCC TCC TCC TCC TCC TCG TCT TGC TGG TGG TGT TGT TGT TGT TGT TTA TTA TTA TTA TTA TTA TTA TTA TTA TTA TTA TTA TTA TTC TTC TTC TTC TTC TTC TTC TTG TTG TTG TTG TTG TTG TTG TTT TTT TTT TTT
bayanus                                     --- --- --- --- --- --- --- --- --- --- --- --- --- --- --- --- --- --- --- --- --- --- --- --- --- --- --- --- --- --- --- --- --- --- --- --- --- --- --- --- --- --- --- AGA AAC AAG AAG AAG AAG AAG CCC AAC GGC ACT ACC ACG GAG AGC ATA ATC ATC ATG ATA CAC CCC CCG CCG TCC ATC CTC TTG GAG GAG GAC GAC GAC GAG GAG GAC GAC GAG CCA AGC GGC GCG GTA TAC TAC AAC AGC TCC TGG TAC TTC TTC TTC CTG TTC TTC CAG AAG AAG AAG GCG AAC AAC AAC AAC GCC AAA AAG AAG AAG AGA CAG CGG AAC AAC AAC AAC AAT CTA GGC ACC ACG ACG ACG AAG ACG ACC ACG ACG ACG TCG ACC AGC GGC AGA AGG CGA CGC CGC CGC CGC CGC CGG CGT GAA GCG AAG CGG TCG ATA ATA ATA ATC ATC ATC ATC GTT ATC ATC ATC ATC GTG ATG ATG CTG TTG ATA ATA ATC ATC ATC ATC ATC ATC ATC ATC ATC ATT ATT GTG GTG CAG CAG CAG CAG CAG CAG GGC CAC AAG CAA CAG CAG CAC CAC CAC CAC CAC CAC CAC CAT CCA CCC CCC CCG CCG CCG CCT CCA CCC CCC CCG GAG CCC CCC CCG CCG GCC CGC CGT AGG CGC CGC GAG CTG CTG CTG CTT CAG CTG CTC CTG CTG CTG CTG CTT GTT CCG GAA GAC GAC GAG GAG GAG GAG GAG AAC GAC GAC GAC GAC GCA AAG CCG GAA GAA GAG GAG GAG GAG GAG GAA GAC GAC GAC GAC GAC GAC GAC GAT GAT ACG GCA GCC GCC GCC GCC GCC GCG GCA GCG GAG GCA GCA GCA GCA GCC TCT GGA GGC GGC GAG GGC GGC GGG GGG GGT GCA GGC GGC GGC GGC GTG GTG GTG GTG GTG GTG GTG GTG ACG ATC CTG GTG GTG GTG TAC TAC TAC TAC TAC TAC TAC TAT TCC TCG ACC TCA TCC TCC TCC TCG TCG TCC TCG TGC CTG TGG TGC TGC TGT TGT TGT CAG CTA CTC CTC CTG CTG CTG CTG CTG CTG TTG TTG TTG CTT TTC TTC TTC TTC TTC TTC CGG CTA CTG CTG CTG CTG TTG TTC TTC TTC TTC
mikatae                                     --- --- --- --- --- --- --- --- --- --- --- --- --- --- --- --- --- --- --- --- --- --- --- --- --- --- --- --- --- --- --- --- --- --- --- --- --- --- --- --- --- --- --- AGG AAC AAA AAA AAG AAG AAG CCC AAT AAT ACG ACA ACA GAA AGC ATT ATA ATT ATG ATA CAC CCT CCA CCG CCT ATT CTC CTA GAA GAG GAC GAC GAT GAA GAA GAC GAT GAA CCG AGT GGC GCG GTA TAC TAC CAT AGT TCG TGG TAC TTC TTC TTT CTT TTC TTT CAG AAA AAG AAG ATG AAC AAC AAC AAC GCT AAA AAA AAG AAG AGA CAA AGA AAC AAC AAC AAT AAC GTT CGG ACT ACA ACC ACG AAG ACA ACG ACC ACC ACG TCG ACC AGT GGC AGA AGG CGA AAG AGG CGG CGT CGT AGA CGT GAT CCC AAG CGG TCA ATA ATA ATA ATA ATC ATC ATT GTG ATC ATC ATT ATT GTG ATG ATG CTG TTG ATA ATA ATA ATC ATC ATC ATC ATC ATT ATT ATT ATA ATT ATA GTC CAA CAA CAA CAG CAG CAG GGT CAT AAG CAG CAA CAG CAC CAC CAC CAT CAT CAT CAT CAT CCA CCC CCT CCC CCG CCG CCG TCA CCC CCT CCA GAG CCC CCC CCC CCT GCG CGT CGC AGG CGC CGT GCG CTG TTA TTA TTA CAG CTC CTT CTA CTC CTG CTT CTG ATC TCG GAA GAC GAC GAA GAG GAG GAG GAG AAT GAC GAC GAC GAT ACA AAG CCG GAG GAG GAA GAA GAA GAG GAG GAT CAT GAC GAC GAC GAT GAT GAT GAT GAT ACA GCG GCA GCC GCC GCT GCT GCA GCA GCT GAG GCA GCA GCA GCA GCC TCT GGT GGA GGC GAT GGA GGA GGA GGC GGT GCG GGA GGT GGT GGT GCA GTC GTA GTC GTG GTG GTT GTT ACG GTC ATG GTA GTG GTG TAT TAT TAC TAC TAC TAC TAT TAT TCT TCA ACT TCC TCC TCC TCT TCG TCG TCT TCA TGT CTT TGG TGC TGT TGC TGT TGT CAG TTG CTA CTC CTG CTG CTG CTG TTA TTG CTT TTA TTG TTC TTC TTC TTT TTT TTT TTT CGG CTT CTG CTG TTA TTG TTG TTC TTC TTC TTT
kluyveri                                    AAA AAC AAT ACA ACT AGA AGG AGT ATA ATC ATG ATT CAA CAC CAG CAT CCA CCC CCT CTC CTT GAA GAC GAG GAT GCA GCC GGA GGT GTA GTC GTT TAC TAT TCA TCC TCT TGG TGT TTA TTC TTG TTT AAA AAC AAA AAG AAA AAG AAG GCA AAT GAA GCC ACG ACA ACC TCT ATC GTG ATC ATG ATT CAC CCC CCG CCC CCA CTA CTC CTG ACA GAA GAC GAT GAT GAG GAG GAG GAT GAA GGT AGT GGA CAT GTG TTC TAT AAG GAC AGC TGG TTC TTC TTT TTC TTG TTT TTT --- AAA AAA AAG GTT AAC AAC AAT TCG TAC AAA AAG AAG AAG AAG GCT AGA AAC AAC AGT AAC AAC GAT CAT ACA ACC ACC ACG CGG ACC ACG ACC ACG ACG ACG ACA ACC AAT CGA AGG AGA AAG AGA AAA AAA CGT AGG AGG GAG AAA AAA AGG AGT ATA ATC ATT TTG ATT CTG ATC ATT ATC TTG ATA ATA GTA ATA ATG GTG TTG ATC ATT ATC ATC ATC ATC CTA GAC ATA ATC ATT ATC ATT GTA GTG CAA CAA CAG --- AGT CAA --- CAC AAC CAA CAA CAA CAC CAC CAT CAC CAT CAT CAT CAT CCA CCC CCG CCA ACG CCC CCG CCA CCG CCG CCG GAA CCA CCC CCG CCA CCG CGT CGC CGC CGC AGA AAC CTT TTG TTT TTA CTG TTA CTG CTT TTA TTA TTG CTG GTG ATG GAA AAC GCA GAA AAG GAA GAG GAG GAC GAC GAT GAT GAC ACA GCT ACA AGC GAA GAA GAG GAG GAA GGA GAC GGG AAC GAT GAT GAC GAT GAT GAT GAT AAT GCA GCC GCG GCG GCA GCG AGT GCA GCG AAA GCG GCC GCG GCG GCA GCA GGG GGA GGG GGC GGC GGC GGA GGA GGA ACA GGA GAA GGG GGG ACC GTG ATA GTA GTA GTC GTC GTG ATC GTC ATT GTC GTA GTC TAC TAC TAC TAC TAT TAT TAC TAT TCG AGT AGC TCC ACC AGC AGC GCT TCA GTG AGC AAC TTA TGG TGC TGT TGC TGC TGT --- CTC TTG CTG CTA CTG TTG TTG CTA TTA TTA CTC CTC TTG TTC TTT TTC TTT TTT TTT TTC TTA CTG CTG CTA TTG TTG TTC TTT TTT TTC
cerevisiae                                  --- --- --- --- --- --- --- --- --- --- --- --- --- --- --- --- --- --- --- --- --- --- --- --- --- --- --- --- --- --- --- --- --- --- --- --- --- --- --- --- --- --- --- AGA AAC AAA AAA AAG AAG AAG CCC AAT AAC ACG ACG ACA GAA AGT ATT ATA ATC ATG ATA CAC CCT CCA CCA CCC ATT CTC CTA GAA GAA GAC GAC GAT GAA GAG GAC GAT GAG CCA AGT GGC GCA GTA TAC TAC CAC AGC TCC TGG TAC TTC TTC TTT CTC TTT TTC CAC AAA AAG AAG ATG AAC AAC AAC AGC CCC AAA AAG AAA AAG AGA CAA AGG AAC AAT AAC AAT AAC ATG CGA ACT ACA ACC ACG AAG ACA ACC ACC ACA ACG TCG ACC AGT GCC AGA AGA AGG AAA AGA CGT CGC CGT AGG CGT AAT CCC AAG CGG TCA ATA ATA ATA ATA ATT ATC ATC GTG ATC ATC ATA ATT GTA ATG ATG CTA TTA ATA ATA ATA ATA ATC ATC ATC ATT ATC ATA ATT ATC ATT ATA GTT CAA CAG CAA CAA CAG CAA GGT CAT AAG CAG CAA CAG CAC CAT CAC CAT CAC CAT CAT CAT CCA CCC CCT CCA CCT CCG CCG CCT CCA CCC CCA GAG CCT CCC CCT CCT GCC CGT CGT AGG CGT CGC GCG TTA CTA TTG CTT AAA CTC CTT TTA CTG CTG CTT CTT ATC TCA GAA GAC GAC GAG GAG GAG GAA GAG AAC GAC GAC GAT GAT TCA AAG CCT GAG GAA GAA GAA GAG GAG GAG GAT AAT GAC GAC GAT GAT GAT GAT GAC GAT ACA GCA GCT GCA GCC GCT GCG GCA GCA GCC GAG GCA GCA GCA GCT GCC TCT GGT GGC GGT GAT GGA GGT GGA GGC GGT GCG GGA GGT GGC GGT GCG GTC GTG GTG GTG GTA GTC GTG ACG GTC ATG GTA GTG GTG TAC TAT TAC TAC TAC TAT TAT TAT TCT TCA ACA TCC TCA TCC TCC TCG TCG TCC TCG TGT CTG TGG TGC TGT TGT TGT TGT CAG TTA CTG TTG CTG CTG CTG TTG TTA CTC CTT TTA TTG TTC TTC TTC TTT TTC TTC TTT CGG TTA CTA CTG TTG TTA TTG TTC TTC TTC TTC
paradoxus                                   --- --- --- --- --- --- --- --- --- --- --- --- --- --- --- --- --- --- --- --- --- --- --- --- --- --- --- --- --- --- --- --- --- --- --- --- --- --- --- --- --- --- --- AGA AAC AAG AAA AAG AAA AAG CCC AAT AAT ACG ACG ACT GAA AGT ATT ATA ATT ATG ATA CAC CCA CCT CCG CCC ATT CTC TTA GAA GAA GAC GAC GAC GAA GAG GAC GAT GAG CCA AGT GGC GCG GTA TAC TAC CAC AGT TCC TGG TAC TTC TTC TTT CTT TTT TTC CAA AAG AAG AAG ATG AAC AAT AAC AAC GCC AAA AAG AAG AAG AGA CAA AGG AAC AAT AAC AAC AAC GTG CGC ACC ACG ACT ACG AAA ACA ACC ACT ACA ACG TCG ACC AGC AGT AGA AGA AGA AAA AGA CAG CGC CGT AGG CGT GAT CCC AAG CGG TCA ATA ATA ATA ATA ATC ATC ATT ATT ATC ATC ATT ATT GTG ATG ATG CTG TTA ATA ATA ATA ATA ATC ATC ATC ATT ATT ATC ATT ATC ATT ATA GTC CAA CAG CAA CAG CAG CAA GGC CAT AAG CAG CAA CAG CAT CAT CAC CAT CAC CAT CAT CAT CCA CCC CCT CCC CCG CCG CCG TCT CCC CCT CCA GAG CCC CCC CCC CCT GCC CGT CGC AGG CGT CGT GCG TTA TTA TTG CTT AAG CTC CTT CTG CTG CTC CTT CTT ATC TCA GAA GAC GAC GAA GAG GAG GAG GAG AAC GAT GAC GAC GAT GCA AAG CCT GAA GAA GAA GAA GAA GAG GAA GAT AAT GAC GAT GAC GAT GAT GAT GAC GAT ACA GCA GCC GCA GCC GCT GCT GCA GCA GCC GAG GCG GCG GCA GCA GCC TCT GGT GGA GGT GAT GGA GGT GGA GGC GGT GCG GGC GGC GGG GGT GCG GTG GTG GTA GTG GTA GTT GTG ACG GTC ATG GTA GTG GTG TAC TAT TAC TAC TAT TAT TAT TAT TCC TCG ACG TCC TCC TCC TCC TCT TCG TCC TCG TGC CTG TGG TGC TGT TGC TGT TGT CAA TTA CTA CTC CTG CTG CTG TTG TTA CTG CTT TTA TTG TTC TTC TTT TTT TTC TTT TTT CAG TTG CTG CTA TTA TTG TTG TTC TTC TTC TTC
kudriavzevii                                --- --- --- --- --- --- --- --- --- --- --- --- --- --- --- --- --- --- --- --- --- --- --- --- --- --- --- --- --- --- --- --- --- --- --- --- --- --- --- --- --- --- --- AGG AAC AAG AAA AAG AAG AAG CCC AAC AAC ACC ACC ACG GAG AGC ATT ATC ATC ATG ATA CAC CCT CCG CCG CCC ATC CTG CTG GAG GAG GAC GAC GAT GAA GAA GAC GAC GAG CCA AGC GGC GCG GTA TAC TAC CAC AGC TCC TGG TAC TTC TTT TTC TTG TTT TTC CAG AAA AAG AAG GCG AAC AAT AAC AGC GCC AAA AAG AAA AAG AGA CAC AGA AAC AAT AAC AAT AAC GTT CGG ACT ACG ACG ACG AAG ACG ACG ACC ACG ACA TCG ACC AGT GGC AGA AGA CGA AAG AGA CGG CGC CGT AGA CGT GAC CCG AAG CGT TCA ATA ATA ATA ATA ATC ATC ATT GTG ATC ATC ATC ATC GTG ATG ATG CTG CTC ATA ATA ATT ATC ATA ATC ATC ATC ATT ATC ATC ATT ATT ATA GTC CAG CAG CAG CAG GAG CAG GGC CAT AAG CAG CAA CAG CAC CAC CAC CAT CAC CAC CAT CAT CCA CCC CCT CCC CCG CCG CCG CCG CCC CCA GCG GAG CCC CCC CCG CCA GCG CGC CGC AGG CGT CGG GAG CTG TTG TTG CTG CAG CTC CTC CTG CTG CTG CTT CTG ATC TCA GAG GAC GAC GAA GAA GAG GAG GAG AAT GAC GAC GAC GAC GCG ACG CCG GAG GAA GAA GAA GAG GAG GAA GAC GAT GAT GAC GAC GAC GAC GAT GAC GAC ACG GCG GCC GCG GCC GCT GCT GCT GCA GCC GAG GCG GCC GCG GCA GCC TCT GGG GGA GGG GAC GGG GGC GGA GGT GGT GCG GGG GGC GGT GGC GCG GTG GTG GTG GTG GTG GTG GTG ACG ATC ATG GTG GTG GTG TAC TAC TAC TAT TAC TAC TAC TAT TCC TCA ACG TCG TCC TCC TCC TCG TCG TCC TCG TGC CTG TGG TGC TGT TGC TGC TGC CAA TTG CTG CTC CTG CTG CTG TTG CTG CTG CTG CTA TTG TTC TTC TTC TTT TTC TTT TTT CGC CTG TTG CTG TTG CTG TTG TTC TTC TTT TTT



    3    1    2    3    2    3    2    2    2    1    1    1    1    3    3
    1    2    1    1    5    3    2    2    2    1    2    1    1    1    2
    2    4    1    4    2    2    7    3    2    3    4    3   14    1    1
    1    1    1    1    1    1    1    1    1    1    1    1    1    1    1
    1    1    1    1    1    1    1    1    1    1    1    1    1    1    1
    1    1    1    1    1    1    1    1    1    1    1    1    1    1    1
    1    1    1    1    1    1    1    1    1    1    1    4    1    1    1
    1    1    1    1    1    2    1    1    2    1    1    1    1    1    1
    1    1    1    1    1    1    1    1    1    1    1    1    1    1    1
    1    1    1    1    1    1    1    1    1    1    1    1    1    1    1
    1    1    1    1    1    1    1    1    1    1    1    1    1    1    1
    1    4    1    1    1    1    1    1    1    2    1    1    1    1    1
    1    1    1    1    1    1    1    1    1    2    1    1    1    1    1
    1    1    1    1    1    1    1    1    1    1    1    1    1    1    1
    1    1    1    1    1    1    1    1    1    1    1    1    1    1    1
    1    1    1    1    1    1    1    1    1    1    1    1    1    1    1
    1    1    1    1    1    1    1    1    2    1    1    1    1    1    1
    1    1    1    1    2    1    1    2    1    1    1    1    1    1    1
    1    1    1    1    1    1    1    1    1    1    1    1    1    1    1
    1    1    1    1    1    1    1    1    1    1    1    1    1    1    1
    1    1    1    1    1    1    1    1    1    1    1    1    1    1    1
    1    1    1    1    2    1    3    1    1    1    1    1    1    1    1
    1    1    1    1    1    1    1    1    1    1    2    1    1    1    1
    1    1    1    1    1    1    1    1    1    1    1    1    1    1    1
    2    1    1    1    2    1    1    1    1    1    1    1    1    1    1
    1    1

CODONML (in paml version 4.4b, July 2010)  torun.nuc
Model: One dN/dS ratio for branches Global clock  (2 genes: diff. rate & k&w)  
Codon frequency model: F3x4
ns =   7  ls = 461

Codon usage in sequences
--------------------------------------------------------------------------------------------------------------
Phe TTT  6  0  8 25  4  7 | Ser TCT  1  1  4  8  2  3 | Tyr TAT  9  1  5  8  4  5 | Cys TGT  5  3  4  4  5  3
    TTC 13 17 10 14 14 11 |     TCC 10  7  3  3  5  7 |     TAC  4 13  9 10 10  9 |     TGC  1  3  2  3  1  3
Leu TTA 13  0  6 11  8  8 |     TCA  2  1  4  3  5  2 | *** TAA  0  0  0  0  0  0 | *** TGA  0  0  0  0  0  0
    TTG  8  6  6 15  6  6 |     TCG  1  6  5  2  4  4 |     TAG  0  0  0  0  0  0 | Trp TGG  4  3  3  6  3  3
--------------------------------------------------------------------------------------------------------------
Leu CTT  7  3  6  5  5  6 | Pro CCT  6  1  5  1  8  5 | His CAT  9  1  8  8  6  7 | Arg CGT  4  2  5  2  6  5
    CTC  0  4  4  9  4  4 |     CCC  6  8  8  6  7  9 |     CAC  1  9  4  8  6  4 |     CGC  0  8  2  3  2  3
    CTA  4  3  3  5  4  2 |     CCA  7  3  3  8  7  4 | Gln CAA  8  1  5  8  7  8 |     CGA  2  1  1  1  1  0
    CTG  5 22 10  9  8  9 |     CCG  2 10  6  8  2  4 |     CAG  4 13  9  4  5  7 |     CGG  0  4  4  1  2  1
--------------------------------------------------------------------------------------------------------------
Ile ATT 17  2 10  9  7 11 | Thr ACT  3  1  2  2  1  3 | Asn AAT  9  1  4  6  5  5 | Ser AGT  2  0  3  8  3  4
    ATC  8 22 11 15 12 11 |     ACC  2  5  4  8  4  3 |     AAC  6 12  9 13  9  9 |     AGC  1  4  1  6  2  1
    ATA  8  7 11  8 13 11 |     ACA  5  0  6 10  6  3 | Lys AAA  8  1  6 17  7  5 | Arg AGA 12  4  5  7  6  7
Met ATG  8  6  8  7  9  8 |     ACG  8 10  5  7  5  7 |     AAG 15 19 15 13 15 17 |     AGG  1  2  4  6  4  3
--------------------------------------------------------------------------------------------------------------
Val GTT  7  2  3  5  1  1 | Ala GCT  5  0  4  3  3  2 | Asp GAT 13  2 11 13 11 11 | Gly GGT  7  1  6  2  7  5
    GTC  2  0  4  7  3  2 |     GCC  2  8  3  4  5  6 |     GAC  9 18 11 10 10 11 |     GGC  0 13  4  3  4  5
    GTA  0  1  3  7  4  4 |     GCA  8  8  8  9  8  7 | Glu GAA 12  5 11 15 10 13 |     GGA  3  1  5  8  3  3
    GTG  7 14  6  8  7  8 |     GCG  2  5  5  7  4  6 |     GAG 13 23 13 11 14 11 |     GGG  7  2  0  5  0  1
--------------------------------------------------------------------------------------------------------------

--------------------------------------------------
Phe TTT  8 | Ser TCT  1 | Tyr TAT  2 | Cys TGT  1
    TTC 10 |     TCC  6 |     TAC 12 |     TGC  5
Leu TTA  0 |     TCA  3 | *** TAA  0 | *** TGA  0
    TTG  9 |     TCG  5 |     TAG  0 | Trp TGG  3
--------------------------------------------------
Leu CTT  1 | Pro CCT  2 | His CAT  4 | Arg CGT  4
    CTC  4 |     CCC  7 |     CAC  8 |     CGC  4
    CTA  1 |     CCA  4 | Gln CAA  2 |     CGA  1
    CTG 20 |     CCG  9 |     CAG 10 |     CGG  3
--------------------------------------------------
Ile ATT  6 | Thr ACT  1 | Asn AAT  4 | Ser AGT  1
    ATC 18 |     ACC  4 |     AAC  8 |     AGC  4
    ATA  9 |     ACA  1 | Lys AAA  4 | Arg AGA  7
Met ATG  7 |     ACG 11 |     AAG 16 |     AGG  2
--------------------------------------------------
Val GTT  1 | Ala GCT  3 | Asp GAT  4 | Gly GGT  3
    GTC  1 |     GCC  6 |     GAC 19 |     GGC  6
    GTA  1 |     GCA  2 | Glu GAA  9 |     GGA  2
    GTG 12 |     GCG 11 |     GAG 17 |     GGG  4
--------------------------------------------------

Codon position x base (3x4) table for each sequence.

#1: castellii      
position  1:    T:0.21875    C:0.18466    A:0.32102    G:0.27557
position  2:    T:0.32102    C:0.19886    A:0.34091    G:0.13920
position  3:    T:0.31250    C:0.18466    A:0.26136    G:0.24148
Average         T:0.28409    C:0.18939    A:0.30777    G:0.21875

#2: bayanus        
position  1:    T:0.17280    C:0.26346    A:0.27195    G:0.29178
position  2:    T:0.30878    C:0.20963    A:0.33711    G:0.14448
position  3:    T:0.05949    C:0.42776    A:0.10198    G:0.41076
Average         T:0.18036    C:0.30028    A:0.23702    G:0.28234

#3: mikatae        
position  1:    T:0.19547    C:0.23513    A:0.29462    G:0.27479
position  2:    T:0.30878    C:0.21246    A:0.33994    G:0.13881
position  3:    T:0.24929    C:0.25212    A:0.21813    G:0.28045
Average         T:0.25118    C:0.23324    A:0.28423    G:0.23135

#4: kluyveri       
position  1:    T:0.24508    C:0.18818    A:0.31072    G:0.25602
position  2:    T:0.34792    C:0.19475    A:0.31510    G:0.14223
position  3:    T:0.23851    C:0.26696    A:0.25602    G:0.23851
Average         T:0.27717    C:0.21663    A:0.29395    G:0.21225

#5: cerevisiae     
position  1:    T:0.20113    C:0.22663    A:0.30595    G:0.26629
position  2:    T:0.30878    C:0.21530    A:0.33711    G:0.13881
position  3:    T:0.22096    C:0.27762    A:0.25212    G:0.24929
Average         T:0.24363    C:0.23985    A:0.29839    G:0.21813

#6: paradoxus      
position  1:    T:0.20113    C:0.22096    A:0.30595    G:0.27195
position  2:    T:0.30878    C:0.21246    A:0.34561    G:0.13314
position  3:    T:0.23513    C:0.27762    A:0.21813    G:0.26912
Average         T:0.24835    C:0.23702    A:0.28990    G:0.22474

#7: kudriavzevii   
position  1:    T:0.18414    C:0.23796    A:0.29178    G:0.28612
position  2:    T:0.30595    C:0.21530    A:0.33711    G:0.14164
position  3:    T:0.13031    C:0.34561    A:0.13031    G:0.39377
Average         T:0.20680    C:0.26629    A:0.25307    G:0.27384

Codon usage in genes
--------------------------------------------------------------
Phe TTT 27 31 | Ser TCT  8 12 | Tyr TAT  6 28 | Cys TGT  2 23
    TTC 29 60 |     TCC 10 31 |     TAC 17 50 |     TGC  0 18
Leu TTA  4 42 |     TCA  2 18 | *** TAA  0  0 | *** TGA  0  0
    TTG  7 49 |     TCG  1 26 |     TAG  0  0 | Trp TGG 10 15
--------------------------------------------------------------
Leu CTT  5 28 | Pro CCT  8 20 | His CAT  4 39 | Arg CGT  0 28
    CTC 11 18 |     CCC 13 38 |     CAC 12 28 |     CGC  0 22
    CTA  3 19 |     CCA 11 25 | Gln CAA  1 38 |     CGA  0  7
    CTG  7 76 |     CCG  9 32 |     CAG  3 49 |     CGG  0 15
--------------------------------------------------------------
Ile ATT 12 50 | Thr ACT  4  9 | Asn AAT 10 24 | Ser AGT 11 10
    ATC 13 84 |     ACC  4 26 |     AAC 13 53 |     AGC  9 10
    ATA 11 56 |     ACA  9 22 | Lys AAA 14 34 | Arg AGA  6 42
Met ATG  8 45 |     ACG 11 42 |     AAG 28 82 |     AGG  4 18
--------------------------------------------------------------
Val GTT  5 15 | Ala GCT  0 20 | Asp GAT 13 52 | Gly GGT  4 27
    GTC  2 17 |     GCC  2 32 |     GAC 26 62 |     GGC  6 29
    GTA  7 13 |     GCA  4 46 | Glu GAA 22 53 |     GGA  2 23
    GTG  3 59 |     GCG  4 36 |     GAG 22 80 |     GGG  1 18
--------------------------------------------------------------

Codon position x base (3x4) table for each gene.


Gene #1
position  1:    T:0.24600    C:0.17400    A:0.33400    G:0.24600
position  2:    T:0.30800    C:0.20000    A:0.38200    G:0.11000
position  3:    T:0.23800    C:0.33400    A:0.19200    G:0.23600
Average         T:0.26400    C:0.23600    A:0.30267    G:0.19733

Gene #2
position  1:    T:0.19431    C:0.23240    A:0.29267    G:0.28062
position  2:    T:0.31919    C:0.20974    A:0.32401    G:0.14706
position  3:    T:0.20058    C:0.27869    A:0.21119    G:0.30955
Average         T:0.23803    C:0.24028    A:0.27596    G:0.24574

Sums of codon usage counts
------------------------------------------------------------------------------
Phe F TTT      58 | Ser S TCT      20 | Tyr Y TAT      34 | Cys C TGT      25
      TTC      89 |       TCC      41 |       TAC      67 |       TGC      18
Leu L TTA      46 |       TCA      20 | *** * TAA       0 | *** * TGA       0
      TTG      56 |       TCG      27 |       TAG       0 | Trp W TGG      25
------------------------------------------------------------------------------
Leu L CTT      33 | Pro P CCT      28 | His H CAT      43 | Arg R CGT      28
      CTC      29 |       CCC      51 |       CAC      40 |       CGC      22
      CTA      22 |       CCA      36 | Gln Q CAA      39 |       CGA       7
      CTG      83 |       CCG      41 |       CAG      52 |       CGG      15
------------------------------------------------------------------------------
Ile I ATT      62 | Thr T ACT      13 | Asn N AAT      34 | Ser S AGT      21
      ATC      97 |       ACC      30 |       AAC      66 |       AGC      19
      ATA      67 |       ACA      31 | Lys K AAA      48 | Arg R AGA      48
Met M ATG      53 |       ACG      53 |       AAG     110 |       AGG      22
------------------------------------------------------------------------------
Val V GTT      20 | Ala A GCT      20 | Asp D GAT      65 | Gly G GGT      31
      GTC      19 |       GCC      34 |       GAC      88 |       GGC      35
      GTA      20 |       GCA      50 | Glu E GAA      75 |       GGA      25
      GTG      62 |       GCG      40 |       GAG     102 |       GGG      19
------------------------------------------------------------------------------

(Ambiguity data are not used in the counts.)


Codon position x base (3x4) table, overall

position  1:    T:0.20435    C:0.22106    A:0.30070    G:0.27389
position  2:    T:0.31702    C:0.20785    A:0.33528    G:0.13986
position  3:    T:0.20785    C:0.28943    A:0.20746    G:0.29526
Average         T:0.24307    C:0.23945    A:0.28114    G:0.23634


Nei & Gojobori 1986. dN/dS (dN, dS)
(Pairwise deletion)
(Note: This matrix is not used in later ML. analysis.
Use runmode = -2 for ML pairwise comparison.)

castellii           
bayanus             -1.0000 (0.1353 -1.0000)
mikatae             -1.0000 (0.1304 -1.0000) 0.0158 (0.0366 2.3186)
kluyveri            -1.0000 (0.1876 -1.0000)-1.0000 (0.2046 -1.0000)-1.0000 (0.2049 -1.0000)
cerevisiae          -1.0000 (0.1305 -1.0000) 0.0249 (0.0437 1.7514) 0.0211 (0.0179 0.8494)-1.0000 (0.2168 -1.0000)
paradoxus           -1.0000 (0.1271 -1.0000) 0.0268 (0.0410 1.5300) 0.0149 (0.0117 0.7835)-1.0000 (0.2052 -1.0000) 0.0318 (0.0173 0.5427)
kudriavzevii        -1.0000 (0.1334 -1.0000) 0.0378 (0.0328 0.8687) 0.0157 (0.0174 1.1039)-1.0000 (0.1946 -1.0000) 0.0155 (0.0243 1.5704) 0.0212 (0.0236 1.1150)


TREE #  1:  ((((((5, 6), 3), 7), 2), 1), 4);   MP score: -1
lnL(ntime:  6  np: 11):  -4846.072922      +0.000000
   8..9     9..10   10..11   11..12   12..13   13..5    13..6    12..3    11..7    10..2     9..1     8..4  
 3.852167 2.699807 0.588739 0.444605 0.274775 0.198813 0.966603 2.651267 0.023288 2.769598 0.021525
SEs for parameters:
 0.877783 0.612858 0.103882 0.076001 0.049582 0.037909 0.170293 0.730356 0.006749 0.292628 0.002999
Note: Branch length is defined for the first gene (site partition).
For other genes, look at "rates for genes".

tree length =  11.91107 (1st gene)

((((((5: 0.198813, 6: 0.198813): 0.075963, 3: 0.274775): 0.169830, 7: 0.444605): 0.144134, 2: 0.588739): 2.111068, 1: 2.699807): 1.152360, 4: 3.852167);

((((((cerevisiae: 0.198813, paradoxus: 0.198813): 0.075963, mikatae: 0.274775): 0.169830, kudriavzevii: 0.444605): 0.144134, bayanus: 0.588739): 2.111068, castellii: 2.699807): 1.152360, kluyveri: 3.852167);

Detailed output identifying parameters

rates for 2 genes:     1  0.96660

gene # 1: kappa =   2.65127 omega =   0.02329
gene # 2: kappa =   2.76960 omega =   0.02152

Time used:  0:25
