
seed used = 1418811033
      6   1575

castellii                                  ATG GGC TAC GAT AAC TTT CAT AAT GCA CGC AAC CGT CCA CAT AAG AAT AAT TCT AAG AAC TTC AGA AGA CGA GAT ATT CCC GCT GGT CCT ATG AAT AAT GTC AAT AAT AAG AAT AAT ACT TCA TCG AGA GGT ACG AAG AGG CTA CGA CCA AAT AAT AAC AAT AAT ACT AAT AAT AAT AAT AAC AAC AAG AAG AAA CTG GAT ACA AGA CAC AAG GAT AAT GAC CAT AAC CAA CGA CGT TTT AAA GAT GGA TCT CGT TAC CAG GCC CCA GTA ACA GCC CCA GTC TCA CGA TAT AAT AAT TCT AAC GGA CAT AAT AGC AAT AAC AAG AAC AAT AAT AGA TTA CTA CAT GCA TTA CCG AAG GGC CCC AAG CAT CAT GAT GGT TCA CCG CAA CCT TCA TCT CCC TCT TCT TCG TCA CGT TAC GAT TCC AAG ACA CAA GCA TCA CCT ATT CAT AAT CTA CCT ACA AAA CCA GCA TTA AGC ACT ACC GTC AAG AGG GCT AAA CCC AAT CCA CTT CCT GTC CCC GTC TCC TTT CTA AAT GAA GTA AGA ACG TCA TCG ATT TAT GAA AGA ATA GTA CAA GTG GGC GAA GGT ACA TAC GGT AAA GTG TAC AAA GCC --- --- --- AGA AAT GAA GTG ACC TCC CAT TTA GTA GCA TTA AAG AAA TTA AGA CTC AAT AAT GAA AAG GAT GGG TTC CCC ATC ACA TCC ATT CGA GAA ATT AAA CTA TTA CAA ACT TTC CAT CAT CCT AAT ATT GCC ACC TTG GTT GAA ATC ATG GTG GAA TCA TCT AAG ATG GTT TAT ATG ATT TTT GAA TAT GCT GAT AAT GAC TTG ACC GGA TTA TTG GGC GAT AAG AAT GTA GTA ATG TCT CTA GGC CAA --- --- CGC AAA CAT CTT TTC CAA CAG TTG TTA CGT GGT GTA AAA TAT TTG CAT GAT TCT TTG ATA TTA CAT AGA GAT ATT AAA GGG TCC AAT ATT CTA ATT GAT AAT AAG GGG AAC TTA AAG ATT ACC GAT TTT GGG TTA GCT AGA AAA ATG CAT GTT AAG AGT GAC AGT GAT GGT TCT AAT GAT TAT ACT AAT AGA GTA ATT ACG CTA TGG TAT CGT CCT CCT GAG TTG TTA ATG GGG ACC ACT AAT TAC TCC ACA GAA GTG GAT ATG TGG GGG TGT GGT TGT ATC TTG ATG GAA TTA TTC AAT AAT GTG TCA ATA TTT CAG GGT CAA AAC GAA ATT GAG CAA TTG CTT TCC ATA TTC AAG ATT ATG GGA TCA CCC AAT TTG GAT AAC TGG CCA AAT TTT TTC GAG ATG CCC TGG TTT TTT ATG ATT ATC CCC ATG TTA ACT GAG AAG TAC CCA GAT TTA TTT GAA GAG AAG TAT AAA AAT CTA TTA CCT AGT AGC GAA TGC TTC AAC TTG GCA AAG GGG TTA TTG TTA TAT GAT CAA AAG AAG AGA TTA TCT GCT GAG GAA GCC TTG AAG AGC CCC TAT TTT ACA GAA GAT CCT CAA CCT GAA CCT CTA ATC TTG GAA GGC TAT GTA GGT TGT CAT GAA TAT GAG ATT AAG ATG GCA AGA AAA CAA CAA AAA CGT GAG GAA GAA CCA GAG AGA GAA AGG CAA AAG GAG GTT 
mikatae                                    --- --- --- --- --- --- --- --- --- --- --- --- --- --- --- --- --- --- --- --- --- --- --- --- --- --- --- --- --- --- --- --- --- --- --- --- --- --- --- --- --- --- --- --- --- --- --- --- --- --- --- --- --- --- --- --- --- --- --- --- --- --- --- --- --- --- --- --- --- --- --- --- --- --- --- --- --- --- --- --- --- --- --- --- --- --- --- --- --- --- --- --- --- --- --- --- --- --- --- --- --- --- --- --- --- --- --- --- --- --- --- --- --- --- --- --- --- --- --- --- --- --- --- --- --- --- --- --- --- --- --- --- --- --- --- --- --- --- --- --- --- --- --- --- --- --- --- --- --- --- --- --- --- --- --- --- --- --- --- --- --- --- --- --- --- --- --- --- --- --- --- --- --- --- --- --- --- --- --- --- --- --- --- --- --- --- --- --- --- --- --- --- --- --- --- --- --- --- --- --- --- --- --- --- --- --- --- --- --- --- --- --- --- --- --- --- --- --- --- --- --- --- --- --- --- --- --- --- --- --- --- --- --- --- --- --- --- --- --- --- --- --- --- --- --- --- --- --- --- --- --- --- --- --- --- --- --- --- --- --- --- --- --- --- --- --- --- --- --- --- --- --- --- --- --- ATG GAG GGT ATC CCA AAG GAT CAA CCG TTG GGA GCG GAT ATT GTC AAA AAA TTC ATG ATG CAA CTT TGT AAA GGT ATT GCA TAC TGC CAC TCA CAT CGT ATC CTA CAT CGT GAT TTA AAA CCT CAG AAC TTA TTG ATT AAT AAG GAC GGG AAT TTA AAA CTA GGT GAT TTT GGT TTA GCA CGT GCC TTT GGT GTT CCA --- --- --- --- --- TTA AGA GCT TAC ACT CAT GAA ATA GTT ACA CTA TGG TAT AGA GCA CCA GAA GTA CTA CTA GGT GGT AAA CAG TAC AGT ACA GGT GTG GAT ACA TGG TCC ATT GGG TGT ATA TTC GCG GAA ATG TGT AAC AGA AAA CCA ATC TTC AGT GGC GAT AGT GAG ATT GAT CAG ATT TTT AAG ATA TTC AGA GTA TTG GGA ACA CCA AAC GAA GCC ATA TGG CCC GAT ATT GTG TAT TTG CCC GAT TTT AAG TCA AGC TTT CCT CAA TGG CGC AGA AAA GAC --- --- --- CTA TCA CAA GTT GTA CCA AGT CTA GAT CAA CGA GGT --- --- ATT GAT TTG TTG GAC AAG CTA CTT GCG TAT GAC CCT ATT AAC CGG ATT AGT GCC AGA AGA GCA GCC ATT CAT CCC TAC TTC CAA GAA CCA --- --- --- --- --- --- --- --- --- --- --- --- --- --- --- --- --- --- --- --- --- --- --- --- --- --- --- --- --- --- --- --- --- --- --- --- --- --- --- --- 
kluyveri                                   --- --- --- --- --- --- --- --- --- --- --- --- --- --- --- --- --- --- --- --- --- --- --- --- --- --- --- --- --- --- --- --- --- --- --- --- --- --- --- --- --- --- --- --- --- --- --- --- --- --- --- --- --- --- --- --- --- --- --- --- --- --- --- --- --- --- --- --- --- --- --- --- --- --- --- --- --- --- --- --- --- --- --- --- --- --- --- --- --- --- --- --- --- --- --- --- --- --- --- --- --- --- --- --- --- --- --- --- --- --- --- --- --- --- --- --- --- --- --- --- --- --- --- --- --- --- --- --- --- --- --- --- --- --- --- --- --- --- --- --- --- --- --- --- --- --- --- --- --- --- --- --- --- --- --- --- --- --- --- --- --- --- --- --- --- --- --- --- --- --- --- --- --- --- --- --- --- ATG ACG --- GAT TTA GCA AAC TAC AAG CGA TTG GAG AAA GTT GGT GAA GGT ACC TAC GGT GTT GTT TAT AAG GCC TTG GAC CTA CGT --- --- CAT GGG AAT AGA ATT GTT GCT TTG AAG AAG ATT AGA TTA GAA AGT GAA GAT GAA GGT GTT CCT AGT ACA GCA ATA CGT GAA ATA TCG TTG CTA AAA GAG CTT AGA GAT GAC AAC ATT GTC AGG TTG TAT GAC ATT GTG CAT TCT GAC GCA CAC AAG TTG TAC TTG GTT TTC GAG TTT TTG GAT CTG GAT TTG AAA AGA TAC ATG GAA AGC GTG CCT AAG GAA CAA CCC CTG GGG AAT AAA ATC ATC AAG AAG TTC ATG ATG CAG CTG TGT AAA GGT ATC GCA TAC TGT CAC GCG CAT CGC ATA CTC CAC CGT GAT TTG AAA CCC CAA AAC TTG TTG ATC AAC AGA GAC GGA AAC CTA AAG TTG GGC GAC TTC GGT TTG GCA AGA GCC TTT GGG GTC CCA --- --- --- --- --- TTA CGA GCC TAT ACA CAT GAG ATC GTG ACC TTG TGG TAC CGT GCA CCA GAA GTG CTA CTA GGT GGC AAA CAA TAC TCC ACG GGT GTA GAT ATC TGG TCT ATC GGC TGC ATT TTC GCA GAA ATG TGT AAC CGG AAG CCA CTA TTC AGT GGC GAC AGT GAG ATC GAC CAA ATA TTC AAG ATT TTC CGC GTC TTG GGG ACA CCA AAC GAA TCT ACT TGG CCT GAC ATC GTA TAC TTG CCA GAT TTC AAG CCC ACA TTC CCT AAA TGG CAC CGC AAG GAA --- --- --- TTG GCA CAG GTG GTA CCT TCG TTA GAC GAG CAC GGT --- --- ATT GAT TTG CTA AAC AAG ATG CTA ACA TAC GAC CCT ATC CAT AGG ATA AGT GCC AAG AGA GCG GTG ATG CAT CCC TAC TTC CAA GAA ACG GCA CAG GAG TAC --- --- --- --- --- --- --- --- --- --- --- --- --- --- --- --- --- --- --- --- --- --- --- --- --- --- --- --- --- --- --- --- --- --- --- --- 
cerevisiae                                 --- --- --- --- --- --- --- --- --- --- --- --- --- --- --- --- --- --- --- --- --- --- --- --- --- --- --- --- --- --- --- --- --- --- --- --- --- --- --- --- --- --- --- --- --- --- --- --- --- --- --- --- --- --- --- --- --- --- --- --- --- --- --- --- --- --- --- --- --- --- --- --- --- --- --- --- --- --- --- --- --- --- --- --- --- --- --- --- --- --- --- --- --- --- --- --- --- --- --- --- --- --- --- --- --- --- --- --- --- --- --- --- --- --- --- --- --- --- --- --- --- --- --- --- --- --- --- --- --- --- --- --- --- --- --- --- --- --- --- --- --- --- --- --- --- --- --- --- --- --- --- --- --- --- --- --- --- --- --- --- --- --- --- --- --- --- --- --- --- --- --- --- --- --- --- --- --- ATG AGC GGT GAA TTA GCA AAT TAC AAA AGA CTT GAG AAA GTC GGT GAA GGT ACA TAC GGT GTT GTT TAT AAA GCG TTA GAC TTA AGA CCT GGC CAA GGT CAA AGA GTA GTC GCA TTG AAG AAA ATA AGA CTA GAG AGT GAA GAC GAG GGT GTT CCC AGT ACA GCC ATC AGA GAA ATC TCA TTA TTG AAG GAA TTA AAA GAC GAT AAT ATT GTC AGA TTA TAC GAT ATT GTT CAC TCT GAT GCA CAC AAG CTA TAT CTT GTT TTT GAG TTC CTC GAT TTG GAC CTG AAA AGA TAT ATG GAG GGT ATT CCA AAG GAC CAA CCG TTA GGA GCT GAT ATT GTT AAG AAG TTT ATG ATG CAA CTT TGT AAG GGT ATT GCA TAC TGC CAC TCA CAC CGT ATT CTG CAT CGT GAT TTA AAA CCG CAG AAC TTA TTG ATT AAC AAA GAT GGG AAT CTA AAA CTA GGT GAT TTT GGC TTA GCG CGT GCT TTT GGT GTT CCG --- --- --- --- --- TTG AGA GCT TAC ACA CAT GAA ATT GTT ACT CTA TGG TAT AGA GCT CCG GAG GTA TTA CTG GGT GGA AAA CAA TAT AGT ACA GGT GTC GAT ACA TGG TCC ATC GGC TGT ATA TTT GCC GAA ATG TGT AAC AGG AAA CCA ATC TTC AGT GGC GAT AGT GAG ATC GAT CAG ATT TTC AAG ATA TTC AGA GTA TTG GGA ACG CCG AAT GAA GCT ATA TGG CCA GAT ATT GTC TAC TTG CCT GAT TTC AAG CCA AGC TTT CCT CAA TGG CGC AGA AAA GAC --- --- --- CTA TCA CAA GTG GTA CCA AGT CTA GAT CCA CGC GGT --- --- ATT GAT TTG TTG GAC AAA CTC CTC GCG TAT GAC CCT ATT AAC CGG ATT AGC GCC AGA AGA GCA GCC ATC CAC CCC TAC TTC CAA GAA TCA --- --- --- --- --- --- --- --- --- --- --- --- --- --- --- --- --- --- --- --- --- --- --- --- --- --- --- --- --- --- --- --- --- --- --- --- --- --- --- --- 
paradoxus                                  --- --- --- --- --- --- --- --- --- --- --- --- --- --- --- --- --- --- --- --- --- --- --- --- --- --- --- --- --- --- --- --- --- --- --- --- --- --- --- --- --- --- --- --- --- --- --- --- --- --- --- --- --- --- --- --- --- --- --- --- --- --- --- --- --- --- --- --- --- --- --- --- --- --- --- --- --- --- --- --- --- --- --- --- --- --- --- --- --- --- --- --- --- --- --- --- --- --- --- --- --- --- --- --- --- --- --- --- --- --- --- --- --- --- --- --- --- --- --- --- --- --- --- --- --- --- --- --- --- --- --- --- --- --- --- --- --- --- --- --- --- --- --- --- --- --- --- --- --- --- --- --- --- --- --- --- --- --- --- --- --- --- --- --- --- --- --- --- --- --- --- --- --- --- --- --- --- ATG AGC GGT GAA CTA GCA AAT TAC AAA AGA CTT GAA AAA GTT GGT GAA GGT ACG TAC GGT GTT GTC TAT AAA GCA TTG GAT TTA AGG CCA GGG CAA GGC CAA AGA GTG GTC GCA TTA AAG AAA ATC AGA TTA GAG AGT GAA GAC GAG GGA GTT CCT AGT ACC GCC ATC AGA GAA ATC TCA TTA TTG AAG GAA TTG AAA GAC GAT AAT ATT GTA AGA TTA TAC GAT ATT GTT CAC TCT GAT GCA CAT AAG CTA TAT CTT GTT TTT GAG TTT CTC GAT TTG GAC CTG AAA AGA TAC ATG GAG GGC ATT CCA AAG GAT CAA CCG TTA GGA GCT GAT ATT GTC AAG AAA TTT ATG ATG CAA CTT TGT AAG GGT ATT GCA TAC TGC CAC TCG CAT CGT ATC CTA CAT CGT GAT TTA AAA CCG CAG AAC TTA TTG ATT AAT AAA GAT GGA AAT TTA AAA CTA GGC GAT TTT GGC TTA GCG CGT GCT TTC GGT GTT CCA --- --- --- --- --- CTG AGA GCT TAC ACT CAT GAA ATT GTT ACT CTA TGG TAT AGA GCA CCA GAG GTC TTG CTA GGT GGG AAG CAG TAC AGT ACA GGT GTC GAT ACA TGG TCC ATC GGG TGT ATA TTT GCC GAA ATG TGT AAT AGG AAA CCA ATC TTT AGT GGT GAT AGT GAG ATC GAT CAG ATC TTC AAG ATA TTC AGA GTA TTG GGA ACG CCG AAC GAA GCT ATA TGG CCA GAT ATT GTC TAC TTG CCC GAT TTC AAG TCA AGC TTT CCT CAA TGG CGC AGG AAA GAC --- --- --- CTA TCA CAA GTT GTA CCA AGT CTG GAT CCA CGC GGT --- --- ATC GAT CTG TTG GAT AAG TTG CTT GCA TAT GAC CCT ATT AAC CGG ATC AGC GCC AGA AGA GCA GCC ATC CAC CCC TAC TTC CAA GAA TCA --- --- --- --- --- --- --- --- --- --- --- --- --- --- --- --- --- --- --- --- --- --- --- --- --- --- --- --- --- --- --- --- --- --- --- --- --- --- --- --- 
kudriavzevii                               --- --- --- --- --- --- --- --- --- --- --- --- --- --- --- --- --- --- --- --- --- --- --- --- --- --- --- --- --- --- --- --- --- --- --- --- --- --- --- --- --- --- --- --- --- --- --- --- --- --- --- --- --- --- --- --- --- --- --- --- --- --- --- --- --- --- --- --- --- --- --- --- --- --- --- --- --- --- --- --- --- --- --- --- --- --- --- --- --- --- --- --- --- --- --- --- --- --- --- --- --- --- --- --- --- --- --- --- --- --- --- --- --- --- --- --- --- --- --- --- --- --- --- --- --- --- --- --- --- --- --- --- --- --- --- --- --- --- --- --- --- --- --- --- --- --- --- --- --- --- --- --- --- --- --- --- --- --- --- --- --- --- --- --- --- --- --- --- --- --- --- --- --- --- --- --- --- ATG AGC GGT GAA TTA GCA AAC TAT AAA AGG CTT GAG AAA GTT GGT GAG GGT ACA TAC GGT GTT GTA TAT AAA GCA CTA GAT TTG AGA CCA GGA CAA GGT CAA AGA GTG GTT GCA TTG AAG AAA ATT AGA TTG GAG AGT GAA GAC GAA GGT GTT CCT AGT ACC GCC ATC AGG GAA ATC TCG TTA TTG AAA GAA CTG AAA GAT GAC AAC ATT GTA AGG TTG TAT GAT ATC GTT CAT TCT GAT GCG CAC AAG CTG TAT CTT GTT TTT GAA TTT CTC GAT TTG GAC TTG AAA AGA TAT ATG GAG GGT ATA CCA AAG GAT CAA TCG CTA GGT GCT GAT ATT GTC AAA AAG TTT ATG ATG CAA CTT TGT AAG GGT ATT GCA TAC TGT CAC TCG CAT CGT ATT CTA CAT CGT GAT TTA AAA CCT CAA AAC TTG TTA ATC AAT AAA GAT GGA AAT CTA AAA TTA GGT GAT TTC GGC CTC GCA CGT GCT TTT GGT GTT CCA --- --- --- --- --- TTG AGA GCT TAC ACT CAT GAA ATC GTC ACT CTG TGG TAC AGA GCG CCA GAA GTA TTA TTA GGT GGG AAG CAG TAC AGT ACA GGT GTT GAT ACA TGG TCT ATT GGG TGT ATA TTC GCC GAG ATG TGT AAT AGG AAA CCG ATT TTC AGC GGT GAT AGC GAG ATC GAT CAA ATC TTC AAG ATA TTT AGG GTT TTG GGG ACA CCA AAC GAA GCC ATA TGG CCA GAC ATT GTC TAC TTG CCC GAT TTT AAA TCG AGC TTT CCC CAG TGG CGC AGG AAA GAT --- --- --- TTA TCA CAA GTG GTG CCA AGT CTA GAT CCA CGT GGT --- --- ATC GAT TTG TTG GAC AAG TTG CTT GCA TAT GAT CCT ATC AAC CGG ATC AGC GCC AGA AGA GCA GCC ATC CAT CCC TAC TTC CAA GAA TCA --- --- --- --- --- --- --- --- --- --- --- --- --- --- --- --- --- --- --- --- --- --- --- --- --- --- --- --- --- --- --- --- --- --- --- --- --- --- --- --- 



Printing out site pattern counts


         6       1038  P

castellii                                   --- --- --- --- --- AAA AAA AAA AAA AAA AAA AAA AAA AAA AAC AAC AAC AAC AAC AAG AAG AAG AAG AAG AAG AAG AAG AAG AAG AAG AAG AAG AAG AAT AAT AAT AAT AAT AAT AAT AAT AAT AAT AAT AAT AAT AAT AAT AAT AAT ACA ACA ACA ACA ACA ACC ACC ACC ACC ACC ACC ACG ACG ACG ACT ACT ACT ACT ACT AGA AGA AGA AGA AGA AGA AGA AGA AGA AGC AGC AGC AGG AGT AGT ATA ATA ATA ATA ATC ATC ATC ATC ATC ATG ATG ATG ATG ATG ATG ATG ATG ATG ATG ATG ATG ATT ATT ATT ATT ATT ATT ATT ATT ATT ATT ATT ATT ATT CAA CAA CAA CAA CAA CAA CAA CAA CAA CAC CAG CAG CAG CAT CAT CAT CAT CAT CAT CAT CAT CCA CCA CCC CCC CCC CCC CCC CCC CCG CCT CCT CCT CCT CCT CCT CCT CGA CGA CGC CGC CGT CGT CGT CTA CTA CTA CTA CTA CTA CTC CTG CTT CTT CTT GAA GAA GAA GAA GAA GAA GAA GAA GAA GAA GAA GAA GAA GAA GAA GAA GAC GAC GAG GAG GAG GAG GAG GAG GAG GAT GAT GAT GAT GAT GAT GAT GAT GAT GAT GAT GAT GCA GCA GCA GCC GCC GCC GCC GCT GCT GCT GCT GGA GGA GGA GGC GGC GGC GGC GGG GGG GGG GGG GGG GGG GGG GGT GGT GGT GGT GGT GTA GTA GTA GTA GTA GTA GTA GTA GTC GTG GTG GTG GTG GTG GTG GTT GTT GTT GTT TAC TAC TAC TAC TAC TAT TAT TAT TAT TAT TAT TAT TAT TAT TCA TCA TCA TCA TCA TCC TCC TCC TCC TCC TCC TCG TCG TCT TCT TCT TCT TCT TCT TGC TGG TGG TGT TGT TGT TTA TTA TTA TTA TTA TTA TTA TTA TTA TTA TTA TTA TTA TTA TTA TTA TTA TTC TTC TTC TTC TTC TTC TTC TTC TTG TTG TTG TTG TTG TTG TTG TTG TTG TTG TTG TTG TTG TTG TTT TTT TTT TTT TTT TTT TTT TTT TTT
mikatae                                     --- --- --- ATT GAT --- --- --- --- AAA AAA CCA GCA GCC --- AAT AGT ATA GAT --- --- --- --- AAA AAC AGA ATC ATT ATT CCA GAC GAC GTT --- --- --- --- --- --- AAC AAC AAC AAG AGA AGA AGT CAG CAT CCA GAT --- --- --- ACA CAA --- --- --- --- GGT GGT --- --- ACA --- --- AAA ACT CGC --- --- --- --- --- CGG CGT CGT GAA --- CAT GGT --- --- CGA --- ATA ATC ATC --- --- --- ATA TTT --- --- --- --- ACA CAA CAA CTA GCG TCA TTG TTT --- --- --- --- --- AGC ATT ATT CTA GTA GTT TTA TTA --- --- --- --- ATG CAG CCT GAT GCG --- --- AGT CAA --- --- --- --- AAA CAC CAT GGT --- CCC --- --- CCA CCC CCC CCT --- --- --- --- --- CAA CCA GCA --- --- --- GTC --- AAA AGA --- --- CTA CTA TTG TTG --- --- --- TTC TTT --- --- --- --- --- --- --- --- --- --- AGA GAA GAA GAG GGT TCA --- --- --- AGA AGA CAA GAA GAT TAT --- --- --- AAT CCA GAC GAT GAT GCC GCT GGT TCA --- --- TTG --- --- --- GCA --- --- GCA GCC --- --- GGA --- --- GAG GGA --- AAG CCT GGG GGT GGT TCC --- --- GGC GGG GGT --- --- --- --- AAG ATA ATT GAT --- --- --- --- --- AAA GTG --- --- --- GTT --- --- --- GAC TAC --- --- --- --- GTA TAC TAC TAT TAT --- --- --- ACA CCA --- --- --- AAG AGT CAG --- --- --- --- AGT CAT CCG TTA --- GAT TGG --- ATT TGT --- --- --- --- --- --- ATG ATT CTA CTA CTA GAT GCG TGG TGT TTA TTA --- --- --- ATG ATT GTG TGT TTC --- --- --- ATG ATT CGT CTT CTT GAA GCC GTA TGC TTC TTG --- --- AAG ATT CTA TTC TTC TTT TTT
kluyveri                                    CTA GAC TTG ATC AAA --- AAG GTT TCG AAA AAG CCT GCA GCC --- AAC AGT ACT GAT --- AAG CAC GAT AAG CAT CGC GTG ATC ATG CCA AAC GAC GTG --- --- AAC AGT CTG GAA AAC AAC AAC AGA CGA CGG TCG CAA CAT CCT GAC --- ACA ACC ACG CAA --- AAA AGG GGG GGC GGC --- GAT ACC --- GAG AAA ACA CAC --- --- AGA CGA CGT AGG AGA CGT GAG --- CAT GGT --- --- CAC TTG ATT ATA CTA --- AGT ATT ATT TTC --- AAG GTG TTG ATC AAA CAA CTA GCA CCC TTG TTT --- AAC ATA ATT GTT ACA ATC ATC TTG GTC GTG TTG TTG --- AAA AAA CAG ATG CAA CCT GAC AAT --- --- AGT CAG --- AGA AGA GAT AAG CAC CAC GGG --- CCT --- CCT CCA CCA CCC CCT --- --- GAC GAG GCA GAG CCA GCA --- CGT --- ATC --- AAA CGT --- TTG TTA TTG CTG TTG TTA --- --- TTC TTC --- --- AAG ATG GAA GAA GAC GAG TAC TCT AGA GAA GAA GAG GGT GCA --- GAT --- AAG CGC CAG GAA GAC TAC --- GAA GAT AAC ACG GAC GAC GAT TCT GCC AGC GCG --- GCT CTA --- GCC GTC GCG --- TTG GCA GCC --- AGA GGG --- GGT GAA GGG GGT AAG CCC GGA GGT GGT TCT --- GGT GGC GGC GGT --- ACG GAG GTT AAG ATC ATC GAA --- CAT CAT GTT GTT AAG GTA --- TAT TTG GTC --- TAC TAT GAA TAC --- TAC TAC TTT GTA TAC TAT TAC TAC --- GAC TTA ACA CCA --- AAT GCA AAG TCC CAA --- GCA --- GCA AGT CAT CCC TTA --- GAT TGG --- ATC TGC --- ATT ATT CTA TAC TTG ATG ATA ATG CTA CTC GAC ACA TGG TGT CTA TTG --- CTT GTT ATG ATT GTA TGT TTC --- TTG TTG ATG ATA CGC CTA CTG GAA GTG GTG TGT TTC TTG --- TTC AAG ATC TTG TTC TTC TTC TTC
cerevisiae                                  TTA GAC TTA ATT GAT --- AAA GTT TCA AAA AAG CCA GCA GCT --- AAT AGT ATA GAT --- AAG CAC GAC AAA AAC AGA ATT ATT ATC CCG GAC GAT GTG --- CCT AAT AGT TTG GAG AAC AAC AAT AAA AGA AGG AGT CAA CAT CCA GAT --- ACA ACA ACA CAA --- AAA AGA GGT GGA GGT --- GAA ACT --- GAA AAA ACA CGC --- GGT AGA AGA AGA CGG CGT CGT GAA --- CAC GGT --- --- CGC CTT ATA ATT ATC --- AGT ATT ATA TTT --- AAG GTT CTT ACA CAA CAA CTG GCC CCA TTG TTT --- AAT ATC ATT GTT AGC ATC ATT CTA GTA GTT TTA TTA --- AAA AAG --- ATG CAG CCT GAT GCT --- --- AGT CAA --- AAA AGA GAC AAG CAC CAT GGT --- CCA --- CCC CCG CCT CCC CCT --- --- GAT --- --- CCA CCG GCT --- AGA --- GTT --- AAG AGA --- TTA CTA CTA TTA TTG CTA --- --- TTT TTC --- GGC AAA ATG GAA GAA GAT GAG --- TCT AGA GAA GAA GAG GGT TCA --- GAC --- AGA AGA CAA GAG GAT TAC --- GAG GAT AAC TCA GAC GAT GAT GCT GCT GGT TCA --- GCA TTG --- GCG GTC GCA --- CTC GCG GCC --- AGA GGA --- GGT GAG GGA GGT AAA CCG GGG GGC GGT TCC --- GGT GGC GGC GGT --- AGC GAG GTC AAG ATT ATT GAC --- CAA CAC GTC GTT AAA GTC --- TAC CTA GTT --- TAC TAT GAC TAT --- TAC TAT TTC GTA TAC TAC TAT TAT --- GAT TTA ACG CCA --- CAA GCC AAG AGT CAG --- GCA --- GCA AGC CAC CCG TTG --- GAT TGG --- ATC TGT --- ATA GTA TTG TAT TTG ATG ATT CTC TTA CTG GAT GCG TGG TGT CTA TTA --- TTA GTT ATG ATT GTC TGT TTC --- CTG TTA ATG ATT CGT CTC CTT GAA GCC GTA TGC TTT TTG --- TTT AAG ATT CTA TTC TTC TTC TTT
paradoxus                                   TTA GAT TTG ATT GAT --- AAA GTT TCA AAA AAG CCA GCA GCT --- AAT AGT ATA GAT --- AAG CAT GAC AAA AAC AGA ATT ATT ATC CCA GAT GAT GTT --- CCA AAT AGT TTG GAG AAC AAT AAC AAA AGA AGG AGT CAG CAT CCA GAT --- ACC ACG ACA CAA --- AAA AGA GGC GGG GGC --- GAA ACT --- GAA AAG ACT CGC --- GGT AGA AGA AGG CGG CGT CGT GAA --- CAC GGT --- --- CGC CTT ATA ATC ATC --- AGT ATT ATA TTT --- AAG GTT CTT ACA CAA CAA CTA GCC TCA TTG TTC --- AAT ATC ATT GTT AGC ATC ATT CTA GTA GTT TTA TTA --- AAA AAG --- ATG CAG CCT GAT GCT --- --- AGT CAA --- AAA AGA GAC AAA CAC CAT GGT --- CCA --- CCT CCG CCC CCC CCT --- --- GAT --- --- CCA CCA GCA --- AGA --- GTC --- AAG AGA --- TTA CTG CTA TTA TTG TTA --- --- TTT TTC --- GGG AAA ATG GAA GAA GAT GAG --- TCT AGA GAA GAA GAG GGT TCA --- GAC --- AGA AGG CAA GAG GAT TAC --- GAG GAT AAT TCA GAC GAT GAT GCT GCT GGC TCG --- GCA TTG --- GCA GTA GCA --- CTC GCG GCC --- AGA GGA --- GGT GAG GGA GGA AAG CCG GGA GGC GGT TCC --- GGT GGT GGG GGT --- AGC GAA GTC AAG ATT ATT GAT --- CAA CAC GTT GTC AAA GTC --- TAC CTA GTT --- TAC TAT GAC TAC --- TAC TAT TTT GTA TAC TAC TAT TAT --- GAT CTA ACG CCA --- CAA GCC AAG AGT CAG --- GCA --- GCA AGC CAT CCG CTG --- GAT TGG --- ATC TGT --- ATC GTG TTG TAC TTA ATG ATC TTG TTG CTA GAT GCA TGG TGT TTA TTA --- TTG GTT ATG ATC GTC TGT TTC --- CTG TTA ATG ATC CGT CTT CTT GAA GCC GTC TGC TTT CTG --- TTT AAG ATT CTA TTC TTT TTC TTT
kudriavzevii                                TTG GAT CTA ATT GAT --- AAA GTT TCG AAA AAA CCA GCA GCT --- AAT AGC ATA GAT --- AAG CAC GAC AAA AAC AGG ATA ATC ATC CCA GAC GAT GTG --- CCA AAC AGT TTG GAG AAC AAT AAC AAA AGA AGG AGT CAG CAT CCA GAC --- ACC ACA ACA CAA --- AAA AGG GGT GGG GGT --- GAA ACT --- GAA AAG ACT CGC --- GGT AGA AGG AGA CGG CGT CGT GAA --- CAT GGT --- --- CGT CTT ATA ATT ATT --- AGT ATC ATA TTT --- AAG GTT CTT ACA CAG CAA TTA GCC TCG TTG TTT --- AAC ATC ATT GTT AGC ATC ATC TTA GTT GTC TTA TTG --- AAA AAA --- ATG CAA CCT GAT GCT --- --- AGC CAA --- AAA AGA GAT AAG CAC CAT GGT --- CCA --- CCT CCA CCC CCC CCC --- --- GAC --- --- CCA CCA GCG --- AGG --- GTC --- AAG AGA --- TTA CTA CTG CTA TTA TTG --- --- TTT TTC --- GGA AAA ATG GAA GAG GAT GAA --- TCT AGA GAA GAG GAG GGT TCA --- GAC --- AGA AGG CAA GAA GAT TAC --- GAA GAT AAT TCA GAT GAT GAT GCC GCT GGT TCG --- GCA TTG --- GCA GTA GCA --- CTC GCA GCC --- AGA GGG --- GGT GAG GGT GGT AAG CCT GGA GGC GGT TCT --- GGT GGT GGG GGT --- AGC GAG GTT AAG ATC ATT GAT --- CAA CAT GTT GTA AAA GTT --- TAT CTG GTT --- TAC TAT GAT TAC --- TAT TAT TTT GTG TAC TAC TAC TAT --- GAT TTA ACA CCG --- CAA GCC AAG AGT CAA --- GCA --- GCG AGC CAT TCG TTG --- GAT TGG --- ATT TGT --- ATT GTG TTG TAT TTG ATG ATC TTG TTA CTA GAT GCA TGG TGT CTA CTC --- CTG GTT ATG ATC GTC TGT TTT --- TTG TTG ATG ATC CGT CTT CTT GAA GCC GTA TGT TTC TTG --- TTT AAA ATT TTA TTC TTC TTT TTC



    1    1    1    1    1    6    2    1    1    1    1    1    1    1   10
    1    1    1    1   14    1    1    1    2    1    1    1    1    1    1
    1    1    1   27    1    1    1    1    1    1    1    1    1    1    1
    1    1    1    1    1    4    1    1    1    1    1    1    1    1    1
    1    1    1    1    3    1    1    1    1    7    1    1    1    1    1
    1    1    1    2    1    1    3    2    1    1    1    1    1    1    1
    1    1    1    3    1    1    1    1    1    1    1    1    1    2    1
    3    1    2    1    1    1    1    1    1    1    1    1    1    6    1
    1    1    1    1    1    1    1    1    1    1    1    9    1    1    1
    1    1    1    1    8    1    5    1    1    1    1    1    2    6    1
    1    1    1    1    1    4    1    1    1    5    1    1    5    1    1
    1    1    1    1    1    1    1    1    6    1    1    1    2    1    1
    1    1    1    1    1    1    1    1    1    2    1    4    1    1    1
    1    1    1    9    1    1    1    1    1    1    2    1    1    1    1
    5    1    1    2    1    1    1    2    1    1    1    2    1    1    3
    1    1    1    1    1    1    1    1    1    1    5    2    1    1    1
    2    1    1    1    1    1    1    1    5    1    1    1    1    1    1
    1    1    1    1    3    1    1    1    1    3    1    1    1    1    2
    1    1    1    6    1    1    1    1    2    1    1    1    1    1    2
    1    6    1    1    1    1    1    1    1    3    1    1    1    4    1
    1    1    1    1    1    1    1    1    1    1    1    1    1    1    1
    1    1    1    1    1    1    1    1    1    1    1    1    1    1    1
    1    1    1    1    1    1    1    3    1    1    1    1    1    1    1
    1

CODONML (in paml version 4.4b, July 2010)  torun.nuc
Model: One dN/dS ratio for branches Global clock 
Codon frequency model: F3x4
ns =   6  ls = 525

Codon usage in sequences
--------------------------------------------------------------------------------------------------------------
Phe TTT 11  5  2  6  7  7 | Ser TCT 11  0  3  1  1  2 | Tyr TAT 12  3  3  6  4  6 | Cys TGT  3  3  3  3  3  4
    TTC  8  5 10  6  5  5 |     TCC  7  1  1  1  1  0 |     TAC  7  4 11  7  9  7 |     TGC  1  1  1  1  1  0
Leu TTA 20  5  4 11 10  8 |     TCA 10  3  0  4  4  2 | *** TAA  0  0  0  0  0  0 | *** TGA  0  0  0  0  0  0
    TTG 14  6 19  9 10 14 |     TCG  3  0  2  0  1  4 |     TAG  0  0  0  0  0  0 | Trp TGG  4  4  4  4  4  4
--------------------------------------------------------------------------------------------------------------
Leu CTT  3  2  1  3  4  4 | Pro CCT 12  3  6  4  3  3 | His CAT 16  4  6  2  4  5 | Arg CGT  7  3  4  3  3  4
    CTC  1  0  1  3  1  2 |     CCC 10  3  4  2  2  3 |     CAC  1  1  5  5  3  2 |     CGC  2  1  3  2  2  1
    CTA 10  8  8  7  7  5 |     CCA  9  7  5  6  8  8 | Gln CAA 14  6  5  8  7  8 |     CGA  5  1  2  0  0  0
    CTG  1  0  3  3  4  3 |     CCG  2  1  0  5  3  1 |     CAG  3  3  3  2  3  2 |     CGG  0  1  1  1  1  1
--------------------------------------------------------------------------------------------------------------
Ile ATT 16 11  7 13  9  8 | Thr ACT  7  1  1  1  2  2 | Asn AAT 43  2  2  4  5  3 | Ser AGT  3  5  5  6  6  4
    ATC  5  3 10  6 11 11 |     ACC  6  0  2  0  1  1 |     AAC 14  4  8  4  3  5 |     AGC  4  1  1  3  3  5
    ATA  4  4  5  4  3  4 |     ACA  8  4  5  5  2  4 | Lys AAA 15  8  8 13 12 14 | Arg AGA 15  7  7 13 11  8
Met ATG 15  4  7  5  5  5 |     ACG  3  0  3  1  2  0 |     AAG 28  5 15  9 10  8 |     AGG  3  0  2  1  3  6
--------------------------------------------------------------------------------------------------------------
Val GTT  4  3  6  8  8  9 | Ala GCT  5  1  1  5  4  3 | Asp GAT 21 11  9 15 18 18 | Gly GGT 10  9  9 13 10 15
    GTC  5  1  3  5  6  3 |     GCC  5  4  4  4  4  5 |     GAC  3  4 11  8  5  5 |     GGC  6  1  4  4  4  1
    GTA  9  3  3  4  3  3 |     GCA  7  4  9  5  8  7 | Glu GAA 22  5 12  9 10 10 |     GGA  4  2  1  3  4  2
    GTG  6  2  6  1  1  3 |     GCG  0  3  2  3  1  2 |     GAG 10  2  7  7  6  6 |     GGG  7  2  4  1  3  3
--------------------------------------------------------------------------------------------------------------

Codon position x base (3x4) table for each sequence.

#1: castellii      
position  1:    T:0.21346    C:0.18462    A:0.36346    G:0.23846
position  2:    T:0.25385    C:0.20192    A:0.40192    G:0.14231
position  3:    T:0.35385    C:0.16346    A:0.29231    G:0.19038
Average         T:0.27372    C:0.18333    A:0.35256    G:0.19038

#2: mikatae        
position  1:    T:0.20000    C:0.22000    A:0.29500    G:0.28500
position  2:    T:0.31000    C:0.17500    A:0.31000    G:0.20500
position  3:    T:0.33000    C:0.17000    A:0.33500    G:0.16500
Average         T:0.28000    C:0.18833    A:0.31333    G:0.21833

#3: kluyveri       
position  1:    T:0.21070    C:0.19064    A:0.29431    G:0.30435
position  2:    T:0.31773    C:0.16054    A:0.35117    G:0.17057
position  3:    T:0.22742    C:0.26421    A:0.24749    G:0.26087
Average         T:0.25195    C:0.20513    A:0.29766    G:0.24526

#4: cerevisiae     
position  1:    T:0.19799    C:0.18792    A:0.29530    G:0.31879
position  2:    T:0.31544    C:0.15772    A:0.33221    G:0.19463
position  3:    T:0.31208    C:0.20470    A:0.30872    G:0.17450
Average         T:0.27517    C:0.18345    A:0.31208    G:0.22931

#5: paradoxus      
position  1:    T:0.20134    C:0.18456    A:0.29530    G:0.31879
position  2:    T:0.31544    C:0.15772    A:0.33221    G:0.19463
position  3:    T:0.30537    C:0.20470    A:0.29866    G:0.19128
Average         T:0.27405    C:0.18233    A:0.30872    G:0.23490

#6: kudriavzevii   
position  1:    T:0.21141    C:0.17450    A:0.29530    G:0.31879
position  2:    T:0.31544    C:0.15772    A:0.33221    G:0.19463
position  3:    T:0.32550    C:0.18792    A:0.27852    G:0.20805
Average         T:0.28412    C:0.17338    A:0.30201    G:0.24049

Sums of codon usage counts
------------------------------------------------------------------------------
Phe F TTT      38 | Ser S TCT      18 | Tyr Y TAT      34 | Cys C TGT      19
      TTC      39 |       TCC      11 |       TAC      45 |       TGC       5
Leu L TTA      58 |       TCA      23 | *** * TAA       0 | *** * TGA       0
      TTG      72 |       TCG      10 |       TAG       0 | Trp W TGG      24
------------------------------------------------------------------------------
Leu L CTT      17 | Pro P CCT      31 | His H CAT      37 | Arg R CGT      24
      CTC       8 |       CCC      24 |       CAC      17 |       CGC      11
      CTA      45 |       CCA      43 | Gln Q CAA      48 |       CGA       8
      CTG      14 |       CCG      12 |       CAG      16 |       CGG       5
------------------------------------------------------------------------------
Ile I ATT      64 | Thr T ACT      14 | Asn N AAT      59 | Ser S AGT      29
      ATC      46 |       ACC      10 |       AAC      38 |       AGC      17
      ATA      24 |       ACA      28 | Lys K AAA      70 | Arg R AGA      61
Met M ATG      41 |       ACG       9 |       AAG      75 |       AGG      15
------------------------------------------------------------------------------
Val V GTT      38 | Ala A GCT      19 | Asp D GAT      92 | Gly G GGT      66
      GTC      23 |       GCC      26 |       GAC      36 |       GGC      20
      GTA      25 |       GCA      40 | Glu E GAA      68 |       GGA      16
      GTG      19 |       GCG      11 |       GAG      38 |       GGG      20
------------------------------------------------------------------------------

(Ambiguity data are not used in the counts.)


Codon position x base (3x4) table, overall

position  1:    T:0.20700    C:0.18819    A:0.31364    G:0.29117
position  2:    T:0.29848    C:0.17198    A:0.35180    G:0.17773
position  3:    T:0.31312    C:0.19655    A:0.29117    G:0.19916
Average         T:0.27287    C:0.18557    A:0.31887    G:0.22269

Codon frequencies under model, for use in evolver (TTT TTC TTA TTG ... GGG):
  0.02028880  0.01273554  0.01886621  0.01290490
  0.01169004  0.00733799  0.01087037  0.00743557
  0.02391307  0.01501054  0.00000000  0.00000000
  0.01208090  0.00758333  0.00000000  0.00768418
  0.01844436  0.01157776  0.01715110  0.01173172
  0.01062731  0.00667090  0.00988216  0.00675961
  0.02173915  0.01364595  0.02021487  0.01382741
  0.01098263  0.00689394  0.01021256  0.00698561
  0.03074060  0.01929627  0.02858517  0.01955287
  0.01771219  0.01111817  0.01647026  0.01126602
  0.03623192  0.02274324  0.03369145  0.02304568
  0.01830439  0.01148990  0.01702094  0.01164269
  0.02853753  0.01791337  0.02653657  0.01815158
  0.01644281  0.01032137  0.01528989  0.01045862
  0.03363530  0.02111331  0.03127690  0.02139407
  0.01699257  0.01066646  0.01580111  0.01080830



Nei & Gojobori 1986. dN/dS (dN, dS)
(Pairwise deletion)
(Note: This matrix is not used in later ML. analysis.
Use runmode = -2 for ML pairwise comparison.)

castellii           
mikatae             -1.0000 (0.6638 -1.0000)
kluyveri            -1.0000 (0.6376 -1.0000)-1.0000 (0.0936 -1.0000)
cerevisiae          -1.0000 (0.6179 -1.0000) 0.0102 (0.0065 0.6370)-1.0000 (0.0822 -1.0000)
paradoxus           -1.0000 (0.6281 -1.0000) 0.0068 (0.0043 0.6357)-1.0000 (0.0839 -1.0000) 0.0066 (0.0029 0.4387)
kudriavzevii         0.1065 (0.6181 5.8062) 0.0080 (0.0086 1.0822)-1.0000 (0.0853 -1.0000) 0.0050 (0.0058 1.1502) 0.0033 (0.0029 0.8642)


TREE #  1:  (((((4, 5), 2), 6), 1), 3);   MP score: -1
check convergence..
lnL(ntime:  5  np:  7):  -4458.465617      +0.000000
   7..8     8..9     9..10   10..11   11..4    11..5    10..2     9..6     8..1     7..3  
 25.351747 25.351721 0.307836 0.221259 0.153335 1.958734 0.005336
SEs for parameters:
 13.580343 12.950188 0.032976 0.028917 0.020708 0.234417 0.002717

tree length =  76.73764

(((((4: 0.153335, 5: 0.153335): 0.067924, 2: 0.221259): 0.086577, 6: 0.307836): 25.043885, 1: 25.351721): 0.000025, 3: 25.351747);

(((((cerevisiae: 0.153335, paradoxus: 0.153335): 0.067924, mikatae: 0.221259): 0.086577, kudriavzevii: 0.307836): 25.043885, castellii: 25.351721): 0.000025, kluyveri: 25.351747);

Detailed output identifying parameters

kappa (ts/tv) =  1.95873

omega (dN/dS) =  0.00534

dN & dS for each branch

 branch          t       N       S   dN/dS      dN      dS  N*dN  S*dS

   7..8      0.000  1192.4   382.6  0.0053  0.0000  0.0000   0.0   0.0
   8..9     25.044  1192.4   382.6  0.0053  0.1804 33.8025 215.1 12933.0
   9..10     0.087  1192.4   382.6  0.0053  0.0006  0.1169   0.7  44.7
  10..11     0.068  1192.4   382.6  0.0053  0.0005  0.0917   0.6  35.1
  11..4      0.153  1192.4   382.6  0.0053  0.0011  0.2070   1.3  79.2
  11..5      0.153  1192.4   382.6  0.0053  0.0011  0.2070   1.3  79.2
  10..2      0.221  1192.4   382.6  0.0053  0.0016  0.2986   1.9 114.3
   9..6      0.308  1192.4   382.6  0.0053  0.0022  0.4155   2.6 159.0
   8..1     25.352  1192.4   382.6  0.0053  0.1826 34.2180 217.7 13091.9
   7..3     25.352  1192.4   382.6  0.0053  0.1826 34.2180 217.7 13091.9

tree length for dN:       0.5527
tree length for dS:     103.5751


Time used:  0:19
