
seed used = 1418845521
      6   1518

castellii                                  --- --- --- ATG ACT ACT CAA ATG GTG CCC ATT GAT TTA AAG AAA TAT AAG GAT GAA CAT TCA --- --- --- --- --- GGA AAC ATC ATC GTA GTG TCT AAC AGA TTG CCT GTC ACG ATC ACG AAG AAC AAA ACC ACA GGA GAC TAT GAG TAT TCC ATG TCA TCA GGT GGG TTG GTT ACT GCA TTA CAA GGG TTG AAG AAG ACC TCG ACT TTC CAA TGG TAT GGT TGG CCA GGT TTG GAG ATT CCT GAT GAC GAA AAG GAA CAA GTG AAG AAG GAC CTT TTA GAA AAG TTC AAT GCA ATT CCA ATT TTC CTC ACT GAT GAA ATT GCA GAT TTA CAT TAC AAT GGG TTC AGT AAC TCT ATT CTG TGG CCA TTG TTC CAT TAC CAC CCT GGT GAA ATT AAT TTC GAT GAA AAT GCA TGG ATG GCA TAT AAC GAG GCA AAT AAG ACG TTT GCT GAT GCC ATT GTT GAA AAT GTT CAG GAT AAT GAT TTA GTG TGG GTT CAT GAT TAT CAT TTA ATG TTG TTA CCT GAA ATT TTA AGG AAC GAA TTC AAT AAA CGT AAG TTG AGA AAT GTG AAG TTA GGT TGG TTC TTA CAT ACT CCG TTC CCA TCA AGT GAA ATT TAC AGA ATT CTG CCG GTA AGA CAG GAA ATA TTA AAG GGT GTG TTG AGT TGT AAC CTA ATT GGG TTT CAT ACA TAT GAC TAT GCC AGA CAT TTT TTG TCC TCT GTG CAG AGA GTA TTA AAT GTA AAC ACA TTG CCT AAT GGT GTG GAA TAT AAA GGA ACT TTT GTT AAT GTG GGA GCA TTC CCT ATT GGG ATT GAT GTA GAT CAT TTT AAG GAT GGT CTC AAA AAA CCA CAG GTG ATA CAA AGA ATT GAA GAA TTG AAA AAG ACT TTC AAA GGT TTA AAG ATT ATT GTT GGT GTT GAT AGG CTA GAT TAT ATT AAA GGT GTT CCG CAA AAG CTG CAC GCC ATG GAA GTA TTT TTA ACA GAA CAT CCA GAA TGG ATT GGA AAA GTG GTT CTA GTT CAA GTT GCA GTT CCA AGT CGT GGG GAT GTT GAA GAA TAT CAG TAT CTA AGA TCT GTT GTT AAT GAA TTA GTT GGA AGA ATT AAT GGT CAA TTC GGT ACA GTA GAA TTT GTT CCA ATT CAT TTC ATG CAT AAG AGT ATC CCA TTT GAA GAA CTT ATT TCT CTT TAT GCA GCA AGT GAC GTT TGC TTG GTG TCT TCA ACA AGA GAT GGG ATG AAT TTG GTT TCA TAT GAG TAT ATT GCC TGT CAA GAA GAG AAA AAG GGT ACT TTG TTA CTG AGT GAG TTT ACT GGT GCC GCA CAA TCA TTG AAC GGT GCC GTC ATT TTT AAT CCA TGG AAT ACT GAT GAA CTG TCA GAA GCA ATT AAC GAA GCC TTA ACG TTG CCT GAG GAA AAA AGA GAT GCA AAT TGG GAA AAA TTG AAC AAA TAT ATC AGT AAA TAT ACG TCT TCC TTC TGG GGT GAG AAT TTT GTT CAT GAA CTT AGA AAC ACT ACT TTT TCA ACG AGC CAA GAA --- --- --- --- --- 
bayanus                                    --- --- --- ATG ACT ACG GAC AAC GCC AAA GCG CAG CTG ACT TCG TCC TCA GGG --- --- --- --- --- --- --- --- GGC AAT ATC ATT GTG GTT TCT AAT AGA CTG CCC GTG ACC ATC AGC AAG AAC AGC AGC ACG GGC CAG TAC GAG TAC GCG ATG TCG TCC GGA GGG CTG GTG ACG GCG CTG GAG GGG CTG AAG AAG ACA TAT ACT TTT AAG TGG TTC GGA TGG CCC GGG CTG GAG ATC CCG GAC GAC GAG AAG GAG CAG GTG AAG AAG GAT TTG CTG GAG AAG TTC AAC GCG GTG CCC ATT TTC CTG ACC GAC GAG ATC GCG GAC TTG CAC TAC AAC GGG TTC AGC AAC TCG ATC TTG TGG CCG TTG TTC CAT TAC CAC CCG GGC GAG ATC AAT TTC GAC GAG AAT GCG TGG TTG GCG TAC AAC GAG GCC AAC CAG ACG TTC ACC AAC GAG ATT GCC AAG ATC ATG AAC CAC AAC GAC TTG ATC TGG GTG CAC GAC TAC CAT TTG ATG CTG GTC CCG GAG ATG CTG AGG GTC AAG ATC CAG GAA AAG CAC CTG CAG AAC GTC AAG GTC GGG TGG TTC CTG CAC ACG CCG TTC CCA TCC AGT GAA ATC TAC AGA ATC CTG CCC GTC AGG CAA GAG ATC CTG AAG GGG GTC TTG AGT TGT GAC CTG GTC GGG TTC CAC ACC TAC GAC TAC GCA AGA CAT TTC CTC TCC TCC GTG CAG AGG GTT CTC AAC GTG AAC ACG TTG CCC AAC GGG GTA GAG TAC CAG GGC CGG TTC GTT AAC GTG GGG GCC TTC CCC ATC GGT ATC GAC GTG GAC AAG TTC ACC GAC GGG TTG AAG AAG GAC TCC GTC CAA AAG AGA ATC CAG CAA CTG AAG GAG ACC TTC AAG GGC TGC AAG ATC ATA GTC GGT GTC GAC AGA CTG GAT TAC ATC AAG GGT GTC CCT CAA AAG CTG CAC GCC ATG GAG GTG TTT TTG AGC GAG CAT CCG GAG TGG AGG GGC AAG GTT GTC CTC GTG CAG GTC GCA GTG CCC AGT CGT GGG GAC GTG GAA GAG TAC CAG TAC CTG AGG TCT GTG GTC AAC GAG TTG GTC GGC AGA ATC AAC GGC CAG TTC GGT ACC GTG GAG TTC GTC CCC ATC CAT TTC ATG CAC AAG TCC ATC CCC TTC GAA GAG CTG ATC TCC CTG TAC GCC GTA AGT GAC GTT TGT TTG GTC TCC TCC ACC CGT GAC GGT ATG AAC TTG GTC TCC TAC GAA TAC ATC GCG TGT CAA GAA GAG AAA AAG GGC TCT TTG ATT CTG AGT GAA TTC ACC GGT GCC GCA CAA TCC CTG AAC GGC GCC ATC ATC GTC AAC CCT TGG AAC ACC GAC GAC CTG TCA GAT GCC ATC AAC GAA GCT TTG ACT TTG CCC GAC GTA AAG AAG GAA GTC AAC TGG GAA AAG CTA TAC AAA TAC ATC TCC AAG TAC ACT TCT GCG TTC TGG GGT GAG AAT TTC GTA CAC GAA CTA TAC ACC ACG TCA TCA AGC TCA ACA AGC TCT TCC GCT ATC AAA AAT 
mikatae                                    --- --- --- ATG ACT ACA GAT AAC GCT AAG ACG CAA TTA ACC TCG TCT TCT GGG --- --- --- --- --- --- --- --- GGT AAC ATC ATT GTG GTG TCT AAC AGA CTG CCC GTG ACG ATC ACT AAG AAC AAC AGT ACG GGC CAA TAC GAG TAC GCA ATG TCG TCC GGG GGG TTG GTA ACA GCG CTG GAA GGG TTG AAG AAA ACG TAC ACG TTT AAG TGG TTC GGG TGG CCC GGA CTA GAG ATC CCT GAT GAT GAG AAG GAT CAG GTG AGG AAG GAC CTG CTG GAG AAG TTT AAT GCC GTA CCC ATC TTT TTG AGC GAT GAA ATT GCA GAC TTA CAC TAT AAT GGG TTC AGT AAC TCT ATT CTA TGG CCG CTA TTC CAT TAC CAT CCC GGT GAG ATC AAC TTT GAC GAG AAT GCG TGG TTG GCC TAC AAC GAG GCC AAC CAG ACG TTT ACC AAC GAG ATA GCT AAG ACT ATG AAT GAT AAC GAC TTG ATC TGG GTA CAT GAT TAC CAT TTG ATG TTG GTG CCA GAA ATG TTG AGA GTT AAG ATT CAA GAG AAG CAG CTG CAA AAC GTC AAG GTG GGG TGG TTC CTG CAT ACG CCT TTC CCT TCA AGT GAG ATT TAC AGG ATC TTG CCT GTC AGG CAG GAG ATC CTG AAA GGT GTT TTG AGT TGT GAC TTG GTC GGG TTC CAT ACA TAC GAC TAT GCG AGA CAT TTT CTG TCT TCC GTG CAA AGA GTG CTT AAC GTG AAT ACA TTG CCC AAT GGA GTC GAA TAT CAG GGC AGG TTT GTT AAC GTA GGG GCG TTC CCG ATC GGT ATC GAC GTG GAC AAG TTC ACC GAT GGT TTG AAA AAG GAA TCT GTT CAA AAG AGA ATC CAG CAA TTA AAG GAG ACA TTC AAA GGC TGC AAG ATT ATA GTT GGT GTC GAC AGA CTG GAT TAT ATC AAA GGT GTG CCT CAA AAG CTG CAT GCT ATG GAG GTG TTC CTG AGC GAG CAT CCA GAA TGG AGG GGC AAA GTC GTG CTT GTA CAG GTA GCA GTG CCA AGC CGT GGA GAT GTG GAA GAG TAC CAA TAC TTG AGG TCT GTA GTC AAC GAG TTG GTC GGG AGA ATT AAC GGT CAG TTT GGT ACT GTC GAA TTC GTT CCT ATC CAT TTC ATG CAC AAG TCC ATC CCA TTT GAA GAG CTT ATC TCC CTA TAC GCT GTA AGT GAT GTC TGT TTG GTT TCC TCC ACT CGT GAC GGT ATG AAC TTG GTT TCC TAC GAA TAC ATT GCT TGC CAA GAA GAA AAG AAG GGC TCT TTG ATC CTG AGT GAG TTC ACA GGT GCT GCA CAG TCT CTG AAC GGT GCT ATC ATT GTA AAT CCT TGG AAC ACT GAC GAC CTT TCT GAT GCC ATC AAC GAA GCT TTG ACC TTG CCT GAT GTG AAG AAA GAA GTT AAT TGG GAA AAA CTG TAC AAG TAC ATC TCC AAA TAT ACT TCT GCT TTC TGG GGT GAA AAT TTT GTT CAC GAA CTA TAC AGC ACA TCA TCA AGC TCA ACA AGC TCT TCT GCT ACT AAG AAC 
kluyveri                                   ATG CCC AAT ACT ATC GCC CAA AAC TTG AAA GAG TCA CTA CAC CTT TCG ACA GAT AAG TCC TCT GCC GAG AAA GCA CCA GGT AAC GTT GTT GTC GTT TCG AAT AGA CTA CCC GTC ACT ATC AAG AAG AAC AGT GCC ACC GGT GAA TAT GAA TAT TCT ATG TCT TCT GGT GGT TTG GTC ACC GCT TTG CAA GGT TTA AAG AAG TCC ACA ACC TTT CAA TGG TAT GGT TGG CCT GGG CTG GAA ATT CCT GAT GAA GAA AAA CCT CAG GTA AAG AAG GAC TTG TTA GAT AAG TTT AAC GCC ATT CCT ATC TTT TTA AGT GAC GAA ATT GCC GAT TTA CAT TAT AAC GGG TTC AGT AAC TCC ATT TTA TGG CCA TTG TTT CAT TAC CAC CCA GGT GAA ATC AAT TTC GAT GAA AAT GCG TGG TTG GCT TAC AAC GAG GCA AAT ATC GCA TTT GCT CGA GAA ATC GAG AAA AAT ATG TCA TCC AAC GAC GTT GTC TGG GTC CAC GAC TAT CAT TTG ATG TTA CTA CCT GAG TTA CTA AGA CAA AAT ATC AAT GAA AGA AAG CTG GAA AAC GTG AAA CTA GGT TGG TTT CTC CAT ACA CCA TTT CCT TCA AGT GAA ATT TAT AGG ATT TTG CCC GTT AGG CAA GAA ATC TTG AAA GGT GTT TTG AGT TGT GAT TTG GTG GGA TTT CAT ACA TAC GAT TAC GCC AGG CAT TTC TTG AGT GCG GTC CAG AGG ATT CTG AAT GTG AAT ACA TTA CCA AAC GGT GTT GAG TTC CAG GGT AGA TTT GTT AAC GTT GGG GCC TTC CCT ATA GGT ATC GAT GTA GAT ACT TTT ACC GAA GGT TTG AAA CAA GAT TCT GTG ATA CAG CGT ATT AAG CAA TTG AAG GAA ACT TTC AAA GAT GTG AAA ATC ATC GTC GGT GTG GAT AGA TTA GAT TAT ATC AAG GGT GTT CCA CAA AAA TTG CAT GCA ATG GAA ATA TTC CTG AAT GAA CAT CCA GAA TGG ATC GGT AAG GTG GTC CTG GTT CAA GTT GCA GTT CCA AGT CGT GGT GAT GTG GAA GAA TAC CAG TAT CTG AGG TCC GTC GTC AAT GAA TTG GTT GGG AGA ATC AAT GGT CAG TTC GGT ACA GTA GAA TTC GTT CCA ATC CAT TTC ATG CAC AGA AGT ATC CCC TTC CAG GAG TTG ATT TCT TTG TAT GCG GTC AGT GAT GTT TGC TTA GTT TCT TCG ACC CGT GAT GGT ATG AAT TTG GTA TCT TAT GAA TAC ATT GCC TGT CAA CAG GAA AAG AAA GGT TCA TTG ATT CTA AGT GAA TTT ACC GGT GCT GCC CAA TCT TTG AAC GGT GCC TTG ATT GTC AAC CCG TGG AAC ACT GAT GAA CTA GCA GAA GCT ATT CAT GAG TCT TTA ACC TTA CCA ACT GAA AAG AAG GAT GCT CAT TGG GAA AAA CTA TAC AAG TAT ATC TCC AAG TAC ACG TCA GCT TTT TGG GGT GAG AAC TTT GTC CAC GAA TTA TAT AAA CTG GGA CCC AAC GGT AGT CCA AGT GGA CAT GCT AAG --- 
cerevisiae                                 --- --- --- ATG ACT ACG GAT AAC GCT AAG GCG CAA CTG ACC TCG TCT TCA GGG --- --- --- --- --- --- --- --- GGT AAC ATT ATT GTG GTG TCC AAC AGG CTT CCC GTG ACA ATC ACT AAA AAC AGC AGT ACG GGA CAG TAC GAG TAC GCA ATG TCG TCC GGA GGG CTG GTC ACG GCG TTG GAA GGG TTG AAG AAG ACG TAC ACT TTC AAG TGG TTC GGA TGG CCT GGG CTA GAG ATT CCT GAC GAT GAG AAG GAT CAG GTG AGG AAG GAC TTG CTG GAA AAG TTT AAT GCC GTA CCC ATC TTC CTG AGC GAT GAA ATC GCA GAC TTA CAC TAC AAC GGG TTC AGT AAT TCT ATT CTA TGG CCG TTA TTC CAT TAC CAT CCT GGT GAG ATC AAT TTC GAC GAG AAT GCG TGG TTG GCA TAC AAC GAG GCA AAC CAG ACG TTC ACC AAC GAG ATT GCT AAG ACT ATG AAC CAT AAC GAT TTA ATC TGG GTG CAT GAT TAC CAT TTG ATG TTG GTT CCG GAA ATG TTG AGA GTC AAG ATT CAC GAG AAG CAA CTG CAA AAC GTT AAG GTC GGG TGG TTC CTG CAC ACA CCA TTC CCT TCG AGT GAA ATT TAC AGA ATC TTA CCT GTC AGA CAA GAG ATT TTG AAG GGT GTT TTG AGT TGT GAT TTA GTC GGG TTC CAC ACA TAC GAT TAT GCA AGA CAT TTC TTG TCT TCC GTG CAA AGA GTG CTT AAC GTG AAC ACA TTG CCT AAT GGG GTG GAA TAC CAG GGC AGA TTC GTT AAC GTA GGG GCC TTC CCT ATC GGT ATC GAC GTG GAC AAG TTC ACC GAT GGG TTG AAA AAG GAA TCC GTA CAA AAG AGA ATC CAA CAA TTG AAG GAA ACT TTC AAG GGC TGC AAG ATC ATA GTT GGT GTC GAC AGG CTG GAT TAC ATC AAA GGT GTG CCT CAG AAG TTG CAC GCC ATG GAA GTG TTT CTG AAC GAG CAT CCA GAA TGG AGG GGC AAG GTT GTT CTG GTA CAG GTT GCA GTG CCA AGT CGT GGA GAT GTG GAA GAG TAC CAA TAT TTA AGA TCT GTG GTC AAT GAG TTG GTC GGT AGA ATC AAC GGT CAG TTC GGT ACT GTG GAA TTC GTC CCC ATC CAT TTC ATG CAC AAG TCT ATA CCA TTT GAA GAG CTG ATT TCG TTA TAT GCT GTG AGC GAT GTT TGT TTG GTC TCG TCC ACC CGT GAT GGT ATG AAC TTG GTT TCC TAC GAA TAT ATT GCT TGC CAA GAA GAA AAG AAA GGT TCC TTA ATC CTG AGT GAG TTC ACA GGT GCC GCA CAA TCC TTG AAT GGT GCT ATT ATT GTA AAT CCT TGG AAC ACC GAT GAT CTT TCT GAT GCC ATC AAC GAG GCC TTG ACT TTG CCC GAT GTA AAG AAA GAA GTT AAC TGG GAA AAA CTT TAC AAA TAC ATC TCT AAA TAC ACT TCT GCC TTC TGG GGT GAA AAT TTC GTC CAT GAA TTA TAC AGT ACA TCA TCA AGC TCA ACA AGC TCC TCT GCC ACC AAA AAC 
paradoxus                                  --- --- --- ATG ACT ACG GAT AAC GCT AAG GCG CAA CTG ACC TCG TCT TCA GGG --- --- --- --- --- --- --- --- GGT AAC ATT ATT GTG GTG TCC AAC AGA CTT CCC GTG ACA ATT ACT AAG AAC AGC AGT ACG GGT CAG TAC GAG TAT GCA ATG TCG TCC GGG GGG CTG GTT ACA GCG TTG GAA GGG TTG AAG AAG ACT TAC ACA TTT AAG TGG TTC GGA TGG CCC GGG CTG GAG ATT CCT GAC GAT GAG AAG GAT CAG GTG AGG AAG GAC TTG CTG GAG AAG TTT AAT GCG GTA CCC ATC TTC TTG AGC GAC GAA ATC GCG GAC TTA CAC TAC AAC GGG TTC AGT AAC TCT ATC CTA TGG CCG CTA TTC CAC TAC CAT CCT GGT GAG ATC AAT TTT GAC GAG AAT GCA TGG TTG GCG TAC AAC GAG GCT AAC CAG ACG TTC ACC AAC GAG ATT GCT AAG ACT ATG AAC CAT AAT GAT TTG ATT TGG GTG CAT GAC TAC CAT TTG ATG TTG GTC CCA GAA ATG TTG AGA ATC AAG ATT CAT GAG AGG CAA CTG CAA AAC GTT AAG GTC GGG TGG TTC CTG CAT ACG CCA TTC CCT TCA AGT GAA ATT TAC AGA ATC TTA CCT GTC AGA CAA GAG ATT TTG AAA GGT GTC TTG AGT TGT GAT TTG GTC GGG TTC CAT ACA TAC GAT TAC GCA AGA CAT TTC CTG TCC TCT GTA CAA AGA GTG CTT AAT GTG AAT ACA TTA CCC AAT GGG GTG GAA TAC CAG GGC AGG TTT GTT AAT GTG GGG GCC TTC CCT ATC GGT ATC GAC GTG GAC AAG TTC ACC GAT GGG TTG AAA AAG GAA TCC GTG CAG AAG AGA ATC CAG CAA CTA AAA GAA ACT TTT AAA GGC TGT AAG ATC ATA GTT GGT GTC GAC AGA CTG GAT TAT ATC AAA GGT GTG CCT CAG AAG TTG CAC GCC ATG GAA GTG TTC CTG AAC GAA CAT CCA GAA TGG AGA GGC AAG GTT GTT CTT GTA CAG GTC GCA GTG CCA AGT CGT GGA GAC GTG GAA GAG TAC CAA TAT TTA AGG TCT GTG GTC AAT GAG TTA GTC GGC AGA ATA AAC GGT CAG TTT GGT ACC GTG GAA TTT GTC CCC ATC CAT TTC ATG CAC AAG TCC ATA CCA TTT GAA GAG CTG ATT TCC CTA TAC GCT GTG AGC GAT GTC TGT TTG GTT TCG TCC ACT CGT GAT GGT ATG AAC TTG GTT TCC TAC GAA TAC ATT GCT TGC CAA GAA GAA AAG AAG GGT TCT TTG ATC CTG AGT GAA TTC ACA GGT GCC GCA CAA TCT TTG AAC GGT GCT ATC ATT GTA AAT CCC TGG AAC ACT GAC GAT CTG TCC GAT GCC ATC AAC GAA GCT TTG ACT TTG CCC GAT GTA AAG AAA GAA GTT AAC TGG GAA AAA CTT TAC AAA TAC ATT TCT AAA TAT ACT TCT GCT TTC TGG GGT GAA AAT TTT GTC CAC GAA TTA TAC AGC ACA TCA TCA AGC TCA ACA AGC TCT TCT GCT ATT AAA AAC 



Printing out site pattern counts


         6       1245  P G
G 2        4    411

castellii                                   --- --- --- ATG --- --- --- --- --- --- --- --- --- --- AAA AAA AAA AAA AAA AAA AAA AAA AAA AAA AAA AAA AAA AAC AAC AAC AAC AAC AAC AAC AAC AAC AAC AAG AAG AAG AAG AAG AAG AAG AAG AAG AAG AAG AAG AAG AAG AAT AAT AAT AAT AAT AAT AAT AAT AAT AAT AAT AAT AAT ACA ACA ACA ACA ACA ACA ACC ACC ACG ACG ACG ACG ACG ACG ACT ACT ACT ACT ACT ACT ACT ACT ACT ACT ACT ACT ACT AGA AGA AGA AGA AGA AGA AGA AGA AGA AGA AGA AGA AGC AGG AGG AGT AGT AGT AGT AGT AGT ATA ATA ATC ATC ATC ATC ATG ATG ATG ATT ATT ATT ATT ATT ATT ATT ATT ATT ATT ATT ATT ATT ATT ATT ATT ATT CAA CAA CAA CAA CAA CAA CAA CAA CAA CAA CAC CAC CAG CAG CAG CAG CAT CAT CAT CAT CAT CAT CAT CAT CAT CCA CCA CCA CCA CCA CCA CCA CCA CCA CCA CCC CCG CCG CCG CCT CCT CCT CCT CCT CCT CCT CGT CGT CTA CTA CTA CTA CTC CTC CTG CTG CTG CTG CTG CTT CTT CTT CTT GAA GAA GAA GAA GAA GAA GAA GAA GAA GAA GAA GAA GAA GAA GAA GAA GAA GAA GAA GAA GAA GAC GAC GAC GAC GAC GAG GAG GAG GAG GAG GAG GAG GAT GAT GAT GAT GAT GAT GAT GAT GAT GAT GAT GAT GAT GAT GCA GCA GCA GCA GCA GCA GCA GCA GCA GCA GCA GCA GCA GCC GCC GCC GCC GCC GCC GCC GCT GGA GGA GGA GGA GGA GGG GGG GGG GGG GGG GGT GGT GGT GGT GGT GGT GGT GGT GGT GGT GGT GTA GTA GTA GTA GTA GTA GTA GTC GTC GTG GTG GTG GTG GTG GTG GTG GTG GTG GTG GTG GTG GTT GTT GTT GTT GTT GTT GTT GTT GTT GTT GTT GTT GTT GTT GTT GTT GTT GTT GTT TAC TAC TAC TAT TAT TAT TAT TAT TAT TAT TAT TAT TAT TAT TAT TCA TCA TCA TCA TCA TCA TCA TCA TCC TCC TCC TCG TCT TCT TCT TCT TCT TCT TCT TGC TGG TGT TGT TTA TTA TTA TTA TTA TTA TTA TTA TTA TTA TTA TTA TTA TTA TTA TTA TTC TTC TTC TTC TTC TTC TTC TTC TTG TTG TTG TTG TTG TTG TTG TTG TTG TTG TTG TTG TTG TTG TTT TTT TTT TTT TTT TTT TTT TTT TTT
bayanus                                     --- --- --- ATG --- --- --- --- --- AAA AAT ATC GCT TCC AAA AAA AAG AAG AAG AAG AAG AAG AAG AGC CAG GAA TCG AAC AAC AAC AAC AAT AAT ACC GAC GTC TAC AAG AAG AAG AAG AAG AAG AAG AAG ACC ACT CAC CAG GAG TCA AAC AAC AAC AAC AAC AAC AAC AAC AAT AAT AAT ATC CAG ACC ACC ACC ACG ACG AGC ACA AGC ACC ACG ACT ACT AGC TCA ACC ACC ACC ACC ACG ACG ACG ACG ACT ACT CGG TCA TCT AAG AGA AGA AGA AGA AGA AGG AGG AGG CAG CGT TAC ACA AGA AGG AGC AGT AGT AGT TCC TCC ATC CAA ATC ATC ATC ATT AAC ATG TTG AGG ATA ATC ATC ATC ATC ATC ATC ATC ATC ATC ATG ATT ATT GCG GTC GTG AAG AAG AGC CAA CAA CAA CAG CAG GAC GAG CAC CAC AAC CAA CAG TCC --- AAG CAC CAC CAC CAC CAC CAT CAT CCA CCC CCC CCC CCC CCC CCG CCG CCT GAC AAA CCC CCG CCT CCC CCC CCC CCC CCG CCG CCG AAG CGT CTC CTG CTG CTG CTG TTG CTG CTG CTG CTG TTG CTA CTG CTG TTG --- AAG AAG CAA CAG GAA GAA GAA GAA GAC GAG GAG GAG GAG GAG GAG GAG GAG GAT GTA TCT CAG GAC GAC GAC GAT GAA GAA GAC GAG GAG GAG GAG AAC CAC CAG GAA GAC GAC GAC GAC GAC GAC GAC GAC GAT GGG GCA GCA GCC GCC GCC GCC GCG GCG GCG GCG GCG GTA GTC GAG GCA GCC GCC GCC GCG GCT ACC GGC GGC GGC GGC GGG GGG GGG GGG GGG GGT GGA GGA GGC GGC GGC GGG GGG GGG GGG GGG GGT GTC GTG GTG GTG GTG GTG GTT ATC GTG ATC GCC GTA GTC GTC GTC GTC GTG GTG GTG GTT GTT ATG GCC GTA GTC GTC GTC GTC GTC GTC GTC GTC GTC GTG GTG GTG GTG GTG GTT GTT TAC TAC TAC TAC TAC TAC TAC TAC TAC TAC TAC TAC TAC TCC TTC --- AGC TCA TCC TCC TCC TCC TCG GCG GCG TCC TAT TCC TCC TCC TCG TCT TCT TCT TGT TGG TGT TGT ATT CTC CTG CTG CTG CTG CTG GTC GTC TGC TTG TTG TTG TTG TTG TTG ATC TTC TTC TTC TTC TTC TTC TTT CTA CTC CTG CTG CTG CTG CTG CTG CTG TTG TTG TTG TTG TTG GTC TCA TTC TTC TTC TTC TTC TTC TTT
mikatae                                     --- --- --- ATG --- --- --- --- --- AAG AAC ACT GCT TCT AAG AAG AAA AAA AAA AAA AAG AAG AAG AAC CAG GAG TCG AAC AAC AAC AAT AAC AAC AGC GAC GTT TAC AAA AAA AAG AAG AAG AAG AAG AGG ACC ACC CAG CAG GAG TCT AAC AAC AAC AAC AAC AAT AAT AAT AAC AAT AAT ACT CAA ACA ACT ACT ACA ACG AGC ACG AGT ACG ACG ACC ACT ACT TCA ACA ACA ACT AGC ACA ACA ACA ACG ACG ACT AGG TCA TCT AAA AGA AGA AGA AGA AGG AGA AGG AGG CAA CGT TAC ACA AGA AGA AGT AGC AGT AGT TCC TCC ATC CAA ATC ATC ATC ATT AAC ATG TTG AGG ATA ATC ATC ATC ATC ATT ATT ATT ATT ATT ATG ATA ATC ACG GTC GTA AAG AAG AGC CAA CAA CAG CAG CAG GAT GAA CAT CAT AAT CAG CAA TCT --- AAG CAC CAC CAC CAT CAT CAT CAT CCT CCA CCA CCC CCC CCT CCA CCG CCT GAA AAG CCT CCT CCT CCC CCC CCG CCT CCA CCC CCT AAG CGT CTT CTG TTG TTG TTG TTG CTG CTG CTT TTG CTA CTA CTA CTT CTG --- AAG AAG CAA CAG GAA GAA GAA GAG GAC GAA GAA GAG GAG GAG GAG GAG GAT GAT GTG TCT CAA GAC GAT GAT GAC GAA GAG GAT GAA GAA GAG GAG AAC GAT CAA GAA GAC GAC GAC GAC GAT GAT GAT GAT GAT GGG GCA GCA GCC GCC GCG GCT GCA GCC GCC GCG GCG GTA GTT GAG GCG GCT GCT GCT GCT GCT ACC GGC GGC GGG GGT GGG GGA GGG GGG GGG GGT GGG GGG GGC GGC GGT GGA GGA GGG GGT GGT GGT GTC GTC GTG GTG GTG GTG GTG ATC GTG ATC GCT GTC GTC GTT GTT GTT GTA GTG GTG GTC GTG ATG GCT GTT GTA GTC GTC GTC GTG GTG GTT GTT GTT GTA GTA GTA GTG GTG GTC GTT TAC TAC TAT TAC TAC TAC TAC TAC TAC TAT TAT TAT TAT TCT TTC --- AGC TCT TCA TCC TCC TCT TCG GCA GCT TCT TAC TCC TCC TCC TCT TCT TCT TCT TGT TGG TGC TGT ATC CTT CTG CTG CTG TTA TTG GTG GTG TGC CTG TTA TTG TTG TTG TTG ATT TTC TTC TTC TTT TTT TTT TTT CTG CTG CTA CTG CTG CTG TTA TTG TTG CTA TTG TTG TTG TTG GTA TCA TTC TTC TTT TTT TTT TTT TTC
kluyveri                                    AAT ATG CCC ACT AAA CCA GAG GCA GCC AAG --- GCT CAT GGA AAG AAG AAA AAA AAG AAG AAG AAG CAA AGT CAG GAA CTT AAC AAC CAT AAT AAC AAT AAA GAT CAA TAC AAA AAG AAA AAA AAG AAG AGA AAG ACC CAC AAG ATC GAA ACA AAC AAC AAT AAT AAT AAC AAC CAT AAT AAC AAT AAT AAT ACA ACA ACC ACA ACC AAT TCC GCC ACT GCA ACC ACG AAG GGT ACC ACT ACT AGT ACC CTG GCC ACA ACC ATC AGA GGA TCA AAG AGA AGA AGG CGT AGG AGG AGG AGG GAA CGT TAT AGT AGA AGA AGT AGT AGT AGT AGT TCC ATC ATA ATC ATC GTT GTT AAC ATG TTG ATC ATC ATA ATC ATT ATT ATC ATC ATT ATT ATT TTA ATC ATC GAG GTG ATT CAA CAG CCA CAA CAA CAA CAA CAG CAA CAA CAC CAT TCA CAA CAG TCT TCC ACT CAC CAC CAT CAC CAT CAT CAT CCT CCA CCC CCT CCT CCA CCA CCA CCG GAT AAA CCC CCA CCA CCA CCC CCT CCA CCT CCA CCT AGA CGT CTG TTA CTG TTG TTA TTG CTA TTG CTA TTG TTA TTA TTG TTG TTG AAG AAA AAT CAA AAG CAG GAA GAG GAA GAA GAA GAG GAA GAA GAA GAG GAT CCT GAA GAA AGT GAA GAT GAA GAT GAC GAA GAA ACT GAA GAG GAA GAG CGA TCC TCA GAT GAC GAT GAT GAT GAA GAC GAT GAT GAT GAT GCA GCC GCA GCT GCC GCG GCC GCC GCT GCG GCT GTC GCT GAA GCC GCA GCC GCT GCC TCT GCT GGT GGT GGG GGT GGG GGT GGA GGG GGT GGT GGT GGT GAT GGT GGT GGG GGT GGT GGT GGT GGT GTT GTA ATA GTA GTC GTG ATT TTG GTC GTC TTG GTT GTG GTG GTT GTT GTT GTA GTC GTG GTT ATG GAG GTC GTT GTC GTG GTT GTC GTT GTA GTC GTT GTC GTC GTT GTG GTT GTT GTT TAC TAT TAT TAC TAC TAT TAT TAT TAT TAC TAC TAT TTC TCG TAT TCT AAC GCA TCA TCG TCT TCT TCT TCT GCT AGT ACA GCG TCT TCT TCC TCA TCC TCG TGC TGG TGT TGT ATT CTG CTC TTA TTG CTA CTA CTA CTA GTG CTG TTA GTT TTA TTG TTG ATC TTC TTC TTT TTC TTT TTT TTT CTA TTG CTG CTA CTG TTG TTG TTA TTG TTG TTA TTA TTG TTG GTC CCC TTC TTT TTC TTC TTT TTT TTC
cerevisiae                                  --- --- --- ATG --- --- --- --- --- AAA AAC ACC GCC TCT AAA AAG AAA AAG AAA AAG AAG AAG AAG AGC CAG GAG TCG AAC AAT AAC AAC AAC AAC AGT GAT GTC TAC AAG AAG AAA AAG AAA AAG AAG AGG ACC ACC CAA CAG GAA TCA AAC AAC AAC AAC AAT AAC AAT AAC AAT AAT AAT ACT CAC ACA ACT ACC ACA ACG AAC ACG AGT ACA ACG ACT ACT ACT TCA ACA ACT ACC AGC ACG ACA ACG ACA ACT ACT AGA TCA TCC AAA AGA AGG AGA AGA AGA AGA AGA AGA CAA CGT TAC ACA AGG AGA AGT AGT AGC AGT TCT TCT ATT CAA ATA ATC ATT ATT AAC ATG TTG AGG ATA ATC ATC ATC ATT ATC ATC ATC ATT ATT ATG ATT ATC GCG GTC GTA AAG AAG AGC CAA CAG CAA CAG CAG GAT GAA CAT CAC AAC CAA CAA TCC --- AAG CAC CAT CAC CAT CAC CAT CAT CCT CCA CCA CCC CCT CCC CCA CCG CCT GAA AAG CCT CCA CCT CCT CCC CCT CCC CCG CCT CCT AAG CGT CTG CTG TTA TTA CTG TTG CTG TTG CTT TTA CTA TTA TTA CTG TTG --- AAG AAG CAA CAA GAA GAA GAG GAA GAT GAA GAA GAA GAG GAG GAG GAA GAT GAT GTA TCC CAG GAT GAT GAT GAC GAA GAG GAT GAA GAA GAG GAG AAC CAT CAA GAA GAT GAC GAT GAT GAT GAT GAC GAT GAT GGG GCA GCA GCA GCC GCC GCT GCA GCC GCA GCG GCG GTG GTT GAG GCA GCC GCT GCC GCT GCC ACC GGA GGC GGT GGT GGG GGA GGG GGG GGG GGT GGA GGA GGC GGT GGT GGG GGG GGG GGG GGT GGT GTC GTG GTG GTG GTG GTG GTG ATT GTG ATC GCT GTG GTT GTA GTC GTT GTA GTG GTG GTT GTG ATG GCT GTC GTT GTC GTC GTC GTT GTG GTT GTT GTC GTC GTG GTA GTG GTG GTT GTT TAC TAC TAC TAC TAT TAC TAC TAT TAT TAC TAT TAC TAC TCT TTC --- AGC TCT TCG TCC TCC TCC TCG GCA GCC TCT TAC TCC TCG TCG TCT TCT TCT TCC TGT TGG TGC TGT ATC CTT CTG CTG TTG CTG TTG GTC GTT TGC CTG TTA TTA TTG TTG TTG ATT TTC TTC TTC TTC TTC TTT TTC CTT TTG CTA CTT CTG TTG TTG TTG CTG TTA TTG TTG TTA TTG GTA TCA TTC TTC TTC TTT TTC TTC TTT
paradoxus                                   --- --- --- ATG --- --- --- --- --- AAA AAC ATT GCT TCT AAA AAG AAA AAA AAA AAG AAA AAG AAG AGC CAG GAG TCG AAC AAC AAC AAT AAC AAC AGC GAT ATC TAC AAA AAG AAG AAG AAG AAG AAG AGG ACC ACC CAA CAG GAA TCA AAC AAT AAC AAT AAT AAC AAT AAC AAT AAT AAT ACT CAT ACA ACC ACT ACA ACG AAC ACT AGT ACA ACG ACT ACT ACT TCA ACA ACT ACT AGC ACA ACA ACG ACG ACA ACT AGG TCA TCT AAA AGA AGA AGA AGA AGA AGA AGA AGG CAA CGT TAC ACA AGA AGA AGT AGT AGC AGT TCC TCT ATT CAG ATA ATT ATT ATT AAC ATG TTG AGA ATA ATC ATC ATC ATT ATA ATC ATC ATC ATT ATG ATT ATC GCG GTC GTA AAG AAG AGC CAA CAG CAA CAG CAG GAT GAA CAT CAC AAC CAA CAA TCC --- AAG CAC CAC CAC CAT CAT CAC CAT CCT CCA CCA CCC CCC CCC CCA CCG CCC GAA AAG CCT CCA CCT CCC CCC CCT CCC CCA CCT CCT AGG CGT CTT CTG TTA TTG TTG TTG CTG TTG CTG TTA CTA TTA CTA CTG TTG --- AAG AAG CAA CAG GAA GAA GAA GAA GAT GAA GAA GAA GAA GAG GAG GAG GAT GAT GTA TCT CAG GAT GAT GAT GAC GAA GAA GAT GAA GAA GAG GAG AAC CAT CAA GAA GAT GAC GAC GAT GAT GAC GAC GAC GAT GGG GCA GCA GCT GCC GCC GCT GCG GCG GCG GCA GCG GTG GTT GAG GCA GCC GCT GCC GCT GCT ACC GGT GGC GGC GGT GGG GGA GGG GGG GGG GGT GGA GGG GGC GGT GGT GGG GGG GGG GGG GGT GGT GTC GTG GTG GTG GTG GTG GTG ATC GTG ATT GCT GTG GTT GTG GTT GTC GTG GTG GTA GTT GTG ATG GCT GTC GTC GTC GTC GTC GTT GTG GTT GTT GTC GTT GTG GTA GTG GTG GTC GTT TAC TAC TAC TAC TAC TAC TAT TAC TAT TAT TAC TAT TAC TCT TTC --- AGC TCC TCA TCC TCC TCT TCG GCA GCT TCC TAC TCT TCC TCG TCT TCT TCT TCC TGT TGG TGC TGT ATC CTT CTG CTG TTG CTG TTG GTC GTC TGT CTG TTA TTG TTG TTA TTG ATT TTC TTT TTC TTT TTC TTT TTT CTT CTG CTG CTT CTG TTG CTA TTG CTG CTA TTA TTG TTG TTG GTA TCA TTT TTC TTC TTT TTC TTT TTC



    1    1    1    1    1    1    1    1    1    1    1    1    1    1    1
    1    2    1    2    1    1    1    1    1    1    1    1    2    2    1
    1    1    1    1    1    1    1    1    1    1    4    1    3    1    1
    1    1    1    1    1    1    2    2    3    1    1    1    3    1    1
    1    1    1    1    1    1    1    1    1    1    1    1    1    1    1
    1    1    1    1    1    1    1    1    1    1    1    1    1    1    1
    1    1    1    1    1    1    1    1    1    1    1    1    1    1    1
    1    1    1    1    3    1    1    1    1    1    2    1    1    1    5
    1    1    1    1    4    3    2    1    1    1    1    3    1    1    1
    1    1    1    1    1    1    1    1    1    1    2    1    1    1    1
    1    1    2    1    1    1    1    1    1    1    2    1    4    1    1
    1    1    1    1    1    1    1    1    1    1    1    1    1    1    1
    1    1    1    1    1    1    1    1    1    1    1    1    1    1    1
    1    1    1    1    1    1    1    1    1    1    1    2    3    1    1
    1    3    2    1    1    6    1    1    1    1    1    1    1    1    1
    1    1    1    1    1    1    1    2    1    1    1    1    1    1    5
    1    1    1    2    1    1    1    1    1    1    1    1    1    1    1
    1    1    1    1    1    1    1    1    1    1    1    1    1    1    1
    2    1    1    1    1    1    1    2    2    1    1    1    1    3    1
    1    1    1    1    5    1    1    1    1    1    1    1    1    1    1
    1    1    1    1    1    1    1    1    1    1    1    1    1    1    1
    1    1    1    1    1    1    1    1    1    2    1    1    1    1    1
    1    1    1    3    1    4    1    1    1    1    1    1    1    1    1
    1    1    1    1    1    2    1    1    1    1    1    1    1    1    1
    1    1    1    1    1   10    1    1    1    1    1    1    2    1    1
    1    1    1    1    1    1    1    1    1    1    3    1    4    2    1
    1    1    1    1    1    1    1    1    1    2    1    1    1    2    1
    2    1    1    1    3    1    1    1    2    1

CODONML (in paml version 4.4b, July 2010)  torun.nuc
Model: One dN/dS ratio for branches Global clock  (2 genes: diff. rate & k&w)  
Codon frequency model: F3x4
ns =   6  ls = 506

Codon usage in sequences
--------------------------------------------------------------------------------------------------------------
Phe TTT 12  2 10 13  3  9 | Ser TCT  7  5 13 10  9 10 | Tyr TAT 17  1  5 12  4  4 | Cys TGT  2  3  2  2  2  3
    TTC 14 22 14 11 21 15 |     TCC  3 14  8  6  9  9 |     TAC  3 20 16  8 17 17 |     TGC  1  1  2  1  2  1
Leu TTA 17  0  3 13  9  6 |     TCA  9  5  4  5  4  5 | *** TAA  0  0  0  0  0  0 | *** TGA  0  0  0  0  0  0
    TTG 17 17 20 22 20 20 |     TCG  1  3  2  3  5  3 |     TAG  0  0  0  0  0  0 | Trp TGG 10 10 10 10 10 10
--------------------------------------------------------------------------------------------------------------
Leu CTT  4  0  4  1  4  4 | Pro CCT  7  2  8  7  9  6 | His CAT 13  5 10 12  9 10 | Arg CGT  2  2  2  3  2  2
    CTC  2  3  0  1  0  0 |     CCC  1 10  5  5  4  7 |     CAC  2 10  3  5  6  5 |     CGC  0  0  0  0  0  0
    CTA  4  2  5  8  2  4 |     CCA 10  1  4 11  4  5 | Gln CAA 11  6 10 11 11  9 |     CGA  0  0  0  1  0  0
    CTG  5 24 14  7 11 12 |     CCG  3  6  2  1  2  1 |     CAG  5 12  9  8  7  9 |     CGG  0  1  0  0  0  0
--------------------------------------------------------------------------------------------------------------
Ile ATT 25  4  9 13 12 14 | Thr ACT 13  5  8  6  8  9 | Asn AAT 19  6  9 14  9 11 | Ser AGT  8  5  6 12  7  6
    ATC  5 27 19 17 16 15 |     ACC  2 11  4  7  6  4 |     AAC 12 23 21 16 21 19 |     AGC  1  7  6  0  5  6
    ATA  2  1  2  3  2  3 |     ACA  6  2  8  6  7  8 | Lys AAA 15  4  9 13  9 10 | Arg AGA 12  6  7  7  9 10
Met ATG  8  8  8  7  8  8 |     ACG  6  7  7  1  5  4 |     AAG 19 29 23 19 23 21 |     AGG  2  5  6  5  4  4
--------------------------------------------------------------------------------------------------------------
Val GTT 20  5 10 17 11  9 | Ala GCT  1  2 10  8  5  9 | Asp GAT 19  3 13 18 17 13 | Gly GGT 17  7 13 25 14 14
    GTC  2 20 10 13 11 12 |     GCC  7  9  4 10  8  4 |     GAC  5 21 12  4  7 11 |     GGC  0 10  5  0  3  4
    GTA  7  4  9  4  6  5 |     GCA 13  3  4  6  7  5 | Glu GAA 32 11 17 30 20 22 |     GGA  6  2  3  3  4  2
    GTG 12 16 16  8 17 18 |     GCG  0  9  4  3  3  5 |     GAG  8 24 18  9 15 13 |     GGG  7 12 10  4 10 11
--------------------------------------------------------------------------------------------------------------

Codon position x base (3x4) table for each sequence.

#1: castellii      
position  1:    T:0.22921    C:0.13996    A:0.31440    G:0.31643
position  2:    T:0.31643    C:0.18053    A:0.36511    G:0.13793
position  3:    T:0.37728    C:0.12170    A:0.29209    G:0.20892
Average         T:0.30764    C:0.14740    A:0.32387    G:0.22110

#2: bayanus        
position  1:    T:0.20808    C:0.16970    A:0.30303    G:0.31919
position  2:    T:0.31313    C:0.18990    A:0.35354    G:0.14343
position  3:    T:0.11515    C:0.42020    A:0.09495    G:0.36970
Average         T:0.21212    C:0.25993    A:0.25051    G:0.27744

#3: mikatae        
position  1:    T:0.22020    C:0.15354    A:0.30707    G:0.31919
position  2:    T:0.30909    C:0.19192    A:0.35354    G:0.14545
position  3:    T:0.26667    C:0.26061    A:0.17172    G:0.30101
Average         T:0.26532    C:0.20202    A:0.27744    G:0.25522

#4: kluyveri       
position  1:    T:0.22970    C:0.16040    A:0.28911    G:0.32079
position  2:    T:0.31287    C:0.18812    A:0.35446    G:0.14455
position  3:    T:0.34257    C:0.20594    A:0.23960    G:0.21188
Average         T:0.29505    C:0.18482    A:0.29439    G:0.22574

#5: cerevisiae     
position  1:    T:0.23232    C:0.14343    A:0.30505    G:0.31919
position  2:    T:0.30909    C:0.19192    A:0.35354    G:0.14545
position  3:    T:0.25253    C:0.27475    A:0.18990    G:0.28283
Average         T:0.26465    C:0.20337    A:0.28283    G:0.24916

#6: paradoxus      
position  1:    T:0.22626    C:0.14949    A:0.30707    G:0.31717
position  2:    T:0.31111    C:0.18990    A:0.35152    G:0.14747
position  3:    T:0.26869    C:0.26061    A:0.18990    G:0.28081
Average         T:0.26869    C:0.20000    A:0.28283    G:0.24848

Codon usage in genes
--------------------------------------------------------------
Phe TTT  0 49 | Ser TCT  0 54 | Tyr TAT  0 43 | Cys TGT  0 14
    TTC  0 97 |     TCC  0 49 |     TAC  0 81 |     TGC  0  8
Leu TTA  0 48 |     TCA  0 32 | *** TAA  0  0 | *** TGA  0  0
    TTG  0 116 |     TCG  0 17 |     TAG  0  0 | Trp TGG  0 60
--------------------------------------------------------------
Leu CTT  0 17 | Pro CCT  0 39 | His CAT  0 59 | Arg CGT  0 13
    CTC  0  6 |     CCC  1 31 |     CAC  0 31 |     CGC  0  0
    CTA  0 25 |     CCA  0 35 | Gln CAA  0 58 |     CGA  0  1
    CTG  0 73 |     CCG  0 15 |     CAG  0 50 |     CGG  0  1
--------------------------------------------------------------
Ile ATT  0 77 | Thr ACT  1 48 | Asn AAT  1 67 | Ser AGT  0 44
    ATC  0 99 |     ACC  0 34 |     AAC  0 112 |     AGC  0 25
    ATA  0 13 |     ACA  0 37 | Lys AAA  0 60 | Arg AGA  0 51
Met ATG  6 41 |     ACG  0 30 |     AAG  0 134 |     AGG  0 26
--------------------------------------------------------------
Val GTT  0 72 | Ala GCT  0 35 | Asp GAT  0 83 | Gly GGT  0 90
    GTC  0 68 |     GCC  0 42 |     GAC  0 60 |     GGC  0 22
    GTA  0 35 |     GCA  0 38 | Glu GAA  0 132 |     GGA  0 20
    GTG  0 87 |     GCG  0 24 |     GAG  0 87 |     GGG  0 54
--------------------------------------------------------------

Codon position x base (3x4) table for each gene.


Gene #1
position  1:    T:0.00000    C:0.11111    A:0.88889    G:0.00000
position  2:    T:0.66667    C:0.22222    A:0.11111    G:0.00000
position  3:    T:0.22222    C:0.11111    A:0.00000    G:0.66667
Average         T:0.29630    C:0.14815    A:0.33333    G:0.22222

Gene #2
position  1:    T:0.22499    C:0.15291    A:0.30246    G:0.31964
position  2:    T:0.31088    C:0.18862    A:0.35601    G:0.14449
position  3:    T:0.27080    C:0.25766    A:0.19704    G:0.27450
Average         T:0.26889    C:0.19973    A:0.28517    G:0.24621

Sums of codon usage counts
------------------------------------------------------------------------------
Phe F TTT      49 | Ser S TCT      54 | Tyr Y TAT      43 | Cys C TGT      14
      TTC      97 |       TCC      49 |       TAC      81 |       TGC       8
Leu L TTA      48 |       TCA      32 | *** * TAA       0 | *** * TGA       0
      TTG     116 |       TCG      17 |       TAG       0 | Trp W TGG      60
------------------------------------------------------------------------------
Leu L CTT      17 | Pro P CCT      39 | His H CAT      59 | Arg R CGT      13
      CTC       6 |       CCC      32 |       CAC      31 |       CGC       0
      CTA      25 |       CCA      35 | Gln Q CAA      58 |       CGA       1
      CTG      73 |       CCG      15 |       CAG      50 |       CGG       1
------------------------------------------------------------------------------
Ile I ATT      77 | Thr T ACT      49 | Asn N AAT      68 | Ser S AGT      44
      ATC      99 |       ACC      34 |       AAC     112 |       AGC      25
      ATA      13 |       ACA      37 | Lys K AAA      60 | Arg R AGA      51
Met M ATG      47 |       ACG      30 |       AAG     134 |       AGG      26
------------------------------------------------------------------------------
Val V GTT      72 | Ala A GCT      35 | Asp D GAT      83 | Gly G GGT      90
      GTC      68 |       GCC      42 |       GAC      60 |       GGC      22
      GTA      35 |       GCA      38 | Glu E GAA     132 |       GGA      20
      GTG      87 |       GCG      24 |       GAG      87 |       GGG      54
------------------------------------------------------------------------------

(Ambiguity data are not used in the counts.)


Codon position x base (3x4) table, overall

position  1:    T:0.22431    C:0.15279    A:0.30423    G:0.31867
position  2:    T:0.31195    C:0.18872    A:0.35527    G:0.14406
position  3:    T:0.27065    C:0.25722    A:0.19644    G:0.27569
Average         T:0.26897    C:0.19957    A:0.28531    G:0.24614


Nei & Gojobori 1986. dN/dS (dN, dS)
(Pairwise deletion)
(Note: This matrix is not used in later ML. analysis.
Use runmode = -2 for ML pairwise comparison.)

castellii           
bayanus             -1.0000 (0.1225 -1.0000)
mikatae             -1.0000 (0.1174 -1.0000) 0.0073 (0.0105 1.4327)
kluyveri            -1.0000 (0.1348 -1.0000)-1.0000 (0.1224 -1.0000)-1.0000 (0.1228 -1.0000)
cerevisiae          -1.0000 (0.1238 -1.0000) 0.0087 (0.0105 1.2057) 0.0056 (0.0043 0.7827)-1.0000 (0.1176 -1.0000)
paradoxus           -1.0000 (0.1211 -1.0000) 0.0091 (0.0105 1.1574) 0.0112 (0.0070 0.6198)-1.0000 (0.1174 -1.0000) 0.0061 (0.0026 0.4292)


TREE #  1:  (((((5, 6), 3), 2), 1), 4);   MP score: -1
lnL(ntime:  5  np: 10):  -5188.599165      +0.000000
   7..8     8..9     9..10   10..11   11..5    11..6    10..3     9..2     8..1     7..4  
 50.000000 49.025890 5.203627 3.082869 1.928318 0.072986 18.145357 0.002289 2.553613 0.014722
SEs for parameters:
 116022003.349127 113761639.097523 12074705.644244 7153612.452598 4474546.153629 169359.388304 177596382.319945 934307.863794 0.270161 0.002766
Note: Branch length is defined for the first gene (site partition).
For other genes, look at "rates for genes".

tree length = 159.24070 (1st gene)

(((((5: 1.928318, 6: 1.928318): 1.154551, 3: 3.082869): 2.120759, 2: 5.203627): 43.822263, 1: 49.025890): 0.974110, 4: 50.000000);

(((((cerevisiae: 1.928318, paradoxus: 1.928318): 1.154551, mikatae: 3.082869): 2.120759, bayanus: 5.203627): 43.822263, castellii: 49.025890): 0.974110, kluyveri: 50.000000);

Detailed output identifying parameters

rates for 2 genes:     1  0.07299

gene # 1: kappa =  18.14536 omega =   0.00229
gene # 2: kappa =   2.55361 omega =   0.01472

Time used:  1:00
