
seed used = 1418846481
      7   1248

castellii                                  ATG TCT CTA TCC TCC AAA TTA AGC GTC AAA GAT CTA CAA TTG AAA GAC AAG CGT GTC TTC ATC AGA GTT GAT TTC AAT GTC CCA TTA GAT GGT AAG AAG ATC ACT TCT AAC CAA AGA ATT GTT GCA GCC TTG CCT ACT ATC CAA TAC GTC TTG GAA CAT AAC CCA AGA TAT GTT GTC TTG GCA TCT CAT TTA GGT AGA CCA AAT GGT GAA AGA AAC GAC AAA TAC TCT TTG GCC CCA GTT GCT GCC GAA TTG CAA ACC TTG TTG GGT AAG CCA GTC ACT TTC TTG AAT GAC TGT GTT GGT CCA GAA GTC GAC GCT GCT GTT AAG GCT TCT GCT CCA GGT TCT GTT ATT CTT TTG GAA AAC TTG AGA TAC CAC ATT GAA GAA GAA GGT TCA AAG AAG GTT GAC GGT CAA AAG GTA AAG GCC TCT AAG GAA GAT GTT GCC AAG TTT AGA CAT CAA TTA TCT TCT TTG GCT GAT GTT TAC ATC AAC GAT GCC TTT GGT ACT GCT CAC AGA GCC CAT TCT TCT ATG GTT GGT TTT GAT CTA CCA CAA AGA GCC GCT GGT TTC TTG ATG ACC AAG GAA TTA GAA TAT TTC GGT AAG GCT TTG GAA AAC CCA ACT AGA CCT TTC TTG GCC ATC TTG GGT GGT GCT AAG GTC GCT GAT AAG ATT CAA TTA ATT GAA AAC TTG TTG GAT AAG GTT GAT TCT ATC ATC ATT GGT GGT GGT ATG GCT TTC ACT TTC AAG AAG GTT TTG GAA AAC ACT GAA ATT GGT GAC TCT ATC TTC GAT AAA GCT GGT GCT GAA ATC GTT CCA AAG TTG ATT GAA AAG GCT AAG GCT AAG GGT GTT GAA GTT ATT TTA CCA ACA GAT TTC GTC ATT GCT GAT GCT TTC TCT GCT GAT GCT AAC ACT AAG ACT GTC ACC GAT AAG GAA GGT ATT CCA GCT GGA TGG CAA GGT CTT GAC AGT GGT CCA GAA TCT AGA AAA TTA TTC GCT GCT GCT GTC GCT AAG GCT AAG ACC ATT GTC TGG AAT GGT CCT CCA GGT GTT TTC GAA TTT GCT AAA TTC GCA AAC GGT ACC AAG GAT TTG TTA GAT CAA GTT GTT AAG AGT TGT CAA AGT GGT AGT ACC GTC ATT ATT GGT GGT GGT GAT ACT GCT ACC GTT GCT AAG AAG TAT GGT GTT ACT GAC AAG ATC TCC CAT GTC TCT ACC GGT GGT GGT GCT TCT TTG GAA TTG TTA GAA GGT AAG GAA TTG CCA GGT GTC GCT TTC TTA TCT GAC AAG AAA 
bayanus                                    ATG TCT TTA TCA TCA AAG TTG TCT GTC CAA GAC TTG GAC TTG AAG GAC AAG CGT GTC TTC ATC AGA GTT GAT TTC AAC GTC CCA TTA GAC GGT AAG AAG ATT ACC TCT AAC CAA AGA ATC GTT GCT GCT TTG CCA ACC ATC AAG TAT GTC TTG GAA CAC AAC CCA AGA TAC ATT GTC TTG GCT TCT CAT TTG GGT AGA CCA AAC GGT GAA AGA AAC GAA AAA TAC TCT TTG GAA CCA GTT GCC AAG GAA TTG CAA ACC TTG TTG GGT AAG AAC GTC ACT TTC TTG AAC GAC TGT GTC GGT CCA GAA GTT GAC GCC GCT GTC AAG GCT TCC GCT CCA GGC TCT GTT ATC CTA TTG GAA AAC TTG CGT TAC CAC ATC GAA GAA GAA GGT TCC AGA AAG GTC GAC GGT CAA AAG ATC AAG GCT TCC AAG GAA GAC GTC CAA AAG TTC AGA CAC GAA TTG AGC TCT TTG GCT GAT GTT TAC ATT AAC GAT GCC TTC GGT ACC GCC CAC AGA GCT CAC TCT TCT ATG GTC GGT TTC GAC TTG CCA CAA CGT GCT GCC GGT TTC TTG TTG GAA AAG GAA TTG AAG TAC TTC GGT AAG GCT TTG GAA AAC CCA ACC AGA CCA TTC TTG GCC ATC TTA GGT GGT GCC AAG GTT GCT GAC AAG ATT CAA TTG ATT GAC AAC TTG TTG GAC AAG GTC GAC TCT ATC ATC ATT GGT GGT GGT ATG GCT TTC ACC TTC AAG AAG GTT TTG CAA AAC ACT GAA ATC GGT GAC TCT ATC TTC GAC AAG GCT GGT GCT GAA ATC GTT CCA AAG TTG ATG GAA AAG GCC AAG GCC AAG GGT GTC GAA GTC GTC TTA CCA GTC GAT TTC GTC ATT GCT GAT GCT TTC TCT GCT GAT GCC AAC ACC AAG ATT GTC ACT GAC AAG GAA GGT ATC CCA GCT GGC TGG CAA GGG TTG GAC AGT GGT CCA GAA TCT AGA AAG TTG TTT GCT GCC ACT GTT GCA AAG GCT AAG ACC ATT GTC TGG AAC GGT CCA CCA GGT GTT TTC GAA TTC GAA AAG TTC GCC GCT GGT ACC AAG TCC TTG TTA GAC GAA GTC GTC AAG AGT TCC ACT TCC GGT AAC ACC GTC ATC ATT GGT GGT GGT GAT ACC GCT ACC GTC GCT AAG AAG TAC GGT GTC ACC GAC AAG ATC TCC CAT GTC TCT ACC GGT GGT GGT GCT TCT TTG GAA TTA TTG GAA GGT AAG GAA TTG CCA GGT GTT GCT TTC TTA TCT GAA AAG AAA 
mikatae                                    ATG TCT TTA TCC TCA AAG TTG TCT GTC CAA GAT TTG GAC TTG AAG GAC AAG CGT GTC TTC ATC AGA GTT GAT TTC AAC GTC CCA TTG GAC GGT AAG AAG ATC ACT TCT AAC CAA AGA ATT GTT GCT GCT TTG CCA ACC ATC AAG TAC GTT TTG GAA CAC CAC CCA AGA TAC ATT GTT TTG GCT TCT CAT TTG GGT AGA CCA AAC GGT GAA AGA AAC GAC AAA TAC TCT TTG GCT CCA GTT GCT AAG GAA TTA CAA TCC TTG TTG GGT AAG GAT GTC ACC TTC TTG AAC GAC TGT GTC GGT CCA GAA GTT GAA TCC GCT GTT AAG GCT TCC GCC CCA GGT TCC GTT ATC TTG TTG GAA AAC TTG CGT TAC CAC ATT GAA GAA GAA GGT TCC AGA AAG GTT GAC GGT CAA AAG GTC AAG GCT TCT AAG GAA GAC GTT CAA AAG TTC AGA CAT GAA TTG AGC TCT TTG GCT GAC GTT TAC ATT AAC GAT GCC TTC GGT ACT GCC CAC AGA GCT CAC TCT TCT ATG GTC GGT TTC GAC TTG CCA CAA CGT GCT GCT GGT TTC TTG TTG GAA AAG GAA TTG AAG TAC TTC GGT AAG GCT TTG GAA AAC CCA ACT AGA CCA TTC TTG GCC ATC TTA GGT GGT GCC AAG GTT GCT GAC AAG ATT CAA TTG ATT GAC AAC TTG TTG GAC AAG GTC GAC TCT ATC ATC ATT GGT GGT GGT ATG GCT TTC ACC TTC AAG AAG GTT TTG GAA AAC ACT GAA ATC GGT GAC TCC ATC TTC GAC AAG GCT GGT GCT GAA ATT GTT CCA AAG TTG ATG GAA AAG GCC AAG GCC AAG GGT GTC GAA GTT GTC TTA CCA GTC GAC TTC ATC ATT GCT GAT GCT TTC TCT GCT GAT GCC AAC ACC AAG ATT GTC ACT GAC AAG GAA GGT ATC CCA GCT GGC TGG CAA GGG TTG GAC AAT GGT CCA GAA TCT AGA AAG TTG TTT GCT GCT ACT GTT GCA AAG GCT AAG ACC ATT GTC TGG AAC GGT CCA CCA GGT GTT TTC GAA TTC GAA AAG TTC GCT GCT GGT ACC AAG GCT TTG TTA GAC GAA GTC GTC AAG AGC TCT ACT GCT GGT AAC ACC GTC ATC ATT GGT GGT GGT GAC ACT GCC ACT GTC GCT AAG AAG TAC GGT GTC ACT GAC AAG ATT TCC CAT GTT TCT ACC GGT GGT GGT GCT TCT TTG GAA TTA TTG GAA GGT AAG GAA TTG CCA GGT GTT GCT TTC TTA TCT GAA AAG AAA 
kluyveri                                   --- --- --- --- --- --- --- --- --- --- --- --- --- --- --- --- --- --- --- --- --- --- --- --- --- --- --- --- --- --- --- --- --- --- --- --- --- --- --- --- --- --- --- --- --- --- --- --- --- --- --- --- --- --- --- --- --- --- --- --- --- --- --- --- --- --- --- --- --- --- --- --- --- --- --- --- --- --- --- --- --- --- --- --- --- --- --- --- --- --- --- --- --- --- --- --- --- --- --- --- --- --- --- --- --- --- --- --- --- --- --- --- --- --- --- --- --- --- --- --- --- --- --- --- --- --- --- --- --- --- --- --- --- --- --- --- --- --- --- --- --- --- --- --- --- --- --- --- --- --- --- --- --- --- --- --- --- --- --- --- --- --- --- --- --- --- --- --- --- --- --- --- --- --- --- --- --- --- --- --- --- --- --- --- --- --- --- --- --- --- --- --- --- --- --- --- --- --- --- --- --- --- --- --- --- --- --- --- --- --- --- --- --- --- --- --- --- --- --- --- --- --- --- --- --- --- --- --- --- --- --- --- --- --- --- --- --- ATG GCT TTC ACC TTC AAG AAG GTT ATC GAA AAC ACT GAA ATC GGT AAC TCC ATC TTC GAC AAG GCT GGT GCC GAA ATC GTT CCA AAG TTG GTT GAA AAG GCC AAG AAG AAC AAC GTC CAA TTG GTT CTA CCA ACT GAC TTC GTC ATC GGT GAC GAA TTC TCT CAA AAC GCC AAC GTC AAG ACT GTT ACT GAC AAG GAA GGT ATC CCA GCT GGT TGG GAA GGT TTG GAC TGT GGT CCA GCC TCC AGA AAG TTG TTC GCC AAG GCT GTT GCC GAA GCT AAG ACT ATC GTC TGG AAC GGT CCA CCA GGT GTC TTT GAA ATT CCA AAG TTC GCT GAA GGT ACT GAA GCT TTG TTG GCT GAC GTT GTC AAG TCC TCT GAA GCT GGT AAC ACT GTT ATC ATC GGT GGT GGT GAC ACT GCT ACT GTC GCT AAG AAG TAC GGT GTT GTT GAC AAG ATC TCT CAC GTT TCC ACT GGT GGT GGT GCT TCC TTG GAA TTG TTG GAA GGT AAG GAA TTG CCA GGT GTC ACT TTC TTG TCC AAC AAG GCT 
cerevisiae                                 ATG TCT TTA TCT TCA AAG TTG TCT GTC CAA GAT TTG GAC TTG AAG GAC AAG CGT GTC TTC ATC AGA GTT GAC TTC AAC GTC CCA TTG GAC GGT AAG AAG ATC ACT TCT AAC CAA AGA ATT GTT GCT GCT TTG CCA ACC ATC AAG TAC GTT TTG GAA CAC CAC CCA AGA TAC GTT GTC TTG GCT TCT CAC TTG GGT AGA CCA AAC GGT GAA AGA AAC GAA AAA TAC TCT TTG GCT CCA GTT GCT AAG GAA TTG CAA TCA TTG TTG GGT AAG GAT GTC ACC TTC TTG AAC GAC TGT GTC GGT CCA GAA GTT GAA GCC GCT GTC AAG GCT TCT GCC CCA GGT TCC GTT ATT TTG TTG GAA AAC TTG CGT TAC CAC ATC GAA GAA GAA GGT TCC AGA AAG GTC GAT GGT CAA AAG GTC AAG GCT TCC AAG GAA GAT GTT CAA AAG TTC AGA CAC GAA TTG AGC TCT TTG GCT GAT GTT TAC ATC AAC GAT GCC TTC GGT ACC GCT CAC AGA GCT CAC TCT TCT ATG GTC GGT TTC GAC TTG CCA CAA CGT GCT GCC GGT TTC TTG TTG GAA AAG GAA TTG AAG TAC TTC GGT AAG GCT TTG GAG AAC CCA ACC AGA CCA TTC TTG GCC ATC TTA GGT GGT GCC AAG GTT GCT GAC AAG ATT CAA TTG ATT GAC AAC TTG TTG GAC AAG GTC GAC TCT ATC ATC ATT GGT GGT GGT ATG GCT TTC ACC TTC AAG AAG GTT TTG GAA AAC ACT GAA ATC GGT GAC TCC ATC TTC GAC AAG GCT GGT GCT GAA ATC GTT CCA AAG TTG ATG GAA AAG GCC AAG GCC AAG GGT GTC GAA GTC GTC TTG CCA GTC GAC TTC ATC ATT GCT GAT GCT TTC TCT GCT GAT GCC AAC ACC AAG ACT GTC ACT GAC AAG GAA GGT ATT CCA GCT GGC TGG CAA GGG TTG GAC AAT GGT CCA GAA TCT AGA AAG TTG TTT GCT GCT ACT GTT GCA AAG GCT AAG ACC ATT GTC TGG AAC GGT CCA CCA GGT GTT TTC GAA TTC GAA AAG TTC GCT GCT GGT ACT AAG GCT TTG TTA GAC GAA GTT GTC AAG AGC TCT GCT GCT GGT AAC ACC GTC ATC ATT GGT GGT GGT GAC ACT GCC ACT GTC GCT AAG AAG TAC GGT GTC ACT GAC AAG ATC TCC CAT GTC TCT ACT GGT GGT GGT GCT TCT TTG GAA TTA TTG GAA GGT AAG GAA TTG CCA GGT GTT GCT TTC TTA TCC GAA AAG AAA 
paradoxus                                  ATG TCT TTA TCC TCA AAG TTG TCT GTC CAA GAT TTG GAC TTG AAG GAC AAG CGT GTC TTC ATC AGA GTT GAC TTC AAC GTC CCA TTG GAC GGT AAG AAG ATC ACT TCT AAC CAA AGA ATT GTT GCT GCT TTG CCA ACC ATC AAG TAC GTT TTG GAA CAC CAC CCA AGA TAC GTT GTC TTG GCT TCT CAC TTG GGT AGA CCA AAC GGT GAA AGA AAT GAA AAA TAC TCT TTG GCT CCA GTT GCT AAG GAA TTG CAA TCA TTG TTG GGT AAG GAT GTC ACC TTC TTG AAC GAC TGT GTC GGT CCA GAA GTT GAT GCC GCT GTT AAG GCC TCT GCC CCA GGT TCC GTT ATT TTG TTG GAA AAC TTG CGT TAC CAC ATC GAA GAA GAA GGT TCC AGA AAG GTT GAC GGT CAA AAG GTC AAG GCT TCC AAG GAA GAC GTC CAA AAG TTC AGA CAC GAA TTG AGC TCT TTG GCT GAT GTT TAC ATC AAC GAT GCC TTC GGT ACC GCC CAC AGA GCT CAC TCT TCT ATG GTC GGT TTC GAC TTG CCA CAA CGT GCT GCC GGT TTC TTG TTG GAA AAG GAA TTG AAG TAC TTC GGT AAG GCT TTG GAA AAC CCA ACC AGA CCA TTC TTG GCC ATC TTA GGT GGT GCC AAG GTT GCT GAC AAG ATT CAA TTG ATT GAC AAC TTG TTG GAC AAG GTC GAC TCT ATC ATC ATT GGT GGT GGT ATG GCT TTC ACC TTC AAG AAG GTT TTG GAA AAC ACC GAA ATC GGT AAC TCC ATC TTC GAC AAG GCC GGT GCT GAA ATT GTT CCA AAG TTA ATG GAA AAG GCC AAG GCC AAG GGT GTC GAA GTC GTC TTA CCA GTC GAC TTC ATC ATT GCT GAT GCA TTC TCT GCT GAT GCC AAC ACC AAG ATT GTC ACT GAC AAG GAA GGT ATT CCA GCT GGC TGG CAA GGG TTG GAC AAT GGT CCA GAA TCT AGA AAG TTG TTT GCT GCT ACT GTT GCA AAG GCT AAG ACC ATT GTC TGG AAC GGT CCA CCA GGT GTT TTC GAA TTC GAA AAG TTC GCT GCT GGT ACC AAG GCT TTG TTA GAC GAA GTT GTC AAG AGC TCT ACT GCT GGT AAC ACC GTC ATC ATT GGT GGT GGT GAC ACT GCC ACT GTC GCT AAG AAG TAC GGT GTC ACT GAC AAG ATC TCC CAT GTT TCT ACT GGT GGT GGT GCT TCT TTG GAA TTA TTG GAA GGT AAG GAA TTG CCA GGT GTT GCT TTC TTA TCC GAA AAG AAA 
kudriavzevii                               ATG TCT TTA TCC TCA AAG TTG TCT GTC CAA GAT TTG GAC TTG AAG GGC AAG CGT GTC TTC ATC AGA GTT GAC TTC AAT GTC CCA TTG GAT GGT AAG AAG ATC ACT TCT AAC CAA AGA ATT GTT GCT GCT TTG CCA ACC ATC AAG TAC GTC TTG GAA CAC AAC CCA AGA TAC ATT GTC TTG GCT TCT CAT TTG GGT AGA CCA AAC GGT GAA AGA AAC GAA AAA TAC TCT TTG GCA CCA GTT GCT AAG GAA TTG CAA TCA TTG TTG GGT AAG GAT GTC ACT TTC TTG AAC GAC TGT GTC GGT CCA GAA GTT GAC GCC GCT GTT AAG GCT TCT GCC CCA GGT TCC GTT ATC TTA TTG GAG AAC TTG CGT TAC CAC ATT GAA GAA GAA GGT TCC AGA AAG GTT GAC GGT CAA AAG GTC AAG GCT TCT AAG GAA GAC GTT CAA AAG TTC AGA CAC GAA TTG AGC TCT TTG GCT GAT GTT TAC ATT AAC GAT GCC TTC GGT ACC GCC CAC AGA GCT CAC TCT TCT ATG GTT GGT TTC GAC TTG CCA CAA CGT GCT GCC GGT TTC TTA TTA GAA AAG GAA TTG AAG TAC TTC GGT AAA GCT TTG GAA AAC CCA ACC AGA CCA TTC TTG GCC ATC TTA GGT GGT GCC AAG GTT GCT GAC AAG ATT CAA TTG ATT GAC AAC TTG TTG GAC AAG GTC GAC TCT ATC ATC ATT GGT GGT GGT ATG GCT TTC ACC TTC AAG AAG GTT TTG GAA AAC ACT GAA ATC GGT GAC TCC ATC TTC GAC AAG GCT GGT GCT GAA ATC GTT CCA AAG TTG ATG GAA AAG GCC AAG GCC AAG GGT GTT GAA GTC GTC TTG CCA GTC GAT TTC ATC ATT GCT GAT GCT TTC TCT GCT GAC GCT AAT ACC AAG ATT GTC ACT GAC AAG GAA GGT ATC CCA GCT GGA TGG CAA GGG TTG GAC AAT GGT CCA GAA TCT AGA AAG TTG TTT GCT GCT ACT GTT GCA AAG GCT AAG ACC ATT GTC TGG AAC GGT CCA CCA GGT GTT TTC GAG TTC GAA AAG TTC GCC GCT GGT ACC AAA ACT TTG TTA GAC GAA GTT GTC AAG AGC TCT GCT GCT GGT AAC ACT GTC ATC ATC GGT GGT GGT GAC ACT GCT ACT GTC GCT AAG AAG TAC GGT GTT ACT GAC AAG ATC TCC CAT GTT TCT ACT GGT GGT GGT GCT TCT TTG GAA TTA TTG GAA GGT AAG GAA TTG CCA GGT GTT GCT TTC TTA TCC GAA AAG AAA 



Printing out site pattern counts


         7        666  P G
G 2        2    220

castellii                                   ATG TCT AAA AAA AAA AAA AAA AAC AAC AAC AAC AAC AAC AAG AAG AAG AAG AAG AAG AAG AAT AAT AAT ACA ACC ACC ACC ACC ACC ACC ACC ACC ACT ACT ACT ACT ACT ACT ACT ACT ACT ACT AGA AGA AGA AGC AGT AGT AGT AGT ATC ATC ATC ATC ATC ATC ATG ATG ATG ATT ATT ATT ATT ATT ATT ATT ATT ATT ATT CAA CAA CAA CAA CAA CAA CAA CAC CAT CAT CAT CAT CCA CCA CCA CCT CCT CGT CTA CTA CTT CTT GAA GAA GAA GAA GAA GAA GAA GAA GAA GAA GAC GAC GAC GAC GAC GAC GAC GAC GAT GAT GAT GAT GAT GAT GAT GAT GAT GAT GAT GAT GAT GAT GCA GCA GCC GCC GCC GCC GCC GCT GCT GCT GCT GCT GCT GCT GCT GCT GCT GCT GCT GCT GCT GCT GCT GCT GCT GCT GCT GCT GCT GCT GGA GGT GGT GGT GGT GGT GTA GTC GTC GTC GTC GTC GTC GTC GTC GTC GTC GTT GTT GTT GTT GTT GTT GTT GTT GTT GTT GTT GTT GTT TAC TAC TAT TAT TCA TCC TCC TCC TCT TCT TCT TCT TCT TCT TCT TCT TCT TGG TGT TGT TTA TTA TTA TTA TTA TTC TTC TTC TTC TTG TTG TTG TTG TTG TTG TTG TTG TTT TTT
bayanus                                     ATG TCT AAA AAA AAG AAG CAA AAC AAC AAC AAC AAC GCT AAG AAG AAG AAG AAG AAG AGA AAC AAC AAC GTC ACC ACC ACC ACC ACC ACC ACT GAA ACC ACC ACC ACC ACC ACC ACC ACT ACT ATT AGA AGA CGT TCT AAC AGT AGT TCC ATC ATC ATC ATC ATT ATT ATG ATG TTG ATC ATC ATC ATC ATC ATG ATT ATT ATT GTC AAG ACT CAA CAA GAA GAA GAC CAC CAC CAC CAT CAT AAC CCA CCA CCA CCA CGT TTA TTG CTA TTG AAG CAA GAA GAA GAA GAA GAA GAA GAA GAC GAA GAA GAC GAC GAC GAC GAC GAC GAC GAC GAC GAC GAC GAC GAT GAT GAT GAT GAT GAT GAT TCC GCC GCT AAG CAA GAA GCC GCT ACT GAA GCA GCC GCC GCC GCC GCC GCC GCC GCC GCC GCT GCT GCT GCT GCT GCT GCT GCT GCT GCT GCT GGC GGC GGG GGT GGT GGT ATC GTC GTC GTC GTC GTC GTC GTC GTT GTT GTT ATT GTC GTC GTC GTC GTC GTC GTC GTC GTC GTT GTT GTT TAC TAT TAC TAC TCC TCA TCA TCC AGC TCC TCC TCT TCT TCT TCT TCT TCT TGG TCC TGT TTA TTA TTA TTG TTG TTC TTC TTC TTT TTA TTA TTG TTG TTG TTG TTG TTG TTC TTC
mikatae                                     ATG TCT AAA AAA AAG AAG CAA AAC AAC AAC AAC CAC GCT AAG AAG AAG AAG AAG AAG AGA AAC AAC AAC GTC ACC ACC ACC ACC ACT TCC ACT GAA ACC ACC ACC ACT ACT ACT ACT ACC ACT ATT AGA AGA CGT TCT AAC AAT AGC GCT ATC ATC ATT ATT ATC ATT ATG ATG TTG ATC ATC ATC ATT ATT ATG ATT ATT ATT GTC AAG ACT CAA CAA GAA GAA GAC CAC CAC CAT CAT CAT GAT CCA CCA CCA CCA CGT TTA TTG TTG TTG AAG GAA GAA GAA GAA GAA GAA GAA GAA GAC GAA GAC GAA GAC GAC GAC GAC GAC GAC GAC GAC GAC GAC GAT GAC GAC GAC GAT GAT GAT GAT GCT GCT GCT AAG CAA GCT GCC GCT ACT GAA GCA GCC GCC GCC GCC GCC GCT GCT GCT TCC GCC GCC GCT GCT GCT GCT GCT GCT GCT GCT GCT GGC GGT GGG GGT GGT GGT GTC ATC GTC GTC GTC GTT GTT GTT GTT GTT GTT ATT GTC GTC GTC GTC GTC GTC GTT GTT GTT GTT GTT GTT TAC TAC TAC TAC TCC TCA TCC TCC AGC TCC TCT TCC TCC TCT TCT TCT TCT TGG TCT TGT TTA TTA TTG TTG TTG TTC TTC TTC TTT TTA TTA TTA TTG TTG TTG TTG TTG TTC TTC
kluyveri                                    --- --- --- GCT --- AAG --- --- --- AAC AAC --- GAA --- --- AAC AAG GAA GAA --- --- --- AAC ACT ACT ACT ACT ACT ACT --- ACT --- --- ACC GTC --- --- ACT GTT --- ACT ACT --- AGA --- --- AAC TGT TCC GCT --- ATC ATC ATC --- --- --- ATG --- --- ATC ATC --- --- GTT --- ATC ATC GTT --- GAA --- GAA --- GAC --- --- --- --- --- CAC --- --- CCA --- CCA --- --- --- --- TTG --- GAA --- --- --- CAA GAA GAA GCC --- AAC --- --- --- --- --- AAC GAC --- --- --- GAC GCT --- --- GAC GAC --- --- AAC GAC GCT GCT --- --- --- --- --- --- GCT CCA GCC --- --- AAG GCC GCC --- --- AAG --- --- GCT --- --- ACT CAA GAA GCC GCT GCT GGT GGT --- GGT --- AAC GGT --- GTC --- GTC GTT --- --- GTT --- GTC GTT --- --- --- GTC GTC GTT GTT --- --- TTG --- GTC GTT --- --- --- TAC --- --- --- TCT --- --- --- --- TCC --- TCC TCC TCT TGG TCT --- CTA TTG --- --- TTG --- TTC TTT TTC --- TTG --- --- --- ATC TTG TTG --- ATT
cerevisiae                                  ATG TCT AAA AAA AAG AAG CAA AAC AAC AAC AAC CAC GCT AAG AAG AAG AAG AAG AAG AGA AAC AAC AAC GTC ACC ACC ACT ACT ACT TCA ACT GAA ACC ACC ACC ACC ACT ACT ACT ACC ACT ACT AGA AGA CGT TCT AAC AAT AGC GCT ATC ATC ATC ATC ATC ATC ATG ATG TTG ATT ATC ATT ATC ATT ATG ATT ATT ATT GTC AAG GCT CAA CAA GAA GAA GAC CAC CAC CAC CAC CAT GAT CCA CCA CCA CCA CGT TTA TTG TTG TTG AAG GAA GAA GAA GAG GAA GAA GAA GAA GAC GAA GAA GAA GAC GAC GAT GAC GAC GAC GAC GAT GAC GAC GAT GAT GAC GAC GAC GAT GAT GAT GCT GCT GCT AAG CAA GCT GCC GCT ACT GAA GCA GCC GCT GCC GCC GCC GCC GCT GCT GCC GCC GCC GCT GCT GCT GCT GCT GCT GCT GCT GCT GGC GGT GGG GGT GGT GGT GTC ATC GTC GTC GTC GTC GTT GTC GTT GTT GTT GTT GTC GTC GTC GTC GTC GTT GTC GTT GTC GTT GTT GTT TAC TAC TAC TAC TCC TCA TCT TCC AGC TCT TCC TCC TCC TCT TCC TCT TCT TGG TCT TGT TTG TTA TTG TTG TTG TTC TTC TTC TTT TTA TTA TTG TTG TTG TTG TTG TTG TTC TTC
paradoxus                                   ATG TCT AAA AAA AAG AAG CAA AAC AAT AAC AAC CAC GCT AAG AAG AAG AAG AAG AAG AGA AAC AAC AAC GTC ACC ACC ACC ACT ACT TCA ACT GAA ACC ACC ACC ACC ACT ACT ACT ACC ACC ATT AGA AGA CGT TCT AAC AAT AGC GCT ATC ATC ATC ATT ATC ATC ATG ATG TTG ATT ATC ATT ATC ATT ATG ATT ATT ATT GTC AAG ACT CAA CAA GAA GAA GAC CAC CAC CAC CAC CAT GAT CCA CCA CCA CCA CGT TTA TTG TTG TTG AAG GAA GAA GAA GAA GAA GAA GAA GAA GAC GAA GAA GAT GAC GAC GAC AAC GAC GAC GAC GAC GAC GAC GAT GAT GAC GAC GAC GAT GAT GAT GCT GCT GCT AAG CAA GCT GCC GCT ACT GAA GCA GCC GCC GCC GCC GCC GCC GCT GCT GCC GCC GCC GCC GCT GCT GCT GCA GCT GCC GCT GCT GGC GGT GGG GGT GGT GGT GTC ATC GTC GTC GTC GTC GTT GTT GTT GTT GTT GTT GTC GTC GTC GTC GTC GTT GTT GTC GTC GTT GTT GTT TAC TAC TAC TAC TCC TCA TCC TCC AGC TCT TCC TCC TCC TCT TCC TCT TCT TGG TCT TGT TTA TTA TTG TTG TTG TTC TTC TTC TTT TTA TTA TTG TTG TTG TTG TTA TTG TTC TTC
kudriavzevii                                ATG TCT AAA AAA AAG AAG CAA AAC AAC AAC AAT AAC GCT AAA AAG AAG AAG AAA AAG AGA AAC AAT AAC GTC ACC ACT ACC ACT ACT TCA ACT GAA ACC ACC ACC ACC ACT ACT ACT ACT ACT ATT AGA AGA CGT TCT AAC AAT AGC GCT ATC ATC ATC ATC ATC ATT ATG ATG TTA ATC ATC ATC ATT ATT ATG ATT ATC ATT GTC AAG GCT CAA CAA GAA GAA GAC CAC CAC CAC CAT CAT GAT CCA CCA CCA CCA CGT TTA TTG TTA TTG AAG GAA GAA GAG GAA GAA GAA GAG GAA GAC GAA GAA GAC GAC GGC GAC GAC GAC GAC GAT GAC GAC GAC GAT GAT GAC GAT GAC GAT GAC GAT ACT GCC GCT AAG CAA GCA GCC GCT ACT GAA GCA GCC GCC GCC GCC GCT GCC GCT GCT GCC GCC GCT GCT GCT GCT GCT GCT GCT GCT GCT GCT GGA GGT GGG GGT GGT GGT GTC ATC GTC GTC GTC GTC GTC GTT GTT GTT GTT ATT GTC GTT GTC GTT GTT GTT GTT GTT GTC GTT GTT GTT TAC TAC TAC TAC TCC TCA TCC TCC AGC TCT TCT TCC TCC TCT TCC TCT TCT TGG TCT TGT TTG TTA TTG TTG TTG TTC TTC TTC TTT TTA TTA TTG TTA TTG TTG TTG TTG TTC TTC



    1    1    1    1    2    3    1    5    1    1    1    1    1    1   14
    1   14    1    1    1    2    1    1    1    1    1    1    1    1    1
    1    1    1    1    1    2    1    1    1    1    1    1    8    1    2
    1    1    1    1    1    5    1    1    1    1    1    1    1    1    1
    2    1    1    1    1    3    1    2    1    1    1    5    1    1    1
    1    2    2    1    1    1    1    8    6    2    1    1    1    2    1
    1    1    1    9    1    1    1    7    1    1    1    1    1    1    1
    1    1    1    2    4    1    1    2    1    1    1    1    1    1    1
    1    1    1    1    2    1    1    1    2    4    1    1    1    1    1
    1    1    1    1    1    1    1    1    1    1    4    1    1    1    2
    1    5    1    1    1    1   16    1   17    1    1    4    1    2    1
    1    1    2    1    1    1    2    1    2    1    1    1    2    1    1
    5    1    2    3    1    2    1    1    1    1    1    1    1    1    1
    1    7    1    3    1    2    1    1    1    2    1    5    2    6    7
    1    1    1    1    1    1   15    1    1    3    3    1

CODONML (in paml version 4.4b, July 2010)  torun.nuc
Model: One dN/dS ratio for branches Global clock  (2 genes: diff. rate & k&w)  
Codon frequency model: F3x4
ns =   7  ls = 416

Codon usage in sequences
--------------------------------------------------------------------------------------------------------------
Phe TTT  4  1  1  1  1  1 | Ser TCT 18 16 16  3 16 15 | Tyr TAT  3  1  0  0  0  0 | Cys TGT  2  1  1  1  1  1
    TTC 15 18 18  8 18 18 |     TCC  3  7  8  6  6  7 |     TAC  4  6  7  1  7  7 |     TGC  0  0  0  0  0  0
Leu TTA 11  7  7  0  5  7 |     TCA  1  2  1  0  2  2 | *** TAA  0  0  0  0  0  0 | *** TGA  0  0  0  0  0  0
    TTG 24 33 34 11 36 34 |     TCG  0  0  0  0  0  0 |     TAG  0  0  0  0  0  0 | Trp TGG  2  2  2  2  2  2
--------------------------------------------------------------------------------------------------------------
Leu CTT  2  0  0  0  0  0 | Pro CCT  3  0  0  0  0  0 | His CAT  5  2  3  0  1  1 | Arg CGT  1  3  3  0  3  3
    CTC  0  0  0  0  0  0 |     CCC  0  0  0  0  0  0 |     CAC  2  5  5  1  7  7 |     CGC  0  0  0  0  0  0
    CTA  3  1  0  1  0  0 |     CCA 15 17 17  8 17 17 | Gln CAA 11  9  8  2  8  8 |     CGA  0  0  0  0  0  0
    CTG  0  0  0  0  0  0 |     CCG  0  0  0  0  0  0 |     CAG  0  0  0  0  0  0 |     CGG  0  0  0  0  0  0
--------------------------------------------------------------------------------------------------------------
Ile ATT 14 10 13  1  9 11 | Thr ACT 11  5 10 11 10  8 | Asn AAT  4  0  1  0  1  2 | Ser AGT  4  2  0  0  0  0
    ATC 10 15 12 10 14 13 |     ACC  8 14  8  1  8 10 |     AAC 10 15 13  9 13 13 |     AGC  1  1  2  0  2  2
    ATA  0  0  0  0  0  0 |     ACA  1  0  0  0  0  0 | Lys AAA  8  2  2  0  2  2 | Arg AGA 11 10 10  1 10 10
Met ATG  4  4  4  1  4  4 |     ACG  0  0  0  0  0  0 |     AAG 33 40 40 19 40 40 |     AGG  0  0  0  0  0  0
--------------------------------------------------------------------------------------------------------------
Val GTT 21 12 19 11 16 18 | Ala GCT 31 26 31 13 32 27 | Asp GAT 18  7  6  0  8  7 | Gly GGT 36 34 35 20 35 35
    GTC 15 25 18  8 22 20 |     GCC  9 12  9  6 10 13 |     GAC  9 19 21  8 18 19 |     GGC  0  2  1  0  1  1
    GTA  1  0  0  0  0  0 |     GCA  3  1  1  0  1  2 | Glu GAA 24 28 28 15 28 28 |     GGA  1  0  0  0  0  0
    GTG  0  0  0  0  0  0 |     GCG  0  0  0  0  0  0 |     GAG  0  0  0  0  1  0 |     GGG  0  1  1  0  1  1
--------------------------------------------------------------------------------------------------------------

--------------------------------------------------
Phe TTT  1 | Ser TCT 16 | Tyr TAT  0 | Cys TGT  1
    TTC 18 |     TCC  6 |     TAC  7 |     TGC  0
Leu TTA  8 |     TCA  2 | *** TAA  0 | *** TGA  0
    TTG 33 |     TCG  0 |     TAG  0 | Trp TGG  2
--------------------------------------------------
Leu CTT  0 | Pro CCT  0 | His CAT  2 | Arg CGT  3
    CTC  0 |     CCC  0 |     CAC  5 |     CGC  0
    CTA  0 |     CCA 17 | Gln CAA  8 |     CGA  0
    CTG  0 |     CCG  0 |     CAG  0 |     CGG  0
--------------------------------------------------
Ile ATT 10 | Thr ACT 11 | Asn AAT  3 | Ser AGT  0
    ATC 15 |     ACC  7 |     AAC 12 |     AGC  2
    ATA  0 |     ACA  0 | Lys AAA  4 | Arg AGA 10
Met ATG  4 |     ACG  0 |     AAG 38 |     AGG  0
--------------------------------------------------
Val GTT 20 | Ala GCT 30 | Asp GAT  7 | Gly GGT 35
    GTC 17 |     GCC 10 |     GAC 19 |     GGC  1
    GTA  0 |     GCA  2 | Glu GAA 26 |     GGA  1
    GTG  0 |     GCG  0 |     GAG  2 |     GGG  1
--------------------------------------------------

Codon position x base (3x4) table for each sequence.

#1: castellii      
position  1:    T:0.20913    C:0.10096    A:0.28606    G:0.40385
position  2:    T:0.29808    C:0.24760    A:0.31490    G:0.13942
position  3:    T:0.42548    C:0.20673    A:0.21635    G:0.15144
Average         T:0.31090    C:0.18510    A:0.27244    G:0.23157

#2: bayanus        
position  1:    T:0.22596    C:0.08894    A:0.28365    G:0.40144
position  2:    T:0.30288    C:0.24038    A:0.32212    G:0.13462
position  3:    T:0.28846    C:0.33413    A:0.18510    G:0.19231
Average         T:0.27244    C:0.22115    A:0.26362    G:0.24279

#3: mikatae        
position  1:    T:0.22837    C:0.08654    A:0.27644    G:0.40865
position  2:    T:0.30288    C:0.24279    A:0.32212    G:0.13221
position  3:    T:0.33413    C:0.29327    A:0.17788    G:0.19471
Average         T:0.28846    C:0.20753    A:0.25881    G:0.24519

#4: kluyveri       
position  1:    T:0.18436    C:0.06704    A:0.29609    G:0.45251
position  2:    T:0.29050    C:0.26816    A:0.30726    G:0.13408
position  3:    T:0.34078    C:0.32402    A:0.15084    G:0.18436
Average         T:0.27188    C:0.21974    A:0.25140    G:0.25698

#5: cerevisiae     
position  1:    T:0.22596    C:0.08654    A:0.27163    G:0.41587
position  2:    T:0.30048    C:0.24519    A:0.32212    G:0.13221
position  3:    T:0.31971    C:0.30288    A:0.17548    G:0.20192
Average         T:0.28205    C:0.21154    A:0.25641    G:0.25000

#6: paradoxus      
position  1:    T:0.22596    C:0.08654    A:0.27644    G:0.41106
position  2:    T:0.30288    C:0.24279    A:0.32212    G:0.13221
position  3:    T:0.31010    C:0.31250    A:0.18269    G:0.19471
Average         T:0.27965    C:0.21394    A:0.26042    G:0.24599

#7: kudriavzevii   
position  1:    T:0.22596    C:0.08413    A:0.27885    G:0.41106
position  2:    T:0.30288    C:0.24279    A:0.31971    G:0.13462
position  3:    T:0.33413    C:0.28606    A:0.18750    G:0.19231
Average         T:0.28766    C:0.20433    A:0.26202    G:0.24599

Codon usage in genes
--------------------------------------------------------------
Phe TTT  0 10 | Ser TCT  6 94 | Tyr TAT  0  4 | Cys TGT  0  8
    TTC  0 113 |     TCC  0 43 |     TAC  0 39 |     TGC  0  0
Leu TTA  0 45 |     TCA  0 10 | *** TAA  0  0 | *** TGA  0  0
    TTG  0 205 |     TCG  0  0 |     TAG  0  0 | Trp TGG  0 14
--------------------------------------------------------------
Leu CTT  0  2 | Pro CCT  0  3 | His CAT  0 14 | Arg CGT  0 16
    CTC  0  0 |     CCC  0  0 |     CAC  0 32 |     CGC  0  0
    CTA  0  5 |     CCA  0 108 | Gln CAA  0 54 |     CGA  0  0
    CTG  0  0 |     CCG  0  0 |     CAG  0  0 |     CGG  0  0
--------------------------------------------------------------
Ile ATT  0 68 | Thr ACT  0 66 | Asn AAT  0 11 | Ser AGT  0  6
    ATC  0 89 |     ACC  0 56 |     AAC  0 85 |     AGC  0 10
    ATA  0  0 |     ACA  0  1 | Lys AAA  0 20 | Arg AGA  0 62
Met ATG  6 19 |     ACG  0  0 |     AAG  0 250 |     AGG  0  0
--------------------------------------------------------------
Val GTT  0 117 | Ala GCT  0 190 | Asp GAT  0 53 | Gly GGT  0 230
    GTC  0 125 |     GCC  0 69 |     GAC  0 113 |     GGC  0  6
    GTA  0  1 |     GCA  0 10 | Glu GAA  0 177 |     GGA  0  2
    GTG  0  0 |     GCG  0  0 |     GAG  0  3 |     GGG  0  5
--------------------------------------------------------------

Codon position x base (3x4) table for each gene.


Gene #1
position  1:    T:0.50000    C:0.00000    A:0.50000    G:0.00000
position  2:    T:0.50000    C:0.50000    A:0.00000    G:0.00000
position  3:    T:0.50000    C:0.00000    A:0.00000    G:0.50000
Average         T:0.50000    C:0.16667    A:0.16667    G:0.16667

Gene #2
position  1:    T:0.21968    C:0.08787    A:0.27901    G:0.41344
position  2:    T:0.30004    C:0.24409    A:0.32107    G:0.13481
position  3:    T:0.33496    C:0.29290    A:0.18588    G:0.18626
Average         T:0.28489    C:0.20829    A:0.26199    G:0.24484

Sums of codon usage counts
------------------------------------------------------------------------------
Phe F TTT      10 | Ser S TCT     100 | Tyr Y TAT       4 | Cys C TGT       8
      TTC     113 |       TCC      43 |       TAC      39 |       TGC       0
Leu L TTA      45 |       TCA      10 | *** * TAA       0 | *** * TGA       0
      TTG     205 |       TCG       0 |       TAG       0 | Trp W TGG      14
------------------------------------------------------------------------------
Leu L CTT       2 | Pro P CCT       3 | His H CAT      14 | Arg R CGT      16
      CTC       0 |       CCC       0 |       CAC      32 |       CGC       0
      CTA       5 |       CCA     108 | Gln Q CAA      54 |       CGA       0
      CTG       0 |       CCG       0 |       CAG       0 |       CGG       0
------------------------------------------------------------------------------
Ile I ATT      68 | Thr T ACT      66 | Asn N AAT      11 | Ser S AGT       6
      ATC      89 |       ACC      56 |       AAC      85 |       AGC      10
      ATA       0 |       ACA       1 | Lys K AAA      20 | Arg R AGA      62
Met M ATG      25 |       ACG       0 |       AAG     250 |       AGG       0
------------------------------------------------------------------------------
Val V GTT     117 | Ala A GCT     190 | Asp D GAT      53 | Gly G GGT     230
      GTC     125 |       GCC      69 |       GAC     113 |       GGC       6
      GTA       1 |       GCA      10 | Glu E GAA     177 |       GGA       2
      GTG       0 |       GCG       0 |       GAG       3 |       GGG       5
------------------------------------------------------------------------------

(Ambiguity data are not used in the counts.)


Codon position x base (3x4) table, overall

position  1:    T:0.22093    C:0.08748    A:0.28000    G:0.41159
position  2:    T:0.30093    C:0.24523    A:0.31963    G:0.13421
position  3:    T:0.33570    C:0.29159    A:0.18505    G:0.18766
Average         T:0.28586    C:0.20810    A:0.26156    G:0.24449


Nei & Gojobori 1986. dN/dS (dN, dS)
(Pairwise deletion)
(Note: This matrix is not used in later ML. analysis.
Use runmode = -2 for ML pairwise comparison.)

castellii           
bayanus              0.0877 (0.0560 0.6387)
mikatae              0.0980 (0.0577 0.5889) 0.0820 (0.0143 0.1740)
kluyveri             0.1624 (0.1381 0.8505) 0.2265 (0.1458 0.6439) 0.2876 (0.1428 0.4966)
cerevisiae           0.0876 (0.0555 0.6337) 0.0862 (0.0153 0.1780) 0.0446 (0.0053 0.1179) 0.3028 (0.1369 0.4523)
paradoxus            0.0839 (0.0566 0.6748) 0.0675 (0.0132 0.1956) 0.0514 (0.0053 0.1021) 0.2830 (0.1384 0.4889) 0.0657 (0.0042 0.0640)
kudriavzevii         0.0974 (0.0583 0.5986) 0.0562 (0.0116 0.2066) 0.0477 (0.0074 0.1546) 0.3253 (0.1428 0.4389) 0.0432 (0.0063 0.1461) 0.0420 (0.0063 0.1503)


TREE #  1:  ((((((5, 6), 3), 7), 2), 1), 4);   MP score: -1
lnL(ntime:  6  np: 11):  -3083.312024      +0.000000
   8..9     9..10   10..11   11..12   12..13   13..5    13..6    12..3    11..7    10..2     9..1     8..4  
 0.005332 0.003245 0.000954 0.000669 0.000459 0.000277 99.000000 809.184649 0.000100 2.890120 0.114080
SEs for parameters:
 42.117559 25.632409 7.538644 5.286156 3.624174 2.189059 782022.896533 13881013189.126400 47.935212 0.375245 0.014617
Note: Branch length is defined for the first gene (site partition).
For other genes, look at "rates for genes".

tree length =   0.01627 (1st gene)

((((((5: 0.000277, 6: 0.000277): 0.000182, 3: 0.000459): 0.000210, 7: 0.000669): 0.000285, 2: 0.000954): 0.002291, 1: 0.003245): 0.002087, 4: 0.005332);

((((((cerevisiae: 0.000277, paradoxus: 0.000277): 0.000182, mikatae: 0.000459): 0.000210, kudriavzevii: 0.000669): 0.000285, bayanus: 0.000954): 0.002291, castellii: 0.003245): 0.002087, kluyveri: 0.005332);

Detailed output identifying parameters

rates for 2 genes:     1 99.00000

gene # 1: kappa = 809.18465 omega =   0.00010
gene # 2: kappa =   2.89012 omega =   0.11408

Time used:  0:58
