
seed used = 1418809565
      6   1704

castellii                                  ATG ACC ACC TTA TCT GCT GAC GCA ACC ACT GAC TTG TTA GGC AAT AAC AAG AGA CCT TAC AGT ATT GAC AGT ATC CCT GGT --- --- --- --- --- --- --- --- --- --- --- --- --- --- --- --- --- --- --- --- --- --- --- --- --- --- --- --- --- --- GCC GAC TCC ACT ATG AAT TCA GAC CTC TCT CTA AAT AAG AAA CCC AAG TTA GAT GAT GCT AAG GAA GAT GTG GAA GAT GAT GAT CAA TCA CTG AGT GTT TTT GCC AGG AGA GCT GAG AAT AAG AGC AAA TCA GAG AAT ATG ATA ATA CCA AAA ATT CCA TCC CAC CCA ATT ATT CTG AGT AAA GAC CCT GAA TCA GGT AAA TAT ATC TTA CCC AAA ATT AAT AAA GAG GAC TCG TTG AAT GCC CGA ATG TTT CTT AAA TAC TAT GGA TTA AAG AGT TTT TTA GAT TCA TTT TTA CCA GAG GAA TTA AAT TCA CTA TAC ATT TAT TTT TTA ATC AAA TTA CTA GGG TTT GAA ATA AAA GAT CGT GAT TTA TTA AAT GTT GTT TAT --- --- GAA TTC ATC GAT CCA GAT ATG CAT ATA GAT GAC AAT GAG --- TCA TTG GAA AGA ATT GAA TAC GAG GAT CCT CTA GAG AAG AAG CAG GCA GTT CGT CTC ATT AAA GAT TTA CAA AAG GCT ATC AAT AAA GTT CTT TGC ACA AGA TTA AGG TTA TCG AAT TTT TAT ACT ATT GAA CAT TTT GTC GAT AAG TTG AAG ACA GCA AAT AGA ATT TTG GTC CTT ACA GGG GCA GGT GTT TCC ACA TCT TTG GGT ATA CCT GAT TTT AGA TCA TCA GAA GGG TTT TAC TCC AAA ATT AAA CAT TTA GGC CTT GAC GAT CCG CAA GAT GTT TTC AAC TAC GAT ATA TTT ATG CAG AAT CCG TCT GTG TTC TAT AAT ATT TCC CAC ATG ATT TTA CCA CCA GAT AAC ATC TAC TCT CCC TTG CAT AGT TTC ATT AAG ATG CTT CAA GAT AAG GGG AAG TTG TTG AGG AAT TAC ACA CAA AAT ATT GAT AAT TTA GAG TCA TAT GCT GGT ATC AAG GCG GAA AAC TTG GTA CAA TGT CAT GGG TCC TTT GCT ACT GCA TCC TGT ATT ACT TGT CAT TGG AAA TTA CCT GGT GAA AAA ATC TTT GAG AAT ATA AGG AAA ATG GAA TTA CCA TTA TGT CCA TAC TGT TAT AAG AAA AGG AGA GAA TAT TTT CCC AAT GAT AAT GCT --- --- --- --- --- --- AAA TTA GAT CCA ACA TTG GCG AAA AAC AGC GGT --- AAA TTT ACA GGA CAA GCA CTA AAA TCG TAC GGT GTC TTA AAA CCA GAT ATT ACA TTT TTT GGT GAA GCC CTC CCA TCT AAA TTT CAT AAA ACC ATT CGT GAG GAT ATT TTG AAA TGT GAT CTA CTG ATT TGC ATA GGT ACC AGT TTA AAA GTG GCA CCT GTT TCT GAA ATT GTG AAT ATG GTT CCC GCA CAT GTA CCA CAA GTA CTA ATT AAT AGA GAT CCT GTG AGA CAT GCT GAG TTT GAT TTG AAC CTG TTA GGA TTT TGT GAT GAT GTT GCT GCA TTA GTA GCG CAG AAA TCA GGA TGG GAT ATT CCA CAC AAG AAA TGG GAA ATA TTA AAA ACC GAA GTC TTT GAT TGT ATA GAA AAG GAG AAA GGA ACT TAT AAC ATT TCC CAA CAT GAA GAT ACA AAT --- --- --- 
bayanus                                    --- --- --- --- --- --- --- --- --- --- --- --- --- --- --- --- --- --- --- --- --- --- --- --- --- --- --- --- --- --- --- --- --- --- --- --- --- --- --- --- --- --- --- --- --- --- --- --- --- --- --- --- --- --- --- --- --- ATG GAA TCC AAT AAG GCT GAC AAT AAA GAA TAC ACT CAG GCG GCA GTC GGG CAG GTA GCA TCA ATG GAG CTT AAA CCG GCT AGC GAC ATG GAC CCC ACA GCA GTG TCA GCA GCG TCA GCA GCG TCA ATG TCT AAT GAG GTT TTG AAA CCG GAA ACA CCC CAA GGG CCA ATA ATA ATT GGT AAA AAC ATG TCG AAC GGC ATT TTC TAT GGA CCG TCC TTT ACT AAA CGA GAG TCA CTG AAC GCT CGA ATG TTT CTA AAA TAC TAC GGT GCA CAT GAA TTC TTA GAC ACT TAT TTA CCC GAA GAG TTG AAC TCT TTA TAC GTT TAC TAT TTG ATC AAG TTG CTG GGT TTT GAA GTC AAA GAT CAA GCC CTA ATA AGC AAC ATC AAC AGT ATA GTT CAT ACA AGC ACT CCG GAG CAT ATA CAG GAT TCG GAA AAT ACA GTA TCC GCT ACC AAT GTG GAA GAT CCT CTA GCA AAA AAG CAA ACA GTC CGT TTA ATC AAA GAT TTA CAA AGA GCC ATT AAT AAA GTC TTA TGT ACA AGA TTG AGA TTG TCC AAT TTT TTC ACT ATT GAT CAT TTT ATT CAA AAA TTA CAT ACC GCT AAA AGA ATT TTG GTC CTG ACA GGT GCA GGT GTT TCT ACT TCA TTG GGG ATC CCT GAC TTT AGA TCT TCT GAA GGG TTC TAT TCG AAA ATC AGA CAT CTG GGG CTC GAT GAT CCA CAA GAT GTT TTC AAC TAT AAT ATA TTT ATG CAT GAC CCT TCC GTG TTT TAC AAC ATT GCA AAT ATG GTT CTC CCT CCA GAA AAC ATT TAT TCT CCC TTA CAC AGC TTT ATT AAG ATG CTA CAA ACA AAA GGG AAA CTA CTG AGG AAT TAC ACT CAA AAC ATT GAC AAC TTG GAA TCT TAC GCG GGT ATA AAC AAT GAT AAA TTG GTC CAA TGT CAT GGC TCT TTT GCC ACT GCC ACG TGT GTT ACT TGT CAT TGG AAC CTA CCG GGC GAG AGA ATA TTC AAT AAA ATT AGA AAC CTC GAG CTT CCA TTA TGC CCG TAT TGT TAC AAG AAA AGG AGA GAG TAC TTT CCA GAA GGA TAT AAC AGT ATT TCC AAT TCC AAT AAG ATC AAT GGG AGA GCG ATG CAA GAT TCT GCC CTA GCA AAG CCC TCG TAT ATA CTA AAC TCA TAT GGT GTC CTA AAA CCG GAT ATC ACG TTT TTT GGA GAA GCT CTA CCA AAC AAA TTT CAC AAG AGC ATC CGC CAA GAT ATT TTA GAA TGC GAT TTA TTG ATT TGC ATT GGG ACA AGT TTG AAA GTG GCG CCG GTA TCC GAG ATT GTA AAT ATG ATC CCA GCG CAC GTG CCC CAG GTC TTA ATC AAC CGC GAT CCT GTC AAA CAC GCA GAA TTC GAT CTA TCT CTT TTG GGA TAC TGT GAT GAT ATT GCA GCT ATG GTA GCA CAG GGA TGT GGT TGG GCA ATT CCC CAT AAA AAA TGG AAT GAT TTG AAA ACC AAG AAA TTT GAC TGT CAG GAA AAG GAT AAA GGG GTA TAC GTC ATC ACA TCA GAT GAA CAT CCT GGA AAT TTG --- 
mikatae                                    ATG ACC ATC CCA CAT ATG AAT CAC GCT GTA TCG AAG ACT ACT GAA AAT AAG GTT TCA AAT ACA GTA AGC TCC ACG CAA GAT CAA AAC GCG ATT AGA AAA CAG CCC GAT GAC ATT ATA AAT AAT GGA GAA CCT TCG CAT AAG AAG CCA AAA ATA GTA CAA CCA GCT TTG TTT ACG GAA AAT AAT ACA ACG GAT AAG CCT GGA TAC ACT AAG GCC GCA CTG AAA GAA GTG GCC TCG ATG GAG CTT AAA CCA GCT AGT GGT ATG GAT CCC TTA GCA GTA TCA ACA GCT TCT GTA GTG TCA ATG TCA AAT GAC GTC TTG AAA CCG GAG ACA CCC AAG GGC CCA ATC GTT ATT AGC AAG AAC TCA TCA AGT GGA GTT TTC TAT GGG CCG TCC TTC ACT AAA CGA GAG TCT GTA AAT GCT CGG ATG TTT CTA AAA TAC TAT GGT GCA CAT AGG TTT CTA GAC ACC TAT CTT CCC GAG AAT TTA AAC TCG TTA TAT ATT TAC TAT CTG ATC AAG TTA CTA GGT TTT GAG GTT AAG GAC CAA GCG CTT ATA GGC ACC ATC AAT AGT ATC GTT CAT ATA ACT CCG CCA GAA CAC CTT CAG GAT CTA GAA AGA ACA GTA TCG GTT ATA AAT ATG GAA GAG CCG TTG GCG AGG AAG CAA ACA GTC CGT TTA ATC AAA GAT TTA CAG AGA GCA ATT AAC AAG GTT TTA TGT ACA AGG TTA AGA TTG TCC AAT TTT TTC ACA ATT GAT CAT TTT ATC CAA AAA TTA CAT TCT GCC AGA AAA ATT TTA GTG TTG ACT GGC GCT GGC GTT TCT ACT TCA TTA GGA ATC CCT GAC TTT AGG TCA TCT GAA GGA TTC TAT TCA AAA ATT AGA CAT TTA GGA CTC GAT GAT CCT CAA GAC GTC TTC AAT TAC AAT ATC TTC ATG CAC GAT CCT TCT ATT TTC TAT AAT ATT GCA AAT ATG GTT CTA CCT CCG GAA AAT GTT TAT TCT CCA TTG CAC AGC TTC ATC AAG ATG CTA CAA ACG AAA GGG AAG TTA TTG AGA AAT TAT ACT CAA AAT ATT GAT AAT TTG GAA TCT TAC GCG GGA ATA AGC ACG GAT AGA TTG GTC CAA TGT CAT GGC TCT TTT GCT ACT GCA ACA TGC GTT ACT TGC CAT TGG AAC CTA CCT GGC GAG AGA ATA TTT AAT AAA ATT AGA AAT CTC GAA CTT CCG TTA TGC CCG TAC TGT TAT AAA AAA AGA AGA GAA TAT TTT CCA GAG GGA TAC AAC --- --- AGC ACT TCC AAT AGA GTA GAT AGT TCT GCA TCT CTG ACT TCT ACT TCA GAA AGG CCT CCA TAT ATT CTC AAC TCA TAT GGC GTT CTC AAA CCC GAT ATC ACT TTC TTT GGG GAA GCT CTG CCA AGT AAA TTT CAT AAG AGC ATT CGA GAA GAT ATT TTG AAA TGT GAT TTA CTG ATT TGC ATT GGG ACA AGT TTA AAG GTA GCA CCA GTA TCC GAA ATT GTA AAT ATG GTC CCT GCA CAT GTT CCC CAG GTG CTG ATT AAC CGT GAT CCC GTC AAA CAC GCA GAA TTT GAT TTA TCC CTT TTG GGG TAT TGT GAT GAT ATT GCA GCT ATG GTA GCT CAG AAG TGT GGC TGG ACA ATT GCT CAT AAA AGA TGG AAT GAC CTG AAG AAC AAA GTA TTT AAG TGC CAG GAG AAA GAT AAA GGT GTA TAT GTA GTT ACA TCA GAT GAA CAT CCC GAC ACT TTC --- 
cerevisiae                                 ATG ACC ATC CCA CAT ATG AAA TAC GCC GTA TCA AAG ACT AGC GAA AAT AAG GTT TCA AAT ACA GTA AGC CCC ACA CAA GAT AAA GAC GCG ATC AGA AAA CAA CCC GAT GAC ATT ATA AAT AAT GAT GAA CCT TCA CAT AAG AAG ATA AAA GTA GCA CAG CCG GAT TCC TTG AGG GAA ACC AAC ACA ACA GAT CCA CTT GGG CAC ACT AAA GCT GCG CTC GGA GAA GTG GCA TCG ATG GAG CTC AAA CCA ACT AAT GAC ATG GAT CCC TTG GCA GTG TCA GCA GCT TCA GTA GTG TCA ATG TCC AAT GAC GTT TTG AAA CCA GAG ACG CCC AAG GGG CCA ATC ATA ATC AGT AAA AAC CCA TCA AAT GGT ATT TTC TAT GGT CCC TCC TTC ACT AAA CGA GAG TCT CTC AAT GCT CGA ATG TTT CTG AAA TAC TAT GGT GCA CAC AAA TTT TTA GAC ACT TAC CTC CCC GAG GAT TTG AAC TCG TTA TAC ATT TAC TAT CTT ATC AAG TTG CTA GGC TTT GAA GTT AAA GAT CAA GCG CTT ATC GGC ACC ATC AAC AGT ATT GTC CAT ATC AAC TCG CAA GAG CGT GTT CAA GAT TTG GGA AGT GCA ATA TCT GTC ACA AAT GTT GAA GAC CCA TTG GCA AAA AAG CAA ACA GTT CGT CTA ATC AAA GAT TTG CAA AGA GCA ATT AAC AAA GTT CTA TGT ACA AGA TTA AGA TTA TCC AAT TTT TTC ACT ATT GAT CAT TTT ATT CAA AAA TTA CAT ACC GCT AGA AAA ATT TTG GTC CTG ACT GGT GCA GGT GTT TCA ACT TCA TTA GGG ATC CCG GAC TTC AGA TCT TCT GAG GGG TTC TAT TCA AAG ATC AAA CAT TTG GGG CTC GAT GAT CCC CAA GAC GTT TTC AAT TAC AAT ATA TTT ATG CAC GAC CCC TCT GTT TTC TAT AAT ATT GCC AAT ATG GTT TTA CCT CCA GAA AAA ATT TAT TCT CCA TTG CAT AGT TTC ATT AAG ATG CTA CAA ATG AAA GGG AAA TTA TTG AGA AAT TAT ACT CAA AAC ATT GAT AAT TTG GAA TCT TAT GCG GGA ATA AGC ACA GAT AAA CTG GTG CAG TGC CAT GGC TCT TTT GCT ACT GCC ACC TGC GTT ACC TGC CAT TGG AAC CTA CCC GGT GAG AGG ATA TTT AAT AAA ATT AGA AAC CTC GAA CTT CCA CTA TGC CCG TAC TGT TAC AAA AAA AGA AGA GAA TAT TTC CCA GAG GGA TAT AAT --- --- --- --- --- AAT AAA GTA GGT GTT GCT GCA TCA CAG GGT TCA ATG TCG GAA AGG CCT CCA TAT ATC CTT AAC TCA TAT GGC GTT CTC AAA CCA GAT ATC ACA TTC TTT GGC GAA GCA CTG CCA AAT AAA TTT CAT AAG AGC ATT CGC GAA GAT ATC TTA GAA TGT GAT TTG TTG ATT TGC ATT GGG ACA AGT TTA AAA GTA GCG CCA GTG TCT GAA ATC GTA AAC ATG GTT CCT TCC CAC GTT CCC CAA GTC CTG ATT AAT CGT GAT CCC GTC AAG CAC GCA GAA TTT GAT TTA TCT CTT TTG GGG TAC TGT GAT GAC ATT GCA GCT ATG GTA GCC CAA AAA TGT GGC TGG ACG ATT CCG CAT AAG AAA TGG AAC GAT TTG AAG AAC AAG AAC TTT AAA TGC CAA GAG AAG GAT AAG GGC GTG TAT GTC GTT ACA TCA GAT GAA CAT CCC AAA ACC CTC --- 
paradoxus                                  ATG ACC ATC TCA CAT ATG AAT CAC GCC GTA TCG AAG ACT AGT GAA AAT AAG GTT TCA AAT ACA GTA AGC CCC ACA CAA GAT AAA GAC GCG ATC AGA AAA CAA CCC GAT GAC ACT ATA AAT AAT AGT GAA CCT TTG CAT AAG AAG TCA AAA GTA GCA CAG CCG GCT TCC TTG ATG GAA ACC AAG ATA ACA AAT AGG CTT GGG CAC ACT AAG GCT GCG CTT GGA GAA GTG GCA TCA ATG GAG CTT AAA CCA GCC AAT GAC ATG GAT CCC TTG GCA GTG TCA GCA GCT TCA GTA GCG TCG ATG TCT AAT GAC GTT TTG AAG CCG GAG ACG CCC AAG GGG CCA ATT ATA ATC AGT AAA AAC TCA TCA AGT GGC GTT TTT TAC GGA CCA TCC TTC ACT AAA CGA GAG TCT TTA AAT GCT CGA ATG TTC CTG AAA TAT TAT GGT GCA CAC AGA TTT CTA GAC ACC TAC CTC CCC GAG GAT TTG AAC TCG TTA TAT ATA TAC TAT CTG ATT AAG TTG CTA GGC TTT GAA GTC AAG GAT CAA GCG CTT ATC GGC ACC ATC AAC AGT ATT GTT CAT ATA AAC CCG CCA GAG CCC CTC CAA GAT TTG GAA AGT ACA ATT TCT GTT ACA AGT GTG GAA GAC CCG TTG GCA AAA AAG CAA ACA GTT CGT CTA ATC AAA GAT TTA CAA AGG GCG ATT AAC AAG GTT TTG TGT ACA AGA TTA AGA TTA TCC AAT TTT TTC ACC ATT GAT CAT TTT ATT CAA AAA TTA CAT ACC GCT AAA AAA ATT TTG GTC CTG ACT GGT GCA GGT GTT TCA ACT TCA TTA GGG ATC CCT GAC TTT AGA TCT TCT GAA GGG TTC TAT TCA AAG ATC AGG CAT TTG GGG CTC GAT GAT CCT CAG GAC GTT TTC AAT TAC AAT ATA TTT ATG CAC GAT CCT TCT GTT TTC TAT AAT ATT GCA AAT ATG GTT TTA CCG CCA GAA AAC ATT TAT TCT CCA TTG CAT AGT TTC ATT AAG ATG CTA CAA ACA AAA GGG AAG TTA TTG AGG AAT TAT ACT CAA AAC ATT GAT AAT TTG GAA TCT TAT GCT GGA ATA AGC ACA GAT AAA CTG GTC CAG TGC CAT GGC TCT TTT GCT ACT GCC ACC TGT GTT ACT TGC CAT TGG AAC CTA CCC GGT GAG AGA ATA TTT AAT AAA ATT AGG AAC CTC GAA CTT CCA TTA TGC CCG TAC TGC TAT AAA AAA AGA AGA GAG TAT TTC CCG GAA GGA TAT AAT AGT ACT TCA AAT TCT AAT AAA GTA GAA GTC GCT GCA TCT CAG GTT TCA GCA CCG GAA AGG CCT CCA TAT ATC CTC AAC TCA TAC GGT GTT CTC AAA CCC GAT ATC ACG TTC TTT GGT GAA GCT CTG CCA AAT AAA TTT CAC AAG AGT ATT CGT GAA GAT ATC CTG GAA TGC GAT TTG TTG ATC TGC ATC GGG ACA AGT TTA AAA GTA GCA CCA GTA TCC GAA ATC GTA AAT ATG ATC CCT GCC CAC GTT CCC CAA GTC CTG ATT AAC CGT GAT CCG GTA AAG CAC GCA GAA TTT GAT TTG TCC CTT TTG GGG TAC TGC GAT GAT ATT GCG GCT ATG GTA GCT CAG AAA TGT GGC TGG ACA ATT CCG CAT AAA AAA TGG AAT GAT TTA AAG AAC GAG AAC TTT AAA TGC CAG GAG AAT GAT AAG GGC GTG TAC ATC GTT ACA TCA GAC GAA CAT CCA GAA ATC TCT AAG 
kudriavzevii                               ATG ACC ATC CCT CAT ATG AAT CAC GCC GTA TCG AAG AAT GCT AAA AAT AAG GTT TCA AGT GCA ATA TGC CCC ACG CAA GAT CGA AAC GGG ATC AGG AAA CAA CCC GAT GAC AAT ATA GTT AAT GAA CTG TCT TCG CAT AAA AAG CCA AAA GCG TCC CAC CCC AAT TCC TTG ATG AAA CCT AAA ACG ACT GAC AAG CAT GAA CGC ACT CAG GCT GCG CTA GAG GAC GTA GCA TCA TTA CAA CTT AGA CCG GCT GAT GAC ATG GAT CCG GTA ACA GTG TCA GCA GCT TCA GTA GTG TCA ATG TCC AAT GAC GTT TTG AAG CCA GAA ACA CCC AAA GGG CCG ATT ATA ATT GGT AAG AAT ACT TTA AGT GGC ATT TTT TAT GGA CCT TCT TTT TCT AAA GGG GAG TCT CTT AAT GCT CGA ATG TTT CTA AAG TAT TAC GGC GCA CAT AAA TTT CTA GAC ACC TAT CTC CCC GAA AAT TTG AAT TCG TTA TAC ATT TAC TAT CTA ATC AAA TTA CTA GGT TTT GAA GTC AAG GAT CAA GCG CTT ATC GGC ACT ATC AAC AGT ATT GTT CAT ATA AGC CCA CCC GAG CAT CCA CAG GAT TCG AAA AAT ACG ATA TCT GTT ACC AAT GTA GAA GAC CCG TTG GCA AAG AAA CAA ACA GTT CGT CTA ATC AAA GAT TTA CAA AGA GCA ATC AAT AAG GTT CTA TGC ACA AGA TTG AGG TTA TCC AAT TTT TTC ACT GTC GAT CAT TTT GTT CAA AAA TTA CAT ACC GCT CAA AAA ATT TTG GTC CTG ACA GGT GCA GGA GTT TCA ACT TCG TTA GGA ATC CCT GAC TTC AGA TCC TCT GAA GGG TTT TAT TCA AGA ATC AGA CAT TTG GGG CTC GAC GAT CCT CAG GAT GTT TTC AAT TAT AAT ATT TTT ATG CAC GAT CCT TCC GTT TTT TAT AAT ATC GCC AAT ATG GTT CTA CCT CCG GAA AAC ATT TAT TCT CCA TTG CAT AGC TTT ATT AAG ATG TTA CAA GCA AAG GGT AAA TTA TTG AGG AAT TAT ACT CAA AAC ATT GAC AAT TTA GAA TCC TAT GCT GGA ATA AGC GCT GAT AAA TTA GTT CAG TGC CAC GGT TCT TTT GCT ACT GCC ACA TGC GTT ACT TGT CAT TGG AAT CTA CCT GGC GAG AGG ATA TTC AAT AAA ATC AGG AAC CTT GAA CTT CCA CTA TGC CCG TAT TGC TTT AAA AAA AGA AGA GAG TAT TTC CCA GAG GGG TAC AAC AGT CCA TCT AAC TCC AAC AGA TTG GAC GGT ACA TCT TCA CAA GAT TCG GCT CCG ACA AGA CCT CCA TAT ATC CTC AAC TCA TAC GGT GTC CTC AAA CCA GAT ATC ACG TTT TTT GGC GAG GCT TTG CCA AGT AAA TTC CAC AAG AGT ATC CGT GAA GAC ATT TTG GAA TGT GAT TTG TTG ATT TGC ATT GGA ACA AGT TTG AAA GTG GCA CCA GTA TCC GAG ATC GTA AAT ATG GTC CCT GCG CAC GTT CCT CAA GTC CTG ATC AAC TAT GAC CCC GTC AAG CAC GCA GAA TTT GAC CTA TCC CTC TTG GGT TAC TGT GAT GAT GTT GCA GCC ATG GTT GCT CAG AAA TGT GGT TGG ACA ATT CCC CAC AAG AAA TGG AAT GAT TTA AAG AAC AAG AAA TTC GAA TGC CGG GAG AAA GAT AAA GGT GTA TAT GTC GTC GCA TCA GAT GAA CAC CCA GGG ACT TTA --- 



Printing out site pattern counts


         6       1557  P

castellii                                   --- --- --- --- --- --- --- --- --- --- --- --- --- --- --- --- --- --- --- --- --- --- --- --- --- --- --- --- --- --- --- --- --- --- --- --- --- --- --- --- --- --- AAA AAA AAA AAA AAA AAA AAA AAA AAA AAA AAA AAA AAA AAA AAA AAA AAA AAA AAA AAA AAA AAA AAA AAA AAA AAA AAC AAC AAC AAC AAC AAC AAC AAG AAG AAG AAG AAG AAG AAG AAG AAG AAG AAG AAG AAG AAG AAG AAG AAG AAG AAT AAT AAT AAT AAT AAT AAT AAT AAT AAT AAT AAT AAT AAT AAT AAT AAT AAT AAT AAT AAT ACA ACA ACA ACA ACA ACA ACA ACA ACC ACC ACC ACC ACC ACC ACT ACT ACT ACT ACT ACT AGA AGA AGA AGA AGA AGA AGA AGA AGC AGC AGG AGG AGG AGG AGG AGT AGT AGT AGT AGT AGT AGT ATA ATA ATA ATA ATA ATA ATA ATA ATA ATA ATC ATC ATC ATC ATC ATC ATC ATG ATG ATG ATG ATG ATG ATT ATT ATT ATT ATT ATT ATT ATT ATT ATT ATT ATT ATT ATT ATT ATT ATT ATT ATT CAA CAA CAA CAA CAA CAA CAA CAA CAC CAC CAC CAG CAG CAG CAT CAT CAT CAT CAT CAT CAT CAT CCA CCA CCA CCA CCA CCA CCA CCA CCA CCA CCA CCA CCA CCC CCC CCC CCC CCC CCG CCG CCT CCT CCT CCT CCT CCT CCT CCT CGA CGT CGT CGT CTA CTA CTA CTA CTA CTA CTA CTC CTC CTC CTG CTG CTG CTG CTT CTT CTT CTT CTT GAA GAA GAA GAA GAA GAA GAA GAA GAA GAA GAA GAA GAA GAA GAA GAA GAA GAA GAA GAC GAC GAC GAC GAC GAC GAC GAC GAC GAG GAG GAG GAG GAG GAG GAG GAG GAG GAT GAT GAT GAT GAT GAT GAT GAT GAT GAT GAT GAT GAT GAT GAT GAT GAT GAT GAT GAT GAT GAT GAT GAT GAT GAT GAT GCA GCA GCA GCA GCA GCA GCA GCA GCA GCC GCC GCC GCC GCG GCG GCG GCT GCT GCT GCT GCT GCT GCT GCT GCT GGA GGA GGA GGA GGA GGC GGC GGG GGG GGG GGG GGG GGT GGT GGT GGT GGT GGT GGT GGT GGT GGT GTA GTA GTA GTA GTC GTC GTC GTC GTG GTG GTG GTG GTG GTT GTT GTT GTT GTT GTT GTT GTT GTT GTT TAC TAC TAC TAC TAC TAC TAC TAC TAT TAT TAT TAT TAT TAT TAT TAT TAT TCA TCA TCA TCA TCA TCA TCA TCA TCA TCA TCA TCC TCC TCC TCC TCC TCC TCC TCC TCG TCG TCG TCT TCT TCT TCT TCT TCT TCT TGC TGC TGG TGT TGT TGT TGT TGT TGT TGT TGT TTA TTA TTA TTA TTA TTA TTA TTA TTA TTA TTA TTA TTA TTA TTA TTA TTA TTA TTA TTA TTA TTA TTA TTA TTA TTA TTC TTC TTC TTG TTG TTG TTG TTG TTG TTG TTG TTG TTG TTG TTG TTG TTT TTT TTT TTT TTT TTT TTT TTT TTT TTT TTT TTT TTT TTT TTT
bayanus                                     --- --- --- --- --- --- --- --- --- --- --- --- --- --- --- --- --- --- --- --- --- --- --- --- --- --- --- --- --- --- AAT AAT AAT AAT AGT AGT ATA ATT CTA TCC TCC TTG AAA AAA AAA AAA AAA AAA AAA AAA AAA AAC AAC AAC AAG AAG AAG AGA AGA ATG ATT CAA GAA GAA GCA GCG GGA TCC --- AAA AAC AAC GAT GTC TCT --- AAA AAA AAA AAA AAA AAC AAG AAG AAG AAG AGA CAG CAT CAT GCG GTC TCA --- AAA AAA AAC AAC AAC AAC AAT AAT AAT ACT ACT AGC GAA GAC GAG GCA GCT GGA TAT TCG ACA ACA ACC ACG ACT AGA CCC CCT --- --- --- ACA ACC AGC --- AAT ACT ACT ACT GTA --- AAA AGA AGA AGA CGC GCA GCT TCA TCT AGA AGA AGG AGG TCA --- --- AGC AGT CCC GAA GGT AAA ATA ATA ATC ATT ATT CAG GAT GTC TTG --- ACA ATA ATC ATT ATT TAT --- AAG ATG CTC GAG GTT --- ACA ACC ATA ATA ATC ATC ATC ATC ATT ATT ATT ATT ATT ATT ATT GTT GTT TTT CAA CAA CAA CAA CAG GAC TAT TCA AAT CAT GGG CAA CAG CAT CAC CAC CAC CAC CAT CAT CAT GAT ACT CCA CCA CCA CCA CCC CCC CCC CCG CCG CCG CCT GGG CCA CCA CCC CCG GCA CCA CCT --- --- ATG CCG CCG CCT CCT CCT CGA CAA CGC CGT CTA CTA CTG TAC TTA TTA TTA AAA CTA TTA ATT CTT GAC TTG CTA CTA CTC CTG TTA AAA AAG AAT AAT ATG GAA GAA GAA GAA GAA GAG GAG GAG GAG GAG GAT GTT TCC TCG --- --- --- AAC AAT GAA GAG GAT GAT AAT CAA CGA GAA GAA GAA GAT GCA TCA AAT AAT ACA AGC AGC CAA CAG CAG CAT CCG CCG GAA GAC GAC GAC GAG GAT GAT GAT GAT GAT GAT GCA GCC GCT GGA GTA --- ACA ATA GCA GCC GCG GCG GCT GCT ATG GCT GCT GTG AAT ATG GCA --- AAC GCA GCA GCA GCC GCC GCG GCG GGA GGG GGT GGT TCG --- GGG GGC GGG GGG GGT GGT --- GCC GGA GGC GGC GGG GGG GGT GGT GGT GTA GTC GTC GTG AAA ATT GTC GTC CTT GTA GTC GTG GTG AAC ACA ATC ATC ATT GTA GTC GTC GTT GTT --- GTG TAC TAC TAC TAT TAT TAT AAC TAC TAC TAC TAC TAC TAC TTC TTC AAC ACA ACT ATG GAC TCT TCT TCT TCT TCT TGT ACA ACG CAA GCA TCC TCG TCT TCT TCA TCA TCC --- AAC GAA TCA TCC TCC TCT TGC TGT TGG TGC TGC TGT TGT TGT TGT TGT TGT --- --- ATA ATC ATG CTA CTA CTA CTC CTG CTT GCA GGA GGG TTA TTA TTA TTA TTG TTG TTG TTG TTG TTG TTG TTG CAT TTC TTT --- CTA CTA CTG CTG GCG GTA TTA TTA TTA TTG TTG TTG AAG GCA TAC TAT TAT TTC TTC TTC TTT TTT TTT TTT TTT TTT TTT
mikatae                                     --- AAA AAC AAG AAG AAT AAT AGA ATA ATA ATT ATT CAA CAA CAG CAT CCA CCA CCC CCT GAA GAC GAT GCG GCT GGA GTA TCG TTG TTT AAT ACT ACT AGA --- AGT ATC --- TCA AGC TCC TTC AAA AAA AAA AAA AAG AAG AAG AAG AGA AAC AAC AAT AAG AAG AGA AGA AGA ATG GTT CTG AAA GAG GAA GCC AAG TCC AAT AGA AAT AAT ACT GTA TCC AAG AAA AAA AAA AAG AGG AGC AAA AAA AAG AAG AGA AAG CAT CAT GTG CTG TCG GAA AAA AGA AAC AAC AAT AAT AAC AAT AAT ACT ACT GGC GAG GAT GAC GTA ACG GAC TAC CTA ACA ACT TCT ACT ACT TCT CCT CCC ACC ATC GCT ACA AAC AGC GTA AAT ACA ACT ACT GTA GTT AAA AAA AGA AGG CGT ACA GTT TCA TCT AGA AGA AGA AGA TCA ACA TCC AGC AGT CCC AGG AGC AAA ATC CTT ATC ATT ATT CAG GAC GTT TTG ACG ATA ATA ATC ATT GTT TAT ATG ACA ATG CTC GAA GTC GTA ACA ATA ATC GTT ATC ATT ATT GTT ATC ATT ATT ATT ATT ATT ATT ATT GTT TTC CAA CAA CAA CAG CAG GGT TAT TCA AAT CAT GGC CAA CAG CAC CAC CAC CAT CAT CAC CAT CAT GAT CCG CCA CCA CCG CCG CCC CCC GCT CCC CCG CCG CCT AGT CCA CCT CCA CCG GCA CCT CCT CAA TCA TCA CCA CCT CCC CCG CCT CGG CAA CGA CGT CTC TTG CTA TAC CTG TTA TTA CCT CTG TTA ATT CTT GAT CTG CTA CTA CTC TTG TTA AAA AAA AAT AAT ATG GAA GAA GAA GAG GAG AAT GAA GAA GAA GAG GAT GTT TCG TCA AAT AGC TCG AAC AAG GAA GAG GAT GAT AAT GAA CGA GAA GAA GAG GAT GCG TCT AAT GAT ACG ACT AGT CAA CAG GAA CAT CCA CCA GAA AAG GAC GAT GAG GAC GAC GAG GAT GAT GAT ACA GCG GCT GGA GTG CAC ACA ATT GCT GCA GCA GCA GCC GCT ACG GCT GCT GTA ACG TCT GCT ATG AAC GCA GCA GCC GCA GCT GCG GCT GGG GGT GGC GGT CCA ACT GGA GGC GGA GGG GGC GGT GAT ACT GGG GGA GGC GGA GGG GGA GGC GGC GTA GTC GTG GTT GTA ATC GTG GTT CTT GTA GTC ATT GTA ACC TTA ATC GTC ATT GTA GTC GTT GTC GTT AAT ATG TAC TAT TAT TAC TAT TAT AAT TAC TAC TAT TAT TAT TAT TTC TTC AGT ACA ACC ATG GAT TCA TCA TCG TCT TCT TGT ACA ACA AAG GCA AAT TCA TCT TCT TCA TCT TCC CAT AGT GGA TCA TCC TCT TCT TGC TGT TGG TGC TGT TGC TGC TGC TGT TGT TGT ACT CCA ATA GTA ATG CTA CTC CTT CTA TTA CTT GCA GGG AAA CTA CTT TTA TTA CTG CTG TTA TTA TTA TTG TTG TTG CAT TTC TTC AAG TTA TTA GTA TTG GCA GTA TTA TTG TTG TTA TTA TTG AGG GCA TAT TAT TAT TTC TTT TTT TTC TTC TTT TTT TTT TTT TTT
cerevisiae                                  --- AAA GAC AAG AAG AAT AAT AGA ATA GTA ATC ATT AAA CAG CAA CAT ATA CCG CCC CCT GAA GAC GAT GCG GAT GAT GCA TCA TCC TTG AAT --- ACC AGT --- AGT ATT --- TCG --- --- CTC AAA AAA AAG AAG AAA AAA AAA AAG AAA AAC AAC AAC AAG AAG AAA AAA AGG ATG ATT CAG GAA GAG GAA GCT AAA TCC AAT AAA AAA AAT GGT GTC TCT AAG AAA AAA AAG AAA AAA AGC AAA AAG AAG AAG AGA AAA CAC CAT GTG CTC TCG GAA AAA AGA AAC AAT AAC AAT AAC AAC AAT ACT ACT GGC GAG GAC GAC GTA ACA AAA TAT TTG ACA ACT ACC ACA ACT GCT CCT CCC ACC ATC GCC ACA AAC AGC GTA AAC ACT ACC ACT GTG GTT AAG AAA AGA AGA CGT GCA GTC TCA TCA AGA AGA AGA AGA TCA ACA CCC AGT AGT CCC AAA AGT AAA ATA GTT ATC ATT ATT CAA GAT GTT TTG ACA ATC ATA ATC ATT ATT TAT ATG ACA ATG CTC GAG GTT GTA ACG ACA ATC ATA ATC ATC ATT GTT ATT ATC ATC ATT ATT ATT ATT ATT GTT TTC CAA CAA CAG CAA CAA GAC TAT TCA AAT CAT GGG CAA CAA CAC CAC CAT CAC CAT CGT CAT CAT GAT TCG CCA CCA CCA CCA CCC CCC CCG CCA CCA CCG CCT GTT CCA CCT CCA CCC GCG CCC CCC CAA TCA CCA CCA CCC CCC CCA CCG CGA CAA CGC CGT CTT TTG CTA CAC CTG TTA TTG CTT CTG CTA ATC CTT GAT TTG CTA CTG CTC CTG CTA AAA AAG AAC AAT ATG GAA GAA GAG GAA GAG GAT GAA GAA GAA GAG GAT GTC TCT TCA AAA AGC TCA AAC CCA GAA GAG GAT GAT AAT GAA CGA GAA GGA GAG GAT GCA TCA AAT GGT ATG AAC AAT CAA CAA GAA CAT CAA CCA GAA AAA GAC GAT GAG GAC GAT GAC GAC GAT GAT ACG GCG ACT GGA GTG TAC ACA ATC GCA GCC GCG TCC GCT GCT AGG GCA GCT GTG ACA TCA GCC ATG AAT GCA GCA GCA GCA GCT GCG GCT GGG GGC GGC GGT CCA AGC GGG GGC GGG GGG GGT GGC GAT ATG GGC GGT GGT GGG GGG GGA GGC GGT GTA GTG GTC GTT AAC ATT GTC GTT CTC GTA GTC GTT GTA ACC TTG ATC GTT ATT GTG GTT GTT GTT GTT AAT GTT TAC TAC TAT TAC TAT TAT AAC TAC TAT TAC TAT TAT TAT TTC TTC AAT GCA ACT ATG GAT TCC TCT TCG TCT TCT TGT ACA ACC AAG GCC ACC TCA TCA TCT TCA TCT TCC CAT AAT GGG TCA TCT TCT TCT TGC TGT TGG TGC TGT TGC TGC TGC TGC TGT TGT ACT CCA ATC GTA ATG CTA CTC CTT TTA TTG CTT GCA GGT GGA TTA CTC CTA TTG CTT TTG TTA TTG TTG TTA TTG TTG CAT TTC TTC AAG TTA TTA CTC TTG GCA ATA TTA TTA TTG TTA TTG CTG AGG GCA TAC TAC TAT TTC TTT TTT TTC TTT TTC TTC TTT TTT TTT
paradoxus                                   AAG AAA GAC AAG AAG AAT AAT AGA ATA GTA ATC ACT AAA CAG CAA CAT TCA CCG CCC CCT GAA GAC GAT GCG GCT AGT GCA TTG TCC TTG AAT AAT ATC AGT AGT AGT ATT ACT CCG TCA TCT TCT AAA AAA AAG AAG AAA AAA AAG AAG AAA AAC AAC AAC AAG AAG AAA AGG AGA ATG GTT CAG GAA GAG GAA GCT AAA TCC AAT AAA AAC AAT GTT ATC TCC AAG AAA AAA AAA AAG AAA AGC AAA AAT AAG AAG AGG AAG CAC CAT GCG CTT TCA GAA AAA AAA AAC AAC AAC AAT AAC AAT AAT ACT ACT GGC GAA GAT GAC GTA ACA GAA TAT TTG ACA ACT ACC ACG ACT GCT CCT CCA ACC ATC GCC ACA AAC AGT GTA AAG ACC ACT ACT GTG GTT AAG AAA AGA AGA CGT GCA GTT TCG TCA AGA AGG AGA AGG TCA ACA CCC AGT AGT CCC AGA AGT AAG ATA CTC ATC ATC ATT CAG GAT GTC TTG ACA ATA ATA ATT ATT ATT TAC ATG ATA ATG CTC GAG GTT GTA ACG ACA ATT ATA ATC ATC ATT GTT ATT ATC ATC ATC ATT ATT ATT ATA GTT TTC CAA CAG CAG CAA CAA GAC TAT TCA AAT CAT GGG CAA CAG CAC CAC CAT CAC CAC CCC CAT CAT GAC CCG CCA CCA CCA CCA CCC CCC CCG CCC CCG CCG CCG GTC CCG CCT CCA CCA GCG CCT CCT CAA TCA TCA CCA CCC CCG CCG CCT CGA CAA CGT CGT CTC TTG CTA CAC CTG TTA TTG CTT CTG CTA ATC CTT GAT TTG CTA CTG CTC CTG TTG AAA GAG AAT AGT ATG GAA GAA GAA GAA GAG GAT GAA GAA GAG GAG GAT GTT TCT TCA AAT AGC TCG AAC AGG GAA GAG GAT GAT AAT GAA CGA GAA GAA GAG GAT GCA TCA AAT GAA ACA AAC AAT CAA CAA GAA CAT CCA CCA GAA AAA GAC GAT GAG GAC GAT GAC GAT GAT GAT ACA GCG GCC GGA GTG CAC ACA ATC GCA GCC GCA GCC GCT GCT ATG GCT GCT GTG ACA TCT GCT ATG AAT GCA GCG GCA GCG GCT GCT GCT GGG GGC GGC GGT CCA AGT GGG GGC GGG GGG GGT GGC GAT GCA GGT GGC GGT GGG GGG GGA GGT GGT GTA GTC GTC GTT AAC ATT GTC GTT CTT GTA GTA GTT GTA ACC TTG ATC ATC ATT GTA GTT GTT GTT GTT AAT GTG TAT TAT TAT TAC TAC TAT AAC TAC TAT TAT TAC TAT TAT TTC TTT AGT ACA ACC ATG AAT TCT TCT TCG TCT TCT TGT ACA ACC AAG GCA ACC TCA TCA TCT TCA TCT TCC CAT AAT GGG TCA TCC TCT TCT TGC TGT TGG TGC TGC TGC TGC TGT TGC TGC TGC ACT TCA ATC GTA ATG CTA CTC CTT TTA TTG CTT GCA GGA GGA CTA CTC TTA TTA CTG TTA TTA TTG TTG TTA TTG TTG CAT TTC TTC AAG TTA TTG TTA TTG GCA ATT TTA CTG TTG TTA TTG CTG AGG GCA TAC TAC TAT TTC TTT TTT TTC TTT TTC TTT TTC TTT TTT
kudriavzevii                                --- AAA AAC AAA AAG AAT GTT AGG ATA GCG ATC AAT CGA CAC CAA CAT CCA CCC CCC TCT CTG GAC GAT GGG AAT GAA TCC TCG TCC TTG AAC AAC ACT AAT AGT AGT ATT CCA CCG TCT TCC TTA AAA AAG AAA AGA AAA AAG AAG AAG AAA AAC AAT AAC AAA AAG AGA AGA AGG ATG ATT CAA GAA GAA ACA GCT AAA TCT AAT AAA AAC AAT GAT GTC TCC AAG AAA AAG AAG AAA AAG AGC AAA AAA AAA AAG AGA CAG CAT CAT GTG CTA TCA AAA AAA CAA AAT AAC AAC AAT AAT AAT AAT ACT TCT GGC GAG GAT GAC GTA ACT GGG TAC TCG ACA ACA ACC ACG ACT ACA CCT CCA ACC ATC GCC ACA AAC AGT GTA AAA ACT ACT ACT GTA GTT AAG AAA AGA AGA TAT GCA GTT TCA TCG AGG AGG AGA AGG TCA GCA CCC AGC AGT CCG AAA GGT AAG ATT CCA ATC ATT ATC CGG GAT GTC TTG ACG ATA ATA ATC ATC ATT TAT ATG ACG ATG CTT GAG GTT ATA ACA ACC ATT ATA ATC ATC ATC GTC ATT ATC ATT ATT ATC ATT GTC ATT GTT TTT CAA CAG CAG CAA CAA GAC TAT TCA AAT CAC GGG CAA CAG CAC CAC CAT CAC CAC CAT CAC CAT GAT CCA CCA CCG CCA CCG CCC CCT CCC CCA CCA CCG CCT GGT CCA CCT CCA CCT GCG CCT CCT CAA TCA ACT CCA CCT CCC CCG CCT CGA CAA CGT CGT CTC TTG CTA CGC CTG TTA TTG CAT TTG CTA ATT CTC GAT TTG TTA CTA CTC CTG CTA AGA AAG AAT AAT TTA GAA GAG GAA GAA GAG AAT GAA GAG GAG GAG GAT GTT TCT TTA AAT TGC TCG AAT AAG AAA GAG GAC GAT AAT GAA GGG GAA AAA GAA GAT GCA TCA AAT GAC GCA AGC GAT CAA CAG GAC CAC CCC CCG GAA GAA GAC GAC CAA GAT GAT GAC GAT GAC GAT ACA GCG GCT GGG GTA CAC ACA ATC GCA GCC GCA GCG GCT GCC ATG GCT GCT GTG GCT TCA GCT ATG AAC GCA GCA GCA GCA GCT GCT GCT GGT GGT GGT GGC CCA GCT GGG GGT GGG GGT GGT GGT GAT GCT GGC GGC GGC GGA GGA GGA GGT GGA GTT GTT GTC GTT AAA GTT GTC GTC CTT GTA GTC GTT GTG ACT GTA ATC GTC GTT GTA GTT GTT GTT GTT AGT GTA TAT TAC TAT TAT TAC TAT AAC TAC TAT TTT TAT TAC TAT TTC TTT AGT ACG ACC ATG GAC TCC TCC TCG TCC TCT TGT GCA ACA AAA GCC CCT TCA TCA TCT TCA TCT TCC CAT AGT GAA TCG TCC TCC TCT TGC TGC TGG TGC TGT TGC TGT TGC TGC TGC TGT AAT CCT ATC TTG ATG CTA CTC CTT CTA TTG CTT GCA GGA GAG CTA CTC CTA TTA CTA TTA TTG TTA TTG TTA TTA TTG CAT TTC TTT AAG TTA CTA CTT TTG TCT ATA TTA TTG TTG TTA TTG TTA AGA ACA TAC TAT TAT TTT TTC TTT TTT TTT TTC TTC TTT TTC TTT



    1    2    1    1    1    1    1    1    1    1    1    1    1    1    1
    1    1    1    1    1    1    1    1    1    1    1    1    1    1    1
    1    1    1    1    1    1    1    1    1    1    1    1    5    1    1
    1    1    1    2    1    1    1    1    1    1    1    1    1    1    1
    1    1    1    1    1    1    1    1    1    1    1    1    1    1    1
    1    1    1    1    1    1    1    1    1    1    1    1    1    1    1
    1    1    1    1    1    1    1    1    1    3    1    1    2    1    1
    1    1    1    1    1    1    1    1    1    1    1    1    1    2    1
    1    1    1    1    1    1    1    1    1    1    1    1    1    1    1
    1    1    1    2    1    1    1    1    1    1    1    1    1    1    1
    1    1    1    1    1    1    1    1    1    1    1    1    1    1    1
    1    1    1    2    1    1    1    1    1    1    5    1    1    1    1
    1    1    1    1    2    1    2    1    1    1    1    1    1    3    1
    1    2    1    2    1    1    1    1    1    1    1    1    1    1    1
    1    1    1    1    1    1    1    1    3    1    1    1    1    1    1
    2    1    1    1    1    1    1    1    1    1    1    1    1    1    1
    1    1    1    1    1    1    1    1    1    1    1    1    1    1    1
    1    1    1    1    1    1    1    1    1    1    1    1    1    1    1
    1    1    1    1    1    1    1    1    1    1    1    1    1    1    1
    1    2    1    1    1    1    1    1    1    1    1    1    1    1    2
    1    1    3    1    1    1    1    1    1    1    1    1    1    1    1
    1    1    1    1    1    1    2    1    1    1    1    1    1    3    5
    1    1    1    1    1    1    1    1    1    1    1    1    1    1    1
    1    1    1    1    1    1    1    1    1    1    1    1    1    1    1
    1    1    1    1    1    1    1    1    1    1    1    1    1    1    1
    1    1    1    1    1    1    1    1    1    1    1    1    1    1    1
    1    1    1    1    1    1    1    1    1    1    1    1    1    1    1
    1    1    1    1    1    2    1    2    1    1    1    1    1    1    2
    1    1    1    1    1    1    1    1    1    1    1    1    1    1    1
    1    1    1    1    1    1    1    1    1    1    1    1    1    1    1
    1    1    1    3    1    1    1    1    1    1    1    1    1    1    1
    1    1    1    1    1    1    1    1    1    1    1    1    1    1    1
    1    1    2    1    1    1    1    1    1    1    2    1    1    1    1
    1    1    1    1    1    1    1    1    1    1    1    1    1    1    1
    1    2    1    1    1    1    1    2    5

CODONML (in paml version 4.4b, July 2010)  torun.nuc
Model: One dN/dS ratio for branches Global clock 
Codon frequency model: F3x4
ns =   6  ls = 568

Codon usage in sequences
--------------------------------------------------------------------------------------------------------------
Phe TTT 21 15 14 12 13 16 | Ser TCT  7 10 12 10 12 10 | Tyr TAT 10 10 15 13 13 15 | Cys TGT  8  8  6  5  3  4
    TTC  4  7 10 10  9  7 |     TCC  8  8  6  5  5 10 |     TAC 10 12  7  9  8  6 |     TGC  2  3  5  6  8  8
Leu TTA 27 12 17 11 12 14 |     TCA 11  8 12 14 15 10 | *** TAA  0  0  0  0  0  0 | *** TGA  0  0  0  0  0  0
    TTG 13 15 11 17 18 16 |     TCG  3  4  5  4  3  6 |     TAG  0  0  0  0  0  0 | Trp TGG  3  3  3  3  3  3
--------------------------------------------------------------------------------------------------------------
Leu CTT  5  3  6  6  6  5 | Pro CCT  8  6  9  4  6 11 | His CAT 10 11 13 12 11 11 | Arg CGT  3  1  2  3  3  2
    CTC  3  3  4  8  6  5 |     CCC  5  7  8 12  9  8 |     CAC  3  4  5  5  7  9 |     CGC  0  2  0  1  0  1
    CTA  7 11  7  6  5 11 |     CCA 14  7 11 15 11 13 | Gln CAA  9 11 10 14 10 12 |     CGA  1  2  2  2  2  2
    CTG  4  5  7  5  7  3 |     CCG  2  8  7  4 10  7 |     CAG  3  6  6  3  6  5 |     CGG  0  0  1  0  0  1
--------------------------------------------------------------------------------------------------------------
Ile ATT 24 18 21 19 17 14 | Thr ACT  6  9 15 10 10 10 | Asn AAT 24 18 26 21 24 25 | Ser AGT  7  3  6  5 11  7
    ATC  8 11 11 15 17 16 |     ACC  6  3  3  7  7  4 |     AAC  7 18  9 14 13 11 |     AGC  2  5  6  4  2  3
    ATA 10  9  7  7  8  7 |     ACA  9 10 12 11 12 10 | Lys AAA 31 27 23 33 25 28 | Arg AGA  9 10 14 10  8 10
Met ATG 10 12 12 13 12 11 |     ACG  0  2  5  2  2  4 |     AAG 18 10 19 16 20 17 |     AGG  5  2  5  3  6  5
--------------------------------------------------------------------------------------------------------------
Val GTT 10  7 14 17 16 17 | Ala GCT  9  7 11  7 11 12 | Asp GAT 34 20 22 24 22 20 | Gly GGT 10  8  4  8  6 10
    GTC  4 10  6  6  5  9 |     GCC  4  5  3  4  4  4 |     GAC  9  8  8 10  9 14 |     GGC  2  3  8  7  6  5
    GTA  4  6 15  8 10  8 |     GCA  9 14 11 13 12 12 | Glu GAA 20 17 18 17 21 15 |     GGA  5  6  8  4  4  5
    GTG  5  5  4  6  4  3 |     GCG  3  7  4  5  6  4 |     GAG 12  9  9  9  9  9 |     GGG  5  9  5  8  8  7
--------------------------------------------------------------------------------------------------------------

Codon position x base (3x4) table for each sequence.

#1: castellii      
position  1:    T:0.24190    C:0.14667    A:0.33524    G:0.27619
position  2:    T:0.30286    C:0.19810    A:0.38095    G:0.11810
position  3:    T:0.37333    C:0.14667    A:0.31619    G:0.16381
Average         T:0.30603    C:0.16381    A:0.34413    G:0.18603

#2: bayanus        
position  1:    T:0.22549    C:0.17059    A:0.32745    G:0.27647
position  2:    T:0.29216    C:0.22549    A:0.35490    G:0.12745
position  3:    T:0.30196    C:0.21373    A:0.29412    G:0.19020
Average         T:0.27320    C:0.20327    A:0.32549    G:0.19804

#3: mikatae        
position  1:    T:0.21770    C:0.17345    A:0.34336    G:0.26549
position  2:    T:0.29381    C:0.23717    A:0.33628    G:0.13274
position  3:    T:0.34690    C:0.17522    A:0.29558    G:0.18230
Average         T:0.28614    C:0.19528    A:0.32507    G:0.19351

#4: cerevisiae     
position  1:    T:0.21174    C:0.17794    A:0.33808    G:0.27224
position  2:    T:0.29537    C:0.22598    A:0.35587    G:0.12278
position  3:    T:0.31317    C:0.21886    A:0.29359    G:0.17438
Average         T:0.27343    C:0.20759    A:0.32918    G:0.18980

#5: paradoxus      
position  1:    T:0.21479    C:0.17430    A:0.34155    G:0.26937
position  2:    T:0.29049    C:0.23768    A:0.34859    G:0.12324
position  3:    T:0.32394    C:0.20246    A:0.27289    G:0.20070
Average         T:0.27641    C:0.20481    A:0.32101    G:0.19777

#6: kudriavzevii   
position  1:    T:0.22046    C:0.18695    A:0.32099    G:0.27160
position  2:    T:0.28571    C:0.23810    A:0.34744    G:0.12875
position  3:    T:0.33333    C:0.21164    A:0.27690    G:0.17813
Average         T:0.27984    C:0.21223    A:0.31511    G:0.19283

Sums of codon usage counts
------------------------------------------------------------------------------
Phe F TTT      91 | Ser S TCT      61 | Tyr Y TAT      76 | Cys C TGT      34
      TTC      47 |       TCC      42 |       TAC      52 |       TGC      32
Leu L TTA      93 |       TCA      70 | *** * TAA       0 | *** * TGA       0
      TTG      90 |       TCG      25 |       TAG       0 | Trp W TGG      18
------------------------------------------------------------------------------
Leu L CTT      31 | Pro P CCT      44 | His H CAT      68 | Arg R CGT      14
      CTC      29 |       CCC      49 |       CAC      33 |       CGC       4
      CTA      47 |       CCA      71 | Gln Q CAA      66 |       CGA      11
      CTG      31 |       CCG      38 |       CAG      29 |       CGG       2
------------------------------------------------------------------------------
Ile I ATT     113 | Thr T ACT      60 | Asn N AAT     138 | Ser S AGT      39
      ATC      78 |       ACC      30 |       AAC      72 |       AGC      22
      ATA      48 |       ACA      64 | Lys K AAA     167 | Arg R AGA      61
Met M ATG      70 |       ACG      15 |       AAG     100 |       AGG      26
------------------------------------------------------------------------------
Val V GTT      81 | Ala A GCT      57 | Asp D GAT     142 | Gly G GGT      46
      GTC      40 |       GCC      24 |       GAC      58 |       GGC      31
      GTA      51 |       GCA      71 | Glu E GAA     108 |       GGA      32
      GTG      27 |       GCG      29 |       GAG      57 |       GGG      42
------------------------------------------------------------------------------

(Ambiguity data are not used in the counts.)


Codon position x base (3x4) table, overall

position  1:    T:0.22172    C:0.17197    A:0.33455    G:0.27176
position  2:    T:0.29330    C:0.22748    A:0.35365    G:0.12557
position  3:    T:0.33212    C:0.19503    A:0.29117    G:0.18168
Average         T:0.28238    C:0.19816    A:0.32646    G:0.19300

Codon frequencies under model, for use in evolver (TTT TTC TTA TTG ... GGG):
  0.02261941  0.01328245  0.01983071  0.01237354
  0.01754349  0.01030179  0.01538059  0.00959685
  0.02727428  0.01601586  0.00000000  0.00000000
  0.00968401  0.00568659  0.00000000  0.00529746
  0.01754474  0.01030253  0.01538169  0.00959753
  0.01360761  0.00799058  0.01192996  0.00744379
  0.02115529  0.01242270  0.01854710  0.01157262
  0.00751140  0.00441080  0.00658534  0.00410897
  0.03413024  0.02004178  0.02992240  0.01867033
  0.02647123  0.01554429  0.02320766  0.01448061
  0.04115394  0.02416620  0.03608017  0.02251252
  0.01461212  0.00858045  0.01281063  0.00799330
  0.02772502  0.01628054  0.02430687  0.01516647
  0.02150338  0.01262710  0.01885227  0.01176303
  0.03343058  0.01963093  0.02930900  0.01828760
  0.01186986  0.00697016  0.01040646  0.00649319



Nei & Gojobori 1986. dN/dS (dN, dS)
(Pairwise deletion)
(Note: This matrix is not used in later ML. analysis.
Use runmode = -2 for ML pairwise comparison.)

castellii           
bayanus             -1.0000 (0.2856 -1.0000)
mikatae             -1.0000 (0.3215 -1.0000) 0.0693 (0.0890 1.2842)
cerevisiae          -1.0000 (0.3137 -1.0000) 0.0634 (0.0762 1.2023) 0.0784 (0.0594 0.7584)
paradoxus           -1.0000 (0.3089 -1.0000) 0.0585 (0.0692 1.1838) 0.0790 (0.0569 0.7201) 0.1022 (0.0384 0.3753)
kudriavzevii        -1.0000 (0.3115 -1.0000) 0.0685 (0.0758 1.1064) 0.0741 (0.0879 1.1856) 0.0827 (0.0806 0.9749) 0.0937 (0.0767 0.8183)


TREE #  1:  (((((4, 5), 3), 6), 2), 1);   MP score: -1
lnL(ntime:  5  np:  7):  -6555.237014      +0.000000
   7..8     8..9     9..10   10..11   11..4    11..5    10..3     9..6     8..2     7..1  
 1.915913 0.501082 0.428975 0.303327 0.190272 3.041967 0.096953
SEs for parameters:
 0.139717 0.026882 0.023038 0.019304 0.014657 0.230838 0.006616

tree length =   5.25548

(((((4: 0.190272, 5: 0.190272): 0.113055, 3: 0.303327): 0.125647, 6: 0.428975): 0.072107, 2: 0.501082): 1.414832, 1: 1.915913);

(((((cerevisiae: 0.190272, paradoxus: 0.190272): 0.113055, mikatae: 0.303327): 0.125647, kudriavzevii: 0.428975): 0.072107, bayanus: 0.501082): 1.414832, castellii: 1.915913);

Detailed output identifying parameters

kappa (ts/tv) =  3.04197

omega (dN/dS) =  0.09695

dN & dS for each branch

 branch          t       N       S   dN/dS      dN      dS  N*dN  S*dS

   7..8      1.415  1257.2   446.8  0.0970  0.1370  1.4132 172.3 631.4
   8..9      0.072  1257.2   446.8  0.0970  0.0070  0.0720   8.8  32.2
   9..10     0.126  1257.2   446.8  0.0970  0.0122  0.1255  15.3  56.1
  10..11     0.113  1257.2   446.8  0.0970  0.0109  0.1129  13.8  50.5
  11..4      0.190  1257.2   446.8  0.0970  0.0184  0.1901  23.2  84.9
  11..5      0.190  1257.2   446.8  0.0970  0.0184  0.1901  23.2  84.9
  10..3      0.303  1257.2   446.8  0.0970  0.0294  0.3030  36.9 135.4
   9..6      0.429  1257.2   446.8  0.0970  0.0415  0.4285  52.2 191.4
   8..2      0.501  1257.2   446.8  0.0970  0.0485  0.5005  61.0 223.6
   7..1      1.916  1257.2   446.8  0.0970  0.1855  1.9137 233.3 855.0

tree length for dN:       0.5090
tree length for dS:       5.2495


Time used:  0:07
