
seed used = 1418839661
      5   1629

castellii                                  ATG AAT TCT CTT CAA GAT CCC TTC CAC CGT AAA ACT TTT CAA CGA AAA AAC CTG AAG AAT TTA TCG CTG CAG GAT AGC ACA ACC TCA CAA ATA CCC GCT TCA GCC CCA ATA AAC CAT ATG CCC TTC TCG AAC ATC CCC TCA TCT AAG CCA AAC ATA AAC CAA CCG ATG GGA CCT CCC TCC ACA TCA GAT AAT ACT AGC GCT TAC TTT AAT CAA AAG AGA GGT AAC ATT TTT GCA AGA AGA GGC TTA AAA AAG AAT CTG ACG TTG CAT GTC TCA --- AAT GCC CCA ACT CCC ATA AAA ACA CAG CAG GAA CTG CCA TCC CTT CCA ACA AAT GAC ACT ATA ATA ATA CAA TCA CAA TCG CAG CAA CAA --- --- --- --- --- --- --- --- --- --- --- --- --- --- --- --- --- --- --- --- CAT CAA CAA CAG ATA TCT CCG TCG TCA TCA TCA TCG CCT --- --- --- --- --- --- --- --- --- --- --- --- --- --- --- --- --- --- --- --- --- --- --- --- --- AAC GAA CCT CCT TCG CCC GCA GCA AAG GAT ATA CCA --- --- --- --- --- --- ACA AAG GAC TCC ATA TAC CAA CTT CAG GAT TTG GTC CGT CTG GGG AAG ATT GGT GCA GGG AAT TCA GGA ACT GTA ATA AAG GCC CTT CAC GTC CCC AGC TCA AAG ATA ATA GCA CAA AAG ATT ATA CCG CTT GAG AAA AAC AAC GAA ATC GTA GTT AAC CAA CTA ATT AGA GAA CTC ACA ATA ATG AAA AGT ATT AAA CCA CAT AAG AAT ATC ATT TCT TTT TAT GCA GCA TTC TAT ACT CAT CAT CAA AAT AAT GAG ATC GTC ATA TTG ATG GAG TAT ATG GAC TGT GGG TCT CTT GAT AGG ATA TTC TCC ACT TAT AAG CGG TTC GTC GCT AGG GGT GTC TTA GAC CCT CGT GAG AAG AAT TGG TTT AAC GAT TCC TTG ATA CTG TCA AGG ATC TCG TAT GCC GTT TTG AAT GGG TTG AAT TAT TTG TAT GAA AAT TAT AAG ATC ATT CAT AGA GAT ATT AAA CCT TCC AAT GTA TTG ATT AAT TCT AAA GGG TTA GTT AAA TTG TGC GAT TTT GGT GTC TCT AAG AAA TTA ATT AAT TCA ATA GCA GAT ACC TTT GTG GGA ACA TCC ACT TAC ATG TCA CCA GAG AGA ATA CAG GGG AAC GTC TAT TCC ACT AAG GGT GAT GTC TGG TCT CTT GGA TTA ATG ATC ATT GAA CTA GTG ACG GGA CAA TTC CCA TTG GGG --- GTT GGA GAG ACT CCA GAG GGA ATA CTG GAT CTT TTA CAA AGG ATT GTC AAT GAG CCA TCT CCC CAG TTA CCA AAG ACT GAC AAA TTC TCC GTA GAA ATG ACT GAT TTC GTT AAT AGG TGT TGT GTC AAG GAT GAA AAG GAT AGA TCT TCC ATT CAT GAA TTG TTA GTC CAT GAT TTC ATA TTG ATG TAT AAA GAT CCC TTA TAC AAT AGG GAA TTT CGA CAT TGG TGT AAA ATG ATC AAG TCA TAT ATA AAA CAG GAT AAA CAG ATT AAG AGA GAG GAC AAC GAG AGG GCT AAA CTA GAG AAA AGA CAG TTG GAT AAG GCC TCT GAA GCC GCC AGA GAT AAT AGA CGA --- 
bayanus                                    --- --- --- --- --- --- ATG TTT CAA CGG AAG ACT TTA CAA AGA CGG AAT TTG AAG GGG CTT AAT CTG AAC --- --- CTA CAG GCA GAT TTG GCC AGC AAT GGC GAA GTG --- CAG GAA AAA ACA GAG GCT CAC CAA GGG CCC TCT CGA ATA GAA GGC CAG TTG ATG TCT AAC ATT AAC GCG GTA CAA AAC AAC AGT --- --- --- --- --- --- --- --- AAT TTG TAC TTG CGA AGA GGT TTG AAA AAA AAA CTG ACG CTG GAT GCA TCC GTA AAT GAA CAG GCT GAA CGG CAG CCC AAC GCT GTG GTC ATT CAG CAA CCG CAA AAT GAG TCT GTG TTG GTC CTG GCA TCT CTA TCG CAA TCT CCA TGT TTG TCT GCA TCT TCT TCT TCT TTG TCC ACG CCA TGC ATA ATA GAT GCG TAC AGT AAT AAT TTT GGA CTA TCG CCA TCA TCT ACG AAT TCT ACC CCA TCG ACG ATA CAG GGA TTG TCA ACC GTT GCC ACA CCT GTC GAG AAC GAG CAC TCA ATA TTA CTG CCG CCC TTG GAG GAA AGC CTA TCG CCA ACC ACT GCG GAT TTG AAG GAT ACG TTA TCG GGA ACG CCA AAT GAT AAT TGT ATT CAA CTT CAG GAT TTG GTT CAG TTG GGG AAA ATC GGT GCT GGG AAC TCG GGA ACT GTA GTG AAG GCA TTA CAC GTT CCA GAT TCC AAA ATC GTG GCC AAA AAG ACC ATT CCT GTG GAA CAG AAC AAT AGC ACC ATC ATC AAC CAA TTA GTC AGG GAG TTG TCC ATT GTC AAA AAC GTC AAG CCT CAC GAA AAT ATC ATC ACC TTT TAT GGC GCA TAT TAT AAT CAG CAT ATA AAC AAC GAA ATT ATC ATA TTG ATG GAA TAT TCG GAC TGT GGC TCT TTA GAT AAA ATA TTA TCC GTT TAT AAA AGG TTT GTC CAA AGA GGA ACA GTT TCA AGT AAA --- AAA ACC TGG TTT AAC --- GAA CTT ACC ATA TCA AAG ATA TCA CAT GGT GTG CTT AAC GGG TTG GAC CAT TTG TAC CGA CAG TAT AAG ATC ATT CAC CGT GAT ATT AAG CCT TCC AAT GTT CTG ATT AAT AGT AAA GGA CAG ATT AAA TTG TGT GAT TTT GGT GTT TCC AAA AAA CTA GTA AAC TCT ATC GCT GAT ACG TTT GTT GGG ACA TCC ACT TAC ATG TCG CCC GAG AGG ATA CAA GGG AAT GTT TAT TCC ATT AAG GGA GAC GTT TGG TCG TTG GGG TTG ATG ATC ATT GAG TTG GTA ACC GGG GAG TTC CCC TTA GGT GGG CAT AAC GAC ACC CCC GAT GGT ATA CTA GAT TTA CTG CAA CGG ATT GTT AAT GAG CCT TCA CCG AGG TTA CCC AAG GAT CGC GTC TTT TCC AAA GAA CTG ACA GAT TTC GTC AAT AGA TGT TGT ATC AAG AAC GAA AGA GAG AGA TCA TCG ATT AAT GAA TTG TTA CAC CAC GAC CTC ATA CTA AAA TAT GCA ACA GCA TCC AAA GAT GAC AAA TTT AGA CAT TGG TGT AAG AAA ATC AAG TCC AAG ATA AAG GAG GAT AAG AAC ATA AAA AGA GAA GCC TTA GAA CGT GCT AAG CTG GAA AAG AGA CAA TGT GAA AAA TCA ACA AAT TCG AAC ACA CCG AAT ACA AGC ACA 
mikatae                                    --- --- --- --- --- --- ATG TTT CAA CGG AAA ACT TTA CAA AGA CGG AAC TTG AAA GGG CTT AAC CTC AAC --- --- TTG CAT ACA GAT GTG GCC AGT AAC GGA AGC CTA TCG CAA GAA AAG ATA GAA GAT CAC CAA GAA CAT TCC CGA ATA GAA AGC CAC GTG ATG TCG CAC ATT AAT GCG ATA CAA AAT AAG AGC --- --- --- --- --- --- --- --- AAT CTG TTT TTG CGC AGA GGT ATA AAA AAA AAT CTG ACG TTG GAT GCG AGT ATG GAT GAG CAA GCA ATA TCG AAG CCA AGC ACC GTT GTA ATA CAA CAA CCG CAA AAT GAA CCC GTG TTG ATT TTA TCC TCT TTG TCG CAA TCT CCA TGC GTG TCA TCA TCC TCA TCT --- TTG TCT ACA CCG TGC ATT ATC GAT GCG TAC AGC AGT AAT TTT GGA TTA TCA CCA TCA TCC ACG AAT TCT ACT CCC TCT ACA GTG CAG GGA TTG TCC AAT ATG ACC ACA CCC ATT GAT AAT GAG CAT TCT ATA TCA TTA CCT CCC TTG GCG GAA AGC TTA TCG CCA ACA ACA GCA AAT TTG CAA GAT ACT TTT TCG GCA ACA TCG AAT GAT AAT AAT ATC CAA CTT CAA GAT TTG GTT CAA TTG GGG AAA ATT GGT GCC GGG AAC TCT GGA ACC GTG GTG AAA GCA TTA CAT GTT CCT GAT TCT AAA ATT GTT GCC AAA AAA ACA ATT CCT GTG GAA CAG AAT AAC AGC ACA ATT ATC AAC CAA TTA GTT AGA GAA TTA TCT ATC GTC AAA AAT GTC AAG CCT CAT GAA AAC ATC ATC ACC TTT TAT GGG GCA TAT TAT AAC CAA CAC ATA AAC AAC GAA ATT ATA ATT CTA ATG GAA TAC TCA GAT TGC GGT TCT TTA GAT AAA ATA CTA TCT GTT TAT AAA AGG TTC GTT CAA AGA GGA AGT GTC TCG AAA AAG --- AAG ACT TGG TTC AAT --- GAA CTT ACA ATC TCG AAA ATA TCG TAC GGC GTG CTC AAT GGA CTA GAT CAT CTG TAC CGA CAG TAC AAG ATC ATT CAT CGT GAT ATT AAG CCT TCC AAT GTC TTG ATA AAC AGT AAA GGA CAG ATT AAG TTA TGT GAT TTT GGA GTG TCC AAG AAA CTA ATA AAT TCT ATA GCT GAC ACA TTT GTT GGC ACT TCC ACT TAT ATG TCA CCA GAG AGA ATA CAG GGG AAT GTT TAT TCT ATC AAA GGA GAT GTT TGG TCG TTG GGG TTA ATG ATT ATC GAG CTA GTA ACT GGG GAG TTT CCC CTA GGT GGG CAT AAC GAT ACA CCC GAT GGT ATA TTA GAT TTA CTG CAA CGT ATT GTA AAC GAG CCT TCA CCA AGA TTA CCC AAA GAC CGT GTC TTT TCC AGA GAA ATG ACA GAT TTT GTT AAT AGG TGT TGT ATC AAA AAT GAA AGA GAA AGA TCG TCG ATC AAT GAA CTA CTA CAT CAT GAC CTT ATA ATG AAA TAT GCA TCA CCG TCC AAA GAT GAT AAG TTT AGA CAT TGG TGT AAA AAA ATA AAA TCC AAG ATA AAG GAA GAT AAG AGA ATC AAA AGA GAT GCA TTA GAC CGT GCG AAA TTG GAG AAG AAG CAA TCA GAT AAT CCA ACC CAT --- --- --- --- --- --- --- --- 
cerevisiae                                 --- --- --- --- --- --- ATG TTT CAA CGA AAG ACT TTA CAG AGA AGG AAC TTG AAA GGG CTC AAT CTT AAC --- --- CTG CAC CCA GAT GTG GGC AAT AAT GGC CAA TTG --- CAG GAA AAG ACA GAG ACT CAC CAG GGA CAA TCT CGA ATA GAA GGC CAC GTG ATG TCT AAC ATT AAT GCA ATA CAG AAT AAT AGC --- --- --- --- --- --- --- --- AAC CTG TTT TTG CGA AGA GGC ATA AAA AAA AAA CTG ACG TTG GAT GCG TTT GGT GAT GAC CAA GCT ATA TCG AAA CCA AAC ACT GTG GTA ATA CAG CAA CCG CAA AAT GAA CCT GTT TTA GTT CTG TCT TCT CTA TCA CAA TCC CCG TGT GTA TCA TCA TCA TCA TCT --- TTG TCC ACG CCA TGC ATT ATA GAT GCG TAC AGT AAT AAT TTC GGA TTA TCG CCA TCA TCC ACG AAT TCT ACT CCC TCT ACG ATT CAG GGA TTG TCC AAT ATT GCA ACA CCA GTT GAA AAC GAA CAT TCG ATA TCA CTA CCA CCT TTG GAG GAA AGC CTA TCG CCA GCC GCA GCA GAT CTG AAA GAT ACG TTG TCG GGA ACT TCA AAT GGT AAT TAT ATA CAA CTC CAG GAC TTG GTT CAG TTG GGG AAA ATT GGT GCT GGA AAT TCT GGA ACT GTG GTG AAG GCA CTA CAT GTT CCT GAT TCC AAA ATA GTT GCC AAA AAA ACC ATT CCT GTG GAA CAG AAT AAC AGT ACA ATC ATC AAC CAA TTA GTT AGG GAA TTA TCT ATC GTC AAA AAC GTT AAG CCC CAT GAA AAC ATT ATC ACC TTC TAT GGA GCT TAT TAT AAC CAG CAT ATA AAT AAT GAA ATC ATA ATT TTA ATG GAA TAC TCT GAT TGT GGT TCT TTA GAT AAA ATA CTG TCC GTT TAT AAA AGG TTT GTT CAA AGA GGG ACT GTT TCG AGT AAG --- AAA ACC TGG TTC AAC --- GAA TTA ACA ATA TCA AAA ATA GCG TAT GGC GTA CTA AAT GGC TTG GAT CAT TTG TAC CGA CAA TAT AAG ATC ATT CAT CGT GAT ATC AAG CCT TCC AAT GTT CTG ATT AAT AGT AAG GGG CAG ATT AAG TTA TGT GAT TTT GGA GTT TCC AAA AAA CTA ATA AAT TCT ATC GCT GAT ACA TTT GTT GGA ACG TCC ACT TAT ATG TCA CCA GAG AGG ATA CAA GGA AAC GTT TAT TCT ATC AAA GGG GAC GTT TGG TCA TTG GGC TTA ATG ATC ATC GAG CTG GTA ACT GGA GAG TTT CCC CTA GGT GGG CAT AAC GAT ACA CCT GAT GGC ATA TTG GAT TTG CTG CAA CGT ATT GTC AAC GAG CCT TCA CCA AGA TTA CCC AAA GAC CGT ATC TAT TCC AAG GAA ATG ACA GAT TTT GTC AAT AGG TGT TGT ATT AAG AAT GAA AGG GAA AGG TCA TCG ATT CAT GAA TTG CTA CAT CAT GAT CTT ATA ATG AAA TAC GTA TCA CCG TCT AAA GAT GAT AAA TTT AGA CAT TGG TGT AGA AAA ATA AAA TCT AAA ATA AAG GAA GAC AAG AGA ATT AAA AGA GAA GCC TTG GAC CGT GCC AAG TTA GAA AAG AAA CAA TCG GAA AGA TCA ACC CAT --- --- --- --- --- --- --- --- 
paradoxus                                  --- --- --- --- --- --- ATG TTT CAA CGA AAG ACT TTG CAG AGA CGG AAC TTG AAA GGG CTC AAT CTC AAC --- --- CTG CAC CCA GAT GTA GGC AGC AAC GGC GAA TTG --- CAA GAA AAG ACA GAG ACT CAT CAA GGA CAA TCT CGA ATA GAA GGC CAC GTG ATG TCT GGC ATT AAT GCA GTA CAA AAT AAC AGT --- --- --- --- --- --- --- --- ATT CTG TTT TTA AGG AGA GGT ATA AAA AAG AAA CTG ACG TTG GAT GCA TTT GCG GAC GAA CAA GCC ACA TCG AAG CCA AGC ACC GTT GTA ATA CAG CAA CCT CAG AAT GAA CCT GTA TTG GTT CTG TCG TCT CTA TCG CAA TCT CCA TGT GTA TCA TCA TCA TCA TCT --- TTG TCT ACA CCA TGC ATT ATA GAT GCC TAC AGT AAT AAT TTT GGA CTA TCG CCA TCA TCC ACG AAT TCT ACT CCC TCT ACG ATC CAG GGG TTG TCC AAT ATT GCA ACA CCT GTT GAA AAT GAA CAT TCG ATA TCA CTG CCA CCT TTG CAG GAA AGC CTA TCG CCG GCC GCA GTG GAT TTG AAA GAT ACG TTA TCG GGA ACC TCA AAC GGT AAT TAT ATA CAA CTT CAG GAC TTG GTT CAA CTC GGG AAA ATT GGT GCT GGA AAC TCT GGA ACT GTG GTG AAG GCA TTA CAT GTT CCT GAC TCC AAA ATA GTT GCC AAA AAA ACC ATT CCT GTG GAA CAG AAC AAC AGC ACA ATC ATC AAT CAA TTA GTT AGG GAA TTA TCT ATC GTC AAA AAC GTC AAG CCC CAT GAA AAC ATC ATC ACC TTT TAT GGA GCA TAT TAT AAC CAG CAT ATA AAT AAT GAA ATC ATA ATT TTA ATG GAG TAT TCT GAT TGT GGT TCT TTA GAT AAA ATA CTG TCC GTT TAT AAA AGG TTT GTT CAG AGA GGA GCT GTT TCG AGC AAG --- AAA ACT TGG TTC AAT --- GAA TTA ACA ATA TCG AAA ATA GCA TAT GGT GTA CTC AAT GGG TTG GAT CAT TTG TAC CGA CAG TAT AAA ATC ATT CAT CGC GAT ATT AAG CCT TCC AAT GTT TTG ATT AAT AGC AAG GGG CAG ATT AAG TTA TGT GAT TTT GGA GTT TCC AAA AAA CTA ATA AAT TCT ATC GCT GAT ACA TTC GTT GGG ACA TCC ACT TAC ATG TCA CCA GAG AGA ATA CAA GGG AAT GTT TAT TCT ATC AAA GGA GAT GTT TGG TCG TTG GGG TTA ATG ATT ATC GAG CTC GTA ACT GGA GAG TTC CCC CTT GGT GGG CAT AAC GAT ACA CCC GAT GGC ATA TTG GAT TTG CTG CAA CGT ATA GTC AAT GAG CCT TCA CCA AGA TTA CCC AAG GAT CGT ATT TTT TCC AAA GAA ATG ACG GAT TTT GTC AAC AGG TGT TGT GTT AAG AAT GAA AGA GAA AGG TCG TCG ATT AAT GAA CTG CTA CAC CAT GAC CTC ATA ATG AAA TAT GTA TCG CCG TCT AAA GAT GAT AAA TTT AGA CAT TGG TGT AAA AAA ATA AAA TCT AAG ATA AAG GAA GAT AAG AGA ATT AAA AGA GAA GCC TTG GAC CGT GCC AAG CTA GAA AAG AAA CAA TCT GAA AGA TCA ACC CAT --- --- --- --- --- --- --- --- 



Printing out site pattern counts


         5       1461  P G
G 2       59    428

castellii                                   --- AAA AAA AAA AAA AAC AAG AAG AAG AAT AAT AAT AGA AGA AGA AGG AGG ATA ATC ATG ATG ATT CAA CAG CAG CAG CAT CCC CCC CGA CGA CTA CTT GAA GAA GAC GAG GAG GAG GAT GAT GAT GAT GAT GCC GCC GCC GCT TAC TAT TAT TCA TCT TCT TGG TGT TTA TTG TTT --- --- --- --- --- --- --- --- --- --- --- --- --- --- --- --- --- --- --- --- --- --- --- --- --- --- --- --- --- --- --- --- --- --- --- --- --- --- --- --- --- --- --- --- --- --- --- --- --- AAA AAA AAA AAA AAA AAA AAA AAA AAA AAC AAC AAC AAC AAC AAC AAC AAC AAC AAC AAC AAG AAG AAG AAG AAG AAG AAG AAG AAG AAG AAG AAG AAG AAT AAT AAT AAT AAT AAT AAT AAT AAT AAT AAT AAT AAT AAT AAT ACA ACA ACA ACA ACA ACA ACA ACC ACC ACG ACG ACT ACT ACT ACT ACT ACT ACT ACT ACT ACT ACT AGA AGA AGA AGA AGA AGA AGA AGC AGC AGC AGG AGG AGG AGG AGG AGT ATA ATA ATA ATA ATA ATA ATA ATA ATA ATA ATA ATA ATA ATA ATA ATA ATA ATA ATA ATC ATC ATC ATC ATC ATC ATC ATG ATG ATG ATG ATG ATT ATT ATT ATT ATT ATT ATT ATT ATT ATT ATT ATT ATT CAA CAA CAA CAA CAA CAA CAA CAA CAA CAA CAA CAA CAA CAC CAC CAG CAG CAG CAG CAG CAG CAG CAG CAT CAT CAT CAT CAT CAT CAT CCA CCA CCA CCA CCA CCA CCA CCA CCA CCA CCA CCC CCC CCC CCC CCC CCC CCC CCC CCG CCG CCG CCT CCT CCT CCT CCT CCT CGA CGG CGT CGT CGT CTA CTA CTC CTG CTG CTG CTG CTG CTG CTG CTT CTT CTT CTT CTT CTT CTT GAA GAA GAA GAA GAA GAA GAC GAC GAC GAC GAC GAG GAG GAG GAG GAG GAG GAT GAT GAT GAT GAT GAT GAT GAT GAT GAT GCA GCA GCA GCA GCA GCA GCA GCA GCC GCC GCC GCC GCT GCT GCT GGA GGA GGA GGA GGA GGA GGA GGC GGG GGG GGG GGG GGG GGG GGG GGT GGT GGT GGT GTA GTA GTA GTA GTC GTC GTC GTC GTC GTC GTC GTC GTC GTG GTG GTT GTT GTT GTT GTT TAC TAC TAC TAT TAT TAT TAT TAT TAT TCA TCA TCA TCA TCA TCA TCA TCA TCA TCA TCA TCA TCA TCA TCC TCC TCC TCC TCC TCC TCC TCC TCG TCG TCG TCG TCG TCG TCG TCT TCT TCT TCT TCT TCT TCT TCT TCT TGC TGG TGT TGT TTA TTA TTA TTA TTA TTA TTA TTA TTA TTC TTC TTC TTC TTC TTC TTC TTC TTC TTG TTG TTG TTG TTG TTG TTG TTG TTG TTG TTG TTG TTT TTT TTT TTT TTT TTT TTT
bayanus                                     ACA AAG AAG AAG GCA TTA AAA AAA AAG --- AAT GAT ACA AGA AGA CGT GAC ATA ATC --- AAA ATA --- AAC CAA GAG CAT ATG GCA AGA AGC CTG --- AAA AAT GCC GAA GAA GAA --- ACA CCG GAA GAT AAC TCA TCG GCT AAA AAG TAT TCC --- ACA TGG TGT TCC TGT TTT AAC ACA ACC ACG ACG ACG ACG AGT ATA ATA ATA ATA CAC CAG CCA CCA CCA CCC CCG CCT CTG GAG GAG GAT GCA GCC GCG GGA GGA GGG GTA GTC GTT TAC TCA TCA TCC TCG TCG TCT TCT TCT TCT TGC TGT TTA TTA TTG TTG AAA AAA AAA AAG AAG CAG CAG CGG GTC --- AAC AAC AAC AAT AAT AAT ATA GAG GCT GGC --- AAA AAA AAA AAG AAG AAG AAG AAT AGA GAA GCG TCT --- AAA AAC AAC AAC AAT AAT AAT AAT AAT AAT ACC CAG GAC GGG ACA CAA CCA CCC CTA GCG TCC ACG CAG ACC ACG AAC AAT ACA ACC ACT ACT ATT GAT GCT GTT TCT --- AGA AGA AGG AGG CGA CGT --- AGT GAT AAA AAG AGA AGA CGG AAC ACC ATA ATA ATC ATC ATT ATT CGG CTA GAA GTC GTG GTG GTG GTG TGT TTG TTG TTG ACC ATA ATC ATC ATC ATT CAC ATG CTG GAA GTC TCG ACC ATC ATC ATT ATT ATT ATT ATT ATT GTA GTC GTC TTG --- AAA AAT ATA CAA CAA CAG CTG GAG GAT TCT TCT TTT CAA CAC AAC AAC AGG CAA CAG GCT GGA TCG AAT AAT CAC CAG CAG CAT GAT AAG ATT CAG CCC CCC CCC CCG CCT CCT CGA GAA AAA ATT CAA CCA CCA CCG GAA GCC CCA CCT TTG AAC ACC AGC AGT CCT CTA AGA AGG AAA CAG CGG TTA TTG TTG ATA CTA CTG CTG GTC TTG TTG CAA CTT GTG TTA TTA TTA TTG AGC CGA GAA GAG GAG GTG CGC GAC GAG GAT TCA --- GAA GAA GAC GAG GAT --- AAC CAA GAC GAC GAG GAT GAT GAT GAT ACC ACT GCA GCC GCT GCT GGC TTG GAA GCA GGC GGT --- AGC CAA AAC GGA GGG GGG GGG GGT TCT GGT GGA GGC GGG GGG GGG GGG GGT --- GGA GGT GGT AAA ATC GTA GTT ACA ATC ATC CAC GCA GTC GTT GTT GTT GTA GTT ATC ATT CAT GTC GTG --- ATT TAC CAT CAT TAC TAT TAT TAT AAT AAT ACG GCA GCA GGG GTA TCA TCC TCC TCG TCG TCT TCT AAC AAT CAG GAA TCC TCC TCC TCG AAT CTA GAG TCA TCA TCG TCT ACC AGT CCC TCA TCA TCC TCG TCG TCT TGT TGG TGT TGT CAG CTA CTG CTT GTT TTA TTA TTG TTG ACA CTC TAT TTA TTC TTC TTT TTT TTT CTA CTG CTG CTT CTT TTA TTG TTG TTG TTG TTG TTG --- TAC TTA TTT TTT TTT TTT
mikatae                                     --- AAA AAA AAG GCA TTA AAA AAT AAA --- --- GAT --- AAG AGA CGT GAT ATA ATA --- AAA ATC --- AGA CAA GAA CAT ATG CCG AGA --- TTG --- AAG CAT GCA GAC GAG GAT --- TCA --- GAT GAT --- CCA --- GCG AAA AAG TAT TCC --- ACC TGG TGT TCC TCA TTT AAT ACA AAT ACA ACA ACA ACT AGC ATA ATC ATT GTG CAT CAG CCA CCC CCG CCC CCT CCC TTA GAG GAT GAT TCA ACC GCG GCA GGA GGG ATG ATT ATG TAC TCC TCT TCT TCG TCT --- TCA TCC TCT TGC TGC TCA TTT GTG TTG AAA AAA AAG AAA AAG AAG CAG CGG GTC TCG AAC AAT AAT AAC AAT AAT ATA GCG GAT AGC --- AAA AAA AAG AAA AAA AAA AAG AAT AGA GAA GCA TCC --- AAT AAC AAC AAT AAC AAC AAC AAT AAT GAT ACT CAG GAT GGG ACT CAA TCG CCA TTG GCG TCT ACA CAT ACT ACG AAG AAC ACA ACA ACC ACT ATC GAC GCA GTT CCC --- AGA AGA AGA AGA CGC CGT --- AGC GAT AAA AAA AGA AGG CGT AAT ACA ATA ATT ATA ATT ATC ATT TCG TTA GAA ATT CTA GTG GTG GTT AAT GTG TTG TTG ACA ATA ATC ATC ATT ATT CAC ATG ATG GAA GTC TCA ACA ATC ATT ATA ATC ATC ATT ATT ATT ATA GTC GTT CTG --- AAA AAT ATA CAA CAA CAC TTA GAG GAT TCT TCT TTT CAA CAT AAC AGC AGA CAG CAA ACC GGA TCG AAT AGT CAT CAA CAA CAC GAT CAA ATA CAA CCA CCC CCC CCG CCT CCT CGA AGC AAG ATT CAA CCA CCT CCA ATA GCC CCA CCT GTG CAC ACT AGC AAA CCT TTA AGA AGG AAG CAA CGG TTA CTA TTA ATC TTA CTC CTG GTA TTG TTG CAA CTT GTG TTA TTA TTA TTG AGC CGA GAA GAA GAG GTT CGT GAT GAA GAT TCG --- GAA GAA GAT GAG GAT --- AAT CAA GAC GAT GAA AAT GAC GAT GAT ACA ACA GCA GCC GCC GCT GGG TTG GAG GCA GGA GGC --- AGT CAA AAC GGA GGC GGG GGG GGT TCG GGT GGA GGT GGA GGG GGG GGG GGT --- GGA GGA GGT AGA ATT GTG GTC AGT ATA ATC CAT GCG GTT GTA GTG GTT GTA GTT ATC ATT CAT GTT GTG --- ATC TAT CAT TAC TAC TAC TAC TAT AAC AAT ACG ACA TCC GAA ATA TCG AGT TCT TCA TCT TCC TCT AAT AAT CAA GAA TCC TCT TCT TCG AAC TTG GAA TCA TCG TCG TCT ACC AGT CAT TCA TCG TCC TCA TCG TCT TGT TGG TGC TGT CAG CTA CTG CTT GTC CTA TTA ATA TTA ATA CTT TAT CTA TTT TTT TTC TTT TTT ATG TTG TTG CTC CTT CTA CTA CTA CTA CTG TTA TTG --- TTT TTA TTC TTT TTT TTT
cerevisiae                                  --- AAG AGA AAG GTA TTG AAA AGA AAA --- --- GAT --- AAA AGA CGT GAT ATA ATA --- AAA ATT --- AGA CAA GAA CAT ATG CCG AGA --- TTA --- AAA CAT GCC GAC GAA GAA --- TCA --- GAA GAC --- TCA --- GCC AAA AAA TAC TCT --- ACC TGG TGT TCT TCG TTT AAC ACA AAT ACG ACG ACT ACG AGT ATA ATA ATT ATT CAT CAG CCG CCC CCA CCT CCA CCA CTA GAA GAA GAT TCA GCA GCG GGA GGA GGG GGT GTT ATT TAC TCC TCG TCC TCG TCT --- TCA TCA TCT TGC TGT TCA TTG GTA TTG AAA AAG AAG AAG AAG AAA CAG AGG ATC --- AAC AAC AAT AAC AAC AAC ATA GAG ACT GGC --- AAA AAA AAA AAA AAA AAG AAG AAT AGG GAA GCA TCT --- AAA AAT AAT AAT AAC AAC AAT AAT AAT GAT ACC CAA GAT GGG ACG CAA TCA CCA CTG GCA TCT ACA CAC ACT ACG AAT AAC ACA ACA ACT ACT ATC GAC GCT GTT CCT --- AGA AGG AGG AGG CGA CGT --- AGC GAT AAA AAA AGA AGG CGT AAC ACA ATA ATT ATC ATA ATC ATT TCG TTA GAA GTT TTG GTG GTT GTT TAT GTG CTG TTA ACA ATA ATC ATT ATC ATC CAC ATG ATG GAA GTC TCT ACC ATC ATT ATT ATC ATT ATC ATT ATT ATA GTT GTT CTG --- AAA AAT ATA CAA CAG CAC CTG GAG GAT TCC TCT TTC CAA CAT AAC AAC AGA CAA CAG ACT GGA TCA CAT AAT CAT CAG CAG CAT GAT AAA ATA CAA CCA CCC CCT CCG CCC CCT CGA CAA AAG ATT CAG CCA CCT CCA ATA GGC CCA CCT GTG AAC ACT AGC AGT CCT CTA AGA AGG AAG CAG CGA TTA CTG TTA ATA TTG CTT CTG GTA TTG TTG CAA CTC GTG CTA TTA TTG TTG AGT CGA GAA GAA GAG GTG CGT GAT GAA GGT TCG --- GAA GAA GAT GAG GAT --- AAT CAG GAT GAC GAA GAT GAT GAC GAT GCC GCA GCT GCC GCT GCT GGA TTG GAC GCA GGC GGC --- AAT CAA AAC GGA GGA GGA GGC GGC TCT GGC GGG GGT GGC GGA GGA GGG GGT --- GGG GGA GGT AAG ATC GTG GTT ACT ATA ATT CAT GCG GTT GTC GTT GTT GTA GTT ATC ATT CAT GTC GTA --- ATA TAT CAT TAT TAC TAC TAT TAT AAT AAT ACG CCA TCT GGA ATA TCA TTT TCC TCA TCT TCC TCT AAT AAT CAG GAA TCC TCC TCT TCG AAT CTA GAG TCA GCG TCG TCT ACC AGT CAA TCA TCA TCC TCG TCA TCT TGT TGG TGT TGT CAG CTA CTG CTC GTT CTA TTA ATA TTA ACA CTT TAT CTG TTT TTT TTT TAT TTT ATG CTG TTG CTA TTA CTA TTA TTG TTG TTG TTA TTG --- TTT TTA TTC TTC TTT TTT
paradoxus                                   --- AAG AAA AAG GTA TTG AAA AGA AAA --- --- GAT --- AAA AGA CGT GAT ATA ATA --- AAA ATT --- AGA CAA GAA CAT ATG CCG AGA --- CTA --- AAA CAT GCC GAC GAA GAA --- TCG --- GAA GAT --- TCA --- GCC AAA AAG TAT TCT --- ACC TGG TGT TCT TCT TTT AAT ACA AAT ACA ACG ACC ACG AGT ATA ATA ATT ATC CAT CAG CCA CCC CCA CCT CCA CCT CTG GAA GAA GAT TCA GCA GCC GGA GGG GGG GCG GTT ATT TAC TCC TCG TCT TCG TCT --- TCA TCA TCT TGC TGT TCA TTA GTA TTG AAA AAG AAG AAG AAG AAG CAG CGG ATT --- AAT AAT AAC AAC AAT ATT ATA CAG ACT GGC --- AAA AAG AAA AAA AAG AAG AAA AAC AGA GAA GTG TCT --- AAA AAC AAT AAT AAC AAT AAT AAC AAT GAC ACT CAG GAT GGG ACA CAG TCA CCA CTG GCA TCT ACA CAC ACT ACG AAC AAC ACG ACA ACT ACT ATC GAT GCC GTT CCT --- AGA AGG AGA AGG AGG CGC --- AGT GAC AAA AAA AGA AGG CGT AAC ACA ATA ATT ATC ATA ATC ATT TCG CTA GAA GTT TTG GTG GTA GTT TAT GTA TTG TTG ACA ATA ATC ATC ATT ATC CAT ATG ATG GAA GTC TCT ACC ATC ATT ATT ATC ATT ATT ATA ATT ATA GTC GTT CTG --- AAA AAT ATA CAA CAG CAC CTG GAG GAT TCT TCT TTT CAA CAT AAC AGC AGA CAA CAG ACC GGA TCG AAT AAT CAT CAA CAG CAT GAT AAA ATA CAA CCA CCC CCC CCT CCC CCT CGA GAA AAG ATT CAA CCG CCT CCA ACA GGC CCA CCT GTG GGC ACT AGC AGC CCT CTA AGA AGG AAG CAA CGA TTA CTC TTA ATA TTG CTC CTG GTA CTC TTG CAA CTT GTG TTA TTA TTG TTG AGC CGA GAA GAA GAG GTT CGT GAT GAA GGT TCG --- GAA GAG GAT GAG GAT --- AAT CAA GAC GAT GAA GAT GAT GAC GAT GCC GCA GCA GCC GCT GCT GGA TTA GAA GCA GGC GGT --- AGC CAG AAC GGA GGG GGA GGG GGC TCT GGT GGG GGT GGG GGA GGG GGG GGT --- GGA GGA GGT AAA ATC GTG GTT GCT ATA GTT CAC GCA GTT GTC GTT GTT GTA GTT ATC ATT CAT GTC GTA --- ATA TAC CAT TAT TAC TAT TAT TAT AAC AAT ACG CCA TCG GGA GTA TCG TTT TCC TCA TCT TCC TCT AAT AAT CAG GAA TCC TCC TCT TCG AAT CTA GAG TCA GCA TCG TCT ACC AGC CAA TCA TCG TCC TCG TCG TCT TGT TGG TGT TGT CAG CTA CTG CTC GTT CTA TTA ATA TTA ACA CTC TAT CTG TTC TTT TTT TTT TTT ATG TTG TTG CTC TTA CTT TTA CTG TTG TTG TTA TTG --- TTT TTG TTC TTT TTC TTT



    1    1    1    3    1    1    1    1    1    1    1    1    2    1    1
    1    1    1    1    1    2    1    1    1    1    1    1    1    1    1
    1    1    1    1    1    1    1    1    1    1    1    1    1    1    1
    1    1    1    1    1    1    1    1    1    1    1    1    1    1    1
    1    1    1    1    1    1    1    1    1    1    1    1    1    1    1
    1    1    1    1    1    1    1    2    1    1    1    1    1    1    1
    1    1    1    1    1    1    1    1    1    2    1    1    1    1    1
    1    1    3    3    1    1    1    2    1    1    1    1    1    1    1
    1    2    1    1    1    1    1    1    1    3    1    2    3    1    2
    1    1    1    1    1    1    1    1    1    2    3    1    1    1    1
    2    1    1    1    1    1    1    1    1    1    1    1    1    1    1
    1    1    1    1    1    1    1    2    1    1    1    1    1    1    1
    1    1    1    1    1    1    1    1    1    1    1    1    1    1    1
    4    1    1    1    1    1    1    1    1    1    1    1    1    1    1
    1    1    1    1    1    1    1    1    1    1    4    1    1    1    1
    1    1    1    1    1    1    1    1    1    1    1    1    1    1    1
    1    1    4    1    1    1    1    1    1    1    1    1    1    1    1
    1    1    1    1    1    1    1    1    3    1    1    1    1    1    1
    1    1    2    1    1    1    1    1    1    1    1    1    1    1    1
    1    1    1    1    1    1    1    1    1    1    1    1    1    1    1
    1    1    1    1    1    1    1    1    1    1    1    1    1    1    1
    1    1    1    1    1    4    1    1    1    1    1    1    1    1    1
    2    1    1    2    1    2    1    1    1    1    1    1    1    1    5
    1    1    1    1    1    1    1    1    1    1    1    1    1    1    1
    1    1    1    1    1    1    1    1    1    1    1    1    1    1    1
    1    2    1    1    1    1    1    1    1    1    1    1    1    1    1
    1    4    1    1    1    1    1    1    1    1    1    1    1    1    1
    1    1    4    1    1    1    1    1    1    1    1    1    1    1    1
    1    1    1    1    1    1    3    1    1    1    1    1    1    1    1
    1    1    1    1    1    1    1    1    1    1    1    1    2    1    2
    1    1    1    1    1    1    1    1    1    1    1    1    1    1    1
    1    1    1    1    1    1    1    1    1    1    1    1    1    1    1
    1    1    1    1    1    1    1

CODONML (in paml version 4.4b, July 2010)  torun.nuc
Model: One dN/dS ratio for branches Global clock  (2 genes: diff. rate & k&w)  
Codon frequency model: F3x4
ns =   5  ls = 543

Codon usage in sequences
--------------------------------------------------------------------------------------------------
Phe TTT  8  9 11  9 10 | Ser TCT 11 14 14 15 17 | Tyr TAT 11  8  7 10 10 | Cys TGT  4  8  4  6  6
    TTC  9  2  2  3  3 |     TCC 10 12 11 10  8 |     TAC  4  4  5  4  3 |     TGC  1  1  3  1  1
Leu TTA 10 12 15 12 11 |     TCA 15  9 11 15 10 | *** TAA  0  0  0  0  0 | *** TGA  0  0  0  0  0
    TTG 13 23 15 17 17 |     TCG  7 11 13  8 13 |     TAG  0  0  0  0  0 | Trp TGG  3  3  3  3  3
--------------------------------------------------------------------------------------------------
Leu CTT  8  4  4  2  2 | Pro CCT  6  5  6  7  8 | His CAT 10  5 12 12 11 | Arg CGT  3  2  4  4  3
    CTC  1  1  2  2  6 |     CCC 10  7  7  4  5 |     CAC  2  7  4  3  3 |     CGC  0  1  1  0  1
    CTA  3  7  9  8  6 |     CCA 12  7  7  9  8 | Gln CAA 17 13 19 14 14 |     CGA  3  3  2  4  3
    CTG  7  9  4  9  8 |     CCG  3  4  3  3  2 |     CAG 11 13  5 11 11 |     CGG  1  4  2  0  1
--------------------------------------------------------------------------------------------------
Ile ATT 14 14 15 15 15 | Thr ACT 12  4  7  9  7 | Asn AAT 22 22 24 23 22 | Ser AGT  1  4  5  4  2
    ATC  8 12 13 12 11 |     ACC  2 10  5  4  5 |     AAC 13 20 14 15 13 |     AGC  3  4  7  2  6
    ATA 23 15 19 20 19 |     ACA  7 10 13  7  9 | Lys AAA 18 23 26 27 26 | Arg AGA 11  9 12  9 10
Met ATG 11  5  9  7  7 |     ACG  2  7  2  6  5 |     AAG 22 19 16 15 17 |     AGG  7  4  2  7  5
--------------------------------------------------------------------------------------------------
Val GTT  5 11 11 16 16 | Ala GCT  4  6  1  4  3 | Asp GAT 20 18 25 20 20 | Gly GGT  5  6  5  5  6
    GTC 12  9  5  3  4 |     GCC  7  4  3  4  6 |     GAC  6  6  4  6  5 |     GGC  1  4  2  8  5
    GTA  4  5  3  5  8 |     GCA  8  8  7  5  7 | Glu GAA 11 18 17 20 21 |     GGA  7  7  9 11 10
    GTG  2  7 10  6  5 |     GCG  0  3  5  3  1 |     GAG 11 12  7  6  6 |     GGG  7 10  8  6  9
--------------------------------------------------------------------------------------------------

Codon position x base (3x4) table for each sequence.

#1: castellii      
position  1:    T:0.21677    C:0.19836    A:0.35992    G:0.22495
position  2:    T:0.28221    C:0.23722    A:0.36401    G:0.11656
position  3:    T:0.29448    C:0.18200    A:0.30470    G:0.21881
Average         T:0.26449    C:0.20586    A:0.34288    G:0.18678

#2: bayanus        
position  1:    T:0.22137    C:0.17557    A:0.34733    G:0.25573
position  2:    T:0.27672    C:0.23092    A:0.35878    G:0.13359
position  3:    T:0.26718    C:0.19847    A:0.27863    G:0.25573
Average         T:0.25509    C:0.20165    A:0.32824    G:0.21501

#3: mikatae        
position  1:    T:0.22093    C:0.17636    A:0.36628    G:0.23643
position  2:    T:0.28488    C:0.22287    A:0.35853    G:0.13372
position  3:    T:0.30039    C:0.17054    A:0.32752    G:0.20155
Average         T:0.26873    C:0.18992    A:0.35078    G:0.19057

#4: cerevisiae     
position  1:    T:0.21942    C:0.17864    A:0.35340    G:0.24854
position  2:    T:0.28350    C:0.21942    A:0.36117    G:0.13592
position  3:    T:0.31262    C:0.15728    A:0.32233    G:0.20777
Average         T:0.27184    C:0.18511    A:0.34563    G:0.19741

#5: paradoxus      
position  1:    T:0.21748    C:0.17864    A:0.34757    G:0.25631
position  2:    T:0.28738    C:0.22136    A:0.35340    G:0.13786
position  3:    T:0.30680    C:0.16505    A:0.31456    G:0.21359
Average         T:0.27055    C:0.18835    A:0.33851    G:0.20259

Codon usage in genes
--------------------------------------------------------------
Phe TTT  5 42 | Ser TCT  7 64 | Tyr TAT  5 41 | Cys TGT  6 22
    TTC  0 19 |     TCC  4 47 |     TAC  2 18 |     TGC  0  7
Leu TTA  4 56 |     TCA  7 53 | *** TAA  0  0 | *** TGA  0  0
    TTG  4 81 |     TCG  3 49 |     TAG  0  0 | Trp TGG  5 10
--------------------------------------------------------------
Leu CTT  1 19 | Pro CCT  0 32 | His CAT  8 42 | Arg CGT  4 12
    CTC  0 12 |     CCC  2 31 |     CAC  0 19 |     CGC  0  3
    CTA  2 31 |     CCA  1 42 | Gln CAA  5 72 |     CGA  2 13
    CTG  1 36 |     CCG  4 11 |     CAG  3 48 |     CGG  0  8
--------------------------------------------------------------
Ile ATT  3 70 | Thr ACT  0 39 | Asn AAT  6 107 | Ser AGT  0 16
    ATC  3 53 |     ACC  3 23 |     AAC  3 72 |     AGC  1 21
    ATA  9 87 |     ACA  5 41 | Lys AAA 35 85 | Arg AGA 19 32
Met ATG  7 32 |     ACG  0 22 |     AAG 25 64 |     AGG  2 23
--------------------------------------------------------------
Val GTT  0 59 | Ala GCT  2 16 | Asp GAT 17 86 | Gly GGT  0 27
    GTC  0 33 |     GCC  8 16 |     GAC  6 21 |     GGC  0 20
    GTA  2 23 |     GCA  4 31 | Glu GAA 15 72 |     GGA  0 44
    GTG  0 30 |     GCG  1 11 |     GAG  5 37 |     GGG  0 40
--------------------------------------------------------------

Codon position x base (3x4) table for each gene.


Gene #1
position  1:    T:0.19549    C:0.12406    A:0.45489    G:0.22556
position  2:    T:0.15414    C:0.19173    A:0.50752    G:0.14662
position  3:    T:0.24060    C:0.12030    A:0.41353    G:0.22556
Average         T:0.19674    C:0.14536    A:0.45865    G:0.19925

Gene #2
position  1:    T:0.22198    C:0.18796    A:0.34322    G:0.24684
position  2:    T:0.29786    C:0.23027    A:0.34191    G:0.12996
position  3:    T:0.30266    C:0.18099    A:0.29743    G:0.21893
Average         T:0.27417    C:0.19974    A:0.32752    G:0.19858

Sums of codon usage counts
------------------------------------------------------------------------------
Phe F TTT      47 | Ser S TCT      71 | Tyr Y TAT      46 | Cys C TGT      28
      TTC      19 |       TCC      51 |       TAC      20 |       TGC       7
Leu L TTA      60 |       TCA      60 | *** * TAA       0 | *** * TGA       0
      TTG      85 |       TCG      52 |       TAG       0 | Trp W TGG      15
------------------------------------------------------------------------------
Leu L CTT      20 | Pro P CCT      32 | His H CAT      50 | Arg R CGT      16
      CTC      12 |       CCC      33 |       CAC      19 |       CGC       3
      CTA      33 |       CCA      43 | Gln Q CAA      77 |       CGA      15
      CTG      37 |       CCG      15 |       CAG      51 |       CGG       8
------------------------------------------------------------------------------
Ile I ATT      73 | Thr T ACT      39 | Asn N AAT     113 | Ser S AGT      16
      ATC      56 |       ACC      26 |       AAC      75 |       AGC      22
      ATA      96 |       ACA      46 | Lys K AAA     120 | Arg R AGA      51
Met M ATG      39 |       ACG      22 |       AAG      89 |       AGG      25
------------------------------------------------------------------------------
Val V GTT      59 | Ala A GCT      18 | Asp D GAT     103 | Gly G GGT      27
      GTC      33 |       GCC      24 |       GAC      27 |       GGC      20
      GTA      25 |       GCA      35 | Glu E GAA      87 |       GGA      44
      GTG      30 |       GCG      12 |       GAG      42 |       GGG      40
------------------------------------------------------------------------------

(Ambiguity data are not used in the counts.)


Codon position x base (3x4) table, overall

position  1:    T:0.21923    C:0.18132    A:0.35483    G:0.24463
position  2:    T:0.28292    C:0.22626    A:0.35912    G:0.13169
position  3:    T:0.29621    C:0.17468    A:0.30950    G:0.21962
Average         T:0.26612    C:0.19409    A:0.34115    G:0.19865


Nei & Gojobori 1986. dN/dS (dN, dS)
(Pairwise deletion)
(Note: This matrix is not used in later ML. analysis.
Use runmode = -2 for ML pairwise comparison.)

castellii           
bayanus              0.0710 (0.3520 4.9613)
mikatae             -1.0000 (0.3477 -1.0000) 0.0479 (0.0657 1.3725)
cerevisiae          -1.0000 (0.3409 -1.0000) 0.0469 (0.0506 1.0796) 0.0595 (0.0465 0.7815)
paradoxus           -1.0000 (0.3461 -1.0000) 0.0569 (0.0538 0.9448) 0.0697 (0.0498 0.7146) 0.0363 (0.0153 0.4223)


TREE #  1:  ((((4, 5), 3), 2), 1);   MP score: -1
lnL(ntime:  4  np:  9):  -5335.467677      +0.000000
   6..7     7..8     8..9     9..4     9..5     8..3     7..2     6..1  
 2.619703 0.402488 0.296021 0.154977 1.085573 1.320798 0.072290 2.819166 0.059741
SEs for parameters:
 0.491556 0.071718 0.053960 0.029738 0.196910 0.346614 0.020054 0.270510 0.005818
Note: Branch length is defined for the first gene (site partition).
For other genes, look at "rates for genes".

tree length =   6.09289 (1st gene)

((((4: 0.154977, 5: 0.154977): 0.141044, 3: 0.296021): 0.106467, 2: 0.402488): 2.217215, 1: 2.619703);

((((cerevisiae: 0.154977, paradoxus: 0.154977): 0.141044, mikatae: 0.296021): 0.106467, bayanus: 0.402488): 2.217215, castellii: 2.619703);

Detailed output identifying parameters

rates for 2 genes:     1  1.08557

gene # 1: kappa =   1.32080 omega =   0.07229
gene # 2: kappa =   2.81917 omega =   0.05974

Time used:  0:12
