
seed used = 1418839101
      4   2256

bayanus                                    ATG AGC AAA GTT AAT GCA AGC CAA GGA CCT GTG GTT CAG GGC CGT CAA AGA AGA TTA TCA TCA TTG AGT GAG TTT AAT GAC CCC TTT TCA AAC GCA GAG GTC TAC TAT GGT CCT CCA ACA GAC CCA AGA AAG CAA CAG AAG CAG GCA AAG CCC GCT AAA ATC AAC CGT ACA AGA ACT ATG AGT GTT TTT GAT AAT GTT TCC CCG TTT AAG ACA ACT GGA TTT GGT AAG CTT CAA CAA ACT AGG CGT GGC TCT GAA GAT GAT ACC TAT TCG AGT AGT CAA GGT AAC CGT CGT TTC TTT ATT GAA GAC GTC GAT AAG ACA CTG AAT GAA CTA TTG GCC GCA GAG GAC ACT GAT AAA AAT TAT CAG ATC ACT ATT GAA GAT ACC GGC CCA AAA GTC TTG AAA GTC GGT ACT GCA AAT TCC TAT GGT TAT AAG CAT ATC AAT ATT AGA GGT ACA TAC ATG TTG TCC AAT CTT TTG CAA GAA TTG ACT ATT GCC AAA AGT TTC GGT AGG CAT CAC GTC TTT CTA GAT GAA GCT CGT ATA AAT GAA AAC CCT GTA AAC AGG CTT TCA AGA TTG ATA AAC ACT CAA TTC TGG AAC ACT TTA ACC AGA AGA ATT GAT TTG AAC AAT ATA GGT GAA ATC GCA AAA GAT ACG AAG ATT AAT ACG CCA GGG GCC AAA AAT CCA AGA ATA TAT GTT CCT ATT GAT TGT CCA GAG CAA TAC GAA TTC TAT ATT CAA GCT TCT CAA ATG CAT CCA TCT TTA AAG TTA GAA GTT GAA TAT TTA CCA AAG AAG ATT ACT GCA GAA TAC GTC AAG TCT GTC AAT GAT ACT CCT GGT TTA CTA GCA TTG GCC ATG GAA GAG CAT TTT AAC CCT TCT ACT GGT GAA AAG ACC CTT ATC GGT TAC CCC TAT GCT GTT CCA GGC GGT AGA TTC AAT GAA CTG TAT GGT TGG GAC TCC TAT ATG ATG GCA CTA GGT CTT TTA GAA GCC AAT AAG ACT GAT GTT GCC AGA GGT ATG GTA GAG CAT TTT ATA TTC GAA ATT AAT CAC TAT GGA AAA ATA TTG AAT GCT AAC AGG AGT TAT TAT TTA TGC AGA TCA CAA CCA CCG TTC TTA ACC GAG ATG GCT TTA GTC GTC TTC AAA AAA CTC GGT GGT AAA AGT AAT CCT GAT GCG GTG GAT TTG TTG AGA AGA GCC TAC GAA GCT GCT ATA AAG GAG TAC AAA ACC GTT TGG ACT GCA TCC CCA AGG CTT GAC CCA GAA ACG GGC CTA TCA AGA TAC CAC CCT AAT GGT CTT GGT ATT CCT CCA GAA ACT GAA AGT GAC CAT TTT GAT ACC GTT TTA TTA CCA TAT GCA TCG AGA CAC AAT GTC TCT TTA GAT GAA TTC AAG CAA CTT TAT AAT GAT GGT AAG ATA AAG GAG CCT AAA TTG GAT GAG TTT TTC CTT CAT GAC CGT GGT GTA AGA GAA TCT GGA CAT GAT ACC ACG TAT AGA TTT GAA GGT GTG TGT GCC TAC CTG GCT ACC ATT GAC CTA AAT GCC CTT CTT TAC AAG TAT GAG GTC GAT ATT GCA AAC TTC GTA AAG GAA TTC TGC GAT GAT AAA CAT GAA GAT CCT TTA GAT CAT TCT ATA ACC ACT TCT GAT ACA TGG AAG GAA AAG GCC AAA ACA AGG AAA CAG AAG ATT ACG GAA TAT ATG TGG GAT GAC GAG TCA GGC TTT TTC TTC GAC TAC AAC ACG AAG ATC AAA CAC AGA ACA TCG TAT GAA TCC GCA ACC ACA TTC TGG GCA TTA TGG GCT GGC CTT GCT ACT AAG GAA CAA GCA CAG AAA ATG GTG GAA AAA GCC TTA CCC AAA TTG GAA ATG CTT GGC GGT CTG GCA GCG TGT ACG GAA CGT TCT AGA GGC CCA ATT TCC ATT TCA AGA CCA ATT AGA CAA TGG GAT TAT CCA TTT GGT TGG GCA CCT CAT CAA ATT CTC GCT TGG GAA GGT CTC CGC TCT TAT GGG TAC TTA ACC GTG GCA AGT AGA CTG GCT TAT AGA TGG CTT TTT ATG ATG ACG AAG GCA TTT GTT GAT TAT AAC GGT ATT GTG GTC GAA AAA TAT GAC GTT ACA AGA GGG ACA GAC CCT CAT CGT GTT GAA GCA GAA TAT GGT AAT CAA GGT GCA GAC TTT AAA GGT GCG GCT ACT GAA GGC TTC GGT TGG GTT AAT GCC AGT TAT ACC CTT GGT TTA AAA TAC ATG AAC AGT CAT GCA AGA AGA GCT CTT GGT GCT TGT ATT CCT CCG ATC TCA TTT TTT AAC AGT TTG AGA CCT CAA GAA AGA AAC CTC TAC GGA CTT 
mikatae                                    ATG AGC CAA GTT AAT ACA AGT CAA GGA CCA GTG GCA CAG GGG CGT CAA AGA AGA TTG TCG TCG CTA AGT GAG TTT AAT GAC CCA TTT TCG AAT GCT GAA GTT TAT TAT GGT CCA ACG ACC GAC CCA AGG AAG CAG --- AAA CAG GCA AAG CCC GCG AAG ATT AAT CGG ACA AGG ACT ATG AGT GTT TTC GAC AAT GTC TCT CCC TTC AAG AAA ACT GGG TTT GGT AAA CTT CAA CAG ACT AGG CGT GGT TCT GAA GAT GAC ACT TAT TCA AGC AGC CAA GGA AAT CGT CGT TTC TTC ATC GAA GAT GTT GAT AAG ACG CTC AAT GAA CTA CTG GCC GCT GAG GAT ACT GAT AAA AAC TAT CAG ATC ACC ATC GAA GAT ACC GGT CCT AAG GTC CTG AAA GTC GGT ACT GCA AAC TCT TAC GGT TAT AAA CAT ATC AAT ATT AGG GGT ACA TAT ATG CTA TCT AAT TTG TTA CAG GAA TTG ACT ATT GCA AAG AGT TTT GGT AGG CAT CAC ATT TTC TTA GAT GAA GCA CGC ATA AAC GAA AAT CCT GTC AAC AGG TTA TCA AGA TTG ATT AAT ACA CAG TTC TGG AAT TCC CTT ACC AGA AGA GTT GAT TTG AAC AAT GTA GGA GAA ATT GCA AAA GAT ACT AAG ATT GAT ACG CCG GGG GCA AAA AAC CCA AGA ATT TAT GTT CCT TAT GAT TGT CCA GAA CAA TAC GAA TTT TAT GTC CAA GCT TCT CAA ATG CAT CCA TCT TTA AAA TTA GAA GTT GAA TAT TTA CCA AAA AAA ATA ACT GCA GAG TAC GTT AAG TCT GTC AAT GAC ACC CCT GGT TTA TTA GCG CTA GCC ATG GAG GAA CAT TTC AAT CCT TCC ACT GGT GAA AAA ACA CTT ATT GGT TAC CCC TAT GCT GTT CCT GGT GGT AGA TTC AAT GAA TTA TAT GGT TGG GAT TCC TAT ATG ATG GCT TTA GGT CTC CTA GAA GCT AAT AAG ACT GAT GTC GCA AGG GGT ATG GTA GAG CAT TTT ATT TTT GAG ATC AAT CAT TAC GGG AAA ATA TTG AAT GCA AAT AGA AGT TAT TAT TTA TGC AGA TCA CAA CCT CCA TTT CTA ACT GAA ATG GCC TTA GTG GTG TTC AAA AAA CTC GGT GGT AAG AGT AAT CCC GAT GCT GTC GAT TTA CTA AAA AGA TCT TTC AAA GCC AGC ATA AAA GAA TAT AAA ACT GTT TGG ACC GCC TCT CCA AGA CTT GAT CCG GAA ACG GGT TTG TCT AGA TAC CAT CCT AAT GGT CTC GGC ATT CCT CCA GAA ACT GAA AGT GAC CAC TTT GAT ACT GTT TTA CTG CCA TAT GCA TCG AAA CAC GGC GTT ACA TTG GAT GAG TTC AAG ACA CTT TAT AAC GAT GGT AAG ATA AAG GAG CCT AAA CTA GAT GAG TTT TTT CTC CAC GAC CGC GGC GTT AGA GAA TCT GGG CAT GAC ACC ACA TAT AGA TTT GAA GGT GTA TGC GCT TAC CTT GCA ACT ATT GAT TTA AAT TCC CTT CTT TAC AAA TAT GAG ATC GAT ATT TCA AAC TTC ATA AAG GAA TTT TGC GAT GAT AAG TAT GAA GAT CCT TTG GAT CAT TCC ATA ACC ACT TCA GAT ACT TGG AAA GAA ATG GCT AAA ATC AGA CAA GAG AAA ATA ACT AAA TAC ATG TGG GAT GAC GAA TCA GGT TTT TTC TTT GAC TAT AAT ACG AAG ATC AAA CAT AGA ACT TCA TAT GAA TCG GCA ACT ACG TTT TGG GCA TTA TGG GCG GGC CTT GCG ACG AAG GAG CAA GCA CAG AAA ATG GTG GAG AGA GCA TTG CCT AAG TTG GAA ATG CTT GGA GGT CTC GCT GCG TGT ACA GAG CGC TCT AGA GGT CCA ATT TCC ATT TCA AGA CCA ATT AGG CAA TGG GAC TAT CCA TTT GGT TGG GCA CCT CAC CAA ATT CTT GCT TGG GAA GGT CTT CGC TCT TAT GGT TAT ATA ACT GTG ACA AAC AGG CTA GCA TAT AGA TGG CTT TTC ATG ATG ACA AAG GCA TTT GTT GAT TAC AAT GGT ATT GTA GTG GAA AAA TAT GAT GTC ACA AGA GGA ACA GAT CCT CAT CGT GTG GAA GCA GAA TAC GGT AAT CAA GGT GCC GAT TTC AAA GGT GCC GCT ACT GAA GGT TTT GGT TGG GTC AAT GCC AGT TAT ATT CTT GGC TTG AAG TAT ATG AAC AGT CAC GCA AGA AGA GCG CTT GGT GCT TGC ATT CCA CCA ATC TCC TTC TTT AGC AGT TTG AGA CCT CAA GAA AGA AGT CTT TAT GGA CTA 
cerevisiae                                 ATG AGT CAA GTT AAT ACA AGC CAA GGA CCG GTA GCC CAA GGC CGT CAA AGA AGA TTA TCA TCA CTA AGT GAA TTC AAT GAT CCA TTT TCG AAC GCA GAA GTC TAC TAT GGC CCC CCA ACA GAC CCA AGA AAG CAG --- AAG CAG GCA AAG CCC GCT AAG ATC AAC CGT ACG AGG ACT ATG AGT GTT TTC GAT AAT GTA TCT CCT TTC AAG AAA ACT GGT TTT GGT AAA CTT CAA CAG ACT AGA CGT GGT TCT GAG GAT GAC ACC TAT TCA AGT AGT CAA GGT AAT CGT CGT TTC TTT ATC GAA GAT GTC GAT AAA ACA CTT AAT GAA CTA CTG GCT GCT GAG GAT ACC GAT AAA AAT TAT CAG ATC ACC ATC GAG GAT ACC GGT CCA AAA GTT TTG AAA GTC GGT ACC GCA AAC TCC TAT GGC TAT AAG CAT ATT AAT ATT AGG GGT ACG TAT ATG TTA TCC AAT TTG TTG CAG GAA CTA ACT ATT GCG AAA AGT TTT GGT AGA CAC CAA ATT TTC TTA GAT GAA GCT CGT ATA AAC GAA AAT CCC GTC AAC AGA TTA TCA AGA TTG ATA AAC ACA CAG TTC TGG AAC TCT TTG ACC AGG AGA GTT GAT CTG AAC AAC GTA GGC GAA ATT GCA AAA GAT ACC AAG ATT GAT ACG CCG GGG GCA AAA AAT CCA AGA ATC TAT GTT CCT TAT GAT TGT CCA GAA CAA TAC GAA TTT TAT GTT CAA GCT TCT CAA ATG CAT CCA TCT TTG AAA TTA GAA GTT GAA TAT TTA CCA AAA AAA ATA ACG GCA GAA TAC GTC AAA TCC GTC AAT GAT ACC CCC GGT TTA CTA GCA TTG GCT ATG GAA GAG CAC TTC AAT CCT TCT ACT GGT GAA AAA ACT CTC ATT GGT TAC CCT TAT GCT GTT CCT GGT GGT AGA TTC AAT GAA TTA TAT GGT TGG GAC TCC TAT ATG ATG GCA CTA GGT CTC CTA GAA GCC AAC AAG ACT GAT GTT GCA AGA GGT ATG GTG GAG CAT TTT ATT TTT GAG ATT AAT CAC TAT GGA AAA ATA TTG AAT GCT AAC AGA AGC TAC TAT CTA TGT AGA TCA CAG CCC CCA TTC TTG ACT GAA ATG GCC TTG GTA GTA TTC AAA AAA CTT GGT GGT AGG AGT AAT CCC GAT GCT GTG GAT TTG TTG AAA AGA GCT TTC CAA GCA AGC ATA AAA GAG TAC AAA ACT GTT TGG ACC GCA TCT CCA AGG CTT GAT CCC GAA ACA GGC TTA TCC AGG TAC CAT CCT AAC GGT CTC GGT ATT CCT CCG GAA ACT GAA AGT GAT CAC TTC GAT ACC GTT TTA CTA CCA TAT GCA TCG AAA CAC GGC GTT ACC TTA GAC GAA TTT AAG CAA CTT TAT AAC GAT GGT AAG ATA AAG GAG CCT AAA TTG GAT GAG TTT TTT CTT CAT GAC CGT GGC GTT AGA GAA TCT GGA CAC GAC ACT ACA TAT AGG TTT GAG GGC GTA TGT GCC TAC CTG GCC ACT ATT GAC CTG AAT TCT CTT CTT TAC AAA TAC GAG ATT GAT ATT GCA GAC TTC ATA AAG GAA TTC TGC GAC GAC AAA TAT GAA GAT CCT TTA GAC CAT TCT ATA ACA ACT TCA GCT ATG TGG AAA GAA ATG GCC AAA ATC AGA CAA GAA AAG ATT ACC AAA TAT ATG TGG GAT GAC GAG TCG GGG TTT TTC TTT GAC TAC AAC ACA AAA ATC AAG CAC AGA ACG TCA TAC GAA TCC GCA ACT ACA TTC TGG GCA TTA TGG GCT GGA CTT GCC ACG AAG GAG CAA GCA CAG AAA ATG GTG GAG AAA GCA CTA CCC AAG TTA GAG ATG CTT GGA GGT TTA GCT GCA TGT ACG GAG CGT TCT CGA GGC CCA ATT TCT ATT TCG AGA CCA ATT AGA CAA TGG GAC TAT CCA TTT GGT TGG GCA CCC CAT CAA ATT CTT GCT TGG GAA GGC CTC CGT TCT TAT GGT TAT TTA ACT GTA ACG AAT AGG CTA GCT TAT AGA TGG CTT TTC ATG ATG ACA AAG GCT TTT GTC GAT TAT AAT GGT ATT GTG GTT GAA AAA TAT GAT GTC ACA AGA GGA ACA GAT CCT CAT CGT GTT GAA GCA GAA TAC GGT AAT CAA GGT GCT GAC TTT AAA GGG GCA GCT ACT GAA GGT TTT GGA TGG GTC AAT GCC AGT TAC ATT CTT GGT TTG AAG TAT ATG AAC AGT CAC GCA AGA AGA GCG CTT GGT GCT TGC ATT CCA CCA ATA TCA TTC TTT AGC AGT TTA AGG CCT CAA GAA AGA AAC CTC TAT GGA CTA 
paradoxus                                  ATG AGT CAA GTT AAT ACG AGC CAA GGA CCA GTG GCT CAA GGC CGT CAA AGG AGA TTG TCG TCA CTA AGT GAG TTC AAT GAT CCA TTT TCG AAT GCG GAA GTC TAC TAC GGC CCT CCA ACA GAT CCA AGA AAG CAG --- AAG CAG GCA AAG CCC GCT AAG ATT AAT CGT ACG AGG ACT ATG AGT GTT TTC GAT AAT GTA TCT CCT TTC AAG AAA ACT GGT TTT GGT AAA CTT CAA CAG ACT AGG CGT GGT TCT GAG GAT GAT ACC TAT TCA AGC AGT CAA GGT AAC CGT CGT TTC TTC ATC GAA GAT GTT GAT AAA ACA CTC AAT GAA CTT CTG GCT GCT GAG GAT ACC GAT AAG AAT TAT CAG ATC ACC ATA GAG GAT ACC GGT CCA AAA GTC TTG AAG GTC GGT ACC GCA AAC TCT TAC GGC TAT AAG CAT ATT AAT ATT AGG GGT ACA TAT ATG TTA TCT AAT TTG TTG CAG GAA TTG ACC ATT GCA AAG AGT TTC GGT AGA CAC CAA ATC TTC TTA GAT GAA GCT CGT ATA AAC GAA AAT CCT GTC AAC AGA TTA TCG AGA TTG ATA AAC ACC CAG TTT TGG AAC TCT CTA ACC AGA AGA GTT GAT CTG AAC AAT GTG GGT GAA ATT GCT AAA GAT ACC AAG ATT GAT ACG CCG GGG GCA AAA AAC CCT AGA ATT TAT GTT CCT TAT GAT TGT CCA GAA CAA TAC GAA TTT TAT GTT CAA GCT TCT CAA ATG CAT CCA TCT TTG AAA TTA GAA GTT GAA TAT TTA CCA AAA AAA ATA ACC GCA GAA TAC GTC AAA TCT GTC AAT GAT ACG CCC GGT TTA CTA GCA TTA GCT ATG GAA GAG CAT TTC AAT CCT TCT ACT GGT GAA AAA ACT CTC ATT GGT TAC CCT TAT GCT GTT CCT GGT GGT AGA TTC AAT GAA TTA TAT GGT TGG GAT TCC TAT ATG ATG GCA TTA GGT CTC TTA GAA GCC AAC AAG ACT GAT GTT GCA AGG GGT ATG GTA GAG CAT TTT ATT TTC GAG ATC AAT CAC TAT GGC AAA ATA TTG AAT GCT AAC AGA AGC TAC TAT CTA TGC AGA TCA CAA CCT CCA TTC TTA ACT GAA ATG GCC TTA GTA GTA TTC AAA AAA CTT GGT GGT AAG AGT AAT CCC GAT GCT GTG GAT TTG TTG AAA AGA GCT TTT AAA GCC AGC ATA AAA GAG TAT AAA ACT GTT TGG ACC GCA TCT CCA AGG CTT GAT CCA GAA ACA GGT TTA TCC AGA TAC CAT CCT AAT GGT CTC GGT ATT CCT CCA GAA ACT GAA AGT GAT CAC TTC GAT ACC GTT TTA CTA CCA TAT GCA TCG AAA CAC GGC GTT ACA TTG GAT GAA TTT AAG CAA CTT TAC AAC GAT GGT AAG ATA AAG GAG CCT AAA TTG GAT GAA TTT TTC CTT CAC GAC CGT GGC GTT AGA GAA TCT GGA CAT GAC ACC ACA TAC AGA TTT GAA GGC GTA TGT GCC TAC TTG GCC ACT ATT GAT CTG AAC TCC CTT CTT TAC AAA TAT GAG ATT GAT ATT GCA AAC TTT ATA AAG GAA TTC TGC GAT GAT AAA TAT GAA GAT CCT TTG GAC CAT TCA ACA ACA ACT TCA GAT ACG TGG AAA GAA ATG GCT AAA ATC AGA CAG GAA AAG ATT ACG AAA TAT ATG TGG GAT GAT GAG TCG GGC TTT TTC TTC GAC TAT AAC ACA AAG ATC AAA CAT AGA ACG TCA TAC GAA TCG GCA ACT ACA TTT TGG GCC TTA TGG GCT GGA CTT GCA ACG AAG GAG CAA GCG CAG AAA ATG GTG GAC AAA GCA TTA CCT AAG TTG GAG ATG CTT GGA GGT TTA GCG GCT TGT ACA GAA CGT TCT AGA GGC CCA ATT TCT ATT TCG AGA CCG ATT AGG CAA TGG GAC TAT CCA TTC GGT TGG GCA CCT CAT CAA ATT CTT GCT TGG GAA GGT CTT CGT TCT TAT GGT TAT TTA ACT GTG ACG AAT AGG CTA GCT TAC AGA TGG CTT TTC ATG ATG ACA AAG GCT TTT GTT GAT TAT AAT GGT ATT GTA GTT GAA AAA TAT GAT GTC ACA AGA GGG ACA GAT CCT CAC CGT GTC GAA GCG GAA TAC GGT AAT CAA GGT GCT GAC TTT AAA GGT GCC GCT ACT GAA GGC TTT GGA TGG GTC AAT GCC AGT TAT ATT CTT GGT TTG AAG TAC ATG AAC AGT CAC GCA AGA AGA GCG CTT GGT GCT TGC ATT CCA CCA ATA TCA TTC TTT AGC AGT TTA AGA CCT CAA GAA AGA AAC CTT TAT GGA CTA 



Printing out site pattern counts


         4       1176  P G
G 2       62    330

bayanus                                     AAA AAA AAC AAG AAG AAT ACA ACA ACA ACT AGA AGA AGA AGA AGC AGC AGT ATC ATG CAA CAA CAG CAG CAG CCA CCA CCC CCC CCG CCT CCT CGT CGT GAC GAC GAG GAG GAT GCA GCA GCA GCT GGA GGA GGC GGT GTC GTG GTT GTT GTT TAC TAT TCA TCA TCA TCC TTA TTG TTT TTT TTT AAA AAA AAA AAA AAA AAA AAA AAA AAA AAC AAC AAC AAC AAC AAC AAC AAG AAG AAG AAG AAG AAG AAT AAT AAT AAT AAT AAT AAT AAT AAT ACA ACA ACA ACA ACA ACA ACC ACC ACC ACC ACC ACC ACC ACG ACG ACG ACG ACG ACG ACT ACT ACT ACT ACT ACT ACT ACT ACT AGA AGA AGA AGA AGA AGA AGG AGG AGG AGG AGT AGT AGT AGT AGT ATA ATA ATA ATA ATA ATA ATC ATC ATC ATC ATG ATT ATT ATT ATT ATT ATT ATT ATT ATT CAA CAA CAA CAA CAC CAC CAC CAC CAC CAG CAG CAT CAT CAT CAT CAT CAT CAT CAT CCA CCA CCA CCA CCA CCA CCA CCA CCA CCC CCC CCG CCT CCT CCT CCT CCT CGC CGT CGT CTA CTA CTA CTA CTA CTA CTC CTC CTC CTG CTG CTG CTG CTG CTT CTT CTT CTT CTT CTT CTT GAA GAA GAA GAA GAA GAA GAA GAA GAA GAC GAC GAC GAC GAC GAC GAG GAG GAG GAG GAT GAT GAT GAT GAT GAT GAT GCA GCA GCA GCA GCA GCA GCA GCA GCA GCA GCA GCA GCA GCC GCC GCC GCC GCC GCC GCC GCC GCG GCG GCG GCT GCT GCT GCT GCT GCT GCT GCT GCT GGA GGA GGA GGC GGC GGC GGC GGC GGC GGC GGG GGG GGG GGT GGT GGT GGT GGT GGT GGT GGT GGT GTA GTA GTA GTA GTC GTC GTC GTC GTC GTC GTC GTC GTC GTG GTG GTG GTG GTG GTT GTT GTT GTT GTT TAC TAC TAC TAC TAC TAT TAT TAT TAT TAT TAT TAT TCA TCA TCA TCA TCA TCC TCC TCC TCC TCC TCG TCG TCT TCT TCT TCT TCT TCT TGC TGC TGG TGT TGT TGT TTA TTA TTA TTA TTA TTA TTA TTA TTA TTA TTA TTA TTC TTC TTC TTC TTC TTC TTC TTG TTG TTG TTG TTG TTG TTG TTG TTG TTG TTG TTT TTT TTT TTT TTT TTT
mikatae                                     AAG CAA AAT AAA AAG AAT AAA ACA ACC ACT AGA AGA AGG AGG AGC AGT AGT ATT ATG CAA CAG --- CAG CAG ACG CCA CCA CCC CCC CCA CCA CGG CGT GAC GAC GAA GAG GAC ACA GCA GCT GCG GGA GGG GGG GGT GTT GTG GCA GTC GTT TAT TAT TCG TCG TCG TCT TTG CTA TTC TTT TTT AAA AAA AAA AAG AAG AAG AAG AGA CAA AAC AAC AAT AAT AAT AGC AGT AAA AAA AAG AAG AAG ATG AAC AAC AAC AAT AAT AAT AAT GAT GGC ACA ACA ACG ACT ACT ATC ACA ACC ACC ACC ACT ACT ATT ACA ACA ACG ACG ACT ACT ACA ACC ACC ACG ACT ACT ACT ACT TCC AAA AGA AGA AGA AGG AGG AGA AGA AGG AGG AAC AGC AGC AGT AGT ATA ATA ATT ATT ATT GTA ATC ATC ATC ATT ATG ATA ATA ATC ATC ATC ATT GTC GTT TAT ACA CAA CAA CAG CAC CAC CAT CAT CAT CAG GAG CAC CAC CAC CAT CAT CAT CAT TAT CCA CCA CCA CCA CCG CCG CCT CCT CCT CCC CCT CCA CCA CCC CCT CCT CCT CGC CGC CGT CTA TTA TTA TTA TTA TTG CTC CTT CTT CTA CTC CTC CTT TTA CTA CTC CTC CTT CTT TTA TTG AAA AAA GAA GAA GAA GAG GAG GAG GAG GAC GAC GAC GAT GAT GAT GAA GAA GAG GAG GAC GAC GAC GAT GAT GAT GAT ACA GCA GCA GCA GCA GCA GCC GCC GCG GCT GCT GCT TCA GCA GCA GCC GCC GCT GCT TCC TCT GCC GCG GCT AGC GCA GCA GCC GCC GCG GCG GCG GCT GGA GGG GGG GGA GGC GGT GGT GGT GGT GGT GGA GGG GGT GGA GGA GGC GGC GGT GGT GGT GGT GGT ATA GTA GTC GTT ATC ATT GTC GTC GTG GTG GTT GTT GTT GTA GTA GTC GTG GTG GTC GTC GTG GTT GTT TAC TAT TAT TAT TTC TAC TAC TAC TAT TAT TAT TAT TCA TCA TCA TCC TCT TCC TCC TCG TCT TCT TCA TCG ACA TCA TCC TCC TCT TCT TGC TGC TGG TGC TGC TGT ATA CTA CTA CTG CTT TTA TTA TTA TTA TTG TTG TTG TTC TTC TTC TTT TTT TTT TTT CTA CTA CTA CTG CTG TTA TTG TTG TTG TTG TTG TTC TTC TTC TTT TTT TTT
cerevisiae                                  AAG CAA AAC AAG AAG AAT AAA ACG ACA ACT AGA AGA AGA AGG AGT AGC AGT ATC ATG CAA CAG --- CAA CAG CCA CCA CCA CCC CCT CCC CCG CGT CGT GAC GAT GAA GAA GAT ACA GCA GCA GCT GGA GGT GGC GGC GTC GTA GCC GTA GTT TAC TAT TCA TCA TCG TCT TTA CTA TTC TTC TTT AAA AAA AAG AAA AAA AAG AGG AAA CAA AAC GAC AAC AAT AAT AGC AAC AAA AAG AAA AAA AAG ATG AAC AAT AAT AAC AAC AAT AAT GAT GGC ACA ACG ACA ACG ATG ATC ACT ACA ACC ACT ACC ACT ATT ACA ACG ACA ACG ACC ACC ACA ACC ACC ACG ACC ACG ACT ACT TCT AAA AGA AGG CGA AGA AGG AGA AGG AGA AGA AAT AGT AGT AGC AGT ATA ATA ATA ATC ATT GTA ATA ATC ATT ATT ATG ATA ATT ATC ATC ATT ATT GTT GTT TAT CAA CAA CAG CAG CAA CAC CAC CAC CAT CAG GAA CAC CAT CAT CAC CAC CAT CAT TAT CCA CCA CCA CCG CCC CCG CCA CCC CCT CCT CCC CCA CCA CCC CCC CCC CCT CGT CGT CGT CTA CTA CTA CTG TTA TTA CTT CTC CTT CTA CTT TTA CTG TTA CTA CTC CTT CTC CTT TTA TTG AAA CAA GAA GAG GAG GAA GAG GAG GAG GAC GAC GAT GAC GAC GAT GAA GAG GAG GAG GAC GAC GAT GAC GAC GAT GCT ACG GCA GCA GCA GCA GCT GCA GCT GCA GCA GCT GCT GCA GCA GCG GCC GCT GCC GCC TCT GCT GCA GCA GCT AGC GCC GCT GCA GCC GCC GCG GCT GCT GGA GGA GGA GGA GGA GGC GGC GGG GGT GGT GGA GGG GGT GGC GGT GGC GGT GGA GGC GGC GGG GGT ATA GTG GTC GTT ATT ATT GTC GTT GTA GTT GTC GTC GTT GTA GTG GTG GTA GTG GTC GTT GTT GTC GTT TAC TAC TAT TAT TTC TAC TAT TAT TAC TAC TAT TAT TCA TCA TCG TCA TCC TCC TCT TCC TCC TCT TCA TCG ACC TCA TCT TCT TCC TCT TGC TGT TGG TGC TGT TGT TTA CTA TTG CTA TTG CTA TTA TTG TTG CTA TTA TTG TTC TTC TTT TTC TTC TTT TTT TTA TTG TTG CTG TTG TTG CTA CTG TTA TTA TTG TTC TTT TTT TTC TTT TTT
paradoxus                                   AAG CAA AAT AAG AAG AAT AAA ACG ACA ACT AGA AGG AGA AGG AGT AGC AGT ATT ATG CAA CAG --- CAA CAG CCA CCA CCA CCC CCT CCT CCA CGT CGT GAT GAT GAA GAG GAT ACG GCA GCG GCT GGA GGT GGC GGC GTC GTG GCT GTA GTT TAC TAC TCA TCG TCG TCT TTG CTA TTC TTC TTT AAA AAG AAA AAA AAG AAG AAG AAA CAG AAC AAC AAC AAC AAT AGC AAC AAA AAG AAA AAG AAG ATG AAC AAC AAT AAC AAT AAC AAT GAT GGC ACA ACA ACA ACG ACG ATC ACT ACA ACC ACC ACC ACT ATT ACA ACA ACA ACG ACC ACG ACC ACC ACG ACG ACC ACC ACC ACT TCT AAA AGA AGA AGA AGG AGG AGA AGG AGA AGG AAT AGC AGT AGC AGT ACA ATA ATA ATT ATT GTG ATA ATC ATT ATT ATG ATA ATT ATA ATC ATC ATT GTT GTT TAT CAA CAA CAA CAG CAA CAC CAC CAT CAT CAG GAA CAC CAC CAT CAC CAT CAC CAT TAT CCA CCG CCT CCA CCA CCG CCA CCT CCT CCT CCT CCA CCA CCC CCC CCT CCT CGT CGT CGT CTT CTA TTA CTG TTA TTA CTT CTT CTT CTA CTC TTA TTG TTA CTA CTC CTT CTC CTT TTA TTG AAA AAA GAA GAA GAG GAA GAA GAC GAG GAC GAT GAT GAC GAT GAT GAA GAG GAA GAG GAC GAT GAT GAC GAT GAT GAT ACG GCA GCC GCG GCT GCT GCA GCT GCA GCA GCG GCT GCA GCA GCA GCC GCT GCC GCT TCC GCT GCC GCT GCT AGC GCC GCT GCC GCC GCA GCG GCT GCT GGA GGA GGC GGA GGA GGC GGT GGC GGC GGT GGG GGG GGT GGT GGT GGC GGT GGA GGC GGT GGT GGT ATA GTA GTC GTT ATT ATC GTC GTC GTA GTT GTC GTT GTT GTA GTA GTG GTG GTG GTC GTT GTC GTT GTT TAC TAT TAC TAT TTT TAC TAC TAT TAC TAT TAC TAT TCA TCG TCG TCA TCC TCC TCT TCG TCT TCT TCA TCG ACA TCA TCA TCT TCT TCT TGC TGC TGG TGC TGT TGT TTA TTA TTA CTA CTA CTA TTA TTA TTG TTA TTG TTG TTC TTT TTT TTC TTT TTC TTT TTA TTA TTG CTG TTG TTG TTG CTG TTA TTG TTG TTC TTC TTT TTC TTC TTT



    1    1    2    1    3    3    1    1    1    2    1    1    1    1    1
    1    2    1    2    2    1    1    1    1    1    1    1    1    1    1
    1    1    1    1    1    1    1    1    1    1    1    1    1    1    1
    1    1    1    1    1    2    1    1    1    1    1    1    1    1    2
    1    1   11    2    1    2    1    2    1    1    1    3    1    4    1
    3    1    1    8    2    2    1    8    1    3    1    1    1    2    1
   10    1    1    2    1    2    1    1    1    1    1    2    1    2    5
    1    2    1    2    1    1    1    1    2    1    1    2    1    1    6
    1    2   14    4    1    2    2    2    1    2    1    1    1    1    1
    6    1    4    1    1    1    1    1    2    1    2   13    1    1    1
    1    1   12    1    1    1    1   10    1    3    1    1    1    1    1
    2    1    2    1    1    1    2    1    4    1    7    1    1    1    1
    1    1    1    1    1    1    2    1    1    1    2    8    1    3    4
    1    1    1    1    1    1    1    2    1    1    1    1    1    1    1
    2    1    1   10    1    1    1    1   26    1    3    3    1    1    2
    2    1    1    1    2    5    2    3    1    4    2    1    1    1    3
   18    1    1    6    1    2    1    1    1    1    1    1    1    1    1
    3    1    1    2    2    1    1    1    1    1    1    1    1    3    1
    1    1    1    1    5    1    1    1    1    1    1    1    1    1    3
    1    1    1    1    1    1    2    1    2    1    1   21    1    1    1
    1    1    1    2    1    2    1    1    1    1    1    1    1    1    1
    2    1    1    1    5    6    2    1    3    1    1    1    3    2    2
    3   14    1    1    2    1    1    1    1    1    2    1    2    1    1
    1    1    1    1    6    1    1   12    1    1    2    1    1    1    1
    1    1    5    1    1    1    2    1    4    2    1    2    1    4    2
    1    1    2    1    1    2    1    1    1    1    2    4    1    1    1
    1    7

CODONML (in paml version 4.4b, July 2010)  torun.nuc
Model: One dN/dS ratio for branches Global clock  (2 genes: diff. rate & k&w)  
Codon frequency model: F3x4
ns =   4  ls = 752

Codon usage in sequences
--------------------------------------------------------------------------------------
Phe TTT 19 20 18 16 | Ser TCT 11 13 13 14 | Tyr TAT 27 31 28 26 | Cys TGT  4  2  4  3
    TTC 16 16 18 20 |     TCC  7  7  6  3 |     TAC 14 11 14 16 |     TGC  2  4  2  3
Leu TTA 18 16 17 19 |     TCA  9  8  8  7 | *** TAA  0  0  0  0 | *** TGA  0  0  0  0
    TTG 15 13 14 16 |     TCG  3  5  4  7 |     TAG  0  0  0  0 | Trp TGG 12 12 12 12
--------------------------------------------------------------------------------------
Leu CTT 17 16 14 16 | Pro CCT 15 15 11 17 | His CAT 13 11  8  9 | Arg CGT  9  5 10 10
    CTC  4  6  5  4 |     CCC  4  4  9  3 |     CAC  5  6  8  7 |     CGC  1  4  0  0
    CTA  6 10 11  7 |     CCA 17 17 16 17 | Gln CAA 18 15 18 17 |     CGA  0  0  1  0
    CTG  5  3  4  3 |     CCG  3  2  3  2 |     CAG  6  8  8  8 |     CGG  0  1  0  0
--------------------------------------------------------------------------------------
Ile ATT 20 20 21 21 | Thr ACT 18 23 16 14 | Asn AAT 24 27 21 22 | Ser AGT 12 11 11 10
    ATC  7  9  7  6 |     ACC 13  8 12 13 |     AAC 16 10 16 16 |     AGC  2  5  4  5
    ATA  9  9  9  9 |     ACA 11 13 12 14 | Lys AAA 24 30 32 30 | Arg AGA 29 25 24 25
Met ATG 15 16 17 16 |     ACG  8  7  8  9 |     AAG 26 21 18 22 |     AGG  6  9  9  8
--------------------------------------------------------------------------------------
Val GTT 14 14 15 15 | Ala GCT 16 13 19 21 | Asp GAT 28 32 28 37 | Gly GGT 32 35 30 33
    GTC 12 10  9  9 |     GCC 12  8  8  8 |     GAC 14 11 15  7 |     GGC 10  5 10 10
    GTA  4  4  7  6 |     GCA 22 21 22 16 | Glu GAA 39 36 34 36 |     GGA  5  6  8  6
    GTG  6  7  4  5 |     GCG  3  6  2  5 |     GAG 12 14 16 13 |     GGG  3  5  3  2
--------------------------------------------------------------------------------------

Codon position x base (3x4) table for each sequence.

#1: bayanus        
position  1:    T:0.20878    C:0.16356    A:0.31915    G:0.30851
position  2:    T:0.24867    C:0.22872    A:0.35372    G:0.16888
position  3:    T:0.37101    C:0.18484    A:0.28059    G:0.16356
Average         T:0.27615    C:0.19238    A:0.31782    G:0.21365

#2: mikatae        
position  1:    T:0.21039    C:0.16378    A:0.32357    G:0.30226
position  2:    T:0.25166    C:0.22636    A:0.35020    G:0.17177
position  3:    T:0.38349    C:0.16511    A:0.27963    G:0.17177
Average         T:0.28185    C:0.18509    A:0.31780    G:0.21527

#3: cerevisiae     
position  1:    T:0.21039    C:0.16778    A:0.31558    G:0.30626
position  2:    T:0.25300    C:0.22503    A:0.35153    G:0.17044
position  3:    T:0.35553    C:0.19041    A:0.29161    G:0.16245
Average         T:0.27297    C:0.19441    A:0.31957    G:0.21305

#4: paradoxus      
position  1:    T:0.21571    C:0.15979    A:0.31957    G:0.30493
position  2:    T:0.25033    C:0.22636    A:0.35419    G:0.16911
position  3:    T:0.37816    C:0.17310    A:0.27830    G:0.17044
Average         T:0.28140    C:0.18642    A:0.31735    G:0.21482

Codon usage in genes
--------------------------------------------------------------
Phe TTT  8 65 | Ser TCT  3 48 | Tyr TAT  4 108 | Cys TGT  0 13
    TTC  8 62 |     TCC  1 22 |     TAC  4 51 |     TGC  0 11
Leu TTA  2 68 |     TCA  6 26 | *** TAA  0  0 | *** TGA  0  0
    TTG  3 55 |     TCG  6 13 |     TAG  0  0 | Trp TGG  0 48
--------------------------------------------------------------
Leu CTT  0 63 | Pro CCT  5 53 | His CAT  0 41 | Arg CGT  7 27
    CTC  0 19 |     CCC  7 13 |     CAC  0 26 |     CGC  0  5
    CTA  3 31 |     CCA 13 54 | Gln CAA 14 54 |     CGA  0  1
    CTG  0 15 |     CCG  2  8 |     CAG 10 20 |     CGG  1  0
--------------------------------------------------------------
Ile ATT  2 80 | Thr ACT  8 63 | Asn AAT 16 78 | Ser AGT 11 33
    ATC  2 27 |     ACC  1 45 |     AAC  4 54 |     AGC  5 11
    ATA  0 36 |     ACA  8 42 | Lys AAA  6 110 | Arg AGA 11 92
Met ATG  8 56 |     ACG  4 28 |     AAG 18 69 |     AGG  5 27
--------------------------------------------------------------
Val GTT 11 47 | Ala GCT  5 64 | Asp GAT  6 119 | Gly GGT  4 126
    GTC  4 36 |     GCC  1 35 |     GAC  6 41 |     GGC  5 30
    GTA  3 18 |     GCA  8 73 | Glu GAA  4 141 |     GGA  5 20
    GTG  3 19 |     GCG  2 14 |     GAG  4 51 |     GGG  2 11
--------------------------------------------------------------

Codon position x base (3x4) table for each gene.


Gene #1
position  1:    T:0.15571    C:0.21453    A:0.37716    G:0.25260
position  2:    T:0.19723    C:0.27682    A:0.33218    G:0.19377
position  3:    T:0.31142    C:0.16609    A:0.28720    G:0.23529
Average         T:0.22145    C:0.21915    A:0.33218    G:0.22722

Gene #2
position  1:    T:0.21723    C:0.15832    A:0.31333    G:0.31112
position  2:    T:0.25663    C:0.22128    A:0.35457    G:0.16753
position  3:    T:0.37850    C:0.17968    A:0.28203    G:0.15979
Average         T:0.28412    C:0.18643    A:0.31664    G:0.21281

Sums of codon usage counts
------------------------------------------------------------------------------
Phe F TTT      73 | Ser S TCT      51 | Tyr Y TAT     112 | Cys C TGT      13
      TTC      70 |       TCC      23 |       TAC      55 |       TGC      11
Leu L TTA      70 |       TCA      32 | *** * TAA       0 | *** * TGA       0
      TTG      58 |       TCG      19 |       TAG       0 | Trp W TGG      48
------------------------------------------------------------------------------
Leu L CTT      63 | Pro P CCT      58 | His H CAT      41 | Arg R CGT      34
      CTC      19 |       CCC      20 |       CAC      26 |       CGC       5
      CTA      34 |       CCA      67 | Gln Q CAA      68 |       CGA       1
      CTG      15 |       CCG      10 |       CAG      30 |       CGG       1
------------------------------------------------------------------------------
Ile I ATT      82 | Thr T ACT      71 | Asn N AAT      94 | Ser S AGT      44
      ATC      29 |       ACC      46 |       AAC      58 |       AGC      16
      ATA      36 |       ACA      50 | Lys K AAA     116 | Arg R AGA     103
Met M ATG      64 |       ACG      32 |       AAG      87 |       AGG      32
------------------------------------------------------------------------------
Val V GTT      58 | Ala A GCT      69 | Asp D GAT     125 | Gly G GGT     130
      GTC      40 |       GCC      36 |       GAC      47 |       GGC      35
      GTA      21 |       GCA      81 | Glu E GAA     145 |       GGA      25
      GTG      22 |       GCG      16 |       GAG      55 |       GGG      13
------------------------------------------------------------------------------

(Ambiguity data are not used in the counts.)


Codon position x base (3x4) table, overall

position  1:    T:0.21131    C:0.16373    A:0.31947    G:0.30549
position  2:    T:0.25092    C:0.22662    A:0.35241    G:0.17005
position  3:    T:0.37205    C:0.17837    A:0.28253    G:0.16705
Average         T:0.27809    C:0.18957    A:0.31814    G:0.21420


Nei & Gojobori 1986. dN/dS (dN, dS)
(Pairwise deletion)
(Note: This matrix is not used in later ML. analysis.
Use runmode = -2 for ML pairwise comparison.)

bayanus             
mikatae              0.0223 (0.0262 1.1772)
cerevisiae           0.0265 (0.0241 0.9114) 0.0115 (0.0095 0.8296)
paradoxus            0.0236 (0.0229 0.9729) 0.0119 (0.0075 0.6272) 0.0111 (0.0040 0.3601)


TREE #  1:  (((3, 4), 2), 1);   MP score: -1
check convergence..
lnL(ntime:  3  np:  8):  -4885.202659      +0.000000
   5..6     6..7     7..3     7..4     6..2     5..1  
 0.562933 0.349719 0.183484 0.724882 4.271686 0.015973 4.793511 0.020710
SEs for parameters:
 0.097101 0.059843 0.033248 0.125670 1.507163 0.008008 0.559440 0.003226
Note: Branch length is defined for the first gene (site partition).
For other genes, look at "rates for genes".

tree length =   1.65907 (1st gene)

(((3: 0.183484, 4: 0.183484): 0.166236, 2: 0.349719): 0.213214, 1: 0.562933);

(((cerevisiae: 0.183484, paradoxus: 0.183484): 0.166236, mikatae: 0.349719): 0.213214, bayanus: 0.562933);

Detailed output identifying parameters

rates for 2 genes:     1  0.72488

gene # 1: kappa =   4.27169 omega =   0.01597
gene # 2: kappa =   4.79351 omega =   0.02071

Time used:  0:10
