
seed used = 1418757193
      5    834

castellii                                  --- --- --- --- --- --- --- --- --- --- --- --- --- --- --- --- --- --- --- --- --- --- --- --- --- --- --- --- --- --- ATG GCT AGA ACT TTC TTC GTC GGT GGT AAC TTC AAA TTG AAT GGT AAC AAG AAA TCC ATT AAG GAA ATT GTT GAA AGA TTG AAC AAC GCT TCT CTT CCA GAA AAC GTC GAA GTT GTC ATC TGT CCA CCA GCT GCT TAC TTA GAC TAC GCT GTC TCT TTA GTT AAC AAG AAG CAA GTC ACC GTC GGT GCC CAA AAC ACT TAC TTG AAG GCT TCT GGT GCT TAC ACT GGT GAA AAC TCT GTT GAC CAA GTC AAG GAC ACT GGT GCT AAG TGG GTC ATT CTA GGT CAC TCT GAA AGA AGA TCT TAC TTC CAC GAA GAT GAC AAG ACT GTC GCT GAC AAG ACC AAG TTC GCT TTG GAC AAC GGT GTC GGT GTC ATC TTG TGT ATT GGT GAA ACC TTA GAA GAA AAG AAG GCC GGT ATT ACC TTA GAA GTT GTT GAA AGA CAA TTG ACC GCC GTC TTG GCT GAA GTC AAG GAC TGG ACT AAC GTC GTT ATT GCT TAC GAA CCA GTC TGG GCT ATT GGT TCC GGT TTG GCC GCT ACC CCA GAA GAT GCT CAA GAA ATT CAC GCT TCT ATC AGA AAG TTC TTG GCT TCC AAG TTG GGT CAA GCT ACT GCT GAT CAA ATC AGA ATC TTG TAC GGT GGT TCC GCT AAC GGT TCT AAC GCT GTT ACC TTC AAG GAC AAG GCT GAT GTT GAT GGT TTC TTG GTT GGT GGT GCT TCT TTG AAG CCA GAA TTT GTT GAC ATT ATC AAC TCT AGA AAC 
kluyveri                                   --- --- --- --- --- --- --- --- --- --- --- --- --- --- --- --- --- --- --- --- --- --- --- --- --- --- --- --- --- --- ATG GCC AGA ACT TTC TTT GTC GGT GGT AAC TTC AAG CTA AAC GGT TCC AAG AAA TCT ATC AAG GAA ATT GTT GAA AGA TTG AAC AAC GCT TCT ATC CCA GAA AAC GTC GAA GTC GTT ATC TGT CCA CCA GCT CCA TAC TTG GAA TAC GCT GCT AGC TTG ACT GCT AAG CCA CAA GTC ACC GTT GGT GCT CAA AAC TCT TAC GTC AAG GCT ACT GGT GCC TTC ACT GGT GAA AAC TCT GTT GAA CAA ATC AAG GAT GTT GGT GCC AAG TGG GTC ATC TTG GGT CAC TCT GAA AGA AGA ACC TAC TTC AAC GAA GAC GAC ACT TTG GTT GCT GAA AAG ACC AAG TTC GCT TTG GAC CAA GGT CTT GGT GTC ATC TTG TGT ATC GGT GAG ACT TTG GAA GAA AAG AAG GCT GGT GTC ACT TTG GAA GTT GTC GAA AGA CAA TTG AAC GCT GTC TTG GCC AAG GTT CAA GAC TGG ACC AAC GTT GTC GTT GCC TAT GAA CCA GTC TGG GCT ATC GGT ACC GGT TTG GCT GCC ACC CCA GAA GAT GCT CAA GAA ATT CAC GCT TCT ATC AGA AAG TTC TTG GCT TCC AAG TTG GGT GCT GAC GTT GCC GAA AAG ATT AGA ATC TTG TAC GGT GGT TCC GCT AAC GGT AGC AAC GCC GTC ACC TTC AAG GAC AAG GCT GAT GTC GAT GGT TTC TTG GTC GGT GGT GCT TCT TTG AAG CCA GAA TTC GTT GAC ATC ATC AAC TCC AGA AAC 
cerevisiae                                 --- --- --- --- --- --- --- --- --- --- --- --- --- --- --- --- --- --- --- --- --- --- --- --- --- --- --- --- --- --- ATG GCT AGA ACT TTC TTT GTC GGT GGT AAC TTT AAA TTA AAC GGT TCC AAA CAA TCC ATT AAG GAA ATT GTT GAA AGA TTG AAC ACT GCT TCT ATC CCA GAA AAT GTC GAA GTT GTT ATC TGT CCT CCA GCT ACC TAC TTA GAC TAC TCT GTC TCT TTG GTT AAG AAG CCA CAA GTC ACT GTC GGT GCT CAA AAC GCC TAC TTG AAG GCT TCT GGT GCT TTC ACC GGT GAA AAC TCC GTT GAC CAA ATC AAG GAT GTT GGT GCT AAG TGG GTT ATT TTG GGT CAC TCC GAA AGA AGA TCT TAC TTC CAC GAA GAT GAC AAG TTC ATT GCT GAC AAG ACC AAG TTC GCT TTA GGT CAA GGT GTC GGT GTC ATC TTG TGT ATC GGT GAA ACT TTG GAA GAA AAG AAG GCC GGT AAG ACT TTG GAT GTT GTT GAA AGA CAA TTG AAC GCT GTC TTG GAA GAA GTT AAG GAC TGG ACT AAC GTC GTT GTC GCT TAC GAA CCA GTC TGG GCC ATT GGT ACC GGT TTG GCT GCT ACT CCA GAA GAT GCT CAA GAT ATT CAC GCT TCC ATC AGA AAG TTC TTG GCT TCC AAG TTG GGT GAC AAG GCT GCC AGC GAA TTG AGA ATC TTA TAC GGT GGT TCC GCT AAC GGT AGC AAC GCC GTT ACC TTC AAG GAC AAG GCT GAT GTC GAT GGT TTC TTG GTC GGT GGT GCT TCT TTG AAG CCA GAA TTT GTT GAT ATC ATC AAC TCT AGA AAC 
paradoxus                                  --- --- --- --- --- --- --- --- --- --- --- --- --- --- --- --- --- --- --- --- --- --- --- --- --- --- --- --- --- --- ATG GCC AGA ACT TTC TTT GTC GGT GGT AAC TTT AAA TTG AAC GGT TCC AAA CAA TCC ATT AAG GAA ATT GTT GAA AGA TTG AAC ACT GCT TCT ATC CCA GAA AAC GTC GAA GTT GTT ATC TGT CCT CCA GCT ACC TAC TTG GAC TAC TCT GTC TCT TTG GTT AAG AAG CCA CAA GTC ACT GTC GGT GCT CAA AAC GCC TAC TTG AAG GCT TCT GGT GCT TTC ACT GGT GAA AAC TCC GTT GAC CAA ATC AAG GAT GTT GGT GCT AAG TGG GTT ATT TTG GGT CAC TCT GAA AGA AGA TCT TAC TTC CAC GAA GAC GAC AAG TTT GTT GCT GAC AAA ACT AAG TTC GCT CTA GGT CAA GGT GTC GGT GTC ATC TTG TGT ATC GGT GAA ACT TTG GAA GAA AAG AAG GCC GGT AAG ACT TTG GAT GTT GTC GAA AGA CAA TTG AAC GCT GTC TTG GAA GAA GTT AAG GAC TGG ACT AAC GTC GTT GTC GCT TAC GAA CCA GTC TGG GCC ATT GGT AGC GGT TTG GCT GCT ACT CCA GAA GAT GCT CAA GAC ATT CAC GCT TCC ATC AGA AAG TTC TTG GCT TCC AAG TTG GGT GAC AAG GCT GCC AGC GAA TTG AGA ATC CTA TAC GGT GGT TCC GCT AAC GGT AGC AAC GCC GTT ACC TTC AAG GAC AAG GCT GAT GTC GAT GGT TTC TTG GTC GGT GGT GCT TCT TTG AAG CCA GAA TTT GTT GAT ATC ATC AAC TCT AGA AAC 
kudriavzevii                               ATG GAT TTC TTC TTT TTA ATA TCT TCT CTG CTT TTA TCT TTT CTT GAA ATC TAC AGC TAC AAA AAT CTC ATA TAC ATA CAT ACA TTA AAA ATG GCT AGA ACT TTC TTC GTC GGT GGT AAC TTC AAA TTG AAC GGT ACC AAA CAA TCC ATT AAG GAA ATT GTT GAA AGA TTG AAC ACT GCT TCT ATC CCA GAA AAC GTC GAA GTT GTT ATC TGT CCT CCA GCT ATC TAC TTG GAC TAC TCT GTC TCC TTG GTT AAG AAG CCA CAA GTC ACC GTC GGT GCT CAA AAC GCC TAC TTG AAG GCT TCT GGT GCT TTC ACT GGT GAA AAC TCC GTT GAC GAA ATC AAG GAT GTC GGT GCC AAA TGG GTT GTC TTA GGT CAC TCT GAA AGA AGA TCT TAC TTC CAC GAA GAT GAC AAG TTC GTC GCT GAG AAG ACC AAG TTC GCT TTG GGT CAA GGT GTC GGT GTC ATC TTG TGT ATT GGT GAA ACT TTG GAA GAA AAG AAG GCC GGT AAG ACT TTG GAC GTT GTC GAA AGA CAA TTA AAC GCC GTC TTG GAA GAA GTT AAG GAC TGG ACT AAC GTC GTT GTT GCT TAC GAA CCA GTC TGG GCT ATT GGT AGC GGT TTG GCT GCT ACT CCA GAA GAT GCT CAA GAC ATT CAC GCT TCC ATC AGA AAG TTC TTG GCC TCC AAG TTG GGT GAC AAG ACT GCC AGC GAA TTG AGA ATC TTA TAC GGT GGT TCC GCT AAC GGT AGC AAC GCT GTT ACC TTC AAG ACC AAG GCT GAT GTC GAT GGT TTC TTG GTC GGT GGT GCT TCT TTG AAG CCA GAA TTT GTT GAC ATC ATC AAC TCC AGA AAC 



Printing out site pattern counts


         5        456  P G
G 2       36    116

castellii                                   --- --- --- --- --- --- --- --- --- --- --- --- --- --- --- --- --- --- AAC AAG AGA ATC ATG ATT CCA GAA GAC GCT GCT GGT GTT GTT TCT TCT TTG TTT AAA AAA AAC AAC AAC AAC AAC AAC AAG AAG AAG AAG AAG AAG AAG AAT ACC ACC ACC ACC ACC ACC ACT ACT ACT ACT ACT ACT ACT AGA ATC ATC ATT ATT ATT ATT ATT ATT CAA CAA CAA CAA CAC CAC CCA CCA CTA CTT GAA GAA GAA GAA GAA GAC GAC GAC GAC GAC GAC GAT GAT GAT GCC GCC GCC GCT GCT GCT GCT GCT GCT GCT GCT GCT GCT GCT GGT GTC GTC GTC GTC GTC GTC GTC GTC GTT GTT GTT GTT GTT TAC TAC TAC TCC TCC TCC TCT TCT TCT TCT TCT TCT TCT TGG TGT TTA TTA TTC TTC TTC TTG TTG TTG TTG TTG TTG
kluyveri                                    --- --- --- --- --- --- --- --- --- --- --- --- --- --- --- --- --- --- AAC AAG AGA ATC ATG ATC CCA GAA GAC GCC GCT GGT GTC GTT TCC TCT TTG TTC AAA AAG AAC AAC AAC CAA GCT TCC AAG AAG AAG AAG ACT CAA CCA AAC AAC ACC ACC ACC ACC ACT ACC ACT ACT GTT GTT TCT TTG AGA ATC ATT ATC ATC ATC ATT GTC GTT AAG CAA CAA GCT AAC CAC CCA CCA TTG ATC AAG GAA GAA GAA GAG GAA GAA GAC GAC GAC GAT GAA GAC GAT GCT GCT GCT CCA GAC GCC GCC GCC GCC GCC GCT GCT GCT GCT GGT ATC CTT GCT GTC GTC GTT GTT GTT ACT GTC GTC GTC GTT TAC TAT TTC ACC TCC TCT ACC ACT AGC AGC TCT TCT TCT TGG TGT TTG TTG TTC TTC TTT CTA GTC TTG TTG TTG TTG
cerevisiae                                  --- --- --- --- --- --- --- --- --- --- --- --- --- --- --- --- --- --- AAC AAG AGA ATC ATG ATC CCA GAA GAT GCT GCT GGT GTC GTT TCT TCT TTG TTT CAA AAA AAC AAT ACT CAA AAG TCC AAA AAG AAG AAG AAG AAG CCA AAC AAC ACC ACC ACT ACT ACT ACT ACC ACT GCT GTT GCC TTC AGA ATC TTG ATC ATT ATT ATT AAG GTC GAA CAA CAA GAC CAC CAC CCA CCT TTG ATC GAA GAA GAT GAT GAA GAC GAC GAC GAC GGT GAT AGC GAT GAT GCC GCT GCT ACC AAG GAA GCC GCC GCT GCT GCC GCT GCT TCT GGT ATC GTC GTC GTC GTT ATT GTC GTT GTT GTC GTT GTT GTT TAC TAC TTC ACC TCC TCC TCT TCT AGC TCT TCC TCC TCT TGG TGT TTA TTG TTC TTT TTT TTA TTG TTA TTA TTG TTG
paradoxus                                   --- --- --- --- --- --- --- --- --- --- --- --- --- --- --- --- --- --- AAC AAG AGA ATC ATG ATC CCA GAA GAT GCC GCT GGT GTC GTT TCT TCT TTG TTT CAA AAA AAC AAC ACT CAA AAG TCC AAA AAA AAG AAG AAG AAG CCA AAC AAC ACC ACT ACT ACT ACT ACT ACT ACT GCT GTT GCC TTT AGA ATC TTG ATC ATT ATT ATT AAG GTC GAA CAA CAA GAC CAC CAC CCA CCT TTG ATC GAA GAA GAC GAT GAA GAC GAC GAC GAC GGT GAT AGC GAC GAT GCC GCT GCT ACC AAG GAA GCC GCC GCT GCT GCC GCT GCT TCT GGT ATC GTC GTC GTC GTT GTT GTC GTT GTT GTC GTC GTT GTT TAC TAC TTC AGC TCC TCC TCT TCT AGC TCT TCC TCT TCT TGG TGT TTG TTG TTC TTT TTT TTG TTG CTA CTA TTG TTG
kudriavzevii                                AAA AAT ACA AGC ATA ATC ATG CAT CTC CTG CTT GAA GAT TAC TCT TTA TTC TTT AAC AAG AGA ATC ATG ATC CCA GAA GAC GCT GCT GGT GTC GTT TCC TCT TTG TTT CAA AAA AAC AAC ACT CAA AAG ACC AAA AAG AAA AAG AAG AAG CCA AAC AAC ACC ACC ACC ACT ACT ACT ACT ACT ACT GTC GCC TTC AGA ATC TTG ATT ATT GTC ATT AAG GTT GAA CAA GAA GAC CAC CAC CCA CCT TTA ATC GAA GAA GAC GAC GAA GAC GAG ACC GAC GGT GAT AGC GAT GAT GCC GCC GCT ATC AAG GAA GCC GCT GCC GCT GCT GCC GCT TCT GGT ATC GTC GTC GTC GTT GTC GTC GTT GTT GTC GTC GTT GTT TAC TAC TTC AGC TCC TCC TCT TCT AGC TCC TCC TCT TCT TGG TGT TTG TTG TTC TTC TTC TTG TTG TTA TTG TTA TTG



    2    1    1    1    3    1    1    1    1    1    2    1    1    3    3
    3    2    2    2    1    1    1    1    1    1    1    1    1    1    2
    1    1    1    1    2    1    1    1    7    1    1    1    1    1    1
    1    1   11    1    1    1    1    1    1    1    1    1    2    1    1
    1    1    1    1    1    7    4    1    1    2    1    2    1    1    1
    4    1    1    1    2    4    1    1    1    1   12    1    1    1    2
    1    1    2    1    1    1    1    3    1    1    2    1    1    1    1
    1    1    3    1    1    9    1   19    1    1    1    6    1    1    2
    2    1    1    1    3    3    5    1    1    1    2    1    1    1    1
    1    2    1    1    3    2    1    3    6    1    1    1    1    1    1
    1    6

CODONML (in paml version 4.4b, July 2010)  torun.nuc
Model: One dN/dS ratio for branches Global clock  (2 genes: diff. rate & k&w)  
Codon frequency model: F3x4
ns =   5  ls = 278

Codon usage in sequences
--------------------------------------------------------------------------------------------------
Phe TTT  1  1  3  4  3 | Ser TCT 10  7  7  8  9 | Tyr TAT  0  1  0  0  0 | Cys TGT  2  2  2  2  2
    TTC  8  9  8  7 12 |     TCC  4  4  7  6  7 |     TAC  7  5  6  6  9 |     TGC  0  0  0  0  0
Leu TTA  4  0  4  0  6 |     TCA  0  0  0  0  0 | *** TAA  0  0  0  0  0 | *** TGA  0  0  0  0  0
    TTG 13 17 15 17 16 |     TCG  0  0  0  0  0 |     TAG  0  0  0  0  0 | Trp TGG  3  3  3  3  3
--------------------------------------------------------------------------------------------------
Leu CTT  1  1  0  0  2 | Pro CCT  0  0  1  1  1 | His CAT  0  0  0  0  1 | Arg CGT  0  0  0  0  0
    CTC  0  0  0  0  1 |     CCC  0  0  0  0  0 |     CAC  3  2  3  3  3 |     CGC  0  0  0  0  0
    CTA  1  1  0  2  0 |     CCA  6  8  6  6  6 | Gln CAA  7  7  7  7  6 |     CGA  0  0  0  0  0
    CTG  0  0  0  0  1 |     CCG  0  0  0  0  0 |     CAG  0  0  0  0  0 |     CGG  0  0  0  0  0
--------------------------------------------------------------------------------------------------
Ile ATT  9  3  6  5  5 | Thr ACT  7  7  7  9  8 | Asn AAT  1  0  1  0  1 | Ser AGT  0  0  0  0  0
    ATC  6 12  9  9 10 |     ACC  7  7  5  2  5 |     AAC 14 14 11 12 12 |     AGC  0  2  2  3  4
    ATA  0  0  0  0  3 |     ACA  0  0  0  0  1 | Lys AAA  2  1  2  3  5 | Arg AGA  8  8  8  8  8
Met ATG  1  1  1  1  2 |     ACG  0  0  0  0  0 |     AAG 18 18 19 18 18 |     AGG  0  0  0  0  0
--------------------------------------------------------------------------------------------------
Val GTT 11 12 13 13 12 | Ala GCT 23 20 20 19 18 | Asp GAT  5  4  8  6  6 | Gly GGT 21 21 22 22 22
    GTC 15 15 13 14 16 |     GCC  4  8  5  6  6 |     GAC  9  7  7  9  8 |     GGC  0  0  0  0  0
    GTA  0  0  0  0  0 |     GCA  0  0  0  0  0 | Glu GAA 17 19 17 17 19 |     GGA  0  0  0  0  0
    GTG  0  0  0  0  0 |     GCG  0  0  0  0  0 |     GAG  0  1  0  0  1 |     GGG  0  0  0  0  0
--------------------------------------------------------------------------------------------------

Codon position x base (3x4) table for each sequence.

#1: castellii      
position  1:    T:0.20968    C:0.07258    A:0.29435    G:0.42339
position  2:    T:0.28226    C:0.24597    A:0.33468    G:0.13710
position  3:    T:0.36694    C:0.31048    A:0.18145    G:0.14113
Average         T:0.28629    C:0.20968    A:0.27016    G:0.23387

#2: kluyveri       
position  1:    T:0.19758    C:0.07661    A:0.29435    G:0.43145
position  2:    T:0.29032    C:0.24597    A:0.31855    G:0.14516
position  3:    T:0.31855    C:0.34274    A:0.17742    G:0.16129
Average         T:0.26882    C:0.22177    A:0.26344    G:0.24597

#3: cerevisiae     
position  1:    T:0.22177    C:0.06855    A:0.28629    G:0.42339
position  2:    T:0.29032    C:0.23387    A:0.32661    G:0.14919
position  3:    T:0.36290    C:0.30645    A:0.17742    G:0.15323
Average         T:0.29167    C:0.20296    A:0.26344    G:0.24194

#4: paradoxus      
position  1:    T:0.21371    C:0.07661    A:0.28226    G:0.42742
position  2:    T:0.29032    C:0.22984    A:0.32661    G:0.15323
position  3:    T:0.35887    C:0.31048    A:0.17339    G:0.15726
Average         T:0.28763    C:0.20565    A:0.26075    G:0.24597

#5: kudriavzevii   
position  1:    T:0.24101    C:0.07554    A:0.29496    G:0.38849
position  2:    T:0.32014    C:0.21942    A:0.32014    G:0.14029
position  3:    T:0.32374    C:0.33453    A:0.19424    G:0.14748
Average         T:0.29496    C:0.20983    A:0.26978    G:0.22542

Codon usage in genes
--------------------------------------------------------------
Phe TTT  6  6 | Ser TCT 11 30 | Tyr TAT  0  1 | Cys TGT  0 10
    TTC  3 41 |     TCC  2 26 |     TAC  3 30 |     TGC  0  0
Leu TTA  3 11 |     TCA  0  0 | *** TAA  0  0 | *** TGA  0  0
    TTG 10 68 |     TCG  0  0 |     TAG  0  0 | Trp TGG  0 15
--------------------------------------------------------------
Leu CTT  2  2 | Pro CCT  0  3 | His CAT  1  0 | Arg CGT  0  0
    CTC  1  0 |     CCC  0  0 |     CAC  0 14 |     CGC  0  0
    CTA  0  4 |     CCA  5 27 | Gln CAA  0 34 |     CGA  0  0
    CTG  1  0 |     CCG  0  0 |     CAG  0  0 |     CGG  0  0
--------------------------------------------------------------
Ile ATT  1 27 | Thr ACT  0 38 | Asn AAT  1  2 | Ser AGT  0  0
    ATC 10 36 |     ACC  0 26 |     AAC 10 53 |     AGC  1 10
    ATA  3  0 |     ACA  1  0 | Lys AAA  2 11 | Arg AGA  5 35
Met ATG  6  0 |     ACG  0  0 |     AAG  5 86 |     AGG  0  0
--------------------------------------------------------------
Val GTT  6 55 | Ala GCT  8 92 | Asp GAT  3 26 | Gly GGT 10 98
    GTC  4 69 |     GCC  2 27 |     GAC  3 37 |     GGC  0  0
    GTA  0  0 |     GCA  0  0 | Glu GAA  6 83 |     GGA  0  0
    GTG  0  0 |     GCG  0  0 |     GAG  0  2 |     GGG  0  0
--------------------------------------------------------------

Codon position x base (3x4) table for each gene.


Gene #1
position  1:    T:0.28148    C:0.07407    A:0.33333    G:0.31111
position  2:    T:0.41481    C:0.21481    A:0.25185    G:0.11852
position  3:    T:0.36296    C:0.28889    A:0.18519    G:0.16296
Average         T:0.35309    C:0.19259    A:0.25679    G:0.19753

Gene #2
position  1:    T:0.20969    C:0.07401    A:0.28546    G:0.43084
position  2:    T:0.28106    C:0.23700    A:0.33392    G:0.14802
position  3:    T:0.34361    C:0.32511    A:0.18062    G:0.15066
Average         T:0.27812    C:0.21204    A:0.26667    G:0.24317

Sums of codon usage counts
------------------------------------------------------------------------------
Phe F TTT      12 | Ser S TCT      41 | Tyr Y TAT       1 | Cys C TGT      10
      TTC      44 |       TCC      28 |       TAC      33 |       TGC       0
Leu L TTA      14 |       TCA       0 | *** * TAA       0 | *** * TGA       0
      TTG      78 |       TCG       0 |       TAG       0 | Trp W TGG      15
------------------------------------------------------------------------------
Leu L CTT       4 | Pro P CCT       3 | His H CAT       1 | Arg R CGT       0
      CTC       1 |       CCC       0 |       CAC      14 |       CGC       0
      CTA       4 |       CCA      32 | Gln Q CAA      34 |       CGA       0
      CTG       1 |       CCG       0 |       CAG       0 |       CGG       0
------------------------------------------------------------------------------
Ile I ATT      28 | Thr T ACT      38 | Asn N AAT       3 | Ser S AGT       0
      ATC      46 |       ACC      26 |       AAC      63 |       AGC      11
      ATA       3 |       ACA       1 | Lys K AAA      13 | Arg R AGA      40
Met M ATG       6 |       ACG       0 |       AAG      91 |       AGG       0
------------------------------------------------------------------------------
Val V GTT      61 | Ala A GCT     100 | Asp D GAT      29 | Gly G GGT     108
      GTC      73 |       GCC      29 |       GAC      40 |       GGC       0
      GTA       0 |       GCA       0 | Glu E GAA      89 |       GGA       0
      GTG       0 |       GCG       0 |       GAG       2 |       GGG       0
------------------------------------------------------------------------------

(Ambiguity data are not used in the counts.)


Codon position x base (3x4) table, overall

position  1:    T:0.21732    C:0.07402    A:0.29055    G:0.41811
position  2:    T:0.29528    C:0.23465    A:0.32520    G:0.14488
position  3:    T:0.34567    C:0.32126    A:0.18110    G:0.15197
Average         T:0.28609    C:0.20997    A:0.26562    G:0.23832


Nei & Gojobori 1986. dN/dS (dN, dS)
(Pairwise deletion)
(Note: This matrix is not used in later ML. analysis.
Use runmode = -2 for ML pairwise comparison.)

castellii           
kluyveri             0.1725 (0.0897 0.5199)
cerevisiae           0.2210 (0.0777 0.3514) 0.1953 (0.0806 0.4128)
paradoxus            0.2052 (0.0777 0.3786) 0.2055 (0.0806 0.3924) 0.0412 (0.0035 0.0852)
kudriavzevii         0.2869 (0.0855 0.2981) 0.2413 (0.0925 0.3831) 0.0977 (0.0177 0.1816) 0.0782 (0.0142 0.1812)


TREE #  1:  ((((3, 4), 5), 1), 2);   MP score: -1
lnL(ntime:  4  np:  9):  -1917.436664      +0.000000
   6..7     7..8     8..9     9..3     9..4     8..5     7..1     6..2  
 0.155276 0.132530 0.044702 0.018670 1.968342 999.000000 0.000100 2.511263 0.222557
SEs for parameters:
 0.089231 0.076774 0.026034 0.011767 1.135428 888763.661835 0.351762 0.497263 0.044458
Note: Branch length is defined for the first gene (site partition).
For other genes, look at "rates for genes".

tree length =   0.50645 (1st gene)

((((3: 0.018670, 4: 0.018670): 0.026032, 5: 0.044702): 0.087828, 1: 0.132530): 0.022746, 2: 0.155276);

((((cerevisiae: 0.018670, paradoxus: 0.018670): 0.026032, kudriavzevii: 0.044702): 0.087828, castellii: 0.132530): 0.022746, kluyveri: 0.155276);

Detailed output identifying parameters

rates for 2 genes:     1  1.96834

gene # 1: kappa = 999.00000 omega =   0.00010
gene # 2: kappa =   2.51126 omega =   0.22256

Time used:  0:07
