
seed used = 1418851809
      5   2184

castellii                                  ATG AAT AAT AAT ACT AAT TCA GCA GAG GAC CTC TGG GGG TCT TTG CAA GAT AGG TTA GGA ACA AGC GGG GAA GGT AGA AGT GCG ATA TTA CAG GAT CCA TCC GAC ATG TTT GCT AAT AAT ATG AAA TAC GAT GAT TTA ATG GAT AAT GGA GGA AAT ATG GAA AAC TTA CTG GAA TTC AAC TTT GAT GAA TTT GAT GGT ATG TTG AAT GAA GAT ATG AAG GAT TTG AGT ATT CCG GAA ATG CCC CAA TCT TTC AAG AGA AAT GCC AAT AAT GTG GCG GCG CCT GAT ATT TCC TAT TCA ACC AAT GTT TGG AAT GAA TCT AAT CCA ACA ATT GAT GAA GAT CCC GTT ATA TTC AAT AAT ATA GAG GAC AAA AGC CTT TAT GAC CTT GGA GAA AAG TCT TCA AGA TCA CAG GAG AAG GAA TCA TCT GCG ATT GGT CAA GTT CCA CCT --- --- --- --- --- --- --- --- --- --- --- --- --- --- --- --- --- --- --- --- --- --- --- --- --- --- TCC ATT AGC CAG ACA TTA CTC AGG CAA CAG AAG GAA TTG AAA GAG GCA TTG CAA AAG CAA GAA GAA TTA AAC AAA AAG TTA GAG AAA CAA TTG AAG GAA ACT CAA GCT AAG CAA GAA AAA CTT GAG CAT CAA TTG GAA ACA AAA GAT ATT CAT GAA AGT TCC ACT GAA CGA CTA ACT AGT AAT TCA TTA AGC ACT TTT GGG AAT GTG GAT ATG ATG ATG GAT GGA TTC TAT GAG GAT ATC CCT TCT TCA AAA GAT TAT GGT TTC TCA CCA GCA TCC ATG GTT TCT CCC CCA ATG TCT ACT GTG TCG ATG AAT GGG TCA CCA AAG AGA AGG CAA GGT AAG TCA AGA ATT GAT TTA GAA ATG ACA GGT AAA AAT AGC ACA AAG GGC --- --- --- --- --- --- --- --- --- --- --- --- --- --- --- --- --- --- --- --- --- --- --- --- --- --- --- TAT CGG AAT ATG AAA CAG CAA TTG GTC TCA CCG GCG CTT TCT ATG GCA GAT AGC AGT GTT AGC AGA CGA AAT TCA ATT ACA TCT CCC --- --- --- --- --- --- --- --- --- --- TAC CTT CCA GCG GCT TCC GAA CTA AAT AGT GGT GAT GCA ATC GGA TTG GGT ATT CAA TTA ATG TAT CAA CCG AAT GAA TCA AAT AGT TAT GAC AGG --- --- --- TCA TCG CCA GTA AAT ATT CTA CCA ACG ATA CCA GGC TCT GTA GAA AAT ACA CCT ATG AGG --- AAA TCG CAA TAT TTA TCT AAA AAT CTT TAT GAT GAA ACC CCC GTT AAG ATG GAT TTG CCC GTA CAA GAT ACA ACA GAT AAG CTT TTT ACT GAT TCT ATG ATG ACA CCG CAA TTA AAA CCA CCT GAA TTG GGA TCT --- AGA AGA GGA AGT TGT TTT GGT GAT TTA AAT --- --- --- --- --- --- --- --- --- --- --- --- GAA GAT ATC AAT GAA GAT TCT TTC GGG GAT ATC TTT AAT TTG GGA ACG ACA CCA TCT CCA GTT TTA AAA TCT CAA AAG AAA AGT AGA AGT ATT TCT CCA CAA CGT GAG CAT ACA TTT GAT GAA TCT TAT CTA AGC ACT TCC AGT AGT CCG GTG AAG ATA ACG AGA AAA TTG ACA ACC CTA CCG CCT GGA TCA ATT GAT CGA TAT GTT AAA GAA TTA CCA GAT AAG ACA TTT GAA TGT TTA TAC CCC AAT TGT GGA AAG CAT TTC AAA AGA AGA TAC AAT ACA CGC TCT CAC ATA CAA ACT CAT TTG GAG GAT AGA CCA TAT GCC TGT GAT TTC CCT AAT TGT GAT AAG GCT TTC GTT AGA AAT CAT GAT CTA GTG AGA CAT AAG AAG GTG CAT TCA GAG AAA TCA TAC GCT TGT CCA TGT GGT AAG AAA TTT AAT AGG GAA GAT GCT CTC ATT GTG CAT AGA AGT AGA ATG ATT TGT GCC GGT GGT AAG AAA TTT GAT AAT GTG GTG ATA AAG AGA TCT CCA AGA AAG AGA GGG AGA CCA AGA AAG GAT GGC TCC AGT AGT GTC AAC AAC AGT CCG GTG AAA GAG AGC ATC CAT AGA AAT ACC AAT GGA CAA ATC GTA TTC AAA ATG GAA AAT CAG CTA AGA GTT GGG ATA GAA AAG GAA GTC CGC CAA --- --- --- --- --- --- --- --- --- --- --- --- --- 
mikatae                                    --- --- --- --- --- --- --- --- --- --- --- --- --- --- --- --- --- --- --- --- --- --- --- --- --- --- --- --- --- --- --- --- --- --- --- --- --- --- --- --- --- --- --- --- --- --- --- --- --- --- --- --- --- --- --- --- --- --- --- --- --- --- --- --- --- --- --- --- --- --- --- ATG AAA GAC TTA AAC CTT CCG CTG GGA CCG CTT TCT GAT GAG AGA GCT GTC AAG GGC TCT GCT TTT TCT GAA TTA ATA ACA --- --- AAC GAT TGG CAA GGT ATG AAC TTT AGC TTA GAT AAT AAT GGA AGA GAC GCT GTT GTA AAC TCG ATC AGT CTA TTG AAT AAA AAT AGA TCA AAT CAA GAC CTT AGT ATG GCT GTT GTA CAA AAT ACA GTG GGC GAA GTT CCC CAA GAC CGG AAG AAC ATT ACC ACA TCA GAT AAT TTA TTA GAA AGC ATG AAA AAG AGT GCA ATA GAT AGG GGT TTT GAT AGA AAC CTC GGC GAA TTA CTA TTA CAA CAA CAG CAA GAA TTA CGT GAG GAG TTG AGG GCA CAA CAA GAA GCT AAT AAG AAG CTA GAG TTA GAG CTA AAA GAA ACT CAA TAC AAG CAA CAA CAA TTA CAA GCA ACT TTG GAG AGC GCT GAT GGT CAA CAA TTT CGA TCC CCT AAA GCA AAC ATC GCT CTT CCC TCC GAA AAC --- --- --- --- --- --- --- --- --- --- --- --- --- --- --- GTA GAA AAT GTA TAC ATA AAC AGT CTC TCA CCA ATG ATT TCC CCG CCA ATG TCG AAC ACT TCA TTT ACA GGC TCA CCC TCT AGG AGA AAT AAT AGA CCC AAG TAT TCC TTG GGA AAA AAG AAT TCT ACT GGT ACG GCT GGA CCA TTA TGT TTC CAA GAA TTG AAT GAA GAT TCT AAC GAA TTA TTT ATC TCG CCA AAA AAA TCC CGT CCA AAT GCA AAA GAA TAC TTG GAT TCG AAA TCC AAA TTT ATT GCT CCT TTT ACT CCT AAA AGT AGA GTT AGT TCT GCT ACT TCC AAC TCC ACT AAC ATT ACT CCT AAT AAC TTG AGA TTG GAT TTC AAG ATT AAG GCC GAA GAA CAG GAT GAT GAA TAT TCT GAA AAA CCT TTG GGA CTT GGT ATT GAA CTT TCT GGT AAA ACA GGT CCT TCT CCT ACA AAA ACA ATG CCA CCA AAG GCT GCT CCT GTG GAT ATT ATG CCC ACA ATT CCA GGG TCT GTG AAT AAC ACA CCA TTA GCC AAT AAA GTG GCT ATA TCC TCC AGT TAT ATA GAT CAA TTT ACG CCA AGA GGG AAA CAG TTA CAT TTT AAC TCC ATC ATT GAG AAT TCA TTG GGT ATT ACT GCT ACG ACA CCG CAC CTA AAA CCA CCA AGC CAG CAG ACA GGG CAT TGC GAG GGT GTT TTT AAT GAT TTA GAT CCC AAT TTA CTC ATG AAA AAT ACA GAT AAT GAA GGT AAT --- AAT GAG GAA AAT GAG CCC GAA AGC AGA TTT GTT ATT TCT GAA GCA CCT TCT CCG ATT CTA AAA TCG CAA AAT AGG TAT GAA GGA AGA TCG CCC CAA GTT GGT ACT CAT GTT AGG GAA TGT GAC ACA AAT ATT GCA AAT AGT CCC TCA AAA ATA ACC AGA AAA CTT ACA ACA CTA CCC AGG GGC TCG ATT GAT CGA TAT GTA AAA GAA ATG CCT GAT AAA ACT TTT GAA TGT TTG TAT CCA GAA TGT ACA AAA ACA TTC AAG AGA AGA TAC AAC ATC AGG TCA CAT ATT CAA ACG CAT TTG GAA GAC CGG CCT TAC TCC TGT GAT CAC CCG GGA TGT AAC AAA GCA TTT GTA CGG AAT CAT GAC TTG ATA AGG CAC AAA AAA TCG CAT CAA GAA AAA GCA TAT GCT TGT CCC TGT GGT AAG AAA TTC AAC AGA GAA GAT GCT TTG GTT GTG CAC AGG AGC AGA ATG ATT TGC AGT GGT GGT AAA AAG TAC GAA AAC GTA GTG ATC AAA AGG TCT CCG AGA AAA AGA GGA AGA CCA AGA AAG GAC GGA TCT TCT AGT GTT TCT AGT AGT CCA ATT AAA GAA AAC CTT AAC AGG GAT CAC AAT GGA CAA TTA ATG TTC AAA CTT GAA GAC CAA CTT AGA AGA GAG CGT AGT TAC GAT GGG ATG GGA ACG GGA ATT ATG ATT TCG CCA ATG AAG ATT AAT CAA AGG 
cerevisiae                                 --- ATG GAT ACA TCA AAC TCT TGG TTT GAT GCC TCA AAA GTA CAA AGC CTA AAT TTT GAC CTA CAA ACC AAC TCT TAT TAC TCA AAT GCT AGA GGC --- AGT GAC CCT TCG AGT TAT GCA ATA GAA GGC GAA TAT AAA ACA CTA GCA ACA GAT GAT TTA GGC AAT ATA TTG AAC CTA AAC TAT GGT GAA ACC AAC GAA GTT ATA ATG AAT GAA ATA AAT GAC TTA AAC CTT CCG CTG GGA CCA CTT TCT GAT GAA AAA TCT GTC AAG GTT TCT ACT TTC TCC GAG TTA ATA GGA --- --- AAT GAT TGG CAA AGT ATG AAC TTT GAC TTA GAA AAT AAT TCA AGA GAA GTG ACT CTA AAT GCA ACT AGC TTG TTG AAT GAA AAT AGA TTA AAT CAA GAC AGT GGT ATG ACT GTT TAT CAA AAA ACA ATG AGT GAT AAG CCC CAC GAT GAA AAG AAG ATT TCC ATG GCG GAT AAT TTA TTG TCG ACT ATA AAC AAA AGT GAA ATT AAT AAA GGC TTC GAT AGA AAC CTC GGG GAA TTA CTG TTA CAG CAA CAA CAA GAG TTG CGC GAG CAA TTG AGA GCA CAA CAA GAG GCT AAT AAG AAG TTA GAG TTA GAA CTC AAA CAA ACA CAA TAC AAG CAA CAA CAA CTA CAG GCT ACC TTA GAG AAC TCT GAT GGT CCA CAG TTT TTA TCT CCC AAA AGG AAG ATC TCT CCT GCT TCA GAA AAT --- --- --- --- --- --- --- --- --- --- --- --- --- --- --- GTG GAG GAT GTA TAC GCA AAT AGC CTT TCA CCA ATG ATT TCC CCA CCA ATG TCT AAT ACT TCG TTC ACT GGG TCA CCT TCT AGG AGA AAC AAT AGA CAA AAG TAC TGC CTG CAG AGA AAA AAC TCT AGT GGT ACT GTA GGA CCA CTA TGT TTC CAG GAA TTG AAC GAA GGT TTC AAT GAC TCC CTC ATT TCA CCA AAG AAA ATT CGC TCG AAT CCA AAT GAA AAC CTC AGT TCA AAA ACC AAA TTT ATT ACG CCC TTC ACT CCA AAG AGT AGA GTT AGT TCA GCT ACG TCC AAC TCT GCT AAC ATT ACC CCT AAT AAC TTA AGG TTA GAT TTC AAG ATT AAT GTT GAA GAT CAG GAA AGC GAA TAT TCA GAG AAA CCT TTG GGC CTG GGT ATT GAA CTT CTT GGA AAA CCA GGT CCT TCT CCT ACA AAA TCA GTG TCT TTA AAG AGT GCT TCT GTG GAT ATT ATG CCT ACA ATT CCT GGG TCT GTA AAT AAT ACT CCA TCA GTC AAT AAA GTA TCC CTT TCC TCC AGT TAT ATA GAC CAA TAT ACA CCA AGA GGT AAG CAG TTA CAC TTT AGC TCT ATC AGT GAG AAT GCA TTG GGT ATC AAT GCT GCG ACA CCA CAT CTA AAG CCG CCG AGC CAG CAA GCA CGA CAT CGG GAA GGC GTT TTC AAT GAT TTA GAC CCT AAT GTA CTT ACG AAA AAT ACA GAC AAT GAA GGA GAT GAT AAT GAG GAA AAT GAG CCT GAA AGT AGA TTT GTT ATT TCC GAA ACG CCT TCT CCC GTT CTT AAG TCA CAA AGT AAG TAC GAA GGA AGA TCT CCT CAA TTC GGC ACA CAC ATT AAG GAA ATC AAC ACA TAT ACC ACA AAT AGT CCC TCA AAA ATC ACA AGA AAA CTC ACA ACA CTG CCC AGA GGT TCA ATC GAT AAA TAT GTG AAG GAA ATG CCT GAT AAA ACA TTT GAA TGT TTA TTT CCT GGA TGT ACA AAA ACA TTC AAG AGA AGG TAT AAC ATC AGA TCT CAT ATT CAA ACA CAT TTG GAA GAT CGG CCA TAT TCC TGT GAT CAC CCT GGA TGT GAT AAG GCA TTT GTA CGA AAT CAT GAC TTG ATA AGA CAC AAA AAA TCG CAC CAA GAA AAG GCG TAT GCA TGT CCC TGT GGT AAG AAA TTC AAT AGA GAA GAC GCT TTG GTT GTG CAC AGA AGT AGA ATG ATT TGC AGC GGT GGT AAA AAG TAT GAA AAC GTG GTA ATT AAA AGG TCT CCA AGA AAA AGA GGA AGA CCA AGA AAA GAT GGA ACT TCA AGT GTT TCT AGT AGT CCA ATC AAA GAA AAT ATT AAC AAG GAT CAT AAT GGA CAG TTG ATG TTC AAG CTT GAA GAT CAA CTC AGA AGA GAG CGT AGT TAT GAT GGG AAT GGA ACG GGG ATT ATG GTT TCG CCA ATG AAA ACT AAT CAA AGG 
paradoxus                                  --- ATG GAT ACG TCA AAC TCT TGG TTT GAT GCC TCG AAA GTG CAA AGT CTA AAC TTC GAT CTA CCA ACC AAT TCT TAT TCC TCA AAT ATT AGA GGT --- AAC GAT CTT TCG AAT TAT GGT ATA GAT GGC GAA TAT AAA ACA CTA GCA ACA GAT GAC TTG GGC AAT ATT TTG AAT CTA AAT TAT GGT GAA ACT AAT GAA ATT ATA ATG AGT GAA ATA AAA GAC TTA AAC CTT CCG CTA GGA CCG CTT TCT GAT GAA AAA TCT GTT AAG GTT TCT GCT TTC TCC GAA TTG GTA GCA --- --- AAC GAT TGG CAA AGC ATG AAC TTT GAT TTA GAA AGT ACT GCA AGA GAA GCC ACT CTA AAT GAA ACT AGC TTG TTG AAT GAA AAT AGG TCA AAT CAT GAC GTT GGT TTG GCT ATG TTC CAA AAA ACT GTG AGT GAT ATG CCC AAT GAT GAA AAG AGG ATC CCC ATG GCA GAT AAC TTA TTG GAG GCC ATA AAC AAA AGT GAA ACT AAT AAA AGC TTT GAT AGA AAC CTC GGT GAA TTA CTA TTA CAA CAA CAG CAA GAG TTG CGT GAA CAA CTG AGG GCA CAG CAA GAG GCT AAT AAG AAG TTA GAG TTA GAA CTA AAG CAA ACA CAA TAC AAG CAA CAA CAA CTA CAG GCT ACC TTA GAG AGC GCT GAT GGC CAA AAA TTT TTA TCT CCC AAA AGA AAG ATC GCT GTT GTT TCC GAA AAT --- --- --- --- --- --- --- --- --- --- --- --- --- --- --- GTG GAG GAT GTA TAC TCA AAT AGT CTT TCA CCA ATG ATT TCT CCG CCG ATG TCG AAC ACT TCG TTC ACT GGC TCA CCT TCT AGG AGA ATC AAT AGA CAG AAG TAC TCC TTT GAG AGA AAA AAC TCT AAT GGT ACG GCA GGT CCA CTA TGT TTC CAA GAT TTG AAC GAA GAT TTC AAT GAC ACG CTT ATT TCA CCA AAA AAA ACC CGT TCG GAT CCA AGT GAA AAC CTG AAT TCG AAA CCC AAA TTT ATT GCG CCC TTC ACT CCA AAG AGT AGA GTT AGT TCA GCC GCT TCC AAC TCC GCT AAC ATT ACC CCT AAT AAC TTA AGG TTG GAT TTC AAG ATA AAT GCC GAA GAA CAG GGG AGC GAA TAT TCA GAG AGG CCT TTG GGG CTT GGT ATT GAA CCT CTT GGA AAA CCA GGC GCT TCT CCT ACA AAA GCG GTG TCC CTA AAG AGT GCT GCT GTG GAT ATT ATG CCC ACA ATT CCG GGG TCT GTA AAT AAT ACT CCA TCA GCT AAT AAA GTG GTC GTT TCT TCC GGT TAT ATA GAC CAA TAT ACG CCA AGA GGT AAG CAG TTA CAT TTT AGC TCC ATC GGT GAA AAT TCA TTG GGT ATC GCA GCT ACG ACA CCG CAT CTA AAG CCG CCG TGC CAG CAG GTA GGA TAT CGC GAA GGC GGT TTC AAT GAT TTA GGC CCT AAT GTA CTT AAA AAA AAT ACA GAT AAT GAG GGA GAC GAT GAT GAG GAA AAT GAG CCT GAA AGT AGA TTT ATT ATT TCT GAA ACA CCT TCT CCG ATT CTT AAG TCC CAA AGC ATG TAT GAG GGA AGA TCC CCT CAA TTT GGT ACT CAC GTT AAG GAA ATT GAC ACT TAC ACT GGC AAT AGT CCC TCG AAA ATA ACA AGG AAA CTT ACA ACA CTG CCC AGA GGC TCG ATC GAT AGA TAT GTA AAG GAA ATG CCT GAT AAA ACA TTT GAG TGT TTG TAT CCG GGA TGT GCA AAA ACA TTC AAG AGG AGA TAT AAC ATC AGA TCT CAT ATC CAA ACA CAT TTG GAA GAC CGG CCG TAT TCC TGT GAT CAC CCT GGA TGT GAT AAG GCA TTT GTA CGG AAT CAT GAC TTG ATC AGA CAT AAA AAG TCG CAT CAA GAA AAG GCA TAT GCG TGT CCC TGT GGG AAG AAA TTC AAC AGA GAA GAT GCT TTG GTT GTG CAC AGA AGT AGA ATG ATT TGC AGT GGT GGT AAA AAA TAT GAA AAC GTA GTA ATT AAA AGG TCT CCG AGG AAA AGG GGA AGA CCC AGA AAG GAT GGA ACT TCG AGT GTC TCT AGT AGT CCA ATT AAA GAA AAC CTT AAT AAG GAT CAT AAT GGA CAG TTG ATG TTC AAA CTT GAA GAT CAA CTC AGA AGA GAG CGT AGT TAT GAT GGG CAC GGA ACG GGG ATA ATG GTT TCG CCA ATG AAA CTT AAC CAA AAG 
kudriavzevii                               --- ATG GAT ACA TCA AAC TCT TGG TTT GAT GTC TCG AAG GTC CAA AAT CTC AAT TTT GAT CTG CAC GCT ACC TCT TGT TCC CCA AAT TCT AGA AGC --- AAC GAA TTT CCA AAT TAT TCA GTA GAG AGT GAA TAT AAA ACG CTA GCG ACA GAT GAC TTC AGC AAT ATC CTC AAT TTA AAC TAT GGA GAA GCA AAC GAA ATG ATA ATG AGT GAA ATA AAA GAC CTA AGT CTT CCG CTG GGA CCG CTA TCG GAT GAC AAA TCC GTC AAG GTT TCT GCT TTC CCT GAA TTA ACC CCA --- --- AAT TAT TGG CAG AGT ATG AAC TTT GGC TTG GAG AAT AAT CCG AAA GAA GCT AGC GTA AAC ACG GCT GGC TCG TTG AAG GGA ATT AGG TCA AAT CAG GAC GCC GGT GTG TCT ACT TCA CAA AAA AAG GTG GGT GAT ATA TCC GAG GAT TGG AAA AGG ATG ACC ATA CCA GAC AAT TTA TTA GCT GGT GTG AAA AGG AAC GAA TTA GAT AAG GGG TTC GAT AGG AAT CTT GGT GAA CTA CTG CTA CAA CAA CAG CAA GAG TTG CGT CAG GAA TTG AGG GCA CAG CAA GAA GCT AAT AAA AAG CTA GAG CTA GAA CTA AAA GAA ACA CAA TTC AAG CAG CAA CAA TTA CAG GCT ACT TTG GAG GGC GGT GAC AGC CAG CAG TTT TTA TCT CCC CAA AAA AAT ATG GTA CCT GCT CTC GCG AAT --- --- --- --- --- --- --- --- --- --- --- --- --- --- --- GTG GAA GAC GTA TAC GCA AAT AGT CTT TCA --- --- --- --- --- --- --- --- --- --- --- --- --- --- --- --- --- --- --- --- --- --- --- --- --- --- --- --- --- --- --- --- --- --- --- --- --- --- --- --- --- --- --- --- --- --- --- --- --- --- --- --- --- --- --- --- --- --- --- --- --- --- --- --- --- --- --- --- --- --- --- --- --- --- --- --- --- --- --- --- --- --- --- --- --- --- --- --- --- --- --- --- --- --- --- --- --- --- --- --- --- --- --- --- --- --- --- --- --- --- --- --- --- --- --- --- --- --- --- --- --- --- --- --- --- --- --- --- --- --- --- --- --- --- --- --- --- --- --- --- --- --- --- --- --- --- --- --- --- --- --- --- --- --- --- --- --- --- --- --- --- --- --- --- --- --- --- --- --- --- --- --- --- --- --- --- --- --- --- --- --- --- --- --- --- --- --- --- --- --- --- --- --- --- --- --- --- --- --- --- --- --- --- --- --- --- --- --- --- --- --- --- --- --- --- --- --- --- --- --- --- --- --- --- --- --- --- --- --- --- --- --- --- --- --- --- --- --- --- --- --- --- --- --- --- --- --- --- --- --- --- --- --- --- --- --- --- --- --- --- --- --- --- --- --- --- --- --- --- --- --- --- --- --- --- --- --- --- --- --- --- --- --- --- --- --- --- --- --- --- --- --- --- --- --- --- --- --- --- --- --- --- --- --- --- --- --- --- --- --- --- --- --- --- --- --- --- --- --- --- --- --- --- --- --- --- --- --- --- --- --- --- --- --- --- --- --- --- --- --- --- --- --- --- --- --- --- --- --- --- --- --- --- --- --- --- --- --- --- --- --- --- --- --- --- --- --- --- --- --- --- --- --- --- --- --- --- --- --- --- --- --- --- --- --- --- --- --- --- --- --- --- --- --- --- --- --- --- --- --- --- --- --- --- --- --- --- --- --- --- --- --- --- --- --- --- --- --- --- --- --- --- --- --- --- --- --- --- --- --- --- --- --- --- --- --- --- --- --- --- --- --- --- --- --- --- --- --- --- --- --- --- --- --- --- --- --- --- --- --- --- --- --- 



Printing out site pattern counts


         5       1980  P G
G 2      568     92

castellii                                   --- --- --- --- --- --- --- --- --- --- --- --- --- --- --- --- --- --- --- --- --- --- --- --- --- --- --- --- --- --- --- --- --- --- --- --- --- --- --- --- --- --- --- --- --- --- --- --- --- --- --- --- --- --- --- --- --- --- --- --- --- --- --- --- --- --- --- --- --- --- --- --- --- --- --- --- --- --- --- --- --- AAA AAA AAA AAA AAA AAA AAA AAA AAA AAA AAA AAA AAA AAA AAC AAC AAC AAC AAC AAG AAG AAG AAG AAG AAG AAG AAG AAG AAG AAG AAG AAG AAG AAG AAG AAT AAT AAT AAT AAT AAT AAT AAT AAT AAT AAT AAT AAT AAT AAT AAT AAT AAT AAT AAT AAT AAT AAT AAT AAT AAT AAT AAT AAT AAT AAT AAT ACA ACA ACA ACA ACA ACA ACA ACA ACA ACA ACA ACA ACA ACA ACC ACC ACC ACC ACG ACG ACG ACT ACT ACT ACT ACT ACT ACT ACT AGA AGA AGA AGA AGA AGA AGA AGA AGA AGA AGA AGA AGC AGC AGC AGC AGC AGC AGC AGC AGC AGG AGG AGG AGG AGG AGT AGT AGT AGT AGT AGT AGT AGT AGT AGT AGT ATA ATA ATA ATA ATA ATA ATC ATC ATC ATC ATC ATC ATG ATG ATG ATG ATG ATG ATG ATG ATG ATG ATG ATG ATG ATG ATG ATG ATG ATG ATT ATT ATT ATT ATT ATT ATT ATT ATT ATT ATT CAA CAA CAA CAA CAA CAA CAA CAA CAA CAA CAA CAA CAA CAA CAA CAA CAA CAA CAG CAG CAG CAG CAG CAG CAT CAT CAT CAT CCA CCA CCA CCA CCA CCA CCA CCA CCA CCA CCA CCA CCA CCC CCC CCC CCC CCC CCC CCG CCG CCG CCG CCG CCG CCT CCT CCT CCT CCT CCT CGA CGA CGA CGC CGG CGT CTA CTA CTA CTA CTA CTA CTC CTC CTG CTT CTT CTT CTT CTT CTT CTT GAA GAA GAA GAA GAA GAA GAA GAA GAA GAA GAA GAA GAA GAA GAA GAA GAA GAA GAA GAA GAA GAA GAA GAA GAA GAA GAA GAC GAC GAC GAC GAC GAG GAG GAG GAG GAG GAG GAG GAG GAG GAT GAT GAT GAT GAT GAT GAT GAT GAT GAT GAT GAT GAT GAT GAT GAT GAT GAT GAT GAT GAT GAT GAT GAT GAT GAT GAT GCA GCA GCA GCA GCA GCC GCG GCG GCG GCG GCG GCG GCT GCT GCT GGA GGA GGA GGA GGA GGA GGA GGA GGA GGA GGA GGC GGC GGG GGG GGG GGG GGG GGG GGT GGT GGT GGT GGT GGT GGT GGT GTA GTA GTA GTA GTC GTC GTC GTG GTG GTG GTG GTG GTT GTT GTT GTT GTT GTT GTT GTT TAC TAC TAT TAT TAT TAT TAT TAT TAT TAT TAT TAT TAT TCA TCA TCA TCA TCA TCA TCA TCA TCA TCA TCA TCA TCA TCA TCA TCC TCC TCC TCC TCC TCC TCC TCG TCG TCG TCT TCT TCT TCT TCT TCT TCT TCT TCT TCT TCT TCT TCT TCT TCT TCT TCT TCT TGG TGG TGT TTA TTA TTA TTA TTA TTA TTA TTA TTA TTA TTA TTA TTA TTA TTA TTC TTC TTC TTC TTC TTC TTC TTG TTG TTG TTG TTG TTG TTG TTG TTG TTG TTG TTG TTG TTT TTT TTT TTT TTT TTT TTT TTT AAA AAA AAA AAA AAG AAG AAG AAG AAG AAT AAT AAT AAT AAT ACA ACT AGA AGA AGA AGA AGA AGA AGA AGG AGT AGT AGT ATA ATA ATG ATT ATT CAA CAC CAT CAT CAT CAT CAT CCA CCA CCA CCA CCC CCT CGC CTA CTC GAA GAA GAG GAT GAT GAT GAT GAT GAT GAT GCC GCC GCT GCT GCT GGA GGC GGG GGT GGT GTG GTG GTG GTG GTG GTT TAC TAC TAC TAT TCA TCA TCC TCT TCT TGT TGT TTA TTC TTC TTC TTG TTT TTT
mikatae                                     AAA AAA AAA AAA AAC AAC AAC AAG AAG AAG AAG AAT AAT AAT AAT AAT ACA ACA ACC ACG AGA AGA AGC AGG AGG AGT ATA ATC ATG ATG ATG ATT ATT ATT ATT CAA CAA CCA CCA CCA CCA CCC CCT CGG CGT CTC GAA GAA GAA GAA GAA GAC GAT GAT GAT GAT GAT GAT GCA GCA GGA GGG GGT GGT TCA TCC TCG TCG TCT TGT TTA TTA TTA TTA TTA TTC TTG TTG TTG TTT TTT --- AAA AAA AAA AAG AAT AGG AGT AGT CAA CGT GCT TCT TTA --- --- AAT AGT TCT AAA AAA AAA AAG AAT AAT AAT AGA CAA GAG GCA GCT GGG GTT TAC TCT --- --- --- --- --- --- --- --- --- AAC AAC AAC AAC AAG AAT ACA ACT CAA CCT GAC GAG GAT GAT GAT GCT GCT GGC GGT GTA GTT GTT TAT --- AAC AAG ACA ACA ACG ACT AGC AGC ATC ATT CAT GCA TTA --- ACA ACG CAC ACA ACC GAA --- AAC AAC ACT ATT GAA GGT TCC --- AAG ACT AGA AGA AGA AGG AGG CAT CTT GAA TGC --- AAC AAT CTA GCT GGC GGT GTT TCC --- AGA ATG CAA GCC --- AAC AAT ACA AGT ATC GGA GGT TAT TCT TTT --- AAC ATA ATT CGT GAC --- AAT AGA CTT TTA TTG --- --- --- --- --- --- AAA AAA ACG ATG ATG CTT GCT GGA TCG TCT TTA TTT ACT AGA ATT ATT CTC CTT GGT GTG TAT TTA TTA --- AAA AAC AAT ACT AGG CAA CAA CAA CAA CAA CAC CTT GAA GAA GAG GCT GGA --- ATG CAA CAG GAA TCC AAC ACT CAA GCA --- CCA CCA CCA CCC CCC CCC CCG CCT CCT CTC GAA TTT ACT CAT CCA CCG CCG GGA ACA CCA CCC CCG CCG CCT --- AGG CAA CCA CCA TCT AAA CGA TCC ATG TTG GTT ACA ATG CTA CTT GAA GCA --- TTA --- AAT ACT ATA GCC TCA TTA TTG --- --- --- --- --- AAT AAT AAT AGC AGT CAA CAA CCT CCT CTG GAA GAA GAA GAA GAG GAT GAT GGA GGT GTA TCA TTT --- --- AAA ACA ATC --- --- CAA GAA GAG GAG GCT GGT TCG --- --- --- --- --- --- --- --- --- AAA AAT AAT AGA AGC AGG ATT CAA CAG GAA GAC GAG GAT GAT GAT GTA TCC TCC --- AGT CCT GAG TCA GTC --- ACA GAA GCT TTT TTT --- CAG TAC --- --- --- --- AGA CAG GAG GGA GGA GGC TCT GGA GGG --- --- --- GAA GAG GGC --- --- AAT AAT ATA GAA GGC GGT ATG GTG GTG TTT ATT GGG GTT --- ACT ATT TCA TCT AGA AGA ATT ATT GAT GTA GTT TCT --- AAG --- AAA AAT ACA ATA GAC GAT GGT TAC TAC TAT --- --- AGT AGT CAA CCC CTT GAA GAC GCT GCT TCA TCC TCG TCT --- AAC ATA CCA CGA GAT GCA GCT GTG TCA --- AAT ACA ACT ATG ATT CAA CCT GAG GTA TCC TCC TCG TCG TCG TCT TCT TGT --- TGG GTT --- --- --- --- ATG CCC CTA CTA CTA CTA CTT GCT TCC TTA TTG --- --- AAC CCC GAT GCT TTC --- --- ATT CAG CTA CTT CTT TTA TTA TTA TTG TTG TTT --- --- --- AAC GTT TTG TTT TTT AAA AAA AAG AAG AAA AAA AAA AAG AAG AAC AAC AAT GAA GGA ATC ACG AGA AGA AGA AGG AGG CGG CGG AGA AGC AGT TCT ATC ATT ATG ATT GTT CAA CAT ACA CAC CAC CAT CAT CCA CCC CCG CCT CCA CCG AGG TTG TTG GAA GAA GAA AAC GAA GAC GAC GAC GAT GAT AGT TCC GCA GCT GCT ACA GGA GGA GGT GGT ATA GTA GTG GTG TCG GTA TAC TAT TAT TAC CAA GCA TCT TCA TCT TGC TGT TTG CAC TTC TTT TTG TAC TTC
cerevisiae                                  AAA AAC AAG AAT AAC AAG AAT AAA AAA AAG AAG AAC AAT AAT AAT AAT ACA ATG TCC ACG AGA AGG ACT AAA AGG AGT ATT ATT ACG ATA ATG ACT ATT ATT GTT CAA CAG CCA TCG TCT TTA CCT CCT GAA CGC CTT GAA GAA GAA GAC TCG GAT AAT GAC GAT GAT GAT GGT CCA GAA GGG CGA GGA GGC GCG ATT TCA TCG TTC TGT CTA GTA TCC TTA TTG TTC TTA TTA TTG CTC TTC GAA AAA AAG AAG AAG GAT AAG AGC AGT CAA CGC TCT TCT TTA AAC AAT AAT AGT TCT AAA AAA AAT AAG AAT AAT AGT AGA CAA GAA GCA GTA GGT GTT TAT TCT --- AAC ACA ATG GAT GAT GCA GCA TAT AAC AAC AAT AAT AAG AAT ACT AGT CAA CCT GAT GAG AGT GAC GAT TCT TCT GTT GGT CTA ACT GTT TAT CTA AAC AAA ACA ACT ACT ACA AAC GAC ATC AGT CAC ACG TTA --- ACA ACA CAT ACA ACA GAA TCA AAG AAT ACA ACC GAA GGT TCT TAT AAG ACG AAA AGA AGA AAG AGG CAT AGT GAA CGG CAA AAT TAT TTG GCT GGG GGT GTT TCA AAT AGA GTG CAG GTC TAC AAC AAT ACA AGT ATC GGA GGC TAC TCA TTT AAT AAT ATC ATT CGT GAA --- AAT AGA ATT TTG TTG --- ACA ATA CCT GTT TTA AAG AGA GCG ATA ATG CTT GCT GGA TCA CTT TCA TTC GCT AGA ATC ATT CTC CTT GGT ATG TAC TTA TTA AGC AAA AGC AAC ACC AGA CAA CAA CAA CAA CAG CAT CTT GAA GAT GAA TCC GGA AGA ATG CAA CAA GAA ACC AAC ACA CCA GCT --- CCA CCG CCT CCC CCT CCT CCC CCT TCT CTT GAA TTT ACC CAC CCA CCA CCA TCA CCA CCA CCC CCA CCG CCC --- AGA CAC CCA CCG TCC AAA AAA TCC AAT CTC TTC ACA ATG CTG CTC GAA AGG GCC TTA TTG AAT ACT ATA GTT GCA CTA TTG AAC AAC AAT GAA GGC AAT AAT GAT AGC AGT CAA CAG CCC CCT CTG CAA GAA GAG GAG GAG AGC GAT CAG AGT TAT TTA TAT GAC GAT GAA TCA ACT --- TTT CAG GAA GAG GAG ACT GGC GCA --- AAC CTA CTA GAA GAT GGC GGT TAT AAA AAT AAT AGA AGT AAG ATC CAA CAG GAG GAC GAG GAA GAT GAT GTA TCT TGC TGG AGT CCT CAA TCA GTC TCA ACA GAT ACT TTC TTC AGT CAG TAC --- ACA GAC GAT AGA CAA GAA GGA GGC GGT TCC GGA GGG --- AAA ACC GAA GAG GGG GAA TCT AAC AAT GCA GAG AGT GGT ATG GTA GTG TTT ATT GGG GTT --- ACT ATC TCA TCT AGA AGA ATT GTT GAT GTG AAG TCA GGC AAT --- AAA AAT GGA CTT AAC GAC GGA AAC TAC TAT --- TCT AGC GGT CAA CAA CCT GAG GAC ACG AGT TCA TCT TCA TCT AGT AAC ATA CCA TTA GAA ACA GCT GTA TCG GTA AAA GCA AAT ATG ATT CAA CCA GAG GTG TCC TCC TCA TCT TCT TCT TCT ATC TCA TGG GTT AAA ATA GCT TTT ATG GCT CTA CTG CTT TTA CTT GCT TCC TTA CTG --- CTA AAT CCT GAT GTG TTC ATA CAA ATT CAG CTC CTC CTG TTA TTA TTG TTA TTG TTT ACC TAT TCG AAT ATT TTG TTC TTT AAA AAG AAG AAG AAA AAA AAG AAA AAG AAC AAT AAT GGA GGA ATC ACA AGA AGA AGG AGA AGG CGA CGG AGA AGT AGT TCA ATT ATT ATG ATT GTT CAA CAT ACA CAC CAC CAC CAT CCA CCC CCA CCA CCT CCT AGA TTG TTG GAA GAA GAA GAT GAA GAC GAT GAT GAC GAT AGC TCC GCA GCA GCT ACA GGA GGA GGT GGT ATA GTG GTA GTG TCG GTA TAT TAT TTT TAT CAA GCG ACT TCT TCT TGC TGT TTA CAC TTC TTT TTG TAT TTC
paradoxus                                   AAA AAC AAA AGT AAC AGG AAT AAA AAA AAG AAG AAC AAC AAC AAT GAT ACA ATG CCC ACG AGA AGG GCC AAA AAG AGT ACT ATT AAA ATA ATG CTT ATA ATC GTT CAA CAA CCA TCG TCC CTA CCT CCT GAA CGT CTT GAA GAG GAT GAC GAG GAT AAT GAT GAT GAT GAT GAT CCA GAA GGG GGA GGA AGC GCA ACC TCA TCG TTC TGT CTA GTA ACG TTA TTG TTC TTA TTG TTG CTT TTT GAT AAA AAA AAG AAG GAT ATG AGC GGT CAA CGT GCT TCT TTA AAT AAT AAT AGT TCT AAA AAG AAA AAG AAT AAT AGC AGA CAA GAA GCA GCA GGT ATG TAT TCT --- AAC ACG ATG GAC GAT GCA GGT TAT AAC AAC AAC AAT AAG AAT ACT AAT CAA CCT GAT GAG AAT GGC GAT GCT TCT GTT GGC CTA ACT ATT TAT CTA AAC AAA ACA ACT ACG ACA AGC GAT ATC GGT CAC ACA TTA --- ACA ACG CAT ACA ACA GAA TCA AAG AAC ACA ACT GAA GGT TCT TAT AAG GCT AAA AGA AGG AAG AGG TAT GTT GAG CGC CCA AAC TAC TTG GCC GGT GGT GTT TCC AAC AGA GTG CAA GCT TCC AAC AAT ACA AGT ATC GGA GGC TAT TCA TTT AAT AAT ATA ATT CGT GAA --- GAT AGA CTT TTG TTG --- ACA ATA CTT ATT TTG AAG AGA ACG ATA ATG CTT GCT GGA TCG CTT TCA TTC GCT AGA ATC ATT CTC CTT GGC GTG TAC TTA TTG AGT AAA AGC ATC ACC AGG CAA CAA CAA CAG CAG CAT CTT GAA GAT GAA GTC GGA AGA TTG CAA CAG GAA CCC AAT ACT CAA GCT --- CCG CCG CCG CCC CCC CCT CCG CCT GCT CTT GAA TTT ACC CAT CCA CCG CCG GCA CCA CCA CCC CCG CCG CCC --- AGA AAT CCA CCG TCC AAA AGA TCC CAC CTG TTT ACT ATG CTG CTC GAA AGA GCC TTA TTG AAT ACT ATA GCC TCA CTA TTG AAT AAT AGT GAA GGC AAT AGT GAC TGC AGT CAA AAA CCC GCT CTA CAA GAA GAG GAG GAG AGC GAT GAG AGC TTC TCA TAT GAT GAT GAA GCG ACT --- TTT CAG GAA GAA GAG GCT GGT GAA --- AAT CTA CTA GAA GAT GGT GGT TAT AGG AAT ACT AGA AGT AAG ATC CAA CAG GAA GAC GAA GAA GAT GAT GTA TCC TCC TGG AGT CCT CAA TCA GTT TCA ACT GAA GCT TTC TTC AAT CAG TAC --- ACA GAT GAT AGG CAG GAA GGA GGG GGC TCT GGT GGG --- AAA ACC GAA GAG GGC GAA TCT AAC AAT TCA GAG AGT GGT ATG GTA GTG TTT ATT GGG GTC --- ACT ATT TCG TCT AGA AGA ATT ATT GAT GTA ATG TCA GGC AAT --- AAA AAT GCA GTT GAC GAC GGA AAC TAC TAT --- TCT AGT GGT CAA CAG GTT GAG GAC GCG AGT TCA TCC TCG TCT AAC AAC GTA CCA TTA GGG GGC GCT GTG TCG GTG AAA GTA GCA ATG ATT CAT CCA GAG GTG TCC TCT TCC TCC TCG TCT TCT ATT TCG TGG GGT AAA ATT ATT TTC ATG GTT CTA CTA CTT TTA CCT GCT TCT TTA TTT --- CTA AAT CCT GAT GCC TTC ATA CAA ATT CAG CTA CTT CTT TTA TTA TTG TTA CTG TTT ACT TAT TCG AAT GTT TTG TTC TTT AAA AAG AAA AAG AAA AAG AAG AAG AAG AAC AAC AAT GGA GGA ATC ACA AGA AGG AGA AGA AGG CGG CGG AGA AGT AGT TCG ATT ATC ATG ATT GTT CAA CAT ACA CAC CAT CAT CAT CCC CCC CCG CCG CCG CCT AGA TTG TTG GAA GAG GAA GAT GAA GAC GAC GAT GAT GAT AGT TCC GCA GCG GCT GCA GGA GGA GGG GGT ATC GTA GTA GTG TCG GTA TAT TAT TAT TAT CAA GCA ACT TCT TCT TGC TGT TTG CAC TTC TTT TTG TAT TTC
kudriavzevii                                --- AAA --- --- --- AGG --- --- AGG --- AAA --- --- AAT --- --- --- ATA ACC --- AGG --- GGT AAG --- AAC TTA --- --- GTG --- --- --- ATG --- --- --- --- --- --- --- --- --- TGG --- --- --- --- --- --- GCT GAT GAT --- --- GAC GAT --- --- GAA --- --- --- GGG CCA --- --- --- --- --- --- --- --- TTA TTA --- --- --- --- --- TTC GAG --- --- --- AAA GAC --- GGC --- CAA CGT GGT --- CTA AAC AAT AAT --- --- --- AAA AAA AAG --- AAT --- --- CAA GAC GCA --- --- ACT --- --- --- AAC ACA ATG GAC GAT GCG TCA TAT --- AAC AAT --- AAG --- --- --- CAG --- --- --- --- --- --- GTA TCC GTT --- GTA AGC --- --- CTG --- --- --- --- --- --- GGC GGC --- --- --- --- CTA --- --- --- --- --- --- --- TCA AAT --- ACA --- GCG --- TCT TGT --- --- AAA --- --- --- --- --- GCC --- --- CAC --- --- TCG --- GGT --- --- CTC AAT --- --- CAA --- TCC AGT --- --- --- ATG --- --- --- --- TTT AAT AAC --- --- --- GAA --- --- --- --- --- --- --- ACG GTA TTT ATG TTC --- --- --- ATA --- --- --- GGA --- --- --- --- --- --- --- --- CTT CTT AGC GTG --- TTG TTA AAT --- --- --- ACT AGG --- CAA CAG CAG --- --- CTA --- GAT GAA --- --- AGA GTG --- CAG GAA --- --- --- CAG GCT --- --- --- --- TCC --- --- --- --- --- CTT --- TTT --- --- --- --- CCG CCG --- --- --- --- CCG --- --- --- GAG --- --- CCT CAA --- --- --- --- --- --- --- --- --- --- AAA GTC CTA CTC ATT --- --- --- --- TTA TTG AAT ACC AGT GAA AGC --- AAT --- --- --- CAA CAG CCC --- CTG GAA --- GAA GAG GAG --- --- --- AGT TCA TCA --- GAA GAT GGA --- GCT --- TTT CAG --- CAG GAG TCT --- ACG --- AAC CTA CTC GAA --- AGC GGA TAT --- --- AAT --- --- --- --- --- --- GAA GAC --- GAG --- GAC GTA --- --- TGG --- --- GAA TCA GTC CCA AAG --- GCT --- TTC AAT --- TTC --- ACA GAT GAT AGG --- --- --- --- --- --- --- --- --- AAG GCT --- --- --- GAA TCT --- --- GCA --- GGT --- --- --- --- --- --- --- --- --- --- --- --- TCT --- AAA --- --- TAT --- ATA --- AGT --- --- --- AAG CCA --- --- --- --- --- TAC --- --- TCT AGT GGT CAA --- CCT GAA GAC --- --- --- --- --- --- AAC AAT ACC --- TTA --- --- --- --- --- GTC AAA --- --- ATG --- CAG --- --- GTG --- --- --- --- --- --- TCG --- TCG TGG --- AAA ATC TCT TTT --- GCT --- CTG --- CTA --- GCT --- --- --- --- TTA AAT --- GAT GCT --- ATA CAA --- --- CTA --- --- --- CTA TTG TTG TTG --- GCA TAT CCA AAT --- --- --- --- --- --- --- --- --- --- --- --- --- --- --- --- --- --- --- --- --- --- --- --- --- --- --- --- --- --- --- --- --- --- --- --- --- --- --- --- --- --- --- --- --- --- --- --- --- --- --- --- --- --- --- --- --- --- --- --- --- --- --- --- --- --- --- --- --- --- --- --- --- --- --- --- --- --- --- --- --- --- --- --- --- --- --- --- --- --- --- --- --- --- --- ---



    2    1    1    1    1    1    1    1    1    2    1    1    1    1    5
    1    1    1    1    1    1    1    1    1    1    1    1    1    1    1
    2    1    2    1    1    1    1    3    1    1    1    1    1    1    1
    1    2    1    1    1    1    1    1    1    1    1    1    1    1    1
    1    1    1    1    1    1    1    1    1    1    1    1    1    1    1
    2    1    1    1    1    1    1    4    1    3    1    1    1    1    1
    1    1    1    1    1    1    1    1    1    1    2    1    1    2    1
    1    1    1    1    1    1    1    1    1    1    1    1    1    1    2
    1    1    1    1    1    1    1    1    1    1    1    1    1    1    1
    1    1    1    1    2    1    1    1    1    1    1    1    2    1    1
    1    2    1    1    1    1    1    1    1    1    1    1    1    1    1
    1    1    1    1    1    1    1    1    1    1    1    1    1    1    1
    1    1    1    1    1    1    1    1    1    1    1    1    1    1    1
    1    1    1    1    1    1    1    1    1    1    1    1    3    1    1
    1    1    1    1    1    1    1    1    1    1    1    1    1    1    1
    1    4    1    1    1    1    1    2    1    1    1    2    1    1    1
    1    1    1    1    1    1    1    2    1    1    1    1    1    1    1
    1    2    1    1    1    1    2    2    1    1    1    1    1    1    1
    1    1    1    1    1    1    1    1    1    1    1    1    1    1    1
    1    1    1    1    2    1    2    1    1    1    1    1    1    1    1
    1    1    1    1    2    1    1    1    1    1    1    1    1    1    1
    1    1    1    1    1    1    1    1    1    1    1    1    1    1    1
    1    1    1    1    1    1    1    1    1    1    1    1    1    1    1
    1    2    1    1    1    1    1    4    1    1    1    1    1    1    1
    1    1    1    1    1    1    1    1    1    1    1    1    1    1    1
    1    1    3    1    1    1    2    1    1    1    1    1    1    1    1
    1    1    1    1    1    1    1    1    1    3    1    1    1    1    1
    1    1    1    1    1    1    1    1    1    1    1    1    1    1    1
    1    1    1    1    1    1    1    1    1    1    1    1    1    1    1
    1    1    1    1    1    1    2    1    1    1    1    1    1    1    1
    1    1    1    1    1    1    1    1    2    1    1    1    1    1    1
    1    1    1    1    1    1    1    1    1    1    1    1    1    1    1
    1    1    1    1    1    1    1    1    1    1    1    1    1    1    1
    1    1    1    1    1    1    1    1    1    1    1    1    1    1    1
    1    1    1    1    1    1    1    1    1    2    1    1    1    1    1
    1    1    1    1    1    1    1    1    1    1    1    1    1    1    1
    1    1    1    1    1    1    1    1    1    1    1    1    1    1    1
    1    1    1    1    1    1    1    1    1    1    1    1    2    1    1
    1    1    5    1    1    1    1    2    1    1    1    1    1    1    3
    3    1    2    1    1    1    1    1    1    1    1    1    1    1    1
    1    1    1    1    1    1    2    1    1    1    1    1    1    1    1
    1    1    1    2    1    1    1    1    1    1    1    1    1    1    1
    1    1    1    1    1    2    1    1    1    1    1    1    1    1    1
    1    1    1    1    1    1    1    6    1    1    1    1    1    1    1


CODONML (in paml version 4.4b, July 2010)  torun.nuc
Model: One dN/dS ratio for branches Global clock  (2 genes: diff. rate & k&w)  
Codon frequency model: F3x4
ns =   5  ls = 728

Codon usage in sequences
--------------------------------------------------------------------------------------------------
Phe TTT 11 14 10 11  5 | Ser TCT 21 17 22 17  6 | Tyr TAT 12  7 15 16  4 | Cys TGT  8  8  7  7  1
    TTC 10  5 12 12  4 |     TCC  8 12 10 12  3 |     TAC  5  7  5  4  1 |     TGC  0  2  2  2  0
Leu TTA 16 17 18 12  7 |     TCA 17  8 17 11  5 | *** TAA  0  0  0  0  0 | *** TGA  0  0  0  0  0
    TTG 14 14 13 17  5 |     TCG  3  9  6 11  3 |     TAG  0  0  0  0  0 | Trp TGG  2  1  2  2  3
--------------------------------------------------------------------------------------------------
Leu CTT  7 10  9 13  3 | Pro CCT  7 11 16 11  2 | His CAT 10  7  6  9  0 | Arg CGT  1  3  1  3  1
    CTC  3  3  6  2  3 |     CCC  7 11  7 10  1 |     CAC  1  5  7  4  1 |     CGC  2  0  2  1  0
    CTA  7  7  8 12  8 |     CCA 19 16 18 11  4 | Gln CAA 22 25 25 22 10 |     CGA  3  2  2  0  0
    CTG  1  1  5  3  3 |     CCG  7  7  3 12  3 |     CAG  6  5  9  9  9 |     CGG  1  3  2  2  0
--------------------------------------------------------------------------------------------------
Ile ATT 14 20 18 17  1 | Thr ACT  9 11 12 14  2 | Asn AAT 41 31 42 35 16 | Ser AGT 16 13 21 18  5
    ATC  6  6  8  9  1 |     ACC  4  2  6  4  3 |     AAC  5 22 21 21  7 |     AGC  9  6  7  7  4
    ATA  8  7  8  8  4 |     ACA 16 17 20 14  3 | Lys AAA 23 35 31 32 10 | Arg AGA 24 22 26 23  1
Met ATG 24 15 14 15  6 |     ACG  3  5  5  6  2 |     AAG 27 16 26 24  7 |     AGG  6 12  6 11  5
--------------------------------------------------------------------------------------------------
Val GTT 10 10 11 10  1 | Ala GCT  6 16  9 14  8 | Asp GAT 39 23 27 33  9 | Gly GGT 12 14 13 16  5
    GTC  3  1  2  2  3 |     GCC  3  2  1  5  1 |     GAC  5  9 11  9  7 |     GGC  3  5  7  9  3
    GTA  4  7  8  9  4 |     GCA  5  9  9 10  3 | Glu GAA 33 33 36 35 14 |     GGA 12 12 12 11  3
    GTG 10  6  7  7  4 |     GCG  6  0  3  3  2 |     GAG 11 11 12 14  6 |     GGG  7  4  5  6  1
--------------------------------------------------------------------------------------------------

Codon position x base (3x4) table for each sequence.

#1: castellii      
position  1:    T:0.20000    C:0.16378    A:0.37008    G:0.26614
position  2:    T:0.23307    C:0.22205    A:0.37795    G:0.16693
position  3:    T:0.35276    C:0.11654    A:0.32913    G:0.20157
Average         T:0.26194    C:0.16745    A:0.35906    G:0.21155

#2: mikatae        
position  1:    T:0.18936    C:0.18153    A:0.37559    G:0.25352
position  2:    T:0.22379    C:0.23944    A:0.36933    G:0.16745
position  3:    T:0.33646    C:0.15336    A:0.33959    G:0.17058
Average         T:0.24987    C:0.19144    A:0.36150    G:0.19718

#3: cerevisiae     
position  1:    T:0.19605    C:0.17772    A:0.38223    G:0.24401
position  2:    T:0.22144    C:0.23131    A:0.38505    G:0.16220
position  3:    T:0.33709    C:0.16079    A:0.33568    G:0.16643
Average         T:0.25153    C:0.18994    A:0.36765    G:0.19088

#4: paradoxus      
position  1:    T:0.18900    C:0.17489    A:0.36389    G:0.27221
position  2:    T:0.22426    C:0.23272    A:0.37659    G:0.16643
position  3:    T:0.34415    C:0.15938    A:0.29619    G:0.20028
Average         T:0.25247    C:0.18900    A:0.34556    G:0.21298

#5: kudriavzevii   
position  1:    T:0.19106    C:0.19512    A:0.31301    G:0.30081
position  2:    T:0.25203    C:0.20732    A:0.41057    G:0.13008
position  3:    T:0.28049    C:0.17073    A:0.30894    G:0.23984
Average         T:0.24119    C:0.19106    A:0.34417    G:0.22358

Codon usage in genes
--------------------------------------------------------------
Phe TTT 45  6 | Ser TCT 74  9 | Tyr TAT 42 12 | Cys TGT  6 25
    TTC 34  9 |     TCC 41  4 |     TAC 16  6 |     TGC  3  3
Leu TTA 68  2 |     TCA 54  4 | *** TAA  0  0 | *** TGA  0  0
    TTG 51 12 |     TCG 28  4 |     TAG  0  0 | Trp TGG 10  0
--------------------------------------------------------------
Leu CTT 42  0 | Pro CCT 42  5 | His CAT 14 18 | Arg CGT  9  0
    CTC 16  1 |     CCC 31  5 |     CAC  8 10 |     CGC  4  1
    CTA 41  1 |     CCA 59  9 | Gln CAA 97  7 |     CGA  6  1
    CTG 13  0 |     CCG 27  5 |     CAG 38  0 |     CGG  3  5
--------------------------------------------------------------
Ile ATT 61  9 | Thr ACT 45  3 | Asn AAT 155 10 | Ser AGT 63 10
    ATC 24  6 |     ACC 19  0 |     AAC 67  9 |     AGC 31  2
    ATA 31  4 |     ACA 62  8 | Lys AAA 103 28 | Arg AGA 58 38
Met ATG 70  4 |     ACG 20  1 |     AAG 76 24 |     AGG 29 11
--------------------------------------------------------------
Val GTT 38  4 | Ala GCT 46  7 | Asp GAT 114 17 | Gly GGT 49 11
    GTC 11  0 |     GCC 10  2 |     GAC 34  7 |     GGC 26  1
    GTA 25  7 |     GCA 29  7 | Glu GAA 134 17 |     GGA 38 12
    GTG 24 10 |     GCG 12  2 |     GAG 51  3 |     GGG 21  2
--------------------------------------------------------------

Codon position x base (3x4) table for each gene.


Gene #1
position  1:    T:0.18895    C:0.18014    A:0.36589    G:0.26501
position  2:    T:0.23779    C:0.23979    A:0.37990    G:0.14251
position  3:    T:0.33827    C:0.15012    A:0.32226    G:0.18935
Average         T:0.25500    C:0.19002    A:0.35602    G:0.19896

Gene #2
position  1:    T:0.21818    C:0.15455    A:0.37955    G:0.24773
position  2:    T:0.17045    C:0.17045    A:0.38182    G:0.27727
position  3:    T:0.33182    C:0.15000    A:0.32955    G:0.18864
Average         T:0.24015    C:0.15833    A:0.36364    G:0.23788

Sums of codon usage counts
------------------------------------------------------------------------------
Phe F TTT      51 | Ser S TCT      83 | Tyr Y TAT      54 | Cys C TGT      31
      TTC      43 |       TCC      45 |       TAC      22 |       TGC       6
Leu L TTA      70 |       TCA      58 | *** * TAA       0 | *** * TGA       0
      TTG      63 |       TCG      32 |       TAG       0 | Trp W TGG      10
------------------------------------------------------------------------------
Leu L CTT      42 | Pro P CCT      47 | His H CAT      32 | Arg R CGT       9
      CTC      17 |       CCC      36 |       CAC      18 |       CGC       5
      CTA      42 |       CCA      68 | Gln Q CAA     104 |       CGA       7
      CTG      13 |       CCG      32 |       CAG      38 |       CGG       8
------------------------------------------------------------------------------
Ile I ATT      70 | Thr T ACT      48 | Asn N AAT     165 | Ser S AGT      73
      ATC      30 |       ACC      19 |       AAC      76 |       AGC      33
      ATA      35 |       ACA      70 | Lys K AAA     131 | Arg R AGA      96
Met M ATG      74 |       ACG      21 |       AAG     100 |       AGG      40
------------------------------------------------------------------------------
Val V GTT      42 | Ala A GCT      53 | Asp D GAT     131 | Gly G GGT      60
      GTC      11 |       GCC      12 |       GAC      41 |       GGC      27
      GTA      32 |       GCA      36 | Glu E GAA     151 |       GGA      50
      GTG      34 |       GCG      14 |       GAG      54 |       GGG      23
------------------------------------------------------------------------------

(Ambiguity data are not used in the counts.)


Codon position x base (3x4) table, overall

position  1:    T:0.19333    C:0.17631    A:0.36794    G:0.26242
position  2:    T:0.22771    C:0.22941    A:0.38019    G:0.16270
position  3:    T:0.33730    C:0.15010    A:0.32335    G:0.18924
Average         T:0.25278    C:0.18527    A:0.35716    G:0.20479


Nei & Gojobori 1986. dN/dS (dN, dS)
(Pairwise deletion)
(Note: This matrix is not used in later ML. analysis.
Use runmode = -2 for ML pairwise comparison.)

castellii           
mikatae              0.2437 (0.5657 2.3210)
cerevisiae           0.1795 (0.6447 3.5913) 0.1295 (0.1073 0.8283)
paradoxus            0.1831 (0.6407 3.4992) 0.1505 (0.1061 0.7047) 0.1463 (0.0663 0.4532)
kudriavzevii         0.3250 (1.0335 3.1799) 0.2127 (0.2140 1.0060) 0.2064 (0.1942 0.9406) 0.2155 (0.1892 0.8778)


TREE #  1:  ((((3, 4), 2), 5), 1);   MP score: -1
lnL(ntime:  4  np:  9):  -7347.733725      +0.000000
   6..7     7..8     8..9     9..3     9..4     8..2     7..5     6..1  
 3.171967 0.575036 0.428638 0.248899 0.648266 2.828512 0.177910 2.905753 0.021729
SEs for parameters:
 0.232297 0.043698 0.023773 0.017266 0.097729 0.229664 0.015568 0.828002 0.004556
Note: Branch length is defined for the first gene (site partition).
For other genes, look at "rates for genes".

tree length =   7.59651 (1st gene)

((((3: 0.248899, 4: 0.248899): 0.179739, 2: 0.428638): 0.146398, 5: 0.575036): 2.596931, 1: 3.171967);

((((cerevisiae: 0.248899, paradoxus: 0.248899): 0.179739, mikatae: 0.428638): 0.146398, kudriavzevii: 0.575036): 2.596931, castellii: 3.171967);

Detailed output identifying parameters

rates for 2 genes:     1  0.64827

gene # 1: kappa =   2.82851 omega =   0.17791
gene # 2: kappa =   2.90575 omega =   0.02173

Time used:  0:21
