
seed used = 1418776469
      6   1218

castellii                                  ATG TCG CTA GAT ACA AAC GAG GAC AAG GAG AAC AAG ACG ACC TAC GAG TCG CAC GTG CAT TCC ACA AAG CAA TCT CAT CTC ATG CCA GAG ACA CCT GCA CAT TTA CTT CTA AAG AGG TCT CTG TCT ACC GTA TTG AAG CCA --- --- --- --- --- --- --- --- --- --- --- --- --- --- --- --- AAC TCG GTG AAT GCT ACT GAT GAG CTG GGA AAT ATC TCT CCC AGG AGG AGA CAA --- --- TTG CTA CAA TTG CAG AAT AGA CTA CCT TTG GCT AAG AAA GAT AAT AAT AAT AGT --- --- --- --- --- --- --- --- --- --- --- --- --- --- --- --- --- --- --- --- --- --- --- --- AGT TTC TCA TCC AGA AAG AAT GGG --- --- --- --- --- --- --- --- --- --- --- --- --- --- --- --- --- --- --- --- CTG AAT AAC ATC AAG AAG TTG AAG AAA TAT GGG TCT GTG TTG GGC ATG GAC GCT CTA CCC AGA ACG AAG AGT CTG ATA CTG AAA GAT GTA GAC GAT --- --- --- --- --- --- AAG CCT GAC GAT GAT GAA GAG GAT GAA GAT --- GAT AAT GCG TTT GGC TTA AAA TTA CGC AAT GCC ATG AAG CAA CAC GAA AAT AAT TCG AAT GAA GAA GAG AAT GAA GGT ATG TCG GGG TTA GGG ATA GGA TTA TTC CAT GAC AAT GAA GAC AAT AGC AAG AGC AAA CTA GGC GGA CTA CAA CAA CTC ATA AGG GAA AAC ACT AAG GAA AGA TCC ACG AGC AAG ATA AGG AGC CCC CTG AAA ACC ATT GGA CAA GAT ACA GAT AGC GAT AGG GAG ATA GAG TAC GCA CCG ATA CGG GAA GAA CCG TTG CCC TTT GTT CCC TTT GGA TAC ACA CCC TTC ACG CCG GAG GAT ATC AAC AAA CTG AAA ACT TTC CAT TCG TCA TAC AAA TTA GAC AGC CCA --- --- --- --- GTC TCC ACA GTA GAG GAT GCA GAC AAG CTC CTT GCC CTG GAG ACG ATA --- --- GAG ACC AGC GTA GAC GAC GAA GCA GAG TGG GAG CAT GAA GTA AGA CAC CAC CGT CGT CGC CCC ACT CGG GAC AGC AAC GAT GAC --- --- TCA ATC GAC CTG GTG CCC --- --- --- --- CTG TAC AAC GGC GAG GGT CTG GAC GAG GAC GAC CTG CAG GAC CTC TTG GCA GAT CTC CAT 
bayanus                                    --- --- ATG CCA GCT AAC GAA GAC AAG GAA AAT AAT ATC GTA TAT ACA GGA AAT GAA AGT TCC AGC ACC AGC --- --- --- TTC CCA CAG ACA CCA GCC CAC --- TTG TTG AAA AGG TCC CAT TCC AAT GTG CTA AAG CCG CCT GTA AGA CTA GAT CAA CTG AAA AAA GAT GTT AAC AGC AAT AGT GGC AAG AAT TTA AAG TAC ATA CAG GGA GGT AAG GAA GTA TCG CCC ACG AAA AGA CTG CAT ACA CAC ACA CAG CCA CAA GGG AGA TTG CCT CTG GCA GCA AAG GAC AAC AAC AGA TCG AAA AGC TTT GTG TTT GCT CTC GAA ACT GCA AAC CAG AAT AAA GAT GCG GAA ATT GTA CCG CAA CAA CAG AAT ACT CTA TCT ACA CGC AAA AAC GAC CAG CTC AGA AAG CTC TCG CAG GTC TCT CGC AAT CGT AAT AGA GGG AAT TAC AAT GGC ATG CTG AAC AAT TCA AGA AAG CTA CAG AAG TAT GGT TCT GTC CTC GGT TAC AAT GCA TTG CCT AAG ATG AAA AGT TTG GTT TTG AAA GAT TTG GCG GAT CCA GCT AAA AAT CAA GAG AGT TCT GAC GAT GAC GAC GGC AGT GAG GGA ACC GAC AAC AAA CTG AGT CAG AAA CTC CAG AGC GCA TTT TTC CAA CAG CAC TCT TCC GAG GAC GAA CAC GAG TTC AGT GGG --- --- --- --- GGA ATC GGT TTA TTT AAC AAT CAA --- --- --- --- --- --- --- --- GGC GGC CTG CAA CAG CTC ATA AAG AAC ACA GCA AAG GGC AAA GAA GGC CCC GGA --- --- --- --- --- --- --- --- --- AAA GAG GAC GGC GAT GAT CAC GAT ATT GAA ATA GCC CCT CAG AGA CAG GAG CCC TTA CCA TAT GTG CCG GAC GGC TAT CCG CCA TTC CAA CAG GAA GAT ATC TTA AAA CTG AAA ACG TTC AAC TCA CCA TAT GGG CTT GAT CTG GAA GGC AAT AGT AAC AAC ACT AAC AGC GCA GAT AAA GTT GGC CTA CTC TCA TTA GTG GAA GTC AAC GAA GAA GAT GAG AAA GAC AAC ACA ACG CAC ACA ATT GGT GAT CAA CAA GAA CCT GCT GAG CTA TCG TTA GCG CTC CAG AAC TCC GAG GAC GAC GAT AAC GCT GCG ATG CCC CTC ATA GAG TCA CTA TAT AAC GGT GAA GGA CTC GAT TCC GAA GAA TTG GAG GAC TTG CTC ACT --- --- --- 
mikatae                                    --- --- --- --- --- --- --- --- --- --- --- --- --- --- --- --- --- --- --- --- --- --- --- --- --- --- --- --- --- --- --- --- --- --- --- --- --- --- --- --- --- --- --- --- --- --- --- --- --- --- --- --- --- --- --- --- --- --- --- --- --- --- --- --- --- --- --- --- --- --- --- --- --- --- --- --- --- --- --- --- --- --- --- --- --- --- --- --- --- --- --- --- --- --- --- --- --- --- --- --- --- --- --- --- --- --- --- --- --- --- --- --- --- --- --- --- --- --- --- --- --- --- --- --- --- --- --- --- --- --- --- --- --- --- --- --- --- --- --- --- --- --- --- --- --- --- --- --- --- --- --- --- --- --- --- --- --- --- --- --- --- --- --- --- --- --- --- --- --- --- --- --- --- --- ATG AAA AGT TTG GTT CTA AAG GAT TTG GTG GAT CCA GGT AAA AAT GAA GAG AGC TCG GAT GAT GAT GAC GGT AGT GAG GGG TCT GAG AAT AAA CTC AGT AAG AAA CTC CAA AAT GCA CTT CTA CAA CAG CAT TCC TCT GAC GAT GAA CAT GAA TTT AGT GGT --- --- --- --- GAC ATT GGG TTA TTC AAT AAT CAA --- --- --- --- --- --- --- --- GGC GGC CTG CAA CAA CTC ATA AAG AAC TCC GTG CAA AAT GAA TGG AAA TCT --- --- --- --- --- --- --- --- --- AAA AGT GAT AAC GCT GAT GGT TAC GGA ATT GAA ATA GCA CCA CAG AGA CTG GAC CCA CTT CCA TAT GTG CCA GAT GGC TAT TCA CCC TTT CGA CAA GAA GAT ATT CAA AAG CTG AAA ACG TTC AAC TCA CCA TAT GAA CTT GAT TTG GAA --- --- --- GAC GAT GGT GGT AGC ACC GAT AAA GTT GAT TTG CTT CCA CTA GAG GCA ATC AAC GAA GAA AGC GAG CAA GAT GAG ATT GTG CAT ATA GCT GGT GAT CGA GAA GAA GGG ACA CCA TTA CCG TTA TTA TCT AAG AAC CTA AGG --- --- AAA ATC ACC GCA ATT ACA ACC ATA GAA TCA CTA TGT AAC GGT GAG GGA CTC GAC CCT GAA GAA TTA GAA GAC TTG ATC ACT --- --- --- 
cerevisiae                                 --- ATG ATG CCA GCT AAC GAA GAT AAA GAG AAT AAT ATC GTA TAT ACA GGG AAT GAA AGT TCC GGC ATT AAC --- --- --- TTT CCA CAG ACG CCG GCT CAC --- TTG CTG AAA AGG TCG CAC TCT AAT ATT TTA AAA CCA CCT GTA AGA TTG GAC CAA CTC AAA AGG GAT GCG AAC AGC AAC AAT GGC AAC ACA TTA AAG TAC ATA CAA GGA GGG AAG GAG GTG TCA CCC ACA AAA AGG TTG CAT ACC CAT GCG CAA CAA CAA GGA AGA TTG CCT CTG GCA GCA AAA GAC AAC AAT AGA TCG AAA AGC TTT ATT TTT --- CCC GAA ACT TCT AAT CAG AGT AAA GAT GCA GAC --- TTA CCA CAA CTA CAG AAT ACA CTA TCT ATA CGC AAA AAC GAC CAA CTC AGG AAA CTT TCG CAA ATT TCT CGC AGT CGT AGT AGG GCC AAC CAT AAT GAT TTG TTA AGC AAT TCA AGA AAG TTA CAA AAG TAC GGT TCT GTC CTT GGT TAT AAT GCT TTA CCT AAA ATG AAA AGT CTA GTT TTA AAA GAT CTT GCA GAT TCA GGT AAA AAT GAA GAG AGT TCC GAC GAT GAT GAA GGT AAT GAA GAT TCC GAG AGT AAA CTT GGC AAA AAA CTC CAA AGT GCA CTT TTA AAA CAG GAT TCC TCC GAC GGT GAA AAT GAA TTA AAT GGT --- --- --- --- GGC CTA GGA CTA TTT AAT GAG CAA --- --- --- --- --- --- --- --- GGT GGT CTG CAA CAA CTC ATA AAG AAC TCC ACG AAG AAT GAG CAA AAA ACT AAA AAC --- --- --- --- --- --- GAT AAA AGT GAT AAA ACT GAT GAC TAT GAT ATC GAA ATA GCA CCA CAG AGG CAG GAG CCG TTA CCG TAT GTA CCA GAA GGC TAT TCC CCA TTT CAA CAA GAT GAT ATT GAA AAG CTG AAG ACG TTC AAC TCA CCA TAT AAG CTT GAC TTG GAA --- --- --- GAC GAA GAT GAC ACC CCA GAT AAA GTT GAT TTA CTC CCA CTA GAA CAA ATT GAT GAA GAA GGC GAA AAA GAT GAG ACT GAG TGC ATC ACT CGG AAT CAA GAA GAA GGT GCA GCG TTA CCA CTG CTG TCT AAG AAC TTC AAA --- --- GAA GTT GCC GCC GTC CCA ACC ATG GAG TTA GTG TAC AGC GAA GAA GGC CTC GAT CCT GAA GAA CTA GAG GAC TTA GTT ACT --- --- --- 
paradoxus                                  --- --- ATG CCA GCT AAC GAA GAT AAG GAG AAT AAT ATC GTA TAT ACA GGG AAT GAA AGT TCC GGC ATT AAC --- --- --- TTT CCA CAA ACA CCG GCT CAT --- TTG CTG AAA AGG TCG CAC TCT AAT GTT TTG AAA CCA CCT GTG AGA CTG GAC CAA CTT AAA AGG GAC GGG AAC AGC AAC AAT GGC AAT GCC TTA AAG TAC ATA CAG GGA GGA AAG GAG GTT TCA CCC ACA AAA AGG CTG CAT ACA CAT GTC CAA CAA CAA GGA AGA TTG CCT CTA GCA GCA AAA GAC AAC AAC AGG TCG AAA AGT TTT ATG TTC GTC CCC GAA ACT TCC AAT CAG AGT AAA GAT GCA GAC ATT ATA CCG CAA CAA CAG AGT ACA TTA TCT ATA CGC AAG AAC GAC CAG CTC AGA AAG CTT TCG CAG ATT TCT CGC AAT CGC AAT AGG GCC AAC TAT AAC GAT TTG TTG AAC AAC TCG AGA AAA CTA CAG AAA TAC GGT TCT GTT CTT GGT TAC AAT GCT TTA CCT AAA ATG AAA AGT TTA GTT TTG AAA GAT CTG GCG GAT TCA GGT GAA AAT GAA GGG AGT TCC GAC GAT GAT GAC GGT ACC GAG GGT TCC GAG AAT AAA CTT GGC AAG AAA CTC CAA AGT GCA CTT TTA AAA CAG CAT TCT TCC GAT GAT GAA CAC GAA TTT GGT GGT --- --- --- --- GGA ATT GGG TTA TTC AAT AAG CAA --- --- --- --- --- --- --- --- GGC GGC CTG CAA CAA CTT ATA AAG AAC TCC GCG AAG AAT GAA CAA GGA ACC AAA TAC --- --- --- --- --- --- GAT AAA AAC GAT AAA AAT GGT GAC TAC GAT ATC GAA ATA GCA CCA CAG AGG CAG GAG CCG CTA CCG TAT GTC CCA GAC GGC TAT TCG CAA TTT CAG CAA GAA GAT ATT GAA AAG CTG AAA ACC TTC AAC TCA CCA TAT GAG CTT GAC TTG GAA --- --- --- GAC GAT GGT GGC AGC GCG GTC AAG ATT GAT TTG CTC CCA CTA CAA GAA ATC GAT GAA GAA GAC GAG GAA GAC GAG ATG GGA CGA ATC GCT CAT GAT CGT GAA GAA GAT GCG CCA TTA CCA CTG TTG TCT AAG AAT TTC AAA --- --- GAA GTT GCC GTC ATT CCA ACT ATA GAG TCA TTA TAT AGT GGT GAG GGT CTC GAT CCT GAA GAA CTA GAG GAC TTA GTT ACT --- --- --- 
kudriavzevii                               --- --- ATG CCA GCC AAC GAA GAT AAG GAA AAT AAT ATC GTG TAT ACA GGG AAC GAA AGT TCC GGC ATC AAC --- --- --- TTC CCG CAA ACA CCA GCT CAT --- TTG TTG AAA AGA TCA CAC TCA AAT GTA CTG AAG CCA CCA GTG AGA CTG GAC CAA CTC AAG AAG GAC CTT AAC AGC AAC AAT GGC AAG GGC CTA AAG TAC ATA CAG GGA GGT AAA GAA GTA TCG CCC ACG AAG AGG TTG CAT ACA CAT GCG CAG CAG CAA GGA AGG TTG CCT CTC GCA GCA AAG GAT AAT AAC AGG TCA AAA AGC TTT GTG TTT GTC TCT GAA ACC ACA AAC CTG AGT AAA GAC TCT GAA GCT ATA CCG CAA CAA CAA AAT ACG CTT TCT ATA CGC AAG AAC GAC CAG CTC AGA CAG CTC TCC CAG ATC TCT CGC AAC CGT ACT AGG GCA AAC TAT AAC GAA TTG TTG AAC AAT TCA AGA AAG CTG CAG AAG TAC GGT TCT GTT CTT GGC TAT AAT GCG CTG CCT AAG ATG AAA AGT TTA GTC TTA AAA GAT CTT GCT GGT CCG GCC AAA AAT CAG GAG AGT TCT GAC GAT GAC GAC GGT AGT GAG GGA CCT GAG AGC AAA CTT GGC GTG AAG CTT CAG AAC GCA TTC TTA CAA CAG CAC TCT TCC GAC GAC GAG CAT GAA TCT AAC GGT --- --- --- --- GAT ATT GGG TTA TTC AAT AAC CAA --- --- --- --- --- --- --- --- GGA GGA CTA CAG CAA CTC ATA AAG AAC ACA ACA AAA GGT AAA CAA GGA TCC AAA --- --- --- --- --- --- --- GAG GAG GAT GAT GAT GAT GAT GAT TAC GAA ATC GAG ATA GCT CCG CAG AGA CAG GAG CCA TTA CCA TAT GTT CCG GAC GGC TAT CCA TCA TTC CAA CGA GAA GAT ATT GAA AAA CTA AGG ACC TTT AAC TCG CCA TAT GAG CTT GAT CTA GAA --- --- --- GAC CAT GGT GAC AGC GTA GAT AGA GTT GGC CTA CTC TCA CTA GAG GTA ATC GAT GAA GAA GCC GAA CAA GAC GGG ACG GCG CAC ACA ACT GGG GAT CCG GAA GCA TGT GCA GCA CCA CCG TTA CTG TCT AAG AGG TTA AAG --- --- GAA GGC ACG GCC AGT CCA ACT ATA AAT TTA CTA TGT AGC GGT GAG GGA CTT GAA CCC GAA GAA TTG GAA GAC TTA CTC ACT --- --- --- 



Printing out site pattern counts


         6       1185  P G
G 3        4    176    215

castellii                                   ATG CAT CTC TCG --- --- --- --- --- --- --- --- --- --- --- --- --- --- --- --- --- --- --- --- --- --- --- --- --- --- --- --- --- --- --- --- --- --- --- --- --- --- --- --- --- --- --- --- --- --- --- --- --- --- --- --- --- --- --- --- --- --- AAA AAA AAA AAC AAC AAC AAC AAG AAG AAG AAG AAG AAG AAG AAG AAG AAG AAG AAT AAT AAT AAT AAT AAT AAT AAT ACA ACA ACA ACC ACC ACG ACG ACT AGA AGA AGA AGA AGG AGG AGG AGT AGT AGT ATA ATC ATC ATG ATG CAA CAA CAA CAC CAG CAT CAT CAT CCA CCA CCC CCC CCT CCT CTA CTA CTA CTA CTA CTC CTG CTG CTG CTG CTG CTT GAC GAC GAG GAG GAG GAG GAG GAT GAT GAT GAT GCA GCT GCT GCT GGA GGC GGG GGG GTA GTG GTG GTG TAC TAT TCA TCC TCC TCG TCG TCT TCT TCT TCT TCT TTA TTC TTG TTG TTG TTG TTG TTG --- --- --- --- --- --- --- --- --- --- --- --- --- --- --- --- --- --- AAA AAA AAA AAA AAA AAC AAC AAC AAC AAG AAG AAG AAG AAG AAG AAT AAT AAT AAT AAT AAT AAT AAT ACA ACA ACA ACC ACC ACG ACG ACG ACT ACT ACT AGA AGA AGC AGC AGC AGC AGC AGC AGG AGG AGG ATA ATA ATA ATA ATA ATA ATC ATC ATG ATG ATT CAA CAA CAA CAA CAC CAC CAC CAG CAT CAT CAT CCA CCC CCC CCC CCC CCC CCC CCG CCG CCG CCT CGC CGC CGG CGG CGT CGT CTA CTA CTC CTC CTC CTG CTG CTG CTG CTG CTG CTG CTT GAA GAA GAA GAA GAA GAA GAA GAA GAA GAA GAA GAA GAA GAC GAC GAC GAC GAC GAC GAC GAC GAC GAC GAC GAC GAC GAC GAG GAG GAG GAG GAG GAG GAG GAG GAG GAG GAG GAG GAT GAT GAT GAT GAT GAT GAT GAT GAT GAT GAT GAT GCA GCA GCA GCA GCC GCC GCG GGA GGA GGA GGA GGC GGC GGC GGG GGG GGT GGT GTA GTA GTA GTA GTC GTG GTT TAC TAC TAC TCA TCA TCC TCC TCG TCG TCG TGG TTA TTA TTA TTA TTA TTC TTC TTC TTG TTG TTT TTT TTT
bayanus                                     --- --- --- --- AAA AAA AAA AAC AAC AAG AAT AAT AAT AAT AAT AAT ACA ACT AGA AGA AGA AGC AGC AGT ATG ATT CAA CAA CAG CAG CAG CAT CCG CCT CGC CGT CTA CTC CTC CTC CTG GAA GAA GAT GAT GAT GCA GCG GCT GGC GGC GGG GTA GTA GTC GTG GTT TAC TCG TCT TTT TTT AAA AAG AAG AAC AAG AAT AAT AAA AAA AAA AAG AAG AAG AAT ACC AGA CAG GCA AAC AAC AAC AAC AAG AGA GAA GGG ACA AGC GCT AAT GTA ATC ATG ATA AAG AGA AGA CGC AAA ACG AGG ACT AGT TCG GTT GTA TCA TAC TTC AGC CAG CTG AAT CAA --- AGT CAC CCA CCG CCC CCT CCA CCT ACA ATG TTG TTG TTG --- CAT CTG GGT TTG TTG TTG AAT GAC ACA CAG GAA GAA GGA CAG CCA GAC GAT GCC GCA GCA TAC AAG GGT GAC GGT GTG GAA GTC TTA TAT TAT TCT ACA TCC AAT GGA --- TCC TCC TCG TCT --- CTA CAC CCA CTA CTA CTC CTG AAA AAC AAC AAT AAT ACC AGT ATA CAA CCA CTC GAA GAC GAG GAG GCT GGC TCA --- AAA AAA AAA GGG AAC AAC ACA TTA --- AAG AGT GGA GGC TTC --- AAC AGC CAA GAC TCC TCT TTC AAC CCG GAC --- GAT CAA GAA GGC ACG GCA TTA AAA CAA --- CAG CCC CTG GAG GAT --- AAG CAC --- ATA ATC ATT CAG GTC AAC ATC --- TTT --- AAA CAA CAA CAG CAG CCT GAA GAG AAC AAC GGT GAA --- CCA CCA CCC CCG TCG CAG CCC CCT TCT CAG CTA AGA GCG GAG GCT --- CTG CTA CTC TTG --- CTA CTC CTG GCG TTA TTG CTC --- AAC ACA AGT CAC CAC CAG GAA GAC GAG GAG GAT GGC --- AAC AAT CTC GAA GAC GAC GAC GAG GAT GAT GCG GCT GTT ATT CAC GAA GAA GAA GAA GAG GAT GCA GGC GTG TCC --- AGT GAC GAC GAG GAT GAT GAT GAT GGA GGC TCC AAA ACG ACT GCC GCA TCA AAA --- GGC GGC GGT AGT GGC GGT --- GGA GGA GGG AAA AGC CAA TTG AAC ATG GTG ATA TAT TAT CCA GAT ACT GAA --- GAG TCA ACA --- CAG CTC CTT TTA TTC TTC TTT CTC TTA CTG GAC TAT
mikatae                                     --- --- --- --- --- --- --- --- --- --- --- --- --- --- --- --- --- --- --- --- --- --- --- --- --- --- --- --- --- --- --- --- --- --- --- --- --- --- --- --- --- --- --- --- --- --- --- --- --- --- --- --- --- --- --- --- --- --- --- --- --- --- AAG --- --- --- --- --- --- --- --- AAA --- --- --- --- --- --- --- --- --- --- --- --- --- --- --- --- --- --- --- --- --- --- ATG --- --- --- --- --- --- --- --- --- AGT --- GTT --- --- --- --- --- --- --- --- --- --- --- --- --- --- --- --- --- --- --- --- --- --- --- --- --- --- --- CTA TTG --- --- --- --- --- --- --- --- --- --- --- GAT --- --- --- --- --- --- --- --- --- --- --- --- --- --- --- --- --- --- --- --- --- --- --- --- --- --- --- --- --- --- --- --- AAA AAC GAC --- AAT TCT --- ATA GAA CCA ACC GAA --- GAA GAG GGT --- TCA --- AAA AAA AAG GAA AAC AAC TCC CAA --- CAA AGC --- GAT CTA --- AAT AAT CAA GAT TCT TCC TTT GGT TCA AAC --- AGC CGA GCA AAA ACG GTG TTA GAA GAA --- AAG TCT TTG GAG GAT --- AAG TAC --- ATA ATT ATT CAG ATC ATC ATT --- CTT --- AGT CAA CAA CAA CAG GGG GAA GAA AAC AAT GGT GAA --- CCA CCC ACA CCA CCG CAA CCA CCA TCG CAA TTA AGA TTA CCA ACA --- CTG TTG CTC TTG --- CTA CTC CTG GCA CTA TTA CTT --- AAC ATT AGT CAT CAT CTG GAA GAC GAC GAG GAT AAT --- GAG AAT TCT GAA GAC GAT GAT AGG GAC GAT GTG ACC GTT GCT CAT GAA GAA GAA GAG GAA GGA ACC GGT GAG CCT --- AGT GAG GAT GAT GAT GAT GAT GGT GGG GCT CTA AAA GTG ACT GCA GCA CCA AAA AAA GGC GGC GGG AGT GGC GGT --- GAC GGA GGT CAA AGC CGA TTG GAT ATT GTG ATA TAT TGT CCA AAA GGT TGG --- GAC TCA ATA --- AAG CTC CTT TTA TTC TTT TTC ATC CTT CTC GAT TAT
cerevisiae                                  --- --- --- ATG AAA AAA AGG AAC AAT AAA AAC AAT AAT AGT AGT AGT ACC ACT AGA AGG AGG AGC AGC AAT TTG --- CAA CTA CAA CAG CAG CAT CCA CCT CGC CGT TTG CCC CTC CTT CTC GAA GAC GAC GAT GAT TCT GCA --- GAT GGC GCC GTA TTA ATT ATT GCG CAT TCG TCT TTT TTT AAA AAA AAG AAC AAC AAT AAT AAA AAA AAA AAA AAA AAG AAT ATT AGA CAA GCA AAC AAC AAT AGC AAG AGA GAG GGA ACG GGC GCT AAT GTA ATC ATG ATA AAA AGA AGG CGC AAA ACA AGG ACA AGT TCG GTT GTG TCA TAT TTT AAC CAA TTG AAT CAA --- AGT CAC CCA CCA CCC CCT CCG CCT GCG ATG CTG TTA TTG --- CAC TTA GGG TTA CTA TTG AAT GAT ACA CAG GAA GAG GGA CAA CCA GAC GAT GCT GCA GCT TAC AAG GGT GAC GGT ATT GAA GTC TTA TAT TAC TCT ATA TCC ACA GGG --- TCG TCT TCA TCT --- CTA CAT CAA TTA TTA CTT CTG AAA GAT GAC --- AAT TCC --- ATG GAA TCA ACC GAA --- GAG GAG GGT --- TTA --- AAA AAG AAG AAG AAC AGC TCC GAA --- AAG AGT AAA GAT TTA --- AGT AGT CAA GGT TCC TCC TTA GAC TCC AAA --- GGC CAA CAA AAA ACG ACG CTG GAG GAA --- AAG ACT TTG GAA GAT --- AAG TAT AAC ATA CTA ATC CAG ATT GTT ATT --- CTT GAT AGT AAA CAA CAA CAG GGT GAA GAG AAC AAT CGG GAA --- CCG CCA CCA CCA CCA CAA CCG CCA TCC CAA TTA AGG CTG GCG GCA --- CTG TTA CTC TTA --- GTG CTC CTG GCC CTA CTA CTC --- AAC ACT AAT AAT GAT CAG GAA GAA GAG GAA AAT AAT --- GAG GAG TCT GAA GAC GAC GAT AAA GAT GAC GCA GCC GTT ACT TGC GAA GAA GAT GAA GAA GAT CCA GGT GAA CCT --- AAT GAG GAT GAT GAT GAT GAT GAC GAT ACT TTC AAA GAG ACT GCA GCA CCA AAA AAA GGC GGT GGA GGC GGT GAA --- GGC GGC GGT AAA ACC CAA CTT GAA GTC GTA ATA TAT TAC CCA GAA GAT CAA --- GAC TCA ATC --- AAA CTC CTT CTA TTC TTT TTT GTT TTA CTT GAA TAT
paradoxus                                   --- --- --- --- AAA AAA AGG AAC AAT AAG AAC AAC AGT AAT AAT AGT ACA ACT AGA AGA AGG AGC AGT AAT TTG ATT CAA CAA CAG CAG CAG CAT CCG CCT CGC CGC CTG CCC CTC CTT CTT GAA GAC GAC GAC GAT TCC GCA GTC GAT GGC GCC GTG ATA ATT ATG GGG TAT TCG TCT TTC TTT AAA AAA AAA AAC AAT AAC AAT AAA AAG AAA AAA AAG AAA AAT ATT AGA CAG GCA AAC AAC AAC AAC AAG AGG GAG GGA ACA GGC GCT AAT GTA ATC ATG ATA AAA AGA AGG CGC AAA ACA AGG ACA AGT TCG GTT GTT TCG TAC TTT AAC CAA CTG AAT CAA --- AGT CAT CCA CCA CCC CCT CCG CCT GTC ATG CTG TTA TTG --- CAC TTG GGA TTG TTA TTG AAT GAT ACA CAA GAA GAG GGA CAG CCA GAC GAT GCT GCA GCT TAC AAG GGT GAC GGT GTT GAA GTT TTA TAT TAC TCT ATA TCC GCC GGG --- TCG TCT TCA TCT --- TTA CAT CAA CTA TTG CTT CTA GAA GAT GAC --- AAT TCC --- ATA GAA TCA ACT GAA --- GAG GGG GGT --- TCA --- AAA AAA AAG GAG AAT AGT TCC GAA --- AAG AGT AAA GAT TTA --- AAT AGT CAA GAT TCC TCT TTT GGC TCG AAA --- GAC CAG GAA GGA ACC GCG CTG GAA GAA --- AAG ACC TTG GAG GGT --- AAG TAC TAC ATA ATT ATC CAG ATC GTT ATT --- CTT GAT AAC AAA CAA CAA CAG GAT GAA GAG AAC AAT CAT GAA --- CCG CAA CCA CCA CCA CAA CCG CCA TCC CAA TTA AGG TTG CCA GCG --- CTG TTG CTT TTA --- TTA CTC CTG GTC CTA CTA CTC --- AAC ATG GGT CAC CAT CAG GAA GAC GAG GAG GAT AAT --- GAG AAG TCT GAA GAC GAC GAC AAA GAT GAC GCG GCC ATT GCT CGA GAA GAA GAA GAG GAA GAT GCG GGT CAA CCT --- ACC GAG GAT GAT GAT GAT GTC GAC GGT AAT TTC AAG GGA ACT GCA GCA CCA AAA AAA GGC GGC GGG GGC GGC GGT --- GGA GGT GGT GAA AGC CGT CTG GAT ATT GTC ATA TAT TAT CCA GAA GGT CAA --- GAT TCA ATC --- AAG CTC CTT TTA TTC TTT TTC GTT CTA CTT GAC TAT
kudriavzevii                                --- --- --- --- AAA AAG AAG AAC AAC CAG AAC AAC AAT AAC ACT AGT ACA ACC AGA AGA AGG AGC AGC AAT TTG GCT CAA CAA CAG CAA CTG CAT CCG CCA CGC CGT CTG TCT CTC CTC CTC GAA GAA GAC GAC GAC ACA TCT GTC GAA GGC GCA GTG ATA ATC GTG CTT TAT TCC TCT TTT TTT AAA AAG AAG AAC AAG AAT AAT AAA AAG AAA AAG AAG AAG AAT ATC AGA CAG GCA AAC AAT AAC AAC AAG AGG GAA GGA ACA GGC GCC AAT GTG ATC ATG ATA AAG AGG AGG CGC AAG ACG AGA ACG AGT TCA GTC GTA TCA TAT TTC AAC CAG TTG AAC CAA --- AGT CAT CCG CCA CCC CCT CCA CCT GCG ATG TTG CTG TTG --- CAC TTG GGT TTA TTA TTG AAT GAT ACA CAA GAA GAA GGA CAG CCA GAT GAT GCT GCA GCG TAC AAA GGC GAC GGT GTA GAA GTT CTA TAT TAC TCT ATA TCC GGC GGG --- TCA TCA TCG TCT --- CTT CAT CAG CTG CTG CTT CTC AAA GAT GAC --- AAT CCT --- ATA CAG CCG ACT GAA --- AAT GAG GCC --- TTA --- AAG AGG AAA GAG AGG AGC ACA GAA --- AAA AGT AAA GGC TTA --- AGC AAC CAA GAC TCC TCT TCT GAC CCA GAT --- GCC CAA GTA GGA ACC ACA TTA AAA GAA --- AAG TCC CTA GAA GAT --- AAG TAC --- ATA ATT ATC CAG ATC GGC ATT --- TTC GAG GAT CAA CAG CAA CAG TGT GCA GAA AAC AAT GGG GAA --- CCA TCA CCA CCG CCG CGA CCA CCG TCT CAG CCA AGA CTG GCA GCA --- CTA CTA CTC TTA --- CTA CTT CTA GCC CTA TTG CTC --- AAC ACG AAC CAT CAC CAG GAG GAC GAG GAG GAT GGT --- GGG AAC TCT GAA GAC GAC GAC AAG GAA GAT GCT ACG GTT ACT CAC GAA GAG GAA GAG GAA GAA GTA GGT GAG CCC --- AGT GAG GAC GAT GAT GGT GAT GAT GGA GAT TTA AGA GCG ACT GCT GCA TCA AAA GAG GGC GGA GGG GGC GGA GGT --- GAT GGA GGT CAA AGC CCG CTT CAT AGT GTT ATA TAT TGT CCA GAA GGT CAA --- GAC TCG ACA --- GTG CTT CTT TTA TTT TTC TTC CTC TTA CTT GAC TAT



    1    1    1    1    2    1    1    1    1    1    2    1    1    1    1
    1    1    1    1    1    1    1    1    1    1    1    2    1    2    1
    1    1    1    1    1    1    1    1    1    1    1    1    1    1    1
    1    1    1    1    1    1    1    1    1    1    1    1    1    1    1
    1    1    1    1    1    1    1    1    1    1    1    1    1    1    1
    1    1    1    1    1    1    1    1    1    1    1    1    1    1    1
    1    1    1    1    1    1    1    1    1    1    1    1    1    1    1
    1    1    1    1    1    1    1    1    1    1    1    1    1    1    1
    1    1    1    1    1    1    1    1    1    1    1    1    1    1    1
    1    1    1    1    1    1    1    1    1    1    1    1    1    1    1
    1    1    1    1    1    1    1    1    1    1    1    1    1    1    1
    1    1    1    1    1    1    1    1    1    1    1    1    1    1    1
    1    1    1    1    1    1    1    1    1    1    1    1    2    1    1
    1    1    1    2    1    1    1    1    1    1    1    1    1    1    1
    1    1    1    1    1    1    1    1    1    1    1    1    1    1    1
    1    1    1    1    1    1    1    1    1    3    1    1    1    1    1
    1    1    1    1    1    1    1    1    1    1    1    1    1    1    1
    1    1    1    1    1    1    1    1    1    1    1    1    1    1    1
    1    1    1    1    1    1    1    1    1    1    1    1    1    1    1
    1    1    1    1    1    1    1    1    1    1    1    1    1    1    1
    1    1    1    1    1    1    1    1    1    1    1    1    2    1    1
    1    1    1    1    1    1    1    1    1    1    1    1    1    1    1
    1    1    1    1    1    1    1    1    1    2    1    1    1    1    1
    1    1    1    1    1    1    1    1    1    1    1    1    1    1    1
    1    1    1    1    1    1    1    1    1    1    1    1    2    1    1
    1    1    1    1    1    1    1    1    1    1    1    1    1    1    1
    1    1    1    1    1

CODONML (in paml version 4.4b, July 2010)  torun.nuc
Model: One dN/dS ratio for branches Global clock  (3 genes: diff. rate & k&w)  
Codon frequency model: F3x4
ns =   6  ls = 406

Codon usage in sequences
--------------------------------------------------------------------------------------------------------------
Phe TTT  3  4  2  5  4  3 | Ser TCT  5  5  4  6  6  9 | Tyr TAT  1  6  3  6  6  6 | Cys TGT  0  0  1  0  0  2
    TTC  4  5  2  2  4  4 |     TCC  4  6  2  7  6  4 |     TAC  5  3  1  3  5  3 |     TGC  0  0  0  1  0  0
Leu TTA  6  6  5 14  9  9 |     TCA  3  4  3  4  4  6 | *** TAA  0  0  0  0  0  0 | *** TGA  0  0  0  0  0  0
    TTG  8  9  5  6  9  7 |     TCG  6  4  1  3  5  2 |     TAG  0  0  0  0  0  0 | Trp TGG  1  0  1  0  0  0
--------------------------------------------------------------------------------------------------------------
Leu CTT  2  1  4  6  7  8 | Pro CCT  3  5  1  4  4  3 | His CAT  7  2  3  3  5  5 | Arg CGT  2  1  0  1  1  1
    CTC  5 11  4  6  4  7 |     CCC  8  4  1  2  2  2 |     CAC  4  6  0  2  2  3 |     CGC  2  2  0  2  3  2
    CTA  7  7  5  7  5  7 |     CCA  3  8  8 12 10 10 | Gln CAA  7 11  9 18 15 12 |     CGA  0  0  2  0  1  1
    CTG 12  8  3  6  7  6 |     CCG  3  4  1  3  4  7 |     CAG  2 16  2  6 10 13 |     CGG  2  0  0  1  0  0
--------------------------------------------------------------------------------------------------------------
Ile ATT  1  3  5  6  7  2 | Thr ACT  4  4  1  6  3  4 | Asn AAT 16 17  6 18 16 11 | Ser AGT  3  8  5  9  8  6
    ATC  4  3  3  3  4  5 |     ACC  4  2  3  3  3  2 |     AAC  8 19  6 12 14 17 |     AGC  8  6  3  4  2  5
    ATA  7  4  4  4  6  6 |     ACA  6  8  2  4  5  7 | Lys AAA  9 18  9 25 20 12 | Arg AGA  6  8  1  4  4  6
Met ATG  5  4  1  4  4  2 |     ACG  5  3  1  3  0  4 |     AAG 17 12  5 10 12 16 |     AGG  6  1  1  6  6  6
--------------------------------------------------------------------------------------------------------------
Val GTT  1  3  2  4  6  3 | Ala GCT  3  5  2  3  4  4 | Asp GAT 17 16 16 22 19 16 | Gly GGT  2  6  8  9 11  8
    GTC  1  3  0  2  5  2 |     GCC  2  2  0  3  3  4 |     GAC 17 14  7 11 14 14 |     GGC  4 11  3  7  7  8
    GTA  5  4  0  3  1  4 |     GCA  5  7  4  7  5  7 | Glu GAA 13 18 16 24 21 21 |     GGA  5  6  2  3  6  7
    GTG  4  4  4  2  1  4 |     GCG  1  4  0  3  4  3 |     GAG 17 11  7 11 11 11 |     GGG  4  4  3  2  4  4
--------------------------------------------------------------------------------------------------------------

Codon position x base (3x4) table for each sequence.

#1: castellii      
position  1:    T:0.14154    C:0.21231    A:0.33538    G:0.31077
position  2:    T:0.23077    C:0.20000    A:0.43077    G:0.13846
position  3:    T:0.21538    C:0.24615    A:0.25231    G:0.28615
Average         T:0.19590    C:0.21949    A:0.33949    G:0.24513

#2: bayanus        
position  1:    T:0.13830    C:0.22872    A:0.31915    G:0.31383
position  2:    T:0.21011    C:0.19947    A:0.44947    G:0.14096
position  3:    T:0.22872    C:0.25798    A:0.28989    G:0.22340
Average         T:0.19238    C:0.22872    A:0.35284    G:0.22606

#3: mikatae        
position  1:    T:0.14778    C:0.21182    A:0.27586    G:0.36453
position  2:    T:0.24138    C:0.16749    A:0.44335    G:0.14778
position  3:    T:0.31034    C:0.17241    A:0.34483    G:0.17241
Average         T:0.23317    C:0.18391    A:0.35468    G:0.22824

#4: cerevisiae     
position  1:    T:0.15282    C:0.21180    A:0.32440    G:0.31099
position  2:    T:0.21448    C:0.19571    A:0.45845    G:0.13137
position  3:    T:0.28954    C:0.18767    A:0.34584    G:0.17694
Average         T:0.21895    C:0.19839    A:0.37623    G:0.20643

#5: paradoxus      
position  1:    T:0.15508    C:0.21390    A:0.30481    G:0.32620
position  2:    T:0.22193    C:0.18182    A:0.45455    G:0.14171
position  3:    T:0.28610    C:0.20856    A:0.29947    G:0.20588
Average         T:0.22103    C:0.20143    A:0.35294    G:0.22460

#6: kudriavzevii   
position  1:    T:0.14745    C:0.23324    A:0.29759    G:0.32172
position  2:    T:0.21180    C:0.20912    A:0.42895    G:0.15013
position  3:    T:0.24397    C:0.21984    A:0.30831    G:0.22788
Average         T:0.20107    C:0.22073    A:0.34495    G:0.23324

Codon usage in genes
--------------------------------------------------------------------------
Phe TTT  0  9 12 | Ser TCT  0 22 13 | Tyr TAT  0 10 18 | Cys TGT  0  0  3
    TTC  0  4 17 |     TCC  0 10 19 |     TAC  0 11  9 |     TGC  0  0  1
Leu TTA  0 15 34 |     TCA  0  9 15 | *** TAA  0  0  0 | *** TGA  0  0  0
    TTG  0 30 14 |     TCG  1 13  7 |     TAG  0  0  0 | Trp TGG  0  0  2
--------------------------------------------------------------------------
Leu CTT  0  9 19 | Pro CCT  0 13  7 | His CAT  1 14 10 | Arg CGT  0  3  3
    CTC  1 12 24 |     CCC  0  8 11 |     CAC  0  7 10 |     CGC  0  9  2
    CTA  0 16 22 |     CCA  0 17 34 | Gln CAA  0 29 43 |     CGA  0  0  4
    CTG  0 19 23 |     CCG  0  7 15 |     CAG  0 25 24 |     CGG  0  0  3
--------------------------------------------------------------------------
Ile ATT  0  8 16 | Thr ACT  0  6 16 | Asn AAT  0 51 33 | Ser AGT  0 20 19
    ATC  0  8 14 |     ACC  0  5 12 |     AAC  0 42 34 |     AGC  0 10 18
    ATA  0 10 21 |     ACA  0 21 11 | Lys AAA  0 44 49 | Arg AGA  0 23  6
Met ATG  2 13  5 |     ACG  0  6 10 |     AAG  0 43 29 |     AGG  0 18  8
--------------------------------------------------------------------------
Val GTT  0  9 10 | Ala GCT  0 13  8 | Asp GAT  0 21 85 | Gly GGT  0  9 35
    GTC  0  7  6 |     GCC  0  5  9 |     GAC  0 18 59 |     GGC  0 11 29
    GTA  0 10  7 |     GCA  0 14 21 | Glu GAA  0 19 94 |     GGA  0 10 19
    GTG  0 10  9 |     GCG  0  5 10 |     GAG  0  9 59 |     GGG  0  9 12
--------------------------------------------------------------------------

Codon position x base (3x4) table for each gene.


Gene #1
position  1:    T:0.20000    C:0.40000    A:0.40000    G:0.00000
position  2:    T:0.60000    C:0.20000    A:0.20000    G:0.00000
position  3:    T:0.20000    C:0.20000    A:0.00000    G:0.60000
Average         T:0.33333    C:0.26667    A:0.20000    G:0.20000

Gene #2
position  1:    T:0.16063    C:0.22705    A:0.39614    G:0.21618
position  2:    T:0.22826    C:0.21014    A:0.41425    G:0.14734
position  3:    T:0.26208    C:0.20169    A:0.28623    G:0.25000
Average         T:0.21699    C:0.21296    A:0.36554    G:0.20451

Gene #3
position  1:    T:0.13770    C:0.21327    A:0.25273    G:0.39631
position  2:    T:0.21243    C:0.18304    A:0.46683    G:0.13770
position  3:    T:0.25777    C:0.23006    A:0.31906    G:0.19312
Average         T:0.20263    C:0.20879    A:0.34621    G:0.24237

Sums of codon usage counts
------------------------------------------------------------------------------
Phe F TTT      21 | Ser S TCT      35 | Tyr Y TAT      28 | Cys C TGT       3
      TTC      21 |       TCC      29 |       TAC      20 |       TGC       1
Leu L TTA      49 |       TCA      24 | *** * TAA       0 | *** * TGA       0
      TTG      44 |       TCG      21 |       TAG       0 | Trp W TGG       2
------------------------------------------------------------------------------
Leu L CTT      28 | Pro P CCT      20 | His H CAT      25 | Arg R CGT       6
      CTC      37 |       CCC      19 |       CAC      17 |       CGC      11
      CTA      38 |       CCA      51 | Gln Q CAA      72 |       CGA       4
      CTG      42 |       CCG      22 |       CAG      49 |       CGG       3
------------------------------------------------------------------------------
Ile I ATT      24 | Thr T ACT      22 | Asn N AAT      84 | Ser S AGT      39
      ATC      22 |       ACC      17 |       AAC      76 |       AGC      28
      ATA      31 |       ACA      32 | Lys K AAA      93 | Arg R AGA      29
Met M ATG      20 |       ACG      16 |       AAG      72 |       AGG      26
------------------------------------------------------------------------------
Val V GTT      19 | Ala A GCT      21 | Asp D GAT     106 | Gly G GGT      44
      GTC      13 |       GCC      14 |       GAC      77 |       GGC      40
      GTA      17 |       GCA      35 | Glu E GAA     113 |       GGA      29
      GTG      19 |       GCG      15 |       GAG      68 |       GGG      21
------------------------------------------------------------------------------

(Ambiguity data are not used in the counts.)


Codon position x base (3x4) table, overall

position  1:    T:0.14723    C:0.21937    A:0.31176    G:0.32164
position  2:    T:0.21986    C:0.19417    A:0.44466    G:0.14130
position  3:    T:0.25939    C:0.21838    A:0.30484    G:0.21739
Average         T:0.20883    C:0.21064    A:0.35375    G:0.22678


Nei & Gojobori 1986. dN/dS (dN, dS)
(Pairwise deletion)
(Note: This matrix is not used in later ML. analysis.
Use runmode = -2 for ML pairwise comparison.)

castellii           
bayanus             -1.0000 (0.5317 -1.0000)
mikatae             -1.0000 (0.6347 -1.0000) 0.1785 (0.2175 1.2184)
cerevisiae          -1.0000 (0.5557 -1.0000) 0.1278 (0.1690 1.3223) 0.1746 (0.1702 0.9750)
paradoxus           -1.0000 (0.5277 -1.0000) 0.1089 (0.1438 1.3203) 0.1508 (0.1343 0.8906) 0.1519 (0.0785 0.5166)
kudriavzevii        -1.0000 (0.5619 -1.0000) 0.1374 (0.1371 0.9979) 0.1450 (0.1852 1.2777) 0.0833 (0.1349 1.6189) 0.1009 (0.1222 1.2112)


TREE #  1:  (((((4, 5), 3), 6), 2), 1);   MP score: -1
lnL(ntime:  5  np: 13):  -4826.769165      +0.000000
   7..8     8..9     9..10   10..11   11..4    11..5    10..3     9..6     8..2     7..1  
 3.510321 0.785082 0.731590 0.513283 0.323383 0.728401 0.949456 4.816076 999.000000 3.423350 0.084474 3.537884 0.211317
SEs for parameters:
 4577949.095340 1023856.815073 954096.119858 669392.866443 421736.809352 949936.998797 1238223.621745 204451637.650809 17552290.676870 0.532938 0.012337 0.358476 0.022198
Note: Branch length is defined for the first gene (site partition).
For other genes, look at "rates for genes".

tree length =   9.37398 (1st gene)

(((((4: 0.323383, 5: 0.323383): 0.189900, 3: 0.513283): 0.218307, 6: 0.731590): 0.053492, 2: 0.785082): 2.725239, 1: 3.510321);

(((((cerevisiae: 0.323383, paradoxus: 0.323383): 0.189900, mikatae: 0.513283): 0.218307, kudriavzevii: 0.731590): 0.053492, bayanus: 0.785082): 2.725239, castellii: 3.510321);

Detailed output identifying parameters

rates for 3 genes:     1  0.72840  0.94946

gene # 1: kappa =   4.81608 omega = 999.00000
gene # 2: kappa =   3.42335 omega =   0.08447
gene # 3: kappa =   3.53788 omega =   0.21132

Time used:  0:47
