
seed used = 1418806917
      5   1644

castellii                                  --- --- --- --- --- --- --- --- --- --- --- --- --- --- --- --- --- --- --- --- --- --- --- --- --- --- --- --- --- --- --- --- --- --- --- --- --- --- --- --- --- --- --- --- --- --- --- --- --- --- --- --- --- --- --- --- --- --- --- --- --- --- --- --- --- --- ATG TCA GAC GCT CCT CCT CCA TTA AGT GAA CTA TTT TAC AAT AGT AGC TAT AAC CCC GGG TTA AGT ATT ATC TCA TAC ACA TCA ATA TAT GGA AAT GGT ACC GAA GTA ACG TTC AAT GAA CTT CAA AGT ATA GTT AAT AAA AAG ATA ACA GAA GCC ATT ATG TTT GGT GTC AGA TGC GGT GCA GCT ATC CTA ACT ATC ATT GTA ATG TGG ATG ATT TCT AAG AAG AAG AAG ACA CCA ATC TTC ATA ATA AAT CAA GTT TCA TTA TTC CTG ATC CTT TTA CAT TCG GCT TTC AAT TTT AGA TAT CTG CTA TCA AAT TAC TCA TCT GTT ACA TTT GCT TTA ACT GGA TTC CCC CAA TTT ATT CAT AGA AAT GAC GTG CAT GTT TAC GCC GCT GCA AGT ATA TTT CAA GTG TTG CTT GTA GCG TCT ATT GAA ATA TCA TTA ATG TTT CAA ATA AGA GTG ATT TTT AAA GGT GAT AAT TTC AAA AGA ATT GGA ACC ATT TTG ACA GCT CTA TCG TCA TCG TTG GGT TTA GCT ACT GTT GCA ATG TAT TTT GTC ACA GCT ATC AAA GGA ATC ATA GCA ACA TAT AAA GAT GTG AAC GAT ACT CAA CAA AAA TAC TTT AAT GTC GCT ACA ATT CTT TTG GCT TCA TCT ATC AAT TTT ATG ACA TTA ATT TTG GTA ATT AAA TTA ATA CTA GCC ATT AGA TCA AGA AGG TTT CTT GGT TTG AAA CAA TTT GAT AGT TTC CAT ATT TTA TTA ATC ATG TCA TTC CAA TCC CTT TTA GCA CCT TCT ATT CTA TTC ATT CTG GCT TAC AGT TTA GAT CCA AAT CAA GGG ACA GAT GTC TTA GTG ACA GTG GCT ACA TTA CTA GTT GTG TTA TCA CTA CCA CTA TCA TCT ATG TGG GCA ACG GCC GCT AAT AAT GCT TCT AGA CCA TCG TCT GTT GGA TCT GAC TGG ACT CCA AGT AAT TCC GAT TAT TAT TCA AAT GGG CCT TCA AGC GTT AAG ACC GAA AGT GTG AAG TCA GAT GAG AAG GTG AGT TTA CGA TCC AGA ATA TAT AAC CTC TAT CCT AAA AGT AAA --- TCT GAG TTC GAA CAA AGT TCA GAG CAC ACT TAT GTT GAT AAA --- --- GTT GAC TTA GAA AAC AAT --- TTC TAT GAG TTG TCT ACA CCT ATC ACC GAA AGA AGC CCA AGT AGT ATA ATA AAG AAA GGT AAA CAA GGC ATA TCA ACA AGA GAA ACT GTT AAG AAA CTC GAT TCA --- TTA GAT GAC ATA TAT ACA CCA AAT ACA GCA GCA GAC GAA GAG GCA AGG AAG TTT TGG TCA GAA GAT GTA AGT AAC GAA CTA GAT TCT TTG CAA AAA ATT GAA ACT GAA ACA TCT GAC GAA TTA TCT CCT GAA ATG CTT CAG CTA ATG ATT GGG CAA GAA GAA GAA GAT GAC AAT CTT CTT GCT ACC AAG AAG ATA ACA GTT AAA AAA CAA 
bayanus                                    ATG AAA AAA AAA TTA AGC TTT GTT TGC ATA TCC TCG AGG ATT TCT TTA GTT GGT GGA ATC CTA TTT AAG AAG TCT TGC CAA CAC CTC ACT TGG TTT TGT AGG AAA ACA GTT TCC TTT CTC TTC CAC TTG GCG ACT AGC TTA AAT TTT GAT TAC TTG TTT AAA AAT GCA TCA CCA ATA ACA ACT ATC CAC GGA AAA CAA ATG TCT GGT ACA ACT CCT TCG TTA AGC GAT TTG TTT TAT GAT CCC ACA TAT AAT CCA GGC CAA AGC ATC ATT GAC TAC ACT TCT ATA TAC GGC AAC GGC ACC ACT GTC ACC TTC GAT GAA TTA CAA GCT CTT GTG AAT AGT ACC GTT ACT GAA GCT ATC ATG TTC GGT GTT AGA TGT GGT GCG GCA GCT TTG ACT TTG ATT GTC ATG TGG ATG ATA TCG AGA AGT AGG AAA ACT CCA ATC TTC ATC ATC AAC CAG GTT TCA TTA CTG TTG ATT ATT CTG CAT TCT GCC CTC TAT TTC AAA TAC TTA CTG TCC AAT TAC TCC TCC GTG ACG TAT GCC CTC ACT GGA TTC CCT CAG TTC ATA AGT AGA GGC GAC GTC CAT GTT TAT GGC GCT ACA AAT ATC ATT CAA GTG CTG CTA GTC GCC TCC ATT GAA GCC TCG TTA GTG TTC CAG ATT AAA GTC ATC TTT ACG GGT GAC AAC TTC AAA AAG ATG GGT CTG GTG TTG ACA TCG ATA TCT TCC ACA CTG GGA CTT GCT ACA GTA GTC ATG TAT TTT GTG AGT GCT ATT AAA GGT ATG ATT GCG ACT TAT CAA GAC GTC GGC GCT ACT CAA GAT AAG TAT TTC AAT GCG TCC ACC ATC TTA CTG GCA TCT TCG ATC AAC TTT ATG TCG TTT GTC CTG GTC GTT AAA TTG ATT CTG GCT ATT AGA TCA AGA AGA TTT CTT GGC CTC AAG CAA TTC GAT AGT TTC CAT ATT CTG CTT GTT ATG TCG TGT CAA TCT TTG TTA GTC CCA TCA GTG ATA TTC ATT CTT GCA TAC AGT TTG AAA CCA GAA CAG GGT ACG GAT GTA TTG ACA ACT GTT GCC ACA TTG TTA GCC GTT TTG TCT CTA CCA TTG TCG TCT ATG TGG GCC ACA GCC GCT AAC AAT GCA TCC AAA CCA AAC ACC ATC ACT TCG GAT TTT ACA ACA TCA ACA AAC GGA TTC TAT CCG GCT GGA TCT TCT AGT TTC CAG GCT GAC AGT ATC AAC AGT GAT GCA AAA AGC AGC TTT AGA AGT AGA CTG TAT GAT TTG TAT CCC AGA AGA AAA GAA TCA ATA TCA GAC AAA CAC TCA GAA AGA ACC TTT GTG GAT GGG ACT GCA AAT GAC ATA GAA AAA AAT CAG TTT TAT CAG TTG CCT ACA CCT GCA AGT TCA --- --- --- --- --- --- --- AAA AAC ACC AGA ACA GGA CCG TTT GCT GAT ACA AAC TGT GAG GAA GCG AGT AAT GAA CGT GTC GCT ATG TAC ACT CCT AAT ACT GCT GCC GAT GAA GAA GCA AGA AGG TTT TGG ACT GAA GAC AAT GAT AAT GTA --- --- --- --- --- --- --- --- --- --- --- --- --- --- --- --- --- --- --- --- --- --- --- --- --- --- --- --- --- --- --- --- --- --- --- --- --- --- --- --- --- --- --- --- 
mikatae                                    --- --- --- --- --- --- --- --- --- --- --- --- --- --- --- --- --- --- --- --- --- --- --- --- --- --- --- --- --- --- --- --- --- --- --- --- --- --- --- --- --- --- --- --- --- --- --- --- --- --- --- --- --- --- --- --- --- --- --- --- --- --- --- --- --- --- ATG TCT GGT TCA ATT CCT TCA TTA AGC GAC CTG TTT TAT GAT TCA GCA TAT AAT CCC GGT CAA AGT ATT ATT GAC TAC ACT TCT ATA TAC GGT AAT GGG ACT ACC ATC ACG TTT GAT GAG TTA CAA GGC CTG GTA AAC AGT ACT GTT ACT CAA GCC ATT ATG TTT GGT GTC AGG TGT GGT GCG GCT GCT CTA ACC CTG ATT GTC ATG TGG ATG ATA TCA AGA AGT AGG AAA ACA CCG ATC TTT ATT ATT AAC CAA GTT TCC TTA CTT TTG ATC ATT CTA CAC TCT GCA CTC TAT TTC AAA TAT TTA CTG TCG AAC TAT TCT TCG GTG ACT TAT GCC TTA ACT GGA TTT CCT CAG TTC ATC AGT AGA AGT GAC GTT CAT GTT TAT GGT GCT ACG AAT ATT ATT CAA GTG CTG CTC GTG GCT TCT ATT GAG ACT TCG CTA GTG TTT CAG ATC AAA GTT ATT TTC ACG GGT GAT AAT TTT AGA AGG ATA GGT TTG ATG TTG ACA TCG ATA TCT TTC ATT CTA GGT ATT ACT ACA GTA GTC ATG TAT TTT GTG AGC GCT GTT AAG GGT ATG ATT GTG ACT TAT AAA GAT GTT AGT GCC ACC CAA GAT AAA TAT TTC AAT GCA TCT ACA ATT TTA CTC GCA TCT TCT ATA AAC TTC ATG TCA TTT GTC CTG GTG GTT AAA TTG ATT CTT GCC ATT AGA TCA AGA AGA TTC CTT GGT CTC AAG CAG TTT GAT AGT TTT CAT ATT TTG CTT ATT ATG TCA TGT CAA TCT TTG TTA GCC CCA TCA GTG ATA TTT ATC TTA GCA TAC AGT TTA AAA CCA GGC CAG GGT ACC GAT GTA TTA ACT ACT GTT GCC ACA TTA TTA GCT GTT TTG TCT TTG CCT TTA TCA TCA ATG TGG GCC ACG GCA GCT AAT AAC GCA TCT AAA ACA AAC ACC ATC ATT TCA GAT TTC ACA ACG TCG ACA GAT AGA TTC TAT CCA GGT GCG CCT TCC AGT TTC AAA ACT GAC AGT ATC AAC AAT GAT GCC AAA AGC AGT CTT AGA AGT AGA TTG TAT GAC TTA TAT CCT AGA AGG AAA GAA GCA ATA TCA GAT AAG CAT TCA GAA AGA ACT TTT GTT CAT GAG ACT GTG AAC GAC ATA GAG AAG AAT CAG TTC TAT CAG TTG TCC ACA CCT ACA AGT TCA --- --- --- --- --- --- --- AAA AAC ACA AAG GTA GGA CCA CTT GCT GAT ACA AGT TAT AAA GAA ATG GAA AGT GAA CGT GTA GAC GTA TAC ACT CCC GAT ACA GCT GCT GAT GAA GAA GCG AAA AGG TTT TGG ACT GAA GTT AAT GAT AAT TTA --- --- --- --- --- --- --- --- --- --- --- --- --- --- --- --- --- --- --- --- --- --- --- --- --- --- --- --- --- --- --- --- --- --- --- --- --- --- --- --- --- --- --- --- 
cerevisiae                                 --- --- --- --- --- --- --- --- --- --- --- --- --- --- --- --- --- --- --- --- --- --- --- --- --- --- --- --- --- --- --- --- --- --- --- --- --- --- --- --- --- --- --- --- --- --- --- --- --- --- --- --- --- --- --- --- --- --- --- --- --- --- --- --- --- --- ATG TCT GAT GCG GCT CCT TCA TTG AGC AAT CTA TTT TAT GAT CCA ACG TAT AAT CCT GGT CAA AGC ACC ATT AAC TAC ACT TCC ATA TAT GGG AAT GGA TCT ACC ATC ACT TTC GAT GAG TTG CAA GGT TTA GTT AAC AGT ACT GTT ACT CAG GCC ATT ATG TTT GGT GTC AGA TGT GGT GCA GCT GCT TTG ACT TTG ATT GTC ATG TGG ATG ACA TCG AGA AGC AGA AAA ACG CCG ATT TTC ATT ATC AAC CAA GTT TCA TTG TTT TTA ATC ATT TTG CAT TCT GCA CTC TAT TTT AAA TAT TTA CTG TCT AAT TAC TCT TCA GTG ACT TAC GCT CTC ACC GGA TTT CCT CAG TTC ATC AGT AGA GGT GAC GTT CAT GTT TAT GGT GCT ACA AAT ATA ATT CAA GTC CTT CTT GTG GCT TCT ATT GAG ACT TCA CTG GTG TTT CAG ATA AAA GTT ATT TTC ACA GGC GAC AAC TTC AAA AGG ATA GGT TTG ATG CTG ACG TCG ATA TCT TTC ACT TTA GGG ATT GCT ACA GTT ACC ATG TAT TTT GTA AGC GCT GTT AAA GGT ATG ATT GTG ACT TAT AAT GAT GTT AGT GCC ACC CAA GAT AAA TAC TTC AAT GCA TCC ACA ATT TTA CTT GCA TCC TCA ATA AAC TTT ATG TCA TTT GTC CTG GTA GTT AAA TTG ATT TTA GCT ATT AGA TCA AGA AGA TTC CTT GGT CTC AAG CAG TTC GAT AGT TTC CAT ATT TTA CTC ATA ATG TCA TGT CAA TCT TTG TTG GTT CCA TCG ATA ATA TTC ATC CTC GCA TAC AGT TTG AAA CCA AAC CAG GGA ACA GAT GTC TTG ACT ACT GTT GCA ACA TTA CTT GCT GTA TTG TCT TTA CCA TTA TCA TCA ATG TGG GCC ACG GCT GCT AAT AAT GCA TCC AAA ACA AAC ACA ATT ACT TCA GAC TTT ACA ACA TCC ACA GAT AGG TTT TAT CCA GGC ACG CTG TCT AGC TTT CAA ACT GAT AGT ATC AAC AAC GAT GCT AAA AGC AGT CTC AGA AGT AGA TTA TAT GAC CTA TAT CCT AGA AGG AAG GAA ACA ACA TCG GAT AAA CAT TCG GAA AGA ACT TTT GTT TCT GAG ACT GCA GAT GAT ATA GAG AAA AAT CAG TTT TAT CAG TTG CCC ACA CCT ACG AGT TCA --- --- --- --- --- --- --- AAA AAT ACT AGG ATA GGA CCG TTT GCT GAT GCA AGT TAC AAA GAG GGA GAA GTT GAA CCC GTC GAC ATG TAC ACT CCC GAT ACG GCA GCT GAT GAG GAA GCC AGA AAG TTC TGG ACT GAA GAT AAT AAT AAT TTA --- --- --- --- --- --- --- --- --- --- --- --- --- --- --- --- --- --- --- --- --- --- --- --- --- --- --- --- --- --- --- --- --- --- --- --- --- --- --- --- --- --- --- --- 
paradoxus                                  --- --- --- --- --- --- --- --- --- --- --- --- --- --- --- --- --- --- --- --- --- --- --- --- --- --- --- --- --- --- --- --- --- --- --- --- --- --- --- --- --- --- --- --- --- --- --- --- --- --- --- --- --- --- --- --- --- --- --- --- --- --- --- --- --- --- ATG TCT GAT GCA GCT CCT TCA TTG AGC GAT CTA TTC TAT GAT CCA ACG TAT AAT CCT GGT CAG AGC TCC ATC AAC TAC ACT TCC ATA TAT GGC AAC GGA ACT ACC ATC ACG TTC GAT GAG TTA CAA GGC CTA GTC AAC AGT ACT GTT ACT CAG GCT ATT ATG TTC GGG GTC AGG TGT GGT GCA GCT GCC TTG ACT CTG ATT GTC ATG TGG ATG ATA TCA AGA AGC AGG AAA ACG CCA ATT TTC ATT ATC AAC CAA GTT TCA TTA TTT TTG ATC ATT CTG CAT TCT GCA CTC TAT TTT AAA TAT TTA CTG TCT AAT TAC TCT TCA GTG ACT TAT GCT CTC ACC GGA TTT CCT CAG TTC ATC AGT AGA GGT GAT GTT CAT GTA TAT GGT GCT ACA AAT ATT ATT CAG GTA CTG CTG GTG GCT TCT ATT GAG ACT TCG CTA GTG TTT CAG ATC AAA GTC ATT TTC ACG GGT GAC AAC TTC AAG AGA ATA GGT TTG ATG TTG ACA TCA ATA TCT TTC ACT TTA GGT ATT GCT ACA GTG GCC ATG TAT TTT GTA AGT GCT GTT AAA GGT ATG ATT GTA ACT TAT AAT GAT GTT AGT GCC ACC CAG GAT AAA TAC TTC AAT GCA TCC ACA ATC TTA CTT GCA TCT TCA ATA AAC TTC ATG TCA TTC GTC CTG GTA GTT AAA TTG ATT CTG GCC GTT AGA TCA AGA AGG TTC CTC GGT CTC AAA CAG TTC GAT AGT TTC CAT ATT TTA CTT ATA ATG TCG TTT CAA TCT TTG CTG GTT CCA TCA GTG ATA TTC ATC CTC GCA TAC AGT TTG AAA CCA AAC CAG GGT ACA GAT GTA CTA ACT ACC GTT GCC ACA TTA CTA GCT GTT TTG TCT TTA CCA CTA TCG TCA ATG TGG GCC ACA GCT GCC AAT AAC TCA TCC AAA ACG AAC ACA ATC ACT TCA GAC TTT ACG ACA TCT ACA GAT AGA TTC TAT CCA GGC ACA TTG TCT AGT TTT CAA ACT GAC AGT ATC AAC AAT GAT GCT AAA AGC AGC CTT AGA AGT AGA TTG TAT GAT CTA TAT CCT AGA AGG AAA GAA TTA ACA TCA GAT AAA CAT TCA GAA AGA ACT TTT GTT GCT GAG GCT GCG AAT GAC ATA GAG AAA AAT CAG TTT TAT CAG TTG CCG ACA CCC ACG AGT TCA --- --- --- --- --- --- --- AAA AAT ACA AGG ATA GGA CCG TTT GCT GAT ACA AGT TAT AAA GAG GGA GAT ATC GAA CCA GTC AAC ATG TAT ACC CCC GAT ACA GCT GCT GAT GAG GAA GCG AGA AAA TTT TGG ACT GAA GAT AAT GAT AAT --- --- --- --- --- --- --- --- --- --- --- --- --- --- --- --- --- --- --- --- --- --- --- --- --- --- --- --- --- --- --- --- --- --- --- --- --- --- --- --- --- --- --- --- --- 



Printing out site pattern counts


         5       1284  P

castellii                                   --- --- --- --- --- --- --- --- --- --- --- --- --- --- --- --- --- --- --- --- --- --- --- --- --- --- --- --- --- --- --- --- --- --- --- --- --- --- AAA AAA AAA AAA AAA AAA AAA AAA AAA AAA AAA AAA AAA AAA AAA AAC AAC AAC AAC AAG AAG AAG AAG AAG AAG AAG AAG AAG AAG AAT AAT AAT AAT AAT AAT AAT AAT AAT AAT AAT AAT AAT AAT AAT AAT ACA ACA ACA ACA ACA ACA ACA ACA ACA ACA ACA ACA ACA ACC ACC ACC ACC ACC ACG ACG ACT ACT ACT ACT ACT ACT ACT ACT AGA AGA AGA AGA AGA AGA AGC AGC AGC AGG AGG AGT AGT AGT AGT AGT AGT AGT AGT AGT AGT AGT AGT ATA ATA ATA ATA ATA ATA ATA ATA ATA ATA ATA ATA ATA ATC ATC ATC ATC ATC ATC ATC ATC ATC ATC ATG ATG ATG ATT ATT ATT ATT ATT ATT ATT ATT ATT ATT ATT ATT ATT ATT CAA CAA CAA CAA CAA CAA CAA CAA CAA CAC CAG CAT CAT CAT CCA CCA CCA CCA CCA CCA CCA CCA CCC CCC CCT CCT CCT CCT CCT CCT CCT CGA CTA CTA CTA CTA CTA CTA CTA CTA CTA CTC CTC CTG CTG CTG CTT CTT CTT CTT CTT CTT CTT GAA GAA GAA GAA GAA GAA GAA GAA GAA GAA GAA GAA GAC GAC GAC GAC GAC GAC GAC GAG GAG GAG GAG GAT GAT GAT GAT GAT GAT GAT GAT GAT GAT GAT GCA GCA GCA GCA GCA GCA GCA GCA GCA GCC GCC GCC GCC GCG GCT GCT GCT GCT GCT GCT GCT GCT GCT GCT GCT GCT GCT GGA GGA GGA GGA GGC GGG GGG GGG GGG GGT GGT GGT GGT GGT GGT GGT GTA GTA GTA GTA GTA GTC GTC GTC GTC GTG GTG GTG GTG GTG GTG GTG GTG GTT GTT GTT GTT GTT GTT GTT GTT GTT GTT GTT GTT TAC TAC TAC TAC TAT TAT TAT TAT TAT TAT TCA TCA TCA TCA TCA TCA TCA TCA TCA TCA TCA TCA TCA TCA TCA TCA TCA TCA TCC TCC TCC TCG TCG TCG TCT TCT TCT TCT TCT TCT TCT TCT TCT TCT TCT TCT TGC TGG TGG TTA TTA TTA TTA TTA TTA TTA TTA TTA TTA TTA TTA TTA TTA TTA TTA TTA TTA TTA TTC TTC TTC TTC TTC TTC TTC TTG TTG TTG TTG TTG TTG TTG TTG TTT TTT TTT TTT TTT TTT TTT TTT TTT TTT TTT TTT
bayanus                                     AAA AAG AAT ACA ACT ACT AGC AGG ATA ATC ATG ATT CAA CAC CAG CCA CTA CTC GAA GAT GCA GCA GCG GGA GGT GTT TAC TCA TCC TCG TCT TGC TGG TGT TTA TTC TTG TTT --- AAA AAA AAA AAA AAC AAG AAG ACG AGA AGA AGT CAA GAA GGG AAA AAT GAT GGC --- AAA AAC ACC AGA AGG AGG AGT CAG GAG --- AAC AAC AAC AAC AAT AAT AAT AAT AAT ACA GAA GAT GCT GGC TAT --- ACA ACA ACC ACG ACG ACT ACT ACT ACT AGT GCT TCG --- ACC AGT CTG GCT ACA ACC --- AAC ACA ACA ACC ACT ACT ACT --- AAA AAG AGA AGA GAT --- ACA AGT AGA AGA --- AAT AGA AGC AGC AGC AGT CAC CCC GAT GCT TCA --- ATA ATC ATC ATC ATG ATT ATT CCG CTG CTT GCC GTT ATC ATC ATG ATT ATT ATT GCA GCT GTT TTG --- ATG GTG --- ATA ATA ATC ATC ATC ATG ATT ATT ATT GTC GTG GTG GTT --- AAA ACA CAA CAA CAA CAG CAG GAT AGA --- AGT CAT CAT --- ACA CCA CCA CCA CCA CCT TCG CCA CCT --- ACT CCA CCC CCT CCT TCT AGA --- ATA CTA CTG CTG TTA TTG TTG TTG GCG TTG CTT TTA TTG --- ATT CTA CTT TTA TTA TTG --- ACA ACT GAA GAA GAA GAA GAC GAC GAT GTA TCA --- GAC GAC GAT GAT GCT GGT ATA CAG GAA GCA --- AAA AGT GAC GAC GAC GAT GAT GCT GGA GTC ACA GCA GCC GCC GCG GCG GCT GTC GTC GCC GCT GCT GGC GCC --- ACA GCA GCA GCA GCC GCC GCC GCT GCT GCT TCC TCG ACT GGA GGC GGT GGA --- GGA GGC GGT ACC GGA GGC GGC GGT GGT GGT AAT GTC GTC GTC GTC GCG GTA GTG GTT ACA AGC ATC GTC GTC GTG GTT GTT --- AAT ATC GCC GTA GTG GTG GTG GTT GTT TGT TTC TAC TAC TAT TAT TAC TAC TAC TAT TTC TTT AAT ACT AGT CCG GAC TCA TCA TCA TCC TCC TCC TCG TCG TCT TCT TCT TCT TTT AAC AGT TCT AAC ACA TCT --- ACC CCT TCA TCA TCC TCC TCC TCG TCG TCG TCT TGT TGG TTT --- ATA CAA CGT CTC CTG CTG CTT CTT TTA TTA TTA TTA TTG TTG TTG TTG TTT TTT CTC CTG TCA TGT TTC TTC TTT --- CTC CTG CTG CTG CTG TTG TTG ATT TAT TTC TTC TTC TTC TTC TTT TTT TTT TTT TTT
mikatae                                     --- --- --- --- --- ACT --- --- --- --- --- --- --- --- CAG --- --- --- GAA --- --- GTG --- --- --- --- --- --- --- --- --- --- --- --- --- --- --- --- --- AAA AAA AAG AGA AAC AAA AAG ACG AAG AGA AGT AAA GAA GAG AAG AAT GAC AGT --- AAA AAC ACT AGA AGG AGG AGT AAA AAA --- AAC AAT AAT AAT AAC AAC AAC AAT GAT ACA GGC GAT GGT AGT TAT --- ACA ACA ACA ACC ACT ACA ACA ACT ACT AGC GCT TCA --- ACT AGT TTG ACT ACG ACG --- AGT ACA ACA ACT ACC ACC ACT --- AAA AGG AGA AGG GAT --- GCA AGT AAA AGA --- AAT AGG AGC AGT AGT AGT CAT TCA GAT GGC TCG --- ATA ATT ATT ATT GTA ATC ATT CCA TTG CTG ACT GTT ATA ATC ATG ATC ATT GTT ACA GCT ATT CTG --- ATG GTG --- ATA ATC ATT ATT ATT ATA ATC ATT ATT GTC ATG GTG GTT --- AAG GTA CAA CAA CAG CAA CAG GAT AGA --- AGT CAC CAT --- ACG ACA CCA CCG CCT CCC TCA CCC CCT --- ATT CCA CCT CCT CCT CCT AGA --- ATA TTG CTG CTT TTA CTA CTG TTA ATG TTA TTA TTA TTG --- ATT CTC CTT TTA TTA TTG --- ACA ACC CAA GAA GAA GAG GAC GAT GAC TTA TCA --- GAC GAC GAT GAT GAC GGT ATA CAG GAA GCC --- AAA GAA GAT GAT GTT CAT GAT GCC AGA GTA ACG GCG GCC GCT GCG GTG GCT GCC GTC GCA GCC GCC GGT GCT --- TCA GCA GCA GCT GCA GCC GCC ACT GCT GCT TCT TCG ATT GGA GGT GGT GGA --- GCG GGT GGT ACA GGT GGG GGT GGT GGT GGT AAT ATC GTC GTG GTG GCA GTA GTG GTC ACT AGC ATC GTT GTT GTG GTT GTT --- AAC ATC GCT GTA GTA GTG GTT GTT GTT TAT TTC TAC TAT TAT TAT TAC TAC TAT TAT TTC TTT AGT ACT AAT CCA GAC TCA TCA TCC TCG TCT TTC TCA TCG TCC TCT TCT TCT CTT GAT AGT TCT AAC ATT TCT --- ACC TCC GCA TCA TCG TCT TCT TCA TCA TCT TCA TGT TGG TTC --- ATA CAA CGT TTA CTA TTG ATT CTT CTA TTA TTA TTA TTA TTA TTA TTG CTT TTT CTC CTT TCA TGT TTT TTT TTC --- CTC CTA CTC CTG CTG TTG TTG ATT TAT TTC TTC TTT TTT TTT TTC TTC TTT TTT TTT
cerevisiae                                  --- --- --- --- --- ACT --- --- --- --- --- --- --- --- CAG --- --- --- GAA --- --- GCA --- --- --- --- --- --- --- --- --- --- --- --- --- --- --- --- --- AAA AAG AAA AAA AAT AAA AAG ACA AGG AGA AGT AAT GAG GAG AAA AAT GAC AGT --- AAA AAC ACT AGA AAG AGA AGC CAA AAA --- AAC AAC AAT AAT AAC AAT AAT AAT GAT ACA AAC GAT GGC GGT TAT --- ACA ACG ACA ACA ACT ACG ACG ACT ACT AGC GCT TCA --- TCT AGT TTG ACT ACG ACT --- AGT ACA ACA ACT ACC ACT ACC --- AAA AGG AGA AGA GAT --- ACG AGC AGA AGA --- AAT AGG AGC AGC AGT AGT CAT CCA AAT GGT TCC --- ATA ATA ATC ATT ATG ATA ATT CCG TTA TTA ACT GTT ATA ATT ATG ATC ATT GTT ACG GCT ATA TTG --- ATG GTG --- ACA ATC ACC ATT ATT ATA ATC ATT ATT GTC ATG ATA GTT --- AAA ATA CAA CAA CAG CAA CAG GAT AGA --- AGT CAT CAT --- ACA ACA CCA CCG CCA CCC TCA CCT CCT --- GCT CCA CCT CCT CCT CTG AGA --- ATA TTA CTG TTA CTT TTG CTA TTA GGA CTA CTC TTA TTA --- ATT CTT CTT TTA TTG TTG --- GCA ACC CAG GAA GAG GAG GAT GAT AAT TTA TCA --- GAC GAT GAC GAT GAC GAT ACA CAG GAA GCT --- AAA GAA GAC GAT GAT TCT GAT GCC AGG GTC ACA GCC GCC GCT GCA GTG GCA GTT ACC GCT GCC GCT GGT GCT --- GCG GCA GCA GCT GCA GCA GCT GCT GCT GCT TCC TCG ACT GGA GGG GGT GGA --- ACG GGT GGA ACT GGG GGA GGT GGC GGT GGT AAT ATC GTC GTA GTG GCA GTC GTA GTC ACT AGC ATC GTT GTT GTC GTA GTT --- GAT ATT GCT GTT GTT GTG GTT GTT GTT TAC TTT TAC TAC TAC TAT TAC TAT TAT TAT TTT TTT GTT ACT AAC CCA AAC TCA TCG TCA TCT TCT TTC TCA TCA TCT TCC TCC TCT TTT GAT AGT TCT AAC ACT TCT --- ACA CCC ACA TCG TCA TCC TCT TCA TCG TCA TCA TGT TGG TTT --- ATA CAA CCC CTC TTG TTA ATT CTC CTG TTG TTG TTG TTA TTG TTG TTG CTC TTT CTC TTT TCG TGT TTC TTT TTT --- CTC TTA CTT CTG CTT CTG TTG ATT TAC TTC TTT TTC TTT TTT TTC TTT TTC TTT TTT
paradoxus                                   --- --- --- --- --- GCT --- --- --- --- --- --- --- --- CAG --- --- --- GAA --- --- GCG --- --- --- --- --- --- --- --- --- --- --- --- --- --- --- --- --- AAA AAA AAA AAG AAT AAA AAA ACG AGG AGA AGT AAT GAG GAG AAA AAT GAT AGT --- AAA AAC ACT AGA AAA AGG AGC CAA AAA --- AAC AAC AAC AAT AAC AAC AAT AAT GAT ACA AAC GAT GGC GGT TAT --- ACA ACA ACA ACA ACT ACA ACG ACC ACT AGT GCT TCA --- ACT AGT TTG ACT ACA ACG --- AGT ACA ACG ACT ACC ACT ACC --- AAA AGA AGA AGG GAT --- ACG AGT AGA AGG --- AAT AGG AGC AGC AGC AGT CAT CCA GAT GGC TCT --- ATA ATT ATC ATT ATG ATC ATT CCG TTG CTA ACT GTT ATA ATT ATG ATC ATC GTT ACG GCC ATA CTG --- ATG GTG --- ATA ATC TCC ATC ATT ATA ATC ATT GTT GTC ATG GTG GTT --- AAA ATA CAA CAG CAG CAA CAG GAT AGA --- AGT CAT CAT --- ACA ACG CCA CCA CCA CCC TCA CCT CCT --- GCT CCA CCT CCC CCT TTG AGA --- ATA TTA CTG CTG CTA TTG CTA CTA GGA CTA CTC TTA TTG --- ATT CTG CTC TTA TTA TTG --- ACA ACC CAG GAA GAG GAG GAC GAT GAT --- TCA --- GAT GAC GAC GAT AAC GAT ACA CAG GAA GCT --- AAA GAT GAC GAT GAT GCT GAT GCC AGA GTC ACA GCG GCC GCT GCA GTA GCT GTT GCC GCT GCT GCC GGT GCT --- GCA GCA TCA GCT GCA GCC GCT GCT GCC GCT TCC TCA ACT GGA GGC GGT GGA --- ACA GGT GGT ACA GGT GGA GGT GGT GGG GGT AAT ATC GTC GTA GTG GCA GTA GTA GTC ACT AGC ATC GTC GTT GTA GTT GTT --- AAT ATC GCT GTG GTC GTG GTT GTA GTT TAT TTT TAC TAC TAC TAT TAT TAT TAT TAT TTC TTT ATC ACT AAT CCA AAC TCA TCA TCA TCT TCT TTC TCG TCG TCT TCC TCT TCT TTT GAT AGT TCT AAC ACT TCT --- ACA CCG TTA TCA TCA TCC TCT TCA TCA TCA TCA TGT TGG TTT --- ATA CAG CCA CTC CTG TTA ATT CTT CTA CTG TTA TTG TTA CTA TTG TTG CTT TTC CTC TTT TCA TTT TTC TTT TTT --- CTC TTA CTT CTG CTG TTG TTG ATT TAT TTC TTT TTC TTC TTT TTC TTC TTT TTC TTT



    6    2    2    2    3    1    2    2    2    2    1    1    2    3    1
    1    1    2    2    1    1    1    1    2    1    3    1    1    2    1
    2    2    1    1    3    1    2    6    3    1    1    1    1    1    1
    1    1    1    1    1    1    1    1    1    2    1    1    2    3    1
    1    1    1    1    1    1    1    1    2    1    1    1    1    1    1
    2    1    1    1    2    1    1    1    2    2    1    1    1    1    1
    1    2    3    1    1    1    1    1    1    1    1    1    1    1    1
    1    1    1    1    1    1    1    3    1    4    1    1    1    1    1
    1    1    2    1    1    1    1    1    3    1    1    1    1    1    3
    1    1    1    1    1    1    2    1    1    1    1    1    1    1    1
    1    1    1    1    1    1    1    2    8    1    2    1    1    1    1
    2    1    1    3    1    1    1    1    1    3    1    1    2    2    1
    1    3    1    1    1    1    1    2    1    1    1    1    1    1    1
    1    1    1    1    1    1    1    1    1    1    1    2    2    1    1
    1    1    1    1    1    1    1    1    1    1    3    1    1    1    1
    1    1    7    1    1    1    1    1    3    1    1    1    1    1    2
    1    1    1    1    1    1    1    1    2    1    2    1    1    1    1
    1    1    3    1    1    1    1    1    1    1    1    1    1    1    1
    1    1    1    1    1    1    1    2    1    1    1    1    1    1    1
    2    1    1    1    1    1    2    1    1    1    1    1    1    1    1
    1    1    1    1    1    1    1    1    1    1    1    1    1    1    1
    1    1    2    1    1    1    1    1    1    1    1    1    1    1    1
    1    1    1    2    1    1    2    1    1    1    7    1    1    1    1
    1    1    1    1    1    1    1    1    1    2    1    1    1    1    2
    1    1    1    1    1    1    2    3    1    1    1    1    1    1    1
    1    1    1    1    1    3    1    1    1    1    1    1    1    1    1
    1    1    1    1    1    1    1    1    2    1    1    1    1    1    1
    5    1    1    1    1    1    1    1    1    1    1    1    1    2    1
    1    1    1    2    1    1    1    1

CODONML (in paml version 4.4b, July 2010)  torun.nuc
Model: One dN/dS ratio for branches Global clock 
Codon frequency model: F3x4
ns =   5  ls = 548

Codon usage in sequences
--------------------------------------------------------------------------------------------------
Phe TTT 14 18 14 15 12 | Ser TCT 14 12 12 11 11 | Tyr TAT 12 12 15 12 15 | Cys TGT  0  4  2  2  1
    TTC 11 15 11 12 16 |     TCC  3  9  3  5  4 |     TAC  6  7  4  7  4 |     TGC  1  2  0  0  0
Leu TTA 20 11 15 12  9 |     TCA 20  9 14 12 15 | *** TAA  0  0  0  0  0 | *** TGA  0  0  0  0  0
    TTG  8 16 10 14 12 |     TCG  4 10  5  5  3 |     TAG  0  0  0  0  0 | Trp TGG  4  4  3  3  3
--------------------------------------------------------------------------------------------------
Leu CTT  9  5  6  5  3 | Pro CCT  7  5  6  5  4 | His CAT  4  3  4  4  4 | Arg CGT  0  1  1  0  0
    CTC  2  5  4  6  5 |     CCC  2  2  2  3  2 |     CAC  1  4  1  0  0 |     CGC  0  0  0  0  0
    CTA 11  3  4  2  7 |     CCA  8  7  4  5  7 | Gln CAA 15  9  7  7  4 |     CGA  1  0  0  0  0
    CTG  3 11  6  5  8 |     CCG  0  2  1  2  2 |     CAG  1  7  6  7 10 |     CGG  0  0  0  0  0
--------------------------------------------------------------------------------------------------
Ile ATT 18 14 21 16 13 | Thr ACT  8 18 16 18 14 | Asn AAT 19 14 10 14 12 | Ser AGT 15 12 15 10 11
    ATC 10 13  8  6 11 |     ACC  5  7  5  5  5 |     AAC  5 10  9  9 11 |     AGC  3  6  3  6  5
    ATA 16  9  8 11  9 |     ACA 18 17 13 15 16 | Lys AAA 17 19 14 14 16 | Arg AGA 11 13 11 12 11
Met ATG 11 12 11 11 11 |     ACG  2  3  5  7  7 |     AAG 13  5  5  3  1 |     AGG  2  4  5  4  5
--------------------------------------------------------------------------------------------------
Val GTT 12 11 12 14 11 | Ala GCT 15 14 10 15 16 | Asp GAT 14 14 15 17 19 | Gly GGT  7  8 13  9 10
    GTC  4 11  4  6  6 |     GCC  4  9  8  4  7 |     GAC  8  8  7  5  4 |     GGC  1  7  2  2  3
    GTA  5  3  6  3  6 |     GCA  9  9  8 10  6 | Glu GAA 20 12  8  6  5 |     GGA  5  7  2  5  4
    GTG  9  8  9  4  5 |     GCG  1  5  3  1  2 |     GAG  5  1  4  6  6 |     GGG  4  1  1  2  1
--------------------------------------------------------------------------------------------------

Codon position x base (3x4) table for each sequence.

#1: castellii      
position  1:    T:0.24528    C:0.13417    A:0.36268    G:0.25786
position  2:    T:0.34172    C:0.25157    A:0.29350    G:0.11321
position  3:    T:0.35220    C:0.13836    A:0.36897    G:0.14046
Average         T:0.31307    C:0.17470    A:0.34172    G:0.17051

#2: bayanus        
position  1:    T:0.25956    C:0.12877    A:0.35412    G:0.25755
position  2:    T:0.33199    C:0.27767    A:0.25151    G:0.13883
position  3:    T:0.33199    C:0.23139    A:0.25755    G:0.17907
Average         T:0.30785    C:0.21261    A:0.28773    G:0.19182

#3: mikatae        
position  1:    T:0.25058    C:0.12065    A:0.36891    G:0.25986
position  2:    T:0.34571    C:0.26682    A:0.25290    G:0.13457
position  3:    T:0.39907    C:0.16473    A:0.26450    G:0.17169
Average         T:0.33179    C:0.18407    A:0.29544    G:0.18871

#4: cerevisiae     
position  1:    T:0.25522    C:0.11833    A:0.37355    G:0.25290
position  2:    T:0.32947    C:0.28538    A:0.25754    G:0.12761
position  3:    T:0.38747    C:0.17633    A:0.26450    G:0.17169
Average         T:0.32405    C:0.19335    A:0.29853    G:0.18407

#5: paradoxus      
position  1:    T:0.24419    C:0.13023    A:0.36744    G:0.25814
position  2:    T:0.33488    C:0.28140    A:0.25814    G:0.12558
position  3:    T:0.36279    C:0.19302    A:0.26744    G:0.17674
Average         T:0.31395    C:0.20155    A:0.29767    G:0.18682

Sums of codon usage counts
------------------------------------------------------------------------------
Phe F TTT      73 | Ser S TCT      60 | Tyr Y TAT      66 | Cys C TGT       9
      TTC      65 |       TCC      24 |       TAC      28 |       TGC       3
Leu L TTA      67 |       TCA      70 | *** * TAA       0 | *** * TGA       0
      TTG      60 |       TCG      27 |       TAG       0 | Trp W TGG      17
------------------------------------------------------------------------------
Leu L CTT      28 | Pro P CCT      27 | His H CAT      19 | Arg R CGT       2
      CTC      22 |       CCC      11 |       CAC       6 |       CGC       0
      CTA      27 |       CCA      31 | Gln Q CAA      42 |       CGA       1
      CTG      33 |       CCG       7 |       CAG      31 |       CGG       0
------------------------------------------------------------------------------
Ile I ATT      82 | Thr T ACT      74 | Asn N AAT      69 | Ser S AGT      63
      ATC      48 |       ACC      27 |       AAC      44 |       AGC      23
      ATA      53 |       ACA      79 | Lys K AAA      80 | Arg R AGA      58
Met M ATG      56 |       ACG      24 |       AAG      27 |       AGG      20
------------------------------------------------------------------------------
Val V GTT      60 | Ala A GCT      70 | Asp D GAT      79 | Gly G GGT      47
      GTC      31 |       GCC      32 |       GAC      32 |       GGC      15
      GTA      23 |       GCA      42 | Glu E GAA      51 |       GGA      23
      GTG      35 |       GCG      12 |       GAG      22 |       GGG       9
------------------------------------------------------------------------------

(Ambiguity data are not used in the counts.)


Codon position x base (3x4) table, overall

position  1:    T:0.25110    C:0.12665    A:0.36496    G:0.25728
position  2:    T:0.33672    C:0.27229    A:0.26302    G:0.12798
position  3:    T:0.36540    C:0.18138    A:0.28553    G:0.16770
Average         T:0.31774    C:0.19344    A:0.30450    G:0.18432

Codon frequencies under model, for use in evolver (TTT TTC TTA TTG ... GGG):
  0.03215238  0.01595969  0.02512390  0.01475592
  0.02600002  0.01290581  0.02031644  0.01193238
  0.02511509  0.01246655  0.00000000  0.00000000
  0.01222043  0.00606594  0.00000000  0.00560841
  0.01621746  0.00804997  0.01267234  0.00744279
  0.01311425  0.00650961  0.01024748  0.00601862
  0.01266789  0.00628805  0.00989871  0.00581377
  0.00616391  0.00305962  0.00481648  0.00282885
  0.04673114  0.02319625  0.03651575  0.02144666
  0.03778914  0.01875765  0.02952847  0.01734284
  0.03650296  0.01811922  0.02852345  0.01675257
  0.01776151  0.00881640  0.01387886  0.00815142
  0.03294347  0.01635238  0.02574206  0.01511899
  0.02663974  0.01322335  0.02081632  0.01222597
  0.02573304  0.01277328  0.02010782  0.01180985
  0.01252111  0.00621519  0.00978401  0.00574640



Nei & Gojobori 1986. dN/dS (dN, dS)
(Pairwise deletion)
(Note: This matrix is not used in later ML. analysis.
Use runmode = -2 for ML pairwise comparison.)

castellii           
bayanus             -1.0000 (0.2423 -1.0000)
mikatae              0.0683 (0.2458 3.5997) 0.0706 (0.0666 0.9444)
cerevisiae           0.0791 (0.2382 3.0102) 0.0537 (0.0703 1.3083) 0.0763 (0.0560 0.7342)
paradoxus           -1.0000 (0.2390 -1.0000) 0.0575 (0.0609 1.0590) 0.0831 (0.0535 0.6442) 0.0421 (0.0201 0.4763)


TREE #  1:  ((((4, 5), 3), 2), 1);   MP score: -1
lnL(ntime:  4  np:  6):  -4745.344221      +0.000000
   6..7     7..8     8..9     9..4     9..5     8..3     7..2     6..1  
 2.016199 0.476085 0.330418 0.185369 4.145566 0.063574
SEs for parameters:
 0.206751 0.033705 0.023973 0.018504 0.406442 0.006197

tree length =   5.02427

((((4: 0.185369, 5: 0.185369): 0.145049, 3: 0.330418): 0.145667, 2: 0.476085): 1.540113, 1: 2.016199);

((((cerevisiae: 0.185369, paradoxus: 0.185369): 0.145049, mikatae: 0.330418): 0.145667, bayanus: 0.476085): 1.540113, castellii: 2.016199);

Detailed output identifying parameters

kappa (ts/tv) =  4.14557

omega (dN/dS) =  0.06357

dN & dS for each branch

 branch          t       N       S   dN/dS      dN      dS  N*dN  S*dS

   6..7      1.540  1201.9   442.1  0.0636  0.1035  1.6278 124.4 719.6
   7..8      0.146  1201.9   442.1  0.0636  0.0098  0.1540  11.8  68.1
   8..9      0.145  1201.9   442.1  0.0636  0.0097  0.1533  11.7  67.8
   9..4      0.185  1201.9   442.1  0.0636  0.0125  0.1959  15.0  86.6
   9..5      0.185  1201.9   442.1  0.0636  0.0125  0.1959  15.0  86.6
   8..3      0.330  1201.9   442.1  0.0636  0.0222  0.3492  26.7 154.4
   7..2      0.476  1201.9   442.1  0.0636  0.0320  0.5032  38.4 222.4
   6..1      2.016  1201.9   442.1  0.0636  0.1355  2.1309 162.8 942.1

tree length for dN:       0.3376
tree length for dS:       5.3102


Time used:  0:06
