
seed used = 1418755685
      5   1644

castellii                                  --- --- --- --- --- --- --- --- --- --- --- --- --- --- --- --- --- --- --- --- --- --- --- --- --- --- --- --- --- --- --- --- --- --- --- --- --- --- --- --- --- --- --- --- --- --- --- --- --- --- --- --- --- --- --- --- --- --- --- --- --- --- --- --- --- --- ATG TCA GAC GCT CCT CCT CCA TTA AGT GAA CTA TTT TAC AAT AGT AGC TAT AAC CCC GGG TTA AGT ATT ATC TCA TAC ACA TCA ATA TAT GGA AAT GGT ACC GAA GTA ACG TTC AAT GAA CTT CAA AGT ATA GTT AAT AAA AAG ATA ACA GAA GCC ATT ATG TTT GGT GTC AGA TGC GGT GCA GCT ATC CTA ACT ATC ATT GTA ATG TGG ATG ATT TCT AAG AAG AAG AAG ACA CCA ATC TTC ATA ATA AAT CAA GTT TCA TTA TTC CTG ATC CTT TTA CAT TCG GCT TTC AAT TTT AGA TAT CTG CTA TCA AAT TAC TCA TCT GTT ACA TTT GCT TTA ACT GGA TTC CCC CAA TTT ATT CAT AGA AAT GAC GTG CAT GTT TAC GCC GCT GCA AGT ATA TTT CAA GTG TTG CTT GTA GCG TCT ATT GAA ATA TCA TTA ATG TTT CAA ATA AGA GTG ATT TTT AAA GGT GAT AAT TTC AAA AGA ATT GGA ACC ATT TTG ACA GCT CTA TCG TCA TCG TTG GGT TTA GCT ACT GTT GCA ATG TAT TTT GTC ACA GCT ATC AAA GGA ATC ATA GCA ACA TAT AAA GAT GTG AAC GAT ACT CAA CAA AAA TAC TTT AAT GTC GCT ACA ATT CTT TTG GCT TCA TCT ATC AAT TTT ATG ACA TTA ATT TTG GTA ATT AAA TTA ATA CTA GCC ATT AGA TCA AGA AGG TTT CTT GGT TTG AAA CAA TTT GAT AGT TTC CAT ATT TTA TTA ATC ATG TCA TTC CAA TCC CTT TTA GCA CCT TCT ATT CTA TTC ATT CTG GCT TAC AGT TTA GAT CCA AAT CAA GGG ACA GAT GTC TTA GTG ACA GTG GCT ACA TTA CTA GTT GTG TTA TCA CTA CCA CTA TCA TCT ATG TGG GCA ACG GCC GCT AAT AAT GCT TCT AGA CCA TCG TCT GTT GGA TCT GAC TGG ACT CCA AGT AAT TCC GAT TAT TAT TCA AAT GGG CCT TCA AGC GTT AAG ACC GAA AGT GTG AAG TCA GAT GAG AAG GTG AGT TTA CGA TCC AGA ATA TAT AAC CTC TAT CCT AAA AGT AAA --- TCT GAG TTC GAA CAA AGT TCA GAG CAC ACT TAT GTT GAT AAA --- --- GTT GAC TTA GAA AAC AAT --- TTC TAT GAG TTG TCT ACA CCT ATC ACC GAA AGA AGC CCA AGT AGT ATA ATA AAG AAA GGT AAA CAA GGC ATA TCA ACA AGA GAA ACT GTT AAG AAA CTC GAT TCA --- TTA GAT GAC ATA TAT ACA CCA AAT ACA GCA GCA GAC GAA GAG GCA AGG AAG TTT TGG TCA GAA GAT GTA AGT AAC GAA CTA GAT TCT TTG CAA AAA ATT GAA ACT GAA ACA TCT GAC GAA TTA TCT CCT GAA ATG CTT CAG CTA ATG ATT GGG CAA GAA GAA GAA GAT GAC AAT CTT CTT GCT ACC AAG AAG ATA ACA GTT AAA AAA CAA 
bayanus                                    ATG AAA AAA AAA TTA AGC TTT GTT TGC ATA TCC TCG AGG ATT TCT TTA GTT GGT GGA ATC CTA TTT AAG AAG TCT TGC CAA CAC CTC ACT TGG TTT TGT AGG AAA ACA GTT TCC TTT CTC TTC CAC TTG GCG ACT AGC TTA AAT TTT GAT TAC TTG TTT AAA AAT GCA TCA CCA ATA ACA ACT ATC CAC GGA AAA CAA ATG TCT GGT ACA ACT CCT TCG TTA AGC GAT TTG TTT TAT GAT CCC ACA TAT AAT CCA GGC CAA AGC ATC ATT GAC TAC ACT TCT ATA TAC GGC AAC GGC ACC ACT GTC ACC TTC GAT GAA TTA CAA GCT CTT GTG AAT AGT ACC GTT ACT GAA GCT ATC ATG TTC GGT GTT AGA TGT GGT GCG GCA GCT TTG ACT TTG ATT GTC ATG TGG ATG ATA TCG AGA AGT AGG AAA ACT CCA ATC TTC ATC ATC AAC CAG GTT TCA TTA CTG TTG ATT ATT CTG CAT TCT GCC CTC TAT TTC AAA TAC TTA CTG TCC AAT TAC TCC TCC GTG ACG TAT GCC CTC ACT GGA TTC CCT CAG TTC ATA AGT AGA GGC GAC GTC CAT GTT TAT GGC GCT ACA AAT ATC ATT CAA GTG CTG CTA GTC GCC TCC ATT GAA GCC TCG TTA GTG TTC CAG ATT AAA GTC ATC TTT ACG GGT GAC AAC TTC AAA AAG ATG GGT CTG GTG TTG ACA TCG ATA TCT TCC ACA CTG GGA CTT GCT ACA GTA GTC ATG TAT TTT GTG AGT GCT ATT AAA GGT ATG ATT GCG ACT TAT CAA GAC GTC GGC GCT ACT CAA GAT AAG TAT TTC AAT GCG TCC ACC ATC TTA CTG GCA TCT TCG ATC AAC TTT ATG TCG TTT GTC CTG GTC GTT AAA TTG ATT CTG GCT ATT AGA TCA AGA AGA TTT CTT GGC CTC AAG CAA TTC GAT AGT TTC CAT ATT CTG CTT GTT ATG TCG TGT CAA TCT TTG TTA GTC CCA TCA GTG ATA TTC ATT CTT GCA TAC AGT TTG AAA CCA GAA CAG GGT ACG GAT GTA TTG ACA ACT GTT GCC ACA TTG TTA GCC GTT TTG TCT CTA CCA TTG TCG TCT ATG TGG GCC ACA GCC GCT AAC AAT GCA TCC AAA CCA AAC ACC ATC ACT TCG GAT TTT ACA ACA TCA ACA AAC GGA TTC TAT CCG GCT GGA TCT TCT AGT TTC CAG GCT GAC AGT ATC AAC AGT GAT GCA AAA AGC AGC TTT AGA AGT AGA CTG TAT GAT TTG TAT CCC AGA AGA AAA GAA TCA ATA TCA GAC AAA CAC TCA GAA AGA ACC TTT GTG GAT GGG ACT GCA AAT GAC ATA GAA AAA AAT CAG TTT TAT CAG TTG CCT ACA CCT GCA AGT TCA --- --- --- --- --- --- --- AAA AAC ACC AGA ACA GGA CCG TTT GCT GAT ACA AAC TGT GAG GAA GCG AGT AAT GAA CGT GTC GCT ATG TAC ACT CCT AAT ACT GCT GCC GAT GAA GAA GCA AGA AGG TTT TGG ACT GAA GAC AAT GAT AAT GTA --- --- --- --- --- --- --- --- --- --- --- --- --- --- --- --- --- --- --- --- --- --- --- --- --- --- --- --- --- --- --- --- --- --- --- --- --- --- --- --- --- --- --- --- 
mikatae                                    --- --- --- --- --- --- --- --- --- --- --- --- --- --- --- --- --- --- --- --- --- --- --- --- --- --- --- --- --- --- --- --- --- --- --- --- --- --- --- --- --- --- --- --- --- --- --- --- --- --- --- --- --- --- --- --- --- --- --- --- --- --- --- --- --- --- ATG TCT GGT TCA ATT CCT TCA TTA AGC GAC CTG TTT TAT GAT TCA GCA TAT AAT CCC GGT CAA AGT ATT ATT GAC TAC ACT TCT ATA TAC GGT AAT GGG ACT ACC ATC ACG TTT GAT GAG TTA CAA GGC CTG GTA AAC AGT ACT GTT ACT CAA GCC ATT ATG TTT GGT GTC AGG TGT GGT GCG GCT GCT CTA ACC CTG ATT GTC ATG TGG ATG ATA TCA AGA AGT AGG AAA ACA CCG ATC TTT ATT ATT AAC CAA GTT TCC TTA CTT TTG ATC ATT CTA CAC TCT GCA CTC TAT TTC AAA TAT TTA CTG TCG AAC TAT TCT TCG GTG ACT TAT GCC TTA ACT GGA TTT CCT CAG TTC ATC AGT AGA AGT GAC GTT CAT GTT TAT GGT GCT ACG AAT ATT ATT CAA GTG CTG CTC GTG GCT TCT ATT GAG ACT TCG CTA GTG TTT CAG ATC AAA GTT ATT TTC ACG GGT GAT AAT TTT AGA AGG ATA GGT TTG ATG TTG ACA TCG ATA TCT TTC ATT CTA GGT ATT ACT ACA GTA GTC ATG TAT TTT GTG AGC GCT GTT AAG GGT ATG ATT GTG ACT TAT AAA GAT GTT AGT GCC ACC CAA GAT AAA TAT TTC AAT GCA TCT ACA ATT TTA CTC GCA TCT TCT ATA AAC TTC ATG TCA TTT GTC CTG GTG GTT AAA TTG ATT CTT GCC ATT AGA TCA AGA AGA TTC CTT GGT CTC AAG CAG TTT GAT AGT TTT CAT ATT TTG CTT ATT ATG TCA TGT CAA TCT TTG TTA GCC CCA TCA GTG ATA TTT ATC TTA GCA TAC AGT TTA AAA CCA GGC CAG GGT ACC GAT GTA TTA ACT ACT GTT GCC ACA TTA TTA GCT GTT TTG TCT TTG CCT TTA TCA TCA ATG TGG GCC ACG GCA GCT AAT AAC GCA TCT AAA ACA AAC ACC ATC ATT TCA GAT TTC ACA ACG TCG ACA GAT AGA TTC TAT CCA GGT GCG CCT TCC AGT TTC AAA ACT GAC AGT ATC AAC AAT GAT GCC AAA AGC AGT CTT AGA AGT AGA TTG TAT GAC TTA TAT CCT AGA AGG AAA GAA GCA ATA TCA GAT AAG CAT TCA GAA AGA ACT TTT GTT CAT GAG ACT GTG AAC GAC ATA GAG AAG AAT CAG TTC TAT CAG TTG TCC ACA CCT ACA AGT TCA --- --- --- --- --- --- --- AAA AAC ACA AAG GTA GGA CCA CTT GCT GAT ACA AGT TAT AAA GAA ATG GAA AGT GAA CGT GTA GAC GTA TAC ACT CCC GAT ACA GCT GCT GAT GAA GAA GCG AAA AGG TTT TGG ACT GAA GTT AAT GAT AAT TTA --- --- --- --- --- --- --- --- --- --- --- --- --- --- --- --- --- --- --- --- --- --- --- --- --- --- --- --- --- --- --- --- --- --- --- --- --- --- --- --- --- --- --- --- 
cerevisiae                                 --- --- --- --- --- --- --- --- --- --- --- --- --- --- --- --- --- --- --- --- --- --- --- --- --- --- --- --- --- --- --- --- --- --- --- --- --- --- --- --- --- --- --- --- --- --- --- --- --- --- --- --- --- --- --- --- --- --- --- --- --- --- --- --- --- --- ATG TCT GAT GCG GCT CCT TCA TTG AGC AAT CTA TTT TAT GAT CCA ACG TAT AAT CCT GGT CAA AGC ACC ATT AAC TAC ACT TCC ATA TAT GGG AAT GGA TCT ACC ATC ACT TTC GAT GAG TTG CAA GGT TTA GTT AAC AGT ACT GTT ACT CAG GCC ATT ATG TTT GGT GTC AGA TGT GGT GCA GCT GCT TTG ACT TTG ATT GTC ATG TGG ATG ACA TCG AGA AGC AGA AAA ACG CCG ATT TTC ATT ATC AAC CAA GTT TCA TTG TTT TTA ATC ATT TTG CAT TCT GCA CTC TAT TTT AAA TAT TTA CTG TCT AAT TAC TCT TCA GTG ACT TAC GCT CTC ACC GGA TTT CCT CAG TTC ATC AGT AGA GGT GAC GTT CAT GTT TAT GGT GCT ACA AAT ATA ATT CAA GTC CTT CTT GTG GCT TCT ATT GAG ACT TCA CTG GTG TTT CAG ATA AAA GTT ATT TTC ACA GGC GAC AAC TTC AAA AGG ATA GGT TTG ATG CTG ACG TCG ATA TCT TTC ACT TTA GGG ATT GCT ACA GTT ACC ATG TAT TTT GTA AGC GCT GTT AAA GGT ATG ATT GTG ACT TAT AAT GAT GTT AGT GCC ACC CAA GAT AAA TAC TTC AAT GCA TCC ACA ATT TTA CTT GCA TCC TCA ATA AAC TTT ATG TCA TTT GTC CTG GTA GTT AAA TTG ATT TTA GCT ATT AGA TCA AGA AGA TTC CTT GGT CTC AAG CAG TTC GAT AGT TTC CAT ATT TTA CTC ATA ATG TCA TGT CAA TCT TTG TTG GTT CCA TCG ATA ATA TTC ATC CTC GCA TAC AGT TTG AAA CCA AAC CAG GGA ACA GAT GTC TTG ACT ACT GTT GCA ACA TTA CTT GCT GTA TTG TCT TTA CCA TTA TCA TCA ATG TGG GCC ACG GCT GCT AAT AAT GCA TCC AAA ACA AAC ACA ATT ACT TCA GAC TTT ACA ACA TCC ACA GAT AGG TTT TAT CCA GGC ACG CTG TCT AGC TTT CAA ACT GAT AGT ATC AAC AAC GAT GCT AAA AGC AGT CTC AGA AGT AGA TTA TAT GAC CTA TAT CCT AGA AGG AAG GAA ACA ACA TCG GAT AAA CAT TCG GAA AGA ACT TTT GTT TCT GAG ACT GCA GAT GAT ATA GAG AAA AAT CAG TTT TAT CAG TTG CCC ACA CCT ACG AGT TCA --- --- --- --- --- --- --- AAA AAT ACT AGG ATA GGA CCG TTT GCT GAT GCA AGT TAC AAA GAG GGA GAA GTT GAA CCC GTC GAC ATG TAC ACT CCC GAT ACG GCA GCT GAT GAG GAA GCC AGA AAG TTC TGG ACT GAA GAT AAT AAT AAT TTA --- --- --- --- --- --- --- --- --- --- --- --- --- --- --- --- --- --- --- --- --- --- --- --- --- --- --- --- --- --- --- --- --- --- --- --- --- --- --- --- --- --- --- --- 
paradoxus                                  --- --- --- --- --- --- --- --- --- --- --- --- --- --- --- --- --- --- --- --- --- --- --- --- --- --- --- --- --- --- --- --- --- --- --- --- --- --- --- --- --- --- --- --- --- --- --- --- --- --- --- --- --- --- --- --- --- --- --- --- --- --- --- --- --- --- ATG TCT GAT GCA GCT CCT TCA TTG AGC GAT CTA TTC TAT GAT CCA ACG TAT AAT CCT GGT CAG AGC TCC ATC AAC TAC ACT TCC ATA TAT GGC AAC GGA ACT ACC ATC ACG TTC GAT GAG TTA CAA GGC CTA GTC AAC AGT ACT GTT ACT CAG GCT ATT ATG TTC GGG GTC AGG TGT GGT GCA GCT GCC TTG ACT CTG ATT GTC ATG TGG ATG ATA TCA AGA AGC AGG AAA ACG CCA ATT TTC ATT ATC AAC CAA GTT TCA TTA TTT TTG ATC ATT CTG CAT TCT GCA CTC TAT TTT AAA TAT TTA CTG TCT AAT TAC TCT TCA GTG ACT TAT GCT CTC ACC GGA TTT CCT CAG TTC ATC AGT AGA GGT GAT GTT CAT GTA TAT GGT GCT ACA AAT ATT ATT CAG GTA CTG CTG GTG GCT TCT ATT GAG ACT TCG CTA GTG TTT CAG ATC AAA GTC ATT TTC ACG GGT GAC AAC TTC AAG AGA ATA GGT TTG ATG TTG ACA TCA ATA TCT TTC ACT TTA GGT ATT GCT ACA GTG GCC ATG TAT TTT GTA AGT GCT GTT AAA GGT ATG ATT GTA ACT TAT AAT GAT GTT AGT GCC ACC CAG GAT AAA TAC TTC AAT GCA TCC ACA ATC TTA CTT GCA TCT TCA ATA AAC TTC ATG TCA TTC GTC CTG GTA GTT AAA TTG ATT CTG GCC GTT AGA TCA AGA AGG TTC CTC GGT CTC AAA CAG TTC GAT AGT TTC CAT ATT TTA CTT ATA ATG TCG TTT CAA TCT TTG CTG GTT CCA TCA GTG ATA TTC ATC CTC GCA TAC AGT TTG AAA CCA AAC CAG GGT ACA GAT GTA CTA ACT ACC GTT GCC ACA TTA CTA GCT GTT TTG TCT TTA CCA CTA TCG TCA ATG TGG GCC ACA GCT GCC AAT AAC TCA TCC AAA ACG AAC ACA ATC ACT TCA GAC TTT ACG ACA TCT ACA GAT AGA TTC TAT CCA GGC ACA TTG TCT AGT TTT CAA ACT GAC AGT ATC AAC AAT GAT GCT AAA AGC AGC CTT AGA AGT AGA TTG TAT GAT CTA TAT CCT AGA AGG AAA GAA TTA ACA TCA GAT AAA CAT TCA GAA AGA ACT TTT GTT GCT GAG GCT GCG AAT GAC ATA GAG AAA AAT CAG TTT TAT CAG TTG CCG ACA CCC ACG AGT TCA --- --- --- --- --- --- --- AAA AAT ACA AGG ATA GGA CCG TTT GCT GAT ACA AGT TAT AAA GAG GGA GAT ATC GAA CCA GTC AAC ATG TAT ACC CCC GAT ACA GCT GCT GAT GAG GAA GCG AGA AAA TTT TGG ACT GAA GAT AAT GAT AAT --- --- --- --- --- --- --- --- --- --- --- --- --- --- --- --- --- --- --- --- --- --- --- --- --- --- --- --- --- --- --- --- --- --- --- --- --- --- --- --- --- --- --- --- --- 



Printing out site pattern counts


         5       1374  P G
G 3      201     93    164

castellii                                   --- --- --- --- --- --- --- --- --- --- --- --- --- --- --- --- --- --- --- --- --- --- --- --- --- --- --- --- --- --- --- --- --- --- AAA AAA AAA AAA AAG AAG AAT AAT AAT ACA ACA ACA ACA ACA ACA ACA ACA ACC ACT ACT ACT AGA AGA AGA AGT AGT ATA ATA ATA ATA ATA ATC ATC ATC ATC ATC ATC ATG ATG ATG ATT ATT ATT ATT ATT ATT ATT ATT ATT ATT CAA CAA CAA CAA CAA CAG CAT CCA CCT CCT CTA CTA CTA CTA CTA CTA CTA CTA CTG CTG CTG CTT CTT CTT CTT CTT GAA GAA GAA GAC GAT GCA GCA GCA GCA GCC GCC GCG GCT GCT GCT GCT GCT GCT GCT GCT GCT GGA GGG GGT GGT GGT GTA GTA GTA GTC GTC GTC GTC GTG GTG GTG GTG GTG GTT GTT GTT GTT TAC TAT TAT TCA TCA TCA TCA TCA TCA TCA TCC TCG TCG TCT TCT TCT TCT TCT TCT TGC TGG TTA TTA TTA TTA TTA TTA TTA TTA TTA TTA TTA TTC TTC TTC TTC TTG TTG TTG TTG TTG TTG TTT TTT TTT TTT TTT TTT TTT AAA AAA AAA AAC AAC AAG AAT AAT AAT AAT AAT AAT AAT ACA ACA ACA ACC ACG ACT ACT AGA AGC AGT AGT AGT AGT ATA ATA ATA ATA ATC ATC ATT ATT CAA CAA CAA CAA CAT CAT CCA CCA CCC CCC CCT CCT CTA CTT GAA GAA GAA GAC GAC GAT GAT GAT GAT GCA GCA GCC GCT GCT GCT GGA GGA GGG GGG GGT GTA GTG GTT GTT GTT TAC TAC TAC TAC TAT TAT TCA TCA TCA TCA TCA TCT TTA TTA TTA TTC TTC TTT TTT TTT --- --- --- --- AAA AAA AAA AAA AAA AAA AAA AAA AAC AAC AAC AAG AAG AAG AAG AAG AAG AAG AAT AAT AAT AAT AAT AAT AAT ACA ACA ACA ACA ACA ACC ACC ACC ACG ACT ACT ACT AGA AGA AGA AGA AGA AGC AGC AGG AGG AGT AGT AGT AGT AGT AGT AGT ATA ATA ATA ATA ATA ATA ATC ATC ATT ATT ATT CAA CAA CAA CAC CAT CCA CCA CCA CCA CCA CCT CCT CCT CGA CTA CTC CTC CTT GAA GAA GAA GAA GAA GAA GAA GAA GAC GAC GAC GAC GAG GAG GAG GAG GAT GAT GAT GAT GAT GAT GAT GCA GCA GCA GCC GCT GCT GGA GGA GGC GGG GGT GGT GGT GTA GTG GTG GTT GTT GTT GTT GTT TAT TAT TAT TAT TCA TCA TCA TCA TCA TCA TCA TCC TCC TCG TCT TCT TCT TCT TCT TGG TGG TTA TTA TTA TTA TTA TTC TTC TTC TTG TTG TTT TTT TTT
bayanus                                     AAA AAG AAT ACA ACT AGC AGG ATA ATC ATG ATT CAA CAC CCA CTA CTC GAT GCA GCG GGA GGT GTT TAC TCA TCC TCG TCT TGC TGG TGT TTA TTC TTG TTT --- AAA AAA ACG --- AGA --- AAC TAT --- ACA ACA ACC ACT ACT AGT TCG --- --- ACA ACT AAA AGA AGA AAT AGT --- ATC ATT ATT GCC ATC ATT ATT GCT GTT TTG --- ATG GTG --- ATA ATC ATC ATT ATT ATT GTC GTG GTT --- CAA CAA CAG CAG --- CAT CCA --- CCA --- ATA CTA CTG CTG TTA TTG TTG CTT TTA TTG --- ATT CTA TTA TTG --- GAA GAA --- --- GCC GCG GTC GTC GCT GCT GCC --- GCA GCA GCC GCC GCT GCT TCC TCG GGT --- GGA GGT GGT GTC GTC GTC GCG GTA GTG GTT ACA GTC GTG GTT GTT --- GCC GTA GTT TAC TAC TAT TCA TCA TCC TCG TCG TCT TCT TCT ACA TCT --- TCA TCC TCG TCG TCT TGT TGG --- CTG CTT TTA TTA TTA TTG TTG TTG TTG TTT CTC CTG TGT TTC --- CTG CTG CTG CTG TTG ATT TTC TTC TTC TTT TTT TTT AAG AGT CAA AAT GGC ACC AAC AAT AAT AAT GAA GAT GGC ACG ACG ACT ACC ACC ACT ACT AGA ACA AGC AGC CCC GCT ATA ATT CTT GTT ATG ATT ATA ATC CAA CAA CAG GAT AGT CAT CCA TCG CCA CCT ACT CCT TTG TTA ACT GAA GAT GAC GGT AAA GAC GAT GCT ACA GCG GGC ACA GCC GCT GGA GGC GGC GGT GGC GTC GTC GTG GTG GTT TAC TAC TAT TAT TAC TAT GAC TCC TCC TCT TCT TCC CAA CTC TTA TTC TTC TAT TTC TTT ACT CAG GAA GCA AAA AAA AAC AAG AGA AGA GAA GGG AAA AAT GAT AAA AAC AGG AGG AGT CAG GAG AAC AAC AAT AAT AAT ACA GCT ACA ACT ACT ACT GCT AGT CTG GCT ACA AAC ACA ACC --- AAA AAG AGA GAT --- AGT AGA AGA --- AGA AGC AGT CAC GAT TCA --- ATC ATC ATG CCG CTG ATC GCA ATG ATT GTG AAA ACA CAA AGA CAT --- ACA CCA CCA CCT CCC CCT TCT AGA --- GCG TTG CTT ACA GAA GAA GAA GAC GAC GTA TCA GAC GAT GAT GCT ATA CAG GAA GCA AGT GAC GAC GAT GAT GGA GTC GCA GCC GCT GCC GCA GCT ACT GGT GGA GGA ACC GGC GGT AAT AGC ATC AAT ATC GTG TGT TTC TAC TAT TTC TTT AAT ACT AGT CCG TCA TCT TTT AAC AGT AAC ACC CCT TCA TCC TCG TGG TTT ATA CGT CTG CTT TTT TCA TTC TTT CTC TTG TTC TTT TTT
mikatae                                     --- --- --- --- --- --- --- --- --- --- --- --- --- --- --- --- --- --- --- --- --- --- --- --- --- --- --- --- --- --- --- --- --- --- --- AAA AAG ACG --- AGA --- AAC TAT --- ACA ACA ACA ACT ACT AGC TCA --- --- ACA ACC AAA AGA AGG AAT AGT --- ATT ATC ATT ACT ATA ATC GTT GCT ATT CTG --- ATG GTG --- ATA ATT ATT ATC ATT ATT GTC GTG GTT --- CAA CAA CAA CAG --- CAC CCT --- CCA --- ATA TTG CTG CTT TTA CTA TTA TTA TTA TTG --- ATT CTC TTA TTG --- CAA GAG --- --- GCC GCG GCC GTC GCC GCC GCT --- GCA GCT GCA GCC ACT GCT TCT TCG GGT --- GGT GGT GGT GTC GTG GTG GCA GTA GTG GTC ACT GTT GTG GTT GTT --- GCT GTA GTT TAC TAT TAT TCA TCC TTC TCA TCG TCT TCT TCT ATT TCT --- TCA TCT TCA TCT TCA TGT TGG --- CTA ATT CTA TTA TTA TTA TTA TTA TTG TTT CTC CTT TGT TTT --- CTA CTC CTG CTG TTG ATT TTC TTT TTT TTC TTC TTT AAA AGT AAA AAT AGT ACT AAT AAC AAC AAT GGC GAT AGT ACC ACT ACT ACT ACG ACC ACT AGA GCA AGC AGT TCA GGC ATA ATT CTG GTT ATG ATT ATC ATT CAA CAA CAG GAT AGT CAT CCA TCA CCC CCT ATT CCT CTG TTA ACC GAG GAC GAC GGT AAA GAT GAT GCC ACG GTG GGT TCA GCC GCT GGA GGT GGT GGT GGG ATC GTT GTA GTG GTT TAC TAT TAT TAT TAC TAT GAC TCG TCT TCT TCT TCG CAA TTA TTA TTT TTT TAT TTC TTT ACT CAG GAA GTG AAA AGA AAC AAG AAG AGA GAA GAG AAG AAT GAC AAA AAC AGG AGG AGT AAA AAA AAT AAT AAC AAT GAT ACA GGT ACA ACA ACA ACT GCT AGT TTG ACT ACG AGT ACA ACT --- AAA AGG AGA GAT --- AGT AAA AGA --- AGG AGT AGT CAT GAT TCG --- ATT ATT GTA CCA TTG ATC ACA ATA ATT ATG AAG GTA CAG AGA CAT --- ACG ACA CCG CCC CCT CCT CCT AGA --- ATG TTA CTT ACA GAA GAA GAG GAC GAT TTA TCA GAC GAT GAT GAC ATA CAG GAA GCC GAA GAT GTT CAT GAT AGA GTA GCG GCT GCT GCA GCA GCT ATT GGT GGA GCG ACA GGT GGT AAT AGC ATC AAC ATC GTT TAT TTC TAC TAT TTC TTT AGT ACT AAT CCA TCA TCC CTT GAT AGT AAC ACC TCC GCA TCT TCA TGG TTC ATA CGT TTG CTT CTT TCA TTT TTC CTC TTG TTT TTC TTT
cerevisiae                                  --- --- --- --- --- --- --- --- --- --- --- --- --- --- --- --- --- --- --- --- --- --- --- --- --- --- --- --- --- --- --- --- --- --- --- AAA AAA ACA --- AGA --- AAC TAT --- ACA ACG ACA ACT ACT AGC TCA --- --- ACA ACT AAA AGA AGA AAT AGT --- ATA ATA ATT ACT ATA ATC GTT GCT ATA TTG --- ATG GTG --- ACA ATT ATT ATC ATT ATT GTC ATA GTT --- CAA CAA CAA CAG --- CAT CCA --- CCA --- ATA TTA CTG TTA CTT TTG TTA CTC TTA TTA --- ATT CTT TTA TTG --- CAG GAG --- --- GCC GCA GTT ACC GCC GCT GCT --- GCA GCT GCA GCA GCT GCT TCC TCG GGT --- GGG GGT GGT GTC GTA GTG GCA GTC GTA GTC ACT GTT GTC GTA GTT --- GCT GTT GTT TAC TAT TAT TCA TCA TTC TCA TCA TCC TCT TCT ACT TCT --- TCG TCT TCG TCA TCA TGT TGG --- TTG ATT CTG TTG TTG TTA TTG TTG TTG TTT CTC TTT TGT TTC --- TTA CTT CTG CTT CTG ATT TTT TTT TTT TTC TTT TTT AAA AGT AAT AAT AGT ACT AAT AAC AAT AAT AAC GAT GGT ACA ACT ACT TCT ACT ACC ACC AGA ACG AGC AGC CCA GGT ATA ATT TTA GTT ATG ATT ATC ACC CAA CAA CAG GAT AGT CAT CCA TCA CCT CCT GCT CCT CTA TTG ACC GAG AAT GAC GAT AAA GAT GAT GCC ACA GTG GGT GCG GCT GCT GGA GGG GGT GGA GGA ATC GTT GTT GTG GTT TAC TAC TAC TAT TAT TAT AAC TCT TCT TCC TCT TCA CAA CTC TTG TTC TTT TAC TTC TTT ACT CAG GAA GCA AAG AAA AAT AAG AGG AGA GAG GAG AAA AAT GAC AAA AAC AAG AGA AGC CAA AAA AAC AAT AAT AAT GAT ACA GGC ACA ACG ACG ACT GCT AGT TTG ACT ACG AGT ACA ACT --- AAA AGG AGA GAT --- AGC AGA AGA --- AGG AGT AGT CAT AAT TCC --- ATC ATT ATG CCG TTA ATT ACG ATA ATT ATG AAA ATA CAG AGA CAT --- ACA ACA CCG CCC CCT CCT CTG AGA --- GGA CTA CTT GCA GAA GAG GAG GAT GAT TTA TCA GAT GAC GAT GAC ACA CAG GAA GCT GAA GAC GAT TCT GAT AGG GTC GCC GCT GCA GCT GCA GCT ACT GGT GGA ACG ACT GGT GGC AAT AGC ATC GAT ATT GTT TAC TTT TAC TAT TTT TTT GTT ACT AAC CCA TCG TCT TTT GAT AGT AAC ACA CCC ACA TCC TCA TGG TTT ATA CCC TTA CTC CTC TCG TTC TTT CTC TTG TTC TTC TTC
paradoxus                                   --- --- --- --- --- --- --- --- --- --- --- --- --- --- --- --- --- --- --- --- --- --- --- --- --- --- --- --- --- --- --- --- --- --- --- AAA AAA ACG --- AGA --- AAC TAT --- ACA ACA ACA ACC ACT AGT TCA --- --- ACA ACT AAA AGA AGG AAT AGT --- ATT ATC ATT ACT ATA ATC GTT GCC ATA CTG --- ATG GTG --- ATA ATC ATT ATC ATT GTT GTC GTG GTT --- CAA CAG CAA CAG --- CAT CCA --- CCA --- ATA TTA CTG CTG CTA TTG CTA CTC TTA TTG --- ATT CTG TTA TTG --- CAG GAG --- --- GCC GCA GTT GCC GCT GCC GCT --- GCA GCT GCA GCC GCT GCT TCC TCA GGT --- GGT GGG GGT GTC GTA GTG GCA GTA GTA GTC ACT GTC GTA GTT GTT --- GCT GTG GTT TAC TAT TAT TCA TCA TTC TCG TCG TCT TCT TCT ACT TCT --- TCA TCT TCA TCA TCA TGT TGG --- CTG ATT CTA CTG TTA TTA CTA TTG TTG TTC CTC TTT TTT TTC --- TTA CTT CTG CTG TTG ATT TTT TTC TTT TTC TTC TTT AAA AGT AAT AAT AGT ACT AAC AAC AAT AAT AAC GAT GGT ACA ACT ACT ACT ACG ACC ACC AGA ACG AGC AGC CCA GGC ATA ATT CTA GTT ATG ATC ATC TCC CAA CAG CAG GAT AGT CAT CCA TCA CCT CCT GCT CCT CTA TTA ACC GAG GAT GAT GAT AAA GAT GAT GCC ACA GTA GGT GCA GCT GCT GGA GGC GGT GGT GGA ATC GTT GTC GTG GTA TAC TAC TAC TAT TAT TAT AAC TCT TCT TCC TCT TCA CAG CTC TTG TTC TTT TAT TTC TTC GCT CAG GAA GCG AAA AAG AAT AAA AGG AGA GAG GAG AAA AAT GAT AAA AAC AAA AGG AGC CAA AAA AAC AAT AAC AAT GAT ACA GGC ACA ACA ACG ACC GCT AGT TTG ACT ACA AGT ACG ACT --- AAA AGA AGA GAT --- AGT AGA AGG --- AGG AGC AGT CAT GAT TCT --- ATC ATT ATG CCG TTG ATT ACG ATA ATT ATG AAA ATA CAG AGA CAT --- ACA ACG CCA CCC CCT CCC TTG AGA --- GGA CTA CTC ACA GAA GAG GAG GAC GAT --- TCA GAC GAC GAT AAC ACA CAG GAA GCT GAT GAC GAT GCT GAT AGA GTC GCG GCT GCT GCT TCA GCC ACT GGT GGA ACA ACA GGT GGT AAT AGC ATC AAT ATC GTT TAT TTT TAT TAT TTC TTT ATC ACT AAT CCA TCA TCT TTT GAT AGT AAC ACA CCG TTA TCC TCA TGG TTT ATA CCA TTA CTT CTT TCA TTC TTT CTC TTG TTC TTC TTT



    6    2    2    2    3    2    2    2    2    1    1    2    3    1    1
    2    1    1    1    2    1    3    1    1    2    1    2    2    1    1
    3    1    2    6    3    1    1    1    2    1    1    2    1    2    1
    1    1    1    1    1    1    1    1    1    1    2    2    1    1    1
    1    1    1    1    1    1    1    1    1    1    1    2    8    1    2
    1    1    2    1    2    1    1    1    1    3    1    1    1    1    1
    1    1    1    1    1    2    1    1    1    1    1    1    1    1    1
    3    1    1    1    1    7    1    1    2    2    1    1    1    1    1
    1    1    1    2    1    1    1    1    1    1    1    1    1    1    1
    1    1    1    1    1    1    1    1    1    1    1    1    1    1    1
    1    1    1    1    1    1    1    1    2    1    1    1    1    1    2
    3    1    1    1    1    1    1    2    1    1    1    1    1    1    1
    1    1    2    1    1    1    1    1    1    1    1    1    1    1    1
    1    1    1    1    1    1    1    1    1    1    1    1    1    1    1
    1    1    2    1    1    1    2    1    1    1    1    1    1    1    1
    1    1    1    1    1    1    1    1    1    1    1    1    2    1    1
    1    1    1    1    1    1    1    1    1    1    1    1    1    1    1
    1    1    1    1    1    1    1    1    1    1    1    1    1    1    1
    2    1    1    1    1    1    1    2    1    2    1    1    1    1    1
    1    1    1    1    1    1    1    2    1    1    1    2    1    1    1
    1    1    1    1    1    1    1    1    1    3    1    1    1    1    1
    1    1    1    1    1    1    1    1    1    1    1    1    1    1    1
    1    1    1    1    1    1    1    1    1    1    1    1    1    1    2
    1    1    2    1    1    1    2    1    1    1    1    1    1    1    1
    1    1    1    1    1    1    1    1    1    1    1    1    1    1    1
    1    1    1    1    1    1    1    1    1    1    1    1    1    1    1
    1    1    1    1    2    1    1    1    1    1    2    1    1    1    1
    1    1    1    1    1    1    1    1    1    1    1    1    1    1    1
    1    1    1    1    1    4    1    1    1    1    1    1    1    1    1
    1    1    1    1    1    1    1    1    1    1    1    1    1    1    1
    1    3    1    1    1    1    1    1

CODONML (in paml version 4.4b, July 2010)  torun.nuc
Model: One dN/dS ratio for branches Global clock  (3 genes: diff. rate & k&w)  
Codon frequency model: F3x4
ns =   5  ls = 548

Codon usage in sequences
--------------------------------------------------------------------------------------------------
Phe TTT 14 18 14 15 12 | Ser TCT 14 12 12 11 11 | Tyr TAT 12 12 15 12 15 | Cys TGT  0  4  2  2  1
    TTC 11 15 11 12 16 |     TCC  3  9  3  5  4 |     TAC  6  7  4  7  4 |     TGC  1  2  0  0  0
Leu TTA 20 11 15 12  9 |     TCA 20  9 14 12 15 | *** TAA  0  0  0  0  0 | *** TGA  0  0  0  0  0
    TTG  8 16 10 14 12 |     TCG  4 10  5  5  3 |     TAG  0  0  0  0  0 | Trp TGG  4  4  3  3  3
--------------------------------------------------------------------------------------------------
Leu CTT  9  5  6  5  3 | Pro CCT  7  5  6  5  4 | His CAT  4  3  4  4  4 | Arg CGT  0  1  1  0  0
    CTC  2  5  4  6  5 |     CCC  2  2  2  3  2 |     CAC  1  4  1  0  0 |     CGC  0  0  0  0  0
    CTA 11  3  4  2  7 |     CCA  8  7  4  5  7 | Gln CAA 15  9  7  7  4 |     CGA  1  0  0  0  0
    CTG  3 11  6  5  8 |     CCG  0  2  1  2  2 |     CAG  1  7  6  7 10 |     CGG  0  0  0  0  0
--------------------------------------------------------------------------------------------------
Ile ATT 18 14 21 16 13 | Thr ACT  8 18 16 18 14 | Asn AAT 19 14 10 14 12 | Ser AGT 15 12 15 10 11
    ATC 10 13  8  6 11 |     ACC  5  7  5  5  5 |     AAC  5 10  9  9 11 |     AGC  3  6  3  6  5
    ATA 16  9  8 11  9 |     ACA 18 17 13 15 16 | Lys AAA 17 19 14 14 16 | Arg AGA 11 13 11 12 11
Met ATG 11 12 11 11 11 |     ACG  2  3  5  7  7 |     AAG 13  5  5  3  1 |     AGG  2  4  5  4  5
--------------------------------------------------------------------------------------------------
Val GTT 12 11 12 14 11 | Ala GCT 15 14 10 15 16 | Asp GAT 14 14 15 17 19 | Gly GGT  7  8 13  9 10
    GTC  4 11  4  6  6 |     GCC  4  9  8  4  7 |     GAC  8  8  7  5  4 |     GGC  1  7  2  2  3
    GTA  5  3  6  3  6 |     GCA  9  9  8 10  6 | Glu GAA 20 12  8  6  5 |     GGA  5  7  2  5  4
    GTG  9  8  9  4  5 |     GCG  1  5  3  1  2 |     GAG  5  1  4  6  6 |     GGG  4  1  1  2  1
--------------------------------------------------------------------------------------------------

Codon position x base (3x4) table for each sequence.

#1: castellii      
position  1:    T:0.24528    C:0.13417    A:0.36268    G:0.25786
position  2:    T:0.34172    C:0.25157    A:0.29350    G:0.11321
position  3:    T:0.35220    C:0.13836    A:0.36897    G:0.14046
Average         T:0.31307    C:0.17470    A:0.34172    G:0.17051

#2: bayanus        
position  1:    T:0.25956    C:0.12877    A:0.35412    G:0.25755
position  2:    T:0.33199    C:0.27767    A:0.25151    G:0.13883
position  3:    T:0.33199    C:0.23139    A:0.25755    G:0.17907
Average         T:0.30785    C:0.21261    A:0.28773    G:0.19182

#3: mikatae        
position  1:    T:0.25058    C:0.12065    A:0.36891    G:0.25986
position  2:    T:0.34571    C:0.26682    A:0.25290    G:0.13457
position  3:    T:0.39907    C:0.16473    A:0.26450    G:0.17169
Average         T:0.33179    C:0.18407    A:0.29544    G:0.18871

#4: cerevisiae     
position  1:    T:0.25522    C:0.11833    A:0.37355    G:0.25290
position  2:    T:0.32947    C:0.28538    A:0.25754    G:0.12761
position  3:    T:0.38747    C:0.17633    A:0.26450    G:0.17169
Average         T:0.32405    C:0.19335    A:0.29853    G:0.18407

#5: paradoxus      
position  1:    T:0.24419    C:0.13023    A:0.36744    G:0.25814
position  2:    T:0.33488    C:0.28140    A:0.25814    G:0.12558
position  3:    T:0.36279    C:0.19302    A:0.26744    G:0.17674
Average         T:0.31395    C:0.20155    A:0.29767    G:0.18682

Codon usage in genes
--------------------------------------------------------------------------
Phe TTT 34 11 28 | Ser TCT 35 13 12 | Tyr TAT 13 27 26 | Cys TGT  8  0  1
    TTC 22 15 28 |     TCC 10  6  8 |     TAC  7 17  4 |     TGC  3  0  0
Leu TTA 45 10 12 |     TCA 35 12 23 | *** TAA  0  0  0 | *** TGA  0  0  0
    TTG 42  4 14 |     TCG 19  3  5 |     TAG  0  0  0 | Trp TGG 11  0  6
--------------------------------------------------------------------------
Leu CTT 16  2 10 | Pro CCT  3 12 12 | His CAT  4  6  9 | Arg CGT  0  0  2
    CTC 10  3  9 |     CCC  0  4  7 |     CAC  4  0  2 |     CGC  0  0  0
    CTA 20  4  3 |     CCA  9  9 13 | Gln CAA 20 16  6 |     CGA  0  0  1
    CTG 27  2  4 |     CCG  0  0  7 |     CAG  9 10 12 |     CGG  0  0  0
--------------------------------------------------------------------------
Ile ATT 56 11 15 | Thr ACT 25 24 25 | Asn AAT 10 25 34 | Ser AGT  8 17 38
    ATC 22 10 16 |     ACC  5 14  8 |     AAC  8 12 24 |     AGC  4  8 11
    ATA 26  9 18 |     ACA 29 11 39 | Lys AAA 27 11 42 | Arg AGA 19  5 34
Met ATG 44  4  8 |     ACG  4  8 12 |     AAG  6  2 19 |     AGG  4  0 16
--------------------------------------------------------------------------
Val GTT 33 17 10 | Ala GCT 33 13 24 | Asp GAT  3 28 48 | Gly GGT 17 16 14
    GTC 24  4  3 |     GCC 20  6  6 |     GAC  2  9 21 |     GGC  0 10  5
    GTA 14  4  5 |     GCA 23  4 15 | Glu GAA 11  5 35 |     GGA  4  9 10
    GTG 21  9  5 |     GCG  5  2  5 |     GAG  3  3 16 |     GGG  3  4  2
--------------------------------------------------------------------------

Codon position x base (3x4) table for each gene.


Gene #1
position  1:    T:0.30903    C:0.13275    A:0.32318    G:0.23504
position  2:    T:0.49619    C:0.27748    A:0.13819    G:0.08814
position  3:    T:0.32427    C:0.15343    A:0.30686    G:0.21545
Average         T:0.37650    C:0.18789    A:0.25608    G:0.17954

Gene #2
position  1:    T:0.23600    C:0.13600    A:0.34200    G:0.28600
position  2:    T:0.23800    C:0.28200    A:0.34200    G:0.13800
position  3:    T:0.44400    C:0.23600    A:0.21800    G:0.10200
Average         T:0.30600    C:0.21800    A:0.30067    G:0.17533

Gene #3
position  1:    T:0.19717    C:0.11452    A:0.42385    G:0.26446
position  2:    T:0.22196    C:0.26092    A:0.35183    G:0.16529
position  3:    T:0.36364    C:0.17946    A:0.30224    G:0.15466
Average         T:0.26092    C:0.18497    A:0.35931    G:0.19481

Sums of codon usage counts
------------------------------------------------------------------------------
Phe F TTT      73 | Ser S TCT      60 | Tyr Y TAT      66 | Cys C TGT       9
      TTC      65 |       TCC      24 |       TAC      28 |       TGC       3
Leu L TTA      67 |       TCA      70 | *** * TAA       0 | *** * TGA       0
      TTG      60 |       TCG      27 |       TAG       0 | Trp W TGG      17
------------------------------------------------------------------------------
Leu L CTT      28 | Pro P CCT      27 | His H CAT      19 | Arg R CGT       2
      CTC      22 |       CCC      11 |       CAC       6 |       CGC       0
      CTA      27 |       CCA      31 | Gln Q CAA      42 |       CGA       1
      CTG      33 |       CCG       7 |       CAG      31 |       CGG       0
------------------------------------------------------------------------------
Ile I ATT      82 | Thr T ACT      74 | Asn N AAT      69 | Ser S AGT      63
      ATC      48 |       ACC      27 |       AAC      44 |       AGC      23
      ATA      53 |       ACA      79 | Lys K AAA      80 | Arg R AGA      58
Met M ATG      56 |       ACG      24 |       AAG      27 |       AGG      20
------------------------------------------------------------------------------
Val V GTT      60 | Ala A GCT      70 | Asp D GAT      79 | Gly G GGT      47
      GTC      31 |       GCC      32 |       GAC      32 |       GGC      15
      GTA      23 |       GCA      42 | Glu E GAA      51 |       GGA      23
      GTG      35 |       GCG      12 |       GAG      22 |       GGG       9
------------------------------------------------------------------------------

(Ambiguity data are not used in the counts.)


Codon position x base (3x4) table, overall

position  1:    T:0.25110    C:0.12665    A:0.36496    G:0.25728
position  2:    T:0.33672    C:0.27229    A:0.26302    G:0.12798
position  3:    T:0.36540    C:0.18138    A:0.28553    G:0.16770
Average         T:0.31774    C:0.19344    A:0.30450    G:0.18432


Nei & Gojobori 1986. dN/dS (dN, dS)
(Pairwise deletion)
(Note: This matrix is not used in later ML. analysis.
Use runmode = -2 for ML pairwise comparison.)

castellii           
bayanus             -1.0000 (0.2423 -1.0000)
mikatae              0.0683 (0.2458 3.5997) 0.0706 (0.0666 0.9444)
cerevisiae           0.0791 (0.2382 3.0102) 0.0537 (0.0703 1.3083) 0.0763 (0.0560 0.7342)
paradoxus           -1.0000 (0.2390 -1.0000) 0.0575 (0.0609 1.0590) 0.0831 (0.0535 0.6442) 0.0421 (0.0201 0.4763)


TREE #  1:  ((((4, 5), 3), 2), 1);   MP score: -1
lnL(ntime:  4  np: 12):  -4709.614610      +0.000000
   6..7     7..8     8..9     9..4     9..5     8..3     7..2     6..1  
 1.776862 0.402156 0.275902 0.154783 1.167086 1.440283 4.873494 0.031336 3.679263 0.056496 4.330330 0.092054
SEs for parameters:
 0.234333 0.041590 0.028670 0.018546 0.173639 0.186444 0.857105 0.005366 0.768210 0.009530 0.624996 0.013169
Note: Branch length is defined for the first gene (site partition).
For other genes, look at "rates for genes".

tree length =   4.38657 (1st gene)

((((4: 0.154783, 5: 0.154783): 0.121119, 3: 0.275902): 0.126254, 2: 0.402156): 1.374707, 1: 1.776862);

((((cerevisiae: 0.154783, paradoxus: 0.154783): 0.121119, mikatae: 0.275902): 0.126254, bayanus: 0.402156): 1.374707, castellii: 1.776862);

Detailed output identifying parameters

rates for 3 genes:     1  1.16709  1.44028

gene # 1: kappa =   4.87349 omega =   0.03134
gene # 2: kappa =   3.67926 omega =   0.05650
gene # 3: kappa =   4.33033 omega =   0.09205

Time used:  0:17
