
seed used = 1418843721
      5   1455

bayanus                                    ATG GTT CAT TTA GGT CCA AAA AAA CCA CAA GCT AGA AAG GGT TCC ATG GCC GAT GTG CCC AAG GAA TTG ATG GAT GAA ATC AGC GAG TTG GAA AAA ATG TTC ACC GCC GAC TCC GAA ACT TTG AGA AAG GTG GTC AAG CAC TTT ATC ACT GAA TTG AAC AAG GGT TTG ACC AAG AAG GGT GGT AAC ATT CCA ATG ATT CCA GGT TGG GTC ATG GAA TTC CCC ACC GGT AAG GAG TCT GGT GAC TAC TTG GCC ATT GAC CTT GGT GGT ACC AAC TTG AGA GTC GTC TTG GTC AAG CTG AGC GGT AAC CAC ACT TTC GAC ACC ACT CAG TCC AAG TAT AAG CTT CCA CAC GAC ATG AGA ACC ACA CAG CAC CAA GAG GAA CTA TGG TCC TTC ATT GCT GAC TGT TTG AGA GAC TTC ATG GTC GAA CAA GAA CTG CTG AAC ACC AAG GAT ACC TTG CCA TTG GGG TTC ACA TTC TCC TAC CCG GCC TCT CAA AAC AAG ATC AAC GAA GGT ATT TTG CAA AGA TGG ACC AAG GGT TTC GAC ATT CCA AAC GTC GAA GGT CAC GAT GTC GTC CCA TTG CTG CAA AAC GAA ATC TCC AAG AGA GAG CTG CCA ATC GAA ATC GTC GCT TTG ATC AAC GAT ACC GTC GGT ACT TTG GTT GCC TCA TAC TAC ACT GAC CCA GAG ACC AAG ATG GGT GTG ATT TTC GGT ACC GGT GTC AAC GGT GCC TTT TAC GAT GTT GTT TCC GAC ATT GAG AAA TTG GAG GGC AAG CTA GCG GAC GAT ATT CCA AGG GAC TCC CCA ATG GCC ATC AAC TGT GAA TAC GGT TCC TTT GAC AAC GAA CAT TTG GTC TTG CCA AGA ACC AAG TAC GAT GTC GAT GTC GAC GAA CAA TCT CCA AGA CCG GGC CAA CAA GCG TTT GAA AAA ATG ACC TCT GGT TAC TAC TTG GGT GAA TTG CTG CGT ATG GTG TTG ATC GAC TTG AAC AAG AAG GGC TTG ATG TTG AAG GGC CAA GAC CTA ACC AAG TTG AGC AAG CCA TAC ATC ATG GAC ACT TCG TAC CCA GCA AGA ATC GAA GAG GAT CCA TTT GAA AAC TTG GAA GAC ACG GAC GAC ATT TTC CAA AAG GAC TTC GGT ATC AAG ACC TCG TTG CCC GAA CGT AAG CTG ATC AGA AGA CTT TGT GAG TTG ATC GGT ACC AGA GCC GCC AGA CTT GCC GTC TGT GGT ATC GGT GCC ATC TGC CAA AAG AGA GGC TAC AAG ACC GGC CAC ATT GCC GCC GAC GGT TCC GTT TAC AAC TTG TAT CCT GGC TTC AAA GCC GCT GCC GCC AAG GGT CTA AGA GAT ATC TAC GGA TGG ACC GGT GAT GCC ACC AAC GAT CCA ATC AAG ATT GTT CCA GCT GAA GAT GGT TCC GGT GCC GGT GCT GCT GTT ATT GCT GCT TTG TCC GAG AGA AGA ATT GCC GAA GGT AAG TCT CTT GGT ATT ATC GGT GCT 
mikatae                                    ATG GTT CAT TTA GGT CCA AAG AAA CCA CAA GCT AGA AAG GGT TCC ATG GCT GAC GTT CCC AAG GAA CTG ATG GAT GAG ATT CAT GAA CTG GAA GAC ATG TTT ACT GCC GAC AGC GAA ACC TTA AGA AAA GTG GTT AAA CAC TTC ATC GAT GAA TTG AAT AAA GGT TTG ACC AAG AAG GGT GGT AAC ATC CCA ATG ATT CCA GGT TGG GTC ATG GAA TTC CCA ACA GGT AAG GAG TCT GGG GAC TAT TTG GCT ATT GAT TTG GGT GGT ACC AAC TTG AGA GTC GTG CTG GTC AAA TTG AGT GGT AAT CAC ACC TTT GAC ACC ACA CAA TCC AAA TAT AAA CTG CCA CAT GAC ATG AGA ACC ACG AAG CAT CAG GAG GAG TTG TGG TCA TTC ATT GCT GAC TCT TTG AAA GAC TTT ATG GTT GAA CAA GAA TTA CTA AAC ACT AAG GAA ACC TTG CCA CTA GGT TTC ACT TTC TCA TAT CCC GCT TCT CAG AAT AAA ATT AAC GAA GGT ATT TTG CAA AGA TGG ACC AAG GGT TTC GAC ATT CCA AAC GTT GAA GGC CAT GAT GTT GTC CCA TTG CTA CAA AAA GAA ATA TCC AAG AGG GAA TTA CCA ATT CAA ATT GTA GCA TTA ATT AAT GAT ACT GTT GGT ACT CTG GTT GCC TCC TAC TAC ACT GAC CCA GAA ACT AAG ATG GGT GTG ATT TTT GGT ACT GGT GTT AAC GGT GCC TTT TAT GAT GTT GTT TCT GAT ATC GAG AAG TTG GAA GGT AAA CTA GCG GAC GAC ATT CCA AAG GAA TCT CCA ATG GCT ATC AAT TGT GAA TAT GGT TCC TTC GAT AAC GAA CAC TTG GTC TTG CCA AGA ACA AAG TAC GAT GTT GCT GTT GAC GAA CAA TCT CCA AGA CCA GGC CAA CAA GCC TTT GAG AAA ATG ACC TCT GGT TAC TAC TTG GGT GAA TTG CTA CGT TTA GTG TTG GTT GAA TTG AAC GAA AAG GGT CTG ATG TTG AAG GGT CAA GAT TTA ACC AAA TTG AAG CAA CCA TAC ATC ATG GAC ACT TCT TAC CCA GCA AGA ATT GAA GAC GAT CCA TTT GAA AAC TTG GAA GAC ACA GAT GAC ATC TTC CAA AAG GAC TTT GGT ATC AAG ACT ACC TTA CCA GAA CGT AAA TTG ATC AGA AGA CTT TGT GAA TTG ATT GGT ACC AGG GCT GCT AGA TTG GCT GTT TGT GGT ATC GCT GCT ATT TGC CAA AAG AGA GGC TAC AAG ACT GGT CAC ATT GCT GCC GAT GGT TCT GTG TAC AAC TTG TAC CCA GGC TTC AAA GCG GCT GCA GCC AAG GGT CTA AGA GAT ATC TAT GGG TGG ACT GGT GAT GCC AAC GAA GAC CCA ATC AAG ATC GTT CCA GCT GAA GAT GGT TCC GGT GCA GGT GCT GCC GTT ATT GCC GCA TTG TCC GAA AGA AGA ATT GCC GAA GGT AAG TCT CTT GGT ATC ATT GGC GCC 
cerevisiae                                 ATG GTT CAT TTA GGT CCA AAG AAA CCA CAG GCT AGA AAG GGT TCC ATG GCT GAT GTG CCC AAG GAA TTG ATG GAT GAA ATT CAT CAG TTG GAA GAT ATG TTT ACA GTT GAC AGC GAG ACC TTG AGA AAG GTT GTT AAG CAC TTT ATC GAC GAA TTG AAT AAA GGT TTG ACA AAG AAG GGA GGT AAC ATT CCA ATG ATT CCC GGT TGG GTC ATG GAA TTC CCA ACA GGT AAA GAA TCT GGT AAC TAT TTG GCC ATT GAT TTG GGT GGT ACT AAC TTA AGA GTC GTG TTG GTC AAG TTG AGC GGT AAC CAT ACC TTT GAC ACC ACT CAA TCC AAG TAT AAA CTA CCA CAT GAC ATG AGA ACC ACT AAG CAC CAA GAG GAG TTA TGG TCC TTT ATT GCC GAC TCT TTG AAG GAC TTT ATG GTC GAG CAA GAA TTG CTA AAC ACC AAG GAC ACC TTA CCA TTA GGT TTC ACC TTC TCG TAC CCA GCT TCC CAA AAC AAG ATT AAC GAA GGT ATT TTG CAA AGA TGG ACC AAG GGT TTC GAT ATT CCA AAT GTC GAA GGC CAC GAT GTC GTC CCA TTG CTA CAA AAC GAA ATT TCC AAG AGA GAG TTG CCT ATT GAA ATT GTA GCA TTG ATT AAT GAT ACT GTT GGT ACT TTA ATT GCC TCA TAC TAC ACT GAC CCA GAG ACT AAG ATG GGT GTG ATT TTC GGT ACT GGT GTC AAC GGT GCT TTC TAT GAT GTT GTT TCC GAT ATC GAA AAG TTG GAG GGC AAA TTA GCA GAC GAT ATT CCA AGT AAC TCT CCA ATG GCT ATC AAT TGT GAA TAT GGT TCC TTC GAT AAT GAA CAT TTG GTC TTG CCA AGA ACC AAG TAC GAT GTT GCT GTC GAC GAA CAA TCT CCA AGA CCT GGT CAA CAA GCT TTT GAA AAG ATG ACC TCC GGT TAC TAC TTG GGT GAA TTG TTG CGT CTA GTG TTA CTT GAA TTA AAC GAG AAG GGC TTG ATG TTG AAG GAT CAA GAT CTA AGC AAG TTG AAA CAA CCA TAC ATC ATG GAT ACC TCC TAC CCA GCA AGA ATC GAG GAT GAT CCA TTT GAA AAC TTG GAA GAT ACT GAT GAC ATC TTC CAA AAG GAC TTT GGT GTC AAG ACC ACT CTG CCA GAA CGT AAG TTG ATT AGA AGA CTT TGT GAA TTG ATC GGT ACC AGA GCT GCT AGA TTA GCT GTT TGT GGT ATT GCC GCT ATT TGC CAA AAG AGA GGT TAC AAG ACT GGT CAC ATT GCC GCT GAC GGT TCT GTC TAT AAC AAA TAC CCA GGT TTC AAG GAA GCC GCC GCT AAG GGT TTG AGA GAT ATC TAT GGA TGG ACT GGT GAC GCA AGC AAA GAT CCA ATT ACG ATT GTT CCA GCT GAG GAT GGT TCA GGT GCA GGT GCT GCT GTT ATT GCT GCA TTG TCC GAA AAA AGA ATT GCC GAA GGT AAG TCT CTT GGT ATC ATT GGC GCT 
paradoxus                                  ATG GTT CAT TTA GGT CCA AAG AAA CCA CAA GCT AGA AAG GGT TCC ATG GCT GAC GTG CCC AGG GAA TTG ATG GAT GAA ATC CAT CAA TTG GAG GAC ATG TTT ACA GCT GAC AGT GAA ACC TTG AGG AAA GTT GTC AAG CAC TTT ATC GAC GAA TTG AAT AAA GGT TTG ACT AAG AAG GGA GGT AAC ATT CCA ATG ATT CCA GGT TGG GTC ATG GAA TTC CCA ACA GGT AAA GAG TCT GGT AAC TAC CTG GCC ATT GAT TTG GGT GGT ACT AAC TTA AGA GTC GTG TTG GTC AAA TTG AGC GGT AAG CAT ACC TTC GAC ACC ACT CAA TCC AAG TAT AAG CTA CCA CAT GAC ATG AGA ACC ACG AAG CAC CAA GAA GAG TTA TGG TCC TTT ATT GCT GAC TCT TTG AAG GAC TTT ATG GTT GAG CAA GAA TTG CTA AAC ACC AAG GAC ACC TTG CCA TTA GGT TTC ACC TTC TCG TAC CCA GCT TCT CAA AAC AAG ATT AAC GAA GGT ATT TTG CAA AGA TGG ACC AAG GGT TTC GAT ATT CCA AAC GTC GAA GGT CAC GAT GTC GTC CCA TTA CTA CAA AAC GAA ATA TCC AAG AGA GAA TTG CCT ATC GAA ATT GTA GCA TTA ATT AAC GAT ACT GTC GGT ACT TTG GTT GCC TCC TAC TAC ACT GAC CCA GAG ACT AAG ATG GGT GTG ATT TTT GGT ACT GGT GTT AAT GGT GCC TTC TAT GAT GTT GTC TCT GAT ATC GAA AAG TTG GAA GGT AAA CTA GCA GAC GAC ATT CCA AAT GAC TCG CCA ATG GCC ATT AAC TGT GAA TAC GGT TCC TTC GAT AAT GAA CAC TTG GTC TTG CCT AGA ACT AAG TAC GAT GTT ATT GTC GAC GAA CAA TCT CCA AGG CCG GGC CAA CAA GCC TTT GAA AAA ATG ACC TCC GGT TAC TAC TTG GGT GAA TTG CTG CGT CTA GTG TTG GTC GAA TTA AAC GAA AAG GGC TTA ATG TTG AAG GGT CAA GAT CTA ACC AAA TTG AAG CAA CCA TAC ATC ATG GAT ACC TCT TAC CCA GCA AGA ATC GAA GAC GAT CCA TTT GAA AAC TTG GAA GAT ACT GAT GAC ATC TTC CAA AAG GAC TTT GGT GTC AAG ACC ACT CTA CCA GAA CGT AAG TTG ATC AGA AGA CTT TGT GAA TTG ATC GGT ACC AGA GCT GCC AGA TTG GCT GTT TGT GGT ATT GCC GCT ATT TGT CAA AAG AGA GGT TAC AAG ACT GGT CAC ATT GCC GCT GAC GGT TCT GTC TAC AAC AAA TAC CCA GGT TTC AAA GAG GCT GCC GCT AAG GGT TTA AGA GAT ATC TAT GGA TGG ACT GGT GAT GCA AGC AAC GAT CCA ATC ATA ATT GTT CCA GCT GAG GAT GGT TCC GGT GCA GGT GCT GCT GTT ATT GCT GCA TTG TCC GAA AAG AGA ATT GCC GAA GGT AAG TCT CTT GGT ATC ATT GGC GCT 
kudriavzevii                               ATG GTT CAT TTA GGT CCA AAG AAA CCA CAA GCT AGA AAG GGT TCT ATG GCT GAT GTG CCC AGG GAA TTG ATG GAT GAA ATC CAT CAG TTG GAG GAC ATG TTC ACT GCG GAC TCT GAA ACT TTG AGA AAA GTT GTT AAG CAT TTT ATC GAC GAA TTG AAC AAA GGT TTG ACG AAA AAG GGC GGT AAT ATT CCA ATG ATT CCA GGT TGG GTC ATG GAA TTC CCA ACT GGT AAA GAA TCC GGT AAC TAC TTG GCT ATT GAC TTG GGT GGT ACC AAC TTA AGA GTC GTG TTG GTC AAA TTG AGT GGT AAG CAC ACT TTT GAC ACC ACC CAA TCT AAG TAT AAG TTG CCA CAT GAC ATG AGA ACT ACA AAG AAC CAG GAA GAA CTA TGG TCC TTC ATC GCC GAG TCT TTG AAA GAC TTC ATG GTC GAA CAA GAA TTG CTA AAC ACC AAG GAT ACC TTG CCA TTG GGT TTC ACT TTC TCA TAC CCG GCT TCT CAA AAC AAG ATT AAC GAG GGT ATT TTA CAA AGA TGG ACT AAG GGT TTC GAT ATT CCA AAC GTC GAA GGC CAC GAT GTT GTT CCA CTG CTA CAA AAG GAA ATA TCT AAG AGG AAA TTG CCA ATT GAG ATT GTA GCT TTG ATT AAC GAT ACC GTC GGT ACT TTG GTT GCC TCT TAC TAC ACT GAC CCA GAA ACC AAG ATG GGT GTG ATT TTC GGT ACT GGT GTT AAC GGT GCC TTT TAC GAT GTT GTT TCC GAT ATC GAA AAA TTG GAA GGT AAG CTA TCA GAC GAT ATT CCA AAG GAT TCT CCA ATG GCT ATC AAC TGT GAA TAC GGT TCC TTC GAC AAC GAG CAC TTG GTC TTG CCA AGA ACC AAG TAT GAT GTT GAT GTT GAC GAA CAG TCT CCA AGA CCA GGT CAA CAA GCT TTT GAA AAA ATG ACT TCC GGT TAC TAC TTG GGT GAA TTA CTA CGT CTG GTG TTG ATA GAC TTG AAT GAA AAG GGC CTG ATG TTA AAG GGT CAA GAT CTA ACC AAG TTG AGG AAG CCA TAC ATC ATG GAC ACT TCC TAC CCA GCA AAA ATT GAA GAC GAT CCA TTT GAA AAC TTG GAG GAC ACA GAT GAC ATT TTC CAA AAG GAC TTT GGC ATC AAG ACC TCC TTA CCA GAA CGT AAG TTG ATC AGA AGA CTT TGT GAG TTG ATC GGT ACC AGA GCT GCC AGA TTA GCC GTC TGT GGT ATT GCT GCC ATT TGC CAA AAG AGA GGC TAC AAG ACT GGC CAC ATT GCC GCC GAC GGT TCT GTT TAC AAC CTG TAC CCA GGT TTC AAA CAG GCT GCC GCT AAG GGT CTA AGG GAC ATC TAC GGT TGG ACC GGC GAT GCT AGC AGC GAT CCA ATC AAG ATT GTT CCA GCT GAA GAT GGT TCC GGT GCG GGA GCT GCT GTT ATT GCA GCC TTG TCC GAA AGA AGA ATT GCC GAA GGC AAG TCT CTT GGT ATC ATC GGC GCT 



Printing out site pattern counts


         5        855  P G
G 2       27    258

bayanus               AAA AAA AAG AAG AGA ATC ATG ATT CAA CAT CCA CCC CTT GAA GAT GCC GCC GCT GCT GGT GGT GGT GTG GTT TCC TCT TTA AAA AAA AAA AAC AAC AAC AAC AAC AAC AAC AAC AAC AAC AAC AAG AAG AAG AAG AAG AAG AAG AAG AAG AAG AAG AAG ACA ACA ACC ACC ACC ACC ACC ACC ACC ACC ACC ACC ACC ACC ACG ACT ACT ACT ACT ACT AGA AGA AGA AGA AGA AGA AGA AGA AGC AGC AGC AGG ATC ATC ATC ATC ATC ATC ATC ATC ATC ATC ATC ATC ATG ATG ATT ATT ATT ATT ATT CAA CAA CAA CAA CAC CAC CAC CAC CAC CAC CAG CAG CAT CCA CCA CCA CCA CCC CCG CCG CCT CGT CTA CTA CTA CTA CTG CTG CTG CTG CTT CTT CTT CTT GAA GAA GAA GAA GAA GAA GAA GAA GAC GAC GAC GAC GAC GAC GAC GAC GAC GAC GAG GAG GAG GAG GAG GAG GAG GAG GAG GAG GAT GAT GAT GAT GAT GAT GAT GCA GCC GCC GCC GCC GCC GCC GCC GCC GCC GCC GCC GCC GCC GCC GCC GCG GCG GCT GCT GCT GCT GCT GCT GCT GGA GGC GGC GGC GGC GGC GGC GGC GGG GGT GGT GGT GGT GGT GGT GGT GTC GTC GTC GTC GTC GTC GTC GTC GTC GTC GTC GTC GTG GTG GTT GTT GTT GTT TAC TAC TAC TAC TAC TAC TAT TAT TCA TCC TCC TCC TCC TCC TCC TCC TCC TCC TCG TCG TCT TCT TCT TCT TGC TGG TGT TGT TTC TTC TTC TTC TTC TTC TTG TTG TTG TTG TTG TTG TTG TTG TTG TTG TTG TTG TTG TTG TTG TTT TTT TTT TTT 
mikatae               ... ..G ... ... ... ..T ... ..C ... ... ... ... ... ... ..C ... ..T ..C ... ..C ... ... ..T ... ... ... ... ... ..G G.C ..A ... ... ... ... ... ..T ..T ..T ..T G.A ..A ..A ..A ..A ..A ..A ... ... ... ... C.A G.A ..G ..T .A. ..A ..A ... ... ... ... ... ..T ..T ..T ..T ..A ..A ..C ... ... GA. .A. ... ... ... ... ... ..G ..G .AG ..T CAT .A. ..A ... ... ... ... ... ..T ..T ..T ..T ..T G.T ... T.A ..C ..C ..C ... ... ... ... ..G ..G ... ... ... ..T ..T ..T A.. ..A ..C ... ... ... ... ..A ..A ..C ..A ... ... ... T.. T.G ..A ..A T.A T.. ..G ... T.G T.G C.. ... ... ... ... ... ..G ..G ..A ..A ... ... ... ... ... ..T ..T ..T ..A ..A ..A ..A ..A ..A ..C ... ... ... ..A ..C ..C ... ... ... .C. ... ..A ..A ... ... ... ... ... ... ..G ..T ..T ..T ..T ..T ..T ..C ... ..A ..A ..C ..C ... ... ... ..G ... ... ... ..T ..T ..T ..T ..T .C. ..C ..G ... ... ... ... ..A ... ... ..G ..T ..T ..T ..T ..T ..T ..T ..T ... ... ..G ... ... ... ... ... ... ..T ..T ..T ..C ... ..C AG. ..A ..A ... ... ... ..T ..T ..T A.C ..T ... ... ... ... ... ... .C. ... ... ... ..T ..T ..T ..T C.A C.. C.. C.. ..A ..A ..A ... ... ... ... ... ... ... ... ..C ..C ... ... 
cerevisiae            ... ..G ... ... ... ..T ... ..C ..G ... ... ... ... ... ... ... ..T ... ... ..C ... ... ... ... ... ... ... ..G ..G G.T ... ... ... ... ..T ..T ... ... ..T ..T ..A ..A ..A ..A ... ... ... ..A ... ... .C. C.A G.. ..T ..C .G. ..A ... ..A ... ... ..T .G. ..A ... ..T ..T ..T ... ..C ..C ... GAC .AG .A. ... ... ... ... ... ... .AA ... CAT ..T ..T ... ... ..T ..T G.. ... ... ..T ..T ..T C.T ... C.A ..C ..C ... ... ... ... ... ... ... ... ... ..T ... ... ..T A.. ..A ... ... ... ..C ..T ..A ..T ..A ..A ... T.. T.G ... T.. ..A T.. T.. T.. ..A ... T.A T.G ... ... ... ... ..G ..G ... ..G A.. ..A A.. ... ... ..T ..T ... ..T ..T C.. ..A ..A ... ... ... ..T ..A ..A ... ..C ... ... ..C ... ... .C. ... ..A ... ..A ... ..T ..T ..T .TT .AA ... ... ..T ..T ..T ..T ..T ..A ..A ..A ... ... ..C ..C ... ... ..T ..T ..T .AT ... ... ..T ..T .CC ..C ... ..A ... ... ... ..A ... ... ..G ... ... ... ... ..T ..T ..T ..T ... ..T ..C A.. ... ... ... ... ..T ... ..T ..T ..C ... ... AG. ... ..G ..A ... ... ... ..T ..T A.T ..C ..C ..C ... ... ... ... .C. ... ... ..T ... ..T ..T ..T ..A ..A ... ... C.. ... ... AAA ..A ..A ..A ... ... ... ... ..C ... ..C ... 
paradoxus             ... ..G ... .G. ... ..T ... ..C ... ... ... ... ... ... ..C ... ..T ... ... ..C ... ... ... ... ... ... ... ... ..G G.C ... ... ... ..T ... ..T ... ..G ... ..T ... ..A ..A ... ..A ..A ... ..A ... ... .TA C.A G.A ..G ..C .G. ..A ..T ..T ... ... ..T ... ..A ... ..T ..T ..T ... ..C ..C ... GAC .AG .AG ... ... ... ..G ... ... .AG ... CAT .AT ..A ... ..T ... ..T G.. ... ... ... ... ..T G.. ... C.A ..C ..C ... ... ... ... ... ... ... ... ... ..T ... ... ..T A.. ..A ..C ... ..T ... ..T ..A ... ..A ..A ... ... T.. ... T.. ..A ... T.. T.. ..A ... T.G T.G ... ... ... ..G ... ..G ... ..G ... ..A A.. ... ... ..T ..T ... ..T ..T C.A ..A ..A ..A ..A ... ..C ..A ... ..A ..C ..C ... ... ... ... AT. ... ..A ... ..A ... ... ..T ..T ..T .AG ... ... ... ... ..T ..T ..C ..A ..A ..A ... ... ... ... ... ... ... ..T ..T ..T ... ..T ..T ..T .CC ... ... ..A ... ... ... ..A ... ... ..G ... ... ..T ..T ... ... ..T ..T ... ..T ..C ... ..C ... ... ... ... ... ... ..T ..C ... ..C AGT ... ..G ... ... ... ..T ..G ..T A.T ..T ..C ... ... ... ..T ... .C. ... ... ..T ..T ... ..T ..T ..A ... ..A ... C.A ..A ... AAA ..A ..A ... C.. ..A ... ... ..C ... ..C ... 
kudriavzevii          ... ..G ... .G. ... ... ... ..C ... ... ... ... ... ... ... ... ..T ... ... ..C ..C ... ... ... ..T ... ... ... ... G.C ..G ... ..T ... ... ... ... ..G ... ... .G. ..A ... ... ..A ... ... ..A ..A ... ... ... G.A ... ..T .G. ..T ... ..G ... ..T ... ... ..T ... ... ..T ..A ..C ... ... ... GAC .A. ... .A. ... ..G ... ... ..G ..G ..T CAT .A. ..A ... ... ... ..T ... ... ..T ... ..T ..T ..A ... C.. ..C ... ... ..C ... ... ..G ... ..G ... ..T ... A.. ... ..T A.. ..A ..C ... ... ... ... ..A ..A ... ..A ... ... ... ... ... ..A ..A T.. T.. T.G ... T.A T.G ..G ... ..G ..G ... ... ... ... ..T ... A.. ... ..G ... ..T ... ... ..T C.. ..A ... A.A ..A ..A ..C ..A ..A ..A ... ... ... ... ..C ... ... ... ..G ... ..T ... ... ... ..T ..G CAG ... ..T ... ..T ... ..T ..T T.A ..C ... ..A ... ..C ... ... ..T ..T ... ..T ..T ... ..T ... ..T .C. ..C ... ..C ..A ..C ... ..A ... ..T ..G ... ..T ... ..T ... ..T ... ..T ... ..T ... ... ... ... ... ..T ... ... ... ... ..C ... ..T ..T ... ..A ... ... ..T ... ..T ..T ..C ..C ..C ... ..C ... ... ... .C. ... ... ... ... ..T ... ..T ... ... C.. ... ..A ... ... C.. ..A ... ... ... C.. ..A ... ..C ... ... ... 

    1    1    2    1    1    1    2    1    1    1    2    1    1    1    1
    1    1    1    1    1    1    3    1    1    1    1    1    2    1    1
    1    5    2    1    1    1    1    1    2    1    1    1    1    1    2
    1    4    1    1   13    1    1    1    1    1    1    1    1    1    3
    3    1    1    1    2    3    2    1    1    2    1    2    1    1    1
    1    9    1    2    1    1    1    1    1    1    1    3    1    2    1
    1    1    1    1    1    4    1   11    1    1    1    2    1    9    8
    1    1    1    1    1    1    1    1    1    1    1    1   14    1    1
    1    2    1    1    1    2    1    1    1    1    2    1    2    2    1
    1    1    1    1   11    3    1    2    2    2    1    1    1    1    9
    1    2    1    1    2    3    1    1    1    1    1    1    1    1    1
    1    1    1    1    1    1    7    1    1    1    1    1    1    1    1
    1    1    1    1    1    1    1    2    2    1    1    1    1    1    1
    1    1    2    1    1    1    1    1    1    1    1    1    1    1    1
    1    1    2   23    1    4    1    1    1    2    1    1    1    1    1
    1    2    1    1    1    1    3    7    1    1    1    2    2    1    1
    1    1    1    1    1    2    2    1    1    1    1    1    1    1    1
    1    1    4    1    3    6    1    1    1    2    1    1    1    1    3
    1    1    1    1    1    1    2    1    1    3   11    1    1    1    2


CODONML (in paml version 4.4b, July 2010)  torun.nuc
Model: One dN/dS ratio for branches Global clock  (2 genes: diff. rate & k&w)  
Codon frequency model: F3x4
ns =   5  ls = 485

Codon usage in sequences
--------------------------------------------------------------------------------------------------
Phe TTT  5  8  8  8  6 | Ser TCT  5 10  6  8 11 | Tyr TAT  2  6  6  3  2 | Cys TGT  4  3  3  4  3
    TTC 12  9  9  9 11 |     TCC 12  7 10  9  9 |     TAC 14 10 10 13 14 |     TGC  1  1  1  0  1
Leu TTA  1  8 10  9  7 |     TCA  1  2  2  0  2 | *** TAA  0  0  0  0  0 | *** TGA  0  0  0  0  0
    TTG 30 26 29 27 28 |     TCG  2  0  1  2  0 |     TAG  0  0  0  0  0 | Trp TGG  4  4  4  4  4
--------------------------------------------------------------------------------------------------
Leu CTT  5  2  3  2  2 | Pro CCT  1  0  2  2  0 | His CAT  2  5  5  4  4 | Arg CGT  2  2  2  2  2
    CTC  0  0  0  0  0 |     CCC  3  2  2  1  1 |     CAC  6  4  4  5  4 |     CGC  0  0  0  0  0
    CTA  4  6  5  7  7 |     CCA 19 23 21 21 23 | Gln CAA 12 13 13 15 11 |     CGA  0  0  0  0  0
    CTG  7  6  1  2  4 |     CCG  2  0  0  1  1 |     CAG  2  2  2  0  4 |     CGG  0  0  0  0  0
--------------------------------------------------------------------------------------------------
Ile ATT 15 19 24 20 19 | Thr ACT  7 12 12 13 13 | Asn AAT  0  5  5  4  2 | Ser AGT  0  1  1  1  1
    ATC 19 13  9 12 13 |     ACC 20 12 13 13 12 |     AAC 17 11 13 14 14 |     AGC  3  1  4  2  2
    ATA  0  1  0  2  2 |     ACA  2  4  3  2  2 | Lys AAA  6 15  9 10 12 | Arg AGA 18 15 16 14 14
Met ATG 14 13 13 13 13 |     ACG  1  1  1  1  1 |     AAG 31 24 30 28 29 |     AGG  1  2  0  3  4
--------------------------------------------------------------------------------------------------
Val GTT  7 17 11 10 14 | Ala GCT 10 16 18 16 16 | Asp GAT 14 16 22 18 18 | Gly GGT 35 36 36 38 33
    GTC 16  5 12 14  8 |     GCC 19 11  8 10 11 |     GAC 22 19 14 18 19 |     GGC  7  5  4  3  9
    GTA  0  1  1  1  1 |     GCA  1  5  6  6  2 | Glu GAA 24 31 25 28 26 |     GGA  1  0  2  2  1
    GTG  4  5  4  4  4 |     GCG  2  2  0  0  2 |     GAG 10  6 10  7  7 |     GGG  1  2  0  0  0
--------------------------------------------------------------------------------------------------

Codon position x base (3x4) table for each sequence.

#1: bayanus        
position  1:    T:0.19175    C:0.13402    A:0.31753    G:0.35670
position  2:    T:0.28660    C:0.22062    A:0.33402    G:0.15876
position  3:    T:0.23505    C:0.35258    A:0.18351    G:0.22887
Average         T:0.23780    C:0.23574    A:0.27835    G:0.24811

#2: mikatae        
position  1:    T:0.19381    C:0.13402    A:0.30722    G:0.36495
position  2:    T:0.28660    C:0.22062    A:0.34433    G:0.14845
position  3:    T:0.32577    C:0.22680    A:0.25567    G:0.19175
Average         T:0.26873    C:0.19381    A:0.30241    G:0.23505

#3: cerevisiae     
position  1:    T:0.20412    C:0.12371    A:0.31546    G:0.35670
position  2:    T:0.28660    C:0.21649    A:0.34639    G:0.15052
position  3:    T:0.33814    C:0.23299    A:0.23299    G:0.19588
Average         T:0.27629    C:0.19107    A:0.29828    G:0.23436

#4: paradoxus      
position  1:    T:0.19794    C:0.12784    A:0.31340    G:0.36082
position  2:    T:0.28866    C:0.21649    A:0.34433    G:0.15052
position  3:    T:0.31546    C:0.25361    A:0.24124    G:0.18969
Average         T:0.26735    C:0.19931    A:0.29966    G:0.23368

#5: kudriavzevii   
position  1:    T:0.20206    C:0.12990    A:0.31546    G:0.35258
position  2:    T:0.28660    C:0.21856    A:0.34227    G:0.15258
position  3:    T:0.30103    C:0.26392    A:0.22680    G:0.20825
Average         T:0.26323    C:0.20412    A:0.29485    G:0.23780

Codon usage in genes
--------------------------------------------------------------
Phe TTT  0 35 | Ser TCT  6 34 | Tyr TAT  0 19 | Cys TGT  0 17
    TTC  0 50 |     TCC  4 43 |     TAC  0 61 |     TGC  0  4
Leu TTA  5 30 |     TCA  0  7 | *** TAA  0  0 | *** TGA  0  0
    TTG  0 140 |     TCG  0  5 |     TAG  0  0 | Trp TGG  0 20
--------------------------------------------------------------
Leu CTT  5  9 | Pro CCT  0  5 | His CAT  5 15 | Arg CGT  0 10
    CTC  0  0 |     CCC  5  4 |     CAC  0 23 |     CGC  0  0
    CTA  0 29 |     CCA 10 97 | Gln CAA  4 60 |     CGA  0  0
    CTG  0 20 |     CCG  0  4 |     CAG  1  9 |     CGG  0  0
--------------------------------------------------------------
Ile ATT  4 93 | Thr ACT  0 57 | Asn AAT  0 16 | Ser AGT  0  4
    ATC  6 60 |     ACC  0 70 |     AAC  0 69 |     AGC  0 12
    ATA  0  5 |     ACA  0 13 | Lys AAA  6 46 | Arg AGA  5 72
Met ATG 10 56 |     ACG  0  5 |     AAG 17 125 |     AGG  2  8
--------------------------------------------------------------
Val GTT  6 53 | Ala GCT 13 63 | Asp GAT  3 85 | Gly GGT 20 158
    GTC  0 55 |     GCC  7 52 |     GAC  2 90 |     GGC  5 23
    GTA  0  4 |     GCA  0 20 | Glu GAA  5 129 |     GGA  0  6
    GTG  4 17 |     GCG  0  6 |     GAG  0 40 |     GGG  0  3
--------------------------------------------------------------

Codon position x base (3x4) table for each gene.


Gene #1
position  1:    T:0.09375    C:0.18750    A:0.31250    G:0.40625
position  2:    T:0.25000    C:0.28125    A:0.26875    G:0.20000
position  3:    T:0.38750    C:0.18125    A:0.21875    G:0.21250
Average         T:0.24375    C:0.21667    A:0.26667    G:0.27292

Gene #2
position  1:    T:0.20530    C:0.12583    A:0.31391    G:0.35497
position  2:    T:0.28962    C:0.21413    A:0.34746    G:0.14879
position  3:    T:0.29713    C:0.27196    A:0.22870    G:0.20221
Average         T:0.26402    C:0.20397    A:0.29669    G:0.23532

Sums of codon usage counts
------------------------------------------------------------------------------
Phe F TTT      35 | Ser S TCT      40 | Tyr Y TAT      19 | Cys C TGT      17
      TTC      50 |       TCC      47 |       TAC      61 |       TGC       4
Leu L TTA      35 |       TCA       7 | *** * TAA       0 | *** * TGA       0
      TTG     140 |       TCG       5 |       TAG       0 | Trp W TGG      20
------------------------------------------------------------------------------
Leu L CTT      14 | Pro P CCT       5 | His H CAT      20 | Arg R CGT      10
      CTC       0 |       CCC       9 |       CAC      23 |       CGC       0
      CTA      29 |       CCA     107 | Gln Q CAA      64 |       CGA       0
      CTG      20 |       CCG       4 |       CAG      10 |       CGG       0
------------------------------------------------------------------------------
Ile I ATT      97 | Thr T ACT      57 | Asn N AAT      16 | Ser S AGT       4
      ATC      66 |       ACC      70 |       AAC      69 |       AGC      12
      ATA       5 |       ACA      13 | Lys K AAA      52 | Arg R AGA      77
Met M ATG      66 |       ACG       5 |       AAG     142 |       AGG      10
------------------------------------------------------------------------------
Val V GTT      59 | Ala A GCT      76 | Asp D GAT      88 | Gly G GGT     178
      GTC      55 |       GCC      59 |       GAC      92 |       GGC      28
      GTA       4 |       GCA      20 | Glu E GAA     134 |       GGA       6
      GTG      21 |       GCG       6 |       GAG      40 |       GGG       3
------------------------------------------------------------------------------


Codon position x base (3x4) table, overall

position  1:    T:0.19794    C:0.12990    A:0.31381    G:0.35835
position  2:    T:0.28701    C:0.21856    A:0.34227    G:0.15216
position  3:    T:0.30309    C:0.26598    A:0.22804    G:0.20289
Average         T:0.26268    C:0.20481    A:0.29471    G:0.23780


Nei & Gojobori 1986. dN/dS (dN, dS)
(Note: This matrix is not used in later ML. analysis.
Use runmode = -2 for ML pairwise comparison.)

bayanus             
mikatae              0.0338 (0.0295 0.8746)
cerevisiae           0.0494 (0.0376 0.7626) 0.0291 (0.0201 0.6903)
paradoxus            0.0509 (0.0363 0.7129) 0.0352 (0.0188 0.5327) 0.0388 (0.0121 0.3110)
kudriavzevii         0.0494 (0.0295 0.5976) 0.0332 (0.0234 0.7025) 0.0376 (0.0282 0.7500) 0.0332 (0.0213 0.6418)


TREE #  1:  ((((3, 4), 2), 5), 1);   MP score: 424
check convergence..
lnL(ntime:  4  np:  9):  -3621.790391      +0.000000
   6..7     7..8     8..9     9..3     9..4     8..2     7..5     6..1  
 0.140439 0.133264 0.098560 0.051771 2.340488 16.062138 0.059351 3.796298 0.050300
SEs for parameters:
 0.043756 0.041542 0.031008 0.016576 0.730045 17.570553 0.033274 0.534269 0.006290
Note: Branch length is defined for the first gene (site partition).
For other genes, look at "rates for genes".

tree length =   0.56447 (1st gene)

((((3: 0.051771, 4: 0.051771): 0.046789, 2: 0.098560): 0.034704, 5: 0.133264): 0.007175, 1: 0.140439);

((((cerevisiae: 0.051771, paradoxus: 0.051771): 0.046789, mikatae: 0.098560): 0.034704, kudriavzevii: 0.133264): 0.007175, bayanus: 0.140439);

Detailed output identifying parameters

rates for 2 genes:     1  2.34049

gene # 1: kappa =  16.06214 omega =   0.05935
gene # 2: kappa =   3.79630 omega =   0.05030

Time used:  0:15
