
seed used = 1418762861
      6   1668

castellii                                  ATG CCA AAA AGT TTG TAC TTG GAT AAT ACA ATA GAA TTT CTA AAC GGA AGA GTA TAT CTC GGA GCA TAC GAT TAT ACG CCC GAG GAC AAT GAC GAA GTG ATA TTC TTT ACC GTT GAA GAC ACA TTA TTT TAT AAC AGC TTC CAT TTG GAT TTT GGT CCT TTG AAC ATT GGT CAT CTT TAC AGG TTT GCA GTA ATA TTC CAC GAG ATC TTG AAT GAT CCT AAT AAT TCC GAT AAA GCT GTG GTC TTT TAT TCA TCG GCT TCC ACT AGG CAG AGA GCT AAT ACG GCT TGT CTG TTG TGT TGC TAC ATG ATA TTA GTT CAA GGC TGG ACT CCT CAC CAA GTG TTA CAA CCA TTA GCA CAA GTT GAT CCG CCA TTT ATG CCA TTC AGA GAT GCA GGT TAT TCC AAT GCA GAT TTT GAG ATT ACA ATC CAA GAT GTC GTC TAT GGT GTA TGG CGA GCA AAA GAG AAA AAG CTA ATT GAT CTT CAT ACT TTC AAT TTA GAA AGT TAT GAA AAG TAT GAA CAT GTG GAA AAT GGG GAT TTG AAT ATT CTT ACA CCC GAT ATT GTT GCA TTT GCA TCA CCT CAA GAA GAT ATA AGG TCG CAT TCC TCT ACA TCC AGA TCA AAA TCT CAC TTA AAT CAA CCA TTT AGA AGC GTT TTA AAA TAT TTT ACT AGC CAC GAC GTT GGA CTG GTG GTT AGA TTG AAC TCG CAT TTA TAT AAT AAG AAA CAC TTC GAA GAC GTT GGC ATC AAA CAT CAA GAC TTG ATC TTT GAA GAC GGT ACG TGT CCA GAC ATG TCT ATT GTT CAC GAC TTT ATT GGT ATG ACG GAG ACT ACT ATT AAA AAG GGA GGG AAA ATA GCC GTG CAT TGT AAA GCT GGC CTG GGA AGA ACT GGA TGT TTA ATT GGT GCC TGG TTA ATT TAC ACT TAT GGT TTT ACT GCA AAT GAG TGT ATT GGG TTT CTA AGA TTT GTC AGA CCG GGA ATG GTT GTT GGT CCA CAA CAA CAC TGG CTT TAT TTA CAC CAG AAT GAT TTT AGG GAG TGG AAA TAT ACT ATG AGA GTG GCT CTG AAA GCA AGC GAT AGC TTG GGT GGG ATG TTC CCA TTG GTA CCT TTA GAA GAA TAC AGG ATC CAA AAG AGG AAT TTA AGA --- GAG GTC AAA ATC GAT AAC GCA GAT ATG AAT GAT AAT CTT CGA GAT TTG GTT ATA ACT CCA AGG AAA --- --- --- --- --- --- --- --- CAA CAG TCG CCT AAA AAA ATG GTA AAA TCT TAC TCA --- --- --- --- --- --- GCT GCA GTA CCG CAA AAC TCT CCA GGC CAA CCA AGA AAG GGA CAA AAC GGA GAA AAT ATG ATA GAA GAT ATA GAC TCC ACA AAT CCC AAA TCT TAC CAG GCT AGA --- --- AAG GTC ACA TTT GAT AAT AAT TCA GAT GAT GAA AAC AAT --- --- --- --- --- --- --- --- --- --- --- --- --- --- --- --- --- GTT TCA AGG TCA TGG GAG AGA TCA GAT AGA --- --- --- --- --- --- --- --- --- --- ACG ATC CAA AAT GAT GAA GAT GAC AAT ATC TTA AGA CAA TTA GTG CCG AAA GGC AAG CGT TCC ATT TCT --- --- --- GGA AGA AGA GCA GCT AGC AAT AGT GCA GGT GTA AGA AAG ATG AGT GGC ACC ACG AAA AGA 
bayanus                                    ATG CGC AAG AGT GTA TAT CTC GAC AAC ACG ATC GAG TTT CTA CGA GGT AGA GTG TAC CTT GGT GCC TAC GAC TAT ACG CCA GAG GAT ACT GAT GAG TTG GTG TTC TTT ACC GTA GAG GAC GCA ATT TTT TAT AAT AGC TTC CAC TTG GAT TTC GGG CCC ATG AAC ATT GGC CAT CTG TAT CGT TTT GCC GTT ATT TTC CAC GAG ATC TTA AAC GAT CCT GAA AAC GCT AAT AAA GCC GTG GTT TTC TAC TCT TCT GCA TCC ACC AGG CAG CGT GCT AAC GCC GCA TGC CTG CTT TGC TGC TAC ATG ATC CTT GTG CAG GCT TGG ACT CCG CAC CAA GTG CTT CAG CCC TTG GCG CAG GTG GAC CCT CCC TTC ATG CCA TTT AGA GAT GCC GGC TAT TCC AAT GCG GAT TTC GAA ATC ACC ATC CAG GAT GTG GTT TAC GGT GTT TGG AGG GCC AAG GAG AAA AGC TTG ATT GAT TTG CAT TCG TTT AAT CTG GAA AGC TAT GAG AAA TAC GAA CAC GTG GAG TTT GGC GAC TTC AAC GTC CTA ACT CCG GAT TTC ATT GCA TTT GCG TCT CCA CAA GAG GAC CAC ACA AAA GGC CAT GTG GCC ACC AAG TCG TCC --- CAT TTG AAT CAG CCA TTT AGA TCC GTC TTG AAT TTT TTC GCT AAT AAT GAC GTC CAA TTG GTG GTA AGG TTG AAC TCG CAT CTA TAC AAT AAA AAG CAT TTT GAA GAC ATC GGC ATT CAG CAT TTG GAC TTG ATC TTT GAA GAC GGT ACT TGC CCA GAC CTG TCC ATC GTC AAA AAC TTT GTT GGT GCT GCT GAG ACG ATA ATC AAA AGA GGC GGG AAA ATC GCC GTA CAT TGT AAA GCT GGG CTA GGT AGA ACC GGT TGT TTG ATC GGT GCT CAC TTA ATA TAC ACC TAC GGA TTC ACC GCC AAT GAG TGT ATT GGA TTT TTA AGG TTC GTA AGA CCG GGC ATG GTA GTC GGA CCT CAG CAG CAT TGG TTA TAC TTA CAC CAG AAC GAT TTC AGA GAA TGG AAG TAT ACG ACT AGA ATT TCT TTG AAA CCT AGT GAG GCT ATT GGT GGA CTT TAT CCC TTG ATA AAT CTA GAA GAA TAT CGT TTA CAA AAA AAG AAA CTC AAG GAT GAC AAA AAA GTT GCT CAA AAT AAT ATC GAA GGC GAT TTA AGA GAT TTA ACA ATG ACG CCG CCA CCT AAC AGT CAT GGA GCG CTT AGT ACC AGA AAT TCC AGC CAA CCT TCG ACA GTG AAT AGC GGC AGT AAT GCA TTT AAA AGT TTG GGT GTA CCG CAG ACT TCA CCT GGT CAG CCG AGA AAG GGC CAA AAC GGC TCT AAT ACT ATA GAG GAT ATT AAC AAT AAC AAC AAT CTG ATT TCT CAT GCC AGC AGG AAA GCA ATA ATA GAA AGC AAT AAC TCG GAC GAT GAA TCC ATG CAG GAT ACC AAT AGC ATA AGC AAT AAC TAC TCT AGG AGT CCA CGC AGA AGA AAC GAC ATT TTG TCT GCT TCG TCG TCC CGA ATG GAA GAT AAT GAA AAC AAC GCA ACA AAT AGC ATC AAC AAT GCG GCA GAT GAT ACC ATA CTA AGA CAG CTA TTG CCC AAG AAT AGA AGA GTA ACG TCA --- --- --- GGA AAA AGG ACA ACG AGC GCC GCA GGT GGT ATA AGA AAA ATA AGT GCT TCC ACC AAG AAA 
mikatae                                    ATG CGC AGG AGT GTA TAC CTC GAC AAC ACG ATC GAG TTC CTG CGA GGC AGA GTA TAT CTC GGT GCG TAT GAT TAT ACG CCA GAA GAT ACT GAT GAG CTG GTG TTT TTT ACC GTG GAG GAC GCA ATA TTT TAC AAT AGT TTC CAT TTA GAC TTT GGT CCC ATG AAC ATT GGT CAT CTA TAC CGA TTT GCG GTT ATT TTC CAT GAA ATC TTG AAT GAC CCT GAA AAT GCC AAT AAA GCG GTT GTG TTC TAT TCA TCT GCA TCC ACG AGA CAG CGG GCT AAC GCC GCA TGT ATG CTT TGC TGC TAC ATG ATT CTT GTC CAG GCA TGG ACT CCT CAT CAA GTG CTT CAG CCG TTG GCG CAA GTA GAC CCT CCC TTC ATG CCA TTT AGA GAT GCT GGT TAT TCC AAC GCG GAT TTC GAA ATT ACT ATT CAA GAC GTG GTT TAC GGT GTT TGG AGG GCC AAG GAG AAA GGG CTT ATT GAT TTG CAT TCC TTC AAT TTG GAG AGT TAT GAG AAA TAT GAA CAC GTA GAG TTT GGT GAC TTC AAT GTA CTC ACC CCG GAT TTC ATT GCA TTT GCG TCT CCC CAA GAG GAC CAC CCA AAA GGC CAT CTA GCT ACC AAA TCT TCA --- CAT TTG AAT CAG CCA TTC AGA TCT GTT TTG AAT TTT TTC GCT AAT AAT AAG GTT CAA TTA GTG GTA AGA TTG AAT TCT CAC TTA TAC AAT AAA AAG CAC TTT GAG GAC ATT GGC ATT CAA CAT TTG GAT TTG ATC TTT GAA GAT GGT ACA TGT CCA GAT CTT TCC ATT GTT AAG AAC TTT GTT GGA GCT GCA GAA ACA ATA ATC AAA AGA GGC GGC AAA ATT GCT GTT CAC TGT AAA GCT GGG TTA GGG AGA ACC GGT TGT CTA ATT GGT GCA CAC TTG ATA TAC ACG TAT GGA TTT ACC GCC AAT GAA TGT ATT GGG TTC TTA AGG TTC ATA AGG CCC GGA ATG GTG GTT GGT CCT CAA CAA CAT TGG TTA TAT TTA CAC CAG AAC GAT TTT AGA GAA TGG AAG TAC ACA ACC AGG ATT TCT TTA AAG CCT AGC GAG GTC ATT GGT GGA TTA TAT CCC TTG ATA GGC CTA GAA GAA TAC CGT CTA CAG AAG AAG AAG CTT AAA GAT GAC AAA AGA GTC TCC CAT AAT AAT ATC GAA GGA GAT ATG AGA GAT TTA ACA ATG ACG CCA CCA TCT AAC AGT CAT GGA GCT GTC AGT GCC AGA AAT TCT AGT CAA CCT TCT ACA ACT AAT AAT GGA GGT GGT TCA TTC AAA AGT TCG GCA GTG CCA CAG ACT TCG CCT GGC CAG CCG AGA AAG GGC CAA AAC GGC TCC AAT ACT ATA GAA GAC ATC AAC AAT AAT AAT AAT CCA CCT TCC TAT GTG AAA GAG AAG GGA GTG ATA GAA AGC AAT AAC TCA GAT GAT GAA TCC ATG CAG GAC AGC AAT AGT ATA AGT AAC CGT TAT TCC AAA ACT TCG CGC AAG AAA AGT GAT ATT TCG TCT GTT TCA TCG TCA CGA ATG GAA GAT AAC GAA ACC AGT GCA ACG AAC AAT ATC AAC AGT GCC GCG GAT GAT ACC ATA CTA AGA CAA CTT TTG CCC AAA AAT AGG AGA GTA ACG TCG --- --- --- GGA AGA AGG ACT ACA AGC GCC GCA GGT GGT ATA AGA AAG ATA AGT GGC TCC ATC AAA AAA 
kluyveri                                   ATG GGC AAG AGA GTG TAC CTC GAT AAT ACA ATT GAA TTC TTA CGT GGG AGG GTG TAT TTG GGT GCA TAT GAT CAC ACT CCT CAC GAT ACA GAT GAA GTG GTG TTT TTC ACC GTC GAA GAT ACC TTG TTT TAC AAC AGA TTT CAT CTG GAT TTT GGA CCA ATG CAT ATT GGT CAT TTG TAC CGT TTT GCA GTG ATA TTT CAC GAG ATT TTG AAT GAA CCA GAG AAT GCT GGC AAG GCA GTC ATA TTT TAT TCT TCT ACA TCC ACG AGG CAA AGA GCC AAT GCA GCA TGC TTG TTG TGC TGC TAT ATG ATT CTT GTC CAA GCT TGG ACT CCT CAT CAA GTC TTG CAA CCG CTG GCT CAG GTA GAC CCA CCA TTT ATG CCC TTT AGG GAT GCA GGC TAT TCT AAT GCT GAT TTT GAG ATT ACC ATC CAG GAT GTT ATT TAC GGT GTT TGG CGA GCT AAG GAG CGT GGC CTG GTA GAC TTG CAC TCT TTT CAA TTG GAA ATT TAT GAA AAG TAT GAA CGC GTT GAA AAC GGT GAT TTC AAT GTT TTA ACA CCA GAT TTT ATT GCC TTT GCG TCA CCT GAA GAA GAT TTG CGC CAT AGG GCC ACC ACT TCG AAA AAC --- --- CAT TTG AAT TCT CCT TTT CGA AAG GTC CTG GAA TTT TTT TCG AGC AAC AGC GTT CAA TTG GTG GTC AGA TTG AAT TCA CAT CTA TAC AAC AAA AAG CAT TTC GAA GAT TTG GGC ATC AAA CAC ATA GAT ATG ATT TTT GAA GAT GGC ACA TGT CCT GAT TTA TCC ATA GTA CAA AAC TTT GTC GGT GCA GCA GAG ACG ATC ATT GGC CAA GGC GGC AAA ATT GCA GTT CAT TGT AAA GCT GGC TTA GGA AGA ACT GGG TGT TTG ATT GGC GCA CAT TTA ATT TAC ACG TAT GGC TTC ACC GCA AAT GAA TGC ATT GGA TTC CTG AGA TTC ATG AGA CCC GGG ATG GTT GTT GGT CCA CAA CAG CAT TGG TTG TAT CTA AAC CAA AAT ACC TTT AGA GAA TGG AAA TAT ACA ATG AGA TTA AGT AAC GCG CCC AGC GAT GTT ATT GGT GGC CTG TAT CCT ATG GTC ACC GTG GAG GAG TAC AAG TTA CAA AGG AAA CAA AAG AAA AAA GTT AGC AAA AGG CTT GAC CAT GAC GGA GAC TAC ACA ATA GAA GAC CAC ACT ATG ACT CCT CCT AGT --- --- --- --- --- --- --- --- --- --- GTT AAA AAG CCC ATC GTT TTC ACT TCG --- --- --- --- --- --- --- --- GCA GTT CCA CAA GAG TCT CCA GGA CAG CCA AGA AAG GGG CAA GAT GGA ACA AAT ACC ATT GAA GAT ATC AAC AGT CGT AAG CAG AAA AAC AAG AGT GCA ACT --- --- --- GTT GCA TGT AAC AAC AGT AGT GAC GAC GAA TCT ATG CAA ACA GAC ACT AGT --- --- --- --- --- --- --- --- --- --- --- CGT AAC AGT GCA AAA GGA AAC TTA TCC TCA AGA AAA AGT CAT AAT --- --- --- --- --- --- GGA AAC AAC TCA GTT GAT GAT GAA GTT GTG CTG AAA CAG CTG CTA CCC AAA AAT AGA CGT GTT ACC TCT AGT GGT AAT GGG AGA AGG TCG GCT AGT GGT GCT GGT --- ATT AGG AAA ATA TCG GGC ACT GCA AAG AGG 
cerevisiae                                 ATG CGT AGG AGT GTA TAC CTC GAC AAC ACG ATC GAG TTC CTG CGA GGC AGA GTA TAT CTC GGT GCA TAT GAT TAC ACG CCG GAA GAT ACT GAT GAG CTG GTG TTT TTT ACC GTG GAG GAC GCA ATC TTT TAC AAC AGT TTC CAT TTG GAT TTC GGT CCC ATG AAC ATT GGA CAT CTA TAT CGT TTT GCC GTT ATT TTC CAT GAA ATC TTG AAT GAC CCA GAA AAT GCC AAT AAA GCC GTT GTT TTC TAT TCA TCT GCA TCG ACC AGA CAA CGT GCT AAC GCC GCA TGT ATG CTT TGC TGT TAT ATG ATC CTC GTT CAG GCA TGG ACT CCG CAT CAA GTG CTT CAG CCG TTG GCG CAA GTA GAC CCT CCC TTC ATG CCA TTT AGA GAT GCC GGT TAT TCT AAT GCG GAT TTC GAA ATC ACA ATT CAA GAT GTG GTT TAT GGC GTT TGG AGG GCT AAG GAA AAA GGC CTT ATT GAT TTG CAT TCC TTC AAT TTG GAG AGT TAC GAG AAA TAC GAA CAC GTG GAG TTT GGA GAC TTC AAT GTA CTC ACC CCA GAT TTT ATT GCA TTT GCG TCA CCA CAA GAG GAC CAT CCA AAG GGC TAT CTC GCT ACC AAA TCT TCA --- CAT TTG AAC CAG CCG TTT AAG TCA GTT CTG AAT TTT TTC GCC AAC AAT AAC GTC CAA TTA GTG GTA AGG TTG AAT TCT CAT TTA TAT AAT AAA AAG CAT TTT GAA GAC ATT GGC ATT CAA CAT TTG GAT CTA ATT TTC GAA GAT GGT ACA TGT CCT GAT CTT TCC ATT GTA AAA AAC TTT GTT GGT GCT GCT GAA ACG ATA ATT AAA AGG GGA GGT AAA ATT GCT GTG CAC TGT AAG GCT GGG CTA GGT AGA ACT GGT TGT TTA ATT GGT GCT CAC TTA ATA TAC ACG TAT GGA TTT ACC GCT AAC GAG TGT ATT GGC TTC TTA AGG TTT ATA AGG CCG GGA ATG GTC GTT GGC CCT CAA CAG CAT TGG TTA TAT TTA CAC CAG AAT GAT TTT AGA GAA TGG AAG TAC ACA ACC AGA ATT TCT TTG AAG CCT AGT GAG GCC ATT GGC GGC TTA TAT CCC TTA ATA AGT TTA GAA GAA TAC CGC TTA CAA AAA AAG AAA CTT AAA GAC GAC AAG AGG GTT GCG CAA AAT AAC ATT GAA GGT GAA TTA AGA GAT TTA ACC ATG ACG CCG CCA TCC AAC GGT CAT GGG GCG CTT AGT GCC AGA AAT TCG AGC CAA CCT TCT ACG GCG AAT AAT GGA AGT AAT TCA TTC AAG AGC TCA GCC GTC CCA CAG ACT TCG CCT GGT CAG CCG AGA AAG GGC CAA AAC GGT TCT AAT ACT ATA GAA GAT ATC AAC AAT AAT CGT AAT CCA ACT TCC CAT GCG AAT AGG AAG GTA GTA ATA GAA AGC AAC AAC TCA GAT GAC GAA TCC ATG CAG GAT ACC AAC GGC ACA AGT AAT CAT TAT CCC AAA GTT TCG CGC AAG AAA AAT GAT ATC TCC TCT GCT TCA TCG TCC CGA ATG GAA GAT AAC GAA CCC AGC GCA ACG --- AAC ATC AAT AAT GCC GCA GAT GAT ACC ATA CTA AGA CAA CTA TTG CCC AAG AAT AGG AGA GTA ACG TCA --- --- --- GGG AGA AGG ACT ACA AGC GCC GCC GGT GGT ATA AGA AAA ATA AGT GGC TCC ATC AAG AAA 
paradoxus                                  ATG CGC AGG AGT GTG TAC CTC GAC AAC ACG ATC GAG TTT CTG CGA GGC AGA GTA TAT CTC GGT GCG TAT GAT TAC ACG CCA GAA GAT ACT GAT GAG CTG GTG TTC TTT ACT GTG GAG GAC GCG ATT TTT TAC AAC AGT TTC CAC TTG GAT TTC GGT CCC ATG AAC ATT GGA CAT CTA TAT CGT TTT GCC GTT ATT TTC CAC GAA ATC TTG AAT GAC CCA GAA AAC GCC AAT AAA GCG GTT GTA TTC TAT TCA TCT GCA TCG ACA AGA CAG CGT GCT AAC GCC GCA TGT ATG CTT TGC TGC TAT ATG ATA CTT GTC CAG GCA TGG ACT CCG CAT CAA GTG CTT CAG CCG TTG GCT CAA GTA GAT CCG CCC TTC ATG CCA TTT AGA GAT GCC GGC TAT TCT AAT GCA GAT TTC GAA ATT ACT ATT CAA GAC GTG GTT TAC GGT GTT TGG AGG GCC AAG GAA AAA GGC CTT ATT GAT TTG CAT TCC TTC AAT TTG GAG AGT TAC GAG AAA TAT GAA CAC GTC GAG TTT GGA GAC TTT AAT GTG CTC ACG CCG GAT TTT ATT GCA TTT GCG TCA CCA CAA GAG GAC CAC CCA AAG GGC CAT CTT GCA ACC AAG TCT TCA --- CAT TTG AAC CAA CCG TTT AGA TCT GTT CTT AAT TTT TTC GCT AAT AAC AAC GTT CAA TTA GTG GTA AGA TTG AAT TCT CAT TTA TAC AAT AAA AAG CAT TTT GAA GAC ATT GGC ATT CAA CAT TTG GAT TTG ATC TTC GAA GAT GGT ACA TGT CCA GAT CTC TCC ATT GTT AAA AAC TTT GTT GGT GCC GCT GAA ACG ATA ATC AAA AGG GGG GGA AAG ATT GCT GTG CAC TGT AAG GCT GGG TTA GGT AGA ACC GGT TGT TTA ATT GGT GCT CAC TTA ATA TAC ACG TAT GGA TTT ACC GCC AAT GAG TGT ATT GGC TTT TTA AGG TTT ATA AGG CCG GGA ATG GTA GTT GGT CCT CAA CAG CAT TGG TTA TAT TTA CAC CAG AAC GAT TTT AGA GAA TGG AAG TAC ACA ACC AGA ATT TCT TTG AAG CCT AGT GAG GCC ATT GGC GGA TTA TAT CCC TTG ATC AGT CTA GAA GAA TAT CGC TTA CAA AAA AAG AAA CTT AAA GAT GAC AAA AGG GTC ACG CAA AAT AAC ATC GAA GGT GAC TTG AGA GAT TTA ACA ATG ACG CCG CCA TCT AAC GGT CGT GGA GCT CCT AGT GTT AGG AAT TCC AGC CAA CCT TCT ACG GCA AAT AAT GGA AGT AAT TCA TTC AAA AGC TCA GCC GTT CCA CAG ACT TCG CCT GGT CAG CCG AGA AAG GGC CAA AAT GGT TCT AAT ACC ATA GAA GAT ATC AAC AAT AAT CAT AAT CCA ACT TCT CAT GCA AAC AGG AAA GTA GTA ATA GAA AGC AAC AAC TCG GAT GAC GAA TCC ATG CAG GAT ACC AAT AGC ATA AGT AAC CAT TAT CCC AAA GCC TTG CGC AAG AGA AAT GAT ATT TCG TCT GCC TCA TCG TCC CGA ATG GAA GAC AAC GAA ACC AGT GCA ATG AGC AAC ATC AAC AAT GCC GCG GAT GAT ACC ATA CTA AGA CAA CTA TTG CCC AAG AAT AGG AGA GTA ACG TCA --- --- --- GGG AGA AGG ACT ACG AGC GCC GCG GGT GGT ATA AGA AAA ATA AGT GGC TCC ATT AAG AAG 



Printing out site pattern counts


         6       1539  P G
G 2      225    288

castellii                                   --- --- --- --- --- --- --- --- --- --- --- --- --- --- --- --- --- --- --- --- --- --- --- --- --- --- --- --- --- --- --- --- --- --- --- --- --- --- --- --- --- --- --- --- --- --- --- AAA AAA AAA AAA AAA AAA AAA AAA AAA AAA AAC AAC AAC AAC AAG AAG AAG AAG AAG AAT AAT AAT AAT AAT AAT AAT AAT AAT AAT AAT AAT ACA ACA ACC ACG ACG ACT ACT AGA AGA AGA AGA AGA AGA AGA AGA AGA AGA AGA AGC AGC AGC AGG AGG AGG AGG AGG AGT AGT ATA ATA ATA ATC ATC ATC ATC ATG ATG ATG ATG ATG ATG ATG ATT CAA CAA CAA CAA CAA CAA CAA CAC CAG CAG CAG CCA CCA CCA CCA CCC CCG CCG CCT CCT CGA CGT CTG CTT GAA GAA GAA GAA GAA GAC GAC GAG GAG GAG GAT GAT GAT GAT GAT GAT GAT GAT GAT GAT GAT GAT GAT GCA GCA GCA GCA GCA GCT GCT GCT GCT GGA GGA GGA GGC GGC GGC GGG GGT GGT GTA GTA GTA GTA GTC GTC GTG GTG GTT GTT TAC TAC TAC TAT TCA TCA TCA TCA TCA TCC TCC TCG TCT TCT TCT TCT TGG TGG TTA TTA TTA TTA TTA TTC TTG TTG TTG TTT TTT AAA AAA AAA AAA AAA AAA AAA AAA AAA AAA AAC AAC AAC AAC AAG AAG AAG AAG AAT AAT AAT AAT AAT AAT AAT AAT AAT AAT AAT ACA ACA ACA ACA ACA ACC ACG ACG ACG ACG ACT ACT ACT ACT ACT ACT ACT ACT ACT AGA AGA AGA AGA AGA AGA AGA AGA AGC AGC AGC AGG AGG AGG AGT AGT ATA ATA ATA ATA ATA ATA ATC ATC ATC ATC ATG ATG ATG ATT ATT ATT ATT ATT ATT ATT ATT ATT ATT CAA CAA CAA CAA CAA CAA CAA CAA CAC CAC CAC CAC CAC CAC CAG CAT CAT CAT CAT CAT CAT CAT CCA CCA CCA CCA CCA CCA CCA CCC CCC CCG CCG CCT CCT CCT CCT CGA CTA CTA CTA CTC CTG CTG CTG CTT CTT CTT CTT GAA GAA GAA GAA GAC GAC GAC GAC GAC GAG GAG GAG GAG GAG GAT GAT GAT GAT GAT GAT GAT GAT GAT GCA GCA GCA GCA GCA GCA GCA GCA GCA GCC GCC GCT GCT GCT GCT GCT GGA GGA GGA GGA GGA GGA GGA GGC GGC GGC GGG GGG GGG GGT GGT GGT GGT GGT GGT GGT GGT GTA GTA GTA GTC GTC GTC GTC GTG GTG GTG GTG GTG GTG GTT GTT GTT GTT GTT GTT GTT GTT GTT GTT GTT TAC TAC TAC TAC TAC TAT TAT TAT TAT TAT TAT TAT TAT TCA TCA TCA TCC TCC TCC TCC TCC TCG TCG TCG TCT TCT TCT TGC TGG TGG TGT TGT TGT TGT TGT TTA TTA TTA TTA TTA TTA TTA TTA TTA TTA TTC TTC TTC TTC TTC TTG TTG TTG TTG TTG TTG TTG TTG TTG TTT TTT TTT TTT TTT TTT TTT TTT TTT
bayanus                                     --- --- --- AAA AAA AAC AAC AAC AAC AAT AAT AAT AAT AAT ACA ACC ACC AGA AGA AGC AGC AGG AGG AGT AGT AGT AGT AGT ATA ATG CAG CAT CCA CGC CTT GAA GAA GAT GAT GAT GCA GCA GCG GGA TAC TCT TTT AAA AAA AAG AAG AAG CAA CCT CCT CTG GTG AAC ACT CAA TCC AAA AAA AAG AGA GCA AAA AAC AAC AAC AAT AAT AAT ACC ATG GAA GAT GCC AAC ATA TCC ACC AGC ACG ACG AAA AAA AAG AGA AGA AGA AGA AGC AGG CGA TCG AGC AGT GCT AAG AGA ATT CCA CGT AGT GCA ATA ATG ATT ATA ATC GTT TTA ACT ACT ATA ATC ATG CTT TCG ACG AAC AGA CAA CAA CAG CAG CAG CAC AAT CAG CAT CCC CCG CCG CCT AAT CCC CCG AAT AGC AGA AGA TTG TTA GAA GAA GAG GCA TCT AAC GAT GAA GAC GCT AAT AGC GAC GAG GAT GAT GAT GAT GAT GCG GCT GGC TCC AAT ACA CCT GGT GGT ACG GCC TCT TTG GGA GGC GGC AAT GCT GGT GGA GGT GGT ACA ATA ATA GTA AAA ATA ATT TTG AAC ACA AGC TAT TCT TAT GAC GGC TCG TCG TTG AAT GTA TCC AAT ATT TCA TCA TCT TGG CTA CTA CTA CTC TTA TAT ATT TTA TTG GAA TTC AAA AAA AAA AAA AAA AAG AAG AAT CAG TCC AAC AAC AAT CGA AAA AAA AGA AGC AAC AAC AAC AAT AAT AAT AAT AAT ACT GAA TTT ACC ACG ACT GCA GCC ACC ACG ACT GCC GCT ACC ACC ACC ACC ACG ACT ATA GCT TCG AAG AGA AGA AGA AGA AGG AGG CGT AAT AGC TCC ACA AGG CGT AGC AGT ATC ATC ATC ATT CAC GTG ATC ATC ATC ATT ATG CTG GCT ATA ATC ATC ATC ATC ATT ATT GTC GTT TTC CAA CAA CAG CAG CAG CAG CAG TTG AAA AAT CAC CAC CAT CAT CAG CAC CAC CAT CAT CAT CAT GGC CCA CCA CCA CCC CCC CCT CGC CCA CCG CCG CCT CCA CCC CCG CCT AGG CTA TTA TTG CTT CTA CTG TTG CTA CTG TTA TTG GAA GAA GAA GAG AAC GAC GAC GAC GAT GAA GAG GAG GAG GAG AAT GAC GAC GAC GAT GAT GAT GAT GAT GCA GCC GCC GCC GCC GCC GCG GCG GCG GCC GCT GCA GCA GCC GCT GCT CAA GGC GGC GGT GGT GGT GGT GCT GGC GGG GGA GGC GGG GGA GGA GGC GGC GGG GGT GGT GGT GTG GTT GTT GTA GTG GTT GTT GTA GTG GTG GTG GTG TTG ATC ATT GTA GTA GTA GTC GTC GTC GTC GTG GTG TAC TAC TAC TAT TAT TAC TAC TAC TAT TAT TAT TAT TTT TCG TCT TCT ACC CAT GCT TCC TCC AAA TCG TCT --- GTG TCC TGC CAC TGG TGC TGC TGC TGT TGT ATT CTA CTG CTT CTT TTA TTG TTG TTG TTG TTC TTC TTT TTT TTT ATG CTC CTT GTA TTA TTC TTG TTG TTG TTC TTC TTC TTC TTT TTT TTT TTT TTT
mikatae                                     --- --- --- AAA AAG AAC ACC AGT CGT AAC AAC AAC AAT GGT ACG AGC GCC AAA AAG AGT AGT AAA GAG ACT AGT AGT AGT GGT ATA ATG CAG CAT TCG CGC GTC GAA GAA GAC GAT GAT GCA TCA GCT GGA TAT TCC TTC AAG AGA AAA AAA AAG CAA CCT TCT CCA ACT AAC ACT CAT TCC AAG AAG AAG AGG GGA AAG AAC AAC AAT AAT AAT AGT ACC ATG GAA GAT GCC AAT ATA TCC ATC AAT ACA ACG AAA AGA AAA AGA AGA AGA AGG AAA AGG CGA TCA AGC AGC GTC AAG AGA ATT CCA CGT AGT GCA ATA ATG ATC ATA ATC GTC CTA ACC ACT ATA ATC ATG TTA TCT ACG AAC AGA CAA CAG CAA CAG CAG CAC AAT CAG TAT CCC CCA CCG CCT AAT CCC CCA GGC AGT AGA AGA TTA ATG GAA GAA GAA GCG TCC AAC GAT GAA GAC GTT AAT AGC GAT GAG GAC GAT GAT GAT GAT GCC TCC GGA TCA AAT ACT CCT GCA GGT ACA GTG TCT TCG GGA GGC GGC AAT GGC GGC GGA GGT GGT ACA ATA ATA GTG AAA GTG ATT TTG AGT ACA AAT TAC TCC TAC GAT GGA TCA TCG TCG AAT GTA TCT AAT CCT TCG TCG TCT TGG CTA CTA CTT CTT TTA TAT ATT TTA TTG GAA TTT AAA AAA AAA AAA AAA AAG AGG AAT CAA TCA AAC AAT AAT CGA AAA AAA AGA GGG AAC AAT AAT AAC AAT AAT AAT AAT ACT GAA TTT ACT ACG ACC GCA GCT ACC ACG ACA GCC GCA ACC ACC ACG ACG ACA ACT ATA GCT TCC AAA AGA AGA AGA AGG AGA AGG CGG AAT AGT TCT CCA AGA CGA AGT AGT ATC ATT ATT ATT CAC GTG ATC ATC ATT ATT ATG CTT GCT ATA ATC ATT ATT ATT ATT ATT GTA GTT TTC CAA CAA CAA CAA CAA CAG CAG TTG AAG AAT CAT CAT CAC CAT CAG CAC CAT CAC CAC CAT CAT GGC CCA CCA CCA CCC CCG CCT CGC CCA CCG CCC CCT CCC CCC CCT CCT AGG CTG TTA CTT CTC TTA ATG TTA CTC CTA TTA TTG GAA GAG GAG GAG AAC AAG GAC GAT GAT GAA GAA GAA GAA GAG AAT GAC GAC GAT GAC GAC GAC GAT GAT GCA GCC GCC GCG GCG GCT GCG GCG GCG GCT GCA GCA GCA GCG GCT GCT CAA GGA GGC GGC GGG GGT GGT GCA GGC GGG GGG GGT GGC GGA GGT GGT GGT GGT GGA GGT GGT GTA GTT GTT ATA GTG GTG GTT GTT GTA GTG GTG GTT CTG ATT ATT GTA GTG GTG GTT GTT GTT GTT GTA GTC TAC TAC TAT TAC TAC TAC TAT TAT TAC TAT TAT TAT TTT TCT TCA TCT ACC CAT GCC TCC TCC AAA TCT TCT --- CTA TCC TGC CAC TGG TGC TGT TGT TGT TGT ATA TTA TTG CTT CTT TTG CTA TTG TTG TTG TTC TTT TTC TTT TTT ATG CTC CTT GTA TTG TTC TTA TTG TTG TTC TTC TTT TTT TTC TTC TTT TTT TTT
kluyveri                                    AAT AGT GGT --- --- --- --- --- --- --- --- AAT ACT --- --- GAC --- CGT --- --- AGT --- --- --- --- --- --- --- --- AAA CAA --- --- --- --- --- AGT ACA AAA CAT --- --- --- --- --- --- --- GCG AAA AAA AAG AAA AAG CCC AGT AAA TTC GAT GAG GAC TCT AAA AGG AAG AGA --- CAA AAT AGT AAG AAC AAT TCA GTT ATG GAC ACA GGT CGT GCA ACT GCA GGA ACA ACT AGG AGA AAA AAA AGA AGG AGA ACT AGG AGA TTA AGT AGC GTT AAA AGA GCA CCT AAG TCG GCT ATT ATG ATC GTG AAC AGG TTA ATG ACC ATA GGA ATG CTG ATC ACC AAC --- CAA CAA CAG CAA CAG AAC --- CAA AGT CCT CCT CCA CCA CAG CCC CCA ACC AAA GAA CGT AAC ATA GAA GAG GAA GAT ACA AAC GAA GAA GTT AAC GAC AAC GAC GAT GAT ACC GAC GAC GAT GTT CTT TAC TCA CAT TCG CCC GCA GGT GCT GCA AGT --- GGG GGA GGG AAT GGC GGA GGC --- GGT GTT ATT GTC GTT AGC GTT TTA CTA AAC ACT TCG TAC AAG TAT AGT --- AGT TCC AAA AGT GTT GTT ACT AAC TCT TCT GGA TGG CTG GTG CTG AAG CTA TAT ATT CAC ATG TGT TTT AAA AAA AAG CGT GGC AAG AAG GAA AAA --- CAT AAT AAC CGT AAA AAG CAA GGC AAT AAT AAT AAT AAC AAT AAT CAA ACA GAG AAC ACC ACA ACA ACC ACT ACC ACT ACA GCA GCA ACC ACT ACG ACG ACG ACT ATC TCG TCT AAA AGA AGG CGA AGA AGA AGA AGA AGC AGA AAG CGC AGG CGT ATT AGA ATT ATT ATT ATA TTG GTG ATT ATT ATC ATC ATG TTA GCA ATT ATT ATA ATT ATT ATT GTA GTT GTC TTT CAA GAA CAA CAG CAG CAA TCT ATA CAA AAC CAC CAT CAT CAT CAA CGC CAT CAT CAT CAC CAT AGG CCC CCT CCT CCA CCG CCA GGC CCT CCA CCC CCA CCT CCA CCT CCA CGA TTA CTG CTG TTG TTA TTG TTG TTA TTG TTG TTG GAA GAA GAA GAA AAC AGC GAT GAT GAT GAG CAC GAA GAG GAG GGC GAC GAT GAT GAA GAT GAT GAC GAT GCC GCA GCT GCA GCA GCA GCG GCT GCT GCA GCA ACA GCA GCA GCC GCT CAA GGG GGC GGG GGA GGG GGT GCT GGC GGC GGA GGT GGC GGC GGT GGC GGT GGA GGT GGC GGT GTG GTG GTT ATG GTT ATA ATT GTT GTT GTC GTG GTC GTG TTG ATT GTC GTC GTT GTA GTC GTT GTT GTA GTC TAC TAT TAT TAC TAC TAC TAT TAT TAC CAC TAT TAT TTT AAC TCT TCA TCG GCC GCT TCC TCT CAT TCA TCT --- ACC TCC TGC CAT TGG TGC TGC TGT TGC TGT TTG CTA TTG CTT TTG TTA TTG CTG CTG TTG TTT TTT TTT TTC TTT ATG CTC TTG GTG TTG TTC CTG ATG TTG TTC TTT TTC TTT TTC TTT TTC TTT TTT
cerevisiae                                  --- --- --- AAG AAG AAC CCC AGC CAT --- AAT AAC AAC AAT ACG ACC GCC AAA AAG AGT GGC AAA AGG GTT AGC AGT GGT AGT ACA ATG CAG CAT TCG CGC CTT GAA GAA GAT GAC GAT GCA TCA GCG GGG TAT CCC TTC AAG AGG AAG AAG AAG CAA CCT TCC CCA GCG AAC ACT CAA TCC AAA AAA AAG AGG GTA AAA AAT AAC CGT AAC AAT AAT ACC ATG GAA GAA GCC AAT ATA TCC ATC AAC ACA ACG AAA AGA AAA AGA AGA AGA AGA AAT AGG CGA TCA AGC AGT GCC AAG AGA ATC CCA CGC AGT GCC ATA ATG ATC ATA ATC GTT TTA ACC ACT ATA ATT ATG TTA TCT ACG AAT AGA CAA CAA CAA CAG CAG CAC AAT CAG CAT CCC CCG CCG CCT AAT CCC CCA AGT AGC AGA AGA TTG TTA GAA GAA GAA GCA TCT AAC GAT GAA GAC GCT AAC AGC GAT GAG GAT GAT GAC GAT GAT GCC GCG GGT TCC AAT ACT CCT GCC GGT ACA GCG TCT TCA GGG GGT GGC AAT GGC GGT GGC GGT GGC ACG ATA ATA GTC AAG GTA ATT TTG AAT ACC AAT TAC TCC TAC GAT GGA TCA TCG TCC AAT GTA TCG AAT ACT TCA TCG TCT TGG CTA TTA CTA CTT TTA TAT ATT TTA TTA GAA TTT AAA AAG AAA AAA AAA AAG AGG AAT CAA TCA AAC AAT AAC CGA AAA AAA AGG GGC AAC AAT AAT AAT AAT AAC AAC AAT ACT GAA TTT ACA ACG ACC GCA GCT ACC ACG ACA GCC GCT ACC ACT ACC ACG ACG ACT ATA GCC TCC AAA AGA AGA AAG AGG AGG AGG CGT AAC AGT TCA CCA AGA CGT AGT AGT ATC ATC ATT ATT CAT GTG ATC ATT ATT ATT ATG CTT GCT ATA ATT ATT ATC ATT ATT ATT GTA GTT TTT CAA CAA CAA CAA CAG CAG CAG TTG AAA AAT CAT CAT CAT CAT CAA CAC CAT CAC CAT CAT CAT GGC CCA CCG CCT CCC CCG CCT CGT CCG CCA CCG CCT CCA CCC CCG CCA AGG CTG TTA CTT CTC CTA ATG TTA CTC CTA TTA TTG GAA GAA GAG GAG AAC AAC GAC GAT GAT GAA GAA GAG GAA GAA AAT GAC GAC GAT GAC GAT GAT GAT GAT GCA GCT GCT GCA GCC GCC GCG GCG GCG GCT GCT GCA GCA GCC GCT GCT CAA GGA GGA GGC GGT GGT GGT GCA GGC GGG GGC GGA GGT GGA GGC GGT GGA GGT GGT GGT GGC GTA GTT GTT ATA GTG GTT GTT GTG GTG GTG GTG GTT CTG ATT ATT GTA GTG GTC GTA GTT GTC GTT GTA GTT TAC TAT TAT TAC TAT TAT TAC TAT TAC TAC TAC TAT TTT TCT TCA TCA ACC TAT GCC TCG TCT AAG TCT TCT --- CTC TCC TGT CAC TGG TGC TGT TGT TGT TGT ATC TTA TTG CTC CTT TTA TTA CTG TTG TTG TTC TTT TTC TTT TTT ATG CTC CTT GTA TTG TTC TTG CTA TTG TTT TTC TTT TTC TTC TTT TTT TTC TTT
paradoxus                                   --- --- --- AAA AAA AAC ACC AGT CAT AGC AAC AAC AAT AAT ATG ACC GTT AGA AAG AGT AGC AAA AGG GCC AGC AGT GGT AGT ATA ATG CAG CGT TTG CGC CCT GAA GAA GAT GAT GAC GCA TCA GCT GGA TAT CCC TTC AAG AGG AAG AAG AAG CAA CCT TCT CCA GCA AAT ACT CAA TCC AAA AAA AAG AGG GTA AAA AAC AAC CAT AAC AAT AAT ACC ATG GAA GAC GCC AAT ATA TCC ATT AAC ACA ACG AAG AGA AAA AGA AGA AGA AGA AAC AGG CGA TCA AGC AGT GCC AAG AGA ATT CCA CGC AGT GCG ATA ATG ATC ATA ATC GTC TTA ACC ACC ATA ATC ATG TTA TCT ACG AAC AGG CAA CAA CAA CAG CAG CAC AAT CAG CAT CCC CCG CCG CCT AAT CCC CCA AGT AGC AGA AGA TTG TTG GAA GAA GAA GCG TCT AAC GAT GAA GAC GCC AAC AGC GAT GAG GAT GAT GAC GAT GAT GCC ACG GGT TCC AAT ACT CCT GCC GGT ACG GCA TCT TCA GGG GGT GGC AAT GGC GGT GGA GGT GGC ACG ATA ATC GTT AAA GTA ATT TTG AAT ACA AAT TAT TCT TAC GAT GGA TCG TCG TCG AAT GTA TCC AAT ACT TCA TCG TCT TGG CTA CTA CTA CTT TTA TAT ATT TTA TTG GAA TTT AAG AAG AAA AAA AAA AAG AGG AAT CAA TCA AAC AAT AAC CGA AAA AAA AGG GGC AAC AAC AAT AAT AAT AAC AAT AAT ACT GAA TTT ACT ACG ACG GCG GCA ACT ACG ACA GCC GCT ACC ACC ACA ACG ACG ACT ATA GCT TCC AAG AGA AGA AGA AGG AGA AGG CGT AAT AGT TCT CCA AGA CGT AGT AGT ATC ATA ATT ATT CAC GTG ATC ATC ATT ATT ATG CTC GCC ATA ATC ATT ATT ATT ATT ATT GTG GTT TTT CAA CAA CAA CAA CAG CAG CAA TTG AAA AAC CAC CAT CAT CAT CAG CAC CAC CAC CAT CAT CAT GGC CCA CCG CCA CCC CCG CCT CGC CCA CCG CCG CCG CCA CCC CCG CCA AGG CTG TTA CTT CTC TTA ATG TTA CTC CTA TTA TTG GAA GAA GAG GAG AAC AAC GAC GAT GAT GAA GAA GAG GAA GAA AAT GAT GAC GAT GAC GAC GAT GAT GAT GCA GCC GCC GCG GCC GCC GCG GCA GCT GCT GCT GCA GCA GCG GCT GCT CAA GGA GGG GGC GGT GGT GGT GCA GGC GGG GGC GGA GGA GGA GGT GGC GGA GGT GGT GGT GGT GTA GTT GTT ATA GTG GTA GTT GTG GTC GTG GTG GTT CTG ATT ATT GTA GTG GTA GTT GTT GTT GTT GTA GTC TAC TAT TAT TAC TAT TAC TAT TAT TAC TAC TAC TAT TTT TCT TCA TCA ACC CAT GCC TCG TCT AAG TCT TCT --- CTT TCC TGC CAC TGG TGC TGT TGT TGT TGT ATT TTA TTG CTT CTT TTA TTA CTT TTG TTG TTC TTC TTC TTT TTT ATG CTC CTT GTG TTG TTT TTG TTG TTG TTT TTC TTT TTC TTT TTT TTT TTC TTT



    1    1    1    1    1    1    1    1    1    1    1    1    1    1    1
    1    1    1    1    1    1    1    1    1    1    1    1    1    1    1
    1    1    1    1    1    1    1    1    1    1    1    1    1    1    1
    1    1    1    1    1    1    1    1    1    1    1    1    1    1    1
    1    1    1    1    1    1    1    1    1    1    1    1    1    1    1
    1    1    1    1    1    1    1    1    1    1    1    1    1    1    1
    1    1    1    1    1    1    1    1    1    1    1    1    1    1    1
    1    1    1    1    1    1    1    1    1    1    1    1    1    1    1
    1    1    1    1    1    1    1    1    1    1    1    1    1    1    1
    1    1    1    1    1    1    1    1    1    1    1    2    1    1    1
    1    1    1    1    1    1    1    1    1    1    1    1    1    1    1
    1    1    1    1    1    1    1    1    1    1    1    1    1    1    1
    1    1    1    1    1    1    1    1    1    1    1    1    1    1    1
    1    1    1    1    1    1    1    1    1    1    1    1    1    1    1
    1    1    1    1    1    1    1    1    1    1    1    1    1    1    1
    1    1    1    1    1    2    1    1    1    1    1    1    1    1    1
    1    1    1    2    1    2    1    1    1    1    1    1    1    1    1
    1    1    1    1    1    1    1    1    1    1    1    1    1    1    1
    1    1    1    1    1    2    1    1    1    1    1    1    1    1    1
    1    1    1    1    1    1    1    1    1    1    1    1    1    1    3
    1    1    1    1    1    1    1    2    1    1    1    1    1    1    1
    2    1    2    1    1    1    1    1    1    1    2    1    1    1    1
    1    2    1    1    1    1    1    1    1    1    1    1    1    1    1
    1    1    1    1    1    1    1    1    1    1    1    1    1    1    1
    1    2    1    1    6    1    1    2    3    2    1    1    1    2    1
    1    1    3    1    1    1    1    1    3    1    1    1    1    1    1
    1    1    1    1    1    1    1    1    1    1    1    1    1    1    1
    1    1    1    1    1    1    1    1    1    1    1    1    1    1    2
    1    1    1    1    1    1    1    1    1    1    1    1    1    1    1
    1    1    1    1    1    1    1    1    1    1    1    1    1    1    1
    2    1    4    1    1    1    1    1    1    1    1    1    1    1    1
    1    1    1    1    1    1    1    1    1    3    1    1    1    1    2
    1    1    1    1    1    1    1    1    1    1    2    1    1    1    1
    1    1    1    1    1    1    1    1    1    1    4    1    1    2    1
    1    1    4

CODONML (in paml version 4.4b, July 2010)  torun.nuc
Model: One dN/dS ratio for branches Global clock  (2 genes: diff. rate & k&w)  
Codon frequency model: F3x4
ns =   6  ls = 556

Codon usage in sequences
--------------------------------------------------------------------------------------------------------------
Phe TTT 18 15 14 19 15 17 | Ser TCT  7  8 10  8  8 11 | Tyr TAT 13  9 12 11 13 12 | Cys TGT  6  3  5  4  6  5
    TTC  7 13 14  8 13 11 |     TCC  7  9 10  3  8  6 |     TAC  8 11  9  8  8  8 |     TGC  1  4  2  4  1  2
Leu TTA 15  8 10  8 13 11 |     TCA  8  2  6  4  9  7 | *** TAA  0  0  0  0  0  0 | *** TGA  0  0  0  0  0  0
    TTG 12 17 12 16 10 14 |     TCG  4  7  6  5  5  5 |     TAG  0  0  0  0  0  0 | Trp TGG  6  4  4  4  4  4
--------------------------------------------------------------------------------------------------------------
Leu CTT  5  6  7  2  6  7 | Pro CCT  6  7  8  8  6  5 | His CAT  8 11 11 13 14 12 | Arg CGT  1  3  2  6  4  3
    CTC  1  2  3  1  5  4 |     CCC  3  5  6  5  6  5 |     CAC  8  7  7  6  4  7 |     CGC  0  2  2  2  2  3
    CTA  3  7  6  3  5  4 |     CCA 11  7  9  9  8  9 | Gln CAA 17  7 11 15 13 13 |     CGA  2  2  3  2  2  2
    CTG  4  5  2  8  3  2 |     CCG  4  6  3  1  7  8 |     CAG  4 14  9  6  8  8 |     CGG  0  0  1  0  0  0
--------------------------------------------------------------------------------------------------------------
Ile ATT 12 12 16 17 16 17 | Thr ACT 11  7  8 10  7  7 | Asn AAT 25 26 27 14 26 24 | Ser AGT  4  8 13 11  9 10
    ATC  8 13  8  5  9  8 |     ACC  2 11  8  9  9  8 |     AAC  8 20 14 16 18 20 |     AGC  6 11  4  4  5  6
    ATA  9 10 11  6  9 10 |     ACA  7  5  6  9  5  4 | Lys AAA 21 19 18 17 15 14 | Arg AGA 20 17 16 13 13 15
Met ATG 12  8 10 11  9 10 |     ACG  6  7  7  3  8 10 |     AAG  9 10 13 13 15 14 |     AGG  8  7  7  9 10 10
--------------------------------------------------------------------------------------------------------------
Val GTT 13  6 11 17 11 11 | Ala GCT  9 12  8  8 10  8 | Asp GAT 26 19 20 21 21 21 | Gly GGT 11 13 15 10 15 15
    GTC  6  5  4  8  3  3 |     GCC  2 11  7  3 12 13 |     GAC 11 14 12  9 10 11 |     GGC  6 11 10 14 12  9
    GTA  7  8  7  3  9  8 |     GCA 14  9 10 16  8  9 | Glu GAA 16 14 17 19 19 18 |     GGA 10  6  9  8  6  8
    GTG  8 11 10  8  7  8 |     GCG  0  5  7  2  7  6 |     GAG  9 13 11  8  9  9 |     GGG  4  3  4  5  3  3
--------------------------------------------------------------------------------------------------------------

Codon position x base (3x4) table for each sequence.

#1: castellii      
position  1:    T:0.22004    C:0.15128    A:0.33006    G:0.29862
position  2:    T:0.27505    C:0.19843    A:0.35953    G:0.16699
position  3:    T:0.34381    C:0.16503    A:0.31434    G:0.17682
Average         T:0.27963    C:0.17158    A:0.33464    G:0.21415

#2: bayanus        
position  1:    T:0.19928    C:0.16486    A:0.34601    G:0.28986
position  2:    T:0.26449    C:0.21377    A:0.35145    G:0.17029
position  3:    T:0.29891    C:0.26993    A:0.21920    G:0.21196
Average         T:0.25423    C:0.21618    A:0.30556    G:0.22403

#3: mikatae        
position  1:    T:0.20652    C:0.16304    A:0.33696    G:0.29348
position  2:    T:0.26268    C:0.21558    A:0.34601    G:0.17572
position  3:    T:0.33877    C:0.21739    A:0.25181    G:0.19203
Average         T:0.26932    C:0.19867    A:0.31159    G:0.22041

#4: kluyveri       
position  1:    T:0.19806    C:0.16893    A:0.32427    G:0.30874
position  2:    T:0.27184    C:0.20000    A:0.34175    G:0.18641
position  3:    T:0.34757    C:0.20388    A:0.25631    G:0.19223
Average         T:0.27249    C:0.19094    A:0.30744    G:0.22913

#5: cerevisiae     
position  1:    T:0.20508    C:0.16878    A:0.33212    G:0.29401
position  2:    T:0.25953    C:0.22323    A:0.35027    G:0.16697
position  3:    T:0.33938    C:0.22686    A:0.24319    G:0.19056
Average         T:0.26800    C:0.20629    A:0.30853    G:0.21718

#6: paradoxus      
position  1:    T:0.20471    C:0.16667    A:0.33877    G:0.28986
position  2:    T:0.26268    C:0.21920    A:0.34601    G:0.17210
position  3:    T:0.33514    C:0.22464    A:0.23913    G:0.20109
Average         T:0.26751    C:0.20350    A:0.30797    G:0.22101

Codon usage in genes
--------------------------------------------------------------
Phe TTT  7 91 | Ser TCT 27 25 | Tyr TAT 14 56 | Cys TGT  1 28
    TTC  6 60 |     TCC 23 20 |     TAC 11 41 |     TGC  0 14
Leu TTA 27 38 |     TCA 22 14 | *** TAA  0  0 | *** TGA  0  0
    TTG 17 64 |     TCG 22 10 |     TAG  0  0 | Trp TGG  7 19
--------------------------------------------------------------
Leu CTT  9 24 | Pro CCT 20 20 | His CAT 12 57 | Arg CGT  9 10
    CTC  1 15 |     CCC 15 15 |     CAC  6 33 |     CGC  6  5
    CTA 13 15 |     CCA 19 34 | Gln CAA 30 46 |     CGA  5  8
    CTG  5 19 |     CCG 10 19 |     CAG 24 25 |     CGG  0  1
--------------------------------------------------------------
Ile ATT 19 71 | Thr ACT 23 27 | Asn AAT 77 65 | Ser AGT 43 12
    ATC 20 31 |     ACC 21 26 |     AAC 55 41 |     AGC 28  8
    ATA 32 23 |     ACA 19 17 | Lys AAA 56 48 | Arg AGA 55 39
Met ATG 30 30 |     ACG 18 23 |     AAG 45 29 |     AGG 25 26
--------------------------------------------------------------
Val GTT 17 52 | Ala GCT 13 42 | Asp GAT 56 72 | Gly GGT 28 51
    GTC  8 21 |     GCC 17 31 |     GAC 22 45 |     GGC 22 40
    GTA 13 29 |     GCA 23 43 | Glu GAA 47 56 |     GGA 21 26
    GTG  8 44 |     GCG 10 17 |     GAG 12 47 |     GGG  6 16
--------------------------------------------------------------

Codon position x base (3x4) table for each gene.


Gene #1
position  1:    T:0.14638    C:0.14638    A:0.45028    G:0.25696
position  2:    T:0.18457    C:0.24025    A:0.37152    G:0.20366
position  3:    T:0.29833    C:0.20764    A:0.30390    G:0.19014
Average         T:0.20976    C:0.19809    A:0.37523    G:0.21692

Gene #2
position  1:    T:0.24316    C:0.17528    A:0.26140    G:0.32016
position  2:    T:0.31763    C:0.19402    A:0.33485    G:0.15350
position  3:    T:0.35613    C:0.22594    A:0.22087    G:0.19706
Average         T:0.30564    C:0.19841    A:0.27237    G:0.22357

Sums of codon usage counts
------------------------------------------------------------------------------
Phe F TTT      98 | Ser S TCT      52 | Tyr Y TAT      70 | Cys C TGT      29
      TTC      66 |       TCC      43 |       TAC      52 |       TGC      14
Leu L TTA      65 |       TCA      36 | *** * TAA       0 | *** * TGA       0
      TTG      81 |       TCG      32 |       TAG       0 | Trp W TGG      26
------------------------------------------------------------------------------
Leu L CTT      33 | Pro P CCT      40 | His H CAT      69 | Arg R CGT      19
      CTC      16 |       CCC      30 |       CAC      39 |       CGC      11
      CTA      28 |       CCA      53 | Gln Q CAA      76 |       CGA      13
      CTG      24 |       CCG      29 |       CAG      49 |       CGG       1
------------------------------------------------------------------------------
Ile I ATT      90 | Thr T ACT      50 | Asn N AAT     142 | Ser S AGT      55
      ATC      51 |       ACC      47 |       AAC      96 |       AGC      36
      ATA      55 |       ACA      36 | Lys K AAA     104 | Arg R AGA      94
Met M ATG      60 |       ACG      41 |       AAG      74 |       AGG      51
------------------------------------------------------------------------------
Val V GTT      69 | Ala A GCT      55 | Asp D GAT     128 | Gly G GGT      79
      GTC      29 |       GCC      48 |       GAC      67 |       GGC      62
      GTA      42 |       GCA      66 | Glu E GAA     103 |       GGA      47
      GTG      52 |       GCG      27 |       GAG      59 |       GGG      22
------------------------------------------------------------------------------

(Ambiguity data are not used in the counts.)


Codon position x base (3x4) table, overall

position  1:    T:0.20551    C:0.16404    A:0.33488    G:0.29557
position  2:    T:0.26586    C:0.21201    A:0.34912    G:0.17301
position  3:    T:0.33364    C:0.21882    A:0.25317    G:0.19437
Average         T:0.26834    C:0.19829    A:0.31239    G:0.22098


Nei & Gojobori 1986. dN/dS (dN, dS)
(Pairwise deletion)
(Note: This matrix is not used in later ML. analysis.
Use runmode = -2 for ML pairwise comparison.)

castellii           
bayanus             -1.0000 (0.2149 -1.0000)
mikatae             -1.0000 (0.2158 -1.0000) 0.0434 (0.0478 1.1022)
kluyveri            -1.0000 (0.2501 -1.0000)-1.0000 (0.2099 -1.0000)-1.0000 (0.2124 -1.0000)
cerevisiae          -1.0000 (0.2192 -1.0000) 0.0343 (0.0379 1.1046) 0.0456 (0.0282 0.6185)-1.0000 (0.2154 -1.0000)
paradoxus           -1.0000 (0.2195 -1.0000) 0.0379 (0.0374 0.9862) 0.0516 (0.0277 0.5366)-1.0000 (0.2105 -1.0000) 0.0305 (0.0118 0.3861)


TREE #  1:  (((((5, 6), 3), 2), 1), 4);   MP score: -1
lnL(ntime:  5  np: 10):  -6156.742899      +0.000000
   7..8     8..9     9..10   10..11   11..5    11..6    10..3     9..2     8..1     7..4  
 2.958696 2.755740 0.406527 0.248192 0.157994 0.889866 2.829125 0.094563 2.077581 0.015139
SEs for parameters:
 0.322255 0.316037 0.034897 0.023039 0.018124 0.089491 0.333551 0.011965 0.255097 0.002088
Note: Branch length is defined for the first gene (site partition).
For other genes, look at "rates for genes".

tree length =   9.48584 (1st gene)

(((((5: 0.157994, 6: 0.157994): 0.090198, 3: 0.248192): 0.158335, 2: 0.406527): 2.349214, 1: 2.755740): 0.202956, 4: 2.958696);

(((((cerevisiae: 0.157994, paradoxus: 0.157994): 0.090198, mikatae: 0.248192): 0.158335, bayanus: 0.406527): 2.349214, castellii: 2.755740): 0.202956, kluyveri: 2.958696);

Detailed output identifying parameters

rates for 2 genes:     1  0.88987

gene # 1: kappa =   2.82912 omega =   0.09456
gene # 2: kappa =   2.07758 omega =   0.01514

Time used:  0:15
