
seed used = 1418757289
      6   1893

castellii                                  ATG ATC GAG AAT ACT --- GAA AGG ACC AAC ATG GCA AAT AAT GCT CAT CGC TCT GTT TTA TCC ATT ACA TCC CCT GCC AAA TTA AAC ATC ATT TCA TCA GAT TGG TCG AGA AAT AAA GAT AAA ATT ACA AAG AAA CCA --- --- --- CTG AGG AGA TCC AAC TCA TTG AAC ATT AGA AAT GGA GCA GGT TGT CAA ATC ACT GGT AAA ACA ATC TCC AAA TCA TAT GCG AGA CCA GCA TTA CCA ATT GCT ACA CCA CCA ATA CTG ATA AAG AGG AAT TCT TCA TTT TTT AAA GAA AGT CTT AAC TTT GGA TTA GGT GAT GGA TCC AAT TCA AGA TCT GGA TCG ACC TCT CCT GAA CGT CAA CCG AAA AAT ACA TTA GCT AGT AAT CCC TCA TTG ATG ACA ACA AAT TCA ATA ACG AGT ACT ATT CAA GAA GCG GAA GAA TCA TAT ACC GTT AAC ACA GAC AGA TTT ATT CCC ATA CTA CAA GGT ACC TCT CAA AAT AAA ATA GAC TCG GAA CAA TTA AGC GAC GAA TTA CCA CCA CCA AAT GCA TCG CCT ACG GCT CAT CTA AGA GCA CAA ACA AAA TTG GTA TTT AAA CAA AAT GTT GCC GAG GCT TGT GGT TTA GAA ATG AAT CAG AGA ATC TTA CAA TAT ATG CCA CCT CCA CCA ACT GCA TCA TTC AAA AAT GGA CAA GGT TAT CAT TTA AAG AAG AGA ACT CAT TAT AAT TAT CAA CAA ACG CCA AAT CTT CCC AAT CAG CCA GAA TTG ATG AAA TTG CGT AAG ATT AAT ACT AAC CCA GAA AGA ATT CTG GAT GCT CCC GGG TTT GAA GAC GAT TTC TAT TTA AAT TTA CTA AGT TGG TCA TCC AGT AAC GTA TTA GCC ATT GCA TTA GAT ACT TCA TTA TAT TTA TGG AAT AGC GCT ACG GGG AAC GTC TCT ATG TTA GTA GAT TAT GGC GAC ATC TCC GTG ACA AGT GTC ATG TGG TCA GAT GAT AAT TGT CAC ATT TCC ATT GGG AAA GAT GAT GGG AAT ACA GAG ATT TGG GAT GCT AGT ACA ATG AGA CTA GTG AGA ACG ATG AGA TCA GGA TTG GGT ACA CGT ATA GGG TCA CAA TCC TGG TTG GGA ACT TTA ATT GCT ACG GGT TGT CGT AGT GGT GAA ATT CAA ATC AAT GAC GTG AGA ATT AAA GAT CAT ATT GTA AGC ACA TGG AAG AAA CAC CAA GGT GAA ATT TGT GGA CTA AGT TAT AAG AGT GAC GGT TTA CAA TTG GCA TCA GGT GGT AAT GAT AAC ACG GTT ATG ATT TGG GAC ACA AGA ACG TCG ATG CCT CAA TGG ATT AAG AGA AAT CAT AAT GCA GCA GTG AAG GCC TTG AGC TGG TGT CCG TAC ATT CCA AAT TTA CTT GCC ACA GGT GGT GGT CAA ACA GAT AAA TAT ATC CAT TTT TGG AAC AGT ACC ACT GGT GCT AAG ATG GGA TCC ATT AAT TCA GGA TCA CAA GTA AGT TCC CTG CAT TGG GGA CAA AGT TAT AAT --- --- TCC AAT GGA --- GTG ATG AAT CGT GAA ATT GTA GCC ACT GGT GGG AAT CCC GAC AAT GCG ATT TCC GTC TTC AAT TAT GAT ACG AAG TAT AAA GTT GCA GAG ATA AAC CAT GCG CAT GAG GCA AGA ATT TGT TGT TCA CAA TTA TCG CCG GAT GGT ACC GTA TTA GCA ACA GTA GGA GGT GAT GAA AAT CTG AAG TTC TAT AAA GTG TTT GAA CCT ATA CAA CAA GAG GTG AGT AGA ACG AAG GGT GGA GTG GTG ACA GAT GCA TTA AGG TTG TTT GGG GAA AGC GAT CCC ATT TCA AGG ATG CAG TCA ACG ATG CCC AAT ATA AAG AGA GAG TCT AGC TCG ACA GCG AGG AGA CCC ACC TCT TCT TCC GGA GCA AGA ACA AGT GAT TAT TTA ATC AGA 
mikatae                                    ATG CCA GAA AGC TCT AGA GAA AAG GGA AAC GCG GCA ATC AGC GGT AAT CGC TCT GTA CTT TCT ATT GCA TCC CCA ACA AAG CTG AAC ATA CTA TCT TCG GAT TGG TCT AGA AAG CAA GGT AAG GTT TCT AAA CAT TCT --- --- --- TTG AAA AGA TCG AAT TCA TTG AAC ATC AGA AGT ACC AAA AGT ACC AGT TTG CAA --- TCC TCT GCC AAT TCT ATA TAC ACA AGG CCT AAA ATT ACA ATT GGT GCA CCA CCT --- TTA ATT AGG CGA GAC TCT TCT TTT TTC AAA GAT GAA TTC GAA GCC AAG AAA GAC AAA CCA ACT TTT TCG GCA TAT TCC TCA CGT TCA TAT CCA ACA ATT GGA CCT GAC AAT GTT GTT TCT CAA TCA TCT TTA TCC CAA CCA --- --- --- --- ACC ACG TCC AGA GAA CCA GAT GAA CAA TTT ACA GTA GCG GCT GAC AGA TAC ATT CCC ATT TTA CAG GGA GCT TCG CAA AAT AAG GTC GAT CCT GAA ACT TTG CAC GAG GCA TTA CCT CCT CCT AAT GCG TCC CCA ATC TCG CAC TTA AGG GCG CAA ACT AAG ATA GTA TTC AAA CAA AAT GTT GCT GAA GCT TGT GGA TTA GAT ATG AAC AGA AGA ATA TTA CAA TAC ATG CCT GAG CCA CCG AAA TGC TCC TCC TCA AGA CAA AAA AGC TAC ATA TTG AAG AAA AGG ACA CAT TAT AGC TAC CAA CAG GAA CAA AAA ATT CCT --- --- --- GAT TTG ATT AAA CTA AGG AAG ATC AAT ACA AAT CCA GAA CGA ATT CTT GAT GCA CCT GGT TTC CAA GAT GAC TTC TAT TTA AAC TTG CTA AGT TGG TCC AAA AAG AAT GTC TTA GCT ATC GCA CTA GAT ACT GCA TTA TAT CTG TGG AAT GCC ACT TCC GGG GAT GTT TCA TTG TTA ACT GAC TTC GAA AAC ACC ACG ATA TGC AGT GTT ACT TGG TCT GAT GAT GAT TGT CAT ATC TCA ATC GGT AAA GAG GAT GGG AAC ACA GAA ATT TGG GAC GTG GAG ACC ATG TCA TTG ATT AGA ACT ATG CGG TCA GGC TTA GGA GTA CGC ATT GGC TCA TTA TCT TGG TTA GAT ACC TTA ATC GCA ACG GGC AGT CGT AGT GGA GAA ATT CAA ATT AAT GAT GTC AGA GTT AAA CAA CAC ATT GTG TCT ACA TGG GCA GAG CAC ACA GGT GAA GTT TGT GGT TTG AGC TAC AAA AGT GAC GGA TTA CAA CTT GCA TCT GGT GGT AAT GAT AAC ACT GTA ATG ATT TGG GAC ACT AGA ACT TCT CTA CCT CAG TTC TCA AAG AAA ACG CAT AGT GCT GCT GTG AAA GCT CTA AGC TGG TGT CCT TAC TCA CCC AAT ATC TTA GCC TCT GGA GGT GGT CAA ACA GAT AAA CAC ATT CAT TTT TGG AAT AGT ATC ACA GGT GCA AGG GTT GGT TCA ATC AAT ACC GGA TCC CAA GTG AGC TCT TTA CAT TGG GGC CAA AGT TAT ATG TCC ACA AGT GGC GGT --- ACG ATG AAT AAA GAA ATC GTT GCA ACA GGA GGT AAT CCA GAG AAT GCC ATC TCT GTC TAT AAT TAC GAA ACA AAA TTC AAG GTT GCT GAA GTT GTC CAT GCT CAT GAA GCA AGA ATA TGC TGT TCT CAA TTA TCC CCG GAT GGA ACC ACG CTG GCT ACA GTA GGA GGT GAT GAA AAC TTG AAA TTT TAC AAA ATA TTT GAT CCA AGA GGT ACA GGA AAA CCT AGA GAA AAA GGA CAA TTG ATG GAT GGT ATG CTA GGG ATG ATT GGC AAG GAA GGT --- --- TGT GGA ACA CAT GAC AAA GAG AAC TGT TCC AAA AAC TCG AAC GAA ATC CAT ACA AGA CGC CCT TCC AGC --- --- --- --- --- ACA AGT CAG TTT TTG ATC AGG 
kluyveri                                   ATG TCA GAA AAT ACT --- ATC CGC TCT AAG CTA GCG GAC AAT GCC AAC AGA TCA GTG CTA TCT CTT ACA TCT CCA GCG AAA CTC AAT GTT ATC TCA TCT GAC TGG TCG AAG ATT ACC AAC CAC ACT GTG AAA TCT AGC AAC AAA ATC CAA AAA AAA CGC CCT AGT TCT TCA GGT GGT AGC GTA ACA CTA TCC AAT GTT ACA AAT ATT GCA TCT TCA AAT TTT ACA ACG GCC AAG AAC ACA AAG ATA CAG CAC GTT CCT --- CTT TTG AGA AGA AGT TCA TCA TTT TTT AAA GAT GAA ATC GTT GAA AAC --- --- --- --- --- --- --- --- AGT AGC GGT GAT GGA CGT CAA CGC CAG CGT GGA GAA TCC TCT TCA AGT GAG GGT GCG GTA AGT ACC GAC --- --- --- --- --- --- --- --- --- --- --- AGA TTT ATT CCA ATA AGG AGT TCA TCC AGC AGT ACT GTC AGG CTA GAT CAC GAT AGA TTG GAA GAG ACA GAG GCA GAG GCA GAA GAT GTT GCA CCT CCT CCA TAC GCC TCA CCA ACT ACA CAT TTG CGG GCA CAA ACA AAA TTA GTG TTC AAG CAA AAC GTA GCG CAA GCT TGT GGC TTA GAC ATG AAC CAG CGC ATA CTA CAA TAT CTA CCA CGC CCA CCT GTT GCT TCG TTT AAA AGA --- AAA GCC TAT TCA TTA GGA AAC AGA GCT CAT TAC TAC TAC GGT AGC CAA ACT GGA GAA AGG AAG CCT TGG GAG GTT GCA AAA CTA AGA AAG ATC AAC ACT AAT CCA GAA AGG ATT CTC GAC GCA CCA GGG TTT CAA GAT GAT TTC TAC TTA AAC TTG CTA AGC TGG TCG AAA AAA AAC TGT TTG GCA ATT GCA TTA GAG TCT TCG CTG TAT CTA TGG AAC GGC GAA AGC GGT GAC GTT ACT CTG TTA ACG GAG TTT GAA GCG GAA ACA ATA TCT AGT GTG ACA TGG TCC GAT GAC GAT TGC CAT GTA TCC ATT GGC AAG AGT GAT GGT AAT ACA GAA ATC TGG GAT GTT GAA ACG ATG TCA CTT GTA AGG ACC ATG AGA AGC GGG CTA GGA GTT CGC ATT GGG TCA CAG TCA TGG CTA GAT ACC TTG GTT GCG TGT GGT ACA AAG AGT GGT GAG ATT CAA ATC AAC GAT GTT CGA ATA AAG AAT CAC ATT GTT TCC GCA TGG CAA GAA CAT TCT GGC GAA GTC TGC GGA CTA AGT TAT AGA AAA GAT GGG CTA CAG TTA GCA TCA GGA AGT AAT GAC AAT AGT GTA ATG ATA TGG GAT ACA AGA ACC TCA ATG CCT CAG TTT GTG AAA AGG AAC CAT ACC GCT GCA GTA AAA GCT ATC AGC TGG TGC CCC GAC GTG CCA AAT CTC TTA GCT ACT GGT GGT GGC CAA ACA GAT AAA TAC ATC CAT TTT TGG AAC ACA ACC ACA GGC GCT CGT GTC AGT AGT ATT AAC ACG GGA TCA CAA GTT AGT TCT TTG CAA TGG GGC CAG AGT TAC AAC --- --- --- --- GGA GAT ATT ATG AAC AGG GAA ATT GTT GCT ACT GGT GGG AAT CCG GAA AAT GCC ATC TCA GTT TAC AAT TAT GAA ACG AGA TTT AAA GTA GCA GAA ATC GTC CAA GCA CAC GAT TCG CGC ATC TGC TCC AGT CAA CTG TCA CCA GAC GGT ACG ACT TTA GCC ACG GTA GGA GGC GAT GAG AAT TTG AAG TTC TAC AAG GTG TTC GAT CCC AAA --- --- --- --- --- AGA CGC AGC AAG GCC GGC AGC GAT GCG TTC CTG GAC CTG TTA AGC GTT GGC AGT --- --- --- --- --- --- AAG AAA TGC GAT AGC GAC AAT GCT AGA AGT AGG TCT CCC ACC CGA AGG AAC ACA TCT --- --- --- --- --- --- --- GAG TAC GTA ATT AGA 
cerevisiae                                 ATG CCA GAA AGC TCT AGA GAT AAG GGA AAT GCA GCA ATT AGC GGT AAC CGT TCT GTA CTT TCT ATT GCG TCC CCA ACA AAG CTA AAC ATA CTA TCT TCC GAT TGG TCC AGA AAC CAA GGT AAA GTT TCT AAA AAT TCG --- --- --- CTA AAG AGA TCA AGT TCA CTG AAC ATT AGA AAC TCC AAA CGT CCC AGT TTA CAA --- GCC TCT GCC AAT TCT ATT TAT TCA AGA CCT AAG ATT ACA ATT GGG GCA CCA CCG --- TTA ATA AGA CGA GAT TCT TCA TTT TTC AAA GAT GAA TTT GAC GCT AAA AAA GAC AAA GCA ACG TTT TCG GCA TAC TCT TCT CGT TCA TAT CCA ACA ATT GGA TCT GAG AGC GTA GTT TCC CAA ACA TCT TTA TCG CAA CCG --- --- --- --- ACA ACA TCT AGA GAA GTT GAT GAG CAA TTT ACA GTA GCT GCG GAT AGA TAT ATT CCA ATT CTA CAG GGA GCT TCG CAA AAC AAG GTC GAT CCT GAA ACC TTA CAC GAG GCA TTA CCT CCG CCA AAC GCG TCG CCA ATT TCA CAC TTA AGG GCC CAG ACT AAG ATT GTC TTC AAA CAA AAT GTA GCT GAA GCG TGT GGG TTA GAT ATG AAT AAA AGA ATA CTA CAA TAC ATG CCG GAA CCA CCA AAA TGC TCT TCC TTG AGA CAA AAA AGC TAT ATC ATG AAG AAA AGA ACA CAT TAT AGT TAT CAG CAG GAA CAA AAA ATT CCT --- --- --- GAT TTA ATT AAA TTA AGG AAA ATC AAT ACC AAT CCG GAA AGA ATT CTT GAT GCA CCT GGT TTC CAA GAC GAC TTT TAT TTA AAC TTG TTA AGT TGG TCC AAA AAA AAT GTC TTA GCT ATA GCA CTA GAC ACT GCA TTA TAT CTG TGG AAT GCC ACC ACT GGG GAT GTT TCC CTG TTA ACG GAT TTC GAA AAC ACC ACA ATA TGC AGC GTT ACG TGG TCT GAT GAT GAT TGT CAT ATC TCT ATC GGT AAA GAG GAT GGG AAC ACC GAA ATT TGG GAC GTT GAG ACC ATG TCA TTA ATT AGA ACT ATG AGA TCA GGC TTA GGT GTC CGT ATC GGT TCA TTG TCT TGG TTA GAT ACT TTG ATA GCT ACA GGC AGT CGT AGT GGA GAA ATT CAA ATC AAT GAT GTC AGG ATC AAA CAG CAT ATT GTA TCT ACA TGG GCA GAG CAC ACA GGC GAA GTC TGC GGT TTG AGC TAT AAA AGT GAC GGA TTG CAA CTT GCA TCT GGT GGT AAT GAT AAC ACT GTA ATG ATT TGG GAT ACC AGA ACG TCC TTG CCT CAA TTT TCC AAG AAG ACG CAT ACT GCT GCT GTA AAA GCA CTA AGC TGG TGT CCA TAT TCG CCA AAT ATT CTA GCC TCT GGA GGC GGA CAA ACA GAT AAA CAC ATC CAT TTT TGG AAC AGT ATC ACA GGT GCA CGA GTT GGC TCA ATC AAT ACC GGA TCC CAG GTG AGC TCT TTA CAT TGG GGC CAA AGT CAT ACG TCA ACC AAT GGT GGT --- ATG ATG AAT AAA GAG ATT GTT GCC ACA GGA GGT AAT CCA GAG AAT GCA ATC TCT GTT TAT AAT TAT GAA ACA AAA TTC AAA GTT GCA GAA GTA GTT CAT GCT CAT GAA GCA AGA ATA TGC TGT TCT CAA TTG TCC CCT GAC GGA ACC ACA TTG GCC ACA GTG GGA GGA GAT GAA AAC TTA AAA TTT TAT AAG ATA TTT GAT CCA AGA TGT ACA GGA AGA TCG AGA GAA GAC --- GGA TTG ATG GAT GGT ATG CTA GGA CTT ATT GGC AAG GAA GGT --- --- TGT CGA ACA AAT GAT AAG GAG AAT CGT TCC AAA AAT TCG AGT GAG ATT CAT ACA AGG AGG CCC TCT AGT --- --- --- --- --- ACC AGC CAA TAT TTG ATC AGG 
paradoxus                                  ATG CCA GAA AGC TCT AGG GAT AAG GGA AAC GCG GCA ATT AGC GGC AAC CGT TCT GTA CTT TCT ATT GCA TCT CCA ACA AAG CTG AAC ATA CTA TCT TCC GAT TGG TCC AGA AAC CAA GGT AAA GTT TCT AAA AAC TCG --- --- --- TTA AAA AGG TCA AGT TCA CTG AAC ATC AGA AAC TCC AAA CGT CCA AGT TTG CAA --- GCC TCC GCT AAT TCT ATT TAT TCA AGA CCT AAG ATT ACA ATT GGG GCA CCA CCT --- TTA ATT AGA CGA GAT TCT TCA TTT TTT AAA GAT GAA TTC GAC GCT AAA AAA GAC AAA CCA ACA TTT TCG ACA TAT TCA TCT CGT TCA TAT TCA ACA ATT GGA TCT GAC AGC GTA GCT TCT CAA ACA TCC CTA TCG CAA CCA --- --- --- --- GCA ACA TCC AGA GAA GCC GAT GAG CAA TTC ACA GTG GCT GCG GAT AGA TAT ATT CCA ATT CTA CAG GGA GCT TCG CAA AAC AAG GTC GAT CCT GAA ACC TTG CAC GAG GCA TTG CCC CCC CCT AAC GCA TCC CCC ATT TCA CAC TTA AGG GCA CAG ACT AAG ATT GTC TTC AAA CAG AAT GTA GCT GAA GCG TGC GGA CTA GAT ATG AAT AAA AGG ATA CTA CAG TAC ATG CCT GAG CCA CCA AAA TGC TCT TCG TCG AGA CAA AAA AGC TAT ATA ATG AAA AAA AGG ACA CAT TAT AGT TAT CAA CAA GAG CAA AAA ATT CCT --- --- --- GAC CTA ATT AAA TTA AGG AAA ATC AAT ACT AAT CCG GAA AGA ATT CTT GAT GCA CCT GGT TTC CAA GAT GAC TTT TAT TTA AAC TTG TTA AGT TGG TCC AAA AAA AAT GTC TTA GCC ATA GCT CTA GAC ACT GCA TTG TAT CTG TGG AAT GCC ACC ACT GGG GAT GTT TCC CTC TTA ACG GAC TTC GAA AAC ACC ACA ATA TGT AGC GTT ACT TGG TCT GAC GAT GAT TGT CAT ATC TCT ATC GGT AAA GAG GAC GGA AAC ACC GAA ATT TGG GAC GTT GAG ACC ATG TCA TTG ATT AGA ACT ATG AGA TCA GGC TTA GGT GTT CGT ATT GGT TCA TTG TCT TGG TTA GAT ACT TTA ATA GCA ACA GGA AGT CGT AGT GGA GAA ATT CAA ATC AAT GAC GTC AGG ATC AAA CAG CAT ATT GTA TCT ACA TGG GCA GAG CAC ACA GGC GAA GTC TGC GGT TTG AGC TAT AAA AGT GAC GGA TTG CAA CTT GCA TCT GGT GGT AAT GAT AAC ACC GTA ATG ATT TGG GAT ACT AGA ACT TCT TTA CCT CAA TTT TCC AAG AAG ACA CAT AGT GCT GCT GTA AAA GCA CTC AGC TGG TGC CCG TAC TCG CCA AAT ATT TTG GCC TCT GGA GGT GGC CAA ACA GAC AAA CAC ATC CAT TTT TGG AAC AGT ATT ACA GGT GCA CGG GTT GGT TCA ATT AAC ACC GGA TCC CAG GTG AGC TCT TTA CAT TGG GGC CAA AGT CAT ACG TCC ACT AGT GGT GGC --- ATG ATG AAT AAA GAG ATT GTA GCC ACA GGA GGT AAT CCA GAG AAT GCA ATC TCT GTT TAT AAC TAC GAA ACA AAG TTC AAA GTT GCG GAA GTA GTT CAT GCT CAC GAA GCA AGA ATA TGT TGT TCT CAG TTG TCT CCC GAT GGA ACC ACA TTG GCT ACA GTA GGA GGG GAC GAA AAC TTG AAA TTT TAC AAG ATC TTT GAT CCA AAA TGT ACA GGA AGA CCC AGA GAA GAT GCA GGA TTG ATG GAT GGT ATG TTA GGA ATA ATT GGC AAG GAA GGT --- --- TGT GGA ACA AAC GAT AAA GAG AAC CGT TCT AAA AAT TCA AAT GAA ATT CAT ACA AGG CGG CCT TCC AGC --- --- --- --- --- ACC AGT CAA TAT TTG ATC AGG 
kudriavzevii                               ATG TCA GAA AAC TCC AGA GAT AAG AGC AAC GCA GCA ATT AGC GGC AAT CGT TCG GTA CTT TCC GTT GCA TCC CCA ACG AAA CTG AAC ATA TTA TCG TCG GAT TGG TCT AGA AAC CAG GGT AAA GTT TCT AAA AAT TCA --- --- --- TTG AAA AGG TCG AGC TCA TTG AAC ATC AGA AAC ACA AAA CGC ACC AAT TTG CAA --- GCT TCT GCC AAT CAT ATT CAT GCA AGA CCC AAA ATT ACA ATC GGA GCA CCA CCT --- CTG ATC AGA CGA GAT TCT TCA TTT TTC AAA GAT GAA TTC GAG GTC AAG AAG GAC AAA CCA ACA TTT TCA GTA TAT TCC TCT CGT TCA TAT ACC GCA ACT GGG TCA GAC AGT GCA ACC CCT CAA ACA TCT CTA TCG CAG CCA --- --- --- --- ACG ACC TCT AGA GAT TCT GAT GAA CAG TTT ACT GTG GCA GCA GAT AGG TAC ATT CCA ATT CTA CAG GGT GCT TCT CAA AAT AAA GTC GAT CCT GAA ACT TTG CAC GAG GCG CTA CCA CCT CCT AAC GCT TCC CCA ATC TCG CAC TTG AGG GCA CAA ACT AAA ATA GTC TTT AAA CAA AAT GTA GCT GAG GCG TGT GGC CTA GAT ATG AAT AAA AGA ATA CTA CAA TAC ATG CCT GAA CCA CCA AAA TGC TCT TCC TCC AGA CAG AAA AGC TAT ATT ATG AAG AAA AGG ACA CAC TAT AGT TAT CAG CAA GAA CAA AAG ATC CCG --- --- --- GAC TTA ATA AAG TTG AGA AAA ATC AAC ACC AAT CCA GAA AGA ATT CTT GAT GCA CCC GGT TTT CAA GAC GAC TTT TAT TTA AAC TTG TTA AGT TGG TCC AAG AAA AAC GTC TTG GCT ATA GCA CTG GAT ACT GCA TTG TAT CTG TGG AAT GCC ACC AGT GGG GAT GTT TCA TTG TTA ACA GAT TTT GAA AAC ACT AAA ATA TGT AGT GTT ACT TGG TCT GAT GAT GAT TGT CAC ATT TCT ATC GGT AAA GAG GAC GGG AAT ACA GAA ATT TGG GAC ATT GAA ACC ATG TCT TTA ATA AGA ACT ATG AGG TCC AAT CTG GGA GTT CGC ATT GGC TCG TTG TCT TGG TTA GAT ACA CTA GTC GCA ACA GGA AGC CGC AGT GGA GAA ATT CAA ATT AAT GAT GTC AGG ATC AAA CAG CAT ATC GTA TCT ACA TGG GCA GAG CAC ACA GGC GAA GTC TGT GGC TTG AGC TAC AAA AGT GAC GGA CTA CAA CTT GCG TCT GGT GGT AAT GAC AAC ACC GTA ATG ATT TGG GAT ACG AGA ACT TCT TTA CCT CAG TTT TCG AAA AAG ACG CAT ACT GCA GCT GTC AAG GCA CTA AGT TGG TGT CCA TAC TCG CCA AAC GTT TTA GCC TCC GGG GGT GGC CAA ACA GAT AAG CAT ATC CAT TTT TGG AAT AGT ATA ACG GGC GCA AAG GTC GGT TCA ATC AAT ACC GGA TCT CAG GTG AGC TCT TTA CAC TGG GGC CAA AGT CAC ACA TCC ACT AGT GGT GGT GCC ACA ATG AAC AAG GAA ATT GTT GCT ACA GGA GGC AAT CCG GAG AAC GCC ATT TCT GTT TAT AAT TAT GAC ACG AAA TTT AAA GTT GCT GAA GTA GTC CAT GCT CAT GAA GCA AGA ATA TGT TGC TCT CAG TTA TCC CCC GAT GGG ACC ACA TTG GCT ACT GTT GGA GGG GAT GAA AAC TTA AAA TTT TAC AAG ATC TTT GAT CCA AGA AGC ACA GAA AGA CTC AGA GAA AAA GGC GGA GTC ATG GAT GGT ATG CTG GGC ATG ATT GGC AAG GAA GAA --- --- TGT GGC AGA AAT GAT AAA GAG AAT CGT TCT AAG AGT TCG AAT GAG ATT CAT ACA AGA CGG CCT TCT TCA AGC --- --- --- --- ACC AGC CAA TTT TTA ATT AGA 



Printing out site pattern counts


         6       1785  P G
G 3       23    296    276

castellii                                   ACA ACA ACC AGA AGA AGA AGC AGG AGT ATC ATG CCC GAT GCA GCG GGA TAT TCC TCG TCT TCT TCT TTA --- --- --- --- AAA AAA AAA AAA AAA AAA AAA AAA AAA AAA AAA AAA AAC AAC AAC AAC AAC AAC AAC AAG AAG AAG AAG AAG AAG AAG AAT AAT AAT AAT AAT AAT AAT AAT AAT AAT AAT AAT AAT AAT AAT AAT AAT AAT AAT AAT ACA ACA ACA ACA ACA ACA ACA ACA ACA ACA ACC ACC ACC ACC ACG ACG ACG ACG ACG ACT ACT ACT ACT ACT ACT AGA AGA AGA AGA AGA AGA AGA AGA AGA AGA AGA AGA AGC AGC AGG AGG AGG AGG AGG AGT AGT AGT ATA ATA ATA ATA ATA ATC ATC ATC ATC ATC ATG ATG ATG ATG ATG ATG ATG ATT ATT ATT ATT ATT ATT ATT ATT ATT ATT CAA CAA CAA CAA CAA CAA CAA CAA CAA CAA CAA CAG CAG CAG CAT CAT CAT CAT CCA CCA CCA CCA CCA CCA CCA CCA CCA CCA CCA CCA CCA CCA CCC CCC CCC CCC CCC CCC CCG CCT CCT CCT CCT CGC CGT CGT CTA CTA CTG CTG CTG CTT CTT GAA GAA GAA GAA GAA GAA GAA GAA GAA GAA GAA GAA GAC GAC GAC GAG GAG GAG GAT GAT GAT GAT GAT GCA GCA GCA GCA GCA GCA GCA GCC GCC GCG GCG GCT GCT GCT GCT GCT GCT GGA GGA GGA GGA GGA GGA GGG GGT GGT GGT GGT GGT GGT GGT GTA GTG GTG GTT GTT GTT TAT TAT TAT TAT TAT TAT TCA TCA TCA TCA TCA TCA TCA TCA TCA TCA TCA TCA TCC TCC TCC TCC TCC TCG TCG TCG TCG TCT TCT TCT TCT TCT TGG TGT TGT TTA TTA TTA TTA TTA TTA TTA TTA TTA TTA TTA TTC TTG TTG TTG TTG TTG TTG TTT TTT TTT TTT TTT TTT --- --- --- AAA AAA AAA AAA AAA AAC AAC AAC AAC AAC AAG AAG AAG AAG AAG AAG AAG AAT AAT AAT AAT AAT AAT AAT AAT AAT AAT AAT AAT AAT AAT ACA ACA ACA ACA ACA ACA ACA ACA ACA ACC ACC ACG ACG ACG ACG ACG ACG ACT ACT ACT ACT AGA AGA AGA AGA AGA AGA AGA AGC AGC AGC AGT AGT AGT AGT AGT AGT AGT AGT AGT ATA ATA ATA ATC ATC ATC ATG ATG ATG ATG ATG ATT ATT ATT ATT ATT ATT ATT ATT ATT ATT ATT ATT ATT ATT ATT ATT CAA CAA CAA CAA CAA CAA CAA CAA CAA CAC CAC CAT CAT CAT CAT CAT CCA CCC CCG CCG CCT CCT CGT CGT CGT CTA CTA CTA CTG CTG CTT GAA GAA GAA GAA GAA GAC GAC GAC GAC GAC GAC GAG GAG GAG GAT GAT GAT GAT GAT GAT GAT GAT GAT GAT GAT GCA GCA GCA GCA GCA GCA GCA GCC GCC GCC GCC GCG GCG GCT GCT GCT GCT GGA GGA GGA GGA GGA GGA GGA GGC GGG GGG GGG GGG GGG GGG GGT GGT GGT GGT GGT GGT GGT GGT GGT GGT GGT GGT GTA GTA GTA GTA GTA GTA GTA GTC GTC GTC GTG GTG GTG GTG GTG GTG GTG GTT GTT TAC TAT TAT TAT TAT TAT TAT TAT TAT TCA TCA TCA TCA TCA TCA TCA TCA TCA TCC TCC TCC TCC TCC TCC TCC TCG TCG TCT TGG TGG TGT TGT TGT TGT TGT TGT TTA TTA TTA TTA TTA TTA TTA TTA TTA TTA TTA TTC TTC TTC TTG TTG TTG TTG TTT TTT TTT
mikatae                                     ACA CAT TCC --- AGG CGC GAA AGA AGT ATC ATG CCT CAG --- ACA --- TTT --- ATC --- AAC AGC TTG --- --- --- AGA AAA AAA AAA AAG AAG AAG CAA CAT CCT TCA TCC TCT AAC AAC AAC AAT AAT GAA GCG AAA AAA AAA AAA AAG AAG AGG --- --- AAA AAC AAG AAT AAT AAT AAT AGA AGC AGC AGC AGT ATC CAA GAC GAC TGT TTT AAT ACT CAA CCA GAT GCA GCA GCT TCT TCT ACA CGT GCT GGA --- AAA ATC GAA GAA AAA ACA ACA ACG CAA TCT AAC AGA AGA AGA AGA AGA AGA AGG AGG AGG CGA GCA CAC GAA AAA AAG CGA GGA GGG ACC GAA TCT --- ATT ATT GTC TCC ATA ATA CCA GCC TTG ACA ATG ATG ATT GAG GCG TCC --- ATC ATC ATT ATT ATT ATT CTA GTT TCC AAA ACT AGA AGT ATT CAA CAA CAA CAA CAG CAG --- AGA CAT AAT ATA CAC CAT --- ACA CAA CCA CCA CCA CCG CCT CCT CCT CCT CCT CCT TCT --- AAC CCC CCT CCT TCA GGA CCA CCA GAG TAT CGC ACA AGG TTA TTA CTT TTA TTG ATT TTC AAG CCA GAA GAA GAA GAA GAA GAT GAT GAT GAT GCA GAC GAG GAT GAA GAA TCG AAA GAT GGT GGT GGT AAA AAA ATG GCA GCG GCG TGC ACA GCT ACA CCA GCA GCT GGT GGT GTT TCG AAG ACC CAA CAA CCA TCC GGC --- AGC AGT GAC GGA GGA GGA GTA ATG TTG GTA GTA GTT TAC TAC TAC TAC TAT TTT --- ATA CAA GAC TCA TCC TCG TCG TCT TCT TCT TGT AAT ACT TCC TCG TCT CCT TCA TCC TCT TAT TCA TCG TCT TCT TGG ACC TGT AAA ATT CTA CTG CTT GTT TTA TTA TTA TTG TTG TCC ATA ATG CTA TTA TTG TTG ATT GCC TAC TTC TTC TTT --- ACA TCC AAA AAA AAA AAG GAG AAC AAT AAT GAT GTC AAA AAA AAA AAA AAG AGG GCA AAC AAC AAC AAT AAT AAT AAT AAT AAT ACG AGT ATG GAT GGC ACA ACA ACA ACA ACC ACT GTA TCT TGC ACC ATC ACA ACG ACT ACT ACT TCC ACA ACA ACC ACT AAA AGA AGA AGA AGA CGG TCA AGC GCC TCT AAG AGC AGT AGT AGT AGT AGT CCT GAG AGA ATT GTT ACC ATT ATT ACT ATG CTA GTT TTG ATA ATC ATC ATC ATC ATC ATC ATC ATT ATT ATT ATT GTT GTT TCA TCA ACA ACA CAA CAA CAA CAA CAG GGT TTA CAC CAT CAC CAT CAT CAT CAT CCC CCA CCG CCT CCA CCT AAA CGC CGT CTA TTG TTG TTA TTG TTA CAA GAA GAA GAA GAT AAC GAC GAC GAG GAT GAT GAA GAA GGA CAA GAA GAC GAC GAG GAT GAT GAT GAT GAT GAT GCA GCA GCA GCT GCT GCT GCT GCA GCC GCT GCT GCC GCT ACT GCA GCA GTG GAT GGA GGC GGC GGT GGT GGT GAA GGC GGG GGG GGT GGT GGT GGA GGA GGA GGA GGC GGT GGT GGT GGT GGT GGT GGT ACG ACT GTA GTC GTG GTG GTT GTC GTT GTT AAA ACG ATA ATA ATT GTC GTG GTA GTT TAC CAC TAC TAC TAC TAT TAT TAT TTC ACC GCA TCA TCA TCC TCC TCT TCT TCT AAA ACG AGT TCA TCA TCT TCT TCC TCT TCA TGG TTC AGT TGC TGT TGT TGT TGT ATC CTA CTG CTG TTA TTA TTA TTA TTA TTA TTG TAT TTC TTT CTA CTT TTA TTA TTC TTT TTT
kluyveri                                    --- CCC ACA --- AGA AGG AGG CGA --- ATT ATG AAC GAG --- ACC --- TAC --- TCT --- AGT TCT GTA AAA AAC ATC --- AAA AAA AAG AAA CAC GAA ACC TCT GGA AAA ATT AAT AAG AAT TCA AAT CCT GTT AGG AAA AAC AAT AGC AAG GGA AGA --- AAG GGA AAC ATT AAC AAC TAC TTG AGA AAT AAT TAC AGC GAC GAG AGT GAA AGC --- TCC ACA ACC GAC GAT ACA CAC AGT GCA GTG CCA GAT CAC TCT --- AAA ACT CAA CGC GTT ACT GCT --- ACA ACT GCT AAA AAG AGA CGC GGT TCC AGA CGG GCC AGG --- GAA GGC AAA CGC AGA --- GAC --- GAA AGT --- GTC TTG GAG GAC ATA GTT TCA TCT GTT --- ATG CTA GCA TGC CTA AGT --- ATC GGT AGT ATA ATT CTT ATC ACT --- AAA GAG --- AAT CAG AGA CAA CAA GGT AGC CTA CCT CAG --- AAC TCA CAT CAT TGG AAG ACT CCA CCA GTT CCT AAG CCA CCA CCT CCT CCT AGC --- GAT ACT AGG CCA GGT CGT CCA CCA CGC CGT AGA CGC AGA AGG TTG CTC CTT CAA GAA ATC GTT CAA --- AGA ATC GAA GCA --- GAC GAG GAT GTT TCA GAT ACA CAA GAA AGA --- GAC AAC AGT GCG AAC ACA TTC GCG GCA GCC GCT GCG GCG ACG --- GCA GCT CAG GCC TCA ACA AAC GTA --- GCC --- AGC AGC AAT GCC CTA --- AAG GAT GGC GTG AGC GGC ATA GTG GTA ACA TAC TAT TAT TAC ATT --- TTT TTT AAG AGT TCG --- TCT GCG TCA TCA --- TCA --- TCT CGC TCT GAG GGT TCA TCG AGT GGA GAT TCA TCA TGG TCC TGT --- ACA CTG CTC CTA TCT CTA GCA TTA GCA TTA TTT TTA CTG CTA GTA GTT TCT TTA GAA AGC TTC TTT TTT GAT --- --- AAA AAG AAG AAA GAA AAT AAC AAC GAC GTC AAA AAG AGA AGA AAA CGT CAA AAC AAT AAT AAC AAC AAC AAT AAT AAT AAC ACC AAC GAT --- ACA ACA ACG GCA ACG ACA GTT ACT TCT ACG ACC ACG TGT ACC ACC AGT AGC ACA ACT ACC TCT AGG AGA AGG CGA CGC AGA TCA AGC GGC TCC AAA AGT AAA ACA AGC AGT AGT --- GAA AAA ATT ATC GAA ATC ATC ACA ATG ATG GTC CTG ATC ATC ATT ATT ATT ATT GTA GTT ATA ATC ATT ATT ATA GTC GTG GTG --- TCT CAA CAA CAA CAG CAG --- CAG CAT CAT CAC CAA CAA CAC CAT CCA CCG CCA CCC CCC CCT AGG CGC AAG CTA CTA CTT TTG TTG TTA CAA GAA GAA GAG GAT GCG GAT GAT GAA GAT GAT GAA GAT --- AAT GAA GAG GAT AGT GAC GAC GAC GAG GAT GAT GCA GCA TCG GCA GCA GCC GCT GCT GCT GCA GCT GCC GCA GAA GCG GCT GTT GAT GGA GGC GGG AGT GGA GGA GAA GGG GGT GGT GGC GGG GGG GGA GGG GGT GGT GGT AGT GGA GGC GGC GGC GGC GGT ACT ACG GTA TGT GTT GTT GTT GTT GTG GTT --- ATT ATA GTG GTA GTT GTA GTA GTA GAC TAC TAC TAT TAT TAC TAC TAT TTT ACG TCG AGC TCA TCA TCG AGT TCA TCC AAA ACA --- AGT TCC TCA TCT TCA TCA ACT TGG TTT ACA TGC TCC TGC TGC TGC CTC TTA CTA TTA CTA CTG CTG TTA TTG TTG TTG TAC TTC TTC ATC TTA CTA CTA TTT TTC TTT
cerevisiae                                  ACC CAT TCT --- AGG AGG GAG AGG AGC ATC ATG CCC CAA --- ACA --- TAT --- ATT --- AGT AGT TTG --- --- --- AGA AAA AAA AAA AAG AAA AAG CAA AAT TCT TTG GCC TCT AAT AAC AAC AAT AGT GAC GCT AAA AAA AAA GAC AAA AAG AGA --- --- AAA AAT AAC AAT AAT AAC AAC AGA AGC AGC AGT AAC ATT CAA GAT GAG CGT TTT AGC ACT CAA CCG GAT GCG GCA GCG TCT TCT ACA CGT GCT GGA --- AAG ATT GAA GAA AAA ACC ACA ACA CAA TCT AAT AGA AGA AGA AGA AGA AGA AGA AGG AGA AGA GCA CAC GAA AAG AAG CGA CGA GGA ACA GAA TCC --- ATT ATA GTC TCC ATA ATA CCA GCC TTA ACA ATG ATG ATT GAG GCA TCG --- ATC ATT ATT ATT ATT ATT CTA GTT TCT AAA ACC AGA AGT ATT CAA CAA CAG CAG CAG CAG --- AAA AAT AAC ATC CAC CAT --- ACA CAA CCA CCG CCA CCA CCT CCA CCG CCG CCG CCT TCG --- AAT CCA CCT CCT ACA GGA CCA CCA GAA TAT CGT ACA AGG CTA TTA CTT TTA CTA ATT TTT AAG CCA GAA GAG GAT GAA GAA GAT GAT GAT GAT GCA GAT GAG GAT GAA GAA TCG AAA GAT GGT GGT GGT AAG AAA ATG GCA GCC GCG TGC ACA GCT TCA GTT GCA GCG GGG GGT GTT TCA AAA TCC CAA GGA GCA TCT GGC --- AGC CGT GAC --- GGA GGG GTC ATG TTG GTA GTA GTA TAT TAT TAC TAT TAT TTT --- ATT CAA GAT TCA TCT TCG TCC TCT TCA TCT TGT AAT ACG TCC TCA TCT CCT TCT TCG TCC TAC TCA TCG TCT TCT TGG CCC TGT AAA ATT CTA CTA CTT GTA CTA TTA TTA TTA ATG TCC ATT CTT TTA TTA TTA CTG ATT GCT TAT TTC TTC TTT --- ACC TCA AAA AAA AAG AAA GAG AAC AAC AAT GAT GTT AAA AAA AAA AAA AAG CGA GCA AAC AAC AAC AAT AAT AAT AAT AAT AAT ACG ACT ACG GAT GGT ACA ACC ACA ACA ACC ACC GTC TCT TGC ACC ATC ACA ACA ACG ACT ACT ACT ACA ACA ACT ACT AAG AGA AGA AGG AGA AGA TCA AGC GCC TCT AAA AGC AGT AGT AGT AGC AGT TCG GAG AGA ATC GTA ACC ATC ATC ACG ATG TTG GTT CTG ATA ATC ATA ATC ATC ATT ATC ATA ATT ATT ATT ATT ATC GTC TCC TCG ACA ACA CAA CAA CAG CAA CAA TGT TTG CAC CAT CAT CAT CAT CAT CAT CCA CCA CCT CCA CCA CCT AAA CGT CGT TTA TTG TTA TTA TTA CTA CAA GAA GAG GAA GAT AAC GAC GAT GAG GAC GAT GAA GAA GGA CAG GAA GAT GAC GAG GAC GAT GAT GAC GAT GAT GCA GCA GCA GCA GCT GCC GCT GCC GCC GCT GCA GCA GCT ACC GCT GCA GTT GAT GGA GGC GGC GGC GGT GGT GAA GGT GGG GGG GGT GGT GGT GGT GGA GGA GGA GGC GGT GGT GGA GGA GGC GGT GGC ACA ACG GTG GTC GTA GTG GTT GTT GTT GTT AGA ATG ATA ATA ATT GTC GTA GTA GTT TAT CAC TAT TAT TAT CAT TAT TAT TTC ACC GCA TCA TCA TCC TCC TCT TCT TCT AAA ACA AAT TCA TCT TCT TCT TCC TCC TCC TGG TTT AGT TGC TGT TGC TGT TGT ATT CTA CTG TTG TTG TTA TTG TTA TTA TTG TTG TAT TTT TTT CTA CTT TTA TTA TTC TTT TTT
paradoxus                                   ACC CAT TCC --- AGG CGG GAA AGG AGT ATC ATG CCT CAA --- ACA --- TAT --- ATT --- AAT AGC TTG --- --- --- AGG AAA AAA AAA AAG AAA AAG CAA AAC TCT TCG GCC TCT AAC AAC AAC AAT AGT GAC GCT AAA AAA AAA GAT AAA AAA AGA --- --- AAA AAT AAC AAT AAT AAC AAC AGA AGC AGC AGT AAC ATT CAA GAT GAC CGT TTT AGC ACT CAA CCA GAT GCA GCA GCG TCC TCT ACA CGT GCT GGA --- AAA ATT GAG GAA AAA ACT ACA ACA CAA TCT AAT AGG AGA AGA AGG AGA AGA AGG AGG AGA AGA ACA CAC GAA AAA AAG CGA GGA GGA GCA GAA TCT --- ATT ATT GTC TCT ATA ATA CCA GCT TTG ACA ATG ATG ATT GAG GCG TCG --- ATC ATC ATT ATT ATT ATT CTA GTT TCC AAA ACC AGA AGT ATT CAA CAG CAG CAA CAA CAG --- AAA AAC AAC ATA CAC CAT --- ACA CAA CCA CCG CCA CCA CCT CCT CCT CCC CCT CCC TCG --- AAC CCA CCT CCT ACA GGA CCA CCC GAG TAT CGT ACA AGG CTA TTA CTT TTA TTA ATT TTC AAG TCA GAA GAG GAT GAA GAA GAT GAT GAC GAT GCA GAT GAG GAT GAA GAA TCA AAA GAT GGT GGT GGT AAG AAA ATG GCA GCA GCA TGC ACA GCT TCA GCC GCA GCG GGG GGC GCT TCA AAA TCC CAA GGA CCA TCA GGC --- AGC CGT GAC GCA GGA GGA GTC ATG TTG GTG GTA GTA TAT TAT TAC TAT TAT TTC --- ATT CAA GAT TCA TCT TCG TCC TCC TCA TCT TGT AAT ACA TCT TCA TCT CCT TCT TCC TCC TAT TCA TCG TCT TCT TGG CCA TGC AAA ATT TTA CTG CTT GTA CTA TTG CTA TTG ATG TCG ATT ATA TTA CTA CTA CTG ATT GCT TAT TTC TTT TTT --- ACT TCC AAA AAA AAG AAA GAG AAC AAC AAT GAT GTT AAA AAA AAA AAG AAG CGG GCA AAC AAC AAC AAC AAT AAT AAC AAT AAT ACA AGT ACG GAT GGT ACA ACC ACA ACA ACC ACT GTT TCT TGT ACC ATT ACA ACA ACT ACT ACC ACT ACA ACA ACT ACT AAG AGA AGA AGG AGA AGA TCA AGC GCC TCT AAA AGC AGT AGT AGT AGC AGT CCC GAG AAA ATT GTA ACC ATC ATC ACT ATG TTA GTT CTC ATA ATC ATA ATC ATT ATT ATC ATA ATT ATT ATT ATT ATC GTC TCC TCG ACA ACA CAA CAG CAG CAA CAA TGT TTG CAC CAT CAT CAT CAT CAC CAT CCA CCA CCC CCG CCA CCT AAA CGT CGT TTA TTG TTG TTA TTG TTG CAA GAA GAG GAA GAT AAC GAC GAT GAG GAT GAC GAA GAA GGA CAG GAA GAC GAC GAG GAT GAT GAT GAC GAC GAC GCA GCT GCA GCG GCT GCT GCT GCC GCC GCC GCA GCA GCT ACC GCA GCA GTT GAT GGA GGC GGC GGT GGC GGT GAA GGT GGA GGG GGT GGT GGT GGT GGA GGA GGA GGA GGT GGT GGC GGG GGC GGT GGT ACA ACG GTA GTC GTA GTG GTA GTT GTT GTT AGA ATG ATA ATC ATT GTC GTA GTA GTT TAC CAC TAC TAC TAT CAT TAT TAT TTC ACC GCA TCA TCA TCC TCC TCT TCT TCT AAA ACA AGT TCA TCT TCT TCT TCT TCT TCC TGG TTT AGT TGT TGT TGC TGC TGT ATT CTA CTG TTG TTG TTG TTG TTA TTA TTA TTG TAT TTT TTT CTC CTT TTA TTA TTC TTT TTT
kudriavzevii                                ACC CAT TCT --- AGA CGG GAG AGA AGC ATT ATG CCT CAA --- ACA --- TTT --- ATT AGC AAT TCA TTA --- --- --- AGA AAA AAG AAA AAA AAA AAA CAG AAT TCA TCC GCT CAT AAC AAC AAC AAT AGC GAG GCA AAA AAA AAG AAA AAA AAG AGA --- --- AAG AAT AAC AAC AAT AAC AAT AGA AAC AGC AGT AAC ATT CAA GAT GAC CGT TTT AGT ACT CAG CCA GAT GCA GCA GCA TCT TCT ACT CGT GCT AGC --- AAA ATC GAA GAA AAA ACC ACA ACC CAA TCC AGT AGG AGA AGA AGA AGA AGG AGG AGG AGA AGA GTA CAC GAA AAA AAG CGA GGC GGC ACG GAA CCT --- ATT ATC GTC TCT ATA ATA TCA GCC TTG AGA ATG ATG ATA GAG GCA TCG --- ATC ATC ATT ATC ATT GTT TTA GTT TCT AAA ACT AGA AAT ACT CAA CAA CAA CAG CAA CAG --- AAA AAT AAT ATT CAC CAC --- ACA CAA CCA CCA CCA CCA CCC CCT CCT CCT CCT CCA TCA --- AAT CCA CCG CCC ACA GGG CCA CCA GAA TAT CGT GCA AGA CTA TTG CTT CTG TTG ATC TTC AAG ACC GAT GAA GAT GAA GAA GAT GAT GAC GAT GCG GAT GAG GAT GAG GAA TCG AAA GAT GGT GAA GGT AAA AAA ATG GCA GCA GCT TGC ACG GCT GCA TCT GCA GCG GGA GGC ACC TCG AAG ACA CAG GGA CCA TCC GGC --- AGC CGC GAC GGC GGT GGC GTC ATG GTC GTG GTA GTA CAT TAT TAC TAT TAT TTT --- ATT CAG GAT TCA TCT TCA TCG TCT TCA TCG TGT AAT ACA TCC TCG TCC CCT TCT TCC TCT TAT TCA TCT TCG TCT TGG ACC TGT AAG ATT CTG CTG CTT GCA CTA CTA CTA TTG ATG TCC ATA ATG TTG CTA TTA TTG ATT GTC TAC TTT TTC TTT GCC ACT TCC AAG AAA AAG AAA GAG AAC AAT AAC GAT GTC AAG AAA AAA AAA AAA AAG GCA AAC AAC AAT AAT AAC AAT AAT AAC AAT ACG ACT ACA GAT GGT ACA ACA ACT ACA ACC ACG GTT TCC TGT ACC ATA ACG ACA ACT ACT ACC AGT ACG ACA ACA ACT AAG AGA AGA AGG AGA AGG TCT AGT GCC TCT AAA AGC AGT AGT AGT AGT AGT CTC GAA AGA ATT GTA ACT ATC ATT ACT ATG TTA GTC TTG ATA ATT ATA ATC ATC ATT ATT GTC ATT ATT ATC ATT ATC GTC TCG TCG ACA ACA CAA CAG CAG CAA CAG AGC TTG CAC CAC CAT CAC CAT CAT CAT CCA CCG CCC CCA CCA CCT AAG CGC CGC TTA TTG TTA TTA TTA TTA CAA GAA GAA GAA GAT AAC GAC GAT GAG GAC GAT GAA GAA GAA CAG GAC GAT GAC GAG GAT GAC GAT GAT GAC GAT GCG GCA GCA GCT GCT GCT GCA GCT GCC GCT GCA GCC GCT ACC GCA GCA ATT GAT GGA GGC AAT GGT GGT GGC GAA GGC GGG GGG GGT GGC GGT GGA GGA GGA GGG GGA GGT GGT GGC GGG GGC GGC GGT ACA ACA GTT GTC GTA GTG GTT GTT GTT GTT AGA ACA ATA ATC ATA GTC GTC GTA GTT TAC CAT TAC TAT TAC CAC TAT TAT TTT ACC GCA TCC TCG TCT TCC TCT TCT TCT AAG AAA AGT TCA TCT TCT TCT TCC TCT TCA TGG TTT AGC TGT TGC TGT TGT TGT GTT CTG CTG TTG CTA TTG TTA TTA TTG CTA TTG TAT TTT TTT CTA CTT CTG TTA TTT TTT TTT



    1    1    1    1    1    1    1    1    1    1    1    1    1    1    1
    1    1    1    1    1    1    1    1    1    1    1    1    1    1    1
    2    1    1    1    1    1    1    1    1    1    1    1    1    1    1
    1    1    1    1    1    1    1    1    1    1    1    1    1    1    1
    1    1    1    1    1    1    1    1    1    1    1    1    1    1    1
    1    1    1    1    1    1    1    1    1    1    1    1    1    1    1
    1    1    1    1    1    1    1    1    1    1    1    1    1    1    1
    1    1    1    1    1    1    1    1    1    1    1    1    1    1    1
    2    1    1    1    1    1    1    1    1    1    1    1    1    1    1
    1    1    1    1    1    1    1    1    1    1    1    1    1    1    1
    1    1    1    2    1    1    1    1    1    1    1    1    1    1    1
    1    1    1    1    1    1    1    1    1    1    1    1    1    1    1
    1    1    1    1    1    1    1    1    1    1    1    1    1    1    1
    1    1    1    1    1    1    1    1    1    1    1    1    1    1    1
    1    1    1    1    1    1    1    1    1    2    1    1    1    1    1
    1    1    1    1    1    1    1    1    1    1    1    1    1    1    1
    1    1    1    1    1    1    1    1    1    1    1    1    1    1    1
    1    1    1    1    1    1    1    1    1    1    1    1    1    1    1
    1    1    1    1    1    1    1    1    1    1    1    1    1    1    1
    1    1    1    1    1    1    1    1    1    1    1    1    1    1    1
    1    1    1    1    1    1    1    1    1    1    1    1    1    1    1
    1    1    1    1    1    1    1    1    2    1    1    1    1    1    1
    1    1    1    1    1    1    1    1    1    1    1    1    1    1    2
    1    2    2    1    1    1    1    1    1    1    1    1    1    1    1
    1    1    1    1    1    1    1    1    1    1    1    1    1    1    1
    1    1    1    1    1    1    1    1    1    1    2    1    1    1    1
    2    1    1    1    1    1    1    1    1    1    4    1    1    1    1
    1    1    1    1    1    1    1    1    1    1    1    1    1    1    1
    1    1    2    1    1    2    1    1    1    1    1    1    1    1    1
    2    1    1    1    1    1    1    1    1    1    1    1    1    1    1
    1    1    1    1    2    1    1    1    1    1    1    1    2    1    1
    1    1    1    2    1    1    1    1    1    1    3    1    1    1    1
    1    1    1    1    1    1    1    1    1    1    1    1    1    1    2
    1    1    1    1    1    1    1    1    1    1    1    1    1    1    2
    2    1    1    1    1    1    1    1    1    1    1    1    1    1    1
    1    1    1    1    1    1    1    1    1    1    1    1    1    1    1
    1    1    1    1    1    1    2    1    1    1    1    1    1    1    1
    1    1    1    1    1    1    2    1    1    1    1   10    1    1    1
    1    1    1    1    1    1    1    1    1    1    1    2    1    1    1
    1    1    1    1    1    1    1    1    1    1

CODONML (in paml version 4.4b, July 2010)  torun.nuc
Model: One dN/dS ratio for branches Global clock  (3 genes: diff. rate & k&w)  
Codon frequency model: F3x4
ns =   6  ls = 631

Codon usage in sequences
--------------------------------------------------------------------------------------------------------------
Phe TTT  9  7 10  9  8 13 | Ser TCT  9 22 14 24 24 23 | Tyr TAT 16  7  5 14 12  9 | Cys TGT  8  7  3  6  6  7
    TTC  4  8  5  5  6  2 |     TCC 14 15  7 13 13 12 |     TAC  1  9 10  2  4  5 |     TGC  0  3  5  4  4  2
Leu TTA 24 19 10 19 14 13 |     TCA 21 13 19 11 13 10 | *** TAA  0  0  0  0  0  0 | *** TGA  0  0  0  0  0  0
    TTG 10 13  8 11 15 13 |     TCG  7  6  5  8  7 10 |     TAG  0  0  0  0  0  0 | Trp TGG 12 11 12 11 11 11
--------------------------------------------------------------------------------------------------------------
Leu CTT  3  3  3  4  3  3 | Pro CCT  6 14  7  7  9  8 | His CAT 10 10  6 10  9  9 | Arg CGT  5  2  3  6  6  3
    CTC  0  0  3  0  2  1 |     CCC  8  2  3  2  5  3 |     CAC  2  5  5  4  5  7 |     CGC  1  3  8  0  0  3
    CTA  5  7 13  9  7  8 |     CCA 15 12 10 13 12 13 | Gln CAA 23 21 15 18 17 14 |     CGA  0  2  2  3  1  1
    CTG  5  3  5  3  3  6 |     CCG  3  2  1  5  2  2 |     CAG  3  4  7  6  7 10 |     CGG  0  1  1  0  2  1
--------------------------------------------------------------------------------------------------------------
Ile ATT 26 19 13 23 26 19 | Thr ACT 10 11 10  7 10 12 | Asn AAT 37 20 17 21 15 20 | Ser AGT 15 13 20 11 12 12
    ATC  9 15 12 12 10 12 |     ACC  7  8  8 11  9 11 |     AAC 12 12 19 13 19 16 |     AGC  6  8 13  9  9 10
    ATA  9  8  6  8  8  9 |     ACA 21 20 17 21 23 18 | Lys AAA 19 28 19 27 30 27 | Arg AGA 22 16 15 19 14 19
Met ATG 16 11  7 11 11 11 |     ACG 11  6  7  6  2  6 |     AAG 14 13 14 12 10 15 |     AGG  6  7  9  6  9  6
--------------------------------------------------------------------------------------------------------------
Val GTT  5 12 17 11  9 10 | Ala GCT 10 11  9  9 11 10 | Asp GAT 21 22 22 25 21 25 | Gly GGT 21 19 13 15 15 11
    GTC  3  5  4  6  5 11 |     GCC  6  5  7  7  6  5 |     GAC  9 10 12  9 14 10 |     GGC  1  6 10  7  7 13
    GTA  8  6 10  8  9  6 |     GCA 15 14 14 16 17 19 | Glu GAA 18 22 19 18 17 20 |     GGA 15 15 10 15 17  9
    GTG  9  4  7  2  2  2 |     GCG  5  4  7  4  4  3 |     GAG  7  7 10 10 10  8 |     GGG  7  3  5  4  3  6
--------------------------------------------------------------------------------------------------------------

Codon position x base (3x4) table for each sequence.

#1: castellii      
position  1:    T:0.21635    C:0.14263    A:0.38462    G:0.25641
position  2:    T:0.23237    C:0.26923    A:0.30769    G:0.19071
position  3:    T:0.33814    C:0.13301    A:0.34455    G:0.18429
Average         T:0.26229    C:0.18162    A:0.34562    G:0.21047

#2: mikatae        
position  1:    T:0.22913    C:0.14894    A:0.35188    G:0.27005
position  2:    T:0.22913    C:0.27005    A:0.31097    G:0.18985
position  3:    T:0.32570    C:0.18658    A:0.33224    G:0.15548
Average         T:0.26132    C:0.20185    A:0.33170    G:0.20513

#3: kluyveri       
position  1:    T:0.19250    C:0.15673    A:0.35094    G:0.29983
position  2:    T:0.22658    C:0.24702    A:0.30664    G:0.21976
position  3:    T:0.29302    C:0.22317    A:0.30494    G:0.17888
Average         T:0.23737    C:0.20897    A:0.32084    G:0.23282

#4: cerevisiae     
position  1:    T:0.22459    C:0.14754    A:0.35574    G:0.27213
position  2:    T:0.23115    C:0.26885    A:0.30984    G:0.19016
position  3:    T:0.33115    C:0.17049    A:0.33607    G:0.16230
Average         T:0.26230    C:0.19563    A:0.33388    G:0.20820

#5: paradoxus      
position  1:    T:0.22422    C:0.14730    A:0.35516    G:0.27332
position  2:    T:0.22586    C:0.27332    A:0.31097    G:0.18985
position  3:    T:0.32079    C:0.19313    A:0.32570    G:0.16039
Average         T:0.25696    C:0.20458    A:0.33061    G:0.20786

#6: kudriavzevii   
position  1:    T:0.21207    C:0.15008    A:0.36378    G:0.27406
position  2:    T:0.22675    C:0.26917    A:0.31811    G:0.18597
position  3:    T:0.31648    C:0.20065    A:0.30343    G:0.17945
Average         T:0.25177    C:0.20663    A:0.32844    G:0.21316

Codon usage in genes
--------------------------------------------------------------------------
Phe TTT  2 25 29 | Ser TCT  7 64 45 | Tyr TAT  3 29 31 | Cys TGT  0 11 26
    TTC  0 13 17 |     TCC  3 38 33 |     TAC  1 14 16 |     TGC  0  6 12
Leu TTA  2 38 59 |     TCA  1 50 36 | *** TAA  0  0  0 | *** TGA  0  0  0
    TTG  3 28 39 |     TCG  1 31 11 |     TAG  0  0  0 | Trp TGG  0  7 61
--------------------------------------------------------------------------
Leu CTT  0 13  6 | Pro CCT  3 38 10 | His CAT  4 13 37 | Arg CGT  0 16  9
    CTC  0  2  4 |     CCC  3 13  7 |     CAC  0 12 16 |     CGC  1  9  5
    CTA  0 29 20 |     CCA  0 60 15 | Gln CAA  3 60 45 |     CGA  1  6  2
    CTG  0 12 13 |     CCG  0  9  6 |     CAG  1 22 14 |     CGG  2  1  2
--------------------------------------------------------------------------
Ile ATT  5 63 58 | Thr ACT  0 22 38 | Asn AAT  2 63 65 | Ser AGT  6 23 54
    ATC  5 24 41 |     ACC  5 17 32 |     AAC  2 48 41 |     AGC  6 27 22
    ATA  0 25 23 |     ACA  8 50 62 | Lys AAA  0 93 57 | Arg AGA  7 66 32
Met ATG  6 29 32 |     ACG  0 10 28 |     AAG  0 49 29 |     AGG  9 26  8
--------------------------------------------------------------------------
Val GTT  0 21 43 | Ala GCT  0 28 32 | Asp GAT  1 57 78 | Gly GGT  0 27 67
    GTC  0 10 24 |     GCC  0 15 21 |     GAC  0 25 39 |     GGC  0 13 31
    GTA  1 17 29 |     GCA  1 47 47 | Glu GAA  2 60 52 |     GGA  1 30 50
    GTG  0  7 19 |     GCG  1 20  6 |     GAG  3 24 25 |     GGG  0  6 22
--------------------------------------------------------------------------

Codon position x base (3x4) table for each gene.


Gene #1
position  1:    T:0.20536    C:0.16071    A:0.54464    G:0.08929
position  2:    T:0.21429    C:0.29464    A:0.19643    G:0.29464
position  3:    T:0.29464    C:0.23214    A:0.24107    G:0.23214
Average         T:0.23810    C:0.22917    A:0.32738    G:0.20536

Gene #2
position  1:    T:0.20690    C:0.18410    A:0.37113    G:0.23787
position  2:    T:0.20807    C:0.29924    A:0.33255    G:0.16014
position  3:    T:0.29982    C:0.16715    A:0.36879    G:0.16423
Average         T:0.23826    C:0.21683    A:0.35749    G:0.18741

Gene #3
position  1:    T:0.22640    C:0.11511    A:0.33933    G:0.31915
position  2:    T:0.24877    C:0.23404    A:0.29733    G:0.21986
position  3:    T:0.34261    C:0.19694    A:0.28860    G:0.17185
Average         T:0.27260    C:0.18203    A:0.30842    G:0.23695

Sums of codon usage counts
------------------------------------------------------------------------------
Phe F TTT      56 | Ser S TCT     116 | Tyr Y TAT      63 | Cys C TGT      37
      TTC      30 |       TCC      74 |       TAC      31 |       TGC      18
Leu L TTA      99 |       TCA      87 | *** * TAA       0 | *** * TGA       0
      TTG      70 |       TCG      43 |       TAG       0 | Trp W TGG      68
------------------------------------------------------------------------------
Leu L CTT      19 | Pro P CCT      51 | His H CAT      54 | Arg R CGT      25
      CTC       6 |       CCC      23 |       CAC      28 |       CGC      15
      CTA      49 |       CCA      75 | Gln Q CAA     108 |       CGA       9
      CTG      25 |       CCG      15 |       CAG      37 |       CGG       5
------------------------------------------------------------------------------
Ile I ATT     126 | Thr T ACT      60 | Asn N AAT     130 | Ser S AGT      83
      ATC      70 |       ACC      54 |       AAC      91 |       AGC      55
      ATA      48 |       ACA     120 | Lys K AAA     150 | Arg R AGA     105
Met M ATG      67 |       ACG      38 |       AAG      78 |       AGG      43
------------------------------------------------------------------------------
Val V GTT      64 | Ala A GCT      60 | Asp D GAT     136 | Gly G GGT      94
      GTC      34 |       GCC      36 |       GAC      64 |       GGC      44
      GTA      47 |       GCA      95 | Glu E GAA     114 |       GGA      81
      GTG      26 |       GCG      27 |       GAG      52 |       GGG      28
------------------------------------------------------------------------------

(Ambiguity data are not used in the counts.)


Codon position x base (3x4) table, overall

position  1:    T:0.21663    C:0.14880    A:0.36050    G:0.27407
position  2:    T:0.22867    C:0.26641    A:0.31072    G:0.19420
position  3:    T:0.32112    C:0.18408    A:0.32467    G:0.17013
Average         T:0.25547    C:0.19976    A:0.33197    G:0.21280


Nei & Gojobori 1986. dN/dS (dN, dS)
(Pairwise deletion)
(Note: This matrix is not used in later ML. analysis.
Use runmode = -2 for ML pairwise comparison.)

castellii           
mikatae              0.0904 (0.2908 3.2165)
kluyveri            -1.0000 (0.3723 -1.0000)-1.0000 (0.3705 -1.0000)
cerevisiae          -1.0000 (0.2842 -1.0000) 0.0426 (0.0309 0.7251)-1.0000 (0.3570 -1.0000)
paradoxus           -1.0000 (0.2879 -1.0000) 0.0371 (0.0282 0.7599)-1.0000 (0.3639 -1.0000) 0.0268 (0.0108 0.4010)
kudriavzevii        -1.0000 (0.2911 -1.0000) 0.0411 (0.0459 1.1159)-1.0000 (0.3615 -1.0000) 0.0426 (0.0422 0.9910) 0.0402 (0.0392 0.9735)


TREE #  1:  (((((4, 5), 2), 6), 1), 3);   MP score: -1
check convergence..
lnL(ntime:  5  np: 13):  -7597.161695      +0.000000
   7..8     8..9     9..10   10..11   11..4    11..5    10..2     9..6     8..1     7..3  
 7.981200 5.993784 0.777889 0.555025 0.294807 0.590058 0.447156 1.307216 0.025313 2.180923 0.062917 3.020458 0.021032
SEs for parameters:
 2.680770 2.023503 0.248834 0.182364 0.095253 0.193516 0.146423 0.498122 0.011415 0.220579 0.007681 0.376249 0.002679
Note: Branch length is defined for the first gene (site partition).
For other genes, look at "rates for genes".

tree length =  23.58390 (1st gene)

(((((4: 0.294807, 5: 0.294807): 0.260217, 2: 0.555025): 0.222865, 6: 0.777889): 5.215895, 1: 5.993784): 1.987415, 3: 7.981200);

(((((cerevisiae: 0.294807, paradoxus: 0.294807): 0.260217, mikatae: 0.555025): 0.222865, kudriavzevii: 0.777889): 5.215895, castellii: 5.993784): 1.987415, kluyveri: 7.981200);

Detailed output identifying parameters

rates for 3 genes:     1  0.59006  0.44716

gene # 1: kappa =   1.30722 omega =   0.02531
gene # 2: kappa =   2.18092 omega =   0.06292
gene # 3: kappa =   3.02046 omega =   0.02103

Time used:  0:57
