
seed used = 1418805249
      7   1593

castellii                                  ATG CCT CGA GAC AAC TAC AAC TTC AAA TTC AGT CAA TGT TTC GGC GAT AAG GCT GAT ATA ATA GTC ACA GAA GCT GAT ATA ATC ACC GCT GTG GAA TTC GAT CAT ACA GGT GAT TAT CTC GCT ACG GGG GAT AAA GGT GGA CGA GTA GTC CTT TTT GAA AGA AAT AAG GCA AAT AAA CAT TGT GAA TAT AAA TTC CTG ACG GAA TTT CAA AGT CAT GAT GCT GAG TTT GAT TAT TTG AAA TCC TTG GAG ATT GAA GAA AAA ATT AAT CAA ATC AAA TGG TTG AGA CCT ACA CAA AGA TCT CAT TTC TTA TTG AGT ACT AAC GAT AAG ACT ATT AAA CTG TGG AAA GTG TAC GAG AAA AAT ATT AAG TTG GTT AGT GAA AAT AAT TTG GAT ACT ACC --- --- --- --- --- --- --- --- --- --- ACA ACA TCA ACA AAG AAC --- --- --- TTA CCA TCT TTG TCA TTG CAG AAT TTG AAA TTA CCT CAA TTG TCA CAA CAT GAT AAG ATC ATT GCA GCT GCA CCA AAG AGA ATT TAT AGT AAT GCA CAT ACG TAT CAT ATC AAT TCC ATC TCC ACC AAT TCA GAT CAG GAA ACT TTT ATT AGT GCA GAT GAT TTG AGA ATT AAT TTG TGG AAT TTG GAT ATA CCA GAT CAA AGT TTT AAT ATT GTT GAT ATA AAA CCT ACC AAT ATG GAA GAA TTG ACT GAA GTT ATC ACA AGT GCT GTT TTC CAT CCA CAA GAT TGT AAT TTA TTC ATG TAT TCA TCA TCA AAG GGA ACC ATT AAA TTA TGT GAT ATG AGA CAA AAT GCA TTA TGT GAC TAT AAG ACC AAG ACA TTC GAG GAA TAT ATG GAC CCA ATT AGT CAT AAT TTC TTT ACT GAA ATT ACC TCT TCA ATT TCA GAT GTA AAA TTT AGC CCC AAT GGA CGG TAT ATT GCA TCA AGA GAT TAT TTA ACG GTG AAA ATT TGG GAT ATT AAT ATG GAT AAT AAA CCA ATA AAA ACT ATT AAC GTT CAT GAT CAA TTG AAA GAG AGG TTG AGT GAC ACA TAT GAA AAT GAT GCC ATT TTT GAT AAA TTT GAA GTA AAT TTC AGC GGA GAT AGT ACA AGT ATT ATG ACT GGT TCA TAT AAT AAT AAT TTC ATG ATA TAT CCA AAT GTG ATA AAT ACA GAC GCA AAT GAC ACC ACA GGT ATA GTA AAA ACC TTT AGT CAA GAT TCA AAA AAT GAT CTA TTT AAC AAT --- --- --- --- --- --- --- --- --- --- --- --- --- --- --- --- TAT AAC GAT GGA AAC TTC AAA TCA GCA TCT CCG AAT AAT AAT ACT AAT AAT AAT AAT AAT AAT AAC TCG AAG CGT AAA TCA --- --- AAC TCA AAG GGA ACA AAC ACA ACA GAC AAG AAT AAC AAT AAT AAC GAA ATA GTA CTG CAA GCA GAC AAA ACA GTA TTC AAG AAC AAA AGA TCA AGT TCC CTA TCA TCG AGA TCA ACA AAG GGC AAA GAT TGG AGC AAC GGA GTA GAT TTT AAA AAA AGT ATC TTA CAT TTC TCA TGG CAT CGA AGA GAA AAT AGT ATC GCC GTC GCC GCG ATT AAT AAC CTA TTT ATT TTT TCT GCA TTG 
bayanus                                    ATG GCA CAA AAT AAT TTT GAT TTT AAG TTC AGC CAA TGT TTT GGT GAT AAA GCA GAT ATC GTG GTG ACA GAA GCC GAT CTT ATT ACA GCT GTA GAA TTT GAC TAC ACT GGG AAT TAT TTG GCT ACT GGT GAT AAA GGA GGG CGT GTA GTA CTT TTC GAG AGA AGT AAT AGT --- AGA CAT TGC GAA TAT AAA TTT TTA ACA GAG TTT CAA AGT CAT GAT GCA GAA TTC GAT TAC TTG AAG TCC TTG GAG ATT GAA GAG AAG ATA AAT GAA ATC AAA TGG TTA CGA CCA ACA CAA AGA TCT CAT TTT CTT TTG AGT ACG AAC GAT AAA ACA ATA AAG CTT TGG AAA GTT TAT GAG AAA AAC ATT AAA CTA GTG AGT CAA AAC AAC TTA ACC GAA GGG GTT ACT TTT GAG AAA AAG GGC AAG CCT GAT AAT CAT AAT AGT AGA GGA GGT TCC GTA AAG GCT GTA TTA TCC CTG CAA TCG TTG AAG CTA CCT CAA TTA TCA CAA CAC GAT AAA ATC ATT GCT GCT ACT CCA AAG CGT ATA TAT AGC AAT GCA CAT ACC TAT CAT ATC AAT TCA ATC TCG TTG AAT TCT GAT CAG GAA ACG TTT CTA AGT GCT GAT GAT TTG CGT ATT AAT TTA TGG AAT CTA GAT ATA CCT GAT CAA AGC TTC AAT ATT GTA GAC ATC AAG CCT ACT AAT ATG GAA GAG TTA ACT GAA GTT ATC ACT AGT GCA GAA TTT CAT CCT CAG GAA TGT AAT TTA TTC ATG TAT TCT TCC TCA AAA GGT ACA ATA AAA TTG TGC GAT ATG AGA CAA AAC TCG TTA TGT GAC AAT AAA ACT AAG ACA TTT GAA GAA TAT CTA GAT CCC ATT AAT CAT AAT TTT TTC ACA GAA ATC ACG TCA TCA ATC TCT GAT ATA AAA TTC AGT CCA AAT GGT AGA TAC ATT GCA TCG AGA GAT TAC TTA ACT GTC AAA ATT TGG GAC GTG AAC ATG GAC AAT AAG CCT TTA AAA ACC ATA AAT ATC CAT GAG CAA TTG AAG GAG AGG TTG AGC GAT ACT TAT GAA AAC GAT GCG ATC TTC GAT AAA TTT GAA GTT AAT TTC AGT GGC GAT AGT TCA AGT GTA ATG ACT GGT TCT TAC AAT AAT AAT TTT ATG ATC TAT CCA AAC GTA GTA ACC TCA GGT GAT AAT GAC AAC --- GGC ATA GTG AAA ACG TTT GAT GAA AAC AAT GCA CTC AAT AGC AAC AGT AAC AAC AGT AAC AAA AAC AAT AAC AAC AGC ATA CAG AAT AAA GAT TCG AGC AGC AGT AGC AGT AGT CAC AAG CGT AGA AGT AAT GGA CGC AAT ACA AGC ATG GTT GGT AGT AGT AAT AGC TCT AGA AGC AGT ATA GCC GGG GGT GAA GGA GCA AGC ACC GAA GAT CCG GGA ACA GAA ATG AAT GAA ATC GTG TTA CAA GCT GAC AAA ACG GCA TTC AGA AAC AAA AGA TAC GGT TCT TTA GCA CAG AGG TCA GCA AGA AAT AAA GAT TGG GGT GAT GAT ATT GAT TTC AAG AAG AAT ATC TTA CAT TTT TCA TGG CAT CCG AGG GAA AAC AGT ATC GCC GTC GCT GCA ACC AAT AAT TTA TTC ATA TTT TCC GCA TTA 
mikatae                                    ATG GCA CAG AAC AAT TTT GAT TTT AAG TTT AGC CAA TGT TTT GGT GAC AAA GCA GAT ATT GTT GTG ACA GAA GCC GAC CTT ATC ACA GCT GTG GAA TTT GAC TAT ACT GGA AAT TAT TTA GCA ACC GGT GAT AAA GGT GGA CGT GTG GTG CTA TTT GAA AGA AGT AAT AGT --- AGA CAT TGC GAA TAT AAA TTT TTA ACG GAG TTC CAA AGT CAT GAT GCA GAA TTT GAT TAT TTA AAG TCC TTA GAA ATT GAA GAG AAA ATA AAT GAA ATC AAA TGG TTA CGA CCA ACT CAA AGG TCT CAT TTT CTT TTG AGT ACA AAT GAT AAA ACT ATA AAA CTT TGG AAA GTT TAC GAG AAA AAC ATA AAA TTG GTG AGC CAG AAC AAC TTA ACC GAA GGG GTC ACA TTT GCG AGA AAG GAC ATA CCC GAC AAC CAT AAT AGT AGA GGG GGT TCC GTG AGA GCT GTA ATG TCC CTA CAA TCT CTA AAG CTG CCT CAG TTA TCA CAA CAT GAC AAA ATC ATT GCT GCC ACT CCT AAG CGT ATA TAT AGT AAT GCA CAT ACC TAT CAC ATC AAT TCA ATA TCT TTG AAT TCT GAT CAG GAA ACA TTT CTA AGT GCC GAC GAT TTG CGA ATC AAC TTA TGG AAT TTA GAC ATA CCA GAT CAA AGC TTC AAC ATC GTA GAT ATC AAG CCA ACT AAT ATG GAA GAA TTA ACT GAA GTG ATC ACA AGT GCC GAA TTC CAC CCG CAG GAA TGT AAT TTA TTC ATG TAT TCT TCT TCA AAA GGT ACA ATA AAG TTA TGT GAT ATG AGA CAA AAT TCT TTA TGT GAT AAT AAA ACT AAA ACA TTT GAA GAA TAC TTG GAT CCA ATC AAT CAT AAT TTT TTC ACA GAA ATA ACG TCA TCG ATT TCT GAT ATA AAG TTC AGT CCA AAT GGT AGG TAT ATT GCA TCA AGG GAT TAT TTG ACT GTC AAA ATT TGG GAC GTG AAT ATG GAT AAT AAA CCA CTG AAA ACC ATA AAT ATA CAT GAG CAA TTG AAG GAG AGA TTG AGT GAT ACC TAC GAG AAC GAT GCG ATT TTC GAT AAA TTT GAA GTT AGT TTT AGT GGT GAT AGT TCA AGT GTA ATG ACT GGT TCT TAC AAT AAT AAT TTC ATG ATC TAC CCT AAT GTA GTA ACT TCT GGT GAT AAA GAT AAT --- GGC ATA GTC AAA ACC TTT GAT GAA CAC AAC ATG GCT AAT AGC AAC AGT AAT --- --- --- AAA ATT ACC AAC AAC AGC ATA CAA AAT AAA GAT TCT AGT AGC AGC AGC AAC AGT CAC AAA CGT AGG AGT AAC GGA CGT AAC ACG AGC CTG GTT GGA AGT AGT AAT AGC TCT AGA AGT AGT ATA GCG GGT GAG GAA GGG GCA AAC TCA GCA GAC CCT GGA ACC GAT ATG AAT GAA ATT GTA TTA CAA GCT GAC AAA ACA GCA TTT AGA AAC AAA CGG TAC GGC TCA TTA GCA CAG AGA TCG GCA AGG AAT AAA GAC TGG GGT GAC GAT ATT GAT TTT AAG AAA AAT ATT CTA CAT TTT TCA TGG CAT CCA AGA GAA AAT AGT ATT GCA GTT GCA GCA ACC AAC AAT TTA TTC ATC TTT TCC GCA TTA 
kluyveri                                   ATG CCA CAA GAT AAC TTT GAT TTC AAG TTC AGC CAA TGC TTT GGT GAT AAG GCT GAT ATT GTG GTC ACC GAG GCA GAC ATC ATA ACC GCA GTT GAG TTT GAT CAC TCC GGT GAT TAT TTG GCT ACT GGT GAT CGA GGA GGT CGT GTT GTT CTT TTT GAA AGA AAT AAT TCA --- AAA CAT TGT GAA TAT AAG TTT TTG ACA GAG TTT CAG AGC CAT GAT GCA GAA TTT GAC TAT TTG AAA TCG TTG GAA ATC GAG GAA AAA ATC AAT CAG ATC AAA TGG TGC CGA CCT ACA AAT CAA TCG CAC TTT CTA TTG AGC ACT AAC GAC AAG ACT ATC AAA CTT TGG AAA GTC TAT GAA AAG AAC ATC AAG CTA GTA AGT GAG AAT AAT TTA ACT GAA GGT --- --- --- --- --- --- --- --- --- --- GCT TAT TCG AGG AGT AAT GGT TCC GCG AAG GCA GTA CTA TCT TTA CAA ACC TTA AAA TTG CCA AAA TTG TCA CAG CAT GAC AAG ATA ATC GCT GCT GCT CCT AAA AAG ATT TAC AGC AAT GCT CAT ACC TAC CAT ATC AAT TCC ATA TCC ATA AAT TCG GAT CAG GAA ACT TTT ATA AGT GCA GAC GAT TTA AGA ATC AAT TTG TGG AAT TTG GGC ATT CCA GAT CAA AGC TTT AAC ATT GTA GAC ATA AAA CCA GCA AAC ATG GAG GAG TTG ACC GAA GTG ATT ACA AGT GCG GCA TTC CAC CCA CAC CAT TGC AAC TTG TTC ATG TAT TCG TCA TCC AAA GGT ACC ATT AAG CTA TCC GAC ATG AGA CAA AAC GCA CTT TGT GAT TTC AGA GCT AAA ACT TTT GAG GAA TAC CTA GAT CCA ATA AAC CAC AAT TTT TTC ACT GAA ATT ACT TCC TCC ATA TCC GAT GTT AAA TTC AGT CCG GAT GGC CGC TAC ATT GCC TCG CGT GAC TAT CTA ACC GTA AAG ATC TGG GAC GTT AAT ATG GAC AAC AAG CCT GTC AAA ACC ATT AAC ATC CAT GAT CAA CTG AAA GAG AGA TTA AGT GAC ACA TAT GAG AAT GAT GCT ATT TTT GAT AAA TTC GAG GTT TCG TTC AGT GGC GAT AGT TCA AGC GTT ATG ACG GGC TCC TAC AAC AAC AAT TTC ATG ATA TAT CCA AAT GTA GTA AAG ACT GGG --- --- --- --- --- --- --- --- --- --- --- --- --- --- --- --- --- --- --- --- --- --- --- --- --- --- --- --- --- --- --- --- --- --- --- --- --- --- --- --- --- --- --- --- --- GAA GCA TCA GTA GGA AAC AAC ACA --- --- --- --- --- --- --- --- --- --- --- --- --- --- --- --- --- --- --- --- --- --- --- --- --- --- --- ATG GAT GAA ATT GTA CTG CAA GCA GAC AAA ACA GCC TTC AAG AGT AAG CGA TTA GGA ACT CTA CAG CAG CAA AGT GCA AGG AAT AAA GAA TGG GGT GAT GGC ATT GAC TTT AAG AAG AGC ATC CTT CAT TTC TCG TGG CAC CCG CGC GAG AAC AGC GTT GCG ATA GCA GCT ACA AAC AAT TTA TTC ATC TTT TCT GCA TTG 
cerevisiae                                 ATG GCA CAA AAC AAT TTT GAT TTT AAA TTC AGC CAA TGT TTT GGT GAT AAA GCA GAT ATT GTG GTG ACA GAG GCG GAT CTA ATT ACA GCT GTA GAA TTT GAC TAT ACT GGA AAT TAT CTG GCC ACT GGT GAT AAA GGT GGC CGT GTG GTA CTT TTT GAA AGA AGT AAT AGT --- AGA CAT TGC GAA TAT AAG TTT TTA ACA GAG TTT CAA AGT CAT GAC GCA GAA TTT GAT TAT TTA AAA TCC TTA GAA ATT GAA GAG AAG ATA AAT GAA ATC AAA TGG TTA CGA CCA ACT CAA AGA TCA CAC TTT CTT TTG AGC ACA AAT GAT AAA ACT ATA AAA CTT TGG AAA GTT TAT GAG AAA AAT ATA AAA TTG GTA AGC CAG AAC AAC TTA ACA GAA GGG GTT ACG TTT GCG AAA AAA GGC AAG CCC GAT AAC CAT AAC AGT AGA GGA GGC TCC GTG AGG GCT GTA TTA TCT TTA CAA TCG CTG AAA CTG CCT CAA TTA TCA CAG CAT GAC AAA ATC ATT GCT GCC ACC CCA AAG CGT ATA TAT AGT AAT GCA CAT ACC TAT CAC ATT AAT TCG ATA TCG TTG AAT TCT GAT CAG GAA ACA TTT TTA AGT GCT GAC GAC TTG AGA ATC AAT TTA TGG AAT CTG GAC ATA CCA GAT CAG AGC TTC AAC ATC GTA GAT ATC AAG CCA ACC AAT ATG GAA GAA CTT ACC GAA GTG ATC ACA AGC GCT GAA TTT CAT CCG CAA GAA TGT AAT TTA TTC ATG TAC TCT TCT TCC AAA GGT ACA ATA AAG TTG TGT GAT ATG AGA CAA AAT TCC CTA TGT GAC AAT AAA ACC AAA ACA TTT GAA GAA TAT TTG GAT CCA ATC AAT CAT AAT TTT TTT ACA GAA ATC ACG TCG TCA ATT TCC GAC ATA AAA TTT AGT CCA AAT GGT AGG TAT ATT GCA TCC AGA GAT TAT TTA ACT GTC AAA ATT TGG GAC GTA AAT ATG GAT AAT AAG CCT TTG AAA ACC ATA AAC ATA CAT GAG CAA TTG AAG GAA AGA TTG AGT GAT ACC TAT GAA AAC GAT GCG ATT TTC GAT AAA TTT GAA GTT AAT TTT AGT GGT GAT AGT TCA AGT GTA ATG ACT GGT TCT TAC AAT AAC AAT TTC ATG ATC TAT CCT AAT GTA GTA ACT TCT GGT GAT AAT GAT AAT --- GGC ATA GTC AAA ACT TTT GAT GAA CAC AAC GCA CCT AAT AGC AAC AGC AAT --- --- --- AAA AAT ATC CAC AAC AGC ATA CAA AAT AAA GAT TCT AGT AGT AGT GGC AAC AGC CAC AAG CGT AGG AGT AAC GGA CGC AAC ACA GGC ATG GTG GGA AGT AGT AAT AGC TCT AGA AGC AGT ATA GCG GGA GGA GAA GGA GCA AAT TCG GAG GAC TCG GGA ACC GAA ATG AAT GAA ATC GTG TTA CAA GCT GAC AAA ACA GCG TTC AGG AAC AAA AGA TAC GGT TCG CTA GCG CAA AGG TCT GCA AGA AAT AAG GAT TGG GGT GAC GAT ATT GAT TTC AAG AAG AAT ATT TTA CAT TTC TCA TGG CAT CCA AGA GAA AAT AGT ATT GCT GTT GCA GCA ACT AAT AAT TTA TTC ATT TTT TCC GCA TTA 
paradoxus                                  ATG GCA CAA AAC AAT TTC GAT TTT AAA TTC AGC CAA TGT TTT GGT GAT AAA GCA GAT ATT GTG GTG ACA GAA GCG GAT CTT ATT ACA GCT GTA GAA TTT GAC TAT ACT GGA AAT TAT CTA GCC ACT GGT GAT AAA GGT GGG CGA GTG GTA CTT TTT GAA AGA AGT AAT AGT --- AGA CAT TGC GAA TAC AAG TTT TTA ACG GAG TTT CAA AGT CAT GAC GCA GAA TTT GAT TAT TTA AAG TCC TTA GAA ATT GAA GAG AAG ATA AAC GAA ATC AAA TGG TTA CGA CCA ACT CAA AGG TCT CAT TTT CTC TTG AGT ACA AAT GAT AAA ACT ATA AAA CTT TGG AAA GTT TAT GAG AAA AAC ATA AAA TTG GTG AGC CAG AAC AAT TTA ACT GAA GGG GTT ACA TTT GCG AAG AAA GGC AAG CCT GAT AAT CAT AAC AAT AGA GGA GGT TCC GTG AGG GCT GTA TTA TCA TTA CAA TCG CTG AAA CTA CCT CAA TTA TCA CAA CAT GAC AAA ATC ATT GCT GCC ACT CCA AAG CGT ATA TAC AGT AAT GCA CAT ACC TAT CAC ATC AAT TCG ATA TCG TTG AAT TCT GAT CAG GAA ACA TTT TTA AGT GCT GAT GAT TTA CGA ATC AAT TTA TGG AAT CTA GAC ATA CCA GAT CAA AGC TTC AAC ATC GTA GAT ATC AAG CCC ACT AAT ATG GAA GAG CTA ACC GAA GTG ATC ACA AGC GCC GAG TTT CAC CCG CAA GAA TGT AAT TTA TTC ATG TAT TCT TCT TCC AAA GGT ACA ATA AAG TTG TGT GAT ATG AGA CAA AAT TCC TTA TGT GAC AAT AAA ACT AAA ACA TTT GAG GAA TAT TTG GAT CCA ATC AAT CAT AAT TTT TTT ACG GAA ATC ACG TCA TCA ATT TCT GAC ATA AAA TTC AGT CCA AAT GGT AGA TAT ATT GCA TCC AGA GAT TAT TTA ACT GTC AAA ATT TGG GAC GTG AAT ATG GAT AAT AAG CCT TTG AAA ACC ATA AAC ATA CAT GAG CAA TTG AAG GAA AGA TTG AGT GAT ACC TAT GAA AAT GAT GCG ATT TTC GAT AAA TTT GAA GTC AAC TTC AGT GGT GAT AGT TCA AGT GTA ATG ACT GGT TCT TAC AAT AAC AAT TTC ATG ATC TAT CCT AAT GTA GTA ACT TCT GGT GAT AAT GAT AAT --- GGC ATA GTC AAA ACT TTT GAT GAA CAC AAC ACA CCT AAT AGC AAC AGT AAT --- --- --- AAA AAT ATC CAC AAC AGC ATA CAA AAT AAA GAT TCT AGT AGT AGT GGC AAC AGT CAC AAG CGT AGG AGT AAC GGA CGC AAC ACA AGC ATG GTT GGA AGT AGT AAT AGC TCT AGA AGC AGT ATA GCG GGA GGA GAA GGA GCA AAT GCA GAG GAT TCG GGA ACC GAG ATG AAT GAA ATT GTG TTA CAA GCT GAC AAG ACA GCA TTT AGA AAC AAA AGA TAC GGT TCG CTA GCG CAA AGG TCA GCA AGG AAT AAG GAT TGG GGT GAC GAT ATT GAT TTC AAG AAG AAT ATT TTA CAT TTT TCA TGG CAT CCA AGA GAA AAC AGT ATT GCT GTC GCA GCA ACT AAT AAT TTA TTC ATC TTT TCC GCA TTA 
kudriavzevii                               ATG GCA CAG AAT AAT TTT GAT TTC AAG TTT AGC CAA TGT TTT GGT GAT AAA GCT GAT ATC GTG GTG ACA GAA GCT GAT CTT ATC ACA GCT GTA GAG TTT GAC TAT ACC GGG AAC TAT TTG GCT ACC GGT GAT AAA GGT GGG CGT GTA GTG CTT TTT GAA AGA AGT AAT AGT --- AGA CAT TGC GAA TAT AAA TTT TTA ACG GAG TTT CAA AGT CAT GAT GCA GAA TTT GAT TAT TTA AAA TCC TTG GAG ATT GAA GAG AAG ATA AAT GAA ATT AAA TGG TTG CGG CCA ACC CAG AGA TCT CAT TTT CTT TTG AGT ACA AAT GAT AAA ACT ATA AAG CTT TGG AAA GTT TAT GAG AAA AAT ATT AAA TTA GTG AGC CAG AAC AAT TTA ACG GAA GGT GTC ACA TTT GCG AAA AAG AGC AAG TCC GAC AAT CAT AAC CGC AGA GGT GGT TCC GTG AAA GCT GTG TTA TCT TTG CAG TCA CTG AAG CTG CCT CAA TTA TCC CAA CAT GAC AAA ATC ATT GCT GCT ACT CCA AAG CGT ATA TAT AGT AAT GCA CAT ACC TAT CAC ATT AAT TCA ATA TCG TTG AAT TCT GAT CAG GAA ACA TTT TTA AGT GCT GAT GAT TTG CGG ATC AAT CTA TGG AAT TTA GAC ATA CCC GAT CAA AGC TTC AAC ATC GTG GAT ATC AAA CCT ACT AAT ATG GAG GAG CTA ACA GAG GTG ATC ACA AGT GCC GAA TTT CAC CCG CAG GAG TGT AAT CTA TTC ATG TAT TCC TCT TCG AAA GGA ACA ATC AAG TTG TGT GAT ATG AGA CAA AAT TCC TTA TGT GAT AAT AAA ACT AAA ACA TTT GAA GAA TAT TTA GAT CCA ATC AAT CAT AAT TTT TTC ACG GAA ATC ACA TCA TCC ATT TCT GAT ATC AAA TTC AGT CCA AAT GGT AGA TAT ATT GCA TCC AGA GAT TAT TTA ACT GTT AAA ATT TGG GAC GTG AAT ATG GAT AAT AAG CCT TTG AAA ACC ATA AAT ATT CAT GAG CAA TTG AAG GAA AGA TTG AGC GAT ACC TAT GAA AAC GAT GCG ATT TTC GAT AAA TTT GAA GTT AAT TTC AGT GGC GAT AGT ACA AGT GTA ATG ACT GGT TCT TAC AAT AAT AAT TTC ATG ATC TAT CCA AAC GTT GTA ACT TCC GGT GAT AAT GAT AAT --- GGC ATA GTG AAA GCG TTT GAT CAG AAC AAT ACA CCT AAT AGC AAC AGT AAT --- --- --- AAA AAT ATC CAC AAC AGC ATA CAA AAT AAA GAT TCT AGC GGC AGT AGT AAT AGT CAC AAG CGT AGA AGT AAC GGA CGC AAC ACA AGC ATG GTT GGA AGT AGT AAT AGC TCT AAG AGT AGT ATA GCG GGA GGC GAA GGA GCA AGC TCA GAG GAA TCA GGA ACC GAA ATG AAT GAA ATA GTG CTA CAA GCT GAC AAA ACA GCA TTC AGA AAC AAA AGA TAC GGC TCA TTG GCA CAG AGG TCA GCA AGA AAC AAA GAT TGG GGT GAC GAT ATT GAT TTC AAG AAG AAT ATT TTA CAT TTT TCA TGG CAT CCA AGT GAA AAT AGT ATT GCC GTC GCT GCA ACC AAT AAT TTA TTC ATC TTT TCC GCA TTA 



Printing out site pattern counts


         7       1335  P

castellii                                   --- --- --- --- --- --- --- --- --- --- --- --- --- --- --- --- --- --- --- --- --- --- --- --- --- --- --- --- AAA AAA AAA AAA AAA AAA AAA AAA AAA AAA AAA AAA AAA AAA AAA AAA AAA AAA AAA AAA AAA AAA AAC AAC AAC AAC AAC AAC AAC AAC AAC AAC AAC AAC AAC AAC AAC AAG AAG AAG AAG AAG AAG AAG AAG AAG AAG AAG AAG AAT AAT AAT AAT AAT AAT AAT AAT AAT AAT AAT AAT AAT AAT AAT AAT AAT AAT AAT AAT AAT AAT AAT AAT AAT AAT AAT AAT AAT AAT AAT AAT AAT AAT ACA ACA ACA ACA ACA ACA ACA ACA ACA ACA ACA ACA ACA ACA ACA ACA ACA ACC ACC ACC ACC ACC ACC ACC ACC ACG ACG ACG ACG ACT ACT ACT ACT ACT ACT ACT ACT AGA AGA AGA AGA AGA AGA AGA AGA AGA AGC AGC AGG AGT AGT AGT AGT AGT AGT AGT AGT AGT AGT AGT AGT ATA ATA ATA ATA ATA ATA ATA ATA ATA ATC ATC ATC ATC ATC ATC ATC ATC ATG ATG ATT ATT ATT ATT ATT ATT ATT ATT ATT ATT ATT ATT ATT ATT ATT ATT ATT CAA CAA CAA CAA CAA CAA CAA CAA CAA CAG CAG CAT CAT CAT CAT CAT CAT CAT CCA CCA CCA CCA CCA CCA CCA CCC CCG CCT CCT CCT CCT CGA CGA CGA CGG CGT CTA CTA CTA CTC CTG CTG CTG CTT GAA GAA GAA GAA GAA GAA GAA GAA GAA GAA GAA GAC GAC GAC GAC GAC GAC GAC GAC GAG GAG GAG GAG GAG GAT GAT GAT GAT GAT GAT GAT GAT GAT GAT GAT GAT GAT GAT GAT GAT GAT GAT GAT GAT GCA GCA GCA GCA GCA GCA GCA GCA GCA GCA GCA GCC GCC GCC GCG GCT GCT GCT GCT GCT GCT GCT GGA GGA GGA GGA GGA GGA GGA GGC GGC GGG GGT GGT GGT GGT GTA GTA GTA GTA GTA GTA GTA GTC GTC GTC GTG GTG GTG GTG GTT GTT GTT GTT GTT TAC TAC TAT TAT TAT TAT TAT TAT TAT TAT TAT TAT TAT TAT TCA TCA TCA TCA TCA TCA TCA TCA TCA TCA TCA TCA TCA TCA TCA TCA TCA TCA TCA TCC TCC TCC TCC TCG TCG TCT TCT TCT TCT TCT TGG TGT TGT TGT TGT TTA TTA TTA TTA TTA TTA TTA TTA TTC TTC TTC TTC TTC TTC TTC TTC TTC TTC TTG TTG TTG TTG TTG TTG TTG TTG TTG TTG TTG TTG TTG TTG TTG TTG TTT TTT TTT TTT TTT TTT TTT TTT TTT TTT TTT
bayanus                                     AAA AAA AAC AAC AAC AAC AAG AAG AAT AAT ACT AGC AGC AGT ATA CAG CCT GAG GAT GAT GCC GGC GGT GTA GTT TCC TCG TTT AAA AAA AAA AAA AAA AAA AAA AAA AAA AAG AAG AAG AAG AAG AAG AAG AAG AAG AAG AGA AGC GCA AAC AAC AAT AAT AAT AAT AAT ACA AGC AGT AGT GAT GAT GGA GGG AAA AAA AAA AAG AAG AAT AGA AGA AGA CCG GAA TCT --- AAC AAC AAC AAC AAC AAC AAC AAC AAC AAT AAT AAT AAT AAT AAT AAT AAT AAT AAT ACC AGC AGT AGT ATG ATG CGC CTC GAA GGA GGA GGT GTT TCG --- AAT ACA ACA ACA ACC ACG ACT ACT ACT AGT CAT GAA GCA GCA TCA TCA AAC ACA ACG ACG ACT ACT GGG TTG ACA ACC ACT ACT ACA ACA ACA ACC ACG ACT ACT GAA AGA AGA AGA AGA AGG AGG CGA CGT CGT AGT GGT AGG AAT AAT AGC AGC AGC AGT AGT AGT AGT AGT GAT GGT ATA ATA ATC ATC ATC CTT GTA GTG TTA ATC ATC ATC ATC ATC ATC ATC ATT ATG CTA ACC ATA ATA ATA ATA ATC ATC ATC ATT ATT ATT ATT ATT ATT CTA GTA GTG CAA CAA CAA CAA CAA CAA CAG GAA GAA CAA CAG CAC CAT CAT CAT CAT CAT TAC CCA CCA CCC CCT CCT CCT GCT CCA AAT CCA CCT CCT GCA CAA CCG CGT AGA AGA AGC TTA TTA TTG CTT TTA TTA CTT CAA GAA GAA GAA GAA GAA GAA GAG GAG GAG GAG AAT GAC GAC GAC GAT GAT GAT GGT GAA GAA GAG GAG GAG AAC AAT AAT ACC AGC GAA GAC GAC GAC GAG GAT GAT GAT GAT GAT GAT GAT GAT GAT GAT ACT AGA AGT GAT GCA GCA GCA GCT GCT GCT TCG GCC GCG GCT GCA GCA GCA GCA GCC GCT GCT GCT AGT GAT GGA GGC GGG GGT GGT AAT GGT GGT GGA GGC GGG GGT ATA ATT GCA GTA GTG GTG GTT GTA GTC GTG GTA GTA GTC GTT ATC GAA GTA GTG GTT TAT TTT AAT AGC TAC TAC TAC TAT TAT TAT TAT TAT TAT TAT AAT AAT AGT CGT GCA GGT TAC TCA TCA TCA TCA TCA TCC TCC TCG TCT TCT TCT TCT TCA TCC TCG TCT AGC CAG AGT GTA TCA TCC TCT TGG TGC TGC TGT TGT AAG CTA CTT TTA TTA TTA TTA TTG CAC TTC TTC TTC TTC TTT TTT TTT TTT TTT CTA CTA CTG TTA TTA TTA TTA TTA TTA TTG TTG TTG TTG TTG TTG TTG AAC TTC TTC TTC TTC TTC TTC TTT TTT TTT TTT
mikatae                                     AAA AGA --- AAC AAC ATT AAG ATA AAT ACC ACA AGC AGT --- ATA CAA CCC GCG GAC GAT GCG GAC GGT GTG GTC TCC TCT TTT AAA AAA AAA AAA AAA AAA AAA AAG AAG AAA AAA AAA AAA AAG AAG AAG AAG AAG AAG AGA AGT ATG AAC AAT AAT AAT AAT AAT AAT ACC AAC AGC AGT GAC GAT GGG GGT AAA AAA AAA AAA AAG AAT AGA AGA AGG CCT GAA TCT --- AAC AAC AAC AAC AAT AAT AAT AAT AAT AAA AAC AAC AAC AAT AAT AAT AAT AAT AGT ACT AGC AGT AGT ATG CTG CGT GCT GAT GGA GGA GGA GTT TCT --- AAC ACA ACA ACT TCA ACA ACA ACC ACT AGT CAT GCA GCA GCA TCA TCT AAT ACA ACC ACG ACT ACT GGG TTG ACG ACC ACC ACT ACA ACG ACT ACC ACA ACT ACT GAA AGA AGG AGG CGG AGA AGA CGA CGA CGT AGT GGT AGA AAT AAT AGC AGT AGT AGC AGT AGT AGT AGT GAT GGC ATA ATA ATC ATT ATT CTT GTA GTT CTG ATA ATC ATC ATC ATC ATT ATT ATC ATG TTG ACC ATA ATA ATA ATC ATA ATT ATT ATA ATC ATC ATC ATT ATT CTA GTA GTG CAA CAA CAA CAA CAA CAG CAG GAA GAA CAA CAG CAT CAC CAC CAT CAT CAT TAT CCT CCT CCA CCA CCA CCG GCT CCA AAC CCA CCA CCT GCA CAG CCA CGT AGG AGA AGC TTA TTA TTA CTT TTA TTA CTA CAG GAA GAA GAA GAA GAA GAG GAA GAA GAG GAG AAC GAC GAT GAT GAC GAT GAT GGT GAA GAA GAA GAG GAG CAC AAT AAT ACC AGC GAA GAC GAC GAT GAG GAC GAC GAC GAC GAC GAC GAT GAT GAT GAT ACT AGG AGT GAT GCA GCA GCA GCC GCT GCT TCT GCA GCG GCA GCA GCA GCA GCC GCC GCA GCC GCT AAC GAT GGG GGT GGA GGT GGT AAT GGT GGT GGT GGC GGA GGT ATA ATT GCA GTG GTA GTC GTT GTG GTT GTG GTA GTG GTC GTT ATA GAA GTA GTG GTG TAC TTT AAT AGC TAC TAT TAT TAC TAC TAT TAT TAT TAT TAT AAC AAT AGT CGT GCA GAG TAC TCA TCA TCA TCG TCG TCC TCT TCA TCT TCT TCT TCT TCA TCC TCT TCA AGC CAG AGT GTA TCA TCC TCT TGG TGC TGT TGT TGT AGA CTG CTT CTA TTA TTA TTG TTA CAC TTC TTT TTT TTT TTC TTC TTT TTT TTT TTA TTG CTA ATG TTA TTA TTA TTA TTA CTA TTA TTA TTG TTG TTG TTG AAC TTC TTC TTC TTC TTT TTT TTC TTT TTT TTT
kluyveri                                    --- --- --- --- --- --- --- --- --- --- --- --- --- --- --- --- --- --- --- --- --- --- GGT GCG --- TCC --- --- --- AAA AAA AAA AAG AAG CGA AAA AAG --- AAA AAA AAG AAA AAA AAA AAA AAG AAG AAA --- --- AGT AAC --- AAC AAC AAT GAT --- --- --- --- GAT GAT AAT --- AAA AAG AGA AAA AAA AAT AAG AGT AGG --- --- --- --- AAC AAT AAT AAT --- AAC AAC AAT AAT --- AAC AAC AAT AAC AAC AAT AAT GAT TCG AAG --- --- AAT ATG --- AAC --- --- --- GGA --- --- ACC --- GCT ACC ACT ACA --- ACA ACA ACA TCC AGG TAT --- --- GCA TCA ACT --- ACC --- ACT GCA GCT GGT ATA ACA ACC ACT ACC ACT ACA ACT ACC ACT ACC ACG GAA AGA CAA CGT CGA CAA CGC CGA AGA AAG AGT GGT AGA AAC AGC AGC AGC AGT AGT AGC AGC AGT AGT --- GGA --- ATT ATA ATT ATT ATC GTA GTG GTC ATA ATA ATC ATC ATT ATC GTT ATA ATG CTA ACA ATC ATT ATT ATC ATT ATA ATT ATC ATA ATC ATT ATC ATT ATA GTT GTT AAT CAA CAA CAG CAG AAA CAC --- CAG CAA CAG CAT CAC CAT CAC CAC CAT CAC CCA CCT CCA CCA CCT CCA GCA CCG GTA CCT CCA CCA CCA CAA CCG CGT CGC --- --- CTA TTA TTG CTT CTG TTG CTT GAG GAA GAA GAG GAG GAG GAG GAA GAG GAA GAG GAT GAC --- GAT --- GAC GAT GGG GAA GAG GAA GAA GAG --- --- GAT ACT --- CAT GAC GAT GAC GAT GAA GAC GAC GAC GAT GGC GAC GAT GAT GAT GCT GCA TCA --- GCA GCC GCT GCA GCA GCT GCA GCG GCT GCA GCT GCA GCT GCG GCA GCT GCT GCA --- GGC --- GGC GGT GGC GGT AAT GGT GGT GGA --- GGT GGC GTT ATT GCC GTT GTA --- GTT GTT ATA GTC GTA GTT GTA GTC ATC GCA GTA GTA GTG TAT TTT TTC --- TAC TAC TAT TAC TAT TAC TAC TAT TAT TAT --- TCG --- GAA CAG --- TTA TCA TCC TCG AGT TCC TCT TCA TCG TCC TCC TCG TCG TCC TCG TCC ACT --- CAG TCA GTA TCC TCT TCG TGG TGT TCC TGC TGT AAG TTG CTA CTT CTT TTG CTA CTA --- TTC TTC TTC TTC TTC TTC TTC TTC TTT TTG CTA TTA CTA TGC TTA TTG TTG TTG TTA TTG TTG CTG TTA TTA TTG --- TTC TTC TTC TTT TTT TTT TTT --- TTC TTT
cerevisiae                                  AAA AAA --- AAC CAC AAT AAA AAG AAT ATC ACG AGC AGT --- ATA CAA CCC GCG GAT GAT GCG GGC GGC GTG GTT TCC TCT TTT AAA AAA AAA AAG AAA AAG AAA AAA AAG AAG AAA AAG AAG AAA AAA AAG AAG AAA AAG AGA AGC GCA AAC AAT AAT AAC AAT AAT AAT ACC AAT AGT AGC GAC GAT GGA GGA AAA AAA AAA AAA AAG AAT AGG AGA AGA TCG GAA TCT --- AAT AAC AAC AAC AAT AAT AAT AAT AAT AAT AAC AAT AAT AAC AAT AAT AAT AAT AAT ACT GGC AGT AGT ATG ATG CGC CCT GAA GGA GGA GGA GTG TCG --- AAC ACA ACA ACT TCG ACA ACA ACC ACT AGT CAT GAG GCA GCA TCA TCT AAT ACA ACT ACG ACC ACC GGG TTG ACA ACC ACT ACT ACA ACA ACT ACC ACA ACC ACT GAA AGA AGA AGA AGA AGG AGA CGA AGA CGT AGT GGT AGA AAT AAT AGC AGT AGT AGC AGC AGT AGC AGT GAT GGT ATA ATA ATC ATC ATT CTA GTA GTG TTG ATA ATC ATC ATT ATC ATT ATT ATT ATG TTG ACT ATA ATA ATA ATT ATC ATT ATT ATA ATC ATC ATC ATT ATT TTA GTA GTA CAA CAA CAG CAA CAG CAA CAA GAA GAA CAA CAG CAT CAT CAC CAC CAT CAT TAT CCT CCA CCA CCA CCT CCG GCT CCA AAC CCA CCA CCT GCA CAA CCA CGT AGG AGA AGC CTA TTA CTG CTT TTA TTA CTT CAG GAA GAA GAA GAA GAG GAA GAA GAA GAG GAG AAC GAC GAT GAC GAC GAT GAT GGT GAA GAA GAA GAG GAA CAC AAT AAT ACA GGC GAA GAC GAC GAT GAG GAT GAC GAC GAT GAT GAC GAT GAC GAC GAT ACC AGG AGT GAT GCA GCA GCA GCT GCT GCT TCC GCT GCG GCA GCA GCA GCA GCT GCG GCC GCC GCT AAC GAT GGA GGT GGC GGT GGT AAT GGT GGT GGT GGC GGA GGT ATA ATT GCG GTG GTG GTC GTT GTA GTT GTG GTA GTA GTC GTT ATA GAA GTA GTA GTG TAT TTT AAT AGT TAC TAT TAT TAT TAT TAT TAT TAC TAT TAT AAC AAC AGT CGT GCG GGA TAC TCA TCC TCA TCT TCA TCT TCT TCC TCC TCT TCT TCT TCG TCC TCG TCG AGC CAA AGT GTA TCG TCC TCA TGG TGC TGT TGT TGT AGG CTG CTT TTA CTA TTA TTA TTG CAC TTC TTC TTC TTT TTC TTT TTC TTT TTT CTG TTG TTA TTA TTA TTA CTT TTA TTA CTG TTA TTA TTG TTG TTG TTG AAC TTC TTT TTT TTC TTC TTT TTT TTT TTT TTT
paradoxus                                   AAA AAG --- AAC CAC AAT AAA AAG AAT ATC ACA AGC AGT --- ATA CAA CCT GCG GAT GAT GCG GGC GGT GTG GTT TCC TCT TTT AAA AAA AAG AAG AAA AAG AAA AAA AAG AAG AAA AAG AAG AAA AAG AAG AAG AAA AAG AGA AGC ACA AAC AAT AAT AAC AAT AAT AAT ACC AAT AGT AGT GAC GAT GGA GGA AAA AAA AAA AAA AAG AAT AGA AGA AGG TCG GAA TCT --- AAC AAC AAT AAT AAT AAC AAT AAT AAT AAT AAC AAT AAT AAC AAT AAC AAT AAT AAC ACT AGC AGT AGT ATG ATG CGC CCT GAG GGA GGA GGA GTT TCG --- AAT ACA ACA ACT GCA ACA ACA ACC ACT AAT CAT GAG GCA GCA TCA TCT AAT ACA ACT ACG ACT ACT GGG TTG ACG ACC ACT ACT ACG ACA ACT ACC ACA ACC ACT GAA AGA AGG AGA AGA AGG AGA CGA CGA CGT AGT GGT AGA AAT AAT AGC AGT AGT AGC AGT AGT AGC AGT GAT GGT ATA ATA ATC ATT ATT CTT GTA GTG TTG ATA ATC ATC ATC ATC ATT ATT ATT ATG TTG ACT ATA ATA ATA ATC ATC ATT ATT ATA ATC ATC ATC ATT ATT TTA GTA GTG CAA CAA CAA CAA CAA CAA CAA GAA GAA CAA CAG CAT CAC CAC CAT CAT CAT TAT CCT CCA CCA CCA CCT CCG GCT CCA AAC CCA CCC CCT GCA CAA CCA CGA AGA AGA AGC CTA TTA CTA CTT TTA TTA CTT CAG GAA GAA GAA GAA GAA GAA GAA GAG GAG GAG AAC GAC GAT GAC GAT GAT GAT GGT GAA GAG GAA GAG GAA CAC AAT AAT ACT GGC GAA GAC GAC GAT GAG GAT GAC GAT GAT GAT GAC GAT GAC GAT GAT ACT AGG AGT GAT GCA GCA GCA GCT GCT GCT TCC GCT GCG GCA GCA GCA GCA GCC GCG GCC GCC GCT AAC GAT GGA GGT GGG GGT GGT AAT GGT GGT GGT GGC GGA GGT ATA ATT GCA GTG GTG GTC GTC GTA GTC GTG GTA GTA GTC GTT ATA GAG GTA GTG GTG TAT TTC AAT AGT TAC TAT TAT TAT TAT TAC TAT TAT TAC TAT AAC AAC AGT CGT GCG GGA TAC TCA TCC TCA TCA TCA TCA TCT TCC TCT TCT TCT TCT TCG TCC TCG TCG AGC CAA AGT GTA TCA TCC TCT TGG TGC TGT TGT TGT AGG CTA CTC TTA TTA TTA TTA TTG CAC TTC TTC TTT TTC TTC TTT TTT TTT TTT CTA TTG TTA TTA TTA TTA CTA TTA TTA CTG TTA TTA TTG TTA TTG TTG AAC TTC TTC TTT TTC TTC TTT TTT TTT TTT TTT
kudriavzevii                                AAA AAA --- AAC CAC AAT AAG AAG AAT ATC ACA AGC AGC --- ATA CAA TCC GCG GAC GAT GCG AGC GGT GTG GTC TCC TCT TTT AAA AAA AAA AAA AAA AAA AAA AAA AAG AAG AAG AAG AAG AAG AAA AAA AAG AAG AAG AGA AGT ACA AAC AAT AAT AAT AAT AAT AAT ACC AGC AGT AGT GAC GAT GGT GGA AAA AAA AAA AAA AAG AAT AGA AGA AGA TCA GAA TCT --- AAT AAC AAC AAT AAT AAT AAT AAC AAT AAT AAC AAT AAT AAT AAT AAT AAT AAT AAT ACT AGC AGT AGT ATG ATG CGC CCT GAA GGA GGA GGA GTT TCA --- AAT ACA ACA ACC TCA ACA ACA ACC ACC CGC CAT GAG GCA GCA ACA TCC AAT ACA GCG ACA ACT ACT GGT TTG ACG ACC ACC ACT ACG ACA ACT ACC ACA ACA ACT GAA AGA AGA AGA AGA AGG AGT CGG CGG CGT AGT GGT AGA AAT AAT AGC AGT AGC AGC AGT AGT AGT AGT GAT GGC ATA ATA ATC ATA ATC CTT GTA GTG TTG ATA ATC ATT ATT ATC ATT ATT ATC ATG TTA ACC ATA ATA ATC ATC ATC ATT ATT ATT ATC ATC ATC ATT ATT TTA GTA GTG CAG CAA CAA CAA CAA CAA CAG CAG GAA CAG CAG CAT CAC CAC CAT CAT CAT TAT CCA CCA CCA CCC CCT CCG GCT CCA AAC CCA CCT CCT GCA CAG CCA CGT AGA AAG AGC TTG TTA TTG CTT CTA TTA CTT CAG GAA GAG GAA GAG GAA GAA GAA GAG GAG GAG AAT GAC GAT GAT GAA GAT GAT GGT GAA GAA GAG GAG GAA AAC AAT AAC ACG AGT GAG GAC GAC GAT GAG GAT GAC GAT GAT GAT GAC GAT GAT GAT GAT ACT AGA AGT GAT GCA GCA GCA GCT GCT GCT TCC GCC GCG GCT GCA GCA GCT GCC GCT GCT GCT GCT AAT GAT GGA GGC GGG GGT GGA AAC GGT GGT GGT GGC GGG GGT ATC ATT GCA GTA GTG GTG GTT GTG GTC GTG GTT GTA GTT GTT ATT GAA GTG GTG GTG TAT TTT AAT GGC TAC TAT TAT TAT TAT TAT TAT TAT TAT TAT AAT AAC AGT CGT GCA GGC TAC TCC TCG TCA TCA TCC TCT TCT TCC TCT TCT TCC TCT TCA TCC TCG TCA AGC CAG AGT GTG TCA TCC TCT TGG TGC TGT TGT TGT AAA CTG CTT TTA TTA CTA TTA TTG CAC TTC TTT TTC TTC TTC TTT TTT TTC TTT TTA TTA TTG TTA TTG TTA CTA CTA TTA CTG TTA TTG TTG TTG TTG TTG AAC TTC TTC TTC TTC TTC TTT TTT TTT TTT TTT



    2    1    2    1    1    1    1    1    1    1    1    1    1    1    2
    1    1    1    1    1    1    1    1    1    1    1    1    1    1    4
    1    1    3    1    1    1    1    1    1    1    2    1    1    1    1
    1    1    1    1    1    1    1    1    1    1    1    1    1    1    1
    2    1    1    1    1    1    4    1    1    1    1    1    1    1    1
    1    1    1    1    1    1    1    1    1    1    1    1    1    2    1
    1    1    4    1    6    1    1    1    1    2    1    1    1    1    1
    1    1    1    1    1    1    1    1    1    1    1    1    1    1    1
    1    1    1    1    1    1    1    1    1    2    1    1    1    1    1
    1    1    1    1    1    1    1    1    1    2    1    1    1    2    1
    1    1    1    1    1    1    1    2    1    1    1    1    2    1    1
    1    1    3    1    2    1    1    1    1    2    1    1    1    1    1
    1    1    1    1    1    1    1    1    1    7    1    1    2    2    1
    1    1    1    1    1    1    1    1    3    1    1    1    1    1    4
    1    1    1    1    1    1    1    1    1    1    1    1    1    2    5
    1    1    1    1    1    1    1    1    1    1    1    1    1    1    1
    1    1    1    1    1    1    1    1    1    1    1    1    1    5    1
    3    2    1    1    1    1    1    1    1    1    1    1    1    1    1
    1    1    1    1    1    1    1    1    1    1    1    1    1    1    2
    1    1    1    1    1    1    1    5    2    1    7    1    1    1    1
    1    1    1    1    1    1    1    1    1    1    1    1    1    1    1
    1    1    1    1    1    1    1    1    1    1    1    1    1    1    1
    1    1    1    1    1    1    1    1    1    1    1    1    1    1    1
    1    1    1    1    1    1    1    1    1    1    1    1    2    1    2
    1    1    1    1    1    1    1    1    1    1    1    1    1    1    1
    1    1    1    1    1    1    1    1    1    1    1    1    1    1    1
    1    1    1    1    1    6    1    1    2    1    1    1    1    1    1
    1    1    1    1    1    1    1    1    1    1    1    1    6    1    1
    1    1    1    1    1    1    2    1    1    1    1    1    1    1    1
    1    1    1    2    1    2    1    1    1    2

CODONML (in paml version 4.4b, July 2010)  torun.nuc
Model: One dN/dS ratio for branches Global clock 
Codon frequency model: F3x4
ns =   7  ls = 531

Codon usage in sequences
--------------------------------------------------------------------------------------------------------------
Phe TTT 14 17 20 15 20 19 | Ser TCT  5  7 12  2  9  9 | Tyr TAT 14  9  9  9 12 11 | Cys TGT  5  3  4  2  4  4
    TTC 15 12  9 13  9 10 |     TCC  4  5  4 10  7  6 |     TAC  2  6  6  5  3  4 |     TGC  0  2  1  3  1  1
Leu TTA  8 16 17  7 16 18 |     TCA 19  9  9  5  5  7 | *** TAA  0  0  0  0  0  0 | *** TGA  0  0  0  0  0  0
    TTG 17 10  8 12  9  8 |     TCG  2  5  2  8  7  5 |     TAG  0  0  0  0  0  0 | Trp TGG  6  6  6  6  6  6
--------------------------------------------------------------------------------------------------------------
Leu CTT  1  4  3  4  4  3 | Pro CCT  4  6  4  3  4  5 | His CAT 12 11 10  8 10 10 | Arg CGT  1  4  4  2  3  2
    CTC  1  1  0  0  0  1 |     CCC  1  1  1  0  1  1 |     CAC  0  2  4  6  5  5 |     CGC  0  1  0  2  1  1
    CTA  3  5  5  7  3  5 |     CCA  7  4  7  7  7  6 | Gln CAA 12 12 10  9 12 14 |     CGA  3  1  2  3  1  3
    CTG  3  1  3  2  4  1 |     CCG  1  2  1  2  1  1 |     CAG  2  4  6  6  4  2 |     CGG  1  0  1  0  0  0
--------------------------------------------------------------------------------------------------------------
Ile ATT 21 10 12 12 13 12 | Thr ACT  9 11 10 10  9 13 | Asn AAT 44 38 34 19 38 38 | Ser AGT 16 22 23 10 19 21
    ATC  8 15 11 13 11 12 |     ACC  9  6  9  8  8  5 |     AAC 16 19 18 16 16 17 |     AGC  3 13 10  8 11  9
    ATA 10 11 15 10 13 13 |     ACA 17 10 10  7 12 11 | Lys AAA 28 23 27 18 26 23 | Arg AGA 10 12 11  5 12 11
Met ATG  8  9 10  8  9  9 |     ACG  4  5  3  1  2  3 |     AAG 15 16 10 17 12 15 |     AGG  1  3  5  2  5  5
--------------------------------------------------------------------------------------------------------------
Val GTT  5  5  5  8  4  3 | Ala GCT  7  8  5 10  7  6 | Asp GAT 32 31 27 21 26 29 | Gly GGT  4 11 11  8 10 11
    GTC  3  2  3  3  2  4 |     GCC  3  3  4  2  2  3 |     GAC  8  7 13 13 12  9 |     GGC  2  3  2  5  6  3
    GTA  7  9  6  8  9  7 |     GCA 11 13 15 13 11 12 | Glu GAA 18 23 23 14 25 22 |     GGA  7  5  5  3  8  8
    GTG  4  6  8  2  7  8 |     GCG  1  1  3  3  6  5 |     GAG  5  9  7 12  6  9 |     GGG  1  4  3  1  1  2
--------------------------------------------------------------------------------------------------------------

--------------------------------------------------
Phe TTT 18 | Ser TCT  8 | Tyr TAT 13 | Cys TGT  4
    TTC 11 |     TCC 10 |     TAC  2 |     TGC  1
Leu TTA 14 |     TCA  8 | *** TAA  0 | *** TGA  0
    TTG 12 |     TCG  2 |     TAG  0 | Trp TGG  6
--------------------------------------------------
Leu CTT  4 | Pro CCT  4 | His CAT 10 | Arg CGT  3
    CTC  0 |     CCC  1 |     CAC  4 |     CGC  2
    CTA  4 |     CCA  6 | Gln CAA  9 |     CGA  0
    CTG  2 |     CCG  1 |     CAG  8 |     CGG  2
--------------------------------------------------
Ile ATT 13 | Thr ACT  7 | Asn AAT 41 | Ser AGT 22
    ATC 14 |     ACC  8 |     AAC 13 |     AGC 11
    ATA 10 |     ACA 14 | Lys AAA 26 | Arg AGA 12
Met ATG  9 |     ACG  3 |     AAG 14 |     AGG  1
--------------------------------------------------
Val GTT  5 | Ala GCT 10 | Asp GAT 30 | Gly GGT 10
    GTC  2 |     GCC  2 |     GAC  7 |     GGC  5
    GTA  4 |     GCA 10 | Glu GAA 20 |     GGA  6
    GTG 11 |     GCG  4 |     GAG 11 |     GGG  2
--------------------------------------------------

Codon position x base (3x4) table for each sequence.

#1: castellii      
position  1:    T:0.22200    C:0.10400    A:0.43800    G:0.23600
position  2:    T:0.25600    C:0.20800    A:0.41600    G:0.12000
position  3:    T:0.38800    C:0.15000    A:0.32000    G:0.14200
Average         T:0.28867    C:0.15400    A:0.39133    G:0.16600

#2: bayanus        
position  1:    T:0.20227    C:0.11153    A:0.42155    G:0.26465
position  2:    T:0.25142    C:0.18147    A:0.39698    G:0.17013
position  3:    T:0.37240    C:0.18526    A:0.28922    G:0.15312
Average         T:0.27536    C:0.15942    A:0.36925    G:0.19597

#3: mikatae        
position  1:    T:0.20342    C:0.11597    A:0.41445    G:0.26616
position  2:    T:0.25665    C:0.18821    A:0.38783    G:0.16730
position  3:    T:0.36692    C:0.18061    A:0.30798    G:0.14449
Average         T:0.27567    C:0.16160    A:0.37009    G:0.19265

#4: kluyveri       
position  1:    T:0.21652    C:0.13616    A:0.36607    G:0.28125
position  2:    T:0.27679    C:0.20312    A:0.38616    G:0.13393
position  3:    T:0.31920    C:0.23884    A:0.25893    G:0.18304
Average         T:0.27083    C:0.19271    A:0.33705    G:0.19940

#5: cerevisiae     
position  1:    T:0.20532    C:0.11407    A:0.41065    G:0.26996
position  2:    T:0.25285    C:0.18631    A:0.39354    G:0.16730
position  3:    T:0.36502    C:0.18061    A:0.30418    G:0.15019
Average         T:0.27440    C:0.16033    A:0.36946    G:0.19582

#6: paradoxus      
position  1:    T:0.20532    C:0.11407    A:0.41255    G:0.26806
position  2:    T:0.25285    C:0.18631    A:0.39544    G:0.16540
position  3:    T:0.37262    C:0.17300    A:0.30418    G:0.15019
Average         T:0.27693    C:0.15779    A:0.37072    G:0.19455

#7: kudriavzevii   
position  1:    T:0.20722    C:0.11407    A:0.41445    G:0.26426
position  2:    T:0.25285    C:0.18631    A:0.39544    G:0.16540
position  3:    T:0.38403    C:0.17681    A:0.27186    G:0.16730
Average         T:0.28137    C:0.15906    A:0.36058    G:0.19899

Sums of codon usage counts
------------------------------------------------------------------------------
Phe F TTT     123 | Ser S TCT      52 | Tyr Y TAT      77 | Cys C TGT      26
      TTC      79 |       TCC      46 |       TAC      28 |       TGC       9
Leu L TTA      96 |       TCA      62 | *** * TAA       0 | *** * TGA       0
      TTG      76 |       TCG      31 |       TAG       0 | Trp W TGG      42
------------------------------------------------------------------------------
Leu L CTT      23 | Pro P CCT      30 | His H CAT      71 | Arg R CGT      19
      CTC       3 |       CCC       6 |       CAC      26 |       CGC       7
      CTA      32 |       CCA      44 | Gln Q CAA      78 |       CGA      13
      CTG      16 |       CCG       9 |       CAG      32 |       CGG       4
------------------------------------------------------------------------------
Ile I ATT      93 | Thr T ACT      69 | Asn N AAT     252 | Ser S AGT     133
      ATC      84 |       ACC      53 |       AAC     115 |       AGC      65
      ATA      82 |       ACA      81 | Lys K AAA     171 | Arg R AGA      73
Met M ATG      62 |       ACG      21 |       AAG      99 |       AGG      22
------------------------------------------------------------------------------
Val V GTT      35 | Ala A GCT      53 | Asp D GAT     196 | Gly G GGT      65
      GTC      19 |       GCC      19 |       GAC      69 |       GGC      26
      GTA      50 |       GCA      85 | Glu E GAA     145 |       GGA      42
      GTG      46 |       GCG      23 |       GAG      59 |       GGG      14
------------------------------------------------------------------------------

(Ambiguity data are not used in the counts.)


Codon position x base (3x4) table, overall

position  1:    T:0.20860    C:0.11533    A:0.41190    G:0.26417
position  2:    T:0.25663    C:0.19101    A:0.39598    G:0.15638
position  3:    T:0.36777    C:0.18263    A:0.29433    G:0.15526
Average         T:0.27767    C:0.16299    A:0.36740    G:0.19194

Codon frequencies under model, for use in evolver (TTT TTC TTA TTG ... GGG):
  0.02065366  0.01025626  0.01652920  0.00871939
  0.01537225  0.00763360  0.01230247  0.00648973
  0.03186821  0.01582522  0.00000000  0.00000000
  0.01258547  0.00624973  0.00000000  0.00531323
  0.01141896  0.00567046  0.00913863  0.00482076
  0.00849898  0.00422045  0.00680177  0.00358803
  0.01761924  0.00874942  0.01410074  0.00743834
  0.00695823  0.00345534  0.00556870  0.00293757
  0.04078199  0.02025165  0.03263798  0.01721700
  0.03035351  0.01507304  0.02429203  0.01281439
  0.06292585  0.03124792  0.05035979  0.02656551
  0.02485083  0.01234050  0.01988821  0.01049131
  0.02615577  0.01298851  0.02093256  0.01104222
  0.01946741  0.00966719  0.01557984  0.00821859
  0.04035787  0.02004104  0.03229855  0.01703795
  0.01593823  0.00791465  0.01275542  0.00672867



Nei & Gojobori 1986. dN/dS (dN, dS)
(Pairwise deletion)
(Note: This matrix is not used in later ML. analysis.
Use runmode = -2 for ML pairwise comparison.)

castellii           
bayanus             -1.0000 (0.1571 -1.0000)
mikatae             -1.0000 (0.1575 -1.0000) 0.0175 (0.0192 1.0970)
kluyveri            -1.0000 (0.1008 -1.0000)-1.0000 (0.0932 -1.0000)-1.0000 (0.0938 -1.0000)
cerevisiae          -1.0000 (0.1587 -1.0000) 0.0109 (0.0112 1.0300) 0.0261 (0.0172 0.6585)-1.0000 (0.0929 -1.0000)
paradoxus           -1.0000 (0.1549 -1.0000) 0.0123 (0.0104 0.8446) 0.0295 (0.0165 0.5591)-1.0000 (0.0943 -1.0000) 0.0116 (0.0032 0.2754)
kudriavzevii        -1.0000 (0.1610 -1.0000) 0.0190 (0.0144 0.7576) 0.0365 (0.0251 0.6870)-1.0000 (0.0925 -1.0000) 0.0171 (0.0128 0.7521) 0.0209 (0.0128 0.6125)


TREE #  1:  ((((((5, 6), 3), 7), 2), 1), 4);   MP score: -1
lnL(ntime:  6  np:  8):  -5436.363521      +0.000000
   8..9     9..10   10..11   11..12   12..13   13..5    13..6    12..3    11..7    10..2     9..1     8..4  
 2.660327 2.660324 0.300945 0.256524 0.197953 0.096361 2.677466 0.019668
SEs for parameters:
 0.331960 0.325998 0.020445 0.016728 0.015301 0.011269 0.244081 0.002328

tree length =   8.83276

((((((5: 0.096361, 6: 0.096361): 0.101593, 3: 0.197953): 0.058570, 7: 0.256524): 0.044422, 2: 0.300945): 2.359379, 1: 2.660324): 0.000003, 4: 2.660327);

((((((cerevisiae: 0.096361, paradoxus: 0.096361): 0.101593, mikatae: 0.197953): 0.058570, kudriavzevii: 0.256524): 0.044422, bayanus: 0.300945): 2.359379, castellii: 2.660324): 0.000003, kluyveri: 2.660327);

Detailed output identifying parameters

kappa (ts/tv) =  2.67747

omega (dN/dS) =  0.01967

dN & dS for each branch

 branch          t       N       S   dN/dS      dN      dS  N*dN  S*dS

   8..9      0.000  1219.7   373.3  0.0197  0.0000  0.0000   0.0   0.0
   9..10     2.359  1219.7   373.3  0.0197  0.0620  3.1535  75.7 1177.2
  10..11     0.044  1219.7   373.3  0.0197  0.0012  0.0594   1.4  22.2
  11..12     0.059  1219.7   373.3  0.0197  0.0015  0.0783   1.9  29.2
  12..13     0.102  1219.7   373.3  0.0197  0.0027  0.1358   3.3  50.7
  13..5      0.096  1219.7   373.3  0.0197  0.0025  0.1288   3.1  48.1
  13..6      0.096  1219.7   373.3  0.0197  0.0025  0.1288   3.1  48.1
  12..3      0.198  1219.7   373.3  0.0197  0.0052  0.2646   6.3  98.8
  11..7      0.257  1219.7   373.3  0.0197  0.0067  0.3429   8.2 128.0
  10..2      0.301  1219.7   373.3  0.0197  0.0079  0.4022   9.6 150.2
   9..1      2.660  1219.7   373.3  0.0197  0.0699  3.5558  85.3 1327.3
   8..4      2.660  1219.7   373.3  0.0197  0.0699  3.5558  85.3 1327.3

tree length for dN:       0.2322
tree length for dS:      11.8058


Time used:  0:11
