
seed used = 1418805393
      5    999

bayanus                                    ATG TCA GAA CAC GAA GAT AAA AAA CAA AAA GTT GGT GGT TCA TCC TTG GAC CAG TTG AAG AAT GCT GGT ACC CAT GTG GTG GCT GAC TCT GGG GAT TTT GAG TCT ATT TCC AAG TAC GAA CCG CAG GAC TCA ACT ACC AAC CCT TCT CTG ATA TTG GCC GCT TCA AAG CTA GAG AAG TAT GAG AAG CTG ATC GAC GCC GCT GTC GAG TTC GGT AGA AAG CAT GGT AAG ACC GAC CAT GAG AAA GTC GAA AAT GCC ATG GAT AAA ATT TTG GTG GAG TTT GGT TCA CAG ATC TTG AAG ATC GTG CCA GGT AGA GTT TCC ACC GAG GTG GAT GCA AGG CTG TCC TTT GAC AAG AAA GCC ACG GTC AAG AAA GCC CTT CAT ATC ATC AAA CTA TAC AAA GAC ATG GGC GTA CCT AAA GAA AGA GTA TTG ATT AAG ATA GCT TCT ACA TGG GAA GGT ATC CAA GCC GCT AAG GAG TTG GAA GCA AAA CAC GGC ATC CAC TGT AAC ATG ACG TTG TTG TTT TCC TTC ACT CAA GCA GTA GCA TGC GCG GAG GCA AAC GTT ACT TTG ATT TCC CCA TTT GTG GGA AGG ATT ATG GAC TTC TAC AAG GAG CGG TCA GGT GAA GAC TAC ACC GGA AAG ACT GAT CCC GGT GTT CTT TCT GTA AAA AAG ATA TAC AGC TAT TAT AAG AGG CAC GGC TAT AAA ACC GAA GTG ATG GCG GCT TCC TTT AAA AAC CTT GAC GAG TTG AAG GCC TTG GCG GGT ATT GAT GAC ATG ACT CTC CCA CTA AAC CTT TTG CAA CAG TTA CAC GAG TCA ACA GAT CCT ATT GAA AAC AAA TTG AAT GCA GAG ACC GCT AAG CAA GAA GGT GTT GAA AAA GTA TCT TTT ATC AAT GAC GAA CCT CAC TTC AGA TAC GTC TTT AAC GAA GAT CAA ATG GCC ACA GAA AAA CTA TCT GAT GGT ATT AGG AAA TTT TCT GTA GAC ATT GAA GCG CTG TAC GAG CTG GTT GAG AAA AAA ATG 
mikatae                                    ATG TCA GAG CCT TCA GAG AAA AAA CAA AAA GTT GCT ACT TCA TCT TTG GAC CAA TTG AAG AAT GCT GGG ACC CAT GTG GTG GCT GAT TCT GGG GAT TTT GAG GCC ATT TCT AAG TAT GAA CCG CAG GAT TCA ACG ACT AAC CCT TCC CTT ATA TTG GCC GCG TCA AAG CTG GAG AAG TAT GCG AAA TTG ATT GAC GCT GCC GTC AAA TAT GGT AGG AAG CAT GGT AAA ACT GAC CAT GAG AAA ATC GAA AAT TCC ATG GAT AAA ATT TTG GTG GAA TTT GGT ACT CAG ATT TTG AAG ATC GTT CCA GGA AGA ATT TCC ACT GAA GTG GAC GCA AGA CTG TCC TTT GAC AAG AAG GCT ACG GTC AAA AAA GCT CTC CAC ATT ATC AAA CTA TAT AAA GAT GCA GGC GTA CCT AAA GAA AGG GTC TTG ATT AAG ATA GCC TCC ACT TGG GAG GGT ATT CAG GCA GCT AGG GAG TTG GAA GCA AAA CAC GGT ATC CAC TGT AAT ATG ACG CTG TTA TTT TCC TTC ACT CAA GCA GTG GCA TGT GCG GAA GCA AAT GTC ACT TTG ATC TCC CCA TTT GTG GGA AGA ATA ATG GAC TTT TAC AAG GCC CTT TCC GGT GAA AAC TAC ACA GCA GAA ACT GAT CCT GGT GTT CTT TCT GTT AAA AAA ATA TAT AGT TAT TAC AAG AGG CAT GGT TAT GCA ACC GAG GTG ATG GCG GCA TCC TTT AGA AAT TTA GAT GAA TTG AAA GCT TTA GCA GGT ATC GAT GAT ATG ACT CTC CCA CTA AAT ATT CTA GAG CAG TTA TAT GAA TCA ACA GAC CCT ATT GAG AAC AAA TTG AAT GCT GAG ACT GCT AAG GAA GAA GGT GTC GAA AAA GTT TCA TTT ATC AAC GAC GAA TCT CAT TTC AGG TAT GTT TTG AAC GAA GAT CAA ATG GCG ACA GAA AAA TTA TCT GAC GGT ATC AGA AAA TTC TCT GCA GAT ATT GAA GCA CTA TAT AAA TTG GTT GAA GAA AAG TTG 
cerevisiae                                 ATG TCA GAA CCT TCA GAG AAA AAA CAA AAA GTT GCT ACC TCA TCT TTA GAA CAA TTA AAA AAG GCC GGG ACC CAT GTG GTT GCT GAT TCG GGT GAT TTT GAG GCT ATT TCG AAG TAT GAA CCA CAG GAT TCA ACA ACT AAC CCT TCT CTG ATA TTG GCT GCT TCA AAG TTG GAG AAA TAT GCG AGG TTT ATC GAC GCT GCC GTT GAA TAT GGT AGA AAG CAT GGC AAA ACT GAT CAT GAG AAA ATC GAG AAC GCC ATG GAT AAG ATT TTG GTG GAA TTC GGC ACC CAG ATT TTG AAG GTA GTC CCA GGA AGG GTT TCC ACT GAA GTA GAC GCA AGG TTA TCT TTT GAT AAG AAG GCG ACG GTG AAG AAG GCT CTC CAC ATC ATC AAA CTA TAT AAA GAT GCG GGA GTA CCT AAA GAA AGA GTC TTG ATC AAG ATA GCT TCT ACG TGG GAG GGT ATC CAA GCT GCT AGA GAA TTG GAA GTA AAG CAT GGT ATT CAT TGT AAT ATG ACA TTA CTG TTT TCC TTT ACG CAA GCA GTA GCC TGT GCG GAG GCA AAT GTC ACA TTG ATC TCC CCA TTT GTT GGA AGG ATT ATG GAC TTT TAC AAG GCC CTT TCA GGC AAA GAC TAT ACT GCA GAA ACT GAT CCC GGT GTT CTT TCT GTT AAG AAG ATA TAC AGT TAC TAT AAG AGG CAT GGT TAT GCA ACT GAG GTA ATG GCG GCT TCT TTC AGG AAT TTA GAT GAA TTG AAG GCG TTA GCC GGT ATT GAT AAT ATG ACT CTC CCA CTG AAC CTT CTA GAA CAG TTA TAT GAA TCA ACA GAT CCT ATT GAA AAC AAA TTG AAT TCT GAG AGT GCT AAG GAA GAA GGC GTC GAA AAA GTC TCT TTT ATC AAC GAC GAG CCT CAT TTC AGA TAT GTT TTA AAC GAA GAT CAA ATG GCT ACA GAA AAA CTA TCA GAT GGT ATC AGA AAA TTC TCC GCA GAC ATT GAA GCA CTG TAC AAA CTG GTT GAA GAA AAA ATG 
paradoxus                                  ATG TCA GAA CCT TCA GAG AAA AAA CAA AAA GTT GCT ACA TCA TCC TTG GAC CAA TTA AAG AAG GCC GGG ACC CAT GTG GTT GCT GAT TCG GGG GAT TTT GAG GCT ATT TCG AAG TAT GAA GCA CAA GAT TCA ACG ACT AAT CCT TCT CTG ATA CTG GCA GCT TCA AAA TTG GAG AAG TAT GCA AGA TTT ATC GAC ACA GCC GTT GAA TAT GGG AGG AAG CAT GGT AAA ACC GAT CAC GAG AAA ATC GAG AAC GCC ATG GAT AAG ATT TTG GTG GAA TTC GGT ACC CAG ATT TTG AAG ATT GTC CCA GGA AGA GTT TCT ACT GAG GTG GAC GCA AGG TTA TCT TTT GAT AAG AAG GCG ACT GTC AAG AAA GCT CTT CAC ATC ATC AAA TTA TAT AAA GAT GCG GGC GTA CCT AAA GAA AGA GTT TTG ATC AAG ATA GCT TCT ACA TGG GAG GGT ATA CAA GCT GCC AGA GAG TTG GAA GCA AAA CAC GGT ATC CAT TGT AAC ATG ACG TTA CTA TTC TCC TTT ACG CAA GCA GTA GCA TGT GCG GAA GCA AAT GTC ACT TTG ATC TCT CCA TTC GTG GGA AGA ATA ATG GAC TTT TAC AAG GCC CTT TCA GGT AAA GAC TAT ACT GCA GAA ACC GAT CCC GGC GTT CTA TCT GTT AAG AAG ATA TAT AGT TAT TAC AAG AAG CAT GGT TAT GCA ACT GAG GTA ATG GCG GCT TCC TTT AGG AAC TTA GAT GAA TTG AAG GCA TTA GCG GGT ATT GAT AAC ATG ACG CTC CCA CTG AAT CTT CTA GAA CAG TTA TAT GAA TCA ACA GAC CCT ATT GAC AAT AAA TTG AAT GCT GAG AGT GCT AAG AAA GAA GGT GTT GAA AAA GTC TCC TTC ATC AAC GAC GAA CCT CAT TTT AGA TAT GTC TTG AAC GAA GAT CAA ATG GCT ACA GAG AAG TTA TCT GAT GGT ATC AGA AAG TTC TCT GCG GAC ATT GAA GCG CTG TAC AAA TTG GTT GAA GAG AAA ATG 
kudriavzevii                               ATG TCG GAA CCT TCA GAG AAA AAA CAA AAA GTA GCT AAT TCG TCC TTG GAT CAG TTG AAG AAG ACA GGA ACT CGT GTA GTA GCT GAT TCG GGA GAT TTT GAG GCC ATT TCG AAG TAC GAA CCA CAA GAC TCG ACA ACC AAT CCT TCT CTG ATA TTG GCT GCT TCA AAG CTG GAG AAG TAC GCG AAA CTT ATC GAC ACT GCC GTC GAG TAT GGC AGG AAG CAT GGT AAG ACC GAC CAT GAG AAA ATC GAG AAT GCC ATG GAT AAG ATC TTG GTG GAA TTC GGT ACG CAG ATT TTG AAG ATT ATT CCA GGC AGA GTT TCC ACT GAA GTG GAC GCA AGA TTG TCT TTT GAT AAG AAG GCC ACG GTC AAA AAA GCC CTT CAC ATC ATT AAA TTA TAT AAA GAT GCA GGC GTA CCT AAA GAA AGA GTC CTG ATC AAA ATA GCT TCT ACA TGG GAA GGT ATA CAA GCT GCT AAA GAA TTG GAA GCA AAA CAT GGT ATC CAT TGT AAC ATG ACG TTG TTG TTT TCC TTT ACT CAA GCA GTG GCA TGT GCA GAG GCA AAT GTC ACT TTG GTT TCT CCA TTT GTG GGA AGA ATC ATG GAC TTT TAC AAG GCC CTG TCA GGT GAA GAC TAC ACT GCA GAA ACT GAT CCT GGT GTT CTT TCT GTC AAG AAG ATA TAC ACC TAC TAT AAG AAG CAC GGC TAT GCT ACT GAG GTG ATG GCG GCT TCC TTT AGA AAT CTA GGC GAG TTG AAG GCC TTA GCG GGG ATC GAT GAC ATG ACT CTA CCC CTG AAC ATT TTG GAA CAG TTA TAT GAG TCC ACA GAT CCT ATT GAA AAT ATC TTG AAC ACT GAA ACT GCT AAG CAG GAA GGT GTT GAA AAA GTC ACT TTC ATC AGC GAC GAA CCC CAC TTT AGA TAT GTC CTA AAT GAA GAT CAA ATG GCT ACA GAA AAA CTA TCT GAT GGC ATC AGA AAA TTC TCT GAA GAC ATT GAA GCG CTA TAT AAG CTG GTT GAG GAA AAA ATG 



Printing out site pattern counts


         5        777  P

bayanus               AAA AAA AAA AAA AAA AAA AAA AAA AAA AAA AAC AAC AAC AAC AAC AAC AAG AAG AAG AAG AAG AAG AAG AAG AAG AAG AAT AAT AAT AAT ACA ACA ACC ACC ACC ACC ACC ACC ACC ACG ACG ACT ACT ACT ACT ACT AGA AGA AGA AGC AGG AGG AGG AGG ATA ATC ATC ATC ATC ATC ATC ATC ATG ATG ATG ATT ATT ATT ATT ATT ATT ATT CAA CAA CAA CAA CAC CAC CAC CAC CAC CAG CAG CAG CAT CAT CAT CAT CCA CCA CCC CCG CCT CCT CGG CTA CTA CTA CTA CTC CTG CTG CTG CTG CTG CTT CTT CTT CTT GAA GAA GAA GAA GAA GAA GAA GAA GAA GAA GAC GAC GAC GAC GAC GAC GAC GAC GAC GAC GAG GAG GAG GAG GAG GAG GAG GAG GAG GAG GAG GAT GAT GAT GAT GAT GCA GCA GCA GCA GCC GCC GCC GCC GCC GCC GCC GCC GCG GCG GCG GCG GCT GCT GCT GCT GCT GCT GCT GGA GGA GGC GGC GGC GGG GGT GGT GGT GGT GGT GGT GGT GGT GGT GGT GTA GTA GTA GTA GTA GTA GTC GTC GTC GTC GTG GTG GTG GTG GTG GTG GTG GTT GTT GTT GTT GTT TAC TAC TAC TAC TAC TAC TAT TAT TAT TAT TCA TCA TCA TCA TCA TCC TCC TCC TCC TCC TCC TCC TCT TCT TCT TCT TCT TCT TCT TGC TGG TGT TTA TTC TTC TTC TTC TTG TTG TTG TTG TTG TTG TTG TTG TTG TTT TTT TTT TTT TTT TTT TTT 
mikatae               ... ... ... ... ... ..G ..G .G. G.. GC. ... ... ..T ..T ..T ..T ..A ..A ..A ..A ... ... ... ... .G. G.A ..C ... ... ... ... ..T ..A ... ... ..T ..T ..T ..T ... ... ..G ... ... ... ... ... ..G ..G ..T ..A ..A ..A ... ... ... ... ... ... ..T ..T ..T ... GCA T.. ..A ..C ..C ..C ... ... ... ... ..G G.. G.G ... ... ..T .CT T.T ..A ... ... ..C ... ... ... ... ... ..T ... ... T.. .TT ... ... ..G T.. ... ..A ... ..T T.. T.. A.. ..C ... T.A ... ... ... ... ... ..G ..G ..G ..G TC. A.. ... ... ... ... ..T ..T ..T ..T ..T A.A A.A ..A ..A ..A ..A ... ... ... .CC .C. ..C ..C ..C ..G ... ... ... ... ..T ..A ... ..G ..T ..T ..T ..T T.. ..A ..A ... ... ..A ..C ..C ..G ... ... ... .C. ... ... ..T ..T ... AC. .C. ..A ..G ... ... ... ... ... ... .C. ... ..C ..G ..T ..T A.. ... ... ..T ... ... ... ... ... ... ..T A.. ..C ..C ... ... ... ... ..T ..T ..T ..T ..C ... ... ... A.T ... ... ... ..C ... ... ... ... ... ..T ..T G.C ..A ..C ... ... ... ... ..T ... ... ... .AT ... ... ..T C.A C.. ..A ..A ... ... ... ... ... ..C ..G ... ... ... ... ... 
cerevisiae            ... ... ... ..G ..G ... ..G .GG G.. GC. ... ... ... ..T ..T ..T ..A ... ... .G. ..A ... ... ... .GA G.A ..C ..C ..G ... ... ..G ..T ... ..T ..T ..T ..T .GT ..A ... ..A ..A ..G ... ... ..G ... ... ..T ..A ... ... ... ... ... ... ..T G.A ... ... ..T ... GC. ... ... ..C ..C ... ..C ... ... ... ... G.. G.. ..T ..T ..T .CT T.T ..A ... ... ..C ... ... ... ... ... ... ..A ... ... .TT ... ..G T.G ... ... ... T.A ... ... T.T ... ..C ... T.A A.. ... ... ..G ..G ... ... ..G ..G TC. ... ..A ... ..T ..T A.T ... ..T ..T ..T A.A ..A ..A ..A ..A ... ..A ... ... .CC .C. ..C ... ... ..G ... ... ..C .T. T.T ..T ..T ..T ..G ..G ..T ..T ... ..A ..C ... ... ... ..C ... ... ..C ... ... .C. ... ..A ..T ..T ..T ACC .C. ..A ..G ..C ... ... ... ... ... .C. ... ..C ... ..C ..T A.. ..G ..T ..T ..A ..A ... ... ..T ..T ..C ... ..C ..C ... ... ... ..T ... ... ..T ..T ... ..C ... ... A.C ... ... ... ... ... ... ... ..T ..T ..G ..T G.. ... ... ..A ..C ..G ... ..T ... ... ... .AT ... ..T ..T C.A ..A C.. ..A ..A ..A ... ... ... ..C ..A ..C ..C ... ... ... 
paradoxus             ... ... ..G ... ..G ... ..G .GG G.G GC. ... ..T ..T ... ... ..T ..A ... ... .GA ... ..A ... ... .GA G.A ..C ..C ..G ... ... ... ..T ... ..T ... ..T ..T .GT ... ..T ..G ... ..G ..C ..G ... ... ..G ..T ..A ..A ... .A. ... ... ... ... ..T ..A ... ..T ... GC. ... ..A ..C ..C ... ..C ... ... ... ... A.. G.. ... ..T ..T .CT T.T ..A ..A ... ..C ..C ... ... ... ... ... G.A ... ... .TT T.. ..G T.G T.. ... ... T.A ... T.. T.T ... ... ..A T.A A.. ... ..G ... ..G ... ..C ..G ..G TC. ... ... ... ..T ..T A.. ... ..T ..T ..T A.A ..A ..A ..A ... ..A ... ... ... .CC .CA ..C ..C ... ..G ... ... ... ... ..T ..T ..A ..T ..A ..G A.A ..T ... ... ... ... ... ... ..C ... ... ..C ..C ... .C. ... ... ..T ..T ... ACA .C. ..A ..G ... ..C ..G ... ... ... .CG ... ..T ... ..C ..T A.. ... ..T ... ..A ... ... ... ... ..T ..C ... ..C ... ... ... ... ..T ... ..T ..T ..T ..C ... ... ... A.C ... ... ... ... ... ..T ..T ... ..T ..G ... G.. ..C ... ... ... ..G ... ..T ... ... ... .AT ..T ..T ..T C.A ..A C.A ..A ..A ... C.. ... ... ..C ..G ..C ... ..C ..C ... 
kudriavzevii          ... .TC ... ... ..G ... ..G .G. G.. GCT ..T ..T ... ... ..T ..T ... ..A ... ..A ... ... ..A ... ..A G.A .GC ... ..G ..C ... ... ..T ..T ..T ... ... ..T ..T ... ... ..A ... ... ... ... ... ... ..G .C. ..A ..A ..A .A. ... ... ..T ... ..T ..A ... ..T ... GCA ... ..C ..C G.. ..C ..C ..C ... ... ... ..G G.. ..T ..T ... .CT T.T ... ..A ... ..C ... ... .G. ... ..C ..T ..A ... ..C .T. T.. ..G ..G ... ..A ..A T.. ... ... ..T A.. ... ... ..A ... ... ... ... ..G ... ... ... ..G TC. ... ..T ... ... ..T ... ... ... ..T .G. A.. ... ..A ... ..A ... ..A ..A ... .CC .C. ..C ... ... ..G ... ... ... ... A.T ..T ..T ..T ... ... A.T ... ... ... ... ..A ... ... ..C ... ... A.A ... ... .C. ... ... ... ..T ..A AA. .C. ..C ..A ... ... ..C ..C ..G ... .A. ... ..C ..G ..C ..C A.. ... ... ... ... ... ..A ... ... ..A A.T ... ..C ... ..A ... ... ... ..T ... ... ..T ... ..C ..C ... A.G ... ..C ..G ... ... ... ..T ... ..T ..G ... G.C A.. ... ... ... ..G ... ..T ... ... ... .AT ..T ..T ..T ... ... ... ..A ... ... ... C.. ... ..C C.A ..C ... ..C ... ... 

    8    1    2    2    2    1    1    1    1    1    1    2    1    1    1
    1    1    1    2    1    2    1    1    7    1    1    1    1    1    1
    2    1    1    1    1    1    1    1    1    1    1    1    1    1    1
    1    1    2    1    1    1    1    1    1    3    1    1    1    1    1
    2    1    7    1    1    1    1    1    1    1    1    3    3    1    1
    1    1    1    2    1    1    1    1    2    1    1    1    1    2    1
    1    1    3    1    1    1    1    1    1    1    1    1    1    1    1
    1    1    1    1    1    7    1    1    1    1    1    1    1    1    1
    1    3    1    1    1    1    1    2    1    1    1    1    3    1    1
    1    1    3    1    1    1    1    1    1    5    3    1    1    1    1
    1    1    1    1    1    1    1    1    1    1    1    1    1    1    1
    1    1    2    1    1    1    1    1    1    1    1    1    1    4    1
    1    1    1    1    1    1    1    1    1    1    1    1    1    1    1
    1    1    1    1    1    1    1    1    1    1    2    1    1    1    1
    1    2    1    1    1    1    1    1    1    3    1    1    1    1    1
    1    1    1    1    1    2    1    1    1    1    1    1    1    1    1
    1    1    1    1    1    1    1    1    1    1    1    6    1    1    1
    1    1    2    2

CODONML (in paml version 4.4b, July 2010)  torun.nuc
Model: One dN/dS ratio for branches Global clock 
Codon frequency model: F3x4
ns =   5  ls = 333

Codon usage in sequences
--------------------------------------------------------------------------------------------------
Phe TTT  9  8  8  7  8 | Ser TCT  8  7  8  8  7 | Tyr TAT  4 10  9 10  7 | Cys TGT  1  2  2  2  2
    TTC  4  3  4  5  3 |     TCC  7  9  4  4  5 |     TAC  7  3  4  3  6 |     TGC  1  0  0  0  0
Leu TTA  1  5  8  8  3 |     TCA  7  7  8  7  3 | *** TAA  0  0  0  0  0 | *** TGA  0  0  0  0  0
    TTG 14 14  9 11 13 |     TCG  0  0  2  2  5 |     TAG  0  0  0  0  0 | Trp TGG  1  1  1  1  1
--------------------------------------------------------------------------------------------------
Leu CTT  4  3  3  3  3 | Pro CCT  4  5  5  5  5 | His CAT  4  5  7  5  4 | Arg CGT  0  0  0  0  1
    CTC  1  2  2  1  0 |     CCC  1  0  1  1  2 |     CAC  6  3  1  3  3 |     CGC  0  0  0  0  0
    CTA  4  4  3  3  5 |     CCA  3  3  4  3  3 | Gln CAA  6  4  5  6  5 |     CGA  0  0  0  0  0
    CTG  5  3  5  4  6 |     CCG  1  1  0  0  0 |     CAG  4  4  3  2  4 |     CGG  1  0  0  0  0
--------------------------------------------------------------------------------------------------
Ile ATT  9 11  8  7  8 | Thr ACT  5 11  7  6 12 | Asn AAT  4  7  5  5  7 | Ser AGT  0  1  2  2  0
    ATC  8  8  9  9 11 |     ACC  7  2  3  4  3 |     AAC  7  5  6  6  3 |     AGC  1  0  0  0  1
    ATA  3  4  3  5  4 |     ACA  3  3  5  5  5 | Lys AAA 20 22 17 17 17 | Arg AGA  4  5  5  7  7
Met ATG  9  7  8  8  8 |     ACG  2  3  3  4  3 |     AAG 18 13 18 20 19 |     AGG  4  5  6  3  1
--------------------------------------------------------------------------------------------------
Val GTT  6  7  9  9  5 | Ala GCT  8 10 13 11 11 | Asp GAT  9 11 13 12 11 | Gly GGT 13 11  8  9  7
    GTC  4  5  5  5  7 |     GCC  8  5  6  5  7 |     GAC 13  9  6  9  9 |     GGC  3  1  4  2  6
    GTA  6  1  6  3  4 |     GCA  6 13  7 11  8 | Glu GAA 16 20 22 17 21 |     GGA  2  2  3  2  3
    GTG  7  7  3  4  5 |     GCG  4  5  6  7  4 |     GAG 15 11 10 12 11 |     GGG  1  2  1  3  1
--------------------------------------------------------------------------------------------------

Codon position x base (3x4) table for each sequence.

#1: bayanus        
position  1:    T:0.19219    C:0.13213    A:0.31231    G:0.36336
position  2:    T:0.28228    C:0.22222    A:0.39940    G:0.09610
position  3:    T:0.26426    C:0.23423    A:0.24324    G:0.25826
Average         T:0.24625    C:0.19620    A:0.31832    G:0.23924

#2: mikatae        
position  1:    T:0.20721    C:0.11111    A:0.32132    G:0.36036
position  2:    T:0.27628    C:0.25225    A:0.38138    G:0.09009
position  3:    T:0.32733    C:0.16517    A:0.27928    G:0.22823
Average         T:0.27027    C:0.17618    A:0.32733    G:0.22623

#3: cerevisiae     
position  1:    T:0.20120    C:0.11712    A:0.31532    G:0.36637
position  2:    T:0.27928    C:0.24625    A:0.37838    G:0.09610
position  3:    T:0.32132    C:0.16517    A:0.28829    G:0.22523
Average         T:0.26727    C:0.17618    A:0.32733    G:0.22923

#4: paradoxus      
position  1:    T:0.20420    C:0.10811    A:0.32432    G:0.36336
position  2:    T:0.27628    C:0.24925    A:0.38138    G:0.09309
position  3:    T:0.30330    C:0.17117    A:0.28228    G:0.24324
Average         T:0.26126    C:0.17618    A:0.32933    G:0.23323

#5: kudriavzevii   
position  1:    T:0.18919    C:0.12312    A:0.32733    G:0.36036
position  2:    T:0.27928    C:0.24925    A:0.38138    G:0.09009
position  3:    T:0.29429    C:0.19820    A:0.26426    G:0.24324
Average         T:0.25425    C:0.19019    A:0.32432    G:0.23123

Sums of codon usage counts
------------------------------------------------------------------------------
Phe F TTT      40 | Ser S TCT      38 | Tyr Y TAT      40 | Cys C TGT       9
      TTC      19 |       TCC      29 |       TAC      23 |       TGC       1
Leu L TTA      25 |       TCA      32 | *** * TAA       0 | *** * TGA       0
      TTG      61 |       TCG       9 |       TAG       0 | Trp W TGG       5
------------------------------------------------------------------------------
Leu L CTT      16 | Pro P CCT      24 | His H CAT      25 | Arg R CGT       1
      CTC       6 |       CCC       5 |       CAC      16 |       CGC       0
      CTA      19 |       CCA      16 | Gln Q CAA      26 |       CGA       0
      CTG      23 |       CCG       2 |       CAG      17 |       CGG       1
------------------------------------------------------------------------------
Ile I ATT      43 | Thr T ACT      41 | Asn N AAT      28 | Ser S AGT       5
      ATC      45 |       ACC      19 |       AAC      27 |       AGC       2
      ATA      19 |       ACA      21 | Lys K AAA      93 | Arg R AGA      28
Met M ATG      40 |       ACG      15 |       AAG      88 |       AGG      19
------------------------------------------------------------------------------
Val V GTT      36 | Ala A GCT      53 | Asp D GAT      56 | Gly G GGT      48
      GTC      26 |       GCC      31 |       GAC      46 |       GGC      16
      GTA      20 |       GCA      45 | Glu E GAA      96 |       GGA      12
      GTG      26 |       GCG      26 |       GAG      59 |       GGG       8
------------------------------------------------------------------------------


Codon position x base (3x4) table, overall

position  1:    T:0.19880    C:0.11832    A:0.32012    G:0.36276
position  2:    T:0.27868    C:0.24384    A:0.38438    G:0.09309
position  3:    T:0.30210    C:0.18679    A:0.27147    G:0.23964
Average         T:0.25986    C:0.18298    A:0.32533    G:0.23183

Codon frequencies under model, for use in evolver (TTT TTC TTA TTG ... GGG):
  0.01750854  0.01082536  0.01573332  0.01388849
  0.01531998  0.00947219  0.01376666  0.01215243
  0.02414971  0.01493153  0.00000000  0.00000000
  0.00584876  0.00361623  0.00000000  0.00463947
  0.01042049  0.00644289  0.00936394  0.00826596
  0.00911793  0.00563753  0.00819345  0.00723271
  0.01437309  0.00888674  0.01291578  0.01140132
  0.00348098  0.00215226  0.00312804  0.00276126
  0.02819352  0.01743178  0.02533493  0.02236424
  0.02466933  0.01525280  0.02216806  0.01956871
  0.03888761  0.02404383  0.03494473  0.03084723
  0.00941809  0.00582311  0.00846318  0.00747081
  0.03194912  0.01975383  0.02870975  0.02534334
  0.02795548  0.01728460  0.02512103  0.02217542
  0.04406776  0.02724667  0.03959966  0.03495633
  0.01067266  0.00659880  0.00959054  0.00846599



Nei & Gojobori 1986. dN/dS (dN, dS)
(Note: This matrix is not used in later ML. analysis.
Use runmode = -2 for ML pairwise comparison.)

bayanus             
mikatae              0.0516 (0.0506 0.9796)
cerevisiae           0.0424 (0.0543 1.2815) 0.0262 (0.0224 0.8537)
paradoxus            0.0414 (0.0544 1.3160) 0.0294 (0.0237 0.8063) 0.0219 (0.0117 0.5366)
kudriavzevii         0.0679 (0.0583 0.8588) 0.0281 (0.0325 1.1550) 0.0343 (0.0339 0.9880) 0.0345 (0.0304 0.8809)


TREE #  1:  ((((3, 4), 2), 5), 1);   MP score: 376
lnL(ntime:  4  np:  6):  -2743.594866      +0.000000
   6..7     7..8     8..9     9..3     9..4     8..2     7..5     6..1  
 0.439994 0.392044 0.305617 0.188687 4.092676 0.056272
SEs for parameters:
 0.033167 0.028713 0.026203 0.020928 0.524904 0.007997

tree length =   1.76634

((((3: 0.188687, 4: 0.188687): 0.116930, 2: 0.305617): 0.086427, 5: 0.392044): 0.047950, 1: 0.439994);

((((cerevisiae: 0.188687, paradoxus: 0.188687): 0.116930, mikatae: 0.305617): 0.086427, kudriavzevii: 0.392044): 0.047950, bayanus: 0.439994);

Detailed output identifying parameters

kappa (ts/tv) =  4.09268

omega (dN/dS) =  0.05627

dN & dS for each branch

 branch          t       N       S   dN/dS      dN      dS  N*dN  S*dS

   6..7      0.048   706.2   292.8  0.0563  0.0027  0.0480   1.9  14.1
   7..8      0.086   706.2   292.8  0.0563  0.0049  0.0865   3.4  25.3
   8..9      0.117   706.2   292.8  0.0563  0.0066  0.1171   4.7  34.3
   9..3      0.189   706.2   292.8  0.0563  0.0106  0.1889   7.5  55.3
   9..4      0.189   706.2   292.8  0.0563  0.0106  0.1889   7.5  55.3
   8..2      0.306   706.2   292.8  0.0563  0.0172  0.3060  12.2  89.6
   7..5      0.392   706.2   292.8  0.0563  0.0221  0.3925  15.6 115.0
   6..1      0.440   706.2   292.8  0.0563  0.0248  0.4405  17.5 129.0

tree length for dN:       0.0995
tree length for dS:       1.7685


Time used:  0:04
