
seed used = 1418763521
      5   2982

castellii                                  ATG GTA TCT CAA GAA ACC TGT TAC GGT GTA GCA TTT AGA TCT CTG GCT ACC ACC GAC GAA CAA CTG TTC CAA AAT ACC GTC CAA TTC TAC CAT AAT CTA GGT TTC AGC ACC ATC AAG GAC TTC AAC AAG TTC CAC AAT GGC GAC AAC AGT ATC CTT TCC ACA GGG ACT TCC AAG GAC TCC ATA AAG GAA ACA TGG TTG GAA GCA TTC AAA TTG AGT GAA ATT GAC GCT CAA GGT TTC CGT GTG CCT CAA CAA GAA GCT TTA AAC AAG AAC CAA AGT CAA GGT GCT CTT TTG AAG GTG CGT TTA ATC ATG TCT CAA --- --- --- CAA CAA TTA CCA ACG --- GAA CCA CTA TCA ATC ACT TAT TTC ACC ACT GAT TTG ACC TCT GTT AGT AAC --- --- TTA CCA TCC GCT GAA AAG ATC TCC GAC TCC ATT GTC GTC TTA ACT GAT CCA TTG GGA ACC AAG ATC GGT TTC ACC TCT TTC TCT ACT CCA TTT GAC TCT CAA GCT CAA GCT CAT GAT GCT GCT TTC TTC CAA AGC GCA GCT AAC GTT TCT GAG TCT TCA TCA GAC GTT TCT AGA GAC GCC TCT TTA TCC GCC ATC AAC ATG TTG AAG CAA ACC CTT TCG --- GGC CAA AAG AAG AAG AAG ATT GCC GTC ATG ACT TCC GGT GGT GAT TCT CCA GGT ATG AAC GCT GCC GTG AGA GCT GTT GTT CGT ACA GGT ATC CAT TTT GGT TGT GAT GTT TTC GCA GTC TAC GAA GGT TAC GAA GGT TTA CTA AGA GGT GGT GAA TAT TTG AAA AAA ATG GCT TGG GAA GAC GTT AGA GGT TGG TTA TCT GAA GGT GGT ACT TTG ATT GGT ACT GCC CGT TCC ATG GAA TTT AAG AAA CGT GAA GGT CGT AAA CAA GCC GCC GGC AAC TTG ATT GAA CAA GGT ATC GAT GCA TTG GTC GTT TGT GGT GGT GAT GGT TCT TTA ACT GGT GCC GAT CTA TTT AGA CAT GAA TGG CCT TCT TTA GTG GAA GAT TTG GTT AAG GAT GGA AGA TTC ACC GAA GAA CAA GTC ACT CCA TAC AGA AAC TTA AAG ATT GTT GGT CTT GTT GGT TCC ATC GAT AAC GAT ATG TCT GGT ACT GAT TCC ACC ATT GGT GCT TAC TCC GCT TTG GAA AGA ATT TGT GAA ATG GTT GAT TAC ATT GAT GCT ACC GCT AAA TCT CAT TCT CGT GCC TTC GTC GTT GAA GTT ATG GGG AGA CAT TGT GGT TGG TTA GCT TTG ATG GCT GGT ATT GCT ACC GGT GCT GAT TAT ATC TTC ATT CCA GAA AGA GCT GTC CCA CAT GGC CAA TGG CAA GAT GAA TTG AAG GAA GTT TGT CAA AGA CAT AGA GCT AAG GGT AGA AGA AAT AAC ACT ATT ATT GTT GCT GAA GGT GCC ATT GAC GAT CAA TTG AAT CCA GTT ACT TGT GAA GAC GTT AAG AAT GTC TTG ATC GAA TTA GGT TTG GAT ACT AAA GTT ACC ATC TTG GGT CAC GTT CAA AGA GGG GGT ACT GCT GTC GCT CAC GAC AGA TGG TTG GCC ACT TTA CAA GGT GTG GAT GCC GTT AAG GCC ATC TTG GAA ATG ACT CCA GAA ACT CCA TCT CCA TTG ATT GGT ATC TTG GAA AAC AAG ATC ATT AGA ATG CCA TTA GTG GAA TCC GTT AAA TTA ACT CAA TCC GTC GCT GCC GCA ATT GAA AGT AAA AAC TTT GAC AAG GCT ATT TCT CTA AGA GAC ACT GAA TTC ATT GAA TTA TAC GAA AAC TTC TTA TCT ACC ACT GTG AAG GAT GAC GGT TCT GAA ATG TTG CCT GTC ACT GAA AGA TTA AAC ATT GGT ATC GTC CAT GTC GGT GCT CCA TCA GCT GCC CTA AAT GCT GCT ACT CGT GCT GCA ACT CTA TAC TGT TTG TCT CAC GGT CAT ACT CCA ATT GCT ATC ATG AAT GGG TTC AGT GGT TTG ATT CAA ACC GGT GAA GTT AAG AAG ATG GAA TGG ATT GAT GTT GAA AAC TGG CAC AAT TTG GGT GGT TCT GAA ATC GGT ACT AAC AGA TCT GTT GCC GCT GAA GAT TTA GGT ACT ATT GCA TAC TAT TTC CAA AAG ATT AAA TTA GAT GGT TTA ATT ATT CTT GGT GGG TTT GAA GGT TTC AAA TCT TTG AAA CAA TTA CGT GAT GGT AGA TCT CAA CAT CCA ATC TTT AAC ATT CCA ATG ACT TTG ATC CCA TCT ACT ATC TCT AAC AAT GTT CCA GGT ACT GAA TAC TCT CTA GGT GTT GAC ACT TGT TTG AAC GCT TTA GTT AAA TAC ACT GAT GAT ATC AAG CAA AGT GCT TCC GCT ACA AGA AGA AGA GTT TTC GTT GTC GAA GTT CAA GGT GGT CAT TCA GGT TAT ATC GCC TCT TTC ACC GGT TTA ATC ACT GGT GCA GTC TCC ATC TAT ACT CCA GAA GAT AAG ATT AAC CTA TCA AGC ATC CAA GAA GAT TTG ACT TTG TTA GAA GAA AAC TTC CGT CAT GAC CAA GGT GAA AAC AGA AAT GGT AAG ATA TTA ATC AGA AAC GAA CAA GCC TCC AGT GTA TAC AGC ACT GAA TTG ATT GCA AAC CTT ATT TCT GAA TCA TGT CAC GGT AGA TTC GGT GTT AGA ACC GCT ATC CCA GGT CAT GCT CAA CAA GGT GGT GTT CCA TCT TCT AAG GAT CGT GTC GTT GCT TCT AGA TTT GCT GTC AAA TGT ATC AAA TTT ATT GAA CAA TGG AAC AAG AAC AAC CAA GCC CCA GGT ACT AAT ACT GAT TCT AAG ATC TTA AGA TTT AAG TTT GAT GCT CAA GGT GAA AAG GTC CCA ACT ATT GAA CAC GAA GAT GAT TCC GCT GCT GTG ATC TGT GTT AAC GGT TCT AGT ATC AGT TTC AAG CCA ATT GCT GGT TTG TGG GAA AAT GAA ACT AAT GTT GAA TTA AGA AAG GGT CAA GAA GTT CAT TGG ACT GAA TAT AAC AAG ATC AGT GAC ATT CTT TCC GGT AGA ATG AAA TTG AGA GAT GAA GTT GCT GCC CTA GCT GCT GAA TCT AAT 
bayanus                                    ATG CAA TCT CAA GAT TCT TGT TAC GGT GTT GCA TTC AGA TCT ATC ATC ACC AAT GAT GAA GCT CTT TTC AAG AAA ACC ATT CAC TTC TAC CAC ACT TTA GGC TTT GCC ACT GTC AAA GAT TTT AAT AAA TTC AAA CAT GGT GAA AAC AGC CTC TTA TCT TCA GGA ACT TCT CAA GAT TCC TTA AGA GAA GTT TGG TTA GAA TCT TTC AAG CTA AGT GAA GTG GAT GCT TCT GGT TTC CGT ATA CCA CAA CAA GAA GCC TCT AAC AAG GCT CAA AGT CAA GGT GCT TTG TTG AAG ATA CGT TTA GTG ATG GCT GCC CCA ATT GAT GAA ACT TTC GAC ACC AAT GAA ACT GCC ACA ATC ACT TAT TTC TCT ACT GAC TTG AAC AAA ATT GTC GAA CAA TTC CCA AAA CAA GCC GAA AAA TTG TCT GAC ACT TTA GTA TTC TTG AAA GAC CCA ATG GGT AAC AAT ATT ACT TTC TCA GGC TTG GCT AAC GCT ACT GAT TCC GCT CCA ACT TCT AAG GAC GCT --- --- TTC TTG GAA GCC ACT TCT GAA GAT GAA ATC CTT TCT AAA GCC TCT TCT GAT GCT TCC --- --- --- --- GAT CTT TTG AGA CAA ACA TTG GGC TCT TCC CAA AAG AAG AAG AAG ATC GCT GTC ATG ACT TCT GGT GGT GAT TCT CCA GGT ATG AAC GCT GCC GTT CGT GCC GTT GTT CGT ACA GGT ATT CAT TTC GGT TGT GAT GTC TTC GCT GTT TAT GAA GGT TAC GAA GGT CTA CTA AGA GGT GGT AAA TAC TTG AAG AAA ATG GCC TGG GAG GAC GTT AGA GGT TGG TTA AGT GAA GGT GGT ACT TTG ATT GGT ACT GCT CGT TCC ATG GAA TTC AAA AAA CGT GAA GGT CGT AGA CAA GCA GCA GGA AAT TTG ATC TCC CAA GGT ATC GAT GCT TTG ATT GTC TGC GGT GGT GAT GGT TCT TTG ACC GGT GCC GAT CTA TTT AGA CAC GAA TGG CCA TCT TTA GTC GAA GAA TTG GTT GCC GAA GGT AGA TTC ACT AAA GAA GAA GTT GCT CCA TAC AAG AAC TTA TCC ATT GTT GGT CTT GTT GGT TCT ATT GAT AAC GAT ATG TCT GGT ACT GAC TCT ACC ATT GGT GCT TAT TCC GCT TTG GAA AGA ATC TGT GAA ATG GTC GAC TAC ATT GAT GCT ACC GCT AAA TCT CAC TCT CGT GCT TTC GTT GTC GAA GTT ATG GGT AGA CAT TGT GGT TGG TTG GCC TTA ATG GCT GGT ATT GCC ACT GGT GCC GAT TAT ATT TTC ATT CCT GAA AGA GCT GTT CCT CAC GGT AAA TGG CAA GAA GAA TTA CAA GAA GTT TGC CAA AGA CAT AGA AGC AAG GGT AGA AGA AAC AAC ACG ATC ATT GTC GCC GAA GGT GCC TTG GAT GAT CAA TTG AAC CCT GTT ACT GCC AAC GAT GTT AAA GAT GCC TTA GTT GAT TTA GGA TTA GAC ACT AAA GTT ACC ATT CTA GGT CAT GTC CAA AGA GGT GGT ACT GCT GTT GCT CAT GAC AGA TGG TTG GCT ACT TTG CAA GGT GTT GAC GCT GTT AAG GCT GTC TTA GAT TTC ACT CCG GAA ACT CCT TCT CCA TTG ATC GGT ATT TTG GAA AAC AAG ATT ATC AGA ATG CCA TTG GTT GAA TCT GTT AAA TTA ACT AAA TCT GTC GCC ACT GCT ATT GAA AGC AAA GAT TTT GAT AAA GCA ATT TCT TTA AGA GAT ACA GAA TTT ATC GAA CTA TAC GAA AAC TTC TTG TCT ACC ACC GTC AAG GAT GAT GGT TCT GAA TTG TTA CCT GTC TCT GAC AGA CTA AAT ATT GGT GTT GTC CAC GTT GGT GCT CCA TCT GCC GCA TTG AAT GCT GCC ACT CGT GCT GCC ACT CTA TAC TGT TTG TCT CAC GGC CAC AAA CCA TAC GCT ATC ATG AAC GGT TTC AGT GGG TTG ATT CAA ACT GGT GAA GTC AAG GAA TTA TCA TGG ATT GAT GTC GAA AAC TGG CAC AAC TTG GGT GGT TCC GAG ATC GGT ACC AAC AGA TCT GTT GCC TCA GAA GAT TTA GGT ACC ATT GCT TAC TAC TTC CAA AAG AAC AAG TTA GAT GGT TTA ATC ATC CTT GGT GGT TTC GAA GGT TTC AGA TCT TTG AAG CAA TTA CGT GAT GGT AGA GTT CAA CAC CCA ATC TTC AAT ATC CCA ATG TGC TTG ATC CCA GCC ACT GTT TCC AAT AAT GTT CCA GGT ACT GAA TAC TCA CTA GGT GTT GAT ACC TGC TTG AAC GCA TTG GTT AAC TAC ACC GAT GAC ATT AAG CAA AGT GCT TCT GCT ACA AGA AGA AGA GTT TTT GTT TGC GAA GTT CAA GGT GGT CAT TCA GGT TAC ATT GCT TCT TTC ACT GGT TTG ATT ACC GGT GCT GTT TCC GTG TAC ACT CCA GAA AAG AAG ATC GAC TTA GCT TCC ATT AGA GAA GAC ATA ACT TTA CTA CAA GAA AAC TTC CGT CAC GAT AAA GGT GAA AAC AGA AAC GGT AAG CTA TTG GTC AGA AAT GAG CAA GCG TCT AGC GTA TAT AGT ACA GAT TTA CTT GCT GAC ATC ATT TCT GAA TCA AGC AAG GGT AAG TTT GGT GTC AGA ACT GCC ATT CCA GGT CAT GTT CAA CAA GGT GGT GTT CCA TCA TCC AAG GAT CGT GTC ACT GCT TCT AGA TTC GCT GTT AAA TGT ATT AAA TTC ATT GAA CAG TGG AAC AAG AAG AAC GAA GCT TCT --- CCA AAC ACT GAT GCT AAG GTT CTA AGA TTC AAA TTT GAT ACC CAT GGT GAA AAG GTG CCA ACA GTT GAA CAC GAA GAT GAC TCT GCT GCT GTT ATC TGC GTT AAT GGT TCT CAC GTC TCC TTC AAG CCA ATT GCT AAC CTA TGG GAA AAC GAA ACA AAT GTT GAA CTA AGA AAG GGT CAT GAG GTT CAT TGG GCT GAG TTC AAT AAG ATT GGT GAC ATA TTA TCT GGT AGA TTA ATG TTG AGA GCT GAA GTG GCC GCT TTA ACC GCT GAA AAC AAA 
mikatae                                    ATG CAA TCT CAA GAT TCA TGC TAC GGC GTT GCA TTC AGA TCT ATC ATC ACA AAT GAT GAA GCG TTA TTT AAG AAG ACC ATT CAC TTC TAC CAT ACT TTA GGA TTC GCC ACC GTT AAA GAT TTC AAT AAA TTC AAA CAT GGT GAA AAC AGC TTA TTA TCT TCA GGA ACT TCC CAA GAT TCC TTG AGA GAA GTT TGG TTA GAA TCT TTC AAG TTA AGT GAG GTG GAT GCT TCT GGT TTC CGT ATA CCA CAG CAA GAA GCC ACC AAC AAG GCT CAA AGT CAA GGT GCT TTA CTA AAG ATC CGT CTA GTG ATG TCT GCC CCA ATT GAT GAA ACT TTC GAC ACG AAT GAA ACC GCC ACA ATC ACT TAT TTC TCA ACT GAC TTG AAT AAG ATT GTC GAA AAA TTC CCA AAG CAA GCC GAA AAA TTA TCC GAC ACA TTA GTA TTT TTG AAA GAT CCA ATG GGC AAC AAC ATC ACT TTC TCG GGA TTA GCT AAT GCT ACT GAT TCT ACC CCA ACT TCC AAG GGC ACT --- --- TTC TTG GAA GCT ACC TCC GAA GAT GAA ATT ATC TCT AGA GCT TCT TCC GAT GCT TCT --- --- --- --- GAT TTA TTG AGG CAA ACA TTG AGC ACT TCT CAA AAG AAG AAG AAG ATT GCT GTC ATG ACT TCT GGT GGT GAC TCT CCA GGT ATG AAC GCT GCT GTT CGT GCT GTT GTG CGT ACG GGT ATT CAT TTC GGC TGC GAT GTC TTT GCT GTT TAC GAG GGT TAC GAA GGT TTG CTA AGG GGT GGT AAA TAC TTG AAG AAA ATG GCC TGG GAA GAC GTC AGA GGC TGG TTA AGT GAA GGT GGT ACT TTG ATT GGT ACT GCT CGT TCC ATG GAG TTC AAA AAG CGT GAA GGT CGT AGA CAG GCT GCT GGC AAT TTA ATC TCT CAA GGT ATT GAT GCT TTA ATT GTT TGT GGT GGT GAT GGT TCT TTG ACC GGT GCT GAC CTT TTC AGA CAC GAA TGG CCA TCT TTG GTC GAA GAA CTT GTT GCT GAA GGT AGA TTT ACC AAA GAA GAA GTT GCA CCA TAC AAA AAT TTG TCC ATC GTT GGT CTT GTT GGT TCC ATT GAT AAT GAT ATG TCT GGT ACT GAC TCT ACC ATT GGT GCA TAC TCT GCT TTG GAA AGA ATC TGT GAA ATG GTC GAC TAC ATC GAT GCT ACT GCC AAG TCA CAT TCT CGT GCT TTC GTT GTA GAG GTT ATG GGT AGA CAT TGT GGT TGG TTG GCT TTG ATG GCT GGT ATC GCC ACT GGT GCT GAT TAC ATT TTT ATT CCA GAA AGA GCT GTT CCT CAC GGT AAA TGG CAA GAC GAG TTG AAA GAA GTC TGC CAA AGA CAT AGG AAT AAG GGT AGA AGA AAC AAC ACT ATC ATT GTT GCT GAA GGT GCA TTG GAT GAT CAG TTG AAT CCC GTT ACA GCC AAT GAT GTT AAG GAT GCC CTA ATT GAC CTA GGG CTA GAT ACT AAA GTC ACG ATT TTA GGT CAC GTT CAA AGA GGT GGT ACT GCT GTT GCT CAT GAC AGA TGG CTA GCC ACT TTA CAA GGT GTT GAC GCT GTC AAG GCT GTT TTA GAA TTC ACT CCA GAG ACT CCT TCT CCA TTG ATT GGT ATT TTA GAA AAT AAA ATC ATA AGA ATG CCA TTG GTT GAA TCT GTT AAG TTG ACT AAA TCT GTC GCT ACA GCC ATT GAA AGC AAA GAT TTC GAT AAG GCA ATT TCT TTA AGA GAC ACT GAA TTC ATT GAG CTT TAT GAA AAT TTC TTG TCT ACC ACC GTT AAA GAT GAT GGT TCT GAA TTG TTG CCA GTA TCT GAC AGA TTG AAT ATT GGT ATT GTT CAT GTT GGT GCT CCA TCT GCT GCT TTG AAC GCT GCT ACT CGT GCG GCC ACT CTA TAC TGT TTG TCC CAC GGT CAT AAA CCA TAT GCT ATT ATG AAC GGT TTC AGT GGA TTG ATT CAA ACT GGT GAA GTA AAG GAA CTA TCA TGG ATT GAT GTC GAA AAC TGG CAT AAT TTG GGT GGT TCT GAA ATT GGT ACC AAC AGA TCG GTT GCT TCA GAG GAC TTA GGT ACT ATT GCT TAT TAC TTC CAA AAG AAC AAG TTA GAT GGT TTA ATT ATA CTC GGT GGT TTT GAA GGA TTT AAA TCA TTA AAG CAA TTG CGT GAT GGC AGA GCC CAA CAC CCA ATC TTT AAC ATC CCA ATG TGT TTG ATT CCA GCC ACT GTC TCC AAC AAT GTT CCA GGT ACT GAA TAC TCA CTT GGT GTC GAT ACC TGT TTG AAC GCA TTG GTT AAC TAC ACT GAT GAC ATC AAA CAA AGT GCT TCT GCC ACA AGA AGA AGA GTT TTC GTC TGT GAA GTC CAA GGT GGT CAT TCT GGT TAC ATT GCT TCT TTC ACT GGT TTG ATT ACC GGT GCT GTA TCC GTG TAT ACT CCA GAA AAG AAA ATT GAC TTA GCC TCC ATC GGA GAA GAT ATA ACT TTG TTA AAA GAA AAC TTC CGT CAT GAT AAA GGT GAA AAC AGA AAC GGT AAG CTA TTG GTT AGA AAT GAG CAA GCT TCT AGC GTA TAT AGC ACA CAG TTA CTT GCT GAT ATC ATC TCT GAA GCA AGC AAG GGT AAG TTC GGT GTT AGA ACT GCT ATC CCT GGT CAC GTC CAA CAA GGT GGT GTT CCA TCT TCC AAG GAT CGT GTC ACC GCT TCC AGA TTT GCT GTT AAA TGT ATC AAG TTT ATC GAA CAA TGG AAC AAA AAG AAC GAA GCT TCT --- CCA AAC ACT GAT GCT AAG GTT TTG AGA TTC AAG TTC GAT ACC CAC GGT GAA AAA GTA CCA ACC GTC GAA CAC GAA GAT GAC TCT GCT GCT GTT ATC TGT GTT AAT GGT TCA CAC GTT TCC TTC AAG CCA ATT GCT AAC CTA TGG GAA AAC GAG ACT AAT GTT GAA TTA AGA AAA GGT CAT GAA GTT CAC TGG GCT GAA TAT AAC AAG ATT GGT GAC ATC CTA TCT GGT AGA TTA AAG TTG AGA GCT GAA GTG GCC GCT TTA AAC GCT GGA AAC AAA 
cerevisiae                                 ATG CAA TCT CAA GAT TCA TGC TAC GGT GTT GCA TTC AGA TCT ATC ATC ACA AAT GAT GAA GCT TTA TTC AAG AAG ACC ATT CAC TTT TAT CAC ACT CTA GGA TTT GCA ACT GTG AAA GAT TTC AAC AAA TTC AAA CAT GGT GAA AAT AGC TTA CTA TCT TCA GGG ACT TCC CAA GAT TCC TTG AGA GAA GTT TGG TTA GAA TCT TTC AAG TTG AGT GAG GTT GAT GCT TCT GGG TTC CGT ATA CCA CAA CAA GAA GCT ACT AAC AAG GCT CAA AGT CAA GGT GCT CTA TTA AAG ATT CGT TTA GTG ATG TCT GCT CCA ATC GAT GAA ACT TTC GAC ACC AAC GAA ACC GCC ACA ATC ACT TAT TTC TCT ACT GAT TTG AAC AAG ATT GTC GAG AAA TTC CCA AAA CAA GCC GAA AAA TTG TCC GAT ACC TTA GTG TTT TTG AAA GAT CCA ATG GGC AAC AAC ATC ACC TTC TCA GGC TTA GCT AAT GCA ACC GAT TCC GCT CCA ACT TCC AAA GAT GCT --- --- TTC TTA GAA GCT ACC TCC GAA GAC GAA ATC ATC TCT AGA GCT TCT TCC GAT GCT TCT --- --- --- --- GAC TTA CTA AGA CAA ACA TTG GGC TCT TCT CAA AAG AAG AAG AAG ATT GCT GTC ATG ACT TCT GGT GGT GAT TCT CCA GGT ATG AAT GCC GCT GTT CGT GCC GTT GTT CGT ACA GGT ATA CAT TTC GGC TGT GAT GTT TTT GCT GTT TAC GAA GGT TAC GAA GGT TTA CTA AGA GGC GGT AAA TAT TTA AAG AAA ATG GCT TGG GAA GAT GTC AGA GGT TGG TTA AGT GAA GGT GGT ACT TTG ATT GGT ACT GCT CGT TCT ATG GAA TTC AGA AAG CGT GAG GGT CGT AGA CAA GCT GCA GGC AAT TTA ATT TCG CAA GGT ATT GAC GCT TTG GTT GTT TGT GGT GGT GAT GGT TCT TTA ACC GGT GCT GAT CTT TTC AGA CAC GAA TGG CCA TCT TTG GTT GAT GAA TTG GTT GCA GAA GGT AGA TTC ACT AAA GAA GAA GTC GCC CCA TAC AAG AAT TTG TCC ATT GTT GGT CTT GTC GGT TCC ATC GAT AAT GAT ATG TCT GGT ACT GAC TCT ACC ATT GGT GCT TAT TCT GCT TTG GAA AGA ATC TGT GAA ATG GTT GAC TAC ATT GAT GCC ACC GCT AAA TCC CAC TCC CGT GCC TTT GTT GTT GAA GTT ATG GGT AGA CAT TGT GGT TGG TTG GCC TTG ATG GCT GGT ATT GCT ACC GGT GCC GAT TAC ATT TTT ATT CCA GAA AGA GCT GTT CCT CAC GGA AAA TGG CAG GAC GAA TTG AAG GAA GTG TGC CAA AGA CAC AGA AGT AAG GGT AGA AGA AAT AAC ACA ATT ATT GTC GCT GAA GGT GCT TTA GAT GAT CAA TTA AAC CCT GTT ACT GCC AAT GAC GTC AAA GAT GCT TTG ATT GAA TTG GGT CTA GAC ACC AAG GTA ACC ATT CTA GGT CAC GTT CAA AGA GGT GGT ACA GCT GTT GCT CAT GAC AGA TGG TTA GCT ACT CTA CAA GGT GTC GAT GCT GTT AAG GCC GTT CTG GAA TTT ACC CCT GAA ACT CCT TCT CCA TTA ATT GGT ATT TTA GAA AAC AAG ATA ATT AGA ATG CCA TTG GTT GAA TCT GTG AAG TTG ACT AAA TCT GTT GCC ACT GCC ATT GAA AAC AAA GAT TTC GAT AAG GCA ATT TCT TTA AGA GAC ACA GAA TTT ATT GAA CTT TAC GAA AAC TTC TTA TCC ACT ACC GTT AAA GAT GAT GGT TCC GAA TTA TTG CCA GTA TCT GAC AGA CTA AAC ATT GGT ATT GTC CAT GTT GGT GCC CCA TCT GCT GCT TTG AAC GCT GCC ACC CGT GCC GCA ACT CTA TAC TGT TTG TCT CAC GGC CAT AAA CCA TAC GCT ATC ATG AAT GGT TTC AGT GGA TTG ATT CAA ACC GGT GAA GTG AAG GAA CTA TCA TGG ATT GAT GTC GAA AAC TGG CAT AAC TTG GGT GGT TCC GAA ATC GGT ACG AAC AGA TCT GTT GCT TCA GAA GAT TTG GGT ACC ATT GCT TAC TAC TTC CAA AAG AAC AAG CTA GAC GGT TTG ATT ATT CTT GGT GGT TTT GAA GGT TTC AGG TCC TTG AAG CAA TTG CGT GAC GGT AGA ACC CAA CAC CCA ATC TTT AAC ATT CCA ATG TGT TTG ATT CCA GCC ACT GTT TCT AAC AAC GTT CCA GGT ACT GAA TAC TCA CTT GGT GTT GAT ACC TGT TTG AAC GCA TTA GTC AAT TAC ACT GAT GAC ATC AAA CAG AGT GCT TCT GCG ACA AGA AGA AGA GTC TTC GTC TGT GAA GTC CAA GGT GGT CAC TCT GGT TAC ATC GCT TCT TTC ACT GGT TTA ATC ACT GGT GCT GTT TCA GTG TAC ACT CCA GAA AAG AAG ATC GAC TTA GCT TCT ATC AGA GAA GAT ATA ACT CTA TTA AAA GAG AAC TTT CGT CAC GAC AAA GGT GAA AAC AGA AAC GGT AAG CTA TTG GTT AGA AAC GAA CAA GCT TCT AGC GTA TAT AGC ACT CAA TTG TTG GCT GAC ATC ATC TCT GAA GCA AGC AAG GGT AAG TTT GGT GTT AGA ACT GCT ATC CCA GGC CAT GTT CAA CAA GGT GGT GTT CCA TCT TCT AAA GAC CGT GTC ACC GCT TCC AGA TTT GCT GTC AAA TGT ATC AAG TTT ATC GAA CAA TGG AAC AAG AAA AAT GAA GCT TCT --- CCA AAC ACT GAC GCT AAG GTT TTG AGA TTC AAG TTC GAT ACT CAC GGT GAA AAG GTA CCA ACT GTT GAG CAC GAA GAT GAC TCT GCT GCT GTT ATC TGT GTT AAT GGT TCT CAC GTT TCC TTC AAG CCA ATT GCT AAC CTT TGG GAA AAC GAA ACC AAC GTT GAA TTA AGA AAG GGT TTT GAA GTT CAC TGG GCT GAA TAC AAC AAG ATT GGT GAC ATC CTG TCC GGT AGA TTA AAG TTG AGA GCT GAG GTA GCC GCT TTA GCC GCT GAA AAC AAA 
paradoxus                                  ATG CAA TCT CAA GAT TCA TGC TAC GGT GTT GCA TTC AGA TCT ATC ATC ACA AAT GAT GAA GCT CTA TTC AAG AAG ACC ATT CAC TTT TAT CAC ACT TTA GGA TTT GCC ACT GTG AAA GAC TTC AAC AAA TTC AAA CAT GGT GAA AAT AGC TTA TTA TCT TCA GGA ACT TCC CAA GAT TCC TTG AGA GAA GTT TGG TTA GAA TCC TTC AAG CTG AGT GAG GTC GAT GCT TCT GGG TTC CGT ATA CCA CAA CAA GAG GCT TCC AAC AAA GCT CAA AGT CAA GGG GCT CTA TTG AAG ATC CGT TTA GTG ATG TCT GCC CCA ATT GAT GAA ACT TTC GAC ACC AAT GAA ACC GCC ACA ATC ACT TAT TTC TCT ACT GAT TTG AAC AAG ATT GTC GAA AAA TTC CCA AAG CAA GCC GAG AAA TTG TCC GAT ACC TTA GTA TTT TTG AAA GAT CCT ATG GGC AAC AAC ATC ACC TTC TCA GGC TTA GCT AAT GCA ACT GAT TCT GCT CCA ACT TCC AAA GAT GCT --- --- TTC TTG GAA GCT ACT TCC GAA GAC GAA ATC ATT TCC AGG GCT TCT TCC GAT GCT TCT --- --- --- --- GAC TTA TTA AGA CAA ACA TTG GGC TCT TCT CAA AAG AAG AAG AAG ATT GCT GTC ATG ACT TCT GGT GGT GAT TCT CCT GGT ATG AAT GCC GCT GTT CGT GCT GTT GTT CGT ACA GGT ATC CAT TTC GGC TGT GAT GTC TTT GCC GTT TAC GAG GGT TAC GAA GGT TTA CTA AGA GGC GGT AAA TAT TTA AAG AAG ATG GCT TGG GAA GAT GTC AGA GGT TGG TTA AGT GAA GGT GGT ACT TTG ATC GGT ACT GCT CGT TCC ATG GAA TTC AAA AAG CGC GAA GGT CGT AGA CAA GCT GCA GGT AAT CTA ATT TCA CAA GGT ATT GAC GCT TTG ATT GTT TGT GGT GGT GAC GGT TCT TTA ACT GGT GCT GAT CTT TTT AGA CAC GAA TGG CCA TCT TTG GTT GAT GAA CTG GTT GCA GAA GGC AGA TTT ACT AAG GAA GAA GTT GCC CCA TAC AAG AAT TTG TCC ATT GTT GGT CTT GTT GGT TCC ATT GAT AAT GAT ATG TCT GGT ACT GAC TCT ACC ATT GGT GCT TAT TCT GCT TTG GAA AGA ATC TGT GAA ATG GTT GAC TAC ATT GAT GCT ACC GCT AAG TCC CAT TCC CGT GCC TTC GTT GTT GAA GTT ATG GGT AGA CAT TGT GGT TGG TTG GCC TTG ATG GCC GGT ATC GCT ACT GGT GCT GAT TAC ATT TTC ATT CCA GAA AGG GCT GTT CCT CAC GGA AAA TGG CAA GAC GAA TTG AAG GAA GTC TGC CAA AGA CAT AGG AGT AAG GGT AGA AGA AAC AAC ACC ATT ATT GTC GCT GAA GGT GCT TTA GAT GAT CAA TTA AAC CCT GTT ACC GCC AAT GAT GTT AAG GAT GCC TTA ATT GAA CTC GGT CTA GAC ACT AAA GTC ACA ATT CTA GGT CAC GTT CAA AGA GGT GGT ACT GCT GTT GCA CAT GAC AGA TGG TTA GCC ACT TTA CAA GGT GTC GAC GCT GTT AAG GCC GTT TTG GAG TTT ACT CCA GAA ACT CCT TCT CCA TTA ATT GGT ATT TTA GAA AAC AAG ATC ATT AGA ATG CCA TTG GTT GAA TCT GTG AAG TTG ACC AAA TCT GTC GCC ACT GCC ATT GAA AAC AAA GAT TTC GAT AAG GCA ATT TCT TTA AGA GAC ACA GAA TTT ATT GAG CTC TAC GAA AAC TTC TTA TCC ACT ACC GTT AAA GAT GAT GGT TCT GAA TTG TTG CCA GTA TCT GAC AGA TTA AAT ATT GGT ATT GTC CAT GTT GGT GCT CCA TCG GCC GCT TTG AAC GCT GCT ACT CGT GCT GCC ACT CTA TAC TGT TTG TCA CAC GGC CAT AAA CCA TAT GCT ATC ATG AAT GGC TTC AGC GGA TTG ATT CAA ACC GGT GAA GTA AAG GAA CTA TCA TGG ATT GAT GTC GAA AAC TGG CAT AAC TTG GGT GGT TCC GAA ATT GGT ACC AAC AGA TCT GTT GCC TCA GAA GAT TTA GGT ACA ATT GCT TAT TAC TTC CAA AAG AAC AAG CTA GAC GGT TTG ATT ATC CTC GGT GGT TTT GAA GGT TTC AGA TCT TTG AAG CAA TTG CGT GAC GGT AGA CCC CAA CAT CCA ATC TTC AAC ATC CCA ATG TGT TTG ATT CCA GCC ACT GTT TCT AAC AAC GTT CCA GGT ACT GAA TAC TCA CTT GGT GTT GAC ACC TGT TTG AAC GCA TTG GTC AAT TAC ACC GAT GAC ATC AAA CAA AGT GCT TCT GCC ACA AGA AGA AGA GTC TTT GTC TGC GAA GTT CAA GGT GGT CAT TCT GGT TAC ATT GCT TCT TTC ACT GGT TTG ATC ACC GGT GCC GTT TCC GTG TAT ACT CCA GAA AAG AAA ATC GAC TTA GCT TCT ATC AGA GAA GAT ATA ACT TTG TTA AAA GAG AAC TTC CGT CAC GAT AAA GGT GAA AAC AGA AAT GGT AAG CTA TTA GTT AGA AAT GAG CAA GCT TCT AGC GTA TAT AGC ACC CAA TTG CTA GCT GAC ATT ATC TCT GAA GCA AGC AAG GGT AAG TTT GGT GTC AGA ACC GCT ATC CCA GGT CAT GTC CAA CAA GGT GGT GTT CCA TCT TCC AAG GAC CGT GTC ACC GCT TCT AGA TTT GCT GTC AAA TGT ATC AAG TTT ATC GAA CAA TGG AAC AAG AAG AAT GAA GCT TCT --- CCA AAC ACT GAC GCT AAA GTT TTG AGA TTC AAG TTC GAT ACT CAC GGT GAA AAA GTA CCA ACT GTT GAG CAC GAG GAT GAT TCC GCC GCT GTT ATC TGT GTC AAT GGT TCT CAC GTT TCC TTT AAG CCA ATC GCT AAT CTA TGG GAG AAC GAA ACC AAT GTT GAA TTA AGA AAG GGT CAT GAA GTT CAC TGG GCT GAA TAT AAC AAG ATT GGT GAC ATC CTA TCT GGT AGA TTA AAG TTG AGA GCT GAA GTA GCC GCT TTA GCC GCT GAA AAC AAA 



Printing out site pattern counts


         5       1593  P G
G 2        1    530

castellii                                   ATG --- --- --- --- --- --- --- AAA AAA AAA AAA AAA AAA AAA AAA AAA AAA AAC AAC AAC AAC AAC AAC AAC AAC AAC AAC AAC AAC AAC AAC AAC AAC AAG AAG AAG AAG AAG AAG AAG AAG AAG AAG AAG AAG AAG AAG AAG AAG AAG AAG AAT AAT AAT AAT AAT AAT AAT AAT AAT AAT AAT AAT AAT ACA ACA ACA ACA ACC ACC ACC ACC ACC ACC ACC ACC ACC ACC ACC ACC ACC ACC ACC ACC ACC ACG ACT ACT ACT ACT ACT ACT ACT ACT ACT ACT ACT ACT ACT ACT ACT ACT ACT ACT ACT ACT ACT ACT ACT AGA AGA AGA AGA AGA AGA AGA AGA AGC AGC AGC AGC AGT AGT AGT AGT AGT AGT AGT AGT ATA ATA ATC ATC ATC ATC ATC ATC ATC ATC ATC ATC ATC ATC ATC ATC ATC ATC ATC ATC ATC ATG ATG ATG ATG ATG ATG ATT ATT ATT ATT ATT ATT ATT ATT ATT ATT ATT ATT ATT ATT ATT ATT ATT ATT ATT ATT CAA CAA CAA CAA CAA CAA CAA CAA CAA CAA CAA CAA CAA CAA CAA CAA CAA CAC CAC CAC CAC CAC CAC CAT CAT CAT CAT CAT CAT CAT CAT CAT CAT CCA CCA CCA CCA CCA CCA CCA CCA CCA CCA CCA CCA CCT CCT CGT CGT CTA CTA CTA CTA CTA CTA CTG CTG CTT CTT CTT CTT CTT CTT CTT GAA GAA GAA GAA GAA GAA GAA GAA GAA GAA GAA GAA GAA GAA GAA GAA GAA GAA GAA GAA GAA GAA GAC GAC GAC GAC GAC GAC GAC GAC GAG GAT GAT GAT GAT GAT GAT GAT GAT GAT GAT GAT GAT GAT GAT GAT GCA GCA GCA GCA GCA GCA GCA GCC GCC GCC GCC GCC GCC GCC GCC GCC GCC GCC GCT GCT GCT GCT GCT GCT GCT GCT GCT GCT GCT GCT GCT GCT GCT GCT GCT GCT GCT GCT GCT GCT GCT GCT GCT GCT GCT GGA GGA GGC GGC GGC GGC GGG GGG GGG GGT GGT GGT GGT GGT GGT GGT GGT GGT GGT GGT GGT GGT GGT GGT GTA GTA GTA GTC GTC GTC GTC GTC GTC GTC GTC GTC GTC GTC GTC GTC GTC GTC GTG GTG GTG GTG GTG GTG GTT GTT GTT GTT GTT GTT GTT GTT GTT GTT GTT GTT GTT GTT GTT GTT GTT GTT GTT GTT GTT GTT GTT GTT TAC TAC TAC TAC TAC TAC TAC TAT TAT TAT TAT TAT TAT TCA TCA TCA TCA TCA TCA TCA TCC TCC TCC TCC TCC TCC TCC TCC TCC TCC TCC TCG TCT TCT TCT TCT TCT TCT TCT TCT TCT TCT TCT TCT TCT TCT TCT TCT TCT TCT TCT TCT TCT TCT TCT TCT TCT TCT TGG TGT TGT TGT TGT TGT TGT TGT TTA TTA TTA TTA TTA TTA TTA TTA TTA TTA TTA TTA TTA TTA TTA TTA TTA TTA TTA TTA TTA TTC TTC TTC TTC TTC TTC TTC TTC TTC TTC TTC TTC TTC TTG TTG TTG TTG TTG TTG TTG TTG TTG TTG TTG TTG TTG TTG TTG TTG TTG TTG TTG TTG TTG TTT TTT TTT TTT TTT TTT
bayanus                                     ATG AAT ATT CAA CCA GAT TCT TTC AAA AAA AAA AAA AAA AAC AAG AGA AGA ATG AAC AAC AAC AAC AAG AAT AAT AAT AAT GAA GAC GAC GAT GAT GCT TCT AAA AAA AAA AAA AAG AAG AAG AAG AAG AAG AAT AGA AGA CAA CAA GAA GCC TCC AAA AAA AAC AAC AAC AAC AAC AAT AAT AAT ACT CAT GAT ACA ACA GTT TCA AAC AAC AAT ACA ACC ACC ACC ACC ACC ACT ACT ACT ACT ACT TCA TCT TCT ACC AAA AAC ACA ACA ACA ACA ACC ACC ACC ACC ACC ACC ACG ACT ACT ACT ACT ACT CCA GCT GCT TCT TGC AAG AAG AGA AGA AGA AGA CGT TCT AGT GAA GCC TCC AGC AGC AGT AGT CAC GGT GTC TCC CTA TTA --- ATC ATC ATC ATC ATT ATT ATT ATT ATT ATT CTC GTC GTC GTG GTT GTT GTT TTG ATG CTT TTA TTA TTC TTG AAC ATA ATC ATC ATC ATC ATC ATC ATC ATT ATT ATT ATT ATT CTT GTG GTT TAC TTA TTG AAA AAG ACT AGA CAA CAA CAA CAC CAG CAT CAT GAA GCC GCT GCT TCT TTG AAA AAG CAC CAC CAT CAT AAG CAC CAC CAC CAC CAC CAT CAT CAT CAT AAA ACT CCA CCA CCA CCG CCT CCT CCT GAC GCT TCT CCA CCT CGT CGT CTA CTA GCC TTA TTA TTG ATC CTT ATC CTT CTT TTA TTA TTG TTG AAA AAA AAC CAA GAA GAA GAA GAA GAA GAA GAA GAA GAA GAC GAG GAG GAT GAT GAT GAT TCA TCC AAA GAA GAC GAC GAT GAT GAT GAT GAA AAG GAA GAA GAC GAC GAC GAC GAC GAC GAC GAT GAT GAT GAT GCT GCA GCC GCC GCT GCT GCT TCT --- ACT GCA GCA GCC GCC GCC GCG GCT GCT GCT --- ACC ACC ACT AGC ATC CCA GCA GCC GCC GCC GCC GCC GCC GCT GCT GCT GCT GCT GCT GCT GCT GCT GCT GTT TCA TCT GGT GGT GGA GGT GGT TCC GGA GGT GGT --- AAC ACT GGA GGC GGC GGG GGT GGT GGT GGT GGT GGT GGT GGT CAA GTA GTT ATT ATT GCC GTA GTC GTC GTC GTC GTG GTT GTT GTT GTT TGC TTC ATA ATA GTC GTC GTT GTT ACT ATT GAA GCC GTC GTC GTC GTC GTC GTC GTC GTC GTG GTT GTT GTT GTT GTT GTT GTT GTT GTT GTT GTT TAC TAC TAC TAC TAT TAT TAT TAC TAC TAC TAT TAT TTC ACA CTT GCT TCA TCA TCT TCT --- ACT CAA TCC TCC TCC TCC TCT TCT TCT TCT GGC AAA AAC AGT ATC GAT GCC GCT GCT GGC GTT TCA TCA TCC TCC TCC TCC TCC TCT TCT TCT TCT TCT TCT TCT TCT TCT TGG AGC GCC TGC TGC TGT TGT TGT --- CCA CTA CTA CTA CTA CTA TCT TTA TTA TTA TTA TTA TTA TTA TTC TTG TTG TTG TTG TTG --- TTC TTC TTC TTC TTC TTC TTC TTC TTG TTT TTT TTT ATA ATG CTA CTA CTA TTA TTA TTA TTA TTA TTA TTA TTG TTG TTG TTG TTG TTG TTG TTG TTG ACT TTC TTC TTC TTT TTT
mikatae                                     ATG AAT ATT AAA CCA GAT ACT TTC AAA AAA AAA AAG AAG AAC AAG AAA AGA AAG AAC AAC AAT AAT AAG AAC AAT AAT AAT GAA GAC GAT GAT GAT GCT TCC AAA AAA AAG AAG AAA AAA AAA AAG AAG AAG AAC AGA AGG AAA CAA GAA GCT TCC AAA AAG AAC AAC AAC AAC AAT AAC AAT AAT ACT CAT GAT ACA ACG GTT TCA AAC AAT AAT ACA ACA ACC ACC ACG ACT ACC ACT ACT ACT ACT TCG TCA TCA ACG AAA AAT ACA ACC ACT ACT ACC ACC ACC ACC ACT ACT ACT ACA ACT ACT ACT ACT CCA GCA GCT TCT TGT AAA AAG AGA AGA AGG AGG CGT TCC AGC GAA GCC TCC AGC AGC AGT AGT CAC GGT GTC TCC CTA TTG --- ATC ATT ATT ATT ATC ATC ATT ATT ATT ATT TTA GTT GTT GTG ATT GTC GTT TTA ATG TTA CTA TTA TTC TTG AAC ATC ATA ATA ATC ATC ATC ATT ATT ATC ATC ATC ATT ATT CTT GTG GTC TAT TTA TTG AAA AAG ACT GGA CAA CAA CAG CAC CAA CAC CAT GAA GCC ACC GCG TCT TTG AAA AAG CAC CAT CAC CAT AAG CAC CAC CAT CAT CAT CAC CAC CAT CAT AAG ACC CCA CCA CCT CCA CCA CCC CCT GAC GCT TCT CCA CCA CGT CGT CTA CTT GCC TTA TTA TTG ATC TTA ATC CTC CTT CTA TTA TTA TTG AAA AAA AAT AAA GAA GAA GAA GAA GAA GAG GAG GAG GGA GAC GAA GAG CAG GAA GAC GAT TCA TCT AGA GAA GAC GAC GAC GAT GAT GAT GAA AAG GAA GAC GAC GAC GAC GAC GAT GAT GGC GAC GAT GAT GAT GCT GCA GCC GCT GCC GCT GCT TCT --- ACA GCT GCT GCA GCT GCT GCT GCC GCT GCT --- AAC ACC ACC AAT ATC CCA GCA GCC GCC GCT GCT GCT GCT ACT GCA GCC GCC GCG GCT GCT GCT GCT GCT GTC TCA TCC GGC GGT GGC GGT GGT TCT GGA GGT GGT --- AAC ACT GGG GGA GGT GGA GGA GGC GGC GGT GGT GGT GGT GGT CAA GTA GTT ATT ATT GCC GTA GTA GTC GTC GTT GTA GTA GTT GTT GTT TGT TTT ATA ATC GTC GTT GTT GTT ACC ATT GAA GCT GTA GTA GTC GTC GTC GTT GTT GTT GTG GTC GTC GTC GTC GTC GTG GTT GTT GTT GTT GTT TAC TAC TAT TAT TAC TAC TAT TAC TAC TAT TAC TAT TAT ACA ATC GCC GCA TCT TCT TCT --- ACA CAA TCC TCC TCC TCT TCC TCT TCT TCT AGC AAG AAC AGT ATT GAT GCC GCT TCT GGA GCC TCA TCT TCC TCC TCT TCT TCT TCA TCA TCA TCC TCC TCG TCT TCT TCT TGG AGC GCC TGC TGT TGC TGC TGT --- CCA CTT TTA TTG TTG TTG ACC CTA CTA TTA TTA TTA TTA TTG TTC TTA TTG TTG TTG TTG --- TTC TTC TTC TTC TTT TTT TTT TTT TTA TTC TTC TTC ATA ATG CTA TTA TTA CTA CTA TTA TTA TTA TTG TTG CTA CTA CTT TTA TTA TTA TTG TTG TTG ACT TTC TTT TTT TTC TTC
cerevisiae                                  ATG AAC ATC AAA CCA GAT TCT TTC AAA AAA AAG AAA AAG AAT AAG AGG AGA AAG AAC AAT AAC AAT AAA AAC AAC AAC AAT GAG GAC GAC GAC GAT GCT TCC AAA AGA AAA AAG AAA AAG AAG AAA AAG AAG AAC AGA AGA AAG CAA GAA GCA TCC AAA AAG AAC AAC AAT AAT AAC AAC AAC AAC ACT CAT GAT ACA ACA GTT TCA AAC AAC AAT ACA ACA ACC ACT ACC ACC ACT ACC ACC ACT ACT TCA TCA TCT ACC AAA AAT ACT ACT ACA ACC ACC ACC ACG ACT ACC ACT ACA ACT ACA ACC ACT ACT CCA GCC GCT TCT TGT AAG AAG AGA AGA AGA AGA CGT TCC AGC GAA GCA TCT AAC AGC AGT AGT CAC GGT GTC TCC CTA TTG --- ATC ATC ATC ATT ATA ATC ATA ATC ATC ATT TTA GTG GTT GTG ATT GTT GTT TTG ATG TTA CTA TTA TTT TTA AAC ATC ATT ATT ATC ATT ATT ATC ATT ATC ATT ATT ATT ATT TTG GTT GTT TAC TTA TTA AAA AAG ACT AGA CAA CAG CAA CAC CAA CAC TTT GAA GCT GCT GCT TCT TTA AAA AAG CAC CAT CAC CAT AAA CAC CAC CAC CAC CAT CAC CAT CAC CAT AAA ACC CCA CCA CCA CCT CCA CCT CCT GAC GCA TCT CCA CCA CGT CGT CTA CTT GCC CTA TTA TTG ATC TTA ATC CTT CTT CTG CTA CTA TTG AAA AAA AAT AAA GAA GAA GAG GAG GAT GAA GAA GAG GAA GAC GAA GAA CAA GAA GAA GAT TCA TCG AGA GAA GAC GAT GAC GAC GAT GAT GAA AAG GAA GAC GAC GAC GAT GAT GAC GAT GAT GAT GAC GAT GAT GCT GCA GCA GCT GCC GCT GCT TCT --- ACT GCA GCT GCT GCT GCT GCT GCT GCC GCT --- GCC ACT ACC AGT ATC CCA GCA GCC GCT GCC GCC GCT GCT GCT GCT GCG GCT GCC GCC GCC GCT GCT GCT GTT TCA TCC GGC GGT GGC GGA GGT TCT GGG GGT GGT --- AAC ACC GGT GGA GGC GGA GGT GGC GGT GGC GGC GGG GGT GGT CAA GTA GTT ATT GTT GCT GTG GTA GTC GTT GTC GTA GTT GTC GTC GTT TGT TTT ATA ATT GTT GTT GTC GTT ACC ATT GAA GCT GTG GTT GTC GTT GTT GTC GTT GTT GTA GTA GTC GTC GTG GTT GTT GTC GTC GTG GTT GTT TAC TAT TAC TAC TAC TAT TAT TAC TAT TAC TAC TAT TAC ACA ATC GCT GCA TCT TCT TCT --- ACC CAA TCA TCC TCT TCT TCC TCC TCT TCT GGC AAG AAC AGT ATC GAC GCC GCT TCT GGC ACC TCA TCT TCT TCT TCC TCC TCT TCC TCC TCT TCC TCT TCT TCC TCC TCT TGG AGC GCC TGC TGT TGC TGT TGT --- CCA CTT TTA CTA TTA TTG ACT TTA TTG CTA TTA TTG TTG TTG TTC CTA TTA TTA TTG TTG --- TTC TTC TTT TTT TTC TTC TTT TTT TTA TTC TTC TTT ATA ATG CTT CTA TTG CTA TTG CTG TTA TTG CTA TTG TTA TTA TTG TTA TTA TTG CTA TTA TTG ACC TTC TTT TTT TTC TTC
paradoxus                                   ATG AAT ATT AAA CCA GAT TCT TTC AAA AAG AAA AAG AAG AAT AAG AGA AGA AAG AAC AAT AAC AAT AAG AAC AAC AAT AAT GAA GAC GAC GAC GAT GCT TCC AAA AAA AAG AAG AAA AAA AAG AAG AAA AAG AAC AGA AGA AAG CAA GAA GCA TCC AAA AAG AAC AAT AAC AAT AAC AAC AAC AAT ACT CAT GAT ACA ACA GTT TCA AAC AAC AAT ACA ACA ACC ACT ACA ACC ACT ACC ACT ACC ACT TCA TCA TCT ACC AAA AAT ACC ACT ACA ACC ACC ACT ACC ACC ACA ACC ACC ACC ACT ACT ACC ACT CCA GCC GCT TCT TGT AAG AAG AGA AGG AGA AGG CGT TCC AGC GAA GCC TCT AAC AGC AGC AGT CAC GGT GTC TCC CTA TTG --- ATC ATC ATT ATT ATC ATC ATC ATC ATT ATT TTA GTG GTT GTG ATT GTT GTT TTG ATG TTA CTA TTA TTT TTG AAC ATC ATC ATT ATC ATC ATT ATC ATT ATC ATC ATT ATC ATT CTA GTC GTT TAT TTA TTA AAA AAG ACT AGA CAA CAA CAA CAC CAA CAC CAT GAA GCC GCT GCT TCT TTG AAA AAG CAC CAT CAC CAT AAA CAC CAT CAC CAT CAT CAC CAT CAT CAT AAG ACC CCA CCT CCA CCA CCA CCT CCT GAC GCA TCT CCA CCA CGC CGT CTA CTT GCC TTA TTA TTG ATC CTA ATT CTC CTT CTA TTA CTA TTG AAA AAG AAT AAA GAA GAG GAA GAG GAT GAA GAG GAG GAA GAC GAA GAG CAA GAG GAA GAT TCA TCA AGG GAA GAC GAT GAC GAT GAC GAT GAA AAG GAA GAC GAC GAT GAC GAT GAC GAT GAT GAT GAC GAC GAT GCT GCA GCC GCT GCC GCC GCT TCC --- ACT GCA GCT GCT GCC GCT GCT GCC GCC GCT --- GCC ACT ACT AGT ATC CCA GCA GCC GCT GCC GCT GCC GCT GCT GCT GCC GCT GCT GCC GCT GCA GCC GCT GTC TCA TCC GGC GGC GGT GGA GGT TCT GGA GGC GGT --- AAT ACC GGT GGA GGC GGA GGT GGC GGT GGC GGT GGG GGG GGT CAA GTA GTT ATT ATT GCC GTA GTA GTC GTC GTC GTA GTT GTC GTT GTT TGC TTT ATA ATC GTT GTT GTC GTT ACC ATT GAA GCT GTA GTT GTC GTC GTT GTC GTC GTT GTA GTC GTC GTT GTC GTT GTT GTC GTT GTG GTC GTT TAC TAT TAC TAT TAC TAT TAT TAC TAT TAT TAC TAT TAT ACA ATT GCT GCA TCT TCC TCG --- ACC CAA TCC TCC TCC TCT TCC TCT TCC TCT GGC AAG AAC AGT ATC GAC GCC GCT TCT GGC CCC TCA TCT TCC TCT TCC TCT TCT TCC TCT TCT TCT TCA TCT TCC TCT TCT TGG AGC GCC TGC TGT TGC TGT TGT --- CCA CTC TTA TTA TTA TTG TCC TTA CTC CTA TTA TTA TTG TTG TTC TTA TTA TTG TTA TTG --- TTC TTT TTC TTT TTC TTT TTC TTT TTA TTC TTT TTT ATA ATG CTA CTA CTG CTA TTA TTG TTA TTG TTG TTG TTA TTG CTG CTA TTA TTG TTA TTA TTG ACT TTC TTC TTT TTC TTT



    1    1    1    1    1    1    1    1    2    1    1    1    3    1    4
    1    1    1    8    3    2    2    1    3    1    2    2    1    1    1
    1    1    1    1    3    1    1    2    2    2    3    1    2   12    1
    1    1    1    1    1    1    1    1    1    2    1    1    1    2    1
    1    1    1    1    1    1    1    1    1    1    1    1    1    1    2
    1    1    1    2    1    1    1    1    1    1    1    1    2    1    1
    1    1    1    2    1    1    1    1    1    1    1    1    3    1   15
    1    1    1    1    1    1    1   27    1    1    1    1    1    1    1
    1    1    1    2    1    3    1    1    1    1    1    1    1    3    1
    1    2    1    5    1    1    2    4    1    1    3    2    2    1    1
    1   12    1    1    1    1    1    1    1    1    1    1    1    2    1
    4    2    1    2    2    9    1    1    1    1    1    1    3    1    2
    1   18    2    3    1    1    1    1    3    1    1    1    1    1    1
    1    2    1    1    1    1    2    1    2    1    2    1    1    2    2
    1    1   13    2    1    1    1    1    2    1    1    1    2    1    1
   10    2    2    1    1    3    1    1    1    1    1    1    1    1    1
    1    1    1    1    1   31    4    2    2    1    6    2    1    1    1
    4    1    1    1    1    1    1    1    1    1    2    2    1    2    2
    8    1    1    2    1    3    1    1    1    1    2    1    3    5    1
   11    1    1    1    1    1    2    3    1    1    1    1    2    1    1
    2    1    1    2    7    1    1    1    1    1    1    1    2    2    3
    2    3    1    2    1    1    1    1    1    1    2    1    2   13    1
    1    1    1    1    1    1    1    1    1    1    3    1    1    1    1
    1    1    1    1    1    3    1    1    1    1   56    1    1    1    1
    1    1    1    1    2    1    1    1    1    1    1    5    1    1    1
    1    1    1    1    3    1    1    1    1    1    1    1    1    1    1
    1    2    1    1    2    1    1    2    1    2    2    1    1   10    7
    1    1    1    1    1    1    2    1    1    1    1    1    1    1    1
    1    1    1    1    1    1    1    1    1    1    1    3    1    1    7
    1    1    1    1    1    1    1    2    1    1    1    1    1    1    1
    1    1    1    1    1    1    1    1    1    2    1   11   12    1    1
    1    3    1    1    4    1    1    1    2    1    1    1    1    1    1
    1    1    1    1    4    1    1    2    2    1    3    1   10    1    2
    1    2    1    1    1    1    1    1    3    1    1    1    1    1    1
    1    1    1    1    1    3    1    1    1    1    1    2    1    3    9
    1    4    1    3    2    1

CODONML (in paml version 4.4b, July 2010)  torun.nuc
Model: One dN/dS ratio for branches Global clock  (2 genes: diff. rate & k&w)  
Codon frequency model: F3x4
ns =   5  ls = 994

Codon usage in sequences
--------------------------------------------------------------------------------------------------
Phe TTT 12  8 10 15 14 | Ser TCT 38 45 38 40 38 | Tyr TAT  7  5  7  5  9 | Cys TGT 12  6  9 10  9
    TTC 26 32 29 25 25 |     TCC 19 14 16 18 20 |     TAC 13 15 14 16 12 |     TGC  0  6  3  2  3
Leu TTA 29 29 29 29 30 |     TCA  7  8  9  7  8 | *** TAA  0  0  0  0  0 | *** TGA  0  0  0  0  0
    TTG 34 37 38 35 35 |     TCG  1  0  2  1  1 |     TAG  0  0  0  0  0 | Trp TGG 12 12 12 12 12
--------------------------------------------------------------------------------------------------
Leu CTT  7  6  6  6  3 | Pro CCT  3  5  3  4  5 | His CAT 15 11 13  8 13 | Arg CGT 11 12 12 12 11
    CTC  0  1  1  0  3 |     CCC  0  0  1  0  1 |     CAC  7 13 11 15 11 |     CGC  0  0  0  0  1
    CTA 10 14 12 14 13 |     CCA 26 22 24 24 23 | Gln CAA 42 29 24 26 28 |     CGA  0  0  0  0  0
    CTG  2  0  0  2  2 |     CCG  0  1  0  0  0 |     CAG  0  1  4  2  0 |     CGG  0  0  0  0  0
--------------------------------------------------------------------------------------------------
Ile ATT 35 34 35 34 35 | Thr ACT 41 37 37 32 33 | Asn AAT 15 14 19 13 18 | Ser AGT 11  6  5  6  5
    ATC 34 22 24 24 26 |     ACC 19 16 17 22 20 |     AAC 31 30 27 32 27 |     AGC  4  5  6  4  5
    ATA  2  4  4  4  2 |     ACA  4  8  8  8  8 | Lys AAA 16 28 29 25 24 | Arg AGA 34 35 31 36 33
Met ATG 18 15 14 14 14 |     ACG  1  1  3  1  0 |     AAG 37 33 36 38 40 |     AGG  0  0  3  1  3
--------------------------------------------------------------------------------------------------
Val GTT 38 45 40 43 40 | Ala GCT 49 51 57 57 53 | Asp GAT 35 42 39 37 36 | Gly GGT 72 74 69 69 68
    GTC 20 21 18 16 20 |     GCC 20 27 18 19 25 |     GAC 19 18 19 22 23 |     GGC  4  4  7  8  8
    GTA  3  2  7  5  6 |     GCA 10  6  7  9  8 | Glu GAA 66 62 56 61 56 |     GGA  2  3  7  3  4
    GTG  8  5  5  7  4 |     GCG  0  1  2  1  0 |     GAG  1  5 10  6 11 |     GGG  5  1  1  2  2
--------------------------------------------------------------------------------------------------

Codon position x base (3x4) table for each sequence.

#1: castellii      
position  1:    T:0.21277    C:0.12462    A:0.30598    G:0.35664
position  2:    T:0.28166    C:0.24113    A:0.30800    G:0.16920
position  3:    T:0.40628    C:0.21884    A:0.25431    G:0.12057
Average         T:0.30024    C:0.19487    A:0.28943    G:0.21547

#2: bayanus        
position  1:    T:0.21986    C:0.11651    A:0.29179    G:0.37183
position  2:    T:0.27862    C:0.24519    A:0.31003    G:0.16616
position  3:    T:0.40628    C:0.22695    A:0.25329    G:0.11348
Average         T:0.30159    C:0.19622    A:0.28504    G:0.21716

#3: mikatae        
position  1:    T:0.21884    C:0.11246    A:0.30193    G:0.36677
position  2:    T:0.27558    C:0.24519    A:0.31206    G:0.16717
position  3:    T:0.40426    C:0.21378    A:0.25025    G:0.13171
Average         T:0.29956    C:0.19048    A:0.28808    G:0.22188

#4: cerevisiae     
position  1:    T:0.21783    C:0.11449    A:0.29787    G:0.36981
position  2:    T:0.27660    C:0.24620    A:0.31003    G:0.16717
position  3:    T:0.39615    C:0.22594    A:0.25431    G:0.12361
Average         T:0.29686    C:0.19554    A:0.28740    G:0.22020

#5: paradoxus      
position  1:    T:0.21884    C:0.11550    A:0.29686    G:0.36879
position  2:    T:0.27558    C:0.24620    A:0.31206    G:0.16616
position  3:    T:0.39514    C:0.23303    A:0.24620    G:0.12563
Average         T:0.29652    C:0.19824    A:0.28504    G:0.22020

Codon usage in genes
--------------------------------------------------------------
Phe TTT  0 59 | Ser TCT  0 199 | Tyr TAT  0 33 | Cys TGT  0 46
    TTC  0 137 |     TCC  0 87 |     TAC  0 70 |     TGC  0 14
Leu TTA  0 146 |     TCA  0 39 | *** TAA  0  0 | *** TGA  0  0
    TTG  0 179 |     TCG  0  5 |     TAG  0  0 | Trp TGG  0 60
--------------------------------------------------------------
Leu CTT  0 28 | Pro CCT  0 20 | His CAT  0 60 | Arg CGT  0 58
    CTC  0  5 |     CCC  0  2 |     CAC  0 57 |     CGC  0  1
    CTA  0 63 |     CCA  0 119 | Gln CAA  0 149 |     CGA  0  0
    CTG  0  6 |     CCG  0  1 |     CAG  0  7 |     CGG  0  0
--------------------------------------------------------------
Ile ATT  0 173 | Thr ACT  0 180 | Asn AAT  0 79 | Ser AGT  0 33
    ATC  0 130 |     ACC  0 94 |     AAC  0 147 |     AGC  0 24
    ATA  0 16 |     ACA  0 36 | Lys AAA  0 122 | Arg AGA  0 169
Met ATG  5 70 |     ACG  0  6 |     AAG  0 184 |     AGG  0  7
--------------------------------------------------------------
Val GTT  0 206 | Ala GCT  0 267 | Asp GAT  0 189 | Gly GGT  0 352
    GTC  0 95 |     GCC  0 109 |     GAC  0 101 |     GGC  0 31
    GTA  0 23 |     GCA  0 40 | Glu GAA  0 301 |     GGA  0 19
    GTG  0 29 |     GCG  0  4 |     GAG  0 33 |     GGG  0 11
--------------------------------------------------------------

Codon position x base (3x4) table for each gene.


Gene #1
position  1:    T:0.00000    C:0.00000    A:1.00000    G:0.00000
position  2:    T:1.00000    C:0.00000    A:0.00000    G:0.00000
position  3:    T:0.00000    C:0.00000    A:0.00000    G:1.00000
Average         T:0.33333    C:0.00000    A:0.33333    G:0.33333

Gene #2
position  1:    T:0.21785    C:0.11684    A:0.29817    G:0.36714
position  2:    T:0.27688    C:0.24503    A:0.31075    G:0.16734
position  3:    T:0.40203    C:0.22394    A:0.25193    G:0.12211
Average         T:0.29892    C:0.19527    A:0.28695    G:0.21886

Sums of codon usage counts
------------------------------------------------------------------------------
Phe F TTT      59 | Ser S TCT     199 | Tyr Y TAT      33 | Cys C TGT      46
      TTC     137 |       TCC      87 |       TAC      70 |       TGC      14
Leu L TTA     146 |       TCA      39 | *** * TAA       0 | *** * TGA       0
      TTG     179 |       TCG       5 |       TAG       0 | Trp W TGG      60
------------------------------------------------------------------------------
Leu L CTT      28 | Pro P CCT      20 | His H CAT      60 | Arg R CGT      58
      CTC       5 |       CCC       2 |       CAC      57 |       CGC       1
      CTA      63 |       CCA     119 | Gln Q CAA     149 |       CGA       0
      CTG       6 |       CCG       1 |       CAG       7 |       CGG       0
------------------------------------------------------------------------------
Ile I ATT     173 | Thr T ACT     180 | Asn N AAT      79 | Ser S AGT      33
      ATC     130 |       ACC      94 |       AAC     147 |       AGC      24
      ATA      16 |       ACA      36 | Lys K AAA     122 | Arg R AGA     169
Met M ATG      75 |       ACG       6 |       AAG     184 |       AGG       7
------------------------------------------------------------------------------
Val V GTT     206 | Ala A GCT     267 | Asp D GAT     189 | Gly G GGT     352
      GTC      95 |       GCC     109 |       GAC     101 |       GGC      31
      GTA      23 |       GCA      40 | Glu E GAA     301 |       GGA      19
      GTG      29 |       GCG       4 |       GAG      33 |       GGG      11
------------------------------------------------------------------------------

(Ambiguity data are not used in the counts.)


Codon position x base (3x4) table, overall

position  1:    T:0.21763    C:0.11672    A:0.29889    G:0.36677
position  2:    T:0.27761    C:0.24478    A:0.31044    G:0.16717
position  3:    T:0.40162    C:0.22371    A:0.25167    G:0.12300
Average         T:0.29895    C:0.19507    A:0.28700    G:0.21898


Nei & Gojobori 1986. dN/dS (dN, dS)
(Pairwise deletion)
(Note: This matrix is not used in later ML. analysis.
Use runmode = -2 for ML pairwise comparison.)

castellii           
bayanus              0.1336 (0.1219 0.9124)
mikatae              0.1085 (0.1209 1.1145) 0.0223 (0.0138 0.6199)
cerevisiae           0.1197 (0.1194 0.9974) 0.0195 (0.0134 0.6868) 0.0159 (0.0093 0.5866)
paradoxus            0.1145 (0.1177 1.0282) 0.0164 (0.0107 0.6491) 0.0150 (0.0071 0.4736) 0.0099 (0.0031 0.3127)


TREE #  1:  ((((4, 5), 3), 2), 1);   MP score: -1
lnL(ntime:  4  np:  9):  -7923.263904      +0.000000
   6..7     7..8     8..9     9..4     9..5     8..3     7..2     6..1  
 0.333771 0.092580 0.072869 0.042240 2.738804 16.492327 0.000100 3.069766 0.046372
SEs for parameters:
 253236.215152 70241.835145 55286.491116 32047.819558 2077963.591115 -1.000000 -1.000000 0.253249 0.004715
Note: Branch length is defined for the first gene (site partition).
For other genes, look at "rates for genes".

tree length =   0.87523 (1st gene)

((((4: 0.042240, 5: 0.042240): 0.030629, 3: 0.072869): 0.019711, 2: 0.092580): 0.241191, 1: 0.333771);

((((cerevisiae: 0.042240, paradoxus: 0.042240): 0.030629, mikatae: 0.072869): 0.019711, bayanus: 0.092580): 0.241191, castellii: 0.333771);

Detailed output identifying parameters

rates for 2 genes:     1  2.73880

gene # 1: kappa =  16.49233 omega =   0.00010
gene # 2: kappa =   3.06977 omega =   0.04637

Time used:  1:07
