
seed used = 1418803101
      6   1392

castellii                                  ATG CTT ATT CAG TCT TAT TCT AAA TTC TTT CTA AGA CCA CAA GCA ATT CAT TGC ATT AAA TCA ATT CAT ACA CAA TCA ATA ATG GCT GTC TCT AAA GTT TAC GCT AGA TCC GTC TAC GAC TCC CGT GGT AAC CCA ACC GTC GAA GTC GAA ATC ACC ACT GAA AAC GGT GTT TTC AGA GCT ATG GTC CCA TCT GGT GCT TCC ACT GGT ATC CAC GAA GCT TTA GAA ATG AGA GAT GGT GAC AAA TCT AAA TGG TTA GGT AAG GGT GTT TTG AAC GCT GTT GCC AAC GTT AAC AAC GTC ATT GCT CCA GCT TTC GTT AAG GCT AAC TTG GAT GTT AAG AAC CAA CAA GCT GTT GAT GAT TTC TTA ATC AAC TTG GAT GGT ACT GCC AAC AAG TCT AAG TTA GGT GCT AAC GCT ATC TTG GGT GTC TCT TTG GCC GCT GCC AGA GCC GCT GCT GCT GAA AAG AAC GTC CCA TTG TAC CAA CAT TTG GCT GAA ATC TCT GCT GCT AAG ACC ACT CCA TAC GTC TTG CCA GTT CCA TTC TTG AAC GTC TTG AAC GGT GGT TCT CAC GCT GGT GGT GCT TTG GCT CTA CAA GAA TTC ATG ATC GCT CCA ACT GGT GCT AAG ACC TTT GCT GAA GCT TTG AGA ATG GGT TCC GAA GTT TAC CAC AAC TTG AAG TCT TTG ACC AAG AAG AGA TAC GGT TCT TCT GCC GGT AAC GTC GGT GAC GAA GGT GGT GTT GCT CCA AAC ATT CAA ACT GCT GAA GAA GCT TTA GAC TTG ATC GTT GAC TCT ATC AAG GCT GCT GGT CAC GAA GGT AAG ATT CAA ATC GGT TTA GAC TGT GCC TCC TCT GAA TTC TTC AAG GAC GGT AAG TAC GAT TTG GAC TTC AAG AAC CCA GAA TCC GAC TCT TCT AAA TGG TTA ACT GGT CCA CAA TTA GCT GAC TTG TAC CAC TCT TTG ATG AAG AAG TAC CCA ATT GTT TCT ATT GAA GAT CCA TTT GCT GAA GAT GAC TGG GAA GCT TGG TCT CAT TTC TTC AAG ACT GCT GGT ATC CAA ATT GTT GCT GAT GAT TTA ACT GTC ACC AAC CCA GCT AGA ATT GCC ACT GCC ATT GAA AAG AAG GCT GCT GAC GCT TTG TTG TTG AAG GTT AAC CAA ATC GGT ACC TTG TCT GAA TCC ATC AAG GCT GCT AAC GAC TCT TAC GCC GCT GGC TGG GGT GTC ATG GTT TCC CAC AGA TCT GGT GAA ACT GAA GAC ACT TTC ATT GCT GAC TTG GTT GTT GGT TTG AGA ACT GGT CAA ATT AAG ACT GGT GCT CCA GCT AGA TCC GAA AGA TTG GCC AAG TTG AAC CAA ATC TTG AGA ATC GAA GAA GAA TTA GGT GAC AAG GCT GTC TTT GCC GGT GCC AAC TTC CAC ACT GGT TTC AAG TTA 
bayanus                                    --- --- --- --- --- --- --- --- --- --- --- --- --- --- --- --- --- --- --- --- --- --- --- --- --- --- --- ATG GCT GTC TTT AAA GTT TAC GCT AGA TCC GTC TAC GAC TCC CGT GGT AAC CCA ACC GTC GAA GTC GAA CTT ACC ACC GAA AAG GGT GTT TTC AGA TCC ATG GTC CCA TCT GGT GCT TCC ACC GGT GTT CAC GAA GCC TTG GAA ATG AGA GAT GGT GAC AAA TCC ATG TGG TTA GGT CAA GGT GTC TTG CAC GCT GTC AAG AAC GTC AAC GAC GTC ATT GCT CCA GCT TTC GTC AAG GCT AAC CTA GAT GTC AAG AAC CAA AAG GCC GTC GAT GAC TTT TTG ATT TCT TTG GAC GGT ACC GCC AAC AAA TCC AAG TTG GGT GCT AAC GCC ATC TTG GGT GTC TCC ATG GCT GCC TCC AGA GCT GCT GCC GCT GAA AAG AAC GTT CCA TTG TAC AAG CAT TTG GCT GAC TTG TCT AAG TCT AAG ACT TCT CCA TAC GTT TTG CCA GTT CCA TTC TTG AAC GTT TTG AAC GGT GGT TCC CAC GCC GGT GGT GCT TTG GCT TTG CAA GAA TTC ATG ATT GCT CCA ACT GGT GCC AAG ACC TTC GCC GAA GCT TTG AGA ATC GGT TCT GAA GTC TAC CAC AAC TTG AAG AAG TTG GCT AAG CAA AGA TAC GGT TCT TCC GCC GGT AAC GTC GGT GAC GAA GGT GGT GTT GCT CCA AAC ATC CAA ACT GCT GAA GAA GCT TTG GAC TTG ATT GTT GAC GCT ATC AAG GCT GCT GGC CAC GAC GGT AAG GTT CAA ATC GGT TTG GAC TGT GCC TCC TCT GAA TTC TAC AAG GAC GGT AAG TAC GAC TTG GAC TTC AAG AAC CCA CAA TCC GAC AAG TCT AAG TGG TTG ACT GGT GTT CAA TTA GCT GAC ATG TAC CAC TCC TTG ATG AAG AAG TAC CCA ATT GTC TCC ATT GAA GAT CCA TTT GCC GAA GAT GAC TGG GAA GCT TGG TCC CAC TTC TTC AAG ACC GCT GGT ATC CAA ATT GTT GCT GAT GAC TTG ACT GTC ACC AAC CCA GTT AGA ATC GCC ACC GCT ATT GAA AAG AAG GCC GCT GAC GCT TTG TTG TTG AAG GTT AAC CAA ATC GGT ACC TTG TCT GAA TCT ATC AAG GCT GCT CAA GAC TCT TTC GCC GCC GGC TGG GGT GTC ATG GTT TCC CAC AGA TCT GGT GAA ACT GAA GAC ACT TTC ATT GCT GAC TTG GTT GTC GGT TTG AGA ACT GGT CAA ATC AAG ACC GGT GCT CCA GCT AGA TCC GAA AGA TTG GCT AAA TTG AAC CAA TTG TTG AGA ATC GAA GAA GAA TTA GGT AGC AAC GCC GTC TTC GCC GGT GCT AAC TTC CAC CAC GGT GAC AAG TTA 
mikatae                                    --- --- --- --- --- --- --- --- --- --- --- --- --- --- --- --- --- --- --- --- --- --- --- --- --- --- --- ATG GCT GTC TCT AAA GTT TAC GCT AGA TCC GTC TAC GAC TCC CGT GGT AAC CCA ACC GTC GAA GTC GAA TTA ACC ACC GAA AAA GGT GTT TTC AGA TCC ATT GTT CCA TCT GGT GCC TCT ACT GGT GTC CAT GAA GCT TTG GAA ATG AGA GAT GGT GAC AAA TCC AAG TGG TTG GGT AAG GGT GTT TTG CAC GCT GTC AAG AAC GTC AAC GAT GTC ATT GCT CCA GCT TTC GTC AAG GCT AAC ATT GAT GTT AAG GAC CAA AAG GCC GTC GAT GAC TTC TTG ATT TCT TTG GAC GGT ACC GCC AAC AAG TCC AAG TTG GGT GCT AAC GCC ATC TTG GGT GTT TCC TTG GCT GCT TCT AGA GCT GCC GCT GCT GAA AAG AAC GTT CCA TTG TAT AAG CAC TTG GCT GAC TTA TCC AAG TCT AAG ACT TCT CCA TAC GTT TTG CCA GTT CCA TTC TTG AAC GTT TTG AAC GGT GGT TCC CAC GCT GGT GGT GCT TTG GCC TTA CAA GAA TTC ATG ATT GCT CCA ACT GGT GCT AAG ACC TTC GCT GAA GCT TTG AGA ATT GGT TCC GAA GTT TAC CAC AAC TTG AAG TCT TTG ACC AAG AAG AGA TAC GGT GCC TCT GCC GGT AAC GTC GGT GAC GAA GGT GGT GTT GCT CCA AAC ATT CAA ACT GCT GAA GAA GCT TTG GAC TTG ATT GTT GAC GCT ATC AAG GCT GCT GGT CAT GAC GGT AAG GTC AAG ATC GGT TTG GAC TGT GCT TCC TCT GAA TTC TTC AAA GAC GGT AAG TAC GAC TTG GAC TTC AAG AAT CCA AAC TCT GAC AAA TCC AAG TGG TTA ACC GGT CCC CAA TTG GCT GAC TTG TAC CAC TCC TTG ATG AAG AGA TAC CCA ATT GTC TCC ATC GAA GAT CCA TTT GCT GAA GAT GAC TGG GAA GCT TGG TCT CAC TTC TTC AAG ACC GCT GGT ATC CAA ATC GTT GCT GAT GAC TTG ACT GTC ACC AAC CCA AAG AGA ATT GCT ACC GCT ATC GAA AAG AAG GCT GCC GAT GCT TTG TTG TTG AAG GTT AAC CAA ATT GGT ACC TTG TCT GAA TCC ATC AAG GCT GCT CAA GAC TCT TTC GCT GCT GGT TGG GGT GTT ATG GTT TCC CAC AGA TCT GGT GAA ACT GAA GAC ACT TTC ATC GCT GAC TTA GTT GTT GGT TTG AGA ACT GGT CAA ATC AAG ACT GGT GCT CCA GCT AGA TCC GAA AGA TTG GCT AAA TTG AAC CAA TTG TTG AGA ATC GAA GAA GAA TTA GGT GAC AAC GCT GTT TTC GCT GGT GAA AAC TTC CAC CAC GGT GAC AAA TTA 
cerevisiae                                 --- --- --- --- --- --- --- --- --- --- --- --- --- --- --- --- --- --- --- --- --- --- --- --- --- --- --- ATG GCT GTC TCT AAA GTT TAC GCT AGA TCC GTC TAC GAC TCC CGT GGT AAC CCA ACC GTC GAA GTC GAA TTA ACC ACC GAA AAG GGT GTT TTC AGA TCC ATT GTC CCA TCT GGT GCT TCT ACC GGT GTC CAC GAA GCT TTG GAA ATG AGA GAT GGT GAC AAA TCC AAG TGG ATG GGT AAG GGT GTT TTG CAC GCT GTT AAG AAC GTC AAC GAT GTC ATT GCT CCA GCT TTC GTT AAG GCT AAC ATT GAT GTT AAG GAC CAA AAG GCC GTC GAT GAC TTC TTG ATT TCT TTG GAC GGT ACT GCC AAC AAA TCC AAG TTG GGT GCT AAC GCT ATC TTG GGT GTT TCT TTG GCT GCT TCC AGA GCT GCC GCT GCT GAA AAG AAT GTC CCA TTA TAC AAG CAC TTG GCT GAC TTG TCT AAG TCC AAG ACC TCT CCA TAC GTT TTG CCA GTT CCA TTC TTG AAC GTT TTG AAC GGT GGT TCC CAC GCT GGT GGT GCT TTG GCT TTG CAA GAA TTT ATG ATT GCT CCA ACT GGT GCT AAG ACC TTC GCT GAA GCT TTG AGA ATT GGT TCC GAA GTT TAC CAC AAC TTG AAG TCT TTG ACC AAG AAG AGA TAC GGT GCT TCT GCC GGT AAC GTC GGT GAC GAA GGT GGT GTT GCT CCA AAC ATT CAA ACT GCT GAA GAA GCT TTG GAC TTG ATT GTT GAC GCT ATC AAG GCT GCT GGT CAC GAC GGT AAG ATC AAG ATC GGT TTG GAC TGT GCT TCC TCT GAA TTC TTC AAG GAC GGT AAG TAC GAC TTG GAC TTC AAG AAT CCA AAC TCT GAC AAA TCC AAG TGG TTG ACT GGT CCT CAA TTG GCT GAC TTG TAC CAC TCC TTG ATG AAG AGA TAC CCA ATT GTC TCC ATC GAA GAT CCA TTT GCT GAA GAT GAC TGG GAA GCT TGG TCT CAC TTC TTC AAG ACC GCT GGT ATT CAA ATT GTT GCT GAT GAC TTG ACT GTC ACC AAC CCA AAG AGA ATT GCT ACC GCT ATC GAA AAG AAG GCT GCC GAC GCT TTG TTG TTG AAG GTC AAC CAA ATC GGT ACC TTG TCT GAA TCC ATC AAG GCT GCT CAA GAC TCT TTC GCT GCC GGT TGG GGT GTT ATG GTT TCC CAC AGA TCT GGT GAA ACT GAA GAC ACT TTC ATT GCT GAC TTG GTC GTC GGT TTG AGA ACT GGT CAA ATC AAG ACT GGT GCT CCA GCT AGA TCC GAA AGA TTG GCT AAA TTG AAC CAA TTG TTG AGA ATC GAA GAA GAA TTA GGT GAC AAC GCT GTT TTC GCT GGT GAA AAC TTC CAC CAC GGT GAC AAA TTA 
paradoxus                                  --- --- --- --- --- --- --- --- --- --- --- --- --- --- --- --- --- --- --- --- --- --- --- --- --- --- --- ATG GCT GTC TCT AAA GTT TAC GCT AGA TCC GTC TAC GAC TCC CGT GGT AAC CCA ACC GTC GAA GTC GAA TTA ACC ACC GAA AAG GGT GTT TTC AGA TCC ATT GTT CCA TCT GGT GCT TCC ACC GGT GTC CAC GAA GCT TTG GAA ATG AGA GAT GGT GAC AAA TCC AAG TGG ATG GGT AAG GGT GTT TTG CAC GCT GTC AAG AAC GTC AAC GAT GTC ATT GCT CCA GCT TTC GTT AAG GCT AAC ATT GAT GTT AAG GAC CAA AAG GCC GTC GAT GAC TTT TTG ATT TCT TTG GAC GGT ACT GCC AAC AAA TCC AAG TTG GGT GCT AAC GCT ATC TTG GGT GTT TCC TTG GCT GCT TCT AGA GCT GCC GCT GCT GAG AAG AAC GTC CCA TTG TAT AAG CAC TTG GCT GAC TTG TCC AAG TCT AAG ACC TCT CCA TAC GTT CTA CCA GTT CCA TTC TTG AAC GTT TTG AAC GGT GGT TCC CAC GCT GGT GGT GCT TTG GCT TTG CAA GAA TTC ATG ATT GCT CCA ACT GGT GCC AAG ACC TTC GCT GAA GCT TTG AGA ATT GGT TCC GAA GTT TAC CAC AAC TTG AAG TCT TTG ACC AAG AAG AGA TAC GGT GCT TCT GCC GGT AAC GTC GGT GAC GAA GGT GGT GTT GCT CCA AAC ATT CAA ACT GCT GAA GAA GCT TTG GAC TTG ATT GTT GAC GCT ATC AAG GCT GCT GGT CAC GAC GGT AAG GTC AAG ATC GGT TTG GAC TGT GCT TCC TCT GAA TTC TTC AAG GAC GGT AAG TAC GAC TTG GAC TTC AAG AAT CCA AAC TCT GAC AAA TCT AAG TGG TTG ACT GGT CCT CAA TTG GCT GAC TTG TAC CAC TCC TTG ATG AAG AGA TAC CCA ATT GTC TCT ATC GAA GAT CCA TTT GCT GAA GAT GAC TGG GAA GCT TGG TCT CAC TTC TTC AAG ACC GCT GGT ATC CAA ATT GTT GCT GAT GAC TTG ACT GTC ACC AAC CCA AAG AGA ATC GCT ACC GCT ATC GAA AAG AAG GCT GCC GAC GCT TTG TTG TTG AAG GTC AAC CAA ATT GGT ACC TTG TCT GAA TCC ATC AAG GCT GCT CAA GAT TCT TTC GCC GCC GGT TGG GGT GTC ATG GTT TCC CAC AGA TCT GGT GAA ACT GAA GAC ACT TTC ATT GCT GAC TTG GTT GTC GGT TTG AGA ACT GGT CAA ATC AAG ACT GGT GCT CCA GCT AGA TCC GAA AGA TTG GCT AAA TTG AAC CAA TTG TTG AGA ATC GAA GAA GAA TTA GGT GAC AAC GCT GTT TTC GCT GGT GAA AAC TTC CAC CAC GGT GAT AAA TTA 
kudriavzevii                               --- --- --- --- --- --- --- --- --- --- --- --- --- --- --- --- --- --- --- --- --- --- --- --- --- --- --- ATG GCT GTC TCC AAA GTT TAC GCT AGA TCC GTC TAC GAC TCC CGT GGT AAC CCA ACT GTC GAA GTC GAA TTA ACC ACC GAA AAG GGT GTT TTC AGA TCC ATT GTC CCA TCC GGT GCC TCT ACC GGT ATT CAT GAG GCC TTG GAA ATG AGA GAT GGT GAC AAA TCC ATG TGG ATG GGT CAG GGT GTT TTG CAT GCT GTC AAG AAC GTC AAC GAT GTC ATT GCT CCA GCT TTC GTC AAG GCT AAC CTA GAT GTC AAG AAC CAA AAA GCC GTC GAT GAC TTT TTG ATT TCC TTG GAC GGT ACT GCC AAC AAG TCC AAG TTG GGT GCT AAC GCT ATC TTG GGT GTT TCC TTG GCT GCC TCT AGA GCT GCT GCC GCT GAA AAG AAC GTT CCA TTG TAC AAG CAT TTG GCT GAC TTG TCC AAG TCT AAG ACT TCC CCA TAC GTT TTG CCA GTT CCA TTT TTG AAC GTC TTG AAC GGT GGT TCC CAC GCC GGT GGT GCT TTG GCT TTG CAA GAA TTC ATG ATT GCT CCA ACT GGT GCC AAG ACC TTC GCT GAA GCT TTG AGA ATT GGT TCC GAA GTT TAC CAC AAC TTG AAG TCT TTG ACC AAG AAG AGA TAC GGT GCC TCT GCC GGT AAC GTC GGT GAC GAA GGT GGT GTT GCT CCA AAC ATC CAA ACT GCT GAA GAA GCT TTG GAC TTG ATT GTC GAC GCC ATC AAA GCC GCC GGT CAC CAC GGT AAG GTC CAG ATC GGT TTG GAC TGT GCC TCC TCT GAA TTT TAC AAG GAC GGT AAG TAC GAC TTG GAC TTC AAG AAT CCA AAC TCT GAT AAA TCC AAG TGG TTG TCT GGC CCT CAA TTA GCT GAC ATG TAC CAC TCC TTG ATG AAG AGA TAC CCA ATT GTC TCC ATT GAA GAT CCA TTT GCT GAA GAT GAC TGG GAA GCT TGG TCT CAC TTT TTC AAG ACC GCT GGT ATT CAA ATT GTT GCA GAT GAC TTG ACT GTC ACC AAC CCA AAG AGA ATT GCT ACT GCT ATC CAA AAG AAG GCT GCA GAC GCT TTG TTG TTG AAG GTC AAC CAA ATC GGT ACT TTG TCT GAA TCC ATC AAG GCT GCT CAA GAC TCT TTT GCT GCC GGT TGG GGT GTC ATG GTT TCC CAC AGA TCT GGT GAA ACT GAA GAC ACT TTC ATT GCT GAC TTG GTT GTC GGT TTG AGA ACT GGT CAA ATC AAG ACC GGT GCT CCA GCT AGA TCC GAA AGA TTG GCT AAG TTG AAC CAA TTG TTG AGA ATC GAA GAA GAA TTA GGT GAC AAC GCT GTC TTC GCT GGT GTC AAC TTC CAC CAC GGT GAC AAA TTA 



Printing out site pattern counts


         6        576  P G
G 2       21    171

castellii                                   AAA ACA AGA ATA ATG ATG ATT CAA CAG CAT CCA CTA CTT GCA GCT TAT TCA TCT TGC TTC TTT AAA AAA AAA AAC AAC AAC AAC AAC AAC AAC AAC AAC AAG AAG AAG AAG AAG AAG AAG AAG AAG AAG ACC ACC ACC ACC ACT ACT ACT ACT ACT ACT ACT ACT ACT AGA ATC ATC ATC ATC ATC ATC ATC ATC ATG ATG ATG ATT ATT ATT ATT ATT ATT ATT ATT CAA CAA CAA CAA CAC CAC CAC CAT CAT CCA CCA CGT CTA GAA GAA GAA GAA GAA GAA GAA GAC GAC GAC GAC GAC GAT GAT GCC GCC GCC GCC GCC GCC GCC GCC GCT GCT GCT GCT GCT GCT GCT GCT GCT GCT GCT GCT GCT GCT GCT GCT GCT GGC GGT GGT GGT GTC GTC GTC GTC GTC GTC GTC GTC GTT GTT GTT GTT GTT GTT GTT GTT GTT GTT TAC TAC TAC TCC TCC TCC TCC TCT TCT TCT TCT TCT TCT TCT TCT TCT TCT TCT TCT TCT TGG TGT TTA TTA TTA TTA TTA TTC TTC TTC TTC TTC TTC TTG TTG TTG TTG TTG TTG TTG TTT TTT
bayanus                                     --- --- --- --- --- ATG --- --- --- --- --- --- --- --- GCT --- --- --- --- --- --- AAA AAG ATG AAC AAC AAC AAC AAG CAA CAC GAC TCT AAA AAA AAC AAG AAG AAG AAG AAG CAA CAA ACC ACC ACT GCT ACC ACC ACC ACC ACC ACT ACT CAC TCT AGA ATC ATC ATC ATT CTT GTT TTG TTG ATC ATG ATG ATC ATC ATC ATT ATT ATT ATT GTT AAG AAG CAA CAA CAC CAC CAC CAC CAT CCA GTT CGT TTG CAA GAA GAA GAA GAA GAC GAC AGC GAC GAC GAC GAC GAC GAT AAG GCC GCC GCC GCC GCT GCT TCC AAG GCC GCC GCC GCC GCC GCC GCT GCT GCT GCT GCT GCT GCT GTT TCC TCT GGC GGC GGT GGT GTC GTC GTC GTC GTC GTT GTT GTT GTC GTC GTC GTC GTC GTC GTT GTT GTT GTT TAC TAC TTC TCC TCC TCC TCT AAG AAG GCT TCC TCC TCC TCC TCT TCT TCT TCT TCT TTT TGG TGT TTA TTA TTA TTG TTG GAC TAC TTC TTC TTC TTT ATG ATG CTA TTG TTG TTG TTG TTC TTT
mikatae                                     --- --- --- --- --- ATG --- --- --- --- --- --- --- --- GCT --- --- --- --- --- --- AAA AAG AAG AAC AAC AAT GAC AAA CAA CAC GAT TCT AAA AAG AAC AAA AAA AAG AAG AGA AAG AAG ACC ACC ACT ACC ACC ACC ACC ACT ACT ACC ACT CAC TCT AGA ATC ATC ATT ATT TTA GTC TTA TTG ATT ATG ATT ATC ATT ATT ATC ATC ATC ATT GTC AAG AAG AAG CAA CAC CAT CAT CAC CAC CCA CCC CGT TTA AAC GAA GAA GAA GAA GAC GAC GAC GAC GAC GAC GAT GAC GAT AAG GCC GCT GCT GCT GAA GCT TCT AAG GCC GCC GCT GCT GCT GCT GCC GCC GCC GCC GCT GCT GCT AAG TCC TCT GGT GGT GGT GGT GTC GTT GTT GTT GTT GTT GTT GTT GTC GTC GTC GTT GTT GTT GTT GTT GTT GTT TAC TAT TTC TCC TCT TCT TCC AAA TCT GCT TCC TCC TCC TCT GCC TCC TCC TCT TCT TCT TGG TGT TTA TTG TTG TTA TTG GAC TTC TTC TTC TTC TTC TTG TTG ATT TTA TTG TTG TTG TTC TTT
cerevisiae                                  --- --- --- --- --- ATG --- --- --- --- --- --- --- --- GCT --- --- --- --- --- --- AAA AAG AAG AAC AAT AAT GAC AAG CAA CAC GAT TCT AAA AAA AAC AAA AAG AAG AAG AGA AAG AAG ACC ACC ACC ACC ACC ACC ACT ACC ACT ACT ACT CAC TCT AGA ATC ATT ATC ATT TTA GTC TTG TTG ATT ATG ATT ATC ATT ATT ATC ATC ATT ATT ATC AAG AAG AAG CAA CAC CAC CAC CAC CAC CCA CCT CGT TTG AAC GAA GAA GAA GAA GAC GAC GAC GAC GAC GAC GAC GAC GAT AAG GCC GCT GCT GCT GAA GCT TCC AAG GCC GCT GCC GCT GCT GCT GCC GCC GCT GCT GCT GCT GCT AAG TCC TCC GGT GGT GGT GGT GTC GTC GTT GTT GTT GTC GTT GTT GTC GTT GTT GTC GTT GTT GTC GTC GTT GTT TAC TAC TTC TCC TCT TCT TCC AAA TCT GCT TCC TCC TCT TCT GCT TCC TCT TCT TCT TCT TGG TGT TTA ATG TTG TTG TTG GAC TTC TTC TTC TTT TTC TTG TTG ATT TTG TTA TTG TTG TTC TTT
paradoxus                                   --- --- --- --- --- ATG --- --- --- --- --- --- --- --- GCT --- --- --- --- --- --- AAA AAG AAG AAC AAC AAT GAC AAG CAA CAC GAT TCT AAA AAA AAC AAA AAG AAG AAG AGA AAG AAG ACC ACC ACC ACC ACC ACC ACT ACC ACT ACT ACT CAC TCT AGA ATC ATC ATT ATT TTA GTC TTG TTG ATT ATG ATT ATC ATC ATT ATC ATC ATT ATT GTC AAG AAG AAG CAA CAC CAC CAC CAC CAC CCA CCT CGT TTG AAC GAA GAA GAA GAG GAC GAC GAC GAC GAC GAT GAC GAC GAT AAG GCC GCC GCT GCT GAA GCT TCT AAG GCC GCT GCC GCC GCT GCT GCC GCC GCT GCT GCT GCT GCT AAG TCC TCT GGT GGT GGT GGT GTC GTT GTC GTT GTT GTC GTT GTT GTC GTC GTT GTC GTT GTT GTC GTT GTT GTT TAC TAT TTC TCC TCC TCT TCC AAA TCT GCT TCC TCT TCC TCT GCT TCT TCC TCT TCT TCT TGG TGT TTA ATG TTG TTG TTG GAT TTC TTC TTC TTC TTT TTG TTG ATT TTG TTG CTA TTG TTC TTT
kudriavzevii                                --- --- --- --- --- ATG --- --- --- --- --- --- --- --- GCT --- --- --- --- --- --- AAA AAG ATG AAC AAC AAT AAC AAG CAA CAT GAT TCC AAG AAG AAC AAA AAG AAA AAG AGA AAG CAG ACC ACT ACT ACC ACC ACT ACT ACC ACC TCT ACT CAC TCC AGA ATC ATT ATC ATT TTA ATT TTG TTG ATT ATG ATT ATC ATT ATC ATC ATT ATT ATT GTC AAA AAG CAG CAA CAC CAC CAT CAC CAT CCA CCT CGT TTG AAC CAA GAA GAG GAA CAC GAC GAC GAC GAT GAC GAC GAC GAT AAG GCC GCT GCC GCT GTC GCT TCT AAG GCC GCT GCC GCC GCC GCT GCA GCT GCC GCT GCA GCC GCT AAG TCC TCT GGT GGT GGC GGT GTC GTC GTC GTC GTT GTT GTC GTT GTC GTC GTC GTC GTC GTT GTC GTT GTC GTT TAC TAC TTT TCC TCT TCT TCC AAA TCT GCC TCC TCC TCC TCT GCC TCC TCC TCC TCT TCC TGG TGT TTA ATG TTA TTG TTG GAC TAC TTC TTT TTC TTT ATG TTG CTA TTG TTG TTG TTG TTC TTT



    2    1    1    1    1    1    4    2    1    2    1    1    1    1    1
    1    2    2    1    1    1    2    1    1   15    1    1    1    1    1
    1    1    1    1    1    1    1    1    1   18    1    1    1    3    2
    1    1    2    1    1    1    1    1    6    1    1   12    5    1    1
    3    1    1    1    1    1    4    1    1    1    1    1    1    2    2
    1    1    1    1    8    5    1    1    1    1   14    1    1    1    1
    1   21    1    1    1    1    1   12    1    1    1    4    6    1    2
    1    1    2    1    4    1    1    1    1    1    1    4    4    1    1
    1    1    1    2   23    1    1    1    1    1    1   34    7    1    1
    1    1    1    1    1    3    1    1    1    1    2    1    1    1    6
    8    1    1    5    1    1    2    1    1    1    4    1    1    2    1
    1    1    1    4    1    5    1    2    1    1    1    6    1    1    6
    3    1    1    1    1    1    1    1    1   21    2    1

CODONML (in paml version 4.4b, July 2010)  torun.nuc
Model: One dN/dS ratio for branches Global clock  (2 genes: diff. rate & k&w)  
Codon frequency model: F3x4
ns =   6  ls = 464

Codon usage in sequences
--------------------------------------------------------------------------------------------------------------
Phe TTT  4  3  1  2  2  6 | Ser TCT 22 13 15 15 16 12 | Tyr TAT  1  0  1  0  1  0 | Cys TGT  1  1  1  1  1  1
    TTC 14 13 15 14 14  9 |     TCC  9 17 16 16 15 20 |     TAC 10 10  8  9  8 10 |     TGC  1  0  0  0  0  0
Leu TTA 11  4  7  4  3  4 |     TCA  2  0  0  0  0  0 | *** TAA  0  0  0  0  0  0 | *** TGA  0  0  0  0  0  0
    TTG 27 34 34 36 36 35 |     TCG  0  0  0  0  0  0 |     TAG  0  0  0  0  0  0 | Trp TGG  5  5  5  5  5  5
--------------------------------------------------------------------------------------------------------------
Leu CTT  1  1  0  0  0  0 | Pro CCT  0  0  0  1  1  1 | His CAT  4  1  2  0  0  3 | Arg CGT  1  1  1  1  1  1
    CTC  0  0  0  0  0  0 |     CCC  0  0  1  0  0  0 |     CAC  7 10  9 11 11  9 |     CGC  0  0  0  0  0  0
    CTA  2  1  0  0  1  1 |     CCA 16 14 14 14 14 14 | Gln CAA 13 13  9  9  9 10 |     CGA  0  0  0  0  0  0
    CTG  0  0  0  0  0  0 |     CCG  0  0  0  0  0  0 |     CAG  1  0  0  0  0  2 |     CGG  0  0  0  0  0  0
--------------------------------------------------------------------------------------------------------------
Ile ATT 14  9 11 13 12 13 | Thr ACT 15  8  9  9  9 11 | Asn AAT  0  0  1  2  1  1 | Ser AGT  0  0  0  0  0  0
    ATC 14 11 11 10 10  9 |     ACC  7 11 11 11 11  8 |     AAC 23 19 18 17 18 19 |     AGC  0  1  0  0  0  0
    ATA  1  0  0  0  0  0 |     ACA  1  0  0  0  0  0 | Lys AAA  6  4  7  6  6  6 | Arg AGA 13 12 13 13 13 13
Met ATG  8  9  5  6  6  8 |     ACG  0  0  0  0  0  0 |     AAG 27 30 30 31 31 28 |     AGG  0  0  0  0  0  0
--------------------------------------------------------------------------------------------------------------
Val GTT 18 16 20 17 17 12 | Ala GCT 47 38 46 49 47 38 | Asp GAT 10  6  8  7  9  8 | Gly GGT 36 35 37 37 37 36
    GTC 14 20 14 16 17 22 |     GCC 13 18  9  6  8 15 |     GAC 16 23 23 24 22 21 |     GGC  1  2  0  0  0  1
    GTA  0  0  0  0  0  0 |     GCA  1  0  0  0  0  2 | Glu GAA 27 24 25 25 24 22 |     GGA  0  0  0  0  0  0
    GTG  0  0  0  0  0  0 |     GCG  0  0  0  0  0  0 |     GAG  0  0  0  0  1  1 |     GGG  0  0  0  0  0  0
--------------------------------------------------------------------------------------------------------------

Codon position x base (3x4) table for each sequence.

#1: castellii      
position  1:    T:0.23060    C:0.09698    A:0.27802    G:0.39440
position  2:    T:0.27586    C:0.28664    A:0.31250    G:0.12500
position  3:    T:0.37500    C:0.27802    A:0.20043    G:0.14655
Average         T:0.29382    C:0.22055    A:0.26365    G:0.22198

#2: bayanus        
position  1:    T:0.22883    C:0.09382    A:0.26087    G:0.41648
position  2:    T:0.27689    C:0.27231    A:0.32037    G:0.13043
position  3:    T:0.30206    C:0.35469    A:0.16476    G:0.17849
Average         T:0.26926    C:0.24027    A:0.24867    G:0.24180

#3: mikatae        
position  1:    T:0.23570    C:0.08238    A:0.26545    G:0.41648
position  2:    T:0.27002    C:0.27689    A:0.32265    G:0.13043
position  3:    T:0.35011    C:0.30892    A:0.17162    G:0.16934
Average         T:0.28528    C:0.22273    A:0.25324    G:0.23875

#4: cerevisiae     
position  1:    T:0.23341    C:0.08238    A:0.27002    G:0.41419
position  2:    T:0.27002    C:0.27689    A:0.32265    G:0.13043
position  3:    T:0.35240    C:0.30664    A:0.16247    G:0.17849
Average         T:0.28528    C:0.22197    A:0.25172    G:0.24104

#5: paradoxus      
position  1:    T:0.23112    C:0.08467    A:0.26773    G:0.41648
position  2:    T:0.27002    C:0.27689    A:0.32265    G:0.13043
position  3:    T:0.35240    C:0.30664    A:0.16018    G:0.18078
Average         T:0.28452    C:0.22273    A:0.25019    G:0.24256

#6: kudriavzevii   
position  1:    T:0.23341    C:0.09382    A:0.26545    G:0.40732
position  2:    T:0.27231    C:0.27689    A:0.32037    G:0.13043
position  3:    T:0.32723    C:0.32723    A:0.16476    G:0.18078
Average         T:0.27765    C:0.23265    A:0.25019    G:0.23951

Codon usage in genes
--------------------------------------------------------------
Phe TTT  1 17 | Ser TCT  2 91 | Tyr TAT  1  2 | Cys TGT  0  6
    TTC  1 78 |     TCC  0 93 |     TAC  0 55 |     TGC  1  0
Leu TTA  0 33 |     TCA  2  0 | *** TAA  0  0 | *** TGA  0  0
    TTG  0 202 |     TCG  0  0 |     TAG  0  0 | Trp TGG  0 30
--------------------------------------------------------------
Leu CTT  1  1 | Pro CCT  0  3 | His CAT  2  8 | Arg CGT  0  6
    CTC  0  0 |     CCC  0  1 |     CAC  0 57 |     CGC  0  0
    CTA  1  4 |     CCA  1 85 | Gln CAA  2 61 |     CGA  0  0
    CTG  0  0 |     CCG  0  0 |     CAG  1  2 |     CGG  0  0
--------------------------------------------------------------
Ile ATT  4 68 | Thr ACT  0 61 | Asn AAT  0  5 | Ser AGT  0  0
    ATC  0 65 |     ACC  0 59 |     AAC  0 114 |     AGC  0  1
    ATA  1  0 |     ACA  1  0 | Lys AAA  2 33 | Arg AGA  1 76
Met ATG  7 35 |     ACG  0  0 |     AAG  0 177 |     AGG  0  0
--------------------------------------------------------------
Val GTT  0 100 | Ala GCT  6 259 | Asp GAT  0 48 | Gly GGT  0 218
    GTC  0 103 |     GCC  0 69 |     GAC  0 129 |     GGC  0  4
    GTA  0  0 |     GCA  1  2 | Glu GAA  0 147 |     GGA  0  0
    GTG  0  0 |     GCG  0  0 |     GAG  0  2 |     GGG  0  0
--------------------------------------------------------------

Codon position x base (3x4) table for each gene.


Gene #1
position  1:    T:0.20513    C:0.20513    A:0.41026    G:0.17949
position  2:    T:0.41026    C:0.33333    A:0.20513    G:0.05128
position  3:    T:0.43590    C:0.05128    A:0.30769    G:0.20513
Average         T:0.35043    C:0.19658    A:0.30769    G:0.14530

Gene #2
position  1:    T:0.23257    C:0.08736    A:0.26590    G:0.41418
position  2:    T:0.27050    C:0.27701    A:0.32184    G:0.13065
position  3:    T:0.34215    C:0.31724    A:0.16897    G:0.17165
Average         T:0.28174    C:0.22720    A:0.25223    G:0.23883

Sums of codon usage counts
------------------------------------------------------------------------------
Phe F TTT      18 | Ser S TCT      93 | Tyr Y TAT       3 | Cys C TGT       6
      TTC      79 |       TCC      93 |       TAC      55 |       TGC       1
Leu L TTA      33 |       TCA       2 | *** * TAA       0 | *** * TGA       0
      TTG     202 |       TCG       0 |       TAG       0 | Trp W TGG      30
------------------------------------------------------------------------------
Leu L CTT       2 | Pro P CCT       3 | His H CAT      10 | Arg R CGT       6
      CTC       0 |       CCC       1 |       CAC      57 |       CGC       0
      CTA       5 |       CCA      86 | Gln Q CAA      63 |       CGA       0
      CTG       0 |       CCG       0 |       CAG       3 |       CGG       0
------------------------------------------------------------------------------
Ile I ATT      72 | Thr T ACT      61 | Asn N AAT       5 | Ser S AGT       0
      ATC      65 |       ACC      59 |       AAC     114 |       AGC       1
      ATA       1 |       ACA       1 | Lys K AAA      35 | Arg R AGA      77
Met M ATG      42 |       ACG       0 |       AAG     177 |       AGG       0
------------------------------------------------------------------------------
Val V GTT     100 | Ala A GCT     265 | Asp D GAT      48 | Gly G GGT     218
      GTC     103 |       GCC      69 |       GAC     129 |       GGC       4
      GTA       0 |       GCA       3 | Glu E GAA     147 |       GGA       0
      GTG       0 |       GCG       0 |       GAG       2 |       GGG       0
------------------------------------------------------------------------------

(Ambiguity data are not used in the counts.)


Codon position x base (3x4) table, overall

position  1:    T:0.23216    C:0.08909    A:0.26803    G:0.41072
position  2:    T:0.27256    C:0.27784    A:0.32012    G:0.12948
position  3:    T:0.34353    C:0.31333    A:0.17101    G:0.17214
Average         T:0.28275    C:0.22675    A:0.25305    G:0.23745


Nei & Gojobori 1986. dN/dS (dN, dS)
(Pairwise deletion)
(Note: This matrix is not used in later ML. analysis.
Use runmode = -2 for ML pairwise comparison.)

castellii           
bayanus              0.1563 (0.0565 0.3611)
mikatae              0.1316 (0.0522 0.3969) 0.0890 (0.0281 0.3157)
cerevisiae           0.1567 (0.0533 0.3399) 0.1173 (0.0307 0.2615) 0.0144 (0.0020 0.1385)
paradoxus            0.1510 (0.0543 0.3599) 0.1221 (0.0296 0.2429) 0.0072 (0.0010 0.1383) 0.0111 (0.0010 0.0895)
kudriavzevii         0.1225 (0.0565 0.4609) 0.0953 (0.0260 0.2730) 0.0535 (0.0136 0.2542) 0.0607 (0.0136 0.2236) 0.0542 (0.0126 0.2320)


TREE #  1:  (((((4, 5), 3), 6), 2), 1);   MP score: -1
lnL(ntime:  5  np: 10):  -3134.784478      +0.000000
   7..8     8..9     9..10   10..11   11..4    11..5    10..3     9..6     8..2     7..1  
 0.002494 0.001577 0.001027 0.000497 0.000367 99.000000 309.064374 0.000100 3.281197 0.116009
SEs for parameters:
 22.386450 14.156584 9.221622 4.457795 3.297526 888695.211045 3727315592.350208 59.916735 0.699192 0.026057
Note: Branch length is defined for the first gene (site partition).
For other genes, look at "rates for genes".

tree length =   0.00846 (1st gene)

(((((4: 0.000367, 5: 0.000367): 0.000129, 3: 0.000497): 0.000531, 6: 0.001027): 0.000550, 2: 0.001577): 0.000917, 1: 0.002494);

(((((cerevisiae: 0.000367, paradoxus: 0.000367): 0.000129, mikatae: 0.000497): 0.000531, kudriavzevii: 0.001027): 0.000550, bayanus: 0.001577): 0.000917, castellii: 0.002494);

Detailed output identifying parameters

rates for 2 genes:     1 99.00000

gene # 1: kappa = 309.06437 omega =   0.00010
gene # 2: kappa =   3.28120 omega =   0.11601

Time used:  0:34
