
seed used = 1418837517
      5   2100

castellii                                  ATG AAG GTT CAG CTG TCT TCA AAC AGA ACA CAA GAA ATC ATA AAG ACT AGT TTT GAC GAT GAG TAT GAA CAG GAG AAT ATC CGA ACT GCT GAG GAA GTA CAA GAA TCT TTA GAT TTT ATT GAA GAT CTG AAG TTC TTT TTG ACT ACT GCC CCA GTC AAT TGG CAA GAA AAT CAA ATC ATT AGA AGG TAC TAT TTA GAC AAT AAT CAA GGG TTC ATA TCG TGT GTC TTT TGG AGT AAT CTT TAC TAT ATT ACA GGG ACT GAT ATT GTC AAG GCT TGC ATG TAC CGA ATG GAG AAA TTT GGA AGA GCA ATT ACC CAA AAG AAA AAG TTT GAA GAA GGT ATA TTT TCG GAT CTA AGG AAC CTT AAA TGT GGG GTT GAT GCC ACT TTA GAA CAA CCA AAA TCT AAA TTC TTG GCA TTT TTA TTT AGA AAT ATG TGT TTA AAG ACT CAA AAG AAA CAG AAA GTG TTT TTC TGG TTT AGT GTG CCG CAT GAT AAA CTT TTC GTT GAT GCT CTC GAG AGA GAT TTA AAA CGA GAG GCT CAA CAT CAA CCA ACC ACA ACA AAA GCT ATA CAC GAA CCT GCT CTA TCC TTT AAT TAT GAT CGC TTC CAT GGG AAA CAA CTG TAT GAT CAG TTA TTG ACG CAC ATA AAA TCA CAG AGA GAA ACA ATA ATT CTT TCT GCA GAT TTA GGA ACG ACA CGA AAT GAT AAG AAG CCA TCG ATA GGA AGT AAG GTA ATT AAA CAA GAG AAT ACT GAG ATA CAG AAG GTA GAA ATG GCT AAT GAG GAA GGT AAG GAT GTC ACA CCA TAT GTA ACA TCT ACT TTT ACT CCA GAG AAT CTT GTC GTT AAA CCA --- --- GTA AAT CTA AAT --- --- --- --- CCC GCC CCA GGT GTA ATA AGT GAT GCA AAC ATA AAA CCA TTA ACG AAT --- GAC ATA CAC CTG GAT ACT TTT CCA ATC TCA ATT GAG TAT CCA --- --- GAA AAC GAT ATA GAA AGT TAC GAA GCA CCA CTT TTA TCA AGC ACT TTT CCA ACT TTG ATG CAA CAA ACG GAT GGA TAT TTT GAA CCT TAC ATG AAT TTC GCA AAC CAG TAC GTA ATG CCA TCA AGT GGG ATT CCT TTC CAA CCA CCG ACT CCC TTT ATA TTC CCA GAA CCA TCT AAT TCA AAG ACG AAT TTG GAG CCC TCA AGA CAA AAG GCT AAG AAT AGG CGA CAA ACT ATC GAG ATC TCA AAT AAC GGT AAG ACA GAA ACC ATT CAA AGT GCG AAA AAT AGT GCC TAC CAA AAC TTT GCG AAG ACA GGA AAG AAT AAT GAT --- CAT TAT ATG CAA GAA AAC --- --- --- ATT GAG GCA TAT TAT CGA TCT CAA GAA GCA TAT AAA CAA GAT TAT CCA GTT TGG AAA GGA CAG TCA TCG TAT AAT CCG --- --- TTG CCA TCA TCA TAT GGC AGC AAC CCA TCA GAC TTT TTA CCG --- --- CAA ATG GTC GAG CAA CCT AAT TAT GGC TTT GAA GGG TTT TCT CCT TTA AAT AAT ATC TTT CCA AAT GAC TAT TCA TAT TCA CAA CAG ACA AAT GCA AAC TGG CCA GCA ATT GCT CCC CAA TCC ATA ATT GTA CCG AAC GGT TAC ATG CCT AGC CAG TAT ACC CCT AAT ATG AGC GCC AAT CTT GGT --- --- --- --- --- --- --- --- --- --- --- --- --- --- --- --- --- --- --- AGC TCT TAC TTA ATA AGA ACA CCC --- --- --- --- --- --- --- --- --- --- --- --- --- --- --- --- --- --- --- TGG CCT CAA TCA GCA ACA GGG AAG TTC CAC CCG TCA --- --- --- TTT CCA AGC GGT --- AAA CTG CAA CTA GGA AGA --- --- --- --- --- GCA CCA TTG CAA AGA AGA CCG CCT AAA TCT AGT ACC AAA GTA AAA TTC ATT AAT GCA AAT AAA ATA GCA AAG CAT TCT CGG GAA GAA ATT ACT AAA TCA ACT CGC AAA TTT AAC AGA ACG ACG CTG GAT GTT ATA AAT AAA GAT ACA GAA CTT ATG GAT AAT ATA AAT GAC TCT GAT AAT ATT --- --- --- --- --- --- --- --- --- --- --- --- --- --- --- --- --- 
bayanus                                    ATG AAA GTC CAA CTA ACC AAT AGT AGA ACC GAG GAA ATC TTA AAG GCT CGA ACC GAT ACT GAA AAT AAC GAA GTA AGC AAA GCT ACC CCA GAC GAA GTT GAG GAA TCA CTA AGA TTG ATT GAT GAT TTA AAG TTC TTC TTA GCT ACA GCG CCG GTA AAC TGG CAG GAA AAC CAA ATT ATA AGG CGA TAT TAC CTG AAT AGT GGC CAA GGC TTT GTG TCT TGT GTA TTC TGG AAT AAT TTA TAC TAC ATC ACA GGC ACA GAT ATT GTC AAA TGT TGC CTT TAT AGA ATG CAG AAG TTC GGG AGA GAT GTG GTT CAA AAG AAA AAA TTT GAA GAG GGT ATA TTT TCA GAT CTA AGA AAC CTA AAG TGT GGT ATA GAT GCT ACT TTA GAA CAA CCA AAA TCT GAG TTC TTA TCA TTT CTG TTT AGA AAT ATG TGC TTA AAA ACT CAA AAA AAG CAA AAA GTT TTC TTT TGG TTT AGT GTG GCA CAT GAT GAG ATA TTT GCA GAT GCA TTG GAA AGA GAT TTG AAA AGG GAA AGT ATA GAT CAA CCT TCT ACA ATT AAG CCC GTC AAT GAA CCC GCT TTG TCA TTC TCA TAT GAT TCT TCC TCC GAA AAG CCT CTT TAC GAT CAA CTA ACT CAG CAT TTA GAC TCT AGA AGG CCG TCA AGT ACA ATA AAA TCT GAC GAT TCT CCC ACA AAG TTA GAA AAT GAA GAC TTT AAG GAT AGC GCT TTG GTG ACC GTG ACA AAC CAA CCA CTT TTA GGT GTT GAT CTC ATG GAT AAC ACA --- GTA GCA GCT TCA CCT CCA --- ATA ACT GAC TTT ACA CCT CAA AAG TTG ATC ATA GAA CCT AAC AGC CTA GAA CTA AAT GGT CTT ACA GAA GAG CCC TCT CAC GTT TTA TCC AAG AGT GCA GTT AAG GGC AGG GAC GAG GAA GAT TTT CCT CTT GAC TAT TTC CCT GTA TCG GTT GAG TAC CCT ACG GAG GAA AAT GCG TTT GAC CCA TTC CCT CCA CAA GCT TTT ACA CCC GCT GTA CCT TCC ATG CCT ATG CCA TAT GAT AAC ATG GGT GAA AGA GAG TCT ATG CCC GTC AAT TCC CTT CTT AAT --- --- --- AGA TAC CCA TAT CAA TTA TCG GTG GCG CCC ACT TTC CCA GTA CCA GCA TCT TCA --- --- --- --- --- --- TCA AGA CAG CAT TTT ATG ACT AAT CGA --- GAT TTT TAT TCA TCC AAT AAC AAT AAA GAA AAA ATG TTA TCC CCT AGC GAT CCT ACG ACT TAT ATG AAA TAT GAT GAA CCT ATA ATA GAT TTC GAA GAA CCT CGA CTA ACT GAA AAC GGT ACA AAT AAT AAG TCA CAT AGC TCC GGC CAG CAA AAT AAG CAA CAT CAA ATG TAT TCC AAT AAC TTT CAG CAA TCT TAT CCG AAT GGC ATG GTT CCA GGA TAC TAT CCG AAA ATG ACA TAT AAT CCT ATG GTA GGA GAT CCG CTA CTT GAT CAA GCC TTT TAT GGT GCA GAC GAT CTG TTC TTC CCT CCT GAA GGA TGT GAT AAC AAT ATG CTA TAT TCA CAA ACC ACA AAC TCA --- TGG AAC GTT TTG CCT CCT CAA GCT ATG CAA CCG GCC CCA ACG TAT GTG CCC CGG CCA TAC ACA CCA AAT TAT AGA TCA ACA CCC GGG TCG GCA ATG TTC CCA TTC ATG CAA AAT TCA AAC TCA ATG CAA TGG AAT CCC GCA GTC TCG CCG TAC AAT TCG AGA GCG CCA TCG ACT ACT ACT AAA AAC TAT CCT CCT AAT ACG TTT TAT CCT CAA AAT GTT AAC CAG TAC CCC CGC CGA AGA ACT ACC GGG ATG AAG ATT TCA CAG GGG AAT GTT CCA ACA AAC GGC AAA CAA TCT ATA AGC AAA CCT GCA AAA ATT TCA AAG CCC CTG CAT ATC AAG ACA AGT GCC TAC CAG AAG CAA TAC AAA ATA AAC CTG GAA ACC AAA ATT AAA CCA AGT --- --- GAT GAA GAC TTC ACT CGT CCG GAA AGG CAT AAA GAA TTT TCG ATG CCG ACC CCG GAT TCG AAT ACC TTA GTA ATT CAG CCA GAG GAA AGC AGA GAT GAT TCG TCT GAT ATT GAG ACG GGT GAG GGT TCT --- AAA AAT CTA CCT GAC GCA ACA 
mikatae                                    ATG AAA GTC CAA ATA ACC AAC AGT AGA ACG GAA GAA ATC TTA AAA ATT CAA ACC GGT AAT GAG AGT GAT GAA GCT AGT AAA GCT ACT CCG AGT GAA GTT GAG GAG TCG CTT AGA TTA ATC GAT GAT TTA AAA TTC TTT TTG GCT ACA GCG CCG GTA AAT TGG CAA GAA AAC CAA ATT ATA AGG CGA TAC TAT TTG AAT AGT GGA CAG GGT TTT GTG TCT TGT GTA TTT TGG AAC AAT TTA TAC TAT ATT ACA GGT ACT GAT ATT GTC AAA TGT TGT CTT TAC AGA ATG CAA AAG TTT GGA AGA GAG GTG GTC CAG AAA AAA AAA TTT GAA GAA GGA ATC TTT TCA GAT TTA AGA AAT CTT AAA TGC GGT ATT GAT GCC ACT TTA GAA CAA CCA AAG TCC GAA TTT TTA TCT TTT CTA TTT AGG AAT ATG TGC CTG AAA ACT CAG AAA AAG CAA AAG GTG TTC TTC TGG TTC AGT GTA GCA CAT GAC AAA TTA TTT GCA GAT GCA CTA GAA AGA GAT TTG AAA AGA GAA AGT TTG AAT CAA CCT TCT ACT ACT AAG CCC ATT AAC GAA CCT GCT TTA TCG TTT TCT TAT GAT TCC TCT TCC GAT AAA CCT CTG TAC GAT CAA TTG CTT CAA CAT TTA GAA TCT AGA AGA CCG TCA AGT GCA ATA AAA TCT GAT GAT TCG CCT TCC AAA TTG GAG AGC GAA AAC TTC AAG GAC GCT GAG TTG GTA ACA GTG ACC AAT CAG CCG CTT TTG GGT GTT GAT CTC ATG GAT AGG --- --- ACG CCA GAA TCC CCT TCT CAA GTT GAT GAC TTC GCT CCC CAA AAA TTA ATA ATA GAA CCA AAT ACT CTT GAA TTA AAC AGC CTC GCT GAT GAA ACG TCT CAT GTT TTG CCC AAG AAT GCT GCT AAG AGC AGA GAC GAA GAA GAT TTC CCT CTT GAT TAT TTT CCT GTA TCT GTT GAG TAT CCT ACG GAG GAA AAT GCA TTT GAT CCA TTT CCC CAA CAG GCC TTC ACA CCG GCT GCC CCT TCC ATT CCT ATT TCC TAT GAC AAT GTG AGT GAA AGG GAG TCT ATG CCT GTA AAC TCC CTT CTC AAC --- --- --- AGA TAC CCT TAT CAA TTA TCA GTG GCA CCT ACG TTT CCC GTG CCG CCG TCT TCA --- --- --- --- --- --- TCA AGA CAG CAC TTT ATG ACA AAT CGG --- GAT TTC TAT TCA TCC AAT AAT AAT AAA GAG AAA TTA GTA TCT CCC AGC GAT CCT ACC AGT TAT ATT AAA TAC GAC GAA CCT GTA ATA GAT CTG GAA GAA TCT CGA CTA AAT GAA AAT GGC ACG AAT TCT AAA TCC TAT AAC TCT GGT CAA CAA ACT AAG CAG CAT CAA CTA TAT TCA AAT AAT TTC CAA CAA TCA TAT CCC AAC GGA ATG GTT CCA GGA TAT TAT CCA AAA ATG CCG TTT AAT CCC ATG GTG GGA GAT TCT TTA CTT GAC CAA GCC TTC TAT GGT GCT GAT GAT CTT TTC TTT CCA CCA GAA GGA TGT GAC AGC AGT GTA ATA TAT CCA CAA ACC GCG ACT TCA --- TGG AAC GTT TTG CCT CCT CAA GCC ATG CAA CCG GCT CCA ACA TAT GTT CCC AGA CCG TAC ACA CCA AAT TAC AGA TCA ACA CCG GGC TCG GCG ATG TTT CCA TAT ATG CAG AAT TCA AAT TCG GTG CAA TGG AAC ACC GCT GTT TCA CCA TAT CGC TCA AGA GCA CCA TCT ACT ACT GCC AAA AAC TAC CCC CCC AGT ACG TTT TAT CCT CAA AAC ATG AAT CAG TAT TCA CGG CGA AGA ACT GTA GGA ATG AAG GCT TCA CAA GCA AAT GTT CCA ACA AAT AAC AAA CTA TCT GTG GGC AAA TCT GCA AAA GTT TCA AAA CCT CTT CAT ATT AAA ACA AGC GCC TAT CAA AAA CAA TAC AAA ATT AAC TTG GAG GCC AAA ACT AAG CCA ATT ACT GGT GAT GAA GAT TCT GTT CAT TCG GAC AAG AGT AGG GAA GTT TCG ATG CCA ACA CCA GAT TCA AAT ACT TTG GTG ATT CAA TCA GAA GAA GAT GGA GTT AAT TCG CCT GAG GTA CAA ACT AGC GGT GTA TCA AAA AAG AAA CTT CCA GAT ACA ACT 
cerevisiae                                 ATG AAA GTC CAA ATA ACC AAT AGT AGA ACA GAG GAA ATC TTA AAA GTT CAA GCT AAT AAT GAA AAC GAT GAA GTC AGT AAA GCT ACT CCG GGC GAA GTT GAA GAA TCG CTA AGG TTA ATC GGC GAT CTA AAA TTC TTT TTA GCC ACA GCG CCG GTA AAT TGG CAA GAA AAC CAA ATT ATA AGG CGA TAC TAT CTG AAT AGT GGA CAA GGC TTT GTC TCT TGT GTA TTT TGG AAC AAT CTA TAC TAT ATT ACA GGT ACT GAT ATT GTC AAA TGT TGT CTT TAC AGA ATG CAA AAG TTT GGG AGA GAA GTA GTT CAA AAG AAA AAA TTT GAA GAG GGT ATT TTT TCA GAT TTA AGA AAT CTC AAA TGT GGT ATA GAT GCA ACT TTA GAA CAA CCA AAG TCC GAA TTT TTG TCG TTT CTA TTC AGA AAT ATG TGT CTG AAA ACC CAA AAA AAG CAG AAA GTA TTT TTT TGG TTC AGT GTA GCA CAT GAT AAG TTG TTT GCG GAT GCG TTG GAA AGA GAT TTA AAA AGA GAA AGT TTG AAT CAG CCT TCA ACG ACT AAG CCC GTT AAT GAG CCC GCC TTA TCT TTT TCA TAT GAT TCC TCA TCT GAT AAG CCT CTC TAC GAT CAG TTA CTT CAA CAT TTA GAT TCT AGA AGA CCA TCT AGT ACA ACA AAA TCA GAT AAT TCG CCT CCA AAA TTA GAA AGC GAG AAT TTT AAG GAT AAT GAG TTG GTA ACA GTA ACT AAT CAG CCG CTT TTA GGC GTT GGC CTC ATG GAT GAC GAT --- GCG CCA GAA TCC CCC TCT CAA ATT AAT GAT TTT ATT CCT CAG AAA TTG ATT ATA GAA CCC AAT ACT CTC GAA TTG AAT GGT CTC ACA GAA GAA ACG CCT CAT GAC TTA CCC AAG AAT ACC GCT AAG GGC AGA GAC GAA GAA GAT TTT CCT CTC GAC TAT TTT CCT GTA TCT GTT GAA TAC CCT ACG GAG GAA AAT GCG TTT GAT CCG TTC CCT CCA CAG GCT TTT ACG CCA GCT GCC CCT TCC ATG CCT ATT TCC TAT GAT AAC GTG AAT GAA AGG GAT TCT ATG CCC GTT AAT TCT CTT CTT AAT --- --- --- AGA TAC CCC TAT CAG TTA TCA GTG GCA CCC ACT TTC CCA GTG CCA CCA TCA TCA --- --- --- --- --- --- TCG AGG CAA CAT TTT ATG ACA AAT CGG --- GAT TTT TAT TCA TCT AAC AAT AAC AAG GAA AAA TTG GTA TCT CCT AGC GAC CCT ACC AGC TAC ATG AAG TAT GAC GAA CCA GTT ATG GAT TTT GAT GAA TCT CGG CCA AAT GAA AAC TGT ACA AAT GCA AAA TCT CAC AAC TCT GGC CAG CAA ACT AAA CAA CAC CAA TTA TAT TCT AAC AAC TTC CAG CAA TCT TAC CCA AAC GGA ATG GTT CCA GGA TAC TAC CCA AAA ATG CCG TAT AAT CCC ATG GGG GGG GAT CCT CTA CTC GAT CAA GCC TTT TAT GGC GCG GAC GAT TTT TTC TTT CCA CCA GAA GGA TGT GAT AAC AAT ATG CTG TAT CCA CAA ACT GCA ACT TCA --- TGG AAT GTT TTG CCC CCT CAA GCT ATG CAA CCA GCT CCA ACC TAT GTT GGG AGA CCA TAC ACA CCG AAT TAT AGA TCG ACA CCA GGT TCC GCG ATG TTC CCA TAC ATG CAA AGT TCA AAT TCC ATG CAG TGG AAC ACT GCT GTT TCA CCT TAT AGT TCG AGA GCA CCA TCT ACA ACT GCT AAA AAC TAT CCT CCT AGC ACA TTT TAT TCT CAA AAT ATA AAT CAA TAC CCA CGG CGA AGA ACT GTG GGA ATG AAG TCT TCA CAA GGA AAT GTT CCA ACA GGT AAT AAA CAA TCT GTG GGC AAG TCT GCA AAA ATT TCA AAG CCT CTA CAT ATT AAG ACA AGT GCT TAT CAG AAG CAA TAC AAA ATC AAC TTG GAA ACG AAA GCC AGG CCA AGT GCT GGT GAC GAA GAT TCT GCT CAT CCT GAT AAG AAC AAA GAA ATT TCG ATG CCT ACT CCG GAT TCC AAT ACT TTG GTG GTC CAG TCA GAA GAA GGT GGA GCT CAT TCA CTT GAG GTA GAT ACC AAT CGA AGG TCC GAT AAA AAC CTT CCA GAT GCA ACC 
paradoxus                                  ATG AAA GTC CAA ATA ACC AAT AGT AGA ACA GAG GAA ATC TTA AAA GTT CAA ACC AAT AAT GAA AGT GAC GAA GTC AGT AAA GCT ACT CCA AGC GAA GTT GAG GAA TCG CTG AGA TTA ATT GAC GAT CTA AAA TTC TTT TTA GCC ACA GCG CCG GTA AAT TGG CAA GAA AAC CAA ATC ATA AGG CGT TAC TAT CTG AAT AGT GGA CAA GGC TTT GTC TCT TGT GTA TTT TGG AAC AAT CTA TAC TAT ATC ACA GGT ACT GAT ATT GTC AAA TGT TGT CTT TAC AGA ATG CAA AAG TTT GGA AGA GAA GTA GTT CAA AAG AAA AAA TTC GAA GAG GGT ATT TTT TCA GAT TTA AGA AAT CTT AAA TGT GGT ATA GAT GCC ACT TTA GAA CAA CCA AAA TCT GAA TTT TTA TCC TTT CTA TTT AGA AAT ATG TGT CTG AAA ACT CAA AAA AAG CAG AAG GTG TTT TTT TGG TTC AGT GTA GCA CAT GAC AAG TTA TTT GCA GAT GCA TTG GAA AGA GAT TTA AAA AGG GAA AGT TTG AAT CAG CCT TCA ACG ACC AGG TCC GTT AAT GAG CCT GCT TTA TCA TTT TCG TAT GAT TCT TCC TCT GAT AAG CCT CTT TAT GAT CAG CTG CTC CAA CAT TTA GAT TCT AGA AGG CCG TCT AGT GCA ACA AAA TCT GAT AAT TCC CCA TCA AAA TTG GAG AGC GAG AAC TTC AAG GAT ACT GAG TTG GTA ACT GTA ACT AAT CAG CCA CTT TTG GGC GTT GGT CTT ATC GAT GAT GAT --- ACG CCA GAA TCC CCC TCT CAG ATT AAT GAT TTC ATT CCT CAG AAA TTA ATC GTA GAA CCA AAT ACT CTG GAA TTG AAT AGT CTC GCA GAA GAA ACA TCA CAT GCT TTG CCT AAG AAC GCC GCT AAG GGC AGA GAC GAA GAA GAT TTT CCT CTC GAC TAT TTC CCT GTA TCT GTT GAA TAT CCT ACA GAG GAA AAC GCG TTT GAT CCA TTC CCT CAA CAG GCT TTC ACG CCC GCT GCC CCT TCC ATG CCT ATT TCC TAT GAT AAT GTG AGT GAA AGG GAT TCT ATG CCC GTA AAT TCT CTT CTC AAT --- --- --- AGA TAC CCC TAT CAA TTA TCG GTG GCG CCC ACC TTT CCT GTG CCA CCA TCA TCA --- --- --- --- --- --- TCA AGG CAG CAT TTT ATG ACA AAT AGG --- GAT TTT TAT TCT TCC AAC AAT AAC AAG GAG AAG TTG GCA TCT CCT AGC GAC CCT ACC AGC TAT ATG AAA TAT GAC GAA CCT GTC ATA GAT TTT GAA GAA TCT CGA GTA AAC GAA AAC TGT ACG AAT GCT AAA TCC CAT AAC TCA GGC CAA CAA ACA AAG CAA CAT CAA CTA TAT CCG AAT AAC TTC CAG CAA CCT TAT CCA AAC GGA ATG GTT CCA GGA TAT TAT CCA AAA ATG CCG TAC AAT CCC ATG GTG GGG GAT CCT TTA CTT GAT CAA GCC TTC TAT GGT GCG GAC GAT CTT TTC TTC CCC CCA GAA GGA TGT GAT AAC AAC ATG CTG TAT CCA CAG ACA GCG ACC TCA --- TGG AAC CTT TTG CCT CCT CAA GCT ATG CAA CCG GCT CCA ACG TAT GTT CCG AGA CCA TAC ACA CCG AAT TAC AGA TCG ACA CCA GGT TCA GCG ATG TTC CCA TAT ATG CAA AGT TCG AAT TCA ATG CAG TGG AAC ACC GCT GTT TCA CCA TAT AGT TCG AGA GCG CCA TCT ACT ACT GCT AAA AAC TAC CCT CCT AGT ACA TTT TAT TCT CAA AAT ATG AAT CAG TAT CCA CGG CGA AGA ACT GTG GGA ATG AAG TCT TCG CAA GGA AAT GTC CCA ACA GGT AAT AAA CAA TCT GTG GGC AAG TCT GCA AAA ATT TCA AAG CCT TTA CAT ATT AAG ACT AGC GCT TAT CAG AAG CAA TAT AAA ATT AAC TTA GAA ACG AAA ACT AGG TCA AGT GCT GGC GAT GAA GAT TCT GCT CAT CCT GAT AAG AGT AAA GAA ATT TCG ATG CCC ACC CCG GAT TCA AAT ACT TTG GTG ATT CAG TCG GAA GAA GAT GGA GTT GAT TCA CCT GAA GTA GAA ACA AAT GGA AGG TCA AAT AAA AAT CTT ACG GAT GCA ACC 



Printing out site pattern counts


         5       1920  P G
G 2      548     92

castellii                                   --- --- --- --- --- --- --- --- --- --- --- --- --- --- --- --- --- --- --- --- --- --- --- --- --- --- --- --- --- --- --- --- --- --- --- --- --- --- --- --- --- --- --- --- --- --- --- --- --- --- --- --- --- --- --- --- --- --- --- --- --- --- --- --- --- --- --- --- --- --- --- --- --- AAA AAA AAA AAA AAA AAA AAA AAA AAA AAA AAA AAA AAA AAA AAA AAC AAC AAC AAC AAC AAC AAC AAC AAC AAC AAC AAG AAG AAG AAG AAG AAG AAG AAG AAG AAG AAG AAG AAG AAG AAG AAT AAT AAT AAT AAT AAT AAT AAT AAT AAT AAT AAT AAT AAT AAT AAT AAT AAT AAT AAT AAT AAT AAT AAT AAT AAT AAT AAT ACA ACA ACA ACA ACA ACA ACA ACA ACA ACA ACA ACA ACA ACC ACC ACC ACC ACG ACG ACG ACG ACG ACG ACG ACT ACT ACT ACT ACT ACT ACT ACT ACT ACT ACT ACT ACT ACT AGA AGA AGA AGA AGA AGA AGA AGC AGC AGC AGC AGC AGC AGG AGT AGT AGT AGT AGT AGT AGT AGT ATA ATA ATA ATA ATA ATA ATA ATA ATA ATA ATA ATA ATA ATA ATA ATC ATC ATC ATC ATC ATC ATG ATG ATG ATG ATG ATG ATG ATG ATG ATG ATT ATT ATT ATT ATT ATT ATT ATT ATT ATT ATT ATT CAA CAA CAA CAA CAA CAA CAA CAA CAA CAA CAA CAA CAA CAA CAA CAA CAA CAA CAA CAA CAA CAA CAA CAC CAC CAC CAC CAG CAG CAG CAG CAG CAG CAG CAG CAG CAT CAT CAT CAT CCA CCA CCA CCA CCA CCA CCA CCA CCA CCA CCA CCA CCA CCA CCA CCA CCA CCA CCA CCC CCC CCC CCC CCC CCG CCG CCG CCG CCG CCG CCT CCT CCT CCT CCT CCT CCT CCT CCT CGA CGA CGA CGA CGA CGC CGC CGG CTA CTA CTA CTC CTG CTG CTG CTG CTG CTG CTT CTT CTT CTT CTT GAA GAA GAA GAA GAA GAA GAA GAA GAA GAA GAA GAA GAA GAA GAA GAA GAC GAC GAC GAC GAC GAG GAG GAG GAG GAG GAG GAG GAG GAG GAG GAG GAG GAG GAT GAT GAT GAT GAT GAT GAT GAT GAT GAT GAT GAT GAT GAT GAT GAT GCA GCA GCA GCA GCA GCA GCA GCA GCA GCA GCA GCA GCC GCC GCC GCC GCG GCG GCT GCT GCT GCT GCT GCT GCT GGA GGA GGA GGA GGA GGA GGC GGC GGG GGG GGG GGG GGT GGT GGT GGT GGT GGT GTA GTA GTA GTA GTA GTA GTA GTA GTC GTC GTC GTC GTT GTT GTT GTT TAC TAC TAC TAC TAC TAC TAT TAT TAT TAT TAT TAT TAT TAT TAT TAT TAT TAT TAT TAT TCA TCA TCA TCA TCA TCA TCA TCA TCA TCA TCA TCA TCA TCA TCA TCA TCA TCC TCC TCG TCG TCT TCT TCT TCT TCT TCT TCT TCT TCT TCT TCT TGG TGG TGG TTA TTA TTA TTA TTA TTA TTA TTA TTA TTC TTC TTC TTC TTC TTC TTC TTG TTG TTG TTG TTG TTG TTT TTT TTT TTT TTT TTT TTT TTT TTT TTT TTT TTT TTT TTT TTT AAA AAA AAA AAA AAA AAA AAA AAC AAG AAG AAT AAT AAT ACA ACC ACT ACT ACT AGA AGA AGA AGG AGG AGT AGT ATA ATA ATC ATG ATG ATT ATT ATT ATT CAA CAA CAG CAT CCA CCG CGA CTA CTT CTT CTT GAA GAA GAC GAG GAT GAT GCA GCA GCC GCT GCT GGA GGG GGG GGG GGT GTC GTC GTG GTG GTT GTT TAC TAC TAT TCG TCG TCT TGC TGG TGT TGT TGT TTA TTA TTA TTA TTC TTC TTC TTG TTT TTT TTT TTT TTT TTT
bayanus                                     --- AAA AAA AAC AAC AAT AAT AAT AAT AAT AAT ACA ACA ACA ACG ACG ACG ACT ACT ACT AGC ATG ATG ATT ATT CAA CAA CAA CAG CAG CCA CCC CCT CCT CCT CCT CTA CTT GAA GAA GAC GAG GAG GAG GAT GAT GCA GCA GCA GCA GGA GGC GGC GGG GGT GGT GGT GGT GTC GTT TAT TAT TCA TCA TCA TCG TCG TCT TCT TGG TTC TTC TTT AAA AAC AAG AAG AAG ACC ACT AGG CAA CAA GAA GAC GAT GCC TCG --- AAA AAA AAC AAC AAT AAT AGT ATG CCA GCA --- AAA AAA AAG AAT ATA ATG CAT CCA GAA GAA GCT GGG GGT GTA --- AAC AAC AAC AAC AAG AAT AAT AAT ACA ACC ACT AGC ATG CCA CCG CCT CCT CTG GAA GAG GAT GAT TCA TCT TTA TTC TTT ACA ACA ACA ACC ACC ACT ATA ATT CCT GAA GCG TCA TCA AAG ACA ATG TCT --- CAG CCC GAC TAT TCG TTT ACA ACA ACC CAA CCG GAC GAT GCT GCT GCT GTG TAT TCC TTC AAA AAG AGA AGA AGG ATC GAA AAA ACA AGA CCC CGG TCG AAT --- ACG AGC CAG CCA CCT CGA TCC AAG ACT AGT ATG ATT CCG CTT GAG GTC GTT TCG TTA TTA TTT TTT AAA ATC GGA GTA TCA TTT AAT ATG ATT CCT CTA CTA CTC GTG TAT TCT AAC AAT ACA ATT CAA GAC GTG GTT TAC TCG TTA TTG --- ACT ATA ATG ATG CAA CAA CAA CAA CAG CAG CAG CAT CAT CCA CCG CCT CGC GAG GAG GTG TCC TCT AAG AAT CAT CCT ACC AGA CAA CAA CAG CCA GAA TCC TTA AGT CCT GAT TCC --- AAC ACA CAA CCA CCA CCA CCC CCG CCT CCT CCT CCT GAC GAT GGC TAT TCT TTA --- CCA CCT GAG GCG AAT ACA ATT GCC GTA TCG AGA AGT CCA CCA CCC CCC CCC GCC TTC AAG AGG CGA GCT TCC GAA TCT --- ATA CTA TTG TTG ATG CAA CTA CTT CTT TTA ATA CCC GCT GTA TTG AAA AAC ACA CAA CCG CCT GAA GAA GAA GAC GAC GAT GAT GAT GTA TTA AAT AAT AGC GAT GAT --- AAC AAG ACA CAA CCA GAA GAA GAC GAG GAT GTA TAT AAG AAT ACT AGA CAA CAG CCG GAA GAA GAC GAC GAT GAT GAT GCA GCG AAA AAG AAT AGA AGT CCA GAA GTC GTT TCA TCA TCT ACT CCC GCG TCA AGC GAT AGT ATG CCA CCC CCT GCT TTT AAC AGC ATA GAT TCT TTT CCG GGT ACC AGA GAA GAT --- AAC AAT ACG CAC GGG --- CCG CTA CTT GTT GTT TAC TTG ATC CTT GCT GTA ACC ATA GTC TCC CTT GAG TAC TAT TAT TTC AAG AAT AGC ATG ATG ATG CAT CCA CGA TAC TAC TAC TAT TAT --- AAT ACA CAA CGA CGT CTA GGA TAC TAT TCA TCA TCA TCA TCC TCG TCT GCT TCA TCT TTT --- AAA ACC ACT AGA CCG GCA GGC TAC TCA TTC AAT TAC TGG AAT AGG ATG CCT CTA CTA GAT TTG TTT ATA ATG CCC TAT TCC TTC TTC --- ACT ATG CTG GTT TTA ACC CAT CCC CCT CTG GCA GGT GTA GTT TAT TGT TTC TTC TTG TTT AAA AAA AAA AAG AAG GAG GAG AAC AAA AAG AAT AGT GGC ACA GTT ACA ACT ACT AGA AGA AGG AGA CGA AAT AGT ATA GTG ATT ATG CTT ATA ATC ATT GTG CAA CAA CAA CAT CCA GCA AGA CTA ATA CTA TTA GAA GAG AAT CAG GAT GAT GAT TCA GCT GCA TGT GGG GGC GGC GGT GGT GTA GTC GTG GTT ATA GCA TAC TAT TAC TCA TCT TCT TGC TGG TGC TGT TGT CTG CTG TTA TTA TTC TTT TTT TTA TTC TTC TTT TTT TTT TTT
mikatae                                     AAA AAA AAG AAC AAT AAA AAC AAC AAT AAT AGT ACG ACT GCT ACG ACG ACT ACT ACT GCC ACT ATG GTG GTA GTT CAA CAA CAG CAA CAG CCA ACC CCA CCC CCT TCT CTT CTC GAA GAT GAT CAA GAG GGT GAG GAT ACA GCA GCG GCT GGA AAC GGA GCA AGC AGC GGC GTA GTT ATG TAC TAT TCA TCA TCG TCG TCT CCT TCA TGG TAT TTT TTT AAA AAT AAA AAG AAG ACA GTT AAG CAA CAG GAA GAA GAT GCC TCA --- AAA AGG AAT AAT AAC AAT AGT ATG CCA GCT --- AAA AAA AAA AGC ATA ATG CAC CCA GAA GAA GAG GGA GGT ACG --- AAC AAT ACT AGC AAA AAC AAT AAT ACA GCC ACA AGT ATG TCA CCC CCA CCT TTG GAA GAA AAT GAT TCT TCT TTG CTG TTC ACT GCG TCC ACG ACT ACT GTT ACT CCT GAG GCA TCA TCC AAA ACA TTA TCT --- CAA CCT GAC TAT TCG GTT ACA GCT ACT CAG TCG GAC GAT ATT GCT GCT GTG TAT TCC TCT AAA AAA AGA AGA AGA ATT GAA AAA ACA AGA CCG AGA TCA AAT --- ACC GCT CAA CCA CCC CAA CCC AAG ACG AGT ATG ACT CCA CTT GAA ATT GCT TCA TTA TTG TTC TTT AAA ATC GGA GTA TCA TTC AAC ATG ATT CCT CTA TTA CTC GTT TAC TCT AAC TCT GCA ATC CAA GAT GTA GTT TAC TCG GTA TTG --- AAT TTG ATT ATT CAA CAA CAA CAA CAA CAA CAG CAT CAT TCC TCT CCT CGG GAA GAG GTG TCT TCT AAG AAC CAT CCT ACC AGA CAA CAA CAA CCG GAA TCC TTG ATT TCT AAT TCC --- AAC CCG CAG CCA CCC CCG CCT CCG CCA CCC CCT CCT AAC GAC AGC TAT TCT TTA --- CCA CCT GAA GCA AAC ACA GCT GCT GTG TCA AGG AGC CCA CCT CCC CCT TCA GCC TTT AAA AGA CGG GCT TCT GAC TCC GGT GTG TTA TTA CTA ATG CTA ATA CTG CTT TTA ATA CCG GCC GTG TTA AAA GAT --- CAA CCG CCC GAA GAA GAG GAT GAT GAT GAT GAT GTG TTG AAT AGT GAT GAT GGT --- AGG AAA ACC CAA CCG GAA GAG AGT GAG GAC GCT TAT AAG AAT AAT AGA CAA CAA CCA GAA GAG GAT GAT GAC GAT GTT CCA GCA AAG AAA ACT AGA AAT CAA GAG GTA GTT TCA TCC TCT AGT ACG GCG TCA AGC GAC AGT ATG CCG CCC CCT GCT TTT AAT GGC GTA GAC TCG TTC CCA GGT GTA AGA GAT GAT --- AAT AAT ACA CAT GGC CAA CCG CTT CTC GTT GTT TAC TTG ATA CTT GAA GTA ACA ATA GTC TCA CTT GAG TAT TAT TAT TTT AAG AGT AAC CTA GTA GTG TAT TCT CGA TAC TAC TAT TAT TAT --- AAC ACA CAA CGA CAT ATA GGA TAT TTT CCA TCA TCA TCA TCC TCT TCT GCC TCG TCA TTC ACT AAA ACC GAT GGA CCA CCG GGT TAT TCG TTC AAT TAT TGG CGC AGA ATG CCA CTT TTG GAT TTG TTC ATT ATG CCT TAT TCT TTC TTT --- CTT ATT CTT GTT TTG ACC AGT CCT CCC CTT GCT AGT GCC GTT TAC TGT TTT TTT TTA TTC AAA AAG AAG AAA AAG AAA GAA AAT AAA AAA AAT AGT GGA ACA GTC ACT ACT ACT AGA AGG AGG AGA CGA AAC AGT ATC GTG ATT ATG CTT ATA ATT ATT GTG CAA CAG CAA CAT CCA GCA AGA TTA TTA CTT TTA GAA GAA AAT CAA GAC GAT GAG TCT GCC GCA TGT GGA GGT GGT GGT GGA GTA GTC GTA GTG ATT GCA TAC TAC TAT TCA TCT TCC TGT TGG TGC TGC TGT CTA TTG CTG TTA TTT TTC TTT TTA TTC TTT TTC TTT TTT TTT
cerevisiae                                  GAT AAA AAA AAC AAT AAC AAC AAT AAT AGT AGC ACA ACC ACA ACA ACG ACC ACA ACT GCT ACT ATG ATG GTA ATT CAA CAG CAA CAA CAA CCA ACT CCA CCT TCT TCT CTT CTC GAA GAA GAT GAT GAG CGA GAG GAT GCA GCA GCG GCT GGG AAT GGA GGA AAT GGT TGT AGG GTT ATA TAT TAT TCA TCA TCC TCC TCT CTT TCC TGG TAC TTC TTT AAA AAC AAG AAG AAG ACA GCT AAG CAA CAA GAA GAT GAC GCT TCC --- AAG AAA AAC AAT AAT AAT AGT ATG CCA ACC --- AAA AAG AAA AGC ATG ATG CAT CCA GAA GAG GAG GGA GGC GCG --- AAC AAT ACT AAC AAA AAT AAC AAT ACA ACG ACA AGT ATG TCA CCA CCA CCT TTG GAA GAA CAT GAT TCA TCA TTA TTT TTT ACG GCA CCA ACA ACT ACT ATT ACT CCA GAA GCA TCT TCC AAG ACA TTG TCA --- CAA CCT GAC TAT TCG ATT ACA ATT ACT CAG CCT GAT GAT GTT GCC GCT GTG TAT TCC TCT AAG AAG AGA AGG AGA ATT GAA AAA ACA AGA CCA AGA TCA AAT --- ACC AAT CAG CCG CCT CAA CCC AAG ACT AGT ATG GCC CCG CTT GAA GTT GCT TCG TTA TTA TTT TTT AAA ATC GGA GTA TCA TTT AAT ATG GTC CCT CCA CTA CTC GTT TAT TCT AAC GCA ACA ATC CAA GAT GTA GTT TAC TCA GTA TTG --- AAT TTG ATG ATT CAA CAA CAG CAG CAA CAG CAA CAC CAT TCC CCT CCT CGG GAG GAA GTA TCT TCT AAG AAT CAT CCT ACT AGA CAA CAG CAG CCA GAA TCT TTA AGT TCT AAT TCT --- AAT CCG CAG CCA CCA CCA CCT CCG CCC CCT CCC CCT AAT GAT GGC TAT CCT TTA --- CCA CCT GAA GCA AAC ACA TCT GCT GGG TCA AGG AGT CCG CCC GGG CCC CCA GCC TTT AAA AGA CGG GCT TCT GAT TCC GGT GTG TTG TTA TTG ATG CAA ATA CTC CTC CTA ACA CCA GCT GTG TTG AAA GAT GAT CAA CCA CCT GAA GAG GAA GAC GAT GAC GGC GGC GTG TTG AAT AAT GGT GAT AAT --- GAC AAA ACT CAG CCG GAA GAA GGC GAA GAT GTC TAT AAG AAT AAT AGG CAA CAG CCT GAT GAA GAC GAT GAT GAT GCT CCA GCG AGG AAG ACT AGA AAT CCA GAA GTT GTT TCA TCT TCA AGC ACG GCG TCG AGC GAC AGT ATG CCG CCC CCC GCC TTT AAC GGC GTT GAT TCG TTC CCA GGC GTG AGA GAT GAT --- GGT AAC ACC CAT GGT CAA CCA CTC CTT GAC GTT TAC TTG ATT CTC GAA GTA ACT ATA GTC TCT CTT GAT TAT TAC TAT TTC AAA AAC AAC TTA ATG GTG CAC TCT CGG TAC TAC TAC TAC TAT --- AAT ACG CAA CGA CAT CTG GGA TAC TAT CCA TCA TCA TCG TCT TCT TCT GCT TCT TCT TTT GCT AAA ACC AAT GGA CCT CCA GGC TAT TCG TTC AAC TAC TGG AGT AGA ATG CCA CTA TTA AAT TTA TTT ATC ATG CCC TAT TCA TTC TTC --- CTT ATG CTA GTT TTA GCT AAC CCC CCC TTT GCG AAT GCC GTT TAT TGT TTT TTT TTA TTT AAA AAA AAG AAA AAG AAG GAA AAT AAA AAG AAT AGT GGA ACA GTT ACT ACC ACT AGA AGA AGG AGA CGA AAC AGT ATT GTC ATT ATG CTT ATA ATT ATT GTA CAA CAA CAG CAT CCA GCA AGA TTA TTG CTC CTA GAA GAG AAT CAA GAT GAT GAA TCG GCA GCG TGT GGG GGC GGT GGT GGT GTA GTC GTA GTA ATA GCG TAC TAC TAT TCA TCT TCC TGT TGG TGT TGT TGT CTA CTG CTG TTA TTT TTT TTT TTG TTT TTT TTC TTC TTT TTT
paradoxus                                   AAT AAA AAA AAC AAT AAT AAC AAT AAT AGT AGT ACG ACC GCA ACA ACA ACA ACT ACT GCT ACT ATG ATG GTA ATT CAA CAG CAA CAA CAG CCA ACC ACG CCT TCT TCT CTT CTC GAA GAA GAT GAA GAG GGA GAA GAT GCA GCA GCG GCT GGG AAT GGA GGA AAT AGT TGT AGG GTT ATG TAC TAT TCA TCG TCA TCA TCT CCT TCA TGG TAT TTC TTT AAA AAC AAG AAG AGG ACT GCT AAG CAA CAA GAA GAT GAC GCT TCA --- AAA AAA AAC AAT AAT AAC AGT ATG CCA GCC --- AAA AAG AAA AGC ATA ATG CAT TCA GAA GAG GAG GGA GGC ACG --- AAC AAT ACC AAC AAA AAT AAC AAT ACA ACG ACA AGT ATG TCG CCA CCA CCT TTA GAA GAA GAT GAT TCG TCA TTG TTT TTC ACG GCG TCA ACA ACT ACT ATT ACC CCT GAG GCG TCT TCC AAG ACA TTG TCA --- CAA CCA GAC TAT TCG ATT ACA ATT ACT CAG CCT GAT GAT GTT GCC GCT GTG TAT TCC TCT AAG AAG AGA AGG AGG ATT GAA AAA ACA AGA CCC AGA TCA AAT --- ACC ACT CAG CCA CCT CAA CCT AAG ACC AGT ATG ACT CCG CTT GAA GTT GCT TCG TTA TTG TTT TTT AAA ATC GGA GTA TCT TTT AAT ATG ATT CCT GTA TTA CTT GTT TAC TCT AAC GCT GCA ATT CAA GAT GTA GTT TAC TCA GCA TTG --- AAC TTG ATG ATT CAA CAG CAA CAG CAA CAA CAG CAT CAT TCC CCT CCT CGG GAG GAG GTA TCT TCT AAG AAT CAT CCT ACA AGA CAA CAG CAG CCA GAA TCT TTG AGT TCT AAT TCT --- AAC CCG CAG CCA CCT CCA CCT CCG CCA CCT CCC CCT AAC GAT GGC TAT TCA TTA --- CCA CCT GAA GCG AAC ACT TCT GCT GTG TCG AGG AGC CCG CCC CCG CCT CCA GCC TTC AAA AGG AGG GCT TCA GAT TCT GGC GTG TTG TTA TTG ATG CAA ATA CTT CTC CTA ACA CCA GCT GTG TTA AAG GAC GAT CAA CCG CCT GAA GAG GAA GAC GAT GAT GAC GGT GTG TTG AAT AAC GAT GAT AAT --- GAT AAA ACT CAG CCA GAA GAA AGC GAA GAT GTC TAT AAG AAT AAT AGA CAA CAG CCC GAA GAG GAC GAT GAT GAT GTT CCA GCG AGG AAG ACA AGA AAC CAA GAA GTA CTT TCA TCC TCT AGC ACA GCG TCG AGC GAC AGT ATC CCA TCC CCT GCT TTT AAT GGC GTC GAT TCC TTC CCA GGT GTG AGA GAT GAT --- GGT AAC ACG CAT GGT CAG CCG CTG CTC GCT GTT TAT TTG ATC CTT GAA GTA ACC GTA GTC CCG CTT GAT TAT TAT TAT TTC AAG AGT AAC CTA ATG GTG CAT TCT CGA TAC TAT TAT TAT TAT --- AAT ACG CAA CGA CAT CTG GGA TAT TAC CCA TCA TCG TCA TCC TCT TCT GCT TCA CCT TTC GCT AAA ACC AAT GGA CCA CCA GGC TAT TCG TTC AAT TAT TGG AGT AGA ATG CCC CTG CTG AAT TTA TTC ATT ATG CCC TAT TCC TTC TTT --- CTC ATG TTA GTT TTA ACC AGT CCC CCC CTT GCG AGT GCC GTC TAT TGT TTC TTT TTA TTC AAA AAG AAA AAA AAG AAG GAA AAT AAA AAG AAT AGT GGA ACA GTT ACT ACT ACT AGA AGA AGG AGA CGT AAC AGT ATT GTC ATC ATG CTT ATA ATC ATT GTA CAA CAA CAG CAT CCA GCA AGA TTA TTA CTT CTA GAA GAG AAT CAA GAC GAT GAA TCC GCC GCA TGT GGA GGC GGT GGT GGT GTA GTC GTA GTG ATA GCA TAC TAC TAT TCA TCT TCT TGT TGG TGT TGT TGT CTA CTG CTG TTA TTT TTT TTT TTA TTT TTT TTC TTT TTC TTT



    1    2    1    1    3    1    1    1    2    1    1    1    1    1    1
    1    1    1    1    1    1    3    1    1    1    1    1    1    1    1
    1    1    1    2    1    1    1    1    2    1    1    1    1    1    1
    1    1    1    1    1    1    1    1    1    1    1    1    1    1    1
    1    1    1    1    1    1    1    1    1    1    1    1    1    4    1
    1    1    1    1    1    1    1    1    1    1    1    1    1    1    1
    1    1    1    1    1    1    1    1    1    1    1    1    2    1    1
    1    1    1    1    1    1    1    1    1    1    1    2    1    1    1
    1    1    1    1    1    1    1    1    1    1    1    1    1    3    1
    1    3    1    1    1    1    1    1    1    1    1    1    1    1    1
    1    1    1    1    1    1    1    1    1    1    1    1    1    1    1
    1    1    1    1    1    1    1    1    1    1    1    1    1    1    1
    1    1    3    1    1    1    1    1    1    1    1    1    1    1    1
    1    1    1    1    1    1    1    1    1    1    1    1    1    1    1
    1    1    1    2    1    1    1    1    1    1    1    1    1    1    1
    1    1    1    1    1    1    1    1    1    1    1    1    1    1    1
    1    1    1    1    1    1    1    1    1    1    2    1    1    1    1
    1    1    1    1    1    1    1    1    1    1    1    1    1    1    1
    1    1    1    1    1    1    1    1    1    1    1    1    1    1    1
    1    1    1    1    2    1    1    1    1    1    1    1    4    1    1
    1    1    1    1    1    1    1    1    1    1    1    1    1    1    1
    1    1    1    1    1    1    1    1    1    1    1    1    1    1    1
    1    1    1    1    1    1    1    1    1    1    1    1    1    1    1
    1    1    1    1    1    1    1    1    7    1    1    1    1    1    1
    1    1    1    1    1    1    1    1    1    1    1    1    1    1    2
    1    1    1    1    1    1    1    1    1    1    1    1    1    1    1
    1    1    1    4    1    1    1    1    1    1    1    1    1    1    1
    1    1    1    1    1    1    1    1    1    1    1    1    1    1    1
    1    1    1    1    1    1    1    1    1    1    1    1    1    1    1
    1    1    1    1    1    1    1    1    1    1    2    1    1    1    1
    1    1    1    1    1    1    1    1    1    1    1    1    1    1    1
    1    1    1    1    1    1    1    1    1    2    3    1    1    1    1
    1    1    1    1    1    1    1    1    1    1    1    1    1    1    1
    1    1    1    1    1    1    1    1    1    1    1    1    1    1    1
    2    1    1    1    1    1    1    1    1    1    1    1    1    1    1
    1    1    1    1    1    1    1    1    1    1    1    1    1    1    1
    1    1    1    1    1    2    1    1    1    1    1    1    2    1    1
    1    4    1    2    1    1    1    1    1    1    1    1    1    1    1
    1    1    1    1    1    1    2    1    1    1    1    1    2    3    1
    1    1    1    1    1    1    1    1    2    1    1    1    1    4    1
    1    1    1    1    1    1    1    1    1    1    1    1    1    1    1
    1    2    2    1    1    1    1    2    1    1    1    1    1    1    1
    1    1    2    1    1    2    1    1    1    2

CODONML (in paml version 4.4b, July 2010)  torun.nuc
Model: One dN/dS ratio for branches Global clock  (2 genes: diff. rate & k&w)  
Codon frequency model: F3x4
ns =   5  ls = 700

Codon usage in sequences
--------------------------------------------------------------------------------------------------
Phe TTT 24 19 20 25 19 | Ser TCT 12 14 21 22 20 | Tyr TAT 19 19 22 18 24 | Cys TGT  3  4  4  7  7
    TTC 11 16 12  8 13 |     TCC  2  9 10  9  9 |     TAC  9 12 10 14  8 |     TGC  1  2  2  0  0
Leu TTA 13 14 15 14 15 |     TCA 17 18 19 16 18 | *** TAA  0  0  0  0  0 | *** TGA  0  0  0  0  0
    TTG  7  7 12 11 10 |     TCG  4  9  8  7  9 |     TAG  0  0  0  0  0 | Trp TGG  6  5  5  5  5
--------------------------------------------------------------------------------------------------
Leu CTT  8  8 12  7 10 | Pro CCT  9 25 20 21 24 | His CAT  5  7  6  7  8 | Arg CGT  0  1  0  0  1
    CTC  1  1  3  7  4 |     CCC  5 12 11 10  8 |     CAC  4  1  1  2  0 |     CGC  2  1  1  0  0
    CTA  4 11  5  6  4 |     CCA 24 19 19 27 22 | Gln CAA 29 26 30 26 25 |     CGA  6  5  3  3  2
    CTG  6  5  3  3  6 |     CCG  7 10 11  7  8 |     CAG 10 10  9 12 14 |     CGG  1  1  2  3  1
--------------------------------------------------------------------------------------------------
Ile ATT 16  9 13 11 11 | Thr ACT 17 14 17 15 14 | Asn AAT 37 31 30 37 33 | Ser AGT 10  8 13 10 14
    ATC  7  4  3  3  5 |     ACC  5 10  6  7  9 |     AAC 12 19 16 17 18 |     AGC  6  7  7  4  5
    ATA 18 12  7  5  4 |     ACA 14 19 12 15 14 | Lys AAA 26 24 33 26 25 | Arg AGA 12 15 16 15 14
Met ATG 13 22 15 19 18 |     ACG  7  5  7  5  7 |     AAG 21 19 13 18 18 |     AGG  3  5  5  6  9
--------------------------------------------------------------------------------------------------
Val GTT  6 11 14 13 10 | Ala GCT  9 10 14 13 14 | Asp GAT 24 32 31 34 33 | Gly GGT  7  9  9  8  7
    GTC  6  5  3  5  6 |     GCC  5  3  8  5  5 |     GAC  6 11  9  8  8 |     GGC  2  7  3  9  6
    GTA  9  9 12 10 11 |     GCA 14 11  9  8  8 | Glu GAA 25 31 31 34 34 |     GGA  7  3  9  7  9
    GTG  2  7 11  6  8 |     GCG  2  4  3  7  7 |     GAG 15 13 12  7  9 |     GGG  7  4  0  4  1
--------------------------------------------------------------------------------------------------

Codon position x base (3x4) table for each sequence.

#1: castellii      
position  1:    T:0.20679    C:0.19548    A:0.36187    G:0.23586
position  2:    T:0.24394    C:0.24717    A:0.39095    G:0.11793
position  3:    T:0.33279    C:0.13570    A:0.35218    G:0.17932
Average         T:0.26117    C:0.19278    A:0.36834    G:0.17771

#2: bayanus        
position  1:    T:0.21637    C:0.20906    A:0.32602    G:0.24854
position  2:    T:0.23392    C:0.28070    A:0.37281    G:0.11257
position  3:    T:0.32310    C:0.17544    A:0.31725    G:0.18421
Average         T:0.25780    C:0.22173    A:0.33869    G:0.18177

#3: mikatae        
position  1:    T:0.23290    C:0.19796    A:0.31004    G:0.25910
position  2:    T:0.23290    C:0.28384    A:0.36827    G:0.11499
position  3:    T:0.35808    C:0.15284    A:0.32023    G:0.16885
Average         T:0.27462    C:0.21155    A:0.33285    G:0.18098

#4: cerevisiae     
position  1:    T:0.22674    C:0.20494    A:0.30959    G:0.25872
position  2:    T:0.22238    C:0.28198    A:0.37791    G:0.11773
position  3:    T:0.36047    C:0.15698    A:0.30814    G:0.17442
Average         T:0.26986    C:0.21463    A:0.33188    G:0.18362

#5: paradoxus      
position  1:    T:0.22820    C:0.19913    A:0.31686    G:0.25581
position  2:    T:0.22384    C:0.28488    A:0.37355    G:0.11773
position  3:    T:0.36192    C:0.15116    A:0.29797    G:0.18895
Average         T:0.27132    C:0.21172    A:0.32946    G:0.18750

Codon usage in genes
--------------------------------------------------------------
Phe TTT 62 45 | Ser TCT 81  8 | Tyr TAT 92 10 | Cys TGT  6 19
    TTC 45 15 |     TCC 36  3 |     TAC 38 15 |     TGC  0  5
Leu TTA 52 19 |     TCA 83  5 | *** TAA  0  0 | *** TGA  0  0
    TTG 43  4 |     TCG 34  3 |     TAG  0  0 | Trp TGG 16 10
--------------------------------------------------------------
Leu CTT 36  9 | Pro CCT 99  0 | His CAT 28  5 | Arg CGT  1  1
    CTC 15  1 |     CCC 46  0 |     CAC  8  0 |     CGC  4  0
    CTA 22  8 |     CCA 106  5 | Gln CAA 109 27 |     CGA 15  4
    CTG 16  7 |     CCG 42  1 |     CAG 48  7 |     CGG  8  0
--------------------------------------------------------------
Ile ATT 44 16 | Thr ACT 64 13 | Asn AAT 148 20 | Ser AGT 45 10
    ATC 17  5 |     ACC 35  2 |     AAC 77  5 |     AGC 29  0
    ATA 35 11 |     ACA 68  6 | Lys AAA 97 37 | Arg AGA 54 18
Met ATG 76 11 |     ACG 31  0 |     AAG 66 23 |     AGG 21  7
--------------------------------------------------------------
Val GTT 48  6 | Ala GCT 57  3 | Asp GAT 130 24 | Gly GGT 28 12
    GTC 16  9 |     GCC 23  3 |     GAC 39  3 |     GGC 22  5
    GTA 41 10 |     GCA 37 13 | Glu GAA 138 17 |     GGA 28  7
    GTG 25  9 |     GCG 21  2 |     GAG 49  7 |     GGG 11  5
--------------------------------------------------------------

Codon position x base (3x4) table for each gene.


Gene #1
position  1:    T:0.20918    C:0.21451    A:0.32266    G:0.25365
position  2:    T:0.21096    C:0.30701    A:0.37958    G:0.10245
position  3:    T:0.34472    C:0.16009    A:0.31483    G:0.18036
Average         T:0.25495    C:0.22720    A:0.33903    G:0.17882

Gene #2
position  1:    T:0.29009    C:0.13514    A:0.33153    G:0.24324
position  2:    T:0.33333    C:0.12072    A:0.36036    G:0.18559
position  3:    T:0.36216    C:0.12793    A:0.33694    G:0.17297
Average         T:0.32853    C:0.12793    A:0.34294    G:0.20060

Sums of codon usage counts
------------------------------------------------------------------------------
Phe F TTT     107 | Ser S TCT      89 | Tyr Y TAT     102 | Cys C TGT      25
      TTC      60 |       TCC      39 |       TAC      53 |       TGC       5
Leu L TTA      71 |       TCA      88 | *** * TAA       0 | *** * TGA       0
      TTG      47 |       TCG      37 |       TAG       0 | Trp W TGG      26
------------------------------------------------------------------------------
Leu L CTT      45 | Pro P CCT      99 | His H CAT      33 | Arg R CGT       2
      CTC      16 |       CCC      46 |       CAC       8 |       CGC       4
      CTA      30 |       CCA     111 | Gln Q CAA     136 |       CGA      19
      CTG      23 |       CCG      43 |       CAG      55 |       CGG       8
------------------------------------------------------------------------------
Ile I ATT      60 | Thr T ACT      77 | Asn N AAT     168 | Ser S AGT      55
      ATC      22 |       ACC      37 |       AAC      82 |       AGC      29
      ATA      46 |       ACA      74 | Lys K AAA     134 | Arg R AGA      72
Met M ATG      87 |       ACG      31 |       AAG      89 |       AGG      28
------------------------------------------------------------------------------
Val V GTT      54 | Ala A GCT      60 | Asp D GAT     154 | Gly G GGT      40
      GTC      25 |       GCC      26 |       GAC      42 |       GGC      27
      GTA      51 |       GCA      50 | Glu E GAA     155 |       GGA      35
      GTG      34 |       GCG      23 |       GAG      56 |       GGG      16
------------------------------------------------------------------------------

(Ambiguity data are not used in the counts.)


Codon position x base (3x4) table, overall

position  1:    T:0.22252    C:0.20143    A:0.32412    G:0.25193
position  2:    T:0.23113    C:0.27629    A:0.37641    G:0.11616
position  3:    T:0.34759    C:0.15478    A:0.31848    G:0.17914
Average         T:0.26708    C:0.21083    A:0.33967    G:0.18241


Nei & Gojobori 1986. dN/dS (dN, dS)
(Pairwise deletion)
(Note: This matrix is not used in later ML. analysis.
Use runmode = -2 for ML pairwise comparison.)

castellii           
bayanus             -1.0000 (0.5954 -1.0000)
mikatae             -1.0000 (0.6096 -1.0000) 0.0639 (0.0906 1.4168)
cerevisiae          -1.0000 (0.5938 -1.0000) 0.0662 (0.0819 1.2363) 0.0631 (0.0599 0.9485)
paradoxus           -1.0000 (0.6020 -1.0000) 0.0725 (0.0834 1.1509) 0.0634 (0.0471 0.7433) 0.0589 (0.0280 0.4748)


TREE #  1:  ((((4, 5), 3), 2), 1);   MP score: -1
check convergence..
lnL(ntime:  4  np:  9):  -7298.479334      +0.000000
   6..7     7..8     8..9     9..4     9..5     8..3     7..2     6..1  
 5.740546 0.620718 0.378782 0.217536 0.733092 3.592773 0.085574 4.996721 0.008846
SEs for parameters:
 0.520892 0.038725 0.023725 0.017040 0.110690 0.301238 0.007303 1.289958 0.002492
Note: Branch length is defined for the first gene (site partition).
For other genes, look at "rates for genes".

tree length =  12.69813 (1st gene)

((((4: 0.217536, 5: 0.217536): 0.161246, 3: 0.378782): 0.241935, 2: 0.620718): 5.119828, 1: 5.740546);

((((cerevisiae: 0.217536, paradoxus: 0.217536): 0.161246, mikatae: 0.378782): 0.241935, bayanus: 0.620718): 5.119828, castellii: 5.740546);

Detailed output identifying parameters

rates for 2 genes:     1  0.73309

gene # 1: kappa =   3.59277 omega =   0.08557
gene # 2: kappa =   4.99672 omega =   0.00885

Time used:  0:24
