
seed used = 1418847897
      7   1419

castellii                                  --- --- --- --- --- --- --- --- --- --- --- --- --- --- --- --- --- --- --- --- --- --- --- --- --- --- --- --- --- --- --- --- --- --- --- --- --- --- --- --- --- --- --- ATG TCG TTA TTC GGA TTA GGA --- --- GGT GGT CAA CCA CAG TTG ACA TCT AAC CAG AAG ATT CAG GCT GCG --- --- --- --- GAG ACA GAA CTA GAC TTG GTC ACC GAT ATG TTC AAC AAA TTG GTG GAT --- --- --- --- --- --- --- --- --- --- --- --- --- --- --- --- AAC TGT TAC CAA --- --- --- --- --- --- --- --- AAA TGT ATC AAT AAG ACA TAT AAT CAA GGA GAG CTA AAT --- --- --- --- --- --- AAG GAC GAA TCT AAC TGC TTG GAT AGA TGC GTA GCA AAA TAC TTT GAA ACG AAT GTG AAA GTT GGT GAA AAT ATG CAG AAG ATG GGT --- --- --- CAA ACG TTT AAC GCT GGT GGT AAA TTT --- --- --- --- --- --- --- --- --- --- --- --- --- --- --- --- --- --- --- --- --- --- --- --- --- --- --- --- --- --- --- --- --- --- --- --- --- --- --- --- --- --- --- --- --- --- --- --- --- --- --- --- --- --- --- --- --- --- --- --- --- --- --- --- --- --- --- --- --- --- --- --- --- --- --- --- --- --- --- --- --- --- --- --- --- --- --- --- --- --- --- --- --- --- --- --- --- --- --- --- --- --- --- --- --- --- --- --- --- --- --- --- --- --- --- --- --- --- --- --- --- --- --- --- --- --- --- --- --- --- --- --- --- --- --- --- --- --- --- --- --- --- --- --- --- --- --- --- --- --- --- --- --- --- --- --- --- --- --- --- --- --- --- --- --- --- --- --- --- --- --- --- --- --- --- --- --- --- --- --- --- --- --- --- --- --- --- --- --- --- --- --- --- --- --- --- --- --- --- --- --- --- --- --- --- --- --- --- --- --- --- --- --- --- --- --- --- --- --- --- --- --- --- --- --- --- --- --- --- --- --- --- --- --- --- --- --- --- --- --- --- --- --- --- --- --- --- --- --- --- --- --- --- --- --- --- --- --- --- --- --- --- --- --- --- --- --- --- --- --- --- --- --- --- --- --- --- --- --- --- --- --- --- --- --- --- --- --- --- --- --- --- --- --- --- --- --- --- 
bayanus                                    --- --- --- --- --- --- --- --- --- --- --- --- --- --- --- --- --- --- --- --- --- --- --- --- --- --- --- --- --- --- --- --- --- --- --- --- --- --- --- --- --- --- --- ATG TCT TTC TTA GGA TTC GGC --- --- GGC GGT CAA CCT CAG TTA TCA TCC CAG CAA AAG ATT CAA GCT GCG --- --- --- --- GAG GCT GAA TTG GAT TTA GTT ACT GAT ATG TTC AAT AAG TTG GTT AAC --- --- --- --- --- --- --- --- --- --- --- --- --- --- --- --- AAC TGT TAT AAG --- --- --- --- --- --- --- --- AAA TGT ATC AAT ACT TCT TAC ACC GAG GGT GAA CTA AAT --- --- --- --- --- --- AAG AAC GAA TCT ACG TGC TTA GAC AGA TGT GTG GCT AAA TAC TTT GAA ACT AAT GTT CAG GTC GGT GAA AAT ATG CAA AAA ATG GGC --- --- --- CAA TCC TTT AAC ACG GCA GGT AAA TTT --- --- --- --- --- --- --- --- --- --- --- --- --- --- --- --- --- --- --- --- --- --- --- --- --- --- --- --- --- --- --- --- --- --- --- --- --- --- --- --- --- --- --- --- --- --- --- --- --- --- --- --- --- --- --- --- --- --- --- --- --- --- --- --- --- --- --- --- --- --- --- --- --- --- --- --- --- --- --- --- --- --- --- --- --- --- --- --- --- --- --- --- --- --- --- --- --- --- --- --- --- --- --- --- --- --- --- --- --- --- --- --- --- --- --- --- --- --- --- --- --- --- --- --- --- --- --- --- --- --- --- --- --- --- --- --- --- --- --- --- --- --- --- --- --- --- --- --- --- --- --- --- --- --- --- --- --- --- --- --- --- --- --- --- --- --- --- --- --- --- --- --- --- --- --- --- --- --- --- --- --- --- --- --- --- --- --- --- --- --- --- --- --- --- --- --- --- --- --- --- --- --- --- --- --- --- --- --- --- --- --- --- --- --- --- --- --- --- --- --- --- --- --- --- --- --- --- --- --- --- --- --- --- --- --- --- --- --- --- --- --- --- --- --- --- --- --- --- --- --- --- --- --- --- --- --- --- --- --- --- --- --- --- --- --- --- --- --- --- --- --- --- --- --- --- --- --- --- --- --- --- --- --- --- --- --- --- --- --- --- --- --- --- --- --- --- --- --- 
mikatae                                    ATG GGG TGT ACA ATC AGC ACA CAA ACA CTG GAT GAC GAA AGC GAT CCG TTT TTA CAG AAC AAA AGA GCT AAT GAT GTC ATC GAG CAA TCG TTG CAG CTA GAA AAA CAA CGT GAC AAA AAT GAG ATA AAA TTG CTT CTA TTA GGT GCA GGT GAA TCA GGT AAA TCG ACT GTT TTA AAA CAG TTG AAA TTA TTA CAT CAA GGC GGG TTT TCC CAC CAA GAA AGG TTA CAA TAC GCC CAA GTG ATA TGG GCA GAT GCC ATA CAG TCA ATG AAA ATC TTG ATT ATT CAG GCC AGA AAA CTA GGT ATT CAA CTC GAC TGT GAT GAT CCA ATC AAC AAT AAA GAT TTG TTT GCA TGC AAG AGA ATA ATA TTA AAG GCT AAA GCT TTA GAT TAT ATC AAC GCC AGT GTT GCT GGC GGC TCT GAA TTT TTG AAT GAT TAT GTG TTG AAG TAT TCT GAA AGG --- TAT GAA ATT AAG AGA CGT GTT CAG AGT ACT GGG CGA GCA AAA GCT GCT TTC GAT GAG GAC AGA GAT ATT TCC AAT AAC AGA AGT GGT GTT GAC AAT GAT GCG GAC ACA GTG GCA CAA AAT GGG GAT TGT GAT AAA AAC AAC AGT AGC AGA CTT GAT CTA CAG GAC ATT TGC AAA GAT TTG AAC CAA GAA GGT GAT GAC CAA ATG TTT GTT AAG AAG ACT TCA AGG GGA ATT CAG GGA CCG AAT AGA CGA AAT TTT ATT CAC AAT GAC ATT GCT AAG GCG ATA AAG CAA CTT TGG AAT AAC GAC AAG GGT ATC AAG CAG TGT TTT GCA CGT TCC AAT GAA TTT CAA TTG GAG GGC TCT GCT GCA TAT TAT TTT GAC AAT ATC GAA AAA TTT GCT AGC CCG AAT TAT ATC TGT ACA GAT GAG GAC ATC TTA AAG GGC CGC ATA AAA ACC ACA GGA ATT ACA GAG ACA GAA TTT AAC ATT GGT TCA TCC AAA TTT AAG GTT CTT GAC GCG GGT GGA CAG CGT TCT GAA CGT AAG AAA TGG ATT CAC TGC TTC GAA GGA ATT ACT GCA GTT TTA TTT GTT TTA GCG ATG AGT GAG TAT GAT CAA ATG TTG TTT GAA GAT GAA AGA GTC AAC AGA ATG CAT GAA TCA ATA ATG TTA TTT GAC ACA TTA TTG AAT TCC AAG TGG TTC AAA GAC ACA CCG TTT ATT CTA TTT TTA AAC AAG ATC GAT TTG TTC GAA GAA AAA GTG AAA AGC ATG CCC ATA AGG AAA TAT TTC CCT GAT TAT CAA GGC CGT GTG GGC GAT GCA GAA GCA GGA TTG AGA TAC TTC GAG AAG ATA TTT TTA AGC TTG AAT AAG ACA AAC AAA CCA ATT TAT GTG AAG CGA ACA TGC GCC ACC GAT ACC CAA AAC ATG AAA TTT GTA TTA AGC GCA GTC ACC GAT CTA ATC ATT CAG CAA AAC CTA AAA AAA AGT GGT ATT ATA 
kluyveri                                   --- --- --- --- --- --- --- --- --- --- --- --- --- --- --- --- --- --- --- --- --- --- --- --- --- --- --- --- --- --- --- --- --- --- --- --- --- --- --- --- --- --- --- ATG TCT TTC CTA GGT TTC GGT --- --- GGT --- CAA CCA CAA CTA TCC TCT CAA CAA AAA ATC TCA GCT GCT --- --- --- --- GAA GCT GAA CTA GAT TTG GTC ACC GAC ATG TTT AAC AAG TTG GTT GAC --- --- --- --- --- --- --- --- --- --- --- --- --- --- --- --- AAC TGT CAC AAG --- --- --- --- --- --- --- --- AAA TGT ATT CAA TTA TCG TAC AGC GAA GGC GAG CTG AAC --- --- --- --- --- --- AAA AAT GAA AGC TCT TGT ATT GAT AGA TGT GTT GCC AAA TAC TTT GAA ACA AAT GTC AAG GTT GGT GAA AAT ATG CAA CAG TTG GGC --- --- --- CAA GCT TTC TCT --- CCT GGT AGA GTG --- --- --- --- --- --- --- --- --- --- --- --- --- --- --- --- --- --- --- --- --- --- --- --- --- --- --- --- --- --- --- --- --- --- --- --- --- --- --- --- --- --- --- --- --- --- --- --- --- --- --- --- --- --- --- --- --- --- --- --- --- --- --- --- --- --- --- --- --- --- --- --- --- --- --- --- --- --- --- --- --- --- --- --- --- --- --- --- --- --- --- --- --- --- --- --- --- --- --- --- --- --- --- --- --- --- --- --- --- --- --- --- --- --- --- --- --- --- --- --- --- --- --- --- --- --- --- --- --- --- --- --- --- --- --- --- --- --- --- --- --- --- --- --- --- --- --- --- --- --- --- --- --- --- --- --- --- --- --- --- --- --- --- --- --- --- --- --- --- --- --- --- --- --- --- --- --- --- --- --- --- --- --- --- --- --- --- --- --- --- --- --- --- --- --- --- --- --- --- --- --- --- --- --- --- --- --- --- --- --- --- --- --- --- --- --- --- --- --- --- --- --- --- --- --- --- --- --- --- --- --- --- --- --- --- --- --- --- --- --- --- --- --- --- --- --- --- --- --- --- --- --- --- --- --- --- --- --- --- --- --- --- --- --- --- --- --- --- --- --- --- --- --- --- --- --- --- --- --- --- --- --- --- --- --- --- --- --- --- --- --- --- --- --- --- --- --- --- 
cerevisiae                                 ATG GGG TGT ACA GTG AGT ACG CAA ACA ATA GGA GAC GAA AGT GAT CCT TTT CTA CAG AAC AAA AGA GCC AAT GAT GTC ATC GAG CAA TCG TTG CAG CTG GAG AAA CAA CGT GAC AAG AAT GAA ATA AAA CTG TTA CTA TTA GGT GCC GGT GAG TCA GGT AAA TCA ACG GTT TTA AAA CAA TTA AAA TTA TTA CAT CAA GGC GGT TTC TCC CAT CAA GAA AGG TTA CAG TAT GCT CAA GTG ATA TGG GCA GAT GCC ATA CAA TCA ATG AAA ATT TTG ATT ATT CAG GCC AGA AAA CTA GGT ATT CAA CTT GAC TGT GAT GAT CCG ATC AAC AAT AAA GAT TTG TTT GCA TGC AAG AGA ATA CTG CTA AAG GCT AAA GCT TTA GAT TAT ATC AAC GCC AGT GTT GCC GGT GGT TCT GAT TTT CTA AAT GAT TAT GTA CTG AAG TAC TCA GAA AGG --- TAT GAA ACT AGG AGG CGT GTT CAG AGT ACC GGA CGA GCA AAA GCT GCT TTC GAT GAA GAC GGA AAT ATT TCT AAT GTC AAA AGT GAC ACT GAC AGA GAT GCT GAA ACG GTG ACG CAA AAT GAG GAT GCT GAT AGA AAC AAC AGT AGT AGA ATT AAC CTA CAG GAT ATT TGC AAG GAC TTG AAC CAA GAA GGC GAT GAC CAG ATG TTT GTT AGA AAA ACA TCA AGG GAA ATT CAA GGA CAA AAT AGA CGA AAT CTT ATT CAC GAA GAC ATT GCT AAG GCA ATA AAG CAA CTT TGG AAT AAC GAC AAA GGT ATA AAG CAG TGT TTT GCA CGT TCT AAT GAG TTT CAA TTG GAG GGC TCA GCT GCA TAC TAC TTT GAT AAC ATT GAG AAA TTT GCT AGT CCG AAT TAT GTC TGT ACG GAT GAA GAC ATT TTG AAG GGC CGT ATA AAG ACT ACA GGC ATT ACA GAA ACC GAA TTT AAC ATC GGC TCG TCC AAA TTC AAG GTT CTC GAC GCT GGT GGG CAG CGT TCT GAA CGT AAG AAG TGG ATT CAT TGT TTC GAA GGA ATT ACA GCA GTT TTA TTT GTT TTA GCA ATG AGT GAA TAC GAC CAG ATG TTG TTT GAG GAT GAA AGA GTG AAC AGA ATG CAT GAA TCA ATA ATG CTA TTT GAC ACG TTA TTG AAC TCT AAG TGG TTC AAA GAT ACA CCG TTT ATT TTG TTT TTA AAT AAA ATT GAT TTG TTC GAG GAA AAG GTA AAA AGC ATG CCC ATA AGA AAG TAC TTT CCT GAT TAC CAG GGA CGT GTC GGC GAT GCA GAA GCG GGT CTA AAA TAT TTT GAG AAG ATA TTT TTG AGC TTG AAT AAG ACA AAC AAA CCA ATC TAC GTG AAA CGA ACC TGC GCT ACC GAT ACC CAA ACT ATG AAG TTC GTA TTG AGT GCA GTC ACC GAT CTA ATC ATC CAG CAA AAC CTT AAA AAA ATT GGT ATT ATA 
paradoxus                                  --- --- --- --- --- --- --- --- --- --- --- --- --- --- --- --- --- --- --- --- --- --- --- --- --- --- --- --- --- --- --- --- --- --- --- --- --- --- --- --- --- --- --- ATG TCT TTC CTG GGT TTT GGT --- --- GGC GGT CAG CCT CAA TTA TCA TCT CAG CAA AAG ATT CAA GCT GCG --- --- --- --- GAG GCT GAA TTG GAT TTA GTC ACT GAT ATG TTT AAT AAG TTG GTT AAT --- --- --- --- --- --- --- --- --- --- --- --- --- --- --- --- AAT TGT TAT AAA --- --- --- --- --- --- --- --- AAA TGT ATC AAT ACT TCT TAC TCC GAG GGT GAA CTG AAT --- --- --- --- --- --- AAG AAT GAA TCT TCG TGC CTA GAC AGA TGT GTG GCC AAA TAC TTC GAA ACC AAT GTA CAA GTT GGT GAA AAT ATG CAG AAA ATG GGC --- --- --- CAG TCA TTT AAC GCA GCC GGC AAG TTT --- --- --- --- --- --- --- --- --- --- --- --- --- --- --- --- --- --- --- --- --- --- --- --- --- --- --- --- --- --- --- --- --- --- --- --- --- --- --- --- --- --- --- --- --- --- --- --- --- --- --- --- --- --- --- --- --- --- --- --- --- --- --- --- --- --- --- --- --- --- --- --- --- --- --- --- --- --- --- --- --- --- --- --- --- --- --- --- --- --- --- --- --- --- --- --- --- --- --- --- --- --- --- --- --- --- --- --- --- --- --- --- --- --- --- --- --- --- --- --- --- --- --- --- --- --- --- --- --- --- --- --- --- --- --- --- --- --- --- --- --- --- --- --- --- --- --- --- --- --- --- --- --- --- --- --- --- --- --- --- --- --- --- --- --- --- --- --- --- --- --- --- --- --- --- --- --- --- --- --- --- --- --- --- --- --- --- --- --- --- --- --- --- --- --- --- --- --- --- --- --- --- --- --- --- --- --- --- --- --- --- --- --- --- --- --- --- --- --- --- --- --- --- --- --- --- --- --- --- --- --- --- --- --- --- --- --- --- --- --- --- --- --- --- --- --- --- --- --- --- --- --- --- --- --- --- --- --- --- --- --- --- --- --- --- --- --- --- --- --- --- --- --- --- --- --- --- --- --- --- --- --- --- --- --- --- --- --- --- --- --- --- --- --- --- --- --- --- 
kudriavzevii                               --- --- --- --- --- --- --- --- --- --- --- --- --- --- --- --- --- --- --- --- --- --- --- --- --- --- --- --- --- --- --- --- --- --- --- --- --- --- --- --- --- --- --- ATG TCT TTC CTA GGA TTT GGC --- --- GGT GGT CAA CCT CAA TTA TCA TCT CAG CAA AAG ATT CAA GCT GCA --- --- --- --- GAG GCT GAA TTG GAT TTA GTT ACT GAT ATG TTC AAT AAG TTG GTC AAT --- --- --- --- --- --- --- --- --- --- --- --- --- --- --- --- AAC TGC TAT ATG --- --- --- --- --- --- --- --- AAG TGT ATC AAC ACT TCT TAC TCT GAA GGC GAA TTG AAT --- --- --- --- --- --- AAG AAT GAA TCT TCG TGC TTA GAT AGG TGT GTG GCC AAA TAT TTT GAA ACT AAT GTT CAA GTT GGC GAA AAT ATG CAA AAA ATG GGC --- --- --- CAA TCA TTT AAC ACA GCA GGT AAG TTT --- --- --- --- --- --- --- --- --- --- --- --- --- --- --- --- --- --- --- --- --- --- --- --- --- --- --- --- --- --- --- --- --- --- --- --- --- --- --- --- --- --- --- --- --- --- --- --- --- --- --- --- --- --- --- --- --- --- --- --- --- --- --- --- --- --- --- --- --- --- --- --- --- --- --- --- --- --- --- --- --- --- --- --- --- --- --- --- --- --- --- --- --- --- --- --- --- --- --- --- --- --- --- --- --- --- --- --- --- --- --- --- --- --- --- --- --- --- --- --- --- --- --- --- --- --- --- --- --- --- --- --- --- --- --- --- --- --- --- --- --- --- --- --- --- --- --- --- --- --- --- --- --- --- --- --- --- --- --- --- --- --- --- --- --- --- --- --- --- --- --- --- --- --- --- --- --- --- --- --- --- --- --- --- --- --- --- --- --- --- --- --- --- --- --- --- --- --- --- --- --- --- --- --- --- --- --- --- --- --- --- --- --- --- --- --- --- --- --- --- --- --- --- --- --- --- --- --- --- --- --- --- --- --- --- --- --- --- --- --- --- --- --- --- --- --- --- --- --- --- --- --- --- --- --- --- --- --- --- --- --- --- --- --- --- --- --- --- --- --- --- --- --- --- --- --- --- --- --- --- --- --- --- --- --- --- --- --- --- --- --- --- --- --- --- --- --- --- 



Printing out site pattern counts


         7        669  P G
G 2        1    222

castellii                                   --- --- --- --- --- --- --- --- --- --- --- --- --- --- --- --- --- --- --- --- --- --- --- --- --- --- --- --- --- --- --- --- --- --- --- --- --- --- --- --- --- --- --- --- --- --- --- --- --- --- --- --- --- --- --- --- --- --- --- --- --- --- --- --- --- --- --- --- --- --- --- --- --- --- --- --- --- --- --- --- --- --- --- --- --- --- --- --- --- --- --- --- --- --- --- --- --- --- --- --- --- --- --- --- --- --- --- --- --- --- --- --- --- --- --- --- --- --- --- --- --- --- --- --- --- --- --- --- --- --- AAA AAA AAA AAA AAA AAC AAC AAC AAC AAC AAG AAG AAG AAG AAT AAT AAT AAT AAT ACA ACA ACA ACC ACG ACG AGA ATC ATG ATG ATG ATG ATT CAA CAA CAA CAA CAG CAG CAG CAG CCA CTA CTA GAA GAA GAA GAA GAC GAC GAG GAG GAT GAT GAT GCA GCG GCT GCT GGA GGA GGA GGT GGT GGT GGT GGT GGT GTA GTC GTG GTG GTT TAC TAC TAT TCG TCT TCT TGC TGC TGT TGT TTA TTA TTC TTC TTG TTG TTG TTG TTT TTT TTT
bayanus                                     --- --- --- --- --- --- --- --- --- --- --- --- --- --- --- --- --- --- --- --- --- --- --- --- --- --- --- --- --- --- --- --- --- --- --- --- --- --- --- --- --- --- --- --- --- --- --- --- --- --- --- --- --- --- --- --- --- --- --- --- --- --- --- --- --- --- --- --- --- --- --- --- --- --- --- --- --- --- --- --- --- --- --- --- --- --- --- --- --- --- --- --- --- --- --- --- --- --- --- --- --- --- --- --- --- --- --- --- --- --- --- --- --- --- --- --- --- --- --- --- --- --- --- --- --- --- --- --- --- --- AAA AAA AAA AAG CAG AAC AAC AAT ACG CAG AAA AAG AAG ACT AAT AAT AAT AAT ACC GCT TCA TCT ACT ACT TCC AGA ATC ATG ATG ATG ATG ATT AAG CAA CAA GAG CAA CAA CAA CAG CCT CTA TTG GAA GAA GAA GAA AAC GAT GAA GAG AAC GAC GAT GCT GCG ACG GCT GGA GGC GGT GCA GGC GGC GGT GGT GGT GTG GTT GTT GTT GTC TAC TAT TAC TCT TCC TCT TGC TGT TGT TGT TTC TTC TTA TTC TTA TTA TTA TTG TTT TTT TTT
mikatae                                     ATG AAA AAA AAA AAC AAC AAC AAC AAG AAG AAG AAT AAT AAT AAT ACA ACA ACA ACC ACC ACT AGA AGA AGC AGC AGG AGG AGT AGT ATA ATC ATC ATC ATC ATC ATG ATT ATT CAA CAA CAC CAC CAG CAG CAT CCA CCA CCC CCG CCG CCG CCT CGA CGC CGT CTA CTA CTA CTA CTC CTG CTT CTT CTT GAA GAA GAC GAC GAC GAG GAG GAT GAT GAT GAT GCA GCA GCA GCC GCC GCG GCG GCT GCT GGA GGA GGA GGA GGA GGC GGC GGG GGG GGG GGT GGT GGT GTA GTC GTC GTG GTG GTG GTT GTT TAC TAT TAT TCA TCA TCC TCC TCG TCT TCT TGC TGC TGG TGT TGT TTA TTA TTA TTC TTC TTG TTG TTT TTT TTT AAG GAT GCA GAT GAA GAC GAT GCA GAA TTG AGT GCT TTA ATA --- AGA CGT GAT AAG GAA AAA ATA CAA AGG GCT GAT AAG ACT ATA GTT TTG TTA GAT GCT TCG GCT AAA CAG CAT GTT ACT TTA TTA AGA AGG GAA GGC GGC CAA GCT CAA CAG AAT GTG TTG GGC GAG CAA GGT GGT AAA GAC GGG GGT AAA AAG AGA GTG GCC ATA TAT ATT TAT GAT TTA CTT CAG TCT TTT TAT TGC TGT CTA GCA TTA TGG TAC TTA TTG GCC ATT TCT TTC
kluyveri                                    --- --- --- --- --- --- --- --- --- --- --- --- --- --- --- --- --- --- --- --- --- --- --- --- --- --- --- --- --- --- --- --- --- --- --- --- --- --- --- --- --- --- --- --- --- --- --- --- --- --- --- --- --- --- --- --- --- --- --- --- --- --- --- --- --- --- --- --- --- --- --- --- --- --- --- --- --- --- --- --- --- --- --- --- --- --- --- --- --- --- --- --- --- --- --- --- --- --- --- --- --- --- --- --- --- --- --- --- --- --- --- --- --- --- --- --- --- --- --- --- --- --- --- --- --- --- --- --- --- --- AAA AGA AAA AAG AAG AAC TCT AAC TCT CAA CAG AAA AAA TTA AAT CAA AAT AAC AGC GCT TCC TCG ACC ACA GCT AGA ATT TTG ATG ATG ATG ATC AAG CAA CAA GAA CAA CAA TCA CAA CCA CTG CTA GAA GAA GAA GAA AAT GAT GAG GAA GAC GAT GAC GCC GCT --- GCT GGT GGT GGC CCT GGC GGT --- GGT GGT GTT GTC GTT GTC GTT TAC CAC TAC TCT TCT AGC TGT TGT TGT TGT TTC TTC CTA TTT TTG CTA ATT TTG GTG TTT TTC
cerevisiae                                  ATG AAA AAG AGA AAC AAT ACT GTC AAA AAG AGA AAC AAT AGA GAA ACA ACC ACG ACC ACT ACA AAA AGA AGC AGT AGA AGG AGT ATT ATA ATA ATC ATT GTC GTG ATG ATC ATT CAA CAG CAC CAT CAA CAG CAT CCA CCG CCC CAA CCG CCT CCT CGA CGT CGT CTA CTG CTT TTG CTT ATA ATT CTC CTT GAA GAG GAA GAC GAT GAA GAG AAC GAC GAT GGA ACG GCA GCG GCC GCT GCA GCT GCC GCT GAA GGA GGC GGG GGT GGA GGC GAG GGG GGT GAC GGC GGT GTA GTC GTG GTA GTC GTG ACT GTT TAT TAC TAT TCA TCG TCC TCT TCG TCA TCT TGC TGT TGG GCT TGT CTA TTA TTG TTC TTT CTA TTG CTT TTC TTT AAG AAT GCA GAT GAA GAC GAT GCA GAT TTA AGT GCC TTA ATA --- AGA CGT GAT AAG GAA AAA CTG CAA AGG GCT GAT AAG ACC ATA GTT CTG TTA GAT GCT TCA GCT AAA CAG CAT GTT ACG TTA TTA AGG AGG GAA GGT GGT CAG GCT CAA CAA AAT GTG CTG GGC GAA CAA GGT GGT AAA GAC GGA GGT AAA AGG GGA GTA GCT ATA TAT ACT TAC GAT CTA TTA CAA TCT TTT TAT TGC TGT CTA GCC TTA TGG TAT TTA CTA GCC ATT TCA TTC
paradoxus                                   --- --- --- --- --- --- --- --- --- --- --- --- --- --- --- --- --- --- --- --- --- --- --- --- --- --- --- --- --- --- --- --- --- --- --- --- --- --- --- --- --- --- --- --- --- --- --- --- --- --- --- --- --- --- --- --- --- --- --- --- --- --- --- --- --- --- --- --- --- --- --- --- --- --- --- --- --- --- --- --- --- --- --- --- --- --- --- --- --- --- --- --- --- --- --- --- --- --- --- --- --- --- --- --- --- --- --- --- --- --- --- --- --- --- --- --- --- --- --- --- --- --- --- --- --- --- --- --- --- --- AAA AAG AAA AAG CAA AAT AAC AAT TCG CAG AAA AAG AAG ACT AAT AAT AAT AAT TCC GCT TCA TCT ACT ACC TCA AGA ATC ATG ATG ATG ATG ATT AAA CAG CAG GAG CAA CAG CAA CAA CCT CTG TTG GAA GAA GAA GAA AAT GAT GAA GAG AAT GAC GAT GCC GCG GCA GCT GGT GGT GGT GCC GGC GGC GGT GGT GGC GTG GTC GTT GTA GTT TAC TAT TAC TCT TCT TCT TGC TGT TGT TGT TTC TTT CTG TTT TTA TTA CTA TTG TTT TTC TTT
kudriavzevii                                --- --- --- --- --- --- --- --- --- --- --- --- --- --- --- --- --- --- --- --- --- --- --- --- --- --- --- --- --- --- --- --- --- --- --- --- --- --- --- --- --- --- --- --- --- --- --- --- --- --- --- --- --- --- --- --- --- --- --- --- --- --- --- --- --- --- --- --- --- --- --- --- --- --- --- --- --- --- --- --- --- --- --- --- --- --- --- --- --- --- --- --- --- --- --- --- --- --- --- --- --- --- --- --- --- --- --- --- --- --- --- --- --- --- --- --- --- --- --- --- --- --- --- --- --- --- --- --- --- --- AAA AAG AAG AAG CAA AAC AAC AAT TCG CAG AAA AAG AAG ACT AAT AAC AAT AAT TCT GCT TCA TCT ACT ACT TCA AGG ATC ATG ATG ATG ATG ATT ATG CAA CAA GAA CAA CAA CAA CAA CCT TTG TTG GAA GAA GAA GAA AAT GAT GAA GAG AAT GAT GAT GCC GCA ACA GCT GGA GGC GGC GCA GGC GGT GGT GGC GGT GTG GTT GTC GTT GTT TAT TAT TAC TCT TCT TCT TGC TGT TGT TGC TTC TTT CTA TTC TTA TTA TTA TTG TTT TTT TTT



    1   14    7    1   11    1    1    1    4    9    1    2   11    1    1
    6    2    4    3    1    2    2    6    2    5    1    1    4    1    7
    1    4    4    1    1    8    3   12   10    3    1    2    1    7    1
    1    1    1    1    2    1    1    3    1    5    3    1    1    1    1
    1    1    1    1    9    6    1    9    3    4    3    1    2   14    1
    1    6    1    2    1    2    2    1    3    1    2    1    1    1    1
    3    1    1    1    1    2    4    1    2    1    1    1    2    1    5
    1    6    2    4    1    2    3    1    1    1    2    1    3    1    3
    2    4    3    3    2    1    9    1    3   14    1    1    1    1    1
    1    1    1    1    1    1    1    1    1    1    1    1    1    1    1
    1    1    1    1    1    1    1    1    1    1    1    1    1    1    1
    1    1    1    1    1    1    1    1    1    1    1    1    1    1    1
    1    1    1    1    1    1    1    1    1    1    1    1    1    1    1
    1    1    1    1    1    1    1    1    1    1    1    1    1    1    1
    1    1    1    1    1    1    1    1    1    1    1    1    1

CODONML (in paml version 4.4b, July 2010)  torun.nuc
Model: One dN/dS ratio for branches Global clock  (2 genes: diff. rate & k&w)  
Codon frequency model: F3x4
ns =   7  ls = 473

Codon usage in sequences
--------------------------------------------------------------------------------------------------------------
Phe TTT  3  3 19  2 17  4 | Ser TCT  2  3  4  4  5  4 | Tyr TAT  1  1 11  0  6  1 | Cys TGT  2  3  5  4  5  3
    TTC  2  3  6  3  7  2 |     TCC  0  2  5  1  2  1 |     TAC  2  2  2  2  7  2 |     TGC  2  1  4  0  3  1
Leu TTA  2  4 16  1 12  2 |     TCA  0  1  5  1  7  2 | *** TAA  0  0  0  0  0  0 | *** TGA  0  0  0  0  0  0
    TTG  4  2 14  3 13  2 |     TCG  1  0  2  1  2  1 |     TAG  0  0  0  0  0  0 | Trp TGG  0  0  4  0  4  0
--------------------------------------------------------------------------------------------------------------
Leu CTT  0  0  4  0  4  0 | Pro CCT  0  1  1  1  2  1 | His CAT  0  0  2  0  4  0 | Arg CGT  0  0  6  0  7  0
    CTC  0  0  1  0  1  0 |     CCC  0  0  1  0  1  0 |     CAC  0  0  3  1  1  0 |     CGC  0  0  1  0  0  0
    CTA  2  1  7  3  9  1 |     CCA  1  0  2  1  1  0 | Gln CAA  4  5 17  7 17  4 |     CGA  0  0  3  0  3  0
    CTG  0  0  1  1  4  2 |     CCG  0  0  4  0  3  0 |     CAG  4  3 11  1 12  4 |     CGG  0  0  0  0  0  0
--------------------------------------------------------------------------------------------------------------
Ile ATT  1  1 17  2 19  1 | Thr ACT  0  3  4  0  4  2 | Asn AAT  5  5 16  3 14  8 | Ser AGT  0  0  6  0 10  0
    ATC  1  1 11  1  7  1 |     ACC  1  1  4  1  6  1 |     AAC  5  4 14  3 14  1 |     AGC  0  0  7  2  2  0
    ATA  0  0 11  0 12  0 |     ACA  3  0 12  1  8  0 | Lys AAA  5  4 26  4 24  4 | Arg AGA  1  1 11  2 11  1
Met ATG  4  4  9  3  9  4 |     ACG  2  2  0  0  6  0 |     AAG  4  4 18  3 19  4 |     AGG  0  0  4  0  5  0
--------------------------------------------------------------------------------------------------------------
Val GTT  1  3  8  3  7  2 | Ala GCT  2  3  9  4 12  2 | Asp GAT  3  2 25  2 24  2 | Gly GGT  6  4 10  5 11  5
    GTC  1  1  3  2  5  1 |     GCC  0  0  5  1  6  2 |     GAC  2  1 15  2 14  1 |     GGC  0  3  7  2  7  3
    GTA  1  0  1  0  3  1 |     GCA  1  1 11  0 10  1 | Glu GAA  4  5 19  6 20  5 |     GGA  3  1  6  0  6  0
    GTG  2  1  6  1  5  1 |     GCG  1  1  4  0  1  1 |     GAG  2  2  8  1 10  2 |     GGG  0  0  4  0  2  0
--------------------------------------------------------------------------------------------------------------

--------------------------------------------------
Phe TTT  4 | Ser TCT  5 | Tyr TAT  2 | Cys TGT  2
    TTC  2 |     TCC  0 |     TAC  1 |     TGC  2
Leu TTA  3 |     TCA  2 | *** TAA  0 | *** TGA  0
    TTG  3 |     TCG  1 |     TAG  0 | Trp TGG  0
--------------------------------------------------
Leu CTT  0 | Pro CCT  1 | His CAT  0 | Arg CGT  0
    CTC  0 |     CCC  0 |     CAC  0 |     CGC  0
    CTA  1 |     CCA  0 | Gln CAA  7 |     CGA  0
    CTG  0 |     CCG  0 |     CAG  1 |     CGG  0
--------------------------------------------------
Ile ATT  1 | Thr ACT  3 | Asn AAT  6 | Ser AGT  0
    ATC  1 |     ACC  0 |     AAC  3 |     AGC  0
    ATA  0 |     ACA  1 | Lys AAA  2 | Arg AGA  0
Met ATG  5 |     ACG  0 |     AAG  5 |     AGG  1
--------------------------------------------------
Val GTT  3 | Ala GCT  2 | Asp GAT  3 | Gly GGT  3
    GTC  1 |     GCC  1 |     GAC  0 |     GGC  4
    GTA  0 |     GCA  2 | Glu GAA  6 |     GGA  1
    GTG  1 |     GCG  0 |     GAG  1 |     GGG  0
--------------------------------------------------

Codon position x base (3x4) table for each sequence.

#1: castellii      
position  1:    T:0.22581    C:0.11828    A:0.34409    G:0.31183
position  2:    T:0.25806    C:0.15054    A:0.44086    G:0.15054
position  3:    T:0.27957    C:0.17204    A:0.29032    G:0.25806
Average         T:0.25448    C:0.14695    A:0.35842    G:0.24014

#2: bayanus        
position  1:    T:0.26882    C:0.10753    A:0.32258    G:0.30108
position  2:    T:0.25806    C:0.19355    A:0.40860    G:0.13978
position  3:    T:0.34409    C:0.20430    A:0.24731    G:0.20430
Average         T:0.29032    C:0.16846    A:0.32616    G:0.21505

#3: mikatae        
position  1:    T:0.20551    C:0.13559    A:0.36017    G:0.29873
position  2:    T:0.28390    C:0.15466    A:0.39619    G:0.16525
position  3:    T:0.31144    C:0.18856    A:0.31144    G:0.18856
Average         T:0.26695    C:0.15960    A:0.35593    G:0.21751

#4: kluyveri       
position  1:    T:0.24176    C:0.16484    A:0.27473    G:0.31868
position  2:    T:0.27473    C:0.17582    A:0.38462    G:0.16484
position  3:    T:0.32967    C:0.23077    A:0.28571    G:0.15385
Average         T:0.28205    C:0.19048    A:0.31502    G:0.21245

#5: cerevisiae     
position  1:    T:0.19068    C:0.14619    A:0.36017    G:0.30297
position  2:    T:0.28390    C:0.16102    A:0.39407    G:0.16102
position  3:    T:0.31992    C:0.17585    A:0.30297    G:0.20127
Average         T:0.26483    C:0.16102    A:0.35240    G:0.22175

#6: paradoxus      
position  1:    T:0.26882    C:0.12903    A:0.29032    G:0.31183
position  2:    T:0.25806    C:0.19355    A:0.40860    G:0.13978
position  3:    T:0.37634    C:0.17204    A:0.22581    G:0.22581
Average         T:0.30108    C:0.16487    A:0.30824    G:0.22581

#7: kudriavzevii   
position  1:    T:0.29032    C:0.10753    A:0.30108    G:0.30108
position  2:    T:0.26882    C:0.19355    A:0.39785    G:0.13978
position  3:    T:0.37634    C:0.16129    A:0.26882    G:0.19355
Average         T:0.31183    C:0.15412    A:0.32258    G:0.21147

Codon usage in genes
--------------------------------------------------------------
Phe TTT  0 52 | Ser TCT  0 27 | Tyr TAT  0 22 | Cys TGT  0 24
    TTC  0 25 |     TCC  0 11 |     TAC  0 18 |     TGC  0 13
Leu TTA  0 40 |     TCA  0 18 | *** TAA  0  0 | *** TGA  0  0
    TTG  0 41 |     TCG  0  8 |     TAG  0  0 | Trp TGG  0  8
--------------------------------------------------------------
Leu CTT  0  8 | Pro CCT  0  7 | His CAT  0  6 | Arg CGT  0 13
    CTC  0  2 |     CCC  0  2 |     CAC  0  5 |     CGC  0  1
    CTA  0 24 |     CCA  0  5 | Gln CAA  0 61 |     CGA  0  6
    CTG  0  8 |     CCG  0  7 |     CAG  0 36 |     CGG  0  0
--------------------------------------------------------------
Ile ATT  0 42 | Thr ACT  0 16 | Asn AAT  0 57 | Ser AGT  0 16
    ATC  0 23 |     ACC  0 14 |     AAC  0 44 |     AGC  0 11
    ATA  0 23 |     ACA  0 25 | Lys AAA  0 69 | Arg AGA  0 27
Met ATG  2 36 |     ACG  0 10 |     AAG  0 57 |     AGG  0 10
--------------------------------------------------------------
Val GTT  0 27 | Ala GCT  0 34 | Asp GAT  0 61 | Gly GGT  0 44
    GTC  0 14 |     GCC  0 15 |     GAC  0 35 |     GGC  0 26
    GTA  0  6 |     GCA  0 26 | Glu GAA  0 65 |     GGA  0 17
    GTG  0 17 |     GCG  0  8 |     GAG  0 26 |     GGG  0  6
--------------------------------------------------------------

Codon position x base (3x4) table for each gene.


Gene #1
position  1:    T:0.00000    C:0.00000    A:1.00000    G:0.00000
position  2:    T:1.00000    C:0.00000    A:0.00000    G:0.00000
position  3:    T:0.00000    C:0.00000    A:0.00000    G:1.00000
Average         T:0.33333    C:0.00000    A:0.33333    G:0.33333

Gene #2
position  1:    T:0.21851    C:0.13594    A:0.34164    G:0.30391
position  2:    T:0.27616    C:0.16584    A:0.40000    G:0.15801
position  3:    T:0.32456    C:0.18434    A:0.29324    G:0.19786
Average         T:0.27307    C:0.16204    A:0.34496    G:0.21993

Sums of codon usage counts
------------------------------------------------------------------------------
Phe F TTT      52 | Ser S TCT      27 | Tyr Y TAT      22 | Cys C TGT      24
      TTC      25 |       TCC      11 |       TAC      18 |       TGC      13
Leu L TTA      40 |       TCA      18 | *** * TAA       0 | *** * TGA       0
      TTG      41 |       TCG       8 |       TAG       0 | Trp W TGG       8
------------------------------------------------------------------------------
Leu L CTT       8 | Pro P CCT       7 | His H CAT       6 | Arg R CGT      13
      CTC       2 |       CCC       2 |       CAC       5 |       CGC       1
      CTA      24 |       CCA       5 | Gln Q CAA      61 |       CGA       6
      CTG       8 |       CCG       7 |       CAG      36 |       CGG       0
------------------------------------------------------------------------------
Ile I ATT      42 | Thr T ACT      16 | Asn N AAT      57 | Ser S AGT      16
      ATC      23 |       ACC      14 |       AAC      44 |       AGC      11
      ATA      23 |       ACA      25 | Lys K AAA      69 | Arg R AGA      27
Met M ATG      38 |       ACG      10 |       AAG      57 |       AGG      10
------------------------------------------------------------------------------
Val V GTT      27 | Ala A GCT      34 | Asp D GAT      61 | Gly G GGT      44
      GTC      14 |       GCC      15 |       GAC      35 |       GGC      26
      GTA       6 |       GCA      26 | Glu E GAA      65 |       GGA      17
      GTG      17 |       GCG       8 |       GAG      26 |       GGG       6
------------------------------------------------------------------------------

(Ambiguity data are not used in the counts.)


Codon position x base (3x4) table, overall

position  1:    T:0.21819    C:0.13575    A:0.34257    G:0.30348
position  2:    T:0.27719    C:0.16560    A:0.39943    G:0.15778
position  3:    T:0.32409    C:0.18408    A:0.29282    G:0.19900
Average         T:0.27316    C:0.16181    A:0.34494    G:0.22009


Nei & Gojobori 1986. dN/dS (dN, dS)
(Pairwise deletion)
(Note: This matrix is not used in later ML. analysis.
Use runmode = -2 for ML pairwise comparison.)

castellii           
bayanus             -1.0000 (0.0960 -1.0000)
mikatae              0.7444 (1.0796 1.4503) 0.5020 (1.1160 2.2229)
kluyveri            -1.0000 (0.1811 -1.0000)-1.0000 (0.1167 -1.0000) 0.6273 (1.3052 2.0806)
cerevisiae           0.3913 (1.0513 2.6870)-1.0000 (1.0817 -1.0000) 0.0456 (0.0347 0.7613) 0.6627 (1.2040 1.8167)
paradoxus           -1.0000 (0.1001 -1.0000) 0.0167 (0.0137 0.8189) 0.4632 (1.1236 2.4258)-1.0000 (0.1143 -1.0000) 0.2572 (1.0839 4.2148)
kudriavzevii        -1.0000 (0.1118 -1.0000) 0.0185 (0.0137 0.7402) 0.4954 (1.1522 2.3256)-1.0000 (0.1220 -1.0000)-1.0000 (1.1114 -1.0000) 0.0134 (0.0114 0.8497)


TREE #  1:  ((((((5, 6), 3), 7), 2), 1), 4);   MP score: -1
lnL(ntime:  6  np: 11):  -3949.809568      +0.000000
   8..9     9..10   10..11   11..12   12..13   13..5    13..6    12..3    11..7    10..2     9..1     8..4  
 0.209302 0.209301 0.209301 0.209301 0.088655 0.088654 6.457762 999.000000 0.000100 1.791609 0.119929
SEs for parameters:
 3425.793822 3425.781596 3425.739301 3425.780892 1451.074161 1451.060473 105698.072650 -1.000000 -1.000000 0.153991 0.016343
Note: Branch length is defined for the first gene (site partition).
For other genes, look at "rates for genes".

tree length =   1.22382 (1st gene)

((((((5: 0.088654, 6: 0.088654): 0.000000, 3: 0.088655): 0.120646, 7: 0.209301): 0.000000, 2: 0.209301): 0.000000, 1: 0.209301): 0.000000, 4: 0.209302);

((((((cerevisiae: 0.088654, paradoxus: 0.088654): 0.000000, mikatae: 0.088655): 0.120646, kudriavzevii: 0.209301): 0.000000, bayanus: 0.209301): 0.000000, castellii: 0.209301): 0.000000, kluyveri: 0.209302);

Detailed output identifying parameters

rates for 2 genes:     1  6.45776

gene # 1: kappa = 999.00000 omega =   0.00010
gene # 2: kappa =   1.79161 omega =   0.11993

Time used:  4:20
