
seed used = 1418805401
      4   1467

castellii                                  ATG TCC GCT GAT TTT GGT TTA ATC GGT TTG GCC GTC ATG GGT CAA AAC TTG ATC TTA AAT GCC GCA GAC CAC GGT TTC ACC GTC TGT GCT TAC AAC AGA ACT GTC TCC AAA GTG GAA CAT TTC CTA GCT AAC GAA GCC AAG GGT AAG TCC ATT GTT GGT GCT ACT TCT ATC GAC GAC TTT TTG TCT AAA TTG AAG AGA CCA AGA AAG GTT ATG CTT CTT GTT AAG GCT GGT GCT CCA GTT GAT GCT CTA ATT AAC GAA TTG GTC CCA CGT CTA GAA AAG GGT GAT ATT ATC ATC GAT GGT GGT AAC TCT CAT TTC CCA GAC ACC AAC AGA CGT TAC GAA GAA TTG AAG CAA AAG GGT ATC TTG TTT GTT GGT TCC GGT GTC TCT GGT GGT GAA GAT GGT GCC CGT TAC GGT CCA TCT TTG ATG CCA GGT GGT GCA GAA GAA GCT TGG CCA CAC ATT AAG GAT ATT TTC CAA TCC ATC TCC GCT AAA TCT GAT GGT GAA CCA TGT TGT GAC TGG GTC GGT CCA GCC GGT GCA GGT CAT TAC GTC AAA ATG GTC CAT AAC GGT ATT GAA TAC GGT GAC ATG CAA TTG ATT TGT GAA GCT TAT GAC ATT ATG AAG CGT GTC GGT CAT TTC ACT GAT AAG GAA ATT GGT GAT GTT TTT GAA ACC TGG AAC AAG GGT GTC TTG GAT TCT TTC CTA ATT GAA ATT ACC AGA GAT ATC TTG AAA TTC AAT GAC GTT GAT GGT AAG CCA TTG GTT GAA AAG ATT ATG GAT ACC GCT GGT CAA AAG GGT ACT GGT AAG TGG ACC GCT ATT AAT GCT CTA GAT TTG GGT ATT CCA GTC ACT TTG ATT GGT GAA GCT GTC TTC TCT CGT TGT CTA TCT GCT TTG AAG TCT GAA AGA ATT AGA GCT TCC AAG ACT CTA TTG GGT CCA GAA GTT CCA AAG GAT TTG ATT AAG GAT AAG AAG CAA TTT GTT GAC GAT TTG GAA CAA GCC TTA TAC GCT TCC AAA ATT ATG TCC TAC GCT CAA GGT TTC ATG TTA ATC CGT GAA GCT GGT AAG ACT TAT GGT TGG AAA CTA AAC AAC CCA GCT ATT GCC TTG ATG TGG AGA GGT GGT TGT ATT ATT AGA TCC GTC TTC TTG GGT GAA ATT ACC AAG GCT TAC AGA GAA GAT CCA GAA CTA GAA AAT CTA TTA TTC AAC AAG TTC TTC TCC GAT GCT GTC ACT AAG GCT CAA ACC GGT TGG AGA AAG TCC ATT GCT TTG GCT ACC ACT TAC GGT ATC CCA ACC CCA GCA TTC TCC ACT GCT TTG GCC TTC TAC GAT GGT TAC AGA TCT GAA AGA TTA CCA GCT AAC TTG CTA CAA GCT CAA AGA GAT TAC TTC GGT GCT CAC ACT TTC AGA GTC TTG CCA GAA TGT GCC TCT GAC AAC TTG CCA TTA GAC AAG GAT ATC CAC ATT AAC TGG ACC GGT CAC GGT GGT AAC GTT TCT TCT TCT ACT TAC CAA GCT 
bayanus                                    ATG TCT GCT GAT TTC GGT TTG ATT GGT TTG GCC GTC ATG GGT CAA AAC TTG ATC TTA AAC GCT GCT GAT CAC GGT TTC ACT GTT TGT GCT TAC AAC AGA ACT CAA TCC AAG GTT GAC CAT TTC TTG GCT AAC GAA GCC AAA GGT AAG TCT ATC ATT GGT GCT ACT TCC ATT CAA GAT TTC ATT TCC AAG TTG AAG AGA CCT AGA AAG GTC ATG CTT TTG GTT AAA GCC GGT GCT CCA GTC GAC GCC TTG ATC AAG GAA ATT GTT CCA CTT TTG GAA AAG GGC GAC ATC ATC ATC GAT GGT GGT AAC TCC CAT TTC CCA GAC TCT AAC AGA CGT TAC GAA GAA TTG AAG AAG CAC GGT ATT CTT TTC GTC GGT TCC GGT GTC TCT GGT GGT GAA GAT GGT GCC CGT TAT GGT CCA TCT TTG ATG CCA GGT GGT TCT GAA GAA GCT TGG CCA CAC ATC AAG AAC ATC TTC CAA TCT ATC TCC GCA AAG TCT GAT GGT GAA CCA TGT TGT GAA TGG GTC GGC CCA GCT GGT GCC GGT CAC TAC GTC AAA ATG GTC CAC AAC GGT ATC GAA TAT GGT GAC ATG CAA TTG ATT TGT GAA GCT TAC GAT ATC ATG AAG AGA TTG GGT GGA TTC ACT GAC AAA GAA ATC AGT GAA GTT TTC ACC ACA TGG AAC AAG GGT GTC CTT GAC TCT TTC TTG ATT GAA ATT ACC AGA GAT ATC TTG AAA TTC GAC GAT GTC GAC GGT AAG CCA TTG GTG GAA AAA ATC ATG GAT ACT GCC GGC CAA AAG GGT ACC GGT AAG TGG ACT GCC ATC AAC GCC TTG GAC TTG GGT ATG CCA GTC ACC TTG ATC GGT GAA GCT GTC TTT GCT CGT TGT CTA TCT GCC TTG AAG AAT GAA AGA GTC AGA GCT TCT AAG GTT TTG CCA GGC CCA CAA GTT CCA AAG GAC GCC GTC AAG GAC AGA AAG CAA TTT GTC GAT GAT TTG GAA CAA GCT TTG TAC GCT TCT AAG ATC ATC TCC TAC GCT CAA GGT TTC ATG TTG ATC CGT GAA GCC GCT GCC ACA TAC GGA TGG AAA CTA AAC AAC CCT GCT ATT GCT TTG ATG TGG AGA GGT GGT TGT ATC ATT AGA TCT GTT TTC TTG GCC GAA ATC ACC AAG GCT TAT AGA CAA GAA CCA GAC CTA GAA AAC TTG TTG TTC AAC AAG TTC TTC GCC GAT GCT GTT ACC AAG GCT CAA TCT GGT TGG AGA AAA TCC ATT GCA TTG GCT ACC ACA TAC GGT ATC CCA ACC CCA GCC TTT TCC ACT GCT TTG ACC TTC TAC GAC GGG TAC AGA TCT GAA AGA TTA CCA GCC AAC TTA CTA CAA GCT CAA CGT GAT TAC TTC GGT GCT CAC ACT TTC AGA GTC TTG CCA GAA TGT GCA TCC GAA AAC TTG CCA GAA GAC AAG GAT ATT CAT ATC AAC TGG ACC GGT CAT GGT GGT AAC GTT TCT TCC TCA ACA TAC CAA GCT 
cerevisiae                                 ATG TCT GCT GAT TTC GGT TTG ATT GGT TTG GCC GTC ATG GGT CAA AAT TTG ATC TTG AAC GCT GCT GAC CAC GGT TTC ACT GTT TGT GCT TAC AAC AGA ACT CAA TCC AAG GTC GAC CAT TTC TTG GCC AAT GAA GCT AAG GGC AAA TCT ATC ATC GGT GCT ACT TCC ATT GAA GAT TTC ATC TCC AAA TTG AAG AGA CCT AGA AAG GTC ATG CTT TTG GTT AAA GCT GGT GCT CCA GTT GAC GCT TTG ATC AAC CAA ATC GTC CCA CTT TTG GAA AAG GGT GAT ATT ATC ATC GAT GGT GGT AAC TCT CAC TTC CCA GAT TCT AAT AGA CGT TAC GAA GAA TTG AAG AAG AAG GGT ATT CTT TTC GTT GGT TCT GGT GTC TCC GGT GGT GAG GAA GGT GCC CGT TAC GGT CCA TCT TTG ATG CCA GGT GGT TCT GAA GAA GCT TGG CCA CAT ATT AAG AAC ATC TTC CAA TCC ATC TCT GCT AAA TCC GAC GGT GAA CCA TGT TGC GAA TGG GTT GGC CCA GCC GGT GCT GGT CAC TAC GTC AAG ATG GTT CAC AAC GGT ATT GAA TAC GGT GAT ATG CAA TTG ATT TGT GAA GCT TAT GAC ATC ATG AAG AGA TTG GGT GGG TTT ACC GAT AAG GAA ATC AGT GAC GTT TTT GCC AAA TGG AAC AAT GGT GTC TTG GAT TCC TTC TTG GTC GAA ATT ACC AGA GAT ATT TTG AAA TTC GAC GAC GTC GAC GGT AAG CCA TTA GTT GAA AAA ATC ATG GAT ACT GCT GGT CAA AAG GGT ACT GGT AAG TGG ACT GCC ATC AAC GCC TTG GAT TTG GGT ATG CCA GTT ACT TTG ATT GGT GAA GCT GTC TTT GCC CGT TGT CTA TCT GCT TTG AAG AAC GAG AGA ATT AGA GCC TCC AAG GTC TTA CCA GGC CCA GAA GTT CCA AAA GAC GCC GTC AAG GAC AGA GAA CAA TTT GTC GAT GAT TTG GAA CAA GCT TTG TAT GCT TCC AAG ATT ATT TCT TAC GCT CAA GGT TTC ATG TTG ATC CGT GAA GCT GCT GCT ACT TAT GGC TGG AAA CTA AAC AAC CCT GCC ATC GCT TTG ATG TGG AGA GGT GGT TGT ATC ATT AGA TCT GTT TTC TTG GGT CAA ATC ACA AAG GCC TAC AGA GAA GAA CCA GAT TTG GAA AAC TTG TTG TTC AAC AAG TTC TTC GCT GAT GCC GTC ACC AAG GCT CAA TCT GGT TGG AGA AAG TCA ATT GCG TTG GCT ACC ACC TAC GGT ATC CCA ACA CCA GCC TTT TCC ACC GCT TTG TCT TTC TAC GAT GGG TAC AGA TCT GAA AGA TTG CCA GCC AAC TTA CTA CAA GCT CAA CGT GAC TAC TTT GGT GCT CAC ACT TTC AGA GTG TTG CCA GAA TGT GCT TCT GAC AAC TTG CCA GTA GAC AAG GAT ATC CAT ATC AAC TGG ACT GGC CAC GGT GGT AAT GTT TCT TCC TCT ACA TAC CAA GCT 
kudriavzevii                               ATG TCT GCT GAT TTC GGT TTG ATT GGT TTG GCC GTC ATG GGT CAA AAC TTG ATC TTA AAC GCT GCT GAC CAT GGG TTC ACC GTT TGT GCT TAC AAC AGA ACT CAA TCA AAG GTT GAG CAT TTC TTA GCC AAC GAA GCC AAG GGC AAG TCT ATT ATC GGT GCT ACC TCC ATC GAA GAC TTC ATC TCT AAG TTG AAG AGA CCT AGA AAG GTC ATG CTT TTG GTT AAG GCC GGA GCT CCA GTT GAC GCT TTG ATC AAT AAA ATC GTT CCA CTT CTA GAA AAG GGT GAC ATC ATC ATT GAT GGT GGT AAC TCT CAT TTC CCA GAC ACT AAC AGA CGC TAC GAG GAA TTG AAG AAG CAT GGT ATT CTT TTT GTC GGT TCC GGT GTC TCC GGT GGT GAA GAG GGT GCT CGT TAC GGT CCT TCT TTG ATG CCA GGT GGT TCC GAA GAA GCT TGG CCA CAC ATC AAA AAC ATT TTC CAA TCT ATC TCT GCT AAG TCA GAT GGT GAA CCA TGT TGT GAA TGG GTT GGC CCA GCC GGT GCC GGT CAC TAC GTC AAG ATG GTC CAC AAC GGT ATC GAA TAC GGT GAC ATG CAA TTG ATT TGT GAA GCC TAC GAT ATC ATG AAG AGA TTG GGT GGA TTC ACA GAT AAG GAA ATC AGC GAA GTC TTC ACC AAA TGG AAC AAG GGT GTC TTG GAC TCT TTC TTG GTT GAA ATC ACC AGG GAT ATT CTG AAG TTC GAT GAC GTC GAC GGT AAG CCA TTG GTT GAA AAA ATC ATG GAT ACT GCT GGT CAA AAA GGT ACC GGT AAG TGG ACT GCC ATC AAC GCT TTG GAC TTG GGT ATG CCA GTC ACC TTG ATC GGT GAA GCT GTG TTT GCC CGT TGT CTA TCT GCT TTA AAA AGT GAG AGA ATC AGA GCT TCC AAA GTC CTA CCA GGC CCA GAA GTT CCA AAG GAC CTC GTC AAA GAC AGA CAA CAA TTT GTC GAT GAC TTG GAA CAA GCT TTG TAT GCT TCC AAG ATT ATC TCC TAC GCT CAA GGT TTC ATG TTG ATT CGT GAA GCA GCC GCT ACT TAC GGC TGG AAA CTA AAC AAC CCT GCC ATT GCC CTG ATG TGG AGA GGT GGT TGT ATC ATC AGA TCT GTT TTC TTA GCT GAA ATC ACA AAG GCT TAC AAA CAG GAA CCA GAC TTG GAA AAC CTG TTG TTC AAC AAG TTC TTC GCT GAT GCT GTC ACC AAG GCC CAA TCC GGT TGG AGA AAG TCC ATT GCA TTG GCT ACC ACC TAC GGT ATC CCA ACC CCA GCC TTT TCC ACC GCT TTA TCA TTC TAC GAT GGG TAC AGA TCT GAA AGA CTA CCA GCC AAC TTA CTC CAA GCT CAA CGT GAT TAC TTC GGT GCT CAC ACT TTC AGA GTC TTA CCA GAA TGT GCT TCC GAC AAC TTG CCC GTA GAT AAG GAT ATC CAC GTC AAC TGG ACT GGT CAC GGT GGT AAT GTT TCT TCC TCC ACA TAC CAA GCT 



Printing out site pattern counts


         4        675  P

castellii             AAA AAA AAA AAA AAA AAC AAC AAC AAC AAG AAG AAG AAG AAG AAG AAG AAG AAG AAG AAG AAT AAT ACC ACC ACC ACC ACC ACC ACC ACC ACC ACT ACT ACT ACT ACT ACT ACT ACT ACT ACT AGA AGA AGA AGA ATC ATC ATC ATC ATC ATC ATG ATG ATT ATT ATT ATT ATT ATT ATT ATT ATT ATT ATT ATT CAA CAA CAC CAC CAC CAC CAC CAT CAT CAT CAT CCA CCA CCA CCA CGT CGT CGT CGT CTA CTA CTA CTA CTA CTA CTA CTA CTT CTT GAA GAA GAA GAA GAA GAA GAA GAA GAA GAA GAA GAC GAC GAC GAC GAC GAC GAC GAC GAC GAT GAT GAT GAT GAT GAT GAT GAT GAT GAT GCA GCA GCA GCA GCC GCC GCC GCC GCC GCC GCC GCC GCT GCT GCT GCT GCT GCT GCT GCT GCT GCT GCT GGT GGT GGT GGT GGT GGT GGT GGT GGT GGT GGT GGT GTC GTC GTC GTC GTC GTC GTC GTC GTC GTC GTG GTT GTT GTT GTT GTT GTT GTT TAC TAC TAC TAT TCC TCC TCC TCC TCC TCC TCC TCC TCC TCT TCT TCT TCT TCT TCT TCT TCT TCT TCT TCT TGG TGT TGT TTA TTA TTA TTA TTC TTC TTC TTG TTG TTG TTG TTG TTG TTG TTG TTG TTG TTT TTT TTT TTT 
bayanus               ... ... ... ..G ..G ... ... ... ..G ..A ..A ..A ... ... ... ... ... .GA C.C GCC ..C G.C ..A ... ... ... ... ..T ..T T.T T.T ..A ..A ..A ..C ..C ... ... ... ... GT. ... ... ... C.T ... ... ... ..T ..T ..T ..C ... ..C ..C ..C ..C ..C ..G ... ... ... ... G.C G.C A.G ... ... ... ... ..T ..T ..C ... ... GGA ... ... ... ..T A.A ... ... .T. ... ... ... T.G T.G T.G T.G T.G ... T.G ACC C.. C.. ... ... ... ... ... ... ..C ..C C.A ..A ..A ... ... ..T ..T ..T ..T A.C ..A ..A ..C ..C ..C ... ... ... ... ..C ..C ..T T.T A.. ..A ... ... ... ..T ..T ..T ..A ..A ..C ..C ..C ..C ..C ... ... ... ... A.. .CC .C. ..A ..C ..C ..G ... ... ... ... ... CAA ... ... ... ... ... ..T ..T ..T T.G ..T A.. ..C ..C ..C ..G ... ... ... ... ..T ..C G.. ... ... ... ... ... ..T ..T ..T AA. G.. ..A ..C ..C ..C ..C ... ... ... ... ... ... ... GA. ... ... ..G ... ... ..T A.T CCA C.T C.T GCC ..A ... ... ... ... ..C ..C ..C ... 
cerevisiae            ... ... ..G ... ..G ... ..T ..T ... ..A ..A ... ..A ... ... ..T G.A .GA ... GCT ..C G.C .AA ..A ..A ... ..T ..T ..T T.T T.T ..A ..C ... ..C ... ..C ..C ... ... GTC ... ... ... C.T ... ... ..T ... ..T ..T ..T ... ..C ..C ..C ... ... ..G ..C ... ... G.C ... G.C A.G ... ... ... ..T ... ..T ..C ..C ... GGG ... ... ... ..T A.A ... ... .T. ... ... T.G T.. T.G T.G T.G T.G ... T.G .CC ... ... C.. C.. ... ... ..G ..G ..C ..T ..A ..A ... ... ..T ... ... ..T ..T A.C ..A ..C ..C ... ... ..A ..C ... ... ..C ..T ..T T.T T.T ..T ... ... ..T ... ..T ..T ..G ... ..C ..C ... ... ... ..C ..C ... ... A.. ... .C. ..C ..C ... ..G ..C ..C ... ... ... CAA ... ... ..G ..T ..T ... ... ..T T.G ..C A.C ..C ... ... ... ... ... ... ..T ... ... G.T ..A ... ... ..T ..T ... ... ..T AAC G.C ... ..C ..C ... ... ..C ..C ..C ... ... ..C ... G.. ..G ..G ..G ... ..T ..T A.C CCA C.T ... GCC ..A ..A ... ... ... ..C ..C ... ... 
kudriavzevii          ... ..G ..G ..G ..G ... ... ..T ..T ..A ... ... ... ..A ... ... C.A .GA C.T GCT ..C G.. .AA ..A ... ... ..T ... ..T ..T T.. ..A ..C ... ..C ..C ..A ..C ..C ... GTC .A. ... ..G C.T ... ..T ..T ... ... ..T ..C ... ..C ... G.C ..C ... ..G ... ..C ... G.. ..C G.C A.G ... ... ..T ... ... ... ..C ... ... GGA ... ..C ..T ..T A.A ..C ... .T. ... ..C T.G ... ... ..G T.. T.G ... T.G ACC C.G ... A.. ... ... ..G ... ..G ..G ..C ..A ..A ... ..T ... ... ..T ... ..T A.C ..A ..A ..C ..C ... ..G ... ..C ... ..C ..C ..T T.C T.A ..T ... ..T ... ... ... ..T ..A ... ..C ... ..A ..C ... ..C ... ..C ... A.C .C. .CC ..C ..C ... ..G ..C ... ..A ..G ... CAA ... ..G ... ... ..T ... ..T ..T T.G ..T A.C ..C ..C ... ... ..C ... ... ..T ... ..C G.T ... ..A ... ... ..T ... ..T ..T AG. G.C ..C ..C ... ..C ... ..A ..C ... ... ... ... ... G.. C.. ... ..G ... ... ..T A.C CCA C.T ... C.C ..A ... C.. ..A ... ..C ... ..C ... 

    1    1    1    2    2   10    3    1    1    1    1    3    2    5   11
    1    1    1    1    1    3    1    1    1    1    2    1    1    2    1
    1    1    1    1    1    2    1    1    1    2    1    1   12    1    1
    4    2    1    1    1    2    1   10    7    2    1    4    1    1    1
    2    2    1    1    1    1   11    1    1    1    1    1    2    1    1
    1   16    1    1    2    1    1    3    1    2    1    1    1    1    1
    1    3    1    1    1    1    1    1    1   17    1    1    1    1    1
    1    1    1    1    2    2    1    1    1    1    1    1    4    3    2
    1    2    1    6    1    1    1    1    1    1    1    1    1    1    1
    2    1    1    2    1    1    1    3    2    3    2   13    1    1    1
    1    2    2    1    1    1    1    1   35    1    4    1    1    2    1
    1    1    2    1    1    1    3    1    1    1    1    3    9    1    3
    2    1    1    1    1    2    1    2    1    3    1    1    1    2    1
    1    1    1    1    1    4    8    1    6    1    1    1    4   13    2
    2    2    1    1    1    1    1    1    2    4   11    2    1    1    1


CODONML (in paml version 4.4b, July 2010)  torun.nuc
Model: One dN/dS ratio for branches Global clock 
Codon frequency model: F3x4
ns =   4  ls = 489

Codon usage in sequences
--------------------------------------------------------------------------------------
Phe TTT  5  3  6  4 | Ser TCT 15 16 17 12 | Tyr TAT  2  3  3  1 | Cys TGT  7  7  6  7
    TTC 17 19 16 18 |     TCC 13 11 11 13 |     TAC 13 12 12 14 |     TGC  0  0  1  0
Leu TTA  7  3  3  7 |     TCA  0  1  1  3 | *** TAA  0  0  0  0 | *** TGA  0  0  0  0
    TTG 25 31 33 23 |     TCG  0  0  0  0 |     TAG  0  0  0  0 | Trp TGG  8  8  8  8
--------------------------------------------------------------------------------------
Leu CTT  2  4  3  3 | Pro CCT  0  2  2  3 | His CAT  5  4  3  4 | Arg CGT  6  5  5  4
    CTC  0  0  0  2 |     CCC  0  0  0  1 |     CAC  5  6  6  6 |     CGC  0  0  0  1
    CTA 11  4  3  5 |     CCA 20 19 19 17 | Gln CAA 12 15 14 13 |     CGA  0  0  0  0
    CTG  0  0  0  3 |     CCG  0  0  0  0 |     CAG  0  0  0  1 |     CGG  0  0  0  0
--------------------------------------------------------------------------------------
Ile ATT 24 13 15 11 | Thr ACT 12  8 10  7 | Asn AAT  4  1  5  2 | Ser AGT  0  1  1  1
    ATC 11 23 21 24 |     ACC 11 10  6 11 |     AAC 15 18 16 17 |     AGC  0  0  0  1
    ATA  0  0  0  0 |     ACA  0  4  3  3 | Lys AAA  7  8  9 10 | Arg AGA 15 16 16 14
Met ATG 11 11 11 11 |     ACG  0  0  0  0 |     AAG 28 26 24 25 |     AGG  0  0  0  1
--------------------------------------------------------------------------------------
Val GTT 11 10 12 11 | Ala GCT 30 27 31 29 | Asp GAT 22 15 17 14 | Gly GGT 48 39 40 38
    GTC 15 16 14 16 |     GCC  9 17 15 15 |     GAC 11 15 14 15 |     GGC  0  4  5  4
    GTA  0  0  1  1 |     GCA  4  3  0  2 | Glu GAA 27 27 25 24 |     GGA  0  2  0  2
    GTG  1  1  1  1 |     GCG  0  0  1  0 |     GAG  0  0  2  4 |     GGG  0  1  2  2
--------------------------------------------------------------------------------------

Codon position x base (3x4) table for each sequence.

#1: castellii      
position  1:    T:0.22904    C:0.12474    A:0.28221    G:0.36401
position  2:    T:0.28630    C:0.23313    A:0.30879    G:0.17178
position  3:    T:0.39468    C:0.24540    A:0.21063    G:0.14928
Average         T:0.30334    C:0.20109    A:0.26721    G:0.22836

#2: bayanus        
position  1:    T:0.23313    C:0.12065    A:0.28425    G:0.36196
position  2:    T:0.28221    C:0.24131    A:0.30675    G:0.16973
position  3:    T:0.32311    C:0.30879    A:0.20859    G:0.15951
Average         T:0.27948    C:0.22359    A:0.26653    G:0.23040

#3: cerevisiae     
position  1:    T:0.23926    C:0.11247    A:0.28016    G:0.36810
position  2:    T:0.28425    C:0.23722    A:0.30675    G:0.17178
position  3:    T:0.35992    C:0.28016    A:0.19223    G:0.16769
Average         T:0.29448    C:0.20995    A:0.25971    G:0.23586

#4: kudriavzevii   
position  1:    T:0.22495    C:0.12883    A:0.28221    G:0.36401
position  2:    T:0.28630    C:0.23722    A:0.30675    G:0.16973
position  3:    T:0.30879    C:0.32311    A:0.20654    G:0.16155
Average         T:0.27335    C:0.22972    A:0.26517    G:0.23177

Sums of codon usage counts
------------------------------------------------------------------------------
Phe F TTT      18 | Ser S TCT      60 | Tyr Y TAT       9 | Cys C TGT      27
      TTC      70 |       TCC      48 |       TAC      51 |       TGC       1
Leu L TTA      20 |       TCA       5 | *** * TAA       0 | *** * TGA       0
      TTG     112 |       TCG       0 |       TAG       0 | Trp W TGG      32
------------------------------------------------------------------------------
Leu L CTT      12 | Pro P CCT       7 | His H CAT      16 | Arg R CGT      20
      CTC       2 |       CCC       1 |       CAC      23 |       CGC       1
      CTA      23 |       CCA      75 | Gln Q CAA      54 |       CGA       0
      CTG       3 |       CCG       0 |       CAG       1 |       CGG       0
------------------------------------------------------------------------------
Ile I ATT      63 | Thr T ACT      37 | Asn N AAT      12 | Ser S AGT       3
      ATC      79 |       ACC      38 |       AAC      66 |       AGC       1
      ATA       0 |       ACA      10 | Lys K AAA      34 | Arg R AGA      61
Met M ATG      44 |       ACG       0 |       AAG     103 |       AGG       1
------------------------------------------------------------------------------
Val V GTT      44 | Ala A GCT     117 | Asp D GAT      68 | Gly G GGT     165
      GTC      61 |       GCC      56 |       GAC      55 |       GGC      13
      GTA       2 |       GCA       9 | Glu E GAA     103 |       GGA       4
      GTG       4 |       GCG       1 |       GAG       6 |       GGG       5
------------------------------------------------------------------------------


Codon position x base (3x4) table, overall

position  1:    T:0.23160    C:0.12168    A:0.28221    G:0.36452
position  2:    T:0.28476    C:0.23722    A:0.30726    G:0.17076
position  3:    T:0.34663    C:0.28937    A:0.20450    G:0.15951
Average         T:0.28766    C:0.21609    A:0.26466    G:0.23160

Codon frequencies under model, for use in evolver (TTT TTC TTA TTG ... GGG):
  0.02366437  0.01975521  0.01396128  0.01088980
  0.01971323  0.01645676  0.01163022  0.00907157
  0.02553373  0.02131576  0.00000000  0.00000000
  0.01419012  0.01184603  0.00000000  0.00652997
  0.01243293  0.01037912  0.00733506  0.00572135
  0.01035706  0.00864616  0.00611036  0.00476608
  0.01341507  0.01119901  0.00791450  0.00617331
  0.00745530  0.00622374  0.00439841  0.00343076
  0.02883605  0.02407257  0.01701242  0.01326969
  0.02402141  0.02005327  0.01417193  0.01105410
  0.03111394  0.02597418  0.01835631  0.01431792
  0.01729128  0.01443490  0.01020134  0.00795705
  0.03724657  0.03109374  0.02197437  0.01714001
  0.03102766  0.02590215  0.01830540  0.01427821
  0.04018884  0.03354998  0.02371023  0.01849398
  0.02233457  0.01864508  0.01317673  0.01027785



Nei & Gojobori 1986. dN/dS (dN, dS)
(Note: This matrix is not used in later ML. analysis.
Use runmode = -2 for ML pairwise comparison.)

castellii           
bayanus              0.0789 (0.0574 0.7273)
cerevisiae           0.0673 (0.0521 0.7738) 0.0375 (0.0188 0.5016)
kudriavzevii         0.0640 (0.0548 0.8549) 0.0374 (0.0179 0.4801) 0.0298 (0.0152 0.5100)


TREE #  1:  (((3, 4), 2), 1);   MP score: 351
lnL(ntime:  3  np:  5):  -3382.255169      +0.000000
   5..6     6..7     7..3     7..4     6..2     5..1  
 0.406433 0.211147 0.183738 2.980526 0.059376
SEs for parameters:
 0.026780 0.015979 0.016231 0.411675 0.008568

tree length =   1.20775

(((3: 0.183738, 4: 0.183738): 0.027408, 2: 0.211147): 0.195287, 1: 0.406433);

(((cerevisiae: 0.183738, kudriavzevii: 0.183738): 0.027408, bayanus: 0.211147): 0.195287, castellii: 0.406433);

Detailed output identifying parameters

kappa (ts/tv) =  2.98053

omega (dN/dS) =  0.05938

dN & dS for each branch

 branch          t       N       S   dN/dS      dN      dS  N*dN  S*dS

   5..6      0.195  1057.3   409.7  0.0594  0.0120  0.2021  12.7  82.8
   6..7      0.027  1057.3   409.7  0.0594  0.0017  0.0284   1.8  11.6
   7..3      0.184  1057.3   409.7  0.0594  0.0113  0.1902  11.9  77.9
   7..4      0.184  1057.3   409.7  0.0594  0.0113  0.1902  11.9  77.9
   6..2      0.211  1057.3   409.7  0.0594  0.0130  0.2185  13.7  89.5
   5..1      0.406  1057.3   409.7  0.0594  0.0250  0.4207  26.4 172.3

tree length for dN:       0.0742
tree length for dS:       1.2501


Time used:  0:02
