
seed used = 1418811569
      7    855

castellii                                  --- --- --- --- --- --- --- --- --- --- --- --- --- --- --- --- --- --- --- --- --- --- --- --- --- --- --- ATG GTT ACT GTT CAC AAA TAC ACT GCT GAA GAA AGC TTA GCC CAC AAC TTG GGT CAA TTC ATT TTG GAA AGT CAA GAT AAA GCC TTG AAG AAC CAT CAG AAG TTC AAC TTG GCA ATT AGT GGT GGA TCC CTA AAT AAT GTT TTG CAT AAG GCG TTC ATA GAA GAT AAG GTG CTA GCT TCA AAA GTA GAC TGG AAC AGC TGG GCT ATT TAC TTT GTT GAT GAA AGA TTG GTG CCC TTA GAT GAT CCG GAT AGT AAT TTC GGT GCT TTC AAG AAA GCC GTA TTG GAC CAT TTA CCT GCA AAT AAG GCT --- --- --- CCA AAG GTG TAC CCA ATC GAT GAG GAA CTA GTA AAG AAG --- GGG GTT GAC TCA TTT GCT CAA GTG ACT ATG GAT TAT GAA AAG ATC ATT CCA AAA AAT --- --- --- TTT GAT TTG GTA CTT TTG GGG TGC GGT CCA GAT GGC CAC ACT TGT TCT TTA TTC CCT GGC CCA ACT CAT AAT TAT TTA TTA GAT GAA AAG CAC CGT AGA GTT ATG TGG TGT CGT GAC TCT CCA AAG CCT CCT AGT GAT AGA ATT ACT GTG ACT TTG CCA GTC TTG GGA GAC GCC GAA TCT ATT TGC TTT GTT GCT GAA GGG GCT TCC AAA CAA CCT ATA ATG CAT GAA ATT TTT GAC TTA AAA AAC ACT AAA TTG CCA AGT GCC TTA GTA AAC CAC TTG TAC GAT GCC AAA GTT CAT TGG TTT GTT AAC GAT GAA GCA TTT ACC --- --- AAA GTG GAA ACT ACT TCA TTT 
bayanus                                    ATG ACA ATA TAT AAA GAA GAA AGG TCT CGA GGA TGG CTA GAG GCA GAG CAC CGC CAA TTG ACT CGG TCA ATC TGG TTT TCA ATG GTT GCG GTG CGT GTG TTC TCG GAA AGG GCT ACT TTA ACC CAT CAA TTG GGG GAG TTC ATT GTC AAG AAA CAA GAC GAG GCG CTG CTA AAG AAT CCA TAC TTT AAA GTT TCC GTT AGC GGT GGC TCT TTG ATC AAT GCT CTG CAC GAC TGC CTG GTG GCG GAC AAA CAG CTG GCT CCT AGG GTA GAA TGG TCC AAA TGG CAA GTT TAC TTC TCC GAT GAG AGA ATC GTG CCT TTG ACG CAC GAT GAT AGT AAT TAT GGC ACT TTC AAG AAA GAC GTT CTA GAC AAA TTG CCC TCA GCA GTT CAA --- --- --- GTA AAC GTT CAT CAT ATG GAC GAT TCA TTG GTC TTG AAC GGC GAC GCT CAA TCT AAC AAC AAA ATC GCC GCA GAG TAC GAA CAG ATC TTG CCC GAG TCC --- --- --- CTC GAT TTG GTT CTG TTG GGC TGT GGT CCT GAT GGA CAC ACC TGT TCT TTG TTC CCT GGC GAA AAA CAC AAG TAT TTG TTG AGG GAA ACC ACC AAG AGA GTC GCC TGG TGT CAC GAC TCC CCC AAA CCT CCA AGC GAC AGA ATT ACT TTT ACT TTG CCC GTG CTT AAG GAG GCC GGG GCC TTA TGT TTT GTT GCG GAA GGC AGC TCC AAA CAA GAT ATA ATG CAC GAC ATT TTT GAT TTG AAA AAT GAT CAA TTG CCC ACC GTG TTA ATC AAT AAG TTG TAT GGC GGA AAA ACG TCT TGG TTT GTC AAT GAC GAG GCT TTT GTA --- --- AAA GTC CAA ACG AAA ACT TTT 
mikatae                                    --- --- --- --- --- --- --- --- --- --- --- --- --- --- --- --- --- --- --- --- --- --- --- --- --- --- --- ATG GTT ACA GTC AGT GTG TTT CCT GTG AGG GCT AGT TTG ACC CAT CAA TTG GGC GAA TTC ATC GTC AAG AAA CAA GAT GAG GCC CTT CAG AAG AAA ACA GAC TTT AAG GTT TCA GTT AGC GGT GGT TCT TTG ATT AAC GCC TTA TAT GAA AGT TTG GTA GCA GAC GAG TCG CTG TCT TCT AGA GTT CAA TGG TCC AAA TGG AAA ATT TAC TTC TCC GAT GAA AGA ATT GTG CCG TTA ACA GAC GCT GAT AGT AAT TAT GGT GCT TTT AAG AAA GTC GTT CTG AAT AAA TTG CCG TCA ACT ATC CAA --- --- --- ACA AAC ATT TAC CCT ATG GAT GAG TCC TTG GTT GGC AAC AAT GAT GCC GAA TCT AAG AAC AAA ATC GCT GCA GAG TAC GAG CAA ATC TTA CCT CAA TCT --- --- --- CTC GAT TTG GTG CTG TTG GGT TGC GGT CCT GAT GGA CAC ACC TGT TCT TTG TTT CCC GGC GAA AAA CAC AAG TAC TTG CTA GAA GAA ACA AGT AAG AGA GTT GCA TGG TGT CAC GAT TCC CCC AAG CCT CCA AGT GAC AGA ATA ACT TTT ACT CTC CCT GTG CTC AAA GAT GCT AAA GCC TTG TGT TTT GTA GCT GAA GGT AGT TCC AAA CAA AAT ATA ATG CAT GAA ATT TTT GAT CTG AAA AAC GAT CAA TTA CCT ACC GTA TTG ATT AAC AAG CTA TTC GAC AAA AAA ACA TAC TGG TTT GTC AAT AAG GAA GCT TTT GGA --- --- AAA GTT CAA ACA AAA AAT TTT 
kluyveri                                   --- --- --- --- --- --- --- --- --- --- --- --- --- --- --- --- --- --- --- --- --- --- --- --- --- --- --- ATG GCT ACC GTT TAC CGC TAT GAT GAC TCT GCT GAG TTA GCC CAC AAT GTT GGG AAG TTC ATT TTA CAG AAG CAG GCC AAG GCC CTA AGC AAA AAG GAC ACG TTC AAT ATC GCG ATT AGC GGA GGA TCT CTG GTC AAA GTT TTA AAC AAG TGT CTG GTT CAA GAT AAA GAG CTT GCC GAC AAG ATC CAA TGG CCC AAA TGG AAT ATT TAT TTC TGT GAC GAA AGA ATC GTC GCC CTG GAG CAT GAA GAT TCC AAC TAT GGT GCA TTT AAA ACT TCT GTT CTA GAT CCA TTG TTA GAT GGC AAT GAA AAC TTG GGT CCA ACC GTA TAT GCT ATC AAC GAG TCC TTG GTC GGC TTA --- --- --- AAC GAA AAC GAC AAG ATC GCA GAA GAG TAC GAG TCC TTG TTA CCG CAA GGT GAC GGT GGG ATG GAT TTG ATA CTT TTG GGC TGT GGT CCC GAC GGC CAC ACC TGT TCA TTA TTC CCT GGC GAA AAG CAT AAA TAC TTG CTT GAC GAA AGC AAC AAA AAG GTC GCC TGG TGT CAT GAT TCA CCA AAG CCT CCA AGT GAC AGA ATC ACC TTC ACC CTG CCT GTG TTA CAA GCC TCG GAC GCC CTC TGC TTT GTT GCC GAG GGC AGT GGC AAG AAG GAA ATC ATG AAG CAA ATT TTC CAA GAT AGG GAC ACC ACG TTG CCT TGT GCG TTA ATC AAT GAG CTG TAC GAG AAC AAA GTT TCG TGG TTT GTT AAC GAT GCT GCC GTG GAT GGA GTT GCT GTT GCA ACT ACC AAA TTT 
cerevisiae                                 --- --- --- --- --- --- --- --- --- --- --- --- --- --- --- --- --- --- --- --- --- --- --- --- --- --- --- ATG GTG ACA GTC GGT GTG TTT TCT GAG AGG GCT AGT TTG ACC CAT CAA TTG GGG GAA TTC ATC GTC AAG AAA CAA GAT GAG GCG CTG CAA AAG AAG TCA GAC TTT AAA GTT TCC GTT AGC GGT GGC TCT TTG ATC GAT GCT CTG TAT GAA AGT TTA GTA GCG GAC GAA TCA CTA TCT TCT CGA GTG CAA TGG TCT AAA TGG CAA ATC TAC TTC TCT GAT GAA AGA ATT GTG CCA CTG ACG GAC GCT GAC AGC AAT TAT GGT GCC TTC AAG AGA GCT GTT CTA GAT AAA TTA CCC TCG ACT AGT CAG --- --- --- CCA AAC GTT TAT CCC ATG GAC GAG TCC TTG ATT GGC AGC --- GAT GCT GAA TCT AAC AAC AAA ATT GCT GCA GAG TAC GAG CGT ATC GTA CCT CAA GTG --- --- --- CTT GAT TTG GTA CTG TTG GGC TGT GGT CCT GAT GGA CAC ACT TGT TCC TTA TTC CCT GGA GAA ACA CAT AGG TAC TTG CTG AAC GAA ACA ACC AAA AGA GTT GCT TGG TGC CAC GAT TCT CCC AAG CCT CCA AGT GAC AGA ATC ACC TTC ACT CTG CCT GTG TTG AAA GAC GCC AAA GCC CTG TGT TTT GTG GCT GAG GGC AGT TCC AAA CAA AAT ATA ATG CAT GAG ATC TTT GAC TTG AAA AAC GAT CAA TTG CCA ACC GCA TTG GTT AAC AAA TTA TTT GGT GAA AAA ACA TCC TGG TTC GTT AAT GAG GAA GCT TTT GGA --- --- AAA GTT CAA ACG AAA ACT TTT 
paradoxus                                  --- --- --- --- --- --- --- --- --- --- --- --- --- --- --- --- --- --- --- --- --- --- --- --- --- --- --- ATG GTT ACA GTC AGT GTG TTT TCT GAG AGG GCT AGT TTG ACC CAC CAA TTA GGG GAA TTC ATC GTC AAG AAA CAA GAT GAA GCG CTG CAA AAG AAA TCA GAC TTT AAA GTT TCC GTT AGC GGT GGT TCT TTG ATC GAT GCT CTG TAC GAA GGT TTA GTA GCA GAC AAG TCA TTA TCT TCT AGA ATT CAA TGG CCC AAA TGG CAA ATC TAC TTC TCC GAT GAA AGA ATT GTG CCA TTA ACA GAT GCC GAT AGT AAT TAT GGC ACC TTT AAG AAG ACC GTT CTG GAT AGA TTA CCC TCT ACT AAT CAG --- --- --- CCA AAC ACT TAT CCT ATG GAC GAA TCC TTG GTT GGC AGC GAT GAC GCT GAA TCT AAA AAC AAA ATT GCT GCA GAG TAC GAG CAA ATC GTA CCA CAA TCT --- --- --- TTC GAT TTG GTA CTA TTG GGC TGT GGT CCT GAC GGA CAC ACC TGT TCT TTG TTC CCC GGC GAA AAA CAT AGG TAC TTG CTA AAC GAA ACA ACC AAG AGA GTC GCT TGG TGT CAC GAT TCT CCC AAA CCC CCA AGT GAC AGA ATT ACT TTT ACT TTA CCT GTG CTT AAA GAC GCC AAA GCC CTA TGT TTC GTG GCA GAG GGC AGC TCC AAA CAA GAT ATA ATG CAT GAG ATT TTT GAT TTG AAA AAT AAC CAA TTG CCA ACT GTA TTG GTT AAC AAA CTA TTT GGC GAA AAA ACA TCT TGG TTT GTT AAT GAG GAA GCT TTT GGA --- --- AAA GTT CAA ACG AAA TCT TTT 
kudriavzevii                               --- --- --- --- --- --- --- --- --- --- --- --- --- --- --- --- --- --- --- --- --- --- --- --- --- --- --- ATG GTC ACA GTG CGC GTG TTT TCA GAA AGG GCC AGT TTG ACT CAT CAA TTG GGC GAA TTC ATC GTC AAG AAA CAA GAT GAG GCT CTG CAG AGG AAA TCG GAC TTC AAG GTC TCT GTT AGC GGT GGT TCT TTG ATC AAC GCT CTC TAT GAA AGT CTG GTA GCG GAT GCA TCA CTT TCT CCC AGA GTT CAA TGG TCA AAA TGG CAA ATT TAC TTC TCC GAT GAA AGA ATT GTG CCT TTA ACA GAC GCG GAT AGT AAT TAT GGT ACA TTC AAG AAG ATA GTT CTG GAC AAA TTG CCC TCA ACT GTC CAA --- --- --- GTA AAC GTC CAT CCT ATG GAC GAG TCC TTG ATC AGC AAC GAT GGG GCC GAG TCT AGG GAC AAC ATT GCT GCG CAG TAC GAA CAA ATC TTG CCC CAA TCG --- --- --- CTC GAT TTG GTT CTA TTG GGC TGC GGT CCT GAT GGC CAC ACG TGT TCT TTG TTT CCC GGC CAA AAA CAC AAG TAT TTG TTA GAG GAA ACA GAG AAA AGA GTT GCC TGG TGC CAC GAT TCC CCC AAG CCT CCA AGC GAC AGA ATA ACG TTC ACC CTG CCC ATG CTA AAG GAC GCC AAG GCC TTG TGT TTT GTT GCT GAA GGC AGT TCA AAG CAA GAT ATA ATG CAT GAA ATC TTT GAT TTG AAA AAC GAT CAG TTA CCC ACC GTA TTG GTT AAC GAA CTA TTT GGC AAG AAA ACC TCT TGG TTT GTC AAT GAC GAA GCT TTC GGA --- --- AAA GTT CAA GCC AAA AAT TTC 



Printing out site pattern counts


         7        816  P

castellii                                   --- --- --- --- --- --- --- --- --- --- --- --- --- --- --- --- --- --- --- --- --- --- --- --- --- --- --- --- --- --- --- AAA AAA AAA AAA AAA AAA AAA AAA AAA AAA AAC AAC AAC AAC AAC AAC AAC AAG AAG AAG AAG AAG AAG AAG AAG AAG AAG AAG AAG AAT AAT AAT AAT AAT AAT ACC ACT ACT ACT ACT ACT ACT ACT ACT ACT ACT AGA AGA AGC AGC AGT AGT AGT AGT AGT ATA ATA ATC ATC ATG ATG ATG ATT ATT ATT ATT ATT ATT ATT CAA CAA CAA CAA CAC CAC CAC CAC CAC CAG CAT CAT CAT CAT CAT CAT CCA CCA CCA CCA CCA CCA CCA CCA CCC CCG CCT CCT CCT CCT CCT CGT CGT CTA CTA CTA CTT GAA GAA GAA GAA GAA GAA GAA GAA GAA GAA GAA GAA GAA GAC GAC GAC GAC GAC GAC GAG GAT GAT GAT GAT GAT GAT GAT GAT GAT GAT GAT GAT GAT GAT GCA GCA GCA GCC GCC GCC GCC GCC GCC GCG GCT GCT GCT GCT GCT GCT GCT GCT GGA GGA GGC GGC GGG GGG GGT GGT GGT GGT GTA GTA GTA GTA GTA GTC GTG GTG GTG GTG GTG GTG GTT GTT GTT GTT GTT GTT GTT GTT GTT TAC TAC TAC TAC TAT TAT TCA TCA TCA TCC TCC TCT TCT TCT TGC TGC TGG TGT TGT TTA TTA TTA TTA TTA TTA TTA TTC TTC TTC TTC TTC TTC TTG TTG TTG TTG TTG TTG TTG TTG TTG TTG TTG TTG TTT TTT TTT TTT TTT TTT TTT TTT
bayanus                                     --- --- --- --- --- --- --- AAA ACA ACT AGG ATA ATC ATG CAA CAC CGA CGC CGG CTA GAA GAG GCA GGA GGC TAT TCA TCT TGG TTG TTT AAA AAA AAA AAA AAA AGG CAA GAG GAG GTG AAA AAG AAT AAT AAT CAA TCC AAA AAA AAC AAC AAG ACC CAG CTA GAC GTT TAC TTG AAG AAT AAT ATC GCA TCC GTA AAA AAA ACC ACG ACT ACT GAT GCC GCG TCG AGA AGA AAA ACT AAA ACC AGC AGC AGT ATA GTG ATC ATG ATG GCA GCC ATT ATT ATT GTT GTT TTA TTG AAA CAA CAA GAG AAG ACC CAC CAT CGT CCA AAA AAT CAC CAC CAC TCT CAT CCC CCC CCC CCC CCT GAA GTA CCT GAT CCA CCC CCT CCT GAT AAG CAC CTG TTG TTG CTG AAG AGG CAA GAA GAA GAA GAC GAG GAG GCG GCT GGG TCA CAA GAA GAC GAC GAG GAT GAT ACG AGG CAC GAC GAC GAC GAC GAC GAG GAT GAT GAT GAT GGC GCT TCA TCC ACC GAC GCC GCG GGA GTG TGC AAC ACT AGC CAA CAA GAA GCG GCT AAG GGC GGA GGC GAC GGC GGC GGG GGT GGT ATC GTA GTC GTT GTT GTG ATC CAG GTC GTG GTT TTT ACG GCT GCT GTC GTC GTG GTT GTT TCC CAT TAC TAT TTC TAC TAT ACT CCT TCT TCC TCT GCC TCC TCT TGT TGT TGG TGT TGT TTA TTG TTG TTG TTG TTG TTG CTG TAT TTC TTC TTC TTT ATC CTA CTG CTG CTT GTC GTT TTG TTG TTG TTG TTG AAC CTC TTC TTT TTT TTT TTT TTT
mikatae                                     --- --- --- --- --- --- --- --- --- --- --- --- --- --- --- --- --- --- --- --- --- --- --- --- AAT --- --- --- --- --- --- AAA AAA AAA AAA AAA AGA CAA CAA GAG GTG AAG AAG AAC AAC AAT CAA TCC AAG GAG AAC AAC AAG ACA CAA CAG GAA ATC GAC GGC AAG AAC AAT ATT ACT TCT GGA AAA AAA ACC ACA ACT ACT GAT GCT ACA CCT AGA AGA AAA AGT AAA ACC AGC AGT AGT ATA GTA ATC ATG ATG GCA GCA ATA ATC ATT ATT GTT TTG TTA AAA CAA CAA GAA AAG AGT CAC CAT AGT ACA AAA AAA CAC CAT TAT TAC CCT CCC CCT CCT CCT CCT GAA ACA CCG GCT CCA CCG CCC CCT AAT AAG CAC CTG TTG TTG CTG AAG AGG CAA GAA GAA GAG GAA GAA GAA GCA GCT AAA TCC GAA CAA AAT GAT GAT GAT GAG ACA GAA GAC AAG GAC GAC GAT GAT GAG GAT GAT GAT GAT GAC GCT TCA TCA ACC GTC GCT GCC AAA GTA AGT AAC GCT AGT AAA CAA GTG GCT TCT AAA GGT GGA GGC GAT GGT GGT GGC GGT GGT ATT GTT GTT GTG GTT GTG ATC TCG GTT GTG ATT TTT ACA GCC GCC GTC GTT GTC GTA GTT TCC TAC TAC TTC TTT TAC TAC AAT TCT TCT TCC TCT GCC TCC TCT TGC TGT TGG TGT TGT TTG CTA CTG TTA TTG TTG TTG TTG TAT TTC TTT TTT TTT ATT CTG CTT TTA CTC GTC GTT CTA CTC TTA TTG TTG AAG CTC TTC TTT TTT TTT TTT TTT
kluyveri                                    AAC GAC GGA GGG GGT GTT TTG --- --- --- --- --- --- --- --- --- --- --- --- --- --- --- --- --- --- --- --- --- --- --- --- AAA AAG ACT AGG GCT AAG ACG CAA AAG CGC AAT AAA AAT GAC AAC AAT CCC AAG AAA ACC TTA AAA AGC TCC AGC AAG AAT ACG GGC AAA AAA AAC GTC GGC GGT GAT AAG ACC ACC ACT ACC ACC ACC GCA ACC GAT AAG AGA AAA GAG AAG TGT AGC AGT TCC ATC GTT TTG ATC ATG GAA GCC ATC ATT ATT ATT ATT CTC TTA AAG AAG CAG AAG GAG AAC CAC CAC TAC GAC CCA AAG CAT AAG AAC TCG GCT CCA CCG CCT CCT CCC GAA CCA GCC GAA CCA TTA CCT CCT GAA AAA CAT CTT CTG TTG CTT CAG TCT GCA GAA GAG GAG CAA GAA GCT CAA GCT GAC TCC AAC CAA GAT GAT GCC CAA GAG GAG GAC CAT GAT GAC GAT AAC GCC GAG GAC GAC GAT GAT GAG GCC GAT GCG GCC TCT TCG GCC AAC GCG TGT GAC GCA AGT AAT GAA GAC GCC GCC CAA GGA GGC GGC --- GGC GGT GGG GGA GGT ATC ATC GTC ATA GTT GTG ATC GAG GTT GTC GTA TTC GTT --- GTT GTT GTC GTT GTT GCT TGT TAT TAT TAC TAT TAC TAC AAA GAC GAA GGC TCT GCC TCA TCA TGT TGC TGG TGT TGT TTA CTT GAT CTG TTA TTG TTG CTG TAT TTC TTC TTT TTC ATC CTA CTA TTA TTA TTA ATC CTG CTG TTG GTT TTG AAC ATG TTC GTG TTC TTT TTT TTT
cerevisiae                                  --- --- --- --- --- --- --- --- --- --- --- --- --- --- --- --- --- --- --- --- --- --- --- --- --- --- --- --- --- --- --- AAA AAA AGA AAA AAA CGA CAA CAA GAG GTG AAA AAG AAC AAC AAT CAA TCT AAG GAA AAC AGC AAG ACA CGT CAA GAA AGT GAC GGC AGG GAT AAT ATC ACT GTG GGA ACA AAA ACT ACG ACC ACT GAT GCT ACA TCT AGA AGA AAA AGT AAA ACC AGC AGT AGC ATA GTA ATC ATG ATG GCA GCT ATC ATC ATC ATC GTT CTG GTA AAA CAA CAA GAA AAA ACC CAC CAT GGT TCA AAA AAG CAT CAT TAT TCC CCC CCC CCT CCA CCT CCT GAA CCA CCA GCT CCA CCC CCT CCT AAT AAA CAC CTA TTG TTG CTG AAG AGG CAA GAA GAG GAG GAG GAA GAA GCG GCT AAA TCC GAA CAA GAT GAT GAC GAC GAG ACG AAC GAC GAG GAC GAC GAC GAT GAG GAT GAT GAC GAT GGT GCT TCG TCC ACC GCT GCC GCG GAA GCA AGT AAC GCC AGT CAA CAG GAG GCT TCT AAA GGC GGA GGA GAT GGC GGT GGG GGT GGT GTT GTG ATT GTA GTT GTG ATT TCA GTT GTG GTT TTC ACA GCT GCT GTT GTT GTC GTG GTG TCT TAT TAC TTT TTT TAC TAC ACT TCT TCT TCC TCT GCC TCT TCC TGT TGT TGG TGC TGT TTG CTG TTG CTG TTA TTA TTG TTA TAT TTC TTC TTC TTT ATT CTA CTG CTG TTG GTC GTT TTA CTG TTG TTG TTG AAC CTT TTC TTT TTT TTC TTT TTT
paradoxus                                   --- --- --- --- --- --- --- --- --- --- --- --- --- --- --- --- --- --- --- --- --- --- --- --- GAT --- --- --- --- --- --- AAA AAA AAG AAA AAA AGA CAA CAA GAA GTG AAA AAG AAC AAT AAT CAA CCC AAA AAG AAC AGC AAG ACA CAA CAA GAA AAT GAC GGC AGG GAT AAT ATC ACT TCT GGA AAA AAA ACC ACG ACT ACT AAC GCT ACA TCT AGA AGA AAA AGT AAA ACT AGC AGT AGT ATA GTA ATC ATG ATG GCA GCT ATT ATC ATT ATC GTT CTA GTA AAA CAA CAA GAA AAA ACC CAC CAC AGT TCA AGA AAA CAT CAT TAC TCT CCT CCC CCA CCA CCT CCT GAA CCA CCA GCC CCA CCC CCC CCC GAT AAG CAC TTA TTG TTG CTA AAG AGG CAA GAA GAG GAG GAG GAA GAA GCA GCT AAA TCC GAA CAA GAT GAT GAC GAT GAA ACA AAC GAT GAG GAC GAC GAC GAT GAG GAC GAT GAT GAT GGC GCT TCT TCC ACC ACC GCC GCG GAA GTA GGT AAC ACC AGC CAA CAG GAG GCA TCT AAA GGT GGA GGC GAC GGC GGC GGG GGT GGT GTT ATT GTT GTA GTT GTG ATT TCA GTT GTG ACT TTT ACA GCT GCT GTT GTC GTC GTG GTT TCC TAT TAC TTT TTT TAC TAC TCT TCT TCT TCC TCT GCC TCT TCT TGT TGT TGG TGT TGT TTG CTA TTG TTA TTG TTA TTG TTA TAT TTC TTC TTT TTT ATT CTG CTG CTG CTT GTC GTT CTA TTA TTG TTA TTG AAA TTC TTC TTT TTT TTT TTC TTT
kudriavzevii                                --- --- --- --- --- --- --- --- --- --- --- --- --- --- --- --- --- --- --- --- --- --- --- --- GAT --- --- --- --- --- --- AAA AAG AAG AAA AAA AGA CAG CAA GAG GTG AAG AGG AAC AAC AAT CAA TCA AAG GCA AAC AAC AAG ACA CAA CAG GAA GTC GAC AGC AAG AAC AAT ATC ACT TCG GGA AAA AAA ACG GCC ACG ACC GAT GCT ACA TCA AGA AGA AAA AGT AAA ACC AGC AGC AGT ATA GTA ATC ATG ATG GCG GCC ATA ATC ATC ATT GTT TTG TTG AAC CAA CAA GAA GAA GAG CAC CAT CGC TCG AAA AAA CAC CAT TAT TCT CCT CCC CCC CCC CCC CCT CAA GTA CCT GCG CCA CCC CCC CCT GAT AAA CAC CTT TTG TTG CTA AAG AGG CAA GAA GAA GAA GAA GAA GAA GCG GCC AAG TCC GAG CAA GAC GAT GAC GAT GAG ACA GAG GAC GAC GAC GAT GAC GAT CAG GAT GAT GAT GAT GGC GCT TCA TCT ACT ATA GCC GCT AAG GTA AGT GAC ACA AGT CAA CAA GAA GCT TCT AAG GGT GGC GGC GGG GGC GGT GGC GGT GGT GTT GTT ATC GTT GTT ATG ATT TCA GTT GTG GTC TTC ACC GCC GCT GTC GTT GTG GTT GTC TCC CAT TAC TTT TTT TAC TAT AAT CCC TCT TCA TCT GCC TCC TCT TGC TGT TGG TGC TGT TTG TTA TTG TTA TTG TTG TTG CTG TAT TTC TTT TTC TTC ATT CTG CTG CTC CTA GTC GTC CTA CTG TTA TTG TTG AGG CTC TTC TTC TTT TTT TTT TTC



    1    1    1    1    2    1    1    1    1    1    1    1    1    1    1
    1    1    1    1    1    2    2    1    1    1    1    2    1    2    1
    1    1    1    1    1    1    1    1    1    1    1    1    1    1    1
    1    1    1    1    1    1    1    1    1    1    1    1    1    1    1
    1    1    1    1    1    1    1    1    1    1    1    1    1    1    1
    1    1    1    2    1    1    1    1    1    1    1    1    1    1    1
    2    1    1    1    1    1    1    1    1    1    1    1    1    1    1
    1    1    1    1    1    1    1    1    1    1    1    1    1    1    1
    1    1    1    1    1    1    1    1    1    1    1    1    1    1    1
    1    1    1    1    1    1    1    1    1    1    1    1    1    1    1
    1    1    1    1    1    1    1    1    1    1    1    1    1    1    1
    1    1    1    1    1    1    1    1    1    1    1    1    1    1    1
    1    1    1    1    1    1    1    1    1    1    1    1    1    1    2
    1    1    1    1    1    1    1    1    1    1    1    1    1    1    1
    1    1    1    1    1    1    1    1    1    1    1    1    1    1    1
    1    1    1    1    1    1    1    1    1    1    1    4    1    1    2
    1    1    1    1    1    1    1    1    1    1    1    1    1    1    1
    1    1    1    1    1    1    1    1    2    1    1    1    1    1    1
    1    1

CODONML (in paml version 4.4b, July 2010)  torun.nuc
Model: One dN/dS ratio for branches Global clock 
Codon frequency model: F3x4
ns =   7  ls = 285

Codon usage in sequences
--------------------------------------------------------------------------------------------------------------
Phe TTT  8  8 10  4  7  9 | Ser TCT  3  5  6  3  8 11 | Tyr TAT  2  4  2  4  3  2 | Cys TGT  2  4  3  6  3  4
    TTC  6  5  3  6  6  5 |     TCC  2  6  5  3  5  4 |     TAC  4  3  5  4  3  4 |     TGC  2  1  1  1  1  0
Leu TTA  8  3  4  9  4  6 |     TCA  3  4  2  2  2  2 | *** TAA  0  0  0  0  0  0 | *** TGA  0  0  0  0  0  0
    TTG 13 17 12  8 11 10 |     TCG  0  1  1  2  1  0 |     TAG  0  0  0  0  0  0 | Trp TGG  4  6  4  4  4  4
--------------------------------------------------------------------------------------------------------------
Leu CTT  1  1  1  3  1  1 | Pro CCT  5  5  7  4  5  3 | His CAT  6  3  2  3  3  2 | Arg CGT  2  1  0  0  1  0
    CTC  0  1  3  1  0  0 |     CCC  1  5  2  2  3  5 |     CAC  5  7  3  2  2  3 |     CGC  0  1  0  1  0  0
    CTA  3  3  2  2  2  4 |     CCA  8  2  1  4  4  5 | Gln CAA  4  9  9  6  9 10 |     CGA  0  1  0  0  1  0
    CTG  0  5  4  5  7  3 |     CCG  1  0  2  1  0  0 |     CAG  1  2  1  2  1  1 |     CGG  0  1  0  0  0  0
--------------------------------------------------------------------------------------------------------------
Ile ATT  7  3  6  4  3  5 | Thr ACT 10  6  3  2  4  5 | Asn AAT  6  6  6  5  3  4 | Ser AGT  5  1  7  2  5  4
    ATC  2  6  4  8  6  4 |     ACC  1  5  3  7  4  5 |     AAC  7  4  6  9  6  5 |     AGC  2  3  1  3  3  3
    ATA  2  2  2  1  1  1 |     ACA  0  1  7  0  4  4 | Lys AAA 10 15 16  9 14 16 | Arg AGA  3  3  4  2  4  5
Met ATG  4  4  3  3  3  3 |     ACG  0  3  0  2  2  1 |     AAG 12  7 10 13  5  6 |     AGG  0  4  1  1  2  2
--------------------------------------------------------------------------------------------------------------
Val GTT  9  9  8 10  8  8 | Ala GCT  8  5  7  5  9  6 | Asp GAT 14  9 11 10  9 11 | Gly GGT  4  2  6  5  5  4
    GTC  1  5  4  4  2  3 |     GCC  6  4  4 10  3  3 |     GAC  6 11  5 11  8  7 |     GGC  2  7  3  7  4  6
    GTA  5  3  3  1  3  4 |     GCA  3  3  3  3  2  3 | Glu GAA 13  8 10  8  9 10 |     GGA  2  3  2  3  3  2
    GTG  6  6  5  2  7  4 |     GCG  1  4  0  2  2  1 |     GAG  1  9  5  9  8  6 |     GGG  3  2  0  2  1  1
--------------------------------------------------------------------------------------------------------------

--------------------------------------------------
Phe TTT  6 | Ser TCT  6 | Tyr TAT  3 | Cys TGT  2
    TTC  7 |     TCC  3 |     TAC  2 |     TGC  2
Leu TTA  3 |     TCA  5 | *** TAA  0 | *** TGA  0
    TTG 13 |     TCG  2 |     TAG  0 | Trp TGG  4
--------------------------------------------------
Leu CTT  1 | Pro CCT  4 | His CAT  3 | Arg CGT  0
    CTC  2 |     CCC  7 |     CAC  3 |     CGC  1
    CTA  3 |     CCA  1 | Gln CAA 10 |     CGA  0
    CTG  4 |     CCG  0 |     CAG  3 |     CGG  0
--------------------------------------------------
Ile ATT  3 | Thr ACT  2 | Asn AAT  3 | Ser AGT  4
    ATC  5 |     ACC  3 |     AAC  6 |     AGC  3
    ATA  3 |     ACA  4 | Lys AAA 10 | Arg AGA  4
Met ATG  4 |     ACG  2 |     AAG 10 |     AGG  3
--------------------------------------------------
Val GTT  8 | Ala GCT  5 | Asp GAT 11 | Gly GGT  4
    GTC  6 |     GCC  6 |     GAC  8 |     GGC  6
    GTA  3 |     GCA  1 | Glu GAA 10 |     GGA  1
    GTG  3 |     GCG  3 |     GAG  5 |     GGG  1
--------------------------------------------------

Codon position x base (3x4) table for each sequence.

#1: castellii      
position  1:    T:0.22892    C:0.14859    A:0.28514    G:0.33735
position  2:    T:0.30120    C:0.20884    A:0.36546    G:0.12450
position  3:    T:0.36948    C:0.18876    A:0.25703    G:0.18474
Average         T:0.29987    C:0.18206    A:0.30254    G:0.21553

#2: bayanus        
position  1:    T:0.24188    C:0.16968    A:0.26354    G:0.32491
position  2:    T:0.29242    C:0.21300    A:0.35018    G:0.14440
position  3:    T:0.25993    C:0.26715    A:0.21661    G:0.25632
Average         T:0.26474    C:0.21661    A:0.27677    G:0.24188

#3: mikatae        
position  1:    T:0.23200    C:0.14800    A:0.31600    G:0.30400
position  2:    T:0.29600    C:0.21200    A:0.36400    G:0.12800
position  3:    T:0.34000    C:0.20800    A:0.26000    G:0.19200
Average         T:0.28933    C:0.18933    A:0.31333    G:0.20800

#4: kluyveri       
position  1:    T:0.21961    C:0.14118    A:0.27843    G:0.36078
position  2:    T:0.27843    C:0.20392    A:0.37255    G:0.14510
position  3:    T:0.27451    C:0.30980    A:0.19608    G:0.21961
Average         T:0.25752    C:0.21830    A:0.28235    G:0.24183

#5: cerevisiae     
position  1:    T:0.23293    C:0.15663    A:0.27711    G:0.33333
position  2:    T:0.28514    C:0.23293    A:0.33333    G:0.14859
position  3:    T:0.30924    C:0.22490    A:0.24900    G:0.21687
Average         T:0.27577    C:0.20482    A:0.28648    G:0.23293

#6: paradoxus      
position  1:    T:0.24400    C:0.14800    A:0.29200    G:0.31600
position  2:    T:0.28000    C:0.23200    A:0.34800    G:0.14000
position  3:    T:0.31600    C:0.22800    A:0.28800    G:0.16800
Average         T:0.28000    C:0.20267    A:0.30933    G:0.20800

#7: kudriavzevii   
position  1:    T:0.23200    C:0.16800    A:0.27600    G:0.32400
position  2:    T:0.29600    C:0.21600    A:0.34800    G:0.14000
position  3:    T:0.26000    C:0.28000    A:0.23200    G:0.22800
Average         T:0.26267    C:0.22133    A:0.28533    G:0.23067

Sums of codon usage counts
------------------------------------------------------------------------------
Phe F TTT      52 | Ser S TCT      42 | Tyr Y TAT      20 | Cys C TGT      24
      TTC      38 |       TCC      28 |       TAC      25 |       TGC       8
Leu L TTA      37 |       TCA      20 | *** * TAA       0 | *** * TGA       0
      TTG      84 |       TCG       7 |       TAG       0 | Trp W TGG      30
------------------------------------------------------------------------------
Leu L CTT       9 | Pro P CCT      33 | His H CAT      22 | Arg R CGT       4
      CTC       7 |       CCC      25 |       CAC      25 |       CGC       3
      CTA      19 |       CCA      25 | Gln Q CAA      57 |       CGA       2
      CTG      28 |       CCG       4 |       CAG      11 |       CGG       1
------------------------------------------------------------------------------
Ile I ATT      31 | Thr T ACT      32 | Asn N AAT      33 | Ser S AGT      28
      ATC      35 |       ACC      28 |       AAC      43 |       AGC      18
      ATA      12 |       ACA      20 | Lys K AAA      90 | Arg R AGA      25
Met M ATG      24 |       ACG      10 |       AAG      63 |       AGG      13
------------------------------------------------------------------------------
Val V GTT      60 | Ala A GCT      45 | Asp D GAT      75 | Gly G GGT      30
      GTC      25 |       GCC      36 |       GAC      56 |       GGC      35
      GTA      22 |       GCA      18 | Glu E GAA      68 |       GGA      16
      GTG      33 |       GCG      13 |       GAG      43 |       GGG      10
------------------------------------------------------------------------------

(Ambiguity data are not used in the counts.)


Codon position x base (3x4) table, overall

position  1:    T:0.23315    C:0.15449    A:0.28371    G:0.32865
position  2:    T:0.28989    C:0.21685    A:0.35449    G:0.13876
position  3:    T:0.30337    C:0.24438    A:0.24213    G:0.21011
Average         T:0.27547    C:0.20524    A:0.29345    G:0.22584

Codon frequencies under model, for use in evolver (TTT TTC TTA TTG ... GGG):
  0.02147456  0.01729895  0.01713988  0.01487312
  0.01606430  0.01294069  0.01282169  0.01112602
  0.02626056  0.02115434  0.00000000  0.00000000
  0.01027949  0.00828070  0.00000000  0.00711950
  0.01423013  0.01146316  0.01135775  0.00985568
  0.01064502  0.00857516  0.00849630  0.00737266
  0.01740158  0.01401794  0.01388904  0.01205220
  0.00681171  0.00548721  0.00543675  0.00471774
  0.02613170  0.02105053  0.02085696  0.01809862
  0.01954813  0.01574710  0.01560230  0.01353889
  0.03195562  0.02574203  0.02550532  0.02213223
  0.01250878  0.01007651  0.00998386  0.00866349
  0.03027137  0.02438527  0.02416104  0.02096573
  0.02264486  0.01824169  0.01807396  0.01568366
  0.03701790  0.02981997  0.02954577  0.02563832
  0.01449037  0.01167279  0.01156546  0.01003592



Nei & Gojobori 1986. dN/dS (dN, dS)
(Pairwise deletion)
(Note: This matrix is not used in later ML. analysis.
Use runmode = -2 for ML pairwise comparison.)

castellii           
bayanus             -1.0000 (0.3539 -1.0000)
mikatae              0.1417 (0.3385 2.3890) 0.0877 (0.1076 1.2273)
kluyveri            -1.0000 (0.3833 -1.0000) 0.1148 (0.3538 3.0827)-1.0000 (0.3360 -1.0000)
cerevisiae          -1.0000 (0.3246 -1.0000) 0.0952 (0.1081 1.1349) 0.0672 (0.0586 0.8716) 0.1220 (0.3330 2.7281)
paradoxus           -1.0000 (0.3192 -1.0000) 0.1113 (0.1059 0.9513) 0.0865 (0.0625 0.7222)-1.0000 (0.3323 -1.0000) 0.0835 (0.0449 0.5373)
kudriavzevii        -1.0000 (0.3493 -1.0000) 0.0924 (0.1049 1.1353) 0.0855 (0.0687 0.8027)-1.0000 (0.3645 -1.0000) 0.0636 (0.0773 1.2161) 0.0600 (0.0796 1.3259)


TREE #  1:  ((((((5, 6), 3), 7), 2), 1), 4);   MP score: -1
lnL(ntime:  6  np:  8):  -3889.341884      +0.000000
   8..9     9..10   10..11   11..12   12..13   13..5    13..6    12..3    11..7    10..2     9..1     8..4  
 1.889171 1.769003 0.532318 0.420231 0.334541 0.217238 2.262535 0.111248
SEs for parameters:
 0.156341 0.167736 0.037636 0.029281 0.029024 0.022044 0.208554 0.009932

tree length =   7.05167

((((((5: 0.217238, 6: 0.217238): 0.117303, 3: 0.334541): 0.085691, 7: 0.420231): 0.112087, 2: 0.532318): 1.236686, 1: 1.769003): 0.120167, 4: 1.889171);

((((((cerevisiae: 0.217238, paradoxus: 0.217238): 0.117303, mikatae: 0.334541): 0.085691, kudriavzevii: 0.420231): 0.112087, bayanus: 0.532318): 1.236686, castellii: 1.769003): 0.120167, kluyveri: 1.889171);

Detailed output identifying parameters

kappa (ts/tv) =  2.26253

omega (dN/dS) =  0.11125

dN & dS for each branch

 branch          t       N       S   dN/dS      dN      dS  N*dN  S*dS

   8..9      0.120   627.7   227.3  0.1112  0.0128  0.1153   8.0  26.2
   9..10     1.237   627.7   227.3  0.1112  0.1320  1.1863  82.8 269.6
  10..11     0.112   627.7   227.3  0.1112  0.0120  0.1075   7.5  24.4
  11..12     0.086   627.7   227.3  0.1112  0.0091  0.0822   5.7  18.7
  12..13     0.117   627.7   227.3  0.1112  0.0125  0.1125   7.9  25.6
  13..5      0.217   627.7   227.3  0.1112  0.0232  0.2084  14.6  47.4
  13..6      0.217   627.7   227.3  0.1112  0.0232  0.2084  14.6  47.4
  12..3      0.335   627.7   227.3  0.1112  0.0357  0.3209  22.4  72.9
  11..7      0.420   627.7   227.3  0.1112  0.0448  0.4031  28.2  91.6
  10..2      0.532   627.7   227.3  0.1112  0.0568  0.5106  35.7 116.1
   9..1      1.769   627.7   227.3  0.1112  0.1888  1.6969 118.5 385.7
   8..4      1.889   627.7   227.3  0.1112  0.2016  1.8122 126.6 411.9

tree length for dN:       0.7525
tree length for dS:       6.7643


Time used:  0:06
