
seed used = 1418807729
      6   1854

castellii                                  ATG TTG CAA ATA GGA CCA ATT TTA CTA TTA CTC TCT CTA TTT GGA ATC CAT GCG TTA AGC AGT CCA GTG GGT ACG GCA GGG AAG CAA GAA CCC AAC TTA CGA AGT AGT AAG AAT CAA TAT GCC AAA AGG AAC TCC GGA TCG GGT CAT TTG GAA ATA GAG TTG CAA CAT ATA GAA CAG ACA TAT TAT GCA ACT ACT TTA GAA ATT GGT ACC CCA CCA CAG AAT CTC ACT GTA TTA TTT GAT TCT GGT TCT TCT GAC CTT TGG GTC ATG GAT GCA TCA AAT CCA TAT TGC GAA TCA CAA TAT ACT GGC TCT --- --- --- --- CAG ACA TAT AAT GGG TCT TCA ATT AAC CAG GCA TCG ACC ATT GAT TGT TCA AGT TTT ATG ACA TTT AAC AAA TCA CTG TCT TCT AGT TTT AAA ACA AAG GGA ACA TCA AGA TTT TAT GCT TAT TAT TCA GAC AAG ACA TTC GCT GAT GGT AGT TGG GCT ACT GAG AAG CTA ACA ATG AAT GGT GTG GAC GTT TCT AGT TTA CAA TTC GGT TTA GGA AAT TGT GTA ACC ACT CCT GTA AGT GGT GTC CTT GGT ATT GGA TTC CCC CGG AGA GAA TCT GTA AAG GGG TAT GAC AAT GCT CCA AAT GAA TTC TAT CCA AAT TTT CCA CAA GTG TTA AAG AAT CAA GGC ATC ATT GAT GTT GTA GCC TAT TCT ATG TTT CTA AAC AAA TTG GAG TCA GAC ACT GGC TCC ATA TTA TTT GGT GCT ATA GAC ACA TCC AAA TAT ACT GGC GAT CTG GTT ACT TTC CCT ATG TTA AAT ATT TAT CCC GAT GTC ACT GAT AAA CCT GCC ACT CTG ATG GTA ATA TTA CAA GGA TTG GGA GCC CAA GAT AAT GCA AAT TGC AAG GCA GAA ACT TTT GTT ACT AGT AAA ATA CCT GTA TTG TTG GAT TCC GGT ACC ACT TTA ATG GGC GCA CCC AAG GAG ATC GCT GAT ATG ATG GCA GAT TTT ATG AAT GCT ACT TTT AGT GAG GAT GAG GGA ATA TAT ATA ATG GAA TGT CCA ACG AAA GAA ACA TTG GCC AAC ACT GAT TAT ATT TTT GAC TTT GGT GGG GTG CAA ATC AAG GTT CCT CTA TCC AAC TTC ATT CTT TCT GCT CAA AGT GAG GGC GGT CCT TGT GGT TTT GCA GTT TTG CCA GAT GAT AGT AAT ACT ATG GTC CTG GGG GAT ATA TTT TTA TCG TCT GCA TAT GTA GTT TTT GAT CTG GAT AAT TAC CAG ATA TCT TTG GCA GCA GCA AAT TTG GAC AAC AAT GTC TCT CTT GAA GAT AGT ATA ATC AAT ATT CCA AGT GAT GGA AAC ATT CCC AAC GCA AAA ATG GCC ACT GTG GAT CCA TGG TCT ACC TAT GAA ACC TTT ACT GTT ACA TCA GCT ATT GCC ACT --- --- GCT TGC ACA --- AAG CCC ATC TCA TCG TCA TCA TCG TCA TCA TCA TCA TTA CAC CCA TCT TCG CAA TTA ACA --- --- --- ACA ACA AAG CCA GAT GAC AGT CAT ATA CCG TCT TCT TTA GCA ACA ACG ACA GCA GAT GCC CCT GAA CAG CTT AGC AGT CAG GTT GAA ATC GTA TAT AAG ACA AAG ACT GAG ACA ATT CAC TCA ACT GTT GTA ATT GGA --- --- --- --- --- --- --- --- --- --- --- --- --- --- --- --- --- --- --- --- --- --- --- --- --- --- --- --- --- --- --- --- --- --- --- --- --- --- --- --- --- --- --- --- --- --- --- --- --- --- --- --- --- --- --- --- --- --- --- --- --- --- GTG TGT AAT GCA AAA TCA TAT ACA ACA CTC ACT AAT --- --- --- --- --- --- 
mikatae                                    ATG TTT ATA ATA CAT AAT TTC TGT TTG CAA CTT TTG TTG GCG AGT TTG GCT ATC ATT AAT ACT ATT GCT --- --- --- --- --- --- --- --- --- --- --- --- --- --- --- --- --- GCT ATA ACA AAT GAT GGC ACT GGT CAT TTA GAA TTC TCC CTA CAG CGT AAA GAG GAT ATG TAT TAC GCT ACG ACC TTA GAT ATA GGC ACT CCG TCT CAA CAA CTG ACA GTA TTA TTT GAT ACC GGG TCT GCT GAT TTT TGG ATT ATG GAT TCT AGT AAC CCG TTT TGC TTA TCA ACT TCA AGC ACA TCA TCA TAT CTA AAC GCA ACT TAC GAT GGC AGC ATA ATC ACG CCT TCA --- --- GTT GAT TGC CAG TCT ATG GTC ACA TAT AGC GAG GGT AAT TCT TCC ACG TAC CAA AAT CTA GAT AAT GGT AGG TTT TAT ATT ATT TAT GCG GAC GGA ACG TTT GCT GAT GGT ACT TGG GGG ACG GAA ACA GTA TCA ATT GAT GGA ATT GTC ATC CCT AAC ATT CAG TTT GGT TTA GCT AAA TAT GCT ACA ACA CCA GTA AGT GGT GTC CTA GGC ATC GGA TTT CCT AGA AGA GAG TCT GTT AAG GGT TAC GAA GGG GCA CCT AAT AAG TAC TAT CCT AAT TTC CCA CAA ATC TTA AAA AGT GAA CAA ATC ATT GAC GTT GTC GCC TAC TCG TTA TTC TTA AAT TCA CCT GAC TCT GGA ACT GGT TCT ATT ATT TTT GGC GCC ATT GAT GAA TCA AAA TTC TCT GGG GAT TTA TTT ACT TTT CCT ATG GTG AAT GAA TAT CCT AAT ATA GTC GAT ACT CCT GCA ACT TTA GCA ATG ACC ATT CAA GGT TTA GGT GCT CAA AAC AAA AAC AGC TGC GAG TAT GAA ACA TTT ATG ACG ACC AAG TAT CCG GTT TTA TTG GAC TCA GGA ACA TCG CTA TTA AAT GCG CCA AAA GTA ATT GCA GAC AAG ATG GCT TCC TTC GTG AAT GCT ACT TAT AGT GCA GAG GAA GGA ATA TAC ATA TTA GAT TGT CCA --- --- GCT TTC GCA GAT GAA ATT GAA TAT ACT TTC GAC TTT GGC GAT TTG AAA ATA AGT GTT CCA CTT ACT AGT TTA ATT CTA AGT CCT GAG GCT GAG GGT GGT TAT TGT GGG TTT GCG GTC CAA CCA ACA AAC --- GAT TCT ATG GTT CTA GGC GAT GTG TTC CTT TCC TCT GCA TAT GTT GTA TTT GAT CTC GAT AAC TAT AAA ATA TCT TTA GCA CAA GCA AAT TGG GAT --- GTC AGC GAG ATT ACA ACA AAA TTA GTG AAT GTT CGC GCA GAT GGG TCC ATT CCA GGC GGT AAG ACC GCT ACA GCT GAA CCT TGG ACC GCT AAT GAG CCA TTT ACA GTT ACC TCT AAC ATT TTC TCA TCG ACC GAT TGC AAG AGT ACG CCT ATT ATT CAA TCA TCA ACA ACT CCT TCA TCT ATT GCA AAT ACC AGC ATG CAG GCT GGC AAA TAC TCT ACG AAA ATA CTG GGC ACC AGA TTA ACT ACT ACC TTA AGT AAA ACT ACG CCA --- --- AGC AGT ATG AAC CAA AGT ATG AGT GCA ACC ACG AAA AAC TCT AAC AGT GGT ACG TTA AAA TCA TCC TTA ACT GTG GAA AAG TCA GGC AGT AGT TTT CTT TCC ACG ATT TCA ATA GAA ACA TCG TCC ATG AGC GAC AAG GAA ACA CAT CTC ACC CAT TCG AAA CAC CAG ACC ATA AGG AAT TCA CAC ACA ATA GAG AAT TCT AGA TTT CAC CCA GAA TCT GTC CAT AAA ACG ACA AAT CGA CCT GCT CAC AAG ACA ATC ATA ACA GAA ACT GTC ACG AAG TAT TCT ACG GTT CTG GTA AAT ATC TGC AAG CCG ACG TAT 
kluyveri                                   ATG TAT TTC CTA AAA GAA TCA ATA TCA TTC CTA CTA CTC TGT GCA GCC ACA GCT GCT TCC ACA GAT GGG --- GTT ATG GAA GTG ATG TTT TCA AAA CAT AAA GAT GTC AGC TAT GGT AAT TCT CTC TGG AAA AGA AAT CAA AAT TCA TTA GCG TTA AAC TTA AAG AAT --- GAA CAG ATA TTT TAC GCA GCC GAC CTC AAT GTG GGT ACA CCT CCA CAA AAC TTA ACG GTA CTC CTT GAT ACT GGG TCA TCT GAC TTG TGG GTT ACT GGC TCT GAT AAC CCA TAC TGT TTG AGT AAC GAG ACC ACT ACT GAG --- --- --- --- --- --- CCA AGC AAA AAT ATT ACG AAA TCG --- GTA GTT GAT TGC AGC AGG TAT GGC ACA TTT GAA AAA GAT AAT TCT TTA ACT TTC AGT CAA AGC GAC --- AGT AGG TTT CAA ATA AAT TAT GCT GAT AAC ACT TTT GCT AAC GGG TAT TGG GCC AAA GAT GTA GTA TCG TTT GGT GAC AAT TTT ATT GCA GAC ATG CAA TTT GCA GTG GCT AAT --- GAA ACA AAC TCC ACG GTT GGA GTT CTC GGA ATT GGC TTT GAA AGA TTG GAA TCT GTG AAA GGC TAT GAA GGA GCA CCT AAT ACA TAT TAT CAA AAT TTC CCA TTG GCC CTT AAA AAT AAC GGT GTT ATA GAC AAA ACT GCA TAT TCC CTC TAT TTG AAT TCT TTG GAT TCC AGT AGT GGT TCC ATA CTG TTT GGT GGT ATC GAT TCG AAT AAG TAT ACT GGT GAC TTG TAT ACA TTT CCT TTG GTC AAC ATA CAC CCA TCT GTT GTG AAC AAG CCG GCC AAA TTT CAC GTT ACT GTT CAA GGC ATT GGT GTT CAA AGC --- TCT GGT AGT GAA CAA AGT ATT TTG ATG TCT ACC AAG TAT CCA GCA TTA TTG GAC TCC GGT ACC ACT CTT CTC GTC GCG CCA CAA GAA TTT GCA GAC TCT ATG GCA AAT TAT GTC AAT GCC ACT TAC AAT GAC TTG GAG GGT ATA TAT ACC ATG ACC TGT CCG --- --- CCG GAA AAC GAC GAC ACA GAG TTC TTA TTT GAT TTT GGC GAT TTG AAG ATA AAA GTC CCC TTA AAA AAT TTT ATT TTG GCC CCG GAA --- GAT AAT GAA TAT TGT GGG TTT GGG GTT TTG CCC ACT GTT --- GAC ACA ATG ATT CTT GGT GAT ATG TTT CTA TCA GCA GCC TAT GTT GTT TAT GAT CTG GAA AGC TAC GAA GTG TCT TTA GCT CAA GCC AAC TGG AAC --- --- --- TCA GAT GAG TCC GAA ATA CAG GCA ATT CGG --- --- CAT ACC GTA CCG GGA GCT ACC AAG GCT ACC GCT GCA ACA TGG TCA CCA TAT GAA ACT ACT GCG ACA ACC TCT TAC TCC CGG AGC GCA ACG GTA TCC TCT TAC GAT AGT ATG ACA ACC GAG TAT ACA GAA GTT ACT CAA TCC ACC CAG TTA GCA GCC GAC TGT TCC AGA CCT AGT TCT TGG CCA TTG AAA TTC CAT AAA AAG AAA TCT GAT AAA AGT GAA GAT AAC TGT AGT TCT GAA AGT GCC AGC AGC GAC AGT TGG ATG CCA TCA GTT AAC ATT GAC ATT GAC TTT AAT AAG GCA ATA GTC TCT GAT AAC GCT GCC GGC --- --- --- --- --- --- --- --- --- --- --- --- --- --- --- --- --- --- --- --- --- --- --- --- --- --- --- --- --- --- --- --- --- --- --- --- --- --- --- --- --- --- --- --- --- --- --- --- ACT GAC GGG GGA AAC AAA TGT TTA CTA AAT TTG CTA TTT GTG CTC TTT ATA CCG ATT TTA TTT --- --- --- --- --- --- --- 
cerevisiae                                 ATG TCT GCA ATT AAT CAT CTT TGT TTG AAA CTT ATT TTG GCG AGT TTC GCG ATT ATT AAC ACC ATT ACT --- --- --- --- --- --- --- --- --- --- --- --- --- --- --- --- --- GCT TTA ACA AAC GAT GGC ACT GGT CAC TTA GAA TTC CTT TTA CAA CAC GAA GAG GAG ATG TAT TAC GCA ACA ACC TTA GAT ATA GGT ACA CCG TCC CAA AGT CTG ACA GTG TTG TTT GAT ACC GGA TCT GCC GAT TTT TGG GTT ATG GAT TCT AGC AAT CCC TTC TGC TTA CCA AAT TCA AAT ACG TCA TCC TAT TCA AAC GCA ACT TAT AAT GGC GAA GAA GTT AAG CCT TCA --- --- ATT GAT TGC AGG TCT ATG AGT ACT TAT AAT GAG CAT AGA TCT TCC ACC TAC CAA TAT CTG GAA AAT GGT AGG TTT TAC ATC ACA TAT GCT GAC GGA ACA TTT GCT GAC GGT AGT TGG GGG ACG GAA ACT GTA TCA ATT AAT GGA ATT GAC ATC CCC AAT ATC CAG TTC GGA GTT GCC AAG TAT GCT ACG ACA CCC GTT AGT GGT GTT CTT GGA ATT GGG TTT CCT AGA AGA GAG TCC GTT AAG GGC TAT GAA GGT GCT CCT AAT GAA TAT TAT CCT AAT TTT CCT CAG ATT TTA AAA AGT GAA AAA ATA ATC GAT GTG GTC GCG TAT TCG CTG TTC TTA AAC TCA CCT GAT TCA GGT ACT GGT TCG ATT GTT TTT GGT GCC ATT GAT GAA TCA AAG TTT TCT GGT GAT TTG TTC ACT TTC CCT ATG GTA AAT GAA TAT CCC ACA ATA GTC GAC GCT CCT GCA ACT TTA GCA ATG ACT ATA CAA GGA TTA GGT GCC CAA AAC AAA AGT AGT TGT GAA CAT GAA ACG TTT ACG ACG ACC AAG TAT CCA GTT TTG TTG GAC TCA GGA ACC TCG CTA TTG AAT GCG CCC AAG GTC ATA GCA GAT AAA ATG GCT TCT TTT GTA AAT GCG TCC TAT AGT GAA GAG GAA GGT ATA TAT ATA TTA GAC TGT CCA --- --- GTA TCT GTA GGT GAC GTG GAA TAC AAT TTT GAT TTC GGC GAT TTG CAA ATA AGT GTT CCA CTG TCT AGT TTG ATT TTA AGT CCC GAG ACA GAA GGC AGC TAT TGT GGG TTT GCG GTC CAG CCA ACA AAC --- GAT TCG ATG GTT CTG GGT GAT GTG TTC CTG TCC TCT GCA TAC GTC GTA TTC GAT CTC GAT AAT TAT AAG ATA TCT TTA GCA CAG GCA AAT TGG AAC --- GCA AGC GAA GTT TCG AAA AAG CTA GTA AAT ATT CAA ACA GAT GGG TCT ATT TCA GGT GCC AAA ATT GCT ACA GCT GAA CCC TGG TCC ACC AAT GAA CCA TTT ACA GTC ACC TCT GAC ATT TAT TCA TCT ACA GGC TGC AAG AGT AGG CCT TTT CTT CAA TCA TCG ACA GCC TCT TCG CTT ATT GCA GAA ACC AAC GTA CAA AGT CGC AAC TGC TCT ACG AAG ATG CCA GGC ACT AGA TCA ACT ACT GTC TTA AGT AAG CCT ACT CAA AAT --- AGT GCT ATG CAT CAA AGT ACA GGC GCT GTC ACA CAA ACC TCA AAT GAA ACT AAA TTA GAA TTA TCC TCG ACT ATG GCA AAT TCG GGC AGT --- --- --- --- --- GTC TCG CTT CCC ACT TCG AAT TCA ATA GAC AAA GAG --- --- TTC GAA CAT TCG AAA TCT CAA ACT ACC AGC GAT CCA AGT GTA GCA GAG CAT TCT ACG TTT AAC CAA ACG TTT GTA CAT GAA ACT AAA TAT CGG CCT ACT CAT AAG ACA GTC ATA ACA GAA ACT GTC ACG AAG TAT TCT ACA GTC TTA ATA AAT GTC TGT AAA CCA ACA TAT 
paradoxus                                  ATG TTT ATA ATA AAT ATC CTT TGT TTA AAA CTC ATA CTG GCG GGT TTC GCC ATC ATT AAT ACC ATT GCT --- --- --- --- --- --- --- --- --- --- --- --- --- --- --- --- --- GCC TTA ACA AAC GAT GGT ACC GGT CAT TTA GAA TTC TTT CTA CAG CAA GAA GAG GGG ATG TAT TAC GCA ACA ACC TTA GAT ATA GGT ACG CCG TCT CAA CAA CTG ACA GTA TTG TTT GAT ACC GGG TCT GCT GAT TTT TGG GTT ATG GAT TCT AGC AAT CCT TTT TGC TTA CCA ACT TCA AAT ACG TCA TCC TAT TCA AAC GCA ACT TAC GAT GGC GAA AGG GTT ACG CCC TCA --- --- GTT GAT TGC GGG TCT ATG AAT ACT TAC AAC GAC AAT AGC TCT TCC ACC TAT CAA AAT CTG GAT AAT GGT AGA TTC TAC ATT ACT TAT GCT GAC GAA ACA TTT GCT GAC GGC ACT TGG GGG ACG GAA ACT GTA TCA ATT AAT GGA ATT GAC ATC CCT AAC ATC CAG TTT GGT GTA GCT AAA TAT GCT ACG ACA CCC GTT AGT GGT GTC CTG GGA ATT GGG TTT CCT AGA AGG GAG TCC GTT AAG GGC TAT GAA GGT GCT CCT AAC AAA TAT TAT CCT AAT TTT CCA CAA ATC TTG AAA AGT GAA CAA ATC ATT GAT GTG GTC GCA TAT TCT TTG TTC TTG AAC TCG CCT GAT TCT GGT GCT GGC TCG ATT GTT TTT GGT GCC ATT GAT GAA TCA AAG TTC TCC GGT GAT TTG TTT ACT TTC CCT ATG GTA AAT GAA TAT CCC ACA ATA GTC GAT GCA CCT GCG ACG TTA GCA ATG ACT ATA CAA GGT TTA GGC GCT CAA AAC AAA AGT AAC TGT GAA CAT GAA ACG TTT ATG ACG ACC AAG TAC CCG GTA TTG TTG GAC TCA GGA ACC TCG CTA TTG AAT GCG CCC GAG GTC ATA GCA GAT AAA ATG GCT TCT TTT GTA AAC GCG TCC TAT AGT GCA GAG GAA GGT ATA TAC ATA TTA GAT TGC CCA --- --- GTA TCT GCA GAT GAC GTA GAA TAC AAT TTT GAC TTC GGC GAT TTG CAA ATA AGT GTT CCA CTA ACT AGT CTG ATT TTG AGT CCC GAG ACG GAA GGT GGT TAT TGT GGG TTT GCG GTC CAG CCA ACA AAC --- GAT TCG ATG GTT TTG GGC GAT GTA TTC CTG TCC TCT GCA TAT GTT GTA TTC GAT CTC GAT AAT TAT AAA ATA TCT CTA GCA CAG GCA AAT TGG AAC --- GCT AGT GAG GTT TCG AAA GAA CTA GTG GAA ATT GGG ACA GAT GGG TCT ATT CCA GGC GCC AAG ACT GCT ACA GCT GAA CCC TGG TCC ACT AAC GAA CCT TTT ACA GTC ACC TCT GAT ATT TAC TCA TAT ATC GCC TGC AAG AGT AAG CCT TCC GTT CAA TCA CCA ACA GCC TTT TCG TAT ATT GTA CAA ACG AGC GTG GAA ACT CGC AAC TGC TCT ATA AAA GTA CCA GGC GCC AGA TCA ACG ACT ATT TTA AGC AAA ACT ACT CAA TAC --- AGT GAT ATG CAC CAA ACT ATA AAG GCT ACC ACA AAA AAA TCA AAC GGT ACT AAA TTA AAA TCA TCT TCG ACT ACG GAG AAT TCA GGC GGT --- --- --- --- --- GTC CCG GTT CCC ACC TCG ATT TCT TTA GAT ACA GGG --- --- TTT ACC CAT TCG ATA TCC CAA AAC ACC AGC AAT CCA AGT GTA GTA GAG CAT TCT ACG CTC AAC CCA ACA GTT GTG CAT GAA ACT AAA AAT CGA CCT GCT CAC AAG ACA ATC ATA ACA GAA ACT GTT ACG AAG TAT TCT ACA GTC CTG ATA AAT GTC TGT AAG CCA ACA TAT 
kudriavzevii                               ATG TTC ATA ATA GGT AGT TTT TCT TTA CGA CTT TTG CTA GCA GGG CTG GCC ATC ATT AAT ACC ATT GCT --- --- --- --- --- --- --- --- --- --- --- --- --- --- --- --- --- GCC TTA ACA AAC GAT GGT AGT GGT CAT TTA GAG TTA TCG CTA CAG CGT GAA GAG CAA ATG TAT TAC GCC ACA ACC TTA GAT ATA GGT ACG CCG TCT CAA CAG CTG ACA GTA TTA TTT GAT ACT GGA TCT GCA GAT TTT TGG GTT ATG GAT TCC AGC AAT CCC TTC TGC TCA CCA AAG TCC AAT CCG TCA CTG TAT CAA AAT GCA ACT TAT AAT GGT AGT AAG ATC ACG CCT TCA --- --- GTC GAT TGC TCA TCT ATG AGT ACA TAT AAC GAG AAC AGT TCC TCC ACT TAC CAA GAC CTC GAT AAT GGC AGG TTC TAT ATT ATT TAT GCT GAT GAA ACA TTT TCT GAC GGT TCT TGG GGA AAG GAA ACT GTG TCG GTT AAT GGC ATT GAC ATC CCT GAT ATT CAG TTT GGC TTA GCT AAA TAC GCT ACA ACG CCT GTC AGT GGT GTT CTG GGT ATT GGA TTT CCC AGA AGG GAG TCT GTT AAG GGC TAT GAA GGT GCT CCC GAT AAA TAC TAT CCC AAT TTT CCA CAG CTT TTG AAG AGT GAG CAG ATC ATT GAC GTG GTC GCA TAT TCG CTA TTC CTG AAT TCG CCT GAT TCT GGC ATG GGT TCC ATT GTG TTT GGT GCC ATT GAT GAA TCG AAA TTT TAC GGT GAT TTG CTC ACT TTT CCC ATG GTA AAT GAA TAC CCC ACT ATA GTC GAT GCC CCT GCG ACT TTA GCA ATG ACC ATA CAA GGT TTA GGA GCT CAA AAT AAA AGC GGC TGT GAA CGT GAA ACA TTT ATG ACG ACC AAG TAC CCA GTT TTA TTG GAC TCG GGA ACA TCG CTA TTG AAT GCA CCA AAA ACT ATA GCA GAT AAG ATG GCC TCC TTT GTA AAT GCG TCG TAT AGT GCA GAT GAA GGT ATA TAT ATT CTG AAT TGC CCA --- --- GAT TCT GCA GAT GAC ATA GAA TAC ACC TTT GAT TTT GGT GAT TTG CAA ATC AAT GTT CCA TTA ACT AGT CTG ATT TTG AGT CCT GAG GTT GAA GGT GGT TAT TGT GGG TTC GCT GTG CAA CCA ACA AAC --- GAT TCC ATG GTT CTA GGG GAT GTG TTC TTG TCT TCT GCA TAT GTT GTA TTT GAT CTC GAC AAC TAT AAG ATA TCA TTA GCA CAG GCA AAT TGG AAT --- GCG AGT GAA GAT TCA AAA CAG GTG ATA AAC ATT CCT ACA GAT GGA TCG ATT CCG GGA GGT AAG AGT GCT ACC GCC GAA CCT TGG TCC ACG AAT GAA CCA TTT ACT GTC ACG TCT GAT ATC TAC TCG TCG GCC GTT TGT AAG AGT AAG TCC GCT GTT CAT CTA CCC ACA GGG TCT TCA TCT ACT ACG CAA TCC AAC GTG CAG GCT CGT AGT CCC TCG GCA AGA ATA GCG AGG AGC AGG TCA ACT ACT ACG CTA AGT AAT ACT ATC CAA ACT GGT GGT TTC ATG AAC CAA ACT ATA AGC GCT GCC ATG GAA AGT TCG AGC GCG ACT AAG CCA AAA GCC CCC CCC CAC TGT GAT --- --- --- --- --- --- --- --- --- --- --- --- --- --- --- --- --- --- --- --- --- --- --- --- --- --- --- --- --- --- --- --- --- --- --- --- --- --- --- --- --- --- --- --- --- --- --- --- --- --- --- --- --- --- --- --- --- --- --- --- --- --- --- --- --- --- --- --- --- --- --- --- --- --- --- --- --- --- --- --- 



Printing out site pattern counts


         6       1803  P

castellii                                   --- --- --- --- --- --- --- --- --- --- --- --- --- --- --- --- --- --- --- --- --- --- --- --- --- --- --- --- --- --- --- --- --- --- --- --- --- --- --- --- --- --- --- --- --- --- --- --- --- --- --- --- --- --- --- --- --- --- --- --- --- --- --- --- --- --- --- --- --- --- --- --- --- --- --- --- AAA AAA AAA AAA AAA AAA AAA AAA AAA AAA AAC AAC AAC AAC AAC AAC AAC AAC AAC AAC AAG AAG AAG AAG AAG AAG AAG AAG AAG AAG AAG AAG AAG AAG AAT AAT AAT AAT AAT AAT AAT AAT AAT AAT AAT AAT AAT AAT AAT AAT AAT AAT AAT AAT ACA ACA ACA ACA ACA ACA ACA ACA ACA ACA ACA ACA ACA ACA ACA ACA ACA ACA ACA ACA ACC ACC ACC ACC ACC ACC ACG ACG ACG ACT ACT ACT ACT ACT ACT ACT ACT ACT ACT ACT ACT ACT ACT ACT ACT ACT ACT ACT ACT ACT ACT ACT AGA AGA AGC AGC AGG AGT AGT AGT AGT AGT AGT AGT AGT AGT AGT AGT AGT AGT AGT AGT AGT ATA ATA ATA ATA ATA ATA ATA ATA ATA ATA ATA ATA ATA ATC ATC ATC ATC ATC ATC ATC ATG ATG ATG ATG ATG ATG ATG ATG ATG ATG ATG ATG ATT ATT ATT ATT ATT ATT ATT ATT ATT ATT ATT ATT ATT ATT CAA CAA CAA CAA CAA CAA CAA CAA CAA CAA CAA CAA CAC CAC CAG CAG CAG CAG CAG CAG CAG CAT CAT CAT CAT CCA CCA CCA CCA CCA CCA CCA CCA CCA CCA CCA CCA CCA CCA CCC CCC CCC CCC CCC CCC CCG CCT CCT CCT CCT CCT CCT CCT CGA CGG CTA CTA CTA CTA CTA CTC CTC CTC CTG CTG CTG CTG CTG CTT CTT CTT CTT CTT GAA GAA GAA GAA GAA GAA GAA GAA GAA GAA GAA GAA GAA GAC GAC GAC GAC GAC GAC GAC GAC GAC GAG GAG GAG GAG GAG GAG GAG GAG GAT GAT GAT GAT GAT GAT GAT GAT GAT GAT GAT GAT GAT GAT GAT GAT GAT GAT GAT GAT GAT GCA GCA GCA GCA GCA GCA GCA GCA GCA GCA GCA GCA GCA GCA GCA GCA GCC GCC GCC GCC GCC GCC GCC GCC GCG GCT GCT GCT GCT GCT GCT GCT GCT GCT GCT GGA GGA GGA GGA GGA GGA GGA GGA GGA GGA GGA GGC GGC GGC GGC GGC GGC GGG GGG GGG GGG GGG GGT GGT GGT GGT GGT GGT GGT GGT GGT GGT GGT GGT GGT GTA GTA GTA GTA GTA GTA GTA GTA GTA GTA GTC GTC GTC GTC GTC GTG GTG GTG GTG GTG GTG GTT GTT GTT GTT GTT GTT GTT GTT GTT GTT TAC TAT TAT TAT TAT TAT TAT TAT TAT TAT TAT TAT TAT TAT TAT TAT TAT TAT TAT TCA TCA TCA TCA TCA TCA TCA TCA TCA TCA TCA TCA TCA TCA TCA TCA TCA TCA TCC TCC TCC TCC TCC TCG TCG TCG TCG TCG TCG TCT TCT TCT TCT TCT TCT TCT TCT TCT TCT TCT TCT TCT TCT TCT TCT TCT TCT TCT TGC TGC TGC TGG TGT TGT TGT TGT TGT TTA TTA TTA TTA TTA TTA TTA TTA TTA TTA TTA TTA TTA TTA TTA TTA TTA TTC TTC TTC TTC TTC TTG TTG TTG TTG TTG TTG TTG TTG TTG TTG TTG TTT TTT TTT TTT TTT TTT TTT TTT TTT TTT TTT TTT TTT TTT TTT TTT TTT TTT
mikatae                                     AAA AAA AAA AAC AAG AAG AAG AAG AAT AAT AAT ACA ACA ACA ACA ACA ACA ACC ACC ACC ACG ACG ACG AGA AGC AGG AGT AGT AGT ATA ATA ATA ATA ATC ATC ATG ATT CAC CAC CAC CAC CAG CAT CAT CCA CCG CCT CGA CTA CTC CTT GAA GAA GAA GAC GAG GCT GGC GGC GTC TAC TAT TAT TCA TCA TCA TCA TCC TCC TCG TCG TCT TCT TGC TTT TTT --- AAA AAG AAG AAG ACT ATA CAA GAG TCA --- --- AAT AAT ACG AGC AGT GAA GGC TCC --- --- AAA AAA AAA AAC AAC AAG ACA ACG AGT CTA GAG GGA --- AAA AAA AAC AAC AAT AAT AAT AAT AAT AAT AGC AGT CAA GAT GAT GAT GGG GTC GTC AAA AAG AAT AAT ACA ACC ACG ACG ACG ACG ACG ACT ATG GAA GCT GTT TCA TCT TCT TTC --- ACA ACA ACT CCA GCT --- --- ACT ACA ACA ACA ACA ACA ACC ACG ACG ACG ACT ACT ACT ACT AGC AGT ATT GTA GTC TCA TCC TCG TCT TCT AGA AGG AAT CAA ACA --- --- --- AAA AAC ACC ACC ACG ACT ACT AGT AGT AGT GCA GCT TCT AAA ACC ATA ATA ATA ATA ATT ATT GTG TAT TTA TTA TTC ACC ATA ATC ATT ATT GTG TTG AAG ACC ATG ATG ATG ATT GCA GTC GTG TTA TTA TTA ACT ATA ATC ATC ATT ATT ATT ATT GAA GTG GTT GTT TTA TTC --- --- AAA ACT ATA ATG CAA CAA CAG CAG GAA GAG AAA GCA AAA ATG ATG CAA CCT GAT GCA AGA CAT CGT GCT AAT AAT ATA ATT CCA CCA CCA CCG CCG CCT CCT CCT CGC TCT --- CCA CCA CCT CCT CCT ACT AGC CCA CCA CCG CCT CCT TAT --- AGA CTT GTA TTA TTG TTG CTG CTG CTT AAT CTA CTC TTA TTA AAC ATT CTA CTA TTT --- AAG ACA AGT GAA GAA GAG GAG GAT GAT GCA GCT TTA GAA GAC GAC GAT GAT GAT GGA GGC GTC GAA GAA GAC GAG GCA GGT GTA TCC --- AAC AAC AAT ACA ACA CTG GAA GAA GAC GAC GAC GAG GAT GAT GAT GAT GAT GAT GAT TCC --- AAC ACG AGT CAA CCA GCA GCA GCG GCG GCT GCT GGT TAT TCA TCT --- GAT GCA GCC GCT GCT GCT TTC ATC AAC ATT CCT GAT GCA GCA GCC GCT GCT GGG AGT CAT GAA GAT GCT GGA GGA GGC GGG GGT GGT AAT ACA CAA GGG GGT GGT --- GAT GGC GGC GGT --- GGA GGA GGC GGC GGC GGG GGG GGT GGT GGT GGT GGT ACG ACT ATG GCT GTA GTA GTC GTT GTT GTT AGC ATA ATT GTC GTT ATC ATT GAA GCT GCT TTG AGT ATC ATG GTA GTC GTT GTT GTT TTA TTT TAT --- AAA AAT ATT TAC TAC TAC TAC TAT TAT TAT TAT TAT TAT TCA TCT TTC TTT ACT AGT ATA ATT CAG CCT GCG GGT GGT TAT TCA TCA TCA TCA TCA TCT TCT TCT ACT GAT TCA TCA TCT --- ACA ACT AGC CAA TCC ACC ACC ACC ACC ACT AGC AGT CCT GAG GCT TCA TCC TCG TCT TCT TCT TCT TCT TTG TGC TGC TGC TGG ACT TAT TGC TGT TGT --- ATT ATT ATT ATT ATT CAA CAG CTA CTT GTG TGT TTA TTA TTA TTA TTA TAC TTA TTT TTT TTT CAA CCT CTA GCA TGG TTA TTA TTA TTA TTG TTT ATG GCG TAC TAT TAT TTC TTC TTC TTC TTC TTT TTT TTT TTT TTT TTT TTT TTT
kluyveri                                    --- --- AGA --- --- --- AAA AAC --- --- ACT --- --- --- --- AAT TGT --- --- ACG --- --- --- --- --- --- --- GGC TAC --- --- --- CTA --- TTA --- --- --- --- --- AAC --- --- --- --- --- GGG GAC --- --- --- --- --- --- --- --- GGA GCC TCC --- CCT --- --- --- --- GAG GCT --- --- --- GCA --- --- --- --- --- --- AAG AAG ACC CTC AAG CTC AGT AAA TCT --- AAA AAA AAT ACG GAA AAT GAC GGA ACC AGC GTG AAA CAA TGG ATT GTT AAA GTA GAT AAA AGC GAA AAC TAT --- AAT AAC AGC --- AAC AAT AAT AAT GCA GGT AAT AAC CCA GAC GGT GGA --- TTT AGT TCT --- CAA ACA ACC ACT CCG GAC GAT TCT --- ATA TCG TGT ATT TCG AAC AGT GAA GTA ACA ACC ACA ACT CCA --- GTT GAA AAC ACC ACG ATT GCG GAC AAA GCC TCT AAA ACA ACT AGT ACC GAC ACA TTT GTG AGC GCA ACT ACA ACT TTG AGG TCC AGC TGG --- GAT GTC GAA GAC ACC TTC ACT ACA TAT AAT AGC GTT --- --- AGG --- ACT ACC ATA CTA GTG ATA ATC ATG TAT AAA ATA TTA ATG ATA GTT ATG TTT CAG GCC TCT AAG ACT ATG TTG TTT CAC GGC GTC ATG CTC CTC TTA GTG ATT ATT ATA ATT GTA TCC ATA TCT ATT GTT TTT TCA ATG GGT AAG AAC TTC GCC CAA TTG AAG CAA AAC GAA AAT ACC GAA AGT GAC CAA AAA CAG --- CAT TCA AAT ACA CAG GAA CCA GAT CCA CCC CCG CCA CCT ACA CAA CCT CGG CCA TCA CCA CCG AGT CCA GAA AAG TCT CCC TCC CCA CCG CCT TAT AAA AGA TTA GTA TTG CTC TCA TTA TTA CTA AAT CTT CTG TTG TTT GCC GAT CTC TTG TTG TTT ACA GAG GAA AGT GCG GAA GAA AAT ACC TGG CCG TTG GAA GAT GAT AAC GAC GAT AGT AAA TTT GAG GAT GAT GAT GAC ATT GAA AAC TGT AGC GTT TCT ACT TCC TTG GAG GCA GAC GAC GAC TTG --- AAC AAC GAA GAC GAT GGC AAT ATG TCT GTG AAA CAA AAC GCC GCT GCG GGG GCA GCA GCT CAA TCG TCT AGT GAC GCC GCA GCT GTT TCT CGG GCT TAC ATA CCG GTA GCA GCA GGT GCC GCT GCC GCA AAA GAT GAC GCT GGC GGT AAT CAT GGC GGT GTC ACT GGT GGT AAT GGT GAA GAT AGC GGT GGC --- GAC GGT GGA GGC GGT GGG GGG AAT GAA GCA GGA GGG CCA GTC GTT GAA ACG GTA ACT GCA GTG GTT --- GTT GTT GTT ATT GCC AAT TTG GCT GGG TTG AGT ATT ATG GTT GTT AAA ACA GTC ATA TAT TAC AAT TCA TAT AAT --- TAC TAT TAT CAA CAC TAT TAT TTC TTT GAG ATA TAT TAC GAA GAT AAT ACA AGC GTT GCT AGT GAT TTT AAG ACT AGT GAG TAT CAA TCC TCT AAA AGA AAT TCC TCC --- ACA CAA GCA ACC TCA ACT TCA TCT TTA AAA AAA GCC GCA TCA TCT ACT TTA TCC GCA TCA TCT TCT TCT CTA AGT TCC TGT TGG CTA --- TGC TGT TGT CAT ATG CTG GCT GTT TCC TTC GAC CTT CTA GTC ATA CTC CTC CTT GAT GTG TAT TTT TTT TTT TTT TTG TTG TTA AAC TGG ATT TTA TTA TTA TTG TAT TAT TGT TTC TAC TTT TAT TAT TTC TTT TTT ACT CTT TAT TTG TTT TTT TTT TTT
cerevisiae                                  AAA GAA AAC AAC AAA AAA AAG AAT CAT GAT TAT --- AAA ACT GTA ACA ACA ACT GAA ACA --- ACA ACT ACG ATA AGC --- AGT AGT ACC CTT GCA ATA GTC GTC TCA GTC AAC AGT TCT CAT CAA --- CAT CAA CCA CCT CGG TCA TTC --- ACG CCC GAG GAC GAG ACT GGC CGC GTA TGC TAT TAT CCA TCG TCC TCG --- AAT TCG TCT TCT TTT TGT --- TTT --- AAG AAG AAA AAG GCT TTA CAA GAG TCA --- --- AAC AAC AAG AAT AGT GAC GGT TCT --- --- AAA AAG AAG AAT ACC AAG ACT AGG AGT CTG GAA GGA --- AAA AAG AAT AAT AAT AAT AAT AAT AAT AAT AGT AGT AGT AAT GAT AAT GGT GCA GTC AAG AAG AAT TAT ACT ACC ACA ACA AAA ACT ACG ACT ATG GAA AGT GTC TCA TCA TCT TCT --- ACG ACC ACA CCA ACC --- --- CCT ACA ACA ACA ACG ACA ACC ACG ACA ACG ACT ACT TCC ACT AAT GAA GTG ATA GTC TCA TCC TCG TCG TCT AGA AGG AAC CAA ACA --- --- --- AAG AAT ACC ACT ACC ACC AGT AGT AGT AGT ACA ACA TCT GAA ACT ATA ATA ATT ATA ATT ATT GTG TAT TCA CTA TTC GTC ATA ATA TTT ATA GTA TTC AAA ATT ATG ATG ATG ATT GCA AGT GTA TTA CTG TTG AAT ATA ATT GTT ATC ATT ATT ATT GAA ATG ATT ATT TTA CTT --- --- CAA AAT GCA GTA CAA CAG CAA CAG GAA GAG GAA GCA AAG ATG ACA CAA CCT GAG GCA AGA CAC CAC GCG GAA CAT ATG ATT CCT CCA CCA CCC CCG CCC CCT CCT CAA TCC --- CCC TCA CCT CCC CCT ACT AGT CCA CCC CCA CCT CCT TAT --- AGA CTG GTA TTA TTG TTG CTG TTA CTT AGA CTG CTC TTG TTA CAT GTT CTT TTA TTT --- GAA TCG GCT GAA GAA GAA GAG GAT GAC GCT GTA TTA GAA GAC GAT AAC GAT GAT GGT GGC GAC GAA GAA GAT GAA GAA ACT GTC CTT AAT AAC AAC ACA ACA AAA CCA GAA GAA GAC GAT GAT GAG GAT GAC GAC GAT GAT GAT GAT TCT --- AGT ACG AGT CAG CAA GCA GCA GCG GCG GCA GCT GCC CAT TCA TCT --- GGT GCA GCG GCT GCC GCT TAT ATT GAC ATC CCC GGC GCA GCT GCC GCG GCT GGG AGT AAT GCA GAA GCC GGG GGT GGC GGG GGA GGT AAT ACG AAA GGT GGC GGT --- GAT GGC GGT GGC --- GGA GGA GGA GGC GGT GGA GGG GGT AGC GGA GGT GGT ACA ACT ATG GCT GTT GTG GTC GTT GTT GTC AGC ATA GTT GTT GTT ATT ATT GAA GCT ACT TTG GGC ATC ACG GTA GTC GTG GTC GTT TCG TTC TAT --- CAA AAT ACA TAT TAC TAT TAT TAC TAT TAC TAT TAC TAT TCA TCT TTT TTC GCC AGC GAA CTT AGG TCT GCT GGT CAT TAT TTA TCG CCA TCA TCG CTT TCA TCT TCT GAT TCA TCA TCG --- ACA ACT AAC CAA TCC ACC TCC GTC ACC ACT GAA AGT CCC GAA GCC TCA TCC TCG TCT TCT TCC TCT TCT ATT TGT TGC TGC TGG ACT TAT TGC TGT TGT --- ATC GTT ATT ATA ATT AAA CAA CTA CTG GTA TGT TTA TTG TTA TTA GTT TAT TTG TTC TTC TTT CAG CCT TTA GTA TGG TTA TTA TTA TTG TTG TCT ATG GCG TAC TAT TAT TTC TTT TTT TTC TTT TTT TTT TTC TTT TTC TTT TTT TTT
paradoxus                                   ATA GAA AAC AAC AAG ACA AAG AAT CAT AAT AAT --- AAA ACC GTA ACA ACA AAC ACC ATC --- ACA ACT ACG TTA AGC --- GGT AGT ACC GTT GTA ATA GTC ATC TCT GTC AAC AGT TCC CAC CAA --- CAT CCA CCA CCT CGA TCA TTT --- ACA CCC GGG GAT GAG GCT GGC CGC GTG TGC TAT TAT CCA CCG TCC TCA --- ATT TCG TAT TCT GTT TGT --- CTC --- AAG AAG AAG AAG GCA TTA CAA GAC TCG --- --- AAC AAC ACG AAC AGT GAC GGC TCT --- --- AAA GAG AAA AAC AAA AAG ACT AAG AGT CTG GAA GAA --- AAA AAA AAT AAT AAT AAT AAC AAC AAT GAA AAC AGT CAA GAT GAT AAT GGT GCT GTT AAA AAG AAT AAT ACT ACC ACA ACA AAA ACT ATA ACT ATG GAA ACT GTC TCA TCA TCT TCT --- ACG ACC ACG CCT ACT --- --- ACT ACA ACA ACA ACG ACA ACC ACG ACA ACG ACG ACT TCC GCT AAT GGT GTA ATA GTC TCA TCT TCG TCG TCC AGG AGA AAT CAA ACA --- --- --- GAA AAC ACC GCC ACC ACC ACT AGT ACT AGT ACA ACG TCT GAA ACT ATA ATA ATA ATA ATT ATT GTA TAC TCA CTA TTC ACC ATA ATC TCC ATA GTG TTC AAA ACT ATG ATG ATG ATT GCA AAT GTA TTA TTG TTG AAT ATA ATT GTT ATT ATT ATT ATT GAA ACG ATT GTT TTA CTT --- --- CAA ACT ATA GTG CAA CAA CAG CAG GAA GAG AAA GTA AAA ATG ATA CAA CCC GGG GCA AGA CAT CAA GCC CAA ATC GTA ATT CCA CCA CCA CCT CCG CCC CCT CCT GGG TCT --- CCC CCA CCT CCC CCT ACG AGT CCA CCC CCG CCT CCT TAT --- AGA CTA GTA TTG CTG TTA CTG CTG CTC AGC TTG CTC TTG TTA CAC GTT CTG TTG TTT --- AAA TCG GAT GAA GAA GAA GAG GAT GAT GCT GTA TTA GAA GAC GAC AAC GAT GAT GGT GGC GAC GAA GAA GAT GAA GCA ACT GTC TTT TAC AAC AAC ACA ACA AAA CCA GAA GAA GAC GAT GAT GAG GAT GAC GAT GAT GAT GAT GAT TCT --- AGT ACG AGC CAG CAA GCA GCA GCG GCG GCA GCT GCC CAT TCA TCT --- GAT GCG GCA GCT GCT GCC TAC ATC GAT ATT CCC GCC GCA GCT GCC GCG GCT GGG GGT AAT GAG GAT GCT GGG GGT GGT GGG GGT GGC AAT ACG CAA GGT GGT GGC --- GAT GGC GGC GGC --- GGA GGA GGA GGC GGT GGG GGG GGT GGT GGT GGT GGC ACA ACT ATG GCT GTT GTA GTC GTA GTT GTT AGT ATA GTT GTC GTT ATC ATT GAA GCT GCT TTG AAG ATC ATG GTA GTC GTG GTC GTT TCG TTT TAT --- AAA AAC ACT TAC TAC TAC TAT TAC TAT TAT TAT TAC TAT TCA TCT TTC TTT GCC AGC AGG GTT GGG TTT GCT GGT AAT TAT TCA TCG CCA TCA CCA TAT TCT TCT ACT GAT TCA TCA TCG --- ACA ACC AGC CAA TCC ACC TCC ATT ACG ACT GAA AGT CCT GAG GCT TCA TCC TCT TCT TCT TCC TCT TCT ATA TGT TGC TGC TGG ACT TAT TGC TGC TGT --- ATC GTT ATT ATA ATT AAA GAA CTA CTG GTA TGT TTA TTG TTG TTA GTA TAT CTG TTC TTT TTT CAG CCT CTA GCA TGG TTA CTA TTA TTG TTG TTT ATG GCG TAT TAT TAC TTC TTT TTT TTC TTT TTT TTT TTC TTT TTC TTC TTT TTT
kudriavzevii                                --- --- AGT AAT --- --- --- --- --- --- --- --- --- --- --- --- --- --- --- GCC --- --- --- --- --- --- --- --- AGT --- --- --- --- --- --- --- --- --- --- --- --- --- --- --- --- --- --- --- CAA --- --- --- --- --- --- --- --- --- CGT --- CCC --- TAT --- --- CTG --- --- --- --- TCG --- --- --- --- --- --- AAA AAG AAG --- GCC TTA CAA GAG TCG --- --- AAC AAT ACG AAC AGT GAC GGA TCG --- --- AAG AAA AGA AGC AGT AAG ACT AAG AAT CTC GAA GAA --- AAA AAA AAT AAC --- AAT AAT GAT AAT AAC GGC AGT CAG AAT GAT AAT GGT GCG --- AAT AAG AAT GAC ACA ACG ACA --- AAG ATC GCA ACT ATG GAA GCT --- TCG TCG TCG TCT --- ACA ACA ACG CCA ACG --- --- ACT ACG ACC ACA ACA ACT ACC AAG ACA ACG ACT ACT TCG ATG AAT GCG ATA --- GTC TCG CCC TCG TCC TAC AGG AGG AAT CAA ACA --- --- --- CAG GAT ACC AGC ACT ACC TCT AGT ACT AGT ACA GTT TCT GAA ACC ATT ATA ATA ATA ATT ATT GTG TAC TCA GTG TTA GCC ATC ATC GCT ATA ATA CTG AAG AGT ATG ATG ATG GTT GCA AGT GTA CTG CTA TTG ACC ATA ATT ATC ATT ATT ATT ATC GAA TGT ATT GTC CCA TTT --- --- CAA AAG ATA GTG CAA CAG CAG CAG GAG GAG AAA ACG AAG ATG ATA CAA CCT CAA GCA AGG CAT CGT GCC CAA AGT ATA ATT CCA CCA CCA CCC CCG CCT CCC CCC CCT TCT --- CCA CCG TCC CCC CCC ACT GGT CCA CCT CCA CCT CCC TAT --- AGA TTA GTG CTG CTA TTA CTG --- CTT AGT CTA CTC TTG TTA AAC GAT CTG TTG TTT --- AAA TCA TTC GAA GAG GAA GAG GAT AAT GCT GAT TCA GAA GAT GAT AAT GAT GAT GGC AGG GAC GAA GAA GAT GAA GCA ACT ACT TCG ACT AAT AAC ACT ACA AAA GCG GAA GAA GAC GAC GAT GAT GAT GAC GAT GAC GAT GAT GAT TCC --- AGC --- AGT CAG CAA GCA GCA GCA GCT GCC GCC GGT CGT TCA TCC GGT GAT GCG GCA GCT GCT GCC TAC ATC GAT ATT CCT GTT GCA GCT GCC GCG TCT GGA GGG GGT GAT GAT GCT GGA GGT GGT GGA GGT GGA AAT CCG CAG GGT GGT GGT --- GAT GGT GGG GGC --- GGC GGA GGT GGT GGT GGA GGG GGT GGT GGC GGT GGT ATG CAC ATG GCT GTC GTA GTC GTT GTT GTT AGT ATA GTT GTT GTT CTT ATT --- GCC GCT TTG AGC ATC ATG GTA GTG GTG GTC GTT CCC CTC TAT --- GAA AAT ATT TAT TAC TAT TAT TAT TAC TAT TAT TAC TAT TCC --- TTT TTC GGG AGC AAG GTT TCA TCT GCT GGC AAC --- GCC TCA CCA CTA CCC TCT TCT TCT ACT GAT TCG TCG TCC --- ACA AGT AAC CAT TCT ACT TCC ACG TCC ACT AGT AGT CCT GAA GCA TCA TCC TCG TCT TCT TCT TCA TCC TTG TGT TGT TGC TGG --- TAC TGC TGC TGT --- ATT GTG ATT ATA ACT CGA CAG CTA TTG GTA TCT TTA TTA TTG CTA TTA TAC CTG TTT TTT TTT CAA CCT CTA GCA TGG TTA TTA TTA TTA TTG TTC ATG GCA TAC TAT TAT TTC TTT TTT TTC TTT TTT TTT TTT TTT TTT TTC TTC TTT



    1    1    1    1    1    1    1    1    1    1    1    1    1    1    1
    1    1    1    1    1    1    1    1    1    1    1    1    1    1    1
    1    1    1    1    1    1    1    1    1    1    1    1    1    2    1
    1    1    1    1    1    1    1    1    1    1    1    1    1    1    1
    1    1    1    1    1    1    1    1    1    2    1    1    1    1    1
    1    1    1    1    1    1    1    1    1    1    1    1    1    1    1
    1    1    1    1    1    1    1    1    1    1    1    1    1    1    1
    1    1    1    1    1    1    1    1    1    1    1    2    1    1    1
    1    1    1    1    1    1    1    1    1    1    1    1    1    1    1
    1    1    1    1    1    1    1    1    1    1    1    1    1    1    1
    1    1    1    1    1    1    1    1    1    1    1    1    1    1    1
    1    1    1    1    1    1    1    1    1    1    1    1    1    1    1
    1    1    1    1    1    1    1    1    1    1    1    1    1    1    1
    1    1    1    1    1    1    1    1    1    1    1    1    1    1    1
    1    1    1    1    1    1    1    1    1    1    1    1    1    1    1
    1    3    1    1    1    1    1    1    1    1    1    1    1    1    1
    1    1    1    1    1    1    1    1    1    1    1    1    1    1    1
    2    1    1    1    1    1    1    1    1    1    1    1    1    1    1
    1    1    1    1    1    1    1    1    1    1    1    1    1    1    1
    1    1    1    1    1    1    1    1    1    1    1    1    1    1    1
    1    1    1    1    1    1    1    1    1    1    1    1    1    1    1
    1    1    1    1    1    1    1    1    1    1    1    1    1    1    2
    1    1    1    1    1    1    1    1    1    1    1    1    1    1    1
    1    1    1    1    1    1    1    1    1    1    1    1    1    1    1
    1    1    1    1    1    1    1    1    1    1    4    1    1    1    1
    1    1    1    1    2    1    1    1    1    1    1    1    1    1    1
    1    1    1    1    1    1    1    1    1    1    1    1    1    1    1
    1    1    1    1    1    1    1    1    1    1    1    1    1    1    1
    1    1    1    1    1    1    1    1    1    1    1    1    1    1    1
    2    1    1    1    1    1    1    1    1    1    1    1    1    1    1
    1    1    1    1    1    1    1    1    1    1    1    1    1    1    1
    1    1    1    1    1    1    1    1    1    1    1    1    1    1    1
    1    1    2    1    1    1    2    1    1    1    1    1    1    1    1
    1    1    1    1    1    1    1    1    1    1    1    1    1    1    1
    1    1    1    1    1    1    1    1    1    1    1    1    1    1    1
    1    1    1    1    1    1    1    1    1    1    1    1    1    1    1
    1    1    1    1    3    1    1    1    1    1    1    1    1    1    1
    1    1    1    1    1    1    1    1    1    1    1    1    1    1    1
    1    2    1    1    1    1    1    1    1    1    1    1    1    1    1
    1    1    1    1    1    1    1    1    1    1    1    1    1    1    1
    1

CODONML (in paml version 4.4b, July 2010)  torun.nuc
Model: One dN/dS ratio for branches Global clock 
Codon frequency model: F3x4
ns =   6  ls = 618

Codon usage in sequences
--------------------------------------------------------------------------------------------------------------
Phe TTT 18 18 22 16 18 16 | Ser TCT 19 19 17 19 18 14 | Tyr TAT 20 17 20 21 18 14 | Cys TGT  5  3  7  5  4  4
    TTC  6 10  6 11  9  7 |     TCC  5  8 11  8  9 10 |     TAC  1  8  6  5  9  9 |     TGC  3  5  1  4  5  3
Leu TTA 17 21 12 16 11 12 |     TCA 18 17  9 15 13  8 | *** TAA  0  0  0  0  0  0 | *** TGA  0  0  0  0  0  0
    TTG 11  6 16  9 11  8 |     TCG  6  5  3 12  9 13 |     TAG  0  0  0  0  0  0 | Trp TGG  3  4  7  4  4  4
--------------------------------------------------------------------------------------------------------------
Leu CTT  5  4  4  7  1  2 | Pro CCT  7 14  4 11 11  8 | His CAT  4  5  3  8  5  2 | Arg CGT  0  1  0  0  0  3
    CTC  3  2  8  1  3  3 |     CCC  6  0  2  8  7 10 |     CAC  2  4  2  2  2  1 |     CGC  0  1  0  1  1  0
    CTA  5  7  6  2  5  7 |     CCA 14 10 10  9 11  9 | Gln CAA 13 12 12 14 14 11 |     CGA  1  1  0  0  1  1
    CTG  5  3  2  6  7  7 |     CCG  1  4  6  1  3  3 |     CAG  7  5  3  4  4  8 |     CGG  1  0  2  1  0  0
--------------------------------------------------------------------------------------------------------------
Ile ATT 14 23 11 18 16 14 | Thr ACT 23 19 16 20 20 17 | Asn AAT 21 21 22 24 19 19 | Ser AGT 16 16 13 19 11 16
    ATC  7  8  1  4  8  7 |     ACC  6 14 11 11 12  6 |     AAC 10 11 17 10 16  8 |     AGC  2  8  9  4  5  5
    ATA 13 15 11 12 16 12 |     ACA 20 21 13 21 18 11 | Lys AAA 10 16 19 12 15  7 | Arg AGA  2  4  3  4  3  2
Met ATG 14 13 11 11 10 12 |     ACG  3 16  4 10 14  8 |     AAG 14 11  8 13 10 12 |     AGG  1  2  2  3  2  4
--------------------------------------------------------------------------------------------------------------
Val GTT 10 10 16 11 14 11 | Ala GCT 10 18 10 11 15 11 | Asp GAT 24 24 20 19 25 27 | Gly GGT 14 14 13 15 17 20
    GTC  5  9  6 13  9  5 |     GCC  8  2 12  6  7 10 |     GAC  9  7 18  9  7  7 |     GGC  6 11  7  9 10  6
    GTA 10  6  6 10 14  4 |     GCA 17 13 15 13 11 13 | Glu GAA 14 16 20 26 21 15 |     GGA 11  6  5  7  3  7
    GTG  6  5  7  4  4  7 |     GCG  1  4  3  6  5  5 |     GAG  8 10  6  8  8  6 |     GGG  5  6  6  4  9  4
--------------------------------------------------------------------------------------------------------------

Codon position x base (3x4) table for each sequence.

#1: castellii      
position  1:    T:0.24444    C:0.13704    A:0.32593    G:0.29259
position  2:    T:0.27593    C:0.30370    A:0.29074    G:0.12963
position  3:    T:0.38889    C:0.14630    A:0.30556    G:0.15926
Average         T:0.30309    C:0.19568    A:0.30741    G:0.19383

#2: mikatae        
position  1:    T:0.23777    C:0.12310    A:0.36762    G:0.27150
position  2:    T:0.26981    C:0.31029    A:0.28162    G:0.13828
position  3:    T:0.38111    C:0.18212    A:0.27825    G:0.15852
Average         T:0.29623    C:0.20517    A:0.30916    G:0.18943

#3: kluyveri       
position  1:    T:0.25277    C:0.11808    A:0.31550    G:0.31365
position  2:    T:0.26753    C:0.26937    A:0.32472    G:0.13838
position  3:    T:0.36531    C:0.21587    A:0.26015    G:0.15867
Average         T:0.29520    C:0.20111    A:0.30012    G:0.20357

#4: cerevisiae     
position  1:    T:0.24702    C:0.12777    A:0.33390    G:0.29131
position  2:    T:0.25724    C:0.30835    A:0.29813    G:0.13629
position  3:    T:0.38160    C:0.18058    A:0.27428    G:0.16354
Average         T:0.29529    C:0.20557    A:0.30210    G:0.19705

#5: paradoxus      
position  1:    T:0.23509    C:0.12777    A:0.33220    G:0.30494
position  2:    T:0.26576    C:0.31175    A:0.29472    G:0.12777
position  3:    T:0.36116    C:0.20273    A:0.26576    G:0.17036
Average         T:0.28734    C:0.21408    A:0.29756    G:0.20102

#6: kudriavzevii   
position  1:    T:0.23689    C:0.14563    A:0.31068    G:0.30680
position  2:    T:0.26019    C:0.30291    A:0.28350    G:0.15340
position  3:    T:0.38447    C:0.18835    A:0.23107    G:0.19612
Average         T:0.29385    C:0.21230    A:0.27508    G:0.21877

Sums of codon usage counts
------------------------------------------------------------------------------
Phe F TTT     108 | Ser S TCT     106 | Tyr Y TAT     110 | Cys C TGT      28
      TTC      49 |       TCC      51 |       TAC      38 |       TGC      21
Leu L TTA      89 |       TCA      80 | *** * TAA       0 | *** * TGA       0
      TTG      61 |       TCG      48 |       TAG       0 | Trp W TGG      26
------------------------------------------------------------------------------
Leu L CTT      23 | Pro P CCT      55 | His H CAT      27 | Arg R CGT       4
      CTC      20 |       CCC      33 |       CAC      13 |       CGC       3
      CTA      32 |       CCA      63 | Gln Q CAA      76 |       CGA       4
      CTG      30 |       CCG      18 |       CAG      31 |       CGG       4
------------------------------------------------------------------------------
Ile I ATT      96 | Thr T ACT     115 | Asn N AAT     126 | Ser S AGT      91
      ATC      35 |       ACC      60 |       AAC      72 |       AGC      33
      ATA      79 |       ACA     104 | Lys K AAA      79 | Arg R AGA      18
Met M ATG      71 |       ACG      55 |       AAG      68 |       AGG      14
------------------------------------------------------------------------------
Val V GTT      72 | Ala A GCT      75 | Asp D GAT     139 | Gly G GGT      93
      GTC      47 |       GCC      45 |       GAC      57 |       GGC      49
      GTA      50 |       GCA      82 | Glu E GAA     112 |       GGA      39
      GTG      33 |       GCG      24 |       GAG      46 |       GGG      34
------------------------------------------------------------------------------

(Ambiguity data are not used in the counts.)


Codon position x base (3x4) table, overall

position  1:    T:0.24227    C:0.12961    A:0.33175    G:0.29637
position  2:    T:0.26605    C:0.30143    A:0.29548    G:0.13704
position  3:    T:0.37693    C:0.18609    A:0.26962    G:0.16736
Average         T:0.29509    C:0.20571    A:0.29895    G:0.20026

Codon frequencies under model, for use in evolver (TTT TTC TTA TTG ... GGG):
  0.02531432  0.01249745  0.01810733  0.01123972
  0.02868014  0.01415912  0.02051489  0.01273416
  0.02811446  0.01387985  0.00000000  0.00000000
  0.01303900  0.00643723  0.00000000  0.00578940
  0.01354239  0.00668575  0.00968686  0.00601291
  0.01534299  0.00757470  0.01097484  0.00681239
  0.01504037  0.00742529  0.01075837  0.00667802
  0.00697546  0.00344372  0.00498955  0.00309715
  0.03466354  0.01711307  0.02479482  0.01539083
  0.03927244  0.01938844  0.02809156  0.01743721
  0.03849783  0.01900603  0.02753749  0.01709328
  0.01785463  0.00881467  0.01277141  0.00792757
  0.03096734  0.01528829  0.02215093  0.01374969
  0.03508478  0.01732104  0.02509613  0.01557787
  0.03439278  0.01697940  0.02460114  0.01527061
  0.01595077  0.00787475  0.01140958  0.00708224



Nei & Gojobori 1986. dN/dS (dN, dS)
(Pairwise deletion)
(Note: This matrix is not used in later ML. analysis.
Use runmode = -2 for ML pairwise comparison.)

castellii           
mikatae             -1.0000 (0.4105 -1.0000)
kluyveri            -1.0000 (0.6272 -1.0000) 0.1329 (0.5931 4.4640)
cerevisiae           0.1330 (0.4061 3.0532) 0.1614 (0.1415 0.8769) 0.2174 (0.6108 2.8089)
paradoxus            0.1647 (0.4191 2.5444) 0.1730 (0.1258 0.7271) 0.1951 (0.5920 3.0349) 0.1862 (0.0808 0.4342)
kudriavzevii        -1.0000 (0.4212 -1.0000) 0.1389 (0.1375 0.9896)-1.0000 (0.5508 -1.0000) 0.1260 (0.1406 1.1159) 0.1321 (0.1215 0.9196)


TREE #  1:  (((((4, 5), 2), 6), 1), 3);   MP score: -1
lnL(ntime:  5  np:  7):  -8665.068693      +0.000000
   7..8     8..9     9..10   10..11   11..4    11..5    10..2     9..6     8..1     7..3  
 2.851045 1.992777 0.586283 0.474607 0.264659 3.416078 0.155154
SEs for parameters:
 0.176726 0.122680 0.028288 0.023929 0.017699 0.216183 0.010033

tree length =   9.02042

(((((4: 0.264659, 5: 0.264659): 0.209947, 2: 0.474607): 0.111676, 6: 0.586283): 1.406494, 1: 1.992777): 0.858269, 3: 2.851045);

(((((cerevisiae: 0.264659, paradoxus: 0.264659): 0.209947, mikatae: 0.474607): 0.111676, kudriavzevii: 0.586283): 1.406494, castellii: 1.992777): 0.858269, kluyveri: 2.851045);

Detailed output identifying parameters

kappa (ts/tv) =  3.41608

omega (dN/dS) =  0.15515

dN & dS for each branch

 branch          t       N       S   dN/dS      dN      dS  N*dN  S*dS

   7..8      0.858  1361.9   492.1  0.1552  0.1170  0.7541 159.4 371.1
   8..9      1.406  1361.9   492.1  0.1552  0.1917  1.2358 261.1 608.1
   9..10     0.112  1361.9   492.1  0.1552  0.0152  0.0981  20.7  48.3
  10..11     0.210  1361.9   492.1  0.1552  0.0286  0.1845  39.0  90.8
  11..4      0.265  1361.9   492.1  0.1552  0.0361  0.2325  49.1 114.4
  11..5      0.265  1361.9   492.1  0.1552  0.0361  0.2325  49.1 114.4
  10..2      0.475  1361.9   492.1  0.1552  0.0647  0.4170  88.1 205.2
   9..6      0.586  1361.9   492.1  0.1552  0.0799  0.5151 108.9 253.5
   8..1      1.993  1361.9   492.1  0.1552  0.2717  1.7509 370.0 861.5
   7..3      2.851  1361.9   492.1  0.1552  0.3887  2.5050 529.3 1232.6

tree length for dN:       1.2297
tree length for dS:       7.9256


Time used:  0:12
