
seed used = 1418838993
      6   1854

castellii                                  ATG TTG CAA ATA GGA CCA ATT TTA CTA TTA CTC TCT CTA TTT GGA ATC CAT GCG TTA AGC AGT CCA GTG GGT ACG GCA GGG AAG CAA GAA CCC AAC TTA CGA AGT AGT AAG AAT CAA TAT GCC AAA AGG AAC TCC GGA TCG GGT CAT TTG GAA ATA GAG TTG CAA CAT ATA GAA CAG ACA TAT TAT GCA ACT ACT TTA GAA ATT GGT ACC CCA CCA CAG AAT CTC ACT GTA TTA TTT GAT TCT GGT TCT TCT GAC CTT TGG GTC ATG GAT GCA TCA AAT CCA TAT TGC GAA TCA CAA TAT ACT GGC TCT --- --- --- --- CAG ACA TAT AAT GGG TCT TCA ATT AAC CAG GCA TCG ACC ATT GAT TGT TCA AGT TTT ATG ACA TTT AAC AAA TCA CTG TCT TCT AGT TTT AAA ACA AAG GGA ACA TCA AGA TTT TAT GCT TAT TAT TCA GAC AAG ACA TTC GCT GAT GGT AGT TGG GCT ACT GAG AAG CTA ACA ATG AAT GGT GTG GAC GTT TCT AGT TTA CAA TTC GGT TTA GGA AAT TGT GTA ACC ACT CCT GTA AGT GGT GTC CTT GGT ATT GGA TTC CCC CGG AGA GAA TCT GTA AAG GGG TAT GAC AAT GCT CCA AAT GAA TTC TAT CCA AAT TTT CCA CAA GTG TTA AAG AAT CAA GGC ATC ATT GAT GTT GTA GCC TAT TCT ATG TTT CTA AAC AAA TTG GAG TCA GAC ACT GGC TCC ATA TTA TTT GGT GCT ATA GAC ACA TCC AAA TAT ACT GGC GAT CTG GTT ACT TTC CCT ATG TTA AAT ATT TAT CCC GAT GTC ACT GAT AAA CCT GCC ACT CTG ATG GTA ATA TTA CAA GGA TTG GGA GCC CAA GAT AAT GCA AAT TGC AAG GCA GAA ACT TTT GTT ACT AGT AAA ATA CCT GTA TTG TTG GAT TCC GGT ACC ACT TTA ATG GGC GCA CCC AAG GAG ATC GCT GAT ATG ATG GCA GAT TTT ATG AAT GCT ACT TTT AGT GAG GAT GAG GGA ATA TAT ATA ATG GAA TGT CCA ACG AAA GAA ACA TTG GCC AAC ACT GAT TAT ATT TTT GAC TTT GGT GGG GTG CAA ATC AAG GTT CCT CTA TCC AAC TTC ATT CTT TCT GCT CAA AGT GAG GGC GGT CCT TGT GGT TTT GCA GTT TTG CCA GAT GAT AGT AAT ACT ATG GTC CTG GGG GAT ATA TTT TTA TCG TCT GCA TAT GTA GTT TTT GAT CTG GAT AAT TAC CAG ATA TCT TTG GCA GCA GCA AAT TTG GAC AAC AAT GTC TCT CTT GAA GAT AGT ATA ATC AAT ATT CCA AGT GAT GGA AAC ATT CCC AAC GCA AAA ATG GCC ACT GTG GAT CCA TGG TCT ACC TAT GAA ACC TTT ACT GTT ACA TCA GCT ATT GCC ACT --- --- GCT TGC ACA --- AAG CCC ATC TCA TCG TCA TCA TCG TCA TCA TCA TCA TTA CAC CCA TCT TCG CAA TTA ACA --- --- --- ACA ACA AAG CCA GAT GAC AGT CAT ATA CCG TCT TCT TTA GCA ACA ACG ACA GCA GAT GCC CCT GAA CAG CTT AGC AGT CAG GTT GAA ATC GTA TAT AAG ACA AAG ACT GAG ACA ATT CAC TCA ACT GTT GTA ATT GGA --- --- --- --- --- --- --- --- --- --- --- --- --- --- --- --- --- --- --- --- --- --- --- --- --- --- --- --- --- --- --- --- --- --- --- --- --- --- --- --- --- --- --- --- --- --- --- --- --- --- --- --- --- --- --- --- --- --- --- --- --- --- GTG TGT AAT GCA AAA TCA TAT ACA ACA CTC ACT AAT --- --- --- --- --- --- 
mikatae                                    ATG TTT ATA ATA CAT AAT TTC TGT TTG CAA CTT TTG TTG GCG AGT TTG GCT ATC ATT AAT ACT ATT GCT --- --- --- --- --- --- --- --- --- --- --- --- --- --- --- --- --- GCT ATA ACA AAT GAT GGC ACT GGT CAT TTA GAA TTC TCC CTA CAG CGT AAA GAG GAT ATG TAT TAC GCT ACG ACC TTA GAT ATA GGC ACT CCG TCT CAA CAA CTG ACA GTA TTA TTT GAT ACC GGG TCT GCT GAT TTT TGG ATT ATG GAT TCT AGT AAC CCG TTT TGC TTA TCA ACT TCA AGC ACA TCA TCA TAT CTA AAC GCA ACT TAC GAT GGC AGC ATA ATC ACG CCT TCA --- --- GTT GAT TGC CAG TCT ATG GTC ACA TAT AGC GAG GGT AAT TCT TCC ACG TAC CAA AAT CTA GAT AAT GGT AGG TTT TAT ATT ATT TAT GCG GAC GGA ACG TTT GCT GAT GGT ACT TGG GGG ACG GAA ACA GTA TCA ATT GAT GGA ATT GTC ATC CCT AAC ATT CAG TTT GGT TTA GCT AAA TAT GCT ACA ACA CCA GTA AGT GGT GTC CTA GGC ATC GGA TTT CCT AGA AGA GAG TCT GTT AAG GGT TAC GAA GGG GCA CCT AAT AAG TAC TAT CCT AAT TTC CCA CAA ATC TTA AAA AGT GAA CAA ATC ATT GAC GTT GTC GCC TAC TCG TTA TTC TTA AAT TCA CCT GAC TCT GGA ACT GGT TCT ATT ATT TTT GGC GCC ATT GAT GAA TCA AAA TTC TCT GGG GAT TTA TTT ACT TTT CCT ATG GTG AAT GAA TAT CCT AAT ATA GTC GAT ACT CCT GCA ACT TTA GCA ATG ACC ATT CAA GGT TTA GGT GCT CAA AAC AAA AAC AGC TGC GAG TAT GAA ACA TTT ATG ACG ACC AAG TAT CCG GTT TTA TTG GAC TCA GGA ACA TCG CTA TTA AAT GCG CCA AAA GTA ATT GCA GAC AAG ATG GCT TCC TTC GTG AAT GCT ACT TAT AGT GCA GAG GAA GGA ATA TAC ATA TTA GAT TGT CCA --- --- GCT TTC GCA GAT GAA ATT GAA TAT ACT TTC GAC TTT GGC GAT TTG AAA ATA AGT GTT CCA CTT ACT AGT TTA ATT CTA AGT CCT GAG GCT GAG GGT GGT TAT TGT GGG TTT GCG GTC CAA CCA ACA AAC --- GAT TCT ATG GTT CTA GGC GAT GTG TTC CTT TCC TCT GCA TAT GTT GTA TTT GAT CTC GAT AAC TAT AAA ATA TCT TTA GCA CAA GCA AAT TGG GAT --- GTC AGC GAG ATT ACA ACA AAA TTA GTG AAT GTT CGC GCA GAT GGG TCC ATT CCA GGC GGT AAG ACC GCT ACA GCT GAA CCT TGG ACC GCT AAT GAG CCA TTT ACA GTT ACC TCT AAC ATT TTC TCA TCG ACC GAT TGC AAG AGT ACG CCT ATT ATT CAA TCA TCA ACA ACT CCT TCA TCT ATT GCA AAT ACC AGC ATG CAG GCT GGC AAA TAC TCT ACG AAA ATA CTG GGC ACC AGA TTA ACT ACT ACC TTA AGT AAA ACT ACG CCA --- --- AGC AGT ATG AAC CAA AGT ATG AGT GCA ACC ACG AAA AAC TCT AAC AGT GGT ACG TTA AAA TCA TCC TTA ACT GTG GAA AAG TCA GGC AGT AGT TTT CTT TCC ACG ATT TCA ATA GAA ACA TCG TCC ATG AGC GAC AAG GAA ACA CAT CTC ACC CAT TCG AAA CAC CAG ACC ATA AGG AAT TCA CAC ACA ATA GAG AAT TCT AGA TTT CAC CCA GAA TCT GTC CAT AAA ACG ACA AAT CGA CCT GCT CAC AAG ACA ATC ATA ACA GAA ACT GTC ACG AAG TAT TCT ACG GTT CTG GTA AAT ATC TGC AAG CCG ACG TAT 
kluyveri                                   ATG TAT TTC CTA AAA GAA TCA ATA TCA TTC CTA CTA CTC TGT GCA GCC ACA GCT GCT TCC ACA GAT GGG --- GTT ATG GAA GTG ATG TTT TCA AAA CAT AAA GAT GTC AGC TAT GGT AAT TCT CTC TGG AAA AGA AAT CAA AAT TCA TTA GCG TTA AAC TTA AAG AAT --- GAA CAG ATA TTT TAC GCA GCC GAC CTC AAT GTG GGT ACA CCT CCA CAA AAC TTA ACG GTA CTC CTT GAT ACT GGG TCA TCT GAC TTG TGG GTT ACT GGC TCT GAT AAC CCA TAC TGT TTG AGT AAC GAG ACC ACT ACT GAG --- --- --- --- --- --- CCA AGC AAA AAT ATT ACG AAA TCG --- GTA GTT GAT TGC AGC AGG TAT GGC ACA TTT GAA AAA GAT AAT TCT TTA ACT TTC AGT CAA AGC GAC --- AGT AGG TTT CAA ATA AAT TAT GCT GAT AAC ACT TTT GCT AAC GGG TAT TGG GCC AAA GAT GTA GTA TCG TTT GGT GAC AAT TTT ATT GCA GAC ATG CAA TTT GCA GTG GCT AAT --- GAA ACA AAC TCC ACG GTT GGA GTT CTC GGA ATT GGC TTT GAA AGA TTG GAA TCT GTG AAA GGC TAT GAA GGA GCA CCT AAT ACA TAT TAT CAA AAT TTC CCA TTG GCC CTT AAA AAT AAC GGT GTT ATA GAC AAA ACT GCA TAT TCC CTC TAT TTG AAT TCT TTG GAT TCC AGT AGT GGT TCC ATA CTG TTT GGT GGT ATC GAT TCG AAT AAG TAT ACT GGT GAC TTG TAT ACA TTT CCT TTG GTC AAC ATA CAC CCA TCT GTT GTG AAC AAG CCG GCC AAA TTT CAC GTT ACT GTT CAA GGC ATT GGT GTT CAA AGC --- TCT GGT AGT GAA CAA AGT ATT TTG ATG TCT ACC AAG TAT CCA GCA TTA TTG GAC TCC GGT ACC ACT CTT CTC GTC GCG CCA CAA GAA TTT GCA GAC TCT ATG GCA AAT TAT GTC AAT GCC ACT TAC AAT GAC TTG GAG GGT ATA TAT ACC ATG ACC TGT CCG --- --- CCG GAA AAC GAC GAC ACA GAG TTC TTA TTT GAT TTT GGC GAT TTG AAG ATA AAA GTC CCC TTA AAA AAT TTT ATT TTG GCC CCG GAA --- GAT AAT GAA TAT TGT GGG TTT GGG GTT TTG CCC ACT GTT --- GAC ACA ATG ATT CTT GGT GAT ATG TTT CTA TCA GCA GCC TAT GTT GTT TAT GAT CTG GAA AGC TAC GAA GTG TCT TTA GCT CAA GCC AAC TGG AAC --- --- --- TCA GAT GAG TCC GAA ATA CAG GCA ATT CGG --- --- CAT ACC GTA CCG GGA GCT ACC AAG GCT ACC GCT GCA ACA TGG TCA CCA TAT GAA ACT ACT GCG ACA ACC TCT TAC TCC CGG AGC GCA ACG GTA TCC TCT TAC GAT AGT ATG ACA ACC GAG TAT ACA GAA GTT ACT CAA TCC ACC CAG TTA GCA GCC GAC TGT TCC AGA CCT AGT TCT TGG CCA TTG AAA TTC CAT AAA AAG AAA TCT GAT AAA AGT GAA GAT AAC TGT AGT TCT GAA AGT GCC AGC AGC GAC AGT TGG ATG CCA TCA GTT AAC ATT GAC ATT GAC TTT AAT AAG GCA ATA GTC TCT GAT AAC GCT GCC GGC --- --- --- --- --- --- --- --- --- --- --- --- --- --- --- --- --- --- --- --- --- --- --- --- --- --- --- --- --- --- --- --- --- --- --- --- --- --- --- --- --- --- --- --- --- --- --- --- ACT GAC GGG GGA AAC AAA TGT TTA CTA AAT TTG CTA TTT GTG CTC TTT ATA CCG ATT TTA TTT --- --- --- --- --- --- --- 
cerevisiae                                 ATG TCT GCA ATT AAT CAT CTT TGT TTG AAA CTT ATT TTG GCG AGT TTC GCG ATT ATT AAC ACC ATT ACT --- --- --- --- --- --- --- --- --- --- --- --- --- --- --- --- --- GCT TTA ACA AAC GAT GGC ACT GGT CAC TTA GAA TTC CTT TTA CAA CAC GAA GAG GAG ATG TAT TAC GCA ACA ACC TTA GAT ATA GGT ACA CCG TCC CAA AGT CTG ACA GTG TTG TTT GAT ACC GGA TCT GCC GAT TTT TGG GTT ATG GAT TCT AGC AAT CCC TTC TGC TTA CCA AAT TCA AAT ACG TCA TCC TAT TCA AAC GCA ACT TAT AAT GGC GAA GAA GTT AAG CCT TCA --- --- ATT GAT TGC AGG TCT ATG AGT ACT TAT AAT GAG CAT AGA TCT TCC ACC TAC CAA TAT CTG GAA AAT GGT AGG TTT TAC ATC ACA TAT GCT GAC GGA ACA TTT GCT GAC GGT AGT TGG GGG ACG GAA ACT GTA TCA ATT AAT GGA ATT GAC ATC CCC AAT ATC CAG TTC GGA GTT GCC AAG TAT GCT ACG ACA CCC GTT AGT GGT GTT CTT GGA ATT GGG TTT CCT AGA AGA GAG TCC GTT AAG GGC TAT GAA GGT GCT CCT AAT GAA TAT TAT CCT AAT TTT CCT CAG ATT TTA AAA AGT GAA AAA ATA ATC GAT GTG GTC GCG TAT TCG CTG TTC TTA AAC TCA CCT GAT TCA GGT ACT GGT TCG ATT GTT TTT GGT GCC ATT GAT GAA TCA AAG TTT TCT GGT GAT TTG TTC ACT TTC CCT ATG GTA AAT GAA TAT CCC ACA ATA GTC GAC GCT CCT GCA ACT TTA GCA ATG ACT ATA CAA GGA TTA GGT GCC CAA AAC AAA AGT AGT TGT GAA CAT GAA ACG TTT ACG ACG ACC AAG TAT CCA GTT TTG TTG GAC TCA GGA ACC TCG CTA TTG AAT GCG CCC AAG GTC ATA GCA GAT AAA ATG GCT TCT TTT GTA AAT GCG TCC TAT AGT GAA GAG GAA GGT ATA TAT ATA TTA GAC TGT CCA --- --- GTA TCT GTA GGT GAC GTG GAA TAC AAT TTT GAT TTC GGC GAT TTG CAA ATA AGT GTT CCA CTG TCT AGT TTG ATT TTA AGT CCC GAG ACA GAA GGC AGC TAT TGT GGG TTT GCG GTC CAG CCA ACA AAC --- GAT TCG ATG GTT CTG GGT GAT GTG TTC CTG TCC TCT GCA TAC GTC GTA TTC GAT CTC GAT AAT TAT AAG ATA TCT TTA GCA CAG GCA AAT TGG AAC --- GCA AGC GAA GTT TCG AAA AAG CTA GTA AAT ATT CAA ACA GAT GGG TCT ATT TCA GGT GCC AAA ATT GCT ACA GCT GAA CCC TGG TCC ACC AAT GAA CCA TTT ACA GTC ACC TCT GAC ATT TAT TCA TCT ACA GGC TGC AAG AGT AGG CCT TTT CTT CAA TCA TCG ACA GCC TCT TCG CTT ATT GCA GAA ACC AAC GTA CAA AGT CGC AAC TGC TCT ACG AAG ATG CCA GGC ACT AGA TCA ACT ACT GTC TTA AGT AAG CCT ACT CAA AAT --- AGT GCT ATG CAT CAA AGT ACA GGC GCT GTC ACA CAA ACC TCA AAT GAA ACT AAA TTA GAA TTA TCC TCG ACT ATG GCA AAT TCG GGC AGT --- --- --- --- --- GTC TCG CTT CCC ACT TCG AAT TCA ATA GAC AAA GAG --- --- TTC GAA CAT TCG AAA TCT CAA ACT ACC AGC GAT CCA AGT GTA GCA GAG CAT TCT ACG TTT AAC CAA ACG TTT GTA CAT GAA ACT AAA TAT CGG CCT ACT CAT AAG ACA GTC ATA ACA GAA ACT GTC ACG AAG TAT TCT ACA GTC TTA ATA AAT GTC TGT AAA CCA ACA TAT 
paradoxus                                  ATG TTT ATA ATA AAT ATC CTT TGT TTA AAA CTC ATA CTG GCG GGT TTC GCC ATC ATT AAT ACC ATT GCT --- --- --- --- --- --- --- --- --- --- --- --- --- --- --- --- --- GCC TTA ACA AAC GAT GGT ACC GGT CAT TTA GAA TTC TTT CTA CAG CAA GAA GAG GGG ATG TAT TAC GCA ACA ACC TTA GAT ATA GGT ACG CCG TCT CAA CAA CTG ACA GTA TTG TTT GAT ACC GGG TCT GCT GAT TTT TGG GTT ATG GAT TCT AGC AAT CCT TTT TGC TTA CCA ACT TCA AAT ACG TCA TCC TAT TCA AAC GCA ACT TAC GAT GGC GAA AGG GTT ACG CCC TCA --- --- GTT GAT TGC GGG TCT ATG AAT ACT TAC AAC GAC AAT AGC TCT TCC ACC TAT CAA AAT CTG GAT AAT GGT AGA TTC TAC ATT ACT TAT GCT GAC GAA ACA TTT GCT GAC GGC ACT TGG GGG ACG GAA ACT GTA TCA ATT AAT GGA ATT GAC ATC CCT AAC ATC CAG TTT GGT GTA GCT AAA TAT GCT ACG ACA CCC GTT AGT GGT GTC CTG GGA ATT GGG TTT CCT AGA AGG GAG TCC GTT AAG GGC TAT GAA GGT GCT CCT AAC AAA TAT TAT CCT AAT TTT CCA CAA ATC TTG AAA AGT GAA CAA ATC ATT GAT GTG GTC GCA TAT TCT TTG TTC TTG AAC TCG CCT GAT TCT GGT GCT GGC TCG ATT GTT TTT GGT GCC ATT GAT GAA TCA AAG TTC TCC GGT GAT TTG TTT ACT TTC CCT ATG GTA AAT GAA TAT CCC ACA ATA GTC GAT GCA CCT GCG ACG TTA GCA ATG ACT ATA CAA GGT TTA GGC GCT CAA AAC AAA AGT AAC TGT GAA CAT GAA ACG TTT ATG ACG ACC AAG TAC CCG GTA TTG TTG GAC TCA GGA ACC TCG CTA TTG AAT GCG CCC GAG GTC ATA GCA GAT AAA ATG GCT TCT TTT GTA AAC GCG TCC TAT AGT GCA GAG GAA GGT ATA TAC ATA TTA GAT TGC CCA --- --- GTA TCT GCA GAT GAC GTA GAA TAC AAT TTT GAC TTC GGC GAT TTG CAA ATA AGT GTT CCA CTA ACT AGT CTG ATT TTG AGT CCC GAG ACG GAA GGT GGT TAT TGT GGG TTT GCG GTC CAG CCA ACA AAC --- GAT TCG ATG GTT TTG GGC GAT GTA TTC CTG TCC TCT GCA TAT GTT GTA TTC GAT CTC GAT AAT TAT AAA ATA TCT CTA GCA CAG GCA AAT TGG AAC --- GCT AGT GAG GTT TCG AAA GAA CTA GTG GAA ATT GGG ACA GAT GGG TCT ATT CCA GGC GCC AAG ACT GCT ACA GCT GAA CCC TGG TCC ACT AAC GAA CCT TTT ACA GTC ACC TCT GAT ATT TAC TCA TAT ATC GCC TGC AAG AGT AAG CCT TCC GTT CAA TCA CCA ACA GCC TTT TCG TAT ATT GTA CAA ACG AGC GTG GAA ACT CGC AAC TGC TCT ATA AAA GTA CCA GGC GCC AGA TCA ACG ACT ATT TTA AGC AAA ACT ACT CAA TAC --- AGT GAT ATG CAC CAA ACT ATA AAG GCT ACC ACA AAA AAA TCA AAC GGT ACT AAA TTA AAA TCA TCT TCG ACT ACG GAG AAT TCA GGC GGT --- --- --- --- --- GTC CCG GTT CCC ACC TCG ATT TCT TTA GAT ACA GGG --- --- TTT ACC CAT TCG ATA TCC CAA AAC ACC AGC AAT CCA AGT GTA GTA GAG CAT TCT ACG CTC AAC CCA ACA GTT GTG CAT GAA ACT AAA AAT CGA CCT GCT CAC AAG ACA ATC ATA ACA GAA ACT GTT ACG AAG TAT TCT ACA GTC CTG ATA AAT GTC TGT AAG CCA ACA TAT 
kudriavzevii                               ATG TTC ATA ATA GGT AGT TTT TCT TTA CGA CTT TTG CTA GCA GGG CTG GCC ATC ATT AAT ACC ATT GCT --- --- --- --- --- --- --- --- --- --- --- --- --- --- --- --- --- GCC TTA ACA AAC GAT GGT AGT GGT CAT TTA GAG TTA TCG CTA CAG CGT GAA GAG CAA ATG TAT TAC GCC ACA ACC TTA GAT ATA GGT ACG CCG TCT CAA CAG CTG ACA GTA TTA TTT GAT ACT GGA TCT GCA GAT TTT TGG GTT ATG GAT TCC AGC AAT CCC TTC TGC TCA CCA AAG TCC AAT CCG TCA CTG TAT CAA AAT GCA ACT TAT AAT GGT AGT AAG ATC ACG CCT TCA --- --- GTC GAT TGC TCA TCT ATG AGT ACA TAT AAC GAG AAC AGT TCC TCC ACT TAC CAA GAC CTC GAT AAT GGC AGG TTC TAT ATT ATT TAT GCT GAT GAA ACA TTT TCT GAC GGT TCT TGG GGA AAG GAA ACT GTG TCG GTT AAT GGC ATT GAC ATC CCT GAT ATT CAG TTT GGC TTA GCT AAA TAC GCT ACA ACG CCT GTC AGT GGT GTT CTG GGT ATT GGA TTT CCC AGA AGG GAG TCT GTT AAG GGC TAT GAA GGT GCT CCC GAT AAA TAC TAT CCC AAT TTT CCA CAG CTT TTG AAG AGT GAG CAG ATC ATT GAC GTG GTC GCA TAT TCG CTA TTC CTG AAT TCG CCT GAT TCT GGC ATG GGT TCC ATT GTG TTT GGT GCC ATT GAT GAA TCG AAA TTT TAC GGT GAT TTG CTC ACT TTT CCC ATG GTA AAT GAA TAC CCC ACT ATA GTC GAT GCC CCT GCG ACT TTA GCA ATG ACC ATA CAA GGT TTA GGA GCT CAA AAT AAA AGC GGC TGT GAA CGT GAA ACA TTT ATG ACG ACC AAG TAC CCA GTT TTA TTG GAC TCG GGA ACA TCG CTA TTG AAT GCA CCA AAA ACT ATA GCA GAT AAG ATG GCC TCC TTT GTA AAT GCG TCG TAT AGT GCA GAT GAA GGT ATA TAT ATT CTG AAT TGC CCA --- --- GAT TCT GCA GAT GAC ATA GAA TAC ACC TTT GAT TTT GGT GAT TTG CAA ATC AAT GTT CCA TTA ACT AGT CTG ATT TTG AGT CCT GAG GTT GAA GGT GGT TAT TGT GGG TTC GCT GTG CAA CCA ACA AAC --- GAT TCC ATG GTT CTA GGG GAT GTG TTC TTG TCT TCT GCA TAT GTT GTA TTT GAT CTC GAC AAC TAT AAG ATA TCA TTA GCA CAG GCA AAT TGG AAT --- GCG AGT GAA GAT TCA AAA CAG GTG ATA AAC ATT CCT ACA GAT GGA TCG ATT CCG GGA GGT AAG AGT GCT ACC GCC GAA CCT TGG TCC ACG AAT GAA CCA TTT ACT GTC ACG TCT GAT ATC TAC TCG TCG GCC GTT TGT AAG AGT AAG TCC GCT GTT CAT CTA CCC ACA GGG TCT TCA TCT ACT ACG CAA TCC AAC GTG CAG GCT CGT AGT CCC TCG GCA AGA ATA GCG AGG AGC AGG TCA ACT ACT ACG CTA AGT AAT ACT ATC CAA ACT GGT GGT TTC ATG AAC CAA ACT ATA AGC GCT GCC ATG GAA AGT TCG AGC GCG ACT AAG CCA AAA GCC CCC CCC CAC TGT GAT --- --- --- --- --- --- --- --- --- --- --- --- --- --- --- --- --- --- --- --- --- --- --- --- --- --- --- --- --- --- --- --- --- --- --- --- --- --- --- --- --- --- --- --- --- --- --- --- --- --- --- --- --- --- --- --- --- --- --- --- --- --- --- --- --- --- --- --- --- --- --- --- --- --- --- --- --- --- --- --- 



Printing out site pattern counts


         6       1818  P G
G 2      284    322

castellii                                   --- --- --- --- --- --- --- --- --- --- --- --- --- --- --- --- --- --- --- --- --- --- --- --- --- --- --- --- --- --- --- --- --- --- --- --- --- --- --- --- --- --- --- --- --- --- --- --- --- --- --- --- --- --- --- --- --- --- --- --- --- --- --- --- --- --- --- --- --- --- --- --- AAA AAA AAA AAC AAC AAC AAC AAC AAG AAG AAG AAG AAG AAG AAT AAT AAT AAT AAT AAT AAT ACA ACA ACA ACA ACA ACA ACA ACA ACA ACA ACA ACA ACC ACC ACG ACG ACT ACT ACT ACT ACT ACT AGC AGC AGG AGT AGT AGT AGT AGT AGT AGT ATA ATA ATA ATA ATA ATA ATA ATC ATC ATC ATC ATG ATG ATT ATT ATT ATT ATT ATT CAA CAA CAA CAA CAA CAC CAC CAG CAG CAG CAG CAT CAT CAT CAT CCA CCA CCA CCA CCA CCA CCC CCC CCC CCG CCT CGA CTA CTA CTC CTC CTG CTG CTT CTT GAA GAA GAA GAA GAA GAA GAA GAC GAC GAG GAG GAT GAT GAT GAT GAT GAT GAT GCA GCA GCA GCA GCA GCA GCA GCA GCC GCC GCC GCC GCG GCT GCT GGA GGA GGA GGA GGA GGG GGG GGT GGT GTA GTA GTA GTC GTG GTG GTG GTT GTT GTT GTT TAC TAT TAT TAT TAT TAT TAT TAT TCA TCA TCA TCA TCA TCA TCA TCA TCA TCA TCC TCG TCG TCG TCG TCG TCT TCT TCT TCT TCT TCT TCT TCT TGC TGG TGT TTA TTA TTA TTA TTA TTA TTA TTA TTG TTG TTG TTG TTG TTT TTT TTT TTT --- --- --- --- AAA AAA AAA AAA AAA AAA AAA AAC AAC AAC AAC AAC AAG AAG AAG AAG AAG AAG AAG AAG AAT AAT AAT AAT AAT AAT AAT AAT AAT AAT AAT AAT AAT AAT ACA ACA ACA ACA ACA ACA ACA ACA ACC ACC ACC ACC ACG ACT ACT ACT ACT ACT ACT ACT ACT ACT ACT ACT ACT ACT ACT ACT ACT ACT AGA AGA AGT AGT AGT AGT AGT AGT AGT AGT AGT ATA ATA ATA ATA ATA ATA ATC ATC ATC ATG ATG ATG ATG ATG ATG ATG ATG ATG ATG ATG ATT ATT ATT ATT ATT ATT ATT ATT CAA CAA CAA CAA CAA CAA CAA CAG CAG CAG CCA CCA CCA CCA CCA CCA CCA CCA CCC CCC CCC CCT CCT CCT CCT CCT CCT CGG CTA CTA CTA CTC CTG CTG CTG CTT CTT CTT GAA GAA GAA GAA GAA GAA GAA GAC GAC GAC GAC GAC GAC GAC GAG GAG GAG GAG GAG GAG GAT GAT GAT GAT GAT GAT GAT GAT GAT GAT GAT GAT GAT GAT GAT GCA GCA GCA GCA GCA GCA GCA GCA GCC GCC GCC GCC GCT GCT GCT GCT GCT GCT GCT GCT GGA GGA GGA GGA GGA GGA GGC GGC GGC GGC GGC GGC GGG GGG GGG GGT GGT GGT GGT GGT GGT GGT GGT GGT GGT GGT GTA GTA GTA GTA GTA GTA GTA GTC GTC GTC GTC GTG GTG GTG GTT GTT GTT GTT GTT GTT TAT TAT TAT TAT TAT TAT TAT TAT TAT TAT TAT TCA TCA TCA TCA TCA TCA TCA TCA TCC TCC TCC TCC TCG TCT TCT TCT TCT TCT TCT TCT TCT TCT TCT TCT TGC TGC TGG TGT TGT TGT TGT TTA TTA TTA TTA TTA TTA TTA TTA TTA TTC TTC TTC TTC TTC TTG TTG TTG TTG TTG TTG TTT TTT TTT TTT TTT TTT TTT TTT TTT TTT TTT TTT TTT TTT
mikatae                                     AAA AAA AAA AAG AAG AAG AAG AAT AAT AAT ACA ACA ACA ACA ACA ACA ACC ACC ACC ACG ACG ACG AGA AGC AGG AGT AGT AGT ATA ATA ATA ATA ATC ATC ATG ATT CAC CAC CAC CAC CAG CAT CAT CCA CCG CCT CGA CTC CTT GAA GAA GAA GAC GAG GCT GGC GGC GTC TAC TAT TCA TCA TCA TCC TCC TCG TCG TCT TCT TGC TTT TTT AAG AAG ATA --- --- AAT GGC TCC --- --- AAA AAC AAC ACG --- AAC AAT AAT AAT GTC GTC AAA AAG ACC ACG ACG ACG ACG ATG GCT GTT TCT TCT CCA GCT --- ACT ACA ACA AGT GTA TCA TCC AAT CAA ACA --- --- AAA ACC ACT AGT GCA AAA ATA ATA GTG TTA TTA TTC ACC ATT GTG TTG ACC ATG ATT ATT GTG GTT TTA TTC --- --- ATA ATG CAG AAA GCA AAA ATG ATG GAT AGA CAT CGT GCT AAT AAT ATA ATT CCT CGC --- CCA CCT ACT AGC --- TTG TTG CTG CTT CTA CTC AAC ATT --- ACA AGT GAA GAG GAG GCA GAT GGC GGT TCC --- ACA CTG GAA GAT GAT GAT --- ACG AGT CAA CCA GCA GCA GGT --- GCT GCT TTC ATC AAC GAT AGT CAT GAA GGC GGG --- GGC --- GGT ACG ACT GTT AGC GAA GCT GCT AGT GTA GTT TTA TAT --- AAA AAT TAC TAT TAT TCT ACT ATT CCT TAT TCA TCA TCA TCA TCT TCT GAT ACA ACT AGC CAA TCC ACC ACC ACC ACT GAG TCT TCT TTG TGC TGG ACT --- ATT ATT CAA CAG CTT TGT TTA CTA TGG TTA TTA TTT GCG TTC TTT TTT AAC CTA TAT TCA --- AAA AAG ACT CAA GAG TCA AAT ACG AGC AGT GAA AAA AAA AAG ACA AGT CTA GAG GGA AAA AAA AAC AAT AAT AAT AAT AGC AGT CAA GAT GAT GAT GGG AAT AAT ACA ACG ACT GAA TCA TTC --- ACA ACA ACT --- ACA ACA ACA ACC ACG ACG ACG ACT ACT ACT ACT AGC ATT GTC TCG TCT TCT AGA AGG --- AAC ACC ACG ACT AGT AGT GCT TCT ACC ATA ATA ATT ATT TAT ATA ATC ATT AAG ATG ATG ATG ATT GCA GTC GTG TTA TTA TTA ACT ATA ATC ATC ATT ATT GAA GTT AAA ACT CAA CAA CAG GAA GAG CAA CCT GCA CCA CCA CCA CCG CCG CCT CCT TCT CCA CCT CCT CCA CCA CCG CCT CCT TAT AGA CTT GTA TTA CTG AAT TTA TTA CTA CTA TTT AAG GAA GAG GAT GAT GCT TTA GAA GAC GAC GAT GAT GGA GTC GAA GAA GAC GAG GCA GTA AAC AAC AAT ACA GAA GAC GAC GAC GAG GAT GAT GAT GAT GAT TCC AAC GCG GCG GCT GCT TAT TCA TCT GAT GCA GCC GCT ATT CCT GCA GCA GCC GCT GCT GGG GAT GCT GGA GGA GGT GGT AAT ACA CAA GGG GGT GGT GAT GGC GGT GGA GGA GGC GGC GGC GGG GGG GGT GGT GGT GGT ATG GCT GTA GTA GTC GTT GTT ATA ATT GTC GTT ATC ATT TTG ATC ATG GTC GTT GTT TTT ATT TAC TAC TAC TAT TAT TAT TAT TCA TTC TTT AGT ATA CAG GCG GGT GGT TCA TCT ACT TCA TCA TCT --- ACC AGC AGT CCT GCT TCA TCC TCG TCT TCT TCT TGC TGC TGG TAT TGC TGT TGT ATT ATT ATT CTA GTG TTA TTA TTA TTA TAC TTA TTT TTT TTT CAA CCT GCA TTA TTA TTG ATG TAC TAT TAT TTC TTC TTC TTC TTT TTT TTT TTT TTT TTT
kluyveri                                    --- --- AGA --- --- AAA AAC --- --- ACT --- --- --- --- AAT TGT --- --- ACG --- --- --- --- --- --- --- GGC TAC --- --- --- CTA --- TTA --- --- --- --- --- AAC --- --- --- --- --- GGG GAC --- --- --- --- --- --- --- GGA GCC TCC --- CCT --- --- --- GCT --- --- --- GCA --- --- --- --- --- ACC CTC CTC --- AAA AAA GGA ACC AGC GTG TGG ATT GTT GAT TAT AGC --- AAC GCA --- TTT AGT TCT ACC CCG GAC GAT TCT ATA TGT ATT AAC AGT ACT CCA GTT GAA ACC GCG GAC TTT AGC GCA TCC AGC TGG GAT GTC GAA TTC ACA AGC --- --- CTA GTG ATG AAA ATA TTA ATG ATG CAG GCC AAG ATG GTA TCC TCT ATT TTT TCA ATG GGT TTC GCC AAG AAT ACC GAA AGT GAC CAG CAT TCA AAT ACA CAG GAA CCA GAT ACA CGG TCA CCG AGT AAG TCT AAA CTC TCA TTA CTA CTT CTG GCC GAT TTT GAG GAA GCG GAA GAA TGG AAC AAA ATT AAC TGT TCC TTG GCA --- GAA GAT ATG GTG AAA CAA AAC GCC GCT GCT AGT GCT TCT CGG GCT TAC GTA GCA AAA GAT AAT CAT GAA GGT --- AAT CCA GTC GTT --- TTG GCT GGG AGT GTT ACA ATA TAC AAT TCA TAT TAC TAT TTT ATA GAA ACA GTT TTT AAG ACT GAG TAT CAA TCT AGA ACA CAA GCA ACC TCA TCA TCT TTA AAA TCA GCA TCT CTA TCC TGG CTA CAT GCT TCC TTC GAC CTA ATA GAT TTA TGG TTA TTA TAT TGT TTT ACT TAT --- --- --- GAG --- AAG AAG AAG AGT AAA TCT AAT ACG GAA AAT GAC AAA CAA AAA GTA AAA AGC GAA AAC --- AAT AAC AAC AAT AAT AAT GGT AAT AAC CCA GAC GGT GGA --- CAA ACA ACT --- TCG TCG GAA GTA ACA ACC ACA --- AAC ACG ATT GAC AAA GCC TCT AAA ACA ACT AGT ACC ACA GTG ACT ACA ACT TTG AGG --- GAC ACC ACT TAT AAT GTT --- AGG ACT ACC ATA ATA ATC TAT ATA GTT TTT TCT ACT ATG TTG TTT CAC GGC GTC ATG CTC CTC TTA GTG ATT ATT ATA ATT ATA GTT AAG AAC CAA TTG CAA AAC GAA CAA AAA --- CCA CCC CCG CCA CCT CAA CCT CCA CCA CCA GAA CCC TCC CCA CCG CCT TAT AGA TTA GTA TTG TTA AAT TTG TTT CTC TTG TTG ACA AGT GAA AAT ACC CCG TTG GAA GAT GAT GAC GAT AGT TTT GAG GAT GAT GAT GAC GAA AGC GTT TCT ACT GAG GAC GAC GAC TTG AAC AAC GAC GAT GGC AAT TCT GCG GGG GCA GCA CAA TCG TCT GAC GCC GCA GTT ATA CCG GCA GCA GGT GCC GCT GCC GAC GCT GGC GGT GGC GGT GTC ACT GGT GGT AAT GGT GAT AGC GGC GAC GGT GGA GGC GGT GGG GGG GAA GCA GGA GGG GTT GAA ACG GTA ACT GCA GTG GTT GTT GTT ATT GCC AAT TTG ATT ATG GTT AAA GTC TAT AAT --- TAT TAT CAA CAC TAT TTC GAG TAT TAC GAT AAT AGC GCT AGT GAT AGT TCC AAA AAT TCC TCC --- ACT AAA GCC GCA TCT ACT TTA TCC TCA TCT TCT AGT TGT TGG --- TGC TGT TGT ATG CTG GTT CTT GTC CTC CTC CTT GTG TAT TTT TTT TTT TTT TTG TTG AAC ATT TTA TTG TAT TTC TAC TTT TAT TAT TTC TTT CTT TTG TTT TTT TTT TTT
cerevisiae                                  AAA GAA AAC AAA AAA AAG AAT CAT GAT TAT --- AAA ACT GTA ACA ACA ACT GAA ACA --- ACA ACT ACG ATA AGC --- AGT AGT ACC CTT GCA ATA GTC GTC TCA GTC AAC AGT TCT CAT CAA --- CAT CAA CCA CCT CGG TTC --- ACG CCC GAG GAC GAG ACT GGC CGC GTA TGC TAT CCA TCG TCG --- AAT TCG TCT TCT TTT TGT --- TTT AAA AAG TTA --- --- AAC GGT TCT --- --- AAG AAT ACC AGG --- AAT AAT AAT AAT GCA GTC AAG AAG ACC ACA AAA ACT ACG ATG AGT GTC TCA TCT CCA ACC --- CCT ACA ACA GAA ATA TCA TCC AAC CAA ACA --- --- AAG ACT ACC AGT ACA GAA ATT ATA GTG TCA CTA TTC GTC TTT GTA TTC ATT ATG ATT ATT ATG ATT TTA CTT --- --- GCA GTA CAA GAA GCA AAG ATG ACA GAG AGA CAC CAC GCG GAA CAT ATG ATT CCC CAA --- TCA CCT ACT AGT --- TTG TTG TTA CTT CTG CTC CAT GTT --- TCG GCT GAA GAA GAG GCT AAC GGC ACT CTT AAT AAA CCA GAA GAT GAT GAT --- ACG AGT CAG CAA GCA GCA GCC --- GCT GCT TAT ATT GAC GGC AGT AAT GCA GGC GGG --- GGT --- GGT ACA ACT GTC AGC GAA GCT ACT GGC GTA GTC TCG TAT --- CAA AAT TAC TAC TAT TCT GCC CTT TCT TAT TTA TCG TCA TCG CTT TCT GAT ACA ACT AAC CAA TCC TCC GTC ACC ACT GAA TCT TCT ATT TGC TGG ACT --- ATT ATT AAA CAA CTG TGT TTA TTA TGG TTA TTA TCT GCG TTC TTT TTC AAC TCA TAT TCC --- AAG AAG GCT CAA GAG TCA AAC AAG AAT AGT GAC AAA AAG AAG ACT AGT CTG GAA GGA AAA AAG AAT AAT AAT AAT AAT AGT AGT AGT AAT GAT AAT GGT AAT TAT ACT ACA ACT GAA TCA TCT --- ACG ACC ACA --- ACA ACA ACG ACC ACG ACA ACG ACT ACT TCC ACT AAT GTG GTC TCG TCG TCT AGA AGG --- AAT ACC ACC AGT AGT AGT ACA TCT ACT ATA ATA ATT ATT TAT ATA ATA ATA AAA ATG ATG ATG ATT GCA AGT GTA TTA CTG TTG AAT ATA ATT GTT ATC ATT GAA ATT CAA AAT CAA CAG CAG GAA GAG CAA CCT GCA CCT CCA CCA CCC CCG CCT CCT TCC CCC CCC CCT CCA CCC CCA CCT CCT TAT AGA CTG GTA TTA CTG AGA TTG TTA CTT TTA TTT GAA GAA GAG GAT GAC GTA TTA GAA GAC GAT GAT GAT GGT GAC GAA GAA GAT GAA GAA GTC AAC AAC ACA ACA GAA GAC GAT GAT GAG GAC GAC GAT GAT GAT TCT AGT GCG GCG GCA GCT CAT TCA TCT GGT GCA GCG GCC ATC CCC GCA GCT GCC GCG GCT GGG GAA GCC GGG GGT GGA GGT AAT ACG AAA GGT GGC GGT GAT GGC GGC GGA GGA GGA GGC GGT GGA GGG AGC GGA GGT GGT ATG GCT GTT GTG GTC GTT GTT ATA GTT GTT GTT ATT ATT TTG ATC ACG GTC GTG GTT TTC ACA TAT TAT TAT TAC TAT TAT TAC TCA TTT TTC AGC GAA AGG GCT GGT CAT CCA TCA TCT TCA TCA TCG --- ACC GAA AGT CCC GCC TCA TCC TCG TCT TCC TCT TGT TGC TGG TAT TGC TGT TGT ATC GTT ATA CTA GTA TTA TTG TTA GTT TAT TTG TTC TTC TTT CAG CCT GTA TTA TTG TTG ATG TAC TAT TAT TTC TTT TTT TTT TTT TTT TTC TTT TTT TTT
paradoxus                                   ATA GAA AAC AAG ACA AAG AAT CAT AAT AAT --- AAA ACC GTA ACA ACA AAC ACC ATC --- ACA ACT ACG TTA AGC --- GGT AGT ACC GTT GTA ATA GTC ATC TCT GTC AAC AGT TCC CAC CAA --- CAT CCA CCA CCT CGA TTT --- ACA CCC GGG GAT GAG GCT GGC CGC GTG TGC TAT CCA CCG TCA --- ATT TCG TAT TCT GTT TGT --- CTC AAG AAG TTA --- --- AAC GGC TCT --- --- AAA AAC AAA AAG --- AAT AAT AAT GAA GCT GTT AAA AAG ACC ACA AAA ACT ATA ATG ACT GTC TCA TCT CCT ACT --- ACT ACA ACA GGT ATA TCA TCT AAT CAA ACA --- --- GAA GCC ACC ACT ACA GAA ATA ATA GTA TCA CTA TTC ACC TCC GTG TTC ACT ATG ATT ATT ACG ATT TTA CTT --- --- ATA GTG CAG AAA GTA AAA ATG ATA GGG AGA CAT CAA GCC CAA ATC GTA ATT CCC GGG --- CCA CCT ACG AGT --- CTG TTA CTG CTC TTG CTC CAC GTT --- TCG GAT GAA GAA GAG GCT AAC GGC ACT TTT TAC AAA CCA GAA GAT GAT GAT --- ACG AGC CAG CAA GCA GCA GCC --- GCT GCC TAC ATC GAT GCC GGT AAT GAG GGT GGG --- GGC --- GGT ACA ACT GTT AGT GAA GCT GCT AAG GTA GTC TCG TAT --- AAA AAC TAC TAT TAT TCT GCC GTT TTT TAT TCA TCG TCA CCA TAT TCT GAT ACA ACC AGC CAA TCC TCC ATT ACG ACT GAG TCT TCT ATA TGC TGG ACT --- ATT ATT AAA GAA CTG TGT TTA CTA TGG CTA TTA TTT GCG TTC TTT TTC AAC TCA TAT TCC --- AAG AAG GCA CAA GAC TCG AAC ACG AAC AGT GAC AAA GAG AAG ACT AGT CTG GAA GAA AAA AAA AAT AAT AAC AAC AAT AAC AGT CAA GAT GAT AAT GGT AAT AAT ACT ACA ACT GAA TCA TCT --- ACG ACC ACG --- ACA ACA ACG ACC ACG ACA ACG ACG ACT TCC GCT AAT GTA GTC TCG TCG TCC AGG AGA --- AAC ACC ACC ACT AGT AGT ACG TCT ACT ATA ATA ATT ATT TAC ATA ATC ATA AAA ATG ATG ATG ATT GCA AAT GTA TTA TTG TTG AAT ATA ATT GTT ATT ATT GAA GTT CAA ACT CAA CAA CAG GAA GAG CAA CCC GCA CCA CCA CCA CCT CCG CCT CCT TCT CCC CCC CCT CCA CCC CCG CCT CCT TAT AGA CTA GTA TTG CTG AGC TTG TTA CTG TTG TTT AAA GAA GAG GAT GAT GTA TTA GAA GAC GAC GAT GAT GGT GAC GAA GAA GAT GAA GCA GTC AAC AAC ACA ACA GAA GAC GAT GAT GAG GAC GAT GAT GAT GAT TCT AGT GCG GCG GCA GCT CAT TCA TCT GAT GCG GCA GCT ATT CCC GCA GCT GCC GCG GCT GGG GAT GCT GGG GGT GGT GGC AAT ACG CAA GGT GGT GGC GAT GGC GGC GGA GGA GGA GGC GGT GGG GGG GGT GGT GGT GGC ATG GCT GTT GTA GTC GTA GTT ATA GTT GTC GTT ATC ATT TTG ATC ATG GTC GTG GTT TTT ACT TAC TAC TAT TAC TAT TAT TAC TCA TTC TTT AGC AGG GGG GCT GGT AAT CCA TCT ACT TCA TCA TCG --- ACC GAA AGT CCT GCT TCA TCC TCT TCT TCC TCT TGT TGC TGG TAT TGC TGC TGT ATC GTT ATA CTA GTA TTA TTG TTG GTA TAT CTG TTC TTT TTT CAG CCT GCA TTA TTG TTG ATG TAT TAT TAC TTC TTT TTT TTT TTT TTT TTC TTC TTT TTT
kudriavzevii                                --- --- AGT --- --- --- --- --- --- --- --- --- --- --- --- --- --- --- GCC --- --- --- --- --- --- --- --- AGT --- --- --- --- --- --- --- --- --- --- --- --- --- --- --- --- --- --- --- --- --- --- --- --- --- --- --- --- CGT --- CCC --- --- --- --- --- --- --- TCG --- --- --- --- --- AAG --- TTA --- --- AAC GGA TCG --- --- AGA AGC AGT AAG --- AAC --- AAT AAC GCG --- AAT AAG ACG --- AAG ATC GCA ATG GCT --- TCG TCG CCA ACG --- ACT ACC ACT GCG --- TCG CCC AAT CAA ACA --- --- CAG AGC ACC ACT ACA GAA ATA ATA GTG TCA GTG TTA GCC GCT ATA CTG AGT ATG ATT ATC TGT ATT CCA TTT --- --- ATA GTG CAG AAA ACG AAG ATG ATA CAA AGG CAT CGT GCC CAA AGT ATA ATT CCT CCT --- CCG TCC ACT GGT --- CTA TTA --- CTT CTA CTC AAC GAT --- TCA TTC GAG GAA GAG GCT AAT AGG ACT TCG ACT AAA GCG GAA GAT GAC GAT --- --- AGT CAG CAA GCA GCA GGT GGT GCT GCC TAC ATC GAT GTT GGG GGT GAT GGT GGA --- GGG --- GGT ATG CAC GTT AGT --- GCC GCT AGC GTA GTC CCC TAT --- GAA AAT TAC TAT TAT --- GGG GTT TCT --- GCC TCA CTA CCC TCT TCT GAT ACA AGT AAC CAT TCT TCC ACG TCC ACT GAA TCT TCA TTG TGT TGG --- --- ATT ACT CGA CAG TTG TCT CTA CTA TGG TTA TTA TTC GCA TTC TTT TTT AAT CAA TAT CTG --- AAA AAG GCC CAA GAG TCG AAT ACG AAC AGT GAC AAG AAA AAG ACT AAT CTC GAA GAA AAA AAA AAT AAT AAT GAT AAT GGC AGT CAG AAT GAT AAT GGT AAT GAC ACA ACA ACT GAA TCG TCT --- ACA ACA ACG --- ACG ACA ACA ACC AAG ACA ACG ACT ACT TCG ATG AAT ATA GTC TCG TCC TAC AGG AGG --- GAT ACC ACT TCT AGT AGT GTT TCT ACC ATT ATA ATT ATT TAC ATC ATC ATA AAG ATG ATG ATG GTT GCA AGT GTA CTG CTA TTG ACC ATA ATT ATC ATT ATT GAA GTC CAA AAG CAA CAG CAG GAG GAG CAA CCT GCA CCA CCA CCA CCC CCG CCC CCC TCT CCA CCC CCC CCA CCT CCA CCT CCC TAT AGA TTA GTG CTG CTG AGT TTG TTA CTG TTG TTT AAA GAA GAG GAT AAT GAT TCA GAA GAT GAT GAT GAT GGC GAC GAA GAA GAT GAA GCA ACT AAT AAC ACT ACA GAA GAC GAC GAT GAT GAC GAT GAT GAT GAT TCC AGC GCA GCT GCC GCC CGT TCA TCC GAT GCG GCA GCT ATT CCT GCA GCT GCC GCG TCT GGA GAT GCT GGA GGT GGT GGA AAT CCG CAG GGT GGT GGT GAT GGT GGC GGC GGA GGT GGT GGT GGA GGG GGT GGC GGT GGT ATG GCT GTC GTA GTC GTT GTT ATA GTT GTT GTT CTT ATT TTG ATC ATG GTG GTG GTT CTC ATT TAT TAT TAT TAT TAC TAT TAC TCC TTT TTC AGC AAG TCA GCT GGC AAC CCA TCT ACT TCG TCG TCC --- ACT AGT AGT CCT GCA TCA TCC TCG TCT TCT TCC TGT TGC TGG TAC TGC TGC TGT ATT GTG ATA CTA GTA TTA TTA TTG TTA TAC CTG TTT TTT TTT CAA CCT GCA TTA TTA TTG ATG TAC TAT TAT TTC TTT TTT TTT TTT TTT TTT TTC TTC TTT



    1    1    1    1    1    1    1    1    1    1    1    1    1    1    1
    1    1    1    1    1    1    1    1    1    1    1    1    1    1    1
    1    1    1    1    1    1    1    1    1    1    1    1    2    1    1
    1    1    1    1    1    1    1    1    1    1    1    1    1    1    1
    1    1    1    1    1    2    1    1    1    1    1    1    1    1    1
    1    1    1    1    1    1    1    1    1    1    1    1    1    1    1
    1    1    1    1    1    1    1    1    1    1    1    1    1    1    1
    1    1    1    1    1    1    1    1    1    1    1    1    1    1    1
    1    1    1    1    1    1    1    1    1    1    1    1    1    1    1
    1    1    1    1    1    1    1    1    1    1    1    1    1    1    1
    1    1    1    1    1    1    1    1    1    1    1    1    1    1    1
    1    1    1    1    1    1    1    1    1    1    1    1    1    1    1
    1    1    1    1    1    1    1    1    1    1    1    1    1    1    1
    1    2    1    1    1    1    1    2    1    1    1    1    1    1    1
    1    1    1    1    1    1    1    1    1    1    1    1    1    1    1
    1    1    1    1    1    1    1    1    1    1    1    1    1    1    1
    1    1    1    1    1    1    1    1    1    1    1    1    1    1    1
    1    1    1    1    1    1    1    1    1    1    1    1    1    1    1
    1    1    1    1    1    1    1    1    1    1    1    1    1    1    1
    1    1    1    1    1    1    1    1    1    1    1    1    1    1    1
    1    1    1    1    1    1    1    1    1    1    1    1    1    1    1
    1    1    1    1    1    1    1    1    1    1    1    1    1    1    1
    1    1    1    1    1    1    1    1    1    1    1    1    1    1    1
    1    1    1    1    1    1    1    1    1    1    1    1    1    1    1
    1    1    1    1    1    1    1    1    1    1    1    1    1    1    2
    1    1    1    1    1    1    1    1    1    1    1    1    1    1    1
    1    1    1    2    1    1    1    1    1    1    1    1    1    1    1
    1    1    1    1    1    1    1    1    1    1    1    1    1    1    1
    1    1    1    1    1    1    1    1    1    1    1    1    1    1    1
    1    1    1    1    1    1    1    1    1    1    1    1    1    1    1
    1    1    1    1    1    1    1    1    1    1    1    2    1    1    1
    1    1    1    1    1    1    1    1    1    1    1    1    1    1    1
    1    1    1    1    1    1    1    1    1    1    1    1    1    1    1
    1    1    1    1    1    1    1    1    2    1    1    1    1    1    1
    1    1    1    1    1    1    1    1    1    1    1    1    1    1    1
    1    1    1    1    1    1    1    1    2    1    1    2    1    1    1
    1    1    1    1    1    1    1    1    1    1    1    1    1    1    1
    1    1    1    1    1    1    1    1    1    1    1    1    2    1    1
    1    1    1    1    1    1    1    1    1    1    1    1    1    1    1
    2    1    1    1    1    1    1    1    1    1    1    1    1    1    1
    1    1    1    1    1    1

CODONML (in paml version 4.4b, July 2010)  torun.nuc
Model: One dN/dS ratio for branches Global clock  (2 genes: diff. rate & k&w)  
Codon frequency model: F3x4
ns =   6  ls = 618

Codon usage in sequences
--------------------------------------------------------------------------------------------------------------
Phe TTT 18 18 22 16 18 16 | Ser TCT 19 19 17 19 18 14 | Tyr TAT 20 17 20 21 18 14 | Cys TGT  5  3  7  5  4  4
    TTC  6 10  6 11  9  7 |     TCC  5  8 11  8  9 10 |     TAC  1  8  6  5  9  9 |     TGC  3  5  1  4  5  3
Leu TTA 17 21 12 16 11 12 |     TCA 18 17  9 15 13  8 | *** TAA  0  0  0  0  0  0 | *** TGA  0  0  0  0  0  0
    TTG 11  6 16  9 11  8 |     TCG  6  5  3 12  9 13 |     TAG  0  0  0  0  0  0 | Trp TGG  3  4  7  4  4  4
--------------------------------------------------------------------------------------------------------------
Leu CTT  5  4  4  7  1  2 | Pro CCT  7 14  4 11 11  8 | His CAT  4  5  3  8  5  2 | Arg CGT  0  1  0  0  0  3
    CTC  3  2  8  1  3  3 |     CCC  6  0  2  8  7 10 |     CAC  2  4  2  2  2  1 |     CGC  0  1  0  1  1  0
    CTA  5  7  6  2  5  7 |     CCA 14 10 10  9 11  9 | Gln CAA 13 12 12 14 14 11 |     CGA  1  1  0  0  1  1
    CTG  5  3  2  6  7  7 |     CCG  1  4  6  1  3  3 |     CAG  7  5  3  4  4  8 |     CGG  1  0  2  1  0  0
--------------------------------------------------------------------------------------------------------------
Ile ATT 14 23 11 18 16 14 | Thr ACT 23 19 16 20 20 17 | Asn AAT 21 21 22 24 19 19 | Ser AGT 16 16 13 19 11 16
    ATC  7  8  1  4  8  7 |     ACC  6 14 11 11 12  6 |     AAC 10 11 17 10 16  8 |     AGC  2  8  9  4  5  5
    ATA 13 15 11 12 16 12 |     ACA 20 21 13 21 18 11 | Lys AAA 10 16 19 12 15  7 | Arg AGA  2  4  3  4  3  2
Met ATG 14 13 11 11 10 12 |     ACG  3 16  4 10 14  8 |     AAG 14 11  8 13 10 12 |     AGG  1  2  2  3  2  4
--------------------------------------------------------------------------------------------------------------
Val GTT 10 10 16 11 14 11 | Ala GCT 10 18 10 11 15 11 | Asp GAT 24 24 20 19 25 27 | Gly GGT 14 14 13 15 17 20
    GTC  5  9  6 13  9  5 |     GCC  8  2 12  6  7 10 |     GAC  9  7 18  9  7  7 |     GGC  6 11  7  9 10  6
    GTA 10  6  6 10 14  4 |     GCA 17 13 15 13 11 13 | Glu GAA 14 16 20 26 21 15 |     GGA 11  6  5  7  3  7
    GTG  6  5  7  4  4  7 |     GCG  1  4  3  6  5  5 |     GAG  8 10  6  8  8  6 |     GGG  5  6  6  4  9  4
--------------------------------------------------------------------------------------------------------------

Codon position x base (3x4) table for each sequence.

#1: castellii      
position  1:    T:0.24444    C:0.13704    A:0.32593    G:0.29259
position  2:    T:0.27593    C:0.30370    A:0.29074    G:0.12963
position  3:    T:0.38889    C:0.14630    A:0.30556    G:0.15926
Average         T:0.30309    C:0.19568    A:0.30741    G:0.19383

#2: mikatae        
position  1:    T:0.23777    C:0.12310    A:0.36762    G:0.27150
position  2:    T:0.26981    C:0.31029    A:0.28162    G:0.13828
position  3:    T:0.38111    C:0.18212    A:0.27825    G:0.15852
Average         T:0.29623    C:0.20517    A:0.30916    G:0.18943

#3: kluyveri       
position  1:    T:0.25277    C:0.11808    A:0.31550    G:0.31365
position  2:    T:0.26753    C:0.26937    A:0.32472    G:0.13838
position  3:    T:0.36531    C:0.21587    A:0.26015    G:0.15867
Average         T:0.29520    C:0.20111    A:0.30012    G:0.20357

#4: cerevisiae     
position  1:    T:0.24702    C:0.12777    A:0.33390    G:0.29131
position  2:    T:0.25724    C:0.30835    A:0.29813    G:0.13629
position  3:    T:0.38160    C:0.18058    A:0.27428    G:0.16354
Average         T:0.29529    C:0.20557    A:0.30210    G:0.19705

#5: paradoxus      
position  1:    T:0.23509    C:0.12777    A:0.33220    G:0.30494
position  2:    T:0.26576    C:0.31175    A:0.29472    G:0.12777
position  3:    T:0.36116    C:0.20273    A:0.26576    G:0.17036
Average         T:0.28734    C:0.21408    A:0.29756    G:0.20102

#6: kudriavzevii   
position  1:    T:0.23689    C:0.14563    A:0.31068    G:0.30680
position  2:    T:0.26019    C:0.30291    A:0.28350    G:0.15340
position  3:    T:0.38447    C:0.18835    A:0.23107    G:0.19612
Average         T:0.29385    C:0.21230    A:0.27508    G:0.21877

Codon usage in genes
--------------------------------------------------------------
Phe TTT 28 80 | Ser TCT 51 55 | Tyr TAT 34 76 | Cys TGT 12 16
    TTC 19 30 |     TCC 23 28 |     TAC 14 24 |     TGC  7 14
Leu TTA 41 48 |     TCA 42 38 | *** TAA  0  0 | *** TGA  0  0
    TTG 16 45 |     TCG 27 21 |     TAG  0  0 | Trp TGG 14 12
--------------------------------------------------------------
Leu CTT 14  9 | Pro CCT 14 41 | His CAT 24  3 | Arg CGT  3  1
    CTC 12  8 |     CCC 11 22 |     CAC 11  2 |     CGC  3  0
    CTA 19 13 |     CCA 25 38 | Gln CAA 31 45 |     CGA  4  0
    CTG 11 19 |     CCG  6 12 |     CAG 17 14 |     CGG  3  1
--------------------------------------------------------------
Ile ATT 41 55 | Thr ACT 50 65 | Asn AAT 47 79 | Ser AGT 42 49
    ATC 14 21 |     ACC 33 27 |     AAC 35 37 |     AGC 19 14
    ATA 40 39 |     ACA 57 47 | Lys AAA 42 37 | Arg AGA  7 11
Met ATG 26 45 |     ACG 26 29 |     AAG 36 32 |     AGG  5  9
--------------------------------------------------------------
Val GTT 23 49 | Ala GCT 33 42 | Asp GAT 46 93 | Gly GGT 21 72
    GTC 20 27 |     GCC 24 21 |     GAC 11 46 |     GGC 16 33
    GTA 19 31 |     GCA 38 44 | Glu GAA 49 63 |     GGA  9 30
    GTG 16 17 |     GCG 10 14 |     GAG 18 28 |     GGG 13 21
--------------------------------------------------------------

Codon position x base (3x4) table for each gene.


Gene #1
position  1:    T:0.23066    C:0.14627    A:0.36568    G:0.25738
position  2:    T:0.25246    C:0.33052    A:0.29184    G:0.12518
position  3:    T:0.33966    C:0.19128    A:0.29747    G:0.17159
Average         T:0.27426    C:0.22269    A:0.31833    G:0.18472

Gene #2
position  1:    T:0.25077    C:0.11740    A:0.30690    G:0.32492
position  2:    T:0.27600    C:0.28012    A:0.29815    G:0.14573
position  3:    T:0.40422    C:0.18229    A:0.24923    G:0.16426
Average         T:0.31033    C:0.19327    A:0.28476    G:0.21164

Sums of codon usage counts
------------------------------------------------------------------------------
Phe F TTT     108 | Ser S TCT     106 | Tyr Y TAT     110 | Cys C TGT      28
      TTC      49 |       TCC      51 |       TAC      38 |       TGC      21
Leu L TTA      89 |       TCA      80 | *** * TAA       0 | *** * TGA       0
      TTG      61 |       TCG      48 |       TAG       0 | Trp W TGG      26
------------------------------------------------------------------------------
Leu L CTT      23 | Pro P CCT      55 | His H CAT      27 | Arg R CGT       4
      CTC      20 |       CCC      33 |       CAC      13 |       CGC       3
      CTA      32 |       CCA      63 | Gln Q CAA      76 |       CGA       4
      CTG      30 |       CCG      18 |       CAG      31 |       CGG       4
------------------------------------------------------------------------------
Ile I ATT      96 | Thr T ACT     115 | Asn N AAT     126 | Ser S AGT      91
      ATC      35 |       ACC      60 |       AAC      72 |       AGC      33
      ATA      79 |       ACA     104 | Lys K AAA      79 | Arg R AGA      18
Met M ATG      71 |       ACG      55 |       AAG      68 |       AGG      14
------------------------------------------------------------------------------
Val V GTT      72 | Ala A GCT      75 | Asp D GAT     139 | Gly G GGT      93
      GTC      47 |       GCC      45 |       GAC      57 |       GGC      49
      GTA      50 |       GCA      82 | Glu E GAA     112 |       GGA      39
      GTG      33 |       GCG      24 |       GAG      46 |       GGG      34
------------------------------------------------------------------------------

(Ambiguity data are not used in the counts.)


Codon position x base (3x4) table, overall

position  1:    T:0.24227    C:0.12961    A:0.33175    G:0.29637
position  2:    T:0.26605    C:0.30143    A:0.29548    G:0.13704
position  3:    T:0.37693    C:0.18609    A:0.26962    G:0.16736
Average         T:0.29509    C:0.20571    A:0.29895    G:0.20026


Nei & Gojobori 1986. dN/dS (dN, dS)
(Pairwise deletion)
(Note: This matrix is not used in later ML. analysis.
Use runmode = -2 for ML pairwise comparison.)

castellii           
mikatae             -1.0000 (0.4105 -1.0000)
kluyveri            -1.0000 (0.6272 -1.0000) 0.1329 (0.5931 4.4640)
cerevisiae           0.1330 (0.4061 3.0532) 0.1614 (0.1415 0.8769) 0.2174 (0.6108 2.8089)
paradoxus            0.1647 (0.4191 2.5444) 0.1730 (0.1258 0.7271) 0.1951 (0.5920 3.0349) 0.1862 (0.0808 0.4342)
kudriavzevii        -1.0000 (0.4212 -1.0000) 0.1389 (0.1375 0.9896)-1.0000 (0.5508 -1.0000) 0.1260 (0.1406 1.1159) 0.1321 (0.1215 0.9196)


TREE #  1:  (((((4, 5), 2), 6), 1), 3);   MP score: -1
lnL(ntime:  5  np: 10):  -8534.987210      +0.000000
   7..8     8..9     9..10   10..11   11..4    11..5    10..2     9..6     8..1     7..3  
 3.538509 2.513978 0.687375 0.550786 0.306094 0.734686 2.781303 0.274308 2.358954 0.081032
SEs for parameters:
 0.251258 0.181315 0.040339 0.033072 0.022311 0.050685 0.274548 0.026996 0.215872 0.007180
Note: Branch length is defined for the first gene (site partition).
For other genes, look at "rates for genes".

tree length =  11.13525 (1st gene)

(((((4: 0.306094, 5: 0.306094): 0.244692, 2: 0.550786): 0.136589, 6: 0.687375): 1.826603, 1: 2.513978): 1.024531, 3: 3.538509);

(((((cerevisiae: 0.306094, paradoxus: 0.306094): 0.244692, mikatae: 0.550786): 0.136589, kudriavzevii: 0.687375): 1.826603, castellii: 2.513978): 1.024531, kluyveri: 3.538509);

Detailed output identifying parameters

rates for 2 genes:     1  0.73469

gene # 1: kappa =   2.78130 omega =   0.27431
gene # 2: kappa =   2.35895 omega =   0.08103

Time used:  0:19
