
seed used = 1418758977
      6   1983

castellii                                  ATG TTC TCC AGA GGT TCC AAA TCA ATG CTC TCC AAG GGG CTG GCT GTA GTC ACC GTC GTC TCC CTT GGG ACA GGC GTG TAC TTC CTT CAA AGG AGC AAG AAA ACC TCC TTC CAT AAC TTC CAA AGC CAG CAT ACA CCA GGA CTG GTC TCA CCC GTG GAC ACT CTG CAA GTG TCC CTT CCG ACA AGA AGC AAA CTC TTG CAA CAA TTG AAG GAA AAG GGT CAA TTC GAT GTC TTG ATC ATT GGT GGG GGC GCT ACA GGT ACA GGC TGT GCA GTG GAT GCT GCT ACA AGA GGT TTA CAA GTG GCC CTT GTG GAA CAA AAC GAT TTT GCC TCA GGG ACA TCG TCC AAA TCC ACC AAG ATG GCT CAT GGA GGT GTC CGT TAT TTG GAA AAG GCA TTT TTC CAA TTA TCT AAG AGT CAA TTG GAC CTG GTC ATT GAA GCA TTG AAT GAG AGA GCT CAT TTG TTG AAC ACG GCT CCT CAT TTG TGC AAG ATA TTA CCC ATC CTG ATC CCA GTG TAC ACT TAT TGG CAA GTC CCC TAT TTC TAT GCA GGT TGT AAA TTA TAC GAT CTG TTT GCT GGT AAT CAA AAT TTG AAG AAT TCT TAT CTC CTA TCG AGA TCT AAT GCC ATT GAG TTG GCA CCC ATG TTG GAA GCT ACG AAT TTG AAA GCC GCT TTG GTG TAT CAT GAT GGT TCA TTT AAT GAC TCC AGA TTG AAC GCC ACT TTG GCT ATC ACG GCC ATT GAA AGA GGT GCT ACC GTC TTG AAT TAT GTG GAG GTA CAG AAA TTA TTG AAA GAT TCA GAG ACA GGG ACC ATT AAT GGT GTG ACT GTA AGA GAT ATT GAA ACT GGT GAT ACA ATG GAT GTG CTT TCC AAA GTG GTT GTC AAT GCA ACG GGC CCC TTT AGT GAT AAG ATT TTA CAA ATG GAT AAG AAT CCC ACG GGG CTC CCC GAT GAT ATG AAT TTG AAT CCT AAG ATG ATC AAT CCA GAA GAT ATT TCT TCC AAG ATT GCT GTC AAG AAT CCA AAT ATG GTA GTC CCC TCA TCT GGT GTT CAC ATT ATC TTA CCA TCT TAC TAT TGT CCA AAA CAA ATG GGA TTA TTA GAT GTG AGA ACT TCA GAT GGT AGA GTC ATG TTC TTT TTA CCA TGG CAG GGC AAA GTA ATT GCA GGA ACT ACA GAT ATC CCT ATG AAT CAA GTT CCA GAG ACC CCC GTG GCT AAG GAA GCT GAT ATT CAA GAC ATT TTG AAG GAA TTA CAA CAT TAC ATT AAG TTC CCT GTC AAA CGT GAA GAT GTA CTA AGT GCC TGG GCT GGT ATT AGA CCC TTG GTA AGA GAT CCA AGA --- TTG GTA TCA CCA GAT GAG AAA AAA GTC TTG GGG --- TCC ACT CAA GGT TTA GTT AGA TCA CAT TTT ATC TTT ACA TCT GAT AAT GGA TTA GTA ACC ATT GCC GGT GGT AAA TGG ACT ACA TAC AGA GAA ATG GCC GAG GAA ACC ATT GAT GAA GTG GTA AAA AAT GGT GCA TTC GTG GAT GCC AAA CCT TGC ATT ACA AGA GAA TTG AAA TTA GCA GGT GCT GAA TTT TGG GAT CCA AAC ATT TCT GCA TTA TTA TCT CAA AAA TAT AAT CTT CCA TCA ATG ATG GCA AAT TAT TTG TCA GAC AAT TAT GGT ACG AGA AGT CCC ATT ATT TGT GAG TTA TTC TTG AAC GAT GAA ATT AAT AAA TTG CCA GTA CTC TTG GCT GGA GAG GAA AAG GAA CAA ATA TTA GGA AAC --- --- --- --- --- ACT GAT TTT AAT ACT TTC CGT TAT CCT ATT ACT ATA GGT GAA CTG AAG TAT TCC ATG AGA TAT GAA TAT GCT AGA ACG GCA TTG GAT TTC TTA ATG AGA AGA ACT CGA TTT GCC TTC TTA GAT GCA AAG GAG GCC TTA AGA GCT GTG TCA GGT ACA GTT AAG ATT ATG GGT GAC GAA TTC AAT TGG TCT TCT GAA AGG AGA CAA GAG GAA AAG GAG AAA ACC ATC CAA TTT ATC AAA TCA TTT GGA GTT 
bayanus                                    ATG TTT TCA CTG ACT AGA AGA AGA GCT GCT GCT ACT GTT GCT GCT GCC GCC ACG GCG TCC --- --- GGG GCG GTG TAC TGG ATG GCG TCG CAG GGC GAA GGG CCC CTG GTA CAC --- --- --- --- --- AAC GAC CCC AGC TAC ATG GTG CAA TTC CCC ACT GCG GCT CCG CCG CAG GTG GGC AGG CGA GAC CTG CTG GAC CGG CTG GGC AAG ACG CAC CAG TTC GAC GTG CTG ATC ATC GGT GGC GGG GCC ACC GGG ACC GGG TGC GCC CTG GAC GCC GCC ACC AGG GGC CTC AAC GTG GCG CTG GTC GAG AAG GGC GAC TTT GCC TCG GGC ACG TCG TCC AAG TCC ACC AAG ATG ATT CAC GGG GGC GTG CGG TAC CTG GAG AAG GCG TTC TGG GAG TTC TCC AAG GCG CAG CTG GAC CTC GTG ATC GAG GCG CTC AAC GAG CGC AAA CAC CTC ATC AAC ACC GCG CCG CAC CTG TGC ACG GTG CTG CCC ATC CTC ATC CCC ATC TAC AAC ACG TGG CAG GTG CCG TAC ATC TAC GCC GGG TGC AAG TTC TAC GAC TTC TTC GCG GGC AAG CAG AAC CTG AAG AGC TCG TAC CTG CTG TCC AAG TCC GCC ACC GTC GAA AAG GCG CCC ATG CTG ACC ACG GAC AAC CTG AAG GCG TCG CTC GTG TAC CAC GAC GGG TCC TTC AAC GAC TCG CGG TTG AAC GCC ACG CTG GCC ATC ACC GCC GTC GAG AAC GGC GCC ACG GTC CTC AAC TAC GTC GAG GTC CAG AAG CTG ATC AAG GAC CCG GCC TCG GGC AAG GTC GTG GGC GCC GAG GCG CGC GAC GTC GAG ACC AAC GAG CTC GTC AGG ATC AAC GCC AAG TGC GTG GTC AAC GCC ACG GGG CCC TAC AGC GAC GCC ATC TTG CAG ATG GAC CGC AAC GCC TCG GGC CAG CCC AAC TCG CCC CTG AAC GAC AAC TCC AAG ATC AAG --- --- TCC GCG TTC AAC CAG GTC GCC GTG ATG GAC CCG GAA ATG GTC ATC CCC TCC ATC GGT GTC CAC ATC GTC CTG CCC TCG TTT TAC TGT CCG AAG GAC ATT GGC CTG CTC GAC GTC AGG ACT TCC GAC GGC AGA GTG ATG TTT TTC CTG CCC TGG CAG GGC AAA GTC CTC GCG GGC ACC ACG GAT ATC CCC TTG AAA CAG GTC CCG GAA AAC CCC ATG CCC ACT GAG GCG GAC ATC CAG GAC ATC TTG AAA GAA CTG CAA CAC TAC ATC GAG TTC CCC GTC AAG CGA GAG GAC GTC CTT AGC GCC TGG GCA GGT GTC AGA CCC TTG GTC AGA GAC CCG CGC TCG ATC CCC GCG GGC GGC AAA AAG --- --- --- GGC TCC GCC ACC CAG GGC GTC GTC AGA TCC CAC TTC CTG TTC ACC TCT GAT AAC GGC CTC ATC ACC ATT GCC GGT GGT AAA TGG ACC ACT TAT AGA CAG ATG GCC GAA GAA ACC ATC GAC AAA GTC GTC GAG GTC GGC GGG TTC CAC AAC TTG AAA CCG TGC CAC ACA AGA GAC ATC AAG CTC GCC GGA GCG GAG GAA TGG ACG CAG AAC TAC GTC GCC CTT CTC GCT CAG AAC TAC CAC CTG TCC TCC AAG ATG TCC AAC TAC TTG GTC GAA AAC TAC GGC ACC AGG TCC TCC ATC ATT TGC GAG TTT TTC AAA GAT TCC ATG GAA AAC AAA TTG CCC TTG TCC CTA GCC GAC AAG GAA AAT AAC ACC ATC TAC TCC AAC GAG GAA AAT AAC CTG GTC AAC TTC GAC ACT TTC AGG TAC CCC TTC ACC ATT GGT GAG TTG AAG TAT TCC ATG CAA TAC GAA TAC TGC AGA ACC CCC TTG GAC TTC CTC TTG AGA AGA ACA AGG TTT GCC TTC TTG GAC GCC AAG GAA GCT TTG AAT TCC GTC CAT GCC ACC GTC AAA GTT ATG GGT GAC GAG TTC AAT TGG TCC GAC AAG AAA AGA CAA TGG GAA CTC GAA AAG ACC GTT AAC TTT ATC AAG ACT TTT GGC GTC 
mikatae                                    ATG TTT TCA GTC ACT AGA AGA AGA GCA GCA GCA GCT GCT GCT GCC ATG GCC ACA GCT ACA --- --- GGA TCG CTG TAC TGG GTT ACC ACG CAG GGC GAG AGG CCC TGC GTG CAC --- --- --- --- --- AAT GAC GCA AGC TAC ATG GTC CAA TTC CCC ACT GCT GCT CCA CCG CAG GTT TCC AGG CGA GAC CTG CTG GAA CGG CTA GGC AAG ACG CAT CAA TTT GAT GTG CTG ATC ATC GGT GGA GGA GCC ACG GGG ACA GGG TGT GCC CTG GAC GCT GCA ACG AGA GGG CTC AAC GTG GCA CTT GTT GAA AAG GGC GAC TTT GCC TCG GGA ACT TCG TCC AAA TCT ACC AAG ATG ATT CAC GGC GGG GTG CGG TAC TTG GAG AAG GCC TTC TGG GAG TTT TCC AAG GCG CAG CTG GAC CTG GTC ATT GAG GCG CTC AAC GAG CGT AAA CAT CTT ATC AAT ACG GCC CCT CAT TTG TGC ACG GTT CTG CCG ATT CTG ATC CCC ATC TAT AGC ACG TTG CAG GTG CCG TAC ATC TAT ATG GGT TGT AAA TTC TAC GAT TTC TTC GCT GGT TCT CAA AAC CTG AAA AAA TCA TAC CTG CTA TCG AAA TCT GCC ACG GTG GAG AAG GCC CCC ATG CTT ACG ACA GAC AAT TTG AAG GCC TCG CTT GTG TAT CAT GAT GGG TCG TTT AAC GAC TCG CGT TTG AAT GCC ACG TTG GCC ATC ACT GCT GTG GAG AAC GGC GCT ACC GTC TTG AAT TAT GTC GAG GTG CAA AAG TTG ATC AAG GAC CCA GCT TCT GGT AAG GTT ATC GGT GCT GAG GCT CGC GAC GTT GAG ACC AAC GAA CTC ATA AGA ATC AAG GCC AAA TGC GTG GTC AAT GCT ACA GGG CCC TAC AGC GAT GCG ATT TTG CAA ATG GAC CGT AAC CCG TCG GGC CAA CCA GAC TCC CCG TTA AAC GAC AAC TCC AAG GCC AAG --- --- TCT GCT TTC AAC CAA ATC GCC GTT ATG GAC CCG AAA ATG GTC ATC CCA TCC ATC GGT GTT CAC ATT GTA CTG CCC TCT TTC TAC TGC CCG AAG GAC ATG GGT TTG CTC GAC GTC AGA ACT TCT GAT GGT AGA GTG ATG TTC TTT TTA CCG TGG CAG GGC AAG GTA CTT GCT GGT ACC ACA GAT ATT CCT TTG AAG CAA GTA CCA GAA AAC CCC ATG CCC ACA GAA GCT GAT ATC CAA GAT ATC TTG AAA GAA TTA CAA CAT TAC ATT GAA TTC CCC GTG AAA AGA GAA GAC GTC TTA AGT GCA TGG GCC GGT GTC AGA CCC TTG GTC AGA GAT CCA CGT ACA ATC CCC GCA GAT GGG AAG AAG --- --- --- GGC TCC GCC ACC CAG GGT GTG GTA AGA TCC CAT TTC TTG TTC ACT TCA GAT AAT GAC TTG ATT ACT ATC GCG GGT GGT AAA TGG ACT ACT TAC AGA CAG ATG GCC GAA GAA ACA ATC GAC AAA GTT GTT GAA GTT GGT GGA TTC CAT AAT TTA ACA CCT TGT CAC ACA AGA GAC ATC AAA CTT GCT GGT GCT GAA GAA TGG ACG CAA AAT TAC GTC GCC TTA TTG GCT CAG AAT TAC CAC TTA TCA TCA AAG ATG TCT AAC TAT TTG GTC CAG AAC TAT GGG ACC CGT TCC TCC ATT ATT TGC GAG TAC TTC AAA GAA TCC ATG GAA AAT AAA CTA CCT TTA TCT TTA GCG GAT AAG GAA AAC AAC GTT ATC TAT TCC AGT GAG GAA AAC AAC TTG GTC AAC TTT GAT ACT TTC AGG TAT CCA TTC ACA ATC GGC GAG TTG AAA TAT TCA ATG CAG TAC GAA TAT TGC AGA ACT CCC TTG GAT TTC CTT TTA AGA AGA ACA AGG TTC GCC TTT TTG GAT GCC AAG GAG GCT TTG AAT TCG GTA CAT GCC ACT GTT AAA GTC ATG GGT GAT GAG TTT AAT TGG TCA GAG AAA AAA AGG CAA TGG GAA CTC GAA AAA ACT GTG AAC TTC ATC AAG ACT TTT GGT GTT 
kluyveri                                   ATG TTT GCT AAC GCT ACC CGC AGA ATG GTA GTC CCG GCA GCT TTT GCT GCC GCA ACT GTT GGT GGG GCT ACG ATT TTG TGG CAC CAA CAG CAA CAA CAG AAG AGT GTT ATA AAC --- --- --- --- --- AAT GAT GTT ACA GTC ACG AAC CCA GTA CAG AAA TCC AAA ATA AAT CTA CCT ACG AGG CAG GAT TTG TTG TCT AAG CTT TCC AAA ACA AAC CAG TTC GAT GTT TTG ATC ATC GGT GGC GGT GCT ACA GGT ACG GGA TCC GCC TTG GAT GCA GCA ACC AGA GGC TTG AAC GTT GCA TTG GTT GAA ATG AAC GAT TTT GCT TCC GGC ACT TCA TCA AAG TCA ACT AAG ATG GCT CAT GGT GGT GTT AGG TAT TTG GAA AAA GCT TTT TGG GAG CTA TCT AAG GCT CAG CTA GAT TTG GTA GTC GAA GCC TTG AAT GAA AGA GCA CAT ATG TTG TAC ACA GCA CCT CAC TTG TGC AAA ATT TTA CCT ATC ATG ATA CCT GTT TAC AAT TAC TGG CAG GCT CCA TAC TTC TAC GTT GGT TGT AAG ATG TAT GAC TTG TTT GCT GGT TCT CAG AAC TTG AAA AGC TCG TAC ATG TTG ACA GCC TCC AGA GCC GCC GAG GTG GCA CCA ATG CTC GAT GCC AGC AAA TTG AAA GCT GGA TTG GTC TAT CAC GAT GGA TCG TTT AAC GAC TCC AGG ATG AAT GCC ACG TTG GCG GTT ACC GCT GTA GAA AAG GGC GCC ACC GTT TTG AAC TAC ATG GAA GTG AAA CAA TTG ATT AAG AAC GAA CAG ACA GGT AAA GTC GAA GGC GCT GTC GCT CAG GAT CGC GAG ACT GGA GAA ACT TTC CGT ATT AAG GCC AAA GTT GTC GTG AAT GCC ACA GGT CCA TTT AGC GAC CGT ATT TTG CAA ATG GAT GAG GAT TCT AAG GGC TTG CCA GAT GAT AGG CTA CTG CAA TCT TCA AAC ATA AAT --- GCT ACT ATT AGT TCA AAA GTT GCC GTT GCC AAC CCG CAG ATG GTT GTT CCA TCT GCA GGT GTC CAC ATT GTC TTG CCC TCT TTC TAC TGT CCA AAG GAA ATC GGT TTG TTG GAT GCC AAA ACA TCC GAT GGC AGA GTG ATG TTC TTT TTA CCT TGG CAG GGA AAG GTC CTG GCC GGT ACC ACA GAC ATC CCA ATG AAA CAA ATT CCT GAA AAC CCA ACC GCC ACA GAA GCC GAC ATC CAA GAC ATT TTG AAG GAA CTG CAG CAT TAC ATT AAA TTC CCG GTT AAG AGA GAG GAC GTT TTA AGC GCC TGG GCT GGT ATT AGA CCC TTG GTC AAA GAT CCA AGA AAG AGA ATT GGT GAG AAT CCA CAT CGA GTT GCA GCT TCA TCT ACT CAA GAA TTG GTT AGA TCA CAC TTT TTG TTC ACT TCT GAT AAT GAT TTG GTT ACT ATT GCT GGT GGT AAA TGG ACC ACT TAC AGA GAA ATG TCT GAA GAA ACC ATC AAC GAG GTT GTT AAA GTG GGC AAG TTC AAC --- GCT AAG CCA TGT ATC ACA AGG AAG CTG AAA TTG GCC GGT GCT GAA AAT TAC GAC CCC AAT TTA CCT GCT ATG TTG GCC CAG GAG TAT CAC TTG TCT TCA AAG ATG GCC GAA TAT TTG GCA AAC AAC TAC GGT ACC AGA GCA CCA TTG ATT TGT GAG CTT TTC AAA GAT GAT GAC AAG AAC AAA TTA CCA ATG GCA TTT GGT GGT AAG GAG AAC GTG ACC GTT TAT GGC AAC --- --- --- --- --- GTT GAT TTT GAC TCC TTC CGT TAT CCC TTC ACC ATC GGT GAA TTA AAA TAC AGT ATC AAC AAC GAA TAC ACC AGG ACA GCA TTA GAC TTC TTG ATG AGA AGG ACG AGA TAT GCA TTT TTG GAT GCT AAA CAG GCA TTG ACT GCA GTC GAT GGT ACT GTC AAA GTT ATG GGA GAT GAA TTA AGC TGG GAT TCC AAC AGA AGA CAG GAA GAG AGG GAA AAG GCT ACT GAA TTC ATC AAG ACC TTT GGT GTG 
cerevisiae                                 ATG TTT TCG GTA ACG AGA AGA AGA GCT GCC GGT GCA GCT GCT GCC ATG GCC ACA GCC ACG --- --- GGG ACG CTG TAC TGG ATG ACT AGC CAA GGT GAT AGG CCG TTA GTG CAC --- --- --- --- --- AAT GAC CCG AGC TAC ATG GTG CAA TTC CCC ACC GCC GCT CCA CCG CAG GTC TCT AGA CGA GAC CTG CTG GAC CGT CTG GCC AAG ACG CAT CAA TTC GAC GTG TTG ATC ATC GGT GGC GGG GCC ACG GGG ACA GGA TGT GCC CTA GAT GCT GCG ACC AGG GGA CTC AAT GTG GCC CTT GTT GAA AAG GGG GAT TTT GCC TCG GGA ACG TCG TCC AAA TCT ACC AAG ATG ATT CAC GGT GGG GTG CGG TAC TTA GAG AAG GCC TTC TGG GAG TTC TCC AAG GCA CAA CTG GAT CTG GTC ATC GAG GCA CTC AAC GAG CGT AAA CAT CTT ATC AAC ACT GCC CCT CAC CTG TGC ACG GTG CTA CCA ATT CTG ATC CCC ATC TAC AGC ACC TGG CAG GTC CCG TAC ATC TAT ATG GGC TGT AAA TTC TAC GAT TTC TTT GCC GGT TCC CAA AAC TTG AAA AAA TCA TAC CTA CTG TCC AAA TCC GCC ACC GTG GAG AAG GCT CCC ATG CTT ACC ACA GAC AAT TTA AAG GCC TCG CTT GTG TAC CAT GAT GGG TCC TTT AAC GAC TCG CGT TTG AAC GCC ACT TTA GCC ATC ACG GCT GTG GAG AAC GGC GCT ACC GTC TTG AAC TAT GTC GAG GTA CAA AAA TTG ATC AAA GAC CCA ACT TCT GGT AAG GTT ATC GGT GCC GAG GCC CGG GAC GTT GAG ACT AAT GAG CTT GTC AGA ATC AAC GCT AAA TGT GTG GTC AAT GCC ACG GGC CCA TAC AGT GAC GCC ATT TTG CAA ATG GAC CGC AAC CCA TCC GGT CTG CCG GAC TCC CCG CTA AAC GAC AAC TCC AAG ATC AAG --- --- TCG ACT TTC AAT CAA ATC GCC GTC ATG GAC CCG AAA ATG GTC ATC CCA TCT ATT GGC GTT CAC ATC GTA TTG CCC TCT TTT TAC TGC CCG AAG GAT ATG GGT TTG TTG GAC GTC AGA ACC TCT GAT GGC AGA GTG ATG TTC TTT TTA CCT TGG CAG GGC AAA GTC CTT GCC GGC ACC ACA GAC ATC CCA CTA AAG CAA GTC CCA GAA AAC CCT ATG CCT ACA GAG GCT GAT ATT CAA GAT ATC TTG AAA GAA CTA CAG CAC TAT ATC GAA TTC CCC GTG AAA AGA GAA GAC GTG CTA AGT GCA TGG GCT GGT GTC AGA CCT TTG GTC AGA GAT CCA CGT ACA ATC CCC GCA GAC GGG AAG AAG --- --- --- GGC TCT GCC ACT CAG GGC GTG GTA AGA TCC CAC TTC TTG TTC ACT TCG GAT AAT GGC CTA ATT ACT ATT GCA GGT GGT AAA TGG ACT ACT TAC AGA CAA ATG GCT GAG GAA ACA GTC GAC AAA GTT GTC GAA GTT GGC GGA TTC CAC AAC CTG AAA CCT TGT CAC ACA AGA GAT ATT AAG CTT GCT GGT GCA GAA GAA TGG ACG CAA AAC TAT GTG GCT TTA TTG GCT CAA AAC TAC CAT TTA TCA TCA AAA ATG TCC AAC TAC TTG GTT CAA AAC TAC GGA ACC CGT TCC TCT ATC ATT TGC GAA TTT TTC AAA GAA TCC ATG GAA AAT AAA CTG CCT TTG TCC TTA GCC GAC AAG GAA AAT AAC GTA ATC TAC TCT AGC GAG GAG AAC AAC TTG GTC AAT TTT GAT ACT TTC AGA TAT CCA TTC ACA ATC GGT GAG TTA AAG TAT TCC ATG CAG TAC GAA TAT TGT AGA ACT CCC TTG GAC TTC CTT TTA AGA AGA ACA AGA TTC GCC TTC TTG GAC GCC AAG GAA GCT TTG AAT GCC GTG CAT GCC ACC GTC AAA GTT ATG GGT GAT GAG TTC AAT TGG TCG GAG AAA AAG AGG CAG TGG GAA CTT GAA AAA ACT GTG AAC TTC ATC AAG ACG TTT GGT GTC 
paradoxus                                  ATG TTT TCG GTA ACG AGA AGA AGA GCT GCT GCT GCT GCT GCT GCC ATG GCC ACA GCT ACA --- --- GGG TCA CTG TAC TGG GTG ACT AGC CAA GGC GAT AGG CCC TTG GTG CAC --- --- --- --- --- AAT GAC CCG AGC TAC ATG GTG CAA TTC CCC ACT GCT GCT CCT CCG CAG GTC TCT AGA CGA GAC CTG CTG GAT CGT CTG GCC AAG ACG CAC CAA TTC GAC GTG TTG ATC ATC GGT GGA GGA GCC ACT GGG ACA GGG TGT GCC CTA GAC GCT GCC ACC AGG GGG CTC AAT GTG GCC CTT GTC GAG AAG GGC GAT TTT GCC TCG GGA ACG TCG TCC AAG TCT ACC AAG ATG ATT CAC GGT GGC GTG CGG TAC TTG GAG AAG GCC TTC TGG GAA TTC TCC AAG GCA CAG CTG GAT CTG GTC ATC GAG GCA CTC AAT GAG CGT AAA CAT CTT ATC AAC ACT GCC CCC CAT CTG TGC ACG GTC CTA CCG ATT CTG ATC CCC ATC TAC AGC ACG TGG CAG GTC CCG TAT ATC TAT ATG GGT TGT AAA TTC TAC GAT TTC TTC GCT GGT TCC CAA AAC TTG AAA AAA TCA TAC CTG CTG TCC AAA TCT GCC ACC GTG GAG AAG GCT CCG ATG CTT ACG ACG GAC AAT TTG AAG GCC TCG CTT GTG TAT CAC GAT GGG TCC TTT AAC GAT TCG CGT TTG AAT GCC ACT TTG GCC ATC ACG GCT GTG GAG AAC GGC GCT ACC GTT TTG AAC TAT GTC GAA GTA CAG AAA TTG ATC AAG GAC CCA GCT ACT GGT AAA GTT ATC GGT GCC GAT GCT CGT GAC GTT GAG ACT AAC GAA CTC GTT AGA ATC AAC GCC AAA TGC GTT GTC AAC GCC ACA GGG CCA TAC AGT GAT GCC ATT TTG CAA ATG GAC CGC AAC CCA TCG GGT CTA CCG GAC TCC CCG TTA AAT GAC AAC TCC AAA GTC AAG --- --- TCG GCT TTC AAC CAA ATC GCC GTC ATG GAC CCG AAA ATG GTC ATT CCA TCT ATT GGT GTT CAC ATT GTA TTG CCC TCT TTC TAC TGC CCG AAG GAC ATG GGT TTG TTG GAC GTC AGA ACG TCT GAT GGA AGA GTG ATG TTC TTC TTA CCT TGG CAG GGC AAA GTC TTG GCT GGT ACC ACA GAC ATC CCA CTA AAG CAA GTT CCA GAA AAC CCC ATG CCC ACA GAG GCC GAT ATC CAA GAT ATC TTG AAA GAA CTG CAA CAC TAC ATT GAA TTC CCT GTG AAG AGA GAA GAC GTC CTA AGT GCA TGG GCC GGT GTC AGG CCT TTG GTC AGA GAT CCG CGT ACA ATC CCC GCA GAC GGT AAG AAG --- --- --- GGT TCT GCC ACC CAG GGC GTG GTG AGA TCG CAC TTT TTG TTC ACT TCG GAT AAT GGA TTA ATT ACT ATT GCA GGT GGT AAA TGG ACT ACT TAC AGA CAG ATG GCA GAG GAG ACA ATT GAC AAA GTT GTC GAA GTT GGT GGA TTC CAT AAT TTG AAA CCT TGC CAC ACA AGA GAC ATC AAA CTT GCT GGT GCC GAA GAA TGG ACG CAG AAC TAT GTA GCC TTA TTG GCT CAA AAT TAC CAT CTA TCA TCA AAG ATG TCC AAC TAT TTG GTT CAA AAC TAT GGA ACT CGT TCT TCC ATT ATT TGC GAA TTT TTC AAA GAG TCT ATG GAA AAT AAA CTG CCC CTG TCC TTA GCT GAT AAA GAA AAC AAC GTA ATC TAC GCT AGC GAG GAA AAC AAC TTG GTC AAT TTT GAT ACT TTC AGA TAT CCA TTC ACA ATC GGT GAG TTA AAG TAT TCG ATG CAA TAC GAA TAT TGT AGA ACT CCC TTG GAT TTC CTT TTA AGA AGA ACA AGA TTC GCC TTC TTG GAC GCC AAG GAA GCT TTG AAT GCG GTA CAT GCC ACT GTC AAA GTT ATG GGT GAT GAG TTC GAT TGG TCA GAG AAG AAG AGG CAA TGG GAA CTT GAA AAA ACT GTA AAC TTT ATC AAG ACA TTT GGT GTC 



Printing out site pattern counts


         6       1773  P G
G 2       45    546

castellii                                   AAA AAA AAC AAG AAG ACA ACA ACC ACC AGA AGC AGC AGG ATG ATG CAA CAA CAG CAT CAT CTC CTG CTT CTT GCT GGC GGG GGG GGT GTA GTC GTC GTC GTG TAC TCA TCC TCC TCC TCC TCC TTC TTC TTC TTC --- --- --- --- --- --- --- AAA AAA AAA AAA AAA AAA AAA AAA AAA AAA AAA AAA AAA AAA AAA AAA AAC AAC AAC AAC AAC AAC AAG AAG AAG AAG AAG AAG AAG AAG AAG AAG AAG AAG AAG AAG AAG AAG AAG AAG AAT AAT AAT AAT AAT AAT AAT AAT AAT AAT AAT AAT AAT AAT AAT AAT AAT AAT AAT AAT AAT AAT AAT ACA ACA ACA ACA ACA ACA ACA ACA ACA ACA ACA ACA ACC ACC ACC ACC ACC ACC ACC ACG ACG ACG ACG ACG ACG ACG ACT ACT ACT ACT ACT ACT ACT ACT ACT ACT ACT ACT ACT AGA AGA AGA AGA AGA AGA AGA AGA AGA AGA AGA AGA AGA AGA AGA AGA AGC AGG AGT AGT AGT AGT ATA ATA ATA ATC ATC ATC ATC ATC ATC ATC ATC ATC ATG ATG ATG ATG ATG ATG ATG ATG ATG ATT ATT ATT ATT ATT ATT ATT ATT ATT ATT ATT ATT ATT ATT ATT ATT ATT ATT ATT ATT ATT ATT ATT CAA CAA CAA CAA CAA CAA CAA CAA CAA CAA CAA CAA CAA CAA CAA CAA CAC CAG CAG CAT CAT CAT CAT CAT CAT CCA CCA CCA CCA CCA CCA CCA CCA CCA CCA CCA CCA CCA CCC CCC CCC CCC CCC CCC CCC CCC CCC CCC CCC CCG CCT CCT CCT CCT CCT CCT CGA CGT CGT CGT CTA CTA CTC CTC CTC CTC CTG CTG CTG CTG CTG CTG CTT CTT CTT CTT GAA GAA GAA GAA GAA GAA GAA GAA GAA GAA GAA GAA GAA GAA GAA GAA GAA GAA GAC GAC GAC GAC GAC GAC GAG GAG GAG GAG GAG GAG GAG GAG GAG GAG GAG GAT GAT GAT GAT GAT GAT GAT GAT GAT GAT GAT GAT GAT GAT GAT GAT GAT GAT GAT GAT GAT GCA GCA GCA GCA GCA GCA GCA GCA GCA GCA GCA GCA GCA GCC GCC GCC GCC GCC GCC GCC GCC GCC GCC GCC GCC GCT GCT GCT GCT GCT GCT GCT GCT GCT GCT GCT GCT GCT GCT GCT GCT GCT GCT GCT GGA GGA GGA GGA GGA GGA GGA GGC GGC GGC GGC GGG GGG GGG GGG GGG GGT GGT GGT GGT GGT GGT GGT GGT GGT GGT GGT GGT GGT GGT GGT GGT GGT GGT GGT GGT GTA GTA GTA GTA GTA GTA GTA GTA GTA GTA GTC GTC GTC GTC GTC GTC GTC GTC GTC GTC GTC GTG GTG GTG GTG GTG GTG GTG GTG GTG GTG GTG GTG GTG GTG GTG GTG GTT GTT GTT GTT GTT GTT TAC TAC TAC TAC TAC TAT TAT TAT TAT TAT TAT TAT TAT TAT TAT TCA TCA TCA TCA TCA TCA TCA TCA TCA TCA TCA TCA TCC TCC TCC TCC TCC TCC TCC TCC TCG TCG TCT TCT TCT TCT TCT TCT TCT TCT TCT TCT TCT TGC TGC TGG TGG TGG TGT TGT TGT TGT TTA TTA TTA TTA TTA TTA TTA TTA TTA TTA TTA TTA TTA TTA TTA TTA TTA TTC TTC TTC TTC TTC TTC TTC TTG TTG TTG TTG TTG TTG TTG TTG TTG TTG TTG TTG TTG TTG TTG TTG TTG TTG TTG TTG TTG TTG TTG TTG TTT TTT TTT TTT TTT TTT TTT TTT TTT TTT TTT
bayanus                                     AGA GGG --- ACT GAA GAC GCG ACG CCC CTG --- GGC CAG ATG GCT --- TCG --- AAC CAC GCT GCT --- GCG GCT GTG GGG GTT ACT GCC GCC GCG TCC TAC TGG AGA --- AGA CTG GCT TCA --- ATG GTA TTT AAC AAT CTG GAA GAG TCC TCG --- AAA AAA AAA AAC AAG AAG AAG AAG AAG AAG AAG AAG AAG GAC GAG AAC AAC AAC AAC GAT GGC AAA AAA AAG AAG AAG AAG AAT ACG ACG ACT ATG CAG CGC CTC GAG GCC GGC TCC AAA AAC AAC AAC AAC AAC AAC AAC AAC AAC AAG AAG AAT AGC CAC CTG GAA GAC GAC GAC GCC GTC GTG ACA ACC ACC ACC ACC ACC ACG ACG ACT CTC GGC TCG AAC AAG ACC ACC ACC ACC ACG ACC ACC ACC ACC ACG GAC TCG AAC ACA ACC ACC ACC ACC ACC ACG ACT ACT ACT GAG GTC AAC AAG AAT AGA AGA AGA AGA AGA AGG AGG AGG AGG CAA CGC CGC CGG CGA AAA AGC AGC GCG TCC ATC ATT GTG ATC ATC ATC ATC ATC ATC CTG GTC GTT AAG AAG ATG ATG ATT CCC GTC TTG TTG ATC ATC ATC ATC ATC ATC ATC ATC ATT ATT CAC CTC GAA GCG GTC GTC GTC GTC GTC GTC GTT TAC TTC AAC AAC AAG ACC CAA CAG CAG CAG CAG CAG CAG CGG GAC GAC GAG GCT CAC CAG CAG CAC CAC CAC CAC CAC CAC --- CAG CCC CCC CCC CCC CCC CCG CCG CCG CCG GGC TCC CAA CCC CCC CCC CCC CCC CCC CCC CCG GCC TCC GTG AAC CCC CCC CCC CCG CCG AGG AGG CGA CGG CTG CTT CAG CTG CTG TCC CTC CTC GCG TAC TTC TTG AAC CAG CTG CTG --- AAA AAC AAG AAG ACC ATG CAG GAA GAA GAA GAC GAG GAG GAG GAG GAG GAG CCC GAA GAC GAC GAC GAC AAA AAG GAA GAA GAA GAA GAG GAG GAG GCC TGG AAC AAC AAC ACG AGG GAC GAC GAC GAC GAC GAC GAC GAC GAC GAG GAT GAT GGC TCC TCC TCG CCC GCC GCC GCC GCC GCC GCC GCG GCG GCG GCG GGG TCC ACC GCC GCC GCC GCC GCC GCC GCC GCG GCG GCT TTG AAA ACG ATT CCC GCA GCC GCC GCC GCC GCC GCC GCC GCG GCG GCG GCG TCC TCG TGC AGC GAC GGC GGC GGC GGG TCC GGC GGG GGG GGG GGC GGC GGC GGC GGC AAC CAC GCC GGA GGC GGC GGC GGC GGC GGC GGC GGC GGC GGG GGG GGG GGT GGT GGT GGT ATC CCC GCG GTC GTC GTC GTC GTC GTC TTG --- ATC ATG GTC GTC GTC GTG GTG GTG GTG GTG ATC ATC ATG CAC CCG CTG GCC GTC GTC GTC GTC GTC GTG GTG TGC TTC GTC GTC GTC GTC GTC GTG TAC TAC TAC TAT TTT ACG TAC TAC TAC TAC TAC TAC TAC TAC TAT ACT CAT CCG GCG GTC GTG TCC TCC TCC TCC TCC TCG AAC CCG GCC GCC TCC TCC TCC TCG TCC TCG ATC GAC GCT GTC TCC TCC TCC TCG TCG TCT TTC TGC TGC TGG TGG TGG TGC TGC TGC TGT CTC CTC CTC CTC CTC CTG CTG CTG CTG CTG CTT GTC TAC TTC TTC TTG TTT ATC TGG TTC TTC TTC TTC TTT --- AAA AAC AAG ATC ATC ATC ATC CTA CTC CTC CTC CTC CTG CTG CTG CTG CTG CTG CTG TTG TTG TTG TTG GAA TAC TTC TTC TTC TTC TTC TTC TTT TTT TTT
mikatae                                     AGA AGG --- GCT GAG GAC TCG ACA CCC GTC --- GGC CAG ATG GCA --- ACG --- AAT CAC GCA GCT --- ACC GCC CTG GGA GCT ACT ATG GCC GCT ACA TAC TGG AGA --- AGA TGC GCA TCA --- GTT GTG TTT AAC AAC TTG GAA GAG TCC ACA --- AAA AAG ACA AAT AAA AAA AAA AAA AAG AAG AAG AAG AAG GAC GAA AAT AAT AAT AGT GAA GGC AAA AAA AAA AAA AAG AAG AAC ACG ACG ACA ATG CAA CGT CTC GAA GCG GGC TCC AAG AAC AAC AAC AAC AAT AAT AAT AAT AAT AAG TCT AAT AAA CAC TTA AAA GAC GAC GAT GCC GTT ATC ACA ACA ACG ACG ACT ACT ACA ACT ACT CTC TCC TCT AAC AAG ACA ACC ACT ACT ACC ACC ACG ACT ACT ACA GAC TCG AGC ACA ACA ACC ACC ACC ACT ACG ACT ACT ACT GAG GTC AAC AAA AAT AGA AGA AGA AGA AGG AGA AGA AGG CGT CAG CGC CGT CGT CGA AAA AGC AGT GCG TCC ATC ATC GTT ATC ATC ATC ATT ATT GCC TTG GTA GTG AAG AAG ATG ATG ATG CCG ATA TTA TTG ATC ATC ATC ATC ATT ATT ATT ATT ATC ATT CAC CTT GAA GCT ATC GTC GTG GTG GTT GTT GTC TAC TTC AAC AAC AAG GTT CAA CAA CAA CAG CAG CAG CAG CGG GAA GAC GAG GCT CAC CAA CAG CAC CAT CAT CAT CAT CAT --- CAA CCC CCC CCG CCT GCA CCA CCA CCG CCG GAT TCA CAA CCA CCA CCC CCC CCC CCC CCG CCG CCG TCC GTT AAC CCA CCC CCT CCT CCT AGG AGG AGA CGG CTA TTA CAA CTG CTG TCT CTG CTG GCT TAC TTC TTG AAG CAG CTT TTA --- AAA AAC AAA AAG ACG ATG CAG GAA GAA GAA GAC GAA GAA GAA GAA GAG GAG CCC CAG GAC GAC GAT GAT AAG AAG GAA GAA GAG GAG GAG GAG GAG GCT TGG AAC AAT GAC ACG AGA GAC GAC GAC GAC GAC GAT GAT GAT GAT GAA GAT GAT GGG TCC TCT TCC CCC ATG GCC GCC GCC GCT GCT GCC GCC GCG GCT GGA TCT ACG GCA GCC GCC GCC GCC GCG GCT GCA GCC GCT TTA AAA ACA ATT CCC GCC GCA GCC GCC GCC GCG GCT GCT GCC GCT GCT GCT TCG TCG TGC AGC GAT GAC GGT GGT GGC TCC GGC GGA GGG GGG GGA GGA GGC GGC GGT AAC CAT GCC GGT GGC GGG GGG GGG GGT GGT GGT GGT GGT GGG GGG GGT GGC GGT GGT GGT ATT CCC GCT GTA GTC GTC GTC GTG GTT TTA --- ATC ATG GTC GTC GTG GTC GTG GTG GTG GTT ATC ATC ATG CAT CCA CTG GCT GTA GTC GTC GTT GTT GTG GTG TGC TTC GTA GTA GTT GTT GTT GTG TAC TAC TAT TAC TTC ACG TAC TAC TAC TAC TAT TAT TAT TAT TAT ACT CAT CCA GCA GTC GTC TCA TCC TCC TCG TCT TCG AAC CCG GCC GCC TCA TCC TCT TCG TCG TCG ATC GAG GCT GTC TCA TCC TCT TCA TCT TCA TTC TGC TGT TGG TGG TTG TGC TGT TGT TGC CTC CTC CTT TTG TTG CTG CTG TTA TTA TTG TTA GTG TAT TTC TTT TTG TAC ATC TGG TTC TTT TTT TTT TTC --- AAA AAC AAG ATC ATC ATC ATC TTA CTC CTT CTT TTG CTA CTG CTG CTG CTT TTG TTG CTA TTG TTG TTG GAA TAC TTC TTC TTC TTC TTT TTT TTC TTC TTT
kluyveri                                    CGC AAG --- CCG CAG GAT ACG GCA AGT AAC --- CAA CAA ATG ATG --- CAG --- AAT AAC GTA GCT GGG CAA TTT ATT GCT GCA GCT GCT GCC ACT GTT TTG TGG AGA GGT ACC GTT GTC GCT --- CAC ATA TTT --- --- --- --- --- TCA AAG CGA AAA AAG AAG GAG AAA AAA AAG AAG AAA AAG AAG CAA CAT GAT AAA AAT AAT TAC AAC GAT AAC AAA AAG AAA AAA AAA AAG AAC AAA ACA ACA GCC AAA GAG AGG AAA CGT TCC TCA AAA AAC AAT GAA GAT AAA AAC AAC AAT AAT AAT TCT AGC AGC CAC CTA CAG AAC CAA GAC AGA GTG GAA ACA ACG ACA ACC ACT ACT ACA ACT ACT ACT ACG ACA AAC AAA ACC ACT ACT GCT ACC ACC ACA ACA ACC ACA AGC AAG AAT ACG ACC ACC ACT ACT ACC ACG AAA ACA TCC GTC GTT AAG GCC ACT AAA AGA AGA AGG AGA AAA AGA AGG AGA AAC CAG AGA AGG CAG AGA AGC AGC GCT GCA GTT ATC ATT ATA ATC GTT ATC ATC ATA TTG GTC ACT AAC AAG ATC ATG ATC AGG TTC ATG ATG ATC ATC ATC ATT ATT ATT GTC TTG ATT ATT ATC CTG AAG ATT GTT ATT GCC GTA CGC GTC GTT TTA TTC AAC GAA ATG ACC CAG CAA CAG CAA CAG CAG CAG AAG TCT GAA GAG AAA CAC AAA CAG CAT CAC CAC CAC CAT CAT --- CCC CCC CCT CCT CCA GTT CCA CCT CCA CCG GAG TCT CCA CCA CCA CCA CCA CCA CCC CCT CCA TCT CCA CCT TCT CCC CCG CCA CCA CCT AGA CGT AGA AGG TTG TTA TTG ATG TTG GCA ATG TTG TCC GTC TTG TTA AAG CTA TTG TTG GCT GAG GTG AAC AAA GAT GAC GAA GAA GAA GAG AAG GAA GAA GAA GAG GAA GAG CAG AAC GAC GAT GAC GAT CCA AAG GAA GAA CAG GAG GAA GAA GAG CAG GAA GAT --- GAT GAC CGT AAC GAC GAT GAT GAT GAC GAC GAT GAT GAA GAC GAT AAT GAT ACT GAT GCA GTT GCC GCT GCT GCC GCC GCA GCT GCC GCC AAG GCC GCC GCC GCA GCC GCT TCT GCT GCT GCA GCT GCA GCT GCA GCC GCT GCC GCT GCA GCC GCG GCT GGT GCA GCC GCA GCC GCT GCT GCA GGA ACC ACA GGT GAT GGT GGT GGT GGC GGA GGT GGA GGT GGC GGC GCT GGC GGT GGA AAC GGT GGT GGC GGC GGT GGT GAA GGC GGC GGC GGT GGA GGT GGT GGT GGA GGT GGT GTT ATT GCT GTC GTC GTT GTT GTG GTT ATG GTT GTT ACG GTG GTT GTT GTA GCT GTG GTT GTT ATT GTT ACC AAC ATA TTG GCT GTC ATG GCC GTT GTT GTC GTT GTT GTA ATT GTT GTC GTC GTG GTC TAC TAT TAC TAC TTC TAC AAC TAC TAC TAT TAC TAC TAT TAT TAC ACC GAT GAA GGT GCA AAC TCA TCA TCT TCG TCC TCC TCA AAT GCC TCT AGT TCA TCA TCC ACA TCA GCA TCC GCC CCT GAT TCT TCC TCG TCT TCT AGT TGC TGT TAC TGG TGG TGT TCC TGT TGT TTG TTG TTG TTG TTG TTA TTG CTG TTA TTG ATG TTG TAT ATG CTA TTG CTT TTC TGG TTC TTA TTC TTT TTC GCA AAA CTG GTG AGA ATT CTG TTG TTT TTG ATG TTG TTG CTT CTA TTG TTG CTC TTG TTG TTA ATG TTA TTG AAT TTT TTC TTT TTT TTT TTT TTT TAT TTC TTT
cerevisiae                                  AGA AGG --- GCA GAT GAC ACG ACA CCG GTA --- GGT CAA ATG GCT --- AGC --- AAT CAC GCC GCT --- ACT GCC CTG GGG GCT ACG ATG GCC GCC ACG TAC TGG AGA --- AGA TTA GGT TCG --- ATG GTG TTT AAC AAC TTG GAG GAG TCT ACA --- AAA AAA AAA AAC AAA AAG AAA AAA AAG AAA AAG AAA AAG GAC GAA AAC AAC AAC AGC GAA GGG AAA AAA AAA AAG AAG AAG AAT ACG ACG ACA ATG CAA CGC CTT GAA GCC GCC TCC AAG AAC AAC AAC AAC AAT AAC AAT AAT AAT AAG TCC AAT AAA CAT CTA AAA GAC GAC GAT GCC GTT ATC ACA ACA ACG ACC ACC ACT ACA ACG ACT CTT TCT TCT AAC AAG ACA ACC ACT ACT ACC ACC ACT ACT ACG ACG GAC TCC AGC ACA ACA ACC ACT ACT ACT ACT ACC ACC ACT GAG GTC AAC AAA AAT AGA AGA AGA AGA AGG AGA AGG AGA CGT CAG CGG CGT CGT CGA AAG AGT AGT GCA TCC ATC ATC GTG ATC ATC ATC ATC ATT ATC TTG GTA GTG AAG AAA ATG ATG ATG CCG GTC TTA CTA ATC ATT GTC ATC ATC ATT ATC ATC ATT ATT CAC CTT GAA ACT ATC GTC GTG GTG GTT GTT GTT TAT TTC AAT AAC AAG GTA CAG CAA CAA CAG CAA CAA CAG CGT GAC GAT GAG GCT CAC CAA CAG CAC CAC CAC CAT CAC CAT --- CAA CCC CCC CCT CCT CCG CCA CCA CCG CCG GAC TCA CAA CCA CCG CCA CCC CCT CCT CCA CCG CCA TCT GTC AAC CCA CCC CCA CCT CCT AGA AGA AGA CGG CTG CTA CTG CTA CTG TCC CTG CTG GCC TAC TTC TTA AAC CAG CTT TTA --- AAA AAC AAA AAG ACC ATG CAA GAA GAA GAA GAT GAA GAA GAG GAA GAG GAG CCC CAA GAC GAT GAT GAT AAG AAG GAA GAG GAA GAG GAG GAG GAA ACT TGG AAT AAC GAC ACG AGA GAC GAC GAC GAT GAT GAC GAT GAC GAT GAG GAC GAT GGG TCC TCG TCC CCC ATG GCC GCC GCT GCC GCT GCT GCC GCA GCC GGA TCC ACC GCA GCC GCC GCC GCT GCA GCT GCC GCC GCT CTG AAA ACA ATT CCT GCT GCG GCC GCC GCC GCC GCT GCT GCC GCT GCA GCC GCC TCG TGT AGC GAC GGC GGC GGT GGT TCT GGC GGG GGA GGC GGA GGC GGC GGT GGT AAT CAT GCC GGT GGC GGA GGA GGG GGC GGC GGC GGT GGT GGG GGG GGC GGT GGT GGC GGT ATT CCC GCC GTC GTC GTC GTG GTA GTC TTG --- ATC ATG GTC GTC GTG GTC GTC GTG GTG GTC ATC ATC ATG CAC CCA CTA GCC GTG GTC GTC GTT GTT GTG GTG TGT TTC GTC GTA GTC GTT GTC GTG TAT TAC TAC TAC TTT ACC TAC TAC TAC TAC TAC TAT TAC TAT TAT ACG CAT CCA GCA GTT GTG TCA TCC TCT TCC TCT TCG AAT CCG GCT GCC TCC TCC TCT TCG TCC TCG ATT GAG GCT GTG TCG TCC TCC TCA TCT TCG TTC TGC TGT TGG TGG TGG TGC TGT TGT TGC CTC TTG CTT CTA TTG CTA TTG CTA TTA TTG TTA GTG TAC TTC TTC TTG TTT ATC TGG TTC TTC TTC TTC TTC --- AAA AAC AAG ATC ATC ATT ATC TTA CTC CTT CTT TTG CTG CTG CTG TTG CTT CTG TTA CTG TTG TTG TTG GAA TAC TTC TTC TTC TTT TTT TTT TTC TTC TTT
paradoxus                                   AGA AGG --- GCT GAT GAC TCA ACA CCC GTA --- GGC CAA ATG GCT --- AGC --- AAT CAC GCT GCT --- ACT GCC CTG GGG GCT ACG ATG GCC GCT ACA TAC TGG AGA --- AGA TTG GCT TCG --- GTG GTG TTT AAC AAC TTG GAA GAG TCT ACA --- AAA AAA AAA AAT AAA AAA AAA AAG AAG AAG AAG AAA AAG GAC GAA AAC AAT AAC AGC GAG GGC AAA AAA AAA AAG AAG AAG AAC ACG ACG ACA ATG CAA CGC CTT GAA GCC GCC TCC AAG AAC AAT AAC AAC AAT AAC AAT AAC AAT AAG TCC GAT AAA CAT TTA AAA GAC GAC GAT GCC GTT ATC ACA ACA ACT ACC ACT ACT ACA ACG ACT CTC TCT ACT AAC AAA ACA ACC ACT ACT ACC ACT ACT ACT ACG ACA GAC TCG AGC ACA ACA ACC ACC ACT ACT ACT ACT ACG ACT GAT GTC AAC AAA AAT AGA AGA AGG AGA AGG AGA AGG AGA CGT CAA CGT CGT CGT CGA AAG AGT AGT GCA TCT ATC ATC GTC ATC ATC ATC ATC ATT GTC TTG GTA GTA AAA AAG ATG ATG ATG CCG GTT TTA CTA ATC ATC ATT ATC ATT ATT ATC ATT ATT ATT CAC TTG GAA GCT ATC GTC GTG GTG GTT GTT GTT TAT TTC AAT AAC AAG GTA CAA CAA CAA CAG CAA CAG CAG CGT GAT GAC GAA GCT CAC CAG CAG CAC CAC CAT CAC CAC CAT --- CAG CCC CCC CCT CCC CCG CCG CCA CCG CCG GAC TCA CAA CCA CCG CCA CCG CCC CCT CCG CCG CCA TCC GTC AAC CCA CCT CCA CCT CCC AGA AGA AGA CGG CTG CTA CTA CTG CTG TCC CTG CTG GCT TAC TTC TTA AAC CAG CTT CTA --- AAA AAC AAG AAG ACG ATG CAG GAA GAG GAA GAC GAA GAG GAG GAA GAG GAG CCC CAA GAT GAT GAT GAT AAG AAA GAA GAG GAA GAG GAA GAG GAA GCT TGG AAT AAT GAC ACG AGA GAC GAC GAC GAC GAT GAT GAT GAC GAT GAA GAC GAT GGT TCT TCG TCC CCC ATG GCC GCC GCC GCC GCT GCT GCC GCA GCT GGA TCC ACC GCA GCC GCC GCC GCA GCA GCT GCC GCC GCT TTG AAA ACG ATT CCC GCC GCC GCC GCC GCC GCT GCT GCT GCC GCC GCC GCT GCG TCG TGT AGC GAT GGA GGT GGT GGT GCT GGC GGA GGG GGG GGA GGA GGT GGT GGT AAC CAC GCC GGT GGC GGG GGA GGC GGC GGA GGT GGT GGT GGG GGG GGT GGT GGT GGT GGT ATT CCC GCT GTC GTC GTC GTC GTA GTC CTG --- ATT ATG GTC GTT GTG GTC GTC GTG GTG GTC ATC ATC ATG CAT CCT CTA GCC GTA GTC GTC GTC GTT GTG GTG TGC TTC GTT GTG GTC GTT GTC GTT TAC TAC TAC TAC TTC ACG TAC TAC TAT TAC TAT TAT TAT TAT TAT ACA CAT CCA GCA GTT GTG TCA TCG TCT TCC TCT TCG AAC CCG GCC GCC TCG TCC TCT TCG TCC TCG ATT GAG GCT GTA TCA TCC TCT TCA TCT TCG TTC TGC TGC TGG TGG TGG TGC TGT TGT TGC CTC TTG CTT TTA TTG CTA TTG CTG TTA TTG TTA GTG TAC TTC TTC TTG TTT ATC TGG TTC TTC TTC TTC TTC --- AAA AAT AAG ATC ATC ATC ATC TTA CTC CTT CTT TTG CTG CTG CTG TTG CTT CTG TTG CTG TTG TTG TTG GAA TAC TTC TTC TTT TTC TTC TTT TTC TTT TTT



    1    1    1    1    1    1    1    1    1    1    1    1    1    1    1
    1    1    1    1    1    1    1    1    1    1    1    1    1    1    1
    1    1    1    1    1    1    1    1    1    1    1    1    1    1    1
    1    1    1    1    1    1    1    1    2    1    1    1    1    1    2
    2    1    1    2    1    1    1    1    1    1    1    1    1    1    1
    1    1    1    2    2    1    1    1    1    1    1    1    1    1    1
    1    1    1    3    1    1    1    1    1    1    1    1    1    1    1
    1    1    1    1    1    1    1    1    1    1    1    1    1    1    1
    1    1    1    1    1    1    1    1    1    1    1    1    1    1    1
    1    1    1    1    1    1    1    1    1    1    1    1    1    1    1
    1    1    1    1    1    1    1    1    4    1    3    1    1    1    1
    1    1    1    2    1    1    1    1    1    1    1    1    1    1    1
    2    1    1    1    1    1    1    1    1    1    1    8    1    1    1
    1    1    1    1    1    1    2    1    1    1    1    1    1    1    1
    1    1    1    1    1    1    1    1    1    1    1    1    1    1    2
    3    2    1    1    1    1    1    1    1    1    1    1    1    1    1
    1    1    1    1    1    1    1    1    1    1    1    1    1    1    1
    1    1    1    1    1    1    1    1    1    1    1    1    1    1    1
    1    1    1    1    1    1    1    1    1    1    1    1    1    1    1
    1    1    1    1    1    1    1    1    1    1    1    1    1    1    1
    1    1    1    1    2    1    2    1    1    1    1    1    5    1    1
    1    1    1    1    1    1    1    2    1    1    1    1    1    1    1
    1    1    1    1    1    1    2    1    3    1    1    2    2    2    3
    1    1    1    1    1    1    1    1    1    1    1    1    1    1    1
    1    1    1    1    1    1    1    1    1    1    1    1    1    1    1
    1    1    1    1    1    1    1    1    1    1    1    1    1    1    1
    1    1    1    1    1    1    1    1    1    1    2    1    1    1    1
    1    1    1    1    1    1    1    1    1    1    1    1    1    1    1
    1    1    1    1    1    1    1    1    1    1    1    4    1    1    1
    1    1    1    1    1    1    1    1    1    1    1    1    1    1    1
    1    2    1    1    1    1    1    1    1    1    1    1    1    1    1
    1    1    1    1    1    1    1    1    1    1    1    1    1    1    1
    1    1    2    1    2    1    3    2    1    1    1    1    1    1    1
    1    1    1    1    1    1    1    1    1    1    1    1    1    1    1
    1    1    1    1    1    1    1    1    1    1    1    1    1    1    1
    1    4    1    1    1    1    1    1    1    2    1    1    1    1    1
    1    2    1    1    1    1    1    3    1    1    1    5    1    1    1
    1    1    1    1    1    1    1    1    1    1    1    1    1    1    1
    1    1    2    1    1    3    1    1    1    3    1    1    1    1    1
    1    1    2    1    1    2

CODONML (in paml version 4.4b, July 2010)  torun.nuc
Model: One dN/dS ratio for branches Global clock  (2 genes: diff. rate & k&w)  
Codon frequency model: F3x4
ns =   6  ls = 661

Codon usage in sequences
--------------------------------------------------------------------------------------------------------------
Phe TTT 13  8 10 13  9  8 | Ser TCT 11  1  9 11  9  9 | Tyr TAT 15  2 10  8  7 10 | Cys TGT  4  1  3  4  5  3
    TTC 15 21 18 13 20 21 |     TCC 13 24 12  9 15 10 |     TAC  6 21 14 14 16 13 |     TGC  2  7  6  1  3  5
Leu TTA 21  0 10  8 10  7 |     TCA 13  1  7  8  3  5 | *** TAA  0  0  0  0  0  0 | *** TGA  0  0  0  0  0  0
    TTG 29 14 22 38 19 24 |     TCG  2 11  9  2  8 10 |     TAG  0  0  0  0  0  0 | Trp TGG  6  9  8  7  9  9
--------------------------------------------------------------------------------------------------------------
Leu CTT  6  2  7  2  9  7 | Pro CCT  6  0  4  7  7  5 | His CAT  8  1  8  4  5  5 | Arg CGT  3  0  5  3  5  6
    CTC  5 15  5  1  2  3 |     CCC 11 21 12  4  7 10 |     CAC  1 12  5  6  8  8 |     CGC  0  4  1  2  1  1
    CTA  2  1  3  4  8  6 |     CCA 13  0  7 14 10  7 | Gln CAA 22  4 12  9 14 13 |     CGA  1  2  1  1  1  1
    CTG  7 27 12  4 12 13 |     CCG  1 10  8  3  8 10 |     CAG  3 17 10 16  7  8 |     CGG  0  3  2  0  2  1
--------------------------------------------------------------------------------------------------------------
Ile ATT 24  5 10 14  9 12 | Thr ACT 13  8 14 13 14 16 | Asn AAT 25  4 13 11 12 12 | Ser AGT  4  0  2  3  2  2
    ATC 10 27 22 11 23 20 |     ACC  9 21  7 13 11  6 |     AAC  7 32 19 23 21 20 |     AGC  3  4  3  5  4  4
    ATA  3  0  1  4  0  0 |     ACA 14  2 13 12 10 12 | Lys AAA 22 12 20 24 22 21 | Arg AGA 23 13 16 16 18 17
Met ATG 18 15 17 21 18 17 |     ACG  7 11 11  6 11 10 |     AAG 22 29 22 23 20 21 |     AGG  2  7  5  8  3  4
--------------------------------------------------------------------------------------------------------------
Val GTT  6  3 14 26  8 11 | Ala GCT 20  8 21 25 16 23 | Asp GAT 29  3 16 25 15 19 | Gly GGT 24  7 17 24 16 20
    GTC 15 32 15 13 19 19 |     GCC 12 30 22 21 29 27 |     GAC  6 32 19 11 21 19 |     GGC  5 25  9  9 12  6
    GTA 11  1  5  4  5  7 |     GCA 13  1  8 17  7  6 | Glu GAA 24 16 20 25 17 18 |     GGA  8  1  5  6  5  7
    GTG 17 14 14  7 17 13 |     GCG  0 18  5  1  1  1 |     GAG 12 19 16 11 17 15 |     GGG  7 10  8  1  7  6
--------------------------------------------------------------------------------------------------------------

Codon position x base (3x4) table for each sequence.

#1: castellii      
position  1:    T:0.22936    C:0.13609    A:0.31498    G:0.31957
position  2:    T:0.30887    C:0.24159    A:0.30887    G:0.14067
position  3:    T:0.32263    C:0.18349    A:0.29052    G:0.20336
Average         T:0.28695    C:0.18705    A:0.30479    G:0.22120

#2: bayanus        
position  1:    T:0.18490    C:0.18336    A:0.29276    G:0.33898
position  2:    T:0.28505    C:0.25732    A:0.31433    G:0.14330
position  3:    T:0.08166    C:0.50539    A:0.08320    G:0.32974
Average         T:0.18387    C:0.31536    A:0.23010    G:0.27067

#3: mikatae        
position  1:    T:0.21263    C:0.15716    A:0.30046    G:0.32974
position  2:    T:0.28505    C:0.26040    A:0.31433    G:0.14022
position  3:    T:0.25116    C:0.29122    A:0.19723    G:0.26040
Average         T:0.24961    C:0.23626    A:0.27067    G:0.24345

#4: kluyveri       
position  1:    T:0.20955    C:0.12327    A:0.31895    G:0.34823
position  2:    T:0.28197    C:0.25578    A:0.32357    G:0.13867
position  3:    T:0.29738    C:0.24037    A:0.23421    G:0.22804
Average         T:0.26297    C:0.20647    A:0.29224    G:0.23832

#5: cerevisiae     
position  1:    T:0.20493    C:0.16333    A:0.30508    G:0.32666
position  2:    T:0.28968    C:0.25578    A:0.31125    G:0.14330
position  3:    T:0.22804    C:0.32666    A:0.20031    G:0.24499
Average         T:0.24088    C:0.24859    A:0.27221    G:0.23832

#6: paradoxus      
position  1:    T:0.20647    C:0.16025    A:0.29892    G:0.33436
position  2:    T:0.28968    C:0.25732    A:0.31125    G:0.14176
position  3:    T:0.25886    C:0.29584    A:0.19569    G:0.24961
Average         T:0.25167    C:0.23780    A:0.26862    G:0.24191

Codon usage in genes
--------------------------------------------------------------
Phe TTT  6 55 | Ser TCT  0 50 | Tyr TAT  0 52 | Cys TGT  0 20
    TTC  4 104 |     TCC  6 77 |     TAC  5 79 |     TGC  1 23
Leu TTA  1 55 |     TCA  4 33 | *** TAA  0  0 | *** TGA  0  0
    TTG  2 144 |     TCG  4 38 |     TAG  0  0 | Trp TGG  5 43
--------------------------------------------------------------
Leu CTT  2 31 | Pro CCT  0 29 | His CAT  2 29 | Arg CGT  0 22
    CTC  1 30 |     CCC  3 62 |     CAC  5 35 |     CGC  1  8
    CTA  0 24 |     CCA  0 51 | Gln CAA  7 67 |     CGA  0  7
    CTG  6 69 |     CCG  2 38 |     CAG  5 56 |     CGG  0  8
--------------------------------------------------------------
Ile ATT  1 73 | Thr ACT  6 72 | Asn AAT  4 73 | Ser AGT  1 12
    ATC  0 113 |     ACC  4 63 |     AAC  4 118 |     AGC  4 19
    ATA  1  7 |     ACA  7 56 | Lys AAA  2 119 | Arg AGA 14 89
Met ATG 13 93 |     ACG  7 49 |     AAG  3 134 |     AGG  4 25
--------------------------------------------------------------
Val GTT  4 64 | Ala GCT 25 88 | Asp GAT  3 104 | Gly GGT  4 104
    GTC  5 108 |     GCC 11 130 |     GAC  4 104 |     GGC  4 62
    GTA  5 28 |     GCA  6 46 | Glu GAA  1 119 |     GGA  1 31
    GTG  6 76 |     GCG  3 23 |     GAG  1 89 |     GGG  7 32
--------------------------------------------------------------

Codon position x base (3x4) table for each gene.


Gene #1
position  1:    T:0.16034    C:0.14346    A:0.31646    G:0.37975
position  2:    T:0.24051    C:0.37131    A:0.19409    G:0.19409
position  3:    T:0.24473    C:0.26160    A:0.20675    G:0.28692
Average         T:0.21519    C:0.25879    A:0.23910    G:0.28692

Gene #2
position  1:    T:0.21109    C:0.15456    A:0.30448    G:0.32987
position  2:    T:0.29328    C:0.24713    A:0.32168    G:0.13790
position  3:    T:0.23976    C:0.30994    A:0.19989    G:0.25041
Average         T:0.24804    C:0.23721    A:0.27535    G:0.23940

Sums of codon usage counts
------------------------------------------------------------------------------
Phe F TTT      61 | Ser S TCT      50 | Tyr Y TAT      52 | Cys C TGT      20
      TTC     108 |       TCC      83 |       TAC      84 |       TGC      24
Leu L TTA      56 |       TCA      37 | *** * TAA       0 | *** * TGA       0
      TTG     146 |       TCG      42 |       TAG       0 | Trp W TGG      48
------------------------------------------------------------------------------
Leu L CTT      33 | Pro P CCT      29 | His H CAT      31 | Arg R CGT      22
      CTC      31 |       CCC      65 |       CAC      40 |       CGC       9
      CTA      24 |       CCA      51 | Gln Q CAA      74 |       CGA       7
      CTG      75 |       CCG      40 |       CAG      61 |       CGG       8
------------------------------------------------------------------------------
Ile I ATT      74 | Thr T ACT      78 | Asn N AAT      77 | Ser S AGT      13
      ATC     113 |       ACC      67 |       AAC     122 |       AGC      23
      ATA       8 |       ACA      63 | Lys K AAA     121 | Arg R AGA     103
Met M ATG     106 |       ACG      56 |       AAG     137 |       AGG      29
------------------------------------------------------------------------------
Val V GTT      68 | Ala A GCT     113 | Asp D GAT     107 | Gly G GGT     108
      GTC     113 |       GCC     141 |       GAC     108 |       GGC      66
      GTA      33 |       GCA      52 | Glu E GAA     120 |       GGA      32
      GTG      82 |       GCG      26 |       GAG      90 |       GGG      39
------------------------------------------------------------------------------

(Ambiguity data are not used in the counts.)


Codon position x base (3x4) table, overall

position  1:    T:0.20800    C:0.15389    A:0.30521    G:0.33291
position  2:    T:0.29007    C:0.25468    A:0.31393    G:0.14132
position  3:    T:0.24006    C:0.30700    A:0.20031    G:0.25263
Average         T:0.24605    C:0.23852    A:0.27315    G:0.24228


Nei & Gojobori 1986. dN/dS (dN, dS)
(Pairwise deletion)
(Note: This matrix is not used in later ML. analysis.
Use runmode = -2 for ML pairwise comparison.)

castellii           
bayanus             -1.0000 (0.2889 -1.0000)
mikatae              0.0952 (0.2951 3.0990) 0.0256 (0.0382 1.4938)
kluyveri            -1.0000 (0.2475 -1.0000)-1.0000 (0.2706 -1.0000) 0.0509 (0.2758 5.4163)
cerevisiae          -1.0000 (0.2901 -1.0000) 0.0229 (0.0346 1.5094) 0.0223 (0.0170 0.7611)-1.0000 (0.2728 -1.0000)
paradoxus            0.1151 (0.2876 2.4994) 0.0251 (0.0374 1.4931) 0.0254 (0.0156 0.6139)-1.0000 (0.2722 -1.0000) 0.0183 (0.0081 0.4417)


TREE #  1:  (((((5, 6), 3), 2), 1), 4);   MP score: -1
check convergence..
lnL(ntime:  5  np: 10):  -7901.464383      +0.000000
   7..8     8..9     9..10   10..11   11..5    11..6    10..3     9..2     8..1     7..4  
 5.838597 5.838591 0.652552 0.278117 0.169888 0.928402 1.761846 0.107086 2.260366 0.018763
SEs for parameters:
 1.201329 1.195811 0.120501 0.050013 0.033096 0.169955 0.476057 0.034826 0.188652 0.002241
Note: Branch length is defined for the first gene (site partition).
For other genes, look at "rates for genes".

tree length =  18.61634 (1st gene)

(((((5: 0.169888, 6: 0.169888): 0.108228, 3: 0.278117): 0.374435, 2: 0.652552): 5.186039, 1: 5.838591): 0.000006, 4: 5.838597);

(((((cerevisiae: 0.169888, paradoxus: 0.169888): 0.108228, mikatae: 0.278117): 0.374435, bayanus: 0.652552): 5.186039, castellii: 5.838591): 0.000006, kluyveri: 5.838597);

Detailed output identifying parameters

rates for 2 genes:     1  0.92840

gene # 1: kappa =   1.76185 omega =   0.10709
gene # 2: kappa =   2.26037 omega =   0.01876

Time used:  0:45
