
seed used = 1418807549
      7    594

castellii                                  ATG TCT CAA CCA ATT TCT CTG CGT GGA TCT ACT AGA ACG ATC ACT GAA TTT TTT GAA TAC AGC ATC AAT TCG ATC CTC TAT CAA CGT GGA GTC TAT CCT CCC GAA GAC TTT AAT ACC GTA AAG AAA TAT GGG TTG ACA TTA CTT AAA ACC CAT GAT GAT GAA TTG AAA CAA TAT ATC CGT AGA ATT CTT TTG CAG GTA CAC AAA TGG TTA TTG GGA GGC AAG TGT AAT AAG TTA GTC CTA TGC ATT GTA GAT AAA GAT GAA GGT GAT GTT GTG GAA AGA TGG AGT TTT GAT GTC ACT CAC CTC TCA CCT TCT GAA AAG GAG GGT GAT --- --- ATC GAT GAG GAA GTG ACT CAG AAT CAA ATA CGT GGA CTA ATA AGA CAA ATA ACG GCT AGT GTT ACA TTT CTT CCG GAA CTC ACA AAA GAG GGT TCC TAT ACT TTC AAT GTC CTT GCA TAT ACG GAT GCA TAC GCA AAA GTG CCT TTA GAA TGG GCA GAT TCT GCT AGT AAA GAG ATA GAG GGC GGT GAA GTG GTT CAA CTG AAA TCA TTT TCA ACT AAC GAC CGC AGG GTT ACT GCC CAA GTT AGT TAC AAA TTT --- --- 
bayanus                                    ATG TCA CAG TCA ATA TCG CTT AAG GGT TCA ACA AGG ACG GTT ACG GAA TTT TTC GAA TAT AGT ATC AAT TCC ATT TTG TAC CAA AGA GGC GTA TAT CCA GCA GAG GAT TTT GTA ACG GTA AAG AAG TAC GAC TTG ACA CTA CTA AAG ACA CAC GAT GAT GAG CTG AAG GAT TAC ATT CGG AAG ATC CTT TTG CAG GTC CAC AGG TGG CTT CTT GGT GGC AAA TGT AAT CAG TTG GTA CTA TGC ATT GTG GAC AGG GAT GAA GGT GAA GTA GTG GAA AGG TGG TCC TTT GAC GTG CAA CAT TTC CCA AGC AAT GAC CAA GCT CAA GAG GAT AAC GTG GAT ATA AGC ACA ACG CAG ACA CAG ATC AGA GCT TTG ATC AGG CAA ATC ACC TCG AGC GTT ACT TTT CTA CCG GAG CTG ACA AAG GAG GGC GGA TAC ACA TTT ACG GTA CTA GCG TAT ACA GAT GCG GAT GCT AAA GTC CCG TTA GAA TGG GCA GAC TCC GAC AGT AAA GAA ATA CCT GAT GGT GAA GTA GTG CAG TTC AAA ACC TTT TCC ACA AAC GAT CAT AAA GTG GGC GCA CAG GTA AGC TAT AAG TAT --- --- 
mikatae                                    ATG TCA CAG TCA ATA TCA CTG AAG GGT TCA ACA AGG ACA GTC ACA GAA TTT TTC GAG TAC AGC ATT AAT TCC ATT CTG TAC CAA AGA GGC GTC TAT CCA GCA GAG GAT TTT GTA ACA GTG AAA AAG TAT GAT TTA ACG CTA CTA AAG ACG CAT GAT GAC GAA CTT AAA GAT TAC ATC CGG AAA ATT CTT TTA CAA GTT CAC AGG TGG CTT CTG GGT GGC AAA TGT AAT CAA CTA GTA CTA TGC GTT GTC GAC AAG GAT GAA GGA GAA ATT GTG GAA AGG TGG TCC TTC AAT GTG CAG CAT ATT TCT AGC AGT AGT CGA GAC GAA GAG GAG GTT GTA GAC CTG AAT ACA ACA CAA TCA CAA ATC AGA GCT TTG ATC AGG CAA ATA ACC TCG AGC GTT ACC TTT TTG CCG GAG CTA ACA AAA GAA GGT GGC TAT ACG TTC ACA GTA CTA GCA TAT ACG GAT GCC GAT GCC AAA GTT CCT TTG GAA TGG GCT GAC TCC GAT GGT AAA GAA ATA ACA GAT GGT GAA GTG GTC CAA TTC AAA ACA TTT TCT ACA AAT GAT CAT AAA GTG GGG GCA CAG GTA AGC TAT AAA TAC --- --- 
kluyveri                                   ATG ACG TCT CCT ATA TCA TTG AAA GGA TCT ACA CGT ACA ATT ACA GAG TTT TTT GAG TAT AGC ATT AAT TCG ATC CTA TAT CAG CGT GCT GTT TAT CCT CCT GAA GAT TTT ACT ACA GTG AAG AAA TAC GAT CTA AAC TTG TTA AAG ACA CAC GAT GAG GAG CTA AAG GTT TAT ATC AGG AAA ATC CTT TTA CAA GTA CAC AGG TGG CTT TTG GGT GGC AAA TGC AAC AAG CTT GTC TTA TGC ATT GTC GAT AGC AAT GAA GGT GAC GTG GTA GAA AGA TGG GAG TTC AGC GTA CAA CAA ATA AAT AAA GAA ATC GAG GAA CAG GAA ACA CCC TCA GAT TCT AGC GAG ACT CAA AAA GAA ATC AGA GCT CTA ATG AGG CAG ATC ACT GCG AGT GTC ACT TTT CTA CCA GAA TTA ACG AAT GAA GGG AAT TAT ACT TTC AAC GTA TTA GCC TAT ACA GAT GCA AAT GCA AAG GTA CCC ATG GAA TGG GCA GAT GCC GAA GCA AAA GAG ATA GAG GAC GGA GAA GTG GTC CAA TTT AAG AAT TTT TCA ACA AAT GAT CAT AAA GTG AGT GCA AAG GTG AGC TAT AAG TTC AAT GGT 
cerevisiae                                 ATG TCA CAA TCA ATA TCA CTA AAG GGT TCA ACA AGG ACA GTT ACA GAA TTT TTC GAG TAC AGC ATT AAT TCC ATT TTG TAC CAA AGA GGC GTA TAC CCA GCA GAA GAT TTC GTA ACG GTG AAA AAG TAC GAT CTT ACG TTA CTA AAG ACA CAT GAT GAT GAA CTG AAA GAT TAC ATT CGG AAA ATT CTT CTA CAA GTT CAC AGG TGG CTT CTT GGT GGA AAA TGC AAT CAA TTA GTA TTA TGT ATT GTA GAC AAG GAT GAG GGA GAG GTG GTG GAA AGA TGG TCC TTC AAT GTG CAA CAC ATT TCT GGC AAT AGC AAC GGG CAG GAT GAT GTT GTA GAT TTA AAT ACA ACA CAA TCA CAA ATC AGA GCT TTA ATC AGG CAA ATC ACC TCA AGC GTT ACC TTT CTG CCC GAA CTA ACA AAA GAA GGT GGG TAC ACA TTC ACA GTA CTT GCA TAT ACA GAC GCG GAT GCT AAA GTT CCG TTA GAA TGG GCC GAC TCC AAT AGT AAA GAG ATA CCT GAT GGT GAA GTA GTT CAA TTC AAA ACA TTC TCT ACC AAC GAT CAT AAA GTT GGT GCG CAG GTC AGC TAT AAA TAT --- --- 
paradoxus                                  ATG TCA CAG TCA ATA TCA CTG AAG GGT TCA ACA AGG ACA GTT ACA GAA TTT TTT GAG TAC AGC ATT AAT TCC ATT CTG TAC CAA AGA GGC GTA TAT CCA GCA GAA GAT TTT GTA ACG GTG AAA AAG TAT GAT CTA ACA CTA CTT AAG ACA CAT GAT GAT GAA CTA AAA GAT TAC ATT CGG AAA ATC CTT TTA CAA GTT CAC AGG TGG CTT CTT GGT GGA AAA TGT AAT CAA CTG GTA CTA TGT ATT ATA GAC AAG GAT GAG GGA GAG GTG GTG GAA AGG TGG TCC TTC AAT GTG CAA CAT ATT CCC AGC AGT AGC AAC GAG CAG GAG GAA ATT GTG GAT TTA GAT ACA ACA CAG TCA CAA ATC AGA GGT TTG ATC AGG CAA ATC ACT TCA AGC GTT ACC TTT CTG CCC GAA CTA TCG AAA GAA GGT GGG TAC ACA TTC ACA GTA CTA GCA TAC ACA GAT GCG GAT GCC AAA GTC CCG TTA GAA TGG GCC GAC TCC GAT AGT AAA GAA ATA CCT GAT GGC GAA GTG GTT CAA TTT AAA ACA TTT TCT ACA AAC GAT CAT AAA GTC GGG GCG CAG GTC AGC TAT AAA TAT --- --- 
kudriavzevii                               ATG TCA CAA TCA ATA TCA CTA AAG GGT TCA ACA AGG ACA GTA ACG GAG TTT TTT GAG TAC AGC ATA AAT TCC ATT CTT TAT CAA AGA GGC GTA TAT CCA GCA GAG GAT TTT GTA ACG GTG AAG AAG TAC GAC TTG ACA CTT CTA AAG ACG CAT GAT GAT GAA TTG AAG GAT TAC ATC CGG AAA ATT CTT TTA CAA GTT CAT AGG TGG CTA CTT GGC GGC AAA TGT AAC CAA CTA GTA TTA TGT GTT GTG GAC AAG GAT GAA GGG GAA GTG GCG GAA AGG TGG TCC TTT AAC GTG CAG CAC ATT CCT AGC GGT AAC CGG GAC CAA GAC GAA ACT GTC GAT CTA ACT ACA ACA CAG TCA CAA ATT AGG GCT CTG ATC AGG CAA ATC ACC TCG AGT GTT ACC TTT CTG CCC GAG CTG ACA AAA GAT GGT GGA TAT ACC TTC ACA GTA CTA GCA TAT ACA GAT GCG GAT GCC AAA GTC CCA TTA GAA TGG GCT GAC TCC GAT AGT AAA GAA ATA CCA GAC GGT GAA GTA GTC CAA TTC AAA ACG TTT TCG ACA AAT GAC CAT GAG GTT GGC GCG CAG GTG AGC TAT AAA TAT --- --- 



Printing out site pattern counts


         7        564  P

castellii                                   --- --- --- --- AAA AAA AAA AAA AAA AAA AAA AAA AAA AAC AAG AAG AAG AAG AAT AAT AAT AAT AAT ACA ACA ACA ACC ACC ACG ACG ACG ACT ACT ACT ACT ACT ACT ACT AGA AGA AGA AGA AGC AGG AGT AGT AGT AGT ATA ATA ATA ATA ATC ATC ATC ATC ATC ATG ATT ATT ATT CAA CAA CAA CAA CAA CAA CAC CAC CAG CAG CAT CCA CCC CCG CCT CCT CCT CGC CGT CGT CGT CGT CTA CTA CTC CTC CTC CTG CTG CTT CTT CTT CTT GAA GAA GAA GAA GAA GAA GAA GAA GAC GAC GAG GAG GAG GAG GAG GAT GAT GAT GAT GAT GAT GAT GAT GAT GCA GCA GCA GCA GCC GCT GCT GGA GGA GGA GGA GGC GGC GGG GGT GGT GGT GGT GTA GTA GTA GTC GTC GTC GTC GTG GTG GTG GTG GTT GTT GTT GTT GTT TAC TAC TAC TAT TAT TAT TAT TAT TAT TCA TCA TCA TCC TCG TCT TCT TCT TCT TCT TGC TGG TGT TTA TTA TTA TTA TTC TTG TTG TTG TTG TTT TTT TTT TTT TTT
bayanus                                     --- --- AAC GAT AAA AAA AAG AAG AAG AAG AAG AGG AGG AAC AAA AAG CAA CAG AAT AAT ACA ACG GTA ACA ACA ACT ACA ACG ACA ACC ACG ACA ACA ACA ACG ACG CAA GGC AAG AGG AGG AGG AGT AAA AGC AGC AGT TCC ATA ATC ATC ATC ATC ATT ATT GTG GTT ATG ATA ATC ATT CAA CAG CAG CAG CAG GAT CAC CAT CAG CAG CAC TCA GCA CCG AGC CCA CCG CAT AAG AGA AGA CGG CTA TTG CTG TTC TTG CTT TTC CTA CTA CTA CTT AGC GAA GAA GAA GAA GAC GAG GAG GAT GAT ATA CCT GAA GAG GCT GAA GAC GAC GAG GAT GAT GAT GAT GAT GCA GCG GCG GCT GCA GAC TCG GCT GGC GGT GGT GAT GGC GAC CAA GGC GGT GGT GTA GTC GTG GTA GTA GTA GTG ACA GTA GTC GTG GTA GTA GTG GTG GTT GAT TAT TAT TAC TAC TAC TAC TAT TAT ACC CCA TCC GGA TCC AAT TCA TCA TCC TCG TGC TGG TGT CTA CTT TTA TTG TTT CTG CTT TTG TTG TAT TTC TTT TTT TTT
mikatae                                     --- --- GTT GAG AAA AAA AAA AAA AAA AAG AAG AAG AGG AAT AAA AAA CGA CAA AAT AAT TCA ACA GTA ACA ACG ACC ACG ACA ACG ACC ACA ACA ACA ACG ACA ACA CAG GGG AAA AGG AGG AGG AGC AAA AGC AGC GGT TCC ATA ATA ATC ATC ATT ATC ATT GTA GTC ATG ATA ATT GTT CAA CAA CAA CAG CAG GAT CAC CAT CAA CAA CAT TCA GCA CCG AGC CCA CCT CAT AAG AGA AGA CGG CTA TTG CTA ATT CTG CTG TTC CTA CTA TTG CTT AAT GAA GAA GAA GAG AGT GAA GAG GAT GAT CTG ACA GAA GAA GAC GAA AAT GAC GAG GAC GAC GAT GAT GAT GCT GCA GCC GCC GCA GAT TCG GCT GGC GGT GGT GAT GGC GAT GAA GGT GGA GGT GTG GTT GTC GTA GTA GTC GTG ACA GTG GTT GTG ATT GTA GTC GTG GTT GAT TAC TAT TAC TAC TAT TAT TAT TAT ACA TCT TCT GGC TCC AGT TCA TCA TCC TCA TGC TGG TGT CTA CTT TTG CTA TTC CTT CTG TTA TTA TAC TTC TTC TTT TTT
kluyveri                                    AAT GGT CCC ACA AAA AAG AAG AAG AAT AAA AAG AGC AGG AAT AAA AAG GAG AAG AAC AAT AAA AAC ACT ACG AAC ACT ACA ACA ACA ACT ACA ACA ACA ACT ACA ACT CAA AGT AAA AGA AGG CGT AGC AAA AGC AGT GCA GAG ATA ATC ATC ATG ATT ATC ATC TCA ATT ATG ATA ATC ATT CAG CAA GAA AAG TCT GTT CAC CAA CAA CAA CAC CCT CCT CCA AAA CCT CCC CAT AAA AGA CGT AGG TTA CTA TTA ATA CTA TTG TTT TTA TTA CTA CTT AGC GAA GAA GAG GAG ATC GAG GAA GAT GAT TCT GAG GAG GAA GAA GAC AGC GAT GAA GAG GAT AAT GAT GAT GCA GCC GCA GCA GCA GAA GCG GCT GCT GGA GGT GAC GGC GAT CAG GGG GGT GGA GTG GTA GTC GTA GTC GTT GTA GAG GTG GTA GTA GTG GTG GTC GTG GTC AAT TAT TAT TAT TAT TAC TAT TAT TAT AAT AAT TCA AAT TCG GAA ACG TCT GCC TCA TGC TGG TGC TTG CTT ATG CTT TTC CTA TTG CTA TTA TTC TTT TTC TTT TTT
cerevisiae                                  --- --- GTT GAT AAA AAA AAA AAA AAA AAG AAG AAG AGG AAC AAA AAA AAC CAA AAT AAT TCA ACA GTA ACA ACG ACC ACA ACG ACA ACC ACA ACA ACC ACA ACA ACA CAA GGT AAA AGA AGG AGG AGC AAA AGC AGC AGT TCC ATA ATC ATC ATC ATT ATT ATT GTA GTT ATG ATA ATT ATT CAA CAA CAA CAG CAA GAT CAC CAC CAA CAA CAT TCA GCA CCC GGC CCA CCG CAT AAG AGA AGA CGG TTA TTA CTA ATT TTG CTA TTC CTA CTT CTG CTT AAT GAA GAG GAA GAG AGC GAA GAA GAT GAT TTA CCT GAG GAA GGG GAG AAT GAC GAT GAT GAT GAT GAC GAT GCC GCA GCG GCT GCG AAT TCA GCT GGC GGT GGT GAT GGA GAT CAG GGT GGA GGT GTG GTT GTA GTA GTA GTA GTG ACA GTA GTT GTG GTG GTC GTT GTT GTT GAT TAC TAT TAC TAC TAC TAC TAC TAT ACA TCT TCT GGG TCC AAT TCA TCA TCC TCA TGT TGG TGC TTA CTT TTA TTA TTC CTG CTT CTT CTA TAT TTC TTC TTC TTT
paradoxus                                   --- --- ATT GAA AAA AAA AAA AAA AAA AAG AAG AAG AGG AAC AAA AAA AAC CAA AAT AAT TCA ACA GTA TCG ACA ACC ACA ACG ACA ACT ACA ACA ACA ACA ACA ACA CAA GGG AAA AGG AGG AGG AGC AAA AGC AGC AGT TCC ATA ATC ATC ATC ATT ATT ATT GTG GTT ATG ATA ATC ATT CAA CAA CAA CAG CAG GAT CAC CAT CAA CAG CAT TCA GCA CCC AGC CCA CCG CAT AAG AGA AGA CGG CTA TTG CTA ATT CTG CTG TTT CTT CTA CTG CTT GAT GAA GAG GAA GAG AGC GAA GAA GAT GAT TTA CCT GAA GAA GAG GAG AAT GAC GAG GAT GAT GAT GAT GAT GCC GCA GCG GCC GCG GAT TCA GGT GGC GGT GGT GAT GGA GAT CAG GGT GGA GGC GTG GTT ATA GTA GTA GTA GTG ACA GTG GTC GTG GTG GTC GTT GTC GTT GAT TAC TAT TAC TAC TAT TAC TAT TAC ACA CCC TCT GGG TCC AGT TCA TCA TCC TCA TGT TGG TGT CTA CTT TTA CTG TTC CTA CTT CTA TTA TAT TTT TTC TTT TTT
kudriavzevii                                --- --- ACT GAA AAA AAA AAA AAG AAA AAG AAG AAG AGG AAT AAA AAG CGG CAA AAC AAT TCA ACA GTA ACA ACA ACC ACG ACG ACA ACC ACA ACA ACA ACC ACG ACA CAG GGC AAA AGG AGG AGG AGC GAG AGC AGT AGT TCC ATA ATC ATT ATC ATA ATC ATT GTC GTA ATG ATA ATT GTT CAA CAA CAA CAG CAA GAT CAT CAC CAA CAG CAT TCA GCA CCC AGC CCA CCA CAT AAG AGG AGA CGG TTA CTG CTG ATT CTT CTA TTC CTA CTA CTG CTT ACT GAA GAA GAG GAG AAC GAA GAG GAC GAT CTA CCA GAA GAT GAC GAA AAC GAC GAC GAT GAT GAT GAT GAT GCT GCA GCG GCC GCG GAT TCG GCT GGC GGT GGC GAC GGC GAC CAA GGT GGG GGT GTG GTT GTG GTA GTA GTA GTG ACA GTA GTC GCG GTG GTG GTC GTT GTT GAT TAC TAT TAC TAT TAC TAT TAT TAT ACG CCT TCG GGA TCC GGT TCA TCA TCC TCA TGT TGG TGT CTT CTA TTA CTA TTC TTG CTT TTG TTA TAT TTT TTT TTT TTT



    1    1    1    1    1    2    1    1    1    1    1    1    1    1    1
    1    1    1    1    1    1    1    1    1    1    1    1    1    1    1
    1    1    1    1    1    1    1    1    1    1    1    1    1    1    1
    1    1    1    1    1    1    1    1    1    1    1    1    1    1    1
    1    2    1    1    1    1    1    1    1    1    1    1    1    1    1
    1    1    1    1    1    1    1    1    1    1    1    1    1    1    1
    1    1    1    1    1    3    1    1    1    1    1    2    1    1    1
    1    1    1    1    1    1    2    1    1    1    1    1    1    1    1
    1    1    1    1    1    1    1    1    1    1    1    1    1    1    1
    1    1    1    1    1    1    1    1    1    1    1    1    1    1    1
    1    1    1    1    1    1    1    1    1    1    1    1    1    1    1
    1    1    1    1    1    1    1    3    1    1    1    1    1    1    1
    1    1    1    1    1    1    2    2

CODONML (in paml version 4.4b, July 2010)  torun.nuc
Model: One dN/dS ratio for branches Global clock 
Codon frequency model: F3x4
ns =   7  ls = 198

Codon usage in sequences
--------------------------------------------------------------------------------------------------------------
Phe TTT  7  6  4  6  2  6 | Ser TCT  5  0  2  3  2  1 | Tyr TAT  6  5  5  7  3  4 | Cys TGT  1  1  1  0  1  2
    TTC  1  3  4  3  6  2 |     TCC  1  4  3  0  3  3 |     TAC  3  4  4  1  6  5 |     TGC  1  1  1  2  1  0
Leu TTA  4  1  2  5  6  3 |     TCA  3  3  5  3  6  6 | *** TAA  0  0  0  0  0  0 | *** TGA  0  0  0  0  0  0
    TTG  4  5  3  3  1  1 |     TCG  1  2  1  1  0  1 |     TAG  0  0  0  0  0  0 | Trp TGG  3  3  3  3  3  3
--------------------------------------------------------------------------------------------------------------
Leu CTT  4  4  3  3  5  4 | Pro CCT  3  1  1  3  1  1 | His CAT  1  2  3  1  2  3 | Arg CGT  4  0  0  2  0  0
    CTC  3  0  0  0  0  0 |     CCC  1  0  0  2  1  2 |     CAC  2  2  1  2  2  1 |     CGC  1  0  0  0  0  0
    CTA  2  5  6  5  4  6 |     CCA  1  2  1  1  1  1 | Gln CAA  7  5  7  5  9  7 |     CGA  0  0  1  0  0  0
    CTG  2  2  4  0  2  4 |     CCG  1  2  1  0  1  1 |     CAG  2  7  3  3  2  4 |     CGG  0  1  1  0  1  1
--------------------------------------------------------------------------------------------------------------
Ile ATT  3  3  5  3  6  6 | Thr ACT  7  1  0  5  0  1 | Asn AAT  5  3  5  9  6  3 | Ser AGT  4  2  2  2  1  2
    ATC  5  5  3  6  3  4 |     ACC  2  2  2  0  3  1 |     AAC  1  2  0  3  2  2 |     AGC  1  4  4  5  4  5
    ATA  4  3  3  3  2  3 |     ACA  3  9 11  8 11 12 | Lys AAA 10  5 10  8 10 10 | Arg AGA  4  2  2  2  3  2
Met ATG  1  1  1  3  1  1 |     ACG  3  5  4  2  2  1 |     AAG  4  8  4  8  4  4 |     AGG  1  5  4  3  3  4
--------------------------------------------------------------------------------------------------------------
Val GTT  5  2  5  2  7  4 | Ala GCT  2  3  2  2  2  0 | Asp GAT 10 11 10  8 12 13 | Gly GGT  4  4  5  3  5  4
    GTC  4  2  4  4  1  3 |     GCC  1  0  2  2  1  2 |     GAC  2  6  5  2  3  2 |     GGC  2  4  3  1  2  2
    GTA  3  8  5  5  7  4 |     GCA  4  3  3  5  2  2 | Glu GAA 11  8 10 12  8 10 |     GGA  4  1  1  2  2  2
    GTG  4  6  5  5  4  6 |     GCG  0  2  0  1  2  2 |     GAG  5  5  5  9  4  5 |     GGG  1  0  1  1  2  2
--------------------------------------------------------------------------------------------------------------

--------------------------------------------------
Phe TTT  6 | Ser TCT  0 | Tyr TAT  6 | Cys TGT  2
    TTC  2 |     TCC  3 |     TAC  3 |     TGC  0
Leu TTA  3 |     TCA  5 | *** TAA  0 | *** TGA  0
    TTG  2 |     TCG  2 |     TAG  0 | Trp TGG  3
--------------------------------------------------
Leu CTT  4 | Pro CCT  1 | His CAT  3 | Arg CGT  0
    CTC  0 |     CCC  1 |     CAC  1 |     CGC  0
    CTA  6 |     CCA  3 | Gln CAA  8 |     CGA  0
    CTG  3 |     CCG  0 |     CAG  3 |     CGG  2
--------------------------------------------------
Ile ATT  4 | Thr ACT  2 | Asn AAT  2 | Ser AGT  2
    ATC  3 |     ACC  3 |     AAC  3 |     AGC  3
    ATA  3 |     ACA  9 | Lys AAA  7 | Arg AGA  1
Met ATG  1 |     ACG  4 |     AAG  6 |     AGG  5
--------------------------------------------------
Val GTT  4 | Ala GCT  2 | Asp GAT 10 | Gly GGT  4
    GTC  3 |     GCC  1 |     GAC  7 |     GGC  4
    GTA  6 |     GCA  2 | Glu GAA  8 |     GGA  1
    GTG  5 |     GCG  3 |     GAG  5 |     GGG  1
--------------------------------------------------

Codon position x base (3x4) table for each sequence.

#1: castellii      
position  1:    T:0.20619    C:0.17526    A:0.29897    G:0.31959
position  2:    T:0.28866    C:0.19588    A:0.35567    G:0.15979
position  3:    T:0.36598    C:0.15979    A:0.30928    G:0.16495
Average         T:0.28694    C:0.17698    A:0.32131    G:0.21478

#2: bayanus        
position  1:    T:0.19388    C:0.16837    A:0.30612    G:0.33163
position  2:    T:0.28571    C:0.19898    A:0.37245    G:0.14286
position  3:    T:0.24490    C:0.19898    A:0.28061    G:0.27551
Average         T:0.24150    C:0.18878    A:0.31973    G:0.25000

#3: mikatae        
position  1:    T:0.19388    C:0.16327    A:0.30612    G:0.33673
position  2:    T:0.29082    C:0.19388    A:0.36735    G:0.14796
position  3:    T:0.27041    C:0.18367    A:0.34184    G:0.20408
Average         T:0.25170    C:0.18027    A:0.33844    G:0.22959

#4: kluyveri       
position  1:    T:0.18687    C:0.13636    A:0.35354    G:0.32323
position  2:    T:0.28283    C:0.19192    A:0.39394    G:0.13131
position  3:    T:0.29798    C:0.16667    A:0.32323    G:0.21212
Average         T:0.25589    C:0.16498    A:0.35690    G:0.22222

#5: cerevisiae     
position  1:    T:0.20408    C:0.15816    A:0.31122    G:0.32653
position  2:    T:0.29082    C:0.19388    A:0.37245    G:0.14286
position  3:    T:0.28061    C:0.19388    A:0.36224    G:0.16327
Average         T:0.25850    C:0.18197    A:0.34864    G:0.21088

#6: paradoxus      
position  1:    T:0.18878    C:0.17857    A:0.31122    G:0.32143
position  2:    T:0.29082    C:0.18878    A:0.37245    G:0.14796
position  3:    T:0.27551    C:0.17347    A:0.34694    G:0.20408
Average         T:0.25170    C:0.18027    A:0.34354    G:0.22449

#7: kudriavzevii   
position  1:    T:0.18878    C:0.17857    A:0.29592    G:0.33673
position  2:    T:0.28061    C:0.20918    A:0.36735    G:0.14286
position  3:    T:0.26531    C:0.18878    A:0.31633    G:0.22959
Average         T:0.24490    C:0.19218    A:0.32653    G:0.23639

Sums of codon usage counts
------------------------------------------------------------------------------
Phe F TTT      37 | Ser S TCT      13 | Tyr Y TAT      36 | Cys C TGT       8
      TTC      21 |       TCC      17 |       TAC      26 |       TGC       6
Leu L TTA      24 |       TCA      31 | *** * TAA       0 | *** * TGA       0
      TTG      19 |       TCG       8 |       TAG       0 | Trp W TGG      21
------------------------------------------------------------------------------
Leu L CTT      27 | Pro P CCT      11 | His H CAT      15 | Arg R CGT       6
      CTC       3 |       CCC       7 |       CAC      11 |       CGC       1
      CTA      34 |       CCA      10 | Gln Q CAA      48 |       CGA       1
      CTG      17 |       CCG       6 |       CAG      24 |       CGG       6
------------------------------------------------------------------------------
Ile I ATT      30 | Thr T ACT      16 | Asn N AAT      33 | Ser S AGT      15
      ATC      29 |       ACC      13 |       AAC      13 |       AGC      26
      ATA      21 |       ACA      63 | Lys K AAA      60 | Arg R AGA      16
Met M ATG       9 |       ACG      21 |       AAG      38 |       AGG      25
------------------------------------------------------------------------------
Val V GTT      29 | Ala A GCT      13 | Asp D GAT      74 | Gly G GGT      29
      GTC      21 |       GCC       9 |       GAC      27 |       GGC      18
      GTA      38 |       GCA      21 | Glu E GAA      67 |       GGA      13
      GTG      35 |       GCG      10 |       GAG      38 |       GGG       8
------------------------------------------------------------------------------

(Ambiguity data are not used in the counts.)


Codon position x base (3x4) table, overall

position  1:    T:0.19461    C:0.16545    A:0.31195    G:0.32799
position  2:    T:0.28717    C:0.19606    A:0.37172    G:0.14504
position  3:    T:0.28571    C:0.18076    A:0.32580    G:0.20773
Average         T:0.25583    C:0.18076    A:0.33649    G:0.22692

Codon frequencies under model, for use in evolver (TTT TTC TTA TTG ... GGG):
  0.01676868  0.01060876  0.01912143  0.01219152
  0.01144867  0.00724304  0.01305499  0.00832365
  0.02170566  0.01373215  0.00000000  0.00000000
  0.00846946  0.00535823  0.00000000  0.00615765
  0.01425652  0.00901943  0.01625680  0.01036507
  0.00973351  0.00615794  0.01109919  0.00707666
  0.01845387  0.01167490  0.02104307  0.01341672
  0.00720063  0.00455550  0.00821092  0.00523515
  0.02688014  0.01700580  0.03065159  0.01954296
  0.01835218  0.01161056  0.02092710  0.01334278
  0.03479409  0.02201259  0.03967591  0.02529672
  0.01357652  0.00858922  0.01548139  0.00987068
  0.02826183  0.01787993  0.03222714  0.02054750
  0.01929551  0.01220736  0.02200279  0.01402862
  0.03658257  0.02314407  0.04171533  0.02659702
  0.01427438  0.00903073  0.01627716  0.01037805



Nei & Gojobori 1986. dN/dS (dN, dS)
(Pairwise deletion)
(Note: This matrix is not used in later ML. analysis.
Use runmode = -2 for ML pairwise comparison.)

castellii           
bayanus             -1.0000 (0.1674 -1.0000)
mikatae             -1.0000 (0.1725 -1.0000) 0.0356 (0.0467 1.3114)
kluyveri            -1.0000 (0.2078 -1.0000)-1.0000 (0.1795 -1.0000)-1.0000 (0.1749 -1.0000)
cerevisiae          -1.0000 (0.1693 -1.0000) 0.0309 (0.0407 1.3162) 0.0459 (0.0347 0.7561)-1.0000 (0.1856 -1.0000)
paradoxus           -1.0000 (0.1656 -1.0000) 0.0418 (0.0430 1.0309) 0.0543 (0.0335 0.6178)-1.0000 (0.1860 -1.0000) 0.0738 (0.0270 0.3654)
kudriavzevii        -1.0000 (0.1740 -1.0000) 0.0392 (0.0432 1.1024) 0.0462 (0.0352 0.7609)-1.0000 (0.1843 -1.0000) 0.0530 (0.0476 0.8969) 0.0438 (0.0382 0.8723)


TREE #  1:  ((((((5, 6), 3), 7), 2), 1), 4);   MP score: -1
lnL(ntime:  6  np:  8):  -2487.765170      +0.000000
   8..9     9..10   10..11   11..12   12..13   13..5    13..6    12..3    11..7    10..2     9..1     8..4  
 2.278257 2.227624 0.443701 0.346303 0.286812 0.160300 2.442674 0.039748
SEs for parameters:
 0.325268 0.343900 0.046391 0.034344 0.030768 0.023681 0.341458 0.004870

tree length =   8.02125

((((((5: 0.160300, 6: 0.160300): 0.126513, 3: 0.286812): 0.059490, 7: 0.346303): 0.097398, 2: 0.443701): 1.783923, 1: 2.227624): 0.050633, 4: 2.278257);

((((((cerevisiae: 0.160300, paradoxus: 0.160300): 0.126513, mikatae: 0.286812): 0.059490, kudriavzevii: 0.346303): 0.097398, bayanus: 0.443701): 1.783923, castellii: 2.227624): 0.050633, kluyveri: 2.278257);

Detailed output identifying parameters

kappa (ts/tv) =  2.44267

omega (dN/dS) =  0.03975

dN & dS for each branch

 branch          t       N       S   dN/dS      dN      dS  N*dN  S*dS

   8..9      0.051   442.0   152.0  0.0397  0.0024  0.0591   1.0   9.0
   9..10     1.784   442.0   152.0  0.0397  0.0828  2.0835  36.6 316.6
  10..11     0.097   442.0   152.0  0.0397  0.0045  0.1138   2.0  17.3
  11..12     0.059   442.0   152.0  0.0397  0.0028  0.0695   1.2  10.6
  12..13     0.127   442.0   152.0  0.0397  0.0059  0.1478   2.6  22.5
  13..5      0.160   442.0   152.0  0.0397  0.0074  0.1872   3.3  28.4
  13..6      0.160   442.0   152.0  0.0397  0.0074  0.1872   3.3  28.4
  12..3      0.287   442.0   152.0  0.0397  0.0133  0.3350   5.9  50.9
  11..7      0.346   442.0   152.0  0.0397  0.0161  0.4045   7.1  61.5
  10..2      0.444   442.0   152.0  0.0397  0.0206  0.5182   9.1  78.7
   9..1      2.228   442.0   152.0  0.0397  0.1034  2.6018  45.7 395.4
   8..4      2.278   442.0   152.0  0.0397  0.1058  2.6609  46.8 404.3

tree length for dN:       0.3724
tree length for dS:       9.3685


Time used:  0:05
