
seed used = 1418812097
      7    717

castellii                                  ATG GTC AGA CCC ATC ATT GCC CCC AGT ATT TTA GCC TCC GAC TTT GCC AAT TTG GGT TGC GAA TGT CAT AAA GTG ATC GAT TCC GGT GCA GAA TGG TTG CAC ATT GAT GTC ATG GAC GGT CAC TTC GTC CCT AAT ATC ACT TTG GGT CAA CCA ATA GTC ACC TCT TTA CGT CGT TCT GTT CCA CGT TCA GGT GCA CAC TCT --- --- --- --- --- --- --- GCC TTC TTT GAC TGT CAC ATG ATG GTC GAA TCT CCA GAG AAA TGG GTC GAG GAT TTT GCT AAA TGT GGT GCT GAT CAA TTC ACC TTC CAT TAC GAA TCC ACC AAG AAC CCT CTT GAA TTG GTC AAA TTG ATT AAG AGT CAT GGT ATG AAA GCT GCC TGT GCC ATT AAA CCA GGT ACT CCC GTG GAT GTC CTA TTT GAA TTG GCC CCA CAT TTG GAT ATG GCT CTT GTC ATG ACT GTG GAA CCA GGT TTT GGT GGT CAA AAA TTC ATG GCT GAT ATG ATG CCT AAA GTG GAA ACA TTA AGA GCA AAG TTC CCT CAT ATG AAT ATT CAA GTA GAT GGT GGA CTT GGT AAG GAA ACG ATC CCA CAA GCT GCT AAG GCT GGT GCC AAT GTC ATT GTA GCT GGG ACT AGT GTC TTC ACG GCC GCC GAC CCA GCA GAA GTG ATC TCA TTC ATG AAG GGT GAA GTA GCC AAG GAA TTG ACC TCG AAG GGA CTA TTG GAT CAA 
bayanus                                    ATG GTT AAA CCA ATT GTA GCC CCC AGT ATC CTT GCT TCC GAC TTT TCC AAC TTG GGT TGC GAG TGT CAC AGA GTC ATA AAC GCT GGC GCG GAC TGG TTG CAC ATC GAT GTC ATG GAC GGA CAT TTT GTT CCA AAC ATC ACA TTA GGC CAG CCA ATC GTC ACT TCC CTA CGT CGT TCC GTG CCA CGT CCT GGC GAC GCC ACT AAC ACA CAA AAG AAG CCC ACT GCG TTC TTC GAT TGC CAC ATG ATG GTC GAG AAC CCG GAA AAA TGG GTC GAC GAC TTT GCC AAG TGC GGT GCT GAC CAG TTC ACC TTC CAC TAC GAA GCC ACT CAG GAT CCC TTG TCC TTG GTC AAA CAG ATC AAG GCC AAG GGC ATC AAG GCC GCC TGT GCC ATC AAA CCA GGT ACT TCC GTG GAC GTT CTT TTC GAG CTT GCT CCT CAT TTG GAC ATG GCT TTG GTT ATG ACC GTG GAG CCT GGG TTT GGT GGC CAG AAA TTC ATG GAG GAC ATG ATG CCC AAA GTG GAA ACT TTG AGA GCC AAG TTC CCT CAC TTG AAC ATC CAA GTC GAC GGT GGT TTG GGT AAG GAG ACC ATC CCT AAG GCT GCC AAA GCT GGT GCC AAC GTC ATT GTT GCG GGT ACC AGT GTT TTC TCT GCG GCT GAT CCG CAC GAT GTT ATC TCC TTC ATG AAG GAG GAG GTT TCA AAA GAA TTG CTC TCC AAG GGT CTA CTA GAT --- 
mikatae                                    ATG GTC AAA CCA ATT GTA GCC CCT AGT ATC CTT GCT TCT GAC TTT TCC AAC TTA GGT TGC GAA TGT CAT AAG GTC ATT AAT GCC GGC GCG GAT TGG TTA CAT ATC GAT GTC ATG GAC GGT CAT TTT GTT CCA AAC ATT ACT CTG GGC CAA CCA ATC GTT ACA TCC TTG CGT CGT TCC GTA CCA CGT CCT GGA GAT GCT AAC AAC GTG GAA AAG AAG CCC ACT GCG TTC TTC GAT TGT CAT ATG ATG GTT GAA AAC CCA GAA AAG TGG GTC GAC GAT TTC GCT AAA TGT GGT GCC GAC CAA TTT ACA TTC CAC TAC GAA GCT ACG CAG GAT CCC TTG AAC CTA GTC AAA TTG ATC AAG TCT AAG GGC ATT AAA GCC GCC TGT GCC ATC AAG CCC GGT ACT TCC GTC GAC GTT CTT TTT GAG TTG GCT CCT CAC TTG GAC ATG GCT CTC GTT ATG ACT GTT GAA CCT GGT TTC GGG GGT CAA AAG TTC ATG GAA GAC ATG ATG CCA AAA GTG GAA ACA TTG AGA GCT AAG TTC CCT CAT TTG AAT ATC CAG GTC GAT GGT GGT TTG GGC AAA GAG ACC ATT CCT AAG GCA GCC AAA GCT GGT GCC AAC GTC ATT GTT GCT GGC ACC AGT GTC TTC ACT GCA GCT GAC CCA CAT GAT GTT ATC TCA TTC ATG AAG GAA GAA GTC TCA AAA GAA TTG CTT TCG AGA GGC TTA CTA GAT --- 
kluyveri                                   ATG GTT AAG CCA ATC ATT GCT CCC AGT ATC CTT GCC TCT GAC TTT GCC AAT CTG GGG TGC GAG TGC CAC AGG GTC ATC AAC GCC GGC GCC GAC TGG CTG CAC ATC GAC GTC ATG GAT GGC CAC TTT GTT CCC AAC ATC ACG CTG GGC CAG CCA ATT GTC AAA TGT CTG AGG AGT GCA GTG CCC AGG ATC ACC GAT ACT GCA GCC ACC --- --- AAG CCA AAG GCG TTT TTT GAT TGC CAC ATG ATG GTG GAG AAC CCC GAG AAG TGG GTG CCC GAG TTC GCC GCA GTC GGT GCG GAT CAG TTC ACC TTC CAC TAC GAG GCC ACC AAG GAC CCA CTG TCC CTG GTG AAA CTA ATC AAA CAG CAC GGA ATC AAG GCC GCG TGC GCC ATC AAG CCC GGC ACG CCA GTG GAC GTG CTG TTC GAG CTA GGA CCC TAC CTG GAC ATG GCA CTA GTG ATG ACC GTT GAG CCC GGC TTT GGC GGA CAG AAG TTC ATG CCT GAG ATG ATG CCC AAG GTC GAG GCG CTG AGG ACC AAG TTT CCG CAG CTG AAC ATC CAG GTC GAT GGC GGG CTG GGC AAG GAG ACT ATT CCA CAG GCT GCC AAG GCC GGC GCC AAT GTC ATC GTG GCA GGC ACC AGC GTC TTT ACT GCA GCA GAC CCT GCG GAC GTT ATC TCG TTC ATG AAA AAC ACG GTT GCG GAG CAA CTG GAT TTG AAG GGT TTA CTT AAC --- 
cerevisiae                                 ATG GTC AAA CCA ATT ATA GCT CCC AGT ATC CTT GCT TCT GAC TTC GCC AAC TTG GGT TGC GAA TGT CAT AAG GTC ATC AAC GCC GGC GCA GAT TGG TTA CAT ATC GAT GTC ATG GAC GGC CAT TTT GTT CCA AAC ATT ACT CTG GGC CAA CCA ATT GTT ACC TCC CTA CGT CGT TCT GTG CCA CGC CCT GGC GAT GCT AGC AAC ACA GAA AAG AAG CCC ACT GCG TTC TTC GAT TGT CAC ATG ATG GTT GAA AAT CCT GAA AAA TGG GTC GAC GAT TTT GCT AAA TGT GGT GCT GAC CAA TTT ACG TTC CAC TAC GAG GCC ACA CAA GAC CCT TTG CAT TTA GTT AAG TTG ATT AAG TCT AAG GGC ATC AAA GCT GCA TGC GCC ATC AAA CCT GGT ACT TCT GTT GAC GTT TTA TTT GAA CTA GCT CCT CAT TTG GAT ATG GCT CTT GTT ATG ACT GTG GAA CCT GGG TTT GGA GGC CAA AAA TTC ATG GAA GAC ATG ATG CCA AAA GTG GAA ACT TTG AGA GCC AAG TTC CCC CAT TTG AAT ATC CAA GTC GAT GGT GGT TTG GGC AAG GAG ACC ATC CCG AAA GCC GCC AAA GCC GGT GCC AAC GTT ATT GTC GCT GGT ACC AGT GTT TTC ACT GCA GCT GAC CCG CAC GAT GTT ATC TCC TTC ATG AAA GAA GAA GTC TCG AAG GAA TTG CGT TCT AGA GAT TTG CTA GAT --- 
paradoxus                                  ATG GTC AAA CCA ATT ATA GCC CCC AGT ATC CTT GCT TCT GAC TTT GCC AAC TTG GGT TGC GAA TGT CAT AAA GTC ATC AAT GCT GGC GCG GAT TGG TTA CAT ATT GAT GTC ATG GAT GGT CAT TTT GTT CCA AAC ATT ACT CTG GGC CAA CCA ATC GTA ACT TCC CTA CGT CGT TCT GTG CCA CGT CCT GGC GAT GCT AGC AAC ACA GAA AAG AAG CCC ACT GCG TTC TTC GAT TGT CAT ATG ATG GTT GAA AAT CCA GAA AAA TGG GTC GAA GAT TTT GCT AAA TGT GGT GCT GAC CAA TTT ACG TTC CAC TAC GAG GCT ACG CAG GAC CCC TTG CAT TTA GTC AAG TTG ATT AAG TCT AAG GGC ATC AAA GCT GCA TGT GCC ATC AAA CCT GGT ACT TCT GTT GAC GTT CTA TTT GAA CTA GCT CCT CAT TTG GAT ATG GCT CTG GTT ATG ACC GTG GAA CCT GGG TTC GGA GGC CAA AAA TTC ATG GAG GAC ATG ATG CCA AAA GTG GAA ACT TTG AGA GCC AAG TTC CCT CAT TTG AAT ATA CAA GTC GAT GGT GGT TTG GGT AAG GAA ACC ATT CCC AAG GCC GCC AAA GCT GGT GCC AAC GTC ATT GTT GCT GGT ACC AGT GTT TTC TCG GCA GCT GAC CCA CAT GAT GTT ATC TCA TTC ATG AAA GAA GAA GTC TCG AAG GAA TTG CGT TCT AGA AAT TTA CTA GAT --- 
kudriavzevii                               ATG GTC AAA CCA ATT GTA GCC CCC AGT ATC CTT GCT TCT GAT TTT GCC AAC TTA GGC TGT GAA TGT CAT AAA GTC ATC AAT GCC GGT GCG GAT TGG TTA CAC ATC GAC GTC ATG GAC GGC CAT TTT GTT CCA AAC ATT ACT CTA GGC CAA CCA ATC GTC GCC TCC CTA CGT CGC TCT GTG CCA CGT CCT GGC GAT GTT AAC AAC ACA GAA AAG AAG CCT ACT GCG TTC TTC GAT TGT CAT ATG ATG GTC GAG AAC CCG GAA AAA TGG GTC GAC GAC TTC GCT AAA TGT GGT GCC GAC CAG TTC ACG TTC CAT TAC GAA GCT ACG CAG GAT CCC TTG TCC TTG GTC AAA CTG ATC AAG TCT AAG GGC ATC AAA GCT GCC TGT GCC ATC AAA CCT GGT ACT TCT GTG GAT GTC CTT TTC GAG CTG GCT CCT CAT TTG GAC ATG GCC TTG GTT ATG ACC GTG GAA CCG GGG TTC GGA GGC CAA AAG TTC ATG GAG AAT ATG ATG CCA AAG GTG GAA ACT TTG AGA GAC AAG TTC CCC CAT TTG AAC ATC CAA GTC GAT GGT GGT TTG GGT AAG GAC ACT ATT CCT AAG GCT GCC AAA GCC GGC GCC AAC GTC ATT GTT GCA GGG ACA AGT GTC TTC ACT GCA GCT GAC CCT CAT AAC GTC ATC TCG TTC ATG AAG GAA GAA GTC TCT AAA GAA CTG CTT TCT AAG GGC TTA CTA GAT --- 



Printing out site pattern counts


         7        651  P

castellii                                   --- --- --- --- --- --- --- AAA AAA AAA AAA AAA AAA AAA AAC AAG AAG AAG AAG AAG AAG AAG AAG AAT AAT AAT ACA ACC ACC ACC ACC ACG ACG ACT ACT ACT ACT AGA AGA AGT AGT AGT ATA ATC ATC ATC ATC ATC ATG ATG ATG ATT ATT ATT ATT ATT ATT CAA CAA CAA CAA CAA CAC CAC CAC CAC CAT CAT CAT CAT CAT CCA CCA CCA CCA CCA CCA CCA CCA CCC CCC CCC CCT CCT CCT CCT CGT CGT CGT CTA CTA CTT CTT GAA GAA GAA GAA GAA GAA GAA GAA GAA GAA GAA GAC GAC GAC GAC GAG GAG GAT GAT GAT GAT GAT GAT GAT GAT GAT GCA GCA GCA GCA GCC GCC GCC GCC GCC GCC GCC GCC GCC GCC GCT GCT GCT GCT GCT GCT GCT GCT GCT GGA GGA GGG GGT GGT GGT GGT GGT GGT GGT GGT GGT GGT GGT GGT GGT GGT GTA GTA GTA GTC GTC GTC GTC GTC GTC GTC GTC GTC GTC GTC GTG GTG GTG GTG GTG GTT TAC TCA TCA TCC TCC TCC TCG TCT TCT TCT TCT TGC TGG TGT TGT TGT TGT TTA TTA TTA TTC TTC TTC TTC TTG TTG TTG TTG TTG TTG TTG TTG TTG TTT TTT TTT TTT TTT
bayanus                                     AAC AAG AAG ACA ACT CAA CCC AAA AAA AAA AAA AAG AAG AGA GAT AAA AAA AAG AAG AAG AAG AAG CAG AAC AAC AAC ACT ACC ACT ACT CTC ACC TCT ACA ACC ACC ACT AAA AGA AGT AGT GCC ATC ATA ATC ATC ATC ATT ATC ATG TTG ATC ATC ATC ATC ATT GTA --- AAG CAA CAG CAG CAC CAC CAT GCC AAG CAC CAC CAC CAT CCA CCA CCA CCG CCG CCT CCT CCT CCA CCC TCC CCA CCC CCC CCT CGT CGT CGT CTA CTT TTG TTG GAA GAA GAA GAC GAG GAG GAG GAG GAG GAT TCC GAC GAC GAT GAT GAA GAC AAC GAC GAC GAC GAC GAC GAC GAT GAT CAC GAC GCC GCG GCC GCC GCC GCG GCG GCT GCT GCT TCA TCC GAG GCC GCC GCC GCG GCT GCT GCT GCT GGT GGT GGT GAG GGA GGC GGC GGC GGC GGC GGG GGT GGT GGT GGT GGT GGT GTC GTT GTT GTC GTC GTC GTC GTC GTC GTT GTT GTT GTT GTT GTC GTG GTG GTG GTT GTG TAC CCT TCC GCC GCT TCC TCC AAC ACT TCC TCC TGC TGG TGC TGC TGT TGT CTA CTT TTG TTC TTC TTC TTT CAG CTA CTT TTA TTG TTG TTG TTG TTG TTC TTC TTT TTT TTT
mikatae                                     AAC AAG AAG GTG ACT GAA CCC AAA AAA AAG AAG AAA AAA AAG GAT AAA AAA AAA AAG AAG AAG AGA CAG AAC AAC AAT ACA ACA ACA ACG CTT ACC ACT ACT ACC ACT ACT AAA AGA AGT AGT TCT ATC ATT ATC ATT ATT ATT ATT ATG TTG ATC ATC ATC ATC ATT GTA --- AAG CAG CAA CAA CAT CAT CAT GCT AAG CAC CAT CAT CAC CCA CCA CCC CCA CCA CCT CCT CCT CCA CCT TCC CCA CCA CCC CCT CGT CGT CGT TTA CTT CTC TTG GAA GAA GAA GAT GAA GAA GAA GAG GAG GAT AAC GAC GAC GAC GAT GAA GAC AAT GAC GAC GAC GAC GAT GAT GAT GAT CAT GAT GCT GCG GCC GCC GCC GCA GCG GCT GCT GCT TCA TCC GAA GCC GCC GCT GCT GCA GCC GCT GCT GGC GGT GGC GAA GGT GGA GGC GGC GGC GGT GGT GGC GGG GGT GGT GGT GGT GTC GTC GTT GTC GTC GTC GTC GTT GTT GTC GTC GTT GTT GTT GTC GTC GTG GTT GTT GTA TAC CCT TCA GCT GCC TCT TCG AAC AAC TCC TCC TGC TGG TGT TGT TGT TGT TTG CTT TTG TTC TTC TTT TTT TTG CTA TTG CTG CTA TTA TTA TTG TTG TTC TTT TTC TTC TTT
kluyveri                                    GCC --- AAG ACC AAG --- CCA AAA AAG AAG AAG AAG GCA AGG GAC AAG GAG AAG AAA AAA AAG AAG AAG AAC AAT AAC GCG ACC AAA ACC GAT ACT ACT ACG ACC ACC ACG AAG AGG AGC AGT CAG ATT ATC ATC ATC ATT ATC ATC ATG CTG ATC ATC ATC ATC ATC ATT --- CAG CAG CAG CAG CAC CAC CAC ACT CAC CAC CAC CAG TAC CCA CCC CCC CCC CCT CCA CCC CCC CCA CCC CCA CCC CCC CCA CCG AGG AGG AGT TTA CTG CTA CTG CAA GAG GAG GAC ACG GAG GAG GAG GAG GAC TCC GAC GAT GAC GAT GAG CCC AAC GAC GAC GAG GAT GAG GAT AAC GAC GCG GAT ACC GCC GCC GCG GCT GCA GCG GCA GCC GGA GCG GCC CCT GCC GCC GCC GCA GCT GCG GCA GCC GGT GGG GGC AAC GGC ACC GGA GGC GGC GGA GGC GGC GGC GGC GGC GGG GGT GTC GTT GTG GTC GTC GTG GTG GTC GTG GTC GTT GTG GTG GTT GTC GTG GTC GTT GTT GTG TAC ATC TCG GCC GCC TCT TTG AAC GCA GCA TGT TGC TGG GTC TGC TGC TGC CTG CTT CTG TTC TTT TTC TTT CTA CTT CTA CTG CTG CTG CTG CTG CTG TTT TTC TTC TTT TTT
cerevisiae                                  AAC AAG AAG ACA ACT GAA CCC AAG AAA AAA AAA AAA AAA AAG GAC AAA AAG AAG AAA AAG AAG AGA CAA AAC AAC AAT ACT ACG ACC ACA CGT ACC ACT ACT ACC ACT ACT AAA AGA AGT AGT TCT ATT ATC ATC ATT ATC ATT ATC ATG TTG ATC ATC ATC ATT ATT ATA --- AAA CAA CAA CAA CAC CAT CAT GCT AAG CAC CAT CAT CAT CCA CCA CCT CCT CCG CCG CCT CCT CCA CCC TCT CCA CCA CCT CCC CGC CGT CGT TTG TTA CTT TTG GAA GAA GAG GAT GAA GAA GAA GAA GAG GAT CAT GAC GAC GAC GAT GAA GAC AAC GAC GAT GAC GAC GAT GAT GAT GAT CAC GAT GCC GCA GCC GCA GCT GCA GCG GCT GCT GCT TCG GCC GAA GCC GCT GCT GCT GCC GCT GCT GCC GAT GGT GGT GAA GGC GGC GGC GGC GGC GGC GGG GGC GGA GGT GGT GGT GGT GTC GTC GTC GTC GTT GTC GTT GTT GTT GTT GTC GTT GTT GTT GTC GTT GTG GTG GTT GTG TAC CCT TCC GCC GCC TCT TCT AAT AGC TCT TCC TGC TGG TGT TGT TGC TGT CTA CTT TTG TTC TTC TTT TTT TTG CTA CTA CTG TTA TTA TTG TTG TTG TTC TTT TTT TTT TTC
paradoxus                                   AAC AAG AAG ACA ACT GAA CCC AAG AAA AAA AAA AAA AAA AAA GAC AAA AAG AAG AAA AAG AAG AGA CAG AAC AAC AAT ACT ACG ACT ACG CGT ACC TCG ACT ACC ACC ACT AAA AGA AGT AGT TCT ATC ATC ATC ATT ATT ATT ATC ATG TTG ATA ATC ATT ATT ATT ATA --- AAG CAA CAA CAA CAT CAT CAT GCT AAG CAC CAT CAT CAT CCA CCA CCT CCA CCA CCC CCT CCT CCA CCC TCT CCA CCA CCC CCT CGT CGT CGT TTA CTA CTG TTG GAA GAA GAG GAT GAA GAA GAA GAA GAA GAT CAT GAC GAT GAC GAT GAA GAA AAT GAC GAT GAC GAC GAT GAT GAT GAT CAT GAT GCC GCG GCC GCA GCC GCA GCG GCT GCT GCT TCG GCC GAG GCC GCT GCT GCT GCC GCT GCT GCT AAT GGT GGT GAA GGT GGC GGC GGC GGC GGC GGG GGT GGA GGT GGT GGT GGT GTC GTC GTT GTC GTC GTC GTC GTA GTT GTT GTC GTT GTT GTT GTC GTT GTG GTG GTT GTG TAC CCT TCA GCT GCT TCT TCT AAT AGC TCT TCC TGC TGG TGT TGT TGT TGT CTA CTT TTG TTC TTC TTT TTT TTG CTA CTA CTG TTA TTA TTG TTG TTG TTC TTT TTT TTC TTT
kudriavzevii                                AAC AAG AAG ACA ACT GAA CCT AAA AAG AAA AAG AAA AAA AAA GAT AAA AAA AAG AAG AAG AAG AAG CAG AAC AAC AAC ACT ACG GCC ACG CTT ACT ACT ACT ACA ACC ACT AAA AGA AGT AGT TCT ATC ATC ATC ATT ATT ATT ATC ATG TTG ATC ATC ATC ATC ATT GTA --- AAG CAA CAA CAG CAT CAC CAT GTT AAG CAT CAT CAT CAT CCA CCA CCT CCG CCT CCT CCG CCT CCA CCC TCT CCA CCA CCC CCC CGT CGT CGC TTA CTT TTG TTG GAA GAA GAA GAT GAA GAA GAG GAG GAC AAC TCC GAT GAC GAC GAT GAA GAC AAT GAT GAC AAT GAC GAC GAT GAT GAC CAT GAT GAC GCG GCC GCC GCC GCA GCG GCT GCT GCT TCT GCC GAG GCC GCT GCT GCA GCT GCC GCC GCC GGC GGT GGG GAA GGC GGC GGC GGC GGT GGC GGG GGT GGA GGC GGT GGC GGT GTC GTC GTT GTC GTC GTC GTC GTC GTC GTC GTC GTC GTT GTT GTC GTG GTG GTG GTC GTG TAC CCT TCG GCT GCC TCT TCT AAC AAC TCT TCC TGT TGG TGT TGT TGT TGT CTA CTT TTG TTC TTC TTC TTT CTG CTA CTG CTA TTG TTA TTA CTG TTG TTC TTC TTC TTC TTT



    1    1    1    1    1    1    1    1    1    2    1    1    1    1    1
    1    1    1    1    1    1    1    1    1    2    1    1    1    1    1
    1    1    1    1    1    1    1    1    1    1    1    1    1    1    1
    1    1    1    1   10    1    1    2    1    1    1    1    1    1    1
    2    1    1    1    1    1    1    1    1    1    1    1    1    1    1
    1    1    1    1    1    1    1    1    1    1    1    1    1    1    1
    1    1    2    1    1    1    1    1    2    1    1    1    1    1    1
    1    1    1    1    1    1    1    1    1    1    1    1    1    1    1
    1    1    1    2    1    1    1    1    1    1    1    1    1    1    1
    1    1    1    1    1    1    1    1    1    1    1    1    1    1    1
    1    1    1    1    1    1    2    1    1    1    1    1    1    1    1
    1    1    1    1    1    1    1    1    1    1    1    1    1    1    1
    1    1    1    1    1    1    1    1    1    1    1    2    1    1    1
    1    1    1    1    3    3    1    1    1    1    1    1    1    1    1
    1    1    1    1    1    1    1

CODONML (in paml version 4.4b, July 2010)  torun.nuc
Model: One dN/dS ratio for branches Global clock 
Codon frequency model: F3x4
ns =   7  ls = 239

Codon usage in sequences
--------------------------------------------------------------------------------------------------------------
Phe TTT  5  4  4  7  5  5 | Ser TCT  4  1  2  1  5  5 | Tyr TAT  0  0  0  0  0  0 | Cys TGT  4  2  4  1  3  4
    TTC  8  9  9  6  8  8 |     TCC  3  8  4  1  2  1 |     TAC  1  1  1  2  1  1 |     TGC  1  3  1  4  2  1
Leu TTA  3  1  3  1  3  3 |     TCA  2  1  2  0  0  1 | *** TAA  0  0  0  0  0  0 | *** TGA  0  0  0  0  0  0
    TTG  9 10  9  1  9  8 |     TCG  1  0  1  1  1  2 |     TAG  0  0  0  0  0  0 | Trp TGG  2  2  2  2  2  2
--------------------------------------------------------------------------------------------------------------
Leu CTT  3  3  3  2  2  1 | Pro CCT  4  5  6  2  6  5 | His CAT  5  2  6  0  6  8 | Arg CGT  3  3  3  0  3  4
    CTC  0  1  1  0  0  0 |     CCC  3  4  3  9  3  4 |     CAC  4  6  2  6  3  1 |     CGC  0  0  0  0  1  0
    CTA  2  3  2  3  3  4 |     CCA  8  5  7  6  5  7 | Gln CAA  6  2  3  1  5  4 |     CGA  0  0  0  0  0  0
    CTG  0  0  1 12  1  2 |     CCG  0  2  0  1  2  0 |     CAG  0  5  2  7  0  1 |     CGG  0  0  0  0  0  0
--------------------------------------------------------------------------------------------------------------
Ile ATT  7  2  6  3  5  6 | Thr ACT  4  6  5  3  6  5 | Asn AAT  4  0  2  2  2  4 | Ser AGT  3  2  2  2  2  2
    ATC  5 10  7 12  8  6 |     ACC  4  4  2  7  3  3 |     AAC  1  7  7  6  5  4 |     AGC  0  0  0  1  1  1
    ATA  1  1  0  0  1  2 |     ACA  1  2  3  0  2  1 | Lys AAA  8  8  8  4 10 10 | Arg AGA  2  2  2  0  2  2
Met ATG 12 10 10 10 10 10 |     ACG  2  0  1  3  1  2 |     AAG  8 11 11 13  9  9 |     AGG  0  0  0  4  0  0
--------------------------------------------------------------------------------------------------------------
Val GTT  1  8  8  5 10  8 | Ala GCT  9  8 10  2 10 12 | Asp GAT  9  6  9  6 10 10 | Gly GGT 15 10  9  2  7  9
    GTC 11  8 10  8  7  8 |     GCC 11 11  8 12  9  7 |     GAC  4 11  8  8  8  6 |     GGC  0  5  6 10  7  5
    GTA  3  1  2  0  0  1 |     GCA  4  0  2  7  3  2 | Glu GAA 12  4 11  0 11 12 |     GGA  2  1  1  3  1  1
    GTG  5  4  2  8  3  3 |     GCG  0  4  2  6  1  2 |     GAG  2  8  2 11  2  2 |     GGG  1  1  1  2  1  1
--------------------------------------------------------------------------------------------------------------

--------------------------------------------------
Phe TTT  2 | Ser TCT  6 | Tyr TAT  0 | Cys TGT  5
    TTC 11 |     TCC  2 |     TAC  1 |     TGC  0
Leu TTA  3 |     TCA  0 | *** TAA  0 | *** TGA  0
    TTG  7 |     TCG  1 |     TAG  0 | Trp TGG  2
--------------------------------------------------
Leu CTT  3 | Pro CCT  6 | His CAT  7 | Arg CGT  2
    CTC  0 |     CCC  3 |     CAC  1 |     CGC  1
    CTA  3 |     CCA  5 | Gln CAA  3 |     CGA  0
    CTG  3 |     CCG  2 |     CAG  2 |     CGG  0
--------------------------------------------------
Ile ATT  4 | Thr ACT  6 | Asn AAT  2 | Ser AGT  2
    ATC  9 |     ACC  1 |     AAC  8 |     AGC  0
    ATA  0 |     ACA  2 | Lys AAA  9 | Arg AGA  1
Met ATG 10 |     ACG  2 |     AAG 11 |     AGG  0
--------------------------------------------------
Val GTT  4 | Ala GCT  7 | Asp GAT  8 | Gly GGT  6
    GTC 13 |     GCC 11 |     GAC  9 |     GGC  8
    GTA  1 |     GCA  2 | Glu GAA  9 |     GGA  1
    GTG  4 |     GCG  2 |     GAG  3 |     GGG  2
--------------------------------------------------

Codon position x base (3x4) table for each sequence.

#1: castellii      
position  1:    T:0.18534    C:0.16379    A:0.26724    G:0.38362
position  2:    T:0.32328    C:0.25862    A:0.27586    G:0.14224
position  3:    T:0.34483    C:0.24138    A:0.23276    G:0.18103
Average         T:0.28448    C:0.22126    A:0.25862    G:0.23563

#2: bayanus        
position  1:    T:0.17647    C:0.17227    A:0.27311    G:0.37815
position  2:    T:0.31513    C:0.25630    A:0.29832    G:0.13025
position  3:    T:0.26050    C:0.36975    A:0.13025    G:0.23950
Average         T:0.25070    C:0.26611    A:0.23389    G:0.24930

#3: mikatae        
position  1:    T:0.17647    C:0.16387    A:0.27731    G:0.38235
position  2:    T:0.32353    C:0.24370    A:0.30252    G:0.13025
position  3:    T:0.33193    C:0.28992    A:0.19328    G:0.18487
Average         T:0.27731    C:0.23249    A:0.25770    G:0.23249

#4: kluyveri       
position  1:    T:0.11441    C:0.20763    A:0.29661    G:0.38136
position  2:    T:0.33051    C:0.25847    A:0.27966    G:0.13136
position  3:    T:0.16102    C:0.38983    A:0.10593    G:0.34322
Average         T:0.20198    C:0.28531    A:0.22740    G:0.28531

#5: cerevisiae     
position  1:    T:0.17227    C:0.16807    A:0.28151    G:0.37815
position  2:    T:0.31513    C:0.24790    A:0.30252    G:0.13445
position  3:    T:0.34454    C:0.28571    A:0.19328    G:0.17647
Average         T:0.27731    C:0.23389    A:0.25910    G:0.22969

#6: paradoxus      
position  1:    T:0.17227    C:0.17227    A:0.28151    G:0.37395
position  2:    T:0.31513    C:0.24790    A:0.30252    G:0.13445
position  3:    T:0.36975    C:0.23529    A:0.21008    G:0.18487
Average         T:0.28571    C:0.21849    A:0.26471    G:0.23109

#7: kudriavzevii   
position  1:    T:0.16807    C:0.17227    A:0.28151    G:0.37815
position  2:    T:0.32353    C:0.24370    A:0.30672    G:0.12605
position  3:    T:0.29412    C:0.32773    A:0.16387    G:0.21429
Average         T:0.26190    C:0.24790    A:0.25070    G:0.23950

Sums of codon usage counts
------------------------------------------------------------------------------
Phe F TTT      32 | Ser S TCT      24 | Tyr Y TAT       0 | Cys C TGT      23
      TTC      59 |       TCC      21 |       TAC       8 |       TGC      12
Leu L TTA      17 |       TCA       6 | *** * TAA       0 | *** * TGA       0
      TTG      53 |       TCG       7 |       TAG       0 | Trp W TGG      14
------------------------------------------------------------------------------
Leu L CTT      17 | Pro P CCT      34 | His H CAT      34 | Arg R CGT      18
      CTC       2 |       CCC      29 |       CAC      23 |       CGC       2
      CTA      20 |       CCA      43 | Gln Q CAA      24 |       CGA       0
      CTG      19 |       CCG       7 |       CAG      17 |       CGG       0
------------------------------------------------------------------------------
Ile I ATT      33 | Thr T ACT      35 | Asn N AAT      16 | Ser S AGT      15
      ATC      57 |       ACC      24 |       AAC      38 |       AGC       3
      ATA       5 |       ACA      11 | Lys K AAA      57 | Arg R AGA      11
Met M ATG      72 |       ACG      11 |       AAG      72 |       AGG       4
------------------------------------------------------------------------------
Val V GTT      44 | Ala A GCT      58 | Asp D GAT      58 | Gly G GGT      58
      GTC      65 |       GCC      69 |       GAC      54 |       GGC      41
      GTA       8 |       GCA      20 | Glu E GAA      59 |       GGA      10
      GTG      29 |       GCG      17 |       GAG      30 |       GGG       9
------------------------------------------------------------------------------

(Ambiguity data are not used in the counts.)


Codon position x base (3x4) table, overall

position  1:    T:0.16647    C:0.17431    A:0.27986    G:0.37937
position  2:    T:0.32087    C:0.25090    A:0.29554    G:0.13269
position  3:    T:0.30097    C:0.30579    A:0.17551    G:0.21773
Average         T:0.26277    C:0.24367    A:0.25030    G:0.24326

Codon frequencies under model, for use in evolver (TTT TTC TTA TTG ... GGG):
  0.01645782  0.01672167  0.00959765  0.01190636
  0.01286927  0.01307559  0.00750493  0.00931024
  0.01515852  0.01540154  0.00000000  0.00000000
  0.00680587  0.00691498  0.00000000  0.00492368
  0.01723301  0.01750929  0.01004971  0.01246717
  0.01347543  0.01369147  0.00785842  0.00974876
  0.01587251  0.01612698  0.00925631  0.01148292
  0.00712643  0.00724068  0.00415590  0.00515559
  0.02766822  0.02811180  0.01613517  0.02001649
  0.02163530  0.02198216  0.01261698  0.01565199
  0.02548389  0.02589245  0.01486134  0.01843624
  0.01144174  0.01162518  0.00667244  0.00827749
  0.03750713  0.03810845  0.02187290  0.02713442
  0.02932889  0.02979909  0.01710362  0.02121789
  0.03454604  0.03509989  0.02014609  0.02499223
  0.01551047  0.01575913  0.00904518  0.01122100



Nei & Gojobori 1986. dN/dS (dN, dS)
(Pairwise deletion)
(Note: This matrix is not used in later ML. analysis.
Use runmode = -2 for ML pairwise comparison.)

castellii           
bayanus             -1.0000 (0.0903 -1.0000)
mikatae              0.0185 (0.0829 4.4796) 0.0209 (0.0243 1.1599)
kluyveri            -1.0000 (0.1197 -1.0000)-1.0000 (0.1131 -1.0000)-1.0000 (0.1235 -1.0000)
cerevisiae           0.0308 (0.0818 2.6541) 0.0242 (0.0277 1.1444) 0.0213 (0.0168 0.7889)-1.0000 (0.1179 -1.0000)
paradoxus            0.0492 (0.0843 1.7127) 0.0275 (0.0258 0.9385) 0.0368 (0.0205 0.5581)-1.0000 (0.1235 -1.0000) 0.0176 (0.0055 0.3095)
kudriavzevii        -1.0000 (0.0935 -1.0000) 0.0280 (0.0240 0.8543) 0.0325 (0.0243 0.7469)-1.0000 (0.1250 -1.0000) 0.0300 (0.0277 0.9233) 0.0452 (0.0296 0.6547)


TREE #  1:  ((((((5, 6), 3), 7), 2), 1), 4);   MP score: -1
lnL(ntime:  6  np:  8):  -2669.820621      +0.000000
   8..9     9..10   10..11   11..12   12..13   13..5    13..6    12..3    11..7    10..2     9..1     8..4  
 2.011070 1.228768 0.381689 0.309516 0.240179 0.112635 2.684556 0.031688
SEs for parameters:
 0.307335 0.175786 0.034303 0.026082 0.025782 0.017466 0.360236 0.004346

tree length =   6.29493

((((((5: 0.112635, 6: 0.112635): 0.127543, 3: 0.240179): 0.069337, 7: 0.309516): 0.072174, 2: 0.381689): 0.847079, 1: 1.228768): 0.782302, 4: 2.011070);

((((((cerevisiae: 0.112635, paradoxus: 0.112635): 0.127543, mikatae: 0.240179): 0.069337, kudriavzevii: 0.309516): 0.072174, bayanus: 0.381689): 0.847079, castellii: 1.228768): 0.782302, kluyveri: 2.011070);

Detailed output identifying parameters

kappa (ts/tv) =  2.68456

omega (dN/dS) =  0.03169

dN & dS for each branch

 branch          t       N       S   dN/dS      dN      dS  N*dN  S*dS

   8..9      0.782   509.5   207.5  0.0317  0.0265  0.8359  13.5 173.5
   9..10     0.847   509.5   207.5  0.0317  0.0287  0.9051  14.6 187.8
  10..11     0.072   509.5   207.5  0.0317  0.0024  0.0771   1.2  16.0
  11..12     0.069   509.5   207.5  0.0317  0.0023  0.0741   1.2  15.4
  12..13     0.128   509.5   207.5  0.0317  0.0043  0.1363   2.2  28.3
  13..5      0.113   509.5   207.5  0.0317  0.0038  0.1204   1.9  25.0
  13..6      0.113   509.5   207.5  0.0317  0.0038  0.1204   1.9  25.0
  12..3      0.240   509.5   207.5  0.0317  0.0081  0.2566   4.1  53.3
  11..7      0.310   509.5   207.5  0.0317  0.0105  0.3307   5.3  68.6
  10..2      0.382   509.5   207.5  0.0317  0.0129  0.4078   6.6  84.6
   9..1      1.229   509.5   207.5  0.0317  0.0416  1.3130  21.2 272.5
   8..4      2.011   509.5   207.5  0.0317  0.0681  2.1489  34.7 446.0

tree length for dN:       0.2131
tree length for dS:       6.7263


Time used:  0:05
