
seed used = 1418807677
      7   1692

castellii                                  ATG TTG AGA ACA AGA AAC TTG ATA CCA AAG AAT ACG TTT CTG ATA GAT GAT TCA GAT ACA GAG GTT GAT TCC CCC ATA TTG GAA CCC ATC ACA CCA ACT AAA AAT AAG AAG AGA ACG AGG AAC GAT TCA GCA TCA GTT CTT CTC ACA CCT CCT CAA AGT GTC CCA AAG AAA AAG TTA AAG CTT GAA CTT TCT GAA AAA GTC ACT GTT GAA AAA GAA GAA GAA GAA GAA TCT TCT TAT GCT CCT CCA TCG CCT TGT GCT ACT CCT CAA CGA GCA CTT TTT GGT AGA GAT TCC CTA TAT TCC CGT ACC AAA GCT GTA CTG CAA AGA TCG GCT GGG ATT CTA TCA AAT AAT --- --- GAC GGT TGT TTG CCT ACA AGA CAA GCT CAG TAT GAA AAA ATC ATG GAC TTC TTA AAT ACA AAT ATC AAG AGC CAC ACT AGT AAT TCA CTT TAC CTG ACG GGC CCA CCT GGG ACA GGA AAG ACT GCA CAA GTG GAT TCC ATC CAA AGA ACA CAT TTG TTA CCT GAA TGT CCG --- --- --- --- --- CGA TCC ATG AAA TCA ACG GGA TCA TCT TCT CAT CTT CTT CAT AAC CAA TCG TAT TTT CAA CTC TCA AAT GGT GAT GTA GAA ACA GTA TCC CTT TCT TCC ATC AAT TGT ATT GCC CTC AAT GAA CCT TCT CAT ATT TTT ACC AAG ATC TTT GAA TCT TTC TCT AAT GAC GAA AAG TAC CCT CAT CCT GTC ACC ACA ATG AGT GAC TTG CAG CAA TTT TTG GAA TTA TTC CCT CAA TCA AGG ACG TTC ATT GTA GTA TTA GAT GAA ATG GAT AAG CTA GTT CGT TCA TCC ACA AAT TCT ACA CAT TCG ACA AAG ACA ATT TTT GAA TTA TTC CTA CTT AGT AAA TTG CCC TCG ATT AAC TTC CTC TTA ATC GGA ATA GCT AAT AGT TTA GAT ATG ACT GAT AGA TTC TTA TCA CGT TTG AAC CTA AGA CAA GAT TTG ATG CCA GAG ACC ATT GTG TTC CAA CCT TAT TCT TCA GAT GAG ATG TAT CAG ATT ATT ATG AAT AGG ATT AAT TTA GTG GAC TCA ACG GAT TGT GTA TTC AAT CCA ATG GCA ATT AAA TTT GCT GCA AAG AGA TGT TCT GGT AAC ACC GGT GAT TTG AGG AAA TTA TTT GAT GTT TTG AAG AGT AGT ATT GAA GTG GTT GAG TTA CAA --- --- --- --- --- --- --- --- --- --- --- --- --- --- GTA CTA GCT AAT --- --- --- --- --- --- TTG AAA AAA AAT AAA GCA AGT GAT GTT AAA ATT GTC AAG ATT GGT TTA CCC CAT GTG GCA AAA GTC TTT TCT CAA TTT ATG AAT ATT TCG TCA ACA AGA TCT CGT ATT AAT AAA TTG AAT ATG CAA CAA CGT ATT CTT TTA TGC TCT CTT GTA CAT AGA CAA AGG ACT GAT ATT TTC CAA AGT CAT TGT TCA TTA GAC GAT GCA TAC GAT TAT TAT GTG AAA TTA CTA AGG AGG AAG GAT TCA TTA ACT CCC TTA AAA CGT AAT GAA TTT CTA GAC ATT TGC AAT GCT CTT GAG ACA TGT GGT GTG GTA ACC ATT TTC ACG GGT AAA TCA TCG GGA AAG ACA AAA CAT TTA GTG AAA ATG GTA AAA GCA ACT ATA GAT GAC AAA GAG TTT GAT GAC GAA ATT TCC AAG TCA GAT TTA CTG AAG AGC TTC TTA AAG GAT 
bayanus                                    --- --- --- --- ATG TCA GTT ATG CCC --- --- --- --- --- --- --- --- --- --- --- --- --- --- --- --- --- --- --- --- ATA ACC CCA ACG AAG CGC ATT AGG --- --- --- --- --- --- --- --- --- --- --- --- --- --- --- --- --- --- AGA ACT CTG TTT GAC GAT GCC CCA GCA ACA CCC CCA CGG CCT CTG AAG AAG AAG AGA TTG CTG TTC ACA GAT GTC ACA CCA GAA --- --- TCT TCT CCA GAA AAA CTA CAG TTC GGC CCT CAA TCC ATT TTC CTA AGG ACA AAG GCA CTT CTG CAG AAG TCA TCC GAG TTG GTA ACC TTG AAT AAT AAC GGC GGC GCT TTG CCA GCA AGA ACC AAA GAA TAT GAG CAT TTG ATG ACG TTT TTG ACC AAA TCC ATC TCC GAG CAC AGA TCT GAT TCG CTA TAC ATC ACA GGT CCA CCG GGC ACC GGC AAA ACT GCC CAG CTG GAC ATG ATT ATA AGA CAA AAG TTC CAA TCA CTA CCA CTC TCA CTA TCG ATG GCA GGT TCG GCC CAC CCA CCA AGG CAC ACA AAC CCA CAC CTG CAG AAC CTG TCG TGG TTT GAA TTG CCT GAC GGT AGA CTG GAG TCT GTG GCG GTG ACC AGT ATT AAC TGT TTA TCA CTA AGT GAT CCG TCT TCC ATT TTC CAA AAG ATT TTT GAT TCT TTT CAA GAT TTG AAT GGC CCT ACT TTG CAA ATC AAA AAC ATG CAC CAA TTA CAA AGA TTC CTA GAG CCA TAC CAC AAA AGA ACA ACT TTC GTG GTG GTG CTG GAT GAA ATG GAT AGA CTA TTA CAT TCC AAC ACG AAT GAG ACT CAA TCA GTT AGA ACA ATT CTT GAG TTG TTT CTT TTG GCA AAG TTG CCC ACC GTG AGC TTC GTG CTG ATA GGT ATG GCT AAT AGT TTG GAT ATG AAA GAT AGA TTT CTT TCC AGG CTA AAT TTG AAT AGA GAT CTG TTG CCA CAA ACG ATA GTT TTC CAA CCA TAT ACC GCT GAG CAG ATG TAT GAG ATT ATC ATT CAG AAA TTA AGC AGT TTG CCA --- --- AGC ATC ATT TTT CAA CCA ATG GCC ATT AGA TTT GCA GCA AAG AAA TGC GCA GGT AAC ACC GGT GAC CTG AGG AAA CTT TTC GAT GTC TTA AGA GGA AGT GTT GAA ATT TAC GAG TTG GAA AAC CGG TTG CAA CTC TCG TCG ATG AAC AAA TCC ATG AGG --- TCA ACG CAG GTA CCA TTG ACA CCA ACG AAT TCA CCG GTA AAG CAA CCA TCG TCT CAA CCA CAA GGC AAA ATA GGT TTA AAC TAC ATA GCT AAG GTC TTT TCC AAG TTC ATG AAC AAT AAC TCT ACG AGA ACG AGA ATT TCA AAA TTG AAC ATT CAG CAA AAA TTA ATC CTT TGT ACT ATC ATC CAA TCG CTA AAA --- --- --- ATT AAC TCG GAC GCT ACA ATG GAC GAA TCG TTT GAT CAC TAC ATC AAA GTT ATC ACT AAG ACT GAC ACT CTA GCC CCA CTG CAA AGA AAT GAA TTT TTG GAA ATT TGT ACA ATT TTA GAA ACA TGC GGA CTG GTC TCT ATC AAA AAG ACG AAG TGT AAA GGT AAA ACC AAA AGA TTT GTA GAT AAG ATT GAT GTG GAT CTT GAT ATG CGG GAG TTT TAC GAT GAA ATG ACA AAA ATT TCA ATC TTG AAA CCT TTC CTG CGC --- 
mikatae                                    --- --- --- --- ATG TCA GCT ATA CCC --- --- --- --- --- --- --- --- --- --- --- --- --- --- --- --- --- --- --- --- ATA ACT CCA ACT AAG CGT ATT AGA --- --- --- --- --- --- --- --- --- --- --- --- --- --- --- --- --- --- AGA AAT CTA TTT GAC GAT GGC CTA GCA ACG CCT CCA CGG CCT TTG AAG AGA AAG AAG CTC CAG TTC ACA GAT GTC ACG CCG GAA --- --- TCA TCT CCT GAA AAG TTA CAG TTT GGG GCA CAG TCT ATT TTC CTA AGG ACG AAG GCG CTC TTA CAG AAG TCT TCT GGG TTG GTC ACG TTG AAT AGT AAC GAT GGC GCA TTG CCA GCA AGA ACC ATC GAG TAT GAG CAG GTA ATG GAT TTT TTG GTA AGA GCG ATT TCC GAA CAC AGG TCG GAT TCG CTG TAC ATC ACG GGT CCA CCT GGT ACT GGT AAG ACA GCC CAG CTT GAT ATG ATT ATA AGA AGG AAG TTT CAA TCT CTT CCA CTC TCA CTA TCA ATG GCT AAA TCG AAT GTT GCG CAG AAA CAT GCG AAT CCA CAG CTG CAG AAC TTG TCC TGG TTT GAA TTG CCT GAT GGC AGA CTG GAG TCC GTG GCG GTG ACC AGT ATA AAT TGT ATA TCA TTA AGT GAA CCG TCT TCC ATT TTC CAG AAG ATT TTT GAT TCT TTC CAA GAT CTC AAT GGT GCC ACT TTA CAA GTA AAA AGC ATG CAA CAT CTA CAA AGG TTT TTG GAG CCT TAT CAC AAG AAA ACT ACA TTT GTG GTT GTG TTG GAC GAA ATG GAT AGG CTA TTG CAT GCC AAC ACA AAT GAA ACG CAG TCG GTC AGA ACT ATT CTT GAG TTG TTT CTT TTA GCG AAA TTG CCC AGT GTG AGT TTT GTG CTA ATA GGT ATG GCT AAT AGT CTG GAC ATG AAG GAT AGA TTT CTT TCT AGA TTG AAT TTG AAT AGA GGA TTG CTA CCA CAA ACT ATA GTG TTT CAA CCT TAC AAC GCT GAG CAG ATG TAT GAA ATC GTC ATA CAA AAA TTG AGC AGC CTA CCG --- --- ACC ATT ATC TTC CAA CCA ATG GCG ATC AAG TTC GCG GCA AAG AAG TGT GCT GGT AAT ACG GGT GAC TTG AGA AAG CTT TTC GAT GTC TTG AGA GGA AGC ATC GAA ATC TAT GAG TTG GAA AAC CGG TTG TTG TTT TCA TCA ACA ATC AAA CCA ACG AAA --- TCC ACA CAA GTG CCT TTG ACA CCA ACA ACT TCT CCC GTC AAA AAA TTG CAT CCT CAA CCA CAA GGT AAT ATA GGT TTG AAC TAT ATA GCC AAA GTC TTT TCG AAA TTC ATG AAC CAT AAC CCC ACA AGA ACG AGG ATA GCT AAA TTA AAC ATC CAG CAA AAA TTA ATT CTT TGT ACC ATA ATC CAA TCA TTA AAA --- --- --- CTA AAT TCA GAC GCT ACA ATC GAC GAA TCA TTT GAT CAT TAT ATC AAA GCG ATA ACC AAA ACA GAC ACT TTA GCC CCG TTG CAA AGA AAT GAA TTT TTA GAA ATT TGT ACA ATT TTA GAA ACT TGT GGA CTG GTT TCG ATC AAA AAG ACG AAA TGT AAA GGG AAG ACT AAA AGG TTT GTT GAT AAG ATT GAT GTT GAT CTT GAC ATG CGA GAA TTT TAC GAA GAG ATG ACA AAA ATT TCA ATT TTA AAA CCT TTT CTT CAG --- 
kluyveri                                   --- ATG ATT GCC GAC AAC AGA GTA CCT AGA TCC AAG AGC CTG CTA TGC TGC ACG --- --- --- --- --- --- --- --- --- GAA CCC CTC ACC CTC ACG GCC AAG AGA CCG --- --- --- --- --- --- --- --- --- --- TTG CAA TTT GAA GAA CCT TTC ACA GCC AAG AGG TTT CGC AGC GGG CTG GCC ACG CCA CCC GCA TCA CCA --- GAA AAG AAG AGA AAC AGC GCC AGC GTG CCC ACC ACG --- --- GCG TCT CCA AAG AGA CTG GTC TTT GGC TCC CAG TCG ATC TAC TCC CGT ACA AAG GCC CTG CTG CAG CGC TCT TCC --- ACC GTC AGC CTG GAC --- --- AAA TCG CAC CTG CCG ACG AGA CAG AAC GAG TAC GCC GCA ATT ATG CAC TTT CTC AGC ACC ACC ATT TCC TCG CTT CGG GGC AAC TCC TTG TAC ATC ACC GGC CCG CCA GGC ACC GGC AAG ACT GCA CAG CTG GAC CTG ATA GTG CGG GAG CGA TTC CAG TCC CTG GTG CTG --- --- --- --- --- GGC AGC GCG GAC CGC GTG CCA AAG CAC GAG GAG GGC CTT GCA AAC ACG GCG TAC TTT GAG ACC TCG CCG GGT GTT TAC GCG TCG GTG GCG CTG GTC ACC ATC AAC TGT ATC GCG GTC AGC CAG CCA GCG GCC ATC TTT GCC AAG ATC CAC CAG TCA TTT GCA ACA CAG GAC --- --- GAC CCC ACC GTC AGA ACC ATG GAA GAC CTG CAG CGC TTT ATG CAG CGC CAC CCC --- AGC ACC ACG TTT GTC GTT ATC TTG GAC GAG ATG GAC AAG CTG GTC ACA TCA ACG CTC CAG GAC ACG AGC GCA ACC AAG ACG ATT TTC GAC CTT TTC CTG CTT GCC AAG CTT CCG CAC ACC AGG CTG GCG TTG GTG GGC GTC GCA AAC AGC CTG GAC ATG AAG GAC AGG TTT CTG TCC CGT CTG AAC CTA AGG CAA GAC CTG CTG CCG CAG ACG GTG AGC TTC CAG CCG TAC ACG GCG GAC CAG ATG TAC GAG ATC GTG ATG CAG AAG CTG CAG ACG CTG GAC --- GAG GAC CCT GTG CTG CAG CCC ATG GCG ATC AAG TTT GCC GCC AAG AAG TGC TCG GGC AAC ACC GGC GAT CTG AGA AAG CTG TTT GAC GTT TTG CGG AGC AGC ATT GAG ATT GTC GAG CTG GAA --- --- --- --- --- --- --- --- --- --- --- --- --- --- CAG ATC AAG AAG CGC ATG TCG CGC GCT GCT GCC GCC GAT GCC GCC GCC GCC GAT GCT GTC GCC CCG CGT GTG ACA CTG GCG CAC GTG GCA AAG GTG TTT TCC ACC CAC ATG AAC AGC TCC TCG ACC AAG TCC CGC ATC TCC AAT CTC AAC ATG CAG CAA AAG GTG GTT TTG TGC TCG CTG GTG CAC AGA GAG AGA ACC GAC ATT TTC CAG TCA CAA GCG TCG CTG GAT GAT GCC TAC GAC TAC TAC ACC AAG CTT CTT TCA AGA AAG AAT GCG CTG GCG TCG CTG AAG CGC AAC GAG TTC CTG GAG AGC TGT AAC GCG CTG GAG AGC TGC GGC GTG GTC AAC ATT GCG CAA GGC AGG TCA GCT GGC AAG ACC AAG CAC ACC GTC AGA CTC ATA AAG GTG AAC GTC GAC GAG CGC GAG TTC CAG GAC GAG GTC GGC AAG ACC GAG CTC CTC AAG AGG CTA CTT --- --- 
cerevisiae                                 --- --- --- --- ATG TCA GCT ATA CCA --- --- --- --- --- --- --- --- --- --- --- --- --- --- --- --- --- --- --- --- ATA ACT CCA ACT AAG CGT ATC AGA --- --- --- --- --- --- --- --- --- --- --- --- --- --- --- --- --- --- AGA AAT CTA TTT GAC GAT GCT CCA GCA ACG CCT CCA CGA CCT TTG AAA AGA AAA AAG TTG CAG TTC ACA GAT GTT ACA CCA GAA --- --- TCA TCC CCA GAA AAA CTG CAG TTT GGC TCA CAG TCT ATT TTT TTG AGG ACA AAG GCA CTT TTG CAG AAG TCA TCT GAG CTA GTC AAC TTG AAT AGC AGC GAT GGT GCA TTG CCA GCA AGA ACA GCA GAG TAC GAA CAA GTT ATG AAT TTT TTG GCG AAG GCA ATT TCT GAA CAC AGG TCC GAT TCA CTG TAC ATC ACG GGT CCG CCT GGC ACT GGC AAG ACT GCC CAG CTT GAT ATG ATT ATA AGA CAG AAG TTC CAG TCC CTC CCA TTG TCG CTC TCC ACG CCA CGC TCG AAG GAC GTG CTG AGA CAT ACG AAT CCG AAC TTG CAG AAT TTG TCC TGG TTT GAA TTG CCC GAT GGA AGG CTA GAA TCC GTG GCG GTA ACC AGT ATT AAT TGT ATA TCG TTG GGA GAG CCG TCC TCC ATT TTC CAG AAG ATT TTC GAT TCC TTC CAA GAT CTG AAT GGC CCA ACA TTG CAA ATA AAA AAC ATG CAG CAT CTA CAG AAG TTC TTA GAG CCT TAT CAT AAG AAA ACT ACG TTT GTG GTT GTG TTG GAC GAG ATG GAC AGG CTA TTG CAT GCT AAC ACG AGC GAG ACA CAA TCA GTT AGA ACT ATT CTT GAA TTA TTC CTT TTG GCG AAA TTG CCT ACT GTG AGT TTT GTG TTA ATC GGT ATG GCT AAT AGT CTA GAT ATG AAA GAT AGG TTT CTT TCC AGG TTA AAT TTG GAC AGA GGG TTG TTA CCG CAA ACT ATA GTT TTT CAG CCA TAC ACT GCT GAG CAA ATG TAT GAA ATC GTC ATT CAA AAA ATG AGT AGT CTG CCC --- --- ACT ATT ATC TTC CAA CCG ATG GCC ATC AAA TTC GCA GCA AAG AAG TGT GCT GGA AAT ACG GGT GAC CTT CGA AAA CTT TTT GAT GTC TTA AGG GGA AGT ATC GAA ATC TAT GAG TTA GAA AAG CGG TTT CTG CTT TCA CCA ACA AGA GGA TCA TTG AAC --- TCT GCG CAA GTT CCT TTG ACG CCA ACT ACT TCT CCG GTA AAG AAA TCG TAT CCA GAA CCA CAA GGT AAA ATA GGC TTG AAC TAC ATA GCC AAG GTC TTC TCA AAA TTC GTG AAC AAT AAT TCT ACG AGA ACG AGG ATA GCC AAA CTA AAC ATC CAG CAA AAA TTA ATT CTT TGC ACC ATA ATT CAA TCA CTG AAG --- --- --- CTA AAT TCC GAT GCT ACA ATC GAC GAA TCG TTT GAT CAT TAT ATC AAA GCG ATA ACA AAA ACT GAT ACT TTA GCA CCA TTG CAG AGA AAT GAA TTT TTG GAA ATC TGT ACA ATT TTA GAA ACT TGT GGG CTG GTT TCA ATC AAA AAG ACA AAG TGT AAA GGG AAA ACC AAG AGA TTT GTT GAT AAG ATT GAT GTT GAT CTC GAC ATG CGA GAA TTT TAT GAT GAG ATG ACC AAA ATT TCA ATT TTG AAA CCT TTC CTT CAC --- 
paradoxus                                  --- --- --- --- ATG TCA GCT ATT CCC --- --- --- --- --- --- --- --- --- --- --- --- --- --- --- --- --- --- --- --- ATA ACT CCA ACT AAG CGT ATC AGA --- --- --- --- --- --- --- --- --- --- --- --- --- --- --- --- --- --- AGA AAT CTA TTT GAC GAT GCC CCA GCA ACG CCT CCA CGG CCT TTG AAA AGA AAG AAA TTG CAG TTC ACA GAT GTG ACG CCA GAA --- --- TCG TCT CCA GAA AAA TTG CAG TTT GGC CCA CAG TCT ATT TTT CTG AGG ACG AAA GCT CTT TTA CAG AAG TCA TCT GAG TTA GTC ACC TTG AAT AGC AAC GAT GGA GCT TTG CCA GCA AGG ACC GTA GAG TAC GAG CAG GTT ATG GAT TTT TTG GCG AAA GCC ATT TCT GAA CAC AGG TCC GAT TCG CTA TAC ATC ACG GGC CCA CCT GGC ACT GGT AAG ACT GCC CAG CTT GAT ATG ATT ATA AGA CAG AAG TTC CAA TCA CTC CCA CTC TCG TTG TCA GTG GCA TGC TCG AAG GAG ACA CCG AGA CAT GCG AAT CCA AAC TTG CAG AAC TTG TCC TGG TTC GAA CTA CCT GAC GGC AGG CTA GAA TCG GTG GCG GTG ACC ACT ATT AAT TGT ATA TCA TTA GGA GAA CCG TCT TCC GTT TTC CAG AGG ATT TTC GAT TCC TTC CAA GAT CTG AAT GGT CCA ACT TTG CAA GTG AAA AAC ATG CAG CAT TTA CAG AAG TTC TTA GAG CCT TAT CAT AAT AGG ACT ACG TTT GTG GTT GTG CTG GAC GAG ATG GAC AGA CTA TTG CAT TCT AAC ACA AAT GAG ACA GAA TCG GTA AGG ACT ATT CTT GAA TTG TTC CTT TTG GCG AAA TTG CCT ACC GTG AGT TTT GTG CTA ATT GGT ATG GCT AAT AGT CTA GAT ATG AAA GAT AGA TTT CTT TCC AGG TTA AAT TTG CAT AGA GGA TTA CTA CCG CAA ACT ATT GTA TTT CAG CCA TAC ACC GCT GAG CAA ATG TAT GAA ATC GTC ATA CAA AAA ATG AGC TGC CTA CCG --- --- ACT ATC ATC TTC CAA CCC ATG GCC ATC AAA TTC GCA GCA AAG AAG TGT GCT GGT AAT ACG GGT GAC CTC AGG AAA CTT TTC GAT GTC TTA AGA GGA AGC ATT GAG ATT TAT GAA TTA GAA AAC CGG TTC CTG CTT TCA CCA ACA AAA AAA TCA GTG AAT --- TCT GCG CAA GTT CCT TTG ACA CCA ATG ACT TCA CCG GTG AAA AAA TCG TGC CCC CAA CCA CAA GGT AAA ATA GGC TTG AAC TAT ATA GCC AAA GTC TTC TCG AAA TTC GTA AAT AAT AAC TCT ACG AGA ACA AGA ATA ACT AAA CTG AAC ATC CAA CAA AAA TTA ATC CTT TGT ACC GTA ATC CAA TCA CTG AAG --- --- --- CTG AAT CCC GAT GCT ACA ATC GAC GAA TCG TTT GAT CAT TAT ATC AAA GCG ATA ACC AAA ACG GAC ACT TTA GCA CCA TTG CAG AGA AAT GAA TTT TTG GAA ATT TGT ACA ATT TTA GAA ACT TGT GGG CTG GTT TCA ATC AAA AAG ACA AAA TGT AAA GGA AAG ACC AAA AGA TTT GTT GAT AAA ATT GAT GTC GAT CTC GAC ATG CGG GAA TTT TAC GAT GAG ATG TCC AAA ATA TCA ATT TTG AAA CCT TTC CTT CGC --- 
kudriavzevii                               --- --- --- --- ATG TCA GCT ATA CCC --- --- --- --- --- --- --- --- --- --- --- --- --- --- --- --- --- --- --- --- ATA ACT CCA ACT AAG CGT ATC CGC --- --- --- --- --- --- --- --- --- --- --- --- --- --- --- --- --- --- AGA AAT CTA TTT AGC GAT GCC CCA GCA ACA CCT CCA CGG CCT TTG AAA AGA AAG AAG TTG CAG TTC GCG GAC GTC ACG CCA GCA --- --- TCG TCT CCA GAA AAG CTA CAG TTT GGT CCG CAG TCG ATA TAC CTA AGG ACT AAG GCA CTT TTG CAG AAG TCA TCT GAG TTG GTC ACC TTG AAT AGT ACC GAC GGT GCA TTG CCA GCT AGG ACC ATA GAA CAC GAA CAG ATT ATG GAT TTT CTG GCG AAA TCC ATC TCT GAA CAC AAG TCC GAT TCA CTG TAC ATC ACG GGC CCG CCA GGC ACT GGC AAG ACT GCC CAA CTG GAT ATG ATT ATC AAG CAG AAG TTC CAG CCA CTG GCA CTT TCA TTA TCA ATG GCA AGA TTG AGC CAT CCG CAG AGA CAT ACG AAC CCG CAC CTG CAG AAC CTG TCT TGG TTT GAA CTG CCT GAT GGT AGG CTA GAA TCC GTG GCG GTA ACC AGC ATC AAC TGT ATA TCT TTA AGT GAG CCG TCT TCC ATT TTT CAG AAA ATT TTC GAT TCT TTC CAA GAG TTG AAT GCC CCC ACT GTA CAA ATA AAA AGC ATG CAG CAT TTA CAA AGG TTT CTG GAA ATT TAT CAC AAG AAG ACC ACA TTC GTG GTC GTG TTG GAT GAA ATG GAT AGG CTA TTG CAT GCC AAC ACA AAT GAG ACT CAG TCG GTT AAA ACC ATT CTC GAG CTG TTT CTT TTG GCG AAA TTG CCC ACC GTG AGC TTT GTG CTG GTA GGT ATG GCC AAT AGT TTG GAT ATG AAA GAC AGG TTT CTT TCC AGG CTA AAT CTG AAT AGG GAT TTG CTG CCA CGA ACT ATA GTT TTC CAG CCA TAC ACC GCC GAG CAA ATG TAT GAA ATC ATT TTA CAA AAA TTA GGC AGC CTA CCG --- --- ACT ATT ATA TTC CAG CCA ATG GCC ATC AAG TTT GCG GCA AAG AAA TGC GCC GGT AAC ACA GGT GAC TTG AGA AAG CTT TTT GAT GTC TTG AGA GGA AGT GTT GAG GTT TAC GAG TTG GAA AGC CGG ATG CTG CTT TCA CCG ACG AAC AAG TCC ATG GCA CAT GCT GCG AAA GTG CCC TTG ACA CCA ACG AAT TCG CCG GTA AAA CAA CCA TCG CCT CAG CCA CAA AGA AAG GTA GGC TTG AAC CAT ATA GCC AAA GTA TTC ACC AAA TTC ATG AAC AAT AAC TCC ACG AGA ACG AGA ATA ACC AAA CTG AAT ATC CAA CAA AAA TTA ATA CTT TGT ACC ATC ATC CAA TCT CTA AAG --- --- --- CTA AAT TCC GAT GCC ACA ATC GAC GAA TCC TTT GAT CAT TAC GTT AAA GCT ATA ACC AAA ACA GAC ACT CTG GCT CCA TTG CAA AGG AAC GAA TTT TTG GAA ATT TGC ACA ATT TTG GAA ACT TGT GGG CTG GTC TCA ATC AAA AAG ACA AAA TGC AAG GGG AAA ACT AAA AGA CTG GTT GAT AAG ATT AAT GTT GAT CTC GAC ATG CGG GAA TTC TAC GAT GAA ATG ACA AAA ATC TCA ATT TTG AAA CCT TTT CTC CAC --- 



Printing out site pattern counts


         7       1638  P

castellii                                   --- --- --- --- --- --- --- --- --- --- --- --- --- --- --- --- --- --- --- --- --- --- --- --- --- --- --- AAA AAA AAA AAA AAA AAA AAA AAA AAA AAA AAA AAA AAA AAA AAA AAA AAA AAA AAA AAA AAA AAA AAA AAC AAC AAC AAC AAC AAC AAG AAG AAG AAG AAG AAG AAG AAG AAG AAG AAG AAG AAG AAG AAG AAG AAG AAG AAG AAT AAT AAT AAT AAT AAT AAT AAT AAT AAT AAT AAT AAT AAT AAT AAT AAT AAT AAT AAT AAT AAT AAT ACA ACA ACA ACA ACA ACA ACA ACA ACA ACA ACA ACA ACA ACA ACA ACA ACC ACC ACC ACC ACC ACC ACG ACG ACG ACG ACG ACG ACG ACT ACT ACT ACT ACT ACT ACT ACT ACT AGA AGA AGA AGA AGA AGA AGA AGA AGA AGA AGA AGA AGC AGC AGG AGG AGG AGG AGG AGG AGG AGT AGT AGT AGT AGT AGT AGT AGT AGT ATA ATA ATA ATA ATA ATC ATC ATC ATC ATC ATC ATC ATG ATG ATG ATG ATG ATG ATG ATG ATT ATT ATT ATT ATT ATT ATT ATT ATT ATT ATT ATT ATT ATT ATT ATT ATT ATT ATT ATT CAA CAA CAA CAA CAA CAA CAA CAA CAA CAA CAA CAA CAA CAA CAA CAA CAA CAA CAC CAG CAG CAG CAT CAT CAT CAT CAT CAT CAT CAT CAT CAT CCA CCA CCA CCA CCA CCA CCA CCC CCC CCC CCC CCC CCG CCT CCT CCT CCT CCT CCT CCT CCT CCT CCT CCT CCT CCT CGA CGA CGT CGT CGT CGT CGT CGT CTA CTA CTA CTA CTA CTA CTA CTA CTC CTC CTC CTC CTG CTG CTG CTG CTT CTT CTT CTT CTT CTT CTT CTT CTT CTT CTT CTT GAA GAA GAA GAA GAA GAA GAA GAA GAA GAA GAA GAA GAA GAA GAA GAA GAA GAA GAA GAA GAA GAC GAC GAC GAC GAC GAC GAC GAC GAC GAG GAG GAG GAG GAG GAG GAT GAT GAT GAT GAT GAT GAT GAT GAT GAT GAT GAT GAT GAT GAT GAT GAT GAT GAT GAT GAT GCA GCA GCA GCA GCA GCA GCA GCA GCA GCC GCT GCT GCT GCT GCT GCT GCT GCT GCT GGA GGA GGA GGA GGC GGG GGG GGT GGT GGT GGT GGT GGT GGT GGT GTA GTA GTA GTA GTA GTA GTA GTA GTA GTA GTC GTC GTC GTC GTC GTG GTG GTG GTG GTG GTG GTG GTG GTT GTT GTT GTT GTT GTT TAC TAC TAC TAT TAT TAT TAT TAT TAT TAT TAT TCA TCA TCA TCA TCA TCA TCA TCA TCA TCA TCA TCA TCA TCA TCA TCA TCC TCC TCC TCC TCC TCC TCC TCC TCC TCG TCG TCG TCG TCG TCG TCG TCT TCT TCT TCT TCT TCT TCT TCT TCT TCT TCT TCT TCT TCT TCT TGC TGC TGT TGT TGT TGT TGT TGT TGT TGT TTA TTA TTA TTA TTA TTA TTA TTA TTA TTA TTA TTA TTA TTA TTA TTA TTA TTA TTA TTA TTC TTC TTC TTC TTC TTC TTC TTC TTC TTC TTC TTG TTG TTG TTG TTG TTG TTG TTG TTG TTG TTG TTG TTG TTG TTT TTT TTT TTT TTT TTT TTT TTT TTT TTT TTT TTT TTT
bayanus                                     --- AAA AAC AAC AAC AAT AAT ACA ACG AGG ATG ATG ATG CAA CCA CCA CGG CTA CTC GCA TCA TCC TCG TCG TCG TTG TTG AAA AAA AAA AAA AAG AAG AAG AAG AAG AAG ACT AGA CAA CAA CAC CAT CCA CCC CCG CGG GAT GAT GTA --- AAC AAC AAT AGC TCA --- AAA AAA AAA AAA AAG AAG ACT AGA AGA AGA AGA AGG ATT CGC CTG GAC GGC TCC --- AAC AAC AAC AAG AAT AAT AAT AAT ACA ACC AGC AGT CAA CAG CGC GAC GAT GAT GTA TCA TCC TTG --- --- --- AAA AAC ACA ACA ACC ACC ACG ACG ACT CAA GCA GTT TCT AAA ACA ACC ACG CAA TCT --- --- --- AAG ACA ACT CCA --- AAA ACG ACT AGA CGG GAT GCC TCT --- --- AAA AAG AAT AGA AGA AGA AGA ATG CCT TCG CCT GAG --- AAA AAA AAG ACA ACT AGG --- AGT AGT CAC GCA GGA TCG TCG TCT --- --- ATG ATG CTT ATA ATA ATC ATT ATT ATT TTG --- AAG ATG ATG ATT ATT GCC TTG --- AAT ATA ATA ATC ATC ATG ATT ATT ATT ATT ATT CAA GTG GTG GTT TTA TTA TTA TTG --- AAA AAC AAG ACC AGA AGA ATA CAA CAA CAG CAG CAG CTA CTG GAA GAA GAA CAC CAA GAA GAG AAG AGA CAA CAA CAG CCA GAC TAC TCC TTG --- CCA CCA CCA CCA CCA CCC --- --- AAC CCA CCC CTC --- --- --- ACA ACT CAA CAC CCA CCA CCA CCG CCG TCA AAA GGT AAA AGA AGA AGG AGG CAT ACG ATC ATT CTA CTT GTA TTG TTG --- CTA GTG TTG --- ATC CTG TTG --- ATC ATC CAC CAG CCA CTA CTG GAT GTG TTA TTG --- AAG AAG AAT ACA AGA CTA CTG CTG GAA GAA GAA GAA GAG GAG GAG GAG GAT GAT GCC TTG ACG ATG CAA CCA GAA GAC GAT GGC TTG --- CAA CAG GAA GAG GAG --- --- --- AGA AGC CAA GAA GAC GAC GAC GAG GAT GAT GAT GAT GAT GAT GAT TAC TCA TCT --- CCA CTA GCA GCC GCC GCT GTG TCG TCA AAA ATT CAG GCA GCA GCT GTC TCC TCT AGG GGC GGT GGT GGT GAG GGC ACG GGA GGC GGC GGT GGT GGT GGT ATC ATT ATT CTG CTT GTC GTG GTG GTG TCA --- ATC CCA GGC GTC ATA ATC ATT CTG CTG GTA GTT TTG --- CAA CCT GTC TAC TTA CCT TAC TTT CAC GAT TAC TAT TAT TAT TGG TTC --- --- ACA ACC ACT AGA ATT CAC CCA CCT GCT TCC TCC TCG TCT TGT --- AAC ACA AGT ATG CTA GCG TCC TCG AAA AAC ACC GAA TCA TCA TCG AAC ACA ACA ACC ACC ACG ACT CAA GAG GCA GCA TCC TCT TCT TTC TGT TGT --- ATC CCA GCT GCT TGC TGC TGT AGT ATC ATG CAA CCA CTA CTG CTG CTG CTG CTT CTT GTT TTA TTG TTG TTG TTG TTT TTT AAA ATT TAC TTC TTC TTC TTC TTT TTT TTT TTT --- --- CTA CTA CTG CTG GTT TCA TTA TTA TTC TTG TTG TTG --- CTT TTC TTC TTC TTC TTC TTT TTT TTT TTT TTT TTT
mikatae                                     --- AAA AAC AAC ATC ACT AGT ACA ACA AAA ACA ACG ATG TTG CCA CCT CGG CTA TTT GCT TCA CCA TCA TCA TCA TTG TTG AAA AAA AAA AAG AAA AAA AAA AAG AAG AAG AAT AAG AAA CAA GTT CAG CCA CCT CCC CGA GAT GAT GTC --- AAC AAT AAT AGT TCA --- AAA AAG AAG AAT AAG AAG ACA AGA AGA AGA AGG AGA ATT CAG CTA GAC GGT TCC --- AAC AAC AAT AAA AAT AAT AAT AAT ACA GTA AGC AGT CAA CAA CGT GAT GAT GAT GTG GCT GCG TTG --- --- --- AGA AGC ACT ACT ACT ACT ACA ACA ACG AGG GCA GTC TCC AAA ACG ACG ACT CAG TCG --- --- --- AAG ACG ACA CAG --- AAG ACT ACA AGG CGG GAT GCC TCT --- --- AAG AAG AAT AGA AGA AGA AGA ATG GCA TCA CCT GAA --- AAA AAA AAA ACT ACC AGA --- AGC AGT CAA GCG GGA CAT TCA TCG --- --- ATA ATG CTT ATA ATA ATT ATA ATT ATT GTA --- AAG ATG ATG ATA ATC AAT CTA --- CAT ATA ATA ATC GTC ATG ATA ATC ATT ATT ATT CAA GTG GTG ATC ATA TTA TTG TTG --- AAG AAT AAA ACC AGA AGG ATA CAA CAA CAG CAG CAG TTA TTG GAA GAA GAA CAC CAA GAG GAA AAG AGG CAA CAG CAG CCA GAC TAT TCC TTA --- CCA CCA CCA CCA CCG CCC --- --- AAC CCG CCC CTC --- --- --- ACG ACT CAA CAC CCA CCT CCT CCG CCT TCT AAG AAA AAA AGA AGG AGA AGG CAT ACA ATA ATT CTA CTT GTC TTA TTG --- TTA GTG TTG --- ATC TTA TTA --- ATA ATT CAG CAG CTA CTG CTG GAT GTG TTA TTA --- AAG AGA AAT ACG AAG CTT CAG TTG GAA GAA GAA GAG GAG GAG GAG GAG GAA GAT GGC CTC GAT ATG CAT CCG GAA GAC GAA GAT CTC --- CAA CAG GAA GAA GAG --- --- --- AGA ACC CAG GAA GAC GAC GAT GAG GAC GAC GAC GAT GAT GAT GGA TAC TCA CCT --- TTG TTA GCA GCC GCG GCC GTT TCA TCA ATC ATT CAA GCG GCG GCT GTC TCT TCA AAA GGT GGG GGT GGT GGG GGT ACG GGA GGC GGG GGC GGT GGT GGT ATC ATC ATT CTG CTC GTT GTG GTG GTT TCC --- GTA CCA GGT GTC ATA ATC ATC CTG CTT GTT GTG CTA --- CAA CCT GTC TAT TTG GCC TAC TTT CAT GAT TAT TAC TAT TAT TGG TTC --- --- ACA ACG ACT AAA ATT CAT GCG CCT GCT GCC TCT TCG CCC TGT --- AAC ACA AGT ATG CTA GCG TCT TCG AAA AAC AGT GAA TCG TCT TCC AAT ACA GCG AAC ACC ACG ACC CAA GAA GCA GCT TCG TCT TCT TTC TGT TGT --- ATT CCA GCA GCT TGT TGT TGT AGC ATT ATC CAA CCT TTA CTA CTT TTG TTG CTT CTT GCG TTG CTG TTG TTG TTG TTT TTT AAA CTA TAT TTT TTT TTT TTT TTC TTC TTT TTT --- --- TTG TTG TTG TTG GCT TCT CTA TTG TTT TTA TTG TTG --- CTT TTC TTC TTC TTT TTT TTC TTT TTT TTT TTT TTT
kluyveri                                    --- --- --- --- --- GCT --- TCG GCT --- --- --- --- --- CGC CGC --- --- --- --- --- --- --- --- --- --- ATG AAG AAG AAT AAG AAG AAG AGG --- AAG GCC AAG AAG GCC AAG GAC GCA GTC CCA GCC CGC AAG AGA GAT --- AAC AAC AAC AGG AAC AGA AAG AAG AAG CGT AAG AAG AAG AAG CGG GCC AAG CCG AGA --- AGG CGC --- TCC TCC AAC AAC AAC GCC AAC AAC CAG GAC AAC AGC CAG AGC CAG CAG AAG CCG AAC ACA AAG TCC ACC CTG --- CAA GCC ACC ACC ACG AGC ACC ACC ACC CTC ACG GAG ACG ACC TCG AGA ACA ACC ACG GCC AAC --- AAG GAG CAA ACC ACG GTG ACC AAG ACG ACT CGG GCA AAC GCG TCT --- ATT AAG CGC AGG AAG AGA AGG CGG GAC TCC AGA AGG TCG --- AAG AGA AGA ACC TCA AGA CCT AGC AGC GAA GCC AGC GCC TCA GGC --- CTA GTA GTC GTC CTC GTG ATT ATC ATA ATC ATT --- CTC ATG ATG ATG ATG GCG CTG ATT AGC GTG GTG ATT GTG GTC ATC ATC AGC ATC ATT GCC ACC GTC ATT ATC GTG CTG ACC GAA --- CAG ACC CAG CAA CGC GTG CAA CAG CAG CAG CAG GAG ACG AAG GAA GAG CTT CAG GAG GAG CGA CAC CAC AGC GCA GAG CAA CAC GCC CCC ACA CCC CCG CCG CTC ACC CCT --- CCC GCG TCG CCG CTG --- GAA TTT CCC GAC ACC CCC CCG CCA CCG CCA CCA TCC AGA GGC AAG CGC CGC CGT CGT ACA ATC CTT ATC CTG CTG GTC CTG CTA TTG GTC GCG ACC CTG ATC CTG CTC --- CTG GTT GGC GTC CTG TTG CTT AGC CTG CTG CTT GAA AAG GAA GAC ACG AAG CTG AAC CCA GAG GAG GAG GAG CAG GAC GCC GCG CAG CAG GGG AGA CAC GAG GAC GAC GAG GAT GAC AAA CAG --- CAG CAG GAG GAG GAG --- GAC TGC GTT GAC CAG GAT AAT GAT GAC GAC GAC GAC GAC GAC GAC GAC GAC CAG GAG GAT --- GCC CTG GCC GCA GCG GCA GTG GCC GCG AAC GCG AAG GCC GCC GCA GTG TCC GCG CCA GGC GGC GGC GGC --- GGC GGC GGC TCG GGC GGT ACA GGC GGC GTG GTG ATA TAC CTG GTC ATC GTG GTT CAG TTC GTC CCC CCG GTG GTG ACC ATT GTG CTG GTC AGC CTG --- GCT TCA GTT GTC GTC --- TAC TAC TAC AGC TAC TAC TAC TAC TAC TAC --- ACG TCG AGC GCG AGC ACC AAG CGC TCG GCG TCA TCC TCC TCG TCA --- ACG GGC ACC CTG TCC GCG TCG AGC GCT TCC CAC ACG GCA TCT GCG GAG GCC CAC ACG GTC TCC TCG GCA GAC GCC TCG TCC GCG TCA AGC TGC TGT --- CCT GTG CAC GCG TGC TGC TGT ACG CTC CTG CAG CGC CTG TTG CTT CTG TTG CTG TTG CTT CTG CTG CTC CTG CTT ACC TTT GCG TTC CAC CTA CTG TTC TTT CTG TTT TTC TTT --- ATG ATG CTG CTG CTG AGA GCC CTG TTG TTC CTC CTG CTT AGC TTC CAC TTT TTT TTT TTT TTT CAC TTC TTC TTT TTT
cerevisiae                                  --- GGA AAG AGC AGA ACT AGC ACG ACT AAC ACA TTG ACG CTG CCA CCT CGG CTC CTT CCA TCG TCA CCA TCA TCC TTT TTG AAA AAG AAA AAA AAA AAG AAG AAA AAG AAG AAT AAA AAA CAG GAC CAA CCA CCT CCG CGA GAT GAT GTA --- AAT AAT AAT AGT TCA --- AAA AAA AAG AAA AAG AAG ACT AGA AGG AGA AGG AGA ATC CAC CTA GAC GGC TCT --- AAC AAC AAT AAG AAT AAT AGC AAT ACA GCG AGT GGA CAA CAA CGT GAT GAT GAT GTT GCC GCA TTG --- --- --- AAG AAC ACT ACT ACC ACT ACG ACG ACA CAG GCA GTT TCC AAA ACA ACG ACT CAG TCA --- --- --- AAG ACG ACG CTG --- AAA ACT ACT AGG CGA GAT GCA TCC --- --- AAG AAG GAC AGA AGA AGG AGA ATG TCA TCA CCT GAA --- AAA AAG AAA ACT ACA CGA --- AGT AGT CAG GCG GGA TAT TCC TCC --- --- ATA ATG CTC ATA ATC ATT ATT ATT ATT GTT --- AAG ATG GTG ATT ATC AAG TTA --- AAT ATA ATA ATC GTC ATG ATA ATC ATC ATT ATT CAA GTG GTG ATC ATA TTA ATG CTA --- AAG AAT AAA ACA AGA AAG ATA CAA CAG CAG CAG CAG CTG TTG GAA GAA GAA CAC CAG GAG GAA AAG AGA CAA CAA CAG CCG GAT TAC TCC TTG --- CCG CCG CCG CCA CCA CCA --- --- AAC CCA CCT TTG --- --- --- ACA ACA CAA CAT CCA CCA CCA CCG CCT TCC AAA CGC AAA AGA AGG AGG AGG CAT GCG ATA ATT CTA CTT GTC TTG TTG --- TTG GTG TTG --- ATC TTG TTG --- ATA ATT AAC CAG CCA CTG TTG GAT GTA TTA TTG --- AAA AGA AAT ACG AAG CTC CAG TTG GAA GAA GAG GAG GAG GAA GAA GAA GAG GAT GCT TTG AAT ATG CAT CCC GAA GAC GAT GAT CTG --- CAA CAA GAA GAA GAG --- --- --- AGG ACT CAG GAA GAT GAC GAT GAG GAC GAC GAT GAC GAT GAT GGG TAT TCA CCA --- TCG CTG GCA GCC GCC GCC GTT TCG TCG GCA ATT CAA GCA GCA GCT GTT TCT TCA AGA GGC GGG GGT GGT GAG GGC ACA GGG GGT GGC GGA GGC GGA GGT ATT ATC ATT CTA CTT GTT GTG GTG GTT TCT --- ATA CCA GGT GTC ATA ATC ATC CTG CTT GTT GTT CTG --- GAA CCT GTC TAT TTG CCA TAC TTT CAT GAT TAT TAC TAC TAT TGG TTT --- --- ACA AAC ACT AAA ATT CAT GTG CCC GCT GCT TCC TCA TCT TGT --- AAC ACC AGT ATG TTG GCG TCT TCG AAA AAT ACT GAA TCA TCA TCC AAT ACA ACG ACT ACC ACG ACC CAA GAG GCA GCT TCA TCC TCC TTC TGC TGT --- ATT CCA GCA GCT TGT TGT TGT AGT ATT ATC CAG CCT TTA TTA CTT TTG TTG CTT CTT GCG TTG CTA TTG TTA TTA TTT TTT AAA CTA TAT TTC TTT TTT TTT TTC TTC TTC TTT --- --- TTA TTA CTT TTG GCT TCT CTA TTA TTC CTA TTG TTG --- CTT TTC TTC TTT TTC TTT TTC TTC TTT TTT TTC TTT
paradoxus                                   --- AAA AAC AAC AAA ACT AGC ACA ATG AAT ACA GTG GTG CTG CCA CCT CGG TTG CTT GCA TCG TCA CCA TCA TCA TTC TTG AAA AAA AAA AAA AAA AAA AAA AAA AAA AAG AAT AAA AAA CAG GAG CAG CCA CCT CCG CGG GAT GAT GTG --- AAC AAT AAT AGT TCA --- AAA AAG AAG AAA AAG AGG ACG AGG AGA AGA AGA AGA ATC CGC CTA GAC GGT TCT --- AAC AAT AAT AAA AAT AAT AAT AAT ACA GCG AGC GGA CAA CAA CGT GAC GAT GAT GTT ACT GCC TTG --- --- --- AAA AAC ACT ACT ACC ACT ACG ACA ACA CAG GCA GTA TCG AAA ACG ACG ACT CAG TCA --- --- --- AAG ACG ACG CCG --- AAA ACT ACT AGG CGG GAT GCA TCT --- --- AAG AAG CAT AGA AGG AGA AGA ATG CCA TCA CCT GAA --- AAA AAG AAA ACT ACC AGG --- AGC AGT CAG GCG GGA TGC CCC TCC --- --- ATT ATG CTC ATA ATT ATT ATT ATT ATT GTT --- AAA ATG GTA ATA ATC AAG CTA --- AAT ATA ATT ATC GTC ATG ATA ATC ATT GTT ATT CAA GTG GTG ATT ATA TTA ATG TTA --- AAT AAT AAA ACC AGA AAG ATA CAA CAG CAA CAG CAG CTG TTG GAA GAA GAA CAC CAG GAG GAA AAG AGA CAA GAA CAG CCA GAT TAT TCC TTG --- CCC CCA CCG CCA CCA CCC --- --- AAC CCA CCT CTC --- --- --- ACG ACT CAA CAT CCA CCA CCA CCG CCT TCA AAA TGC AAA AGA AGA AGG AGG CAT GCG ATA ATT CTA CTT GTC TTG TTG --- TTA GTG CTA --- ATC TTA TTG --- GTA ATC AAC CAG CCA CTA TTG GAT GTG TTA TTG --- AAG AGA AAT ACG AAA CTC CAG TTG GAA GAG GAG GAG GAG GAA GAG GAA GAA GAT GCC TTG GAT ATG CAT CCG GAA GAC GAT GAT CTG --- CAA CAA GAA GAA GAA --- --- --- AGG ACT CAG GAA GAC GAC GAT GAG GAC GAC GAT GAC GAT GAT GGA TAC TCA CCC --- TCG TTG GCA GCC GCC GCC GTC TCG TCA GTA ATT CAA GCA GCT GCT GTG TCT TCG AGA GGT GGA GGT GGC GAG GGC ACA GGG GGA GGC GGC GGC GGT GGT ATC ATC ATT CTA CTT GTT GTG GTG GTT TCT --- GTG CCA GGT GTC ATA ATC ATT CTG CTT GTT GTA CTA --- CAA CCT GTC TAT TTG CCA TAC TTT CAT GAT TAT TAC TAC TAT TGG TTT --- --- ACA ACC ACT AGG ATA CAT ACA CCT GCT TCT TCC TCG TCT TGT --- AAC TCC ACT ATG CTG GCG TCT TCG AAA AAC ACC GAA TCG TCA TCC AAT ACA GCG ACC ACC ACA ACC CAA GAG GCA GCT TCG TCT TCC TTC TGT TGT --- ATC CCA GCT GCT TGT TGT TGT TGC ATT ATC CAA CCT TTA CTA CTT TTG CTG CTT CTT GCG TTG CTA TTG TTA TTG TTT TTT AAA CTG TAT TTC TTT TTT TTT TTC TTC TTC TTT --- --- TTA TTA CTC TTA GCT TCA TTA TTA TTC CTG TTG TTG --- CTT TTC TTC TTC TTC TTT TTC TTC TTT TTT TTC TTC
kudriavzevii                                CAT AAG AGC ACC AAC AAT AGT ACA ACG GCA ACG ATG ATG CTG CCA CCC CGG TTA CTT GCA TCA TCC CCG TCA TCA ATG TTG AAA AAA AAA AAG AAA AAA AAA AAA AAG AAG AAT AAG CAA CAA CAT CAG CCA CCT CCG CGG AAT GAT GTA --- AAC AAC AAT AGC TCA --- AAA AAA AAG AAG AAG AAA ACA AAA AGA AGA AGG CGC ATC CAC CTA AGC GCC TCT --- AAT AAC AAC AAA AAC AAT AAT AAT ACA GCG GGC AGT CAG CAA CGT GAT GAT GAG GTG ACC TCC TTG --- --- --- AAA AGC ACC ACT ACT ACT ACG ACA ACT CAG GCT GTT TCC AAA ACT ACA ACT CAG TCA --- --- --- AAG ACG ACA CAG --- AAA ACT ACT AAG CGG GAT GCT TCT --- --- AAA AAG AAT AGA AGG AGG AAG ATG CCG TCT CCT GAA --- AAA AAG AAA ACC ACC AGA --- AGT AGT CAG GCG GGA TCG TCC TCC --- --- ATA ATG CTC ATA GTA ATC ATC ATT ATT ATT --- AAG ATG ATG TTA ATC AGC CTG --- AAT GTA ATA ATC ATT ATG ATA ATC ATT ATT ATT CAA GTG GTG GTT ATA TTA TTA TTG --- AAG AAT AAA ACC AGG AGG ATC CAA CAG CAA CAA CAG CTA CTG GAA GAA GAA CAC CAA GAA GAA AAG AGA CAA CAG CAG CCG GAT CAT TCC GTA --- CCA CCG CCA CCA CCA CCC --- --- AAC CCA CCC CTT --- --- --- ACG ACT CAA CAC CCA CCA CCA CCG CCA CCA AAG AGA AAA AGG AGA AGG AGG CAT GCG ATA ATA CTA CTT GTC TTG CTG --- TTA GTG CTG --- ATC TTG TTG --- ATC ATA CAC CAG CCA CTG CTG GAT GTA TTG TTG --- AAG AGA AAT ACA AAG CTG CAG TTG GAA GAG GAA GAA GAA GAG GAA GAA GAG GAT GCC TTG GAT ATG CAT CCG GAA GAC GAT GAC TTG --- CGA CAA GAA GAA GAG --- --- --- AGG ACT CAG GAA GAC GAC GAT GAG GAC GAT GAT GAT GAC GAT GAT TAC TCA CCT --- CCA CTA GCA GCC GCC GCC GTT TCC TCT ATA ATT AAA GCG GCA GCC GTC TCT TCG AGA GGC GGG GGT GGC GAG GGC ACA GGG GGT GGT GGT GGC GGT GGT ATC ATA ATT CTA CTT GTC GTG GTG GTC GCT --- ATA CCA AGA GTA ATA GTT GTT CTG CTG GTT GTT CTA --- CAG CCT GTC TAC TTG CCC TAC TTT CAT GAC TAC TAC CAC TAT TGG TAC --- --- ACA ACC ACT AAG ATC CAT CCG CCT GCC GCC TCC TCA TCC TGC --- AAC ACA AGC ATG CTA GCG TCG TTG AAG AAC ACC GCA TCG TCA TCT AAC GCG ACG ACC ACC ACG ACC CAA GAG GCA GCC ACC TCT TCT TTC TGT TGC --- ATT GCA GCA GCC TGC TGT TGT AGC ATT ATC CAG ATT CTG CTG CTC TTG TTG CTT CTT GCT TTG TTG CTG TTG CTG CTG TTT AAA CTA TAT TTT TTT TTC TTC TTC TTC TTT TTT --- --- CTG CTA TTG TTG GCT TCG TTA TTG TTC CTG TTG TTG --- CTC TTC TTT TTT TTT TTT TTT TTC TTC TTT TTC TTT



    1    1    1    1    1    1    1    1    1    1    1    1    1    1    1
    1    1    1    1    1    1    1    1    1    1    1    1    1    1    1
    1    1    1    1    1    1    1    1    1    1    1    1    1    1    1
    1    1    1    1    1    1    1    1    1    1    1    1    2    1    1
    1    1    1    1    1    1    1    1    1    1    1    1    1    1    1
    1    1    1    1    1    1    1    1    1    1    1    1    1    1    1
    1    1    1    1    1    1    1    1    1    1    1    1    1    1    1
    1    2    1    1    1    1    1    1    1    1    1    1    1    1    1
    1    1    1    1    1    1    1    1    1    1    1    1    1    1    1
    1    1    1    1    1    1    1    1    1    1    1    1    1    1    1
    1    1    1    1    1    1    1    1    1    1    1    1    1    1    1
    1    1    1    1    1    1    1    1    1    1    1    1    1    1    1
    6    1    1    1    1    1    1    1    1    1    1    1    1    1    2
    1    1    1    1    1    1    1    1    1    1    1    1    1    1    1
    1    1    1    1    1    1    1    1    1    1    1    1    1    1    1
    1    1    1    1    1    1    1    1    1    1    1    1    1    1    1
    1    1    1    1    1    1    1    1    1    1    1    1    1    1    1
    1    1    1    1    1    1    1    1    1    1    1    1    1    1    1
    1    1    1    1    1    1    1    1    1    1    1    1    1    1    1
    1    1    1    1    1    1    1    1    1    1    1    1    1    1    1
    1    1    1    1    1    1    1    1    1    1    1    1    1    1    1
    1    1    1    1    1    1    1    1    1    1    1    1    1    1    1
    1    1    1    1    1    1    4    1    2    1    1    1    1    1    1
    1    1    1    1    1    1    1    2    1    1    1    1    1    1    1
    1    1    1    1    1    1    1    1    1    1    1    1    1    1    1
    1    1    1    1    1    1    1    1    1    1    1    1    1    1    1
    1    1    1    1    1    1    1    1    1    1    1    1    1    1    1
    1    1    1    1    1    1    1    1    1    2    1    1    1    1    1
    1    1    1    1    1    1    1    1    1    1    1    3    1    1    1
    1    1    1    1    1    1    1    1    1    1    1    1    1    1    1
    1    1    1    1    1    1    1    1    1    1    1    1    1    1    1
    1    1    1    1    1    1    1    1    1    1    1    1    1    1    1
    1    1    1    1    1    1    1    1    1    1    1    1    1    1    1
    1    1    1    2    1    1    1    1    1    1    1    1    1    1    1
    1    1    1    1    1    1    1    1    2    1    1    1    1    1    1
    1    1    1    1    1    1    1    1    1    1    1    1    1    1    1
    1    1    1    1    1    1

CODONML (in paml version 4.4b, July 2010)  torun.nuc
Model: One dN/dS ratio for branches Global clock 
Codon frequency model: F3x4
ns =   7  ls = 564

Codon usage in sequences
--------------------------------------------------------------------------------------------------------------
Phe TTT 13 14 19 13 15 12 | Ser TCT 15  9  9  2  6  8 | Tyr TAT  8  3  6  0  6  5 | Cys TGT  8  4  6  2  5  6
    TTC 12 12  8  8 12 15 |     TCC  9  9  5 12 11  6 |     TAC  3  6  3 10  4  4 |     TGC  2  2  0  5  1  3
Leu TTA 21  8 12  0 10 12 |     TCA 18 10 11  6 12 11 | *** TAA  0  0  0  0  0  0 | *** TGA  0  0  0  0  0  0
    TTG 14 22 25  6 25 20 |     TCG  7 10  6 11  5  9 |     TAG  0  0  0  0  0  0 | Trp TGG  0  1  1  0  1  1
--------------------------------------------------------------------------------------------------------------
Leu CTT 12  7  9  8 10  9 | Pro CCT 13  5 10  3  7  8 | His CAT 10  2  6  0  5  6 | Arg CGT  6  0  1  3  1  1
    CTC  4  2  4  8  3  4 |     CCC  5  3  4  6  2  4 |     CAC  1  7  2 10  2  1 |     CGC  0  2  0 10  1  1
    CTA  8 11 10  3  8  9 |     CCA  7 21 11  6 16 16 | Gln CAA 18 19 15  5 12 13 |     CGA  2  0  1  1  3  0
    CTG  4 15  5 34  8  8 |     CCG  1  3  4  8  6  5 |     CAG  3  8 14 21 14 13 |     CGG  0  3  2  3  1  3
--------------------------------------------------------------------------------------------------------------
Ile ATT 21 19 14  8 15 15 | Thr ACT  9  9 11  1 15 14 | Asn AAT 23 10 14  2 14 15 | Ser AGT  9  5  6  0  6  2
    ATC  7 12 13 11 13 12 |     ACC  6 10  5 22  4  8 |     AAC  6 14  9 15  8  9 |     AGC  2  3  4 17  3  3
    ATA  5  6 13  2 11  9 |     ACA 17 13 13  5 11 10 | Lys AAA 23 22 23  1 22 29 | Arg AGA 12 18 15 12 12 13
Met ATG 13 17 13 12 12 13 |     ACG  7  9 10 13 10  8 |     AAG 20 17 19 32 21 12 |     AGG  7  6  7  6  8  9
--------------------------------------------------------------------------------------------------------------
Val GTT  7  5  5  4  9  6 | Ala GCT  9  5  7  4  7  7 | Asp GAT 26 18 16  5 18 17 | Gly GGT  8  8  9  1  5  6
    GTC  5  4  7 14  4  5 |     GCC  1  5  5 20  4  5 |     GAC  9  7  8 22  8  8 |     GGC  1  7  3 14  5  5
    GTA 10  4  3  1  2  5 |     GCA  9  8  5  8  9  6 | Glu GAA 21 12 16  6 16 16 |     GGA  4  2  3  0  5  5
    GTG  8  8  8 16  7 11 |     GCG  0  1  9 16  5  6 |     GAG  6 11  8 18  9 10 |     GGG  2  0  3  1  3  1
--------------------------------------------------------------------------------------------------------------

--------------------------------------------------
Phe TTT 14 | Ser TCT  8 | Tyr TAT  2 | Cys TGT  3
    TTC 10 |     TCC  9 |     TAC  6 |     TGC  3
Leu TTA  6 |     TCA  8 | *** TAA  0 | *** TGA  0
    TTG 23 |     TCG  5 |     TAG  0 | Trp TGG  1
--------------------------------------------------
Leu CTT  7 | Pro CCT  5 | His CAT  7 | Arg CGT  1
    CTC  3 |     CCC  4 |     CAC  5 |     CGC  1
    CTA  9 |     CCA 15 | Gln CAA 12 |     CGA  1
    CTG 17 |     CCG  8 |     CAG 15 |     CGG  3
--------------------------------------------------
Ile ATT 12 | Thr ACT 12 | Asn AAT 12 | Ser AGT  4
    ATC 13 |     ACC 12 |     AAC 10 |     AGC  7
    ATA 12 |     ACA 10 | Lys AAA 23 | Arg AGA 10
Met ATG 15 |     ACG  7 |     AAG 21 |     AGG  9
--------------------------------------------------
Val GTT  7 | Ala GCT  5 | Asp GAT 16 | Gly GGT  6
    GTC  5 |     GCC 10 |     GAC  7 |     GGC  5
    GTA  6 |     GCA  8 | Glu GAA 16 |     GGA  1
    GTG  6 |     GCG  6 |     GAG  8 |     GGG  2
--------------------------------------------------

Codon position x base (3x4) table for each sequence.

#1: castellii      
position  1:    T:0.24209    C:0.17505    A:0.34823    G:0.23464
position  2:    T:0.30540    C:0.24767    A:0.32961    G:0.11732
position  3:    T:0.36685    C:0.13594    A:0.32588    G:0.17132
Average         T:0.30478    C:0.18622    A:0.33457    G:0.17443

#2: bayanus        
position  1:    T:0.21442    C:0.21053    A:0.37037    G:0.20468
position  2:    T:0.32359    C:0.25341    A:0.30409    G:0.11891
position  3:    T:0.23977    C:0.20468    A:0.30019    G:0.25536
Average         T:0.25926    C:0.22287    A:0.32489    G:0.19298

#3: mikatae        
position  1:    T:0.21637    C:0.19103    A:0.36842    G:0.22417
position  2:    T:0.32749    C:0.24366    A:0.30994    G:0.11891
position  3:    T:0.28850    C:0.15595    A:0.29435    G:0.26121
Average         T:0.27745    C:0.19688    A:0.32424    G:0.20143

#4: kluyveri       
position  1:    T:0.14620    C:0.25146    A:0.30994    G:0.29240
position  2:    T:0.28850    C:0.27875    A:0.28655    G:0.14620
position  3:    T:0.10916    C:0.39766    A:0.10916    G:0.38402
Average         T:0.18129    C:0.30929    A:0.23522    G:0.27420

#5: cerevisiae     
position  1:    T:0.22027    C:0.19298    A:0.36062    G:0.22612
position  2:    T:0.31969    C:0.25341    A:0.30994    G:0.11696
position  3:    T:0.28070    C:0.16569    A:0.29045    G:0.26316
Average         T:0.27355    C:0.20403    A:0.32034    G:0.20208

#6: paradoxus      
position  1:    T:0.21832    C:0.19688    A:0.35283    G:0.23197
position  2:    T:0.32164    C:0.25536    A:0.30799    G:0.11501
position  3:    T:0.26706    C:0.18129    A:0.30019    G:0.25146
Average         T:0.26901    C:0.21118    A:0.32034    G:0.19948

#7: kudriavzevii   
position  1:    T:0.19066    C:0.21984    A:0.36770    G:0.22179
position  2:    T:0.32101    C:0.25681    A:0.31128    G:0.11089
position  3:    T:0.23541    C:0.21401    A:0.26654    G:0.28405
Average         T:0.24903    C:0.23022    A:0.31518    G:0.20558

Sums of codon usage counts
------------------------------------------------------------------------------
Phe F TTT     100 | Ser S TCT      57 | Tyr Y TAT      30 | Cys C TGT      34
      TTC      77 |       TCC      61 |       TAC      36 |       TGC      16
Leu L TTA      69 |       TCA      76 | *** * TAA       0 | *** * TGA       0
      TTG     135 |       TCG      53 |       TAG       0 | Trp W TGG       5
------------------------------------------------------------------------------
Leu L CTT      62 | Pro P CCT      51 | His H CAT      36 | Arg R CGT      13
      CTC      28 |       CCC      28 |       CAC      28 |       CGC      15
      CTA      58 |       CCA      92 | Gln Q CAA      94 |       CGA       8
      CTG      91 |       CCG      35 |       CAG      88 |       CGG      15
------------------------------------------------------------------------------
Ile I ATT     104 | Thr T ACT      71 | Asn N AAT      90 | Ser S AGT      32
      ATC      81 |       ACC      67 |       AAC      71 |       AGC      39
      ATA      58 |       ACA      79 | Lys K AAA     143 | Arg R AGA      92
Met M ATG      95 |       ACG      64 |       AAG     142 |       AGG      52
------------------------------------------------------------------------------
Val V GTT      43 | Ala A GCT      44 | Asp D GAT     116 | Gly G GGT      43
      GTC      44 |       GCC      50 |       GAC      69 |       GGC      40
      GTA      31 |       GCA      53 | Glu E GAA     103 |       GGA      20
      GTG      64 |       GCG      43 |       GAG      70 |       GGG      12
------------------------------------------------------------------------------

(Ambiguity data are not used in the counts.)


Codon position x base (3x4) table, overall

position  1:    T:0.20713    C:0.20520    A:0.35398    G:0.23368
position  2:    T:0.31527    C:0.25553    A:0.30863    G:0.12058
position  3:    T:0.25608    C:0.20741    A:0.26991    G:0.26659
Average         T:0.25949    C:0.22271    A:0.31084    G:0.20695

Codon frequencies under model, for use in evolver (TTT TTC TTA TTG ... GGG):
  0.01743859  0.01412413  0.01838019  0.01815421
  0.01413443  0.01144798  0.01489763  0.01471446
  0.01707146  0.01382678  0.00000000  0.00000000
  0.00666949  0.00540186  0.00000000  0.00694319
  0.01727561  0.01399212  0.01820842  0.01798454
  0.01400234  0.01134098  0.01475840  0.01457695
  0.01691191  0.01369755  0.01782508  0.01760592
  0.00660716  0.00535137  0.00696392  0.00687830
  0.02980159  0.02413736  0.03141075  0.03102455
  0.02415497  0.01956396  0.02545924  0.02514621
  0.02917419  0.02362920  0.03074947  0.03037140
  0.01139780  0.00923148  0.01201323  0.01186553
  0.01967371  0.01593443  0.02073600  0.02048105
  0.01594606  0.01291527  0.01680707  0.01660043
  0.01925952  0.01559897  0.02029945  0.02004987
  0.00752433  0.00609422  0.00793061  0.00783310



Nei & Gojobori 1986. dN/dS (dN, dS)
(Pairwise deletion)
(Note: This matrix is not used in later ML. analysis.
Use runmode = -2 for ML pairwise comparison.)

castellii           
bayanus             -1.0000 (0.4971 -1.0000)
mikatae             -1.0000 (0.4992 -1.0000) 0.0462 (0.0685 1.4846)
kluyveri            -1.0000 (0.4451 -1.0000)-1.0000 (0.4874 -1.0000)-1.0000 (0.4946 -1.0000)
cerevisiae          -1.0000 (0.4926 -1.0000) 0.0331 (0.0650 1.9652) 0.0601 (0.0530 0.8807)-1.0000 (0.4937 -1.0000)
paradoxus           -1.0000 (0.4827 -1.0000) 0.0474 (0.0651 1.3735) 0.0812 (0.0557 0.6866)-1.0000 (0.5004 -1.0000) 0.0739 (0.0357 0.4831)
kudriavzevii        -1.0000 (0.4827 -1.0000) 0.0565 (0.0683 1.2097) 0.0741 (0.0730 0.9853)-1.0000 (0.4779 -1.0000) 0.0651 (0.0739 1.1354) 0.0832 (0.0767 0.9226)


TREE #  1:  ((((((5, 6), 3), 7), 2), 1), 4);   MP score: -1
lnL(ntime:  6  np:  8):  -8127.347508      +0.000000
   8..9     9..10   10..11   11..12   12..13   13..5    13..6    12..3    11..7    10..2     9..1     8..4  
 3.623828 3.623824 0.497946 0.425148 0.317392 0.198919 2.329377 0.071135
SEs for parameters:
 0.304759 0.305863 0.026814 0.022719 0.019179 0.015825 0.164214 0.005746

tree length =  12.31089

((((((5: 0.198919, 6: 0.198919): 0.118473, 3: 0.317392): 0.107756, 7: 0.425148): 0.072798, 2: 0.497946): 3.125878, 1: 3.623824): 0.000004, 4: 3.623828);

((((((cerevisiae: 0.198919, paradoxus: 0.198919): 0.118473, mikatae: 0.317392): 0.107756, kudriavzevii: 0.425148): 0.072798, bayanus: 0.497946): 3.125878, castellii: 3.623824): 0.000004, kluyveri: 3.623828);

Detailed output identifying parameters

kappa (ts/tv) =  2.32938

omega (dN/dS) =  0.07114

dN & dS for each branch

 branch          t       N       S   dN/dS      dN      dS  N*dN  S*dS

   8..9      0.000  1228.9   463.1  0.0711  0.0000  0.0000   0.0   0.0
   9..10     3.126  1228.9   463.1  0.0711  0.2278  3.2024 280.0 1483.0
  10..11     0.073  1228.9   463.1  0.0711  0.0053  0.0746   6.5  34.5
  11..12     0.108  1228.9   463.1  0.0711  0.0079  0.1104   9.7  51.1
  12..13     0.118  1228.9   463.1  0.0711  0.0086  0.1214  10.6  56.2
  13..5      0.199  1228.9   463.1  0.0711  0.0145  0.2038  17.8  94.4
  13..6      0.199  1228.9   463.1  0.0711  0.0145  0.2038  17.8  94.4
  12..3      0.317  1228.9   463.1  0.0711  0.0231  0.3252  28.4 150.6
  11..7      0.425  1228.9   463.1  0.0711  0.0310  0.4356  38.1 201.7
  10..2      0.498  1228.9   463.1  0.0711  0.0363  0.5101  44.6 236.2
   9..1      3.624  1228.9   463.1  0.0711  0.2641  3.7126 324.5 1719.3
   8..4      3.624  1228.9   463.1  0.0711  0.2641  3.7126 324.5 1719.3

tree length for dN:       0.8972
tree length for dS:      12.6124


Time used:  0:13
