
seed used = 1418762469
      4    996

mikatae                                    ATG GTT AGA GTT GCT ATT AAC GGT TTC GGT AGA ATC GGT AGA TTG GTT ATG AGA ATT GCT TTG CAA AGA AAG AAC GTC GAA GTT GTT GCT TTG AAC GAT CCT TTC ATC TCC AAC GAC TAC TCT GCT TAC ATG TTC AAG TAC GAC TCT ACT CAC GGT AGA TAC GCT GGT GAA GTT TCC CAC GAT GAC AAG CAC ATC ATC GTC GAT GGT CAC AAG ATC GCC ACT TTC CAA GAA AGA GAC CCA GCT AAC TTG CCA TGG GGT TCT CTA AAG ATT GAC ATC GCC ATT GAC TCC ACT GGT GTT TTC AAG GAA TTG GAC ACT GCT CAA AAG CAC ATT GAC GCT GGT GCC AAG AAG GTT GTC ATC ACT GCT CCA TCT TCC ACC GCC CCA ATG TTC GTC ATG GGT GTC AAC GAA GAA AAG TAC ACT TCC GAC TTG AAG ATC GTT TCC AAC GCT TCT TGT ACC ACC AAC TGT TTG GCT CCA TTG GCC AAG GTT ATC AAC GAT GCT TTC GGT ATT GAA GAA GGT TTG ATG ACC ACT GTC CAC TCC ATG ACC GCT ACC CAA AAG ACT GTT GAC GGT CCA TCC CAC AAG GAC TGG AGA GGT GGT AGA ACC GCT TCT GGT AAC ATC ATC CCA TCC TCC ACT GGT GCC GCT AAG GCT GTC GGT AAG GTC TTG CCA GAA TTG CAA GGT AAG TTG ACC GGT ATG GCT TTC AGA GTC CCA ACC GTC GAT GTC TCC GTT GTT GAC TTG ACT GTC AAG TTG AAC AAG GAA ACC ACC TAC GAT GAA ATC AAG AAG GTT GTC AAG GCT GCC GCT GAA GGT AAG TTG AAG GGT GTC TTG GGT TAC ACT GAA GAC GCT GTT GTC TCC TCT GAC TTC TTG GGT GAC TCT AAC TCT TCC ATC TTC GAT GCT GCC GCT GGT ATC CAA TTG TCT CCA AAG TTC GTC AAA TTG GTT TCC TGG TAC GAC AAC GAA TAC GGT TAC TCT ACC AGA GTT GTC GAC TTG GTT GAA CAC GTT GCC AAG GCT 
cerevisiae                                 ATG GTT AGA GTT GCT ATT AAC GGT TTC GGT AGA ATC GGT AGA TTG GTT ATG AGA ATT GCT TTG CAA AGA AAG AAC GTC GAA GTT GTT GCT TTG AAC GAT CCT TTC ATC TCT AAC GAC TAC TCC GCT TAC ATG TTC AAG TAC GAC TCT ACT CAC GGT AGA TAC GCT GGT GAA GTT TCC CAC GAT GAC AAG CAC ATC ATC GTT GAT GGT CAC AAG ATC GCC ACT TTC CAA GAA AGA GAC CCA GCT AAC TTG CCA TGG GCT TCT CTA AAC ATT GAC ATC GCC ATT GAC TCC ACT GGT GTT TTC AAG GAA TTG GAC ACT GCT CAA AAG CAC ATT GAC GCT GGT GCC AAG AAG GTT GTC ATC ACT GCT CCA TCT TCC ACC GCC CCA ATG TTC GTC ATG GGT GTT AAC GAA GAA AAA TAC ACT TCT GAC TTG AAG ATT GTT TCC AAC GCT TCT TGT ACC ACC AAC TGT TTG GCT CCA TTG GCC AAG GTT ATC AAC GAT GCT TTC GGT ATT GAA GAA GGT TTG ATG ACC ACT GTT CAC TCC ATG ACC GCC ACC CAA AAG ACT GTT GAC GGT CCA TCC CAC AAG GAC TGG AGA GGT GGT AGA ACC GCT TCC GGT AAC ATC ATC CCA TCC TCT ACC GGT GCT GCT AAG GCT GTC GGT AAG GTC TTG CCA GAA TTG CAA GGT AAG TTG ACC GGT ATG GCT TTC AGA GTC CCA ACC GTC GAT GTT TCC GTT GTT GAC TTG ACT GTC AAG TTG AAC AAG GAA ACC ACC TAC GAT GAA ATC AAG AAG GTT GTC AAG GCT GCC GCT GAA GGT AAG TTG AAG GGT GTC TTG GGT TAC ACT GAA GAC GCT GTT GTC TCC TCT GAC TTC TTG GGT GAC TCT AAC TCT TCC ATC TTC GAT GCT GCC GCT GGT ATC CAA TTG TCT CCA AAG TTC GTC AAG TTG GTT TCC TGG TAC GAC AAC GAA TAC GGT TAC TCT ACC AGA GTT GTC GAC TTG GTT GAA CAC GTT GCC AAG GCT 
paradoxus                                  ATG GTT AGA GTT GCT ATT AAC GGT TTC GGT AGA ATC GGT AGA TTG GTT ATG AGA ATT GCT TTG CAA AGA AAG AAC GTC GAA GTT GTT GCT TTG AAC GAC CCA TTC ATC ACC AAC GAC TAC GCT GCT TAC ATG TTC AAG TAC GAC TCC ACT CAC GGT AGA TAC GCT GGT GAA GTT TCC CAC GAT GAC AAG CAC ATC ATT GTC GAT GGT AAG AAG ATT GCT ACT TAC CAA GAA AGA GAC CCA GCT AAC TTG CCA TGG GGT TCT CTA AAC ATT GAC ATC GCC ATT GAC TCC ACT GGT GTT TTC AAG GAA TTG GAC ACT GCT CAA AAG CAC ATT GAC GCT GGT GCC AAG AAG GTT GTC ATC ACT GCT CCA TCT TCC ACC GCC CCA ATG TTC GTC ATG GGT GTT AAC GAA GAA AAA TAC ACT TCT GAC TTG AAG ATT GTT TCC AAC GCT TCT TGT ACC ACC AAC TGT TTG GCT CCA TTG GCC AAG GTT ATC AAC GAT GCT TTC GGT ATT GAA GAA GGT TTG ATG ACC ACT GTC CAC TCC ATG ACC GCC ACC CAA AAG ACT GTT GAC GGT CCA TCC CAC AAG GAC TGG AGA GGT GGT AGA ACC GCT TCC GGT AAC ATC ATC CCA TCC TCC ACT GGT GCT GCT AAG GCT GTC GGT AAG GTC TTG CCA GAA TTG CAA GGT AAG TTG ACC GGT ATG GCT TTC AGA GTC CCA ACC GTC GAT GTC TCT GTT GTC GAC TTG ACT GTT AAG TTG AAC AAG GAA ACC ACC TAC GAT GAA ATC AAG AAG GTT GTT AAG GCT GCC GCT GAA GGT AAG TTA AAG GGT GTT TTG GGT TAC ACC GAA GAC GCT GTT GTC TCC TCT GAC TTC TTG GGT GAC TCT AAC TCT TCC ATC TTC GAC GCT GCC GCT GGT ATC CAA TTG TCT CCA AAG TTC GTC AAG TTG GTT TCC TGG TAC GAC AAC GAA TAC GGT TAC TCT ACC AGA GTT GTC GAC TTG GTT GAA CAC GTT GCC AAG GCT 
kudriavzevii                               ATG GTT AGA GTT GCT ATT AAC GGT TTC GGT AGA ATC GGT AGA TTG GTC ATG AGA ATT GCT TTG CAA AGA AAG AAC GTC GAA GTT GTT GCT TTG AAC GAT CCT TTC ATC ACC AAC GAC TAC GCT GCT TAC ATG TTC AAG TAC GAC TCC ACC CAC GGT AGA TAC GCT GGT GAA GTT TCC CAC GAT GAC AAG CAC ATC ATT GTC GAT GGT AAC AAG ATT GCT ACT TTC CAA GAA AGA GAC CCA GCT AAC TTG CCA TGG GGC TCT CTA AAG ATT GAC ATC GCC ATT GAC TCC ACT GGT GTT TTC AAG GAA TTG GAC ACT GCT CAA AAG CAC ATT GAT GCT GGT GCC AAG AAG GTT GTC ATC ACT GCT CCA TCT TCC ACC GCC CCA ATG TTC GTC ATG GGT GTT AAC GAA GAC AAA TAC ACT TCT GAC TTG AAG ATT GTT TCC AAC GCT TCT TGT ACC ACC AAC TGT TTG GCT CCA TTG GCC AAG GTT ATC AAC GAT GCT TTC GGT ATT GAA GAA GGT TTG ATG ACC ACT GTC CAC TCC ATG ACC GCC ACT CAA AAG ACT GTC GAT GGT CCA TCC CAC AAG GAC TGG AGA GGT GGT AGA ACC GCT TCC GGT AAC ATC ATC CCA TCC TCT ACT GGT GCT GCC AAG GCT GTC GGT AAG GTC TTG CCT GAA TTG CAA GGT AAG TTG ACC GGT ATG GCT TTC AGA GTC CCA ACC GTC GAT GTC TCC GTT GTC GAC TTG ACT GTC AAG TTG AAC AAG GAA ACC ACC TAC GAT GAA ATC AAG AAG GTT GTC AAG GCT GCC GCT GAT GGT AAG TTG AAG GGT GTC TTG GGT TAC ACT GAA GAC GCT GTT GTC TCC TCT GAC TTC TTG GGT GAC TCT AAC TCT TCC ATC TTC GAT GCT GCC GCT GGT ATC CAA TTG TCT CCA AAG TTC GTC AAG TTG GTC TCA TGG TAC GAT AAC GAA TAC GGT TAC TCT ACC AGA GTT GTC GAC TTG GTT GAA CAC GTT GCC AAG GCT 



Printing out site pattern counts


         4        195  P G
G 2        2     63

mikatae               ATG GTT AAA AAC AAG AAG AAG ACC ACC ACT ACT ACT ACT AGA ATC ATC ATC ATG ATT CAA CAC CAC CCA CCA CCT CTA GAA GAA GAA GAC GAC GAT GAT GCC GCC GCC GCT GCT GCT GGT GGT GTC GTC GTC GTC GTT GTT GTT TAC TCC TCC TCC TCC TCC TCC TCT TCT TCT TCT TGG TGT TTC TTC TTG TTG 
cerevisiae            ... ... ..G ... ..A ..C ... ... ... ..C ... ... ... ... ... ... ..T ... ... ... ... ... ... ... ... ... ... ... ... ... ... ... ... ... ... ..T ..C ... ... .C. ... ... ... ..T ..T ... ... ... ... ... ... ... ..T ..T ..T ..C ..C ... ... ... ... ... ... ... ... 
paradoxus             ... ... ..G ... ..A ..C ... ... ... ... ..C ... ... ... ... ..T ..T ... ... ... A.G ... ... ... ..A ... ... ... ... ... ... ..C ... ... ..T ..T ..C ... ... ... ... ... ..T ... ..T ..C ... ... ... ... ... ..T A.. ... ..T G.. ..C ..C ... ... ... .A. ... ..A ... 
kudriavzevii          ... ... ..G ... ..A ... ... ... ..T ... ... ..C ... ... ... ..T ..T ... ... ... A.. ... ... ..T ... ... ... ..C ..T ... ..T ... ... ... ..T ..T ..C ..C ... ..C ... ... ... ... ..T ..C ..C ... ... ..A ... ... A.. ..T ..T G.. ..C ..C ... ... ... ... ... ... ... 

    1    1    1   13    1    1   24   11    1    1    1    1    8   11   11
    2    1    7    6    6    1    7    9    1    1    1   13    1    1   14
    3    2    5    7    1    1    1    1   21    1   25   10    3    3    1
    1    3   14   10    1    9    1    1    1    1    1    1    1    8    3
    2    1   10    1   19

CODONML (in paml version 4.4b, July 2010)  torun.nuc
Model: One dN/dS ratio for branches Global clock  (2 genes: diff. rate & k&w)  
Codon frequency model: F3x4
ns =   4  ls = 332

Codon usage in sequences
--------------------------------------------------------------------------------------
Phe TTT  0  0  0  0 | Ser TCT 11 12 10 10 | Tyr TAT  0  0  0  0 | Cys TGT  2  2  2  2
    TTC 11 11 10 11 |     TCC 14 13 13 12 |     TAC 10 10 11 10 |     TGC  0  0  0  0
Leu TTA  0  0  1  0 |     TCA  0  0  0  1 | *** TAA  0  0  0  0 | *** TGA  0  0  0  0
    TTG 20 20 19 20 |     TCG  0  0  0  0 |     TAG  0  0  0  0 | Trp TGG  3  3  3  3
--------------------------------------------------------------------------------------
Leu CTT  0  0  0  0 | Pro CCT  1  1  0  2 | His CAT  0  0  0  0 | Arg CGT  0  0  0  0
    CTC  0  0  0  0 |     CCC  0  0  0  0 |     CAC  8  8  7  7 |     CGC  0  0  0  0
    CTA  1  1  1  1 |     CCA 10 10 11  9 | Gln CAA  6  6  6  6 |     CGA  0  0  0  0
    CTG  0  0  0  0 |     CCG  0  0  0  0 |     CAG  0  0  0  0 |     CGG  0  0  0  0
--------------------------------------------------------------------------------------
Ile ATT  6  7  9  9 | Thr ACT 11 10 10 11 | Asn AAT  0  0  0  0 | Ser AGT  0  0  0  0
    ATC 14 13 11 11 |     ACC 12 13 14 13 |     AAC 13 14 14 14 |     AGC  0  0  0  0
    ATA  0  0  0  0 |     ACA  0  0  0  0 | Lys AAA  1  1  1  1 | Arg AGA 11 11 11 11
Met ATG  8  8  8  8 |     ACG  0  0  0  0 |     AAG 26 25 26 26 |     AGG  0  0  0  0
--------------------------------------------------------------------------------------
Val GTT 19 23 22 16 | Ala GCT 23 24 25 24 | Asp GAT  7  7  5 11 | Gly GGT 26 25 26 25
    GTC 17 13 14 20 |     GCC  9  9  8  9 |     GAC 17 17 19 15 |     GGC  0  0  0  1
    GTA  0  0  0  0 |     GCA  0  0  0  0 | Glu GAA 15 15 15 13 |     GGA  0  0  0  0
    GTG  0  0  0  0 |     GCG  0  0  0  0 |     GAG  0  0  0  0 |     GGG  0  0  0  0
--------------------------------------------------------------------------------------

Codon position x base (3x4) table for each sequence.

#1: mikatae        
position  1:    T:0.21386    C:0.07831    A:0.30723    G:0.40060
position  2:    T:0.28916    C:0.27410    A:0.31024    G:0.12651
position  3:    T:0.31928    C:0.37651    A:0.13253    G:0.17169
Average         T:0.27410    C:0.24297    A:0.25000    G:0.23293

#2: cerevisiae     
position  1:    T:0.21386    C:0.07831    A:0.30723    G:0.40060
position  2:    T:0.28916    C:0.27711    A:0.31024    G:0.12349
position  3:    T:0.33434    C:0.36446    A:0.13253    G:0.16867
Average         T:0.27912    C:0.23996    A:0.25000    G:0.23092

#3: paradoxus      
position  1:    T:0.20783    C:0.07530    A:0.31325    G:0.40361
position  2:    T:0.28614    C:0.27410    A:0.31325    G:0.12651
position  3:    T:0.32831    C:0.36446    A:0.13855    G:0.16867
Average         T:0.27410    C:0.23795    A:0.25502    G:0.23293

#4: kudriavzevii   
position  1:    T:0.20783    C:0.07530    A:0.31325    G:0.40361
position  2:    T:0.28916    C:0.27410    A:0.31024    G:0.12651
position  3:    T:0.33133    C:0.37048    A:0.12651    G:0.17169
Average         T:0.27610    C:0.23996    A:0.25000    G:0.23394

Codon usage in genes
--------------------------------------------------------------
Phe TTT  0  0 | Ser TCT  0 43 | Tyr TAT  0  0 | Cys TGT  0  8
    TTC  0 43 |     TCC  0 52 |     TAC  0 41 |     TGC  0  0
Leu TTA  0  1 |     TCA  0  1 | *** TAA  0  0 | *** TGA  0  0
    TTG  0 79 |     TCG  0  0 |     TAG  0  0 | Trp TGG  0 12
--------------------------------------------------------------
Leu CTT  0  0 | Pro CCT  0  4 | His CAT  0  0 | Arg CGT  0  0
    CTC  0  0 |     CCC  0  0 |     CAC  0 30 |     CGC  0  0
    CTA  0  4 |     CCA  0 40 | Gln CAA  0 24 |     CGA  0  0
    CTG  0  0 |     CCG  0  0 |     CAG  0  0 |     CGG  0  0
--------------------------------------------------------------
Ile ATT  0 31 | Thr ACT  0 42 | Asn AAT  0  0 | Ser AGT  0  0
    ATC  0 49 |     ACC  0 52 |     AAC  0 55 |     AGC  0  0
    ATA  0  0 |     ACA  0  0 | Lys AAA  0  4 | Arg AGA  0 44
Met ATG  4 28 |     ACG  0  0 |     AAG  0 103 |     AGG  0  0
--------------------------------------------------------------
Val GTT  4 76 | Ala GCT  0 96 | Asp GAT  0 30 | Gly GGT  0 102
    GTC  0 64 |     GCC  0 35 |     GAC  0 68 |     GGC  0  1
    GTA  0  0 |     GCA  0  0 | Glu GAA  0 58 |     GGA  0  0
    GTG  0  0 |     GCG  0  0 |     GAG  0  0 |     GGG  0  0
--------------------------------------------------------------

Codon position x base (3x4) table for each gene.


Gene #1
position  1:    T:0.00000    C:0.00000    A:0.50000    G:0.50000
position  2:    T:1.00000    C:0.00000    A:0.00000    G:0.00000
position  3:    T:0.50000    C:0.00000    A:0.00000    G:0.50000
Average         T:0.50000    C:0.00000    A:0.16667    G:0.33333

Gene #2
position  1:    T:0.21212    C:0.07727    A:0.30909    G:0.40152
position  2:    T:0.28409    C:0.27652    A:0.31288    G:0.12652
position  3:    T:0.32727    C:0.37121    A:0.13333    G:0.16818
Average         T:0.27449    C:0.24167    A:0.25177    G:0.23207

Sums of codon usage counts
------------------------------------------------------------------------------
Phe F TTT       0 | Ser S TCT      43 | Tyr Y TAT       0 | Cys C TGT       8
      TTC      43 |       TCC      52 |       TAC      41 |       TGC       0
Leu L TTA       1 |       TCA       1 | *** * TAA       0 | *** * TGA       0
      TTG      79 |       TCG       0 |       TAG       0 | Trp W TGG      12
------------------------------------------------------------------------------
Leu L CTT       0 | Pro P CCT       4 | His H CAT       0 | Arg R CGT       0
      CTC       0 |       CCC       0 |       CAC      30 |       CGC       0
      CTA       4 |       CCA      40 | Gln Q CAA      24 |       CGA       0
      CTG       0 |       CCG       0 |       CAG       0 |       CGG       0
------------------------------------------------------------------------------
Ile I ATT      31 | Thr T ACT      42 | Asn N AAT       0 | Ser S AGT       0
      ATC      49 |       ACC      52 |       AAC      55 |       AGC       0
      ATA       0 |       ACA       0 | Lys K AAA       4 | Arg R AGA      44
Met M ATG      32 |       ACG       0 |       AAG     103 |       AGG       0
------------------------------------------------------------------------------
Val V GTT      80 | Ala A GCT      96 | Asp D GAT      30 | Gly G GGT     102
      GTC      64 |       GCC      35 |       GAC      68 |       GGC       1
      GTA       0 |       GCA       0 | Glu E GAA      58 |       GGA       0
      GTG       0 |       GCG       0 |       GAG       0 |       GGG       0
------------------------------------------------------------------------------


Codon position x base (3x4) table, overall

position  1:    T:0.21084    C:0.07681    A:0.31024    G:0.40211
position  2:    T:0.28840    C:0.27485    A:0.31099    G:0.12575
position  3:    T:0.32831    C:0.36898    A:0.13253    G:0.17018
Average         T:0.27585    C:0.24021    A:0.25126    G:0.23268


Nei & Gojobori 1986. dN/dS (dN, dS)
(Note: This matrix is not used in later ML. analysis.
Use runmode = -2 for ML pairwise comparison.)

mikatae             
cerevisiae           0.0396 (0.0026 0.0666)
paradoxus            0.0795 (0.0079 0.0997) 0.0836 (0.0079 0.0949)
kudriavzevii         0.0553 (0.0066 0.1195) 0.0885 (0.0093 0.1047) 0.0662 (0.0066 0.0997)


TREE #  1:  (((2, 3), 1), 4);   MP score: 56
check convergence..
lnL(ntime:  3  np:  8):  -1584.571091      +0.000000
   5..6     6..7     7..2     7..3     6..1     5..4  
 0.002204 0.001773 0.001654 25.293446 999.000000 0.000100 2.182272 0.084139
SEs for parameters:
 104.566513 84.118242 78.477121 1200225.716372 1073802392182.351440 182.925417 1.308211 0.052646
Note: Branch length is defined for the first gene (site partition).
For other genes, look at "rates for genes".

tree length =   0.00783 (1st gene)

(((2: 0.001654, 3: 0.001654): 0.000119, 1: 0.001773): 0.000431, 4: 0.002204);

(((cerevisiae: 0.001654, paradoxus: 0.001654): 0.000119, mikatae: 0.001773): 0.000431, kudriavzevii: 0.002204);

Detailed output identifying parameters

rates for 2 genes:     1 25.29345

gene # 1: kappa = 999.00000 omega =   0.00010
gene # 2: kappa =   2.18227 omega =   0.08414

Time used:  0:17
