
seed used = 1418809173
      6    333

castellii                                  ATG TCA CAA CAG ATA AAA ACA CCA --- --- --- --- --- --- --- --- CAG CAA CAA CAA --- --- CTC TCG ATT AAG ATA AAA AGT TTG AAG TTG AAA AGG ATT AAT GAG CTT AAC AAT AAC TTG AAA CAG GAA CTT AGT CGA GAA AGA ATA ACC GCT TCT AAT GCA TGC CTC ACA ATA ATA AAT TAT ACC CAA ACT GTA AAG GAT TAC GCC CTG CCT GAA ATA TGG GGG TAC CCT CAA CCT AAT TCA AAC CAT TTC AGA ACA AAT TTG AAT AGA TCC ATA CAG AGA AGC GGA ACA TAC ACG GCG GAT TCT GCA GGT TGC TGT GCT ATA ATG 
mikatae                                    ATG TCT GTA CTT CAA GAT TCA CCA CGG CTG CAA AAA CCT CAG GAG CAA CAG CAG CAG CAG --- --- CTT TCG CTG AAG ATA AAA CAA TTG AAG TTA AAA AGA ATC AAT GAA CTA AAT AAT AAA TTG AGA AAA GAA CTC AGT CGT GAA AGA ATT ACC GCA TCG AAC GCT TGT CTT ACG ATA ATA AAC TAT ACC TCG AAT ACA AAA GAC TAC GCT TTG CCA GAA CTA TGG GGC TAT CCC ACG ACA GGA TCA AAC CAT TTC AGA GAG GGT TTA AAA AAT --- CAA AAA AAT AGT CAG ATG TCA CAT TCA AAT AAT GTT --- TGC TGT ACG ATT ATG 
kluyveri                                   ATG TCT TCA GAA GAG CAG CAA CCT --- --- --- --- --- --- --- --- CAA TCA CAA AAG --- --- TTG TCT TTA AGA ATC CAG TAT TTG AAA CTA AAA AGA ATC GAT GAA CTA AAT AAC AAG CTG AAA CAG GAG CTA GGA CGT GAT CGT ATC ACT GCA TCC AAC GCA TGT TTG AGT ATT ATT GAT TAT GCA ACA ACA CAC AGA GAT TAC GCG TTA GCA GAG ATT TGG GGT TAT CCA CCA CCA GGT TCA AAC CCA TTT AGA GAA AAT ATG AAC AAA AAT TTA CGA AGG GGT GGC AGC GTG CAA GAT ACC AAC AAC --- TGC TGT GCA ATT ATG 
cerevisiae                                 ATG ACA TCA GTT CAA AAC TCT CCA CGC TTA CAA CAA CCT CAG GAA CAG CAA CAG CAA CAG CAA CAG CTT TCC TTA AAG ATA AAA CAA TTG AAG TTA AAA AGA ATC AAC GAA CTT AAC AAT AAA CTG AGG AAA GAA CTC AGC CGT GAA AGA ATT ACT GCT TCA AAT GCA TGT CTT ACA ATA ATA AAC TAT ACC TCG AAT ACA AAA GAT TAT ACA TTA CCA GAA CTA TGG GGC TAC CCC GTA GCA GGA TCA AAT CAT TTT ATA GAG GGT TTG AAA AAT GCT CAA AAA AAT AGC CAA ATG TCA AAC TCA AAT AGT GTT --- TGT TGT ACG CTT ATG 
paradoxus                                  ATG TCA TCA GCT CAA AAC TCT CCA CGC TTA CAA GAG TCT CAG GAA CAG CAG CAA CAA CAG --- --- CTT TCC TTG AAG ATA AAA CAG TTG AAG TTG AGA AGA ATC AAC GAA CTA AAC AAT AAA TTG AGA AAA GAA CTC AGC CGT GAA AGA ATT ACT GCC TCA AAC GCA TGT CTT ACG ATA ATA AAC TAT ACC TCA AAT ACA AAA GAT TAT ACT TTA CCA GAA CTA TGG GGC TAC CCT ACA GCA GGA TCA AAT CAT TTT ATA GAG GGT TTA AAA AAT GCT CAA AAA AAT AGT CAA ATG TCA AGT TCA AAT ACT GCT --- TGT TGT ACG CTT ATG 
kudriavzevii                               ATG TCT GCT ATT CAG AAC TCG CCA CGC TTG CAA GAG TCC CAG GAC CAG CAG CAA CAG CAG --- --- CTC TCG TTA AAA ATA AAA CAG TTG AAG TTG AAA AGA ATC AAC GAA CTC AAT AAC AAG CTC AGA AAA GAA CTC AGC CGT GAA AGA ATT ACT GCT TCA AAC GCA TGT CTT ACG ATA ATA AAC TAC ACT TCA AAT ACA AAA GAT TAT ACT CTA CCT GAT CTA TGG GGA TAC CCT GCA GCG GGT TCG AAT CAT TTT AGA GAA GGT TTG AGA ATT GCT CAA AAA AAA AAT CAA ATG TCA AAT TCA AAT AAT GCT --- TGT TGT ACG CTT ATG 



Printing out site pattern counts


         6        327  P

castellii                                   --- --- --- --- --- --- --- --- --- --- AAA AAA AAA AAA AAC AAC AAC AAG AAG AAG AAT AAT AAT AAT AAT AAT AAT ACA ACA ACA ACA ACC ACC ACG ACT AGA AGA AGA AGA AGC AGG AGT AGT ATA ATA ATA ATA ATA ATA ATA ATG ATT ATT CAA CAA CAA CAA CAA CAA CAG CAG CAG CAG CAT CCA CCT CCT CCT CGA CTC CTC CTG CTT CTT GAA GAA GAA GAG GAT GAT GCA GCA GCC GCG GCT GCT GGA GGG GGT GTA TAC TAC TAC TAT TCA TCA TCC TCG TCT TCT TGC TGC TGG TGT TTC TTG TTG TTG TTG
mikatae                                     --- --- AAA CAA CAA CAG CCT CGG CTG GAG AAA AAA AGA GAT AAA AAC AAT AAA AAG AAG AAA AAC AAC AAT AAT GGA GGT ACG ATG GAG TCA ACC ACC CAT AAT AAT AAT AGA AGA AGT AGA AGT CAA ATA ATA ATT ATT CAA CAA CTA ATG ATC CTG ACG CAG CAG CAG GTA TCG AAA AAA CAG CTT CAT CCA ACA CCA CCC CGT CTT CTT TTG CTA CTC GAA GAA GAA GAA AAT GAC GCT GTT GCT TCA ACG GCA CAG GGC --- ACA TAC TAT TCA TAT TCA TCT --- TCG AAT TCG TGC TGT TGG TGT TTC TTA TTA TTG TTG
kluyveri                                    --- --- --- --- --- --- --- --- --- --- AAA CAG AAA CAG AAG AAC AAT AGA AAA AGA AAC AAC GAT AAC GAT GGT AAT AGT AGC GAA CAA ACT GCA CAA ACA AAA AGG AGA CGT GGT AGA GGA TAT ATC ATT ATC ATT GAG TTA ATT ATG ATC TTA CCA AAG CAA TCA TCA ACA CAG CGA CAA GAA CCA CCT CCA GCA CCA CGT TTG TTG TTA CTA CTA GAG GAG GAT GAA ACC GAT GCA AAC GCG GAT GCA GCA GGC GGT --- CAC TAC TAT GTG TAT TCA TCT AAT TCT AAC TCC TGC TGT TGG TGT TTT ATG CTA CTG TTG
cerevisiae                                  CAA CAG CAA CAA CAG CAG CCT CGC TTA GAA AAA AAA AGG AAC AAA AAT AAC AAA AAG AAG AAA AAT AAC AAT AAC GGA GGT ACA ATG GAG TCT ACT ACC AAC AAT AAT AAT ATA AGA AGC AGA AGC CAA ATA ATA ATT CTT CAA CAA CTA ATG ATC TTA GTA CAG CAA CAG TCA TCG AAA AAA CAA GTT CAT CCA GCA CCA CCC CGT CTT CTT TTA CTT CTC GAA GAA GAA GAA AAT GAT GCA GTT ACA TCA ACG GCT CAA GGC --- ACA TAT TAC TCA TAT TCA ACA GCT TCC AGT TCA TGT TGT TGG TGT TTT TTG TTA CTG TTG
paradoxus                                   --- --- GAG CAA CAG CAG TCT CGC TTA GAA AGA AAA AGA AAC AAA AAT AAC AAA AAG AAG AAA AAC AAC AAT AAC GGA GGT ACG ATG GAG TCT ACT ACC AGT AAT AAT AAT ATA AGA AGT AGA AGC CAG ATA ATA ATT CTT CAA CAA CTA ATG ATC TTG ACA CAG CAA CAA TCA TCA AAA AAA CAG GCT CAT CCA GCA CCA CCT CGT CTT CTT TTA CTA CTC GAA GAA GAA GAA AAT GAT GCA GCT ACT TCA ACG GCC CAA GGC --- ACA TAT TAC TCA TAT TCA TCA GCT TCC ACT TCA TGT TGT TGG TGT TTT TTA TTG TTG TTG
kudriavzevii                                --- --- GAG CAA CAG CAG TCC CGC TTG GAC AAA AAA AGA AAC AAG AAT AAT AAA AAG AAA AGA AAC AAC AAC AAC GGT GGT ACG ATG GAA TCG ACT ACT AAT AAT ATT AAA AGA AGA AAT AGA AGC CAG ATA ATA ATT CTT CAG CAA CTA ATG ATC TTA GCA CAG CAG CAA GCT TCA AAA AAA CAG ATT CAT CCA GCG CCT CCT CGT CTC CTT CTA CTC CTC GAA GAT GAA GAA AAT GAT GCA GCT ACT TCA ACG GCT CAA GGA --- ACA TAT TAC TCA TAC TCG TCT GCT TCG AAT TCA TGT TGT TGG TGT TTT TTG TTG CTC TTG



    1    1    1    1    1    1    1    1    1    1    1    1    1    1    1
    1    1    1    1    1    1    1    1    1    1    1    1    1    1    1
    1    1    1    1    1    1    1    1    1    1    1    1    1    1    2
    1    1    1    1    1    2    1    1    1    1    1    1    1    1    1
    1    1    1    1    1    1    1    1    1    1    1    1    1    1    1
    1    1    1    1    1    1    1    1    1    1    1    1    1    1    1
    1    1    1    1    1    1    1    1    1    1    1    1    1    1    1
    1    1    1    1

CODONML (in paml version 4.4b, July 2010)  torun.nuc
Model: One dN/dS ratio for branches Global clock 
Codon frequency model: F3x4
ns =   6  ls = 111

Codon usage in sequences
--------------------------------------------------------------------------------------------------------------
Phe TTT  0  0  1  1  1  1 | Ser TCT  2  1  2  1  2  1 | Tyr TAT  1  2  3  2  2  1 | Cys TGT  1  2  2  3  3  3
    TTC  1  1  0  0  0  0 |     TCC  1  0  1  1  1  1 |     TAC  3  1  1  1  1  2 |     TGC  2  1  1  0  0  0
Leu TTA  0  2  3  4  3  1 |     TCA  2  4  3  5  7  4 | *** TAA  0  0  0  0  0  0 | *** TGA  0  0  0  0  0  0
    TTG  4  3  3  2  4  4 |     TCG  1  3  0  1  0  3 |     TAG  0  0  0  0  0  0 | Trp TGG  1  1  1  1  1  1
--------------------------------------------------------------------------------------------------------------
Leu CTT  2  3  0  4  3  2 | Pro CCT  3  1  1  1  1  2 | His CAT  1  2  0  1  1  1 | Arg CGT  0  1  2  1  1  1
    CTC  2  1  0  1  1  4 |     CCC  0  1  0  1  0  0 |     CAC  0  0  1  0  0  0 |     CGC  0  0  0  1  1  1
    CTA  0  2  3  1  2  2 |     CCA  1  2  4  2  2  1 | Gln CAA  6  5  4  9  6  4 |     CGA  1  0  1  0  0  0
    CTG  1  2  1  1  0  0 |     CCG  0  0  0  0  0  0 |     CAG  4  6  3  5  5  7 |     CGG  0  1  0  0  0  0
--------------------------------------------------------------------------------------------------------------
Ile ATT  2  2  4  1  1  3 | Thr ACT  1  0  1  1  3  3 | Asn AAT  7  8  3  7  6  7 | Ser AGT  2  2  1  1  2  0
    ATC  0  1  3  1  1  1 |     ACC  2  2  1  1  1  0 |     AAC  3  3  6  5  5  5 |     AGC  1  0  1  2  1  1
    ATA  8  3  0  4  4  3 |     ACA  4  2  2  4  2  1 | Lys AAA  4  8  4  7  6  7 | Arg AGA  4  4  4  2  4  5
Met ATG  2  3  3  3  3  3 |     ACG  1  3  0  1  2  2 |     AAG  3  2  2  2  2  2 |     AGG  1  0  1  1  0  0
--------------------------------------------------------------------------------------------------------------
Val GTT  0  1  0  2  0  0 | Ala GCT  2  2  0  2  3  4 | Asp GAT  2  1  5  1  1  2 | Gly GGT  1  1  3  1  1  2
    GTC  0  0  0  0  0  0 |     GCC  1  0  0  0  1  0 |     GAC  0  1  0  0  0  1 |     GGC  0  1  1  1  1  0
    GTA  1  1  0  1  0  0 |     GCA  2  1  5  2  2  2 | Glu GAA  3  4  3  5  5  4 |     GGA  1  1  1  1  1  1
    GTG  0  0  1  0  0  0 |     GCG  1  0  1  0  0  1 |     GAG  1  2  3  1  2  1 |     GGG  1  0  0  0  0  0
--------------------------------------------------------------------------------------------------------------

Codon position x base (3x4) table for each sequence.

#1: castellii      
position  1:    T:0.18812    C:0.20792    A:0.44554    G:0.15842
position  2:    T:0.22772    C:0.23762    A:0.37624    G:0.15842
position  3:    T:0.26733    C:0.15842    A:0.36634    G:0.20792
Average         T:0.22772    C:0.20132    A:0.39604    G:0.17492

#2: mikatae        
position  1:    T:0.19626    C:0.25234    A:0.40187    G:0.14953
position  2:    T:0.23364    C:0.20561    A:0.42056    G:0.14019
position  3:    T:0.27103    C:0.12150    A:0.36449    G:0.24299
Average         T:0.23364    C:0.19315    A:0.39564    G:0.17757

#3: kluyveri       
position  1:    T:0.21000    C:0.20000    A:0.36000    G:0.23000
position  2:    T:0.22000    C:0.21000    A:0.38000    G:0.19000
position  3:    T:0.28000    C:0.16000    A:0.37000    G:0.19000
Average         T:0.23667    C:0.19000    A:0.37000    G:0.20333

#4: cerevisiae     
position  1:    T:0.20000    C:0.25455    A:0.39091    G:0.15455
position  2:    T:0.23636    C:0.20909    A:0.41818    G:0.13636
position  3:    T:0.27273    C:0.13636    A:0.42727    G:0.16364
Average         T:0.23636    C:0.20000    A:0.41212    G:0.15152

#5: paradoxus      
position  1:    T:0.23148    C:0.21296    A:0.39815    G:0.15741
position  2:    T:0.21296    C:0.25000    A:0.38889    G:0.14815
position  3:    T:0.28704    C:0.12963    A:0.40741    G:0.17593
Average         T:0.24383    C:0.19753    A:0.39815    G:0.16049

#6: kudriavzevii   
position  1:    T:0.20370    C:0.23148    A:0.39815    G:0.16667
position  2:    T:0.22222    C:0.23148    A:0.40741    G:0.13889
position  3:    T:0.30556    C:0.14815    A:0.32407    G:0.22222
Average         T:0.24383    C:0.20370    A:0.37654    G:0.17593

Sums of codon usage counts
------------------------------------------------------------------------------
Phe F TTT       4 | Ser S TCT       9 | Tyr Y TAT      11 | Cys C TGT      14
      TTC       2 |       TCC       5 |       TAC       9 |       TGC       4
Leu L TTA      13 |       TCA      25 | *** * TAA       0 | *** * TGA       0
      TTG      20 |       TCG       8 |       TAG       0 | Trp W TGG       6
------------------------------------------------------------------------------
Leu L CTT      14 | Pro P CCT       9 | His H CAT       6 | Arg R CGT       6
      CTC       9 |       CCC       2 |       CAC       1 |       CGC       3
      CTA      10 |       CCA      12 | Gln Q CAA      34 |       CGA       2
      CTG       5 |       CCG       0 |       CAG      30 |       CGG       1
------------------------------------------------------------------------------
Ile I ATT      13 | Thr T ACT       9 | Asn N AAT      38 | Ser S AGT       8
      ATC       7 |       ACC       7 |       AAC      27 |       AGC       6
      ATA      22 |       ACA      15 | Lys K AAA      36 | Arg R AGA      23
Met M ATG      17 |       ACG       9 |       AAG      13 |       AGG       3
------------------------------------------------------------------------------
Val V GTT       3 | Ala A GCT      13 | Asp D GAT      12 | Gly G GGT       9
      GTC       0 |       GCC       2 |       GAC       2 |       GGC       4
      GTA       3 |       GCA      14 | Glu E GAA      24 |       GGA       6
      GTG       1 |       GCG       3 |       GAG      10 |       GGG       1
------------------------------------------------------------------------------

(Ambiguity data are not used in the counts.)


Codon position x base (3x4) table, overall

position  1:    T:0.20505    C:0.22713    A:0.39905    G:0.16877
position  2:    T:0.22555    C:0.22397    A:0.39905    G:0.15142
position  3:    T:0.28076    C:0.14196    A:0.37697    G:0.20032
Average         T:0.23712    C:0.19769    A:0.39169    G:0.17350

Codon frequencies under model, for use in evolver (TTT TTC TTA TTG ... GGG):
  0.01379795  0.00697649  0.01852646  0.00984461
  0.01370146  0.00692771  0.01839691  0.00977576
  0.02441176  0.01234303  0.00000000  0.00000000
  0.00926296  0.00468352  0.00000000  0.00660897
  0.01528389  0.00772781  0.02052162  0.01090479
  0.01517701  0.00767377  0.02037811  0.01082854
  0.02704072  0.01367227  0.03630748  0.01929310
  0.01026051  0.00518790  0.01377675  0.00732070
  0.02685294  0.01357733  0.03605535  0.01915912
  0.02666516  0.01348238  0.03580321  0.01902514
  0.04750904  0.02402143  0.06379023  0.03389690
  0.01802715  0.00911485  0.02420499  0.01286207
  0.01135678  0.00574219  0.01524870  0.00810287
  0.01127736  0.00570203  0.01514207  0.00804620
  0.02009276  0.01015926  0.02697848  0.01433584
  0.00762413  0.00385490  0.01023689  0.00543969



Nei & Gojobori 1986. dN/dS (dN, dS)
(Pairwise deletion)
(Note: This matrix is not used in later ML. analysis.
Use runmode = -2 for ML pairwise comparison.)

castellii           
mikatae              0.1010 (0.2671 2.6435)
kluyveri            -1.0000 (0.3250 -1.0000)-1.0000 (0.3494 -1.0000)
cerevisiae           0.1235 (0.2890 2.3406) 0.0606 (0.0586 0.9673)-1.0000 (0.3866 -1.0000)
paradoxus            0.1495 (0.2804 1.8756) 0.0900 (0.0667 0.7406)-1.0000 (0.3889 -1.0000) 0.1303 (0.0405 0.3113)
kudriavzevii         0.0798 (0.2894 3.6250) 0.0442 (0.0753 1.7057)-1.0000 (0.3873 -1.0000) 0.0680 (0.0616 0.9054) 0.1161 (0.0617 0.5317)


TREE #  1:  (((((4, 5), 2), 6), 1), 3);   MP score: -1
lnL(ntime:  5  np:  7):  -1361.129740      +0.000000
   7..8     8..9     9..10   10..11   11..4    11..5    10..2     9..6     8..1     7..3  
 2.006570 1.592572 0.405644 0.355871 0.179233 2.403149 0.089598
SEs for parameters:
 0.287877 0.278165 0.053181 0.049325 0.036347 0.400854 0.015106

tree length =   6.54646

(((((4: 0.179233, 5: 0.179233): 0.176638, 2: 0.355871): 0.049773, 6: 0.405644): 1.186928, 1: 1.592572): 0.413998, 3: 2.006570);

(((((cerevisiae: 0.179233, paradoxus: 0.179233): 0.176638, mikatae: 0.355871): 0.049773, kudriavzevii: 0.405644): 1.186928, castellii: 1.592572): 0.413998, kluyveri: 2.006570);

Detailed output identifying parameters

kappa (ts/tv) =  2.40315

omega (dN/dS) =  0.08960

dN & dS for each branch

 branch          t       N       S   dN/dS      dN      dS  N*dN  S*dS

   7..8      0.414   251.9    81.1  0.0896  0.0397  0.4432  10.0  36.0
   8..9      1.187   251.9    81.1  0.0896  0.1138  1.2706  28.7 103.1
   9..10     0.050   251.9    81.1  0.0896  0.0048  0.0533   1.2   4.3
  10..11     0.177   251.9    81.1  0.0896  0.0169  0.1891   4.3  15.3
  11..4      0.179   251.9    81.1  0.0896  0.0172  0.1919   4.3  15.6
  11..5      0.179   251.9    81.1  0.0896  0.0172  0.1919   4.3  15.6
  10..2      0.356   251.9    81.1  0.0896  0.0341  0.3810   8.6  30.9
   9..6      0.406   251.9    81.1  0.0896  0.0389  0.4342   9.8  35.2
   8..1      1.593   251.9    81.1  0.0896  0.1527  1.7048  38.5 138.3
   7..3      2.007   251.9    81.1  0.0896  0.1925  2.1480  48.5 174.3

tree length for dN:       0.6279
tree length for dS:       7.0079


Time used:  0:04
