
seed used = 1418840373
      5   1506

castellii                                  ATG TCA GGA ACA ATA AAC AAG AAA CAT ATC AAG ACG CAA TCT ACT TAC GCA TTC GAA AGC AAC ACA AGC AAC GTT GCT GCA TCC CAA ATG AGA AAC GCT TTG AAC AAA TTG GCT GAC TCC GTT CAA GGT GAT GAA GAG GAA CGT GCC AGA TTT GAA GCT CAA TTG GAC TCT TTC TTC TCT CTA TTT AGA AGA TAC TTG GTC GAA AAA TCT TCA GGT AAC ACT TTG GAT TGG GAA AAG ATC AAA TCT CCA AAT CCT GAT GAA GTG GTC GCT TAC GAA ACT ATC GCT CAA CAA CCG GAA AAT GTC ACC AAT TTA TCG AAA TTG GCG GTC TTG AAA TTA AAT GGT GGG TTG GGT ACC TCA ATG GGG TGT GTT GGT CCA AAA TCT GTC ATT GAA GTG AGA GAT GGG AAC ACA TTT TTG GAT TTA TCT GTT CGT CAA ATT GAG CAT TTA AAT AGA CAA TAT GAT AGT GAT GTC CCA TTA TTA TTA ATG AAT TCA TTC AAT ACG GAT AAG GAT ACA GAA CAT TTA ATC AAG AAA TAC TCT GCT AAT AGA ATT AGA ATT AGA TCC TTT AAC CAA TCT AAA TTC CCA AGA GTT TAC AAG GAT TCC ATG TTA CCT GTC CCA ACT GAT TAT GAG GAT AAA TTG GAT GCC TGG TAT CCA CCG GGA CAT GGT GAT TTA TTC GAA GCC TTA CAT GCT TCT GGT GAA TTG GAT GCA TTG ATT GCT CAA GGT AGA GAG ATC CTT TTC GTT TCC AAT GGT GAT AAT TTA GGT GCT ACC GTG GAT TTG AAA ATC TTA GAT CAT ATG CTA CAA ACT GGT TCC GAA TAT ATT ATG GAA TTG ACT GAT AAG ACA AGA GCT GAC GTG AAA GGT GGT ACT TTA ATT AAC TAT GAT GGT CAA GTT AGA TTA CTA GAA GTC GCT CAA GTA CCA AAG GAA CAT ATC GAT GAA TTT AAA AAT ATT AGA AAA TTC AAG AAT TTT AAC ACA AAT AAT TTA TGG ATT AAT TTG AAA GCC ATT AAG AGA TTA ATT GAA TCA AGT TCA TTG GAA GTG GAA ATT ATT CCA AAT AAG AAA ACT ATC GTT AGA GGT GGT CAC GAA GTT AAT GTG TTA CAA TTG GAA ACT GCA TGT GGT GCC GCC ATT AGA CAT TTC AAT GGT GCT CAT GGT GTT GTT GTA CCA AGA TCA AGA TTC TTA CCT GTT AAG ACA TGT TCC GAT TTA TTA TTG GTT AAA TCT GAT CTT TTC TAT TTA CAA CAT GGT GCT TTG AAA TTA GAT CCA GAA AGA TTT GGT CCA AAT CCA TTA ATT AAA TTG GGT TCC CAT TTC AAA AAA GTT TCA GAT TTC AGT TCT AGA ATC TCT CAC ATC CCT AAG ATT GTA GAA TTG GAT CAT TTA ACC ATC ACT GGT AAT GTC TTT TTA GGT AAA GAT GTT ACT TTG AGA GGT ACT GTC ATC ATT GTC TGT TCA GAA GGT CAA AAG ATA GAT ATT CCA AAT GGT TCT GTC TTG GAA AAT GTT GTC ATT ACT GGT AAC TTG CAA ATC TTA GAA CAT 
mikatae                                    ATG TCT --- --- --- ACT AAG AAA CAC ACC AAG ACA CAT TCC ACT TAT GCA TTC GAA AGT AAC ACA AAT AGT GTT GCT GCC TCA CAA ATG AGA AAC GCT TTA AAC AAG TTA GCA GAC TCT AGT AAA CTT GAC GAT GCT GCT CGC ACT AGG TTT GAA AAC GAA CTG GAT TCG TTT TTC ACG CTT TTC AGG AGG TAC TTG GTG GAA AAA TCA TCT AGA ACT ACT TTG GAG TGG GAC AAA ATT AAG TCG CCC AAC CCA GAT GAG GTG GTT AAG TAT GAA ATC ATT TCT CAG CAG CCA GAA AAC GTC TCC AAT CTT TCC AAA TTG GCT GTT TTG AAG TTG AAC GGT GGG CTG GGT ACC TCC ATG GGT TGT GTT GGC CCT AAA TCT GTT ATT GAA GTG AGG GAG GGA AAC ACC TTT TTG GAC CTG TCT GTT CGT CAA ATC GAA TAT TTG AAC AGA CAG TAC GAT AGT GAC GTG CCA TTG TTG TTG ATG AAC TCT TTC AAC ACT GAC AAG GAC ACA GAA CAC TTG ATC AAG AAG TAT TCT GCT AAC AGA ATC AGA ATC AGA TCC TTC AAT CAA TCG AGG TTT CCA AGA GTC TAC AAG GAT TCT TTG TTG CCT GTC CCC ACT GAA TAC GAT TCT CCA CTT GAC GCC TGG TAT CCA CCA GGC CAT GGT GAC TTG TTT GAA TCC CTA CAT GTC TCC GGT GAA TTG GAC GCC TTA ATT GCA CAA GGG AGA GAA GTA TTG TTC GTA TCT AAC GGT GAT AAC TTG GGT GCT ACC GTT GAT TTG AAG ATT CTG AAT CAC ATG ATT GAG ACT GGT GCC GAA TAT ATA ATG GAA TTG ACC GAT AAG ACC AGG GCC GAT GTC AAA GGT GGT ACT TTG ATC TCG TAT GAC GGT CAA GTG CGT TTG TTA GAA GTC GCT CAA GTT CCA AAA GAG CAC ATT GAC GAA TTC AAA AAC ATC AGA AAG TTT ACG AAT TTC AAC ACG AAT AAC TTA TGG ATC AAC TTG AAG GCA GTA AAG AGG TTG ATT GAA TCA AGC AAC TTG GAA ATG GAA ATC ATT CCA AAC CAA AAA ACT ATA ACA AGA GAC GGT CAT GAA ATC AAT GTC TTA CAA CTG GAA ACC GCT TGT GGT GCT GCC ATT AGA CAT TTT GAG GGC GCC CAT GGT GTT GTC GTT CCA AGA TCA AGA TTC TTG CCT GTT AAG ACC TGT TCC GAC TTG CTG CTT GTT AAA TCA GAT TTA TTC CGT TTG GAG CAT GGT TCA TTA AAG CTA GAC CCA TCT CGC TTC GGT CCA AAC CCA TTA ATC AAG TTG GGC TCT CAT TTC AAA AAG GTT TCT GGT TTC AAC GCA AGA ATC CCT CAC ATC CCC AAA ATT GTT GAA CTA GAT CAT TTG ACC ATT ACA GGT AAC GTT TTC TTG GGT AAG GAT GTC ACT TTA AGG GGT ACT GTC ATC ATT GTT TGT TCC GAT GGT CAT AAA ATC GAT ATT CCA AAC GGG TCG ATA TTG GAG AAC GTC GTC GTC ACT GGT AAT TTG CAA ATC TTG GAG CAT 
kluyveri                                   ATG TCT CAA --- --- GTT AAG AAA CAT ACT AAG ACC CAT TCC ACT TAT GCT TTT GAA AGT AAT ACA AAT AGT GTT GCC GCT TCT CAA ATG AGA AAC GCT TTG AAC AAG TTG GCG GAC TCT GTC AAG --- GAC GAA GCC ACA CGT GCA AAG TTC GAA AAT GAG CTG GAT TCC TTT TTC TCT TTG TTT AGA AGA TAC TTG ATT GAA AAG GCC TCT GGC AGC ACT CTT CAT TGG GAA AAG ATC AAA TCT CCA AAT CCG GAA GAG GTT GTC GAT TAC GCC ACT ATT GCT CAA CAG CCC GAG ACC GTT TCG AAT TTG TCC AAG TTG GTG GTT TTG AAG CTA AAC GGT GGT TTG GGT ACT TCC ATG GGT TGT GTT GGA CCC AAG TCT GTT ATT GAA GTA AGA GAT GGT AAC ACG TTC TTG GAC CTT TCT GTC CGT CAA ATC GAA TAC TTG AAC AGG CAA TAC GAC AGC GAC GTT CCG TTG TTG TTG ATG AAC TCT TTC AAC ACC GAT ACT GAT ACC GAG CAT TTG ATC AAA AAG TAT ACC GCC AAC AGG ATT AGG ATC AGG TCC TTT AAC CAG TCC AGG TAT CCC CGT GTT TTT AGA GAT TCT TTC TTG CCA GTC CCA TCT TCG TAC GAC GAC GAC TTG GAC TCC TGG TAC CCA CCG GGC CAT GGT GAT TTG TTT GAG TCT TTG CAC GCC TCT GGT GAA TTG GAT GCC TTG ATC GCC CAG GGC AGA GAG ATT CTG TTT GTC TCC AAC GGT GAC AAC CTG GGT GCC ACC GTC GAT TTG AAG ATT TTG AAC CAC ATG ATC GAA ACC GGT GCC GAG TAC ATC ATG GAG TTG ACC GAC AAG ACT AGA GCA GAT GTC AAA GGT GGT ACT TTA ATC TCT TAC GAT GGA CAA GTC CGT CTA TTG GAA GTC GCC CAA GTC CCC AAG GAA CAC GTC GAT GAA TTC AAG AAC ATC AGA AAA TTT AAA AAT TTC AAC ACA AAC AAC TTG TGG ATT AAC TTG AAG GCT ATC AAG AGG TTG CTC GAA TCT TCT GCT CTA CAG ATG GAA ATC ATT CCA AAC CAA AAG ACT ATC AAT AGG GGG GGC AAC GAA ATC AAC GTA CTA CAG CTG GAA ACC GCG TGT GGT GCT GCC ATC AGG CAT TTC AAC GGT GCA CAT GGT GTT GTG GTT CCA AGG TCT CGT TTC CTA CCT GTG AAA ACC TGT TCT GAT TTG TTG CTA GTC AAA TCC GAT TTA TTT TAC TTG GAA CAT GGT GCG TTG AAG CTA GAT CCA TCC AGA TTC GGT CCA AAC CCG CTC ATC AAA TTG GGC TCG CAC TTC AAA AAG GTT TCT GGT TTC AAT TCC AGA ATA TCA CAC ATT CCA AAG ATC GTC GAA TTG GAT CAT TTG ACC ATT ACT GGT AAT GTG TTT TTG GGC AAA AAT GTC ACT TTG AAA GGT ACT GTC ATC ATC GTG TGC TCC GAA GGT CAA AGA ATT GAT ATT CCA AAT GGT TCT GTG CTA GAA AAT GTC GTT ATC ACG GGT AAC TTG CAA ATC CTA GAG CAT 
cerevisiae                                 ATG TCC --- --- --- ACT AAG AAG CAC ACC AAA ACA CAT TCC ACT TAT GCA TTC GAG AGC AAC ACA AAC AGC GTT GCT GCC TCA CAA ATG AGA AAC GCC TTA AAC AAG TTG GCG GAC TCT AGT AAA CTT GAC GAT GCT GCT CGC GCT AAG TTT GAG AAC GAA CTG GAT TCG TTT TTC ACG CTT TTC AGG AGA TAT TTG GTA GAG AAG TCT TCT AGA ACC ACC TTG GAA TGG GAC AAG ATC AAG TCT CCC AAC CCG GAT GAA GTG GTT AAG TAT GAA ATT ATT TCT CAG CAG CCC GAG AAT GTC TCA AAC CTT TCC AAA TTG GCT GTT TTG AAG TTG AAC GGT GGG CTG GGT ACC TCC ATG GGC TGC GTT GGC CCT AAA TCT GTT ATT GAA GTG AGA GAG GGA AAC ACC TTT TTG GAT TTG TCT GTT CGT CAA ATT GAA TAC TTG AAC AGA CAG TAC GAT AGC GAC GTG CCA TTG TTA TTG ATG AAT TCT TTC AAC ACT GAC AAG GAT ACG GAA CAC TTG ATT AAG AAG TAT TCC GCT AAC AGA ATC AGA ATC AGA TCT TTC AAT CAA TCC AGG TTC CCA AGA GTC TAC AAG GAT TCT TTA TTG CCT GTC CCC ACC GAA TAC GAT TCT CCA CTG GAT GCT TGG TAT CCA CCA GGT CAC GGT GAT TTG TTT GAA TCT TTA CAC GTA TCT GGT GAA CTG GAT GCC TTA ATT GCC CAA GGA AGA GAA ATA TTA TTT GTT TCT AAC GGT GAC AAC TTG GGT GCT ACC GTC GAC TTA AAA ATT TTA AAC CAC ATG ATC GAG ACT GGT GCC GAA TAT ATA ATG GAA TTG ACT GAT AAG ACC AGA GCC GAT GTT AAA GGT GGT ACT TTG ATT TCT TAC GAT GGT CAA GTC CGT TTA TTG GAA GTC GCC CAA GTT CCA AAA GAA CAC ATT GAC GAA TTC AAA AAT ATC AGA AAG TTT ACC AAC TTC AAC ACG AAT AAC TTA TGG ATC AAT CTG AAA GCA GTA AAG AGG TTG ATC GAA TCG AGC AAT TTG GAG ATG GAA ATC ATT CCA AAC CAA AAA ACT ATA ACA AGA GAC GGT CAT GAA ATT AAT GTC TTA CAA TTA GAA ACC GCT TGT GGT GCT GCT ATC AGG CAT TTT GAT GGT GCT CAC GGT GTT GTC GTT CCA AGA TCA AGA TTC TTG CCT GTC AAG ACC TGT TCC GAT TTG TTG CTG GTT AAA TCA GAT CTA TTC CGT CTG GAA CAC GGT TCT TTG AAG TTA GAC CCA TCC CGT TTT GGT CCA AAC CCA TTA ATC AAG TTG GGC TCG CAT TTC AAA AAG GTT TCT GGT TTT AAC GCA AGA ATC CCT CAC ATC CCA AAA ATC GTC GAG CTA GAT CAT TTG ACC ATC ACT GGT AAC GTC TTT TTA GGT AAA GAT GTC ACT TTG AGG GGT ACT GTC ATC ATC GTT TGC TCC GAC GGT CAT AAA ATC GAT ATT CCA AAC GGC TCC ATA TTG GAA AAT GTT GTC GTT ACT GGT AAT TTG CAA ATC TTG GAA CAT 
paradoxus                                  ATG TCC --- --- --- ACT AAG AAG CAC ACT AAG ACA CAT TCC ACT TAT GCA TTC GAG AGC AAC ACA AAC AGT GTT GCT GCC TCA CAA ATG AGA AAT GCT TTA AAC AAG TTA GCG GAC TCT AGC AAA CTT GAT GAT GCT GCT CGC GCT AGA TTT GAG AAC GAA CTG GAT TCG TTT TTC ACG CTT TTC AGG AGA TAT TTG GTA GAG AAA TCC TCT AGA ACT ACT TTA GAA TGG GAC AAG ATT AAC TCT CCC AAC CCA GAT GAA GTG GTC AAG TAT GAG ATT ATT TCT CAG CAG CCC GAA AAT GTC TCA AAC CTT TCA AAA TTG GCT GTT TTG AAG TTG AAC GGT GGG CTG GGT ACC TCA ATG GGC TGT GTT GGC CCT AAA TCC GTT ATT GAA GTG AGG GAA GGA AAC ACC TTT TTG GAC TTG TCT GTT CGT CAA ATT GAG TAT TTG AAC AGA CAG TAC GAC AGT GAC GTG CCA TTG CTG TTG ATG AAT TCT TTC AAC ACT GAC AAG GAC ACA GAA CAT TTG ATT AAG AAA TAC TCC GCT AAC AGA ATC AGA ATC AGA TCT TTC AAT CAA TCC AGG TTC CCA AGA GTG TAC AAG GAT TCT CTG TTG CCT GTC CCC ACT GAA TAC GAT TCT CCA CTT GAC GCT TGG TAT CCA CCA GGT CAC GGT GAT CTG TTT GAA TCT CTA CAC GTC TCT GGT GAA CTG GAT GCC TTA ATT GCT CAA GGA AGA GAA GTA TTG TTT GTA TCT AAC GGT GAC AAC TTG GGA GCT ACC GTC GAT TTG AAG ATT TTG AAC CAC ATG ATC GAG ACC GGT GCC GAA TAC ATA ATG GAA TTA ACC GAT AAG ACC AGA GCC GAT GTT AAA GGT GGT ACT TTG ATT TCG TAT GAT GGT CAA GTC CGT TTA TTG GAG GTC GCC CAA GTT CCA AAA GAG CAC ATC GAC GAA TTC AAA AAC ATC AGA AAG TTT ACC AAT TTC AAC ACG AAT AAC TTA TGG ATT AAC TTG AAA GCA GTC AAG AGG TTG ATC GAA TCG AGC AAT TTG GAA ATG GAA ATC ATT CCA AAC CAA AAA ACT ATA ACA AGA GAC GGA CAT GAA ATT AAT GTC TTA CAA CTG GAA ACC GCT TGC GGT GCT GCC ATT AGA CAT TTT GAT GGT GCT CAC GGT GTT GTT GTT CCA AGA TCA AGA TTC TTG CCT GTC AAG ACC TGT TCC GAT TTG TTA CTG GTT AAA TCA GAT CTA TTC CGT TTG GAG CAC GGT TCT TTG AAG TTA GAC CCA TCT CGT TTC GGT CCA AAC CCA TTA ATC AAG TTG GGC TCA CAT TTC AAA AAA GTT TCT GGT TTC AAT GCA AGA ATT CCC CAC ATC CCA AAA ATT GTC GAG TTA GAC CAT TTG ACC ATT ACT GGT AAC GTC TTT TTA GGT AAG GAT GTC ACT CTA AGG GGT ACC GTC ATC ATC GTT TGT TCC GAC GGT CAT AAG ATC GAT ATT CCA AAC GGC TCT ATA TTA GAA AAC GTC GTT GTT ACT GGT AAT TTG CAA ATC TTG GAG CAT 



Printing out site pattern counts


         5       1068  P G
G 2       19    337

castellii                                   AAA AAC AAG AAG ACA ACG ACT ATA ATC ATG CAA CAT CAT GAA GGA TAC TCA TCT TTA AAA AAA AAA AAA AAA AAA AAA AAA AAA AAA AAA AAA AAC AAC AAC AAC AAC AAC AAC AAG AAG AAG AAG AAG AAG AAG AAG AAG AAT AAT AAT AAT AAT AAT AAT AAT AAT AAT ACA ACA ACA ACA ACA ACA ACC ACC ACC ACG ACT ACT ACT ACT ACT ACT ACT ACT ACT ACT AGA AGA AGA AGA AGA AGA AGA AGA AGA AGA AGA AGA AGC AGC AGT AGT AGT ATA ATC ATC ATC ATC ATC ATC ATC ATC ATC ATC ATG ATG ATT ATT ATT ATT ATT ATT ATT ATT ATT ATT ATT ATT CAA CAA CAA CAA CAA CAA CAA CAA CAA CAC CAC CAT CAT CAT CAT CAT CAT CAT CCA CCA CCA CCA CCA CCG CCG CCT CCT CCT CCT CGT CGT CTA CTA CTA CTT CTT GAA GAA GAA GAA GAA GAA GAA GAA GAA GAA GAA GAA GAA GAA GAA GAC GAC GAG GAG GAG GAG GAT GAT GAT GAT GAT GAT GAT GAT GAT GAT GAT GAT GAT GAT GAT GAT GAT GAT GAT GAT GCA GCA GCA GCA GCC GCC GCC GCC GCC GCC GCG GCT GCT GCT GCT GCT GCT GCT GCT GCT GCT GCT GCT GGA GGG GGG GGG GGT GGT GGT GGT GGT GGT GGT GGT GGT GGT GGT GGT GGT GTA GTA GTA GTC GTC GTC GTC GTC GTC GTC GTC GTC GTC GTG GTG GTG GTG GTG GTG GTT GTT GTT GTT GTT GTT GTT GTT GTT GTT GTT GTT TAC TAC TAC TAC TAT TAT TAT TAT TAT TCA TCA TCA TCA TCA TCA TCC TCC TCC TCC TCC TCC TCC TCG TCT TCT TCT TCT TCT TCT TCT TCT TCT TCT TCT TCT TCT TGG TGT TGT TGT TGT TTA TTA TTA TTA TTA TTA TTA TTA TTA TTA TTA TTA TTA TTA TTA TTA TTA TTA TTC TTC TTC TTC TTC TTC TTC TTG TTG TTG TTG TTG TTG TTG TTG TTG TTG TTG TTG TTG TTG TTG TTG TTG TTG TTT TTT TTT TTT TTT
mikatae                                     AAA ACT AAG AAG --- ACA ACT --- ACC ATG CAT CAC CAT GAG --- TAT TCT TCC TTG AAA AAA AAA AAG AAG AAG AAG AAG AAG AAG AGG CCA AAC AAC AAC AAT ACT AGT TCG AAA AAA AAA AAG AAG AAG AAG ACG CAA AAC AAC AAC AAC AAC AAC AAT AAT AAT GAG ACA ACA ACC ACC ACC ACG ACC ACC TCC ACT ACA ACC ACC ACT ACT ACT ACT ACT ACT ATC AGA AGA AGA AGA AGG AGG AGG AGG AGG AGG CGC CGT AAT AGT AAC AGC AGT ATC ATA ATC ATC ATC ATC ATT ATT ATT ATT GTA ATG TTG ATA ATC ATC ATC ATC ATT ATT ATT ATT ATT GTA GTC AAA CAA CAA CAG CAG CAT GAA GAG GAG CAC CAT CAC CAC CAT CAT CAT CAT TAT CCA CCA CCA CCC CCT CCA CCA CCA CCC CCT CCT CGC CGT ATT CTT TTA TTA TTG GAA GAA GAA GAA GAA GAA GAA GAC GAG GAG GAG GAT GAT GCT TCT GAC GAT GAA GAA GAT GCT AAT GAA GAC GAC GAC GAC GAC GAC GAG GAG GAT GAT GAT GAT GAT GAT GAT GAT GGT TCT GCA GCC GCC GCT ACT GCA GCC GCC GCT TCC GCT AAC AAG GCA GCA GCC GCC GCT GCT GCT GTC TCA TCT GGC GGA GGG GGT AGA CTT GAC GGC GGC GGC GGG GGG GGT GGT GGT GGT GGT GTT GTT GTT ATA GTC GTC GTC GTG GTG GTT GTT GTT GTT ATG GTC GTC GTG GTG GTT ACA AGT ATC GTA GTC GTC GTC GTC GTG GTT GTT GTT TAC TAC TAT TAT CGT TAC TAT TAT TAT AAC TCA TCA TCC TCC TCT GCC TCA TCC TCC TCT TCT TCT TCC ACG CCT GCA TCA TCA TCC TCG TCG TCG TCG TCT TCT TCT TGG TGT TGT TGT TGT CTA CTA CTG CTG CTG CTT TTA TTA TTA TTG TTG TTG TTG TTG TTG TTG TTG TTG TTC TTC TTC TTC TTT TTT TTT CTA CTG CTG CTG CTT CTT TTA TTA TTA TTA TTG TTG TTG TTG TTG TTG TTG TTG TTC TTC TTC TTC TTT
kluyveri                                    AAA GTT AAG AAG --- ACC ACT --- ACT ATG CAT CAT CAT GAG CAA TAT TCT TCC CTA AAA AAG AAG AAA AAA AAA AAG AAG AAG AAG AGG GAC AAC AAC AAT AAC AGC AGT TCT AAG AAG AGA AAA AAG ACT AGA AAA CAA AAC AAC AAC AAT AAT ACC AAC AAT AAT AAC ACA ACC ACC ACG ACT ACA ACC ACT TCG ACC ACT ACC ACC ACC ACG ACT ACT ACT TCT ACT AGA AGG AGG CGT AAA AAG AGA AGA AGA AGG AGA CGT AAT AGT AAT TCT AGC ATT ATC ATA ATC ATC ATT ATC ATT ATT GTC ATT ATG TTC ATC ATC ATC ATT ATT ATC ATC ATC ATT CTC ATC ATC AAG CAA CAG CAA CAG CAA GAG GAA GAA CAC AAC CAC CAT CAC CAC CAT CAT TAC CCA CCC CCG CCA CCC CCC CCG CCG CCA CCA CCT CGT CGT ATC TTG TTG TTA CTG CAG GAA GAA GAA GAG GAG GCC GAA GAA GAA GAG GAA GAA ACA TCC GAC GAT GAA GAG GAC GCC AAC TCG GAC GAC GAC GAT GAT GAT CAT GAT AAT GAA GAC GAC GAC GAT GAT GAT GGT GAC GCT GCC GCT GCG GCA GCT GCC TCC GCT TCT GTG AAT GAT GCC GCG GCA GCA GCC GCC GCT GCC GCG GCT GGC GGT GGT GGT GGC --- GGG GGA GGC GGT GGC GGT GGA GGC GGC GGT GGT GTC GTC GTT GTG GTC GTT GTT ATT GTT GTC GTG GTG GTT ATG GTA GTC GTA GTT GTC AAT GTC ATC GTC GTC GTC GTG GTT GTC GTC GTG GTT TAC TTT TAC TAT TAC TAC TAC TAC TAC GCT TCT TCT TCC TCC TCT GCC TCT TCC TCT TCC TCG TCT TCC TCT TCA TCC GCC TCC TCT TCC TCC TCT TCT ACC TCT TCT TGG TGC TGT TGT TGT CTA TTG CTT TTG TTG TTG CTA CTC TTG CTA CTA CTG TTA TTG TTG TTG TTG TTG TTC TTC TTT TTT TAT TTC TTT TTG CTG CTG TTG CTA TTG TTG TTG TTG TTG CTA CTA CTT TTG TTG TTG TTG TTG TTC TTC TTT TTT TTC
cerevisiae                                  AAG ACT AAA AAG --- ACA ACT --- ACC ATG CAT CAC CAT GAA --- TAT TCC TCC TTG AAA AAA AAG AAA AAG AAG AAA AAA AAG AAG AGG CCA AAC AAC AAC AAT ACC AGC TCT AAA AAG AAA AAG AAG AAG AAG ACC CAA AAC AAT AAT AAC AAT AAT AAT AAC AAC GAT ACA ACG ACC ACC ACC ACG ACC ACC TCA ACT ACT ACC ACT ACT ACT ACC ACT ACT ACC ATT AGA AGA AGG AGA AGG AAG AGA AGA AGG AGG CGT CGT AAC AGC AAC AGC AGC ATC ATA ATC ATC ATT ATC ATC ATC ATT ATT ATA ATG TTA ATA ATC ATT ATC ATC ATC ATC ATT ATT ATC GTA GTT AAA CAA CAA CAG CAG CAT GAA GAA GAG CAC CAT CAC CAC CAC CAT CAC CAT TAC CCA CCA CCA CCC CCT CCC CCA CCG CCA CCT CCT CGC CGT ATC CTT TTG CTA TTA GAG GAA GAA GAG GAA GAG GAA GAC GAA GAA GAA GAC GAT GCT TCC GAC GAT GAA GAA GAT GCT AAC GAA GAC GAC GAT GAC GAT GAT GAA GAG GAT GAT GAC GAT GAT GAC GAT GAT GGT TCT GCA GCC GCC GCT GCT GCA GCT GCT GCT TCT GCT AAC AAG GCC GCG GCC GCT GCC GCT GCC GTA TCT TCT GGT GGA GGG GGC AGA CTT GAC GGC GGC GGT GGA GGC GGT GGT GGT GGT GGT GTC GTT GTT ATA GTC GTC GTC GTA GTG GTT GTC GTT GTT ATG GTC GTT GTG GTG GTC ACA AGT ATT GTT GTC GTT GTC GTC GTC GTT GTC GTT TAT TAC TAT TAT CGT TAC TAC TAT TAT AAT TCA TCG TCC TCC TCT GCC TCA TCT TCC TCT TCG TCT TCC ACG CCT GCA TCT TCA TCT TCC TCG TCC TCT TCC TCT TCT TGG TGC TGC TGT TGT TTA TTA TTG TTA TTG CTT TTA TTA TTA TTA TTG TTG TTG CTG TTA TTA TTG TTG TTC TTT TTC TTT TTC TTT TTT CTA CTG TTA CTG CTG CTG TTA TTG TTG TTG TTG TTG TTG CTG CTG TTA TTG TTG TTC TTT TTC TTT TTT
paradoxus                                   AAG ACT AAG AAG --- ACA ACT --- ACT ATG CAT CAC CAT GAG --- TAT TCC TCC TTG AAA AAA AAA AAG AAC AAG AAA AAG AAA AAG AGG CCA AAC AAT AAC AAT ACT AGT TCG AAA AAG AAG AAG AAG AAG AAG ACC CAA AAC AAC AAT AAC AAC AAT AAT AAC AAT GAT ACA ACA ACC ACC ACC ACG ACC ACC TCA ACT ACT ACC ACC ACC ACT ACT ACC ACT ACT ATT AGA AGA AGA AGA AGG AGA AGA AGG AGG AGG CGT CGT AAC AGC AAT AGC AGT ATC ATA ATT ATC ATT ATC ATT ATT ATT ATC GTA ATG CTG ATA ATC ATT ATC ATT ATC ATT ATT ATT ATC GTC GTT AAA CAA CAA CAG CAG CAT GAA GAG GAG CAC CAT CAC CAT CAC CAT CAC CAT TAT CCA CCA CCA CCC CCT CCC CCA CCA CCA CCT CCT CGC CGT ATC CTT TTG CTA TTG GAA GAA GAG GAG GAA GAA GAG GAC GAA GAG GAA GAC GAT GCT TCT GAC GAT GAG GAA GAT GCT AAC GAA GAC GAT GAC GAC GAC GAT GAA GAA GAT GAT GAC GAC GAT GAT GAC GAT GGT TCT GCA GCC GCC GCT GCT GCA GCC GCT GCT TCT GCT AAC AAG GCT GCG GCC GCT GCC GCT GCT GTC TCT TCT GGT GGA GGG GGC AGA CTT GAC GGC GGC GGT GGA GGC GGT GGA GGT GGA GGT GTC GTT GTT ATA GTC GTC GTT GTA GTG GTC GTC GTT GTT ATG GTC GTT GTG GTG GTC ACA AGC ATT GTA GTC GTC GTT GTG GTC GTT GTC GTT TAT TAC TAT TAC CGT TAC TAT TAC TAT AAT TCA TCG TCA TCC TCT GCC TCA TCT TCC TCT TCA TCT TCA ACG CCC GCA TCC TCA TCT TCC TCG TCT TCT TCC TCC TCT TGG TGT TGT TGC TGT TTA CTA TTG TTG TTA CTT TTA TTA TTA TTA TTG TTG TTG TTG CTG TTA CTG TTG TTC TTC TTC TTT TTC TTT TTT TTA CTG CTG CTG CTG CTT TTA CTA TTA TTG TTA TTG TTA CTG TTG TTG TTA TTG TTC TTC TTC TTT TTT



    1    1    1    1    1    1    1    1    1    1    1    1    1    1    1
    1    1    1    1    3    4    1    1    1    2    1    1    2    3    1
    1    3    1    1    2    1    1    1    2    1    1    2    2    1    1
    1    1    9    2    1    3    1    1    2    1    1    1    1    1    1
    1    1    1    2    1    1    1    1    1    1    1    1    1    1    3
    1    1    4    6    1    2    1    1    2    1    1    1    1    1    1
    1    1    1    1    1    1    1    2    1    1    1    1    2    1    1
    5    1    1    4    2    1    1    1    2    1    3    1    1    1    1
    5    3    2    1    1    1    1    1    1    1    2    1    1    1    3
    2    1    6    2    2    2    1    1    1    1    1    1    1    1    1
    1    1    1    1    1    1    7    1    4    4    1    1    1    1    1
    1    1    1    1    1    1    2    1    1    1    1    1    1    1    1
    2    3    1    4    1    1    1    1    1    1    1    1    1    3    1
    1    1    1    1    1    1    1    1    1    1    1    1    1    1    1
    1    1    1    1    3    1    1    1    1    1    1    1    1    1    1
    1    1    1    1    1    1    1    1    1    1   16    1    1    1    1
    3    1    1    1    1    1    1    1    2    1    1    1    1    1    1
    1    1    1    1    1    1    1    1    1    2    1    4    1    1    1
    1    1    2    1    1    1    1    1    1    1    1    3    1    1    1
    1    1    1    2    1    1    1    1    1    1    1    1    1    1    1
    1    1    1    3    1    1    1    1    1    1    1    1    1    1    1
    1    1    1    2    1    1    1    1    1    1    8    4    1    2    1
    1    1    3    1    1    1    1    1    1    2    1    1    1    1    1
    1    1    1    1    1    6    2    1    2    1    2

CODONML (in paml version 4.4b, July 2010)  torun.nuc
Model: One dN/dS ratio for branches Global clock  (2 genes: diff. rate & k&w)  
Codon frequency model: F3x4
ns =   5  ls = 502

Codon usage in sequences
--------------------------------------------------------------------------------------------------
Phe TTT  8  7 10 10  8 | Ser TCT 14 14 20 17 16 | Tyr TAT  6  7  3  6  6 | Cys TGT  4  4  3  2  3
    TTC 13 14 12 11 13 |     TCC  8  9 12 10  8 |     TAC  5  4  9  5  5 |     TGC  0  0  1  2  1
Leu TTA 27 10  2 15 14 |     TCA  9  6  1  4  7 | *** TAA  0  0  0  0  0 | *** TGA  0  0  0  0  0
    TTG 24 33 37 30 28 |     TCG  1  5  3  3  3 |     TAG  0  0  0  0  0 | Trp TGG  3  3  3  3  3
--------------------------------------------------------------------------------------------------
Leu CTT  2  5  2  3  4 | Pro CCT  4  4  1  4  3 | His CAT 13 11 10  7  8 | Arg CGT  2  3  5  4  4
    CTC  0  0  2  0  0 |     CCC  0  3  4  3  4 |     CAC  2  5  5  9  8 |     CGC  0  2  0  1  1
    CTA  3  3  9  2  3 |     CCA 13 14 10 13 14 | Gln CAA 17  9 10  9  9 |     CGA  0  0  0  0  0
    CTG  0  6  4  7  8 |     CCG  2  0  4  1  0 |     CAG  0  3  5  3  3 |     CGG  0  0  0  0  0
--------------------------------------------------------------------------------------------------
Ile ATT 19 14 12 12 17 | Thr ACT 13 13 12 11 12 | Asn AAT 22  8 12 10 10 | Ser AGT  3  4  2  1  2
    ATC 13 16 20 18 13 |     ACC  4  9 11 12 11 |     AAC 11 25 23 23 24 |     AGC  2  1  2  4  3
    ATA  2  3  1  4  3 |     ACA  7  5  3  3  4 | Lys AAA 22 14 12 15 14 | Arg AGA 22 14 11 16 17
Met ATG  7  7  7  7  7 |     ACG  2  3  2  3  2 |     AAG 14 20 21 20 19 |     AGG  0  8  9  5  5
--------------------------------------------------------------------------------------------------
Val GTT 16 16 13 16 15 | Ala GCT 14 10  7 12 13 | Asp GAT 28 15 17 20 17 | Gly GGT 28 22 23 23 21
    GTC 13 13 16 14 15 |     GCC  6  7 12  7  6 |     GAC  3 15 11 11 14 |     GGC  0  4  6  4  4
    GTA  3  3  2  3  3 |     GCA  4  5  3  3  3 | Glu GAA 28 23 21 23 20 |     GGA  2  1  2  2  4
    GTG  6  5  6  3  4 |     GCG  1  0  3  1  1 |     GAG  4  9  9  8 11 |     GGG  3  3  1  1  1
--------------------------------------------------------------------------------------------------

Codon position x base (3x4) table for each sequence.

#1: castellii      
position  1:    T:0.24303    C:0.11554    A:0.32470    G:0.31673
position  2:    T:0.31076    C:0.20319    A:0.34861    G:0.13745
position  3:    T:0.39044    C:0.15936    A:0.31673    G:0.13347
Average         T:0.31474    C:0.15936    A:0.33001    G:0.19588

#2: mikatae        
position  1:    T:0.23246    C:0.13627    A:0.32866    G:0.30261
position  2:    T:0.31062    C:0.21443    A:0.33667    G:0.13828
position  3:    T:0.31463    C:0.25451    A:0.22044    G:0.21042
Average         T:0.28591    C:0.20174    A:0.29526    G:0.21710

#3: kluyveri       
position  1:    T:0.23246    C:0.14228    A:0.32064    G:0.30461
position  2:    T:0.31062    C:0.21643    A:0.33667    G:0.13627
position  3:    T:0.30461    C:0.29259    A:0.17435    G:0.22846
Average         T:0.28257    C:0.21710    A:0.27722    G:0.22311

#4: cerevisiae     
position  1:    T:0.23647    C:0.13226    A:0.32866    G:0.30261
position  2:    T:0.31062    C:0.21443    A:0.33868    G:0.13627
position  3:    T:0.31663    C:0.26854    A:0.22445    G:0.19038
Average         T:0.28791    C:0.20508    A:0.29726    G:0.20975

#5: paradoxus      
position  1:    T:0.23046    C:0.13828    A:0.32665    G:0.30461
position  2:    T:0.31062    C:0.21443    A:0.33667    G:0.13828
position  3:    T:0.31864    C:0.26052    A:0.23046    G:0.19038
Average         T:0.28657    C:0.20441    A:0.29793    G:0.21109

Codon usage in genes
--------------------------------------------------------------
Phe TTT  0 43 | Ser TCT  3 78 | Tyr TAT  4 24 | Cys TGT  0 16
    TTC  0 63 |     TCC  6 41 |     TAC  1 27 |     TGC  0  4
Leu TTA  1 67 |     TCA  1 26 | *** TAA  0  0 | *** TGA  0  0
    TTG  3 149 |     TCG  0 15 |     TAG  0  0 | Trp TGG  0 15
--------------------------------------------------------------
Leu CTT  0 16 | Pro CCT  0 16 | His CAT 11 38 | Arg CGT  0 18
    CTC  0  2 |     CCC  0 14 |     CAC  3 26 |     CGC  0  4
    CTA  1 19 |     CCA  0 64 | Gln CAA  2 52 |     CGA  0  0
    CTG  0 25 |     CCG  0  7 |     CAG  0 14 |     CGG  0  0
--------------------------------------------------------------
Ile ATT  0 74 | Thr ACT 10 51 | Asn AAT  0 62 | Ser AGT  0 12
    ATC  1 79 |     ACC  3 44 |     AAC  1 105 |     AGC  0 12
    ATA  1 12 |     ACA  4 18 | Lys AAA  4 73 | Arg AGA  0 80
Met ATG  5 30 |     ACG  1 11 |     AAG 11 83 |     AGG  0 27
--------------------------------------------------------------
Val GTT  1 75 | Ala GCT  0 56 | Asp GAT  0 97 | Gly GGT  0 117
    GTC  0 71 |     GCC  0 38 |     GAC  0 54 |     GGC  0 18
    GTA  0 14 |     GCA  0 18 | Glu GAA  2 113 |     GGA  1 10
    GTG  0 24 |     GCG  0  6 |     GAG  3 38 |     GGG  0  9
--------------------------------------------------------------

Codon position x base (3x4) table for each gene.


Gene #1
position  1:    T:0.22619    C:0.20238    A:0.48810    G:0.08333
position  2:    T:0.15476    C:0.33333    A:0.50000    G:0.01190
position  3:    T:0.34524    C:0.17857    A:0.20238    G:0.27381
Average         T:0.24206    C:0.23810    A:0.39683    G:0.12302

Gene #2
position  1:    T:0.23529    C:0.13049    A:0.32022    G:0.31400
position  2:    T:0.31607    C:0.20837    A:0.33389    G:0.14167
position  3:    T:0.32850    C:0.24938    A:0.23447    G:0.18766
Average         T:0.29329    C:0.19608    A:0.29619    G:0.21444

Sums of codon usage counts
------------------------------------------------------------------------------
Phe F TTT      43 | Ser S TCT      81 | Tyr Y TAT      28 | Cys C TGT      16
      TTC      63 |       TCC      47 |       TAC      28 |       TGC       4
Leu L TTA      68 |       TCA      27 | *** * TAA       0 | *** * TGA       0
      TTG     152 |       TCG      15 |       TAG       0 | Trp W TGG      15
------------------------------------------------------------------------------
Leu L CTT      16 | Pro P CCT      16 | His H CAT      49 | Arg R CGT      18
      CTC       2 |       CCC      14 |       CAC      29 |       CGC       4
      CTA      20 |       CCA      64 | Gln Q CAA      54 |       CGA       0
      CTG      25 |       CCG       7 |       CAG      14 |       CGG       0
------------------------------------------------------------------------------
Ile I ATT      74 | Thr T ACT      61 | Asn N AAT      62 | Ser S AGT      12
      ATC      80 |       ACC      47 |       AAC     106 |       AGC      12
      ATA      13 |       ACA      22 | Lys K AAA      77 | Arg R AGA      80
Met M ATG      35 |       ACG      12 |       AAG      94 |       AGG      27
------------------------------------------------------------------------------
Val V GTT      76 | Ala A GCT      56 | Asp D GAT      97 | Gly G GGT     117
      GTC      71 |       GCC      38 |       GAC      54 |       GGC      18
      GTA      14 |       GCA      18 | Glu E GAA     115 |       GGA      11
      GTG      24 |       GCG       6 |       GAG      41 |       GGG       9
------------------------------------------------------------------------------

(Ambiguity data are not used in the counts.)


Codon position x base (3x4) table, overall

position  1:    T:0.23499    C:0.13291    A:0.32586    G:0.30624
position  2:    T:0.31065    C:0.21257    A:0.33947    G:0.13731
position  3:    T:0.32906    C:0.24700    A:0.23339    G:0.19055
Average         T:0.29157    C:0.19749    A:0.29957    G:0.21137


Nei & Gojobori 1986. dN/dS (dN, dS)
(Pairwise deletion)
(Note: This matrix is not used in later ML. analysis.
Use runmode = -2 for ML pairwise comparison.)

castellii           
mikatae              0.0242 (0.0744 3.0725)
kluyveri            -1.0000 (0.0709 -1.0000) 0.0252 (0.0719 2.8553)
cerevisiae           0.0320 (0.0703 2.1965) 0.0055 (0.0035 0.6258) 0.0245 (0.0681 2.7793)
paradoxus            0.0281 (0.0721 2.5656) 0.0048 (0.0026 0.5398) 0.0247 (0.0720 2.9115) 0.0066 (0.0026 0.3942)


TREE #  1:  ((((4, 5), 2), 1), 3);   MP score: -1
lnL(ntime:  4  np:  9):  -4233.130607      +0.000000
   6..7     7..8     8..9     9..4     9..5     8..2     7..1     6..3  
 0.971963 0.958010 0.192983 0.140232 0.961406 5.933961 0.070824 2.863795 0.029806
SEs for parameters:
 0.339009 0.335980 0.067484 0.050057 0.333571 4.349317 0.030510 0.335837 0.003756
Note: Branch length is defined for the first gene (site partition).
For other genes, look at "rates for genes".

tree length =   3.23515 (1st gene)

((((4: 0.140232, 5: 0.140232): 0.052752, 2: 0.192983): 0.765027, 1: 0.958010): 0.013954, 3: 0.971963);

((((cerevisiae: 0.140232, paradoxus: 0.140232): 0.052752, mikatae: 0.192983): 0.765027, castellii: 0.958010): 0.013954, kluyveri: 0.971963);

Detailed output identifying parameters

rates for 2 genes:     1  0.96141

gene # 1: kappa =   5.93396 omega =   0.07082
gene # 2: kappa =   2.86380 omega =   0.02981

Time used:  0:16
