
seed used = 1418854401
      6   1083

castellii                                  ATG GGT ATT TTA GAC GTT ATC AAG AGA AAG GAA GGT GTT ATT GTC GGT GAC GAT GTC AGA GCT TTG TTC ACT TAC GCT AGA GAA CAC AAG TTC GCC ATC CCA GCT ATC AAC GTT ACT TCT TCT TCT ACC GTT GTT GCT GCT TTG GAA GCT GCT CGT GAC AAC AAG TGT CCA ATC ATC TTG CAA ACC TCT AAC GGT GGT GCT GCC TAC TTT GCC GGT AAG GGT GTC TCC AAC GAT GGT CAA AAC GCC TCC ATC AGA GGT TCC ATC GCT GCC GCT CAC TAC ATC AGA TCT ATT GCT TCT GCT TAC GGT ATT CCA GTC GTC TTA CAC TCT GAC CAT TGT GCC AAG AAA TTG TTG CCA TGG TTC GAT GGT ATG TTG GAA GCT GAT GAA GCT TAC TTC AAG CAA ACT GGT GAA CCT TTG TTC TCT TCC CAT ATG TTG GAT CTT TCC GAA GAA TCC GAT GAA GAA AAC ATC GGT ACC TGT GTT AAG TAC TTC AAG AGA ATG GCC GCT ATG GGT CAA TGG TTA GAA ATG GAA ATC GGT ATC ACC GGT GGT GAA GAA GAT GGT GTT AAC AAC GAA TCC GTC GAA AAG GAT GAC TTG TAC ACC AAG GCT GAA CAA GTT TAC GCT GTT CAC GAA GCT TTG GCC CCA ATC TCT CCA AAC TTC TCC ATT GCT GCT GCT TTC GGT AAC GTT CAC GGT GTC TAC --- GCT GGT ACC ATG GAA TTG AAG CCA GAA ATC TTG GCT GAA CAT CAA GCT TAC GCT GCT GCT AAG TTG GGT GCT CCA AAG GGT ACC AAG CCA TTG TAC TTG GTT TTC CAC GGT GGT TCC GGT TCT ACC GAC CAA CAA TTC CAC ACT GGT ATT GAC AAC GGT GTT GTC AAG GTC AAT TTG GAT ACT GAC TGT CAA TAC GCT TAC TTG AAG GGT ATC AGA GAC TAC GTC TTG AAC AAG AAG GAC TAC ATC ATG TCT ATG GTT GGT AAC CCA ACT GGT GCT GAA GCT CCA AAC AAG AAG TAC TTC GAC CCA AGA GTC TGG GTT AGA GAA GGT GAA AAG ACC ATG TCT GAA AGA ATT GCT CAC GCT TTC GAA GTT TTC AGA ACT CAA AAC ACT TTA 
bayanus                                    ATG GGT GTT GAA CAA ATC TTA AAG AGA AAG ACC GGT GTC ATC GTT GGT GAA GAT GTC TAC AAC TTA TTC AGC TAC GCT AAG GAA CAC AAG TTC GCT ATT CCA GCT ATT AAC GTT ACC TCT TCT TCT ACT GCC GTC GCT GCT TTA GAA GCT GCT AGA GAC GCT AAG TCC CCA ATC ATT TTG CAA ACC TCT AAC GGT GGT GCC GCT TAC TTC GCT GGT AAG GGT ATC TCT AAC GAA GGT CAA AAT GCT TCC ATC AAG GGT TCT ATT GCT GCT GCC CAC TAC ATC AGA TCC ATT GCT CCA GCT TAC GGT ATC CCA GTT GTC TTA CAC TCT GAC CAT TGT GCT AAG AAA TTG TTG CCA TGG TTC GAT GGT ATG TTA GAA GCC GAT GAA GCT TAC TTC AAG TTG CAC GGT GAA CCA TTG TTC TCT TCC CAC ATG TTG GAT TTG TCT GAA GAA TCC GAT GAA GAA AAC ATT GGT ACT TGT GTC AAG TAC TTC AAG AAG ATG GCC GCT ATG GGT CAA TGG TTA GAA ATG GAA ATC GGT ATC ACC GGT GGT GAA GAA GAT GGT GTC AAC AAC GAA AAT GCT GAC AAG GAT GAC TTA TAC ACC AAG CCA GAA CAA GTT TAC AAC GTC TAC AAG GCT TTG CAA CCA ATC TCT CCA AAC TTC TCC ATT GCT GCT GCT TTC GGT AAC TGT CAC GGT TTG TAC --- GCT GGT GAC ATC GCT TTG AGA CCA GAA ATC TTA GCT GAC CAC CAA AAG TAC ACC AAG GAA CAA ACT GGT TGC AAG GAA --- GAC AAG CCA TTA TTC TTG GTC TTC CAC GGT GGT TCC GGT TCT ACT GTC CAA GAA TTC CAC ACT GGT ATT GAC AAC GGT GTT GTC AAG GTC AAC TTG GAC ACT GAC TGT CAA TAC GCT TAC TTG ATC GGT ATC AGA GAC TAC GTC TTG AAC AAG AAG GAC TAC ATA ATG TCC CCA GTT GGT AAC CCA GAA GGT CCA GAA AAG CCA AAC AAG AAG TAC TTC GAC CCA AGA GTC TGG GTT AGA GAA GGT GAA AAG ACT ATG ACC GCT AAG ATC TCC AAG TCT TTG GAA ACT TTC CGT ACC GTC AAC ACT TTA 
mikatae                                    ATG GGT GTT GAA CAA ATC TTA AAG AGA AAG ACC GGT GTC ATC GTT GGT GAA GAT GTC CAC AAC TTA TTC ACT TAC GCT AAG GAA CAC AAG TTC GCT ATT CCA GCT ATT AAC GTT ACC TCT TCC TCT ACT GCC GTC GCT GCT TTA GAA GCT GCT AGA GAC AAC AAG TCC CCA ATC ATT TTG CAA ACC TCT AAC GGT GGT GCC GCT TAC TTT GCT GGT AAG GGT ATC TCT AAC GAA GGT CAA AAC GCT TCT ATC AAG GGT TCT ATT GCT GCT GCC CAC TAC ATC AGA TCC ATT GCC CCA GCT TAC GGT ATC CCA GTT GTC TTA CAC TCT GAC CAC TGT GCC AAG AAG TTG TTG CCA TGG TTC GAC GGT ATG TTG GAA GCT GAT GAA GCT TAC TTC AAG GAA CAC GGT GAA CCA TTA TTC TCT TCT CAC ATG TTG GAT TTG TCT GAA GAA AGT GAC GAA GAA AAC ATT GGT ACT TGT GTC AAG TAC TTC AAG AGA ATG GCC GCT ATG GAC CAA TGG TTA GAA ATG GAA ATC GGT ATT ACC GGT GGT GAA GAA GAT GGT GTT AAC AAC GAA AAC GCC GAC AAG GAA GAC TTG TAC ACC AAG CCA GAA CAA GTT TAC AAC GTC TAC AAG GCT TTG CAC CCA ATC TCT CCA AAC TTC TCT ATT GCT GCC GCT TTC GGT AAC TGT CAC GGT TTG TAC --- GCT GGT GAC ATC GCT TTG AGA CCA GAA ATC TTG GCT GAC CAC CAA AAA TAC ACC AAA CAA CAA ACT GGT TCC AAG GAA --- GAC AAG CCA TTG TTC TTG GTC TTC CAC GGT GGT TCC GGT TCT ACC GTC CAA GAA TTC CAC ACT GGT ATT GAC AAC GGT GTT GTC AAG GTC AAC TTG GAC ACT GAC TGT CAA TAC GCT TAC TTG ACT GGT ATC AGA GAC TAC GTC TTG AAC AAG AAG GAC TAC ATA ATG TCC CCA GTT GGT AAC CCA GAA GGT CCA GAA AAG CCA AAC AAG AAG TTC TTC GAC CCA AGA GTC TGG GTT AGA GAA GGT GAA AAG ACC ATG ACT GCT AAG ATC GCC AAG TCT TTG GAA ACT TTC CGT ACC ACT AAC ACT TTA 
kluyveri                                   ATG GGT ATC CAA TCT GTT TTG AAG AGA AAG ACC GGT GTC ATC GTC GGT GAC GAT GTC CGC GCT TTG TTC GAC TAC GCT AAG GAA CAC AAG TTC GCT ATC CCA GCT ATC AAC GTT ACC ACC TCT TCC ACC GTC ATT GCT GCT TTG GAA GCT GCT AGA GAC GCC AAG TCC CCA ATC ATC TTG CAA ACC TCT AAC GGT GGT GCC GCT TAC TTT GCC GGT AAG GGT GTC TCC AAC GAA GGC CAA AAC GCC TCC ATC CAA GGT TCT GTC GCT GCT GCC CAC TAC ATT AGA GCT ATT GCC CCA GCT TAC GGT ATC CCA GTT GTC TTG CAC TCT GAC CAC TGT GCC AAG AAG TTG TTG CCA TGG TAC GAC GGT ATG TTG GCT GCT GAC GAA GCC TAC TTC AAG GAA CAC GGT GAA CCA TTA TTC TCC TCC CAC ATG TTG GAC TTG TCT GAA GAA TCC GAC GAC GAA AAC ATT TCC ACC TGT GTC AAG TAC TTC ACC AGA ATG GCC AAG ATG AAC CAA TGG TTG GAA ATG GAA ATC GGT ATC ACC GGT GGT GAA GAA GAT GGT GTC AAC AAC GAA CAC GTT GCC AAG GAA GAC TTG TAC ACT TCC CCA GAA ACC GTC TAC GCT GTC TAT GAA GCT TTG GCC CCA ATT TCT CCA AAC TTC TCC ATT GCT GCC GCT TTC GGT AAC GTC CAC GGT GTC TAC CAA GCC GGT AAC GTT GTC TTG TCC CCA CAA ATC TTG GGT GAC CAC CAA AAG TAC GCT GCC CAA AAG ACT GGT GCT GCC GCT GGC TCC AAG CCA TTG TAC TTG GTC TTC CAC GGT GGT TCC GGT TCT ACT CAA GAA GAG TTC AAC ACT GGT ATC AGC AAC GGT GTC GTC AAG GTC AAC TTG GAC ACT GAC TGT CAA TAC GCT TAC TTG ACC GGT ATC AGA GAC TAC GTC TTG AAC AAG AAG GAC TAC ATC ATG TCC ATG GTT GGT AAC CCA GAG GGT GCT GAC AAG CCA AAC AAG AAG TAC TTT GAC CCA AGA GTC TGG GTT AGA GAA GGT GAA AAG ACC ATG TCC AAG AGA ATC TCT GAA GCT TTG GAC GTT TTC CAC ACC AAG AAC CAA TTG 
cerevisiae                                 ATG GGT GTT GAA CAA ATC TTA AAG AGA AAG ACC GGT GTC ATC GTT GGT GAA GAT GTC CAC AAC TTA TTC ACT TAC GCT AAG GAA CAC AAG TTC GCT ATT CCA GCT ATT AAC GTC ACC TCT TCT TCT ACT GCC GTC GCT GCT TTA GAA GCT GCT AGA GAC AGC AAG TCC CCA ATC ATT TTG CAA ACC TCT AAC GGT GGT GCT GCT TAC TTC GCT GGT AAG GGT ATC TCT AAC GAA GGT CAA AAT GCT TCC ATC AAG GGT GCT ATT GCC GCT GCC CAC TAC ATC AGA TCC ATT GCT CCA GCT TAC GGT ATC CCA GTT GTC TTA CAC TCT GAC CAC TGT GCC AAG AAG TTG TTG CCA TGG TTC GAT GGT ATG TTG GAA GCT GAT GAA GCT TAC TTC AAG GAA CAC GGT GAA CCA TTA TTC TCC TCC CAC ATG TTG GAT TTG TCT GAA GAA ACC GAT GAA GAA AAC ATC TCT ACT TGT GTC AAG TAC TTC AAG AGA ATG GCC GCT ATG GAC CAA TGG TTA GAA ATG GAA ATC GGT ATT ACC GGT GGT GAA GAA GAT GGT GTT AAC AAC GAA AAC GCT GAC AAG GAA GAC TTG TAC ACC AAG CCA GAA CAA GTT TAC AAC GTC TAC AAG GCT TTG CAC CCA ATC TCT CCA AAC TTC TCC ATT GCT GCT GCT TTC GGT AAC TGT CAC GGT TTG TAC --- GCT GGT GAC ATC GCT TTG AGA CCA GAA ATC TTG GCT GAA CAC CAA AAG TAC ACC AGA GAA CAA GTT GGT TGC AAG GAA --- GAA AAG CCA TTG TTC TTG GTC TTC CAC GGT GGT TCC GGT TCT ACT GTC CAA GAA TTC CAC ACT GGT ATT GAC AAC GGT GTT GTC AAG GTC AAC TTG GAC ACT GAC TGT CAA TAC GCT TAC TTG ACT GGT ATC AGA GAC TAC GTC TTG AAC AAG AAG GAC TAC ATA ATG TCC CCA GTC GGT AAC CCA GAA GGT CCA GAA AAG CCA AAC AAG AAG TTC TTC GAC CCA AGA GTC TGG GTT AGA GAA GGT GAA AAG ACC ATG GGT GCT AAG ATC ACC AAG TCT TTG GAA ACT TTC CGT ACC ACT AAC ACT TTA 
paradoxus                                  ATG GGT GTT GAA CAA ATC TTA AAG AGA AAG ACC GGT GTC ATC GTT GGT GAA GAT GTC CAC AAC TTA TTC ACT TAC GCT AAG GAA CAC AAG TTC GCT ATT CCA GCT ATT AAC GTC ACC TCT TCT TCT ACT GCC GTT GCT GCC TTA GAA GCT GCT AGA GAC AGC AAG TCC CCA ATC ATT TTG CAA ACC TCT AAC GGT GGT GCT GCT TAC TTC GCT GGT AAG GGT ATC TCT AAC GAA GGT CAA AAT GCC TCC ATC AAG GGT TCT ATT GCC GCT GCC CAC TAC ATC AGA TCC ATT GCT CCA GCT TAC GGT ATC CCA GTC GTC TTA CAC TCT GAC CAC TGT GCC AAG AAG TTG TTG CCA TGG TTC GAT GGT ATG TTG GAA GCT GAT GAA GCT TAC TTC AAG GAA CAC GGT GAA CCA TTA TTC TCC TCC CAC ATG TTG GAT TTG TCT GAA GAA ACT GAC GAC GAA AAC ATC GCT ACT TGT GTC AAG TAC TTC AAG AGA ATG GCC GCT ATG GAC CAA TGG TTA GAA ATG GAA ATC GGT ATC ACC GGT GGT GAA GAA GAT GGT GTT AAC AAC GAA AAC GCT GAC AAG GAA GAC TTG TAC ACC AAG CCA GAA CAA GTC TAC AAC GTC TAC AAG GCT TTG CAC CCA ATC TCT CCA AAC TTC TCC ATT GCT GCT GCT TTC GGT AAC TGT CAC GGT TTG TAC --- GCT GGT GAC ATC GCT TTG AGA CCA GAA ATC TTG GCT GAC CAC CAA AAG TAC ACC AAG CAA CAA ACT GGT TCC AAG GAA --- GAC AAG CCA TTG TTC TTG GTC TTC CAC GGT GGT TCT GGT TCT ACC GTC CAA GAA TTC CAC ACT GGT ATT GAC AAC GGT GTT GTC AAG GTC AAC TTG GAC ACT GAC TGT CAA TAC GCT TAC TTG ACT GGT ATC AGA GAC TAC GTC TTG AAC AAG AAG GAC TAC ATA ATG TCC CCA GTT GGT AAC CCA GAA GGT CCA GAA AAG CCA AAC AAG AAG TTC TTC GAC CCA AGA GTC TGG GTT AGA GAA GGT GAA AAG ACC ATG AGT GCT AAG ATC ACC AAG TCT TTG GAA ACT TTC CGT ACC ACT AAC ACT TTA 



Printing out site pattern counts


         6        522  P G
G 2        2    172

castellii                                   ATG GGT --- AAA AAC AAC AAC AAG AAG AAG AAG AAG AAG AAG AAT ACC ACC ACC ACC ACC ACC ACC ACT ACT ACT ACT ACT ACT AGA AGA AGA AGA AGA AGA AGA ATC ATC ATC ATC ATC ATC ATC ATC ATG ATG ATG ATT ATT ATT ATT CAA CAA CAA CAA CAA CAA CAC CAC CAC CAC CAT CAT CCA CCA CCT CGT CTT GAA GAA GAA GAA GAA GAA GAA GAA GAA GAA GAA GAC GAC GAC GAC GAC GAT GAT GAT GAT GAT GAT GAT GCC GCC GCC GCC GCC GCC GCT GCT GCT GCT GCT GCT GCT GCT GCT GCT GCT GCT GCT GCT GCT GCT GCT GCT GCT GCT GCT GGT GGT GGT GGT GGT GTC GTC GTC GTC GTC GTC GTT GTT GTT GTT GTT GTT GTT GTT GTT GTT GTT GTT TAC TAC TAC TCC TCC TCC TCC TCC TCC TCC TCT TCT TCT TCT TCT TCT TCT TCT TCT TGG TGT TGT TTA TTA TTC TTC TTC TTC TTG TTG TTG TTG TTG TTT
bayanus                                     ATG GGT --- AAA AAC AAT GCT AAG AAG AAG AGA ATC CAA GAA AAC ACC ACC ACT ACT ACT GAC GAC ACC ACT ACT AGC CAC GAA AAG AAG AAG AAG AGA CGT TAC ATA ATC ATC ATC ATT ATT ATT TTA ATC ATG CCA ATC ATT ATT GTT CAA CAA CAA GAA GTC TTG AAG CAC CAC TAC CAC CAT AAG CCA CCA AGA TTG AAG ACC GAA GAA GAA GAA GAA GAC GAC GCT GCT CAA GAA GAC GAC GTC GAA GAC GAT GAT GAT GAT GAT CAA GCC GCT GCT GCT GCT AAC AAG AAG AAG ACC CCA CCA GAA GCC GCC GCC GCT GCT GCT GCT GCT GCT GCT TCC TCT TGC --- GGT GGT GGT GGT ATC GCT GTC GTT GTT TTG ACT ATC GCC GTC GTC GTC GTT GTT GTT GTT GTT TGT TAC TAC TTC AAT TCC TCC TCC TCT TCT TCT ACC CCA TCC TCC TCT TCT TCT TCT TCT TGG TCC TGT GAA TTA TTC TTC TTC TTG ACT TTA TTA TTG TTG TTC
mikatae                                     ATG GGT --- AAG AAC AAC AAC AAG AAG AAG AGA ACT CAA GAA AAC ACC ACC ACC ACC ACT GAC GAC ACC ACT ACT ACT CAC GAA AAG AAG AAG AGA AGA CGT CAC ATA ATC ATC ATT ATT ATT ATT TTA ATC ATG CCA ATC ATT ATT GTT CAA CAA CAA GAA ACT GAA AAG CAC CAC TAC CAC CAC AAG CCA CCA AGA TTG AAG ACC GAA GAA GAA GAA GAA GAC GAC GCT GCT CAA GAA GAC GAC GTC GAA GAC GAA GAC GAC GAT GAT CAC GCC GCC GCT GCT GCT AAC AAA AAA AAG ACC CCA CCA CAA GCC GCC GCT GCC GCT GCT GCT GCT GCT GCT GCC TCT TCC --- GAC GGT GGT GGT ATC GCC GTC GTT GTT TTG ACT ATC GCC GTC GTC GTT GTT GTT GTT GTT GTT TGT TAC TTC TTC AAC AGT TCC TCT TCT TCT TCT ACT CCA TCC TCC TCC TCT TCT TCT TCT TGG TCC TGT GAA TTA TTC TTC TTC TTG ACT TTA TTG TTA TTG TTT
kluyveri                                    ATG GGT CAA AAG AAC AAC GCC AAG ACC TCC TCC ACC AAG GCT AAC ACC ACT ACC ACT ACC AAC TCC ACC ACT CAA GAC CAC GAG AAG AGA CAA AGA AGA CAC CGC ATC ATC ATT ATC ATC ATT GTC TTG GTT ATG ATG ATC ATC ATT ATC ACC CAA GAA GAG AAG GAA GAA AAC CAC TAT CAC CAC GCC CCA CCA AGA TTG GAA ACC CAA GAA GAC GAC GCT GAC GCC AAG GTC TCT GAC AGC GAC CAA GAA GAC GAA GAC GAC GAC GAT GCC GCC GCC GCC GCC GCT GCT AAG GCC AAG GCT CCA GCT CAA GCC GCC GCT GCC AAG GCC GCT GCT GCT GGT TCT GCT GCT GGC AAC GGC GGT TCC GTC GTT GTC GTC GTT GTC GTT GTT GTC ATT GTC GTC GTC GTC GTT GTT GTT GTC TAC TAC TAC CAC TCC TCC TCC TCC TCT TCT TCC CCA GCT TCC TCT ACC TCC TCC TCT TGG TCC TGT CAA TTG TAC TTC TTT TTG ACT TTG TTG TTA TTG TTT
cerevisiae                                  ATG GGT --- AAG AAC AAT AGC AAG AAG AAG AGA ACT CAA GAA AAC ACC ACC ACC ACT ACT GAC GAA ACC ACT ACT ACT CAC GAA AAG AAG AAG AGA AGA CGT CAC ATA ATC ATC ATT ATT ATC ATT TTA ATC ATG CCA ATC ATT ATT GTT CAA CAA CAA GAA ACT GAA AAG CAC CAC TAC CAC CAC AAG CCA CCA AGA TTG AAG ACC GAA GAA GAA GAA GAA GAA GAC GCT GCT CAA GAA GAC GAC GTC GAA GAC GAA GAT GAT GAT GAT CAC GCC GCC GCT GCT GCT AAC AAG AGA AAG ACC CCA CCA GAA GCC GCT GCT GCT GCT GCT GCC GCT GCT GCT ACC TCT TGC --- GAC GGT GGT TCT ATC GCT GTC GTT GTT TTG ACT ATC GCC GTC GTC GTT GTT GTT GTC GTC GTT TGT TAC TTC TTC AAC ACC TCC TCC TCT GCT TCT GGT CCA TCC TCC TCT TCT TCC TCT TCT TGG TCC TGT GAA TTA TTC TTC TTC TTG GTT TTA TTG TTA TTG TTC
paradoxus                                   ATG GGT --- AAG AAC AAT AGC AAG AAG AAG AGA ACT CAA GAA AAC ACC ACC ACC ACC ACT GAC GAC ACC ACT ACT ACT CAC GAA AAG AAG AAG AGA AGA CGT CAC ATA ATC ATC ATC ATT ATC ATT TTA ATC ATG CCA ATC ATT ATT GTT CAA CAA CAA GAA ACT GAA AAG CAC CAC TAC CAC CAC AAG CCA CCA AGA TTG AAG ACC GAA GAA GAA GAC GAA GAC GAC GCT GCT CAA GAA GAC GAC GTC GAA GAC GAA GAC GAT GAT GAT CAC GCC GCC GCC GCT GCT AAC AAG AAG AAG ACC CCA CCA CAA GCC GCT GCT GCT GCT GCT GCC GCC GCT GCT ACC TCT TCC --- GAC GGT GGT GCT ATC GCT GTC GTT GTC TTG ACT ATC GCC GTT GTC GTT GTC GTT GTC GTT GTT TGT TAC TTC TTC AAC ACT TCT TCC TCT TCT TCT AGT CCA TCC TCC TCT TCT TCC TCT TCT TGG TCC TGT GAA TTA TTC TTC TTC TTG ACT TTA TTG TTA TTG TTC



    1    1    1    1   13    1    1   16    1    1    1    1    1    1    1
    2    1    1    1    2    1    1    2    2    1    1    1    1    1    1
    1    1    5    1    1    1    5    2    1    3    1    1    1    1    7
    1    3    1    2    1    1    5    1    1    1    1    1    1    5    1
    2    1    1   11    1    1    1    1    1    1   15    2    1    1    1
    1    1    1    1    1    1    7    1    1    1    1    1    1    2    2
    1    1    1    1    1    3    2    1    1    1    1    1    1    1    1
    1    1    2    1    2    1    1   10    1    1    1    1    1    1    1
   27    1    1    1    6    1    1    1    1    1    1    1    4    1    1
    1    1    1    1    1   14    1    1    1    1    1    3    1    1    1
    1    1    1    1    1    1    1    1    4    3    1    3    1    3    1
   10    1    1    1    2    4    1   10    1

CODONML (in paml version 4.4b, July 2010)  torun.nuc
Model: One dN/dS ratio for branches Global clock  (2 genes: diff. rate & k&w)  
Codon frequency model: F3x4
ns =   6  ls = 361

Codon usage in sequences
--------------------------------------------------------------------------------------------------------------
Phe TTT  1  0  1  2  0  0 | Ser TCT 12 12 14  9 11 12 | Tyr TAT  0  0  0  1  0  0 | Cys TGT  4  4  4  3  4  4
    TTC 13 14 14 10 15 15 |     TCC  9  9  6 15  8  8 |     TAC 16 17 15 17 15 15 |     TGC  0  1  0  0  1  0
Leu TTA  4 10  7  1  7  7 |     TCA  0  0  0  0  0  0 | *** TAA  0  0  0  0  0  0 | *** TGA  0  0  0  0  0  0
    TTG 18 15 17 22 17 17 |     TCG  0  0  0  0  0  0 |     TAG  0  0  0  0  0  0 | Trp TGG  3  3  3  3  3  3
--------------------------------------------------------------------------------------------------------------
Leu CTT  1  0  0  0  0  0 | Pro CCT  1  0  0  0  0  0 | His CAT  3  1  0  0  0  0 | Arg CGT  1  1  1  0  1  1
    CTC  0  0  0  0  0  0 |     CCC  0  0  0  0  0  0 |     CAC  8  9 12 11 12 12 |     CGC  0  0  0  1  0  0
    CTA  0  0  0  0  0  0 |     CCA 12 16 16 14 16 16 | Gln CAA 10 10 10 12  9 10 |     CGA  0  0  0  0  0  0
    CTG  0  0  0  0  0  0 |     CCG  0  0  0  0  0  0 |     CAG  0  0  0  0  0  0 |     CGG  0  0  0  0  0  0
--------------------------------------------------------------------------------------------------------------
Ile ATT  7  8  9  6  8  7 | Thr ACT  8  9 11  5 10 11 | Asn AAT  1  2  0  0  1  1 | Ser AGT  0  0  1  0  0  1
    ATC 15 15 13 15 14 15 |     ACC  9  8  9 12 10 10 |     AAC 15 16 19 18 17 17 |     AGC  0  1  0  1  1  1
    ATA  0  1  1  0  1  1 |     ACA  0  0  0  0  0  0 | Lys AAA  1  1  2  0  0  0 | Arg AGA 11  7  8  8  9  8
Met ATG 10  8  8  9  8  8 |     ACG  0  0  0  0  0  0 |     AAG 22 28 26 24 27 28 |     AGG  0  0  0  0  0  0
--------------------------------------------------------------------------------------------------------------
Val GTT 15  8  9  8  8  7 | Ala GCT 33 28 24 25 28 26 | Asp GAT  9  7  4  2  6  5 | Gly GGT 32 31 30 29 30 29
    GTC 11 14 12 20 14 14 |     GCC  8  5  9 15  5  7 |     GAC 11 13 16 18 12 16 |     GGC  0  0  0  2  0  0
    GTA  0  0  0  0  0  0 |     GCA  0  0  0  0  0  0 | Glu GAA 26 27 28 21 31 27 |     GGA  0  0  0  0  0  0
    GTG  0  0  0  0  0  0 |     GCG  0  0  0  0  0  0 |     GAG  0  0  0  2  0  0 |     GGG  0  0  0  0  0  0
--------------------------------------------------------------------------------------------------------------

Codon position x base (3x4) table for each sequence.

#1: castellii      
position  1:    T:0.22222    C:0.10000    A:0.27500    G:0.40278
position  2:    T:0.26389    C:0.25556    A:0.33889    G:0.14167
position  3:    T:0.35556    C:0.31944    A:0.17778    G:0.14722
Average         T:0.28056    C:0.22500    A:0.26389    G:0.23056

#2: bayanus        
position  1:    T:0.23677    C:0.10306    A:0.28969    G:0.37047
position  2:    T:0.25905    C:0.24234    A:0.36490    G:0.13370
position  3:    T:0.30919    C:0.33983    A:0.20056    G:0.15042
Average         T:0.26834    C:0.22841    A:0.28505    G:0.21820

#3: mikatae        
position  1:    T:0.22563    C:0.10864    A:0.29805    G:0.36769
position  2:    T:0.25348    C:0.24791    A:0.36769    G:0.13092
position  3:    T:0.30084    C:0.34819    A:0.20056    G:0.15042
Average         T:0.25998    C:0.23491    A:0.28877    G:0.21634

#4: kluyveri       
position  1:    T:0.22992    C:0.10526    A:0.27147    G:0.39335
position  2:    T:0.25762    C:0.26316    A:0.34903    G:0.13019
position  3:    T:0.24931    C:0.42936    A:0.15512    G:0.16620
Average         T:0.24561    C:0.26593    A:0.25854    G:0.22992

#5: cerevisiae     
position  1:    T:0.22563    C:0.10585    A:0.29526    G:0.37326
position  2:    T:0.25627    C:0.24513    A:0.36212    G:0.13649
position  3:    T:0.29805    C:0.34540    A:0.20334    G:0.15320
Average         T:0.25998    C:0.23213    A:0.28691    G:0.22098

#6: paradoxus      
position  1:    T:0.22563    C:0.10864    A:0.30084    G:0.36490
position  2:    T:0.25348    C:0.25070    A:0.36490    G:0.13092
position  3:    T:0.28969    C:0.36212    A:0.19220    G:0.15599
Average         T:0.25627    C:0.24048    A:0.28598    G:0.21727

Codon usage in genes
--------------------------------------------------------------
Phe TTT  0  4 | Ser TCT  0 70 | Tyr TAT  0  1 | Cys TGT  0 23
    TTC  0 81 |     TCC  0 55 |     TAC  0 95 |     TGC  0  2
Leu TTA  0 36 |     TCA  0  0 | *** TAA  0  0 | *** TGA  0  0
    TTG  0 106 |     TCG  0  0 |     TAG  0  0 | Trp TGG  0 18
--------------------------------------------------------------
Leu CTT  0  1 | Pro CCT  0  1 | His CAT  0  4 | Arg CGT  0  5
    CTC  0  0 |     CCC  0  0 |     CAC  0 64 |     CGC  0  1
    CTA  0  0 |     CCA  0 90 | Gln CAA  0 61 |     CGA  0  0
    CTG  0  0 |     CCG  0  0 |     CAG  0  0 |     CGG  0  0
--------------------------------------------------------------
Ile ATT  0 45 | Thr ACT  0 54 | Asn AAT  0  5 | Ser AGT  0  2
    ATC  0 87 |     ACC  0 58 |     AAC  0 102 |     AGC  0  4
    ATA  0  4 |     ACA  0  0 | Lys AAA  0  4 | Arg AGA  0 51
Met ATG  6 45 |     ACG  0  0 |     AAG  0 155 |     AGG  0  0
--------------------------------------------------------------
Val GTT  0 55 | Ala GCT  0 164 | Asp GAT  0 33 | Gly GGT  6 175
    GTC  0 85 |     GCC  0 49 |     GAC  0 86 |     GGC  0  2
    GTA  0  0 |     GCA  0  0 | Glu GAA  0 160 |     GGA  0  0
    GTG  0  0 |     GCG  0  0 |     GAG  0  2 |     GGG  0  0
--------------------------------------------------------------

Codon position x base (3x4) table for each gene.


Gene #1
position  1:    T:0.00000    C:0.00000    A:0.50000    G:0.50000
position  2:    T:0.50000    C:0.00000    A:0.00000    G:0.50000
position  3:    T:0.50000    C:0.00000    A:0.00000    G:0.50000
Average         T:0.33333    C:0.00000    A:0.16667    G:0.50000

Gene #2
position  1:    T:0.22890    C:0.10583    A:0.28718    G:0.37809
position  2:    T:0.25594    C:0.25221    A:0.35991    G:0.13193
position  3:    T:0.29930    C:0.35944    A:0.18928    G:0.15198
Average         T:0.26138    C:0.23916    A:0.27879    G:0.22067

Sums of codon usage counts
------------------------------------------------------------------------------
Phe F TTT       4 | Ser S TCT      70 | Tyr Y TAT       1 | Cys C TGT      23
      TTC      81 |       TCC      55 |       TAC      95 |       TGC       2
Leu L TTA      36 |       TCA       0 | *** * TAA       0 | *** * TGA       0
      TTG     106 |       TCG       0 |       TAG       0 | Trp W TGG      18
------------------------------------------------------------------------------
Leu L CTT       1 | Pro P CCT       1 | His H CAT       4 | Arg R CGT       5
      CTC       0 |       CCC       0 |       CAC      64 |       CGC       1
      CTA       0 |       CCA      90 | Gln Q CAA      61 |       CGA       0
      CTG       0 |       CCG       0 |       CAG       0 |       CGG       0
------------------------------------------------------------------------------
Ile I ATT      45 | Thr T ACT      54 | Asn N AAT       5 | Ser S AGT       2
      ATC      87 |       ACC      58 |       AAC     102 |       AGC       4
      ATA       4 |       ACA       0 | Lys K AAA       4 | Arg R AGA      51
Met M ATG      51 |       ACG       0 |       AAG     155 |       AGG       0
------------------------------------------------------------------------------
Val V GTT      55 | Ala A GCT     164 | Asp D GAT      33 | Gly G GGT     181
      GTC      85 |       GCC      49 |       GAC      86 |       GGC       2
      GTA       0 |       GCA       0 | Glu E GAA     160 |       GGA       0
      GTG       0 |       GCG       0 |       GAG       2 |       GGG       0
------------------------------------------------------------------------------

(Ambiguity data are not used in the counts.)


Codon position x base (3x4) table, overall

position  1:    T:0.22763    C:0.10524    A:0.28836    G:0.37877
position  2:    T:0.25730    C:0.25081    A:0.35790    G:0.13398
position  3:    T:0.30042    C:0.35744    A:0.18822    G:0.15392
Average         T:0.26178    C:0.23783    A:0.27816    G:0.22222


Nei & Gojobori 1986. dN/dS (dN, dS)
(Pairwise deletion)
(Note: This matrix is not used in later ML. analysis.
Use runmode = -2 for ML pairwise comparison.)

castellii           
bayanus              0.2590 (0.1289 0.4976)
mikatae              0.2732 (0.1267 0.4637) 0.1374 (0.0230 0.1677)
kluyveri             0.2722 (0.1279 0.4697) 0.2842 (0.1328 0.4672) 0.3098 (0.1261 0.4070)
cerevisiae           0.2953 (0.1315 0.4453) 0.2499 (0.0317 0.1269) 0.2046 (0.0181 0.0886) 0.3109 (0.1323 0.4254)
paradoxus            0.3052 (0.1324 0.4337) 0.1621 (0.0255 0.1574) 0.0667 (0.0072 0.1078) 0.2975 (0.1232 0.4142) 0.2553 (0.0132 0.0519)


TREE #  1:  (((((5, 6), 3), 2), 1), 4);   MP score: -1
lnL(ntime:  5  np: 10):  -3000.745400      +0.000000
   7..8     8..9     9..10   10..11   11..5    11..6    10..3     9..2     8..1     7..4  
 0.003595 0.003595 0.000889 0.000584 0.000346 99.000000 999.000000 0.000100 1.840499 0.247789
SEs for parameters:
 2.726823 2.726274 0.673996 0.442642 0.262280 75069.073959 3365979428.756777 43.300587 0.257118 0.037764
Note: Branch length is defined for the first gene (site partition).
For other genes, look at "rates for genes".

tree length =   0.01260 (1st gene)

(((((5: 0.000346, 6: 0.000346): 0.000238, 3: 0.000584): 0.000305, 2: 0.000889): 0.002707, 1: 0.003595): 0.000000, 4: 0.003595);

(((((cerevisiae: 0.000346, paradoxus: 0.000346): 0.000238, mikatae: 0.000584): 0.000305, bayanus: 0.000889): 0.002707, castellii: 0.003595): 0.000000, kluyveri: 0.003595);

Detailed output identifying parameters

rates for 2 genes:     1 99.00000

gene # 1: kappa = 999.00000 omega =   0.00010
gene # 2: kappa =   1.84050 omega =   0.24779

Time used:  0:34
