
seed used = 1418812897
      6    789

castellii                                  ATG TCC CTT CTA AGA TCC ACG TCA ATT AAT CAT CAC ATT TCA ATA ATG CCA AAG TTA GTT TTA GTT AGA CAC GGT CAA TCC GAA TGG AAC GAA AAG AAC TTG TTT ACC GGT TGG GTC GAC GTT AGA TTG TCT GCC GTC GGT GAA AAG GAA GCC GCC AGA GCT GGT GAA CTT TTG AAG GAA AAG AAC GTT CAC CCA GAT ATC TTG TAC ACC TCC AAG TTG TCC AGA GCT ATC CAA ACC GCC AAC ATT GCT CTA TCC GTC TCT GAC AGA TTA TGG ATC CCA GTT AAG AGA TCC TGG AGA TTA AAC GAA AGA CAC TAC GGT GCT CTA CAA GGT AAG GAC AAG GCT GAA ACT TTG GAA AAG TAC GGT GAA GAA AAA TTC ACC ACC TGG AGA AGA TCC TTC GAT GTT CCA CCA CCA GTC ATT GAA GAC GAC TCC CCA TTC TCT CAA AAG GGT GAT GCT AGA TAC AAG GAT GTT GAT CCA AAT GTC TTG CCA CAA ACT GAA TCT TTG GCT TTG GTC ATT GAC AGA TTG TTG CCA TAC TGG CAA GAT GTT ATC GCC AAG GAC TTG TTG GAT GGT AAG ACT GTT ATG ATC GCC GCC CAC GGT AAC TCT TTG AGA GCC TTG GTT AAG CAT TTG GAA GGT ATT TCC GAT GCT GAC ATT GCC AAG TTG AAC ATC CCA ACT GGT ATC CCA TTG GTC TTC GAA TTG GAC GAA AAC TTG AAG CCA ACT AAG CCA TCT TAC TAC TTG GAC CCA GAA GCT GCT GCT GCT GGT GCC GCT GCC GTC GCT GCT CAA GGT AAG AAG AAA 
bayanus                                    --- --- --- --- --- --- --- --- --- --- --- --- --- --- --- ATG CCA AAG TTA ATT TTA GTC AGA CAC GGT CAA TCC GAA TGG AAC GAA AAG AAC TTA TTC ACC GGT TGG GTT GAT GTT AAG TTA TCT GCC AAG GGT CAA CAA GAA GCC GCT AGA GCC GGT GAA TTG TTG AAG GAA AAG AAC GTC CAC CCA GAT ATC TTA TAC ACT TCT CAA TTG TCT AGA GCT ATC CAA ACT GCT AAC ATT GCT TTG GAA AAG GCT GAC AGA TTA TGG ATC CCA GTC AAG AGA TCT TGG AGA TTG AAC GAA AGA CAT TAC GGT GCT TTG CAA GGT AAG GAC AAG GCC GCT ACT TTG GAA AAG TAC GGT GAA GAA AAG TTC AAC ACC TAC AGA AGA TCT TTC GAT GTC CCA CCT CCA CCA ATT GAA GCT TCT TCT CCA TAC TCT CAA AAG GGT GAT GAA AGA TAC AGC TTG GTC GAC CCA AAT GTC TTG CCA GAA ACC GAA TCT TTG GCT TTG GTC ATT GAC AGA ATG TTG CCA TAC TGG CAA GAT GTC ATC GCC AAG GAC TTA TTG AGC GGT AAG ACT GTC ATG GTC GCT GCT CAC GGT AAC TCC TTG AGA GGT TTA GTT AAG CAC TTG GAA GGT ATC TCT GAT GCT GAC ATT GCT AAG TTG AAC ATC CCA ACT GGT ATC CCA TTG GTT TTC GAA TTG GAC GAA AAC TTG AAG CCA TCT AAG CCA TCT TAC TAC TTG GAC CCA GAA GCT GCC GCT GCT GGT GCC GCT GCC GTT GCC AAC CAA GGT AAG AAA --- 
mikatae                                    --- --- --- --- --- --- --- --- --- --- --- --- --- --- --- ATG CCA AAG TTA GTT TTA GTT AGA CAC GGT CAA TCC GAA TGG AAC GAA AAG AAC TTA TTC ACC GGT TGG GTT GAT GTT AGA TTG TCC GCC AAG GGT GAA CAA GAA GCC GCC AGA GCT GGT GAA TTG TTG AAG GAA AAG AAG GTC TAC CCA GAC GTC TTA TAC ACT TCT AAG TTG TCT AGA GCT ATC CAA ACC GCT AAC ATT GCT TTG GAA AAG GCT GAC AGA TTG TGG ATC CCA GTC AAC AGA TCC TGG AGA TTG AAC GAA AGA CAC TAC GGT GAC CTA CAA GGT AAG GAC AAA GCT GAA ACC TTG AAG AAG TTC GGT GAA GAA AAA TTC AAC ACC TAC AGA AGA TCT TTC GAT GTT CCA CCT CCA CCA ATC GAC GCT TCC TCT CCA TTC TCT CAA AAG GGT GAT GAA AGA TAC AAG TAC GTC GAC CCA AAT GTC TTG CCA GAA ACT GAA TCT TTG GCT TTG GTC ATT GAC AGA TTG TTG CCA TAC TGG CAA GAT GTC ATT GCC AAG GAC TTA TTG AGT GGT AAG ACC GTT ATG ATC GCT GCT CAC GGT AAC TCC TTG AGA GGT TTA GTC AAG CAC TTG GAA GGT ATC TCC GAT GCT GAC ATT GCT AAG TTG AAC ATT CCA ACT GGT ATT CCA TTG GTT TTC GAA TTG GAT GAA AAC TTG AAG CCA TCT AAG CCA TCT TAC TAC TTG GAC CCA GAA GCT GCC GCT GCT GGT GCC GCT GCT GTT GCC AAC CAA GGT AAG AAA --- 
cerevisiae                                 --- --- --- --- --- --- --- --- --- --- --- --- --- --- --- ATG CCA AAG TTA GTT TTA GTT AGA CAC GGT CAA TCC GAA TGG AAC GAA AAG AAC TTA TTC ACC GGT TGG GTT GAT GTT AAA TTG TCT GCC AAG GGT CAA CAA GAA GCC GCT AGA GCC GGT GAA TTG TTG AAG GAA AAG AAG GTC TAC CCA GAC GTC TTG TAC ACT TCC AAG TTG TCC AGA GCT ATC CAA ACT GCT AAC ATT GCT TTG GAA AAG GCT GAC AGA TTA TGG ATT CCA GTC AAC AGA TCC TGG AGA TTG AAC GAA AGA CAT TAC GGT GAC TTA CAA GGT AAG GAC AAG GCT GAA ACT TTG AAG AAG TTC GGT GAA GAA AAA TTC AAC ACC TAC AGA AGA TCC TTC GAT GTT CCA CCT CCC CCA ATC GAC GCT TCT TCT CCA TTC TCT CAA AAG GGT GAT GAA AGA TAC AAG TAC GTT GAC CCA AAT GTC TTG CCA GAA ACT GAA TCT TTG GCT TTG GTC ATT GAC AGA TTG TTG CCA TAC TGG CAA GAT GTC ATT GCC AAG GAC TTG TTG AGT GGT AAG ACC GTC ATG ATC GCC GCT CAC GGT AAC TCC TTG AGA GGT TTG GTT AAG CAC TTG GAA GGT ATC TCT GAT GCT GAC ATT GCT AAG TTG AAC ATC CCA ACT GGT ATT CCA TTG GTC TTC GAA TTG GAC GAA AAC TTG AAG CCA TCT AAG CCA TCT TAC TAC TTG GAC CCA GAA GCT GCC GCT GCT GGT GCC GCT GCT GTT GCC AAC CAA GGT AAG AAA --- 
paradoxus                                  --- --- --- --- --- --- --- --- --- --- --- --- --- --- --- ATG CCA AAG TTA GTT TTA GTT AGA CAC GGT CAA TCC GAA TGG AAC GAA AAG AAC TTA TTC ACC GGT TGG GTT GAT GTT AAA TTG TCT GCC AAG GGT CAA CAA GAA GCC GCT AGA GCC GGT GAA TTG TTG AAG GAA AAG AAG GTC TAC CCA GAT GTC TTG TAC ACT TCT AAG TTG TCC AGA GCT ATC CAA ACC GCT AAC ATT GCT TTG GAA AAG GCT GAC AGA TTG TGG ATC CCA GTC AAC AGA TCC TGG AGA TTG AAC GAA AGA CAC TAC GGT GAT TTA CAA GGT AAG GAC AAG GCC GAA ACT TTG AAG AAG TTT GGT GAA GAA AAA TTC AAC ACC TAC AGA AGA TCT TTC GAT GTC CCA CCT CCA CCA ATC GAC GCT TCC TCT CCA TTC TCT CAA AAG GGT GAT GAA AGA TAC AAG TAC GTT GAC CCA AAT GTC TTG CCA GAA ACC GAA TCT TTG GCT TTG GTT ATT GAC AGA TTG TTG CCA TAC TGG CAA GAT GTC ATT GCC AAG GAC TTG TTG AGC GGT AAG ACC GTC ATG GTC GCT GCT CAC GGT AAC TCC TTG AGA GGT TTA GTT AAG CAC TTG GAA GGT ATC TCC GAT GCT GAC ATT GCT AAG TTG AAC ATT CCA ACT GGT ATC CCA TTG GTT TTC GAA TTG GAT GAA AAC TTG AAG CCA TCT AAG CCA TCT TAC TAC TTG GAC CCA GAA GCT GCC GCT GCT GGT GCC GCT GCC GTT GCC AAC CAA GGT AAG AAA --- 
kudriavzevii                               --- --- --- --- --- --- --- --- --- --- --- --- --- --- --- ATG CCA AAG TTA ATT TTA GTT AGA CAC GGT CAA TCC GAA TGG AAC GAA AAG AAC TTA TTC ACC GGT TGG GTT GAT GTT AGA TTA TCT GCC AAG GGT GAA CAA GAA GCC GCT AGA GCC GGT GAA TTG TTG AAG GAA AAG AAG GTC TTC CCA GAT GTC TTA TAC ACT TCA AAG TTG TCC AGA GCT ATC CAA ACC GCT AAC ATT GCT TTG GAA AAG GCT GAC AGA TTA TGG ATC CCA GTC AAC AGA TCC TGG AGA TTG AAC GAA AGA CAT TAC GGT GAT TTA CAA GGT AAG GAC AAG GCC GAA ACT TTA AAG AAG TTC GGT GAA GAA AAG TTC AAC ACT TAC AGA AGA TCT TTC GAT GTC CCA CCT CCA CCA ATC GAC GCT TCT TCT CCA TTC TCT CAA AAG GGT GAT GAA AGA TAC AAG TAC GTT GAC CCA AAT GTC TTG CCA GAA ACC GAA TCT TTG GCT TTG GTC ATT GAC AGA ATG TTG CCA TAC TGG CAA GAT GTC ATT GCC AAG GAC TTA TTG AGC GGT AAG ACC GTC ATG GTC GCT GCT CAC GGT AAC TCC TTG AGA GGT TTA GTT AAG CAC TTG GAA GGT ATC TCT GAT GCT GAC ATT GCT AAG TTG AAC ATC CCA ACC GGT ATT CCA TTG GTT TTC GAA TTG GAT GAA AAC TTG AAG CCA TCT AAG CCA TCT TAC TAC TTG GAC CCA CAA GCT GCC GCT GCT GGT GCC GCT GCC GTT GCC AAC CAA GGT AAG AAA --- 



Printing out site pattern counts


         6        396  P

castellii                                   AAA AAA AAC AAC AAG AAG AAG AAG AAG AAG AAG AAT AAT ACC ACC ACC ACC ACC ACG ACT ACT ACT ACT ACT AGA AGA AGA ATA ATC ATC ATC ATC ATC ATC ATC ATG ATG ATT ATT ATT ATT CAA CAA CAC CAC CAC CAC CAT CAT CCA CCA CCA CTA CTA CTA CTT CTT GAA GAA GAA GAA GAA GAA GAC GAC GAC GAC GAC GAT GAT GAT GAT GAT GCC GCC GCC GCC GCC GCC GCT GCT GCT GCT GCT GCT GCT GGT GTC GTC GTC GTC GTC GTC GTT GTT GTT GTT GTT GTT GTT GTT TAC TAC TCA TCC TCC TCC TCC TCC TCC TCC TCC TCC TCT TCT TCT TCT TGG TGG TTA TTA TTA TTC TTC TTG TTG TTG TTG TTG TTG TTG TTT
bayanus                                     --- AAG AAC AAC AAA AAG AAG AAG AGC CAA CAA --- AAT AAC ACC ACC ACT ACT --- ACC ACT ACT ACT TCT --- AAG AGA --- ATC ATC ATC ATC ATC ATC GTC --- ATG --- ATC ATT ATT CAA GAA --- CAC CAC CAT --- CAC CCA CCA CCT --- TTG TTG --- TTG CAA GAA GAA GAA GAA GCT GAC GAC GAT GCT TCT AGC GAC GAT GAT TTG GCC GCC GCT GCT GCT GGT AAC GAA GCC GCC GCC GCT GCT GGT AAG CCA GTC GTC GTT GTT ATT GTC GTC GTC GTC GTC GTT GTT TAC TAC --- --- GAA TCC TCT TCT TCT TCT TCT TCT GCT TCC TCT TCT TAC TGG TTA TTA TTG TAC TTC ATG TTA TTA TTA TTA TTG TTG TTC
mikatae                                     --- AAA AAC AAG AAA AAA AAC AAG AAG AAG CAA --- AAT AAC ACC ACC ACC ACT --- ACT ACC ACC ACT TCT --- AGA AGA --- ATC ATC ATT ATT ATT GTC ATC --- ATG --- ATC ATC ATT CAA GAA --- CAC TAC CAC --- CAC CCA CCA CCT --- CTA TTG --- TTG GAA AAG GAA GAA GAC GAA GAC GAT GAT GCT TCC AGT GAC GAC GAT TAC GCC GCT GCC GCT GCT GGT AAC GAA GCC GCT GCT GAC GCT GGT AAG CCA GTC GTC GTT GTT GTT GTC GTC GTT GTT GTT GTC GTT TAC TTC --- --- GAA TCC TCC TCC TCT TCT TCT TCT GCT TCC TCC TCT TAC TGG TTA TTG TTG TTC TTC TTG TTA TTA TTA TTG TTG TTG TTC
cerevisiae                                  --- AAA AAC AAG AAA AAG AAC AAG AAG AAG CAA --- AAT AAC ACC ACC ACT ACT --- ACT ACC ACT ACT TCT --- AAA AGA --- ATC ATT ATC ATT ATT GTC ATC --- ATG --- ATC ATC ATT CAA GAA --- CAC TAC CAT --- CAC CCA CCC CCT --- TTA TTG --- TTG CAA AAG GAA GAA GAC GAA GAC GAC GAT GCT TCT AGT GAC GAC GAT TAC GCC GCT GCT GCC GCT GGT AAC GAA GCC GCC GCT GAC GCT GGT AAG CCA GTC GTC GTC GTT GTT GTC GTT GTC GTT GTT GTT GTT TAC TTC --- --- GAA TCC TCC TCT TCC TCC TCC TCT GCT TCC TCT TCT TAC TGG TTA TTA TTG TTC TTC TTG TTA TTG TTG TTG TTG TTG TTC
paradoxus                                   --- AAA AAC AAG AAA AAG AAC AAG AAG AAG CAA --- AAT AAC ACC ACC ACC ACT --- ACC ACC ACT ACT TCT --- AAA AGA --- ATC ATC ATT ATC ATT GTC GTC --- ATG --- ATC ATC ATT CAA GAA --- CAC TAC CAC --- CAC CCA CCA CCT --- TTA TTG --- TTG CAA AAG GAA GAA GAC GAA GAC GAT GAT GCT TCC AGC GAC GAT GAT TAC GCC GCC GCT GCT GCT GGT AAC GAA GCC GCC GCC GAT GCT GGT AAG CCA GTC GTT GTT GTT GTT GTC GTT GTC GTC GTT GTT GTT TAC TTT --- --- GAA TCC TCC TCC TCC TCT TCT TCT GCT TCC TCT TCT TAC TGG TTA TTG TTG TTC TTC TTG TTA TTA TTG TTG TTG TTG TTC
kudriavzevii                                --- AAG AAC AAG AAA AAG AAC AAG AAG AAG CAA --- AAT AAC ACC ACT ACC ACT --- ACC ACC ACT ACC TCT --- AGA AGA --- ATC ATC ATC ATT ATT GTC GTC --- ATG --- ATC ATC ATT CAA GAA --- CAC TTC CAT --- CAC CCA CCA CCT --- TTA TTG --- TTG GAA AAG CAA GAA GAC GAA GAC GAT GAT GCT TCT AGC GAC GAT GAT TAC GCC GCC GCT GCT GCT GGT AAC GAA GCC GCC GCC GAT GCT GGT AAG CCA GTC GTC GTT GTT ATT GTC GTT GTC GTC GTT GTT GTT TAC TTC --- --- GAA TCC TCC TCT TCC TCA TCT TCT GCT TCC TCT TCT TAC TGG TTA TTA TTG TTC TTC ATG TTA TTA TTA TTA TTA TTG TTC



    1    1    7    1    1    1    1   14    1    1    1    1    1    1    1
    1    1    1    1    1    1    1    1    1    1    1   12    1    1    1
    1    1    1    1    1    1    2    2    1    1    3    6    1    1    2
    1    1    1    1   13    1    1    1    1    1    1    1    1    1    1
   12    1    1    6    1    1    1    1    1    1    1    4    1    4    1
    1    1    3    1    1    1    2    1    1    1    8   14    2    1    1
    1    1    2    1    3    1    1    1    1    1    1    6    1    2    2
    1    1    1    1    1    1    1    1    1    1    1    3    1    5    2
    1    1    1    3    1    1    1    2    1    1   14    1

CODONML (in paml version 4.4b, July 2010)  torun.nuc
Model: One dN/dS ratio for branches Global clock 
Codon frequency model: F3x4
ns =   6  ls = 263

Codon usage in sequences
--------------------------------------------------------------------------------------------------------------
Phe TTT  1  0  0  0  1  0 | Ser TCT  6 12  8  8  8  9 | Tyr TAT  0  0  0  0  0  0 | Cys TGT  0  0  0  0  0  0
    TTC  4  4  6  6  5  7 |     TCC 10  2  6  6  6  4 |     TAC  7  9  9  9  9  8 |     TGC  0  0  0  0  0  0
Leu TTA  4  8  6  5  5 10 |     TCA  2  0  0  0  0  1 | *** TAA  0  0  0  0  0  0 | *** TGA  0  0  0  0  0  0
    TTG 21 20 21 23 23 17 |     TCG  0  0  0  0  0  0 |     TAG  0  0  0  0  0  0 | Trp TGG  6  5  5  5  5  5
--------------------------------------------------------------------------------------------------------------
Leu CTT  2  0  0  0  0  0 | Pro CCT  0  1  1  1  1  1 | His CAT  2  1  0  1  0  1 | Arg CGT  0  0  0  0  0  0
    CTC  0  0  0  0  0  0 |     CCC  0  0  0  1  0  0 |     CAC  5  4  4  3  4  3 |     CGC  0  0  0  0  0  0
    CTA  3  0  1  0  0  0 |     CCA 15 15 15 14 15 15 | Gln CAA  7  9  7  8  8  8 |     CGA  0  0  0  0  0  0
    CTG  0  0  0  0  0  0 |     CCG  0  0  0  0  0  0 |     CAG  0  0  0  0  0  0 |     CGG  0  0  0  0  0  0
--------------------------------------------------------------------------------------------------------------
Ile ATT  7  5  6  6  5  6 | Thr ACT  5  5  3  5  3  3 | Asn AAT  2  1  1  1  1  1 | Ser AGT  0  0  1  1  0  0
    ATC  7  7  5  5  5  5 |     ACC  5  3  5  3  5  5 |     AAC  8 10 10 10 10 10 |     AGC  0  2  0  0  1  1
    ATA  1  0  0  0  0  0 |     ACA  0  0  0  0  0  0 | Lys AAA  2  1  3  3  3  1 | Arg AGA 14 12 13 12 12 13
Met ATG  3  3  2  2  2  3 |     ACG  1  0  0  0  0  0 |     AAG 20 20 20 21 21 22 |     AGG  0  0  0  0  0  0
--------------------------------------------------------------------------------------------------------------
Val GTT 10  5  8  8  9  7 | Ala GCT 15 17 17 16 15 15 | Asp GAT  8  6  6  5  8  8 | Gly GGT 14 15 15 15 15 15
    GTC  8 10  8  8  8  9 |     GCC 11  9  7  8  9  9 |     GAC 10  8 10 11  8  8 |     GGC  0  0  0  0  0  0
    GTA  0  0  0  0  0  0 |     GCA  0  0  0  0  0  0 | Glu GAA 17 18 18 17 17 17 |     GGA  0  0  0  0  0  0
    GTG  0  0  0  0  0  0 |     GCG  0  0  0  0  0  0 |     GAG  0  0  0  0  0  0 |     GGG  0  0  0  0  0  0
--------------------------------------------------------------------------------------------------------------

Codon position x base (3x4) table for each sequence.

#1: castellii      
position  1:    T:0.23194    C:0.12928    A:0.28517    G:0.35361
position  2:    T:0.26996    C:0.26616    A:0.33460    G:0.12928
position  3:    T:0.27376    C:0.28517    A:0.24715    G:0.19392
Average         T:0.25856    C:0.22687    A:0.28897    G:0.22560

#2: bayanus        
position  1:    T:0.24291    C:0.12146    A:0.27935    G:0.35628
position  2:    T:0.25101    C:0.25911    A:0.35223    G:0.13765
position  3:    T:0.27530    C:0.27530    A:0.25506    G:0.19433
Average         T:0.25641    C:0.21862    A:0.29555    G:0.22942

#3: mikatae        
position  1:    T:0.24696    C:0.11336    A:0.27935    G:0.36032
position  2:    T:0.25506    C:0.25101    A:0.35628    G:0.13765
position  3:    T:0.26721    C:0.28340    A:0.25506    G:0.19433
Average         T:0.25641    C:0.21592    A:0.29690    G:0.23077

#4: cerevisiae     
position  1:    T:0.25101    C:0.11336    A:0.27935    G:0.35628
position  2:    T:0.25506    C:0.25101    A:0.36032    G:0.13360
position  3:    T:0.27126    C:0.28340    A:0.23887    G:0.20648
Average         T:0.25911    C:0.21592    A:0.29285    G:0.23212

#5: paradoxus      
position  1:    T:0.25101    C:0.11336    A:0.27530    G:0.36032
position  2:    T:0.25506    C:0.25101    A:0.36032    G:0.13360
position  3:    T:0.26721    C:0.28340    A:0.24291    G:0.20648
Average         T:0.25776    C:0.21592    A:0.29285    G:0.23347

#6: kudriavzevii   
position  1:    T:0.24696    C:0.11336    A:0.28340    G:0.35628
position  2:    T:0.25911    C:0.25101    A:0.35223    G:0.13765
position  3:    T:0.26721    C:0.27935    A:0.26316    G:0.19028
Average         T:0.25776    C:0.21457    A:0.29960    G:0.22807

Sums of codon usage counts
------------------------------------------------------------------------------
Phe F TTT       2 | Ser S TCT      51 | Tyr Y TAT       0 | Cys C TGT       0
      TTC      32 |       TCC      34 |       TAC      51 |       TGC       0
Leu L TTA      38 |       TCA       3 | *** * TAA       0 | *** * TGA       0
      TTG     125 |       TCG       0 |       TAG       0 | Trp W TGG      31
------------------------------------------------------------------------------
Leu L CTT       2 | Pro P CCT       5 | His H CAT       5 | Arg R CGT       0
      CTC       0 |       CCC       1 |       CAC      23 |       CGC       0
      CTA       4 |       CCA      89 | Gln Q CAA      47 |       CGA       0
      CTG       0 |       CCG       0 |       CAG       0 |       CGG       0
------------------------------------------------------------------------------
Ile I ATT      35 | Thr T ACT      24 | Asn N AAT       7 | Ser S AGT       2
      ATC      34 |       ACC      26 |       AAC      58 |       AGC       4
      ATA       1 |       ACA       0 | Lys K AAA      13 | Arg R AGA      76
Met M ATG      15 |       ACG       1 |       AAG     124 |       AGG       0
------------------------------------------------------------------------------
Val V GTT      47 | Ala A GCT      95 | Asp D GAT      41 | Gly G GGT      89
      GTC      51 |       GCC      53 |       GAC      55 |       GGC       0
      GTA       0 |       GCA       0 | Glu E GAA     104 |       GGA       0
      GTG       0 |       GCG       0 |       GAG       0 |       GGG       0
------------------------------------------------------------------------------

(Ambiguity data are not used in the counts.)


Codon position x base (3x4) table, overall

position  1:    T:0.24499    C:0.11749    A:0.28037    G:0.35714
position  2:    T:0.25768    C:0.25501    A:0.35247    G:0.13485
position  3:    T:0.27036    C:0.28171    A:0.25033    G:0.19760
Average         T:0.25768    C:0.21807    A:0.29439    G:0.22986

Codon frequencies under model, for use in evolver (TTT TTC TTA TTG ... GGG):
  0.01790842  0.01866014  0.01658187  0.01308863
  0.01772284  0.01846677  0.01641004  0.01295299
  0.02449650  0.02552474  0.00000000  0.00000000
  0.00937177  0.00976515  0.00000000  0.00684949
  0.00858824  0.00894873  0.00795207  0.00627683
  0.00849924  0.00885600  0.00786967  0.00621179
  0.01174764  0.01224075  0.01087744  0.00858593
  0.00449436  0.00468301  0.00416145  0.00328477
  0.02049465  0.02135492  0.01897653  0.01497881
  0.02028227  0.02113363  0.01877988  0.01482359
  0.02803414  0.02921088  0.02595753  0.02048915
  0.01072518  0.01117537  0.00993072  0.00783865
  0.02610629  0.02720210  0.02417249  0.01908015
  0.02583575  0.02692022  0.02392199  0.01888243
  0.03571015  0.03720910  0.03306496  0.02609927
  0.01366184  0.01423530  0.01264985  0.00998495



Nei & Gojobori 1986. dN/dS (dN, dS)
(Pairwise deletion)
(Note: This matrix is not used in later ML. analysis.
Use runmode = -2 for ML pairwise comparison.)

castellii           
bayanus              0.1562 (0.0748 0.4786)
mikatae              0.1521 (0.0666 0.4378) 0.1544 (0.0367 0.2380)
cerevisiae           0.1857 (0.0704 0.3789) 0.1597 (0.0330 0.2069) 0.0203 (0.0035 0.1725)
paradoxus            0.1729 (0.0723 0.4183) 0.1936 (0.0312 0.1613) 0.0368 (0.0053 0.1430) 0.0111 (0.0017 0.1581)
kudriavzevii         0.1541 (0.0762 0.4944) 0.2940 (0.0349 0.1186) 0.0469 (0.0088 0.1875) 0.0816 (0.0123 0.1509) 0.1039 (0.0106 0.1016)


TREE #  1:  (((((4, 5), 3), 6), 2), 1);   MP score: -1
lnL(ntime:  5  np:  7):  -1826.659568      +0.000000
   7..8     8..9     9..10   10..11   11..4    11..5    10..3     9..6     8..2     7..1  
 0.271359 0.124079 0.072087 0.067210 0.051881 3.480466 0.154962
SEs for parameters:
 0.024322 0.014070 0.009615 0.010635 0.010051 0.714996 0.031841

tree length =   0.85797

(((((4: 0.051881, 5: 0.051881): 0.015329, 3: 0.067210): 0.004878, 6: 0.072087): 0.051991, 2: 0.124079): 0.147280, 1: 0.271359);

(((((cerevisiae: 0.051881, paradoxus: 0.051881): 0.015329, mikatae: 0.067210): 0.004878, kudriavzevii: 0.072087): 0.051991, bayanus: 0.124079): 0.147280, castellii: 0.271359);

Detailed output identifying parameters

kappa (ts/tv) =  3.48047

omega (dN/dS) =  0.15496

dN & dS for each branch

 branch          t       N       S   dN/dS      dN      dS  N*dN  S*dS

   7..8      0.147   557.0   232.0  0.1550  0.0189  0.1217  10.5  28.2
   8..9      0.052   557.0   232.0  0.1550  0.0067  0.0430   3.7  10.0
   9..10     0.005   557.0   232.0  0.1550  0.0006  0.0040   0.3   0.9
  10..11     0.015   557.0   232.0  0.1550  0.0020  0.0127   1.1   2.9
  11..4      0.052   557.0   232.0  0.1550  0.0066  0.0429   3.7   9.9
  11..5      0.052   557.0   232.0  0.1550  0.0066  0.0429   3.7   9.9
  10..3      0.067   557.0   232.0  0.1550  0.0086  0.0555   4.8  12.9
   9..6      0.072   557.0   232.0  0.1550  0.0092  0.0596   5.1  13.8
   8..2      0.124   557.0   232.0  0.1550  0.0159  0.1025   8.8  23.8
   7..1      0.271   557.0   232.0  0.1550  0.0347  0.2242  19.3  52.0

tree length for dN:       0.1098
tree length for dS:       0.7088


Time used:  0:02
