
seed used = 1418765201
      6   1056

castellii                                  --- --- --- --- --- --- --- --- --- --- --- --- --- --- --- --- --- --- --- --- --- --- --- --- --- --- --- --- --- ATG GAT CCT GCT ACC CCT CCA AGA TCA AGA TCA AAT GGA TCT AGT ACC GCC ACA GCA AGA AAC CAA AAC AGG TTT TCC AAT GTG AAC TCC TCC AAC AAC GAT AAT ATT CTT CAA ACG CCA AAT AAA AAC TCC TCT TTG TCC ATT AGA CCC CCA GTG ACA CCA AGC ACT GTA CAG AAA TTC AAG AAC CAA CCA TTC TTA CAG CCT CCC AAT --- --- GCT GCT TTA AAC AGA AGA GGT --- AAC ACA GGT TTG AAA TCA CCA GAG ATT TCT CCC TTT ATA AGG --- --- --- AGA TCC TCC ATT GGC TTA AAT CTT ACA AAT GAT AAT AGT AGA CTC GTA AAG AGT GCC AAC AAT TTA CAG GCT GTA AGT AAA GTA TTG TTC CCT ACG TCG GCA TCC CCA --- --- TCT ACC TCA CCG GAT AAT TTG GAA CTG CTG CCG CCA AAT ACT TCT GCT TCA TTC TCA TCA TTC ACA TTC TCA CCG GAC AGA TCA ACG TCA CCT ACG CCC AAG ACT AAG AGG ACA AAT CAT GAC ATA TTT GAT TCT CAA TTC CAA ATA AAT TAT GAA CAA CAA CAG CAA CCA TTA CAA TCT CAA AAG ATA CAG AAA ATA GTT CCT GGA ACG CCC AGT GAT AAG ATA ATA ACA ACT CCA CAG GAT CCC --- --- --- TCA GAG AGG GAG CAG ATG GAT ACG GAT GTA GAT TCC GAG TTG GAA GAT GAG AAT ATA ATT ATT AAA AAT GAC GTA TCG AGT TAC AAT CCA TTC ATG GAC TCT AAA GTC CCA ACG AGA GAA GAA CGT TTA CAA AGA AGA CAA AAA CTT ATC AGC GAA AAT CCA GAT ATT GAA GAT ACA ATC ACT TAC ATT AAT AAG AGA GAT AAG ACA AAA GTG ACT AAG ATA AAA TTG GAT AAG GAA CAG AGA GAA TCT TAT AAA CCA AGA ATG CTA TTC GAG GAC GAA ATA TAT AAT GAT CAG GAT AAA CAA --- --- 
bayanus                                    ATG TTC AAA GAA CCT GAT ACG GAT ACT GTA AAT CAA ACA ACC CTC GAC GCA GTT TTG ATC CCA GAA TCA GGG ACT ACT ACA CAA GCA ATG ACA CCT TCC ACG CCA CCC AGA TCG AGA GGC ACT AGG TAT CTT ACG CAG TCC AAC GCC AAT GCT GGT TCT AAC GGG ATA ATG CAA CCG CAA AGG ACC CCT --- --- --- CAA AAG CCT TCA CAG AAC --- --- --- --- --- TTG GTC CCT GTG ACT CCG TCG ACA GCT AGG CCG TTC AAG AAT GCA CCA TTA CTA GCG CCT CCC AAT --- --- GCG AGC ATG GGT ATG ACT TCC CCA TTC AAT GGG CTC ACT TCA CCT CAA CGC TCA CCT TTC CCG AAA TCT TCA GTC AAG AGA ACA CTA TTT CAA TTT GAA AGT CAC GAT GAC GGG ATA GTA CGT GAG GAA CAG AAA CCG TTG GGT CGT GTG AAT AGA ATG CTG TTT CCT --- --- --- --- --- --- --- ACT GAA GGT --- GTG CAG CAG GAT GAA GAA GAG GAG GAG GAA GAA --- --- --- --- --- GTG CTG CTC CCC CCC AGC AGA CCT ACC TCT GCC AGG CAG TTG CAC TTA TCA CTC GAT AGA AAT GAA CTT GAC GAG TCG TAC AGA AAG --- --- --- --- --- --- --- --- --- --- --- --- AAG ATC ATT AAA GAT GTA CCT GGT ACG CCC AGC GAC AAA GTG ATA ACG TTC GAA TTG GCC AAG AAT TGG AAC AAC TAT TCC CCA CAA AAC GGA ACC AGT AGC CAA GAA AGC GAA GAC GAG GGA GAC GTC ATC ATC AGA TCA GCA CAA GTG AGT AAA AAT CCC TTC GTG TCG GAT GAA GTG GTC ACT CAA GAG ATT AGG AGT GAA CGC AAG AGC GCG TTA TTA AGG GAG AAC CCA GAT ATA GAA GAT GTG ATA ACG TAT GTT AAC AAG AAG GGC --- GAA GTA GTG GAG AAA CGA AGG CTG ACT GAT GAA GAG AAA CGA AGG TTC AAA CCA AGG GCA TTG TTT CAA --- --- --- ACT AGG GAT CAA GAG CAT --- --- --- 
kluyveri                                   --- --- --- --- --- --- --- --- --- --- --- --- --- --- --- --- --- --- --- --- --- --- --- --- --- --- --- --- --- ATG ACG CCC TCA ACA CCA CCA AGA TCA --- TCC GTT GGC ATA TCT TCT AGA GGG AAG AAG GGC AAG GAA ACC CAA GAT ATT CCA GAC TTA CGG CTC AGT CCA --- --- --- GAA ACT CCT CAT CGC CAG TCA --- --- AAA TTT GTG GCT CCT GTT ACT CCA GGT ACT GTT TCG ATG AAA CAA CAG CAG CAA CAG CAG ATG AAT TCA AAT AGG TTT AGG TCA CAG GTG CAC CGG TCT CCA TTC AAA GGC TTG AAA ACT CCT GAA TAT ACA CCT AAA AAC GCA GGT AAA AGA AAG CTT GAC CTA CAG CAA ACT GGT GAA CTG AGT AAC GTG AGC CGA GTT CTA TTT CCT TCG GAA GAG AAA CAG GTA CCG TCT CTG TTG GTA ACA GGT TCT GGT AGA CTG GGC TCC AAG AAA CAG CTT TCT CCG TTG ATA TTC GAT AAC GAG GAT GAC GTT TCT GTT ATT GGA TCA CTT TTG CCT CCA AAG AGT ATG GGA TCT AGA TCA GGT ATA TTT TCG TCA TTC TTG GAG GAA GAA GAC CTA GAT GAG GTC ACA CCA CAA ACC AGA --- --- --- --- --- --- --- --- --- --- AAA CAA CCA AAG CAA GTC CCA GGA ACA CCT AGC GAC AAA ATA GTA ACT TTC CAA TTA GCA AAG GAC TGG AAC AAT AAT TCG GGC TCT TGC TTC TCT TCG GAC GAT GGA --- --- GAC GAT GAT GAG ACA CTA ATA CGA --- GAA CAG AAA TTA ATC GAT CCC TTC TCA TCG GAT GAT ATT CCC GAT AAA CAA ACA AGA CTA GCT CGC AAA CAA CAA CTG CTG GCA GAA AAC CCA GAG TTA GAA GAA ACG GTA ACA TAC GTT AAT AAA TAT GGT --- AAG ACG GTT AAA CAA AGA AAT TTA TCA AAA GAC GAA CAA GAG AGG TTC AAA CCT CAA ATG CTG TTT GCT AGG GAA TTG GAA GAT CAA AAA CGG GAT AAT AAG GGG 
cerevisiae                                 --- --- --- --- --- --- --- --- --- --- --- --- --- --- --- --- --- --- --- --- --- --- --- --- --- --- --- --- --- ATG ACT CCT TCC ACC CCA CCA AGG TCC AGA GGG ACT AGG TAC CTT GCG CAG CCT AGT GGC AAT ACT AGT TCT AGT GCC CTA ATG CAA GGT CAA AAG ACC CCC --- --- --- CAA AAG CCT TCA CAG AAC --- --- --- --- --- CTA GTC CCT GTC ACT CCC TCA ACA ACT AAG TCT TTT AAA AAT GCG CCA TTA TTA GCA CCT CCC AAT --- --- TCG AAC ATG GGT ATG ACC TCT CCA TTT AAT GGG CTT ACG TCT CCT CAA CGC TCG CCG TTT CCA AAA TCT TCA GTG AAG AGG ACA CTA TTC CAA TTT GAA AGT CAT GAT AAT GGA ACA GTA AGG GAA GAG CAG GAA CCA TTG GGT CGT GTA AAT AGG ATA TTG TTT CCC --- --- --- --- --- --- --- ACG CAG CAA AAT GTG GAT ATA GAT GCA GCA GAA GAA GAA GAA GAA GGA GAA --- --- --- GTT CTT CTT CCC CCC AGC AGA CCT ACA TCT GCC AGG CAG TTA CAT TTA TCA CTT GAA AGA GAT GAG TTT GAT CAG ACA CAT AGA AAG --- --- --- --- --- --- --- --- --- --- --- --- AAG ATT ATT AAA GAT GTA CCT GGT ACG CCC AGC GAC AAG GTG ATA ACA TTT GAA TTG GCA AAA AAT TGG AAC AAC AAC TCT CCG AAA AAT GAC GCC AGG AGT CAA GAA AGT GAA GAC GAG GAA GAC ATC ATC ATC AAT CCA GTG CGG GTG GGT AAA AAT CCC TTT GCA TCA GAT GAA CTG GTC ACT CAG GAA ATT AGA AAT GAA CGT AAA AGG GCA ATG TTG AGA GAA AAC CCA GAT ATA GAA GAC GTA ATA ACA TAT GTC AAT AAG AAG GGA --- GAG GTG GTA GAG AAA CGA AGG TTA ACG GAT GAA GAA AAG AGA AGA TTC AAG CCA AAG GCA TTG TTT CAA --- --- --- TCT AGG GAT CAA GAG CAT --- --- --- 
paradoxus                                  --- --- --- --- --- --- --- --- --- --- --- --- --- --- --- --- --- --- --- --- --- --- --- --- --- --- --- --- --- ATG ACT CCT TCC ACC CCA CCA AGG TCT AGA GGG ACT AGG TAT CTT ACG CAG CCT AGT GGC AAT ACC AGT TCT AGT ACT ATA ATG CAA CCT CAA AGG ACC CCT --- --- --- CAA AAG CCT TCA CAG AAC --- --- --- --- --- CTG GTC CCT GTT ACC CCT TCG ACA ACT AAG CCT TTT AAA AAT GTG CCA TTA TTA GCA CCT CCC AAT --- --- TCC AAC ATG GGT ATG ACC TCT CCA TTT AAT GGG CTT ACA TCT CCT CAA CGC TCG CCG TTT CCG AAA TCT TCA GTG AAG AGA ACA CTA TTT CAA TTT GAA AGT CAC GAC AAT GGT ATA GTA AGG GAA GAG CAG GAA TCA TTG GGT CGT GTA AAT AGA ATA CTG TTT CCT --- --- --- --- --- --- --- ACG CAG CAA GAT GCG GAT ATA GAT GAA GAT GAA GAA --- --- --- --- --- --- --- --- GTT CTT CTC CCC CCC AGC AGG CCT ACC TCT GCT AGG CAG TTA CGT TTA TCA CCT GAA AGA GAT GAG CTG GAT CAA TCG TAT AGA AAG --- --- --- --- --- --- --- --- --- --- --- --- AAG ATT ATT AAA GAT ATA CCT GGT ACG CCC AGC GAC AAG GTA ATA ACA TTT GAG TTG GCA AAA AAC TGG AAC AAC TAT TCT CCT CAA AAC --- GCC AGT AGT CAA GAG AGT GAA GAC GAG GAA GAC ATC ATA ATT AAG CCG GCA CAG GTG GGC AAA AAC CCC TTT GTG TCA GAT GAA CTG ATA ACT CAG GAT ATC AGA AAT GAA CGT AAA AAG GCG ATG TTA AGA GAA AAC CCA GAT ATA GAA GAC GTG ATA ACA TAT GTC AAT AAG AAG GGA --- GAG GTG GTA GAG AAA CGA AAG TTA ACG GAT GAA GAA AAA AGA AGA TTC AAA CCA AAG GCA TTG TTT CAA --- --- --- CCT AGG GAT CAA GAG CAT --- --- --- 
kudriavzevii                               --- --- --- --- --- --- --- --- --- --- --- --- --- --- --- --- --- --- --- --- --- --- --- --- --- --- --- --- --- ATG ACA CCT TCC ACC CCA CCA AGG TCT AGA GGC ACT AGG TAT CTT ACA CAA CCC AAC ACC AAT GCC GGT CCG AAC GGA ATA ATA CAA GCC CAA AGG ACC CCT --- --- --- CAA AAG CCT TCG CAG AAT --- --- --- --- --- CTG GTC CCT GTT ACT CCC TCG ACA GCT AGG CCC TTT AAA AAT GCA CCG TTA CTG GCA CCT CCC AAT --- --- GCA AAT ATG GGT ATG AGT TCT CCA TTT AAT GGG CTC ACT TCA CCT CAA AGG TCT CCA TTT CCG AAG CCT TCA GTG AAG AGA ACG CTC TTC CAG TTT GAA AGC CAT GAC AAT GGA ATT GTA AGA GAA GAG CAG GAA CAA CTT GGT CGT GTA AAT AGA ATA TTG TTT CCA AAT GGG CAT --- --- --- --- AAG CAG CAA GAT CAA GAT GAA GAT GAA GAT GAA GAT GAA GAT GAA TGT GAA GAT GAT GAG GTT CTC CTC CCC CCC AGT AGG CCT ACC TCT GCC AGG CAG TTA CAT CTA TCA ATC GGT AAA GAT GAG TCT GAA CAA GCG CAT AAT AGG --- --- --- --- --- --- --- --- --- --- --- --- AAG ATC ATC AAA GAT GTA CCC GGT ACG CCC AGC GAC AAG GTG ATA ACG TTT GAA CTG GCC AAA AAT TGG AAC AAC TAT TCC CCG CAG AAC GGC TCC ACT AGT CAA --- --- --- GAC GAG GAA GAC GTC ATA GTC AGA CCG GCA CGA GTG AAC AAA AAT CCC TTT CTA TCC GAT GAA GTG GTC ACT GAG GAG ATC AGA AAT GAA CGC AGG AGA GCA TTG TTG GAG GAG AAT CCG GAT ATA GAT GAT GTG GTA ACG TAT CTT AAT AAG AAG GGA --- GAG ATT GTA GAA AAA CGA AGG CTG ACA AAT GAA GAG AAA AGA AGA CTA AAA CCA AAG GCG TTG TTC CAA --- --- --- TCT AGG GAT CAA GAG CAT --- --- --- 



Printing out site pattern counts


         6       1017  P G
G 3      167     98     74

castellii                                   --- --- --- --- --- --- --- --- --- --- --- --- --- --- --- --- --- --- --- --- --- --- --- --- --- --- --- --- --- AAA AAA AAA AAC AAG AAG AAG AAG AAG AAT AAT AAT AAT AAT AAT AAT AAT AAT AAT ACA ACA ACA ACA ACC ACG ACG ACG ACG ACG ACT ACT ACT AGA AGA AGG AGG AGT AGT AGT AGT AGT ATA ATA ATA ATA ATA ATA ATA ATG ATG ATT ATT CAA CAA CAA CAG CAG CAG CAG CAG CAT CCA CCA CCA CCA CCC CCC CCC CCG CCG CCG CCT CCT CCT CTC CTG CTG CTT GAA GAA GAA GAC GAC GAC GAG GAG GAG GAG GAT GAT GAT GAT GAT GAT GAT GAT GAT GCA GCC GCT GCT GGA GGC GTA GTA GTA GTA GTA GTT TAT TCA TCA TCA TCA TCA TCA TCA TCA TCC TCC TCG TCG TCT TCT TCT TCT TTA TTA TTA TTC TTC TTC TTC TTC TTG TTG TTG TTT --- --- --- --- --- --- AAA AAA AAA AAC AAC AAC AAC AAC AAC AAC AAC AAC AAG AAT AAT AAT AAT AAT ACA ACA ACA ACC ACC ACG ACT AGA AGA AGA AGA AGA AGA AGA AGC AGG AGG AGT ATA ATT ATT ATT ATT CAA CAA CAA CAG CAG CCA CCA CCA CCA CCC CCC CCC CCT CCT CCT CTT GAG GAT GAT GCA GCC GCT GCT GCT GGA GGT GGT GTA GTG GTG TCA TCA TCA TCC TCC TCC TCC TCC TCC TCC TCT TCT TCT TTA TTA TTC TTC TTG TTG TTT TTT AAA AAA AAA AAA AAA AAA AAG AAG AAG AAG AAT AAT AAT AAT ACA ACA ACG ACT ACT AGA AGA AGA AGA AGA AGA AGC ATA ATA ATC ATC ATG ATG ATT ATT CAA CAA CAA CAG CAG CCA CCA CCA CCA CGT CTA CTT GAA GAA GAA GAA GAA GAA GAA GAC GAC GAG GAT GAT GAT GAT GAT GAT GTC GTG TAC TAC TAT TAT TCT TCT TTA TTC TTC TTG
bayanus                                     --- --- --- --- AAA AAC AAT AAT ACA ACC ACG ACT ATC ATG CAA CCA CCT CTC GAA GAC GAT GCA GGG GTA GTT TCA TGG TTC TTG AAA AGA AGA AAA AAA AAG GAG TTA TTG --- CAC CAG CCG GAC GAC GAG GAT TCA TTT ACG AGT CTC CTG GAA --- ACC ACC ACG AGG CAC GAA TTC AGA ATA TCA TCC AAT AGC AGT GAA GGG AAG ATA ATC GAA GAT GTC GTG AAC ATG ATC ATC --- AGA TCG --- ATT CAA GGT TTG AGA --- --- GAA GAG AAG CAG CCC --- CCC GAG CCT CCT GCC GTA GAA GAA GAA --- GAC GAT AAT AGC GCA AGC CCA GGA TAT AGT CAA GAC GAC GAG GAT GCC GGA GTG --- CAG --- CGT GGT TTT AGC ATG CAA CGT GTG GTA --- --- --- --- AAC CCC CCT GGT TCT --- GAA --- GTG --- ACT GAA GAG --- CAA TTG --- CTC GTG TAC TTT CAG CTG GAA CTT --- --- CCA GTC TCA TCT ACT CAG CCG AAC AAT AAT ACC AGG CAA GGT GGT TTC AAG --- AAT ACT ATA TCA AAT ACT TCC ACG ACG AAG ACA AAG ACT AGA AGA ATG GCC TTG TCG AAA TCT CTT CCG --- --- CGC CTA CAA GCA GCT AGG GCG CCA CCC CCG CCT CCC CCT GTC CCA CCT CCT --- CAA ACA CCT AAC CAG AGC GCG TCC AGG GGG TCC GCT ATG GTG GGC TCA TCG --- --- ACA AGA CAA CCG GGG --- TAT TCA ATG CTA TTA TTC --- CTC AAC TTC AAA AGG CAT GAA GCG GTA --- AAA AAG GAT AAC AAC AAT AGG GAA GTG ACT ACG GAG AAA AAG AAG AGG CAA CGC AGG --- CGA ATA TTA GCA GTG ATA GTT --- AGC GAA CAA GAG CCA CCA CCC GTC AGG TTG TTA --- ATT CGA GAA GAA GAG GAG --- TCG CAA ACT GAG GAT GAT GAT GGC GTG GTG AAA TAT ACT TTC AGG GAT AGT TTC TTT CTG
kluyveri                                    AAG GGC GGG TCC --- AAC --- GAC --- --- --- --- --- --- --- --- --- --- --- --- --- --- --- --- --- --- TGG --- --- AAG CGA TCT TCG AAA AAA CTA TCA TTT ACC CTG CCG GAA AAC GAG GAT GAG --- ACT ACT GAA TTG TTG AAA GGT TCT TCT ACA GGT TCG GAC TTC ATG AGC TTC TCG CCG AGC TTA TTT GTG CAA GTA CAA GAC CAA ACA ATA TGC ATG ATA CTA --- CCA GTC --- CCA TCT AAA TTA GAA --- CTG CAA GAG AAG ATA CCT CTT AAG AAC ACA CCA TCA CGA GAT TTC GGT --- GAC ATA GAA AGT GAA --- GGC GAT AAT TCG GAT GAC GAT GAT AGT GCA TTC TCT GGT CCT TCT CAG GGA CAG GAC CTG CAG GTT GTA GTC AGA GGA GTT TCA AAT CCA GGA CAG AGA AGA GGA TCT AAA --- AAG GTT GAG --- CAA GAG ATT CCT CTT ACA GTA TTG TTG --- CTA AGG TTT CCA AGA AAA GGT AAA CGC ATG CAG CAG GGC AGT CTC GAC GAA GTG TTC CAA --- AAT GTT ATT CAT AAA ACT GGG ACA TCT ACT ACT AAG CGG --- AGA CAC AAG GTG GGT GCA ACC TCT AAC --- TTT TAT CTA GAA CAG AAG TCG ATG CAA CCA CCA CCT TCA CCT GCT CCA AAT CCC --- GAA ACG CCA AAG AGA TCA AGG TCA GGC GGC TCT GTT CCA GTT TCC ACT TCA AAA TCA GAC CTT CGG TTA GAT --- ATA ACA CAG CAG CAG AAA --- TTG CAA AAA AAA AAT GAT GAT CAA ACG --- CAA AAA AAA AAC AAT GAT GAT AAG ACG GAT ACA AAA CAA AAA TAT CAA AAA CGC GCA TTG AGA GTA CTG ATG TCA TTA GTT AAT CAA GCT AAA GAA CCA CCT CCC CCC AGA CTG CTG GAA ACA GAG GAA GAC CAA GAA AGG TCG GCT TCA CGG CAA GAA GAG GGT ATT GTT ATC TAC GAA TTC AGG GAT CTA TTC TTT TTA
cerevisiae                                  --- --- --- --- --- AAC --- AAT --- --- --- --- --- --- --- --- --- --- --- --- --- --- --- --- --- --- TGG --- --- AAA AAT AGG GAA AAG AAG GAA TTA TTA --- CAT GAT CCA AAT GAC GAA GAA CCA TTT ACA AGT CTT CTT CAG --- ACA GCC ACG AGG CAT GAA TTT AGA ACA TCA TCT AAT AGC GGT GAG GGA AAG ATA ATT GAG GAT ATC GTG AAT ATG ATC ATC --- AGA ACA --- ATT AAA GGT TTG AGA --- --- GAA GAA AAA CAG CCC AAT CCC GAA CCC CCT GCC GTA GCA GCA GAA --- GAC GAT GAT AGC GTG AGT CCG GAA AAC AGG CAA GAC GAT GAG GAT GCA GAC GTG --- CAG GGA CGT GGT TTC AGT ATA CGG AGG GTA GTA --- --- GAA --- AAC CCC CCT CAA TCT --- GAA --- GTG --- ACG GAA CAG --- CAA TTG --- CTT GTT CAT TTT ATA TTG GAA TTT --- --- CCA GTG TCA TCT ACG CAG TCT AAC AAT AAT ACC AAG CAA AGT GGT TTT AAA --- AAT ACT CTA TCA AAT ACT CCT ACC GCG AAG ACA AAG ACC AGA AGG ATG GGC CTA TCA AAA TCT CTT CCA --- --- CGC CTA CAA GCG ACT AAG GCA CCA CCA CCC CCT CCC CCG GTC CCA CCT CCT --- CAA ACT CCC AGT CAG AAC TCG TCC AGG GGG TCT ACT ATG GTC GGG TCT TCC --- --- ACA AGG CAA GGT GCC --- TAC TCG ATG TTA TTA TTT --- CTT AGT TTT AAG AGG CAT GAA GCA GTG --- AAA AAG GAT AAC AAT AAT AGG GAG GTA ACT ACA GAG AAG AAA AAG AAG CAG CGT AGA --- CGA ATA TTG GCA GCA ATA GTC --- AGG GAA CAA GAA CCA CCA CCC GTC AGA TTG ATG --- ATT AGA GAA GAA GAA GAA --- TCA CAA ACG GAG GAT GAC GAT GGA CTG GTA AAA TAT TCT TTC AGA GAT AAT TTT TTT TTA
paradoxus                                   --- --- --- --- --- AAC --- AAC --- --- --- --- --- --- --- --- --- --- --- --- --- --- --- --- --- --- TGG --- --- AAA AAG AGA GAA AAG AAG GAA TTA TTA --- CAC GAT TCA AAT GAC --- GAA CCG TTT ACA AGT CCT CTT CAG --- ACC GCC ACG AGG CGT --- TTT AGG ATA TCA TCT AAT AGC GGC GAG GGT AAG ATA ATT GAG GAT ATC GTA AAC ATG ATT ATA --- AGA TCG --- ATT CAA GGT TTG AGA --- --- GAG GAA AAA CAG CCC GAT CCC GAA CCT CCT GCT GTA GAT GAA GAA --- GAC GAT GAT AGC GCA AGT CCT GAA TAT AGT CAA GAC GAT GAG GAC GCA --- GCG --- CAG --- CGT GGT TTT AGT ATA CAG AGG GTA ATA --- --- --- --- AAC CCC CCT CAA TCT --- GAG --- GTG --- ACG --- CAA --- CAA TTG --- CTC GTT TAT TTT ATA CTG GAA CTG --- --- CCA GTG TCA TCT ACA CAG CCT AAC AAT AAT ACC AGG CAA AGT GGT TTT AAA --- AAT ACT ATA TCA AAT ACC CCT ACC ACG AAG ACA AAG ACC AGA AGG ATG GGC CTG TCG AAA TCT CTT CCG --- --- CGC CTA CAA GTG ACC AAG GCA CCA CCA CCT CCT CCC CCG GTC CCA CCT CCT --- CAA ACT CCT AGT CAG AAC TCC TCC AGG GGG TCT ACT ATG GTT GGG TCT TCT --- --- ACA AGA CAA CCT ACT --- TAT TCG ATG TTA TTA TTT --- CTT AGT TTT AAA AAG CAT GAA GCG GTG --- AAA AAG GAT AAC AAT AAC AGG GAG GTG ACT ACA GAG AAA AAA AAG AAG CAG CGT AGA --- CGA ATA TTA GCA GTG ATA GTC --- AAG GAA CAA GAA CCA CCA CCC ATA AGA TTG ATG --- ATC AGA GAA GAA GAT GAA --- TCA CAA ACG GAG GAT GAC GAT GGA CTG GTA AAA TAT CCT TTC AGA GAT AAT TTT TTT TTA
kudriavzevii                                --- --- --- --- --- AAC --- AAT --- --- --- --- --- --- --- --- --- --- --- --- --- --- --- --- --- --- TGG --- --- AAA AGA AGA GAA AAG AAG GAA CTA TTA --- CAT GAT CAA AAT GAC GAA GGT CCG TTT ACG AGC ATC CTC CAG AAT ACC TCC ACG AGG CAT GAT TTT AGG ATT TCA TCC AAT AGC AAC GAG GGA AGG ATA ATC GAG GAT GTC GTG AAC ATG GTC ATA --- AAT GCG --- ATC CAG GGT CTG AAA --- --- GAA GAT AAA CAG CCC GAT CCC GAA CCA CCC GCC GTA GAT GAA GAA --- GAC GAT GAT AGT GCA --- CCG GAA TAT ACT CAA GAC GAA GAG GAC GCC GGC CAA CAT CAG TGT CGT GGT TTC AGT ATA CGA AGA GTA GTA --- GAT GAA GAG AAC CCC CCT CAA TCT --- --- GGG GTG --- AAG GAA CAA --- CAG CTT GAT CTC GTT CAT TTT GAA TTG --- TCT --- --- CCA GTG TCA CCT ACT CAG CCC AAT AAT AAT ACC AGG CAA GGT GGT TTT AAA --- AAT ACT ATA TCG AAT ACT CCC ACC ACA AAG ACA AAG AGT AGA AGG ATG ACC CTG TCG AAG CCG CTT CCG --- --- AGG CTC CAA GCA GCC AGG GCA CCG CCA CCC CCT CCC CCA GTC CCA CCT CCT --- CAA ACA CCT AAC CAA AAT GCA TCC AGG GGG TCT GCT ATA GTT GGC TCA TCT --- --- ACG AGA CAA GCC GGA --- TAT TCT ATG CTG TTA TTT --- CTC AAC TTT AAA AGG CAT GAA GCA ATT --- AAA AAG AAT AAT AAT AAT AGG GAG GTG ACT ACG GAA AAA AGG AAG AAG GAG CGC GAG --- CGA GTA TTG GCG CTA ATA CTT --- AGA GAA CAA GAG CCG CCA CCC GTC AGA TTG TTG --- ATC AGA GAT GAA GAG GAG --- TCC CAA ACA GAG GAT GAT GAT GGA GTG GTA AAA TAT TCT CTA AGA GAT AAT TTT TTC CTG



    1    1    1    1    1    1    1    1    2    1    1    3    1    1    2
    1    1    1    2    1    2    2    1    1    1    1    1    1    1    1
    1    1    1    1    1    1    1    1    1    1    1    1    1    1    1
    1    1    1    1    1    1    1    1    1    1    1    1    1    1    1
    1    1    1    1    1    1    1    1    1    1    1    1    1    1    1
    1    1    1    1    1    1    5    1    1    1    1    1    1    1    1
    1    1    1    1    1    1    1    1    1    1    1    1    1    1    1
    1    1    1    1    1    1    1    1    1    1    1    1    1    1    1
    1    1    1    1    1    1    1    1    1    1    1    1    1    1    1
    1    1    1    1    1    1    1    1    1    1    1    1    1    1    1
    1    1    1    1    1    1    1    1    1    1    1    1    1    1    1
    1    1    1    1    1    1    1    1    1    1    1    1    1    1    1
    1    1    1    1    1    1    1    1    1    1    1    1    1    1    1
    1    1    1    1    1    1    1    1    1    1    1    1    1    1    1
    1    1    1    1    1    1    1    1    1    1    1    1    3    1    1
    1    1    1    1    1    1    1    1    1    1    1    1    1    1    1
    1    1    1    1    1    1    1    1    1    1    1    1    1    1    1
    1    1    1    1    1    1    1    1    1    1    1    1    1    1    1
    1    1    1    1    1    1    1    1    1    1    1    1    1    1    1
    1    1    1    1    1    1    1    1    1    1    1    1    1    1    1
    1    1    1    1    1    1    1    1    1    1    1    1    1    1    1
    1    1    1    1    1    1    1    1    1    1    1    1    1    1    1
    1    1    1    1    1    1    1    1    1

CODONML (in paml version 4.4b, July 2010)  torun.nuc
Model: One dN/dS ratio for branches Global clock  (3 genes: diff. rate & k&w)  
Codon frequency model: F3x4
ns =   6  ls = 352

Codon usage in sequences
--------------------------------------------------------------------------------------------------------------
Phe TTT  3  4  5  9  9  7 | Ser TCT  9  3 10  8  7  6 | Tyr TAT  3  3  2  1  4  3 | Cys TGT  0  0  0  0  0  1
    TTC  9  7  7  2  1  2 |     TCC  9  4  2  2  2  4 |     TAC  2  1  1  1  0  0 |     TGC  0  0  1  0  0  0
Leu TTA  6  4  5  5  6  2 |     TCA 11  7 10  5  5  3 | *** TAA  0  0  0  0  0  0 | *** TGA  0  0  0  0  0  0
    TTG  6  6  6  5  3  4 |     TCG  2  4  6  2  3  2 |     TAG  0  0  0  0  0  0 | Trp TGG  0  1  1  1  1  1
--------------------------------------------------------------------------------------------------------------
Leu CTT  3  2  3  5  3  3 | Pro CCT  6 11  8  8 16  8 | His CAT  1  1  1  4  1  5 | Arg CGT  1  2  0  2  3  1
    CTC  1  4  1  0  1  4 |     CCC  6  6  3  8  5  9 |     CAC  0  2  1  0  1  0 |     CGC  0  2  2  1  1  1
    CTA  1  2  5  3  1  3 |     CCA 14  7 11  9  6  6 | Gln CAA 13 13 15  9 11 12 |     CGA  0  2  2  1  1  2
    CTG  2  3  6  1  4  4 |     CCG  3  5  2  2  3  6 |     CAG  9  6 10  7  7  6 |     CGG  0  0  3  1  0  0
--------------------------------------------------------------------------------------------------------------
Ile ATT  8  2  3  3  3  2 | Thr ACT  6 11  6  6  5  5 | Asn AAT 19  9  7 13  8 16 | Ser AGT  6  4  3  6  7  3
    ATC  2  4  1  3  2  4 |     ACC  3  4  2  3  6  4 |     AAC 10  8  5  6  8  6 |     AGC  2  6  2  2  2  2
    ATA 10  5  5  5 10  6 |     ACA  9  5  8  7  5  4 | Lys AAA 12  9 18  8  9  8 | Arg AGA 15  8  8  8  9  9
Met ATG  4  6  5  5  5  3 |     ACG  7  6  3  4  4  4 |     AAG 10  9 10 12 12  9 |     AGG  4 10  4 10  7 11
--------------------------------------------------------------------------------------------------------------
Val GTT  1  2  8  1  2  2 | Ala GCT  5  2  3  0  1  1 | Asp GAT 17 11 13 10 12 15 | Gly GGT  2  5  7  5  4  5
    GTC  1  4  2  4  2  4 |     GCC  2  3  0  3  1  4 |     GAC  5  6  9  5  5  4 |     GGC  1  2  5  1  2  2
    GTA  6  4  4  5  4  5 |     GCA  2  5  3  7  4  5 | Glu GAA 10 18 14 21 15 16 |     GGA  2  2  4  3  1  3
    GTG  3 10  3  6  6  5 |     GCG  0  3  0  2  2  2 |     GAG  6 11  7  6  8 11 |     GGG  0  4  2  2  2  2
--------------------------------------------------------------------------------------------------------------

Codon position x base (3x4) table for each sequence.

#1: castellii      
position  1:    T:0.19355    C:0.19355    A:0.40968    G:0.20323
position  2:    T:0.21290    C:0.30323    A:0.37742    G:0.10645
position  3:    T:0.29032    C:0.17097    A:0.35806    G:0.18065
Average         T:0.23226    C:0.22258    A:0.38172    G:0.16344

#2: bayanus        
position  1:    T:0.14194    C:0.21935    A:0.34194    G:0.29677
position  2:    T:0.22258    C:0.27742    A:0.34516    G:0.15484
position  3:    T:0.23226    C:0.20323    A:0.29355    G:0.27097
Average         T:0.19892    C:0.23333    A:0.32688    G:0.24086

#3: kluyveri       
position  1:    T:0.18482    C:0.24092    A:0.29703    G:0.27723
position  2:    T:0.22772    C:0.25413    A:0.37294    G:0.14521
position  3:    T:0.26073    C:0.14521    A:0.36964    G:0.22442
Average         T:0.22442    C:0.21342    A:0.34653    G:0.21562

#4: cerevisiae     
position  1:    T:0.14437    C:0.21479    A:0.35563    G:0.28521
position  2:    T:0.21831    C:0.26761    A:0.36268    G:0.15141
position  3:    T:0.28521    C:0.14437    A:0.33803    G:0.23239
Average         T:0.21596    C:0.20892    A:0.35211    G:0.22300

#5: paradoxus      
position  1:    T:0.14748    C:0.23022    A:0.36691    G:0.25540
position  2:    T:0.22302    C:0.26978    A:0.36331    G:0.14388
position  3:    T:0.30576    C:0.14029    A:0.31295    G:0.24101
Average         T:0.22542    C:0.21343    A:0.34772    G:0.21343

#6: kudriavzevii   
position  1:    T:0.12195    C:0.24390    A:0.33449    G:0.29965
position  2:    T:0.20906    C:0.25436    A:0.38676    G:0.14983
position  3:    T:0.28920    C:0.17422    A:0.29268    G:0.24390
Average         T:0.20674    C:0.22416    A:0.33798    G:0.23113

Codon usage in genes
--------------------------------------------------------------------------
Phe TTT 17 13  7 | Ser TCT 18 21  4 | Tyr TAT  5  4  7 | Cys TGT  1  0  0
    TTC 13  6  9 |     TCC  6 16  1 |     TAC  1  1  3 |     TGC  1  0  0
Leu TTA 11  9  8 |     TCA 18 19  4 | *** TAA  0  0  0 | *** TGA  0  0  0
    TTG 17  4  9 |     TCG  8  9  2 |     TAG  0  0  0 | Trp TGG  5  0  0
--------------------------------------------------------------------------
Leu CTT  9  8  2 | Pro CCT 18 37  2 | His CAT  8  1  4 | Arg CGT  6  0  3
    CTC  7  4  0 |     CCC 17 14  6 |     CAC  3  1  0 |     CGC  0  4  3
    CTA  4  7  4 |     CCA 13 28 12 | Gln CAA 31 23 19 |     CGA  3  0  5
    CTG 10  3  7 |     CCG 10 10  1 |     CAG 26 15  4 |     CGG  1  2  1
--------------------------------------------------------------------------
Ile ATT 10  5  6 | Thr ACT 10 21  8 | Asn AAT 29 25 18 | Ser AGT 19  9  1
    ATC 11  0  5 |     ACC  7 15  0 |     AAC 18 19  6 |     AGC 12  2  2
    ATA 25  6 10 |     ACA 15 16  7 | Lys AAA 20 15 29 | Arg AGA 19 18 20
Met ATG 10 13  5 |     ACG 14  7  7 |     AAG 23 18 21 |     AGG 13 18 15
--------------------------------------------------------------------------
Val GTT  8  5  3 | Ala GCT  3  7  2 | Asp GAT 44  3 31 | Gly GGT 16 11  1
    GTC  5  6  6 |     GCC  8  5  0 |     GAC 27  2  5 |     GGC  5  7  1
    GTA 20  1  7 |     GCA 11  8  7 | Glu GAA 56  3 35 |     GGA 10  2  3
    GTG 13  9 11 |     GCG  2  4  3 |     GAG 27  1 21 |     GGG  4  8  0
--------------------------------------------------------------------------

Codon position x base (3x4) table for each gene.


Gene #1
position  1:    T:0.15106    C:0.20724    A:0.31835    G:0.32335
position  2:    T:0.23720    C:0.22222    A:0.39700    G:0.14357
position  3:    T:0.27591    C:0.17603    A:0.31960    G:0.22846
Average         T:0.22139    C:0.20183    A:0.34499    G:0.23179

Gene #2
position  1:    T:0.18613    C:0.28650    A:0.37774    G:0.14964
position  2:    T:0.18066    C:0.43248    A:0.23905    G:0.14781
position  3:    T:0.31022    C:0.18613    A:0.28285    G:0.22080
Average         T:0.22567    C:0.30170    A:0.29988    G:0.17275

Gene #3
position  1:    T:0.12766    C:0.17258    A:0.37825    G:0.32151
position  2:    T:0.23404    C:0.15603    A:0.47991    G:0.13002
position  3:    T:0.23404    C:0.11111    A:0.40189    G:0.25296
Average         T:0.19858    C:0.14657    A:0.42002    G:0.23483

Sums of codon usage counts
------------------------------------------------------------------------------
Phe F TTT      37 | Ser S TCT      43 | Tyr Y TAT      16 | Cys C TGT       1
      TTC      28 |       TCC      23 |       TAC       5 |       TGC       1
Leu L TTA      28 |       TCA      41 | *** * TAA       0 | *** * TGA       0
      TTG      30 |       TCG      19 |       TAG       0 | Trp W TGG       5
------------------------------------------------------------------------------
Leu L CTT      19 | Pro P CCT      57 | His H CAT      13 | Arg R CGT       9
      CTC      11 |       CCC      37 |       CAC       4 |       CGC       7
      CTA      15 |       CCA      53 | Gln Q CAA      73 |       CGA       8
      CTG      20 |       CCG      21 |       CAG      45 |       CGG       4
------------------------------------------------------------------------------
Ile I ATT      21 | Thr T ACT      39 | Asn N AAT      72 | Ser S AGT      29
      ATC      16 |       ACC      22 |       AAC      43 |       AGC      16
      ATA      41 |       ACA      38 | Lys K AAA      64 | Arg R AGA      57
Met M ATG      28 |       ACG      28 |       AAG      62 |       AGG      46
------------------------------------------------------------------------------
Val V GTT      16 | Ala A GCT      12 | Asp D GAT      78 | Gly G GGT      28
      GTC      17 |       GCC      13 |       GAC      34 |       GGC      13
      GTA      28 |       GCA      26 | Glu E GAA      94 |       GGA      15
      GTG      33 |       GCG       9 |       GAG      49 |       GGG      12
------------------------------------------------------------------------------

(Ambiguity data are not used in the counts.)


Codon position x base (3x4) table, overall

position  1:    T:0.15632    C:0.22348    A:0.35102    G:0.26919
position  2:    T:0.21896    C:0.27144    A:0.36795    G:0.14165
position  3:    T:0.27652    C:0.16366    A:0.32788    G:0.23194
Average         T:0.21727    C:0.21953    A:0.34895    G:0.21426


Nei & Gojobori 1986. dN/dS (dN, dS)
(Pairwise deletion)
(Note: This matrix is not used in later ML. analysis.
Use runmode = -2 for ML pairwise comparison.)

castellii           
bayanus             -1.0000 (0.7911 -1.0000)
kluyveri            -1.0000 (0.9907 -1.0000) 0.3373 (0.8188 2.4278)
cerevisiae          -1.0000 (0.8071 -1.0000) 0.0923 (0.0965 1.0463) 0.3706 (0.8448 2.2796)
paradoxus           -1.0000 (0.7664 -1.0000) 0.0864 (0.0833 0.9645) 0.3183 (0.8199 2.5758) 0.1632 (0.0522 0.3201)
kudriavzevii        -1.0000 (0.8444 -1.0000) 0.1181 (0.1054 0.8925) 0.2966 (0.8391 2.8288) 0.1401 (0.1182 0.8432) 0.1598 (0.1155 0.7228)


TREE #  1:  (((((4, 5), 6), 2), 1), 3);   MP score: -1
lnL(ntime:  5  np: 13):  -4735.447126      +0.000000
   7..8     8..9     9..10   10..11   11..4    11..5    10..6     9..2     8..1     7..3  
 4.882695 4.362066 0.483125 0.483124 0.201223 0.841908 0.821805 1.750312 0.155642 1.971745 0.129466 2.668744 0.083086
SEs for parameters:
 0.542945 0.505060 0.048289 0.049069 0.025272 0.105862 0.129353 0.244264 0.025189 0.407538 0.023312 0.498732 0.016991
Note: Branch length is defined for the first gene (site partition).
For other genes, look at "rates for genes".

tree length =  15.29493 (1st gene)

(((((4: 0.201223, 5: 0.201223): 0.281901, 6: 0.483124): 0.000000, 2: 0.483125): 3.878941, 1: 4.362066): 0.520629, 3: 4.882695);

(((((cerevisiae: 0.201223, paradoxus: 0.201223): 0.281901, kudriavzevii: 0.483124): 0.000000, bayanus: 0.483125): 3.878941, castellii: 4.362066): 0.520629, kluyveri: 4.882695);

Detailed output identifying parameters

rates for 3 genes:     1  0.84191  0.82180

gene # 1: kappa =   1.75031 omega =   0.15564
gene # 2: kappa =   1.97174 omega =   0.12947
gene # 3: kappa =   2.66874 omega =   0.08309

Time used:  0:31
