
seed used = 1418810465
      6   1056

castellii                                  --- --- --- --- --- --- --- --- --- --- --- --- --- --- --- --- --- --- --- --- --- --- --- --- --- --- --- --- --- ATG GAT CCT GCT ACC CCT CCA AGA TCA AGA TCA AAT GGA TCT AGT ACC GCC ACA GCA AGA AAC CAA AAC AGG TTT TCC AAT GTG AAC TCC TCC AAC AAC GAT AAT ATT CTT CAA ACG CCA AAT AAA AAC TCC TCT TTG TCC ATT AGA CCC CCA GTG ACA CCA AGC ACT GTA CAG AAA TTC AAG AAC CAA CCA TTC TTA CAG CCT CCC AAT --- --- GCT GCT TTA AAC AGA AGA GGT --- AAC ACA GGT TTG AAA TCA CCA GAG ATT TCT CCC TTT ATA AGG --- --- --- AGA TCC TCC ATT GGC TTA AAT CTT ACA AAT GAT AAT AGT AGA CTC GTA AAG AGT GCC AAC AAT TTA CAG GCT GTA AGT AAA GTA TTG TTC CCT ACG TCG GCA TCC CCA --- --- TCT ACC TCA CCG GAT AAT TTG GAA CTG CTG CCG CCA AAT ACT TCT GCT TCA TTC TCA TCA TTC ACA TTC TCA CCG GAC AGA TCA ACG TCA CCT ACG CCC AAG ACT AAG AGG ACA AAT CAT GAC ATA TTT GAT TCT CAA TTC CAA ATA AAT TAT GAA CAA CAA CAG CAA CCA TTA CAA TCT CAA AAG ATA CAG AAA ATA GTT CCT GGA ACG CCC AGT GAT AAG ATA ATA ACA ACT CCA CAG GAT CCC --- --- --- TCA GAG AGG GAG CAG ATG GAT ACG GAT GTA GAT TCC GAG TTG GAA GAT GAG AAT ATA ATT ATT AAA AAT GAC GTA TCG AGT TAC AAT CCA TTC ATG GAC TCT AAA GTC CCA ACG AGA GAA GAA CGT TTA CAA AGA AGA CAA AAA CTT ATC AGC GAA AAT CCA GAT ATT GAA GAT ACA ATC ACT TAC ATT AAT AAG AGA GAT AAG ACA AAA GTG ACT AAG ATA AAA TTG GAT AAG GAA CAG AGA GAA TCT TAT AAA CCA AGA ATG CTA TTC GAG GAC GAA ATA TAT AAT GAT CAG GAT AAA CAA --- --- 
bayanus                                    ATG TTC AAA GAA CCT GAT ACG GAT ACT GTA AAT CAA ACA ACC CTC GAC GCA GTT TTG ATC CCA GAA TCA GGG ACT ACT ACA CAA GCA ATG ACA CCT TCC ACG CCA CCC AGA TCG AGA GGC ACT AGG TAT CTT ACG CAG TCC AAC GCC AAT GCT GGT TCT AAC GGG ATA ATG CAA CCG CAA AGG ACC CCT --- --- --- CAA AAG CCT TCA CAG AAC --- --- --- --- --- TTG GTC CCT GTG ACT CCG TCG ACA GCT AGG CCG TTC AAG AAT GCA CCA TTA CTA GCG CCT CCC AAT --- --- GCG AGC ATG GGT ATG ACT TCC CCA TTC AAT GGG CTC ACT TCA CCT CAA CGC TCA CCT TTC CCG AAA TCT TCA GTC AAG AGA ACA CTA TTT CAA TTT GAA AGT CAC GAT GAC GGG ATA GTA CGT GAG GAA CAG AAA CCG TTG GGT CGT GTG AAT AGA ATG CTG TTT CCT --- --- --- --- --- --- --- ACT GAA GGT --- GTG CAG CAG GAT GAA GAA GAG GAG GAG GAA GAA --- --- --- --- --- GTG CTG CTC CCC CCC AGC AGA CCT ACC TCT GCC AGG CAG TTG CAC TTA TCA CTC GAT AGA AAT GAA CTT GAC GAG TCG TAC AGA AAG --- --- --- --- --- --- --- --- --- --- --- --- AAG ATC ATT AAA GAT GTA CCT GGT ACG CCC AGC GAC AAA GTG ATA ACG TTC GAA TTG GCC AAG AAT TGG AAC AAC TAT TCC CCA CAA AAC GGA ACC AGT AGC CAA GAA AGC GAA GAC GAG GGA GAC GTC ATC ATC AGA TCA GCA CAA GTG AGT AAA AAT CCC TTC GTG TCG GAT GAA GTG GTC ACT CAA GAG ATT AGG AGT GAA CGC AAG AGC GCG TTA TTA AGG GAG AAC CCA GAT ATA GAA GAT GTG ATA ACG TAT GTT AAC AAG AAG GGC --- GAA GTA GTG GAG AAA CGA AGG CTG ACT GAT GAA GAG AAA CGA AGG TTC AAA CCA AGG GCA TTG TTT CAA --- --- --- ACT AGG GAT CAA GAG CAT --- --- --- 
kluyveri                                   --- --- --- --- --- --- --- --- --- --- --- --- --- --- --- --- --- --- --- --- --- --- --- --- --- --- --- --- --- ATG ACG CCC TCA ACA CCA CCA AGA TCA --- TCC GTT GGC ATA TCT TCT AGA GGG AAG AAG GGC AAG GAA ACC CAA GAT ATT CCA GAC TTA CGG CTC AGT CCA --- --- --- GAA ACT CCT CAT CGC CAG TCA --- --- AAA TTT GTG GCT CCT GTT ACT CCA GGT ACT GTT TCG ATG AAA CAA CAG CAG CAA CAG CAG ATG AAT TCA AAT AGG TTT AGG TCA CAG GTG CAC CGG TCT CCA TTC AAA GGC TTG AAA ACT CCT GAA TAT ACA CCT AAA AAC GCA GGT AAA AGA AAG CTT GAC CTA CAG CAA ACT GGT GAA CTG AGT AAC GTG AGC CGA GTT CTA TTT CCT TCG GAA GAG AAA CAG GTA CCG TCT CTG TTG GTA ACA GGT TCT GGT AGA CTG GGC TCC AAG AAA CAG CTT TCT CCG TTG ATA TTC GAT AAC GAG GAT GAC GTT TCT GTT ATT GGA TCA CTT TTG CCT CCA AAG AGT ATG GGA TCT AGA TCA GGT ATA TTT TCG TCA TTC TTG GAG GAA GAA GAC CTA GAT GAG GTC ACA CCA CAA ACC AGA --- --- --- --- --- --- --- --- --- --- AAA CAA CCA AAG CAA GTC CCA GGA ACA CCT AGC GAC AAA ATA GTA ACT TTC CAA TTA GCA AAG GAC TGG AAC AAT AAT TCG GGC TCT TGC TTC TCT TCG GAC GAT GGA --- --- GAC GAT GAT GAG ACA CTA ATA CGA --- GAA CAG AAA TTA ATC GAT CCC TTC TCA TCG GAT GAT ATT CCC GAT AAA CAA ACA AGA CTA GCT CGC AAA CAA CAA CTG CTG GCA GAA AAC CCA GAG TTA GAA GAA ACG GTA ACA TAC GTT AAT AAA TAT GGT --- AAG ACG GTT AAA CAA AGA AAT TTA TCA AAA GAC GAA CAA GAG AGG TTC AAA CCT CAA ATG CTG TTT GCT AGG GAA TTG GAA GAT CAA AAA CGG GAT AAT AAG GGG 
cerevisiae                                 --- --- --- --- --- --- --- --- --- --- --- --- --- --- --- --- --- --- --- --- --- --- --- --- --- --- --- --- --- ATG ACT CCT TCC ACC CCA CCA AGG TCC AGA GGG ACT AGG TAC CTT GCG CAG CCT AGT GGC AAT ACT AGT TCT AGT GCC CTA ATG CAA GGT CAA AAG ACC CCC --- --- --- CAA AAG CCT TCA CAG AAC --- --- --- --- --- CTA GTC CCT GTC ACT CCC TCA ACA ACT AAG TCT TTT AAA AAT GCG CCA TTA TTA GCA CCT CCC AAT --- --- TCG AAC ATG GGT ATG ACC TCT CCA TTT AAT GGG CTT ACG TCT CCT CAA CGC TCG CCG TTT CCA AAA TCT TCA GTG AAG AGG ACA CTA TTC CAA TTT GAA AGT CAT GAT AAT GGA ACA GTA AGG GAA GAG CAG GAA CCA TTG GGT CGT GTA AAT AGG ATA TTG TTT CCC --- --- --- --- --- --- --- ACG CAG CAA AAT GTG GAT ATA GAT GCA GCA GAA GAA GAA GAA GAA GGA GAA --- --- --- GTT CTT CTT CCC CCC AGC AGA CCT ACA TCT GCC AGG CAG TTA CAT TTA TCA CTT GAA AGA GAT GAG TTT GAT CAG ACA CAT AGA AAG --- --- --- --- --- --- --- --- --- --- --- --- AAG ATT ATT AAA GAT GTA CCT GGT ACG CCC AGC GAC AAG GTG ATA ACA TTT GAA TTG GCA AAA AAT TGG AAC AAC AAC TCT CCG AAA AAT GAC GCC AGG AGT CAA GAA AGT GAA GAC GAG GAA GAC ATC ATC ATC AAT CCA GTG CGG GTG GGT AAA AAT CCC TTT GCA TCA GAT GAA CTG GTC ACT CAG GAA ATT AGA AAT GAA CGT AAA AGG GCA ATG TTG AGA GAA AAC CCA GAT ATA GAA GAC GTA ATA ACA TAT GTC AAT AAG AAG GGA --- GAG GTG GTA GAG AAA CGA AGG TTA ACG GAT GAA GAA AAG AGA AGA TTC AAG CCA AAG GCA TTG TTT CAA --- --- --- TCT AGG GAT CAA GAG CAT --- --- --- 
paradoxus                                  --- --- --- --- --- --- --- --- --- --- --- --- --- --- --- --- --- --- --- --- --- --- --- --- --- --- --- --- --- ATG ACT CCT TCC ACC CCA CCA AGG TCT AGA GGG ACT AGG TAT CTT ACG CAG CCT AGT GGC AAT ACC AGT TCT AGT ACT ATA ATG CAA CCT CAA AGG ACC CCT --- --- --- CAA AAG CCT TCA CAG AAC --- --- --- --- --- CTG GTC CCT GTT ACC CCT TCG ACA ACT AAG CCT TTT AAA AAT GTG CCA TTA TTA GCA CCT CCC AAT --- --- TCC AAC ATG GGT ATG ACC TCT CCA TTT AAT GGG CTT ACA TCT CCT CAA CGC TCG CCG TTT CCG AAA TCT TCA GTG AAG AGA ACA CTA TTT CAA TTT GAA AGT CAC GAC AAT GGT ATA GTA AGG GAA GAG CAG GAA TCA TTG GGT CGT GTA AAT AGA ATA CTG TTT CCT --- --- --- --- --- --- --- ACG CAG CAA GAT GCG GAT ATA GAT GAA GAT GAA GAA --- --- --- --- --- --- --- --- GTT CTT CTC CCC CCC AGC AGG CCT ACC TCT GCT AGG CAG TTA CGT TTA TCA CCT GAA AGA GAT GAG CTG GAT CAA TCG TAT AGA AAG --- --- --- --- --- --- --- --- --- --- --- --- AAG ATT ATT AAA GAT ATA CCT GGT ACG CCC AGC GAC AAG GTA ATA ACA TTT GAG TTG GCA AAA AAC TGG AAC AAC TAT TCT CCT CAA AAC --- GCC AGT AGT CAA GAG AGT GAA GAC GAG GAA GAC ATC ATA ATT AAG CCG GCA CAG GTG GGC AAA AAC CCC TTT GTG TCA GAT GAA CTG ATA ACT CAG GAT ATC AGA AAT GAA CGT AAA AAG GCG ATG TTA AGA GAA AAC CCA GAT ATA GAA GAC GTG ATA ACA TAT GTC AAT AAG AAG GGA --- GAG GTG GTA GAG AAA CGA AAG TTA ACG GAT GAA GAA AAA AGA AGA TTC AAA CCA AAG GCA TTG TTT CAA --- --- --- CCT AGG GAT CAA GAG CAT --- --- --- 
kudriavzevii                               --- --- --- --- --- --- --- --- --- --- --- --- --- --- --- --- --- --- --- --- --- --- --- --- --- --- --- --- --- ATG ACA CCT TCC ACC CCA CCA AGG TCT AGA GGC ACT AGG TAT CTT ACA CAA CCC AAC ACC AAT GCC GGT CCG AAC GGA ATA ATA CAA GCC CAA AGG ACC CCT --- --- --- CAA AAG CCT TCG CAG AAT --- --- --- --- --- CTG GTC CCT GTT ACT CCC TCG ACA GCT AGG CCC TTT AAA AAT GCA CCG TTA CTG GCA CCT CCC AAT --- --- GCA AAT ATG GGT ATG AGT TCT CCA TTT AAT GGG CTC ACT TCA CCT CAA AGG TCT CCA TTT CCG AAG CCT TCA GTG AAG AGA ACG CTC TTC CAG TTT GAA AGC CAT GAC AAT GGA ATT GTA AGA GAA GAG CAG GAA CAA CTT GGT CGT GTA AAT AGA ATA TTG TTT CCA AAT GGG CAT --- --- --- --- AAG CAG CAA GAT CAA GAT GAA GAT GAA GAT GAA GAT GAA GAT GAA TGT GAA GAT GAT GAG GTT CTC CTC CCC CCC AGT AGG CCT ACC TCT GCC AGG CAG TTA CAT CTA TCA ATC GGT AAA GAT GAG TCT GAA CAA GCG CAT AAT AGG --- --- --- --- --- --- --- --- --- --- --- --- AAG ATC ATC AAA GAT GTA CCC GGT ACG CCC AGC GAC AAG GTG ATA ACG TTT GAA CTG GCC AAA AAT TGG AAC AAC TAT TCC CCG CAG AAC GGC TCC ACT AGT CAA --- --- --- GAC GAG GAA GAC GTC ATA GTC AGA CCG GCA CGA GTG AAC AAA AAT CCC TTT CTA TCC GAT GAA GTG GTC ACT GAG GAG ATC AGA AAT GAA CGC AGG AGA GCA TTG TTG GAG GAG AAT CCG GAT ATA GAT GAT GTG GTA ACG TAT CTT AAT AAG AAG GGA --- GAG ATT GTA GAA AAA CGA AGG CTG ACA AAT GAA GAG AAA AGA AGA CTA AAA CCA AAG GCG TTG TTC CAA --- --- --- TCT AGG GAT CAA GAG CAT --- --- --- 



Printing out site pattern counts


         6       1011  P

castellii                                   --- --- --- --- --- --- --- --- --- --- --- --- --- --- --- --- --- --- --- --- --- --- --- --- --- --- --- --- --- --- --- --- --- --- --- AAA AAA AAA AAA AAA AAA AAA AAA AAA AAA AAA AAA AAC AAC AAC AAC AAC AAC AAC AAC AAC AAC AAG AAG AAG AAG AAG AAG AAG AAG AAG AAT AAT AAT AAT AAT AAT AAT AAT AAT AAT AAT AAT AAT AAT AAT AAT AAT AAT AAT ACA ACA ACA ACA ACA ACA ACA ACA ACA ACC ACC ACC ACG ACG ACG ACG ACG ACG ACG ACT ACT ACT ACT ACT ACT AGA AGA AGA AGA AGA AGA AGA AGA AGA AGA AGA AGA AGA AGA AGA AGC AGC AGG AGG AGG AGG AGT AGT AGT AGT AGT AGT ATA ATA ATA ATA ATA ATA ATA ATA ATA ATA ATC ATC ATG ATG ATG ATG ATT ATT ATT ATT ATT ATT ATT ATT CAA CAA CAA CAA CAA CAA CAA CAA CAA CAG CAG CAG CAG CAG CAG CAG CAG CAG CAT CCA CCA CCA CCA CCA CCA CCA CCA CCA CCA CCA CCA CCC CCC CCC CCC CCC CCC CCG CCG CCG CCT CCT CCT CCT CCT CCT CGT CTA CTC CTG CTG CTT CTT CTT GAA GAA GAA GAA GAA GAA GAA GAA GAA GAA GAC GAC GAC GAC GAC GAG GAG GAG GAG GAG GAG GAT GAT GAT GAT GAT GAT GAT GAT GAT GAT GAT GAT GAT GAT GAT GAT GAT GCA GCA GCC GCC GCT GCT GCT GCT GCT GGA GGA GGC GGT GGT GTA GTA GTA GTA GTA GTA GTC GTG GTG GTG GTT TAC TAC TAT TAT TAT TCA TCA TCA TCA TCA TCA TCA TCA TCA TCA TCA TCC TCC TCC TCC TCC TCC TCC TCC TCC TCG TCG TCT TCT TCT TCT TCT TCT TCT TCT TTA TTA TTA TTA TTA TTA TTC TTC TTC TTC TTC TTC TTC TTC TTC TTG TTG TTG TTG TTG TTG TTT TTT TTT
bayanus                                     --- --- --- --- --- --- AAA AAC AAT AAT ACA ACC ACG ACT ATC ATG CAA CCA CCA CCT CTC GAA GAC GAT GCA GGG GTA GTC GTT TCA TCA TCT TGG TTC TTG AAA AAA ACT AGA AGA AGG CAG CAT CCG GAA GCG GTA AAA AAC AAT AAT ACC AGG CAA GGT GGT TTC --- AAA AAA AAG AAG GAG GAT TTA TTG --- --- AAC AAC AAT AAT ACT AGG ATA CAC CAG CCG GAC GAC GAG GAT TCA TCA TTT AAT ACG ACT AGT CTC CTG GAA GTG TCC ACG ACG GAA --- AAG ACC ACC ACG ACT AGG ACA ACG CAC GAA GAG TTC AAA AAG AAG AAG ACT AGA AGA AGA AGG ATA ATG CAA CGC GCC TTG AGG TCG AAA TCA TCC TCT AAT AGC AGT CTT GAA GGG --- AAG ATA ATC CCG CGA GAA GAT GTC GTG ATA TTA AAC ATG GCA GTG --- --- ATA ATC ATC CGC CTA GTT --- --- AGA AGC CAA GAA GCA GCT TCG --- AGG ATT CAA CAA GAG GCG GGT TTG AGA --- --- CCA CCA CCA CCC CCC CCG CCT GAA GAG GTC AAG CAG CCC CCC CCT GTC --- CCC GAG CCA CCT CCT CCT CCT GCC AGG TTG GTA GAA GAA --- GAA TTA --- --- ATT CGA GAA GAA GAC GAG GAG GAT --- AAT AGC GCA TCG AGC CAA CAA CCA GGA TAT ACA ACT AGT CAA CCT GAC GAC GAG GAG GAT GAT GAT GAT GCC GGA GGC GTG --- AAC CAG CAG --- AGC CGT GCG TCC AGG GGT TTT GGG TCC AGC ATG CAA CGT GCT GTG GTG ATG GTG GTG GTA AAA TAT --- ACT TTC --- --- --- AAC CCC CCT GGC GGT TCA TCG TCT --- --- --- ACA AGA CAA CCG GAA GGG --- GTG --- ACT AGG GAA GAG GAT TAT TCA --- AGT ATG CAA CTA TTG --- CTC GTG TAC TTA TTC TTC TTT TTT --- CAG CTC CTG CTG GAA AAC CTT TTC
kluyveri                                    AAG AGG GGC GGG TCC TTT --- AAC --- GAC --- --- --- --- --- --- --- --- CCA --- --- --- --- --- --- --- --- AGA --- --- AAA GGT TGG --- --- AAA AAG AAA CGA TCT AAT CGC GAT ATG GAT CAA ACG TCG CAG CAG GGC AGT CTC GAC GAA GTG TTC --- AAA CAA AAA CAA CTA AAA TCA TTT --- ACC AAC AAT AAT GAT GTT GAT ATT CTG CCG GAA AAC GAG GAT GAG --- CAT ACT AAA ACT ACT GAA TTG TTG AAG ACG GGG ACA TCT AAA GGT ACT TCT TCT ACA GAT GGT ACT ACA TCG GAC AAA TTC CAA AAA AAG TAT CGG --- AGA ATG CAA AGC CAC AAA CGC AAG GTG GCA GGT GCA TTC TCG ACC CCG AGC TTA TCT TTT GTG TTG CAA GTA CAA AAC AGA GAC CAA ACA ATA GTA CTG TGC ATG ATG TCA --- TTT TTA ATA CTA TAT CTA GTT --- AAT CCA CAA GAA GCT CAG AAG GTC --- TCG CCA AAA TCT GAA ATG AAA TTA GAA --- CTG CAA CCA CCT CCA CCC CCA CCT CAA GAG CCC AAG ATA CCT TCA CCT GCT CTT AAG AAC CCA AAT ACA CCA CCC TCA AGA CTG CGA GAT TTC --- GGT CTG --- GAA ACA GAG GAA GAC GAC CAA GAA ATA AGG GAA AGT GAA TCG --- GAA GCT GGC GAT AAT ACG TCA TCG GAT CCA GAC GAT CGG GAT AGT CAA GAA GAG GCA TTC GGT TCT GGT AAG AGA CCT TCT TCA CAG AGG TCA GGC GGA CAG GGC TCT GAC CTG CAG GTT GTT GTA ATT CCA GTT GTT GTC ATC TAC AGA GAA TTC GGA GTT TCA AAT CCA GGA TCC CAG ACT TCA AGA AAA AGA TCA GAC CTT CGG TTA GGA GAT TCT AAA --- AAG AGG GTT GAG GAT ATA ACA --- CTA CAG CAA CAG GAG ATT CCT CTT ACA CAG AAA TTC GTA TTT --- TTG TTG TTA TTG --- CAA CTA AAA
cerevisiae                                  --- --- --- --- --- --- --- AAC --- AAT --- --- --- --- --- --- --- --- CCA --- --- --- --- --- --- --- --- GTG --- --- TCA TCT TGG --- --- AAG AAA ACG AAT AGG AGG CAG CAT TCT GAA GCA GTG GAA AAC AAT AAT ACC AAG CAA AGT GGT TTT --- AAG AAA AAG AAA GAA GAT TTA TTA --- --- AAC AAT AAT AAT ACT AGG CTA CAT GAT CCA AAT GAC GAA GAA CCA TCA TTT AAT ACA ACT AGT CTT CTT GAG GTA CCT ACC GCG CAG --- AAG ACA GCC ACG ACT AGG ACA ACA CAT GAA GAG TTT AAG AAA AAG AAG ACC AGA AGG AGA AAG ACA ATG CAG CGT GGC CTA AGA TCA AAA TCA TCT TCT AAT AGC GGT CTT GAG GGA --- AAG ATA ATT CCA CGA GAG GAT ATC GTG ATA TTG AAT ATG GCA GCA --- --- ATA ATC ATC CGC CTA GTC --- --- AGA AGG CAA GAA GCG ACT ACA --- AAG ATT CAA AAA GAA GCA GGT TTG AGA --- --- CCA CCA CCA CCA CCC CCC CCT GAA GAA GTC AAA CAG CCC CCC CCG GTC AAT CCC GAA CCA CCT CCC CCT CCT GCC AGA TTG GTA GCA GCA --- GAA ATG --- --- ATT AGA GAA GAA GAC GAA GAA GAT --- GAT AGC GTG TCA AGT CAA CAA CCG GAA AAC ACT ACG AGG CAA CCC GAC GAT GAG GAG GAT GAT GAC GAT GCA GAC GGA GTG --- AGT CAG CAG GGA AAC CGT TCG TCC AGG GGT TTC GGG TCT AGT ATA CGG AGG ACT GTA CTG ATG GTA GTC GTA AAA TAT --- TCT TTC --- GAA --- AAC CCC CCT GGG CAA TCT TCC TCT --- --- --- ACA AGG CAA GGT GAA GCC --- GTG --- ACG AGA GAA CAG GAT TAC TCG --- AAT ATG CAA TTA TTG --- CTT GTT CAT TTA TTT TTT TTT TTT --- ATA CTT TTA TTG GAA AGT TTT TTT
paradoxus                                   --- --- --- --- --- --- --- AAC --- AAC --- --- --- --- --- --- --- --- CCA --- --- --- --- --- --- --- --- GTG --- --- TCA TCT TGG --- --- AAA AAA ACA AAG AGA AAG CAG CAT CCT GAA GCG GTG GAA AAC AAT AAT ACC AGG CAA AGT GGT TTT --- AAG AAA AAG AAA GAA GAT TTA TTA --- --- AAC AAT AAT AAC ACT AGG ATA CAC GAT TCA AAT GAC --- GAA CCG TCA TTT AAT ACA ACC AGT CCT CTT GAG GTG CCT ACC ACG CAG --- AAG ACC GCC ACG ACT AGG ACA ACA CGT --- GAG TTT AAA AAA AAG AAG ACC AGA AGG AGG AAG ATA ATG CAG CGT GGC CTG AGA TCG AAA TCA TCT TCT AAT AGC GGC CTT GAG GGT --- AAG ATA ATT CCG CGA GAG GAT ATC GTA ATA TTA AAC ATG GCA GTG --- --- ATA ATT ATA CGC CTA GTC --- --- AGA AAG CAA GAA GTG ACC TCG --- AAG ATT CAA CAA GAA GCA GGT TTG AGA --- --- CCA CCA CCA CCA CCC CCT CCT GAG GAA ATA AAA CAG CCC CCC CCG GTC GAT CCC GAA CCA CCT CCT CCT CCT GCT AGA TTG GTA GAT GAA --- GAA ATG --- --- ATC AGA GAA GAA GAC GAT GAA GAT --- GAT AGC GCA TCA AGT CAA CAA CCT GAA TAT ACT ACG AGT CAA CCT GAC GAT GAG GAG GAC GAT GAC GAT GCA --- GGA GCG --- AGT CAG CAG --- AAC CGT TCC TCC AGG GGT TTT GGG TCT AGT ATA CAG AGG ACT GTA CTG ATG GTA GTT ATA AAA TAT --- CCT TTC --- --- --- AAC CCC CCT GGG CAA TCT TCT TCT --- --- --- ACA AGA CAA CCT GAG ACT --- GTG --- ACG AGA --- CAA GAT TAT TCG --- AAT ATG CAA TTA TTG --- CTC GTT TAT TTA TTT TTT TTT TTT --- ATA CTT TTA CTG GAA AGT CTG TTT
kudriavzevii                                --- --- --- --- --- --- --- AAC --- AAT --- --- --- --- --- --- --- --- CCA --- --- --- --- --- --- --- --- GTG --- --- TCA CCT TGG --- --- AAA AAA ACT AGA AGA AGG CAG CAT CCC GAA GCA ATT GAA AAT AAT AAT ACC AGG CAA GGT GGT TTT --- AAG AAA AAG AAA GAA AAT CTA TTA --- --- AAT AAT AAT AAT ACT AGG ATA CAT GAT CAA AAT GAC GAA GGT CCG TCG TTT AAT ACG ACT AGC ATC CTC GAG GTG CCC ACC ACA CAG AAT AAG ACC TCC ACG ACT AGG ACA ACG CAT GAT GAA TTT AAA AGG AAG AAG AGT AGA AGG AGG AAG ATT ATG GAG CGC ACC CTG GAG TCG AAG TCA TCC CCG AAT AGC AAC CTT GAG GGA --- AGG ATA ATC CCG CGA GAG GAT GTC GTG GTA TTG AAC ATG GCG CTA --- --- ATA GTC ATA AGG CTC CTT --- --- AAT AGA CAA GAA GCA GCC GCG --- AGG ATC CAA CAG GAG GCA GGT CTG AAA --- --- CCG CCG CCA CCA CCC CCC CCT GAA GAT GTC AAA CAG CCC CCC CCA GTC GAT CCC GAA CCA CCT CCA CCC CCT GCC AGA TTG GTA GAT GAA --- GAA TTG --- --- ATC AGA GAT GAA GAC GAG GAG GAT --- GAT AGT GCA TCC --- CAA CAA CCG GAA TAT ACA ACA ACT CAA CCT GAC GAA GAG GAG GAC GAT GAT GAT GCC GGC GGA CAA CAT AAC CAA CAG TGT AAT CGT GCA TCC AGG GGT TTC GGG TCT AGT ATA CGA AGA GCT GTA GTG ATA GTA GTT GTA AAA TAT --- TCT CTA GAT GAA GAG AAC CCC CCT GGC CAA TCA TCT TCT --- --- --- ACG AGA CAA GCC --- GGA GGG GTG --- AAG AGA GAA CAA GAT TAT TCT --- AAT ATG CAG CTG CTT GAT CTC GTT CAT TTA TTT TTT TTT TTC --- GAA CTC CTG TTG --- AAC TCT TTT



    1    1    1    1    1    1    1    1    1    1    2    1    1    3    1
    1    2    1    1    1    1    2    1    2    2    1    1    1    1    1
    1    1    1    1    1    1    1    1    1    1    1    1    1    1    1
    1    1    1    1    1    1    1    1    1    1    1    1    1    1    1
    2    1    1    1    1    1    1    1    1    1    1    1    1    1    1
    1    1    1    1    1    1    1    1    1    1    1    1    1    1    1
    1    1    1    1    1    1    1    1    1    1    1    1    1    1    1
    1    1    1    1    1    1    1    1    1    1    1    1    1    1    1
    1    1    1    1    1    1    1    1    1    1    1    1    1    1    1
    1    1    1    1    1    1    1    1    1    1    1    1    1    1    1
    1    1    1    1    1    1    1    1    1    1    1    5    1    1    1
    1    1    1    1    1    1    1    1    1    1    1    1    1    1    1
    1    1    1    1    1    1    1    1    3    1    1    1    1    1    1
    1    1    1    1    1    1    1    1    1    1    1    1    1    1    1
    1    1    1    1    1    1    1    1    1    1    1    1    1    1    1
    1    1    1    1    1    1    1    1    1    1    1    1    1    1    1
    1    1    1    1    1    1    1    1    1    1    1    1    1    1    1
    1    1    1    1    1    1    1    1    1    1    1    1    1    1    1
    1    1    1    1    1    1    1    1    1    1    1    1    1    1    1
    1    1    1    1    1    1    1    1    1    1    1    1    1    1    1
    1    1    1    1    1    2    1    1    1    1    1    1    1    1    1
    1    1    1    1    1    1    1    1    1    1    1    1    1    1    1
    1    1    1    1    1    1    1

CODONML (in paml version 4.4b, July 2010)  torun.nuc
Model: One dN/dS ratio for branches Global clock 
Codon frequency model: F3x4
ns =   6  ls = 352

Codon usage in sequences
--------------------------------------------------------------------------------------------------------------
Phe TTT  3  4  5  9  9  7 | Ser TCT  9  3 10  8  7  6 | Tyr TAT  3  3  2  1  4  3 | Cys TGT  0  0  0  0  0  1
    TTC  9  7  7  2  1  2 |     TCC  9  4  2  2  2  4 |     TAC  2  1  1  1  0  0 |     TGC  0  0  1  0  0  0
Leu TTA  6  4  5  5  6  2 |     TCA 11  7 10  5  5  3 | *** TAA  0  0  0  0  0  0 | *** TGA  0  0  0  0  0  0
    TTG  6  6  6  5  3  4 |     TCG  2  4  6  2  3  2 |     TAG  0  0  0  0  0  0 | Trp TGG  0  1  1  1  1  1
--------------------------------------------------------------------------------------------------------------
Leu CTT  3  2  3  5  3  3 | Pro CCT  6 11  8  8 16  8 | His CAT  1  1  1  4  1  5 | Arg CGT  1  2  0  2  3  1
    CTC  1  4  1  0  1  4 |     CCC  6  6  3  8  5  9 |     CAC  0  2  1  0  1  0 |     CGC  0  2  2  1  1  1
    CTA  1  2  5  3  1  3 |     CCA 14  7 11  9  6  6 | Gln CAA 13 13 15  9 11 12 |     CGA  0  2  2  1  1  2
    CTG  2  3  6  1  4  4 |     CCG  3  5  2  2  3  6 |     CAG  9  6 10  7  7  6 |     CGG  0  0  3  1  0  0
--------------------------------------------------------------------------------------------------------------
Ile ATT  8  2  3  3  3  2 | Thr ACT  6 11  6  6  5  5 | Asn AAT 19  9  7 13  8 16 | Ser AGT  6  4  3  6  7  3
    ATC  2  4  1  3  2  4 |     ACC  3  4  2  3  6  4 |     AAC 10  8  5  6  8  6 |     AGC  2  6  2  2  2  2
    ATA 10  5  5  5 10  6 |     ACA  9  5  8  7  5  4 | Lys AAA 12  9 18  8  9  8 | Arg AGA 15  8  8  8  9  9
Met ATG  4  6  5  5  5  3 |     ACG  7  6  3  4  4  4 |     AAG 10  9 10 12 12  9 |     AGG  4 10  4 10  7 11
--------------------------------------------------------------------------------------------------------------
Val GTT  1  2  8  1  2  2 | Ala GCT  5  2  3  0  1  1 | Asp GAT 17 11 13 10 12 15 | Gly GGT  2  5  7  5  4  5
    GTC  1  4  2  4  2  4 |     GCC  2  3  0  3  1  4 |     GAC  5  6  9  5  5  4 |     GGC  1  2  5  1  2  2
    GTA  6  4  4  5  4  5 |     GCA  2  5  3  7  4  5 | Glu GAA 10 18 14 21 15 16 |     GGA  2  2  4  3  1  3
    GTG  3 10  3  6  6  5 |     GCG  0  3  0  2  2  2 |     GAG  6 11  7  6  8 11 |     GGG  0  4  2  2  2  2
--------------------------------------------------------------------------------------------------------------

Codon position x base (3x4) table for each sequence.

#1: castellii      
position  1:    T:0.19355    C:0.19355    A:0.40968    G:0.20323
position  2:    T:0.21290    C:0.30323    A:0.37742    G:0.10645
position  3:    T:0.29032    C:0.17097    A:0.35806    G:0.18065
Average         T:0.23226    C:0.22258    A:0.38172    G:0.16344

#2: bayanus        
position  1:    T:0.14194    C:0.21935    A:0.34194    G:0.29677
position  2:    T:0.22258    C:0.27742    A:0.34516    G:0.15484
position  3:    T:0.23226    C:0.20323    A:0.29355    G:0.27097
Average         T:0.19892    C:0.23333    A:0.32688    G:0.24086

#3: kluyveri       
position  1:    T:0.18482    C:0.24092    A:0.29703    G:0.27723
position  2:    T:0.22772    C:0.25413    A:0.37294    G:0.14521
position  3:    T:0.26073    C:0.14521    A:0.36964    G:0.22442
Average         T:0.22442    C:0.21342    A:0.34653    G:0.21562

#4: cerevisiae     
position  1:    T:0.14437    C:0.21479    A:0.35563    G:0.28521
position  2:    T:0.21831    C:0.26761    A:0.36268    G:0.15141
position  3:    T:0.28521    C:0.14437    A:0.33803    G:0.23239
Average         T:0.21596    C:0.20892    A:0.35211    G:0.22300

#5: paradoxus      
position  1:    T:0.14748    C:0.23022    A:0.36691    G:0.25540
position  2:    T:0.22302    C:0.26978    A:0.36331    G:0.14388
position  3:    T:0.30576    C:0.14029    A:0.31295    G:0.24101
Average         T:0.22542    C:0.21343    A:0.34772    G:0.21343

#6: kudriavzevii   
position  1:    T:0.12195    C:0.24390    A:0.33449    G:0.29965
position  2:    T:0.20906    C:0.25436    A:0.38676    G:0.14983
position  3:    T:0.28920    C:0.17422    A:0.29268    G:0.24390
Average         T:0.20674    C:0.22416    A:0.33798    G:0.23113

Sums of codon usage counts
------------------------------------------------------------------------------
Phe F TTT      37 | Ser S TCT      43 | Tyr Y TAT      16 | Cys C TGT       1
      TTC      28 |       TCC      23 |       TAC       5 |       TGC       1
Leu L TTA      28 |       TCA      41 | *** * TAA       0 | *** * TGA       0
      TTG      30 |       TCG      19 |       TAG       0 | Trp W TGG       5
------------------------------------------------------------------------------
Leu L CTT      19 | Pro P CCT      57 | His H CAT      13 | Arg R CGT       9
      CTC      11 |       CCC      37 |       CAC       4 |       CGC       7
      CTA      15 |       CCA      53 | Gln Q CAA      73 |       CGA       8
      CTG      20 |       CCG      21 |       CAG      45 |       CGG       4
------------------------------------------------------------------------------
Ile I ATT      21 | Thr T ACT      39 | Asn N AAT      72 | Ser S AGT      29
      ATC      16 |       ACC      22 |       AAC      43 |       AGC      16
      ATA      41 |       ACA      38 | Lys K AAA      64 | Arg R AGA      57
Met M ATG      28 |       ACG      28 |       AAG      62 |       AGG      46
------------------------------------------------------------------------------
Val V GTT      16 | Ala A GCT      12 | Asp D GAT      78 | Gly G GGT      28
      GTC      17 |       GCC      13 |       GAC      34 |       GGC      13
      GTA      28 |       GCA      26 | Glu E GAA      94 |       GGA      15
      GTG      33 |       GCG       9 |       GAG      49 |       GGG      12
------------------------------------------------------------------------------

(Ambiguity data are not used in the counts.)


Codon position x base (3x4) table, overall

position  1:    T:0.15632    C:0.22348    A:0.35102    G:0.26919
position  2:    T:0.21896    C:0.27144    A:0.36795    G:0.14165
position  3:    T:0.27652    C:0.16366    A:0.32788    G:0.23194
Average         T:0.21727    C:0.21953    A:0.34895    G:0.21426

Codon frequencies under model, for use in evolver (TTT TTC TTA TTG ... GGG):
  0.00985373  0.00583180  0.01168371  0.00826507
  0.01221558  0.00722963  0.01448419  0.01024613
  0.01655833  0.00979983  0.00000000  0.00000000
  0.00637445  0.00377263  0.00000000  0.00534673
  0.01408692  0.00833716  0.01670307  0.01181577
  0.01746343  0.01033550  0.02070664  0.01464790
  0.02367184  0.01400986  0.02806804  0.01985536
  0.00911293  0.00539337  0.01080533  0.00764370
  0.02212643  0.01309523  0.02623562  0.01855911
  0.02742993  0.01623404  0.03252406  0.02300755
  0.03718153  0.02200539  0.04408667  0.03118695
  0.01431375  0.00847140  0.01697201  0.01200602
  0.01696834  0.01004249  0.02011960  0.01423263
  0.02103549  0.01244958  0.02494208  0.01764406
  0.02851381  0.01687552  0.03380923  0.02391668
  0.01097694  0.00649656  0.01301552  0.00920719



Nei & Gojobori 1986. dN/dS (dN, dS)
(Pairwise deletion)
(Note: This matrix is not used in later ML. analysis.
Use runmode = -2 for ML pairwise comparison.)

castellii           
bayanus             -1.0000 (0.7911 -1.0000)
kluyveri            -1.0000 (0.9907 -1.0000) 0.3373 (0.8188 2.4278)
cerevisiae          -1.0000 (0.8071 -1.0000) 0.0923 (0.0965 1.0463) 0.3706 (0.8448 2.2796)
paradoxus           -1.0000 (0.7664 -1.0000) 0.0864 (0.0833 0.9645) 0.3183 (0.8199 2.5758) 0.1632 (0.0522 0.3201)
kudriavzevii        -1.0000 (0.8444 -1.0000) 0.1181 (0.1054 0.8925) 0.2966 (0.8391 2.8288) 0.1401 (0.1182 0.8432) 0.1598 (0.1155 0.7228)


TREE #  1:  (((((4, 5), 6), 2), 1), 3);   MP score: -1
lnL(ntime:  5  np:  7):  -4756.078585      +0.000000
   7..8     8..9     9..10   10..11   11..4    11..5    10..6     9..2     8..1     7..3  
 4.186134 3.798257 0.435916 0.435915 0.181449 1.969110 0.130312
SEs for parameters:
 0.415358 0.383130 0.035705 0.034155 0.020508 0.189319 0.015169

tree length =  13.22381

(((((4: 0.181449, 5: 0.181449): 0.254467, 6: 0.435915): 0.000000, 2: 0.435916): 3.362341, 1: 3.798257): 0.387878, 3: 4.186134);

(((((cerevisiae: 0.181449, paradoxus: 0.181449): 0.254467, kudriavzevii: 0.435915): 0.000000, bayanus: 0.435916): 3.362341, castellii: 3.798257): 0.387878, kluyveri: 4.186134);

Detailed output identifying parameters

kappa (ts/tv) =  1.96911

omega (dN/dS) =  0.13031

dN & dS for each branch

 branch          t       N       S   dN/dS      dN      dS  N*dN  S*dS

   7..8      0.388   789.4   266.6  0.1303  0.0482  0.3695  38.0  98.5
   8..9      3.362   789.4   266.6  0.1303  0.4174  3.2034 329.5 854.0
   9..10     0.000   789.4   266.6  0.1303  0.0000  0.0000   0.0   0.0
  10..11     0.254   789.4   266.6  0.1303  0.0316  0.2424  24.9  64.6
  11..4      0.181   789.4   266.6  0.1303  0.0225  0.1729  17.8  46.1
  11..5      0.181   789.4   266.6  0.1303  0.0225  0.1729  17.8  46.1
  10..6      0.436   789.4   266.6  0.1303  0.0541  0.4153  42.7 110.7
   9..2      0.436   789.4   266.6  0.1303  0.0541  0.4153  42.7 110.7
   8..1      3.798   789.4   266.6  0.1303  0.4716  3.6187 372.3 964.7
   7..3      4.186   789.4   266.6  0.1303  0.5197  3.9883 410.3 1063.3

tree length for dN:       1.6418
tree length for dS:      12.5987


Time used:  0:07
