
seed used = 1418754981
      5   1692

castellii                                  ATG TCT GAA ATT ACT TTG GGT AAA TAT TTG TTC GAA AGA TTG AAC CAA ATC GAT GTC AAG ACC ATC TTC GGT CTA CCA GGT GAC TTC AAC TTG TCC CTT TTG GAC AAG ATC TAC GAA ATC CCA GGT ATG AGA TGG GCT GGT AAC GCT AAC GAA TTG AAC GCT GCT TAC GCT GCT GAC GGT TAC GCT AGA TTA AAG GGT ATG TCC TGT TTG ATC ACC ACC TTC GGT GTC GGT GAA TTG TCC GCT TTG AAC GGT ATT GCC GGT TCT TAC GCT GAA CAC GTC GGT GTC TTG CAC GTT GTC GGT GTC CCA TCC ATC TCT TCC CAA GCT AAG CAA TTG TTG TTG CAT CAC ACT TTG GGT AAC GGT GAC TTC ACT GTC TTC CAC AGA ATG TCC GCT AAC ATC TCT GAA ACC ACT GCT ATG GTC ACT GAC ATT GCC ACT GCC CCA GCT GAA ATT GAC AGA TGT ATT AGA ACT ACC TAC GTC ACC CAA AGA CCA GTC TAC TTG GGT CTA CCA GCT AAC TTG GTT GAC TTG AAG GTC CCA GCT TCT CTA TTG GAC ACC CCA ATT GAC TTG TCT TTG AAG GCT AAC GAT GCT GAA GCT GAA GCT GAA GTT ATC GAA ACC ATC TTG GAT TTG GTT AAG TCT GCT AAG AAC CCA ATC ATC TTG GCT GAT GCT TGT GCT TCC AGA CAC GAT GTT AAG GCT GAA ACT AGA AAG TTG ATT GAC ATC ACT CAA TTC CCA TCT TTC GTT ACC CCA ATG GGT AAG GGT TCC ATT GAC GAA CAA CAC CCA AGA TTC GGT GGT GTT TAC GTC GGT ACC TTG TCT TCT CCA GCT ATT AAG CAA TCC GTC GAA TCT GCT GAT TTG ATC TTG TCT GTC GGT GCT TTG TTG TCC GAT TTC AAC ACT GGT TCT TTC TCT TAC TCT TAC AAG ACC AAG AAC GTT GTC GAA TTC CAC TCT GAC TAC ATT AAG ATT AAG AAC GCT ACC TTC CCA GGT GTC CAA ATG AAG TTC GTC TTG CAA AAG TTG TTG ACT GTC ATT GCC GCT GCC GCT AAG GGT TAC AAG CCA GTT GCT GTC CCA GCT AAG CCA GCT GCT AAC CCA GCC ACT GCT GCT TCT ACT CCA TTG AAG CAA GAA TGG TTA TGG AAC CAA GTC GGT AAG TTC TTG CAA GAA GGT GAT GTT GTT ATC TCT GAA ACC GGT ACT TCT GCT TTC GGT ATT AAC CAA ACT CAC TTC CCA AAC AAC ACT TAC GGT ATT TCC CAA GTC TTA TGG GGT TCC ATC GGT TTC GCT ACC GGT TGT ACT TTA GGT GCT GCT TTC GCT GCT GAA GAA ATT GAT CCA AAG AAG AGA GTT ATC TTA TTC ACT GGT GAA GGT TCT TTG CAA TTG ACC GTC CAA GAA ATC TCT ACC ATG GTC AGA TGG AAC TTG AAG CCA TAC TTG TTC GTC TTG AAC AAC GAC GGT TAC ACC ATT GAA AGA TTG ATT CAC GGT GAA AAG GCC GAT TAC AAT GAC ATT CAA AAC TGG GAA CAC TTG AAC TTG TTG CCA ACT TTC GGT GCC AAG GAC TAC GAA AAC CAC AGA GTC TCT ACT ACC GGT GAA TGG GAC AAG TTG ACC TCC AAC AAG GAA TTC AAC CAA AAC ACC AGA ATT AGA ATG ATC GAA ATT ATG TTG CCT GTT ATG GAT GCT CCA TCT AAC TTG GTT GCT CAA GCT AAG TTG ACT GCT TCC ATC AAC GCT AAG CAA GAT 
bayanus                                    ATG TCT GAA ATT ACT TTG GGT AAA TAT TTG TTC GAA AGA TTG AAC CAA GTT AAC GTT AAC ACC GTC TTC GGT TTA CCA GGT GAC TTC AAC TTG TCC TTG TTG GAC AAG ATC TAC GAA GTC GAA GGT ATG AGA TGG GCT GGT AAC GCC AAC GAA TTG AAC GCT GCT TAC GCT GCT GAC GGT TAC GCT CGT ATC AAG GGT ATG TCC TGT ATC ATC ACC ACC TTC GGT GTC GGT GAA TTG TCT GCC TTG AAC GGT ATT GCC GGT TCT TAC GCT GAA CAC GTT GGT GTT TTG CAC GTT GTT GGT GTC CCA TCC ATC TCT GCC CAA GCT AAG CAA TTG TTG TTG CAT CAC ACC TTG GGT AAC GGT GAC TTC ACT GTC TTC CAC AGA ATG TCT GCC AAC ATT TCT GAA ACC ACT GCC ATG ATC ACT GAT ATC GCT ACT GCC CCA GCT GAA ATT GAC AGA TGT ATC AGA ACT ACC TAC GTC ACC CAA AGA CCA GTC TAC TTG GGT CTA CCA GCT AAC TTG GTC GAC TTG AAC GTC CCA GCT AAG TTG TTG GAA ACT CCA ATT GAC ATG TCT TTG AAG CCA AAT GAC GCT GAA TCC GAA AAG GAA GTC ATT GAC ACC ATC TTG GCT TTG GTC AAG GAC GCT AAG AAC CCA ATT ATC TTA GCT GAT GCT TGT TGT TCC AGA CAC GAT GTC AAG GCC GAA ACC AAG AAA TTG ATC GAC TTG ACT CAA TTC CCA TCT TTC GTC ACC CCA ATG GGT AAG GGT TCC ATT GAC GAA AAG CAC CCA AGA TAC GGT GGT GTT TAC GTC GGT ACC TTG TCT AAG CCA GAA GTC AAG AAG GCT GTT GAA TCC GCT GAC TTG ATT TTG TCT GTC GGT GCT TTG TTG TCT GAT TTC AAC ACC GGT TCT TTC TCT TAC TCT TAC AAG ACC AAG AAC ATT GTT GAA TTC CAC TCC GAC CAC ATG AAG ATC AGA AAC GCT ACC TTC CCA GGT GTC CAA ATG AAA TTC GTT TTG CAA AAG TTG TTG ACC ACT GTT GCT GAC GCC GCC AAG GGT TAC AAG CCT GTC GCT GTC CCA GCT CCA ACT CCA GCT AAC GCT GCC GTC CCA GCT TCT ACT CCA TTG AAA CAA GAA TGG ATG TGG AAC CAA TTG GGT GAA TTC TTG CAA GAA GGT GAT GTT GTC ATT GCT GAA ACC GGT ACC TCC GCT TTC GGT ATC AAC CAA GTT GCT TTC CCA AAC AAC ACC TAC GGT ATT TCT CAA GTC TTA TGG GGT TCC ATT GGT TTC ACC ACT GGT GCT ACC TTA GGT GCT GCT TTC GCT GCT GAA GAA ATC GAC CCA AAG AAG AGA GTT ATC TTA TTC ATT GGT GAC GGT TCT TTG CAA TTG ACT GTC CAA GAA ATC TCC ACC ATG ATC AGA TGG GGT TTG AAG CCA TAC TTG TTC GTC TTG AAC AAC GAC GGT TAC ACC ATT GAA AAG TTG ATC CAC GGT CCA AAG GCC CAA TAC AAC GAA ATT CAA AAC TGG GAC CAC TTA TCC TTG TTG CCA ACT TTC GGT GCC AAG GAC TAC GAA ACC CAC AGA GTT GCT ACC ACC GGT GAA TGG GAC AAG TTG ACT CAA GAC AAG TCT TTC AAC GAA AAC TCC AAG ATC AGA ATG ATC GAA ATC ATG TTG CCA GTC TTC GAT GCT CCA CAA AAC TTG GTT GAA CAA GCC AAG TTG ACT GCT GCT ACC AAC GCT AAG CAA --- 
kluyveri                                   ATG TCT GAA ATT ACC CTA GGT CGT TAC TTG TTC GAA AGA TTG AAC CAA GTC GAA GTC CAA ACC ATC TTC GGT TTG CCA GGT GAC TTT AAC TTG TCC TTG TTG GAC AAG ATC TAC GAA GTC CCA GGT ATG AGA TGG GCT GGT AAC GCT AAC GAA TTG AAC GCT GCT TAC GCT GCT GAC GGT TAC GCT AGA ATC AAG GGT ATG TCC TGT ATC ATC ACC ACC TTC GGT GTC GGT GAA TTG TCT GCC TTG AAC GGT ATT GCC GGT TCT TAC GCT GAA CAC GTT GGT GTT TTG CAC GTT GTC GGT GTT CCA TCC GTC TCT TCC CAA GCT AAG CAA TTG TTG TTG CAT CAC ACC TTG GGT AAC GGT GAC TTC ACT GTC TTC CAC AGA ATG TCT GCC AAC ATC TCT GAA ACC ACC GCT TGG GTT ACC GAC ATT GCC ACT GCC CCA GCT GAA ATT GAC AGA TGC ATC AGA ACC ACC TAC GTC ACC CAA AGA CCA GTC TAC TTG GGT TTG CCA GCC AAC TTG GTT GAC TTG ATG GTC CCA GCT TCT TTG TTG GAC ACC CCA ATT GAC TTG TCT CTA AAG CCA AAC GAC CCA GAA GCC GAA GCT GAA GTT GTC AAC ACT GTC TTG GAA TTG ATC AAG GAC GCT AAG AAC CCA GTT ATC TTG GCT GAT GCC TGT GCT TCC AGA CAC AAC GTC AAG TCT GAA ACC AAG CAA TTG ATC GAC ATT ACT CAA TTC CCA GCC TTC GTT ACC CCA TTG GGT AAG GGT TCC ATC GAC GAA CAA CAC CCA AGA TTC GGT GGT GTT TAC GTC GGT ACC TTG TCT AAC GAC GAT GTC AAG GAA GCC GTT GAA TCT GCT GAC TTG ATT CTA TCT GTC GGT GCT TTG TTG TCC GAC TTC AAC ACC GGT TCT TTC TCT TAC TCT TAC AAG ACC AAG AAC ATT GTT GAA TTC CAC TCT GAC TAC ATC AAG ATC AGA AAC GCT ACC TTC CCA GGT GTC CAA ATG AAA TTC GCT TTG CAA AAG TTG TTG TCT CAA GTC GGT GAA GTT GTT AAG GAC TAC AAG CCA GTT GCT GTT CCA GCA AAG CCA ACT CCA AAC CCA GCT TGT GAC CCA TCC ACC CCA TTG AAG CAA GAA TGG GTC TGG AAC CAA GTC GGT AGA TTC TTG CAA GAA GGT GAC GTT GTC ATC ACC GAA ACC GGT ACC TCC GCT TTC GGT ATC AAC CAA ACT CAT TTC CCT AAC AAC ACT TAC GGT ATC TCC CAA GTC TTA TGG GGT TCT ATC GGT TTC ACC ACC GGT GCT TGT TTG GGT GCT GCT TGC GCT GCT GAA GAA CTT GAC AAG AAC AAG AGA GTC ATC CTA TTC ATT GGT GAC GGT TCT TTG CAA TTG ACT GTT CAA GAA ATC TCC ACC ATG ATC AGA TGG GGT CTA AAA CCA TAC TTG TTC GTC TTG AAC AAC GAC GGT TAC ACC ATT GAA AGA TTG ATT CAC GGT GAA AAC GCT CAA TAC AAC GAA ATT CAA CCA TGG AAG AAC TTG GAC CTA TTG CCA ACC TTC GGT GCT AAG GAC TAC GAA ACC TAC AGA GTC GCC ACT ACC GGT GAA TGG GAC AAG TTG GCC CAA GAC GAG GCC TTC AAC AAG AAC TCC AGA ATC AGA ATG GTT GAA GTT ATG CTA CCT GTT ATG GAT GCT CCA TCT AAC TTG GTC AAG CAA GCC CAA TTG ACC GCT AGC ATC AAC GCT AAG CAA GAA 
cerevisiae                                 ATG TCT GAA ATT ACT TTG GGT AAA TAT TTG TTC GAA AGA TTA AAG CAA GTC AAC GTT AAC ACC GTT TTC GGT TTG CCA GGT GAC TTC AAC TTG TCC TTG TTG GAC AAG ATC TAC GAA GTT GAA GGT ATG AGA TGG GCT GGT AAC GCC AAC GAA TTG AAC GCT GCT TAC GCC GCT GAT GGT TAC GCT CGT ATC AAG GGT ATG TCT TGT ATC ATC ACC ACC TTC GGT GTC GGT GAA TTG TCT GCT TTG AAC GGT ATT GCC GGT TCT TAC GCT GAA CAC GTC GGT GTT TTG CAC GTT GTT GGT GTC CCA TCC ATC TCT GCT CAA GCT AAG CAA TTG TTG TTG CAC CAC ACC TTG GGT AAC GGT GAC TTC ACT GTT TTC CAC AGA ATG TCT GCC AAC ATT TCT GAA ACC ACT GCT ATG ATC ACT GAC ATT GCT ACC GCC CCA GCT GAA ATT GAC AGA TGT ATC AGA ACC ACT TAC GTC ACC CAA AGA CCA GTC TAC TTA GGT TTG CCA GCT AAC TTG GTC GAC TTG AAC GTC CCA GCT AAG TTG TTG CAA ACT CCA ATT GAC ATG TCT TTG AAG CCA AAC GAT GCT GAA TCC GAA AAG GAA GTC ATT GAC ACC ATC TTG GCT TTG GTC AAG GAT GCT AAG AAC CCA GTT ATC TTG GCT GAT GCT TGT TGT TCC AGA CAC GAC GTC AAG GCT GAA ACT AAG AAG TTG ATT GAC TTG ACT CAA TTC CCA GCT TTC GTC ACC CCA ATG GGT AAG GGT TCC ATT GAC GAA CAA CAC CCA AGA TAC GGT GGT GTT TAC GTC GGT ACC TTG TCC AAG CCA GAA GTT AAG GAA GCC GTT GAA TCT GCT GAC TTG ATT TTG TCT GTC GGT GCT TTG TTG TCT GAT TTC AAC ACC GGT TCT TTC TCT TAC TCT TAC AAG ACC AAG AAC ATT GTC GAA TTC CAC TCC GAC CAC ATG AAG ATC AGA AAC GCC ACT TTC CCA GGT GTC CAA ATG AAA TTC GTT TTG CAA AAG TTG TTG ACC ACT ATT GCT GAC GCC GCT AAG GGT TAC AAG CCA GTT GCT GTC CCA GCT AGA ACT CCA GCT AAC GCT GCT GTC CCA GCT TCT ACC CCA TTG AAG CAA GAA TGG ATG TGG AAC CAA TTG GGT AAC TTC TTG CAA GAA GGT GAT GTT GTC ATT GCT GAA ACC GGT ACC TCC GCT TTC GGT ATC AAC CAA ACC ACT TTC CCA AAC AAC ACC TAC GGT ATC TCT CAA GTC TTA TGG GGT TCC ATT GGT TTC ACC ACT GGT GCT ACC TTG GGT GCT GCT TTC GCT GCT GAA GAA ATT GAT CCA AAG AAG AGA GTT ATC TTA TTC ATT GGT GAC GGT TCT TTG CAA TTG ACT GTT CAA GAA ATC TCC ACC ATG ATC AGA TGG GGC TTG AAG CCA TAC TTG TTC GTC TTG AAC AAC GAT GGT TAC ACC ATT GAA AAG TTG ATT CAC GGT CCA AAG GCT CAA TAC AAC GAA ATT CAA GGT TGG GAC CAC CTA TCC TTG TTG CCA ACT TTC GGT GCT AAG GAC TAT GAA ACC CAC AGA GTC GCT ACC ACC GGT GAA TGG GAC AAG TTG ACC CAA GAC AAG TCT TTC AAC GAC AAC TCT AAG ATC AGA ATG ATT GAA ATC ATG TTG CCA GTC TTC GAT GCT CCA CAA AAC TTG GTT GAA CAA GCT AAG TTG ACT GCT GCT ACC AAC GCT AAG CAA --- 
paradoxus                                  ATG TCT GAA ATT ACT TTG GGT AAA TAT TTG TTC GAA AGA TTA AAG CAA GTC AAC GTC AAC ACC GTT TTC GGT TTG CCA GGT GAC TTC AAC TTG TCC TTG TTG GAC AAG ATC TAC GAA GTT GAA GGT ATG AGA TGG GCT GGT AAC GCC AAC GAA TTG AAC GCT GCT TAC GCC GCT GAT GGT TAC GCT CGT ATC AAG GGT ATG TCT TGT ATC ATC ACC ACC TTC GGT GTC GGT GAA TTG TCC GCT TTG AAC GGT ATT GCC GGT TCT TAC GCT GAA CAC GTT GGT GTT TTG CAC GTT GTT GGT GTC CCA TCC ATC TCT GCT CAA GCT AAG CAA TTG TTG TTG CAC CAC ACC TTG GGT AAC GGT GAC TTC ACT GTT TTC CAC AGA ATG TCT GCC AAC ATT TCT GAA ACC ACT GCT ATG ATC ACT GAC ATT GCT ACC GCT CCA GCT GAA ATT GAC AGA TGT ATC AGA ACC ACT TAC GTC ACT CAA AGA CCA GTC TAC TTG GGT TTG CCA GCT AAC TTG GTT GAC TTG AAC GTC CCA GCT AAG TTG TTG CAA ACT CCA ATT GAC ATG TCT TTG AAG CCA AAC GAT GCT GAA TCC GAA AAG GAA GTC ATT GAC ACC ATC TTG GCT TTG GTC AAG GAC GCT AAG AAC CCA GTT ATC TTA GCT GAT GCT TGT TGT TCC AGA CAC GAC GTC AAG GCT GAA ACC AAG AAG TTG ATT GAC TTG ACT CAA TTC CCA GCC TTC GTC ACC CCA ATG GGT AAG GGT TCC ATT GAC GAA CAA CAC CCA AGA TAT GGT GGT GTT TAC GTC GGT ACC TTG TCC AAG CCA GAA GTT AAG GAA GCC GTT GAA TCT GCT GAC TTG ATT TTG TCT GTC GGT GCT TTG TTG TCT GAT TTC AAC ACC GGT TCT TTC TCT TAC TCT TAC AAG ACC AAG AAC ATT GTT GAA TTC CAC TCT GAC CAC ATG AAG ATC AGA AAC GCC ACT TTC CCA GGT GTC CAA ATG AAA TTC GTT TTG CAA AAG TTG TTG ACC ACT ATT GCT GAC GCC GCT AAG GGT TAC AAG CCA GTT TCT GTC CCA GCT AAG ACT CCA GCT AAC GCT GCT GTC CCA GCC TCT ACT CCA TTG AAG CAA GAA TGG ATG TGG AAC CAA TTA GGT AAC TTC TTG CAA GAA GGT GAT GTT GTT ATT GCT GAA ACC GGT ACC TCC GCT TTC GGT ATC AAC CAA ACC ACT TTC CCA AAC AAC ACC TAC GGT ATC TCT CAA GTC TTA TGG GGT TCC ATT GGT TTC ACC ACT GGT GCT ACC TTG GGT GCT GCC TTC GCT GCT GAA GAA ATT GAC CCA AAG AAG AGA GTT ATC TTA TTC ATT GGT GAC GGT TCT TTG CAA TTG ACT GTC CAA GAA ATC TCC ACT ATG ATT AGA TGG GGT TTG AAG CCA TAC TTG TTC GTC TTG AAC AAC GAT GGT TAC ACC ATT GAA AAG TTG ATT CAC GGT CCA AAG GCT CAA TAC AAC GAA ATT CAA GGT TGG GAC CAC CTA TCC TTG TTG CCA ACT TTC GGT GCT AAG GAC TAC GAA ACC CAC AGA GTC GCT ACT ACT GGT GAA TGG GAC AAG TTG ACC CAA GAC AAG TCT TTC AAC GAC AAC TCT AAG ATT AGA ATG ATT GAA ATC ATG TTG CCA GTC TTC GAT GCT CCA CAA AAC TTG GTT GAA CAA GCT AAG TTG ACT GCT GCT ACC AAC GCC AAG CAA --- 



Printing out site pattern counts


         5        675  P G
G 2        2    223

castellii                                   ATG TCT AAA AAC AAC AAC AAC AAC AAC AAC AAC AAG AAG AAG AAG AAG AAG AAG AAG AAG AAG AAG AAG AAG AAT ACC ACC ACC ACC ACC ACC ACC ACC ACT ACT ACT ACT ACT ACT ACT ACT ACT ACT ACT ACT ACT ACT AGA AGA AGA AGA ATC ATC ATC ATC ATC ATC ATC ATC ATC ATC ATC ATC ATG ATG ATG ATG ATT ATT ATT ATT ATT ATT ATT ATT ATT ATT ATT ATT CAA CAA CAA CAA CAC CAC CAC CAC CAT CCA CCA CCA CCA CCA CCA CCA CCA CCT CTA CTA CTA CTT GAA GAA GAA GAA GAA GAA GAC GAC GAC GAC GAC GAT GAT GAT GAT GAT GAT GAT GAT GAT GAT GCC GCC GCC GCC GCC GCC GCT GCT GCT GCT GCT GCT GCT GCT GCT GCT GCT GCT GCT GCT GCT GCT GCT GCT GCT GCT GCT GCT GCT GCT GGT GGT GTC GTC GTC GTC GTC GTC GTC GTC GTC GTC GTC GTC GTC GTC GTT GTT GTT GTT GTT GTT GTT GTT GTT TAC TAC TAC TAT TCC TCC TCC TCC TCC TCC TCC TCC TCC TCC TCT TCT TCT TCT TCT TCT TCT TCT TCT TCT TCT TCT TCT TGG TGT TGT TGT TTA TTA TTA TTA TTA TTC TTC TTC TTC TTG TTG TTG TTG TTG TTG TTG TTG
bayanus                                     ATG TCT AAA AAC AAC AAC AAT ACC GAC GGT TCC AAA AAA AAA AAC AAC AAG AAG AAG AAG AAG AGA CCA GAA AAC ACC ACC ACC ACC ACT ACT ACT TCC ACC ACC ACC ACC ACC ACC ACT ACT ACT ACT ACT ATT GTC GTT AAG AAG AGA CGT ACC ATC ATC ATC ATT ATT ATT ATT GTC GTC GTT TTG ATG ATG ATG TTC ATC ATC ATC ATC ATC ATC ATG ATT ATT ATT GTC GTT AAG AAG CAA GAA CAC CAC CAC GCT CAT ACT CCA CCA CCA CCA CCT GAA GCT CCA CTA TTA TTG TTG CCA GAA GAC GAC GAC TCT GAA GAA GAC GAC GAT --- AAC CAA GAC GAC GAC GAT GAT GAT GCT GCC GCC GCC GCC GCT GCT AAG ACC CCA CCA CCA GAA GAA GAC GCC GCC GCC GCC GCC GCC GCT GCT GCT GCT GCT GCT GCT GCT TCC TGT GGT GGT ACT ATC ATC GTC GTC GTC GTC GTT GTT GTT GTT GTT GTT TTG ATT GTC GTC GTC GTC GTC GTC GTT GTT CAC TAC TAC TAT CAA GCC GCT GCT TCC TCC TCC TCT TCT TCT AAG AAG CAA GAC GCT GCT TCC TCC TCC TCT TCT TCT TCT TGG GCT TGT TGT ATC ATG TTA TTA TTA TAC TTC TTC TTC ATC ATG TTA TTA TTG TTG TTG TTG
kluyveri                                    ATG TCT CGT AAC AAC CCA AAC ACC GAC GGT GAC AAA AAG CAA ATG CAA AAA AAC AAG CAA GAG AGA AAG AGA AAC ACC ACC ACC ACT ACC ACT GCC TCC ACC ACC ACT ACT TCT TGT ACC ACC ACC ACT ACT ATT TGT ACT AAG AGA AGA AGA ATC ATC GTC GTT ATC ATT GTC GTT ATC GTC GTC ATT ATG TGG TTG ATG ATC ATC ATC ATT CTT GTT ATC ATC ATC ATT GTC GTC CAA GAA CAA AAG AAC CAC TAC CAT CAT CCA AAG CCA CCT GAC CCA CCA CCA CCT TTG TTG TTG TTG GAA GAA AAC AAG GAC GCC GAA GAC GAC GAC GAC GAA GAA CAA GAC GAC GAC AAC GAC GAT GAA GCC GCC GCT GTT GCC GGT GCT ACC ACT CCA GAC AAG GAT GAA GCC GCC GCT GCT GTT TCT CCA CCA GCA GCC GCT GCT GCT GCT GCC GCT GAC GGT CAA ATC GTT GTC GTC GTT GTT GCT GTC GTC GTC GTT GTT GTC ATT ATC GTC GTC GTT GTT GTT GTC GTT TAC TAC TAC TAC CAA TCC AGC GCC TCC TCC TCT TCC TCT TCT AAC TCT TCT GAC ACC GCC TCC TCT TCT GCC TCC TCT TCT TGG GCT TGC TGT ATC GTC CTA TTA TTG TTC TGC TTC TTT ATC TTG TTG TTG CTA TTG TTG TTG
cerevisiae                                  ATG TCT AAA AAC AAG GGT AAC ACC GAC GGC TCC AAA AAG AAG AAC AAC AAG AAG AAG AAG AAG AGA AGA AAC AAC ACC ACC ACT ACC ACT ACT ACC TCT ACC ACT ACC ACC ACC ACC ACC ACC ACT ACC ACT ATT GTC ACC AAG AAG AGA CGT ACC ATC ATC ATT ATT ATT ATT GTT GTT GTT GTC TTG ATG ATG ATG TTC ATC ATC ATT ATT ATT ATC ATG ATC ATT ATT GTT ATT CAA GAA CAA GAC CAC CAC CAC ACT CAC ACT CCA CCA CCA CCA CCA GAA GCT CCA TTG TTG TTG TTG CCA GAA GAC GAC GAC TCT GAA CAA GAC GAT GAC --- AAC CAA GAC GAT GAT GAC GAT GAT GCT GCC GCC GCT GCC GCT GCT AAG ACC CCA CCA CCA GAA GAA GAC GCC GCT GCC GCT GCT GCT GCT GCT GCT GCT GCC GCT GCT GCT TCC TGT GGT GGT ACT ATC ATC GTC GTT GTC GTT GTT GTC GTT GTT GTC GTT TTG ATT GTC GTC GTC GTC GTC GTT GTT GTT CAC TAC TAT TAT CAA GCT GCT GCC TCC TCT TCC TCT TCT TCT AAG AAG CAA GAT GCT GCT TCC TCC TCT GCT TCT TCC TCT TGG GCT TGT TGT ATC ATG TTA TTA TTG TAC TTC TTC TTC ATC ATG CTA TTG TTG TTA TTA TTG
paradoxus                                   ATG TCT AAA AAC AAG GGT AAC ACC GAC GGT TCC AAA AAG AAG AAC AAC AAG AAG AAG AAG AAG AGA AAG AAC AAC ACC ACT ACT ACC ACT ACT ACC TCT ACC ACC ACC ACT ACC ACC ACC ACT ACT ACC ACT ATT GTC ACC AAG AAG AGA CGT ACC ATC ATC ATT ATT ATT ATT GTT GTT GTT GTC TTG ATG ATG ATG TTC ATC ATT ATT ATT ATT ATC ATG ATC ATT ATT GTT ATT CAA GAA CAA GAC CAC CAC CAC ACT CAC ACT CCA CCA CCA CCA CCA GAA GCT CCA TTG TTG TTG TTG CCA GAA GAC GAC GAC TCT GAA CAA GAC GAT GAC --- AAC CAA GAC GAC GAT GAC GAT GAT GCT GCC GCT GCT GCC GCT GCT AAG ACC CCA CCA CCA GAA GAA GAC GCC GCT GCC GCT GCT GCT GCC GCT GCT GCT GCC GCC GCT TCT TCC TGT GGT GGT ACT ATT ATC GTC GTT GTC GTC GTT GTC GTC GTT GTT GTT TTA ATT GTC GTC GTT GTC GTT GTT GTT GTT CAC TAC TAC TAT CAA GCT GCT GCC TCC TCT TCC TCT TCC TCT AAG AAG CAA GAC GCT GCT TCC TCT TCT GCC TCT TCC TCT TGG GCT TGT TGT ATC ATG TTA TTA TTG TAT TTC TTC TTC ATC ATG CTA TTA TTG TTA TTG TTG



    1    1    1   23    1    1    1    1    1    1    1    1    1    1    1
    1    1    2   19    1    1    1    1    1    1    9    3    2    1    2
    1    1    1    3    1    1    1    1    1    1    1    5    1    2    1
    1    1    1    2   12    1    1    5    2    1    3    1    1    1    1
    1    1    1    7    1    1    1    3    1    1    2    1    1    1    1
    1    6    1    1    1    1   17    1    1    8    1    1    1    1    1
   17    1    1    1    1    1    1    1    1    1    1    1   25    1    1
    1    1    1    1   11    2    1    1    1    1    1    1    1    1    2
    2    1    1    1    3    1    1    1    1    1    1    1    1    1    1
    1    1    2    1    1    1    1    1    2    1    2    2    2   19    1
    1    1    1   39    1    1    1    9    1    2    1    1    1    1    1
    2    2    1    1    1    1    1    3    1    1    2    3    1   14    1
    1    1    1    1    1    4    1    1    2    1    1    1    1    1    1
    1    1    2    1    1    1    1    1    9    7    1    1    2    1    1
    1    1    1    1    1   20    1    1    1    1    1    6    1    1   35


CODONML (in paml version 4.4b, July 2010)  torun.nuc
Model: One dN/dS ratio for branches Global clock  (2 genes: diff. rate & k&w)  
Codon frequency model: F3x4
ns =   5  ls = 564

Codon usage in sequences
--------------------------------------------------------------------------------------------------
Phe TTT  0  0  1  0  0 | Ser TCT 23 18 20 19 20 | Tyr TAT  1  1  0  2  2 | Cys TGT  4  4  4  4  4
    TTC 23 23 21 23 23 |     TCC 14 13 12 11 11 |     TAC 16 16 18 15 15 |     TGC  0  0  2  0  0
Leu TTA  5  6  1  4  5 |     TCA  0  0  0  0  0 | *** TAA  0  0  0  0  0 | *** TGA  0  0  0  0  0
    TTG 47 47 46 49 48 |     TCG  0  0  0  0  0 |     TAG  0  0  0  0  0 | Trp TGG  7  7  8  7  7
--------------------------------------------------------------------------------------------------
Leu CTT  1  0  1  0  0 | Pro CCT  1  1  2  0  0 | His CAT  1  1  2  0  0 | Arg CGT  0  1  1  1  1
    CTC  0  0  0  0  0 |     CCC  0  0  0  0  0 |     CAC 11 11  8 12 12 |     CGC  0  0  0  0  0
    CTA  3  1  7  1  1 |     CCA 24 26 26 26 26 | Gln CAA 20 20 24 22 22 |     CGA  0  0  0  0  0
    CTG  0  0  0  0  0 |     CCG  0  0  0  0  0 |     CAG  0  0  0  0  0 |     CGG  0  0  0  0  0
--------------------------------------------------------------------------------------------------
Ile ATT 20 16 12 20 22 | Thr ACT 21 16  9 16 20 | Asn AAT  1  1  0  0  0 | Ser AGT  0  0  0  0  0
    ATC 19 21 22 17 15 |     ACC 20 26 30 28 24 |     AAC 30 29 32 29 29 |     AGC  0  0  1  0  0
    ATA  0  0  0  0  0 |     ACA  0  0  0  0  0 | Lys AAA  1  4  2  2  2 | Arg AGA 16 13 17 14 13
Met ATG 11 13 10 13 13 |     ACG  0  0  0  0  0 |     AAG 32 32 26 33 34 |     AGG  0  0  0  0  0
--------------------------------------------------------------------------------------------------
Val GTT 14 16 21 17 19 | Ala GCT 47 40 33 46 42 | Asp GAT 12  6  3  9  7 | Gly GGT 40 41 41 41 42
    GTC 25 25 26 23 21 |     GCC  8 14 14  8 11 |     GAC 16 22 27 20 22 |     GGC  0  0  0  1  0
    GTA  0  0  0  0  0 |     GCA  0  0  1  0  0 | Glu GAA 30 32 32 30 30 |     GGA  0  0  0  0  0
    GTG  0  0  0  0  0 |     GCG  0  0  0  0  0 |     GAG  0  0  1  0  0 |     GGG  0  0  0  0  0
--------------------------------------------------------------------------------------------------

Codon position x base (3x4) table for each sequence.

#1: castellii      
position  1:    T:0.24823    C:0.10816    A:0.30319    G:0.34043
position  2:    T:0.29787    C:0.28014    A:0.30319    G:0.11879
position  3:    T:0.32979    C:0.32270    A:0.17553    G:0.17199
Average         T:0.29196    C:0.23700    A:0.26064    G:0.21040

#2: bayanus        
position  1:    T:0.23979    C:0.10835    A:0.30373    G:0.34813
position  2:    T:0.29840    C:0.27353    A:0.31083    G:0.11723
position  3:    T:0.28774    C:0.35524    A:0.18117    G:0.17584
Average         T:0.27531    C:0.24571    A:0.26525    G:0.21374

#3: kluyveri       
position  1:    T:0.23582    C:0.12589    A:0.28546    G:0.35284
position  2:    T:0.29787    C:0.26064    A:0.31028    G:0.13121
position  3:    T:0.26596    C:0.37766    A:0.19504    G:0.16135
Average         T:0.26655    C:0.25473    A:0.26359    G:0.21513

#4: cerevisiae     
position  1:    T:0.23801    C:0.11012    A:0.30551    G:0.34636
position  2:    T:0.29663    C:0.27353    A:0.30906    G:0.12078
position  3:    T:0.31083    C:0.33215    A:0.17584    G:0.18117
Average         T:0.28182    C:0.23860    A:0.26347    G:0.21610

#5: paradoxus      
position  1:    T:0.23979    C:0.11012    A:0.30551    G:0.34458
position  2:    T:0.29663    C:0.27353    A:0.31083    G:0.11901
position  3:    T:0.31794    C:0.32504    A:0.17584    G:0.18117
Average         T:0.28478    C:0.23623    A:0.26406    G:0.21492

Codon usage in genes
--------------------------------------------------------------
Phe TTT  0  1 | Ser TCT  5 95 | Tyr TAT  0  6 | Cys TGT  0 20
    TTC  0 113 |     TCC  0 61 |     TAC  0 80 |     TGC  0  2
Leu TTA  0 21 |     TCA  0  0 | *** TAA  0  0 | *** TGA  0  0
    TTG  0 237 |     TCG  0  0 |     TAG  0  0 | Trp TGG  0 36
--------------------------------------------------------------
Leu CTT  0  2 | Pro CCT  0  4 | His CAT  0  4 | Arg CGT  0  4
    CTC  0  0 |     CCC  0  0 |     CAC  0 54 |     CGC  0  0
    CTA  0 13 |     CCA  0 128 | Gln CAA  0 108 |     CGA  0  0
    CTG  0  0 |     CCG  0  0 |     CAG  0  0 |     CGG  0  0
--------------------------------------------------------------
Ile ATT  0 90 | Thr ACT  0 82 | Asn AAT  0  2 | Ser AGT  0  0
    ATC  0 94 |     ACC  0 128 |     AAC  0 149 |     AGC  0  1
    ATA  0  0 |     ACA  0  0 | Lys AAA  0 11 | Arg AGA  0 73
Met ATG  5 55 |     ACG  0  0 |     AAG  0 157 |     AGG  0  0
--------------------------------------------------------------
Val GTT  0 87 | Ala GCT  0 208 | Asp GAT  0 37 | Gly GGT  0 205
    GTC  0 120 |     GCC  0 55 |     GAC  0 107 |     GGC  0  1
    GTA  0  0 |     GCA  0  1 | Glu GAA  0 154 |     GGA  0  0
    GTG  0  0 |     GCG  0  0 |     GAG  0  1 |     GGG  0  0
--------------------------------------------------------------

Codon position x base (3x4) table for each gene.


Gene #1
position  1:    T:0.50000    C:0.00000    A:0.50000    G:0.00000
position  2:    T:0.50000    C:0.50000    A:0.00000    G:0.00000
position  3:    T:0.50000    C:0.00000    A:0.00000    G:0.50000
Average         T:0.50000    C:0.16667    A:0.16667    G:0.16667

Gene #2
position  1:    T:0.23940    C:0.11293    A:0.29996    G:0.34770
position  2:    T:0.29676    C:0.27146    A:0.30994    G:0.12184
position  3:    T:0.30175    C:0.34378    A:0.18133    G:0.17314
Average         T:0.27930    C:0.24273    A:0.26375    G:0.21423

Sums of codon usage counts
------------------------------------------------------------------------------
Phe F TTT       1 | Ser S TCT     100 | Tyr Y TAT       6 | Cys C TGT      20
      TTC     113 |       TCC      61 |       TAC      80 |       TGC       2
Leu L TTA      21 |       TCA       0 | *** * TAA       0 | *** * TGA       0
      TTG     237 |       TCG       0 |       TAG       0 | Trp W TGG      36
------------------------------------------------------------------------------
Leu L CTT       2 | Pro P CCT       4 | His H CAT       4 | Arg R CGT       4
      CTC       0 |       CCC       0 |       CAC      54 |       CGC       0
      CTA      13 |       CCA     128 | Gln Q CAA     108 |       CGA       0
      CTG       0 |       CCG       0 |       CAG       0 |       CGG       0
------------------------------------------------------------------------------
Ile I ATT      90 | Thr T ACT      82 | Asn N AAT       2 | Ser S AGT       0
      ATC      94 |       ACC     128 |       AAC     149 |       AGC       1
      ATA       0 |       ACA       0 | Lys K AAA      11 | Arg R AGA      73
Met M ATG      60 |       ACG       0 |       AAG     157 |       AGG       0
------------------------------------------------------------------------------
Val V GTT      87 | Ala A GCT     208 | Asp D GAT      37 | Gly G GGT     205
      GTC     120 |       GCC      55 |       GAC     107 |       GGC       1
      GTA       0 |       GCA       1 | Glu E GAA     154 |       GGA       0
      GTG       0 |       GCG       0 |       GAG       1 |       GGG       0
------------------------------------------------------------------------------

(Ambiguity data are not used in the counts.)


Codon position x base (3x4) table, overall

position  1:    T:0.24033    C:0.11253    A:0.30067    G:0.34647
position  2:    T:0.29748    C:0.27228    A:0.30884    G:0.12141
position  3:    T:0.30245    C:0.34256    A:0.18069    G:0.17430
Average         T:0.28009    C:0.24246    A:0.26340    G:0.21406


Nei & Gojobori 1986. dN/dS (dN, dS)
(Pairwise deletion)
(Note: This matrix is not used in later ML. analysis.
Use runmode = -2 for ML pairwise comparison.)

castellii           
bayanus              0.2424 (0.0844 0.3484)
kluyveri             0.2248 (0.0883 0.3928) 0.2447 (0.0975 0.3984)
cerevisiae           0.2418 (0.0862 0.3564) 0.0676 (0.0128 0.1897) 0.2384 (0.0945 0.3961)
paradoxus            0.2284 (0.0862 0.3773) 0.0651 (0.0140 0.2149) 0.2383 (0.0944 0.3963) 0.0190 (0.0015 0.0810)


TREE #  1:  ((((4, 5), 2), 1), 3);   MP score: -1
check convergence..
lnL(ntime:  4  np:  9):  -4146.310638      +0.000000
   6..7     7..8     8..9     9..4     9..5     8..2     7..1     6..3  
 0.002830 0.002683 0.000857 0.000290 99.000000 948.804592 0.000100 2.481058 0.209661
SEs for parameters:
 59.730088 56.617811 18.079916 6.116321 2089448.569482 121997068997.248596 45.200709 0.323039 0.029143
Note: Branch length is defined for the first gene (site partition).
For other genes, look at "rates for genes".

tree length =   0.00949 (1st gene)

((((4: 0.000290, 5: 0.000290): 0.000567, 2: 0.000857): 0.001826, 1: 0.002683): 0.000147, 3: 0.002830);

((((cerevisiae: 0.000290, paradoxus: 0.000290): 0.000567, bayanus: 0.000857): 0.001826, castellii: 0.002683): 0.000147, kluyveri: 0.002830);

Detailed output identifying parameters

rates for 2 genes:     1 99.00000

gene # 1: kappa = 948.80459 omega =   0.00010
gene # 2: kappa =   2.48106 omega =   0.20966

Time used:  0:33
