
seed used = 1418811729
      7    852

castellii                                  ATG CCC AAT TCC TCA CCA GCT GAT CAT GAA --- --- --- --- --- --- --- --- CCC ATT CCA GAT GTC AGA --- --- --- --- --- --- --- --- --- --- --- --- --- --- --- --- --- --- --- --- --- --- --- --- --- --- --- --- --- --- --- AAT CAA GTG GAT CTA CAA ATT GGT CTA GTA GGT GAT GCG CAG GTT GGG AAG ACT TCG TTA ATG GTC AAG TAT GTC CAA AAC ATA TTC GAT GAG GAA TAT ACC CAG ACT TTG GGA GTC AAT TTT CTG AAA CGG AAG GTG AAA CTG CAT TCC ACC GAT ATA GTG TTT TCA TTG ATG GAT TTA GGA GGA CAG AAG GAA TTT ATC AAT ATG TTG CCC ATC GCG GCT GTC GGA TCA TCT GTT ATT GTA TTC CTA TTT GAT TTG ACG AGA CCT GAG ACA TTG AAT TCT ATC AAA GAC TGG TAT AGG CAA GTG AAG GGG TTG AAT GAT ATT GCT ATA CCG ATC TTG GTG GGG ACC AAA TAT GAT CTC CTT ATA AAT TTA TCC GCC GAA TAC CAG GAA CAG ATA TCT ACA GCA GCT ATT GAT TAT GCT AAT GTG ATG GAC GCT CCT CTG ATA TTC TGT TCC ACG GCA GAA TCT ATT AAT GTG CAA AAG ATA TTC AAG ATA GCT CTG GCG AAG ATA TTT AAT CTT ACT TTG GTT GTT CCA GAG ATA AGA GAT ATC GGA GAT CCT CTA TTA TTA TAC AAG GAA TTA GGA --- --- --- --- --- --- --- --- --- --- --- --- --- --- --- AAT AAC ATT CAG AAG GTT AAA CAA TCA AAG TCT CCG CAA CGT CTA TCG --- --- --- --- --- 
bayanus                                    ATG TCT ACA CCA AGC ACC GGA GGA AAT AGT --- --- --- --- --- --- --- --- TCT ATC CCT GCA GTA CGG --- --- --- --- --- --- --- --- --- --- --- --- --- --- --- --- --- --- --- --- --- --- --- --- --- --- --- --- --- --- --- AAT CAA GTA GAG GTT CAA GTG GGA CTA GTA GGG GAT GCG CAG GTC GGG AAG ACG TCG TTA ATG GTG AAG TAT GTG CAA AAT ATA TAC GAT AAA GAA TAC ACG CAG ACG CTG GGT GTG AAC TTC CTG AAA AGA AAA GTT AGC ATA CGC TCA ACT GAT ATT ATA TTT TCC ATA ATG GAT TTG GGA GGA CAG AGG GAG TTT ATT AAC ATG CTT CCA ATT GCA ACG GTG GGG TCC TCA GTG ATC ATC TTC CTG TTT GAT TTA ACG CGT CCG GAG ACG CTG AGC TCG ATA AAA GAG TGG TAT AGA CAG GCA TAT GGG CTG AAT GAC TCG GCA ATC CCC ATT TTG GTG GGC ACG AAG TAC GAT TTA CTC ATA GAT TTA GAC CCA GAG TAT CAG GAG CAA ATT TCG AGA ACA AGC ATG AAA TAC GCA CAG GTC ATG AAC GCA CCG CTT GTA TTT TGT TCT ACG GCC AAG TCT ATA AAC ATT CAA AAA ATT TTC AAA ATT GCA TTG GCC AAG ATC TTT AAT CTA ACG TTG ACC ATC CCG GAA ATC AAC GAA ATC GGC GAT CCA CTT TTA ATA TAT AAG CAC TTG GGT AGC CAG CAA CGT CGA CAT CAT AGT AGT AGC CAG GAT AGA AGG AGT AAC AAC ATG AGA AAC TCC TCT TCG TCA TCC TCC TCG AAG GCA CCT TCG CCC GGT GTC AAC TCA 
mikatae                                    ATG GCT ACA CCA AGC ACT GGA GGA AAC AGT --- --- --- --- --- --- --- --- TCT ATT CCT GCA GTA CGA --- --- --- --- --- --- --- --- --- --- --- --- --- --- --- --- --- --- --- --- --- --- --- --- --- --- --- --- --- --- --- AAT CAG GTA GAA GTT CAA GTT GGA TTA GTA GGG GAT GCA CAG GTT GGA AAA ACT TCA TTG ATG GTG AAG TAC GTA CAG AAT ATA TAC GAT AAG GAG TAT ACA CAG ACA CTT GGA GTT AAC TTT TTG AAA AGA AAA GTA AGC ATA CGT TCC ACG GAT ATT ATA TTT TCT ATA ATG GAT TTA GGC GGA CAA AGA GAA TTT ATC AAT ATG CTT CCA ATT GCA ACG GTG GGG TCT TCG GTG ATC ATC TTT TTG TTT GAT CTG ACA CGT CCA GAC ACG TTG AGT TCC ATA AAG GAG TGG TAT AGA CAG GCA TAT GGG TTG AAT GAT TCA GCA ATT CCT ATT TTG GTG GGT ACA AAG TAC GAT TTA CTG ATA GAT TTA GAC CCA GAA TAT CAA GAA CAA ATT TCG AGG ACA AGT ATG AAA TAC GCA CAG GTC ATG AAT GCT CCA CTT ATC TTT TGT TCT ACA GCC AAG TCT ATA AAT ATT CAG AAA ATC TTC AAA ATT GCA TTG GCC AAG ATC TTC AAT TTA ACA TTG ACC ATC CCA GAA ATT AAT GAA ATT GGC GAT CCG CTT TTA ATA TAT AAA CAC CTT GGC AGT CAG CAA CAT CGA CAT CAT AGC AAA AGT CAG GAA AGA AAG AAT CGT AAT ATT AGG AGG CCC TCT TCG TCG CCC TCA TCG AAG GCA CCA TCG CCC GGT GTT AAC ACA 
kluyveri                                   ATG AGC CCT AAT GAA AAC AGG AAC GAA AAG GGT AAA TAT GTA AAA CAA ATC TTT CCA GAA TCA ACA ATA AGG TCG AAC ATC AAT AAC CGA CAT TAC AAG CAT ACG GAA CCA GGC TCG CAA TGT CCT TGT CAA ATG CAG GCA ATT CAT GTA TCC CAC AAT CTA GGA AAC ACA GTA AAG GTC AAG ATA GGA CTG ATA GGT GAC GCA CAG GTC GGT AAA ACA TCT CTT ATG GTG AAA TAT GTT CAA AAT GTA TTT GAT GAA GAA TAC ACT CAG ACT TTA GGT GTC CAC TAT TTA GAA AGA AAG ATT GCT TTA GGC TCG ACA GAT GTT GTA TTT TCC ATC ATG GAC CTG GGT GGG CAA CGG GAA TTC ATC AAT ATG CTA CCG CTA GTT TCT GAA GGT GCT GTT TCA ATT ATA TTC CTA TTT GAC CTG ACA CGA CCT GAA ACT CTA AGT TCT ATC AAA GAA TGG TAT AGA CAA GCA CGT GGT TTT AAC GAG ACT GCG ATA GCA TTG CTC GTC GGG ACT AAG TAC GAT CTT TTT ATA ACA ATG GAC TCC GAA TAT CAA GAA CAA ATA TCC AGA ACT AGC ATG AAA TAC GCT CAG GCG ATG GAT TCT CCC TTA GTC TTC TGC TCC ACT TCA AAC TCT ATC AAT ATA CAG AAA ATA TTC AAA GTC ATT ATA GCT AAG GCG TTT AAC CTA ACT TTA AAG GTA CCG GAA ATT AAG CAG ATC GGG GAT CCC CTG CTC ATT TAT AAG TCC CTT GGA --- --- --- --- --- --- --- --- --- --- --- --- --- --- --- --- --- --- --- AGG CCA CAC AGG AGG TCG TCT TCT --- --- --- --- --- --- --- --- --- 
cerevisiae                                 ATG GCT ACA CCA AGC ACG GGA GCA AAC AAT --- --- --- --- --- --- --- --- TCT ATA CCT GCG GTA CGA --- --- --- --- --- --- --- --- --- --- --- --- --- --- --- --- --- --- --- --- --- --- --- --- --- --- --- --- --- --- --- AAT CAG GTT GAA GTT CAG GTT GGA TTA GTA GGG GAT GCA CAA GTA GGG AAA ACA TCG CTG ATG GTG AAG TAC GTA CAG AAC ATA TAC GAT AAG GAA TAC ACA CAG ACG CTG GGA GTG AAC TTT TTG AAA AGA AAA GTA AGC ATA CGC TCC ACG GAT ATT ATA TTT TCT ATA ATG GAT TTA GGC GGA CAA AGA GAA TTC ATC AAC ATG CTC CCA ATT GCG ACG GTA GGG TCT TCA GTG ATC ATA TTT CTG TTT GAC CTG ACA CGT CCA GAG ACG TTG AGT TCA ATA AAG GAG TGG TAT AGG CAG GCG TAC GGG CTA AAT GAT TCG GCA ATT CCT ATT TTG GTG GGC ACA AAG TAC GAT TTA CTA ATA GAC TTA GAC CCG GAA TAT CAG GAA CAA ATC TCG AGA ACG AGT ATG AAG TAT GCA CAG GTC ATG AAT GCT CCT CTT ATA TTC TGC TCT ACT GCC AAA TCT ATA AAC ATT CAA AAA ATT TTC AAA ATT GCA CTG GCA AAG ATC TTT AAT TTG ACA TTA ACC ATC CCA GAA ATC AAT GAA ATC GGC GAT CCT CTT TTG ATA TAT AAG CAC CTA GGT GGC CAG CAA CAT CGA CAT CAT AAC AAA AGT CAG GAT AGA AAG AGC CAT AAT ATC AGG AAG CCC TCC TCG TCG CCC TCA TCT AAG GCA CCA TCG CCG GGC GTT AAT ACA 
paradoxus                                  ATG GCA ACA CCA AAC ACG GGA GGA AAC AAT --- --- --- --- --- --- --- --- TCT ATA CCT GCG GTA CGA --- --- --- --- --- --- --- --- --- --- --- --- --- --- --- --- --- --- --- --- --- --- --- --- --- --- --- --- --- --- --- AAT CAG GTT GAG GTT CAG GTT GGG TTA GTA GGG GAT GCA CAG GTC GGG AAA ACA TCG CTG ATG GTG AAG TAC GTA CAG AAT ATA TAC GAT AAG GAA TAC ACA CAG ACA CTG GGA GTG AAC TTT TTG AAA AGA AAA GTA AGC ATA CGC TCT ACG GAT ATT ATA TTT TCC ATT ATG GAT TTA GGC GGA CAA AGA GAG TTC ATC AAT ATG CTT CCA ATT GCG ACG GTA GGG TCT TCA GTA ATC ATA TTT TTG TTT GAT CTG ACA CGT CCA GAT ACG TTG ACT TCG ATA AAG GAG TGG TAT AGA CAG GCG TAT GGG TTG AAT GAT TCA GCA ATC CCT ATT TTG GTG GGT ACA AAG TAC GAT TTA CTA ATA GAC TTA GAT CCA GAA TAT CAG GAA CAG ATC TCG AGA ACA AGT ATG AAA TAC GCA CAG GTT ATG AAT GCA CCA CTT ATA TTT TGT TCT ACA GCC AAG TCC ATA AAC ATT CAA AAA ATC TTC AAA ATT GCA TTG GCA AAG ATC TTC AAT TTG ACA TTA ATT ATC CCA GAA ATA AAT GAA ATC GGC GAT CCT CTT TTA ATA TAT AAG CAC CTA GGT GGC CAG CAA CAT CGA CAT CAT AAC AAA AGT CAG GAT AGA AAG AAC CAT AAT ATT AGA AAG CCC TCC TCT TCG CCC TCG TCG AAG GCA TCA TCG CCT GGC GTT AAT ACG 
kudriavzevii                               ATG ACT ACA CCG ATC ACC GGA GGG AGC ACT --- --- --- --- --- --- --- --- TCT ATA CCG GCG GTA CGA --- --- --- --- --- --- --- --- --- --- --- --- --- --- --- --- --- --- --- --- --- --- --- --- --- --- --- --- --- --- --- AAT CAG GTA GAA GTT CAG GTT GGA TTA GTA GGG GAT GCA CAG GTC GGG AAA ACT TCG TTG ATG GTG AAA TAT GTG CAG AAT ATA TAC GAT AAG GAG TAC ACA CAG ACG CTT GGA GTG AAT TTT TTG AAA AGA AAA GTC AGT ATA CGC TCC ACG GAT ATT ATA TTT TCC ATA ATG GAT TTA GGA GGA CAG AGA GAG TTC ATT AAT ATG CTT CCA ATT GCG ACC GTG GGT TCC TCG GTG ATC ATC TTT TTA TTT GAC CTG ACA CGC CCA GAG ACG TTG AGT TCA ATA AAG GAG TGG TAT AGA CAG GCG TAT GGG CTG AAT GAT TCG GCA ATT CCT ATC CTG GTG GGC ACG AAG TAC GAT TTA CTA ATA GAT TTA GAC CCA GAA TAC CAA GAA CAA ATC TCG GGA ACG AGT ATG AAA TAC GCA CAG GTC ATG AAT GCG CCA TTA ATA TTT TGT TCT ACG GCC AAG TCT ATA AAC ATT CAA AAA ATT TTC AAA ATT GCA TTG GCC AAG ATC TTC AAT TTA ACG CTG ACA ATC CCA GAA ATC AAT GAG ATC GGC GAT CCG CTT TTG ATA TAT AAG CAT TTG GGC AGT CAG CAA CGT CGA CGT CAG AGT AAG AGC CAG GAT AGA AAA AAT CAT ACT GTC AAG AAG CCC TCT TCG TCG CCT TCA TCG AAG CCA CCT TCG CCC GGT GTT AAC ATA 



Printing out site pattern counts


         7        777  P

castellii                                   --- --- --- --- --- --- --- --- --- --- --- --- --- --- --- --- --- --- --- --- --- --- --- --- --- --- --- --- --- --- --- --- --- --- --- --- --- --- --- --- --- --- --- --- --- --- --- AAA AAA AAA AAA AAA AAC AAC AAG AAG AAG AAG AAG AAG AAG AAG AAG AAG AAT AAT AAT AAT AAT AAT AAT AAT AAT ACA ACA ACC ACC ACC ACG ACG ACT ACT ACT AGA AGA AGA AGG ATA ATA ATA ATA ATA ATA ATA ATA ATA ATA ATC ATC ATC ATC ATC ATG ATT ATT ATT ATT ATT ATT ATT CAA CAA CAA CAA CAA CAA CAA CAG CAG CAG CAG CAG CAG CAT CAT CCA CCA CCA CCC CCC CCC CCG CCG CCT CCT CCT CGG CGT CTA CTA CTA CTA CTA CTC CTG CTG CTG CTG CTT CTT GAA GAA GAA GAA GAA GAA GAC GAC GAG GAG GAG GAT GAT GAT GAT GAT GAT GAT GAT GAT GCA GCA GCC GCG GCG GCG GCT GCT GCT GCT GCT GCT GCT GGA GGA GGA GGA GGA GGA GGG GGG GGG GGT GGT GTA GTA GTC GTC GTC GTC GTC GTG GTG GTG GTG GTG GTG GTG GTT GTT GTT GTT GTT TAC TAC TAT TAT TAT TAT TAT TCA TCA TCA TCA TCC TCC TCC TCC TCG TCG TCT TCT TCT TCT TCT TGG TGT TTA TTA TTA TTA TTA TTA TTC TTC TTC TTC TTG TTG TTG TTG TTG TTG TTG TTG TTT TTT TTT TTT
bayanus                                     --- --- --- --- --- --- --- --- --- --- --- --- --- --- --- --- --- --- --- --- --- --- --- --- --- --- --- --- AAC AGA AGC AGC AGG AGT AGT AGT CAA CAG CAT CAT CCC CGA CGT GAT GGT GTC TCA AAA AAA AAG AGC TCT AAC AAT AAA AAA AAC AAG AAG AAG AAG AGG TAT TCC AAC AAC AAC AAC AAT ACA AGC CAG GAT ACG AGA ACG ACG ACT ACG ACG ACG ACG ACG AAC CGG CGT AGA ATA ATA ATC ATC ATC ATT ATT ATT ATT GTA ATA ATC ATT ATT ATT ATG ATA ATC ATC ATG ATG GTG TCG AAG CAA CAA CAA CAA CAG TCG AGA CAA CAG CAG CAG CAG AAT CGC ACC CCG CCT CCA TCT TCT CCC TCG CCA CCG CCG AGA GCA CCT CTA CTG CTT GTT TTA ATA CTG CTT TTG CTA CTC AAG AGT CAC GAA GAG GAG AAC GAG AAA GAA GAG AAA GAA GAC GAG GAT GAT GAT GCA GGA ACA GCC CCA GCA GCC GCG ACG AGC GCA GCA GCA GCA GGA GGA GGA GGC GGG GGT GGT GGC GGG GGG GGA GGG ATC GTA GTA GTG GTG GTG GTG ATA ATT GCA GTA GTC GTG GTT ACC ATC GTC GTG TCC TAT TAT TAC TAC TAC TAT TAT AGC TCA TCC TCC CCA GAC TCA TCT TCG TCG TCA TCC TCG TCG TCT TGG TGT ATA TTA TTA TTA TTG TTG TAC TTC TTC TTT ATA CTG CTG CTG CTT TTA TTG TTG TTC TTT TTT TTT
mikatae                                     --- --- --- --- --- --- --- --- --- --- --- --- --- --- --- --- --- --- --- --- --- --- --- --- --- --- --- --- AAC AGA AGT AGT AAG AAA AAT AGC CAA CAG CAT CAT CCC CGA CAT GAA GGT GTT ACA AAA AAG AAG AGC TCT AAT AAT AAA AAA AGG AAA AAA AAG AAG AGA TAT CCC AAC AAT AAT CGT AAT ACA AGT CAG GAT ACG AGG ACA ACA ACG ACA ACA ACA ACA ACT AAT CGA CGT AGA ATA ATA ATC ATT ATT ATC ATT ATT ATT ATC ATA ATT ATC ATT ATT ATG ATA ATC ATT ATG ATT GTT TCA AAG CAA CAG CAG CAG CAG TCG AGG CAA CAA CAA CAG CAG AAC CGT ACT CCA CCT CCA GCT TCT CCT TCG CCG CCA CCA AGA GCA CCA TTA TTG CTT GTT TTA ATA TTG CTT TTG TTA CTG AAG AGT CAC GAG GAA GAA AAT GAG AAG GAA GAC AAA GAA GAT GAA GAT GAT GAT GCA GGA ACA GCC CCA GCA GCC GCA ACG AGT GCA GCA GCA GCT GGA GGA GGC GGC GGG GGA GGC GGT GGA GGG GGA GGG ATC GTA GTA GTA GTG GTG GTT ATA ATT GCA GTA GTC GTG GTA ACC ATC GTT GTG CCC TAT TAT TAC TAC TAT TAC TAT AGC TCG TCT TCT CCA GAC TCC TCT TCA TCG TCG TCA TCC TCG TCT TGG TGT ATA TTA TTA TTG CTT TTA TAC TTC TTT TTT ATA CTT TTG TTG CTT CTG TTG TTG TTT TTC TTT TTT
kluyveri                                    AAA AAC AAG AAT ACG ATC ATG ATT CAA CAC CAG CAT CCA CCT CGA CTA GAA GCA GGA GGC GGT GTA TAC TAT TCC TCG TGT TTT --- --- --- --- --- --- --- --- --- --- --- --- --- --- --- --- --- --- --- GAA AAA AAG GCT CAC --- AAT AAA AAG AGG AAA AAG AAA AAG CGG CGT TCG CAC AAT AAT --- AAC CCT AGT CAG ACA ACT AGA ACT ACT ACA ACA ACT ACT ACT ACA AAG AGG CGA AGA ATA GTA GCG ATA ATT ATA ATA GTC GTT GTC ATC ATC ATC CTA TTG ATG ATC ATT GAA ATG --- ATA ACT --- AAG ACA CAA CAG CAA AGG --- CAA CAA CAA CAG CAG GAA GGC AAC CCG TCA CCG AGC CCA GCA TCT CCC CCC CCT AGA --- --- CTG CTA CTG GTC CTT TTA TTA TTA ATA CTA TTT AAC AAG TCC GAA GAA GAA GAT GAA GAA GAA GAA AAA CAG GAG AAG GAC GAC GAT ACA AAC ACT TCA TCC GTT GCT GCA TCT AGC ATT GCG GCT TCT AGG GGG GGT GGG GGT GGT GGA GGG GGT GGT GGA GGT ATA ATA ATA GTT GAA GTG GTC GTA ATA GCA GTA GCG GTC ATT AAG GTA GTC TCA CCA TAT TAT TAC TAC TAC TAT TAT GAA AGG GCT TCC AAT GAC TCG TCC TCT --- GTT TCT TCT TCC TCT TGG TGC ATT ATG CTC CTT CTT CTG TTT TTC TTC TTC ATC TTA CTA TTT CTA CTG CTC TTA TAT TTT TTC TTT
cerevisiae                                  --- --- --- --- --- --- --- --- --- --- --- --- --- --- --- --- --- --- --- --- --- --- --- --- --- --- --- --- AAT AGA AGT GGC AAG AAA AGC AAC CAA CAG CAT CAT CCG CGA CAT GAT GGC GTT ACA AAA AAG AAG AGC TCC AAT AAC AAA AAA AAG AAA AAG AAG AAG AGA TAC CCC AAC AAC AAC CAT AAT ACA AGT CAG GAC ACG AGA ACA ACA ACG ACA ACT ACA ACG ACA AAT CGA CGT AGG ATA ATA ATC ATT ATC ATT ATC ATT ATT ATA ATA ATC ATC ATT ATT ATG ATA ATC ATA ATG ATC GTT TCG AAG CAG CAG CAG CAA CAG TCG AGG CAA CAA CAG CAA CAG AAC CGC ACG CCA CCT CCA GCT TCT CCT TCT CCT CCT CCA AGA GCA CCA TTA CTG CTT GTT TTA ATA TTG CTT CTG TTG CTA AAA AAT CAC GAA GAA GAA AAT GAG AAG GAA GAG AAG GAA GAT GAA GAC GAT GAT GCG GCA ACG GCC CCG GCG GCA GCA ACG AGT GCA GCA GCA GCT GGA GGA GGC GGC GGG GGA GGT GGC GGG GGG GGA GGG ATA GTA GTA GTA GTA GTG GTG ATA ATT GCG GTT GTC GTG GTA ACC ATC GTA GTG CCC TAT TAT TAC TAT TAC TAC TAT AGC TCG TCT TCT CCA GAC TCC TCT TCG TCG TCA TCA TCA TCG TCT TGG TGC ATA TTA TTG CTG CTA TTA TAC TTC TTT TTC ATA CTG TTG CTA CTC CTG TTG TTA TTT TTT TTC TTT
paradoxus                                   --- --- --- --- --- --- --- --- --- --- --- --- --- --- --- --- --- --- --- --- --- --- --- --- --- --- --- --- AAT AGA AGT GGC AAG AAA AAC AAC CAA CAG CAT CAT CCT CGA CAT GAT GGC GTT ACG AAA AAG AAG AGC TCC AAT AAT AAA AAA AAG AAA AAG AAG AAG AGA TAT CCC AAC AAC AAT CAT AAT ACA ACT CAG GAC ACG AGA ACA ACA ACG ACA ACA ACA ACA ACA AAT CGA CGT AGA ATA ATA ATC ATC ATA ATC ATC ATT ATT ATA ATA ATC ATC ATT ATT ATG ATA ATC ATA ATG ATT GTT TCA AAG CAG CAG CAG CAA CAG TCT AGA CAG CAA CAG CAG CAG AAC CGC ACG CCA CCT CCA GCA TCT CCT TCG CCT CCA CCA AGA GCA TCA TTA TTG CTT GTT TTA ATA TTG CTT TTG TTG CTA AAG AAT CAC GAA GAA GAG AAT GAG AAG GAA GAT AAA GAA GAT GAG GAT GAT GAT GCG GGA ACA GCC CCA GCG GCA GCA ACG AGT GCA GCA GCA GCA GGA GGA GGC GGC GGG GGA GGT GGT GGG GGG GGG GGG ATA GTA GTA GTA GTA GTG GTG ATA ATT GCG GTT GTT GTG GTA ATT ATC GTC GTA CCC TAT TAT TAC TAC TAC TAC TAT AAC TCG TCT TCC CCA GAT TCT TCT TCG TCG TCA TCG TCG TCG TCC TGG TGT ATA TTA TTA CTG CTA TTA TAC TTC TTT TTT ATT CTG TTG TTG CTT CTG TTG TTA TTT TTC TTC TTT
kudriavzevii                                --- --- --- --- --- --- --- --- --- --- --- --- --- --- --- --- --- --- --- --- --- --- --- --- --- --- --- --- AAC AGA AGC AGT AAA AAG AAT AGT CAA CAG CAG CGT CCC CGA CGT GAT GGT GTT ATA AAA AAG AAG AGT TCT ACT AAT AAA AAA AAG AAA AAG AAA AAG AGA TAT CCT AAT AAC AAT CAT AAT ACA AGT CAG GAT ACG GGA ACA ACG ACG ACA ACG ACG ACG ACT AAT CGA CGC AGA ATA ATA ATC ATT ATC ATT ATC ATT ATT ATA ATA ATC ATT ATT ATC ATG ATA ATC ATA ATG GTC GTT TCG AAG CAG CAG CAG CAA CAG TCG AAG CAA CAG CAA CAG CAG AGC CGC ACC CCA CCG CCA ACT TCT CCT TCG CCG CCA CCA AGA CCA CCT TTA TTA CTT GTT TTA ATA TTG TTA TTG TTA CTA AAG ACT CAT GAG GAA GAG AAT GAG AAG GAA GAG AAA GAG GAT GAA GAC GAT GAT GCG GGG ACG GCC CCA GCG GCC GCA ACC AGT GCA GCA GCA GCG GGA GGA GGA GGC GGT GGA GGC GGC GGG GGG GGA GGG ATC GTA GTA GTG GTG GTG GTG ATA ATT GCG GTA GTC GTG GTC ACA ATC GTC GTG CCC TAC TAT TAC TAC TAC TAT TAT ATC TCG TCC TCC CCG GAC TCC TCT TCG TCG TCG TCA TCA TCG TCT TGG TGT ATA TTA TTG TTG TTG TTA TAC TTC TTT TTT ATA CTT TTG CTG CTT CTG CTG CTG TTT TTC TTC TTT



    2    2    1    2    1    2    1    1    3    1    1    3    1    1    1
    1    1    1    1    1    1    2    1    1    1    2    2    1    1    1
    1    1    1    1    1    1    1    2    1    1    1    1    1    1    1
    1    1    1    1    1    1    1    1    1    2    1    1    1    1    1
    1    1    1    1    1    1    1    1    3    1    1    1    1    1    1
    1    1    1    1    1    1    1    1    1    1    1    1    1    1    1
    1    1    1    1    1    1    1    1    1    1    1    1    5    1    1
    1    1    1    1    1    1    1    1    1    1    1    1    1    1    1
    1    1    1    1    1    1    1    1    1    1    1    1    1    1    1
    1    1    1    1    1    1    1    1    1    1    1    1    1    1    1
    1    1    1    1    2    1    1    1    1    1    1    1    1    1    1
    1    2    4    1    1    1    1    1    1    1    1    1    1    1    1
    1    1    1    1    1    1    1    1    1    1    1    1    1    1    1
    1    1    1    1    1    1    1    1    1    1    1    1    1    1    1
    1    1    1    1    1    1    1    1    1    1    1    1    1    1    1
    1    1    1    1    1    1    1    1    1    1    1    1    1    1    1
    1    1    1    1    1    1    1    1    1    1    1    1    1    1    1
    1    1    1    2

CODONML (in paml version 4.4b, July 2010)  torun.nuc
Model: One dN/dS ratio for branches Global clock 
Codon frequency model: F3x4
ns =   7  ls = 284

Codon usage in sequences
--------------------------------------------------------------------------------------------------------------
Phe TTT  5  5  6  7  5  5 | Ser TCT  5  5  6  7  6  5 | Tyr TAT  5  5  5  6  4  4 | Cys TGT  1  1  1  2  0  1
    TTC  4  3  2  4  3  3 |     TCC  4  5  2  6  2  3 |     TAC  2  4  4  4  5  5 |     TGC  0  0  0  1  1  0
Leu TTA  6  5  6  5  5  6 |     TCA  4  4  3  3  3  3 | *** TAA  0  0  0  0  0  0 | *** TGA  0  0  0  0  0  0
    TTG  8  5  8  1  5  7 |     TCG  2  7  6  4  6  7 |     TAG  0  0  0  0  0  0 | Trp TGG  1  1  1  1  1  1
--------------------------------------------------------------------------------------------------------------
Leu CTT  2  3  5  3  2  3 | Pro CCT  3  2  2  3  4  4 | His CAT  2  2  3  3  4  4 | Arg CGT  1  2  3  1  1  1
    CTC  1  1  0  2  1  0 |     CCC  3  2  3  2  2  2 |     CAC  0  1  1  3  1  1 |     CGC  0  1  0  0  1  1
    CTA  5  2  0  6  3  2 |     CCA  3  4  7  3  5  6 | Gln CAA  7  6  5  8  5  3 |     CGA  0  1  2  2  2  2
    CTG  4  5  2  4  5  3 |     CCG  2  3  1  2  2  0 |     CAG  6  8  9  6  9 11 |     CGG  1  1  0  1  0  0
--------------------------------------------------------------------------------------------------------------
Ile ATT  7  8 11  6  7  8 | Thr ACT  3  1  2  8  1  1 | Asn AAT 11  5 10  6  8 10 | Ser AGT  0  4  5  1  3  2
    ATC  5  8  7  7  8  8 |     ACC  3  2  1  0  1  0 |     AAC  2  9  3  8  6  6 |     AGC  0  6  3  2  3  1
    ATA 10  8  8 10 11 11 |     ACA  2  2  9  6  7  9 | Lys AAA  5  7  8  8  7  7 | Arg AGA  3  5  4  3  4  6
Met ATG  5  7  6  8  6  6 |     ACG  2  9  3  1  6  5 |     AAG 11  7  8 10 10 10 |     AGG  1  2  3  5  2  0
--------------------------------------------------------------------------------------------------------------
Val GTT  5  2  5  4  4  5 | Ala GCT  7  0  2  4  2  0 | Asp GAT 13  9  9  5  8 11 | Gly GGT  2  3  2  7  1  2
    GTC  5  3  1  6  1  1 |     GCC  1  2  2  0  1  1 |     GAC  2  2  2  4  3  1 |     GGC  0  2  3  2  5  4
    GTA  2  4  5  6  6  6 |     GCA  2  8  8  4  7  8 | Glu GAA  7  3  7 14  7  5 |     GGA  6  5  6  3  4  4
    GTG  7  7  4  1  4  3 |     GCG  3  1  0  3  3  3 |     GAG  3  6  2  1  2  3 |     GGG  3  4  3  3  4  5
--------------------------------------------------------------------------------------------------------------

--------------------------------------------------
Phe TTT  5 | Ser TCT  4 | Tyr TAT  4 | Cys TGT  1
    TTC  3 |     TCC  3 |     TAC  5 |     TGC  0
Leu TTA  7 |     TCA  2 | *** TAA  0 | *** TGA  0
    TTG  6 |     TCG  8 |     TAG  0 | Trp TGG  1
--------------------------------------------------
Leu CTT  3 | Pro CCT  3 | His CAT  2 | Arg CGT  2
    CTC  0 |     CCC  2 |     CAC  0 |     CGC  2
    CTA  1 |     CCA  6 | Gln CAA  4 |     CGA  2
    CTG  4 |     CCG  3 |     CAG 11 |     CGG  0
--------------------------------------------------
Ile ATT  7 | Thr ACT  4 | Asn AAT  9 | Ser AGT  5
    ATC  9 |     ACC  2 |     AAC  2 |     AGC  2
    ATA 11 |     ACA  4 | Lys AAA  8 | Arg AGA  4
Met ATG  6 |     ACG  7 |     AAG 10 |     AGG  0
--------------------------------------------------
Val GTT  3 | Ala GCT  0 | Asp GAT  9 | Gly GGT  2
    GTC  4 |     GCC  2 |     GAC  2 |     GGC  3
    GTA  3 |     GCA  4 | Glu GAA  4 |     GGA  6
    GTG  6 |     GCG  4 |     GAG  5 |     GGG  4
--------------------------------------------------

Codon position x base (3x4) table for each sequence.

#1: castellii      
position  1:    T:0.20889    C:0.17778    A:0.31111    G:0.30222
position  2:    T:0.36000    C:0.21778    A:0.33778    G:0.08444
position  3:    T:0.32000    C:0.14222    A:0.27556    G:0.26222
Average         T:0.29630    C:0.17926    A:0.30815    G:0.21630

#2: bayanus        
position  1:    T:0.20408    C:0.17959    A:0.36735    G:0.24898
position  2:    T:0.31020    C:0.23265    A:0.30204    G:0.15510
position  3:    T:0.23265    C:0.20816    A:0.26122    G:0.29796
Average         T:0.24898    C:0.20680    A:0.31020    G:0.23401

#3: mikatae        
position  1:    T:0.20408    C:0.17551    A:0.37143    G:0.24898
position  2:    T:0.31020    C:0.23265    A:0.31020    G:0.14694
position  3:    T:0.31429    C:0.13878    A:0.31837    G:0.22857
Average         T:0.27619    C:0.18231    A:0.33333    G:0.20816

#4: kluyveri       
position  1:    T:0.19922    C:0.19141    A:0.34766    G:0.26172
position  2:    T:0.31250    C:0.21875    A:0.33594    G:0.13281
position  3:    T:0.28516    C:0.19922    A:0.31641    G:0.19922
Average         T:0.26562    C:0.20312    A:0.33333    G:0.19792

#5: cerevisiae     
position  1:    T:0.18776    C:0.19184    A:0.36735    G:0.25306
position  2:    T:0.31020    C:0.23673    A:0.32245    G:0.13061
position  3:    T:0.24490    C:0.17959    A:0.31020    G:0.26531
Average         T:0.24762    C:0.20272    A:0.33333    G:0.21633

#6: paradoxus      
position  1:    T:0.20408    C:0.17551    A:0.36735    G:0.25306
position  2:    T:0.31429    C:0.23265    A:0.33061    G:0.12245
position  3:    T:0.26939    C:0.15102    A:0.31837    G:0.26122
Average         T:0.26259    C:0.18639    A:0.33878    G:0.21224

#7: kudriavzevii   
position  1:    T:0.20000    C:0.18367    A:0.36735    G:0.24898
position  2:    T:0.31837    C:0.23673    A:0.30612    G:0.13878
position  3:    T:0.25714    C:0.16735    A:0.26939    G:0.30612
Average         T:0.25850    C:0.19592    A:0.31429    G:0.23129

Sums of codon usage counts
------------------------------------------------------------------------------
Phe F TTT      38 | Ser S TCT      38 | Tyr Y TAT      33 | Cys C TGT       7
      TTC      22 |       TCC      25 |       TAC      29 |       TGC       2
Leu L TTA      40 |       TCA      22 | *** * TAA       0 | *** * TGA       0
      TTG      40 |       TCG      40 |       TAG       0 | Trp W TGG       7
------------------------------------------------------------------------------
Leu L CTT      21 | Pro P CCT      21 | His H CAT      20 | Arg R CGT      11
      CTC       5 |       CCC      16 |       CAC       7 |       CGC       5
      CTA      19 |       CCA      34 | Gln Q CAA      38 |       CGA      11
      CTG      27 |       CCG      13 |       CAG      60 |       CGG       3
------------------------------------------------------------------------------
Ile I ATT      54 | Thr T ACT      20 | Asn N AAT      59 | Ser S AGT      20
      ATC      52 |       ACC       9 |       AAC      36 |       AGC      17
      ATA      69 |       ACA      39 | Lys K AAA      50 | Arg R AGA      29
Met M ATG      44 |       ACG      33 |       AAG      66 |       AGG      13
------------------------------------------------------------------------------
Val V GTT      28 | Ala A GCT      15 | Asp D GAT      64 | Gly G GGT      19
      GTC      21 |       GCC       9 |       GAC      16 |       GGC      19
      GTA      32 |       GCA      41 | Glu E GAA      47 |       GGA      34
      GTG      32 |       GCG      17 |       GAG      22 |       GGG      26
------------------------------------------------------------------------------

(Ambiguity data are not used in the counts.)


Codon position x base (3x4) table, overall

position  1:    T:0.20106    C:0.18230    A:0.35756    G:0.25909
position  2:    T:0.31887    C:0.22978    A:0.32063    G:0.13072
position  3:    T:0.27433    C:0.16999    A:0.29601    G:0.25967
Average         T:0.26475    C:0.19402    A:0.32474    G:0.21649

Codon frequencies under model, for use in evolver (TTT TTC TTA TTG ... GGG):
  0.01838921  0.01139502  0.01984306  0.01740688
  0.01325105  0.00821112  0.01429867  0.01254319
  0.01849062  0.01145786  0.00000000  0.00000000
  0.00753822  0.00467112  0.00000000  0.00713554
  0.01667360  0.01033193  0.01799181  0.01578291
  0.01201480  0.00744507  0.01296469  0.01137298
  0.01676555  0.01038891  0.01809103  0.01586995
  0.00683495  0.00423533  0.00737532  0.00646983
  0.03270384  0.02026520  0.03528940  0.03095684
  0.02356600  0.01460286  0.02542913  0.02230713
  0.03288419  0.02037696  0.03548401  0.03112756
  0.01340617  0.00830724  0.01446606  0.01269003
  0.02369688  0.01468396  0.02557035  0.02243102
  0.01707569  0.01058109  0.01842569  0.01616353
  0.02382756  0.01476494  0.02571136  0.02255472
  0.00971398  0.00601935  0.01048196  0.00919507



Nei & Gojobori 1986. dN/dS (dN, dS)
(Pairwise deletion)
(Note: This matrix is not used in later ML. analysis.
Use runmode = -2 for ML pairwise comparison.)

castellii           
bayanus             -1.0000 (0.1889 -1.0000)
mikatae             -1.0000 (0.1966 -1.0000) 0.0329 (0.0326 0.9918)
kluyveri            -1.0000 (0.2999 -1.0000)-1.0000 (0.2330 -1.0000)-1.0000 (0.2308 -1.0000)
cerevisiae          -1.0000 (0.1832 -1.0000) 0.0230 (0.0290 1.2577) 0.0255 (0.0161 0.6316)-1.0000 (0.2230 -1.0000)
paradoxus           -1.0000 (0.1859 -1.0000) 0.0340 (0.0382 1.1260) 0.0336 (0.0179 0.5330)-1.0000 (0.2298 -1.0000) 0.0331 (0.0125 0.3782)
kudriavzevii        -1.0000 (0.1932 -1.0000) 0.0488 (0.0430 0.8804) 0.0586 (0.0345 0.5891)-1.0000 (0.2261 -1.0000) 0.0455 (0.0327 0.7199) 0.0469 (0.0373 0.7963)


TREE #  1:  ((((((5, 6), 3), 7), 2), 1), 4);   MP score: -1
lnL(ntime:  6  np:  8):  -3157.308230      +0.000000
   8..9     9..10   10..11   11..12   12..13   13..5    13..6    12..3    11..7    10..2     9..1     8..4  
 3.281542 2.434038 0.390147 0.293298 0.231333 0.134664 3.063857 0.039080
SEs for parameters:
 0.517688 0.409562 0.037062 0.027784 0.024352 0.017894 0.393528 0.005795

tree length =  10.04656

((((((5: 0.134664, 6: 0.134664): 0.096669, 3: 0.231333): 0.061965, 7: 0.293298): 0.096848, 2: 0.390147): 2.043891, 1: 2.434038): 0.847504, 4: 3.281542);

((((((cerevisiae: 0.134664, paradoxus: 0.134664): 0.096669, mikatae: 0.231333): 0.061965, kudriavzevii: 0.293298): 0.096848, bayanus: 0.390147): 2.043891, castellii: 2.434038): 0.847504, kluyveri: 3.281542);

Detailed output identifying parameters

kappa (ts/tv) =  3.06386

omega (dN/dS) =  0.03908

dN & dS for each branch

 branch          t       N       S   dN/dS      dN      dS  N*dN  S*dS

   8..9      0.848   620.5   231.5  0.0391  0.0368  0.9412  22.8 217.9
   9..10     2.044   620.5   231.5  0.0391  0.0887  2.2699  55.0 525.4
  10..11     0.097   620.5   231.5  0.0391  0.0042  0.1076   2.6  24.9
  11..12     0.062   620.5   231.5  0.0391  0.0027  0.0688   1.7  15.9
  12..13     0.097   620.5   231.5  0.0391  0.0042  0.1074   2.6  24.9
  13..5      0.135   620.5   231.5  0.0391  0.0058  0.1496   3.6  34.6
  13..6      0.135   620.5   231.5  0.0391  0.0058  0.1496   3.6  34.6
  12..3      0.231   620.5   231.5  0.0391  0.0100  0.2569   6.2  59.5
  11..7      0.293   620.5   231.5  0.0391  0.0127  0.3257   7.9  75.4
  10..2      0.390   620.5   231.5  0.0391  0.0169  0.4333  10.5 100.3
   9..1      2.434   620.5   231.5  0.0391  0.1056  2.7031  65.6 625.7
   8..4      3.282   620.5   231.5  0.0391  0.1424  3.6443  88.4 843.6

tree length for dN:       0.4360
tree length for dS:      11.1573


Time used:  0:07
