
seed used = 1418812369
      7   1005

castellii                                  --- --- --- ATG TCA TCC ATT GAA GAG TTT ATA ACT CAA TCT CCA ATA ATC GTT CAA TCT TCT CTT TCT CAA CTA CGA TAT TTA ATT TTA AGT GAT GGT TTA CCT GCT ATA AAC AAT TCG AAA ACT CAA AAG ATA CGA TGT TAT GTT TGG TCT ATT CTC TCG CGA ACA TCA ATG AAT GGT ACT ACA CAA AAT TAC CTG AAC TTA CTT CAG TTT GGG CCT CCA TCC AAT AAG ATA TTT AAA AAA ATA ACA GAT GAC ACA TTT AGA ACT TTC CCA ACT GAC TCG GAT TTC ACA TCA CAG GTA CCA AAG GAT GTC CTG ACA AGA TCT CTT TCA TGC TTT GCA TGG CAA ACT GAA GAA CGT AAC GAA ATT ATC AAG CTG GAC AGA CCC ACT GAT AAA GGA ACT CAT CTT CTG GAT GCT AAT TCT GAC CCT ACT TTA AGT AAG ATT GAA ATA AGT ACA TAT GTG CAA GGT ATG AAC GTC CTA ATG GCA ACG ACA TTA TAC GCA TGC CCT ACT GAA CCT ATG GCG TTC CAA ATC TTC TCA ACT TTA TGT TAC TCG ATG ATA CCG ACG TAC GTG ACC ACT AAT ATG ATA GGT GCT AGA AAT GGT GTC AAA TTA TTA GAC CTT TGT TTA AAG ATC ATT GAT CCT AAA TTA AGC AAT TTT TTA AGT CGA CAA TTA CTT ACC GCA GAG ATT TAT GGA TTA CCT TCG ATT TTG ACA TTT TCT AGT TGT AAT AAG CCT TTA ATT CAA GCA GTG AAA TTA TGG GAT TTC ATG TTT GCT TAT GGA TTT CAC ATG AAT ATA TTA TTG GTG GTT GCC ATG TTA GTA TCC ATA AGA AAA CAA ATA CTG GAA TCA TCT AAT CCC ATG AAT CTA ATA ACA AGA AAT CTT CCT GCA TTT AAC GCA GAT GAG TTG ATT AGC CTG GGT GTG GGA TTT ATA GCA AAG ATT CCC ATT GAA ATC TAT GAC TTA TTA GTG AAT CAC TTA ACT GAC CCA GAT ATT AAA ATA CCA TCC ACA TTT GAA TTG ACT 
bayanus                                    --- --- --- ATG ACA TCA ATT GAA GAT ATC ATA TCG AAC CCG CCC CTG CTG CTG CAT TCT TCA CTA TCT CAA CTC CGC TAC CTC ATA CTT AGC GAA GGG CTC CCC ATA TCC GAG GAT AAA CAG CAG CAG CGT ACG CGA TGC TAC GTG TGG ACG GTG CTC TCC CAA ACG TCC ATG GAG ACG TCG ACG CAG CGG TAC CTT GCG CTC TTG AAG CTG GGC CCG CCC TCC ACG ACC ATA TAC CAG AAA ATC AAG AAC GAC ACT TCC AGG ACT TTC CAA ACA GAC CCG AAT TTC AGA AAC AGA GTC TCG GAA GAC GCT CTC ATC CGC TGC CTA TCG TGC TTT GCC TGG CAG ACC CAG CAA AGA AGG CGG AAG GCG CAG TTC AGC GAG CCC TCC TCC AAG --- --- --- --- --- --- --- --- --- --- --- --- ACA ACC CGT ATC CCG GTG AGC ACC TAC GTG CAG GGT ATG AAC GTG TTG CTG GCC CCC ATA CTC TAT TCG TGC CCG TCC GAG CCA ATG GCA TAC CAG CTG TTC TCC AAA CTG TGT TAC GAG ATA ATA CCG ACC TAC TTG ACC AAG AAC TTA AAC GGC GCC CAG AAT GGC GCT AAG CTA CTT GAC ATT TCC CTC AGG ATC ATC GAT CCG AAA CTG AGC AAG TTC CTA TCG GAC AAC TTA CTT ACC GCC GAG ATT TAC GGC ATG CCC TCC ATA CTC ACG CTT TCG AGT TGC AAT AAA CCT CTA GAC CAG GTC GTT AAG CTC TGG GAC TTC ATG TTC GCG TAC GGG TTC CAT ATG AAT ATC CTG TTC GTT GTA GCG TTC TTG GTG AAA ATG AGA TCC AAG GTT TTC AGG TCG GAC TCT CCC GTT AAC TTA CTA --- CGA CAG TTC CCG GAT TTC GAT GCC GAC GAG ATC ATT CGA TTG GGA GTC GGG TTT ATC GCT AAG ATC CCG GCT CAG ATT TAC GAC CTG CTG GTA GAC CAT CTA ACT GAC CCG GAC ATA TAT ATA CCT --- --- --- --- --- --- 
mikatae                                    --- --- --- ATG ACT TCG ATT GAG GAT CTT ATA TCA AAC CCT CCG CTT CTA CTG GAT TCT TCA CTG TCT CAA CTC CGC TAT CTC ATA CTC AGT GAA GGT CTC CCC ATA TCT GAA GAT AAA CAG CAG CAG CGC ACG CGA TGT TAT GTG TGG ACG GTA CTC TCT CAA ACC TCT ATG GAG GCA TCC ACG CAA CGG TAC CTT GCG CTC TTG AAA CTG GGT CCA CCC TCA ACT ACC ATT TAC CAA AAA ATC AAG AAC GAC ACT TCC AGA ACT TTC CAA ACA GAT CCG AAC TTC AGA AAT AGG GTC TCG GAA GAT GCT CTC ATC CGG TGT TTG TCA TGC TTT GCC TGG CAA ACA CAG CAA AGA AGG CAG AAG CCT CAA TTT AGT --- --- --- --- --- --- --- --- --- --- --- --- --- --- --- --- --- --- --- CGC ATC CCT GTG AGC ACT TAT GTG CAG GGC ATG AAT ATT TTG CTA GCT CCT TTA CTC TAT TCA TGC CCT TCC GAA CCA ATG GCA TAC CAA CTT TTT ACT AAA CTT TGT TAT GAA ATA ATA CCG ACA TAC TTG ACT AAG AAC CTG AAC GGT GCT CAG AAC GGC GCT AAA CTA CTC AAT ATT TCG TTA AGA ATC ATC GAT CCA AAG CTA AGC AAA TTC CTA TCA GAC AAT TTA CTT ACA GCG GAG ATT TAC GGC ATG CCT TCC ATA CTA ACA TTA TCC AGT TGT AAT AAA CCG CTT GAT CAA GTA ATC AAA CTG TGG GAT TTT ATG TTT GCA TAT GGG TTC CAT ATG AAC ATC CTC TTT GTG GTG GCC TTC TTA GTT AAG ATA AGA TCC AAG GTT TTC AAA TCG GAT TCT CCC GTT AAC TTG TTA --- CGA CAG TTC CCA GAT TTT GAT GCT GAT GAG ATC ATT CGG CTA GGG GTT GGA TTT ATT GCC AAG ATC CCG GCT CAA ATA TAC GAT TTA TTG GTG GAC CAC TTG ACT GAT CCA GAT ATA TAT ATA CCT --- --- --- --- --- --- 
kluyveri                                   ATG TCG TCT GTT TCA TCC ATC GAG ACC TTC ATT GCG CAT CCA CCG CTC ATA GTT CAT TCT TCC CTT TCC CAG CTC CGG TAT CTC GTG CTC AGC GAG GGC ATG CCA GCG TCC AAC GAG CGA TCT GTT GCC CGG TGT AGG GCA CAT GTG TGG TCT ATC CTT TCC CGT ACT TCG ATG GAG GGC TCC ACT TCG TTG TAC CTC TCG CTG GTC TCC CGT GGA CCG CCT CCT GCG CAT GTC TAC CAG AAG ATC AAA AAC GAT ACC TTC AGA ACG CTG AAC ACA GAC CGC CAG TTT TCT GCA ACC GTG TCC GAG GAT TCC CTT GTA AGG TGT CTG TCG TGT TTC GCA TGG CAC CAG CTT GAA TGC AGT TCT TCT --- --- --- --- --- --- --- --- --- --- --- --- --- --- --- --- --- --- --- --- --- --- --- CGG AAT GTG GTC AGC TCT TAT GTG CAA GGC ATG AAC GTT CTT CTC GCT CCG TTG CTC TAC ACC TGC CCC TCG GAA CCC ATG GCT TAC CAG CTC TTC TCC AAG CTT TGC CTC GAG CAC ATT CCA ACG TAC CTC AAC AAT CAG CTG TCC GGG GTC CAC AAC GCT GCA AAG CTC TTG GAC CGT TGC CTC CAA ATA ATA GAT CCC AAG CTC AGC AAG TTT CTA ACC GAC CAT CTG CTT ACT GCG GAG ATC TAC GGC ATT CCG TCC ATA CTG ACC CTC TCG AGT TGC ACT AGG CCT CTG CAC CAG GTG TGC AAG CTT TGG GAT TTC ATG TTT GCC TAT GGC TTC CAT ATG AAC ATC CTT TTC ATC GTT GCC CAG CTC GTT GTG GTT CGT GCT CAA ATC ATG TCT AGC GAT TCC CCC ATG AAC CTG CTA --- CGA AAC TTC CCT GAA TTC GAC GCT GAC GAC ATC ATC AGG TTG GGG GTC GGC TTT GTG GCA AAA CTG CCC TCA AAA CTC TAC GAT CTA CTA GTG CAT CAT ACC CTC GAT TTC GAT CTG GTT GTC AAA ACA --- --- --- --- --- 
cerevisiae                                 --- --- --- ATG ACC TCA ATT GAA GAT CTG ATA TCA AAT CCT CCC CTG CTA CTG CAT TCC TCA CTC TCT CAA CTT CGC TAC CTC ATA CTC AGT GAA GGG CTT CCC ATA TCT GAA GAT AAA CAG CAG CAG CGC ACG CGA TGT TAC GTG TGG ACG GTG CTC TCT CAA ACT TCT ATG GAG GCG TCT ACA CAA CGG TAC CTT GCG CTC TTG AAA CTG GGC CCA CCT TCC ACA ACC ATT TAC CAA AAA ATC AAG AAC GAC ACA TCC AGA ACT TTT CAG ACG GAT CCA AAC TTT AGA AAT AGA GTC TCA GAG GAT GCC CTC ATC CGG TGT CTG TCG TGC TTT GCT TGG CAA ACA CAA CAA AGA AGA CAA AAG ACT CGT TTT GGT --- --- --- --- --- --- --- --- --- --- --- --- --- --- --- --- --- --- --- CGC ATT CCT GTG AGC ACA TAT GTG CAG GGC ATG AAC GTG TTA TTA GCT CCT CTG CTT TAC TCA TGT CCT TCT GAA CCT ATG GCG TAT CAA CTT TTC ACT AAG CTT TGT TAT GAA ATG ATA CCG ACG TAT CTA ACT AAG AAC CTA AAC GGC GCC CAG AAC GGC GCC AAA CTA CTA GAT ATT TCT CTC AGA ATC ATT GAT CCA AAG CTG AGT AAA TTT CTA TCG GAC AAT TTA CTT ACA GCA GAG ATT TAT GGT ATG CCT TCC ATA CTC ACG TTA TCC AGC TGC AAT AAA CCG CTT GAT CAG GTC ATT AAA CTG TGG GAT TTC ATG TTT GCA TAT GGA TTC CAT ATG AAT ATT CTC TTT GTG GTG GCA TTC CTA GTT AAA ATG AGA TCC AAG GTT TTC AAA TCG GAT TCC CCT GTT AAT TTA CTA --- CGA CAG TTT CCG GAT TTT GAT GCT GAC GAG ATC ATT CGG CTG GGC GTC GGG TTC ATC GCT AAG ATC CCT GCT CAA ATT TAT GAC CTA TTG GTA GAC CAC TTG ACC GAC CCA GAC ATA TAT ATA CCG --- --- --- --- --- --- 
paradoxus                                  --- --- --- ATG ACT TCA ATT GAA GAC CTC ATA TCA AAT CCT GCC CTG CTA CTG CAT TCT TCA CTG TCT CAA CTT CGC TAC CTC ATA CTC AGT GAA GGG CTT CCC ATA TCT GAA GAT AAA CAG CAG CAG CGC ACG CGA TGT TAC GTG TGG ACG GTG CTC TCT CAA ACC TCC ATG GAG GCG TCT ACG CAA CGT TTC CTT GCC CTC TTA AAA CTG GGT CCA CCT TCC ACG ATT ATT TAT CAA AAA ATC AAG AAC GAC ACA TCC AGG ACT TTC CAA ACG GAT CCG AAC TTT AGG AAT AGG GTC TCG GAG GAT GCT CTC ATC CGA TGT TTG TCC TGC TTT GCT TGG CAA ACA CAG CAA AGA AGG CAG AAA ACC CAT TTT AGT --- --- --- --- --- --- --- --- --- --- --- --- --- --- --- --- --- --- --- CGC ATC CCT GTG AGT ACT TAC GTG CAG GGT ATG AAT GTG CTG TTA GCT CCT TTA CTC TAC TCA TGT CCC TCT GAG CCA ATG GCG TAC CAA CTT TTC ACT AAA CTT TGT TAT GAA ATA ATA CCG ACG TAT TTG ACT AAG AAC CTA AAT GGC GCC CAG AAC GGC GCT AAA CTA CTC GAT ATT TCG CTC AGA ATC ATT GAC CCA AAG CTG AGT AAG TTT CTA TCG GAC AAC TTG CTT ACA GCA GAG ATT TAT GGT ATG CCT TCG ATA CTC ACG TTA TCC AGT TGC AAT AAG CCA CTT GAC CAG GTC ATC AAA CTG TGG GAT TTT ATG TTT GCA TAT GGC TTC CAT ATG AAT ATT CTC TTT GTA GTG GCA TTC TTA GTG AAA ATG AGA TCC AAG GTT TTC AAA TCA GAT TCT CCT GTC AAT TTA TTA --- CGA CAG TTC CCG GAT TTT GAC GCT GAT GAG ATC ATT CGG CTG GGG GTC GGA TTC ATC GCT AAG ATC CCG GCT CAA ATT TAC GAC CTA TTG GTA GAC CAT TTG ACT GAT CCA GAC ATA TAT ATA CCA --- --- --- --- --- --- 
kudriavzevii                               --- --- --- ATG ACT TCA ATC GAA GAC CTC ATA TCA AAC CCG CCC TTG CTG CTG CAT TCT TCA CTG TCT CAA CTC CGC TAC CTC ATT CTC AGT GAG GGC CTC CCC ATA TCT GAA GAT AAA CAG CAG GAA CGC ACG CGA TGT TAC GTG TGG ACG GTA CTC TCT CAG ACC TCT ATG GAG GTG TCT ACG CAA CGG TAT CTT GCC CTC TTG AAG CTG GGT CCA CCT TCT ATG ACC ATC TAC CAA AAA ATC AAG AAC GAC ACT TCT AGG ACT TTC CAA ACT GAT CCG AAT TTT AGA AAT AGA GTC TCG GAA GAC TCT CTG ATC CGA TGT CTG TCG TGC TTT GCC TGG CAG ACA CAG CAG AGA AGA CAG AAA CCT CAT TTA AGT --- --- --- --- --- --- --- --- --- --- --- --- --- --- --- --- --- --- --- CAC ATT CCT GTG AGC ACT TAC GTG CAG GGC ATG AAT GTA TTG TTG GCC CCT TTA CTC TAT TCA TGC CCT TCT GAA CCA ATG GCA TAC CAG CTG TTC ACC AAA GTT TGT TAT GAA ATA ATA CCG ACT TAC TTG ACA AAG AAC CTA AAC GGC GCC CAG AAC GGC GCT AAA CTA CTC GAT ATT TCA CTC AGG ATC ATC GAT CCA AAG CTG AGC AAG TTC CTA TCG GAC AAT TTA CTC ACT GCA GAG ATT TAT GGC ATG CCC TCC ATC CTC ACG CTA TCC AGC TGC AAT AAA CCA CTC GAC CAA GTC ATC AAA CTC TGG GAT TTT ATG TTT GCA TAT GGC TTT CAT ATG AAC ATT CTC TTT GTG GTA GCG TTC CTG GTG AAA ATG AGA TCC AAG GTT TTC AAG TCG GAT TCT CCC GTT AAT CTA CTG --- CGA CAA TTC CCA GAT TTT GAT GCT GAC GAA ATC ATC CGG CTG GGA GTC GGG TTC ATT GCC AAG ATC CCG ACT CAA ATC TAC GAT CTG TTG GTG GAC CAC TTG ACT GAC CCA GAC ATA TAT ATA CCA --- --- --- --- --- --- 



Printing out site pattern counts


         7        969  P

castellii                                   --- --- --- AAA AAA AAA AAA AAA AAA AAA AAA AAC AAC AAC AAC AAC AAG AAG AAG AAG AAG AAG AAG AAG AAT AAT AAT AAT AAT AAT AAT AAT AAT AAT AAT AAT AAT AAT ACA ACA ACA ACA ACA ACA ACA ACA ACA ACA ACC ACC ACG ACG ACT ACT ACT ACT ACT ACT ACT ACT ACT ACT ACT ACT AGA AGA AGA AGA AGA AGA AGC AGC AGT AGT AGT AGT AGT ATA ATA ATA ATA ATA ATA ATA ATA ATA ATA ATA ATA ATA ATA ATC ATC ATC ATC ATC ATG ATG ATG ATG ATG ATG ATG ATT ATT ATT ATT ATT ATT ATT ATT ATT ATT ATT ATT CAA CAA CAA CAA CAA CAA CAA CAA CAA CAA CAA CAC CAC CAG CAG CAT CCA CCA CCA CCA CCA CCA CCC CCC CCC CCG CCT CCT CCT CCT CCT CCT CCT CCT CCT CGA CGA CGA CGA CGT CTA CTA CTA CTC CTG CTG CTG CTG CTG CTG CTT CTT CTT CTT CTT CTT CTT GAA GAA GAA GAA GAA GAA GAA GAA GAA GAC GAC GAC GAC GAC GAC GAC GAG GAG GAG GAT GAT GAT GAT GAT GAT GAT GAT GAT GAT GCA GCA GCA GCA GCA GCA GCA GCA GCC GCG GCT GCT GCT GCT GGA GGA GGA GGA GGG GGT GGT GGT GGT GGT GGT GTA GTA GTC GTC GTC GTG GTG GTG GTG GTG GTG GTT GTT GTT TAC TAC TAC TAC TAT TAT TAT TAT TAT TAT TCA TCA TCA TCA TCA TCA TCC TCC TCC TCC TCG TCG TCG TCG TCG TCT TCT TCT TCT TCT TCT TCT TCT TCT TGC TGC TGG TGT TGT TGT TGT TTA TTA TTA TTA TTA TTA TTA TTA TTA TTA TTA TTA TTA TTA TTA TTA TTA TTA TTA TTA TTA TTC TTC TTC TTC TTC TTG TTG TTG TTG TTT TTT TTT TTT TTT TTT TTT TTT TTT TTT TTT TTT
bayanus                                     --- --- --- AAA AAA AAG AAG CAG CAG TAT TCC AAC AGG GAG GAT GCG AAA AAG ACC AGG CAG CGT CGT GAA --- AAC AAC AAG AAT AAT AAT ACG CAG CGG GAC GAG GAT TCT --- AAG ACC ACG ACG ACG ACT AGA ATA ATC ACC ACC ACC CCC --- AAA AAG ACA ACC ACT ACT CAG TCC TCC TCG TCG AGA AGG CAG CGA CGC GAG AGC CGA ACC AGC AGC AGT TCG AAC ACG ATA ATA ATA ATC ATC ATC ATG CTA CTG GTG GTT TCC ATC ATT CTG CTG GCG ATA ATG ATG CTG GTT TTA TTC AAG ATA ATA ATA ATC ATC ATC ATT ATT GAC GCT GTG AAC AAC AAG CAA CAG CAG CAG CAG CAG CAG CAT CAT CAT AAG AGA --- CAA CCC CCC CCG CCT TCG CCC CCC CCG CCG --- CCA CCC CCC CCG CCG CCG CCG CCT CAA CGA CGC GAC AGA CTC TTA TTG CTC --- CTC CTT TTC TTC TTG --- ATT CTA CTA CTT TTC TTG --- AGG CAA CAG CAG CCG CGG GAA GAG --- AGC GAC GAC GAC GAC GAC GAG GAG GAT --- AAC AAT GAA GAC GAC GAC GAC GAT TCC GAT GCC GCC GCC GCC GCT GTC TCG GCG GCA --- ATA GCC GCG --- GGC GGG GGG GGC ACG GGA GGC GGC GGG GGT GTC GTG GCT GCT GTG GTA GTC GTG GTT GTT TTG CTG GTA GTG TAC TAC TAC TAT TAC TAC TAC TAC TAC TAC AAC ACA TCC TCC TCG TCG --- AAA TCA TCC AAA CCG GAG TCC TCC --- ACG CCG GAC TCA TCG TCT TCT TGC TGC TGC TGG TCC TGC TGC TGT ACA ATG CTA CTA CTA CTA CTC CTC CTC CTC CTC CTC CTG CTG CTG CTG CTG CTT CTT TTA TTG TAC TTC TTC TTC TTC --- ATC CTC TTC --- ATC CTG CTT TAC TCC TTC TTC TTC TTC TTT TTT
mikatae                                     --- --- --- AAA AAG --- AAA CAA CAG TAT TCC AAT AGG GAA GAT GCG AAA AAG ACC AGA CAA CGC CGC GAA --- AAC AAC AAA AAC AAC AAT ACT CAG CGG GAC GAG GAT TCT --- AAG ACT ACA ACC ACG ACT AGA TTA ATC ACA ACT ACA CCT --- AAA AAG ACA ACA ACT ACT CAG --- TCC TCA TCC AGA AGA CAG CGA CGG --- AGC CGG --- AGC AGT AGT TCA AAC ACG ATA ATA ATT ATC ATC ATT ATA TTA CTT GTG GTT TCT ATC ATA CTA CTT CCT ATA ATG ATG CTA GTT CTG TTC AAG ATA ATA ATA ATC ATC ATC ATT ATT GAT GCT GTA AAC AAT AAG CAA CAA CAA CAA CAA CAG CAG GAT CAC CAT AAA AGG --- CAA CCC CCG CCA CCT TCG --- CCC CCG CCG --- CCA CCC CCT CCA CCA CCA CCT CCG CAA CGA CGC GAC AGA CTC TTG TTG CTC --- CTC CTT TTC TTT CTA --- ATT CTG TTG CTT TTC TTG --- AAA CAA CAA CAG CCT CAG GAG GAA --- AGT AAT GAC GAT GAT GAT GAG GAG GAT --- AAC AAC GAA GAT GAT GAT GAT GAT --- GAT GCC GCG GCT GCT GCC GTA TCA GCC GCA --- ATA GCT GCA --- GGC GGA GGG GGT GCA GGG GGC GGT GGT GGC GTC GTT GCT GCT ATT GTG GTT GTG ATC GTG TTG CTG GTG GTG TAC TAC TAT TAT TAC TAC TAT TAT TAT TAT AAT ACT ACT TCT TCA TCG --- AAG TCG TCA AAA CCG GAA TCC TCT --- ACG CCT GAT TCA TCC TCT TCT TGT TGC TGC TGG TCG TGT TGT TGT --- ATG CTA CTA CTT TTG CTC CTC CTC CTC CTG TTA CTA CTC CTT TTA TTG CTC CTC TTA TTA TAC TTC TTC TTT TTT --- ATC CTA TTT --- CTT CTG TTA TAC TCC TTC TTC TTT TTT TTT TTT
kluyveri                                    ATG TCG TCT AAG AAG --- AAG CAG TCT GTT GCT AAC AGT AAC GAC TCG AGG AAA CAT CAA --- CGG CGG GAG --- AAC CAG AAG AAC AAC ACT GCG AAC TTG CAT GAG GAG TCC --- AAA TCT ACC ACT ACT ACC TCT TTG GTA ACT AAC ACG CCG --- AAG AAT ACA CAG ACG CTC GTT --- TCG GCG TCC CGT AGA CAC CGA AGG --- AGC AGG --- AGC AGC AGT ACC TCC TGT ATT GTC GTC ATC ATC GTG GTT CTA CTC GTC ATC TCC ATA CTC ATA CTC --- CAC ATG GTT CTC ATG CTG CAG TCT ATA CTG GTG AAT ATA CTG ATC ATC CAC TCA ATC CAT CAT CAA CAG CAC CAG CAG TCG CAA GCC CAT CAT CAT TCC ACC --- AAC CCT CCG TTC AAA TCC --- CCC CCC CCA --- CCC CCA CCG CCC CCG CCT CCC CCT CGT AGG CGG GAC TGC CTC CTG CTT CTT --- CTT CTC ATG --- TTG --- CGT CTT CTG CTT TTC GTC --- TCT GAA AAA CTT GTG TCT GAG GAA --- --- GAC GAT GAC GAT GAT GAC GAG ACC --- AAC CAG GAG GAC GAT GAT GAT GAT --- GAA GCA GCG GCT GCT GCA GTG ACC GCC GCT --- GCG GTC GCC --- GGC GGC GGC GGA GGC GGG GCT GGG GGC GGC GTG GTT GCA TCC GTT GTG GTC GTG TGC ATC CTC GTT GTT GTG TAC TAC CTC TAC TAC TAC CAT TAT TAT TAT GCA TCA TCC TCG TCG AGC ACA GTG TCC CCT CGA CGC GAG TCC TCC --- TCT CCA GAT TCC TCG TCC TCT TGT TGC TGT TGG TGC GCA TGC TGC --- ATT CTA CTC CTG ACC ATG CTC CTC CTG CTT CTC CTC CTT CTT CTA CTA CTC TTG CTG CTC TAC CTG TTT TTC TTC --- ATC CTG TTC --- TTC CGT CTC TAC TTC TTC TTT TTC TTT TTC TTT
cerevisiae                                  --- --- --- AAA AAG --- AAA CAA CAG TAT TCC AAC AGA GAA GAT GCG AAA AAG ACC AGA CGT CGC CGC GAG --- AAT AAC AAA AAC AAT AAT ACA CAG CGG GAC GAG GAT TCC --- AAG ACA ACG ACT ACA ACA AGA CTG ATC ACA ACT ACG CCT --- AAG AAG ACG ACA ACT ACC CAG --- TCT TCA TCT AGA AGA CAG CGA CGG --- AGT CGG --- AGC AGT AGC TCG AAC ACG ATA ATA ATT ATC ATT ATC ATG CTA CTG GTG GTT TCT ATC ATT CTA CTT ACT ATG ATG ATG TTA GTT CTA TTC AAG ATA ATA ATA ATT ATT ATC ATT ATT GAT GCT GTG AAT AAT AAG CAA CAA CAA CAG CAA CAG CAG CAT CAC CAT AAA AGA --- CAG CCT CCC CCA CCG TCA --- CCT CCT CCG --- CCT CCC CCT CCA CCA CCG CCT CCG CAA CGA CGC GAC AGA CTT TTA TTA CTC --- CTC CTT TTC TTT CTG --- ATT CTC CTG CTT TTT TTG --- AAA CAA CAA CAA CCT CAA GAA GAA --- GGT GAT GAC GAT GAC GAC GAG GAG GAT --- AAC AAC GAA GAC GAC GAT GAT GAT --- GAT GCT GCA GCT GCT GCT GTC TCA GCA GCG --- ATA GCC GCA --- GGT GGG GGA GGC GCG GGC GGC GGC GGG GGC GTC GTT GCC GCC GTG GTA GTC GTG ATT GTG CTA CTG GTG GTG TAC TAT TAT TAC TAT TAT TAC TAC TAT TAT AAT ACC ACT TCT TCG TCG --- AAA TCA TCC AAA CCA GAA TCC TCT --- ACG CCT GAT TCA TCC TCT TCC TGT TGT TGC TGG TCT TGT TGC TGT --- ATG CTA CTA CTT TTG CTT CTC CTT CTC CTG CTC CTG CTC CTT CTA TTG CTC CTA TTA CTA TAT TTT TTT TTC TTC --- ATC CTC TTT --- CTG CTG TTA TAC TCC TTC TTT TTT TTT TTT TTC
paradoxus                                   --- --- --- AAA AAG --- AAA CAA CAG TAT TCC AAT AGG GAA GAC GCC AAG AAG ATT AGA CAT CGC CGC GAG --- AAT AAC AAG AAC AAT AAT ACG CAG CGT GAC GAG GAT TCT --- AAG ACT ACG ACC ACG ACA AGG TTA ATC ACA ACT ACG CCT --- AAA AAG ACG ACA ACT ACT CAG --- TCT TCA TCT AGA AGG CAG CGA CGA --- AGT CGG --- AGT AGT AGT TCG AAT ACG ATA ATA ATT ATC ATT ATC ATG TTA CTG GTG GTT TCT ATC ATT CTA CTT ACC ATA ATG ATG TTA GTC CTA TTC AAA ATA ATA ATA ATC ATT ATC ATT ATT GAC GCT GTG AAT AAC AAG CAA CAA CAA CAG CAA CAG CAG CAT CAT CAT AAA AGG --- CAA CCT GCC CCA CCA TCG --- CCT CCG CCG --- CCA CCC CCT CCA CCA CCG CCC CCA CAA CGA CGC GAC AGA CTT TTA CTG CTC --- CTC CTT TTC TTT CTG --- ATT CTG TTG CTT TTC TTA --- AAA CAA CAA CAG CCT CAG GAA GAG --- AGT GAT GAC GAT GAC GAT GAG GAG GAC --- AAC AAC GAA GAT GAC GAT GAT GAC --- GAT GCT GCA GCT GCT GCT GTC TCA GCA GCG --- ATA GCC GCA --- GGT GGA GGC GGT GCG GGG GGC GGC GGG GGT GTC GTG GCT GCT GTG GTA GTC GTG ATC GTA TTG CTG GTG GTG TTC TAT TAT TAC TAC TAT TAC TAC TAC TAT AAT ACT ACT TCC TCC TCA --- AAA TCA TCC AAA CCG GAA TCG TCT --- ACG CCT GAT TCA TCC TCT TCT TGT TGT TGC TGG TCG TGT TGC TGT --- ATG CTA CTA CTT TTG CTT CTC CTC CTC CTG CTC CTG CTC CTT CTA TTG CTC CTC TTG TTA TAC TTC TTT TTC TTT --- ATC CTC TTT --- CTC CTG TTA TAT TCC TTC TTT TTT TTT TTT TTC
kudriavzevii                                --- --- --- AAA AAG --- AAA CAA CAG TAT TCC AAT AGA GAA GAT GCC AAA AAG ACC AGG CAT CAC CGC GAA --- AAT AAC AAG AAC AAC AAT ATG CAA CGG GAC GAG GAT TCT --- AAG ACT ACG ACC ACG ACT AGA TTA ATC ACT ACA ACT CCT --- AAA AAG ACT ACA ACT ACT CAG --- TCT TCA TCT AGA AGG CAG CGA CGA --- AGC CGG --- AGC AGT AGC TCG AAC ACG ATA ATA ATC ATC ATT ATT ATG CTG TTG GTG GTT TCT ATC ATC CTG CTG CCT ATA ATG ATG TTG GTT CTA TTC AAA ATC ATA ATT ATT ATC ATC ATC ATT GAC ACT GTA AAC AAT AAG CAA CAG CAG CAA CAA CAG GAA CAT CAC CAT AAG AGA --- CAA CCT CCC CCA CCA TCG --- CCC CCG CCG --- CCA CCC CCC CCA CCA CCA CCT CCA CAG CGA CGC GAC AGA CTC CTA TTG CTC --- CTG CTT TTC TTA CTG --- ATT CTG CTG CTC TTC TTG --- AAG CAG CAA CAG CCT CAG GAA GAA --- AGT GAT GAC GAT GAT GAC GAA GAG GAC --- AAC AAT GAG GAC GAC GAC GAT GAT --- GAT GCC GCA GCC GCT GCC GTC TCA GCG GCA --- ATA GCC GCA --- GGC GGG GGC GGT GTG GGA GGC GGC GGC GGC GTC GTG GCT TCT GTA GTG GTC GTG ATC GTG TTG CTG GTA GTG TAT TAC TAT TAT TAC TAT TAC TAC TAC TAT AAT ACT ACC TCT TCG TCG --- AAA TCA TCT AAA CCG GAA TCC TCT --- ACG CCG GAT TCA TCC TCT TCT TGT TGC TGC TGG TCA TGT TGC TGT --- ATG CTA CTA CTC TTG CTC CTC CTC CTC CTC CTC CTG CTC GTT CTG TTG CTC CTC TTA CTG TAC TTC TTT TTC TTT --- ATC CTC TTT --- CTC CTG CTA TAC TCT TTT TTC TTT TTT TTT TTC



    1    1    1    1    1    1    2    1    1    1    1    1    1    1    1
    1    1    1    1    1    1    1    1    1    1    1    1    1    1    1
    1    1    1    1    1    1    1    1    2    1    1    1    1    1    1
    1    1    1    1    1    1    1    3    1    1    1    1    1    1    1
    1    1    1    1    1    1    1    1    1    1    1    1    1    1    1
    1    1    1    1    2    1    1    1    1    1    1    1    1    1    1
    1    1    1    1    1    1    1    5    1    1    1    1    1    1    1
    1    1    1    1    1    2    1    1    1    1    1    1    1    1    1
    1    1    1    1    1    1    1    1    1    1    1    1    1    1    1
    1    1    1    1    1    1    1    1    1    1    1    1    1    1    1
    1    1    1    1    1    1    1    1    1    1    1    1    1    1    1
    1    1    1    1    1    1    1    1    1    1    1    1    1    1    1
    1    1    1    1    1    1    1    1    1    1    1    1    1    1    1
    1    1    1    1    1    1    1    1    1    1    1    1    1    1    1
    1    1    1    1    1    1    1    1    1    1    1    1    1    1    1
    1    1    1    1    1    1    1    1    1    1    1    1    1    1    1
    1    1    1    1    1    1    1    1    1    1    1    1    1    1    1
    1    1    1    1    1    1    1    1    1    1    1    1    1    1    1
    1    1    1    1    1    1    3    1    1    1    1    1    1    1    1
    1    1    1    1    1    1    1    1    1    1    1    1    1    1    1
    1    1    1    1    1    1    1    1    1    1    1    1    1    1    1
    1    1    1    1    1    1    1    1

CODONML (in paml version 4.4b, July 2010)  torun.nuc
Model: One dN/dS ratio for branches Global clock 
Codon frequency model: F3x4
ns =   7  ls = 335

Codon usage in sequences
--------------------------------------------------------------------------------------------------------------
Phe TTT 12  2  8  4  9  8 | Ser TCT  9  3  6  9  7  7 | Tyr TAT  6  2  7  3  8  6 | Cys TGT  4  1  4  3  4  4
    TTC  5 13  7 10  6  8 |     TCC  4 12  6 13  7  6 |     TAC  4 11  6  7  5  6 |     TGC  2  5  2  6  2  2
Leu TTA 21  3  7  0  5  7 |     TCA  6  2  6  2  5  5 | *** TAA  0  0  0  0  0  0 | *** TGA  0  0  0  0  0  0
    TTG  4  5  7  4  3  5 |     TCG  5  8  4  7  3  4 |     TAG  0  0  0  0  0  0 | Trp TGG  3  3  3  3  3  3
--------------------------------------------------------------------------------------------------------------
Leu CTT  7  5  7  9  8  7 | Pro CCT  9  2  7  4  9  6 | His CAT  1  3  1  8  2  4 | Arg CGT  1  2  0  4  1  1
    CTC  1 10 10 17  9 11 |     CCC  3  7  3  5  2  2 |     CAC  2  0  1  4  1  0 |     CGC  0  2  3  1  3  3
    CTA  3  7  7  4  9  5 |     CCA  6  1  5  3  4  6 | Gln CAA 11  4 11  3 10  9 |     CGA  4  3  2  2  2  3
    CTG  6 11  5 10  9  8 |     CCG  1 10  5  4  4  4 |     CAG  2 14  8  8  8  9 |     CGG  0  2  3  3  3  1
--------------------------------------------------------------------------------------------------------------
Ile ATT 13  5  7  3 10  9 | Thr ACT 14  3  8  4  5  6 | Asn AAT 14  4  5  2  6  7 | Ser AGT  5  1  3  2  2  5
    ATC  5 10  9  9  6  8 |     ACC  2  7  2  7  3  2 |     AAC  5  8  8  9  6  5 |     AGC  2  4  2  4  2  0
    ATA 15 10 10  4  7  8 |     ACA 11  3  5  2  6  3 | Lys AAA  9  6  9  4  9  9 | Arg AGA  6  4  5  1  7  3
Met ATG 11  8  7  9  9  8 |     ACG  2  7  3  2  5  7 |     AAG  8 10  7  6  7  7 |     AGG  0  4  2  4  0  4
--------------------------------------------------------------------------------------------------------------
Val GTT  3  4  4  8  3  1 | Ala GCT  4  4  6  5  5  7 | Asp GAT 10  5 15  8 11  9 | Gly GGT  6  1  3  0  2  3
    GTC  3  3  1  6  3  4 |     GCC  1  5  3  3  3  3 |     GAC  7 13  3  6  7  9 |     GGC  0  4  3  6  5  3
    GTA  2  2  2  1  1  2 |     GCA  8  1  3  5  3  3 | Glu GAA  9  3  5  3  5  4 |     GGA  4  1  1  1  1  1
    GTG  6  6  6  9  7  7 |     GCG  1  4  2  4  3  2 |     GAG  3  7  4  7  4  5 |     GGG  1  3  2  2  2  2
--------------------------------------------------------------------------------------------------------------

--------------------------------------------------
Phe TTT  7 | Ser TCT 11 | Tyr TAT  6 | Cys TGT  3
    TTC  7 |     TCC  3 |     TAC  7 |     TGC  3
Leu TTA  3 |     TCA  5 | *** TAA  0 | *** TGA  0
    TTG  7 |     TCG  4 |     TAG  0 | Trp TGG  3
--------------------------------------------------
Leu CTT  1 | Pro CCT  5 | His CAT  3 | Arg CGT  0
    CTC 15 |     CCC  4 |     CAC  2 |     CGC  2
    CTA  5 |     CCA  7 | Gln CAA  7 |     CGA  3
    CTG 12 |     CCG  4 |     CAG 10 |     CGG  2
--------------------------------------------------
Ile ATT  6 | Thr ACT  9 | Asn AAT  6 | Ser AGT  2
    ATC 12 |     ACC  3 |     AAC  6 |     AGC  3
    ATA  6 |     ACA  2 | Lys AAA  8 | Arg AGA  5
Met ATG  9 |     ACG  4 |     AAG  8 |     AGG  2
--------------------------------------------------
Val GTT  3 | Ala GCT  2 | Asp GAT  9 | Gly GGT  1
    GTC  3 |     GCC  5 |     GAC  9 |     GGC  6
    GTA  3 |     GCA  3 | Glu GAA  7 |     GGA  1
    GTG  7 |     GCG  1 |     GAG  3 |     GGG  1
--------------------------------------------------

Codon position x base (3x4) table for each sequence.

#1: castellii      
position  1:    T:0.25602    C:0.17169    A:0.36747    G:0.20482
position  2:    T:0.35241    C:0.25904    A:0.27410    G:0.11446
position  3:    T:0.35542    C:0.13855    A:0.34639    G:0.15964
Average         T:0.32129    C:0.18976    A:0.32932    G:0.15964

#2: bayanus        
position  1:    T:0.22364    C:0.26518    A:0.30032    G:0.21086
position  2:    T:0.33227    C:0.25240    A:0.28754    G:0.12780
position  3:    T:0.15016    C:0.36422    A:0.15974    G:0.32588
Average         T:0.23536    C:0.29393    A:0.24920    G:0.22151

#3: mikatae        
position  1:    T:0.23856    C:0.25490    A:0.30065    G:0.20588
position  2:    T:0.33987    C:0.24183    A:0.29412    G:0.12418
position  3:    T:0.29739    C:0.22549    A:0.25490    G:0.22222
Average         T:0.29194    C:0.24074    A:0.28322    G:0.18410

#4: kluyveri       
position  1:    T:0.23203    C:0.29085    A:0.23529    G:0.24183
position  2:    T:0.34967    C:0.25817    A:0.25490    G:0.13725
position  3:    T:0.24837    C:0.36928    A:0.11438    G:0.26797
Average         T:0.27669    C:0.30610    A:0.20153    G:0.21569

#5: cerevisiae     
position  1:    T:0.21895    C:0.27451    A:0.29412    G:0.21242
position  2:    T:0.33987    C:0.24183    A:0.29085    G:0.12745
position  3:    T:0.30065    C:0.22876    A:0.24183    G:0.22876
Average         T:0.28649    C:0.24837    A:0.27560    G:0.18954

#6: paradoxus      
position  1:    T:0.23203    C:0.25817    A:0.29739    G:0.21242
position  2:    T:0.34641    C:0.23856    A:0.29085    G:0.12418
position  3:    T:0.29412    C:0.23529    A:0.22222    G:0.24837
Average         T:0.29085    C:0.24401    A:0.27015    G:0.19499

#7: kudriavzevii   
position  1:    T:0.22549    C:0.26797    A:0.29739    G:0.20915
position  2:    T:0.34641    C:0.23529    A:0.29739    G:0.12092
position  3:    T:0.24183    C:0.29412    A:0.21242    G:0.25163
Average         T:0.27124    C:0.26580    A:0.26906    G:0.19390

Sums of codon usage counts
------------------------------------------------------------------------------
Phe F TTT      50 | Ser S TCT      52 | Tyr Y TAT      38 | Cys C TGT      23
      TTC      56 |       TCC      51 |       TAC      46 |       TGC      22
Leu L TTA      46 |       TCA      31 | *** * TAA       0 | *** * TGA       0
      TTG      35 |       TCG      35 |       TAG       0 | Trp W TGG      21
------------------------------------------------------------------------------
Leu L CTT      44 | Pro P CCT      42 | His H CAT      22 | Arg R CGT       9
      CTC      73 |       CCC      26 |       CAC      10 |       CGC      14
      CTA      40 |       CCA      32 | Gln Q CAA      55 |       CGA      19
      CTG      61 |       CCG      32 |       CAG      59 |       CGG      14
------------------------------------------------------------------------------
Ile I ATT      53 | Thr T ACT      49 | Asn N AAT      44 | Ser S AGT      20
      ATC      59 |       ACC      26 |       AAC      47 |       AGC      17
      ATA      60 |       ACA      32 | Lys K AAA      54 | Arg R AGA      31
Met M ATG      61 |       ACG      30 |       AAG      53 |       AGG      16
------------------------------------------------------------------------------
Val V GTT      26 | Ala A GCT      33 | Asp D GAT      67 | Gly G GGT      16
      GTC      23 |       GCC      23 |       GAC      54 |       GGC      27
      GTA      13 |       GCA      26 | Glu E GAA      36 |       GGA      10
      GTG      48 |       GCG      17 |       GAG      33 |       GGG      13
------------------------------------------------------------------------------

(Ambiguity data are not used in the counts.)


Codon position x base (3x4) table, overall

position  1:    T:0.23264    C:0.25379    A:0.29977    G:0.21379
position  2:    T:0.34391    C:0.24690    A:0.28414    G:0.12506
position  3:    T:0.27034    C:0.26391    A:0.22299    G:0.24276
Average         T:0.28230    C:0.25487    A:0.26897    G:0.19387

Codon frequencies under model, for use in evolver (TTT TTC TTA TTG ... GGG):
  0.02246722  0.02193229  0.01853164  0.02017465
  0.01612954  0.01574550  0.01330413  0.01448367
  0.01856249  0.01812052  0.00000000  0.00000000
  0.00816990  0.00797538  0.00000000  0.00733623
  0.02450969  0.02392613  0.02021633  0.02200870
  0.01759586  0.01717691  0.01451359  0.01580037
  0.02024999  0.01976785  0.01670280  0.01818366
  0.00891262  0.00870041  0.00735139  0.00800317
  0.02894986  0.02826057  0.02387871  0.02599579
  0.02078352  0.02028867  0.01714287  0.01866275
  0.02391846  0.02334898  0.01972866  0.02147780
  0.01052722  0.01027657  0.00868317  0.00945301
  0.02064675  0.02015516  0.01703006  0.01853994
  0.01482260  0.01446968  0.01222613  0.01331009
  0.01705841  0.01665226  0.01407029  0.01531776
  0.00750791  0.00732915  0.00619275  0.00674180



Nei & Gojobori 1986. dN/dS (dN, dS)
(Pairwise deletion)
(Note: This matrix is not used in later ML. analysis.
Use runmode = -2 for ML pairwise comparison.)

castellii           
bayanus             -1.0000 (0.3011 -1.0000)
mikatae             -1.0000 (0.2921 -1.0000) 0.0126 (0.0211 1.6727)
kluyveri            -1.0000 (0.3808 -1.0000)-1.0000 (0.2890 -1.0000)-1.0000 (0.2925 -1.0000)
cerevisiae          -1.0000 (0.2898 -1.0000) 0.0106 (0.0197 1.8497) 0.0165 (0.0145 0.8760)-1.0000 (0.2814 -1.0000)
paradoxus           -1.0000 (0.2992 -1.0000) 0.0125 (0.0189 1.5107) 0.0209 (0.0152 0.7249)-1.0000 (0.2893 -1.0000) 0.0165 (0.0086 0.5235)
kudriavzevii        -1.0000 (0.2982 -1.0000) 0.0239 (0.0248 1.0360) 0.0283 (0.0225 0.7957)-1.0000 (0.2887 -1.0000) 0.0190 (0.0182 0.9568) 0.0219 (0.0174 0.7913)


TREE #  1:  ((((((5, 6), 3), 7), 2), 1), 4);   MP score: -1
lnL(ntime:  6  np:  8):  -4241.287276      +0.000000
   8..9     9..10   10..11   11..12   12..13   13..5    13..6    12..3    11..7    10..2     9..1     8..4  
 6.907827 5.823194 0.451871 0.308807 0.271199 0.186161 2.651001 0.023063
SEs for parameters:
 1.271189 1.101912 0.037932 0.025911 0.024723 0.021045 0.272958 0.004122

tree length =  20.85689

((((((5: 0.186161, 6: 0.186161): 0.085038, 3: 0.271199): 0.037608, 7: 0.308807): 0.143064, 2: 0.451871): 5.371323, 1: 5.823194): 1.084633, 4: 6.907827);

((((((cerevisiae: 0.186161, paradoxus: 0.186161): 0.085038, mikatae: 0.271199): 0.037608, kudriavzevii: 0.308807): 0.143064, bayanus: 0.451871): 5.371323, castellii: 5.823194): 1.084633, kluyveri: 6.907827);

Detailed output identifying parameters

kappa (ts/tv) =  2.65100

omega (dN/dS) =  0.02306

dN & dS for each branch

 branch          t       N       S   dN/dS      dN      dS  N*dN  S*dS

   8..9      1.085   713.5   291.5  0.0231  0.0272  1.1800  19.4 343.9
   9..10     5.371   713.5   291.5  0.0231  0.1348  5.8436  96.2 1703.2
  10..11     0.143   713.5   291.5  0.0231  0.0036  0.1556   2.6  45.4
  11..12     0.038   713.5   291.5  0.0231  0.0009  0.0409   0.7  11.9
  12..13     0.085   713.5   291.5  0.0231  0.0021  0.0925   1.5  27.0
  13..5      0.186   713.5   291.5  0.0231  0.0047  0.2025   3.3  59.0
  13..6      0.186   713.5   291.5  0.0231  0.0047  0.2025   3.3  59.0
  12..3      0.271   713.5   291.5  0.0231  0.0068  0.2950   4.9  86.0
  11..7      0.309   713.5   291.5  0.0231  0.0077  0.3360   5.5  97.9
  10..2      0.452   713.5   291.5  0.0231  0.0113  0.4916   8.1 143.3
   9..1      5.823   713.5   291.5  0.0231  0.1461  6.3352 104.3 1846.5
   8..4      6.908   713.5   291.5  0.0231  0.1733  7.5151 123.7 2190.5

tree length for dN:       0.5233
tree length for dS:      22.6906


Time used:  0:11
