
seed used = 1418812245
      6    912

castellii                                  ATG TCC GAG GAA CAA AAT ATA GAA AAG GAT GAT AGC ATC GTA GCA GAT TCT CCT GCT TCG AAT CAA AAG GAG AGA AGA AAG ATT GAA ATT AAA TTC ATA GAA AAC AAA ACA AGA CGT CAT GTT ACT TTT TCT AAG AGA AAG CAT GGT ATT ATG AAG AAA GCT TTT GAA TTG TCG GTC TTA ACT GGT ACT CAA GTG TTG CTA CTT ATC GTC TCT GAG ACA GGG TTG GTA TAT ACT TTC AGT ACG CCT AAA TTC GAA CCA ATT GTT ACT CAA CAG GAA GGT AGA AAT TTG ATT CAG GCA TGT CTG AAC GCT CCT GAT GAA GAT GAA GAG GAA GAG GAA GAA GGT --- --- --- GAT GAA GAA GAA GAC GTT GAT GAT GCG GGT GAA AAT --- --- --- --- --- --- --- --- --- --- --- --- --- --- --- --- --- --- --- --- --- AAT AAC AGA GGT GGA TCG GTA GAT AAT ATT AAT ATT GAT --- --- --- CCA AGA AAT CAT GAT AAT ATG GTA AAT GTT CAA AAT AAT AAT AAT GTT AAC ATT GAC CAA TCT AAT TTA ATT AGC CAA GCA TAC CAC CCA AAT --- --- --- --- --- --- --- --- --- --- --- --- --- --- CAA ATT CAA TCA CAA ATT CAA CAA CTT GGC --- --- --- TTG CCA AAT CCA GTC ACA GAT TTA TTT AAT CTG CCG ACG AAT GAT CAA TCC --- --- --- --- --- --- --- --- --- --- --- --- --- --- --- --- --- --- --- --- --- --- --- --- --- --- --- TTC CAG AAC CAG AAA GTA GCT TAT GGT --- --- --- --- --- AAA GTG GAA GAT GTT CCA AAC GGC AAG TAT GCC CAA TAT TTT GAA --- --- CAA CAA AAC CAA GTA 
bayanus                                    ATG TCG --- --- --- GAT ATT GAA GAA GGT --- --- --- --- ACT CCC ACC AAT AAC GGC CAG CAG AAG GAG AGA AGA AAG ATA GAA ATC AAG TTT ATT GAG AAT AAA ACA AGG CGC CAT GTG ACT TTT TCC AAG AGG AAG CAC GGT ATC ATG AAG AAG GCT TTC GAG CTG TCT GTG CTG ACG GGT ACG CAG GTG CTG CTG CTC GTT GTC TCG GAG ACA GGC CTG GTG TAC ACT TTC AGT ACG CCA AAG TTC GAG CCT ATA GTC ACC CAA CAA GAA GGC AGG AAT CTA ATT CAG GCC TGT CTA AAT GCC CCT GAC GAT GAA GAG GAA GAC GAT GAA GAA GAC GGC GAT GAC GAC GAC GAA GAA GAT GAT GAT GAC GGT AAT GAT ATG CAG CGC CAG CAG CAA CAG CAA CAG CAA CAG CAA CAA CCG CAG CAA CAA CAG CAA CAA GTA TTG AAC GCT CAT GCG AAT AGT TTA GGC CAC ATG AAT CAA GAT CAG GTG CCA CCT GGG GCG CTG AAA CAA GAA GTG AAA TCT CAA TTG TTA GGC --- GCT AAT CCT AAC CAG ACC CCG ATA ATT CAA CAG CAA --- CAC CAT GCT CAG AAT CCT CAA ACA CAA CAG CCA CAA CAA CAA CAG CAG CAG CAG CAG CAA CAG CAA CAG CAA CAA CAG CAA CAG CCT CAA ATG CCG CAG CAT CCT CAA CCG CAA CAA GGA ATA CCC CAC CCG CAA CAA TCA --- --- --- --- CAG CAA CAA CAG CAA CAG CCA --- --- --- --- --- --- --- --- --- CAG CAG CCC CTC ACC GGC ATT CAC CAA CCC CAT CAA CAG GCT TTT GCC AAC GCT GGC TCC CCC TAC CTG AAT GCC GAA CAA AAT GCT GCT TAC CAG CAG TAT TTT CAG GAG CCG CAA CAA GGC CAG TAC 
mikatae                                    ATG TCT --- --- --- GAC ATC GAG GAG GGT --- --- --- --- ACG CCT ACC AAT AAC GGG CAA CAG AAG GAG AGA AGA AAG ATA GAA ATC AAG TTC ATC GAG AAT AAA ACA AGG CGC CAT GTG ACT TTT TCA AAG AGG AAA CAT GGT ATT ATG AAG AAG GCT TTC GAA CTA TCT GTG CTA ACA GGC ACA CAG GTA CTG CTA CTT GTT GTT TCA GAA ACT GGT TTG GTA TAC ACT TTT AGC ACG CCA AAA TTT GAA CCT ATA GTC ACG CAG CAA GAA GGT AGG AAC CTG ATC CAG GCC TGT TTA AAT GCC CCT GAT GAT GAA GAG GAA GAC GAT GAG GAA GAC GGC GAA GAT GAT GAT GAT GAC GAT GAA GAA GAT GGT AAT GAA ATG CAA CGT CAA CAA CCG CAG CAA CAA --- --- --- --- --- --- --- --- CAG CAA CAA GTA TTG AAT GCA CAT GCG AAT AAC TTA GGT CAC CTG AAT CAA GAT CAG GTA CCG GCA GGC GCG TTA AAA CAG GAG GTT AAG TCA CAA TTG TTA GGC --- GCC AAT CCT AAT CAA AAC TCA ATA ATT CAG CAG CAG CAA CAT CAC ACT CAG AAC --- --- --- --- --- CCG CAA CAA CAG CAG CAG CCT CAG CAG CAG CAA CAG CAA CAG CCT CAG CAA --- --- --- ATG CCA CAG CAT CCT CGA CCA CAG CAG GGA ATA GCA CAT CCG CAG CAG TCA CTG CCA CAG CAA CAA CAG CAG CAG CAA CAG CAG --- --- --- --- --- CAA CAA CAG CAA CAA CAG CCC CTC ACC GGT ATT CAT CAA CCT CAT CAG CAG GCT TTT GCT AAC GCC GGC TCT CCC TAC CTG AAT GCC GAA CAA AAC GCA GCC TAC CAA CAG TAC TTC CAA GAG CCG CAA CAA GGC CAA TAT 
cerevisiae                                 ATG TCA --- --- --- GAC ATC GAA GAA GGT --- --- --- --- ACG CCT ACT AAT AAT GGG CAA CAG AAG GAG AGA AGA AAG ATA GAA ATT AAG TTC ATC GAG AAT AAA ACA AGG CGC CAT GTG ACA TTT TCC AAA AGG AAG CAC GGT ATC ATG AAA AAG GCG TTT GAG CTT TCT GTT CTA ACG GGG ACC CAG GTC CTG TTG CTA GTC GTT TCA GAA ACA GGT TTG GTA TAT ACT TTC AGC ACG CCG AAG TTT GAA CCT ATA GTC ACG CAG CAG GAA GGT AGA AAC CTG ATC CAG GCC TGT CTT AAC GCC CCT GAT GAT GAG GAA GAA GAC GAG GAG GAA GAC GGT GAT GAT GAT GAT GAT GAT GAC GAT --- GAT GGT AAT GAT ATG CAA CGC CAG CAA CCA CAA CAA CAG CAA --- --- --- --- CCG CAA CAA CAG CAA CAA GTA TTG AAT GCA CAC GCA AAT AGC TTA GGC CAT CTA AAT CAA GAT CAG GTA CCG GCA GGC GCG CTG AAA CAA GAG GTG AAG TCA CAA TTG CTA GGC GGT GCC AAT CCT AAT CAA AAC TCA ATG ATT CAA CAG CAG CAA CAT CAC ACG CAG AAT TCA --- --- --- CAA CCA CAA CAG CAA CAG CAA CAA CAA CCA CAG CAG CAA ATG TCA CAG CAA CAA --- --- --- ATG TCA CAG CAT CCT CGA CCA CAG CAA GGA ATA CCA CAT CCG CAA CAA TCG CAG CCA CAG CAA CAG CAA CAA CAA CAA CAA CAA CTG CAA CAG CAG CAA CAG CAG CAA CAA CAA CAA CCC CTC ACC GGC ATT CAT CAG CCT CAC CAA CAG GCT TTT GCC AAC GCT GCC TCC CCC TAT CTG AAT GCT GAA CAG AAT GCT GCC TAC CAA CAA TAC TTT CAA GAA CCG CAA CAA GGC CAA TAC 
paradoxus                                  ATG TCT --- --- --- GAT ATC GAA GAA GGT --- --- --- --- ACG CCT ACT AAT AAT GGG CAA CAG AAG GAG AGA AGA AAG ATA GAA ATT AAG TTC ATC GAG AAT AAA ACA AGG CGC CAT GTG ACA TTT TCC AAA AGG AAG CAC GGT ATC ATG AAA AAG GCT TTC GAG CTT TCT GTG CTA ACA GGC ACC CAG GTT CTG TTA CTT GTC GTT TCA GAA ACT GGT TTG GTA TAC ACT TTC AGT ACG CCG AAG TTT GAA CCT ATA GTC ACA CAG CAA GAG GGT AGA AAC CTG ATC CAG GCC TGT CTT AAT GCC CCT GAT GAT GAA GAA GAA GAC GAG GAG GAA GAC GGC GAA GAA GAT GAC GAT GAT GAC GAT --- GAT GGT AAT GAT ATG CAA CGC CAG CAA GCG CAA CAA CAG --- --- --- --- --- CCG CAA CAA CAG CAG CAA GTA TTG AAT GCA CAC GCG AAT AGC TTA GGT CAC CTG AAT CAA GAT CAG GTA CCG GCA GGT GCG CTG AAA CAA GAG GTG AAG TCA CAA TTG CTA GGC GGT ACT AAT CCT AAC CAA AAC TCA ATA ATT CAA CAG CAG CAA CAT CAC ACG CAG AAT TCG --- --- --- CAA CCA CAA CAA CAA CAG CAG CAG CAA CAG CAG CAG CAG CAA CCA CAA CAG CAA --- --- --- ATG CCA CAG CAT CCT CGA CCA CAG CAA GGA ATA CCA CAT CCG CAA CAA CCG CAG CCA CAG CAA CAG CAA CAA CAG CTG CAA --- --- --- --- --- --- CAG CAA CAA CAA CAG CAG CCT CTC ACT GGC ATT CAT CAG CCT CAT CAA CAG GCT TTT GCC AAT GCT GGC TCT CCC TAC CTG AAC GCT GAA CAG AAC GCT GCC TAC CAA CAA TAT TTC CAA GAA CCG CAA CAA GGT CAA TAC 
kudriavzevii                               ATG TCA --- --- --- GAC ATT GAA GAA GGC --- --- --- --- ACC CCT ACC AAT AAT GGG CAG CAG AAA GAG AGA AGA AAG ATA GAA ATT AAG TTC ATC GAG AAT AAA ACA AGG CGC CAT GTG ACA TTT TCC AAG AGG AAG CAC GGT ATC ATG AAA AAG GCT TTC GAG TTG TCT GTG CTA ACC GGT ACA CAG GTG CTG TTG CTT GTT GTC TCA GAA ACT GGT TTG GTG TAT ACT TTT AGC ACG CCA AAG TTT GAA CCT ATA GTC ACG CAG CAA GAA GGT AGG AAC CTG ATT CAG GCA TGT CTG AAT GCC CCT GAT GAT GAA GAA GAA GAC GAT GAT GAA GAT --- --- GAT GAC GAG GAA GAG GAG GAC --- GAT GCT AAT GAT ATG CAA CGC CAG CAA CCG CAG CAT CAA CCG CAG CAA CAG --- CAA CAG CAA CAG CAA CAA GTA TTG AAT GCG CAT GCG AAT AGC TTG GGT CAT CTG AGT CAA GAT CAG GTA CCG GCA GGC GCC CTG AAA CAA GAA GTC AAA TCT CAA TTG TTG GGT --- GCC AAT CCT AGC CAG AAC CCG ATA ATT CAG CAG CAG CAA CAC CAC GCT CAG AAT CCA CAA ACA CAA CAG CCA CCG CAG CAG CAA CAG CAG CAG CAA CAG CAG CAG CAA CAG CAA CAT CAA --- --- --- ATG CCC CAG CAT CCT CGA CCA CAA CAA GGA ATA CCC CAT CCG CAA CAA CCA CAG CCA CCA CAA CAG CAA CAG CAA CAG CAA CAA --- --- --- --- --- CCA CAG CAA CAG CAA CAG CCC CTC ACT GGC ATT CAT CAG CCT CAT CAA CAG GCT TTT GGT AAC GCT GGC TCT CCC TAC CTG AAT GCT GAA CAA AAC GCC GCT TAC CAA CAA TAT TTT CAA GAG CCA CAA CAA GGT CAG TAC 



Printing out site pattern counts


         6        840  P

castellii                                   --- --- --- --- --- --- --- --- --- --- --- --- --- --- --- --- --- --- --- --- --- --- --- --- --- --- --- --- --- --- --- --- --- --- --- --- --- --- --- --- --- --- --- --- --- --- --- --- --- --- --- --- --- --- --- --- --- --- --- --- --- --- --- --- --- --- --- --- AAA AAA AAA AAA AAA AAC AAC AAC AAC AAC AAC AAG AAG AAG AAG AAG AAG AAG AAT AAT AAT AAT AAT AAT AAT AAT AAT AAT AAT AAT AAT AAT AAT AAT AAT AAT AAT ACA ACA ACA ACG ACG ACT ACT ACT ACT ACT AGA AGA AGA AGA AGA AGC AGC AGT ATA ATA ATC ATC ATG ATG ATT ATT ATT ATT ATT ATT ATT ATT ATT ATT CAA CAA CAA CAA CAA CAA CAA CAA CAA CAA CAA CAC CAG CAG CAG CAG CAT CAT CAT CCA CCA CCA CCA CCA CCA CCG CCT CCT CCT CGT CTA CTG CTG CTT CTT GAA GAA GAA GAA GAA GAA GAA GAA GAA GAA GAA GAA GAA GAA GAA GAA GAA GAC GAC GAG GAG GAG GAG GAG GAT GAT GAT GAT GAT GAT GAT GAT GAT GAT GAT GAT GAT GCA GCA GCA GCC GCG GCT GCT GCT GCT GGA GGC GGC GGG GGT GGT GGT GGT GGT GGT GGT GTA GTA GTA GTA GTA GTA GTC GTC GTC GTG GTG GTT GTT GTT GTT GTT GTT TAC TAT TAT TAT TAT TCA TCC TCC TCG TCG TCG TCT TCT TCT TCT TGT TTA TTA TTA TTC TTC TTC TTC TTG TTG TTG TTG TTG TTT TTT TTT TTT
bayanus                                     --- --- --- --- --- --- --- --- --- --- --- AAC AAT ACA ACC ATT CAA CAA CAA CAA CAA CAA CAA CAA CAA CAA CAA CAA CAA CAA CAA CAG CAG CAG CAG CAG CAG CAG CAG CAG CAG CAG CAG CAG CAG CAG CCA CCA CCA CCC CCC CCG CCG CCT CCT CGC CTC GAC GAG GAT GCT GGC GGC GGC GTA GTG TCC TTG AAA AAG AAG CAA TAC AAT AAT AAT CCC GCT GGC AAG AAG AAG AAG AAG GAA GCT --- AAA AAC AAT AAT ATG CAA CAC CAG CAG CCG CCG GAT GCG GCT GGA GGC TTA TTG ACA ACA CAA ACG CAC ACC ACG ACG ACT ACT AGA AGG AGG CAT GGG --- CAA AGT ATT ATT --- GTT ATG GAA ATA ATC ATC ATG ATT ATT CAA CAG CAG CCT --- CAA CAA CAA CAA CAA CAA CAG CAG CAG CAG CAC CAA CAA CAG CAT CAC CAT CTG CAA CAT CAT CCG CCT CCT CCC AAT CCA CCT CGC CTG ATA CTA CAG CTC --- AAT CAG GAA GAA GAA GAA GAA GAA GAC GAC GAG GAG GAG GAG GAT GAT AAC GAT --- GAA GAG GAG GAT --- AAA CAA CCC CCG GAA GAC GAC GAT GAT GCC GGC GGT ACT CAA GCC CAG GGT AAC GCC GCT GCT AAT CAA GCT GGC AAT GAC GCC GCG GGC GGT GGT --- CAG GTG GTG TAC TTA CCT GTC GTG CTG GTG GAA GAT GCT GTC GTG TCT --- TAC TAC TAT TTT CAG TCA TCG AGT GGC TCT ACC ACC TCC TCG TGT ATA CAA CTG CAC TTC TTC TTT ATG CTA CTG CTG CTG CAA TTC TTT TTT
mikatae                                     --- --- --- CAA CAA CAA CAA CAG CAG CCA CTG AAC AAC --- ACC ATT --- --- --- --- --- --- CAA CAA CAA CAA CAA CAA CAG CAG CCG --- --- --- --- CAA CAA CAA CAA CAG CAG CAG CAG CAG CAG CCT CAG CCG CCG CCC CCC --- CCG --- --- CGT CTC GAT GAG GAA GCC GGC GGC GGT GTA GTA TCT TTG AAA AAA AAG CAG TAC AAC AAT AAT CCT GCA GGC AAA AAG AAG AAG AAG GAG GCC --- AAG AAT AAC AAT ATG CAG CAC CAA CAG CCG TCA GAC GCG ACT GGA GGC TTA TTG ACA ACT CGA ACG CAT ACG ACA ACA ACT ACT AGA AGG AGG CAT GGC --- CAG AGC ATC ATC --- GTT ATG GAG ATA ATC ATT CTG ATC ATT CAA CAA CAG CCT --- CAA CAG CAG CAG CAG CCT CAA CAG CAG CAG CAT CAA CAA CAG CAT CAT CAT TTA CAA CAC CAT CCA CCT GCA GCA AAT CCA CCT CGC CTA ATA TTA CAG CTT --- AAT CAA GAA GAA GAC GAG GAG GAT GAC GAT GAA GAA GAG GAG GAA GAT AAT GAT --- GAA GAA GAG GAT --- AAA CAG CCT CCA GAA GAT GAT GAA GAT GCC GGT GGT ACG CAG GCC CAA GGT AAC GCC GCT GCT AAT CAA GCA GGT AAT GAC GCT GCG GGT GGC GGT --- CAG GTA GTT TAT TTA CCT GTT GTG CTG GTA GAA GAA GCC GTC GTG TCA CAA TAC TAC TAC TTT CAA TCA TCT AAC GGG TCT AAC ACC TCA TCA TGT ATA CAG CTA CAT TTT TTT TTC ATG CTG CTA CTG TTG CAG TTC TTC TTT
cerevisiae                                  CAA CAG CTG CAA CAA CAG CAG CAA CAG CCA CAG AAC AAT --- ACC ATT --- --- --- CAA CAA CAA CAA CAA CAA CAA CAA CAG CAA CAA CCA --- --- CAA CCG CAA CAA CAG CAG CAA CAA CAA CAA CAG CAG CAA CAA CCA CCG CCC CCC --- CCG --- TCA CGC CTC GAT GAA GAT GCT GCC GGT GGC GTA GTA TCC TTG AAA AAG AAG CAA TAT AAT AAC AAT CCT GCA GGC AAG AAA AAA AAG AAG GAA GCC GGT AAG AAT AAC AAT ATG CAA CAT CAA CAG CCG TCA GAC GCG ACG GGA GGC CTA TTG ACA ACA CGA ACG CAT ACG ACC ACG ACA ACT AGA AGA AGG CAC GGC --- CAA AGC ATC ATC --- GTC ATG GAG ATA ATT ATC CTA ATC ATT CAA ATG CCA CCT --- CAA CAA CAA CAG TCA CAG CAA CAA CAA CAG CAT CAG CAG CAG CAC CAC CAT CTG CAG CAC CAT TCA CCT GCA CCA AAT CCG CCT CGC TTG ATA CTT CAA CTA --- AAT CAA GAA GAA GAT GAA GAG GAT GAC GAT GAA GAG GAA GAG GAT GAT AAT GAC --- GAA GAA GAG GAG --- AAA CAA CCT CCA GAG GAT GAT --- GAT GCT GGC GGT ACG CAG GCC CAA GGT AAT GCC GCG GCT AAT CAA GCT GGT AAT GAC GCC GCA GGT GGG GGT --- CAG GTA GTG TAC TTA CCT GTT GTT CTG GTC GAA GAT GCC GTC GTG TCA CAA TAC TAT TAC TTT CAG TCG TCA AGC GGG TCT AAC ACT TCC TCA TGT ATG CAG CTA CAT TTC TTT TTC ATG CTG CTT CTG TTG CAA TTT TTT TTT
paradoxus                                   --- --- --- CAA CAA CAA CAG CAA CAG CCA CAG AAT AAT --- ACT ATT --- --- --- --- CAA CAA CAA CAA CAA CAG CTG CAA CAA CAA GCG --- --- CAA CCG CAA CAG CAG CAG CAA CAA CAG CAG CAG CAG CAG --- CCA CCG CCC CCT --- CCG --- TCG CGC CTC GAA GAA GAA GCT GGC GGC GGC GTA GTA TCT TTG AAA AAG AAG CAA TAC AAC AAT AAT CCT GCA GGT AAG AAA AAA AAG AAG GAA GCC GGT AAG AAT AAC AAT ATG CAA CAC CAA CAG CCG TCA GAT GCG ACG GGA GGC CTA TTG ACA ACT CGA ACG CAT ACA ACC ACA ACA ACT AGA AGA AGG CAC GGT --- CAA AGT ATC ATC --- GTC ATG GAG ATA ATT ATC CTG ATC ATT CAA CAA CAG CCT --- CAA CAA CAG CAG CCA CAA CAA CAA CAA CAG CAT CAA CAG CAG CAT CAC CAT CTG CAG CAC CAT CCA CCT GCA CCA AAT CCG CCT CGC TTA ATA CTT CAG CTT --- AAC CAA GAA GAG GAT GAA GAG GAT GAC GAC GAA GAG GAA GAG GAT GAT AAC GAC --- GAA GAA GAG GAG --- AAA CAA CCT CCA GAA GAT GAT --- GAT GCT GGT GGT ACG CAG GCC CAA GGT AAT GCC GCT GCT AAT CAA GCT GGT AAT GAC GCC GCG GGT GGC GGT --- CAG GTA GTG TAC TTA CCT GTT GTG CTG GTT GAA GAT ACT GTC GTG TCA CAA TAC TAC TAT TTT CAG CCG TCT AGC GGG TCT AAC ACT TCC TCA TGT ATA CAG CTA CAT TTC TTT TTC ATG CTG CTT CTG TTG CAA TTC TTC TTT
kudriavzevii                                --- --- --- CAA CAG CAG CCA CAA CCA CCA CAG AAC AAT ACA ACT ATT --- CAA CAG CCG CAA CAG CAA CAT CCG CAA CAG CAG CAA CAG CCG --- CAG CAG CAA CAA CAA CAA CAG CAA CAG CAA CAG CAA CAG CAG CAA CCA CCG CCC CCC --- CCA --- CCA CGC CTC GAT GAG --- GCT GGC --- GGC GTA GTA TCT TTG AAA AAG AAG CAA TAC AAC AAT AAT CCT GCG GGT AAG AAA AAG AAA AAG GAA GCT --- AAA AAT AAC AGT ATG CAA CAT CAG CAG CCG CCG GAC GCC GCT GGA GGT TTG TTG ACA ACT CGA ACG CAT ACG ACA ACC ACA ACT AGA AGG AGG CAT GGC --- CAG AGC ATC ATT --- GTT ATG GAA ATA ATT ATC CTG ATT ATT CAA CAA CAA CCT --- CAA CAA CAG CAG CAG CAA CAG CAA CAG CAG CAC CAA CAG CAG CAT CAC CAT CTG CAA CAC CAT CCC CCT GCA CCC AAT CCA CCT CGC TTG ATA CTG CAT CTT --- AAT CAA GAA GAA GAG GAA GAT GAA GAC GAG GAA GAG GAA GAG GAT GAT AGC GAG --- GAA GAA GAG GAT --- AAA CAA CCT CCA GAA GAC GAT --- GAT GCT GGT GGC ACC CAG GCA CAA GCT AAT GCC GCT GCT AAT CAA GCC GGT AAT GAT GGT GCG GGT GGT GGT --- CAG GTG GTC TAC TTG CCT GTC GTG CTG GTG GAA GAC GCC GTC GTG TCT CAA TAC TAT TAT TTT CAG CCA TCA AGC GGG TCT AAC ACC TCC TCA TGT ATA CAA CTA CAT TTT TTT TTC ATG CTG TTG CTG TTG CAA TTC TTT TTT



    2    2    1    1    1    1    1    1    1    1    1    1    1    1    1
    1    1    3    1    1    1    1    1    1    1    1    1    1    1    2
    1    1    1    1    1    2    1    1    2    1    1    1    2    1    3
    1    1    1    1    1    1    1    1    1    1    1    1    1    1    1
    1    1    1    1    1    1    1    1    1    1    2    1    1    1    1
    2    1    1    1    1    1    1    1    1    1    1    1    1    1    1
    1    1    1    1    1    1    1    1    1    1    1    1    1    1    1
    1    1    1    1    1    1    1    1    1    1    2    1    2    1    1
    1    1    1    1    1    1    1    2    1    2    1    1    1    1    1
    1    1    1    1    1    3    1    1    2    1    1    2    1    1    3
    1    1    1    1    1    1    1    1    1    1    1    1    1    1    1
    1    1    1    1    1    1    1    1    1    1    1    1    2    1    1
    1    1    1    1    1    1    1    1    1    1    1    1    1    1    1
    1    1    1    1    1    1    1    1    1    1    2    1    1    1    1
    1    1    1    1    1    1    1    1    1    1    1    1    1    1    1
    1    1    1    1    1    1    1    1    1    1    1    1    1    1    1
    1    1    1    1    1    1    1    1    1    1    1    1    1    1    1
    1    1    1    1    1    1    1    1    1    1    1    1    1    1    1
    1    1    1    1    1    1    1    1    1    1

CODONML (in paml version 4.4b, July 2010)  torun.nuc
Model: One dN/dS ratio for branches Global clock 
Codon frequency model: F3x4
ns =   6  ls = 304

Codon usage in sequences
--------------------------------------------------------------------------------------------------------------
Phe TTT  4  4  4  5  3  5 | Ser TCT  4  2  3  1  3  3 | Tyr TAT  4  1  1  2  1  2 | Cys TGT  1  1  1  1  1  1
    TTC  4  3  3  2  4  2 |     TCC  2  2  0  2  1  1 |     TAC  1  4  4  3  4  3 |     TGC  0  0  0  0  0  0
Leu TTA  3  2  4  1  2  0 |     TCA  1  1  5  7  3  2 | *** TAA  0  0  0  0  0  0 | *** TGA  0  0  0  0  0  0
    TTG  5  2  3  4  3  7 |     TCG  3  2  0  1  1  0 |     TAG  0  0  0  0  0  0 | Trp TGG  0  0  0  0  0  0
--------------------------------------------------------------------------------------------------------------
Leu CTT  2  0  1  2  3  1 | Pro CCT  3  7  8  6  7  6 | His CAT  3  5  8  6  6  9 | Arg CGT  1  0  1  0  0  0
    CTC  0  2  1  1  1  1 |     CCC  0  5  2  2  1  4 |     CAC  1  5  2  4  4  3 |     CGC  0  2  1  2  2  2
    CTA  1  2  3  4  2  1 |     CCA  6  4  4  6  6  9 | Gln CAA 17 40 32 48 40 38 |     CGA  0  0  1  1  1  1
    CTG  2  7  5  5  6  6 |     CCG  1  6  5  5  6  6 |     CAG  4 37 37 29 32 38 |     CGG  0  0  0  0  0  0
--------------------------------------------------------------------------------------------------------------
Ile ATT 11  5  3  3  3  5 | Thr ACT  5  3  4  2  5  3 | Asn AAT 19 11 10 12 11 10 | Ser AGT  1  2  0  0  1  1
    ATC  2  2  4  4  4  2 |     ACC  0  4  2  2  1  3 |     AAC  7  4  7  4  5  4 |     AGC  2  0  1  2  1  3
    ATA  2  4  4  3  4  4 |     ACA  3  3  3  3  4  4 | Lys AAA  6  3  4  4  4  5 | Arg AGA  7  2  2  3  3  2
Met ATG  3  5  4  6  4  4 |     ACG  2  3  3  5  3  2 |     AAG  7  8  7  7  7  6 |     AGG  0  3  3  2  2  3
--------------------------------------------------------------------------------------------------------------
Val GTT  6  1  3  2  2  1 | Ala GCT  4  8  3  4  5  7 | Asp GAT 14  9 10 12 10  9 | Gly GGT  7  4  7  7  9  8
    GTC  3  2  1  3  2  3 |     GCC  1  4  6  6  4  4 |     GAC  2  7  4  4  4  4 |     GGC  2  9  6  5  5  4
    GTA  6  1  4  3  3  2 |     GCA  3  0  4  3  2  2 | Glu GAA 18 12 13 11 13 13 |     GGA  1  1  1  1  1  1
    GTG  2  6  2  2  3  4 |     GCG  1  2  2  2  3  2 |     GAG  5  7  8  7  7  7 |     GGG  1  1  1  2  1  1
--------------------------------------------------------------------------------------------------------------

Codon position x base (3x4) table for each sequence.

#1: castellii      
position  1:    T:0.14159    C:0.18142    A:0.34071    G:0.33628
position  2:    T:0.24779    C:0.17257    A:0.47788    G:0.10177
position  3:    T:0.39381    C:0.11947    A:0.32743    G:0.15929
Average         T:0.26106    C:0.15782    A:0.38201    G:0.19912

#2: bayanus        
position  1:    T:0.08511    C:0.43262    A:0.21986    G:0.26241
position  2:    T:0.17021    C:0.19858    A:0.54255    G:0.08865
position  3:    T:0.22340    C:0.19504    A:0.26596    G:0.31560
Average         T:0.15957    C:0.27541    A:0.34279    G:0.22222

#3: mikatae        
position  1:    T:0.10182    C:0.40364    A:0.22182    G:0.27273
position  2:    T:0.17818    C:0.19636    A:0.53455    G:0.09091
position  3:    T:0.24364    C:0.16000    A:0.30545    G:0.29091
Average         T:0.17455    C:0.25333    A:0.35394    G:0.21818

#4: cerevisiae     
position  1:    T:0.10140    C:0.42308    A:0.21678    G:0.25874
position  2:    T:0.17483    C:0.19930    A:0.53497    G:0.09091
position  3:    T:0.22727    C:0.16084    A:0.34266    G:0.26923
Average         T:0.16783    C:0.26107    A:0.36480    G:0.20629

#5: paradoxus      
position  1:    T:0.09319    C:0.41935    A:0.22222    G:0.26523
position  2:    T:0.17563    C:0.19713    A:0.53047    G:0.09677
position  3:    T:0.25090    C:0.15412    A:0.31541    G:0.27957
Average         T:0.17324    C:0.25687    A:0.35603    G:0.21386

#6: kudriavzevii   
position  1:    T:0.09155    C:0.44014    A:0.21479    G:0.25352
position  2:    T:0.16901    C:0.20423    A:0.53169    G:0.09507
position  3:    T:0.25000    C:0.15141    A:0.29577    G:0.30282
Average         T:0.17019    C:0.26526    A:0.34742    G:0.21714

Sums of codon usage counts
------------------------------------------------------------------------------
Phe F TTT      25 | Ser S TCT      16 | Tyr Y TAT      11 | Cys C TGT       6
      TTC      18 |       TCC       8 |       TAC      19 |       TGC       0
Leu L TTA      12 |       TCA      19 | *** * TAA       0 | *** * TGA       0
      TTG      24 |       TCG       7 |       TAG       0 | Trp W TGG       0
------------------------------------------------------------------------------
Leu L CTT       9 | Pro P CCT      37 | His H CAT      37 | Arg R CGT       2
      CTC       6 |       CCC      14 |       CAC      19 |       CGC       9
      CTA      13 |       CCA      35 | Gln Q CAA     215 |       CGA       4
      CTG      31 |       CCG      29 |       CAG     177 |       CGG       0
------------------------------------------------------------------------------
Ile I ATT      30 | Thr T ACT      22 | Asn N AAT      73 | Ser S AGT       5
      ATC      18 |       ACC      12 |       AAC      31 |       AGC       9
      ATA      21 |       ACA      20 | Lys K AAA      26 | Arg R AGA      19
Met M ATG      26 |       ACG      18 |       AAG      42 |       AGG      13
------------------------------------------------------------------------------
Val V GTT      15 | Ala A GCT      31 | Asp D GAT      64 | Gly G GGT      42
      GTC      14 |       GCC      25 |       GAC      25 |       GGC      31
      GTA      19 |       GCA      14 | Glu E GAA      80 |       GGA       6
      GTG      19 |       GCG      12 |       GAG      41 |       GGG       7
------------------------------------------------------------------------------

(Ambiguity data are not used in the counts.)


Codon position x base (3x4) table, overall

position  1:    T:0.10110    C:0.39032    A:0.23591    G:0.27267
position  2:    T:0.18382    C:0.19547    A:0.52696    G:0.09375
position  3:    T:0.26042    C:0.15809    A:0.30821    G:0.27328
Average         T:0.18178    C:0.24796    A:0.35703    G:0.21324

Codon frequencies under model, for use in evolver (TTT TTC TTA TTG ... GGG):
  0.00500971  0.00304119  0.00592914  0.00525725
  0.00532699  0.00323380  0.00630465  0.00559021
  0.01436116  0.00871807  0.00000000  0.00000000
  0.00255495  0.00155101  0.00000000  0.00268120
  0.01934051  0.01174083  0.02289006  0.02029616
  0.02056541  0.01248441  0.02433976  0.02158158
  0.05544279  0.03365704  0.06561817  0.05818232
  0.00986366  0.00598782  0.01167393  0.01035104
  0.01168932  0.00709610  0.01383465  0.01226691
  0.01242964  0.00754552  0.01471085  0.01304381
  0.03350938  0.02034216  0.03965934  0.03516514
  0.00596155  0.00361901  0.00705567  0.00625612
  0.01351103  0.00820199  0.01599070  0.01417863
  0.01436673  0.00872145  0.01700345  0.01507661
  0.03873162  0.02351237  0.04584001  0.04064542
  0.00689063  0.00418302  0.00815526  0.00723110



Nei & Gojobori 1986. dN/dS (dN, dS)
(Pairwise deletion)
(Note: This matrix is not used in later ML. analysis.
Use runmode = -2 for ML pairwise comparison.)

castellii           
bayanus             -1.0000 (0.3761 -1.0000)
mikatae             -1.0000 (0.4021 -1.0000) 0.0151 (0.0307 2.0264)
cerevisiae          -1.0000 (0.4007 -1.0000) 0.0179 (0.0341 1.9041) 0.0268 (0.0303 1.1287)
paradoxus            0.1038 (0.4083 3.9313) 0.0220 (0.0303 1.3820) 0.0321 (0.0251 0.7826) 0.0516 (0.0204 0.3956)
kudriavzevii        -1.0000 (0.3936 -1.0000) 0.0236 (0.0280 1.1849) 0.0402 (0.0397 0.9868) 0.0501 (0.0473 0.9443) 0.0473 (0.0391 0.8258)


TREE #  1:  (((((4, 5), 3), 6), 2), 1);   MP score: -1
lnL(ntime:  5  np:  7):  -2953.591697      +0.000000
   7..8     8..9     9..10   10..11   11..4    11..5    10..3     9..6     8..2     7..1  
 4.634266 0.471991 0.401653 0.286596 0.151696 2.338288 0.048991
SEs for parameters:
 0.682401 0.044138 0.032489 0.027583 0.018741 0.285818 0.008197

tree length =  10.58047

(((((4: 0.151696, 5: 0.151696): 0.134900, 3: 0.286596): 0.115057, 6: 0.401653): 0.070338, 2: 0.471991): 4.162275, 1: 4.634266);

(((((cerevisiae: 0.151696, paradoxus: 0.151696): 0.134900, mikatae: 0.286596): 0.115057, kudriavzevii: 0.401653): 0.070338, bayanus: 0.471991): 4.162275, castellii: 4.634266);

Detailed output identifying parameters

kappa (ts/tv) =  2.33829

omega (dN/dS) =  0.04899

dN & dS for each branch

 branch          t       N       S   dN/dS      dN      dS  N*dN  S*dS

   7..8      4.162   655.6   256.4  0.0490  0.2149  4.3856 140.9 1124.5
   8..9      0.070   655.6   256.4  0.0490  0.0036  0.0741   2.4  19.0
   9..10     0.115   655.6   256.4  0.0490  0.0059  0.1212   3.9  31.1
  10..11     0.135   655.6   256.4  0.0490  0.0070  0.1421   4.6  36.4
  11..4      0.152   655.6   256.4  0.0490  0.0078  0.1598   5.1  41.0
  11..5      0.152   655.6   256.4  0.0490  0.0078  0.1598   5.1  41.0
  10..3      0.287   655.6   256.4  0.0490  0.0148  0.3020   9.7  77.4
   9..6      0.402   655.6   256.4  0.0490  0.0207  0.4232  13.6 108.5
   8..2      0.472   655.6   256.4  0.0490  0.0244  0.4973  16.0 127.5
   7..1      4.634   655.6   256.4  0.0490  0.2392  4.8829 156.8 1252.0

tree length for dN:       0.5462
tree length for dS:      11.1482


Time used:  0:06
