
seed used = 1418847733
      6    912

castellii                                  ATG TCC GAG GAA CAA AAT ATA GAA AAG GAT GAT AGC ATC GTA GCA GAT TCT CCT GCT TCG AAT CAA AAG GAG AGA AGA AAG ATT GAA ATT AAA TTC ATA GAA AAC AAA ACA AGA CGT CAT GTT ACT TTT TCT AAG AGA AAG CAT GGT ATT ATG AAG AAA GCT TTT GAA TTG TCG GTC TTA ACT GGT ACT CAA GTG TTG CTA CTT ATC GTC TCT GAG ACA GGG TTG GTA TAT ACT TTC AGT ACG CCT AAA TTC GAA CCA ATT GTT ACT CAA CAG GAA GGT AGA AAT TTG ATT CAG GCA TGT CTG AAC GCT CCT GAT GAA GAT GAA GAG GAA GAG GAA GAA GGT --- --- --- GAT GAA GAA GAA GAC GTT GAT GAT GCG GGT GAA AAT --- --- --- --- --- --- --- --- --- --- --- --- --- --- --- --- --- --- --- --- --- AAT AAC AGA GGT GGA TCG GTA GAT AAT ATT AAT ATT GAT --- --- --- CCA AGA AAT CAT GAT AAT ATG GTA AAT GTT CAA AAT AAT AAT AAT GTT AAC ATT GAC CAA TCT AAT TTA ATT AGC CAA GCA TAC CAC CCA AAT --- --- --- --- --- --- --- --- --- --- --- --- --- --- CAA ATT CAA TCA CAA ATT CAA CAA CTT GGC --- --- --- TTG CCA AAT CCA GTC ACA GAT TTA TTT AAT CTG CCG ACG AAT GAT CAA TCC --- --- --- --- --- --- --- --- --- --- --- --- --- --- --- --- --- --- --- --- --- --- --- --- --- --- --- TTC CAG AAC CAG AAA GTA GCT TAT GGT --- --- --- --- --- AAA GTG GAA GAT GTT CCA AAC GGC AAG TAT GCC CAA TAT TTT GAA --- --- CAA CAA AAC CAA GTA 
bayanus                                    ATG TCG --- --- --- GAT ATT GAA GAA GGT --- --- --- --- ACT CCC ACC AAT AAC GGC CAG CAG AAG GAG AGA AGA AAG ATA GAA ATC AAG TTT ATT GAG AAT AAA ACA AGG CGC CAT GTG ACT TTT TCC AAG AGG AAG CAC GGT ATC ATG AAG AAG GCT TTC GAG CTG TCT GTG CTG ACG GGT ACG CAG GTG CTG CTG CTC GTT GTC TCG GAG ACA GGC CTG GTG TAC ACT TTC AGT ACG CCA AAG TTC GAG CCT ATA GTC ACC CAA CAA GAA GGC AGG AAT CTA ATT CAG GCC TGT CTA AAT GCC CCT GAC GAT GAA GAG GAA GAC GAT GAA GAA GAC GGC GAT GAC GAC GAC GAA GAA GAT GAT GAT GAC GGT AAT GAT ATG CAG CGC CAG CAG CAA CAG CAA CAG CAA CAG CAA CAA CCG CAG CAA CAA CAG CAA CAA GTA TTG AAC GCT CAT GCG AAT AGT TTA GGC CAC ATG AAT CAA GAT CAG GTG CCA CCT GGG GCG CTG AAA CAA GAA GTG AAA TCT CAA TTG TTA GGC --- GCT AAT CCT AAC CAG ACC CCG ATA ATT CAA CAG CAA --- CAC CAT GCT CAG AAT CCT CAA ACA CAA CAG CCA CAA CAA CAA CAG CAG CAG CAG CAG CAA CAG CAA CAG CAA CAA CAG CAA CAG CCT CAA ATG CCG CAG CAT CCT CAA CCG CAA CAA GGA ATA CCC CAC CCG CAA CAA TCA --- --- --- --- CAG CAA CAA CAG CAA CAG CCA --- --- --- --- --- --- --- --- --- CAG CAG CCC CTC ACC GGC ATT CAC CAA CCC CAT CAA CAG GCT TTT GCC AAC GCT GGC TCC CCC TAC CTG AAT GCC GAA CAA AAT GCT GCT TAC CAG CAG TAT TTT CAG GAG CCG CAA CAA GGC CAG TAC 
mikatae                                    ATG TCT --- --- --- GAC ATC GAG GAG GGT --- --- --- --- ACG CCT ACC AAT AAC GGG CAA CAG AAG GAG AGA AGA AAG ATA GAA ATC AAG TTC ATC GAG AAT AAA ACA AGG CGC CAT GTG ACT TTT TCA AAG AGG AAA CAT GGT ATT ATG AAG AAG GCT TTC GAA CTA TCT GTG CTA ACA GGC ACA CAG GTA CTG CTA CTT GTT GTT TCA GAA ACT GGT TTG GTA TAC ACT TTT AGC ACG CCA AAA TTT GAA CCT ATA GTC ACG CAG CAA GAA GGT AGG AAC CTG ATC CAG GCC TGT TTA AAT GCC CCT GAT GAT GAA GAG GAA GAC GAT GAG GAA GAC GGC GAA GAT GAT GAT GAT GAC GAT GAA GAA GAT GGT AAT GAA ATG CAA CGT CAA CAA CCG CAG CAA CAA --- --- --- --- --- --- --- --- CAG CAA CAA GTA TTG AAT GCA CAT GCG AAT AAC TTA GGT CAC CTG AAT CAA GAT CAG GTA CCG GCA GGC GCG TTA AAA CAG GAG GTT AAG TCA CAA TTG TTA GGC --- GCC AAT CCT AAT CAA AAC TCA ATA ATT CAG CAG CAG CAA CAT CAC ACT CAG AAC --- --- --- --- --- CCG CAA CAA CAG CAG CAG CCT CAG CAG CAG CAA CAG CAA CAG CCT CAG CAA --- --- --- ATG CCA CAG CAT CCT CGA CCA CAG CAG GGA ATA GCA CAT CCG CAG CAG TCA CTG CCA CAG CAA CAA CAG CAG CAG CAA CAG CAG --- --- --- --- --- CAA CAA CAG CAA CAA CAG CCC CTC ACC GGT ATT CAT CAA CCT CAT CAG CAG GCT TTT GCT AAC GCC GGC TCT CCC TAC CTG AAT GCC GAA CAA AAC GCA GCC TAC CAA CAG TAC TTC CAA GAG CCG CAA CAA GGC CAA TAT 
cerevisiae                                 ATG TCA --- --- --- GAC ATC GAA GAA GGT --- --- --- --- ACG CCT ACT AAT AAT GGG CAA CAG AAG GAG AGA AGA AAG ATA GAA ATT AAG TTC ATC GAG AAT AAA ACA AGG CGC CAT GTG ACA TTT TCC AAA AGG AAG CAC GGT ATC ATG AAA AAG GCG TTT GAG CTT TCT GTT CTA ACG GGG ACC CAG GTC CTG TTG CTA GTC GTT TCA GAA ACA GGT TTG GTA TAT ACT TTC AGC ACG CCG AAG TTT GAA CCT ATA GTC ACG CAG CAG GAA GGT AGA AAC CTG ATC CAG GCC TGT CTT AAC GCC CCT GAT GAT GAG GAA GAA GAC GAG GAG GAA GAC GGT GAT GAT GAT GAT GAT GAT GAC GAT --- GAT GGT AAT GAT ATG CAA CGC CAG CAA CCA CAA CAA CAG CAA --- --- --- --- CCG CAA CAA CAG CAA CAA GTA TTG AAT GCA CAC GCA AAT AGC TTA GGC CAT CTA AAT CAA GAT CAG GTA CCG GCA GGC GCG CTG AAA CAA GAG GTG AAG TCA CAA TTG CTA GGC GGT GCC AAT CCT AAT CAA AAC TCA ATG ATT CAA CAG CAG CAA CAT CAC ACG CAG AAT TCA --- --- --- CAA CCA CAA CAG CAA CAG CAA CAA CAA CCA CAG CAG CAA ATG TCA CAG CAA CAA --- --- --- ATG TCA CAG CAT CCT CGA CCA CAG CAA GGA ATA CCA CAT CCG CAA CAA TCG CAG CCA CAG CAA CAG CAA CAA CAA CAA CAA CAA CTG CAA CAG CAG CAA CAG CAG CAA CAA CAA CAA CCC CTC ACC GGC ATT CAT CAG CCT CAC CAA CAG GCT TTT GCC AAC GCT GCC TCC CCC TAT CTG AAT GCT GAA CAG AAT GCT GCC TAC CAA CAA TAC TTT CAA GAA CCG CAA CAA GGC CAA TAC 
paradoxus                                  ATG TCT --- --- --- GAT ATC GAA GAA GGT --- --- --- --- ACG CCT ACT AAT AAT GGG CAA CAG AAG GAG AGA AGA AAG ATA GAA ATT AAG TTC ATC GAG AAT AAA ACA AGG CGC CAT GTG ACA TTT TCC AAA AGG AAG CAC GGT ATC ATG AAA AAG GCT TTC GAG CTT TCT GTG CTA ACA GGC ACC CAG GTT CTG TTA CTT GTC GTT TCA GAA ACT GGT TTG GTA TAC ACT TTC AGT ACG CCG AAG TTT GAA CCT ATA GTC ACA CAG CAA GAG GGT AGA AAC CTG ATC CAG GCC TGT CTT AAT GCC CCT GAT GAT GAA GAA GAA GAC GAG GAG GAA GAC GGC GAA GAA GAT GAC GAT GAT GAC GAT --- GAT GGT AAT GAT ATG CAA CGC CAG CAA GCG CAA CAA CAG --- --- --- --- --- CCG CAA CAA CAG CAG CAA GTA TTG AAT GCA CAC GCG AAT AGC TTA GGT CAC CTG AAT CAA GAT CAG GTA CCG GCA GGT GCG CTG AAA CAA GAG GTG AAG TCA CAA TTG CTA GGC GGT ACT AAT CCT AAC CAA AAC TCA ATA ATT CAA CAG CAG CAA CAT CAC ACG CAG AAT TCG --- --- --- CAA CCA CAA CAA CAA CAG CAG CAG CAA CAG CAG CAG CAG CAA CCA CAA CAG CAA --- --- --- ATG CCA CAG CAT CCT CGA CCA CAG CAA GGA ATA CCA CAT CCG CAA CAA CCG CAG CCA CAG CAA CAG CAA CAA CAG CTG CAA --- --- --- --- --- --- CAG CAA CAA CAA CAG CAG CCT CTC ACT GGC ATT CAT CAG CCT CAT CAA CAG GCT TTT GCC AAT GCT GGC TCT CCC TAC CTG AAC GCT GAA CAG AAC GCT GCC TAC CAA CAA TAT TTC CAA GAA CCG CAA CAA GGT CAA TAC 
kudriavzevii                               ATG TCA --- --- --- GAC ATT GAA GAA GGC --- --- --- --- ACC CCT ACC AAT AAT GGG CAG CAG AAA GAG AGA AGA AAG ATA GAA ATT AAG TTC ATC GAG AAT AAA ACA AGG CGC CAT GTG ACA TTT TCC AAG AGG AAG CAC GGT ATC ATG AAA AAG GCT TTC GAG TTG TCT GTG CTA ACC GGT ACA CAG GTG CTG TTG CTT GTT GTC TCA GAA ACT GGT TTG GTG TAT ACT TTT AGC ACG CCA AAG TTT GAA CCT ATA GTC ACG CAG CAA GAA GGT AGG AAC CTG ATT CAG GCA TGT CTG AAT GCC CCT GAT GAT GAA GAA GAA GAC GAT GAT GAA GAT --- --- GAT GAC GAG GAA GAG GAG GAC --- GAT GCT AAT GAT ATG CAA CGC CAG CAA CCG CAG CAT CAA CCG CAG CAA CAG --- CAA CAG CAA CAG CAA CAA GTA TTG AAT GCG CAT GCG AAT AGC TTG GGT CAT CTG AGT CAA GAT CAG GTA CCG GCA GGC GCC CTG AAA CAA GAA GTC AAA TCT CAA TTG TTG GGT --- GCC AAT CCT AGC CAG AAC CCG ATA ATT CAG CAG CAG CAA CAC CAC GCT CAG AAT CCA CAA ACA CAA CAG CCA CCG CAG CAG CAA CAG CAG CAG CAA CAG CAG CAG CAA CAG CAA CAT CAA --- --- --- ATG CCC CAG CAT CCT CGA CCA CAA CAA GGA ATA CCC CAT CCG CAA CAA CCA CAG CCA CCA CAA CAG CAA CAG CAA CAG CAA CAA --- --- --- --- --- CCA CAG CAA CAG CAA CAG CCC CTC ACT GGC ATT CAT CAG CCT CAT CAA CAG GCT TTT GGT AAC GCT GGC TCT CCC TAC CTG AAT GCT GAA CAA AAC GCC GCT TAC CAA CAA TAT TTT CAA GAG CCA CAA CAA GGT CAG TAC 



Printing out site pattern counts


         6        858  P G
G 2      233     53

castellii                                   --- --- --- --- --- --- --- --- --- --- --- --- --- --- --- --- --- --- --- --- --- --- --- --- --- --- --- --- --- --- --- --- --- --- --- --- --- --- --- --- --- --- --- --- --- --- --- --- --- --- --- --- --- --- --- --- --- --- --- --- --- --- --- --- --- --- --- --- AAA AAA AAA AAC AAC AAC AAC AAC AAC AAG AAG AAG AAT AAT AAT AAT AAT AAT AAT AAT AAT AAT AAT AAT AAT AAT AAT AAT AAT AAT AAT ACA ACG ACG ACT AGA AGA AGA AGA AGC AGC ATA ATC ATG ATG ATT ATT ATT ATT ATT ATT ATT ATT CAA CAA CAA CAA CAA CAA CAA CAA CAA CAA CAA CAC CAG CAG CAG CAG CAT CCA CCA CCA CCA CCA CCA CCG CCT CCT CCT CTG CTG CTT GAA GAA GAA GAA GAA GAA GAA GAA GAA GAA GAA GAA GAA GAA GAA GAC GAC GAG GAG GAG GAG GAT GAT GAT GAT GAT GAT GAT GAT GAT GAT GAT GAT GAT GCA GCA GCA GCC GCG GCT GCT GCT GGA GGC GGC GGT GGT GGT GGT GGT GTA GTA GTA GTA GTA GTC GTG GTT GTT GTT GTT GTT TAC TAT TAT TAT TCA TCC TCC TCG TCG TCT TCT TGT TTA TTA TTC TTC TTG TTG TTT TTT AAA AAA AAC AAG AAG AAG AAG ACA ACA ACT ACT ACT ACT AGA AGA AGT ATA ATC ATG ATT ATT ATT CAA CAT CAT CGT CTA CTT GAA GAA GAA GAG GCT GGG GGT GGT GTA GTC GTC GTG GTT TAT TCG TCT TCT TTA TTC TTC TTG TTG TTG TTT TTT
bayanus                                     --- --- --- --- --- --- --- --- --- --- --- AAC AAT ACA ACC ATT CAA CAA CAA CAA CAA CAA CAA CAA CAA CAA CAA CAA CAA CAA CAA CAG CAG CAG CAG CAG CAG CAG CAG CAG CAG CAG CAG CAG CAG CAG CCA CCA CCA CCC CCC CCG CCG CCT CCT CGC CTC GAC GAG GAT GCT GGC GGC GGC GTA GTG TCC TTG AAG CAA TAC AAT AAT AAT CCC GCT GGC AAG GAA GCT --- AAA AAC AAT AAT ATG CAA CAC CAG CAG CCG CCG GAT GCG GCT GGA GGC TTA TTG CAA ACG CAC ACC AGA AGG CAT GGG --- CAA ATT --- ATG GAA ATA ATG ATT ATT CAA CAG CAG CCT --- CAA CAA CAA CAA CAA CAA CAG CAG CAG CAG CAC CAA CAA CAG CAT CTG CAA CAT CAT CCG CCT CCT CCC AAT CCA CCT ATA CTA CAG --- AAT CAG GAA GAA GAA GAA GAA GAA GAC GAC GAG GAG GAT GAT AAC GAT --- GAA GAG GAT --- AAA CAA CCC CCG GAA GAC GAC GAT GAT GCC GGC GGT ACT CAA GCC CAG GGT AAC GCC GCT AAT CAA GCT AAT GAC GCC GCG GGC --- CAG GTG TAC TTA CCT CTG GAA GAT GCT GTC TCT --- TAC TAT TTT CAG TCA TCG AGT GGC ACC ACC TGT ATA CAA CAC TTC ATG CTA CAA TTT AAA AAG AAT AAG AAG AAG AAG ACA ACA ACG ACG ACT ACT AGA AGG AGT ATT GTT ATG ATA ATC ATC CAG CAC CAT CGC CTG CTC GAA GAG GAG GAG GCT GGC GGT GGT GTG GTC GTG GTG GTG TAC TCT TCC TCG CTG TTC TTT CTG CTG CTG TTC TTT
mikatae                                     --- --- --- CAA CAA CAA CAA CAG CAG CCA CTG AAC AAC --- ACC ATT --- --- --- --- --- --- CAA CAA CAA CAA CAA CAA CAG CAG CCG --- --- --- --- CAA CAA CAA CAA CAG CAG CAG CAG CAG CAG CCT CAG CCG CCG CCC CCC --- CCG --- --- CGT CTC GAT GAG GAA GCC GGC GGC GGT GTA GTA TCT TTG AAA CAG TAC AAC AAT AAT CCT GCA GGC AAG GAG GCC --- AAG AAT AAC AAT ATG CAG CAC CAA CAG CCG TCA GAC GCG ACT GGA GGC TTA TTG CGA ACG CAT ACG AGA AGG CAT GGC --- CAG ATC --- ATG GAG ATA CTG ATC ATT CAA CAA CAG CCT --- CAA CAG CAG CAG CAG CCT CAA CAG CAG CAG CAT CAA CAA CAG CAT TTA CAA CAC CAT CCA CCT GCA GCA AAT CCA CCT ATA TTA CAG --- AAT CAA GAA GAA GAC GAG GAG GAT GAC GAT GAA GAG GAA GAT AAT GAT --- GAA GAG GAT --- AAA CAG CCT CCA GAA GAT GAT GAA GAT GCC GGT GGT ACG CAG GCC CAA GGT AAC GCC GCT AAT CAA GCA AAT GAC GCT GCG GGT --- CAG GTT TAT TTA CCT CTG GAA GAA GCC GTC TCA CAA TAC TAC TTT CAA TCA TCT AAC GGG AAC ACC TGT ATA CAG CAT TTT ATG CTG CAG TTC AAA AAG AAT AAA AAG AAG AAG ACA ACT ACA ACA ACT ACT AGA AGG AGC ATC GTT ATG ATA ATC ATT CAG CAT CAT CGC CTA CTT GAA GAA GAG GAA GCT GGT GGC GGT GTA GTT GTG GTA GTG TAC TCT TCA TCA CTA TTT TTC CTA CTG TTG TTC TTT
cerevisiae                                  CAA CAG CTG CAA CAA CAG CAG CAA CAG CCA CAG AAC AAT --- ACC ATT --- --- --- CAA CAA CAA CAA CAA CAA CAA CAA CAG CAA CAA CCA --- --- CAA CCG CAA CAA CAG CAG CAA CAA CAA CAA CAG CAG CAA CAA CCA CCG CCC CCC --- CCG --- TCA CGC CTC GAT GAA GAT GCT GCC GGT GGC GTA GTA TCC TTG AAG CAA TAT AAT AAC AAT CCT GCA GGC AAG GAA GCC GGT AAG AAT AAC AAT ATG CAA CAT CAA CAG CCG TCA GAC GCG ACG GGA GGC CTA TTG CGA ACG CAT ACG AGA AGA CAC GGC --- CAA ATC --- ATG GAG ATA CTA ATC ATT CAA ATG CCA CCT --- CAA CAA CAA CAG TCA CAG CAA CAA CAA CAG CAT CAG CAG CAG CAC CTG CAG CAC CAT TCA CCT GCA CCA AAT CCG CCT ATA CTT CAA --- AAT CAA GAA GAA GAT GAA GAG GAT GAC GAT GAA GAA GAT GAT AAT GAC --- GAA GAG GAG --- AAA CAA CCT CCA GAG GAT GAT --- GAT GCT GGC GGT ACG CAG GCC CAA GGT AAT GCC GCT AAT CAA GCT AAT GAC GCC GCA GGT --- CAG GTG TAC TTA CCT CTG GAA GAT GCC GTC TCA CAA TAC TAC TTT CAG TCG TCA AGC GGG AAC ACT TGT ATG CAG CAT TTT ATG CTG CAA TTT AAA AAG AAT AAG AAA AAA AAG ACA ACA ACC ACG ACA ACT AGA AGG AGC ATC GTC ATG ATA ATT ATC CAG CAC CAT CGC TTG CTA GAA GAG GAG GAA GCG GGT GGG GGT GTA GTT GTT GTC GTG TAT TCT TCC TCA CTA TTC TTC CTT CTG TTG TTT TTT
paradoxus                                   --- --- --- CAA CAA CAA CAG CAA CAG CCA CAG AAT AAT --- ACT ATT --- --- --- --- CAA CAA CAA CAA CAA CAG CTG CAA CAA CAA GCG --- --- CAA CCG CAA CAG CAG CAG CAA CAA CAG CAG CAG CAG CAG --- CCA CCG CCC CCT --- CCG --- TCG CGC CTC GAA GAA GAA GCT GGC GGC GGC GTA GTA TCT TTG AAG CAA TAC AAC AAT AAT CCT GCA GGT AAG GAA GCC GGT AAG AAT AAC AAT ATG CAA CAC CAA CAG CCG TCA GAT GCG ACG GGA GGC CTA TTG CGA ACG CAT ACA AGA AGA CAC GGT --- CAA ATC --- ATG GAG ATA CTG ATC ATT CAA CAA CAG CCT --- CAA CAA CAG CAG CCA CAA CAA CAA CAA CAG CAT CAA CAG CAG CAT CTG CAG CAC CAT CCA CCT GCA CCA AAT CCG CCT ATA CTT CAG --- AAC CAA GAA GAG GAT GAA GAG GAT GAC GAC GAA GAA GAT GAT AAC GAC --- GAA GAG GAG --- AAA CAA CCT CCA GAA GAT GAT --- GAT GCT GGT GGT ACG CAG GCC CAA GGT AAT GCC GCT AAT CAA GCT AAT GAC GCC GCG GGT --- CAG GTG TAC TTA CCT CTG GAA GAT ACT GTC TCA CAA TAC TAT TTT CAG CCG TCT AGC GGG AAC ACT TGT ATA CAG CAT TTT ATG CTG CAA TTC AAA AAG AAT AAG AAA AAA AAG ACA ACT ACC ACA ACA ACT AGA AGG AGT ATC GTC ATG ATA ATT ATC CAG CAC CAT CGC TTA CTT GAA GAG GAG GAA GCT GGT GGC GGT GTA GTT GTG GTT GTG TAC TCT TCC TCA CTA TTC TTC CTT CTG TTG TTC TTT
kudriavzevii                                --- --- --- CAA CAG CAG CCA CAA CCA CCA CAG AAC AAT ACA ACT ATT --- CAA CAG CCG CAA CAG CAA CAT CCG CAA CAG CAG CAA CAG CCG --- CAG CAG CAA CAA CAA CAA CAG CAA CAG CAA CAG CAA CAG CAG CAA CCA CCG CCC CCC --- CCA --- CCA CGC CTC GAT GAG --- GCT GGC --- GGC GTA GTA TCT TTG AAG CAA TAC AAC AAT AAT CCT GCG GGT AAA GAA GCT --- AAA AAT AAC AGT ATG CAA CAT CAG CAG CCG CCG GAC GCC GCT GGA GGT TTG TTG CGA ACG CAT ACG AGA AGG CAT GGC --- CAG ATT --- ATG GAA ATA CTG ATT ATT CAA CAA CAA CCT --- CAA CAA CAG CAG CAG CAA CAG CAA CAG CAG CAC CAA CAG CAG CAT CTG CAA CAC CAT CCC CCT GCA CCC AAT CCA CCT ATA CTG CAT --- AAT CAA GAA GAA GAG GAA GAT GAA GAC GAG GAA GAA GAT GAT AGC GAG --- GAA GAG GAT --- AAA CAA CCT CCA GAA GAC GAT --- GAT GCT GGT GGC ACC CAG GCA CAA GCT AAT GCC GCT AAT CAA GCC AAT GAT GGT GCG GGT --- CAG GTC TAC TTG CCT CTG GAA GAC GCC GTC TCT CAA TAC TAT TTT CAG CCA TCA AGC GGG AAC ACC TGT ATA CAA CAT TTT ATG CTG CAA TTT AAA AAG AAT AAG AAA AAG AAG ACA ACT ACA ACC ACA ACT AGA AGG AGC ATC GTT ATG ATA ATT ATC CAG CAC CAT CGC TTG CTT GAA GAG GAG GAA GCT GGT GGT GGT GTG GTC GTG GTG GTG TAT TCT TCC TCA CTA TTT TTC TTG CTG TTG TTC TTT



    2    2    1    1    1    1    1    1    1    1    1    1    1    1    1
    1    1    3    1    1    1    1    1    1    1    1    1    1    1    2
    1    1    1    1    1    2    1    1    2    1    1    1    2    1    3
    1    1    1    1    1    1    1    1    1    1    1    1    1    1    1
    1    1    1    1    1    1    1    1    1    1    1    1    1    1    1
    1    1    1    1    1    1    1    1    1    1    1    1    1    1    1
    1    1    1    1    1    1    1    1    1    1    1    1    1    1    1
    1    1    1    1    1    1    1    1    1    1    1    1    1    1    1
    1    1    3    1    1    2    1    1    2    1    1    2    1    1    1
    1    1    1    1    1    1    1    1    1    1    1    1    1    1    1
    1    1    1    1    1    1    1    1    1    1    1    1    1    1    1
    1    1    1    1    1    1    1    1    1    1    1    1    1    1    2
    1    1    1    1    1    1    1    1    1    1    1    1    1    1    1
    1    1    1    1    1    1    1    1    1    1    1    1    1    1    1
    1    1    1    1    1    1    1    1    1    1    1    1    1    1    1
    1    1    1    1    1    1    1    1    1    2    1    1    1    1    1
    1    1    1    1    1    1    1    2    1    1    1    1    1    1    1
    1    1    1    1    1    1    1    1    1    1    1    1    1    1    1
    1    1    1    1    1    1    1    1    1    1    1    1    1    1    1
    1

CODONML (in paml version 4.4b, July 2010)  torun.nuc
Model: One dN/dS ratio for branches Global clock  (2 genes: diff. rate & k&w)  
Codon frequency model: F3x4
ns =   6  ls = 304

Codon usage in sequences
--------------------------------------------------------------------------------------------------------------
Phe TTT  4  4  4  5  3  5 | Ser TCT  4  2  3  1  3  3 | Tyr TAT  4  1  1  2  1  2 | Cys TGT  1  1  1  1  1  1
    TTC  4  3  3  2  4  2 |     TCC  2  2  0  2  1  1 |     TAC  1  4  4  3  4  3 |     TGC  0  0  0  0  0  0
Leu TTA  3  2  4  1  2  0 |     TCA  1  1  5  7  3  2 | *** TAA  0  0  0  0  0  0 | *** TGA  0  0  0  0  0  0
    TTG  5  2  3  4  3  7 |     TCG  3  2  0  1  1  0 |     TAG  0  0  0  0  0  0 | Trp TGG  0  0  0  0  0  0
--------------------------------------------------------------------------------------------------------------
Leu CTT  2  0  1  2  3  1 | Pro CCT  3  7  8  6  7  6 | His CAT  3  5  8  6  6  9 | Arg CGT  1  0  1  0  0  0
    CTC  0  2  1  1  1  1 |     CCC  0  5  2  2  1  4 |     CAC  1  5  2  4  4  3 |     CGC  0  2  1  2  2  2
    CTA  1  2  3  4  2  1 |     CCA  6  4  4  6  6  9 | Gln CAA 17 40 32 48 40 38 |     CGA  0  0  1  1  1  1
    CTG  2  7  5  5  6  6 |     CCG  1  6  5  5  6  6 |     CAG  4 37 37 29 32 38 |     CGG  0  0  0  0  0  0
--------------------------------------------------------------------------------------------------------------
Ile ATT 11  5  3  3  3  5 | Thr ACT  5  3  4  2  5  3 | Asn AAT 19 11 10 12 11 10 | Ser AGT  1  2  0  0  1  1
    ATC  2  2  4  4  4  2 |     ACC  0  4  2  2  1  3 |     AAC  7  4  7  4  5  4 |     AGC  2  0  1  2  1  3
    ATA  2  4  4  3  4  4 |     ACA  3  3  3  3  4  4 | Lys AAA  6  3  4  4  4  5 | Arg AGA  7  2  2  3  3  2
Met ATG  3  5  4  6  4  4 |     ACG  2  3  3  5  3  2 |     AAG  7  8  7  7  7  6 |     AGG  0  3  3  2  2  3
--------------------------------------------------------------------------------------------------------------
Val GTT  6  1  3  2  2  1 | Ala GCT  4  8  3  4  5  7 | Asp GAT 14  9 10 12 10  9 | Gly GGT  7  4  7  7  9  8
    GTC  3  2  1  3  2  3 |     GCC  1  4  6  6  4  4 |     GAC  2  7  4  4  4  4 |     GGC  2  9  6  5  5  4
    GTA  6  1  4  3  3  2 |     GCA  3  0  4  3  2  2 | Glu GAA 18 12 13 11 13 13 |     GGA  1  1  1  1  1  1
    GTG  2  6  2  2  3  4 |     GCG  1  2  2  2  3  2 |     GAG  5  7  8  7  7  7 |     GGG  1  1  1  2  1  1
--------------------------------------------------------------------------------------------------------------

Codon position x base (3x4) table for each sequence.

#1: castellii      
position  1:    T:0.14159    C:0.18142    A:0.34071    G:0.33628
position  2:    T:0.24779    C:0.17257    A:0.47788    G:0.10177
position  3:    T:0.39381    C:0.11947    A:0.32743    G:0.15929
Average         T:0.26106    C:0.15782    A:0.38201    G:0.19912

#2: bayanus        
position  1:    T:0.08511    C:0.43262    A:0.21986    G:0.26241
position  2:    T:0.17021    C:0.19858    A:0.54255    G:0.08865
position  3:    T:0.22340    C:0.19504    A:0.26596    G:0.31560
Average         T:0.15957    C:0.27541    A:0.34279    G:0.22222

#3: mikatae        
position  1:    T:0.10182    C:0.40364    A:0.22182    G:0.27273
position  2:    T:0.17818    C:0.19636    A:0.53455    G:0.09091
position  3:    T:0.24364    C:0.16000    A:0.30545    G:0.29091
Average         T:0.17455    C:0.25333    A:0.35394    G:0.21818

#4: cerevisiae     
position  1:    T:0.10140    C:0.42308    A:0.21678    G:0.25874
position  2:    T:0.17483    C:0.19930    A:0.53497    G:0.09091
position  3:    T:0.22727    C:0.16084    A:0.34266    G:0.26923
Average         T:0.16783    C:0.26107    A:0.36480    G:0.20629

#5: paradoxus      
position  1:    T:0.09319    C:0.41935    A:0.22222    G:0.26523
position  2:    T:0.17563    C:0.19713    A:0.53047    G:0.09677
position  3:    T:0.25090    C:0.15412    A:0.31541    G:0.27957
Average         T:0.17324    C:0.25687    A:0.35603    G:0.21386

#6: kudriavzevii   
position  1:    T:0.09155    C:0.44014    A:0.21479    G:0.25352
position  2:    T:0.16901    C:0.20423    A:0.53169    G:0.09507
position  3:    T:0.25000    C:0.15141    A:0.29577    G:0.30282
Average         T:0.17019    C:0.26526    A:0.34742    G:0.21714

Codon usage in genes
--------------------------------------------------------------
Phe TTT 14 11 | Ser TCT  9  7 | Tyr TAT  8  3 | Cys TGT  6  0
    TTC  5 13 |     TCC  4  4 |     TAC 16  3 |     TGC  0  0
Leu TTA 10  2 |     TCA 14  5 | *** TAA  0  0 | *** TGA  0  0
    TTG 14 10 |     TCG  5  2 |     TAG  0  0 | Trp TGG  0  0
--------------------------------------------------------------
Leu CTT  3  6 | Pro CCT 37  0 | His CAT 29  8 | Arg CGT  1  1
    CTC  5  1 |     CCC 14  0 |     CAC 15  4 |     CGC  4  5
    CTA  5  8 |     CCA 35  0 | Gln CAA 214  1 |     CGA  4  0
    CTG 22  9 |     CCG 29  0 |     CAG 172  5 |     CGG  0  0
--------------------------------------------------------------
Ile ATT 22  8 | Thr ACT  8 14 | Asn AAT 68  5 | Ser AGT  2  3
    ATC  7 11 |     ACC  9  3 |     AAC 30  1 |     AGC  6  3
    ATA 15  6 |     ACA  4 16 | Lys AAA 12 14 | Arg AGA 11  8
Met ATG 20  6 |     ACG 15  3 |     AAG 14 28 |     AGG  3 10
--------------------------------------------------------------
Val GTT  6  9 | Ala GCT 26  5 | Asp GAT 64  0 | Gly GGT 29 13
    GTC  7  7 |     GCC 25  0 |     GAC 25  0 |     GGC 28  3
    GTA 14  5 |     GCA 14  0 | Glu GAA 67 13 |     GGA  6  0
    GTG  5 14 |     GCG 11  1 |     GAG 30 11 |     GGG  5  2
--------------------------------------------------------------

Codon position x base (3x4) table for each gene.


Gene #1
position  1:    T:0.08065    C:0.45238    A:0.18894    G:0.27803
position  2:    T:0.13364    C:0.19892    A:0.58679    G:0.08065
position  3:    T:0.25499    C:0.15361    A:0.32642    G:0.26498
Average         T:0.15643    C:0.26831    A:0.36738    G:0.20789

Gene #2
position  1:    T:0.18182    C:0.14545    A:0.42121    G:0.25152
position  2:    T:0.38182    C:0.18182    A:0.29091    G:0.14545
position  3:    T:0.28182    C:0.17576    A:0.23636    G:0.30606
Average         T:0.28182    C:0.16768    A:0.31616    G:0.23434

Sums of codon usage counts
------------------------------------------------------------------------------
Phe F TTT      25 | Ser S TCT      16 | Tyr Y TAT      11 | Cys C TGT       6
      TTC      18 |       TCC       8 |       TAC      19 |       TGC       0
Leu L TTA      12 |       TCA      19 | *** * TAA       0 | *** * TGA       0
      TTG      24 |       TCG       7 |       TAG       0 | Trp W TGG       0
------------------------------------------------------------------------------
Leu L CTT       9 | Pro P CCT      37 | His H CAT      37 | Arg R CGT       2
      CTC       6 |       CCC      14 |       CAC      19 |       CGC       9
      CTA      13 |       CCA      35 | Gln Q CAA     215 |       CGA       4
      CTG      31 |       CCG      29 |       CAG     177 |       CGG       0
------------------------------------------------------------------------------
Ile I ATT      30 | Thr T ACT      22 | Asn N AAT      73 | Ser S AGT       5
      ATC      18 |       ACC      12 |       AAC      31 |       AGC       9
      ATA      21 |       ACA      20 | Lys K AAA      26 | Arg R AGA      19
Met M ATG      26 |       ACG      18 |       AAG      42 |       AGG      13
------------------------------------------------------------------------------
Val V GTT      15 | Ala A GCT      31 | Asp D GAT      64 | Gly G GGT      42
      GTC      14 |       GCC      25 |       GAC      25 |       GGC      31
      GTA      19 |       GCA      14 | Glu E GAA      80 |       GGA       6
      GTG      19 |       GCG      12 |       GAG      41 |       GGG       7
------------------------------------------------------------------------------

(Ambiguity data are not used in the counts.)


Codon position x base (3x4) table, overall

position  1:    T:0.10110    C:0.39032    A:0.23591    G:0.27267
position  2:    T:0.18382    C:0.19547    A:0.52696    G:0.09375
position  3:    T:0.26042    C:0.15809    A:0.30821    G:0.27328
Average         T:0.18178    C:0.24796    A:0.35703    G:0.21324


Nei & Gojobori 1986. dN/dS (dN, dS)
(Pairwise deletion)
(Note: This matrix is not used in later ML. analysis.
Use runmode = -2 for ML pairwise comparison.)

castellii           
bayanus             -1.0000 (0.3761 -1.0000)
mikatae             -1.0000 (0.4021 -1.0000) 0.0151 (0.0307 2.0264)
cerevisiae          -1.0000 (0.4007 -1.0000) 0.0179 (0.0341 1.9041) 0.0268 (0.0303 1.1287)
paradoxus            0.1038 (0.4083 3.9313) 0.0220 (0.0303 1.3820) 0.0321 (0.0251 0.7826) 0.0516 (0.0204 0.3956)
kudriavzevii        -1.0000 (0.3936 -1.0000) 0.0236 (0.0280 1.1849) 0.0402 (0.0397 0.9868) 0.0501 (0.0473 0.9443) 0.0473 (0.0391 0.8258)


TREE #  1:  (((((4, 5), 3), 6), 2), 1);   MP score: -1
check convergence..
lnL(ntime:  5  np: 10):  -2898.832955      +0.000000
   7..8     8..9     9..10   10..11   11..4    11..5    10..3     9..6     8..2     7..1  
 5.866421 0.461481 0.395386 0.281184 0.147039 1.337856 2.605646 0.066070 3.887032 0.000587
SEs for parameters:
 0.946369 0.048195 0.035583 0.029724 0.018778 0.214558 0.374069 0.012690 1.341238 0.000638
Note: Branch length is defined for the first gene (site partition).
For other genes, look at "rates for genes".

tree length =  13.01793 (1st gene)

(((((4: 0.147039, 5: 0.147039): 0.134145, 3: 0.281184): 0.114202, 6: 0.395386): 0.066096, 2: 0.461481): 5.404940, 1: 5.866421);

(((((cerevisiae: 0.147039, paradoxus: 0.147039): 0.134145, mikatae: 0.281184): 0.114202, kudriavzevii: 0.395386): 0.066096, bayanus: 0.461481): 5.404940, castellii: 5.866421);

Detailed output identifying parameters

rates for 2 genes:     1  1.33786

gene # 1: kappa =   2.60565 omega =   0.06607
gene # 2: kappa =   3.88703 omega =   0.00059

Time used:  0:20
