
seed used = 1418840517
      5   1713

castellii                                  ATG TCC TTC CAA ATC CAA ACA GTC CCA ACG AAA CCA TAC CAG GAT CAA AAG CCT GGT ACC TCA GGT TTG CGT AAG AAG ACC AAG ATC TTC AAG GAC ACC CCT AAT TAC ACT GAA AAT TTC ATC CAA GCT ATC ATG GAT GCT ATC CCA GAA GGC TCT AAG GGT GCC ACT TTG GTG GTT GGC GGT GAT GGT CGT TAC TAT AAC GAT GTC ATT CTG CAT AAG ATT GCC GCC ATT GGT GCT GCT AAT GGT GTC AAG AAG TTG GTT ATT GGT CAA AGA GGG TTA TTA TCC ACC CCT GCT GCT TCT CAT ATT ATG AGA ACA TAC --- GAG GAA AAG ACT CAA GGT GGT ATT ATA TTG ACC GCC TCT CAT AAT CCA GGT GGT ATT AAA AAC GAT ATG GGT ATC AAG TTT AAT TTA TCC AAT GGT GGT CCA GCT CCA GAA CCT GTC ACT AAC AAA ATT TGG GAA ATC TCC AAG AAG ATG ACT TCC TTT AAG ATT ATT AAG GAC TTC CCA GAA TTG GAA TTA GAA ACT TTG GGT AAG AAC AAA AAA TAC GGT CCT TTA CTC GTG GAT GTC ATT GAT ACC ACT AAG GCT TAC GTC GAA TTC GTG AAG CAA ATC TTC GAT TTT GAT CTA ATT AAG AAA TTC GTT CAT AAG CAA CGT GAT ACT AAA CAC TGG AAA TTG TTG TTT GAT GGT ATG AAT GGT GTC ACA GGT CCA TAC GGT AAG GCC ATT TTC GTC GAT GAA TTA GGT TTG CCA GCT GAT GAA GTC TTA CAA CAA TGG CAT CCA TCT CCA GAT TTC GGT GGT GTT CAT CCA GAT CCA AAT TTG ACA TAC GCT AAG GCT TTA GTA GAT AGA GTG GAT CGT GAA AAT ATT GAA TTT GGT GCC GCC TCA GAT GGT GAT GGT GAC AGA AAT ATG ATT TAT GGT GCT GGT CCA GCA TTC GTG TCG CCT GGT GAT TCA GTC GCT ATC ATT GCT GAA TAC GCT GCT GAA ATC CCA TAT TTT GCT AAG CAA GGT ATT TAC GGG TTA GCT CGT TCA TTC CCA ACT TCA AGT GCC ATT GAT CGT GTC GCT AAG GCT CAC GGT TTG AAT TGT TAT GAA GTG CCA ACA GGT TGG AAG TTC TTC TGT GCC TTA TTC GAC GCT AAG AAA TTG TCT ATC TGT GGT GAA GAA TCG TTC GGT ACT GGT TCC AAC CAT GTC AGA GAA AAG GAT GGT ATT TGG GCC ATT CTT GCC TGG TTA AAC CTT CTT GCC ATT TAC AAC AAA CAT CAC CCA GAC AGA GAT GTC TCT ATT AAG ATT ATT CAA GAT GAA TTC TGG AAT AAA TAT GGT CGT ACA TTC TTT ACT CGT TAT GAT TAC GAA AAA GTC GCC ACT GAA GAT GCC GCT AAG GTT ATT GAC AAT TTG AGA AAA CAT GTT GAA AGT AAG --- ACT TTT GTA AAC CAT AAG TTC CCA ACT GAT GAA TCT TTG ACC GTT GTG GAA GCA GGT GAT TTC TCA TAC ACT GAT CTT GAT GGT TCT GTC TCT GCT CAT CAA GGT TTG TTT TTC AAG TTG TCC AAC GGT GCT AGA GTT GTC GTG AGA TTA TCT GGT ACT GGG TCT TCA GGT GCC ACA ATT AGA TTG TAC GTG GAG AAA TAC ACT GAT GAC AAG AGT GTA TAC GGT CAA AAT GCT CAA GTT TAT TTG AAG CCT GTC ATC CAA TCT GTT GTT AAG TTT TTG AAC TTC AAG GAA TTC ATT GGA ACT GAA GAA CCA ACT GTC CGT ACT 
bayanus                                    ATG TCA TTC CAA ATC GAG ACA GTT CCT ACT AAA CCT TAC GAA GAT CAA AAG CCC GGT ACC TCT GGG TTG CGT AAG AAG ACA AAG ATC TTT AAA GAC CAA CCT CAT TAC ACC GAG AAC TTC ATT CAA TCG GTC CTG GAT GCT ATT CCT GAA GGC TCT AAA GGT GCC ACT CTT GTC GTC GGT GGT GAT GGT CGT TAC TAC AAT GAT GTC ATT CTT CAT AAG ATT GCT GCT ATT AGT GCT GCC AAC GGG GTC AAA AAG CTA GTT ATT GGC CAA CAT GGT CTA TTG TCT ACA CCA GCC GCT TCC CAC ATC ATG AGA ACT TAC --- GAG GAT AAA TGT ACT GGG GGT ATT ATC TTG ACT GCG TCT CAC AAT CCA GGT GGT CCG GAA AAT GAT ATG GGT ATC AAG TAC AAC TTA TCC AAT GGG GGC CCA GCT CCT GAG TCA GTC ACA AAT GCC ATT TGG GAA ATA TCC AAA AAG TTG ACT AGT TAT AAA ATT GTC AAA GAC TTC CCG GAA CTA GAC TTG CAG ACA ATA GGC AAG GAT AGA AAA TAT GGA CCA TTA TTA ATC GAT ATT ATC GAT GTG ACA AAA GCC TAT GTT GAG CTC ATG GAG GAG ATT TTC GAT TTC AAC TTA ATC AAG AAA TTT ATC GAT AAC CAG CGC TCT ACC AAA AAC TGG AAG CTA CTG TTC GAT AGC ATG AAT GGT GTT ACT GGC CCA TAC GGC AAG GCC ATT TTC GTT GAC AAA TTC GGC TTA CCA GCC GAA GAA GTT CTA CAA AAC TGG CAT CCT TCT CCG GAT TTT GGC GGC ATG CAT CCA GAT CCA AAC TTG ACT TAT GCT AGT TCA TTA GTG AAA AGG GTG GAT CGC GAA CAA ATT GAA TTT GGT GCT GCT TCT GAT GGT GAT GGT GAT AGA AAC ATG ATC TAC GGT TAT GGC CCA TCT TTT GTC TCC CCA GGT GAC TCA GTG GCC ATT ATT GCT GAA TAT GCA GCT GAA ATT CCA TAT TTT GCT AAG CAA GGT ATC TAC GGT TTG GCT CGT TCA TTC CCT ACC TCA GCA GCA ATT GAT CGT GTC GCC AAG GCT CAC GGG CTA AAC TGT TAT GAA GTC CCA ACC GGT TGG AAG TTT TTC TGC GCT TTG TTC GAT GCT AAG AAG TTA TCC ATC TGC GGT GAA GAA TCT TTT GGT ACG GGT TCT AAT CAT GTA AGA GAA AAA GAT GGT GTT TGG GCT ATC ATG GCA TGG TTG AAC ATC CTG GCC ATT TAC AAC AAA CAC CAT CCA GAA AAA GAA GCT TCT ATC AAG ACT ATA CAA GAC GAA TTT TGG GCT AAA TAC GGT CGT ACT TTC TTC ACT CGT TAC GAT TTT GAG AAA GTA GAA AGC GAA AAA GCT AAC GAG ATT GTT GAC CAA CTG GGA GCT TTT ACC TCT AAA CCT --- GGC GTG ATT GGC TCC CCA TTC CCA ACT GAT GAA TCC GTC AAG ATT ACC GAC TGT GGT GAT TTT TCA TAC ACA GAT TTG GAC GGT TCC GTG TCC AAC CAT CAA GGT TTG TAC GTC AAG TTA TCT AAT GGT GCA AGA TTC GTT CTA AGA TTG TCT GGT ACA GGT TCT TCG GGC GCT ACG ATC AGA TTG TAC ATC GAG AAG TAT TGC GAT GAT AAA TCT CAG TAC CAC AAA ACT GCC GAA GAA TAT TTG AAG CCA ATT ATA AAC TCG GTC ATT AAA TTT TTG AAC TTC AAG GGC GTA TTG GGA ACT GAC GAA CCA ACT GTC CGT ACT 
kluyveri                                   ATG TCC TTT AAA ATT GAA ACA ATT CCA ACA ACT CCT TAT ACC GAC CAG AAG CCA GGA ACT TCT GGT TTG AGA AAG AAA ACC AAA GTT TTT ATG GAA GAG CCT AAC TAC ACA GAA AAC TTT ATC CAG GCC GTC ATG GAT GCA ATT CCA GAG GGC TCC CAA GAC GCA ACT CTA GTG GTC GGT GGT GAC GGC CGT TTC TAC AAC GAC GTT GTG GTG CAA AAG ATT GCC GCA ATC GGT GCC GCC AAC GGT GTT CAC AAA CTA GTC ATT GGT CAA AAT GGT ATT CTA TCT ACG CCA GCC GCT TCC CAC ATT ATC AGG ACA TAC CCC CAT GCA AAA ATC ACG GGT GGT ATT ATT TTA ACC GCT TCG CAT AAT CCA GGT GGT GCT AAG AAT GAT TTT GGT ATC AAG TAT AAC TTG AGC AAT GGT GGT CCG GCA CCA GAA TCC GTC ACC AAC AAA ATC TTT GAA AAG TCT AAA CAA TTA ACT AGC TAT AAG ATA GTT GCC AAC TTC CCT CAA TTG GAT CTA TCA AAA AAG GGT ACA GAC CAA AGG TAT GGA CCG CTG CTC GTT GAT ATT ATC GAT TCA ACT GAA GCA TAT GTT AAG TTG ATG AAA TCT ATT TTT GAC TTT GAC TTG ATT AAA AAA TTC ATC AAG ACT CAG AAG GAA ACC GTT GGT TTT AAA TTA CTG TTT GAT TCT CTA AAT GGT GTT ACT GGT CCA TAC GGT AAA GCT TTA TTT GTC GAT GAG TTA GGT CTA AGT GCC GAG GAG TCT TTA CAA AAC TAT GTT CCA AAG CCA GAT TTT GGT GGA TTG CAT CCA GAT CCT AAC TTG ACT TAT GCT CAT ACA TTG GTA GAA AGG GTT GAC AAG GAC AAA ATT GCA TTT GGC GCT GCC TCT GAT GGT GAC GGT GAT AGA AAC ATG ATT TAC GGT TAT GGT CCG GCG TTT GTC TCT CCA GGT GAC TCA GTG GCC ATC ATT GCC GAA TAC GCA TCC GAA ATA CCA TAC TTT GCC AAG CAA GGT ATT TAC GGG CTA GCC CGT TCT TTT CCA ACT TCT GCC GCA ATT GAC CGC GTT GCC AAG GCC CAT GGT CTA AAT TGC TAC GAA GTG CCT ACT GGT TGG AAA TTT TTC TGC GCT CTA TTT GAT GCC AAG AAG CTA TCT ATA TGT GGT GAA GAA AGT TTC GGT ACT GGC TCT AAT CAT GTG AGA GAA AAA GAT GGT GTT TGG GCC ATC ATG GCT TGG TTG AAC ATC TTG GCC ATC TAT AAC AGA AAA AAT CCT ACA AAA GAA GCT TCT ATC AAG ACT ATC CAA GAA GAG TTT TGG AAC AAA TAC GGT CGC ACT TTC TTC ACC CGT TAC GAT TTT GAG CAA ATC GCC AGC GAA AAC GCT GAC AAA GTT ATT CAA TTA CTA CAC AAC TTT GTG AGC AAA AAA GAC AGC GTT GTA AAC AAG GCA TTT CCT GCG GCT ACT GAT TTA ACT GTT GTA GAC GCT GGT GAT TTC AGC TAC ACC GAT TTG GAT GGT TCT GTC TCA TCA AAT CAA GGC TTG TTT GTC AAG CTA TCC AAT GGC TGC AAA TTT GTC GTA AGG CTA TCT GGT ACT GGT TCT TCC GGT GCA ACC ATC AGG CTA TAC GTA GAA AGG TAC TCT GAC AAC AAA TCT GAT TAC TCT TTA ACT GCT GAT CAA TTC CTG GGT AAT GAT ATC AAA CAC GTA CTG CAA TTC TTG AAG TTC AAG GAA TTT TTG GGT ACA GAT GAA CCA ACT GTT CGT ACT 
cerevisiae                                 ATG TCA TTT CAA ATT GAA ACG GTT CCC ACC AAA CCA TAT GAA GAC CAA AAG CCT GGT ACC TCT GGT TTG CGT AAG AAG ACA AAG GTG TTT AAA GAC GAA CCT AAC TAC ACA GAA AAT TTC ATT CAA TCG ATC ATG GAA GCT ATT CCA GAG GGT TCT AAA GGT GCC ACT CTT GTT GTC GGT GGT GAT GGG CGT TAC TAC AAT GAT GTC ATT CTT CAT AAG ATT GCC GCT ATC GGT GCT GCC AAC GGT ATT AAA AAG TTA GTT ATT GGC CAG CAT GGT CTT CTG TCT ACG CCA GCC GCT TCT CAC ATC ATG AGA ACC TAC --- GAG GAA AAA TGT ACT GGT GGT ATT ATC TTA ACC GCC TCA CAT AAT CCA GGT GGT CCA GAA AAT GAC ATG GGT ATT AAG TAT AAC TTA TCC AAT GGG GGT CCT GCT CCT GAA TCC GTC ACA AAT GCT ATT TGG GAG ATT TCC AAA AAG CTT ACC AGC TAT AAG ATT ATC AAA GAC TTC CCA GAA CTA GAC TTG GGT ACG ATA GGC AAG AAC AAG AAA TAC GGT CCA TTA CTC GTT GAC ATT ATC GAT ATT ACA AAA GAT TAT GTC AAC TTC TTG AAG GAA ATC TTC GAT TTC GAC TTA ATC AAG AAA TTC ATC GAT AAT CAA CGT TCT ACT AAG AAT TGG AAG TTA CTG TTT GAC AGT ATG AAC GGT GTA ACT GGA CCA TAC GGT AAG GCT ATT TTC GTT GAT GAA TTT GGT TTA CCG GCG GAT GAG GTT TTA CAA AAC TGG CAT CCT TCT CCG GAT TTT GGT GGT ATG CAT CCA GAT CCA AAC TTA ACT TAT GCC AGT TCG TTA GTG AAA AGA GTA GAT CGT GAA AAG ATT GAG TTT GGT GCT GCA TCC GAT GGT GAT GGT GAT AGA AAT ATG ATT TAC GGT TAC GGC CCA TCT TTC GTT TCT CCA GGT GAC TCC GTC GCA ATT ATT GCC GAA TAT GCA GCT GAA ATC CCA TAT TTC GCC AAG CAA GGT ATA TAT GGT CTG GCC CGT TCA TTC CCT ACC TCA GGA GCC ATA GAC CGT GTT GCC AAG GCC CAT GGT CTA AAC TGT TAT GAG GTC CCA ACT GGC TGG AAA TTT TTC TGT GCT TTG TTC GAC GCT AAA AAA TTA TCT ATT TGT GGT GAA GAA TCG TTT GGT ACT GGT TCC AAC CAC GTA AGG GAA AAG GAC GGT GTT TGG GCC ATT ATG GCG TGG TTG AAC ATC TTG GCC ATT TAC AAC AAG CAT CAT CCG GAG AAC GAA GCT TCT ATT AAG ACG ATA CAG AAT GAA TTC TGG GCA AAG TAC GGC CGT ACT TTC TTC ACT CGT TAT GAT TTT GAA AAA GTT GAA ACA GAA AAA GCT AAC AAG ATT GTC GAT CAA TTG AGA GCA TAT GTT ACC AAA TCG --- GGT GTT GTT AAT TCC GCC TTC CCA GCC GAT GAG TCT CTT AAG GTC ACC GAT TGT GGT GAT TTT TCA TAC ACA GAT TTG GAC GGT TCT GTT TCT GAC CAT CAA GGT TTA TAT GTC AAG CTT TCC AAT GGT GCA AGA TTC GTT CTA AGA TTG TCA GGT ACA GGT TCT TCA GGT GCT ACC ATT AGA TTG TAC ATT GAA AAA TAC TGC GAT GAT AAA TCA CAA TAC CAA AAG ACA GCT GAA GAA TAC TTG AAG CCA ATT ATT AAC TCG GTC ATC AAG TTC TTG AAC TTT AAA CAA GTT TTA GGA ACT GAA GAA CCA ACG GTT CGT ACT 
paradoxus                                  ATG TCA TTT CAA ATC GAA ACG GTT CCC ACT AAA CCA TAT GAA GAT CAG AAG CCC GGT ACC TCT GGT TTG CGT AAG AAG ACA AAG GTC TTC AAA GAC CAA CCT AAC TAC ACG GAA AAT TTC ATT CAG TCG ATC ATG GAA GCT ATT CCA GAG GGT TCT AAA GGT GCC ACT CTT GTT GTC GGT GGT GAT GGG CGT TAC TAC AAC GAT GTC ATT CTT CAT AAG ATT GCT GCT ATC GGC GCT GCC AAC GGT ATT AAA AAA TTG GTC ATT GGC CAA CAT GGT CTT CTG TCT ACA CCA GCC GCT TCC CAC ATT ATG AGA ACG TAT --- GAG GAG AAG TGT ACT GGT GGT ATT ATC TTA ACT GCC TCA CAT AAT CCA GGT GGT CCA GAA AAT GAC ATG GGT ATT AAG TAC AAT TTA TCC AAT GGG GGT CCT GCT CCT GAG TCC GTC ACA AAT GCT ATT TGG GAC ATT TCC AAA AAG CTA ACC AGT TAT AAG ATT ATC AAA GAC TTC CCA GAA CTA GAC TTG GGT ACG ATA GGT AAG AAC AAG AAG TAC GGT CCA TTA CTG GTT GAC ATT ATT GAT ATT ACA AAA GAT TAT GTT GAT TTC TTG AAG AAA ATT TTC GAT TTC AAC TTA ATC AAA AAA TTT ATT GAT AAT CAA CGC TCT ACT AAG AAT TGG AAG TTA TTG TTT GAT AGT ATG AAC GGT GTG ACT GGA CCA TAC GGT AAG GCT ATT TTC GTT GAC GAA TTC GGT TTA CCA GCG GAT GAG GTT CTA CAA AAC TGG CAT CCT TCT CCA GAT TTT GGT GGT ATG CAT CCA GAT CCA AAC CTA ACG TAT GCC AGT TCA TTA GTT AAA AGA GTA GAT CGC GAA AAG ATT GAG TTT GGT GCT GCT TCT GAT GGT GAC GGT GAT AGA AAT ATG ATT TAC GGT TAT GGC CCA TCT TTC GTC TCT CCA GGT GAC TCC GTC GCA ATT ATC GCT GAA TAC GCT GCT GAA ATT CCA TAT TTT GCC AAG CAA GGT ATA TAT GGT TTG GCC CGT TCA TTC CCT ACG TCA GGA GCC ATT GAC CGT GTT GCC AAG GCC CAC GGT CTA AAT TGT TAC GAA GTT CCA ACG GGC TGG AAA TTT TTC TGT GCC TTG TTC GAC GCT AAG AAA TTA TCT ATC TGT GGT GAA GAA TCA TTT GGT ACT GGT TCT AAC CAC GTA AGA GAA AAG GAC GGT GTT TGG GCC ATC ATG GCA TGG TTG AAC ATT TTG GCC ATT TAC AAC AAG CAT CAT CCA GAG AAC GAA GCT TCT ATC AAG ACG ATA CAG AAC GAA TTC TGG GCC AAG TAT GGC CGT ACT TTC TTC ACT CGT TAT GAT TTT GAG AAA GTT GAA ACA GGA AAA GCT AAC AAG ATT GTC GAC CAA TTG AGA GCT TAT GTT ACC AAA TCC --- GGT GTG ATC AAT TCT GCC TTC CCA GCC GAT GAA TCT CTC AAA GTC ACT GAC TGT GGG GAT TTT TCA TAC ACT GAT TTG GAC GGT TCT GTT TCT GAC CAT CAA GGT TTA TAC GTC AAG CTA TCT AAT GGT GCA AGA TTC GTC TTA AGG TTG TCC GGT ACA GGT TCT TCA GGC GCT ACC ATT AGA TTG TAC ATT GAA AAG TAT TGT GAC GAT AAA TCC CAA TAC CAT AAG ACT GCT GAA GAA TAC TTG AAG CCA ATT ATA AAC TCG GTC ATC AAG TTT TTG AAT TTC AAG CAG GTT TTA GGA ACT GAG GAA CCA ACT GTT CGT ACT 



Printing out site pattern counts


         5       1332  P G
G 2        1    443

castellii                                   ATG --- --- AAA AAA AAA AAA AAA AAA AAA AAA AAA AAA AAA AAA AAA AAA AAC AAC AAC AAC AAC AAC AAC AAC AAG AAG AAG AAG AAG AAG AAG AAG AAG AAG AAG AAG AAG AAG AAG AAG AAG AAG AAG AAG AAG AAG AAG AAT AAT AAT AAT AAT AAT AAT AAT AAT AAT AAT ACA ACA ACA ACA ACA ACA ACC ACC ACC ACC ACC ACC ACC ACG ACT ACT ACT ACT ACT ACT ACT ACT ACT ACT ACT ACT ACT ACT ACT ACT ACT ACT AGA AGA AGA AGA AGA AGA AGA AGA AGA AGT AGT AGT ATA ATC ATC ATC ATC ATC ATC ATC ATC ATC ATC ATC ATG ATG ATG ATG ATG ATG ATT ATT ATT ATT ATT ATT ATT ATT ATT ATT ATT ATT ATT ATT ATT ATT ATT ATT ATT ATT ATT ATT CAA CAA CAA CAA CAA CAA CAA CAA CAA CAA CAA CAA CAA CAC CAC CAC CAG CAT CAT CAT CAT CAT CAT CAT CAT CAT CAT CAT CCA CCA CCA CCA CCA CCA CCA CCA CCA CCA CCA CCA CCT CCT CCT CCT CCT CCT CGT CGT CGT CGT CTA CTC CTG CTT CTT CTT CTT GAA GAA GAA GAA GAA GAA GAA GAA GAA GAA GAA GAA GAA GAA GAA GAA GAA GAA GAA GAA GAA GAA GAC GAC GAC GAC GAC GAC GAC GAG GAG GAT GAT GAT GAT GAT GAT GAT GAT GAT GAT GAT GAT GAT GAT GAT GAT GAT GAT GAT GCA GCA GCC GCC GCC GCC GCC GCC GCC GCC GCC GCC GCC GCC GCC GCT GCT GCT GCT GCT GCT GCT GCT GCT GCT GCT GCT GCT GCT GCT GCT GCT GCT GCT GGA GGC GGC GGG GGG GGT GGT GGT GGT GGT GGT GGT GGT GGT GGT GGT GGT GGT GGT GGT GGT GGT GGT GGT GTA GTA GTA GTC GTC GTC GTC GTC GTC GTC GTC GTC GTC GTC GTC GTC GTC GTC GTC GTC GTG GTG GTG GTG GTG GTG GTG GTG GTG GTT GTT GTT GTT GTT GTT GTT GTT GTT GTT GTT TAC TAC TAC TAC TAC TAC TAC TAC TAC TAC TAC TAT TAT TAT TAT TAT TAT TCA TCA TCA TCA TCA TCA TCC TCC TCC TCC TCC TCC TCC TCG TCG TCT TCT TCT TCT TCT TCT TCT TCT TCT TCT TGG TGG TGG TGT TGT TGT TTA TTA TTA TTA TTA TTA TTA TTA TTA TTC TTC TTC TTC TTC TTC TTC TTC TTC TTC TTC TTC TTG TTG TTG TTG TTG TTG TTG TTG TTG TTG TTG TTG TTG TTG TTG TTG TTG TTT TTT TTT TTT TTT TTT TTT TTT TTT TTT
bayanus                                     ATG --- --- AAA AAA AAA AAA AAA AAA AAA AAG AAG AAG AGA GAA GCC GCT AAC AAC AAT AAT AAT AAT GAT GGC AAA AAA AAA AAA AAA AAA AAA AAA AAA AAA AAC AAG AAG AAG AAG AAG AAG AAG AAG AGT CCA CCT GAG AAC AAC AAC AAC AAT AAT ACT CAA CAA CAT GCT ACA ACC ACG ACT ACT ACT AAG ACA ACA ACC ACT CAA GTG ACT ACA ACA ACA ACA ACC ACC ACC ACG ACT ACT ACT ACT ACT ACT AGC GGC TGC TGT AAA AGA AGA AGA AGA AGA AGG CAT GGA AAA GCA TCT ATC ATA ATA ATC ATC ATC ATC ATT ATT ATT ATT GTC ATG ATG ATG ATG CTG TTG ACT ATA ATC ATC ATC ATC ATC ATC ATC ATT ATT ATT ATT ATT ATT ATT ATT CCG GTC GTT GTT TTG AAA AAC AAC ACT CAA CAA CAA CAA CAA CAG GAA GAG GAG AAC CAC CAT GAA CAC CAC CAC CAT CAT CAT CAT CAT GAT TCC TTT CCA CCA CCA CCA CCA CCA CCG CCG CCT CCT CCT CCT CCA CCA CCA CCC CCT TCA CGC CGT CGT CGT TTA TTA CTT ATC ATG CTG TTG AAA CAG GAA GAA GAA GAA GAA GAA GAA GAA GAA GAA GAC GAC GAC GAG GAG GAG GAG GAT GGC TCT GAA GAC GAC GAC GAT GAT GAT GAG GAG AAA AAA AAC GAA GAA GAC GAC GAC GAC GAT GAT GAT GAT GAT GAT GAT GAT GAT TCT TCT TGT GAA GCA GCA GCC GCC GCC GCG GCT GCT GCT GCT GCT GCT AAC AAC GCA GCA GCC GCC GCC GCC GCC GCT GCT GCT GCT GCT GCT GCT TAT TCA TCG GGA GGC GGT GGT GGT AGC AGT CAC GGA GGC GGC GGC GGC GGC GGC GGG GGG GGT GGT GGT GGT GGT GGT GGT ATT CAG GTG ATT ATT GCT GTA GTA GTC GTC GTC GTC GTG GTG GTT GTT GTT GTT GTT GTT ACC ATC ATC ATG CTA GTC GTC GTC GTG ACC ATC ATG ATT ATT ATT GAA GTC GTC GTT TTC TAC TAC TAC TAC TAC TAC TAT TAT TAT TAT TTT TAC TAC TAC TAT TAT TAT TCA TCA TCA TCG TCT TCT AGT TCA TCC TCC TCT TCT TCT TCC TCT TCC TCC TCC TCC TCG TCT TCT TCT TCT TCT TGG TGG TGG TGC TGC TGT CTA CTA TTA TTA TTC TTG TTG TTG TTG CTC GTA GTC TTC TTC TTC TTC TTT TTT TTT TTT TTT ATA CTA CTA CTA CTA CTG CTG CTT GTC TTA TTA TTG TTG TTG TTG TTG TTG GTG TAC TAC TAT TTC TTC TTC TTT TTT TTT
kluyveri                                    ATG CCC GAC AAA AAA ACT AGA AGG CAA GTT AAA AAG AGG CAA AAG AAA AAC AAC AAG AAC AAC AAT AAT GAC AAC AAA AAA AAA AAG ATG CAA CAA CAC GAA GCC ACT AAA AAA AAA AAG AAG ACA CAA GGT CAT GCA AAA AAA AAC AAC AAC AAT AAT AAT ACT AAA TTA AAC AAC ACA ACT ACC ACA ACT ACT ACT ACC ACG ACT ACC GAG TCA ACA AAA ACC ACC ACT ACA ACC ACT ACT ACA ACC ACT ACT ACT GCG AGC AGC TCT ATC AAA AAA AGA AGA AGG AGG AGG AAT CAC AAA GCC TCT ATT AAG ATC ATA ATC ATT GTT ATA ATC ATT ATT GTC ATC ATG CTA TTT ATG TTA ACT ATC ATC ATC ATC ATT ATT ATT ATT ATA ATC ATC ATT ATT ATT GTG TTA GCT GTT ATT GTT TTG TTA AAA AAC ACG AAA CAA CAA CAA CAG CAG GAT GAA TCT GGT CAT AAT ACC AAA CAC CAT AAT CAA CAT CAT GTT AAG AAG TTT AGT CCA CCG CCG CCT CCT CCA CCT CCA CCA CCA CCT AAT CCA CCG CCA CCT TCC AAG AGA CGC CGT TTG CTC GTG ATC ATG TTG TTG GAG TCA ACT CAA GAA GAA GAA GAA GAC GAG GAG GCA GAC GAT GAT AAG GAA GAA GAG GCA GAA AGC ACA AAC CAA GAA AAC GAT GAT CAT GAA AAC GAA GAC GAA GAG GAA GAC GAT GAT GAC GAC GAC GAC GAT GAT GAT GAT GCT GAA GCG GCT GCC GCA GCT GCA GCC GCT GCT GCA GCC GCC GCC GCT GCT GAC TCA GCA TGC GCA GCC GCC GCC GCT GCA GCC GCC GCC GCT GCT TCC TAT ACA GCC GGT GGC GGT GGG GGT TCT GGT TCT GGA GGA GGT GGT GGT GGT GGT GGT GGT GAC GGA GGC GGC GGT GGT GGT GTA GAT GTA ATT GAT GCT ATC GTG GTC GTT GTT GTT GTC GTG ATT GTC GTC GTT GTT TCT GTA GTA GTT ATG GTA GTC GTG GTG GTT GTG ATC TTG CTG GTT GTT CAA GTA GTC GTC TTT TAC TAC TAC TAT TAT TTC TAC TAC TAT TAT TTT TAC TAC TAC TAC TAC TTC AGC TCA TCT TCC TCT TCT AGC TCC AGC TCT TCC TCT TCT TCT AGT GAT TCA TCC TCT CAC AAG TCC TCG TCT TCT TAT TGG TTT TGC TGT TGC ATT TTA CTG TTG TTA CTA CTA CTA TTG TTG TTT GTC TTC TTC TTT TTT TTC TTC TTT TTT TTT AAG CTA CTA TTA TTG CTA CTG CTA TTA CTA CTA CTA CTG TTA TTG TTG TTG GTT TAT TTT TAT TTC TTT TTT TTC TTT TTT
cerevisiae                                  ATG --- --- AAA AAG AAA AAG AAA AAA AAG AAG AAA AAA AAG GAA GCT GCA AAC AAC AAT AAT AAC AAT AAC AAT AAA AAA AAG AAG AAA AAA AAG AAA AAA AAA AAT AAA AAG AAG AAA AAG AAG AAG AAG AGT GCC TCG AAG AAC AAC AAT AAC AAC AAT ACA AAG CAA AAC GCA ACG ACT ACC ACC ACT ACT AAG ACA ACG ACC ACC GAA ATT ACC ACG ACA ACA ACA ACA ACT ACC ACT ACT ACT ACC ACG ACT GCC ACA GGT TGC TGT AAC AGA AGA AGG AGA AGA AGA CAT AGA AAA GGA TCA ATC ATT ATT ATT ATT ATT GTG ATC ATT ATC ATT ATC ATG ATG ATG ATG ATG CTT ACG ATA ATC ATT ATT ATA ATC ATC ATT ATT ATC ATT ATA ATT ATT ATT ATT CCA ATC GTC GTT TTA AAG AAC AAC ACT CAA CAA CAG CAG CAA CAA GAA GAA GAA AAT CAT CAT GAA CAT CAC CAT CAT CAT CAC CAT CAT GAT TCC TAT CCG CCA CCA CCT CCA CCG CCG CCA CCA CCC CCT CCA CCA CCA CCA CCT CCT TCC CGT CGT CGT CGT TTA CTC CTT ATC ATG TTG TTG GAA GGT GAG GAA GAA GAA GAG GAG GAA GAA GAG GAG GAT GAA GAC AAC GAA GAA GAA GAA CAA ACC GAG GAC GAT GAC GAT GAC GAT GAG GAA AAA AAA GAC GAA GAT AAT GAC GAC GAT GAC GAC GAT GAT GAA GAC GAC GAT GAT TCT TCT TGT GAA GCC GCG GCC GCC GCT GCC GCT GCA GCC GCC GCT GCT AAC GAC GCA GCA GAT GCA GCC GCG GCT GCT GCC GCC GCT GCC GCT GCT TAC TCG TCG GGA GGT GGT GGT GGT AGT GGT CAA GGT GGT GGA GGC GGC GGT GGT GGG GGT GGT GGT GGG GGT GGC GGT GGT GTT CAA GTG ATT ATT GCT GTT GTA GTC ATT GTC GTT GTT GTC GTT GTT GTT GTA GTC GTT ACC ATT GTT TTG CTA GTT GTC GTT GTA GTT ATC ATG ATC ATT GTC GAA GTC GTC GTT TTC TAC TAC TAT TAC TAT TAC TAC TAT TAC TAT TTT TAC TAC TAT TAT TAT TAC TCA TCC TCA TCA TCC TCT AGC TCA TCC TCC TCC TCC TCT TCT TCG TCT TCT TCT TCT TCG TCT TCT TCA TCA TCT TGG TGG TGG TGT TGT TGT CTT TTA TTA TTA TTT CTG CTG TTG TTG TTC GTT GTC TTC TTT TTC TTT TTC TTT TTC TTT TTT ATA CTA TTA TTA CTA TTG CTG CTT CTT CTT TTA TTG TTG TTA TTA TTA TTG GTT TAT TAT TAT TTC TTC TTT TTC TTC TTT
paradoxus                                   ATG --- --- AAA AAG AAA AAG AAG AAA AAG AAG AAA AAG AAG GAA GCT GCT AAC AAT AAC AAT AAC AAT AAC AAT AAA AAG AAG AAG AAA AAA AAG AAA AAA AAA AAT AAA AAA AAG AAG AAG AAG AAG AAG AGT GCC TCC AAG AAC AAT AAT AAT AAC AAT ACT AAG CAA AAC GCC ACG ACG ACC ACG ACG ACT AAA ACA ACA ACC ACT CAA ATT ACT ACG ACA ACT ACA ACG ACT ACG ACT ACT ACT ACC ACT ACT GCC ACA GGT TGT TGT AAC AGA AGA AGA AGA AGG AGA CAT AGA AAA GGA TCC ATC ATT ATA ATC ATT ATC GTC ATT ATT ATT ATT ATC ATG ATG ATG ATG ATG CTA ACG ATA ATT ATC ATT ATA ATC ATT ATT ATT ATC ATT ATT ATC ATT ATT ATT CCA ATC GTC GTT TTA AAG AAC AAC ACT CAA CAA CAA CAG CAG CAA GAA GAA AAA AAT CAC CAT GAA CAT CAC CAT CAT CAT CAC CAT CAT GAT TCT TAT CCA CCA CCA CCT CCA CCA CCA CCA CCA CCC CCT CCA CCA CCA CCA CCC CCT TCC CGC CGT CGT CGT TTA CTG CTT ATT ATG TTG TTG GAA GGT GAA GAA GAA GGA GAA GAC GAA GAA GAG GAG GAC GAG GAC GAT GAA GAG GAG GAG CAG ACC GAG GAC GAC GAC GAT GAC GAT GAG GAA AAA AAA AAC GAA GAT AAC GAC GAC GAC GAC GAT GAC GAT GAA GAC GAT GAT GAT TCT TCT TGT GAA GCC GCA GCC GCC GCT GCC GCT GCT GCC GCT GCC GCT AAC GAC GCT GCA GAT GCA GCC GCG GCT GCT GCC GCT GCT GCC GCT GCT TAT TCA TCG GGA GGT GGT GGT GGT AGT GGC CAT GGT GGT GGA GGC GGT GGC GGT GGG GGT GGT GGT GGG GGT GGC GGG GGT ATC CAA GTT ATT ATT GCT GTT GTA GTC ATT GTC GTT GTT GTC GTT GTC GTT GTG GTT GTT ACT ATT GTT TTG TTA GTC GTT GTT GTA GTT ATT ATG ATC ATT GTC GAA GTC GTC GTC TTC TAC TAT TAT TAC TAT TAC TAT TAC TAC TAT TTT TAC TAT TAT TAC TAT TAC TCA TCC TCA TCA TCT TCT AGT TCA TCC TCC TCT TCT TCT TCT TCA TCT TCT TCC TCT TCG TCT TCT TCA TCC TCT TGG TGG TGG TGT TGT TGT CTT CTA TTA TTA TTC CTG TTG TTG TTG TTC GTT GTC TTC TTC TTC TTT TTT TTT TTC TTC TTT ATA CTA TTG TTA CTA TTG TTG CTT CTC CTA TTA TTG TTG TTA CTA TTA TTG GTG TAC TAC TAT TTC TTC TTT TTT TTT TTT



    1    1    1    1    1    1    1    1    1    1    1    1    1    1    1
    1    1    2    1    1    1    1    2    1    1    2    1    1    1    1
    1    1    1    1    1    1    1    2    3    2    8    1    1    1    1
    1    1    2    2    1    2    1    1    2    1    1    1    1    1    1
    1    1    1    1    2    1    1    1    1    1    1    1    1    1    1
    1    2    1    1    1    1    1    1    1    1    2    1    1    1    1
    1    1    1    1    1    2    1    1    1    1    1    1    1    1    1
    1    1    1    1    1    1    2    1    1    1    1    1    1    1    1
    1    1    1    1    2    1    1    1    1    1    1    1    2    1    1
    4    1    1    1    1    1    1    1    1    1    1    1    1    3    1
    1    2    1    1    1    1    1    1    1    1    1    1    1    1    1
    1    1    1    1    1    1    1    5    1    1    3    1    1    1    1
    1    3    1    1    2    1    1    1    1    2    1    2    4    1    1
    1    1    1    1    1    1    1    1    1    6    1    1    1    1    1
    2    1    1    1    1    1    1    1    1    1    1    1    1    1    1
    1    1    1    1    1    1    1    1    1    1    1    1    1    1    1
    1    1    2    4    1    3    1    7    1    1    1    1    1    1    1
    1    1    1    1    2    1    1    1    1    2    1    1    1    1    1
    1    3    1    1    2    3    1    2    1    1    1    1    1    1    1
    1    1    1    2    1    1    1    1    1    1    2    1    1    4    1
    4    1    1    1    4    2    1   16    1    1    1    1    1    1    1
    1    1    1    1    2    1    1    1    1    1    1    1    1    1    1
    1    1    1    1    1    1    1    1    1    1    1    1    1    1    1
    1    1    1    5    1    1    1    1    1    1    1    1    2    1    2
    1    1    1    1    1    1    1    2    1    1    1    1    1    1    1
    1    1    1    1    1    1    1    1    2    1    1    1    1    1    2
    1    4    2    1    1    1    1    1    1    2    1    1    1    3    1
    1    1    1    3    1    6    1    1    2    2    1    2    1    1    1
    1    1    1    1    1    1    1    2    1    1    1    1    1    2    1
    1    1    1    1    1    1    1    1    1

CODONML (in paml version 4.4b, July 2010)  torun.nuc
Model: One dN/dS ratio for branches Global clock  (2 genes: diff. rate & k&w)  
Codon frequency model: F3x4
ns =   5  ls = 571

Codon usage in sequences
--------------------------------------------------------------------------------------------------
Phe TTT 10 13 24 11 11 | Ser TCT 12 16 19 14 17 | Tyr TAT  7 10  9 12 12 | Cys TGT  3  3  1  5  6
    TTC 22 16 11 18 18 |     TCC  7  9  7  8  8 |     TAC 16 16 15 15 15 |     TGC  0  3  3  1  0
Leu TTA 12  8  9 13 11 |     TCA  7  7  5  8  8 | *** TAA  0  0  0  0  0 | *** TGA  0  0  0  0  0
    TTG 19 16 14 12 15 |     TCG  2  3  1  5  2 |     TAG  0  0  0  0  0 | Trp TGG  7  7  4  7  7
--------------------------------------------------------------------------------------------------
Leu CTT  4  2  0  6  3 | Pro CCT  7  8  7  6  5 | His CAT 11  8  6  9  9 | Arg CGT  9  7  4  9  7
    CTC  1  1  1  1  1 |     CCC  0  1  1  1  2 |     CAC  3  5  4  2  3 |     CGC  0  2  2  0  2
    CTA  1  7 14  3  6 |     CCA 20 17 14 17 20 | Gln CAA 16 11 14 11  9 |     CGA  0  0  0  0  0
    CTG  1  4  4  3  2 |     CCG  0  3  3  3  0 |     CAG  1  3  3  2  4 |     CGG  0  0  0  0  0
--------------------------------------------------------------------------------------------------
Ile ATT 27 23 18 28 29 | Thr ACT 20 16 19 11 15 | Asn AAT 14  8 11 12 13 | Ser AGT  3  3  2  2  3
    ATC 12 17 17 12 12 |     ACC  7  7  8  9  4 |     AAC 10 16 17 16 15 |     AGC  0  2  6  1  0
    ATA  1  4  3  4  4 |     ACA  7  8  8  8  6 | Lys AAA 14 24 25 20 19 | Arg AGA 10  7  4  7  7
Met ATG  7  8  6  8  8 |     ACG  1  2  2  5  8 |     AAG 36 23 22 29 31 |     AGG  0  1  6  1  1
--------------------------------------------------------------------------------------------------
Val GTT 11  9 16 17 15 | Ala GCT 25 22 13 15 19 | Asp GAT 31 27 22 22 20 | Gly GGT 45 30 40 42 40
    GTC 18 14  9 10 12 |     GCC 15 11 19 16 16 |     GAC  7 10 16 14 17 |     GGC  2 14  6  5  6
    GTA  3  3  6  3  2 |     GCA  2  5 11  6  3 | Glu GAA 28 24 20 27 22 |     GGA  1  3  3  3  4
    GTG  9  6  7  2  2 |     GCG  0  1  2  2  1 |     GAG  2 10  7  8  9 |     GGG  3  5  1  2  3
--------------------------------------------------------------------------------------------------

Codon position x base (3x4) table for each sequence.

#1: castellii      
position  1:    T:0.21793    C:0.13005    A:0.29701    G:0.35501
position  2:    T:0.27768    C:0.23199    A:0.34446    G:0.14587
position  3:    T:0.42004    C:0.21090    A:0.21441    G:0.15466
Average         T:0.30521    C:0.19098    A:0.28530    G:0.21851

#2: bayanus        
position  1:    T:0.22320    C:0.13884    A:0.29701    G:0.34095
position  2:    T:0.26538    C:0.23902    A:0.34271    G:0.15290
position  3:    T:0.36028    C:0.25308    A:0.22496    G:0.16169
Average         T:0.28295    C:0.21031    A:0.28822    G:0.21851

#3: kluyveri       
position  1:    T:0.21366    C:0.13485    A:0.30473    G:0.34676
position  2:    T:0.27846    C:0.24343    A:0.33450    G:0.14361
position  3:    T:0.36953    C:0.24869    A:0.23818    G:0.14361
Average         T:0.28722    C:0.20899    A:0.29247    G:0.21133

#4: cerevisiae     
position  1:    T:0.22671    C:0.12830    A:0.30404    G:0.34095
position  2:    T:0.26538    C:0.23550    A:0.34974    G:0.14938
position  3:    T:0.38840    C:0.22671    A:0.22847    G:0.15641
Average         T:0.29350    C:0.19684    A:0.29408    G:0.21558

#5: paradoxus      
position  1:    T:0.22847    C:0.12830    A:0.30756    G:0.33568
position  2:    T:0.26538    C:0.23550    A:0.34798    G:0.15114
position  3:    T:0.39367    C:0.23023    A:0.21265    G:0.16344
Average         T:0.29584    C:0.19801    A:0.28940    G:0.21675

Codon usage in genes
--------------------------------------------------------------
Phe TTT  0 69 | Ser TCT  0 78 | Tyr TAT  0 50 | Cys TGT  0 18
    TTC  0 85 |     TCC  0 39 |     TAC  0 77 |     TGC  0  7
Leu TTA  0 53 |     TCA  0 35 | *** TAA  0  0 | *** TGA  0  0
    TTG  0 76 |     TCG  0 13 |     TAG  0  0 | Trp TGG  0 32
--------------------------------------------------------------
Leu CTT  0 15 | Pro CCT  0 33 | His CAT  0 43 | Arg CGT  0 36
    CTC  0  5 |     CCC  0  5 |     CAC  0 17 |     CGC  0  6
    CTA  0 31 |     CCA  0 88 | Gln CAA  0 61 |     CGA  0  0
    CTG  0 14 |     CCG  0  9 |     CAG  0 13 |     CGG  0  0
--------------------------------------------------------------
Ile ATT  0 125 | Thr ACT  0 81 | Asn AAT  0 58 | Ser AGT  0 13
    ATC  0 70 |     ACC  0 35 |     AAC  0 74 |     AGC  0  9
    ATA  0 16 |     ACA  0 37 | Lys AAA  0 102 | Arg AGA  0 35
Met ATG  5 32 |     ACG  0 18 |     AAG  0 141 |     AGG  0  9
--------------------------------------------------------------
Val GTT  0 68 | Ala GCT  0 94 | Asp GAT  0 122 | Gly GGT  0 197
    GTC  0 63 |     GCC  0 77 |     GAC  0 64 |     GGC  0 33
    GTA  0 17 |     GCA  0 27 | Glu GAA  0 121 |     GGA  0 14
    GTG  0 26 |     GCG  0  6 |     GAG  0 36 |     GGG  0 14
--------------------------------------------------------------

Codon position x base (3x4) table for each gene.


Gene #1
position  1:    T:0.00000    C:0.00000    A:1.00000    G:0.00000
position  2:    T:1.00000    C:0.00000    A:0.00000    G:0.00000
position  3:    T:0.00000    C:0.00000    A:0.00000    G:1.00000
Average         T:0.33333    C:0.00000    A:0.33333    G:0.33333

Gene #2
position  1:    T:0.22238    C:0.13230    A:0.30084    G:0.34448
position  2:    T:0.26918    C:0.23751    A:0.34448    G:0.14884
position  3:    T:0.38705    C:0.23434    A:0.22414    G:0.15447
Average         T:0.29287    C:0.20138    A:0.28982    G:0.21593

Sums of codon usage counts
------------------------------------------------------------------------------
Phe F TTT      69 | Ser S TCT      78 | Tyr Y TAT      50 | Cys C TGT      18
      TTC      85 |       TCC      39 |       TAC      77 |       TGC       7
Leu L TTA      53 |       TCA      35 | *** * TAA       0 | *** * TGA       0
      TTG      76 |       TCG      13 |       TAG       0 | Trp W TGG      32
------------------------------------------------------------------------------
Leu L CTT      15 | Pro P CCT      33 | His H CAT      43 | Arg R CGT      36
      CTC       5 |       CCC       5 |       CAC      17 |       CGC       6
      CTA      31 |       CCA      88 | Gln Q CAA      61 |       CGA       0
      CTG      14 |       CCG       9 |       CAG      13 |       CGG       0
------------------------------------------------------------------------------
Ile I ATT     125 | Thr T ACT      81 | Asn N AAT      58 | Ser S AGT      13
      ATC      70 |       ACC      35 |       AAC      74 |       AGC       9
      ATA      16 |       ACA      37 | Lys K AAA     102 | Arg R AGA      35
Met M ATG      37 |       ACG      18 |       AAG     141 |       AGG       9
------------------------------------------------------------------------------
Val V GTT      68 | Ala A GCT      94 | Asp D GAT     122 | Gly G GGT     197
      GTC      63 |       GCC      77 |       GAC      64 |       GGC      33
      GTA      17 |       GCA      27 | Glu E GAA     121 |       GGA      14
      GTG      26 |       GCG       6 |       GAG      36 |       GGG      14
------------------------------------------------------------------------------

(Ambiguity data are not used in the counts.)


Codon position x base (3x4) table, overall

position  1:    T:0.22199    C:0.13207    A:0.30207    G:0.34387
position  2:    T:0.27046    C:0.23709    A:0.34387    G:0.14858
position  3:    T:0.38637    C:0.23393    A:0.22374    G:0.15595
Average         T:0.29294    C:0.20103    A:0.28990    G:0.21613


Nei & Gojobori 1986. dN/dS (dN, dS)
(Pairwise deletion)
(Note: This matrix is not used in later ML. analysis.
Use runmode = -2 for ML pairwise comparison.)

castellii           
bayanus              0.0820 (0.1341 1.6350)
kluyveri             0.0776 (0.1884 2.4280) 0.0879 (0.1804 2.0519)
cerevisiae           0.0791 (0.1177 1.4887) 0.0438 (0.0426 0.9724) 0.0808 (0.1754 2.1712)
paradoxus            0.0761 (0.1188 1.5606) 0.0451 (0.0382 0.8475) 0.0873 (0.1791 2.0519) 0.0150 (0.0061 0.4082)


TREE #  1:  ((((4, 5), 2), 1), 3);   MP score: -1
lnL(ntime:  4  np:  9):  -5701.100123      +0.000000
   6..7     7..8     8..9     9..4     9..5     8..2     7..1     6..3  
 0.535090 0.338053 0.131772 0.053032 2.787305 193.284487 0.000100 1.872402 0.050752
SEs for parameters:
 -1.000000 721.792977 -1.000000 212.212989 11823.071703 138558539341394608866197504.000000 427280748166322624.000000 0.182241 -1.000000
Note: Branch length is defined for the first gene (site partition).
For other genes, look at "rates for genes".

tree length =   1.59304 (1st gene)

((((4: 0.053032, 5: 0.053032): 0.078740, 2: 0.131772): 0.206281, 1: 0.338053): 0.197037, 3: 0.535090);

((((cerevisiae: 0.053032, paradoxus: 0.053032): 0.078740, bayanus: 0.131772): 0.206281, castellii: 0.338053): 0.197037, kluyveri: 0.535090);

Detailed output identifying parameters

rates for 2 genes:     1  2.78730

gene # 1: kappa = 193.28449 omega =   0.00010
gene # 2: kappa =   1.87240 omega =   0.05075

Time used:  0:46
