
seed used = 1418844341
      7   1557

castellii                                  ATG CGT GCT TTC GAC ATC CCT GCT GCT GCT ACC TGC CCC GTC AAG TTC GTC AAG GAC ACC GTC ATC GTC GTT TTC GGG GCC TCC GGT GAC CTT GCC AAG AAG AAG ACC TTC CCT GCC CTA TTT GGG CTG TTC AGG GAG GGT TAC TTG GAC CCT TCC ACC AAG ATC ATC GGT TAC GCG CGT TCT CAA TTG ACT CAC AGT GAA --- TTG AGA GCC CAT ATC GAG CCT CAT TTG GGT AAG CCC AAT GGT AAG GAG GTG GAT GAC CCT AAG GCA GAA CAA TTC TTC CAA ATG GTC TCC TAT ATT TCT GGT GCA TAC GAC AAG GAT GAA GGT TAT GTG ACT CTA AGG GAC CAC ATC GAG CAA TTC GAA CAC GAA AGA GAC GTC GAG ACA CCT CAT CGT CTG TTC TAT TTC GCT TTG CCA CCA AAT GTC TTT CTA AGC GTC GCT AAA CAG ATT AAG AAA TTG GTC TAC GCG GAA AAC GGG CTC ACG AGA GTC ATT GTC GAG AAA CCA TTC GGT AGA GAC TTG GAG TCG GCA AGA AAG TTG CAG AAT GAA TTG GGA CCT TTG TTC TCC GAG GAA GAG ATT TAT AGA ATT GAT CAT TAT TTG GGG AAG GAA TTG GTT AAG AAT TTA ACC ATG TTG AGA TTC GGG AAT CAA TTC TTG AAC GCA TCT TGG AAT AAG GAA AAT TTA CAG AGT GTC CAA ATC TCT TTC AAA GAA CCT TTT GGT ACG GAA GGT CGT GGT GGG TAT TTT GAT AAT ATC GGA ATC ATA AGA GAC GTC ATG CAG AAC CAT TTA TTG CAA ATA TTG ACT TTG GTC ACC ATG GAA AGA CCA CAA TCT TTC GAT GCT GAA GCT ATC CGT GAT GAG AAG GTC AAA GTA TTA AAG GCT GTG CAA CCC ATT GAT GTT AAC AAT ATA TTA GTG GGG CAA TAC GGG AAG TCT GAA GAC GGT ACG AAA CCA TCA TAT TTG GAT GAT GAA ACA GTG GAT CCA AAC TCT AAA TGT ATT ACA TTT GCC GCT TTG AAT TTC AAT ATC GAT AAT GAA CGT TGG AGA GGT GTC CCC ATC ATG ATG AGA GCA GGT AAG GCT CTA AAT GAG GGG AAA GTG GAA ATT AGA TTA CAA TTT AAG AAA TCC TAT --- GGT GTC TTC GCT GAT ATC CCC AAT AAT GAA TTG GTC ATT AGA GTA CAA CCA AAC GCT GCT GTT TAC ATG AAG TTT AAT GCA AAG ACT CCA GGT TTA TCT AAT GAA TCT CAG GTC ACT GAT TTG GAT TTG ACT TAT TCA AGT AGA TAC AAG AAT TTC TGG ATT CCA GAA GCT TAT GAA GTG TTG ATA AGA GAC GCT TTA CTC GGT GAT CAC TCT AAT TTT GTC AGA GAT GAT GAA TTG GAC GTT AGT TGG AGA CTA TTC ACA CCA TTG TTG AAT TAT TTG GAA GGA CCA GAT GCA CCA ACA CCA GAG ATA TAT CCA TAC GGT ACC AGA TCA CCA GCA GGG TTG AGG GAA TAC ATG AAA AAG CAT AAC TAC GTA TTA CAC TCC AAG AAT AAC TCT TAC TCT TGG CCA GTG ACT ACT CCA ACA ACT AGT CCA AAA --- --- --- --- --- 
bayanus                                    --- --- --- --- --- --- --- --- --- --- --- --- --- --- --- --- --- --- --- --- --- --- --- --- --- --- --- --- --- --- --- --- --- --- --- --- --- --- --- --- --- --- --- --- --- --- --- --- --- --- --- --- --- --- --- --- --- --- --- --- --- --- --- --- --- --- --- --- --- --- --- --- --- --- --- --- --- --- --- --- --- --- --- --- --- --- --- --- --- --- --- --- --- --- --- --- --- --- --- --- --- --- --- --- --- --- --- --- --- --- --- --- --- --- --- --- --- --- --- --- --- --- --- --- --- --- --- --- --- --- --- --- --- --- --- --- --- --- --- --- --- --- --- --- --- --- --- --- --- --- --- --- --- --- --- --- --- --- --- --- --- --- --- --- --- --- --- --- --- --- --- --- --- --- --- --- --- --- --- --- --- --- --- --- --- --- --- --- --- --- --- --- --- --- --- --- --- --- --- --- --- --- --- --- --- --- --- --- --- --- --- --- --- --- --- --- --- --- --- --- --- --- --- --- --- --- --- --- --- --- --- --- --- --- --- --- --- --- --- --- --- --- --- --- --- --- --- --- --- --- --- --- --- --- ATG CAG AAC CAT CTC TTG CAG ATC TTG ACC CTC TTG ACC ATG GAG AGA CCC GTT TCC TTC GAC CCG GAG TCC ATC CGT GAC GAA AAG GTC AAG GTC CTC AAG GCG GTC GCG CCC ATA GAC ACG GAC GAC GTG CTC TTG GGC CAG TAC GGC AAG TCC GAG GAC GGC TCG AAG CCG GCC TAC CTG GAC GAC GAC ACC GTC AAA AAG GAC TCC AAA TGT GTC ACT TTC GCC GCA ATG ACT TTC AAC ATC GAA AAT GAG CGT TGG GAG GGC GTC CCC ATC ATG ATG CGC GCC GGT AAG GCT CTG AAC GAG TCC AAG GTC GAG ATC CGG CTC CAG TAC AAG GCG GTC GCC TCC GGT GTC TTC AAA GAC ATC CCC AAC AAC GAG CTG GTC ATC AGA GTC CAG CCC GAC GCC GCC GTC TAC CTC AAG TTC AAC GCC AAG ACC CCC GGT CTG TCC AAC GCC ACC CAG GTC ACA GAC CTC AAC CTA ACC TAC GCA AGC AGG TAC CAG GAC TTC TGG ATC CCG GAG GCC TAC GAA GTG TTG ATA AGA GAC GCC TTG CTC GGC GAC CAC TCC AAC TTC GTG AGG GAC GAC GAG CTG GAA ATC AGC TGG GGC CTC TTC ACC CCA CTA CTA GAG CAC ATA GAG CGC CCC GAC GGC CCA ACA CCG GAA ATC TAC CCC TAC GGT TCC AGA GGC CCC AAG GGC TTG AAG GAG TAC ATG CAG AAG CAC AAG TAT GTC ATG CCT GAA AAA CAT CCC --- TAC GCT TGG CCC GTG ACT AAG CCT AAT GAT AAA AAA GAT AAA --- --- --- --- 
mikatae                                    --- --- --- --- --- --- --- --- ATG AGT GAA GGC CCT GTC AAG TTT GAA AAA AAT ACC GTC ATA TGT GTC TTT GGT GCG TCA GGT GAT CTG GCT AAG AAA AAG ACC TTT CCC GCT CTA TTT GGG CTC TTC AGA GAG GGC TAC CTT GAT CCG TCT ACT AAG ATA TTC GGT TAC GCC CGG TCC AAA TTG TCT ATG GAG GAC --- TTG AAG TCC CGT GTT CTG CCC CAC TTG AAA AAA CCT CAC GGC --- GAA AGC GAT GAC GCT AAG ATC GAA CAA TTC TTC AAG ATG ATC AGC TAC ATT GCG GGA AAT TAC GAC ACA GAC GAG GGC TTC GAC GAA CTG AGA ACG CAG GTC GAG AAA TTC GAA AAA AGT GCG AAC GTC GAA GTC CCA CAC CGT CTC TTC TAC CTA GCC TTG CCT CCT AGC GTC TTC CTA ACC GTG GCC AAG CAA ATC AAG AGC CGT GTG TAC GCC GAG AAG GGC ATC ACC CGT GTT ATT GTA GAG AAG CCC TTT GGC CAC GAT CTG ACC TCT GCC AGG GAG CTG CAG AAA AAC CTG GGA CCC TTG TTT AAA GAA GAA GAG TTG TAC AGA ATC GAT CAT TAC CTG GGT AAA GAG CTG GTC AAG AAT CTT CTG GTT TTG AGG TTC GGT AAC CAG TTT TTG AAT GCT TCT TGG AAT AGA GAC AAC ATC CAG AGC GTT CAG ATT TCG TTC AAA GAG CGC TTC GGC ACC GAG GGC CGT GGC GGC TAT TTT GAC TCC ATA GGC ATA ATT AGA GAC GTG ATG CAG AAC CAT CTG TTA CAA ATT ATG ACT CTT TTG ACC ATG GAA AGA CCG GTG TCT TTT GAC CCG GAA TCC ATT CGT GAC GAG AAA GTC AAG GTT CTG AAA GCC GTC GCA CCC ATC GAC AAG GAT GAT GTC CTC TTG GGT CAA TAC GGC AAA TCC GAG GAC GGA TCT AAG CCG GCT TAC GTG GAT GAT GAC ACA GTT GAC AAG GAC TCT AAG TGT GTC ACT TTC GCA GCA ATG ACT TTC AAC ATC GAA AAT GAA CGT TGG GAG GGC GTC CCC ATC ATG ATG CGT GCT GGT AAG GCT CTG AAC GAG TCT AAA GTA GAA ATC AGA CTG CAG TAC AAG GCG GTC GCT TCG GGC GTT TTC AAA GAT ATT CCA AAT AAC GAG CTG GTC ATA AGA GTC CAG CCC GAT GCT GCT GTG TAC CTA AAG TTC AAT GCT AAG ACA CCC GGC CTT TCA AAT GCC ACT CAA GTC ACA GAT CTG AAC CTA ACC TAC GCC AGC AGG TAC CAG GAC TTT TGG ATT CCA GAG GCT TAC GAA GTA TTG ATA AGA GAC GCC CTG CTG GGC GAT CAT TCC AAC TTT GTT AGA GAC GAT GAA TTG GAT ATC AGC TGG GGC ATA TTC ACC CCC TTG TTG AAG CAC ATA GAG CGT CCA GAC GGT CCA AAA CCA GAA ATA TAC CCC TAC GGA TCA AGA GGT CCA AAG GGT TTG AAG AAA TAC ATG GAA AAG CAT AAG TAC GTC ATG CCC GAA AAG CAC CCT --- TAC GCT TGG CCC GTG ACT AAA CCA GAA GAT ACA AGG GAT AAA --- --- --- --- 
kluyveri                                   --- --- --- --- --- --- --- --- --- ATG TCG CAA CCC GTT GCA TTC GAA GAA AAT ACT GTT ATC ACC GTC TTT GGC GCA TCC GGT GAT TTA TCG AAA AAG AAG ACT NTT CCA GCC TTA TTT GGC TTG TTT AGA GAG GGC TAT TTG CAC CCA TCT ACT AAG ATC ATT GGT TAT GCT CGT TCT AAA TTG AGT AAT GAC GAT --- CTA AAA GAA AAG ATC AAG CCT CAT CTA AAG AAG CCT AAT GGT --- GCC GAG GAC GAT CAG AAG GTT GAG AAG TTT TTA TCC TTG GTC TCT TAC GTA GCT GGT CCA TAC GAC TCA GAT GAA GGT TAC CTT GAG TTA AAA GAG GCA ATC GAA CTA TAC GAA AAG GAA AAC AGC GTT CAA GAG CCT CAC CGC TTA TTC TAC TTA GCG CTT CCT CCA AGT GTT TTC GTC ACT GTT GCG AAC CAG ATT AAG AAA TTG GTT TAT GCT GCG AAT GGT ATC ACA AGA GTC ATT GTT GAA AAA CCA TTT GGT CAT GAC CTC GAA TCA TCA AGG GAG CTG CAA GAA CAA TTG TCC CCA CTA TTC TCT GAG GCC GAA TTA TTC AGA ATT GAC CAT TAC TTA GGT AAA GAA ATG GTC AAG AAC TTA TTG TTA ATT AGA TTT GGC AAT ACC TTT TTA AAT GCC GCT TGG AAT AAG GAA AAC ATT CAA ATG ATG CAA ATT TCC TTC AAA GAG CCA TTT GGA ACT GAG GGT CGT GGT GGC TAT TTT GAT GAG ATC GGT ATC ATC AGA GAT GTC ATG CAA AAC CAT CTT TTA CAA GTA TTA ACT CTA TTG ACT ATG GAG AGA CCT GTT TCT TTT GAT CCA GAA TCT GTC CGT GAT GAA AAG GTT AAA GTT TTG AAA GCA TTT ACT CCA ATC GAT CAC GAT GAC ATA TTA ACT GGT CAA TAC GGT AAG TCC GAA GAT GGT AGC AAG CCG TCT TAC TTA GAT GAT GAG ACT GTT AAG AAT GAT TCC AAA TGT GTG ACG TTT GCT GCA TTA GGA TTC AAG ATT CAA AAT GAA CGT TGG GAC GGC GTT CCG ATT GTC ATG AGA GCT GGT AAA GCT TTA AAC GAG GGT AAA GTT GAA ATT AGA ATT CAA TTC AAA GCT GTG GCA TCT GGT ATG TTC AAC AAT ATT CCA AAC AAT GAA TTG GTT ATT AGA ATT CAA CCA AAT GAG GCC ATA TAT TTG AAA TGT AAT GCT AAA ACC CCA GGT TTA TCT ACC TCC ACC CAA CTC ACC GAA CTA GAC TTG ACC TAC TCT AGT AGA TAT AAG AAT TAC TGG ATT CCA GAG GCT TAC GAA TCT TTG ATT AGG GAT GCT CTA CTG GGT GAC CAT TCC AAT TTC GTT AGA GAT GAC GAA TTG GAT GTC AGC TGG AAA TTA TTT ACT CCG CTA TTA AAC TAC TTG GAA GGT CCA GAT GCT CCA CAG CCA GAA ATT TAT CCT TAT GGT TCT AGG GGT CCA AAA AAT TTG ACA AAG TAT CTA GAA GAA CAC AAG TAT GTT TTC CAG GAA GAA GGC TTG --- TAC CAA TGG CCT GTC GCC AGT CCA AGC AGC TCT GCC TGC TCC AGT CCT AAG ATG 
cerevisiae                                 --- --- --- --- --- --- --- --- ATG AGT GAA GGC CCC GTC AAA TTC GAA AAA AAT ACC GTC ATA TCT GTC TTT GGT GCG TCA GGT GAT CTG GCA AAG AAG AAG ACT TTT CCC GCC TTA TTT GGG CTT TTC AGA GAA GGT TAC CTT GAT CCA TCT ACC AAG ATC TTC GGT TAT GCC CGG TCC AAA TTG TCC ATG GAG GAG GAC CTG AAG TCC CGT GTC CTA CCC CAC TTG AAA AAA CCT CAC GGT --- GAA GCC GAT GAC TCT AAG GTC GAA CAG TTC TTC AAG ATG GTC AGC TAC ATT TCG GGA AAT TAC GAC ACA GAT GAA GGC TTC GAC GAA TTA AGA ACG CAG ATC GAG AAA TTC GAG AAA AGT GCC AAC GTC GAT GTC CCA CAC CGT CTC TTC TAT CTG GCC TTG CCG CCA AGC GTT TTT TTG ACG GTG GCC AAG CAG ATC AAG AGT CGT GTG TAC GCA GAG AAT GGC ATC ACC CGT GTA ATC GTA GAG AAA CCT TTC GGC CAC GAC CTG GCC TCT GCC AGG GAG CTG CAA AAA AAC CTG GGG CCC CTC TTT AAA GAA GAA GAG TTG TAC AGA ATT GAC CAT TAC TTG GGT AAA GAG TTG GTC AAG AAT CTT TTA GTC TTG AGG TTC GGT AAC CAG TTT TTG AAT GCC TCG TGG AAT AGA GAC AAC ATT CAA AGC GTT CAG ATT TCG TTT AAA GAG AGG TTC GGC ACC GAA GGC CGT GGC GGC TAT TTC GAC TCT ATA GGC ATA ATC AGA GAC GTG ATG CAG AAC CAT CTG TTA CAA ATC ATG ACT CTC TTG ACT ATG GAA AGA CCG GTG TCT TTT GAC CCG GAA TCT ATT CGT GAC GAA AAG GTT AAG GTT CTA AAG GCC GTG GCC CCC ATC GAC ACG GAC GAC GTC CTC TTG GGC CAG TAC GGT AAA TCT GAG GAC GGG TCT AAG CCC GCC TAC GTG GAT GAT GAC ACT GTA GAC AAG GAC TCT AAA TGT GTC ACT TTT GCA GCA ATG ACT TTC AAC ATC GAA AAC GAG CGT TGG GAG GGC GTC CCC ATC ATG ATG CGT GCC GGT AAG GCT TTG AAT GAG TCC AAG GTG GAG ATC AGA CTG CAG TAC AAA GCG GTC GCA TCG GGT GTC TTC AAA GAC ATT CCA AAT AAC GAA CTG GTC ATC AGA GTG CAG CCC GAT GCC GCT GTG TAC CTA AAG TTT AAT GCT AAG ACC CCT GGT CTG TCA AAT GCT ACC CAA GTC ACA GAT CTG AAT CTA ACT TAC GCA AGC AGG TAC CAA GAC TTT TGG ATT CCA GAG GCT TAC GAG GTG TTG ATA AGA GAC GCC CTA CTG GGT GAC CAT TCC AAC TTT GTC AGA GAT GAC GAA TTG GAT ATC AGT TGG GGC ATA TTC ACC CCA TTA CTG AAG CAC ATA GAG CGT CCG GAC GGT CCA ACA CCG GAA ATT TAC CCC TAC GGA TCA AGA GGT CCA AAG GGA TTG AAG GAA TAT ATG CAA AAA CAC AAG TAT GTT ATG CCC GAA AAG CAC CCT --- TAC GCT TGG CCC GTG ACT AAG CCA GAA GAT ACG AAG GAT AAT --- --- --- --- 
paradoxus                                  --- --- --- --- --- --- --- --- ATG AGT GAA GGC CCT GTG AAA TTC GAA AAA AAT ACC GTC ATA TCC GTC TTT GGT GCG TCA GGT GAT CTG GCC AAG AAG AAA ACC TTT CCC GCC TTA TTT GGG CTT TTC AGA GAA GGC TAC CTT GAT CCG TCT ACT AAG ATC TTC GGT TAT GCC CGG TCC AAA TTG TCC ATG GAG GAC --- CTG AAG TCC CGT GTC CTA CCC CAC TTG AAA AAA CCC CAC GGC --- GAA GCC GAT GAC TCT AAG ATC GAA CAG TTC TTC AAG ATG GTC GAC TAC ATT GCG GGA AAT TAC GAC ACA GAT GAA GGC TTC GAC GAA CTG AGA TCG CAG ATC GAG AAA TTC GAG AAG AGT GCT AAC GTC GAT GTC CCA CAT CGT CTC TTC TAC CTA GCC TTG CCG CCA AGC GTT TTC TTG ACC GTG GCC AAG CAG ATC AAG AGC CGT GTA TAC GCA GAG AAC GGC ATC ACT CGT GTA ATT GTA GAG AAA CCC TTC GGG CAC GAC CTA GCT TCT GCT AGA GAG CTG CAG AAA GAC CTG GGT CCT CTG TTT AAG GAA GAA GAG TTG TAC AGA ATT GAT CAT TAC TTG GGT AAA GAG CTG GTC AAG AAT CTT TTA GTC TTG AGG TTC GGT AAC CAG TTT TTG AAT GCT TCG TGG AAC AGA GAC AAC ATC CAG AGT GTT CAG ATT TCG TTT AAA GAG CGA TTC GGC ACC GAA GGC CGT GGC GGC TAT TTC GAC TCC ATA GGC ATA ATC AGG GAC GTG ATG CAG AAC CAT CTA TTG CAA ATC ATG ACT CTC TTG ACC ATG GAA AGA CCG GTG TCT TTT GAT CCG GAA TCC ATC CGT GAC GAA AAG GTC AAG GTT CTA AAG GCA GTC GCC CCC ATC GAT AAG GAT GAC GTT CTC TTG GGC CAG TAC GGT AAA TCT GAG GAC GGG TCC AAA CCC GCT TAC GTG GAT GAT GAC ACA GTA GAC AAG GAC TCT AAA TGT GTC ACC TTC GCA GCA ATG ACT TTC AAC ATC GAA AAC GAG CGT TGG GAG GGC GTG CCT ATC ATG ATG CGT GCC GGT AAG GCC TTG AAC GAG TCT AAA GTA GAG ATA AGA CTG CAG TAC AAA GCT GTC GCC TCG GGT GTC TTC AAA GAT ATT CCA AAT AAC GAG CTG GTC ATC AGG GTC CAG CCC GAT GCC GCC GTA TAC TTA AAG TTC AAT GCT AAG ACC CCC GGT CTG TCA AAT GCC ACT CAA GTC ACA GAT CTG AAT CTA ACG TAC GCA AGC AGG TAC CAA GAC TTC TGG ATT CCA GAA GCT TAC GAG GTG TTG ATA AGG GAC GCC CTG CTG GGT GAC CAT TCT AAC TTT GTT AGA GAC GAT GAA TTG GAT ATT AGC TGG GGC ATT TTC ACC CCA TTG CTG AAG CAC ATA GAG CGT CCT GAC GGT CCA AGG CCG GAA ACC TAC CCC TAC GGA TCA AGA GGT CCA AAG GGA TTG AAG GAA TAT ATG CAA AAG CAC AAG TAT GTC ATG CCC GAA AAG CAT CCT --- TAC GCG TGG CCC GTG ACT AAG CCA GAA GAT ACA AAG GAT AAA --- --- --- --- 
kudriavzevii                               --- --- --- --- --- --- --- --- ATG AGT GAA GGC CCC GTC AAA TTC GAA AAA AAT ACC GCC ATA TGT GTC TTT GGT GCG TCA GGT GAT TTG GCT AAG AAA AAA ACG TTT CCC GCC CTG TTT GGG CTC TTC AGA GAG GGC TAC CTT GAC CCC TCC ACT AGG ATC TTC GGT TAC GCC CGG TCC AAG TTG TCC ATG GAC GAC --- TTG AAG TCC CGC GTA CTG CCT CAC TTG AAA AAG CCT CAC GGC --- GAA GCC GAT GAG GCT AAG ATC GAG CAG TTC TTC AAG ATG ATC AGT TAC ATC GCG GGC CAC TAC GAC ACG GAT GAA GGC TTT GAC GAA TTG AGA ACT CAG ATC GAG AAA TTC GAA AAA AGC ACC AAC GTC GAT GTC CCA CAC CGC CTC TTC TAC CTA GCC TTG CCA CCG AGC GTC TTC CTG ACC GTG GCC AAG CAA ATC AAG AGC CGT GTT TAC GCA GAG AAC GGT ATC ACG CGT GTG ATC GTG GAG AAG CCT TTC GGC CAC GAC CTG GCC TCC GCC AGG GAG CTG CAG AAG AAC CTG GGT CCC TTG TTC AAA GAA GAG GAG CTG TAC AGA ATT GAT CAT TAC CTG GGC AAA GAG CTG GTC AAA AAC CTT TTA GTC TTG AGG TTC GGC AAC CAG TTT TTG AAT GCT TCT TGG AAC AGA GAC AAC ATC CAA AGC GTC CAG ATT TCT TTC AAA GAG GGC TTC GGC ACT GAG GGC CGC GGC GGC TAT TTC GAC TCG ATA GGC ATA ATC AGA GAC GTG ATG CAG AAC CAT CTT TTG CAG ATC ATG ACT CTC TTG ACC ATG GAA AGA CCC GTG TCT TTT GAC CCG GAG TCC ATC CGT GAC GAA AAA GTC AAG GTT CTA AAG GCG GTC GCC CCC ATC GAC AAG GAC GAT GTC CTC CTG GGC CAA TAT GGC AAA TCC GAG GAC GGC TCC AAA CCC TCT TAC GTG GAT GAT GAC ACC GTC GAC GAG GAC TCC AAG TGT GTT ACC TTC GCA GCA ATG ACC TTC AAC ATC GAG AAC GAG CGT TGG GAG GGC GTC CCC ATC ATG ATG CGT GCC GGT AAG GCC TTG AAC GAG TCC AAA GTC GAG ATC AGG CTT CAG TAC AAG GCG GTT GCA TCC GGT GTC TTC AAA GAT ATC CCC AAC AAC GAG CTG GTC ATC AGA GTC CAA CCT GAT GCC GCC GTC TAC CTG AAG TTC AAT GCT AAG ACC CCC GGC CTG TCA AAT GCC ACC CAG GTC ACA GAC CTG AAT TTA ACC TAC GCA AGC AGA TAC CAA GAC TTC TGG ATA CCA GAG GCC TAC GAA GTG TTG ATA AGA GAC GCC CTG CTG GGC GAC CAC TCT AAC TTC GTT AGA GAC GAT GAA CTG GAA ATC AGT TGG GGC CTT TTC ACC CCG CTC TTG AAA CAC GTA GAG CGT CCA GAC GGG CCA ACA CCG GAA ATC TAT CCT TAT GGC TCG AGA GGT CCA AAG GGA CTG AAG AAA TAC ATG CAG AAA CAC AAG TAT GTC ATG CCT GAA AAG CAT CCT --- TAC GCC TGG CCC GTG ACA AAG CCG GAA AAT ACA AAA GAT AAA --- --- --- --- 



Printing out site pattern counts


         7       1449  P G
G 2       12    471

castellii                                   --- --- --- ATC ATG CCT CGT GAC GCT GCT GCT TTC --- --- --- --- AAA AAA AAA AAA AAA AAA AAA AAA AAA AAA AAA AAC AAC AAC AAC AAC AAC AAC AAC AAG AAG AAG AAG AAG AAG AAG AAG AAG AAG AAG AAG AAG AAG AAG AAG AAG AAG AAG AAG AAG AAG AAT AAT AAT AAT AAT AAT AAT AAT AAT AAT AAT AAT AAT AAT AAT AAT AAT AAT AAT AAT ACA ACA ACA ACA ACA ACA ACC ACC ACC ACC ACC ACC ACC ACG ACG ACG ACT ACT ACT ACT ACT ACT ACT ACT ACT AGA AGA AGA AGA AGA AGA AGA AGA AGA AGA AGA AGA AGA AGA AGA AGA AGA AGA AGC AGG AGG AGG AGT AGT AGT AGT AGT ATA ATA ATA ATA ATA ATC ATC ATC ATC ATC ATC ATC ATC ATC ATG ATG ATG ATG ATG ATG ATT ATT ATT ATT ATT ATT ATT ATT ATT ATT CAA CAA CAA CAA CAA CAA CAA CAA CAA CAA CAA CAA CAC CAC CAC CAC CAC CAG CAG CAG CAG CAG CAT CAT CAT CAT CAT CAT CCA CCA CCA CCA CCA CCA CCA CCA CCA CCA CCA CCA CCA CCA CCA CCA CCA CCA CCC CCC CCC CCC CCC CCT CCT CCT CCT CCT CCT CCT CGT CGT CGT CGT CTA CTA CTA CTA CTA CTC CTC CTG CTG CTT GAA GAA GAA GAA GAA GAA GAA GAA GAA GAA GAA GAA GAA GAA GAA GAA GAA GAA GAA GAA GAA GAA GAA GAC GAC GAC GAC GAC GAC GAC GAC GAC GAC GAC GAG GAG GAG GAG GAG GAG GAG GAG GAG GAG GAT GAT GAT GAT GAT GAT GAT GAT GAT GAT GAT GAT GAT GAT GAT GCA GCA GCA GCA GCA GCA GCA GCA GCC GCC GCC GCC GCC GCG GCG GCT GCT GCT GCT GCT GCT GCT GCT GCT GCT GCT GGA GGA GGA GGG GGG GGG GGG GGG GGG GGG GGG GGG GGG GGT GGT GGT GGT GGT GGT GGT GGT GGT GGT GGT GGT GGT GGT GGT GTA GTA GTA GTC GTC GTC GTC GTC GTC GTC GTC GTC GTC GTC GTC GTC GTC GTC GTC GTC GTC GTC GTC GTG GTG GTG GTG GTG GTG GTG GTG GTT GTT GTT GTT TAC TAC TAC TAC TAC TAC TAC TAC TAC TAT TAT TAT TAT TAT TAT TAT TAT TAT TCA TCA TCA TCC TCC TCC TCC TCC TCC TCG TCT TCT TCT TCT TCT TCT TCT TCT TCT TCT TCT TCT TGC TGG TGG TGT TTA TTA TTA TTA TTA TTA TTA TTA TTA TTC TTC TTC TTC TTC TTC TTC TTC TTC TTC TTC TTC TTC TTC TTC TTG TTG TTG TTG TTG TTG TTG TTG TTG TTG TTG TTG TTG TTG TTG TTG TTG TTG TTG TTG TTG TTG TTG TTG TTG TTG TTG TTG TTT TTT TTT TTT TTT TTT TTT TTT
bayanus                                     --- --- --- --- --- --- --- --- --- --- --- --- --- --- AAA TCC --- --- --- --- AAA AAG AAG AAG CAG GAT GCG --- --- AAC AAG CCC GAC GAC GAC --- --- --- --- --- --- --- --- --- --- --- --- --- --- AAA AAG AAG AAG AAG AAG AAG CAG --- --- --- --- --- --- --- --- AAC AAC AAC AAC AAC AAC AAT ACT CAT GAC GAC GAG --- AAT ACA ACC ACC ACT --- --- --- --- --- ACC TCC --- --- TCG --- --- AAG ACA ACC ACC ACC ACT GAT --- --- --- --- --- --- --- --- AGA AGA AGA AGA AGG AGG CGC CGG GAG GGC --- --- --- AAG --- --- AAA AGC AGC --- ATA ATC ATC GTG --- --- --- --- --- --- ATC ATC ATC --- --- ATG ATG ATG CTC --- --- --- --- --- ATA ATC ATC ATC GTC --- --- --- --- --- --- CAG CAG CAG CAG GCG GTT --- --- --- CAC CCT --- --- --- CAG CAG --- --- --- --- CAC CAT --- --- --- AAA AAG CCA CCA CCC CCC CCC CCC CCC CCC CCC CCG CCG CCG CCT --- --- CCC CCC CCC --- --- --- --- --- --- --- --- --- --- CGT --- --- --- CTC CTG --- CTC --- --- --- --- --- --- --- --- --- --- --- --- --- --- --- GAA GAC GAG GAG GAG GAG GAG GAG GAG GAG GCC --- --- --- --- --- --- --- --- --- GAA GAC --- --- --- --- --- --- --- GAA GAA GAG --- --- --- --- AAA AAC GAA GAC GAC GAC GAC GAC GAC GAC GAC --- --- --- --- AAG GCC GCC GGC --- --- --- --- GCC --- --- --- AAA CCG GCA GCC GCC GCC GCC GCG GCT TCC --- --- CGC --- --- --- --- --- --- GGC GGC GGC TCC --- --- --- --- --- --- --- --- GGC GGC GGC GGT GGT GGT GGT GTC GTC GTC --- --- --- --- --- --- --- --- --- --- --- --- --- GTC GTC GTC GTC GTC GTG TTG --- --- GTC GTC GTC GTG GTG TTG --- ACG ATC GTC --- --- --- TAC TAC TAC TAC TAC TAT --- --- --- --- --- CAC GCC TAC TAC GCA GCC GGC --- --- --- --- GAA GTC --- --- --- --- --- --- ACC GCT TCC TCC TCC TCC TCC --- --- TGG TGT --- --- ATG CTC CTC CTC CTC CTG TTG --- --- --- --- --- --- --- --- --- --- --- TTC TTC TTC TTC --- --- --- --- --- --- --- --- --- --- --- --- --- --- ATA ATG CTA CTA CTA CTC CTC CTG CTG CTG TTG TTG TTG TTG --- --- --- --- TAC TTC TTC TTC
mikatae                                     --- --- --- --- --- --- --- --- --- AGT ATG --- --- --- AAA TCG AAA AAG AAG AGC AAG AAA AAG AAG GAA GAT GCG AAG AAT AAC AAG CCT GAC GAT GAT --- AAA AAA AAA AAA AAG AAG AAG AAG AAG AAG ACA AGA GAG AAG AAA AAA AAA AAG AAG AAG CAG AAA AAC AAC AAT AAT AGC CAC TCC AAC AAC AAC AAT AAT AAT AAT ACT CAC GAC GAT AAG GTC GAA AAA ACA ACC ACT ACC ACC ACT CTG GAA ACC TCA ACC ACC TCT GAA TCT AAA ACA ACA ACC ACT ACT GAT AAG AGA AGA AGG AGG CAC CGT GCG AGA AGA AGA AGA AGA AGG CGT AGA GAG GGC ACC AGA AGA AAG AGC GAG ACA AGC AGC ATT ATA ATA ATT GTC ATA ATA ATT GTC GTT TTC ATC ATT ATT ATG GTT ATG ATG ATG CTA ATC ATC ATT ATT TTG ATC ATA ATC ATT GTC AAA AAA AAG CAA CAG CAG CAA CAA CAG CAG GCA GTG AAA ATG CAG CAT CCC CAA CAG CAG CAA CAG CAC CAC CAT CGT CAT CAT CCC CCT CCT AGG AAG CCA CCC CCA CCA CCC CCC CCC CCC CCG CCA CCA CCG CCA CCT CCT CCA CCC CCC CCA CCC CCC CCC CCG CGC GCT CGG CGT CGT CGT CTA CTA CTG ATA CTG ATC CTG CTC CTC CTG AAC AGT GAA GAA GAA GAC GAC GAG GAG GAG GAG GAG GAA GAC AAA GAA GAA GAA GAA GAG GAG GAG GCC AAC AAT ACG GAC GAC GAC GAT GAT GAT GAT GAC ACC CTG GAA GAA GAA GAG GAG GAA GAG GAG GAC GAC GAT GAT GAC AAC GAA GAC GAC GAC GAT GAT GAT GAT GAT AAT ATC GCC GCT AAG GCT GCT GGT GCG GCT GCT TCC GCA GCC GCC GCC AAA CCG GCA GCC GCT GCT GCT GCC GCT TCC GGA GGC CGT GGC GGC GGG GGT GGT GGT GGC GGT GGT TCT AAA GGA GGC GGC GGC GGC GGC GGT GGA GGC GGC GGA GGC GGC GGT GTC GTC GTT ATC GAA GTA GTC GTC GTC GTC GTG GTG GTG GTT GTT TGT GTC GTC GTC GTC GTT GTT TTG AGC GAC GTA GTC GTT GTA GTG TTG GTC AAG ATC GTG TAC TAC TAC TAC TAC TAC TAC TAC TAC TAC TAC TAC TAT TTC CAC GCT TAC TAC GCC GCT GGT AAA AGC TCA TCT GAA GTC TCT --- GCG TCC TCG TCT ACT GCT TCA TCC TCC TCT TCT GGC TGG TGG TGT ATC CTT ATG CTC CTG CTG CTG CTT CTG CTA TTC TTC TTC TTC TTC TTT TTT TTT TTT TTT TTC TTC TTT TTT CGT CTG CTG CTG CTG CTG CTT TTG TTG TTG TTG TTG TTG TTG ATA ATG CTA TTG TTG CTG CTT CTG GTG TTG ATG TTA TTG TTG TTC TTC TTT TTT TAC TTC TTC TTT
kluyveri                                    AAG ATG CCT --- --- --- --- --- --- ATG --- --- --- AGT TCC TCT AAA AAA AAC AAA AAA AAA AAA AAG GAA TGC GCT AAT AAT AAC AAG TTG GAT AAT GAT --- AAA AAG AAG GAA AAA AAG AAG AAG AAG GCA TCA AAG GAG GAA AAA AAG AAG AAA AAA GAA AAG GAA AAC AAT AAC AAT AGT AAT GAG AAC AAG AAT AAC AAT ACC AAT GGA GGC AAT GAC AAC GAG AGC CAG ACT ACT ACG ACT ACT ACT TTG TCG ACT TCT ACA ACT AGC GAG AGT AGT ACC ACC ACC ACT GCC AGC AAA AGA AGA AGA AGG CAT AGA AAC AGA AGA AGG AGG AGA AGA AGA AGA GAC AAA ACT AAA AGA ACA ATG GAC TCT AGC AGT ATC ATT ATT GTA ATA ATC ATC ATT ATC ATC ATT ATT ATT GTC TTG TTA ATG CTA GTC TTG ATT ATT ATT GTA TTA ATC ATT ATT ATT GTG AAA CTA TCC AAG ACC CAA CAA CAA CAA CAA ACT GTT AAG AAT GCA CAT CAG CAG CAA CAA CAA CAA CAC CAT CAT AAG CAC CAT CCA CCA CCT GCC AAT CCA CCG CCA CCA CCA CCA CCT CCT CCT CCA CCA CCG CCA CCC CCT CCA CCA CCG CCT CCA CCA CCT CCA CCA CAG CGT CGC CGT CGT GTC TTA TTA TTA TTA ATC CTG TTA TTG TTA CAA GAA GAA GAG GCC GAA GAT GAA GAA GAG GAG GCG GAA GAG AAG GAA GAA GAA GAG GAA GAA GAG TCC AGC AAT GAG GAC GAT GAT CAC GAC GAT GAT GAT GAA AAG CAA GAG GCC GAA GAG GAA GAA GAG GAT GAT GAC GAC AAG GAC CAA GAT GAT GAT AAT GAA GAC GAC GAT CCA GTT TCA GCC AAA GCT GCT GCT GCA GCC TCG GAA GCT GCT GCT GCG AAC CCA GCA GCT GAG GCC GCT GCA GCT TCT TCC GGT GGT GGC GGT GGC GGC GGC GGT GGT AAT GGT GGT AAG GGT GGA GGC GGT GGT GGT GGT GGT GGC GGT GGT GGT GGT GGT ATT GTT GTT GTC GAA GTT GTT GTT GTT GTT GTC GTT GTT ATG GTC ACC CTC GTT GTT GTT ATG GTT TTG GAG CTT GTT TTT GTT TCT GTC ACT GTC CAC GTC ATA TAC TAT TAT TAC TAC TAT TAT TAT TAT TAC TAC TTC TAT TAC TAC GCA TAC TAT TCT TCT GGT TCT TCT TCC TCT GAA GTG TCA --- GCT TCT TCC GCT ACC CAA TCT TCC TCC TCC TCT CAA TGG TGG TGT ATT TTA TTC TTA ATT CTT TTG TTA CTA TTA TAC TTA TTC TTC TTT NTT TTC TTC TTT TTT TTC TTT TAC TTT TTG ATG CTC CTG TTA TTG TTG ATT CTA CTA CTA CTT TTA TTG TTG TTA TTG CTA TTA CTA CTA TTG TTA TTG TTA TTA TTG TTG TTC TTT TTT TTT TTC TGT TTT TTC
cerevisiae                                  --- --- --- --- --- --- --- --- --- AGT ATG --- GAC --- AAT TCG AAA AAA AAG AGT AAA AAG AAG AAG CAA GAT GCG AAT AAT AAC AAG CCT GAC GAT GAC --- AAA AAA AAG AAA AAG AAG AAG AAG AAG AAA ACA AGA GAG AAG AAG AAA AAG AAA AAG AAA CAA AAA AAC AAC AAT AAT AGC CAC TCT AAT AAC AAC AAT AAT AAT AAC ACT CAC GAC GAC AAG GTC GAA ACA ACT ACC ACT ACC ACT ACC TTA GAA ACT TCA ACC ACC TCT GAA TCC AAG ACA ACC ACT ACT ACT GAT AAG AGA AGA AGG AGG CAC CGT GCC AGA AGA AGA AGA AGA AGG CGT AGA GAG GGC ACG AGA AGA AAG AGC GAG ACG AGT AGC ATC ATA ATT ATC GTC ATA ATC ATT ATC GTC TTC ATC ATT ATT ATG GTC ATG ATG ATG CTA ATC ATT ATC ATT TTG ATC ATC ATC ATT GTC AAA AAA AAG CAG CAG CAG CAA CAG CAG CAG GCC GTG AAA ATG CAG CAT CCC CAG CAA CAA CAA CAG CAC CAC CAT CGT CAC CAT CCT CCA CCG AAG AAG CCA CCA CCA CCG CCC CCT CCC CCC CCG CCA CCG CCC CCA CCC CCT CCA CCC CCC CCA CCC CCC CCC CCA AGG TCT CGG CGT CGT CGT TTG TTA TTA ATA TTG ATC CTG CTC CTT CTG AAC AGT GAG GAA GAA GAC GAG GAA GAG GAA GAG GAG GAG GAC GAA GAA GAA GAG GAA GAA GAG GAG GCT AAC AAT ACG GAC GAC GAC GAT GAC GAT GAT GAC GCC CTA GAT GAA GAA GAG GAA GAA GAA GAG GAC GAT GAC GAT GAC AAT GAA GAC GAC GAT GAC GAT GAC GAC GAT AAT GTC GCC GCC AAG GCC GCT GGT GCG GCC GCA TCC GCA GCA GCC GCC AAA CCG GCA GCC GCC GCT GCT GCC GCT TCT GGG GGC CGT GGC GGC GGG GGT GGT GGT GGT GGA GGC TCC AAA GGA GGC GGT GGC GGC GGT GGT GGG GGC GGT GGA GGT GGT GGT GTG GTT GTT GTC GAA GTA GTC GTC GTC GTT GTG GTG GTG GTT GTA TCT GTC GTC GTC GTT GTC GTC TTG GCC GAC GTG GTG GTA GTG GTG TTG GTC ACG ATC GTG TAC TAC TAT TAC TAC TAC TAC TAT TAT TAC TAT TAC TAT TTC CAC GCA TAC TAC GCA GCC GGT AAA AGC TCA TCT GAA GTC TCT --- TCG TCC TCG TCG ACC GCT TCA TCC TCT TCT TCT GGC TGG TGG TGT ATT CTT ATG CTC CTG CTG CTA CTG CTA CTG TTC TTC TTC TTT TTC TTT TTC TTT TTC TTT TTC TTC TTT TTT CGT TTG CTG CTG TTG CTG CTT TTG CTC CTG TTG TTG TTG TTG ATA ATG CTA TTA CTG CTG CTC CTG GTG TTG ATG TTA TTG TTG TTT TTC TTC TTT TAC TTT TTT TTT
paradoxus                                   --- --- --- --- --- --- --- --- --- AGT ATG --- --- --- AAA TCG AAA AAA AAG AGC AAA AAA AAG AAA CAA GAT GCT AAC AAT AAC AAG CCT GAC GAT GAT --- AAA AAA AAG AAA AAG AAA AAG AAG AAG AAA ACA AGA GAG AAG AAG AAA AAG AAA AAG AAG CAA AAA AAC AAC AAT AAC AGC CAC TCC AAC AAC AAC AAT AAT AAT AAC ACT CAT GAC GAC AAG GTC GAA AGG ACA ACC ACC ACC ACC ACT TTA GAA ACC TCA ACT ACC TCC GAA TCC AAG ACA ACC ACG ACT ACT GAT AAG AGA AGG AGG AGA CAC CGT GCT AGA AGG AGA AGG AGA AGG CGT AGA GAG GGC ACC AGA AGA AAG AGT GAG ACA AGC AGC ATC ATA ACC ATC GTT ATA ATC ATT ATC GTC TTC ATC ATT ATC ATG GTC ATG ATG ATG TTA ATC ATT ATT ATT TTG ATC ATC ATA ATT GTC AAA AAA AAG CAG CAG CAG CAA CAG CAG CAG GCC GTG AAG ATG CAG CAT CCC CAG CAG CAG CAA CAG CAT CAC CAT CGT CAC CAT CCC CCA CCG AAG AAG CCA CCA CCA CCT CCC CCC CCC CCC CCG CCA CCG CCC CCA CCT CCC CCA CCC CCT CCA CCC CCT CCC CCG CGA TCT CGG CGT CGT CGT TTG TTA CTG ATT TTG ATC CTG CTC CTT CTG GAC AGT GAG GAA GAA GAC GAC GAA GAG GAA GAG GAG GAG GAC GAA GAA GAA GAG GAA GAG GAG GAA GCC AAC AAT TCG GAC GAC GAC GAT GAC GAT GAT GAC GCT CTA GAT GAA GAA GAG GAA GAA GAA GAG GAC GAT GAT GAT GAC AAT GAA GAC GAT GAC GAT GAT GAC GAT GAT AAT ATC GCT GCT AAG GCC GCT GGT GCG GCC GCC TCC GCA GCA GCC GCC AAA CCG GCA GCC GCC GCC GCT GCA GCC TCC GGT GGC CGT GGC GGC GGG GGT GGT GGT GGT GGA GGC TCT AAA GGA GGC GGC GGC GGG GGC GGT GGG GGC GGT GGA GGT GGT GGT GTC GTC GTT GTC GAA GTA GTC GTC GTG GTT GTG GTA GTG GTT GTA TCC GTC GTC GTG GTC GTC GTT TTG GCC GAC GTA GTC GTA GTG GTG TTG GTC AAG ATT GTA TAC TAC TAT TAC TAC TAC TAC TAT TAT TAC TAC TAC TAT TTC CAC GCC TAC TAC GCA GCT GGT AAG GAC TCA TCT GAA GTC TCT --- GCG TCC TCG TCG ACT GCG TCA TCT TCT TCT TCT GGC TGG TGG TGT ATC CTT ATG CTC CTG CTA CTA CTG CTG CTA TTC TTC TTC TTT TTC TTT TTC TTT TTC TTT TTC TTC TTC TTT CGT CTG CTA CTG TTG CTG CTT TTG CTG CTG TTG TTG TTG TTG ATA ATG CTA TTG CTG CTG CTC CTG GTG TTG ATG TTG TTG TTG TTC TTC TTC TTT TAC TTC TTC TTT
kudriavzevii                                --- --- --- --- --- --- --- --- --- AGT ATG --- --- --- AAA TCC AAA AAG AAG AGC AAG AAA AAG AAA CAG GAT GCG AAC AAT AAC AAG CCT GAC GAT GAC --- AAA AAG AAA AAA AAG AAA AAA AAG AGG AAA ACG AGA GAG AAG AAG AAA AAA AAG AAG AAA CAA AAG AAC AAC AAC AAC AGC CAC TCG AAC AAC AAC AAC AAT AAT AAC ACC CAT GAC GAT AAA GTC GAA ACA ACC ACC ACC ACC ACG ACT TTA GAA ACC TCG ACG ACT TCC GAA TCC AAG ACA ACC ACC ACT ACA AAT AAG AGA AGA AGG AGG CAC CGT ACC AGA AGA AGA AGA AGA AGA CGT AGG GAG GGC ACC AGA AGA AAG AGC GAC ACA AGT AGC ATC ATA ATC ATC GTC ATA ATC ATT ATC GTA TTC ATC ATC ATC ATG GTC ATG ATG ATG CTG ATC ATT ATC ATC CTG ATC ATC ATC ATA GTT AAG AAA AAG CAG CAG CAG CAG CAA CAA CAG GCC GTG AAA ATG CAG CAC CCT CAA CAA CAG CAG CAG CAC CAC CAT CGC CAC CAT CCT CCG CCA AAA GAG CCA CCG CCA CCA CCT CCC CCC CCT CCC CCA CCG CCC CCG CCC CCT CCC CCC CCC CCA CCC CCC CCT CCC GGC GCT CGG CGC CGC CGT CTG CTG TTG CTT TTG ATC CTG CTC CTC TTG AAC AGC GAA GAG GAG GAC GAC GAA GAG GAG GAG GAG GAA GAC AAA GAA GAG GAG GAA GAG GAG GAG GCC AAC AAT ACT GAC GAC GAG GAC GAC GAT GAA GAC GCC CTG GAT GAA GAA GAG GAG GAA GAA GAG GAC GAT GAT GAT GAC AAT GAG GAC GAC GAC GAT GAC GAC GAT GAT CAC ATC GCC GCT AAG GCC GCT GGG GCG GCC GCT TCC GCA GCA GCC GCC AAA CCG GCA GCC GCC GCC GCC GCG GCC TCC GGT GGC CGT GGC GGT GGG GGC GGT GGC GGC GGA GGC TCC AAA GGC GGC GGC GGC GGC GGC GGT GGC GGC GGC GGC GGC GGT GGT GTC GTC GTT ATC GAA GTG GCC GTC GTC GTC GTG GTT GTG GTC GTG TGT GTC GTC GTC GTC GTC GTT TTG GCC GAC GTC GTC GTC GTG GTG CTG GTC AAG ATC GTC TAC TAC TAC TAC TAT TAC TAT TAC TAT TAC TAC TAC TAT TTT CAC GCA TAC TAT GCA TCT GGT AAA AGT TCA TCC GAA GTT TCC --- GCG TCC TCT TCT ACC GCC TCA TCT TCC TCC TCT GGC TGG TGG TGT ATC CTT ATG CTC CTT CTT CTA CTG CTG CTA TTC TTC TTC TTC TTC TTT TTC TTC TTC TTT TTC TTC TTC TTT CGT CTG CTG CTG CTG CTG CTT TTG TTG TTG TTG TTG TTG TTG GTA ATG TTA CTC TTG CTG CTC CTG GTG CTG ATG TTG CTG TTG TTC TTC TTC TTT TAC TTC TTC TTC



    1    1    1    1    1    1    1    1    2    1    1    1    1    1    1
    1    1    1    1    1    1    1    1    1    1    1    1    1    1    1
    1    1    1    1    1    1    1    1    1    1    1    1    1    2    1
    1    1    1    1    1    1    1    1    1    3    1    1    1    1    1
    1    1    1    1    1    1    1    2    1    1    1    1    1    1    1
    1    1    1    1    1    1    1    1    1    1    1    1    1    1    1
    1    1    1    1    1    1    1    1    1    1    1    1    1    1    1
    1    1    1    1    1    1    1    1    1    1    1    1    1    1    1
    1    1    1    1    1    1    1    1    1    1    1    1    1    1    3
    1    1    1    1    1    2    1    1    1    1    3    1    1    1    1
    1    1    1    1    1    1    1    1    1    1    1    1    1    1    1
    1    1    1    1    1    1    1    1    1    1    1    1    1    1    1
    1    1    1    1    1    1    1    1    1    1    1    1    1    1    1
    1    1    1    1    1    1    1    1    1    1    1    1    1    1    1
    1    1    1    1    1    1    1    1    1    1    2    1    1    1    1
    1    1    1    1    1    1    1    1    1    1    1    1    1    1    1
    1    1    1    1    1    1    1    1    2    1    1    2    1    1    1
    1    1    1    1    1    1    1    1    1    2    1    1    1    1    1
    3    1    1    1    1    1    1    1    1    1    1    1    2    2    1
    1    1    1    1    2    1    1    1    1    1    1    1    1    1    1
    1    1    1    1    1    2    1    1    1    1    1    1    1    1    1
    1    1    1    1    1    1    1    1    1    1    1    1    1    1    1
    1    1    1    3    1    1    2    1    1    1    1    1    1    1    1
    1    1    1    1    1    1    1    1    1    1    1    1    1    1    1
    1    1    1    1    1    1    1    1    1    1    1    1    1    1    1
    2    1    1    1    1    2    1    1    1    2    1    1    1    2    1
    1    1    1    1    1    3    1    1    1    1    1    1    1    1    1
    1    1    1    1    1    1    1    1    1    1    1    1    1    1    1
    1    4    1    1    1    1    1    1    1    1    1    1    1    1    1
    1    1    3    1    1    1    1    2    2    1    1    1    1    1    1
    1    1    1    1    1    1    1    1    1    1    1    1    1    1    1
    1    1    1    1    1    1    1    1    1    1    1    1    1    1    1
    1    1    1

CODONML (in paml version 4.4b, July 2010)  torun.nuc
Model: One dN/dS ratio for branches Global clock  (2 genes: diff. rate & k&w)  
Codon frequency model: F3x4
ns =   7  ls = 519

Codon usage in sequences
--------------------------------------------------------------------------------------------------------------
Phe TTT  8  0 11 13 12  8 | Ser TCT 12  0  8 13 10  8 | Tyr TAT 12  1  1 10  5  4 | Cys TGT  1  1  2  2  1  1
    TTC 20  8 16 11 15 19 |     TCC  6  9  6  9  5  7 |     TAC 11 11 20 13 16 17 |     TGC  1  0  0  1  0  0
Leu TTA  9  0  1 20  5  3 |     TCA  3  0  3  3  3  3 | *** TAA  0  0  0  0  0  0 | *** TGA  0  0  0  0  0  0
    TTG 28  7 15 17 15 16 |     TCG  1  1  2  2  4  4 |     TAG  0  0  0  0  0  0 | Trp TGG  5  4  5  5  5  5
--------------------------------------------------------------------------------------------------------------
Leu CTT  1  0  4  3  3  3 | Pro CCT  8  2  5  8  4  5 | His CAT  6  2  4  5  3  5 | Arg CGT  6  2  9  4  9  9
    CTC  2  9  3  2  4  3 |     CCC  5 11 12  1 11 11 |     CAC  5  3  6  4  7  5 |     CGC  0  2  1  1  0  0
    CTA  5  3  5  9  5  6 |     CCA 18  2  8 18  9  8 | Gln CAA 12  0  5 14  6  4 |     CGA  0  0  0  0  0  1
    CTG  2  5 17  2 13 14 |     CCG  0  4  4  3  5  5 |     CAG  5  8  9  4  9 11 |     CGG  0  1  1  0  1  1
--------------------------------------------------------------------------------------------------------------
Ile ATT 10  0  8 17  8  8 | Thr ACT  9  3  6 11  8  6 | Asn AAT 21  2  9 16 12  8 | Ser AGT  5  0  2  5  4  3
    ATC 13 10 11  9 13 13 |     ACC  7  7  9  7  7  9 |     AAC  8  9 10  9  9 11 |     AGC  1  2  7  5  4  4
    ATA  5  3  9  2  6  6 |     ACA  6  2  5  2  3  4 | Lys AAA 11  7 20 18 17 18 | Arg AGA 18  4 11 11 11  9
Met ATG  9  7 11  9 11 11 |     ACG  3  1  1  1  4  1 |     AAG 25 16 27 22 26 27 |     AGG  3  2  4  3  4  6
--------------------------------------------------------------------------------------------------------------
Val GTT  5  1  8 17  5  5 | Ala GCT 16  2 13 12  6  8 | Asp GAT 18  2 17 18 13 18 | Gly GGT 18  4 10 22 14 13
    GTC 20 14 18 10 18 17 |     GCC  5 10  9  7 15 14 |     GAC 13 19 19 10 24 21 |     GGC  0  9 17  7 12 13
    GTA  3  0  3  2  3  6 |     GCA  8  2  3  6  6  5 | Glu GAA 25  6 20 28 20 20 |     GGA  3  0  4  2  3  3
    GTG  8  4  7  2 11  8 |     GCG  2  3  4  3  2  3 |     GAG 12 13 18 16 18 17 |     GGG 10  0  1  0  3  3
--------------------------------------------------------------------------------------------------------------

--------------------------------------------------
Phe TTT  6 | Ser TCT  5 | Tyr TAT  5 | Cys TGT  2
    TTC 21 |     TCC 11 |     TAC 16 |     TGC  0
Leu TTA  2 |     TCA  2 | *** TAA  0 | *** TGA  0
    TTG 14 |     TCG  2 |     TAG  0 | Trp TGG  5
--------------------------------------------------
Leu CTT  5 | Pro CCT  7 | His CAT  3 | Arg CGT  6
    CTC  5 |     CCC 11 |     CAC  8 |     CGC  3
    CTA  2 |     CCA  6 | Gln CAA  5 |     CGA  0
    CTG 18 |     CCG  5 |     CAG 10 |     CGG  1
--------------------------------------------------
Ile ATT  2 | Thr ACT  4 | Asn AAT  6 | Ser AGT  3
    ATC 20 |     ACC 11 |     AAC 14 |     AGC  5
    ATA  5 |     ACA  4 | Lys AAA 21 | Arg AGA 11
Met ATG 11 |     ACG  3 |     AAG 23 |     AGG  4
--------------------------------------------------
Val GTT  5 | Ala GCT  4 | Asp GAT 12 | Gly GGT  8
    GTC 20 |     GCC 17 |     GAC 23 |     GGC 22
    GTA  2 |     GCA  5 | Glu GAA 15 |     GGA  1
    GTG  8 |     GCG  4 |     GAG 23 |     GGG  2
--------------------------------------------------

Codon position x base (3x4) table for each sequence.

#1: castellii      
position  1:    T:0.22852    C:0.14648    A:0.30078    G:0.32422
position  2:    T:0.28906    C:0.21289    A:0.35938    G:0.13867
position  3:    T:0.30469    C:0.22852    A:0.24609    G:0.22070
Average         T:0.27409    C:0.19596    A:0.30208    G:0.22786

#2: bayanus        
position  1:    T:0.16154    C:0.20769    A:0.28846    G:0.34231
position  2:    T:0.27308    C:0.22692    A:0.38077    G:0.11923
position  3:    T:0.08462    C:0.51154    A:0.11154    G:0.29231
Average         T:0.17308    C:0.31538    A:0.26026    G:0.25128

#3: mikatae        
position  1:    T:0.17857    C:0.18452    A:0.29762    G:0.33929
position  2:    T:0.29167    C:0.19444    A:0.36706    G:0.14683
position  3:    T:0.23214    C:0.32540    A:0.19246    G:0.25000
Average         T:0.23413    C:0.23479    A:0.28571    G:0.24537

#4: kluyveri       
position  1:    T:0.23518    C:0.15415    A:0.29051    G:0.32016
position  2:    T:0.28656    C:0.20949    A:0.36957    G:0.13439
position  3:    T:0.34783    C:0.20949    A:0.26680    G:0.17589
Average         T:0.28986    C:0.19104    A:0.30896    G:0.21014

#5: cerevisiae     
position  1:    T:0.19010    C:0.17624    A:0.29109    G:0.34257
position  2:    T:0.29109    C:0.20198    A:0.36634    G:0.14059
position  3:    T:0.23168    C:0.31683    A:0.19208    G:0.25941
Average         T:0.23762    C:0.23168    A:0.28317    G:0.24752

#6: paradoxus      
position  1:    T:0.18849    C:0.18056    A:0.28571    G:0.34524
position  2:    T:0.28968    C:0.20040    A:0.36905    G:0.14087
position  3:    T:0.22222    C:0.32540    A:0.19048    G:0.26190
Average         T:0.23347    C:0.23545    A:0.28175    G:0.24934

#7: kudriavzevii   
position  1:    T:0.18056    C:0.18849    A:0.29167    G:0.33929
position  2:    T:0.28968    C:0.20040    A:0.36508    G:0.14484
position  3:    T:0.16468    C:0.41071    A:0.16071    G:0.26389
Average         T:0.21164    C:0.26653    A:0.27249    G:0.24934

Codon usage in genes
--------------------------------------------------------------
Phe TTT  0 58 | Ser TCT  0 56 | Tyr TAT  0 38 | Cys TGT  0 10
    TTC  1 109 |     TCC  0 53 |     TAC  0 104 |     TGC  0  2
Leu TTA  0 40 |     TCA  0 17 | *** TAA  0  0 | *** TGA  0  0
    TTG  0 112 |     TCG  0 16 |     TAG  0  0 | Trp TGG  0 34
--------------------------------------------------------------
Leu CTT  0 19 | Pro CCT  2 37 | His CAT  0 28 | Arg CGT  1 44
    CTC  0 28 |     CCC  0 62 |     CAC  0 38 |     CGC  0  7
    CTA  0 35 |     CCA  0 69 | Gln CAA  0 46 |     CGA  0  1
    CTG  0 71 |     CCG  0 26 |     CAG  0 56 |     CGG  0  5
--------------------------------------------------------------
Ile ATT  0 53 | Thr ACT  0 47 | Asn AAT  0 74 | Ser AGT  4 18
    ATC  1 88 |     ACC  0 57 |     AAC  0 70 |     AGC  0 28
    ATA  0 36 |     ACA  0 26 | Lys AAA  0 112 | Arg AGA  0 75
Met ATG  7 62 |     ACG  0 14 |     AAG  1 165 |     AGG  0 26
--------------------------------------------------------------
Val GTT  0 46 | Ala GCT  4 57 | Asp GAT  0 98 | Gly GGT  0 89
    GTC  0 117 |     GCC  0 77 |     GAC  1 128 |     GGC  0 80
    GTA  0 19 |     GCA  0 35 | Glu GAA  0 134 |     GGA  0 16
    GTG  0 48 |     GCG  0 21 |     GAG  0 117 |     GGG  0 19
--------------------------------------------------------------

Codon position x base (3x4) table for each gene.


Gene #1
position  1:    T:0.04545    C:0.13636    A:0.59091    G:0.22727
position  2:    T:0.40909    C:0.27273    A:0.09091    G:0.22727
position  3:    T:0.50000    C:0.13636    A:0.00000    G:0.36364
Average         T:0.31818    C:0.18182    A:0.22727    G:0.27273

Gene #2
position  1:    T:0.19829    C:0.17476    A:0.29056    G:0.33639
position  2:    T:0.28750    C:0.20471    A:0.36908    G:0.13871
position  3:    T:0.23587    C:0.32020    A:0.20196    G:0.24198
Average         T:0.24055    C:0.23322    A:0.28720    G:0.23903

Sums of codon usage counts
------------------------------------------------------------------------------
Phe F TTT      58 | Ser S TCT      56 | Tyr Y TAT      38 | Cys C TGT      10
      TTC     110 |       TCC      53 |       TAC     104 |       TGC       2
Leu L TTA      40 |       TCA      17 | *** * TAA       0 | *** * TGA       0
      TTG     112 |       TCG      16 |       TAG       0 | Trp W TGG      34
------------------------------------------------------------------------------
Leu L CTT      19 | Pro P CCT      39 | His H CAT      28 | Arg R CGT      45
      CTC      28 |       CCC      62 |       CAC      38 |       CGC       7
      CTA      35 |       CCA      69 | Gln Q CAA      46 |       CGA       1
      CTG      71 |       CCG      26 |       CAG      56 |       CGG       5
------------------------------------------------------------------------------
Ile I ATT      53 | Thr T ACT      47 | Asn N AAT      74 | Ser S AGT      22
      ATC      89 |       ACC      57 |       AAC      70 |       AGC      28
      ATA      36 |       ACA      26 | Lys K AAA     112 | Arg R AGA      75
Met M ATG      69 |       ACG      14 |       AAG     166 |       AGG      26
------------------------------------------------------------------------------
Val V GTT      46 | Ala A GCT      61 | Asp D GAT      98 | Gly G GGT      89
      GTC     117 |       GCC      77 |       GAC     129 |       GGC      80
      GTA      19 |       GCA      35 | Glu E GAA     134 |       GGA      16
      GTG      48 |       GCG      21 |       GAG     117 |       GGG      19
------------------------------------------------------------------------------

(Ambiguity data are not used in the counts.)


Codon position x base (3x4) table, overall

position  1:    T:0.19727    C:0.17451    A:0.29256    G:0.33566
position  2:    T:0.28832    C:0.20516    A:0.36722    G:0.13930
position  3:    T:0.23763    C:0.31897    A:0.20061    G:0.24279
Average         T:0.24107    C:0.23288    A:0.28680    G:0.23925


Nei & Gojobori 1986. dN/dS (dN, dS)
(Pairwise deletion)
(Note: This matrix is not used in later ML. analysis.
Use runmode = -2 for ML pairwise comparison.)

castellii           
bayanus             -1.0000 (0.1763 -1.0000)
mikatae             -1.0000 (0.1868 -1.0000) 0.0166 (0.0253 1.5228)
kluyveri            -1.0000 (0.2077 -1.0000)-1.0000 (0.1879 -1.0000)-1.0000 (0.2097 -1.0000)
cerevisiae          -1.0000 (0.1794 -1.0000) 0.0147 (0.0185 1.2567) 0.0289 (0.0173 0.5987)-1.0000 (0.2101 -1.0000)
paradoxus           -1.0000 (0.1816 -1.0000) 0.0186 (0.0236 1.2697) 0.0272 (0.0155 0.5725)-1.0000 (0.2071 -1.0000) 0.0234 (0.0095 0.4046)
kudriavzevii        -1.0000 (0.1855 -1.0000) 0.0290 (0.0236 0.8137) 0.0253 (0.0199 0.7890)-1.0000 (0.2065 -1.0000) 0.0246 (0.0212 0.8636) 0.0270 (0.0208 0.7714)


TREE #  1:  ((((((5, 6), 3), 7), 2), 1), 4);   MP score: -1
lnL(ntime:  6  np: 11):  -5964.662392      +0.000000
   8..9     9..10   10..11   11..12   12..13   13..5    13..6    12..3    11..7    10..2     9..1     8..4  
 2.164863 1.977432 0.372997 0.276303 0.188284 0.129969 1.094217 1.822665 2.328416 2.037712 0.035244
SEs for parameters:
 4083471.076768 3729928.482868 703566.007007 521176.734383 355151.070606 245154.176796 2063964.837587 12346784.040189 8806481.118148 0.173828 0.003805
Note: Branch length is defined for the first gene (site partition).
For other genes, look at "rates for genes".

tree length =   7.27471 (1st gene)

((((((5: 0.129969, 6: 0.129969): 0.058315, 3: 0.188284): 0.088019, 7: 0.276303): 0.096694, 2: 0.372997): 1.604434, 1: 1.977432): 0.187432, 4: 2.164863);

((((((cerevisiae: 0.129969, paradoxus: 0.129969): 0.058315, mikatae: 0.188284): 0.088019, kudriavzevii: 0.276303): 0.096694, bayanus: 0.372997): 1.604434, castellii: 1.977432): 0.187432, kluyveri: 2.164863);

Detailed output identifying parameters

rates for 2 genes:     1  1.09422

gene # 1: kappa =   1.82266 omega =   2.32842
gene # 2: kappa =   2.03771 omega =   0.03524

Time used:  0:34
