
seed used = 1418760893
      5   1335

bayanus                                    --- --- --- --- --- --- --- --- --- --- --- --- --- --- --- --- --- --- --- --- --- --- --- --- --- --- --- --- --- --- --- --- --- --- --- --- --- --- --- --- --- --- --- --- --- --- --- --- --- --- --- --- --- --- --- --- --- --- --- --- --- --- --- --- --- --- --- --- --- --- --- --- --- --- --- --- --- --- --- --- --- --- --- --- --- --- --- --- --- --- --- --- --- --- --- --- --- --- --- --- --- --- --- --- --- --- --- --- --- --- --- --- --- --- --- --- --- --- --- --- --- --- --- --- --- --- --- --- --- --- --- --- --- --- --- --- --- --- --- --- --- --- --- --- --- --- --- --- --- --- --- --- --- --- --- --- --- --- --- --- --- --- --- --- --- --- --- --- --- --- --- --- --- --- --- --- --- --- --- --- --- --- --- --- --- --- --- --- --- --- --- --- --- --- --- ATG GCC TGT GAA TAC TGT GAA TTG GGT AAC GAA TCC AAC TGT CCT CAC GCT GAC TTG TCT GGT TAC ACC CAC GAC GGT TCT TTC CAA CAA TAC GCT ACC GCT GAC TCT GTC CAA GCC GCT CAC ATT CCA AAG GGT ACT GAC TTG GCT GAA TGT GCC CCA GTC TTG TGT GCT GGT ATC ACT GTC TAC AAG GCT TTG AAG TCC GCT AAC TTG TCT GCC GGC CAA TGG GTT GCC ATT TCC GGT GCT GCT GGT GGT CTA GGT TCT TTG GCT GTC CAA TAC GCC AAG GCC ATG GGT TAC AGA GTC GTT GGT ATT GAC GGT GGT GAA GGT AAG GAA GAA TTA TTC AGA TCC ATT GGT GGT GAA GTC TTC ATC GAT TTC ACT ACT GAA AAG GAC ATT GTC GGT GCC GTC ATC AAG GCC ACC GAC GGT GGT GCT CAC GGT ATC ATC AAC GTT TCC GTT TCC GAA GCC GCC ATT GAA GCT TCT ACC AGA TAC TGT AGA GCT AAC GGT ACC ACC GTT TTG GTC GGT ATG CCA GCC GGT GCC AAG TGT TGT TCT GAT GTC TTC AAC CAA GTC GTC AAG TCC ATC TCC ATT GTC GGT TCT TAC GTC GGT AAC AGA GCT GAC ACC AGA GAA GCT TTG GAC TTC TTC GCC AGA GGT TTG GTC AAG TCT CCA ATC AAG GTT GTC GGT TTG TCT ACC TTG CCA GAA ATT TAC GAA AAG ATG GAA AAG GGT CAA ATC GTC GGT AGA TAC GTT GTT GAC ACT TCT AAA 
mikatae                                    --- --- --- --- --- --- --- --- --- --- --- --- --- --- --- --- --- --- --- --- --- --- --- --- --- --- --- --- --- --- --- --- --- --- --- --- --- --- --- --- --- --- --- --- --- --- --- --- --- --- --- --- --- --- --- --- --- --- --- --- --- --- --- --- --- --- --- --- --- --- --- --- --- --- --- --- --- --- --- --- --- --- --- --- --- --- --- --- --- --- --- --- --- --- --- --- --- ATG TCT ATC CCA GAA ACT CAA AAA GGT GTT ATC TTC TAC GAA TCC CAC GGT AAG TTG GAA TAC AAA GAT ATT CCA GTT CCA AAG CCA AAG GCC AAC GAA TTG TTG ATC AAC GTT AAA TAC TCT GGT GTT TGT CAC ACT GAC TTG CAC GCT TGG CAC GGT GAC TGG CCA TTG CCA ACT AAG TTG CCT TTG GTC GGT GGT CAC GAA GGT GCC GGT GTC GTT GTC GCC ATG GGT GAA AAC GTC AAG GGC TGG AAC ATT GGT GAC TAC GCC GGT ATC AAA TGG TTG AAC GGT TCT TGT ATG GCC TGT GAA TAC TGT GAA TTG GGT AAC GAA TCC AAC TGT CCT CAC GCT GAC TTG TCT GGT TAC ACC CAC GAC GGT TCT TTC CAA CAA TAT GCT ACC GCT GAC GCT GTC CAA GCC GCT CAC ATT CCT CAA GGT ACC GAC TTG GCT GAA GTC GCC CCA GTT TTG TGT GCT GGT ATC ACC GTC TAC AAG GCT TTG AAG TCT GCT AAC TTG ATG GCC GGT CAC TGG GTT GCT ATC TCC GGT GCT GCT GGT GGT CTA GGT TCT TTG GCT GTC CAA TAC GCC AAG GCT ATG GGT TAC AGA GTC TTG GGT ATT GAC GGT GGT GAA GGT AAG GAA GAA TTA TTC AGA TCC ATC GGT GGT GAA GTC TTC ATT GAC TTC ACT AAG GAA AAG GAC ATT GTC AAC GCC GTT CTA AAG GCC ACT GAC GGT GGT GCT CAC GGT GTC ATC AAC GTT TCC GTT TCC GAA GCT GCT ATT GAA GCT TCT ACC AGA TAC GTT AGA GCT AAC GGT ACC ACC GTT TTG GTT GGT ATG CCA GCT AAC GCT AAG TGT TCT TCT GAT GTC TTC AAC CAA GTC GTC AAG TCT ATC TCT ATT GTC GGT TCT TAC GTC GGT AAC AGA GCT GAC ACC AGA GAA GCT TTG GAC TTC TTT GCT AGA GGT TTG GTC AAG TCC CCA ATC AAG GTT GTT GGC TTG TCT ACC TTG CCA GAA ATT TAC GAA AAG ATG GAA AAG GGT CAA ATC GTC GGT AGA TAC GTT GTT GAC ACT GCT AAA 
cerevisiae                                 --- --- --- --- --- --- --- --- --- --- --- --- --- --- --- --- --- --- --- --- --- --- --- --- --- --- --- --- --- --- --- --- --- --- --- --- --- --- --- --- --- --- --- --- --- --- --- --- --- --- --- --- --- --- --- --- --- --- --- --- --- --- --- --- --- --- --- --- --- --- --- --- --- --- --- --- --- --- --- --- --- --- --- --- --- --- --- --- --- --- --- --- --- --- --- --- --- ATG TCT ATC CCA GAA ACT CAA AAA GGT GTT ATC TTC TAC GAA TCC CAC GGT AAG TTG GAA TAC AAA GAT ATT CCA GTT CCA AAG CCA AAG GCC AAC GAA TTG TTG ATC AAC GTT AAA TAC TCT GGT GTC TGT CAC ACT GAC TTG CAC GCT TGG CAC GGT GAC TGG CCA TTG CCA GTT AAG CTA CCA TTA GTC GGT GGT CAC GAA GGT GCC GGT GTC GTT GTC GGC ATG GGT GAA AAC GTT AAG GGC TGG AAG ATC GGT GAC TAC GCC GGT ATC AAA TGG TTG AAC GGT TCT TGT ATG GCC TGT GAA TAC TGT GAA TTG GGT AAC GAA TCC AAC TGT CCT CAC GCT GAC TTG TCT GGT TAC ACC CAC GAC GGT TCT TTC CAA CAA TAC GCT ACC GCT GAC GCT GTT CAA GCC GCT CAC ATT CCT CAA GGT ACC GAC TTG GCC CAA GTC GCC CCC ATC TTG TGT GCT GGT ATC ACC GTC TAC AAG GCT TTG AAG TCT GCT AAC TTG ATG GCC GGT CAC TGG GTT GCT ATC TCC GGT GCT GCT GGT GGT CTA GGT TCT TTG GCT GTT CAA TAC GCC AAG GCT ATG GGT TAC AGA GTC TTG GGT ATT GAC GGT GGT GAA GGT AAG GAA GAA TTA TTC AGA TCC ATC GGT GGT GAA GTC TTC ATT GAC TTC ACT AAG GAA AAG GAC ATT GTC GGT GCT GTT CTA AAG GCC ACT GAC GGT GGT GCT CAC GGT GTC ATC AAC GTT TCC GTT TCC GAA GCC GCT ATT GAA GCT TCT ACC AGA TAC GTT AGA GCT AAC GGT ACC ACC GTT TTG GTC GGT ATG CCA GCT GGT GCC AAG TGT TGT TCT GAT GTC TTC AAC CAA GTC GTC AAG TCC ATC TCT ATT GTT GGT TCT TAC GTC GGT AAC AGA GCT GAC ACC AGA GAA GCT TTG GAC TTC TTC GCC AGA GGT TTG GTC AAG TCT CCA ATC AAG GTT GTC GGC TTG TCT ACC TTG CCA GAA ATT TAC GAA AAG ATG GAA AAG GGT CAA ATC GTT GGT AGA TAC GTT GTT GAC ACT TCT AAA 
paradoxus                                  --- --- --- --- --- --- --- --- --- --- --- --- --- --- --- --- --- --- --- --- --- --- --- --- --- --- --- --- --- --- --- --- --- --- --- --- --- --- --- --- --- --- --- --- --- --- --- --- --- --- --- --- --- --- --- --- --- --- --- --- --- --- --- --- --- --- --- --- --- --- --- --- --- --- --- --- --- --- --- --- --- --- --- --- --- --- --- --- --- --- --- --- --- --- --- --- --- ATG TCT ATC CCA GAA ACT CAA AAA GGT GTT ATC TTC TAC GAA TCC CAC GGT AAG TTG GAA TAC AAA GAT ATT CCA GTT CCA AAG CCA AAG GCC AAC GAA TTG TTG ATC AAC GTT AAA TAC TCT GGT GTC TGT CAC ACT GAC TTG CAC GCT TGG CAC GGT GAC TGG CCT TTG CCA ACT AAG TTG CCA TTG GTC GGT GGT CAC GAA GGT GCT GGT GTC GTT GTC GCC ATG GGT GAA AAC GTT AAG GGC TGG AAC ATT GGT GAC TAC GCC GGT ATC AAA TGG TTG AAC GGT TCT TGT ATG GCC TGT GAA TAC TGT GAA TTG GGT AAC GAA TCC AAC TGT CCT CAT GCT GAC TTG TCT GGT TAC ACC CAC GAC GGT TCT TTC CAA CAA TAC GCT ACC GCT GAC GCT GTC CAA GCC GCT CAC ATT CCT CAA GGT ACT GAC TTG GCT GAA GTC GCT CCA GTT TTG TGT GCT GGT ATC ACT GTT TAC AAG GCT TTG AAG TCT GCT AAC TTG ATG GCC GGT CAC TGG GTT GCT ATC TCC GGT GCT GCT GGT GGT CTA GGT TCT TTG GCT GTT CAA TAC GCC AAG GCT ATG GGT TAC AGA GTC TTG GGT ATT GAC GGT GGT GAA GGT AAG GAA GAA TTA TTC AGA TCC ATC GGT GGT GAA GTC TTC ATT GAT TTC ACT AAG GAA AAG GAC ATT GTC GGT GCC GTT CTA AAG GCC ACT AAC GGT GGT GCT CAC GGT GTC ATC AAC GTT TCC GTT TCC GAA GCT GCT ATT GAA GCT TCT ACC AGA TAC GTT AGA GCT AAC GGT ACC ACC GTT TTG GTC GGT ATG CCA GCT AAC GCT AAG TGT TGT TCT GAT GTC TTC AAC CAA GTC GTC AAG TCC ATC TCT ATT GTT GGT TCT TAC GTC GGT AAC AGA GCT GAC ACC AGA GAA GCT TTG GAC TTC TTC GAC AGA GGT TTG GTC AAG TCT CCA ATC AAG GTT GTC GGC TTG TCT ACC TTG CCA GAA ATT TAC GAA AAG ATG GAA AAG GGT CAA ATC GTT GGT AGA TAC GTT GTT GAC ACT TCT AAA 
kudriavzevii                               ATG AGG AGG GGG GGA GGA AAC GCA TTT CTC GAA ACA CAC GAA ACT CTT TTC TTT GTT CAC TCA CTC ACT CAC TCA CAC TAC TCT CAA CTG AAA CTA CGG TAT ACG GCC TTC TCT CAG TCA TTC AAG TTT GAA GTA AAA AAA AAA AAG TTT GCT CTT ACG ATC AAG TAT AAA TAC ACC AGC AAT TGC CAT CGT ACT TTC TTG TTA TTG TCC CCA CTT CTA TAT TCA CTT GAT TTT CTT TCT TGT CCA AAA TTT CAA GCT ATA CCA AGC ATA CAA TCA ACT ATC TCA TAT ACA ATG TCT ATC CCA AAA ACT CAA AAA GGT GTT ATC TTC TAC GAA TCC CAC GGT AAG TTG GAA TAC AAA GAT ATT CCA GTT CCA AAG CCA AAG GCC AAC GAA TTG TTG ATC AAC GTC AAG TAC TCC GGT GTC TGT CAC ACT GAC TTG CAC GCT TGG CAC GGT GAC TGG CCA TTG CCA ACT AAG TTG CCT TTG GTC GGT GGT CAC GAA GGT GCC GGT GTC GTT GTC GCC ATG GGT GAA AAC GTC AAG GGC TGG AAC ATC GGT GAC TTT GCC GGT ATC AAA TGG TTG AAC GGT TCT TGT ATG GCC TGT GAA TAC TGT GAA TTG GGT AAC GAA TCC AAC TGT CCT CAC GCT GAC TTG TCT GGT TAC ACC CAC GAC GGT TCT TTC CAA CAA TAC GCC ACC GCT GAC GCT GTG CAA GCC GCT CAC GTT GCT CCA GGT ACC GAC TTG GCT GAA GTC GCC CCA GTT TTG TGT GCT GGT ATC ACT GTT TAC AAG GCT TTG AAG TCT GCT AAC TTG ATG GCC GGT CAC TGG GTA GCT ATC TCC GGT GCT GCT GGT GGT CTA GGT TCT TTG GCT GTT CAA TAC GCC AAG GCT ATG GGT TAC AGA GTC ATT GGT ATT GAC GGT GGT GAA GGT AAG GAA GAA TTA TTC AGA TCC ATC GGT GGT GAA GTC TTC GTT GAC TTC ACT AAG GAA AAG GAC ATT GTC GGT GCC GTT CTA AAG GCC ACC AAC GGT GGT GCT CAC GGT GTC ATC AAC GTC TCC GTT TCC GAA GCC GCT ATT GAA GCT TCT ACC AGA TAC GTT AGA GCT AAC GGT ACC ACC GTT TTG GTC GGT ATG CCA GCT AAC GCC AAG TGT TGT TCC GAT GTC TTC AAC CAA GTC GTC AAG TCT ATC TCC ATT GTC GGT TCT TAC GTC GGT AAC AGA GCT GAC ACC AGA GAA GCT TTG GAC TTC TTC TCC AGA GGT TTG GTC AAG TCT CCA ATC AAG GTT GTT GGC TTG TCT ACC TTG CCA GAA ATT TAC GAA AAG ATG GAA AAG GGT CAA ATC GTC GGT AGA TAC GTT GTT GAC ACT TCT AAA 



Printing out site pattern counts


         5        510  P G
G 2       46    124

bayanus                                     --- --- --- --- --- --- --- --- --- --- --- --- --- --- --- --- --- --- --- --- --- --- --- --- --- --- --- --- --- --- --- --- --- --- --- --- --- --- --- --- --- --- --- --- --- --- --- --- --- --- --- --- --- --- --- --- --- --- --- --- --- --- --- --- --- --- --- --- --- --- --- --- --- --- --- --- --- --- --- --- --- --- --- --- --- --- --- --- AAA AAC AAG AAG ACC ACC ACT ACT ACT ACT AGA ATC ATC ATC ATC ATG ATT ATT ATT CAA CAA CAC CAC CCA CCA CCA CCT CTA GAA GAA GAC GAC GAT GAT GCC GCC GCC GCC GCC GCC GCT GCT GCT GGC GGT GGT GGT GGT GTC GTC GTC GTC GTC GTC GTC GTC GTC GTT GTT GTT GTT TAC TAC TCC TCC TCC TCC TCT TCT TCT TCT TCT TCT TGG TGT TGT TGT TGT TTA TTC TTC TTG
mikatae                                     --- --- --- --- --- --- --- --- --- --- --- --- --- --- --- --- --- --- --- --- --- --- --- --- --- --- --- --- --- --- --- --- --- --- --- --- --- --- --- --- --- --- --- --- ATG TCT AAA AAA AAC AAC AAG ACT ACT ATC ATG ATT ATT CAA CAC CCA CCA CCT GAA GAA GAC GAT GCC GCC GCC GCT GGC GGT GTC GTC GTT GTT GTT TAC TAC TCC TCT TCT TGG TGT TTC TTG TTG TTG AAA AAC AAG CAA ACC ACT AAG ACC ACC ACT AGA ATC ATT CTA GTC ATG ATC ATT ATT CAA CAC CAC CAC CCA CCA CCT CCT CTA GAA GAA GAC GAC GAC GAT GCC GCC GCC GCT GCT GCT GCT GCT GCT GGT AAC AAC GGC GGT GTC GTC GTC GTC GTC GTT GTT GTT GTT GTT GTT GTT TTG TAC TAT TCC TCT TCT TCT ATG GCT GCT TCC TCT TCT TGG GTC GTT TCT TGT TTA TTC TTT TTG
cerevisiae                                  --- --- --- --- --- --- --- --- --- --- --- --- --- --- --- --- --- --- --- --- --- --- --- --- --- --- --- --- --- --- --- --- --- --- --- --- --- --- --- --- --- --- --- --- ATG TCT AAA AAA AAC AAG AAG ACT GTT ATC ATG ATC ATT CAA CAC CCA CCA CCA GAA GAA GAC GAT GCC GCC GGC GCT GGC GGT GTC GTT GTC GTT GTT TAC TAC TCC TCT TCT TGG TGT TTC CTA TTA TTG AAA AAC AAG CAA ACC ACT AAG ACC ACC ACT AGA ATC ATT CTA GTC ATG ATC ATT ATT CAA CAC CAC CAC CCA CCC CCT CCT CTA CAA GAA GAC GAC GAC GAT GCC GCC GCT GCC GCC GCT GCC GCT GCT GGT GGT GGT GGC GGT GTC GTC GTT GTT GTT ATC GTC GTC GTT GTT GTT GTT TTG TAC TAC TCC TCC TCT TCT ATG GCT TCT TCT TCT TCT TGG GTC GTT TGT TGT TTA TTC TTC TTG
paradoxus                                   --- --- --- --- --- --- --- --- --- --- --- --- --- --- --- --- --- --- --- --- --- --- --- --- --- --- --- --- --- --- --- --- --- --- --- --- --- --- --- --- --- --- --- --- ATG TCT AAA AAA AAC AAC AAG ACT ACT ATC ATG ATT ATT CAA CAC CCA CCT CCA GAA GAA GAC GAT GCC GCT GCC GCT GGC GGT GTC GTT GTC GTT GTT TAC TAC TCC TCT TCT TGG TGT TTC TTG TTG TTG AAA AAC AAG CAA ACC ACT AAG ACT ACT ACT AGA ATC ATT CTA GTC ATG ATC ATT ATT CAA CAC CAC CAT CCA CCA CCT CCT CTA GAA GAA AAC GAC GAT GAT GCC GCT GCC GAC GCT GCT GCT GCT GCT GGT AAC GGT GGC GGT GTC GTT GTC GTT GTT GTT GTC GTC GTT GTT GTT GTT TTG TAC TAC TCC TCC TCT TCT ATG GCT TCT TCT TCT TCT TGG GTC GTT TGT TGT TTA TTC TTC TTG
kudriavzevii                                AAA AAC AAG AAT ACA ACC ACG ACT AGC AGG ATA ATC ATG CAA CAC CAG CAT CCA CGG CGT CTA CTC CTG CTT GAA GAT GCA GCC GCT GGA GGG GTA GTT TAC TAT TCA TCC TCT TGC TGT TTA TTC TTG TTT ATG TCT AAA AAG AAC AAC AAG ACT ACT ATC ATG ATC ATT CAA CAC CCA CCA CCT AAA GAA GAC GAT GCC GCC GCC GCT GGC GGT GTC GTC GTC GTC GTT TAC TTT TCC TCC TCT TGG TGT TTC TTG TTG TTG AAA AAC AAG CCA ACC ACC AAG ACC ACT ACT AGA ATC GTT CTA GTC ATG ATC ATT GTT CAA CAC CAC CAC CCA CCA GCT CCT CTA GAA GAA AAC GAC GAC GAT GCC GCC GCC TCC GCC GCT GCT GCC GCT GGT AAC GGT GGC GGT GTC GTT GTG GTC GTT GTT GTC GTT GTT GTA GTC GTT ATT TAC TAC TCC TCT TCC TCT ATG GCT TCT TCT TCC TCT TGG GTC GTT TGT TGT TTA TTC TTC TTG



    6    1    3    1    2    1    2    4    2    2    2    2    1    3    4
    1    1    3    1    1    2    2    1    5    3    1    1    1    2    2
    1    1    1    2    4    6    1    3    1    1    1    4    2    6    1
    1    3    1    4    1    5    2    1    4    1    1    1    1    5    5
    1    1    1    5    3    1    2    1    1    1    1   12    3    1    1
    1    3    3    1    1    1    1    4    2    1    1    1    6    1    7
   12    1    7    1    1    1    1    2    8    5    1    1    1    4    2
    5    1    6    1    3    1    3    1    1    1    1    1   14    1    9
    1    1    5    1    1    1    2    4    1    1   14    1    1    1    1
   26    8    1    1    2    1    1    1    1    1    1    1    5    1    9
    1    5    1    1    1    1    1    1    1    1    6    1    1    1    1
    5    1    6    1   12

CODONML (in paml version 4.4b, July 2010)  torun.nuc
Model: One dN/dS ratio for branches Global clock  (2 genes: diff. rate & k&w)  
Codon frequency model: F3x4
ns =   5  ls = 445

Codon usage in sequences
--------------------------------------------------------------------------------------------------
Phe TTT  0  1  0  0  7 | Ser TCT 11 14 14 14 15 | Tyr TAT  0  1  0  0  4 | Cys TGT  8  7  8  8  9
    TTC  7  7  8  8 12 |     TCC  8  7  7  7 11 |     TAC 10 13 14 14 15 |     TGC  0  0  0  0  1
Leu TTA  1  1  2  1  2 |     TCA  0  0  0  0  6 | *** TAA  0  0  0  0  0 | *** TGA  0  0  0  0  0
    TTG 12 21 19 21 22 |     TCG  0  0  0  0  0 |     TAG  0  0  0  0  0 | Trp TGG  1  5  5  5  5
--------------------------------------------------------------------------------------------------
Leu CTT  0  0  0  0  5 | Pro CCT  1  3  2  3  2 | His CAT  0  0  0  1  1 | Arg CGT  0  0  0  0  1
    CTC  0  0  0  0  2 |     CCC  0  0  1  0  0 |     CAC  4 10 10  9 14 |     CGC  0  0  0  0  0
    CTA  1  2  3  2  4 |     CCA  5 10 10 10 14 | Gln CAA  7  8  9  8 10 |     CGA  0  0  0  0  0
    CTG  0  0  0  0  1 |     CCG  0  0  0  0  0 |     CAG  0  0  0  0  1 |     CGG  0  0  0  0  1
--------------------------------------------------------------------------------------------------
Ile ATT  8  9  8  9  7 | Thr ACT  5  6  5  8 10 | Asn AAT  0  0  0  0  1 | Ser AGT  0  0  0  0  0
    ATC  8 11 13 11 14 |     ACC  8  9  9  7 10 |     AAC  7 14 11 14 15 |     AGC  0  0  0  0  2
    ATA  0  0  0  0  2 |     ACA  0  0  0  0  2 | Lys AAA  1  5  5  5 11 | Arg AGA  8  8  8  8  8
Met ATG  4  7  7  7  8 |     ACG  0  0  0  0  2 |     AAG 13 18 19 18 22 |     AGG  0  0  0  0  2
--------------------------------------------------------------------------------------------------
Val GTT  8 17 19 19 17 | Ala GCT 16 26 22 26 24 | Asp GAT  2  2  2  3  3 | Gly GGT 29 39 41 40 40
    GTC 17 19 17 17 20 |     GCC 14 11 13  9 15 |     GAC 10 14 14 13 13 |     GGC  1  2  3  2  2
    GTA  0  0  0  0  2 |     GCA  0  0  0  0  1 | Glu GAA 15 21 20 21 23 |     GGA  0  0  0  0  2
    GTG  0  0  0  0  1 |     GCG  0  0  0  0  0 |     GAG  0  0  0  0  0 |     GGG  0  0  0  0  1
--------------------------------------------------------------------------------------------------

Codon position x base (3x4) table for each sequence.

#1: bayanus        
position  1:    T:0.23200    C:0.07200    A:0.24800    G:0.44800
position  2:    T:0.26400    C:0.27200    A:0.27600    G:0.18800
position  3:    T:0.35200    C:0.37600    A:0.15200    G:0.12000
Average         T:0.28267    C:0.24000    A:0.22533    G:0.25200

#2: mikatae        
position  1:    T:0.22126    C:0.09483    A:0.25000    G:0.43391
position  2:    T:0.27299    C:0.24713    A:0.30460    G:0.17529
position  3:    T:0.35920    C:0.33621    A:0.15805    G:0.14655
Average         T:0.28448    C:0.22605    A:0.23755    G:0.25192

#3: cerevisiae     
position  1:    T:0.22126    C:0.10057    A:0.24425    G:0.43391
position  2:    T:0.27586    C:0.23851    A:0.29885    G:0.18678
position  3:    T:0.34770    C:0.34483    A:0.16379    G:0.14368
Average         T:0.28161    C:0.22797    A:0.23563    G:0.25479

#4: paradoxus      
position  1:    T:0.22414    C:0.09483    A:0.25000    G:0.43103
position  2:    T:0.27299    C:0.24138    A:0.30460    G:0.18103
position  3:    T:0.37644    C:0.31897    A:0.15805    G:0.14655
Average         T:0.29119    C:0.21839    A:0.23755    G:0.25287

#5: kudriavzevii   
position  1:    T:0.24494    C:0.12584    A:0.26067    G:0.36854
position  2:    T:0.28315    C:0.25169    A:0.29888    G:0.16629
position  3:    T:0.32809    C:0.32809    A:0.19551    G:0.14831
Average         T:0.28539    C:0.23521    A:0.25169    G:0.22772

Codon usage in genes
--------------------------------------------------------------
Phe TTT  6  2 | Ser TCT  7 61 | Tyr TAT  4  1 | Cys TGT  1 39
    TTC  4 38 |     TCC  1 39 |     TAC  2 64 |     TGC  1  0
Leu TTA  1  6 |     TCA  6  0 | *** TAA  0  0 | *** TGA  0  0
    TTG  2 93 |     TCG  0  0 |     TAG  0  0 | Trp TGG  0 21
--------------------------------------------------------------
Leu CTT  5  0 | Pro CCT  0 11 | His CAT  1  1 | Arg CGT  1  0
    CTC  2  0 |     CCC  0  1 |     CAC  4 43 |     CGC  0  0
    CTA  2 10 |     CCA  3 46 | Gln CAA  3 39 |     CGA  0  0
    CTG  1  0 |     CCG  0  0 |     CAG  1  0 |     CGG  1  0
--------------------------------------------------------------
Ile ATT  0 41 | Thr ACT  4 30 | Asn AAT  1  0 | Ser AGT  0  0
    ATC  2 55 |     ACC  1 42 |     AAC  1 60 |     AGC  2  0
    ATA  2  0 |     ACA  2  0 | Lys AAA  6 21 | Arg AGA  0 40
Met ATG  5 28 |     ACG  2  0 |     AAG  3 87 |     AGG  2  0
--------------------------------------------------------------
Val GTT  1 79 | Ala GCT  2 112 | Asp GAT  1 11 | Gly GGT  0 189
    GTC  0 90 |     GCC  1 61 |     GAC  0 64 |     GGC  0 10
    GTA  1  1 |     GCA  1  0 | Glu GAA  3 97 |     GGA  2  0
    GTG  0  1 |     GCG  0  0 |     GAG  0  0 |     GGG  1  0
--------------------------------------------------------------

Codon position x base (3x4) table for each gene.


Gene #1
position  1:    T:0.33333    C:0.22857    A:0.31429    G:0.12381
position  2:    T:0.32381    C:0.28571    A:0.28571    G:0.10476
position  3:    T:0.32381    C:0.20000    A:0.30476    G:0.17143
Average         T:0.32698    C:0.23810    A:0.30159    G:0.13333

Gene #2
position  1:    T:0.22277    C:0.09241    A:0.24725    G:0.43758
position  2:    T:0.27173    C:0.24663    A:0.29865    G:0.18299
position  3:    T:0.35312    C:0.34700    A:0.15912    G:0.14076
Average         T:0.28254    C:0.22868    A:0.23501    G:0.25377

Sums of codon usage counts
------------------------------------------------------------------------------
Phe F TTT       8 | Ser S TCT      68 | Tyr Y TAT       5 | Cys C TGT      40
      TTC      42 |       TCC      40 |       TAC      66 |       TGC       1
Leu L TTA       7 |       TCA       6 | *** * TAA       0 | *** * TGA       0
      TTG      95 |       TCG       0 |       TAG       0 | Trp W TGG      21
------------------------------------------------------------------------------
Leu L CTT       5 | Pro P CCT      11 | His H CAT       2 | Arg R CGT       1
      CTC       2 |       CCC       1 |       CAC      47 |       CGC       0
      CTA      12 |       CCA      49 | Gln Q CAA      42 |       CGA       0
      CTG       1 |       CCG       0 |       CAG       1 |       CGG       1
------------------------------------------------------------------------------
Ile I ATT      41 | Thr T ACT      34 | Asn N AAT       1 | Ser S AGT       0
      ATC      57 |       ACC      43 |       AAC      61 |       AGC       2
      ATA       2 |       ACA       2 | Lys K AAA      27 | Arg R AGA      40
Met M ATG      33 |       ACG       2 |       AAG      90 |       AGG       2
------------------------------------------------------------------------------
Val V GTT      80 | Ala A GCT     114 | Asp D GAT      12 | Gly G GGT     189
      GTC      90 |       GCC      62 |       GAC      64 |       GGC      10
      GTA       2 |       GCA       1 | Glu E GAA     100 |       GGA       2
      GTG       1 |       GCG       0 |       GAG       0 |       GGG       1
------------------------------------------------------------------------------

(Ambiguity data are not used in the counts.)


Codon position x base (3x4) table, overall

position  1:    T:0.22944    C:0.10063    A:0.25129    G:0.41863
position  2:    T:0.27487    C:0.24899    A:0.29787    G:0.17826
position  3:    T:0.35135    C:0.33813    A:0.16791    G:0.14261
Average         T:0.28522    C:0.22925    A:0.23903    G:0.24650


Nei & Gojobori 1986. dN/dS (dN, dS)
(Pairwise deletion)
(Note: This matrix is not used in later ML. analysis.
Use runmode = -2 for ML pairwise comparison.)

bayanus             
mikatae              0.1779 (0.0371 0.2086)
cerevisiae           0.1716 (0.0297 0.1733) 0.1365 (0.0153 0.1119)
paradoxus            0.1921 (0.0334 0.1739) 0.0808 (0.0076 0.0939) 0.1500 (0.0127 0.0847)
kudriavzevii         0.2267 (0.0400 0.1763) 0.1738 (0.0178 0.1027) 0.1982 (0.0230 0.1163) 0.1133 (0.0127 0.1121)


TREE #  1:  ((((3, 4), 2), 5), 1);   MP score: -1
check convergence..
lnL(ntime:  4  np:  9):  -2361.537201      +0.000000
   6..7     7..8     8..9     9..3     9..4     8..2     7..5     6..1  
 0.002874 0.001673 0.001333 0.001073 40.919178 324.189956 0.000100 2.709005 0.183140
SEs for parameters:
 14.125857 8.222492 6.550962 5.275322 201115.333820 4772229724.861783 105.414686 0.574028 0.039377
Note: Branch length is defined for the first gene (site partition).
For other genes, look at "rates for genes".

tree length =   0.00983 (1st gene)

((((3: 0.001073, 4: 0.001073): 0.000260, 2: 0.001333): 0.000340, 5: 0.001673): 0.001201, 1: 0.002874);

((((cerevisiae: 0.001073, paradoxus: 0.001073): 0.000260, mikatae: 0.001333): 0.000340, kudriavzevii: 0.001673): 0.001201, bayanus: 0.002874);

Detailed output identifying parameters

rates for 2 genes:     1 40.91918

gene # 1: kappa = 324.18996 omega =   0.00010
gene # 2: kappa =   2.70901 omega =   0.18314

Time used:  0:39
