
seed used = 1418810493
      7    840

castellii                                  --- --- --- --- --- --- --- --- --- --- --- --- --- --- --- ATG AGT ACA --- --- --- --- --- --- --- --- --- --- --- --- --- --- --- --- --- --- --- AAC AAG CTA GAA GAC GCA AAG AAG GCA GCT GCT TAC CGT GCA GTT GAT GAA AAT ATC AAT TTC GAT GAA CAT AGG GTC ATT GGT ATC GGT AGT GGT AGT ACG GTC GTC TAT GTC GCT GAA AGA TTG GGC CAA TAT CTA AAG GAT GAA AAG TAT CAC GAT AGA GTG GCT CAA TTT GTT TGT ATC CCA ACT GGT TTC CAG TCC AAA AAA TTG ATC TTG GAT AAT GGG TTA CAA TTG AGT ACT GTG GAA CAA CAC CCA ATA ATC GAT ATT GCA TTT GAT GGT GCC GAT GAA GTG GAT AAG AAT ATG CAA TTG ATT AAA GGT GGT GGT GGT TGT TTA TTC CAA GAA AAG CTA GTC AGC ACA AGC GCC AAA ACT TTC ATT ATT GTA GCA GAT CAT ACA AAG AAA TCA CCT GAA TAT TTA GGC ACC ATG TGG AAA AAA GGT GTC CCA ATT GAA GTT GTT CCA TCT GCT TAT GTT CGT GTT TGT AAC GAC TTG GAA AAT AAG TTA TCT GCA ACT AAG ACC ATC TTG AGA GAA TGT ATT GGC GGT AAG GCA GGG CCA GTG GTG ACT GAT AAT AAT CAT TTT ATC GTT GAT GCT CAT TTT GGT GAT CTA TCA AAT CCA GAA GAA TTA CAT ACC AAG ATT AAG TTA CTA GTC GGT GTT GTA GAA ACA GGT TTG TTT ATT GAT AAC GCA TCT AAG GTT TAC TTT GGT AAA GCA GAT GGA ACT GTA GAA GTA ATG AAG AAA 
bayanus                                    --- --- --- --- --- --- --- --- --- --- --- --- --- --- --- ATG GCT GCC AGC GTT CCT AGA --- --- --- --- --- --- --- ATT GAT GGG TTA GAA TCC TTA GGT AAC CCT TTG GAA GAT GCT AAA AGA GCT GCT GCA TAC AGA GCT GTC GAT GAA AAT TTG AAA TTC GAT GAG CAT AAA ATT GTC GGT ATC GGT AGT GGT AGT ACG GTG GTC TAT GTT GCC GAA AGA ATC GGG CAG TAT TTA CAG GAT TCT CAA TAT TCC GAC TTG GTG TCT AAA TTT GTT TGT ATC CCA ACA GGC TTC CAA TCC AGG AAC TTG ATC CTG GAT AAC AAA TTG CAA TTG GGC TCT ATT GAA CAG TAT CCT CGT ATT GAC ATA GCT TTT GAC GGT GCC GAT GAA GTA GAT GAG AAT TTG CAG TTG ATC AAA GGT GGT GGA GCT TGC TTA TTC CAA GAA AAA TTG GTC AGC ACC AGT GCC AAA ACG TTC ATT ATC GTG GCT GAT TCA AGA AAG AAA TCT CCA AAG CAT TTG GGT AAG AAC TGG AGA CAA GGT GTC CCC ATC GAA ATC GTA CCT TCT GCA TAC GTT AGA GTT AAG AAC GAT TTG TTA GAA CAA TTG CAT GCA GAC AAG GTC GAT ATC AGA CAA GGT GGG TCT GCT AAA GCA GGT CCT GTT GTA ACT GAC AAT AGT AAC TTC ATT ATC GAT GCG GAC TTT GGC GAA ATT AAG GAT CCA AGA ACA TTG CAT AGA GAT ATC AAA TTG TTA GTC GGT GTA GTG GAA ACG GGT TTG TTC ATC GAT AAT GCT TCG AAA GCT TAC TTT GGT AAT TCC GAT GGC ACT GTT GAA CTT GTG ACA AAG 
mikatae                                    --- --- --- --- --- --- --- --- --- --- --- --- --- --- ATG ACT GCT TGT TGC GTC CCA AAA --- --- --- --- --- --- --- ATT GAT GCA TTA AAA ACT TTA GGT AAT CCT TTA GAG GAT GCT AAA AGA GCA GCA GCT TAC AGA GCT GTT GAT GAA AAT CTA AAA TTT GAT GAC CAC AAA ATT ATT GGA ATT GGT AGT GGT AGC ACG GTA GTC TAT GTT GCT GAG AGA ATT GGA CAA TAT CTG GAT GAC CCC AAA TTT TCT GAA GTA ACA TCC AAA TTC ATT TGC ATT CCA ACA GGA TTT CAA TCT AGA AAC TTA ATC TTG GAT AAC AAA TTG CAA CTA GGC TCT ATT GAA CAA TAT CCT CGC ATT GAT ATA GCC TTT GAT GGT GCC GAT GAA GTG GAT GAA CAT TTA CAA TTA ATT AAA GGT GGC GGT GCT TGT TTG TTC CAA GAA AAA TTG GTT AGT ACG AGT GCA AAG ACC TTT GTT ATC GTC GCT GAT TCA AGA AAA AAA TCG CCA AGG CAT TTA GGT AAA AAT TGG AGA CAA GGG GTC CCC ATC GAA ATC GTG CCT TCC TCA TAC GTC AGA GTA AAG AAC GAT CTA TTA GAA CAA TTG CAT GCA GAA AAA GTT GAT ATC AGA CAA GGA GGA TCT GCT AAA GCA GGT CCA GTC GTG ACT GAC AAT AAC AAT TTC ATT ATT GAT GCA GAT TTC GGC GAA ATT TCC GAG CCA AGA AAA TTG CAT AGA GAT ATT AAA TTG TTA GTT GGT GTA GTG GAA ACG GGT TTA TTC ATT GAC AAC GCC TCA AAA GCT TAT TTC GGT AAT TCC GAT GGT ACT GTT GAA GTT ATG GAA AAG 
kluyveri                                   ATG CTA AGG GGG CTC GTA AGG ATT CCT ATA TCA CAA AGA ACT TTA TTT ACG ACT CCA CTG CTG CGA AAT ATA ATG CCA CTG CTT GAT ATC AAC AAC CTG CCT CCA TTA GAG AAC CCG CTA GAA GAA GCC AAA AGA GTC GCT GCA TAC CGT GCT GTC GAT GAA AAC CTG GAC TGC CAG AAA CAT AGG GTG ATT GGC GTT GGT AGT GGT ACT ACT GTC GTT TAC GTT GCA GAA AGA CTG GCT CAG TAC AAT AGA GAC CCG GTC TTT GCA CAA AAG GTC --- CAA TTC GTG TGC ATT CCA ACT GGC TTT CAA TCC CAA CAG CTG ATT GTG GGA AAT AGG TTA TCC CTA GGC TCT ATC GAT CAA TAT CCT AAC GTC GAT ATT GCG TTC GAT GGT GCT GAT GAG GTT GAT GCC AAT CTA CAA TTA ATC AAA GGT GGT GGT GCT TGT TTA TTT CAA GAG AAG CTG GTT AGC ACC AGC ACA GAT AAG TTT ATT ATC GTT GCC GAC TCC AGA AAG AAA TCT CCT CAG TAC TTG GGA ACA AGT TGG AAG AAG GGT GTT CCA ATC GAA GTA GTT CCA AGC TCC TAC GTA CGT GTG TTA AAG GAC CTA AGG GAG AAG CTG GGC TCG CGT AAG GCT GAG GTC AGA CAA GGT GGT TCA GCT AAG GCT GGC CCT GTT GTC ACT GAT AAC AGT AAC TTT ATC ATC GAC GCC GAC TTT GGC GAA ATT CAG GAC CCA AAA AAG TTG CAT CAA GAC ATC AAA ATG TTA GTT GGT GTT GTG GAG ACC GGG TTA TTC ATC GAC AAC GCA TGT AAA GCG TAC TTC GGC AAC GCT GAT GGC ACC GTT GAA GTT ATG GAA --- 
cerevisiae                                 --- --- --- --- --- --- --- --- --- --- --- --- --- --- --- ATG GCT GCC GGT GTC CCA AAA --- --- --- --- --- --- --- ATT GAT GCG TTA GAA TCT TTG GGC AAT CCT TTG GAG GAT GCC AAG AGA GCT GCA GCA TAC AGA GCA GTT GAT GAA AAT TTA AAA TTT GAT GAT CAC AAA ATT ATT GGA ATT GGT AGT GGT AGC ACA GTG GTT TAT GTT GCC GAA AGA ATT GGA CAA TAT TTG CAT GAC CCT AAA TTT TAT GAA GTA GCG TCT AAA TTC ATT TGC ATT CCA ACA GGA TTC CAA TCA AGA AAC TTG ATT TTG GAT AAC AAG TTG CAA TTA GGC TCC ATT GAA CAG TAT CCT CGC ATT GAT ATA GCG TTT GAC GGT GCT GAT GAA GTG GAT GAG AAT TTA CAA TTA ATT AAA GGT GGT GGT GCT TGT CTA TTT CAA GAA AAA TTG GTT AGT ACT AGT GCT AAA ACC TTC ATT GTC GTT GCT GAT TCA AGA AAA AAG TCA CCA AAA CAT TTA GGT AAG AAC TGG AGG CAA GGT GTT CCC ATT GAA ATT GTA CCT TCC TCA TAC GTG AGG GTC AAG AAT GAT CTA TTA GAA CAA TTG CAT GCT GAA AAA GTT GAC ATC AGA CAA GGA GGT TCT GCT AAA GCA GGT CCT GTT GTA ACT GAC AAT AAT AAC TTC ATT ATC GAT GCG GAT TTC GGT GAA ATT TCC GAT CCA AGA AAA TTG CAT AGA GAA ATC AAA CTG TTA GTG GGC GTG GTG GAA ACA GGT TTA TTC ATC GAC AAC GCT TCA AAA GCC TAC TTC GGT AAT TCT GAC GGT AGT GTT GAA GTT ACC GAA AAG 
paradoxus                                  --- --- --- --- --- --- --- --- --- --- --- --- --- --- --- ATG GCT GCC AGT GTC CCA AAA --- --- --- --- --- --- --- ATT GAC GGG TTG AAA TCT TTG GGT AAT CCT TTG GAG GAT GCT AAA AGA GCT GCA GCA TAC AGA GCA GTT GAT GAA AAT TTG AAA TTT GAT GAT CAC AAA ATC ATT GGA ATT GGT AGT GGT AGT ACG GTA GTC TAC GTC GCC GAA AGA ATA GGG CAA TAT TTG CAT GAT ACT AAT TTT TGT GAA GTA ACG TCT AAA TTC ATT TGC ATT CCA ACA GGA TTT CAA TCT AGG AAC TTG ATC TTG GAT AAC AAA CTG CAA CTA GGC TCC ATT GAA CAG TAT CCT CGT ATT GAT ATA GCT TTT GAT GGT GCT GAT GAA GTG GAT GAG AAT TTA CAA TTG ATT AAA GGT GGT GGT GCT TGT TTA TTT CAA --- --- --- --- --- --- --- --- --- --- --- --- --- --- --- --- --- --- --- --- --- --- --- --- --- --- --- --- --- --- --- --- --- --- --- --- --- --- --- --- --- --- --- --- --- --- --- --- --- --- --- --- --- --- --- --- --- --- --- --- --- --- --- --- --- --- --- --- --- --- --- --- --- --- --- --- --- --- --- --- --- --- --- --- --- --- --- --- --- --- --- --- --- --- --- --- --- --- --- --- --- --- --- --- --- --- --- --- --- --- --- --- --- --- --- --- --- --- --- --- --- --- --- --- --- --- --- --- --- --- 
kudriavzevii                               --- --- --- --- --- --- --- --- --- --- --- --- --- --- --- ATG GCT ACC GGT GTC CCC AAA --- --- --- --- --- --- --- ATT GAT GAG TTA AAA TCC TTA GGA AAC CCT TTG GAA GAT GCT AAA AGA GCT GCT GCG TAC AGA GCC GTT GAT GAG AAT CTA AAA TTT GAG GAT CAC AAA GTT ATC GGA ATC GGT AGT GGA AGT ACG GTC GTT TAC GTT GCC CAG AGA ATT GGG CAA TAT TTG CAT GAC CCT GAA TAT TCT GAT CTG ACG TCT AAA TTT GTT TGC ATT CCG ACA GGC TTT CAA TCT AGA AAC TTA ATT TTG GAT AAC AAA CTG CAA CTA GGC TCT ATT GAA CAG TAC CCT CGT ATC GAT ATA GCA TTT GAT GGT GCT GAT GAA GTA GAT GAG CAT CTA CAG TTA ATT AAA GGT GGT GGG GCC TGT TTA TTT CAG GAA AAA TTG GTT AGC ACA AGT GCC AGA ACC TTT ATT ATC GTT GCT GAC TCA AGA AAA AGG TCT CCA AAG AAT TTA GGC AGG AAC TGG AGA CAA GGT GTC CCC ATT GAA ATC GTG CCT TCC TCA TAC GTT AGA GTC AAG AAT GAT CTA TTG GAA CAA TTG CAT GCT GAA AAG GTT AAT ATC AGA CAA GGT GGG TCT GCT AAA GCC GGT CCT GTC GTG ACT GAC AAT AAT AAC TTC ATT ATC GAT GCC GAT TTT GGT GAG ATC ATC GAT CCA AGA AAT TTG CAC AAA AGT ATT AAA TTG TTA GTC GGT GTA GTG GAA ACA GGT TTG TTC ATC GAC AAC GCT TCG AAA GCT TAC TTT GGT GAT TCT AAT GGT GCT GTT GAG GTC ATG GAA AAG 



Printing out site pattern counts


         7        810  P

castellii                                   --- --- --- --- --- --- --- --- --- --- --- --- --- --- --- --- --- --- --- --- --- --- --- --- --- --- --- --- --- --- --- AAA AAA AAA AAA AAA AAA AAA AAA AAA AAC AAC AAC AAG AAG AAG AAG AAG AAG AAG AAG AAG AAG AAG AAG AAG AAT AAT AAT AAT AAT AAT AAT AAT ACA ACA ACA ACA ACC ACC ACC ACG ACT ACT ACT ACT ACT ACT AGA AGA AGA AGC AGC AGG AGT AGT AGT AGT ATA ATC ATC ATC ATC ATC ATC ATC ATG ATG ATG ATG ATT ATT ATT ATT ATT ATT ATT ATT ATT CAA CAA CAA CAA CAA CAA CAC CAC CAG CAT CAT CAT CAT CAT CCA CCA CCA CCA CCA CCA CCT CGT CGT CTA CTA CTA CTA CTA GAA GAA GAA GAA GAA GAA GAA GAA GAA GAA GAA GAA GAA GAA GAA GAC GAC GAT GAT GAT GAT GAT GAT GAT GAT GAT GAT GAT GAT GAT GCA GCA GCA GCA GCA GCA GCA GCA GCA GCC GCC GCT GCT GCT GCT GCT GCT GGA GGC GGC GGC GGG GGG GGT GGT GGT GGT GGT GGT GGT GGT GGT GGT GGT GGT GGT GTA GTA GTA GTA GTC GTC GTC GTC GTC GTC GTC GTG GTG GTG GTG GTG GTT GTT GTT GTT GTT GTT GTT GTT GTT TAC TAC TAT TAT TAT TAT TAT TCA TCA TCC TCT TCT TCT TGG TGT TGT TGT TGT TTA TTA TTA TTA TTA TTA TTC TTC TTC TTC TTG TTG TTG TTG TTG TTG TTG TTG TTT TTT TTT TTT TTT TTT
bayanus                                     --- --- --- --- --- --- --- --- --- --- --- --- --- --- --- --- --- --- --- AGA AGC ATT CCT GAA GAT GGG GGT GTT TCC TTA TTA AAA AAA AAA AAC AAG AAT AGA AGG CAA AAC AAC AAT AAA AAA AAA AAG AAG ACA AGA CAA CAA CAG CCT GAG GAT AAA AAC AAT AAT AAT AGT GAA GAT ACC ACG AGA GCC AAG AGA GTC ACG ACA ACG ACT ACT GAC TCT AGA AGA TTG AGC AGT AAA AGT AGT GCT GGC CGT ATC ATC ATC ATT ATT GAT TTG AAC ATG GTG TTG ATA ATC ATC ATC ATC ATC ATT GGG GTC AAA CAA CAA CAG CAG CAG TAT TCC CAA AAC CAT CAT GAC TCA CCA CCA CCC CCT CCT CCT CCA AGA AGA ATT TTA TTA TTG TTG AAG ACA AGA CAA GAA GAA GAA GAA GAA GAA GAA GAA GAG TCT TTA GAT GAT GAA GAC GAC GAC GAC GAT GAT GAT GAT GAT GAT GAT GAT GCA GCA GCT GCT GCT GCT GCT GCT TCC GCC GCC GCA GCA GCC GCG GCT TCT GGC GGG GGT TCT AAA GGT GCT GCT GGA GGC GGC GGT GGT GGT GGT GGT GGT GGT GGT CTT GTG GTG GTT ATT GTC GTC GTC GTC GTG GTT ATT GTA GTA GTG GTT ATC ATC GCT GTA GTA GTC GTT GTT GTT TAC TAC CAT TAC TAT TAT TAT AAG TCT TCC CAT TCG TCT TGG AAG GGT TGC TGT TTA TTG TTG TTG TTG TTG TTC TTC TTC TTC ATC ATC CTG TTG TTG TTG TTG TTG TTC TTC TTT TTT TTT TTT
mikatae                                     --- --- --- --- --- --- --- --- --- --- --- --- --- --- --- --- --- --- ATG AAA TGC ATT CCA AAA GAT GCA GGT GTC ACT TTA TTA AAA AAA AAG AAC AAG AAT AGA AGA CAA AAC AAT AAC AAA AAA AAA AAA AAA GAA AGA AAA CAA GAT CCT GAA GAT AAA AAC AAT AAT CAT AAC GAA GAG ACG ACG AGA TGT AAA AGA GTT ACG ACA ACC ACT ACT GAA TCT AGA AGA GTA AGT AGT AAA AGC AGT GCT GGC CGC ATC ATT ATT ATT ATT GAT CTA AAT ACT ATG TTA ATA ATC ATC ATT ATT ATT GTT GGA ATT AAA CAA CAA CAA CAA CAA TAT TCT CAA AAT CAC CAT GAT TCA CCA CCA CCC CCA CCT CCT CCA AGA AGA ATT CTG TTA TTA TTG AGG AAA AGA CAA GAA GAA GAA GAA GAA GAA GAG GAG GAC CCC TTA GAT GAT GAA GAA GAC GAT GAT GAC GAC GAT GAT GAT GAT GAT GAT GCA GCA GCA GCC GCC GCT GCT GCT TCC GCA GCC GCT TCA GCT GCA GCA TCC GGT GGA GGT TCT AAA GGT GCT GCT GGT GGA GGC GGA GGC GGG GGT GGT GGT GGT GGT GTT GTC GTG GTT ATT GTC GTC GTT GTT GTA GTT ATT GTG GTG ACA GTC ATC ATT GCT GTA GTG GTT ATT GTA GTC TAC TAT CAT TAC TAT TAT TTT TCC TCG TCT CAT TCA TCC TGG AAG GGA TGT TGC TTG TTA TTG TTG TTG TTG TTC TTT TTT TTT ATC ATT TTG CTA CTA TTA TTA TTA TTC TTC TTC TTC TTC TTT
kluyveri                                    AAT ACT AGA AGG ATA ATG ATT CAA CCA CCT CTA CTC CTG CTT GAT GGG GTA TCA TTA CGA CCA ATC CTG CCT AAC AAC GAG CTG CCA CTG TTA AAA AAA GAT CAG --- AAC AAG CAA AAG AAG AAC AAC AAA AAA AAG AAG AAG GAA AGA GTC AAG AGA CCG GCC GAC GAC AAT AAC AAC AAT AGT GAG GAC ACC ACC AGA ACT ACA CAA GCT ACT ACT AAG ACC ACT CGT TCT AGA AGA AAG AGC AGC AGG ACT AGT ACG GGC AAC ATT ATT GTT ATC GTC GAG CTG AGT TTT ATG CTA ATT ATC ATC ATC ATC ATC ATT GGT ATT CAA CAA TCC CAA CAA CAG TAT GCA CAA AAC CAT CAT GAC TCC CCA CCA CCA CCT CCA CCT CCT CGT CGT ATT AAT TTA CTA CTG CAG AAG AAA CAA GAA GAA GAA GAG GAG GAT GAA GAA AAA CCG AGG GAA GAC GAA CAA GAT GAT GAT GAC GAC CAG GAC GAC GAT GAT GGA GCT TCG GTC GCA GCG GCC GCC GCT GCT ACA GCT GCA TCC GCA GCC GCT --- GGC GCT GGA TCA AGG GGC GCT GCT GGT GGC GGC GGC GGT GGT GGC GGG GGT GGT GGT GTT GTT GTG GTT GTG GTT GTT GTT GTT GTC GTT ATC GTC GTT GTC GTT GTA ATC GCG GTT GTT GTC GTG GTG GTA TAC TAC TAC TAC TAC TAC TTT CAG TCT TCC GGC TGT AGC TGG TTA GGT TGT TGC TTA TTG ATG CTG TTA TTG TTT TGC TTT TTT GTC CTG GTG CTA CTA CTG TTA TTA TTC TTT TTC TTC TTT TTC
cerevisiae                                  --- --- --- --- --- --- --- --- --- --- --- --- --- --- --- --- --- --- --- AAA GGT ATT CCA GAA GAT GCG GGC GTC TCT TTA TTG AAA AAG AAA AAC AAG AAT AGG AGA CAA AAT AAT AAC AAA AAG AAA AAA AAA GAA AGA AAA CAA CAT CCT GAG GAA AAA AAC AAT AAT AAT AAT GAA GAT ACT ACA AGA GCC AAG AGA GTT ACA ACA ACC AGT ACT GAA TCC AGA AGA GTA AGT AGT AAA AGC AGT GCT GGC CGC ATT ATT ATT ATT ATT GAC TTA AAC ATG ACC TTA ATA ATT GTC ATC ATC ATT ATT GGT ATT AAA CAA CAA CAA CAG CAA TAT TAT CAA AAC CAC CAT GAT TCA CCA CCA CCC CCT CCT CCT CCA AGA AGG ATT TTG TTA TTG TTG AAA AAA AGA CAA GAA GAA GAA GAA GAA GAA GAA GAG GAT CCT TTA GAT GAT GAA GAA GAC GAC GAT GAC GAC GAT GAT GAT GAC GAT GAT GCA GCT GCT GCT GCG GCC GCT GCA TCT GCT GCT GCA TCA GCC GCG GCA TCT GGT GGA GGT TCT AAG GGT GCT GCT GGT GGA GGT GGA GGT GGT GGT GGT GGC GGT GGT GTT GTT GTG GTT ATT GTT GTT GTG GTT GTG GTT ATT GTA GTG GCG GTT ATT ATC GCC GTG GTA GTT ATT GTC GTG TAC TAC CAT TAC TAT TAT TTT TCC TCA TCA CAT TCA TCC TGG AAG GGA TGT TGC CTA TTA CTG TTG TTG TTG TTT TTT TTC TTC ATC ATT TTG CTA TTA TTG TTA TTA TTC TTC TTC TTC TTC TTT
paradoxus                                   --- --- --- --- --- --- --- --- --- --- --- --- --- --- --- --- --- --- --- AAA AGT ATT CCA AAA GAC GGG GGT GTC TCT TTG TTG AAA --- --- AAC --- --- --- AGG --- --- AAT --- --- AAA --- --- --- --- AGA AAT --- CAT CCT GAG --- AAA AAC --- AAT AAT --- --- --- --- --- --- GCC --- --- --- ACG ACA --- --- --- --- TCC --- AGA GTA --- --- AAA AGT AGT GCT GGC CGT ATC ATT ATT --- ATT --- TTG --- ATG --- TTA ATA --- --- --- --- ATT --- --- ATT AAA CAA CAA CAA CAG CAA TAT TGT CAA --- CAC --- --- --- --- CCA --- --- --- CCT --- AGA --- --- TTG --- TTG --- --- --- --- --- --- --- GAA --- GAA GAA GAA GAG GAT ACT --- GAT --- --- GAA --- GAT GAT --- GAT GAT --- --- --- GAT GAT --- --- GCT --- GCT GCT --- GCA --- --- GCT GCA --- GCC --- GCA TCT --- GGG --- --- AAA --- --- GCT GGT GGA --- GGA GGT --- --- --- --- GGT GGT --- --- --- --- ATC --- GTC --- --- GTA GTC ATT --- GTG ACG --- --- --- --- --- --- GTT ATT --- --- TAC --- --- --- TAC TAT TTT --- --- TCT --- --- --- --- --- --- TGT TGC TTA --- --- --- CTG --- TTT TTT --- TTT --- ATA TTG --- CTA TTG --- TTG --- --- --- TTC --- TTT
kudriavzevii                                --- --- --- --- --- --- --- --- --- --- --- --- --- --- --- --- --- --- --- AAA GGT ATT CCC AAA GAT GAG GGA GTC TCC TTA TTA AAA AGG AGA AAC AAG GAT AGA AGA CAA AAT AAC AAC AAA AAA AAA AAA AAG GAA AGA GAA CAA CAT CCT GAG AGT AAA AAC AAT AAT CAT AAT GAA GAT ACA ACA AGA ACC AGG AAA GTT ACG ACA ACC GCT ACT GAA TCT AGA AGA CTG AGC AGT AAA AGT AGT GCT GGC CGT ATT ATT ATC ATT ATC AAT CTA AAC ATG ATG CTA ATA ATT ATC ATC ATT ATT ATT GGG ATC AAA CAG CAA CAG CAG CAA TAC TCT CAA AAC CAC CAC GAT TCA CCA CCG CCC CCT CCT CCT CCA AGA AGA ATC TTG TTA TTG TTG AAG AAT AGA CAA GAA GAG GAG GAA GAA GAA CAG GAA GAT CCT TTG GAT GAT GAG GAT GAC GAT GAT GAC GAC GAG GAC GAT AAT GAT GAT GCC GCT GCT GCT GCA GCT GCT GCC TCT GCC GCT GCG TCA GCC GCC GCT TCT GGT GGG GGC TCT AAA GGT GCT GCC GGG GGC GGT GGA GGT GGT GGT GGT GGT GGA GGT GTC GTT GTG GTT GTT GTC GTT GTC GTT GTC GTT ATT GTG GTA ACG GTC ATC ATC GCT GTA GTG GTT GTT GTC GTT TAC TAC AAT TAC TAC TAT TAT ATC TCT TCT CAT TCG TCC TGG AAG GGT TGT TGC TTA TTA TTG TTG CTG TTG TTT TTT TTT TTT ATC ATT TTG CTA CTA TTA TTG TTA TTC TTC TTT TTT TTT TTT



    1    1    1    2    2    2    1    1    1    1    1    1    1    1    1
    1    1    1    1    1    1    1    1    1    1    1    1    1    1    1
    1    1    1    1    1    1    1    1    1    1    1    1    1    2    1
    2    1    1    1    1    1    1    1    1    1    1    1    1    1    1
    1    1    1    1    1    1    1    1    1    1    1    1    1    1    1
    1    1    1    1    1    1    1    1    1    1    1    1    1    1    1
    1    1    1    1    1    1    1    1    1    1    1    1    1    1    1
    1    1    1    1    1    1    1    1    1    1    1    1    1    1    1
    1    1    1    1    1    1    1    1    1    1    1    1    1    1    1
    1    1    1    1    1    1    1    1    1    2    1    1    1    1    1
    1    1    1    1    1    1    1    1    1    1    1    1    1    1    1
    3    1    1    1    1    1    1    1    1    1    1    1    1    1    1
    1    1    1    1    1    1    1    1    1    1    1    1    1    1    1
    1    1    1    1    1    1    1    3    1    1    1    1    1    1    1
    1    1    1    1    1    1    1    1    1    1    1    1    1    1    1
    1    1    1    1    1    1    1    1    1    1    1    1    1    1    1
    1    1    1    1    1    1    1    1    1    1    1    1    1    1    1
    1    1    1    1    1    1    1    1    1    1    1    1    1    1    1


CODONML (in paml version 4.4b, July 2010)  torun.nuc
Model: One dN/dS ratio for branches Global clock 
Codon frequency model: F3x4
ns =   7  ls = 280

Codon usage in sequences
--------------------------------------------------------------------------------------------------------------
Phe TTT  6  4  5  7  4  5 | Ser TCT  3  6  4  2  4  3 | Tyr TAT  5  4  4  1  4  2 | Cys TGT  4  1  2  2  1  2
    TTC  4  6  6  4  7  1 |     TCC  1  4  4  4  3  1 |     TAC  2  3  2  6  3  2 |     TGC  0  1  2  2  1  1
Leu TTA  6  6 10  8  9  2 |     TCA  2  1  3  2  5  0 | *** TAA  0  0  0  0  0  0 | *** TGA  0  0  0  0  0  0
    TTG  8 15  7  2  9  8 |     TCG  0  1  1  1  0  0 |     TAG  0  0  0  0  0  0 | Trp TGG  1  1  1  1  1  0
--------------------------------------------------------------------------------------------------------------
Leu CTT  0  1  0  1  0  0 | Pro CCT  1  5  3  5  5  2 | His CAT  5  4  4  2  4  1 | Arg CGT  2  1  0  3  0  1
    CTC  0  0  0  1  0  0 |     CCC  0  1  2  0  1  0 |     CAC  2  0  1  0  1  1 |     CGC  0  0  1  0  1  0
    CTA  5  0  3  5  2  1 |     CCA  6  3  5  7  4  2 | Gln CAA  6  7  9 10  8  5 |     CGA  0  0  0  1  0  0
    CTG  0  1  1  9  1  1 |     CCG  0  0  0  2  0  0 |     CAG  1  4  0  5  1  1 |     CGG  0  0  0  0  0  0
--------------------------------------------------------------------------------------------------------------
Ile ATT  9  7 15  7 16  8 | Thr ACT  6  2  4  6  2  1 | Asn AAT  8  5  6  4  7  4 | Ser AGT  4  4  3  3  4  3
    ATC  7 12  5  9  4  2 |     ACC  3  1  1  3  2  0 |     AAC  3  6  5  9  5  2 |     AGC  2  2  1  3  1  0
    ATA  1  1  1  2  1  2 |     ACA  4  3  2  2  3  1 | Lys AAA  9 12 18  7 15  8 | Arg AGA  3 10 10  6  8  3
Met ATG  4  1  2  4  1  1 |     ACG  1  3  3  1  0  2 |     AAG 15  7  3 11  6  0 |     AGG  1  1  1  5  2  1
--------------------------------------------------------------------------------------------------------------
Val GTT  9  7  8 13 10  1 | Ala GCT  6 11  9  9  9  6 | Asp GAT 15 16 17 10 14 10 | Gly GGT 15 14 12 10 15  7
    GTC  7  7  6  8  3  3 |     GCC  2  4  3  4  4  2 |     GAC  2  6  4  9  6  1 |     GGC  3  4  3  8  3  1
    GTA  4  4  4  3  3  2 |     GCA  9  4  7  4  4  3 | Glu GAA 16 12 13  8 15  5 |     GGA  1  1  5  2  4  2
    GTG  5  5  4  5  6  1 |     GCG  0  1  0  2  4  0 |     GAG  0  2  3  6  2  2 |     GGG  2  3  1  2  0  2
--------------------------------------------------------------------------------------------------------------

--------------------------------------------------
Phe TTT  8 | Ser TCT  7 | Tyr TAT  2 | Cys TGT  1
    TTC  2 |     TCC  2 |     TAC  5 |     TGC  1
Leu TTA  7 |     TCA  2 | *** TAA  0 | *** TGA  0
    TTG  9 |     TCG  1 |     TAG  0 | Trp TGG  1
--------------------------------------------------
Leu CTT  0 | Pro CCT  5 | His CAT  3 | Arg CGT  1
    CTC  0 |     CCC  2 |     CAC  2 |     CGC  0
    CTA  4 |     CCA  2 | Gln CAA  6 |     CGA  0
    CTG  2 |     CCG  1 |     CAG  4 |     CGG  0
--------------------------------------------------
Ile ATT 10 | Thr ACT  1 | Asn AAT  8 | Ser AGT  4
    ATC 10 |     ACC  2 |     AAC  6 |     AGC  1
    ATA  1 |     ACA  3 | Lys AAA 14 | Arg AGA 10
Met ATG  2 |     ACG  2 |     AAG  4 |     AGG  2
--------------------------------------------------
Val GTT 10 | Ala GCT 11 | Asp GAT 15 | Gly GGT 13
    GTC  7 |     GCC  6 |     GAC  4 |     GGC  3
    GTA  2 |     GCA  1 | Glu GAA 10 |     GGA  3
    GTG  3 |     GCG  1 |     GAG  6 |     GGG  3
--------------------------------------------------

Codon position x base (3x4) table for each sequence.

#1: castellii      
position  1:    T:0.17073    C:0.11382    A:0.32520    G:0.39024
position  2:    T:0.30488    C:0.17886    A:0.36179    G:0.15447
position  3:    T:0.39837    C:0.15447    A:0.29268    G:0.15447
Average         T:0.29133    C:0.14905    A:0.32656    G:0.23306

#2: bayanus        
position  1:    T:0.20543    C:0.10465    A:0.29845    G:0.39147
position  2:    T:0.29845    C:0.19380    A:0.34109    G:0.16667
position  3:    T:0.35659    C:0.22093    A:0.24806    G:0.17442
Average         T:0.28682    C:0.17313    A:0.29587    G:0.24419

#3: mikatae        
position  1:    T:0.19691    C:0.11197    A:0.30888    G:0.38224
position  2:    T:0.29730    C:0.19691    A:0.34363    G:0.16216
position  3:    T:0.37066    C:0.17761    A:0.34749    G:0.10425
Average         T:0.28829    C:0.16216    A:0.33333    G:0.21622

#4: kluyveri       
position  1:    T:0.15108    C:0.18345    A:0.29496    G:0.37050
position  2:    T:0.31655    C:0.19424    A:0.31655    G:0.17266
position  3:    T:0.30576    C:0.25180    A:0.24101    G:0.20144
Average         T:0.25779    C:0.20983    A:0.28417    G:0.24820

#5: cerevisiae     
position  1:    T:0.19767    C:0.10853    A:0.29845    G:0.39535
position  2:    T:0.29457    C:0.19380    A:0.35271    G:0.15891
position  3:    T:0.38372    C:0.17442    A:0.31395    G:0.12791
Average         T:0.29199    C:0.15891    A:0.32171    G:0.22739

#6: paradoxus      
position  1:    T:0.21094    C:0.11719    A:0.29688    G:0.37500
position  2:    T:0.29688    C:0.17969    A:0.34375    G:0.17969
position  3:    T:0.43750    C:0.13281    A:0.28125    G:0.14844
Average         T:0.31510    C:0.14323    A:0.30729    G:0.23438

#7: kudriavzevii   
position  1:    T:0.18605    C:0.12403    A:0.31008    G:0.37984
position  2:    T:0.29845    C:0.18992    A:0.34496    G:0.16667
position  3:    T:0.38372    C:0.20543    A:0.25194    G:0.15891
Average         T:0.28941    C:0.17313    A:0.30233    G:0.23514

Sums of codon usage counts
------------------------------------------------------------------------------
Phe F TTT      39 | Ser S TCT      29 | Tyr Y TAT      22 | Cys C TGT      13
      TTC      30 |       TCC      19 |       TAC      23 |       TGC       8
Leu L TTA      48 |       TCA      15 | *** * TAA       0 | *** * TGA       0
      TTG      58 |       TCG       4 |       TAG       0 | Trp W TGG       6
------------------------------------------------------------------------------
Leu L CTT       2 | Pro P CCT      26 | His H CAT      23 | Arg R CGT       8
      CTC       1 |       CCC       6 |       CAC       7 |       CGC       2
      CTA      20 |       CCA      29 | Gln Q CAA      51 |       CGA       1
      CTG      15 |       CCG       3 |       CAG      16 |       CGG       0
------------------------------------------------------------------------------
Ile I ATT      72 | Thr T ACT      22 | Asn N AAT      42 | Ser S AGT      25
      ATC      49 |       ACC      12 |       AAC      36 |       AGC      10
      ATA       9 |       ACA      18 | Lys K AAA      83 | Arg R AGA      50
Met M ATG      15 |       ACG      12 |       AAG      46 |       AGG      13
------------------------------------------------------------------------------
Val V GTT      58 | Ala A GCT      61 | Asp D GAT      97 | Gly G GGT      86
      GTC      41 |       GCC      25 |       GAC      32 |       GGC      25
      GTA      22 |       GCA      32 | Glu E GAA      79 |       GGA      18
      GTG      29 |       GCG       8 |       GAG      21 |       GGG      13
------------------------------------------------------------------------------

(Ambiguity data are not used in the counts.)


Codon position x base (3x4) table, overall

position  1:    T:0.18635    C:0.12463    A:0.30504    G:0.38398
position  2:    T:0.30148    C:0.19050    A:0.34303    G:0.16499
position  3:    T:0.37092    C:0.19347    A:0.28190    G:0.15371
Average         T:0.28625    C:0.16954    A:0.30999    G:0.23422

Codon frequencies under model, for use in evolver (TTT TTC TTA TTG ... GGG):
  0.02162856  0.01128146  0.01643770  0.00896287
  0.01366686  0.00712864  0.01038682  0.00566355
  0.02460887  0.01283599  0.00000000  0.00000000
  0.01183610  0.00617371  0.00000000  0.00490488
  0.01446496  0.00754492  0.01099337  0.00599428
  0.00914026  0.00476756  0.00694660  0.00378772
  0.01645816  0.00858458  0.01250820  0.00682026
  0.00791586  0.00412891  0.00601606  0.00328033
  0.03540471  0.01846710  0.02690758  0.01467171
  0.02237187  0.01166917  0.01700262  0.00927090
  0.04028331  0.02101177  0.03061531  0.01669340
  0.01937502  0.01010601  0.01472501  0.00802901
  0.04456585  0.02324555  0.03387004  0.01846809
  0.02816070  0.01468862  0.02140213  0.01166980
  0.05070681  0.02644867  0.03853718  0.02101290
  0.02438840  0.01272099  0.01853518  0.01010655



Nei & Gojobori 1986. dN/dS (dN, dS)
(Pairwise deletion)
(Note: This matrix is not used in later ML. analysis.
Use runmode = -2 for ML pairwise comparison.)

castellii           
bayanus              0.1065 (0.2003 1.8807)
mikatae             -1.0000 (0.2153 -1.0000) 0.0524 (0.0613 1.1711)
kluyveri            -1.0000 (0.2320 -1.0000)-1.0000 (0.2040 -1.0000)-1.0000 (0.2168 -1.0000)
cerevisiae          -1.0000 (0.2009 -1.0000) 0.0476 (0.0496 1.0421) 0.0427 (0.0308 0.7201)-1.0000 (0.2149 -1.0000)
paradoxus            0.0861 (0.1888 2.1935) 0.0531 (0.0521 0.9813) 0.0563 (0.0397 0.7048)-1.0000 (0.2827 -1.0000) 0.0556 (0.0238 0.4291)
kudriavzevii        -1.0000 (0.2136 -1.0000) 0.0780 (0.0656 0.8409) 0.0624 (0.0566 0.9062)-1.0000 (0.2178 -1.0000) 0.0740 (0.0562 0.7595) 0.0677 (0.0523 0.7724)


TREE #  1:  ((((((5, 6), 3), 7), 2), 1), 4);   MP score: -1
lnL(ntime:  6  np:  8):  -3364.819262      +0.000000
   8..9     9..10   10..11   11..12   12..13   13..5    13..6    12..3    11..7    10..2     9..1     8..4  
 1.936334 1.831527 0.465558 0.385444 0.270342 0.198171 2.564064 0.056839
SEs for parameters:
 0.219951 0.202938 0.038199 0.031818 0.026405 0.037599 0.295625 0.006201

tree length =   7.02371

((((((5: 0.198171, 6: 0.198171): 0.072172, 3: 0.270342): 0.115102, 7: 0.385444): 0.080114, 2: 0.465558): 1.365970, 1: 1.831527): 0.104806, 4: 1.936334);

((((((cerevisiae: 0.198171, paradoxus: 0.198171): 0.072172, mikatae: 0.270342): 0.115102, kudriavzevii: 0.385444): 0.080114, bayanus: 0.465558): 1.365970, castellii: 1.831527): 0.104806, kluyveri: 1.936334);

Detailed output identifying parameters

kappa (ts/tv) =  2.56406

omega (dN/dS) =  0.05684

dN & dS for each branch

 branch          t       N       S   dN/dS      dN      dS  N*dN  S*dS

   8..9      0.105   629.3   210.7  0.0568  0.0068  0.1191   4.3  25.1
   9..10     1.366   629.3   210.7  0.0568  0.0882  1.5520  55.5 327.0
  10..11     0.080   629.3   210.7  0.0568  0.0052  0.0910   3.3  19.2
  11..12     0.115   629.3   210.7  0.0568  0.0074  0.1308   4.7  27.6
  12..13     0.072   629.3   210.7  0.0568  0.0047  0.0820   2.9  17.3
  13..5      0.198   629.3   210.7  0.0568  0.0128  0.2252   8.1  47.4
  13..6      0.198   629.3   210.7  0.0568  0.0128  0.2252   8.1  47.4
  12..3      0.270   629.3   210.7  0.0568  0.0175  0.3072  11.0  64.7
  11..7      0.385   629.3   210.7  0.0568  0.0249  0.4379  15.7  92.3
  10..2      0.466   629.3   210.7  0.0568  0.0301  0.5290  18.9 111.4
   9..1      1.832   629.3   210.7  0.0568  0.1183  2.0810  74.4 438.4
   8..4      1.936   629.3   210.7  0.0568  0.1250  2.2001  78.7 463.5

tree length for dN:       0.4536
tree length for dS:       7.9804


Time used:  0:07
