
seed used = 1418756101
      7   1302

castellii                                  ATG AGT ACA TAC GAG CTT CAA CCC ATG ATT TAC CAG AAT --- --- --- CAA CAA CAT ATT CAA CCG CAA ACG TTA TCA ACA TCA GAG CAG GCT GCT ATT GAA GAG GGA ATA CAA CAG AAG ATA ACT TTT GCA AGA CAA GAA TCG AAA CAT CTC TAT GTG CAA ATT GAT AAG GTG AAA TCG AAG ATT CAA GAT GCA AAT TTA TTT GAA ATG TCA CCA CAG GTT CCC TCT CTG GCA AAA AAT AAG ATT AAT TTA CAA TCT ACA TTA ACA TTA AAG GGA CAT AAT AAT AAG ATC TCC GAT TTT AGA TGG AGT CGT GAC TCT AAA TCT ATT TTA AGC GCG AGT CAA GAT GGG TTC ATG TTA ATC TGG GAC ACG GCA TCT GGA TTA AAG AGG AAT GCG ATA CCA CTG GAT TCA CAA TGG GTC TTA TCT TGT GCT CTT TCC CCG TCT GGA AAT TTA GCT GCA AGT GCC GGT TTA AAT AAT AAT TGT ACC ATA TAT CGT GTC TCC AAA GAG AAT CGT GTA CAG CAA AAT GTT GTA TCT ATA TTC AAA GGA CAT ACA TGT TAC ATA TCA GAT ATC GAA TTT TTG GAT AAT AGT CAT ATA ATA ACA AGT AGT GGT GAT ATG ACA TGT GCC TTA TGG GAT ATT CCA AAG GCC AAG AGA GTA AGG GAA TAT GCA GAC CAT CTT GGT GAC GTA TTA GCG TTG GCT TTA CCG CCA CCA TCA GCA GAT GAA AAT ACA GGA GCT AAT ATA TTT GCT AGT TGC GGT TCT GAT GGT TAT ACG TAT ATT TGG GAT ACG AGG ACA TCG GCT GCA GTA CAA AAA TTC TTT GCC AGC GAT ACT GAT GTC AAT GCA ATT CAA TTC TTT AAG GAT GGG AAT TCC ATT GTT ACT GGT GGA GAT GAT GGT GTC ATA AAT ATG TTT GAT TTA AGA TCC GAT TGT GCG ATT GCA AGT TAT TCC TTG CAA CAA GGA ATA --- --- --- CAG AAA GAA ATA AGA GAC CCT ACA TAT ATG AGC TCA AAT ATG GAA TAT TCG AGA --- --- --- GGC TCA CCA CAA TCG CCA --- ATT TCA ACG GCA ATA AGT TCC AGT TAT CTA GAT AAT CAA GGT GTA GTT TCT TTG GAT TTC AGT AAT TCT GGA AGA TTG ATG TTT GCA TGT TAT ACC GAT TTA GGT TGT ATT ATA TGG GAT GTA TTA AAG GCT GAA ATT GTG GGT AAA TTG GAA GGT CAT TCT AAT AGA GTT TCA AGC GTA AGG ACA AGT CCC GAT GGG TTA GGT GTT TGT ACA GGT TCG TGG GAT TCG ACA ATG AGA ATT TGG TCT CCA AAT TAT ATG 
bayanus                                    ATG ACC GCA TAT CAA ATG GAT TCA GCA GCG TAT GCC AAT AGT GTC ACT CAG CAA TAT ACT CAG CCG CAA AGT TTA ACT TTA CAA GAC ATT TCA GCT GTA GAG GAT GAA ATA CAA AAT AAA ATA GAG GCT GCC AGA CAA GAG AGT AAA CAG CTC CAT GCA CAA ATA GGC AAG GTT AAG CAT AAA ATA CAG GAC GCA AAC CTA TTT CAG ATG GCC AAT AAA CTG GCG CCA CTA ACC AAA AAT AAG ATC AAT TTG AAA CCG AAT ATG GTA CTA AAA GGT CAT AAC AAT AAA ATC TCA GAC TTT CGC TGG AGT CGA GAT TCA AAA CAT ATT TTG AGT GCA AGT CAA GAT GGC TTC ATG CTT ATA TGG GAC AGT GCT TCA GGT TTG AAA CAA AAC GCT ATC CCA TTA GAT TCT CAA TGG GTC CTT TCC TGT GCC ATC TCG CCA TCA AGT AAT TTG GTA GCA AGT GCA GGC CTG AAC AAT AAC TGT ACC ATT TAT AGA GTG TCA AAA GAA AAT AGA GTG CAA CAA AAT GTT GCA TCA ATT TTC AAA GGA CAT ACC TGT TAT ATT TCG GAC ATC GAA TTT ACA GAT AAC TCG CAT ATA TTG ACA GCG AGT GGG GAT ATG ACA TGT GCC TTG TGG GAT ATA CCG AAA GCA AAA AGA GTG AGA GAA TAT TCC GAT CAT TTG GGT GAT GTT CTG GCA TTA GCC GTT CCT GAA GAG CCA AAC TCA GAG ACC TCC --- TCT AAT ATT TTC GCT AGT TGC GGT TCA GAC GGG TAT ACA TAT ATA TGG GAT AAT AGA TCC CCA TCT GCA GTG CAA AGC TTC TAC GTT AAT GAT AGT GAT ATC AAT GCA CTT CGC TTT TTC AAA GAT GGG ATG TCA ATC GTG ACA GGG AGT GAC AAC GGT GTA ATA AAT ATG TAT GAC TTA AGG TCG GAC TGC TCC ATA GCT AGT TTC TCT CTC TTT CGA AGT TAT --- --- --- GAG GAA CAC --- --- AGC CCT ACG TAT ATG GCA GCC AAC ATG GAA TAT AAT --- --- --- --- --- AGC ACT CAA TCA CCA CAA ACT GTA AGA TCT ACG ACT TCA GGC TAC CTA GAT AAT CAG GGA GTT GTT TCT TTA GAC TTT AGT GCA TCA GGA AGA TTA ATG TAC TCA TGC TAT ACA GAT CTC GGT TGT ATT GTA TGG GAC ATA TTA AAA GCA GAG ATT GTA GGG AAA CTC GAA GGT CAC GGC GGG AGA GTT ACT GGT GTA CGC TCC AGT CCA GAT GGA TTA GCT GTA TGC ACA GGT TCG TGG GAC TCG ACT ATG AAA ATC TGG TCT CCA GGT TAC CAA 
mikatae                                    ATG ACA GCA CAC CAA ATG GAC TCG ATA GCG TAC CCT AGT AGC GTC ACC CAG CAA TAC ATA CAG CCA CAA GGT TTA AGT CTA CAG GAT ATT TCT GTT GTG GAG GAT GAA ATC CAA AAT AAA ATA GAA GCT GCC AGG CAG GAG AGT AAA CAG CTT CAT GCC CAA ATA AAC AAA GCC AAA TAT AAA ATA CAG GAT GCA AGC TTG TTT CAG ATG GCT AGG AAA GTT GCA TCT TTG GCC AAG AGT AGA ATT AAC TTA AAA CCA AAC ATG GTT CTA AAA GGT CAT AAT AAT AAA ATC TCA GAC TTT CGC TGG AGT CGA GAT TCA AAA CGT ATT TTG AGT GCA AGC CAA GAT GGT TTC ATG CTT ATA TGG GAT AGT ACT TCA GGA TTG AAA CAA AAT GCT ATT CCA TTA GAT TCC CAG TGG GTT CTC TCT TGC GCT ATA TCA CCA TCG AGT AAT TTA GTA GCA AGT GCA GGT TTA AAC AAT AAC TGT ACG ATT TAT AGA GTC TCG AAA GAA AAC AGA GTG CAA CAA AAT GTT GCA TCT ATT TTT AAA GGA CAT ACA TGT TAT ATT TCG GAC ATT GAA TTC ACA GAC AAT GCA CAT ATA TTG ACA GCA AGT GGG GAT ATG ACA TGT GCT TTG TGG GAT ATA CCG AAA GCA AAG AGA GTA AGG GAA TAT TCA GAC CAT CTA GGC GAT GTT CTA GCA CTA GCC ATT CCT GAA GAA CCA AAC TCA GAA ATT TCC --- TCC AAT ACA TTT GCT AGT TGC GGG TCA GAT GGG TAT ACT TAC ATC TGG GAT AAT AGA TCT CCA TCT GCT GTA CAA AGT TTT TAC GTT AAC GAT AGC GAC ATC AAT GCA CTT CGC TTT TTT AAA GAT GGG ATG TCA ATT GTA ACA GGA AGC GAC AGC GGT GTA ATA AAT ATG TAT GAT TTG AGG TCT GAT TGC TCT ATT GCT ACT TTT TCT CTT TTT CGA GGT TAT --- --- --- GAA GAA CGA ACT TCT ACC CCT ACC TAT TTA GCA GCT AAC ATG GAG TAT AAT --- --- --- --- --- ACT ACA CAA TCA CCA CAA ACG TTA AAA TCA ACA AGC TCA AGC TAT CTA GAT AAC CAA GGA GTT GTT TCT TTA GAT TTT AGT GCA TCT GGA AGG TTA ATG TAC TCG TGT TAT ACA GAC ATT GGT TGT ATT GTG TGG GAT GTA TTG AAG GCA GAG ATC GTT GGG AAA TTG GAA GGA CAT GGT GGG AGG GTT ACC AAT GTA CGC TCT AGC CCG GAT GGA TTA GCT GTA TGT ACA GGT TCG TGG GAC TCG ACT ATG AAG ATC TGG TCT CCA AGT TAT TCA 
kluyveri                                   --- --- --- --- --- ATG GAT CAA ACA GCA ATT CCT AAC GGC ACA TTT GGT TCT TCC ATC CAG CCA CAA --- TTA TTT CAA ACC GAT GTC ACT CAT GTG GAA GAA AAC ATC CAG CGA AAA ATA GAG CTG GCA AAA GAA CAA ACT AAG CAG TTA TAC GTT CAA ATA AAC CGA GTT AAA TCA AAA GTA AAA GAT GCA GAG TTA GTA AAC ATG GCT TCA AGT GTA ACC CAG CTT CCA TAT GGT GAC ATC AAC CTG AAA AGT TCA ATG ACA TTA AAA GGT CAC AAC AAT AAA ATA TCT GAC TTC AGA TGG AGT AGG GAC TCT AAA AGC ATC TTA AGC GCG TCT CAA GAC GGA TTC ATG CTT ATA TGG GAC CCG ATG TCG GGC TTG AAG AAA AAT GCA ATT CCT TTA GAC TCT CAA TGG GTG TTA GCG TGT GCT ATC TCT CCC AGT AGA AAT CTG GTT GCG AGT GGT GGC TTG AGC AAC AAT TGT ACT ATC TAC AGA ATT AGT CAA GAG AAT AGA ACT CAA CAA AAA ATT GTG TCA ATT TTC AAA GGT CAT ACT TGC TAC GTT TCT GAT CTA GAA TTT ATT AAC AAT GAA AGC ATA TTG ACT GCT AGT GGT GAT ATG ACG TGT GCA CTG TGG GAT ATA CCC AAA AGT AAG CGG GTT TCC GAA TAT TCT GAT CAT TTG GGC GAT GTA TTG ACA CTT TCA GTT CCT CCA GCA GGC ACT ACT AGT TAC GAC --- --- AGT ATG TTT GCT AGT GGC GGA TCG GAC GGA TAC GTA TAT CTT TGG GAT ACA AGG AGT CCC TCT TCT GTG CAA AAT TTT TTT GTT AGT GAC AGT GAT ATC AGT ACT GTG AGA TTC TTC AGT GAC GGT AAC TCG ATT ATC ACC GGC AGT GAT GAC GGT ATT GCT AGA TTA TTT GAT TTG AGG TCA GAC TGT GAG CTT TCG AGT TAC TCC CTG TCA CAA AAA GTA CAA CAG CAA CAG ATG AAG CTA AAA AAT CGC TCG TAT TTA TCA TCC ACT ATG GAG TAC AGT AAC TCT TCT GCT GCA GCA ACT CCG TAT TCT CCT GCT GCA GAA ACA ATC AGG TCA AGT TAT TTA GAC AAT CAA GGA ATT GTT TCT TTG GAC TTT AGT ATC TCT GGG CGG TTG CTT TAC GCA TGC TAC ACT GAA TAT GGC TGT ATC GTC TGG GAT ACC CTA AGA GGA GAG ATT GTT GGA AGA CTG GAA GGA CAT TCT AGT AGG ATA TCT GGT GTG AGA ACG AGT CCT GAT GGA ATG TGT GTG TGT ACT GGC TCT TGG GAC TCT ACA ATG AAG TTG TGG ACA CCT GGT TAC ACC 
cerevisiae                                 ATG GCA GCA CAT CAG ATG GAC TCG ATA ACG TAT TCT AAT AAT GTC ACC CAA CAG TAT ATA CAA CCA CAA --- --- AGT CTA CAG GAT ATC TCT GCA GTG GAG GAT GAA ATT CAA AAT AAA ATA GAG GCC GCC AGA CAA GAG AGT AAA CAG CTT CAT GCT CAA ATA AAT AAA GCA AAA CAC AAG ATA CAA GAT GCA AGC TTA TTC CAG ATG GCC AAC AAA GTT ACT TCG TTG ACC AAA AAT AAG ATC AAC TTA AAG CCA AAT ATC GTG TTG AAA GGC CAT AAT AAT AAA ATC TCA GAT TTT CGG TGG AGT CGA GAT TCA AAA CGT ATT TTG AGT GCA AGT CAA GAT GGC TTT ATG CTT ATA TGG GAC AGT GCT TCA GGT TTA AAA CAG AAC GCT ATT CCA TTA GAT TCT CAA TGG GTT CTT TCC TGC GCT ATT TCG CCA TCG AGT ACT TTG GTA GCA AGC GCA GGA TTA AAC AAT AAC TGT ACC ATT TAT AGA GTT TCG AAA GAA AAC AGA GTA GCG CAA AAC GTT GCG TCA ATT TTC AAA GGA CAT ACT TGC TAT ATT TCT GAC ATT GAA TTT ACA GAT AAC GCA CAT ATA TTG ACA GCA AGT GGG GAT ATG ACA TGT GCC TTG TGG GAT ATA CCG AAA GCA AAG AGG GTG AGA GAA TAT TCT GAC CAT TTA GGT GAT GTT TTG GCA TTA GCT ATT CCT GAA GAG CCA AAC TCA GAA AAT TCT --- TCG AAC ACA TTC GCT AGC TGT GGA TCA GAC GGG TAT ACT TAC ATA TGG GAT AGC AGA TCT CCG TCC GCT GTA CAA AGC TTT TAC GTT AAC GAT AGT GAT ATT AAT GCA CTT CGT TTT TTC AAA GAC GGG ATG TCG ATT GTT GCA GGA AGT GAC AAT GGT GCG ATA AAT ATG TAT GAT TTA AGG TCG GAC TGT TCT ATT GCT ACT TTT TCT CTT TTT CGA GGT TAT --- --- --- GAA GAA CGT ACC CCT ACC CCT ACT TAT ATG GCA GCT AAC ATG GAG TAC AAT --- --- --- --- --- ACC GCG CAA TCG CCA CAA ACT TTA AAA TCA ACA AGC TCA AGC TAT CTA GAC AAC CAA GGC GTT GTT TCT TTA GAT TTT AGT GCA TCT GGA AGA TTG ATG TAC TCA TGC TAT ACA GAC ATT GGT TGT GTT GTG TGG GAT GTA TTA AAA GGA GAG ATT GTT GGA AAA TTA GAA GGT CAT GGT GGC AGA GTC ACT GGT GTG CGC TCG AGT CCA GAT GGG TTA GCT GTA TGT ACA GGT TCA TGG GAC TCA ACC ATG AAA ATA TGG TCT CCA GGT TAT CAA 
paradoxus                                  ATG GCA GCA CAT CAA ATG GAC TCA ATA GCG TAT GCT AAT AAC GTT ACT CAA CCA TAC ATA CAG CCA CAA --- --- ACT CTA CAC GAT ATT TCA GCT GTG GAG GAT GAA ATT CAA AAT AAA ATA GAG GCC GCC AGA CAA GAG AGT AAA CAG CTT CAT GCC CAA ATA AAT AAA GCA AAA CAT AAG ATA CAA GAT GCA AGC TTA TTC CAG ATG GCC AGT AAA GTC GTG TCG TTG ACC AAA AAT AAG ATC AAC TTG AAA CCA AAT ATC GTA TTG AAA GGT CAT AAT AAT AAA ATC TCA GAT TTT CGC TGG AGT CGA GAT TCC AAA CGT ATC CTG AGT GCA AGC CAA GAT GGC TTC ATG CTT ATA TGG GAT AGT GCT TCG GGT TTG AAA CAA AAC GCT ATT CCA TTG GAT TCC CAG TGG GTT CTC TCC TGT GCT ATC TCA CCA TCG AGT AAT TTG GTA GCG AGT GCA GGA CTA AAC AAT AAC TGT ACC ATT TAT AGA GTT TCG AAA GAA AAC AGA GTA CAA CAA AAC GTT GCG TCA ATT TTT AAA GGA CAT ACT TGT TAC ATT TCG GAC ATT GAA TTC ACA GAC AAC GCA CAT ATA TTG ACT GCA AGT GGG GAT ATG ACG TGT GCC TTG TGG GAT ATA CCG AAA GCA AAG AGA GTG AGA GAA TAT TCT GAC CAT TTA GGT GAC GTT TTG GCA TTA GCC ATT CCT GAA GAG TCA AAC TCA GAA AAT TCC --- TCC AAT ACA TTC GCC AGT TGT GGA TCA GAT GGG TAT ACT TAC ATA TGG GAT AAC AGA TCT CCA TCC GCT GTA CAA AGC TTC TAC GTT AAC GAT AGT GAT ATC AAT GCT CTT CGA TTT TTC AAA GAC GGG ATG TCA ATT GTG ACA GGA AGT GAC AAT GGT GTA ATA AAT ATG TAT GAT TTA AGG TCA GAC TGC TCT ATT GCT ACT TTT TCT CTT TTC CGA GGT TAT --- --- --- GAA GAA CGA ACC TCT ACC CCT ACT TAT ATG GCA GCT AAC ATG GAG TAC AAT --- --- --- --- --- ACC GCT CAA TCA CCA AAA ACT CTA AAA TCA ACG AGC TCA AGC TAC CTA GAC AAC CAA GGT GTT GTT TCT TTA GAC TTC AGT GCA TCA GGA AGA TTA ATG TAC TCA TGT TAT ACA GAC ATT GGT TGT ATT GTG TGG GAT GTA TTG AAA GCA GAG ATT GTT GGA AAA TTG GAA GGT CAT GGT GGG AGA ATC ACT GGT GTA CGC TCC AGT CCA GAT GGG TTA GCT GTA TGT ACA GGT TCT TGG GAC TCG ACT ATG AAA ATA TGG TCT CCA GGT TAT CAA 
kudriavzevii                               ATG GCT GCA CAT CAA ATA GAT CCG ATA GGG TAC GCC AAT AAC GTC ACT CAG CAA TAT ACA CAG CCG CAA AGT TTA AGT CTG CAA GAT ATT TCT GCT GTA GAG GAT GAA TTT AAA AAT AAA ATA GAA GCT GCC AGA CAA GAA AGT AAA CAG CTT CAT GCA CAA ATA AAT AAA GCT AAA TAT AAG ATA CAA GAT GCA AAC TTA TTC CAG ATG GCT AGC AAA CTT GCG CCA CTA ACC AAA AAT AAA ATC AAT TTG AAA CCA AAT ATC GTA TTG AAA GGT CAT AAT AAT AAA ATC TCT GAC TTT CGC TGG AGC CGA GAT TCA AGG CAT ATT TTG AGT GCG AGC CAA GAT GGT TTC ATG CTT ATA TGG GAT AGT GCA TCG GGT TTG AAA CAA AAC GCT ATT CCA TTA GAT TCC CAA TGG GTT CTT TCC TGT GCT ATC TCA CCA TCC AGT AAT CTA GTA GCG AGT GCA GGT TTA AAC AAT AAC TGT ACC ATT TAT AGA GTT TCG AAA GAG AAT AGA GTG CAA CAA AAC GTT GCG TCA ATT TTT AAA GGA CAT ACC TGT TAC ATT TCG GAC ATT GAA TTC ATA GAT AAC TCA CAT ATA TTA ACA GCG AGT GGA GAT ATG ACA TGT GCT TTA TGG GAT ATA CCG AAG GCA AAG AGA GTG AGA GAA TAT TCT GAT CAT TTG GGT GAT GTC CTG GCA TTA GCA ATT CCT GAA GAG ACA AAC TCA GAA AAT TCT --- CTT AAT ACT TTC GCT AGT TGC GGG TCA GAC GGG TAT ACT TAT ATT TGG GAC AAC AGG TCG CCA TCT GCT GTA CAA AGT TTT TAC GTT AAC GAT AGT GAC ATC AAT GCA CTT CGC TTT TTC AAA GAT GGG ATG TCA ATT GTG ACT GGA AGT GAC AGT GGT GTA GTA AAT ATG TAC GAT TTG AGG TCA GAT TGC TCT ATT GCT ACT TTT TCC CTT TCC CGA GGG AAT --- --- --- GAA GAA CAC ACC TTA ACC CCT ACC TAC ATT GCA GCC AAC ATG GAG TAC AAT --- --- --- --- --- AAT ACA CAA TCA CCC CGA ACT TTT AAA TCG ACC AGT TCA AGT TAC CTA GAT AAT CAA GGG GTT GTA TCT CTA GAC TTT AGT GCA TCG GGA AGA TTA ATG TAC GCA TGT TAT ACA GAT GTT GGT TGT ATT GTG TGG GAC GTA TTG AAA GCT GAG ATT GTT GGG AAA CTG GAA GGC CAT GGC GGA AGA GTT ACT GGT GTA CGC TCC AGT CCA GAT GGT TTG GCT GTA TGT ACA GGT TCG TGG GAC TCG ATC ATG AAA ATC TGG TCT CCA GGT TAC CAG 



Printing out site pattern counts


         7       1194  P G
G 2       90    308

castellii                                   --- --- --- AAA AAA AAA AAG AAG AAG AAG AAT AAT AAT AAT ACA ACA ACA ACA ACG ACT AGA AGT ATA ATA ATG ATG ATG ATT ATT ATT ATT ATT ATT CAA CAA CAA CAA CAA CAA CAA CAA CAA CAG CAG CAG CAG CAT CAT CCA CCC CCC CCG CTC CTG CTT GAA GAA GAA GAG GAG GAG GAT GAT GCA GCA GCA GCT GCT GGA GGA GTG GTG GTT TAC TAC TAT TCA TCA TCA TCG TCG TCT TCT TTA TTA TTA TTA TTA TTT TTT --- --- --- --- --- AAA AAA AAA AAA AAA AAA AAG AAG AAG AAG AAG AAG AAT AAT AAT AAT AAT AAT AAT AAT AAT AAT AAT AAT AAT AAT AAT AAT AAT AAT ACA ACA ACA ACA ACA ACA ACA ACA ACA ACC ACC ACG ACG ACG ACG ACT ACT AGA AGA AGA AGA AGA AGA AGA AGA AGC AGC AGC AGC AGG AGG AGG AGG AGT AGT AGT AGT AGT AGT AGT AGT AGT AGT ATA ATA ATA ATA ATA ATA ATA ATA ATA ATA ATA ATA ATC ATC ATC ATG ATG ATG ATG ATG ATT ATT ATT ATT ATT ATT ATT ATT ATT ATT CAA CAA CAA CAA CAA CAA CAA CAG CAG CAT CAT CAT CAT CCA CCA CCA CCA CCA CCA CCC CCG CCG CCT CGT CGT CTA CTG CTT CTT GAA GAA GAA GAA GAA GAC GAC GAC GAC GAC GAG GAT GAT GAT GAT GAT GAT GAT GAT GAT GAT GAT GAT GAT GAT GAT GAT GAT GCA GCA GCA GCA GCA GCA GCA GCA GCA GCC GCC GCC GCC GCG GCG GCG GCG GCT GCT GCT GCT GCT GCT GCT GGA GGA GGA GGA GGA GGA GGA GGC GGG GGG GGG GGT GGT GGT GGT GGT GGT GGT GGT GGT GGT GGT GGT GTA GTA GTA GTA GTA GTA GTA GTA GTC GTC GTC GTC GTG GTT GTT GTT GTT GTT TAC TAT TAT TAT TAT TAT TAT TAT TAT TCA TCA TCA TCA TCA TCA TCA TCC TCC TCC TCC TCC TCC TCC TCG TCG TCG TCG TCG TCT TCT TCT TCT TCT TCT TCT TCT TCT TCT TCT TGC TGG TGT TGT TGT TGT TGT TGT TTA TTA TTA TTA TTA TTA TTA TTA TTA TTA TTA TTA TTA TTC TTC TTC TTC TTC TTG TTG TTG TTG TTG TTG TTT TTT TTT TTT TTT TTT TTT
bayanus                                     ACT AGT GTC AAA AAA AAG AAA AAA AAG AAG AAC AAT AAT AAT AAT GCA GTA TTA AGT GAG AGA ACC ATA ATA ATG ATG GCA ACT ATA ATA ATC GCG GTA AAA CAA CAA CAA CAA CAG CAG CAG GAT AAA AAT ATT GCC CAG TAT AAT GCG TCA CCG CTC CTA ATG CAG GAG GAG CAA GAC GAT GAC GGC ACC GCA GCC GCT TCA GAA GGT GCA GTT CTG TAT TAT CAT ACT CAA GCC AGT CAT CCA CCG ATG CTA CTA TTA TTG GCT TTT --- --- --- --- CAA AAA AAA AAA AAA AGC GAA AAA AAA AAA AAA AAA AAA AAC AAC AAC AAC AAC AAT AAT AAT AAT AAT AAT AAT AAT ACC ATG GCA GGG GGT ACA ACA ACA ACC ACG ACT TCC TCC TCC ACA ACC AAT ACA AGA AGT ACA AGT --- --- AAA AGA AGA AGA AGG CGC AAT AGT GCA GGT AGA AGA CAA CGC ACT AGT AGT AGT AGT AGT AGT GCG GGC TCG --- ACG ATA ATA ATC ATT ATT ATT ATT GTA TAT TTG ATA ATC ATC ATG ATG ATG ATG CAA ACT ATA ATA ATA ATC ATC ATT ATT ATT CTT CAA CAA CAA CAG CGA CGC TTT CAA GAG CAC CAT CAT CAT ACT CCA CCA CCG GAA GAG CCA CCA CCT CCT AGA CGA CTA TTA ATC TTG CAC GAA GAA GAG GAG AGC GAC GAT GAT GAT GAA AAC GAC GAC GAC GAC GAC GAC GAC GAC GAT GAT GAT GAT GAT GAT GAT TCA AAC GCA GCA GCA GCT GCT TCA TCC TCT GCA GCA GCC GTT GCA GCA GCT TCC GCA GCC GCC GCT GTA TCT TCT --- AGT AGT AGT GGA GGA GGT --- GGA GGC GGG GCT GGA GGC GGG GGG GGG GGG GGT GGT GGT GGT GGT ATA GCA GTA GTG GTG GTG GTT GTT ATC GTA GTC GTG GTA GTA GTG GTT GTT GTT TAT TAC TAC TAT TAT TAT TAT TAT TTC ACT AGC CCA GCC GTA TCG TCT TCA TCA TCA TCA TCG TCG TCT AAT CCA TCA TCG TCG CAT GGC TCA TCA TCA TCA TCA TCA TCC TCT TCT TGC TGG TGC TGC TGC TGT TGT TGT CTC CTG CTG CTT CTT GTT TTA TTA TTA TTG TTG TTG TTG TTC TTC TTC TTT TTT ACA CTC CTC TTA TTA TTA TAC TAC TAT TTC TTC TTT TTT
mikatae                                     ACC AGC GTC AAA AAG AAA AAA AAA AAA AGA AGC AAC AGT AGT AAC GCA GTT CTA GGT GAA AGG ACA ATA ATC ATG ATG ATA ATA ATA ATA ATT GCG GTG AAA CAA CAA CAA CAG CAG CAG CAG GAC AAA AAT ATT CCT CAG TAC AGG GCA TCG CCA CTT TTG ATG CAG GAG GAG CAA GAT GAT GAT AAC GCC GCA GCC GTT TCT GAA GGT GCC GCC GTT CAC TAC CAT AGT CAG GCT AGT TAT TCT CCA ATG CTA TTG TTA TTA GCT TTT --- --- --- --- CAA AAA AAA AAA AAA AGT GAA AAA AAA AAA AAA AAG AAG AAC AAC AAC AAT AAT AAC AAT AAT AAT AAT AAT AAT AAT ATT ATG GCA GGG AGT ACA ACA ACA ACA ACC ACT TCC TCT TCT ACA ACG AAT ACT AAA AGT ACA AGC --- TCT AAG AGA AGG AGG AGG CGC AAC AGT GCA AAT AGA AGG CAA CGC AGC ACT AGC AGC AGT AGT AGT GCA AGC GCA ACT ACA ATA ATA ATT ACA ATT ATT ATT GTG TAT TTG ATA ATC ATT ATG ATG ATG TTA TCA ACG ATA ATC ATT ATC ATT ATC ATT ATT CTT CAA CAA CAG CAA CGA CGC TTT CAA GAA CAT CAT CAT CAT ACA CCA CCA CCG GAA GAA CCG CCA CCT CCT AGA CGA CTA TTA ATA CTA CGA GAA GAG GAA GAG ACC GAT GAC GAT GAT GAA AGC GAC GAC GAC GAT GAT GAT GAT GAT GAC GAC GAC GAT GAT GAT GAT TCA AAC GCA GCA GCT ACT GCT TCG TCA TCA GCA GCA GCT GTT GCA GCA GCT TCT GCA GCC GCT GCT GTA TCC TCT --- AGC AGT GGT GGA GGA GGA --- GGA GGT GGG GCT GGA GGT GGA GGG GGG GGG GGA GGC GGG GGT GGT GTA GCA GTA GTA GTA GTG GTT GTT ATC GTA GTT GTC GTT GTA GTA GTT GTT GTT TAT TAT TAT TAC TAT TAT TAT TAT TTT ACC ACT CCA GCT TTA TCG TCC TCA TCA TCA TCG TCA TCT TCT AAT CCA TCA TCG TCG CGT GGT TCA TCA TCA TCG TCT TCT TCT TCT TCT TGC TGG TGC TGT TGT TGC TGT TGT ATT CTA TTA CTC CTT ATT TTA TTG TTG TTA TTG TTG TTG TTC TTT TTT TTT TTT ACA CTT TTG CTA TTA TTA TAC TAC TAT TTT TTT TTC TTT
kluyveri                                    TTT GGC ACA AAG TAT AAA AAA AAA CGA GAC GAG AAC AAC GGT TCA --- ACA CAA --- GAG AAA --- ATA ATC --- ATG ACA ATC ATA GTA ATC GCA GTG AAA CAA CAG TCT GAA AAA CAG GGT GAT AGT CGA GTC CCT CAG TCC TCA ACC CAA CCA TTA CTT ATG AAC CAA GAA --- GAT GAA GAT AAC CCA GCA GCA CAT ACT AAC GGT GTT GTT GTA --- ATT TAC TTT ACC GCT ACT TCA CAG AGT ATG TTA TTA TTA CTG CTG GTA CAA CAG GCT TCT CCT AAA AAA AGA CAA AAT ATG AAA AAA AAG AGT AAG AGA AAT ACT AGC AAC AAT AAT AAA AAC AAT AAT AGA AGT AGT TAC AAC ATC AGT GGT ACG ACT ACT ACT TCG ACA GAC ACG AGT ACT ACT ACA GTA GAA CCG ACC AGT AAC AAA AAG CGG AGG CGG AGG AGA AGT AGC TCA GGT AGG TCC AAA AGA AGG AGT AGT TCT AGT AGT AGT GCT AGT GAA CTA ATC ATA GCT ATT ATG ATC ATT GTT GTC GTA TTG ATA ATA CTA ATG CTT TTA TTA ACC GCT ATA CTT CTT TTG ATT ATT ATC ATC GTG CAA CCG CAA CAA CAA AGA TCA CAA CAG CAT AGC CAC CAT ACT CCT TCT CCC CCA GCA CCT CCC CCT CGC AGA AGG TTA TTA ATC TTG AAG GAA GAG AGT GAG AAT GAC GAT GAC GAT GAG GAC GAC GAC GAT GAC GAC GAC GAT GAT AAC GAA GAT GAC GAC GAT GAT ACT ACT ACT GCG TCT ATG TCG GCA TCT ACA AGT GGT GCA GTT ACA GCG GCA GAG GGA TCA GCT GCT GTT --- TCT --- AGT AGA AAA GGG GGT GGC GCA GGA GGA GGT TGT GGA GGC GGC GGA GGA GGT GGA GGC GGA GGC GGT ACC GTG GTG GTG GTT ACT ATT GTA ATC ATT GTG ATT GTT GTG ATC ATA ATT GTT TAC TAC TAT TAT TAC TAC TAT TAT TAC TCT GCA GGC TCC GCA TCT TCT TCA TCG TCT AGT TCT TCA TCC AGT CCC TAT TCT TCT AGC TCT TCG TCG TCT AGT TCA TCT GCG ACA TCT GGC TGG TGT TGC TGT TGT TGC TGT TAT TTG TTG TTA CTT GTT ATG CTA TTG CTG CTG TTA TTG TTC TTC TTT TTC TTT ATT CTG CTG CTT TTG TTG TAC TTT TTT TTC TTT TTT TTC
cerevisiae                                  ACC AAT GTC AAA AAA AAA AAA AAG AAA AAG AGC AAC AAT AAT AAT GCA GTG CTA --- GAG AGA GCA ATA ATT ATG ATG ATA ATA ATA ATA ATC ACG GTG AAG CAA CAA CAG CAA CAA CAA CAA GAC AAA AAT ATC TCT CAG TAT AAC ACT TCG CCA CTT TTG ATG CAG GAG GAG CAG GAT GAT GAT AAT ACC GCA GCC GCA TCT GAA GGC GCT GCA GTT CAT TAT CAT AGT CAG GCC AGT CAC TCG CCA ATC TTG TTA --- TTA GCC TTC --- --- --- --- CAA AAA AAA AAA AAA AGC GAA AAA AAA AAA AAA AAG AAA AAC AAC AAC AAT AAC AAC AAC AAT AAT ACT AAT AAC AAT AAT ATG GCA GGC GGT ACA ACA ACA ACT ACT ACC TCT TCG TCT ACA ACC AGC ACT AAA AGT GCA AGT --- CCT AAA AGG AGA AGA AGG CGG AAC AGT GCA GGT AGA AGA CAG CGC AGC ACT AGT AGT AGC AGT AGT GCA AGC GCA ACC ACA ATA ATA ATT ACA ATT ATT ATT GTG TAT TTG ATA ATC ATT ATG ATG ATG ATG CAA ACT ATA ATA ATT ATA ATT ATT ATT GTT CTT CAA CAA CAA CAA CGA CGT TTT GCG GAA CAT CAT CAT CAT GCG CCA CCA CCG GAA GAG CCA CCA CCT CCT AGA CGA CTA TTA ATT TTA CGT GAA GAG GAA GAG ACC GAC GAC GAT GAT GAA AAT GAC GAT GAC GAC GAC GAT GAT GAT GAT GAC GAT GAC GAT GAT GAT TCA AAC GCA GCA GCT GCT GCT TCA TCT TCA GCA GCA GCC GTT GCA GCA GCT TCT GGA GCT GCT GCT GTA TCG TCC --- AGT AGT GGT GGA GGA GGT --- GGG GGC GGG GCT GGC GGA GGA GGA GGG GGG GGT GGT GGA GGT GGT GTA GCG GTG GTA GTG GTA GTT GTT ATT GCG GTT GTT GTT GTA GTT GTC GTT GTT TAT TAT TAT TAC TAC TAT TAT TAT TTT ACT ACC CCA GCT TTA TCT TCT TCA TCG TCA TCG TCG TCG TCT AAT CCG TCG TCA TCA CGT GGT TCA TCA TCA TCG TCA TCT TCC TCT TCT TGT TGG TGT TGC TGT TGC TGC TGT ATT TTG TTA CTT CTT ATT TTA TTA TTA TTG TTG TTG TTA TTT TTC TTT TTT TTT ACA CTT TTA TTA TTA TTG TAC TAC TAT TTC TTC TTT TTT
paradoxus                                   ACT AAC GTT AAA AAA AAA AAA AAG AAA AAG AGC AAC AAT AAT AAT GCA GTA CTA --- GAG AGA GCA ATA ATT ATG ATG ATA ATA ATA ATA ATC GCG GTG AAA CAA CAA CCA CAA CAA CAG CAA GAC AAA AAT ATT GCT CAG TAC AGT GTG TCA CCA CTT TTG ATG CAG GAG GAG CAA GAT GAT GAT AAT ACC GCA GCC GCT TCA GAA GGT GCC GCA GTC CAT TAT CAT ACT CAC GCC AGT CAT TCG CCA ATC TTG TTA --- TTG GCC TTC --- --- --- --- AAA AAA AAA AAA AAA AGC GAA AAA AAA AAA AAA AAG AAA AAC AAC AAC AAT AAC AAC AAC AAT AAT AAT AAT AAT AAT AAT ATG GCA GGG GGT ACG ACA ACT ACT ACT ACT TCC TCC TCT ACA ACC AAC ACT AAA AGT ACA AGT --- TCT AAA AGA AGA AGA AGG CGC AAC AGT GCA GGT AGA AGA CAA CGC AGC ACT AGT AGC AGT AGT AGT GCA AGC GCA ACC ACG ATA ATA ATT ACA ATT ATT ATT GTG TAT TTG ATA ATC ATT ATG ATG ATG ATG CAA ACT ATA ATA ATT ATA ATT ATT ATC ATT CTT CAA CAA CAG CAA CGA CGA TTC CAA GAA CAT CAT CAT CAT GCT CCA CCA CCG GAA GAG CCA CCA CCT CCT AGA CGA CTA TTG ATC TTA CGA GAA GAG GAA GAG ACC GAT GAC GAT GAC GAA AAT GAC GAT GAC GAC GAT GAC GAT GAT GAC GAC GAT GAC GAT GAT GAT TCA AAC GCT GCG GCT GCT GCT TCA TCT TCA GCA GCA GCC GTT GCA GCA GCT TCT GCA GCC GCT GCC GTA TCC TCC --- AGT AGT GGT GGA GGA GGT --- GGG GGC GGG GCT GGT GGA GGA GGA GGG GGG GGT GGT GGA GGT GGT GTA GCG GTA GTA GTG GTA GTT GTT ATC GTA GTT GTT GTT GTA GTG ATC GTT GTT TAC TAT TAC TAC TAC TAT TAT TAT TTT ACT ACC TCA GCT CTA TCG TCC TCA TCA TCA TCG TCA TCA TCT AAT CCA TCA TCG TCT CGT GGT TCA TCG TCC TCG TCA TCA TCC TCT TCT TGT TGG TGC TGT TGT TGT TGT TGT ATT TTG CTA CTC CTT ATT TTA TTG TTA TTG TTG CTG TTG TTC TTT TTC TTT TTC ACA CTT TTG TTA TTA TTA TAC TAC TAT TTC TTC TTC TTT
kudriavzevii                                ACT AAC GTC AAA AAA AAA AAA AAG AAA AAA AAC AAT AAT AAT AAT GCA GTA CTG AGT GAA AGA GCT ATA TTT ATG ATG ATA ACA ATA ATA ATC GGG GTA AAA CAA AAA CAA CAA CAA CAG CAG GAT AAA AAT ATT GCC CAG TAT AGC GCG CCG CCG CTT CTA ATA CAG GAA GAG CAA GAT GAT GAT AAT ACC GCA GCC GCT TCT GAA GGT GCA GCT CTT CAT TAC CAT AGT CAA GCT AGT TAT CCA CCA ATC TTG TTA TTA TTG GCT TTC --- --- --- --- CGA AAA AGG AAA AAA AGT GAA AAA AAG AAA AAA AAG AAA AAC AAC AAC AAT AAC AAT AAC AAT AAT AAT AAT AAT AAT AAT ATG GCA GGA GGT ACA ACA ACA ACC ACC ATC TCT TCC TCG ACA ACC AAC ACT AAA AGT ACT AGT --- TTA AAA AGA AGA AGA AGG CGC AAC AGT GCA GGT AGG AGA CAA CGC AGT ACT AGT AGC AGT AGC AGT GCG AGT TCA ACC ACC ATA GTA ATT ACT ATT ATT ATT GTG AAT TTA ATA ATC ATT ATG ATG ATG ATT CAG ACT ATA ATT ATT ATC ATT ATT ATT ATT CTT CAA CAA CAA CAA CGA CGC TCC CAA GAA CAT CAT CAT CAT ACA CCA CCC CCG GAA GAG CCA CCA CCT CCT AGA CGA CTA TTA ATC TTG CAC GAA GAG GAA GAG ACC GAT GAT GAT GAT GAG AGT GAC GAC GAC GAT GAC GAC GAC GAT GAT GAT GAC GAT GAT GAC GAT TCA AAC GCA GCG GCT GCA GCT GCA TCT TCG GCA GCA GCT GTT GCA GCG GCT TCT GCT GCA GCT GCT GTA CTT TCT --- AGT AGT GGG GGA GGA GGT --- GGT GGT GGG GCT GGG GGT GGA GGG GGG GGA GGC GGT GGG GGT GGT GTA GCG GTA GTA GTG GTG GTT GTC ATC GTA GTT GTT GTT GTA GTG GTT GTT GTA TAC TAC TAC TAT TAC TAT TAC TAT TTT ACT AAT ACA GCC TTT TCG TCC TCA TCA TCT TCG TCA TCA TCC AAT CCA TCA TCG TCG CAT GGC TCA TCG TCA TCC TCA TCG TCC TCT TCT TGC TGG TGC TGT TGT TGT TGT TGT GTT CTG TTA CTT CTT ATT TTG TTG TTG CTA TTA TTG TTG TTC TTT TTT TTT TTT ATA CTT CTG TTA CTA TTA TAC TAC TAC TTC TTC TTC TTT



    1    1    1    1    1    1    2    1    1    1    1    1    1    1    1
    1    1    1    1    1    1    1    1    1    1    1    1    1    1    1
    1    1    1    1    2    1    1    1    1    1    1    1    1    1    1
    1    1    1    1    1    1    1    1    1    1    1    1    1    1    1
    1    1    1    1    1    1    1    1    1    1    1    1    1    1    1
    1    1    1    1    1    1    1    1    1    1    1    1    1    1    1
    2    1    1    2    1    1    1    1    1    1    1    1    1    1    1
    1    1    1    1    1    1    2    2    1    1    1    1    1    1    1
    1    1    1    1    1    1    1    1    1    1    1    1    1    1    1
    1    1    1    1    1    1    1    1    1    1    1    1    1    1    1
    1    1    1    1    1    1    1    1    1    1    1    1    2    1    2
    1    1    1    1    1    1    1    1    1    1    1    1    1    1    1
    1    1    1    4    1    1    1    1    1    1    1    1    1    1    1
    1    1    1    3    1    1    1    1    1    1    1    1    1    1    1
    2    1    2    1    1    1    1    1    1    1    1    2    1    1    1
    1    1    1    3    1    1    1    1    1    1    1    1    1    1    1
    1    2    1    1    1    1    1    1    1    1    2    3    1    3    1
    1    1    1    1    1    1    1    1    1    1    1    1    1    1    1
    1    1    1    1    1    1    1    1    1    1    1    1    1    1    1
    1    1    1    1    1    1    1    1    1    1    1    1    1    1    1
    2    1    1    1    1    1    1    1    1    1    1    1    1    1    1
    1    1    1    1    1    1    1    1    1    1    3    1    1    1    1
    1    1    1    1    1    1    1    1    1    1    1    1    1    1    1
    1    1    1    1    1    1    1    1    1    1    1    1    1    1    1
    8    1    1    1    1    1    3    1    1    1    1    1    1    1    1
    1    1    1    1    1    1    1    1    1    1    1    1    1    1    1
    1    1    1    1    1    1    1    1

CODONML (in paml version 4.4b, July 2010)  torun.nuc
Model: One dN/dS ratio for branches Global clock  (2 genes: diff. rate & k&w)  
Codon frequency model: F3x4
ns =   7  ls = 434

Codon usage in sequences
--------------------------------------------------------------------------------------------------------------
Phe TTT  9  6 10  8  8  4 | Ser TCT 13  7 14 19 12  8 | Tyr TAT 11 13 12  7 12  9 | Cys TGT  8  5  6  7  6  8
    TTC  5  6  2  5  4  8 |     TCC  7  6  3  4  2  7 |     TAC  3  4  5 10  4  7 |     TGC  1  4  3  2  3  1
Leu TTA 18  9 10 10 13  7 |     TCA 10 15 12  9 11 15 | *** TAA  0  0  0  0  0  0 | *** TGA  0  0  0  0  0  0
    TTG  6  7  9  9  8 11 |     TCG  7  6  7  5 10  6 |     TAG  0  0  0  0  0  0 | Trp TGG  8  8  8  8  8  8
--------------------------------------------------------------------------------------------------------------
Leu CTT  3  3  4  6  5  4 | Pro CCT  1  2  3  6  3  2 | His CAT  7  7  6  4  7  8 | Arg CGT  3  0  1  0  3  1
    CTC  1  4  1  0  0  1 |     CCC  3  0  0  3  0  0 |     CAC  0  2  1  1  1  1 |     CGC  0  3  3  1  1  2
    CTA  1  4  6  3  2  4 |     CCA  8  8  8  3  8  9 | Gln CAA 19 16 13 15 15 15 |     CGA  0  2  3  2  2  4
    CTG  2  3  0  6  0  1 |     CCG  3  3  2  2  2  1 |     CAG  6  6  8  6  6  4 |     CGG  0  0  0  2  1  0
--------------------------------------------------------------------------------------------------------------
Ile ATT 16  8 14 10 14 13 | Thr ACT  3  8  6 13  8 10 | Asn AAT 24 18 14  9 14 15 | Ser AGT 13 17 14 23 12 13
    ATC  3  8  6 11  4  7 |     ACC  2  5  4  5  7  5 |     AAC  0  9 10 10 13 13 |     AGC  4  3  9  4  7  5
    ATA 14 11 10  7 11 11 |     ACA 13  7 11  8  7  5 | Lys AAA  9 18 17 15 18 20 | Arg AGA  9  9  5  9  7  8
Met ATG 11 12 11 11 11 11 |     ACG  5  2  2  2  1  2 |     AAG 11  3  4  5  4  3 |     AGG  4  1  6  5  2  1
--------------------------------------------------------------------------------------------------------------
Val GTT  6  8 11  9 11  9 | Ala GCT  9  7 10  7 10 11 | Asp GAT 25 17 20 14 18 17 | Gly GGT 13 10  9 10 10 12
    GTC  4  2  2  2  2  1 |     GCC  4  7  5  0  4  7 |     GAC  5 12  9 15 11 12 |     GGC  1  5  1  9  4  1
    GTA  8  9  8  6  5  8 |     GCA 12 15 15 10 16 13 | Glu GAA 10  8 11  9  9  9 |     GGA  9  4  7  8  7  6
    GTG  3  5  3  7  5  5 |     GCG  4  3  1  3  4  3 |     GAG  4  7  4  6  6  6 |     GGG  3  6  6  1  4  5
--------------------------------------------------------------------------------------------------------------

--------------------------------------------------
Phe TTT  8 | Ser TCT  8 | Tyr TAT  7 | Cys TGT  7
    TTC  5 |     TCC  6 |     TAC  9 |     TGC  2
Leu TTA  9 |     TCA 10 | *** TAA  0 | *** TGA  0
    TTG  8 |     TCG  8 |     TAG  0 | Trp TGG  8
--------------------------------------------------
Leu CTT  7 | Pro CCT  2 | His CAT  8 | Arg CGT  0
    CTC  0 |     CCC  1 |     CAC  1 |     CGC  3
    CTA  4 |     CCA  7 | Gln CAA 15 |     CGA  3
    CTG  3 |     CCG  3 |     CAG  5 |     CGG  0
--------------------------------------------------
Ile ATT 14 | Thr ACT  7 | Asn AAT 19 | Ser AGT 17
    ATC  7 |     ACC  7 |     AAC 11 |     AGC  3
    ATA  9 |     ACA  7 | Lys AAA 19 | Arg AGA  7
Met ATG  9 |     ACG  0 |     AAG  3 |     AGG  3
--------------------------------------------------
Val GTT  8 | Ala GCT 13 | Asp GAT 20 | Gly GGT 11
    GTC  2 |     GCC  3 |     GAC  9 |     GGC  2
    GTA 10 |     GCA 12 | Glu GAA 10 |     GGA  5
    GTG  4 |     GCG  5 |     GAG  5 |     GGG  7
--------------------------------------------------

Codon position x base (3x4) table for each sequence.

#1: castellii      
position  1:    T:0.25000    C:0.13443    A:0.33255    G:0.28302
position  2:    T:0.25943    C:0.24528    A:0.31604    G:0.17925
position  3:    T:0.38679    C:0.10142    A:0.33019    G:0.18160
Average         T:0.29874    C:0.16038    A:0.32626    G:0.21462

#2: bayanus        
position  1:    T:0.22695    C:0.14894    A:0.32861    G:0.29551
position  2:    T:0.24823    C:0.23877    A:0.33097    G:0.18203
position  3:    T:0.32151    C:0.18913    A:0.31915    G:0.17021
Average         T:0.26556    C:0.19228    A:0.32624    G:0.21592

#3: mikatae        
position  1:    T:0.23765    C:0.13882    A:0.33647    G:0.28706
position  2:    T:0.25176    C:0.24235    A:0.31529    G:0.19059
position  3:    T:0.36235    C:0.15059    A:0.32000    G:0.16706
Average         T:0.28392    C:0.17725    A:0.32392    G:0.21490

#4: kluyveri       
position  1:    T:0.24178    C:0.14085    A:0.34507    G:0.27230
position  2:    T:0.25822    C:0.23239    A:0.29577    G:0.21362
position  3:    T:0.35681    C:0.19249    A:0.26761    G:0.18310
Average         T:0.28560    C:0.18858    A:0.30282    G:0.22300

#5: cerevisiae     
position  1:    T:0.23877    C:0.13239    A:0.33097    G:0.29787
position  2:    T:0.24350    C:0.24823    A:0.32624    G:0.18203
position  3:    T:0.36170    C:0.15839    A:0.30969    G:0.17021
Average         T:0.28132    C:0.17967    A:0.32230    G:0.21671

#6: paradoxus      
position  1:    T:0.23404    C:0.13475    A:0.33570    G:0.29551
position  2:    T:0.24823    C:0.24586    A:0.32861    G:0.17730
position  3:    T:0.34043    C:0.18440    A:0.31678    G:0.15839
Average         T:0.27423    C:0.18834    A:0.32703    G:0.21040

#7: kudriavzevii   
position  1:    T:0.22353    C:0.14588    A:0.33412    G:0.29647
position  2:    T:0.25176    C:0.23294    A:0.33176    G:0.18353
position  3:    T:0.36706    C:0.16706    A:0.29882    G:0.16706
Average         T:0.28078    C:0.18196    A:0.32157    G:0.21569

Codon usage in genes
--------------------------------------------------------------
Phe TTT  7 46 | Ser TCT  8 73 | Tyr TAT 11 60 | Cys TGT  0 47
    TTC  3 32 |     TCC  1 34 |     TAC  7 35 |     TGC  0 16
Leu TTA 18 58 |     TCA 10 72 | *** TAA  0  0 | *** TGA  0  0
    TTG 10 48 |     TCG  6 43 |     TAG  0  0 | Trp TGG  0 56
--------------------------------------------------------------
Leu CTT  7 25 | Pro CCT  2 17 | His CAT 13 34 | Arg CGT  0  8
    CTC  2  5 |     CCC  2  5 |     CAC  3  4 |     CGC  0 13
    CTA  8 16 |     CCA 13 38 | Gln CAA 48 60 |     CGA  2 14
    CTG  5 10 |     CCG  5 11 |     CAG 32  9 |     CGG  0  3
--------------------------------------------------------------
Ile ATT 14 75 | Thr ACT 10 45 | Asn AAT 28 85 | Ser AGT 17 92
    ATC 12 34 |     ACC  9 26 |     AAC 15 51 |     AGC  5 30
    ATA 28 45 |     ACA  9 49 | Lys AAA 50 66 | Arg AGA  6 48
Met ATG 22 54 |     ACG  2 12 |     AAG 16 17 |     AGG  2 20
--------------------------------------------------------------
Val GTT  9 53 | Ala GCT 15 52 | Asp GAT 20 111 | Gly GGT  8 67
    GTC  6  9 |     GCC 16 14 |     GAC  6 67 |     GGC  3 20
    GTA  8 46 |     GCA 25 68 | Glu GAA 14 52 |     GGA  2 44
    GTG  8 24 |     GCG  5 18 |     GAG 17 21 |     GGG  1 31
--------------------------------------------------------------

Codon position x base (3x4) table for each gene.


Gene #1
position  1:    T:0.12837    C:0.22504    A:0.38827    G:0.25832
position  2:    T:0.26466    C:0.21870    A:0.44374    G:0.07290
position  3:    T:0.26783    C:0.14263    A:0.38193    G:0.20761
Average         T:0.22029    C:0.19546    A:0.40465    G:0.17961

Gene #2
position  1:    T:0.26518    C:0.11634    A:0.32036    G:0.29812
position  2:    T:0.24808    C:0.24679    A:0.28743    G:0.21771
position  3:    T:0.38067    C:0.16895    A:0.28914    G:0.16125
Average         T:0.29798    C:0.17736    A:0.29897    G:0.22569

Sums of codon usage counts
------------------------------------------------------------------------------
Phe F TTT      53 | Ser S TCT      81 | Tyr Y TAT      71 | Cys C TGT      47
      TTC      35 |       TCC      35 |       TAC      42 |       TGC      16
Leu L TTA      76 |       TCA      82 | *** * TAA       0 | *** * TGA       0
      TTG      58 |       TCG      49 |       TAG       0 | Trp W TGG      56
------------------------------------------------------------------------------
Leu L CTT      32 | Pro P CCT      19 | His H CAT      47 | Arg R CGT       8
      CTC       7 |       CCC       7 |       CAC       7 |       CGC      13
      CTA      24 |       CCA      51 | Gln Q CAA     108 |       CGA      16
      CTG      15 |       CCG      16 |       CAG      41 |       CGG       3
------------------------------------------------------------------------------
Ile I ATT      89 | Thr T ACT      55 | Asn N AAT     113 | Ser S AGT     109
      ATC      46 |       ACC      35 |       AAC      66 |       AGC      35
      ATA      73 |       ACA      58 | Lys K AAA     116 | Arg R AGA      54
Met M ATG      76 |       ACG      14 |       AAG      33 |       AGG      22
------------------------------------------------------------------------------
Val V GTT      62 | Ala A GCT      67 | Asp D GAT     131 | Gly G GGT      75
      GTC      15 |       GCC      30 |       GAC      73 |       GGC      23
      GTA      54 |       GCA      93 | Glu E GAA      66 |       GGA      46
      GTG      32 |       GCG      23 |       GAG      38 |       GGG      32
------------------------------------------------------------------------------

(Ambiguity data are not used in the counts.)


Codon position x base (3x4) table, overall

position  1:    T:0.23611    C:0.13944    A:0.33479    G:0.28966
position  2:    T:0.25160    C:0.24082    A:0.32065    G:0.18693
position  3:    T:0.35669    C:0.16335    A:0.30886    G:0.17110
Average         T:0.28146    C:0.18121    A:0.32143    G:0.21590


Nei & Gojobori 1986. dN/dS (dN, dS)
(Pairwise deletion)
(Note: This matrix is not used in later ML. analysis.
Use runmode = -2 for ML pairwise comparison.)

castellii           
bayanus             -1.0000 (0.2094 -1.0000)
mikatae             -1.0000 (0.2103 -1.0000) 0.0478 (0.0492 1.0291)
kluyveri            -1.0000 (0.2931 -1.0000)-1.0000 (0.2942 -1.0000)-1.0000 (0.2930 -1.0000)
cerevisiae          -1.0000 (0.2120 -1.0000) 0.0450 (0.0451 1.0022) 0.0414 (0.0347 0.8384)-1.0000 (0.3072 -1.0000)
paradoxus           -1.0000 (0.2075 -1.0000) 0.0535 (0.0403 0.7524) 0.0469 (0.0295 0.6289)-1.0000 (0.2977 -1.0000) 0.0509 (0.0207 0.4073)
kudriavzevii        -1.0000 (0.2128 -1.0000) 0.0638 (0.0465 0.7291) 0.0622 (0.0495 0.7969)-1.0000 (0.3010 -1.0000) 0.0485 (0.0460 0.9488) 0.0605 (0.0390 0.6453)


TREE #  1:  ((((((5, 6), 3), 7), 2), 1), 4);   MP score: -1
lnL(ntime:  6  np: 11):  -5500.451733      +0.000000
   8..9     9..10   10..11   11..12   12..13   13..5    13..6    12..3    11..7    10..2     9..1     8..4  
 3.810161 2.686835 0.501825 0.442100 0.340854 0.227792 0.696207 3.616118 0.082640 2.940179 0.038453
SEs for parameters:
 0.494945 0.356806 0.050232 0.046431 0.037774 0.030141 0.076839 0.522401 0.013866 0.284921 0.004048
Note: Branch length is defined for the first gene (site partition).
For other genes, look at "rates for genes".

tree length =  11.81973 (1st gene)

((((((5: 0.227792, 6: 0.227792): 0.113061, 3: 0.340854): 0.101247, 7: 0.442100): 0.059725, 2: 0.501825): 2.185010, 1: 2.686835): 1.123326, 4: 3.810161);

((((((cerevisiae: 0.227792, paradoxus: 0.227792): 0.113061, mikatae: 0.340854): 0.101247, kudriavzevii: 0.442100): 0.059725, bayanus: 0.501825): 2.185010, castellii: 2.686835): 1.123326, kluyveri: 3.810161);

Detailed output identifying parameters

rates for 2 genes:     1  0.69621

gene # 1: kappa =   3.61612 omega =   0.08264
gene # 2: kappa =   2.94018 omega =   0.03845

Time used:  0:24
