
seed used = 1418832209
      7   1674

castellii                                  ATG ACT ACT GAA TAT AAG --- --- --- CAA GGT TTA ATC GTC ACT GCC AAA CAA ACA TAC TAT CCA ATT GAA CTC TCC AAT TCG GAA TTA TTA GCA CAT TAT GAA ACA ATC CAA GAA TAT AAC CAG GAC ATC TTA TCC AAT ATT GTT TCT CAA TCA TGT AAA TTT AAG CCA GAT CCC AAA TTA ATT GAT CAG CAA CCA GAA TTG GAT CCT CAT ACT TCT AGA TCA ATA ACC ATC ACA TTC CTA TTT GAA TTG TCC ATA ATG ACC CGA GTA ACC AAC GGT ATT TTT TTC CAA GCT GTG AGA TTG TTT GAT CGT TAT TGT TCC AAG AGA GTC GTT CTT AAG GAT CAA GTA AAA TTA GTT CTT GCT ACT TGT CTA TGG CTT GCA GCT AAG ACA TGG GGT GGG TGC AAC CAC ATC ATT AAC AAC GTC ACC GTC CCC ACA GGT GGT AGG TTT TAT GGT CCA AAT CCA AGA GCA AGA ATC CCC AGA GTT TCA GAA TTG GTT CAT TAT TGT GGC GGT AGT GAA GTG TTT GAT GAA TCC ATG TTC ATG CAA ATG GAG GGT CAC ATT CTA GAT ACT TTG AAT TGG GAT GTT TAC GAG CCA ATG ATT AAT GAC TAT ATC TTA AAC GTG GAT GAA AAC TGT TTA ATC CAA TAC GAA TTG TAC AAG AGT CAA GCT GAA TAT GCA GAA AAA TTA TCT CAG AAC CGT AAT TCT CAA TTG TCA CAG GAC AGT GAT GCT ACA GTG GAT GAA GAA GAT --- --- --- --- --- GAA GAT TCC TCC ATG AAG GAT GAA GAC CAA GAA TTG AAT TCC AAG ATC AAA TTA ATT GAA TTG AAA AAA TTC TTA ATC GAT TTG TCT ACT TGG CAG TAC GAT CTA CTC AAA TAT GAA TTA TTT GAA ATG TCT CAT GGA ATA TTC ACA ATG ATT AAC AGA TTT ACC AAT CAA GAT CAA ACT CCA TTC TTA GCT TTC CCC ATT CCA TCT ACT AAT ACA CAG GCT CAA ATA TTA AAC ATA TTC ATT AAA GGT ATC TGT AAC GTC CCA CAT TCC TTA CTA GAA GTC TAC AAG GGT AAA GAT GGT ATA ATG CAA TTT ATT TCC ATT GTC AAT GAA TAT --- --- --- --- CAA AGG AAA TTG GAA ATT TCT TCA GCC ATG GAT CTC AGC AGG AAA AAT TCA TTC AGA --- --- --- --- TCA GGC TAT TAT GAT CCT CAA ACA ATT ATT GCA TGT TCT CCA ATA TAT TCA AGA AAT GGT ACC CCA ATC AGA AAC GTT TCC GCA AGC TCA GAT ATT AGT GTC TTC AGT --- AAC ATT GAA CAA TCG TCA CCA CTC ACT CCA CAA ATG TCT GGT ACA TAC GCT CAA TTC AAG AAT GAA AGT --- GCA TGT GGT AGT GTC ATC AGT GTG AAC AGT GTT ACG AAC CAT AAC ATT AAT --- --- --- --- --- --- --- AGC ATG AAT AAG GGA TCA TAC ACG --- --- --- --- --- --- --- --- --- --- GAT TGC ATG GAT TAT AAT AAA GAA AAC AGA ATA CCG --- --- --- AAC TCT TTA AGC CAA GTG CCA CCA AGA GCT AAA TTT ATT AAC ACT GGT GTA TTC CAC TCA CCA ACT GAT ACG ATA CAT AGT GGA ACT AAC ATT AGC GAT AAT TCA TCA CTC ACT TCT TTA GGA ATT TCT AAC ATC TAT GAA AAT GTT GCT 
bayanus                                    ATG GCC AAC GCT GAT CTA AAA TCC CGT ATG GGA CTC ATA ATC AAT ACT AAA CCA GAG TAC TAT CCA ATC GAA CTA TCC AAT GCT GAG CTA CTC TCT CAT TTC GAG ACA TTA CAA GAG TAT CAT CAA GAA ATT TCT ACA AAT GTA ATT GCT CAG TCT TGC AAA TTT AAG CCA AGT CCA AAA CTT ATA GAT CAG CAG CCT GAA ATG AAC CCC GCC GAA ACA AGA TCT AAA ATC GTC ACT TTC TTA TTT GAG TTG TCT GTT GTA ACT CGT GTC ACC AAT GGC ATT TTT TTC CAC TCT GTA AGA TTA TAC GAT CGC TAT TGC TCC AAA AGA ATT GTG TTA CAA GAC CAA GCC AAG TTG GTT GTG GCC ACT TGC CTC TGG CTA GCT GCC AAA ACA TGG GGC GGC TGT AAT CAT ATT ATC AAC AAC GTG GTC ATC CCA ACT GGT GGA AGA TTT TAT GGT CCC AAC CCA AGA GCC CGT ATA CCT CGT CTT TCC GAG TTA GTT CAT TAC TGC GGC GAT GGT CAG GTC TTT GAT GAA TCA ATG TTC TTA CAA ATG GAA AGA CAC ATA TTA GAC ACG TTG AAT TGG AAT GTT TAT GAG CCA ATG ATC AAC GAT TAC GTT TTG AAT GTC GAT GAG AAC TGT TTA ATG CAA TAC GAA CTT TAT GAA AAC CAA ATG AGC TAT AAC AAA CAA TGG TCC GAA AAG CGC CAA TCT CAG TTG TCC CAG GAC AGT GAT GCC ACT GTA GAT GAA AGA CTC TCT --- TAC CAA AAC GAA GAG GAA GAG GAG GAG GAA GAA GAG GAA GAC TTG AAT CTG AAG ATC AAG CTG ATC AAT TTA AAG AAA TTC TTA ATC GAT GTA TCT GCC TGG CAA TAC GAT TTA CTC AAA TTC GAA CTT TTC GAA GTA TCA CAC GGA ATA TTC TCA ATT ATT AAC CAA TTC ACC AAT CAA GAC CAT GGT CCC TTT CTA ATG ACT CCA ATG ACG GCT GAA AGC AAG AAT GCA GAA ATC TTA ACT ATT CTA ATT AAT GCC ATC ATT TCC GTA CCC AAG TCT CTG ATG GAA GTT TAC AAA ACG ATC AGC GGT GTT TTA CCC TTT ATT GAT CAA GTA AGA GGG TAC CAA TTG GCT CTA CAA AGA AAA TTA CAA ATT GCA TCC AAT TTG AAT CTA TCA AGA AAA CTT ACC ATA TCA ACA CCT TCA TGT TCC TTT GAA AAT TCC AAT ACA ACA TCT ATT CCA TCG CCC ACT TAT TCA TCT CAA AGC CAC ACC CCA ATG AGA AAC ATG AGC TCG TTA TCG GAT AAC AGT GTC TTC AGC AGA AAA ATG GAG CAG TCA TCA CCA ATT ACG CCA AGC ATG TAC --- CAA TTT GGT CAA CAA CAA CCA GCC AGT --- ATA TGC GGC AGC ACA GTC AGT GTA AAC AGT CTA ACC AAT ACC AAT AGT AAT CAC GAC CAA GGA AGT TAT GAA AAG ATG ACT AAC CCT AAC AAT AAC AAT GCA ATC AAT GAT TAC ATT GAC TTA TTG AAT GTA GGT GAT TCT AAT AAG GAA AAT GGA ATC CCA GCA GCG GCG CAT TTT CTC AAC GGC GGG CCA CCT AAG ACA AAC TTT ATT AAT CAT GGG ATG TTT CCT TCA CCA AGT GGT ACT ATA AAC AGC GGC AAT TCA AGC AGC --- GCA TCG TCT TTA ATT TCT TTT GGT GTG GGC AAT AAA CAG ATG GTT --- --- 
mikatae                                    ATG GCT AGT GCT GAG TCA AAA CCC CGT ATG GGT CTC ATC ATT GAT ACG AAA CCT GAC TAC TAT CCA ATC GAG CTA TCT AAC GCA GAA CTG CTT TCT CAT TTT GAG ATG TTG CAA GAG TAC CAC CAA GAA ATT TCC ACA AAT GTT ATT GCT CAG TCC TGT AAG TTT AAA CCC AAT CCA AAA CTT ATA GAC CAA CAG CCT GAA ATG AAC CCC ATC GAC ACA AGA TCC AAC ATC ATC ACT TTT TTA TTC GAG CTA TCT GTG GTA ACT CGA GTT ACG AAT GGC ATT TTT TTC CAT GCT GTT AGA TTA TAC GAT CGG TAC TGC TCT AAA AGA ATT GTG TTA CGG GAC CAA GCC AAA TTG GTT GTG GCA ACT TGT CTC TGG TTG GCT GCC AAA ACG TGG GGC GGT TGT AAC CAC ATC ATC AAT AAT GTG GTC ATC CCC ACT GGT GGG AGA TTT TAT GGC CCT AAC CCA AGA GCC CGT ATA CCT CGT CTC TCT GAA TTG GTT CAT TAC TGT GGC GAT GGA CAG GTC TTC GAT GAA TCA ATG TTT CTA CAA ATG GAA AGG CAT ATT TTA GAT ACT TTG AAT TGG CAT ATT TAT GAG CCA ATG ATC AAT GAT TAT GTT TTA AAT GTG GAT GAA AAT TGT TTG ATG CAA TAC GAA CTT TAT GAG AAC CAA GTG ACT TAT AAC AAA CAA TGG TCT GAG AAA CGC CAA TCC CAG TTA TCA CAA GAT AGT GAT GCC ACC GTA GAT GAA AGG CCT --- --- TAC CAA AAC GAA GAG GAA --- --- --- GAG GAA GAG GAA GAC TTG AAG TCG AAG ATC AAA TTG ATT AAC ATA AAA AAA TTT TTA ATC GAT GCC TCC GCT TGG CAG TAC GAT TTG CTC AAG TAT GAA CTT TTT GAA GTT TCG CAT GGT ATA TTC TCA CTC ATC AAC CAA TTC ACT AAT CAA GAC CAC GGC CCC TTT TTA ATG ACT CCA ATG ACA CCA GAA AAC AAA AAC GCT GAA ATT TTG AGT GCT TTG ATG AAC GGC ATC GTT TCC ATT CCT AAA TCC CTC GTG GAA GTG TAC AAA ACA GTT AGC GGT GTT CTG CCT TTC ATT AAT CAA GTG AAG GAA TAT CAA TTG GAT CTA CAA AGA AAA ATA CAA ATT GCA TCC AAC TTG AAA CTA TCA AGG AAG CTT ACT ATA TCA ACC CCA TCA TGT TCT TTT GAA CAT TCA AGC ACG ACG TCG ATT CCT TCA CCT ACC TAT TCA TCT CAA AGC CAC ACA CCA ATG AGA AAC ATG AGC TCA CTT TCA GAT AAC AGT GTT TTC AGC CGG AAT ATG GAG CAA TCA TCT CCA ATT ACA CCA AAT ATG TAC --- CAA TTT AGT CAA CAT CAG TCA GGA AGC --- GTA TGT GGT AGT ACC GTC AGC GTA AAC AGC TTG ATG AAT ACA AAA AAC --- --- AAT CAA AGA ATT TAT GAA AAA ATT GGG GCT CAT AAA AGT AAC AAT GCA ATC AAT GAT TAT ATT GAT TTA TTG AAC ATC AGT GAG TCT AAT AAG GAA AAC CAA AAC CCT GCA ACA GCG CAC TAC CTC AAT GGG GGG CCA CCC AAG ACA AAT TTC ATT AAT CAA GGA ATA TTT CCT TCA CCC ACA GGC ACT ATA AAT AGT GGT AAT TCA AGC AGT --- GCT TCC TCA CTA ATT TCT TTT GGT ATA GGA AAT ACC CAA ATA GTA --- --- 
kluyveri                                   ATG CCT TCT GAC GTC CCG --- --- --- CAA GGT TTA ATT GTT ACT GCG AAG CAG ACC TAC TAC CCA ATC GAG CTA TCC AAT TCA GAA CTT TTG GCC CAT TAC GAA ACT ATC CAA GAT TAT CAC CAA GAA ATT TCC GCT AAT GTC ATC TCC CAG TCT TGC AGG TTG AAG CCT GAT CCT AAG CTG GTC GAC CAA CAA CCA GAG ATG AAC CCT CAT GCC ACA AGA CAC ACC ATA GTT ACA TTC TTG TTC GAG CTT TCC GTC AAG ACC CGC GTT ACT AAC GGT ATT TTC TTT CAC GCC GTG AGA TTG TAT GAC CGC TAT TGC TCC AAG AGA ATT GTG TTA AAG GAT CAG GCA AGA CTG GTC GTC GCA ACC TGC TTG TGG TTA GCC GCA AAG ACC TGG GGT GGC TGC AAT CAC ATC ATC AAC CAT GTT TCC GTA CCA ACC GGT GGG AGG TTC TAT GGG CCT AAC CCA AGG GCC CGT ATT CCA AGG CTC TCC GAA CTG GTC CAC TAC TGT GGT GGC TCA GAC GTA TTC GAT GAG AGT ATG TTT ATG CAA ATG GAA AGG CAT ATT CTG GAT ACG TTG TCC TGG GAA GTA TAC GAG CCA ATG ATC AAT GAC TAC GTC TTG AAC GTT GAC GAA AAT TGC TTG ATG CAA TAC GAA TTA TAC AAG AGA CAG TTG GAA CAC AAC AGA AAT TGG AAT AAA CGT TCT TCT CAG GGA TCC TCG CAG GAT AGT GAC GCT ACG GAA GAA GAC GTT ACC --- --- --- --- --- --- --- --- --- --- --- GAG GAA GAC GAG GAT TTG GAT CAC AAG ATA CAG CTA GTC AAC TTG AAA AGG TTT CTA ATA GAT CTA GCC ACC TGG CAA TAC GAT CTG TTA AAA TAC GAA ATG TTC GAC ATC GCT CAT GGT ATA TTT TCT GTG ATC AAC AAA TTT ACC AAC CAG GAC CAA GGC CCA CTG TTA CTG TCG CCC GTT CCA ACA TCT ACC AGC CAG TCT CAG CTG CTG AAC GTG TTC ATC ACC GCT ATA ACA AAG GCA CCC GAA TGT CTG CTA GCG TGC TAC GCC GAT AGT TTT GGA GTT TTA GCC TTT ATC TCG GAG GTC AAG GCA TAC CAT GTC TCA CTA CAA AAA AAA TTG AAA CTG GCC TCT GCA ATG GAT CTA TCG AGA --- --- --- --- --- --- --- --- GGT TCT CCT CGC TAC TTC GAA GCC ACC TCC ATG CCA TCT CCA CCT TAC CCA TCC CAA AAC TAT ACG CCA ATG AGA AAC ACT TCT ACC CAA TCG GAT AAC AGC GTA TTT AGC ACG GTC GAA TCA CAG CCC TCT CCC ATC ACG CCT GTG ATG TAC --- TCT TTC AGC CAC AAT AAA AAT GGG AGC AGC GCA TGC GGC AGT ACT GTC AGC GTA AAC AGC ATA TCC AAC AAC ATT AAC --- --- --- --- --- --- --- AAG AGG GTC AGG GAT GAG GAT TGT GAC --- --- --- --- --- --- --- --- --- TAT GAT ATA ATG GCA GAT GAC AAG GAG AAT CGA GAT CCG TCT GGA TCT TTC GCA ATT --- --- --- CCA CCG AGA GCA AAA TTT GTT GGA ACT TCG AAT AAC ATA TTC TCT TCC GGC GGC ACC ACT TTT AAT ACC AAT AGT AAC --- AGG TCC TCT TTG GTT TCG TTG GCC ATT GGG AAT GCC AAC AAC ATG GCG --- 
cerevisiae                                 ATG GCT AGT GCT GAA CCA AGA CCC CGT ATG GGA CTC GTC ATC AAT GCT AAA CCG GAC TAC TAT CCG ATT GAG CTA TCT AAT GCA GAA TTA CTT TCT CAC TTC GAA ATG CTG CAA GAA TAC CAC CAA GAA ATC TCC ACC AAT GTT ATT GCT CAA TCA TGT AAG TTC AAA CCT AAT CCA AAA CTA ATA GAC CAG CAG CCT GAA ATG AAC CCC GTG GAA ACA AGG TCC AAC ATT ATC ACT TTT TTG TTC GAG CTG TCT GTG GTC ACT CGA GTG ACA AAT GGT ATT TTT TTT CAT TCA GTT AGA TTA TAT GAC CGC TAT TGT TCC AAG AGA ATC GTG TTA CGG GAC CAA GCC AAA TTG GTT GTC GCT ACT TGT CTC TGG TTG GCT GCT AAA ACT TGG GGC GGT TGT AAT CAC ATC ATC AAT AAT GTA GTC ATC CCT ACT GGC GGA AGA TTT TAT GGT CCC AAC CCA AGG GCA CGT ATA CCT CGA CTC TCT GAA CTA GTT CAT TAC TGT GGT GAT GGT CAG GTC TTT GAT GAA TCA ATG TTT TTA CAA ATG GAA AGA CAT ATA CTA GAC ACT TTA AAT TGG AAC ATT TAT GAA CCA ATG ATC AAT GAT TAC GTT TTA AAT GTT GAT GAA AAT TGT TTG ATG CAA TAC GAA CTT TAT GAA AAT CAA GTT ACT TAT GAC AAA CAA TGC TCT GAA AAA CGT CAG TCT CAA TTA TCC CAG GAT AGT GAT GCC ACT GTA GAC GAG AGG CCC --- --- TAC CAA AAC GAA GAA GAA --- --- --- GAA GAA GAA --- GAC TTA AAA CTA AAG ATC AAG TTG ATT AAT TTG AAA AAA TTC TTG ATT GAT GTA TCC GCG TGG CAG TAC GAC TTA CTT AGA TAT GAA CTT TTC GAA GTA TCG CAC GGC ATA TTC TCC ATT ATC AAT CAA TTC ACC AAT CAA GAC CAC GGT CCT TTT TTA ATG ACT CCA ATG ACA TCA GAA AGC AAA AAT GGT GAA ATT TTG AGT ACC TTA ATG AAC GGC ATT GTT TCC ATT CCT AAC TCC TTG ATG GAA GTG TAT AAA ACG GTC AAT GGT GTT CTA CCC TTC ATT AAT CAA GTG AAA GAA TAT CAC TTG GAT CTA CAA AGA AAA CTG CAA ATT GCA TCC AAC TTG AAC ATT TCG AGA AAG CTT ACC ATA TCA ACC CCA TCA TGC TCT TTC GAA AAT TCA AAT AGC ACA TCC ATT CCT TCG CCC GCT TCC TCA TCT CAA AGC CAC ACT CCA ATG AGA AAC ATG AGC TCA CTC TCT GAT AAC AGC GTT TTC AGC CGG AAT ATG GAA CAA TCA TCA CCA ATC ACT CCA AGT ATG TAC --- CAA TTT GGT CAG CAG CAG TCA AAC AGT --- ATA TGT GGT AGC ACC GTT AGT GTG AAT AGT CTG GTG AAT ACA AAT AAC --- --- AAA CAA AGG ATC TAC GAA CAA ATC ACG GGT CCT AAC AGC AAT AAC GCA ACC AAT GAT TAT ATT GAT TTG CTA AAC CTA AAT GAG TCT AAC AAG GAA AAC CAA AAT CCC GCA ACG GCG CAT TAC CTC AAT GGG GGC CCA CCC AAG ACA AGC TTC ATT AAC CAT GGA ATG TTC CCC TCG CCA ACT GGG ACC ATA AAT AGC GGT AAA TCT AGC AGT --- GCC TCA TCT TTA ATT TCT TTT GGT ATG GGC AAT ACC CAA GTA ATA --- --- 
paradoxus                                  ATG GCT AGT GCT GAT TCA AGA CCC CGT ATG GGG CTC GTC ATC GAT ACT AAA CCC GAC TAC TAT CCA ATC GAA CTA TCT AAT GCG GAA CTT CTT TCC CAT TTC GAA ATG TTA CAA GAA TAC CAC CAA GAA ATC TCC ACG AAT GTT ATT GCA CAG TCA TGT AAG TTT AAA CCT AAT CCA AAA CTA ATA GAT CAG CAG CCT GAA ATG AAT CCT GTG GAA ACA AGA TCC AAC ATC ATT ACT TTC TTG TTC GAG CTA TCT GTG GTG ACT CGA GTC ACA AAT GGT ATT TTT TTC CAT TCA GTT AGA TTA TAT GAC CGC TAT TGT TCC AAA AGA ATT GTA TTG CGG GAT CAA GCC AAA TTA GTT GTG GCA ACT TGC CTC TGG TTA GCT GCT AAG ACT TGG GGT GGT TGT AAC CAC ATC ATC AAT AAT GTG GTT ATT CCT ACC GGC GGA AGA TTC TAT GGT CCT AAC CCA AGG GCC CGT ATA CCT CGT CTC TCT GAA TTA GTT CAT TAC TGT GGT GAT GGC CAG GTC TTT GAT GAA TCA ATG TTT TTA CAA ATG GAA AGA CAT ATA CTA GAC ACT TTA AAT TGG AAT ATT TAT GAG CCA ATG ATC AAT GAT TAC GTT TTG AAT GTT GAT GAG AAT TGT TTG ATG CAA TAC GAA CTT TAT GAA AAT CAA GTT ACT TAT GAC AAA CAA TGC TCC GAA AAA CGC CAG TCT CAA TTA TCA CAT GAT AGT GAT GCT ACC GTA GAC GAA AGG CCT --- --- TAC CAA AAC GAA GAG GAG --- --- --- GAG GAA GAA GAA GAC TTG AAA ATA AAG ATC AAA TTG ATT AAT TTA AAA AAA TTT TTG ATC GAT GTC TCC GCC TGG CAG TAC GAT TTA CTA AAG TAT GAA CTT TTT GAG GTA TCG CAT GGT ATA TTC TCA ATC ATC AAC CAA TTC ACT AAT CAA GAC CAC GGT CCC TTT TTA ATG ACT CCA ATG ACA TCA GAA AGC AAA AAT GCT GAA GTT TTA AAT ACC TTA ATG AAC GGC ATC GTT TCC ATT CCT AAC TCC TTG ATG GAA GTG TAC AAA ACG GTC AGC GGT GTT CTG CCC TTC ATC AAT CAA GTA AAA GAA TAT CAA TTG GAC CTA CAA AGA AAA CTG CAA ATT GCA TCC AAC TTG AAT ATA TCA AGA AAG CTT ACC ACA TCA ACC CCA TCA TGT TCT TTT GAA AAT TCA AAT ACC ACA TGT ATT CCA TCA CCT GCT TCC TCA TCT CAA AGC CAT ACT CCA ATG AGA AAT ATG AGC TCA CTC TCA GAT AAC AGC GTT TTC AGC CGG AAT ATG GAA CAA TCT TCA CCA ATC ACA CCA AAT ATG TAC --- CAA TTC AGT CAA CAG CAG TCA CAC AGT --- GTA TGT GGT AGC ACC GTT AGT GTG AAT AGC CTC GTG AAC ACC AAT AAC --- --- AAT CAA AGG ATC TAC GAA CGA ATT ACG GGC CCT AAC AGT AAT AAC GCA ATC AAT GAT TAT ATT GAT TTA CTG AAC ATA AGT GAG TCT AAT AAG GAA AAC CAA AAC CCT GCA ACG GCG CAT TAC CTC AAT GGG GGG CCA CCC AAG ACA AGC TTC ATT AAC CAT GGA ATG TTC CCC TCC CCA ACT GGC ACC ATA AAT AGC GGA AAT TCA AGT AGT --- GCT TCA TCC TTA ATT TCT TTT GGT ATG GGC AAT ACC CAG ATA GTA --- --- 
kudriavzevii                               ATG GAA AAT GCT GAC TCA AGG CCC CGC ATG GGA CTC ATC ATC GAT ACA AAA CCG GAT TAC TAC CCA ATC GAA CTG TCT AAC GCT GAA CTA CTC TCT CAT TTT GAA ATG TTA CAG GAA TAC CAC CAC GAA ATC TCC ACA AAC GTC ATT GCG CAG TCT TGC AAA TTT AAG CCA AAT TCA AAA CTC ATA GAC CAA CAG CCT GAA ATG AAT CCC GTC GAA ACA AGA TCC AAA ATC ACC ACT TTT TTA TTC GAG CTG TCT GTA GTA ACT CGA GTC ACA AAT GGT ATT TTT TTT CAC GCC GTT AGA CTA TAT GAC CGC TAT TGC TCC AAA AGA ATT GTG CTA CAG GAC CAA GCT AAA TTG GTT GTA GCA ACT TGC CTC TGG TTA GCT GCT AAA ACA TGG GGC GGT TGT AAT CAT ATT ATC AAT AAC GTG GTT ATC CCA ACC GGT GGA AGA TTT CAT GGC CCT AAC CCA AGA GCC CGT ATA CCT CGT CTT TCC GAA TTA GTT CAT TAT TGT GGA GAT GGT CAG GTC TTT GAC GAA TCG ATG TTT CTA CAA ATG GAG AGA CAC ATA CTA GAC ACT TTA AAT TGG AAT ATT TAT GAG CCC ATG ATC AAT GAT TAC GTT TTA AAT GTC GAT GAA AAT TGT TTG ATG CAA TAC GAA CTG TAT GAA AAC CAA ATG AGC TAT AAC AAA AAG TGT TCT GAG AAA CGC CAA TCT CAG TTA TCA CAA GAT AGT GAT GCC ACC GTA GAT GAA AGA CCC CCT TCC TAT GAA AGC GAA GAG GAG --- --- --- GAA GAG GAG GAA GAC CTA CAA TTG AAA ATC AAA TTG ATC AAT TTA AAG AAA TTT TTG ATC GAC GTA TCC GCT TGG CAG TAT GAT TTG CTT CAG TTT GAA CTA TTT GAA GTA TCA CAC GGA ATT TTT TCA ATC ATC AAC CAA TTC ATT AAT CAA GAC CAT GGT CCC TTT TTA ATG ACT CCA GTG ACG TCA AAC AGG AAA AAT ACT GAA GTG CTA AAT ATT CTG ATG AGC GGT ATC ATT TCC GTC CCA AAA TCT CTA CTC GAA GTT TAC AGA ACG GTT AAT GGT ATT TTG CCA TTC ATT GAT CAA GTA AGA GGA TAC CAA TTG GAT CTA CAA AGA CAA TTG CAA ATT GCA TCC AAC TTG AAC TTA TCA AGA AAA CTG ACG ATA TCC ACA CCA --- TGT TGC TTT GAA AAT TCA CAC ACT ACA TCC ATT CCT TCG CCC ACT TAT TCA TCT CAC AGC CAT ACC CCA ATG AGA AAT ATG AGT TCT TTA TCA GAT AAC AGT GTT TTC AGC AGG ACC ATG GAG CAA TCA TCA CCA ATC ACA CCA AGT ATG TAC --- CAA TTT GGT CAG CAG CAG TCG GGT AGT --- ACA TGC GGC AGT ACA ATC AGT GTG AAC AGT CTA AGA AAT AGC AGT AAT --- --- AAT CAA AAT AAT CAT GAA AAA GTG GCT GGT CCC AAC AGT AAT AAC GCG GTC AAT GAC TAC ATT GAT TTA CTG AAC GTA AGT GAG GCT AAT AAG GAG AAT CAG AAC CCA --- ACA ACG CAT TTT CTT AAT GGA GGC CCC CCC AAG ACA AGC TTC ATT AAT CAT GGA ATG TTT CCC TCA CCA AGT GGC ACT ATA CAT AGC GGC AAT TCA AGC AGT --- GCC TCA TCT TTA GTT TCT TTT GGT GTG AGC AAC AAC CGA ATA GTA --- --- 



Printing out site pattern counts


         7       1581  P

castellii                                   --- --- --- --- --- --- --- --- --- --- --- --- --- --- --- --- --- --- --- --- --- --- --- --- --- --- --- --- --- --- --- --- --- --- --- --- --- --- AAA AAA AAA AAA AAA AAA AAA AAA AAA AAA AAA AAA AAA AAA AAC AAC AAC AAC AAC AAC AAC AAC AAC AAC AAC AAC AAC AAC AAC AAC AAC AAC AAC AAC AAG AAG AAG AAG AAG AAG AAG AAG AAG AAG AAG AAT AAT AAT AAT AAT AAT AAT AAT AAT AAT AAT AAT AAT AAT AAT AAT AAT AAT ACA ACA ACA ACA ACA ACA ACA ACA ACA ACA ACC ACC ACC ACC ACC ACC ACG ACG ACG ACT ACT ACT ACT ACT ACT ACT ACT ACT ACT ACT ACT ACT ACT AGA AGA AGA AGA AGA AGA AGA AGA AGA AGA AGC AGC AGC AGC AGC AGG AGG AGG AGT AGT AGT AGT AGT AGT AGT AGT AGT ATA ATA ATA ATA ATA ATA ATA ATA ATA ATC ATC ATC ATC ATC ATC ATC ATC ATC ATC ATC ATC ATG ATG ATG ATG ATG ATG ATG ATG ATG ATG ATT ATT ATT ATT ATT ATT ATT ATT ATT ATT ATT ATT ATT ATT ATT ATT ATT ATT ATT ATT ATT CAA CAA CAA CAA CAA CAA CAA CAA CAA CAA CAA CAA CAA CAA CAA CAA CAA CAA CAC CAC CAC CAG CAG CAG CAG CAG CAG CAT CAT CAT CAT CAT CAT CAT CCA CCA CCA CCA CCA CCA CCA CCA CCA CCA CCA CCA CCA CCA CCC CCC CCC CCC CCG CCT CCT CGA CGT CGT CTA CTA CTA CTA CTA CTC CTC CTC CTC CTC CTT CTT CTT GAA GAA GAA GAA GAA GAA GAA GAA GAA GAA GAA GAA GAA GAA GAA GAA GAA GAA GAA GAA GAA GAA GAA GAA GAA GAA GAC GAC GAC GAC GAG GAG GAT GAT GAT GAT GAT GAT GAT GAT GAT GAT GAT GAT GAT GAT GAT GAT GAT GAT GAT GAT GAT GAT GAT GCA GCA GCA GCA GCA GCA GCA GCC GCC GCT GCT GCT GCT GCT GCT GCT GCT GCT GCT GGA GGA GGA GGA GGC GGC GGG GGT GGT GGT GGT GGT GGT GGT GGT GGT GGT GGT GGT GGT GGT GGT GTA GTA GTA GTC GTC GTC GTC GTC GTC GTC GTC GTC GTG GTG GTG GTG GTG GTG GTT GTT GTT GTT GTT GTT GTT GTT TAC TAC TAC TAC TAC TAC TAT TAT TAT TAT TAT TAT TAT TAT TAT TAT TAT TAT TAT TAT TAT TAT TCA TCA TCA TCA TCA TCA TCA TCA TCA TCA TCA TCA TCA TCA TCC TCC TCC TCC TCC TCC TCC TCC TCC TCC TCC TCG TCG TCT TCT TCT TCT TCT TCT TCT TCT TCT TCT TCT TCT TCT TGC TGC TGG TGT TGT TGT TGT TGT TGT TGT TTA TTA TTA TTA TTA TTA TTA TTA TTA TTA TTA TTA TTA TTA TTA TTA TTA TTC TTC TTC TTC TTC TTC TTC TTC TTC TTC TTC TTC TTG TTG TTG TTG TTG TTG TTG TTG TTG TTG TTG TTT TTT TTT TTT TTT TTT TTT TTT TTT
bayanus                                     --- --- AAA AAC AAT AAT ACA AGA AGT ATC ATT CAA CAA CAA CAC CCT CGT CTA GAA GAC GAC GAT GCA GCA GCG GCG GCT GGA TAC TAC TAT TCA TCC TCT TGT TTA TTG TTG AAA AAA AAA AAA AAA AAA AAC AAG AAG AAG AAG AAT ATC CAA AAA AAC AAC AAC AAC AAC AAC AAG AAT AAT AAT AAT AAT AAT AAT ACT CAT CAT TCA TCC AAA AAA AAA AAC AAG AAG CAA CAA CTA GAA GAG AAC AAC AAT AAT AAT AAT AAT AAT AAT ACT AGA AGC AGC CAA CCA CTT GCA GTT AAG ACA ACA ACA ACT ACT ACT CAA GAG TCA ACC ACC ACC ACT ATC GTC AAC ACC ACT AAC AAT AAT ACG ACG ACT AGT ATT CAT GAA GAA GCC GCC GGT AAG AGA AGA AGA CAA CAA CGT CGT GGA TCA AAC AAG AGC TCA TTA AGA AGA AGA AAC AGC AGC AGC AGT AGT AGT AGT GGT AAA ATA ATA ATC ATC ATT GTT GTT TAT AAA ATA ATA ATC ATC ATG ATT ATT GTC GTC GTT TTA ATG ATG ATT GAG GGT GTA GTA TTA TTA TTG AAC AGC AGT ATA ATA ATC ATC ATC ATG ATG ATT ATT ATT ATT ATT ATT ATT CAA GTA GTG TCT ACA AGC ATG CAA CAA CAA CAA CAC CAG CAG CAG CAG CAT CCA CCC GAA GAA GGC CAC CAT CCT AAT CAA CAA CAG CAG GAA AAC AAG ACC CAC CAT CAT GCC ACG ACT CCA CCA CCA CCA CCA CCA CCA CCC CCC CCC CCT CCT CCA CCA CCA CCT CCA AAT CCC CGT CGC CGC ATG CTC TTA TTA TTA ATT CTA CTA CTC TTA CTA GTG TTA AAA AAT AGA AGC ATG CAA CAG GAA GAA GAA GAA GAA GAA GAA GAA GAA GAC GAG GAG GAG GAG GAG GAG GCC GCT GGG GAA GAC GAG GAT GAA GAG --- AAC AAT AAT AAT AGC AGT CTC GAA GAC GAC GAC GAG GAT GAT GAT GAT GAT GAT GAT GAT GGT TCC AAC ATA CCA GCC GCT TCG TCT AAT ACT --- ACA ATG ATG GCA GCC GCC GCC GGT TCT CCT GGA GGC GGT GGC TTT GGC --- ACG AGA CAC GAT GCC GGA GGA GGC GGC GGC GGG GGT GGT GGT ATG GCC GTC ACA ATC ATC ATT GTA GTA GTC GTG GTT GGG GTA GTA GTA GTC GTC --- ATG ATT CTA CTT GTG GTT GTT AAT TAC TAC TAC TAT TTT AAT CAG GAA GAT TAC TAC TAC TAT TAT TAT TAT TAT TCA TCT TTC TTC AAC ACC TCA TCA TCC TCC TCC TCC TCG TCG TCT TCT TCT TCT ACA AGC CTG GAA GAG GAT TCA TCC TCC TCT TCT GCT TCA ACA CCC GCA GCT GCT GGC TAC TCA TCC TCT TCT TCT TTT GTA TGT TGG ATT TCG TGC TGC TGC TGC TGT CTA CTA CTC CTC CTC CTG CTG CTT CTT TCT TGG TTA TTA TTA TTG TTG TTT ACT ATA CAA CTA TTC TTC TTC TTC TTC TTC TTT TTT ATG CTT GTA TTA TTA TTA TTA TTG TTG TTG TTG TAC TTC TTC TTT TTT TTT TTT TTT TTT
mikatae                                     --- --- AAA AAC AAT AAT ACC CGG ATT ATC ATT CAA CAA CAA --- CCA CGT CTA GAA AAT GAT GAT GCA GCA ACA GCG GAT AGA TAC TAT TAT TCA CCC --- TGT TTA TTG TTG AAA AAA AAA AAG AAG AAG AAT AAA AAA AAA AAG AAC GTT CAA AAT AAC AAC AAC AAT AAT AAT AAA AAA AAC AAC AAT AAT AAT AAT AGT CAC CAC TCA TCC AAA AAA AAA GCT AAA AAG CAG CGG TCA GAG --- AAC AAT --- AAC AAG AAT AAT AAT AAT GGG AAG AAC AGC CAA TCA CTT GCT GTA AAA ACG ACG ATG ACC ACT ACT CAA GAC TCA ACA ACG ACT ACT ATC GTC AAC ATG ACT AGT AAT GAT ACA ACT ACT ACA ATT CAA GAA GAC GCT GCT GGC AAG AGA AGA AGA CAA CAA CGT CGT CAA TCA AAT AAA AGT TCA CTT AGA AGA AGG AAC AGC AGT AGT AGC AGC AGT AGT GGA AAC ATA ATA AAC ATT GCT GTG GTT TAT ACC ATA ATC ATC ATC ATG ATC ATT ATC GTC GTT TTG ATG ATT CTC --- AGT GTA GTT CTA CTG TTG AAC AGC AAC ATA ATT ATC ATC ATT ATG ATG ATC ATG ATT ATT ATT ATT ATT CAA GTT ATA TCG ACG AAT ATG CAA CAA CAA CAA CAT CAA CAG CAG CAG CAC CCT CCT GAA GAA GGG CAT CAC CCT AAC CAA CAG CAA CAA GAG AAT AAA ACA CAT CAT CAT ATC ACA ACC CCA CCA CCA CCA CCA CCC CCC CCC CCT CCT CCC CCT CCA CCA CCC CCT CCT AGC CCC CGA CGC CGG GTG CTC TTA TTA TTG ATT CTA CTA CTC CTA TTG GTG TTA AAA AAC AGG ACT ATA CAA CAG GAA GAA GAA GAA GAA GAA GAA GAA GAG GAC GAA GAA GAG GAG GAG GAG GGA GCT GAA GAA GAT GAG GAT GAA GAG --- AAC AAA AAC CAT AGC AAT CCT GAG GAC GAC GAT GAG GAC GAG GAT GAT GAT GAT GAT GAT GGC TCA AAC GTA CCT GCC GCT TCA TCT AAC ACG --- ACA ATG GTG GCT GCA GCC GCC AGT GCT CAT GGT GGT GGT GGC TTT GGT --- ACA AGG CAC GAT GGC GGG GGT GGC GGC GGT GGA GGC GGT GGT ATA GCC GTT ACC ATC ATT ATT ATT GTG GTT GTG GTG GGG GTA GTA GTT GTC GTG --- ATG ATT TTG CTC GTG ATT GTT AGT TAC TAC TAC TAT TTT CAT CAA GAA GAG TAC TAT TAT TAC TAC TAT TAT TAT TCA TCT TAT TTT AAA ACT TCA TCT TCA TCC TCT TCT TCA TCC TCA TCC TCC TCT ACA AGC TCG GAA --- AAT TCA TCT TCT TCC TCT GCA TCA ACA CCT GCA CCA GCT GGA TAC TCG TCT TCC TCC TCT TAC ATC TGT TGG GTT TCA TGC TGT TGT TGT TGT CTG TTA CTC CTC CTT CTC TTG CTT CTT TCC TGG TTA TTG TTG TTA TTG TTT ACT ATA CAT TTG TTC TTC TTC TTT TTT TTT TTT TTT ATG CTT GCC ATA ATA TTA TTG CTA TTA TTG TTG TAC TTC TTT TTC TTC TTC TTT TTT TTT
kluyveri                                    --- AGC --- --- --- --- --- ACG --- --- --- --- --- CAT --- --- --- CTA AAG --- --- --- --- TCT GGA TCT TCA --- --- --- --- --- --- --- GGT --- GTC TAT AAA AAG AGG --- AAA AGG AAA AAA AGA CAG AAG ACC AGT AAT GTC AAC AAC AAC AAC AAT CAT CGT ATT AAT AAT AAC AAC AAT GGA AAC CAC TTC AAT AAG AAG AAG GCC GAT AAG AAG AAA AAG CCG AAG --- AAC AAT --- AAT GAT AAC AAT GAC TCC AGG AAG ACC AAC TCT AAT --- AGG ATG AGC ACC ACC ACT ACG ACA ACC TCT ACC TCT ACG ACT ACC ACC ATA TCC GAC TCC GGC TCT ACC ACT ACG ACG ACC TCC GTT ACT TCT GCC ACC CCT GGC AGA AGA AGA AGG AAA CAA AGG CGT CGA --- --- AGG AAC TCG CAA AAA AGG AGA AGA AGC AGT TTT AGC AGC AGC AGT TCA ACC ACC ATA GAT CTG GTG GTC GTT TAC GCC ATT ATT ATA ATA ATG ATC ATT GTT GTC GTC ATC ATG GTC GTG --- ATG AAG ATC ATG TTA ATG AAC AGT AAC GTC ATT ATC ATC GTC GAA GTT ATC ATC ATC ATG ATT CTG GTT GAG GTC ATT TCC GCC GTG CAA CAA CAA CAC CAG CAC CAG CAA CAG GGA CAA CAG GCC CAG GAG --- CAT CAC ATA CAG CAA CAA CAA CAG AAA ACT GAA AAC CAT CAC CAT CAT CCA CCT CCA CCA CCA CCC CCT CCT TCT CCA CCC CCT CCG CCA CCC CCT CCA CCA CCG GAA CCT CGC TCT CGC CTA TTG CTG TTG CTG ATC CTA CTA TTA TTG TTA GTC TTA AGA AAC GTT GAA AAC AAA GAC --- GAA GAA GAC GAC GAG GAG GCG GAG GAT GAA GAA GAA GAG GAT TCA GGG GAC GCA GAA GAT GAC GAC GAA GAG --- AAC GAT GAT GAA TTT GAT ACC GAG GAC GAT GAT --- GAC GCA GAA GAC GAC GAT GAT GAT GGC TTC AAC GCA CCA GCC GCC ACC GCC GCA GCG --- GCA CTG TTG TCT GCA GCA GCT AGC GCC GAG GGT AAT GCC GGT CCT GGC --- GAT AGG TAT GGC GCT GGG GGT GGT GGT GGC TCG GGG GGA GGT AAT GCA GTT ACT GTA GTT ATT GCA GTC GTA GTT TGC --- GAA GTA GTG GTA GTT GCG ACT ATC ATA CTC GTG GTA GTC TGT TAC TAC TAC TAC TTC TAC AAC CGC GTC TAC TAC TAC TAT TAT CAC TAC TAT CCA GAT TAC TAC GAT --- TTC TCT TCG TCT TCC TCT TCG TCC TCT CAC TCT TCC GCT TCT CAC --- --- TCG AGT TCC TCC TGT TCC TCA CCC ACA CCA GCC ACA TCC GGG TAC GCT AAT CAG GCC TCG GCA ATA TGC TGG ACA TCT TGC TGC TGC TGT TGC CTT TTA ATT TTA TTG CTG CTA ATG CTG TCC TGG CTA CTG TTG TTG CTG TTG TCG --- AAT TTC TTT TTT TTT TTC TTT TTT AAC CTG ATG TTA CTA TTG TTG TTG CTG CTT TCC TTG TTG TAT TTT TTC TTC TTC TTT TTC TTC TTG
cerevisiae                                  --- --- AGA AAC AAC AAT ACC CGG ATC ACC ATT CAA CAA CAC --- CCA CGT CTA GAA AAA GAT GAT GCA GCA ACG GCG GAT AGG TAC TAT TAC TCA CCC --- TGC TTG TTG CTA AAA AAA AAA AAG AGA AAG AGC AAA AAA AAG AAG AAC GTC CAA AAT AAC AAT AAT AAT AAT AAT AAA AAT AAC AAT AAT AAT AAT AAC AGT CAC CAT TCT TCC AAA AAG AAA GGT AAA AAG CAG CGG CCA GAA --- AAC AAT --- AAT AAA AAT AAT AAC AAT ACG AAA AGC AGC CAG TCA CTT GCC ATA AAA ACA ACT ATG ACT ACT ACT CAA GAC TCC ACT ACA ACC ACT ATT GTC AAT GTG ACC AGT AAA AAT ACT ACT ACT ACT ATT CAT GAA GAA GCG GCT GGT AAG AGA AGG AGG CAA CAA CGA CGT CAA TCA AAT CAA AGT TCG CTC AGA AGA AGA AAT AGC AGC AGC AGT AGT AGC AGT GGT AAC ATA ATA AAT ATT ACC GTG GTT TCC ACC ATA GTC ATC ATT ATG ATC ATC ATC GTT GTT CTG ATG ATC ATT --- AAT GTC GTA TTA CTA TTG AAC AGC AAC ATA ATA ATC ATT ATT ATG ATG ATC ATG ATT ATT ATT ATT ATT CAA GTT ATG TCC AGC AGT ATG CAA CAA CAG CAA CAT CAA CAG CAA CAA CAC CCG CCC GAA --- GGG CAT CAC CCC AAT CAA CAG CAG CAG GAA AAT AAC ACA CAC CAT CAC GTG ACA GCT CCA CCA CCG CCA CCA CCT CCA CCT CCT CCC CCC CCT CCA CCA CCT CCT CCC AAT CCC CGA CGT CGC ATG CTC CTA TTG TTA ATC ATT CTA CTT TTA TTG GTC TTA AAA AAT AGG ACT GTA CAA CAG GAA GAA GAA GAA GAG GAA GAA GAA GAG GAC GAA GAA GAA GAG GAA GAA AAC GCT GAA GAA GAT GAA GAT GAA GAA --- AAC AAC AAC AAC AAT AAT CCC GAA GAC GAC GAC GAA GAC GAG GAC GAC GAT GAC GAT GAT GGG TCA GAC ATA CCT GCA GCT TCA TCT AAC GCT --- ACA ATG GTT GGT GCT GCT GCC GGT TCA CCT GGC GGT GGT GGT TTC GGT --- ACG AGA CAC GAT GGC GGA GGA GGC GGT GGT GGA GGT GGT GGC ATG GCC GTG ACC ATC ATC ATC ATT GTG GTT GTA GTG GGC GTA GTG GTT GTC GTT --- ATG ATT CTG CTC GTG ATT GTT AGC TAC TAC TAT TAT TTT AAT CAA GAA GAA TAC TAC TAT TAC TAT TAT TAT TAT TCA TCT TAT TTC AAC ACC TCG TCA TCC TCC TCT TCT TCT TCA TCT TCC TCA TCT ACC AGC CTA GAA --- AAT TCA TCC TCT TCC TCT GCA TCA ACA CCC GCA TCA GCT GGC TAC TCG TCT TCT TCC TCT TAC CTA TGT TGG GTT TCG TGT TGT TGT TGT TGT TTA TTA CTC CTC CTT TTG TTG CTT CTA TCC TGC TTG TTG TTG TTA TTG TTT ACT ATA CAG TTA TTC TTC TTT TTT TTC TTT TTC TTT ATG CTT GTA CTG TTG TTA CTA CTG TTA TTA TTA TAT TTC TTC TTC TTT TTC TTT TTT TTC
paradoxus                                   --- --- AGA AAC AAC AAT ACC CGG ATC ATC ATT CAA CAA CAA --- CCA CGT CTA GAA AAT GAT GAT GCA GCA ACG GCG GAC AGG TAC TAT TAC TCA CCC --- TGT TTA TTG CTG AAA AAA AAA AAG AAG AAG AGC AAA AAA AAA AAG AAC GTC CAA AAT AAT AAC AAT AAT AAT AAT AAA AAT AAC AAC AAC AAT AAT AAC AAT CAC CAT TCA TCC AAG AAA AAA GGC AAA AAG CAG CGG TCA GAA --- AAC AAT --- AAT AAA AAT AAT AAT AAT ACG AAA AGC AGC CAG TCA CTT GCT GTA AAA ACA ACT ATG ACC ACT ACC CAA GAC TCA ACT ACA ACT ACT ATC GTT AAT GTG ACC AGT AAT GAT ACA ACT ACT ACT ATT CAT GAA GAA GCC GCT GGT AAG AGA AGA AGG CAA CAA CGT CGT CAA TCA AAT CGA AGT TCA CTC AGA AGA AGA AAT AGC AGC AGC AGC AGT AGC AGT GGC AAC ATA ATA AAC GTT ACC GTG GTT TCC ACC ATA GTC ATC ATC ATG ATC ATC ATT GTT GTT TTA ATG ATT ATC --- AGT GTG GTA TTA CTG TTG AAC AGT AAC ATA ATA ATC ATC ATT ATG ATG ATC ATG ATC ATT ATT ATT ATT CAA GTT ATG TGT ACC AAT ATG CAA CAA CAA CAA CAT CAA CAG CAG CAA CAC CCC CCC GAA GAA GGG CAT CAC CCC AAT CAA CAG CAG CAT GAA AAT AAC ACC CAT CAT CAT GTG ACA GCT CCA CCA CCA CCA CCA CCT CCA CCC CCT CCT CCC CCT CCA CCA CCT CCT CCT AAT CCT CGA CGC CGC ATG CTC CTA TTG TTA ATC ATA CTA CTA TTA TTA GTG TTG AAA AAT AGG ACT ATA CAA CAG GAA GAA GAA GAG GAA GAA GAA GAA GAA GAC GAA GAG GAA GAG GAA GAA CAC GCT GAA GAA GAT GAA GAT GAA GAG --- AAT AAT AAC AAT AGC AAT CCT GAG GAC GAT GAC GAG GAT GAG GAC GAC GAT GAT GAT GAT GGC TCA GAC GTA CCA GCC GCT TCA TCC AAC ACT --- ACA ATG GTT GCT GCA GCT GCT AGT TCA CCT GGT GGA GGT GGT TTT GGT --- ACG AGA CAT GAT GGC GGA GGG GGT GGT GGT GGA GGT GGT GGC ATG GCC GTC ACC ATT ATC ATT ATT GTA GTT GTG GTG GGG GTA GTG GTT GTC GTT --- ATG ATT CTC CTC GTA ATT GTT AGT TAC TAC TAC TAT TTC AAT CAG GAA GAT TAC TAC TAT TAC TAT TAT TAT TAT TCA TCT TAT TTC AAC ACC TCC TCA TCA TCC TCT TCT TCA TCA TCC TCC TCA TCT ACG AGC ATA GAG --- AAT TCA TCC TCT TCC TCT GCG TCT ACA CCT GCA TCA GCA GGC TAC TCG TCC TCT TCC TCT TAC ATA TGT TGG GTT TCA TGT TGC TGT TGT TGT CTT TTA CTC CTC CTT TTG TTG CTT CTA TCC TGC TTG TTA TTG TTG TTA TTT ACT ACA CAG TTA TTC TTC TTC TTC TTT TTT TTC TTT ATG CTT GTC CTG TTA TTA TTA CTA TTA TTA TTG TAT TTC TTT TTC TTT TTC TTC TTT TTT
kudriavzevii                                TCC --- AGG AGC AAC AAT ACA AGG AAT GTC ATT CAA GAA CAA --- CCA CGC CTA GAA AAT GAT GAC GCG --- ACA ACG GAT AAT TAT TAC CAT --- CCC CCT TGT TTA TTG CTG CAA AAA AAA AAA CAG AAA AGC AAG AAA AAA AAG AGC GTT AAG ACC AAT AAC AAC AAT AAT AAC AAA AGT AAT AAT AAT AAT AAC AAT AAT CAC CAT TCA TCC AAA AAA AGA GGT AAG AAA CAG CAG TCA GAA --- AAC AAT --- AAC CAA AAT AAC AAT AAT GCT AGA AGG AGC CAA TCG CTG GCC GTA AAA ACA ACA ATG ACC ACT ACC CAA GAT TCA ACC ACA ATT ACT ATC GTT AAT AGA ACT AAT AAT GAT ACA ACT ACT AGT GTT CAT AAC GAA GCT GAA GGT AAG AGA AGA AGA CAA CAC CGT CGT CAG TCC AAT AAA AGT TCA TTA AGA AGA AGA AAC AGC AGT AGC AGT AGT AGT AGT GGT AAA ATA ATT AAC GTG ATT GTA ATT TAT AAC ATA ATC ATC ATC ATG ATT ATC ACC ATC GTT TTA ATG GTG ATC --- AGT GTA GTA CTA TTG TTG AAC AGC AAT ATA ATA ATC ATC ATC ATG GTG ATC ATG ATT ATT ATT ATT ATT CAA GTC GTG TCC ACT AGT ATG CAA CAG CAG CAA CAC CAA CAG CAG CAG CAT CCG CCA GAA GAA GGA CAC CAT CCC AAT CAC CAG CAA CAA GAG CAT AAA AGC CAC CAT CAT GTC ACG ACT CCA CCC CCA CCA CCA CCA CCA CCC CCA CCT CCC CCT CCA TCA CCA CCT CCA CAC CCC CGA CGC CGC CTC CTC CTA TTA TTG ATC TTA CTG CTT TTA TTA GTA CTA AAA AAT AGA AGC ATA CAA CAG GAA GAA GAG GAA GAA GAA GAG GAA GAA GAC GAA GAA GAA GAG GAA GAG GGT GCT GGA GAA GAT GAG GAT GAG GAG --- AAT AAC AAC AAT AAT AAT CCC GAA GAC GAC GAC GAG GAC GAG GAT GAC GAT GAT GAC GAT GGC TCA AAC ACA CCT GCC GCT TCT TCT AAC ACA --- ACA ATG ATG ACT GCA GCT GCC GGT GCC CCC GGA GGC GGT GGA TTT GGT --- ACG AGA CAT GAT GGT GGA GGA GGC GGT GGC GGA GGC GGT GGT ATG GCT GTC ACA ATC ATC ATT GTC GTA GTT GTG GTT GGC GTA GTG GTT GTC GTC --- ATG ATT CTA CTT GTG ATT GTT AGT TAC TAT TAC TAT TTT AAT CGA GAA GAC TAT TAC TAC TAC TAT TAT TAC CAT TCA GCT TTT TTT AAC ACG TCA TCA TCA TCC TCC TGC TCA TCA TCT TCC TCT TCT ACA AGT TTG GAG --- GAT TCG TCC TCT TCT TCT GCT TCA ACA CCC GCA TCA GCG AGC TAC TCA TCT TCT TCC TCT TTT GTA TGT TGG ATT TCG TGC TGC TGC TGT TGT CTA TTA CTT CTC CTC CTA TTG CTA CTC TCC TGT TTG CTA TTG TTA TTG TTT ACT ATA CAG CTG TTC TTT TTT TTT TTT TTT TTT TTT ATG CTG GTA TTG TTA CTA TTA CTG TTA TTA CTA TAT TTC TTT TTC TTT TTC TTT TTT TTT



    1    1    1    1    1    1    1    1    1    1    1    1    1    1    1
    1    1    1    1    1    1    1    1    1    1    1    1    1    1    1
    1    1    1    1    1    1    1    1    1    2    1    1    1    1    1
    1    1    1    1    1    1    1    1    1    1    1    1    1    1    1
    1    1    1    1    2    1    1    1    1    1    1    1    1    1    1
    1    1    1    1    1    1    1    1    1    1    1    1    1    1    1
    1    1    1    1    1    1    1    1    1    1    1    1    1    1    1
    1    1    1    1    1    1    1    1    1    1    1    1    1    1    1
    1    1    1    1    1    1    1    1    1    1    1    1    1    1    1
    3    1    1    1    1    1    1    1    1    1    1    1    1    1    1
    1    1    1    1    1    1    1    2    1    1    1    1    1    1    1
    1    1    1    1    1    1    1    1    1    2    2    1    1    1    1
    1    1    5    1    1    1    1    1    1    1    1    1    1    1    1
    1    1    2    1    1    1    1    1    1    1    1    1    1    1    1
    1    1    1    1    1    1    3    1    1    3    1    1    1    1    1
    1    1    1    1    1    1    1    1    1    1    1    1    1    1    1
    1    1    1    1    1    1    1    1    1    2    2    1    1    1    1
    1    1    1    1    1    1    1    1    1    1    1    1    1    1    1
    1    1    1    1    1    1    1    1    1    1    1    1    1    1    1
    1    1    1    1    1    1    1    2    1    1    1    2    1    1    1
    1    2    1    1    1    1    1    1    1    1    1    1    1    1    1
    1    1    1    1    1    1    1    1    1    1    1    1    1    1    1
    1    1    1    2    1    2    1    1    1    1    1    1    1    1    1
    1    1    1    1    1    1    1    1    1    1    1    1    1    1    1
    1    1    1    1    1    1    1    1    1    1    1    1    1    1    1
    1    1    1    1    1    1    1    1    1    1    1    1    1    1    1
    1    1    1    1    1    1    1    1    1    1    1    1    1    1    1
    2    1    2    1    1    2    1    1    1    1    1    1    1    1    1
    1    1    1    1    1    1    1    1    1    1    1    1    1    1    1
    1    1    1    1    1    1    1    1    1    1    1    1    1    1    1
    1    1    1    1    1    1    1    1    1    1    1    1    1    1    1
    1    1    1    1    1    4    1    1    1    1    2    1    1    1    1
    1    1    1    1    1    1    1    1    1    1    1    1    1    1    1
    1    1    1    1    1    1    1    1    1    1    1    1    1    1    1
    1    1    1    1    1    1    1    1    1    1    1    1    1    2    1
    1    1

CODONML (in paml version 4.4b, July 2010)  torun.nuc
Model: One dN/dS ratio for branches Global clock 
Codon frequency model: F3x4
ns =   7  ls = 558

Codon usage in sequences
--------------------------------------------------------------------------------------------------------------
Phe TTT 10 13 13 10  9  9 | Ser TCT 13 15 11 17 13  9 | Tyr TAT 16  9 11  6 11 10 | Cys TGT  8  3  7  3  7  8
    TTC 12 10  8 11 12 12 |     TCC 11 10  9 14 11 12 |     TAC  8 11 11 15 10 11 |     TGC  2  5  1  7  2  2
Leu TTA 17 17  9  7 12 15 |     TCA 14 11 17  4 13 19 | *** TAA  0  0  0  0  0  0 | *** TGA  0  0  0  0  0  0
    TTG 11  9 15 14 12 10 |     TCG  2  4  3  7  4  1 |     TAG  0  0  0  0  0  0 | Trp TGG  4  5  5  5  4  4
--------------------------------------------------------------------------------------------------------------
Leu CTT  3  5  6  2  5  5 | Pro CCT  2  6 11  8  8 11 | His CAT  7  7  9  6  5  9 | Arg CGT  2  4  3  2  3  3
    CTC  5  6  7  1  5  6 |     CCC  4  6  7  4  9  6 |     CAC  3  5  5  8  7  4 |     CGC  0  2  1  3  1  2
    CTA  5  9  6  7  9  6 |     CCA 16 16 11 13 11 12 | Gln CAA 22 23 25 12 22 21 |     CGA  1  0  1  1  2  2
    CTG  0  3  2 11  4  3 |     CCG  1  0  0  3  2  0 |     CAG  6  8  6 11  9  9 |     CGG  0  0  3  0  2  2
--------------------------------------------------------------------------------------------------------------
Ile ATT 22 17 19  9 18 14 | Thr ACT 14 11 10  7 12 11 | Asn AAT 18 29 24 14 32 34 | Ser AGT 10  9 10  5  8  9
    ATC 14 14 15 11 13 16 |     ACC  6  6  5 15  9 10 |     AAC 21 20 22 21 19 17 |     AGC  5 11  9  8 11 10
    ATA  9  8 10  8  8  9 |     ACA 10  9 10  4  6  7 | Lys AAA 15 15 20  9 16 15 | Arg AGA 12 12  8  9  9  9
Met ATG 14 18 16 14 18 18 |     ACG  3  4  5  5  3  4 |     AAG 11 11  8 13  7  7 |     AGG  3  0  3  9  4  3
--------------------------------------------------------------------------------------------------------------
Val GTT  9  8 11 10 11 13 | Ala GCT 10  6 10  4  8  8 | Asp GAT 25 15 16 18 11 15 | Gly GGT 15  9  8  7 13 10
    GTC  9  7  3 14  6  5 |     GCC  2 10  5 12  3  3 |     GAC  4  7  6 13 10  8 |     GGC  2  8  7  6  6  6
    GTA  3 10  5  5  5  6 |     GCA  7  5  5 10  5  5 | Glu GAA 29 23 22 16 31 27 |     GGA  4  5  4  4  3  3
    GTG  6  4  9  5  8  8 |     GCG  0  2  1  3  2  2 |     GAG  2 14 13 10  4  8 |     GGG  1  3  4  4  2  3
--------------------------------------------------------------------------------------------------------------

--------------------------------------------------
Phe TTT 18 | Ser TCT 11 | Tyr TAT  9 | Cys TGT  5
    TTC  5 |     TCC 10 |     TAC  9 |     TGC  5
Leu TTA 13 |     TCA 15 | *** TAA  0 | *** TGA  0
    TTG 10 |     TCG  3 |     TAG  0 | Trp TGG  4
--------------------------------------------------
Leu CTT  3 | Pro CCT  5 | His CAT 10 | Arg CGT  2
    CTC  5 |     CCC 10 |     CAC  7 |     CGC  3
    CTA 11 |     CCA 13 | Gln CAA 18 |     CGA  2
    CTG  6 |     CCG  1 |     CAG 12 |     CGG  0
--------------------------------------------------
Ile ATT 15 | Thr ACT  9 | Asn AAT 30 | Ser AGT 13
    ATC 16 |     ACC  5 |     AAC 18 |     AGC 10
    ATA  6 |     ACA 12 | Lys AAA 16 | Arg AGA 13
Met ATG 16 |     ACG  4 |     AAG  5 |     AGG  3
--------------------------------------------------
Val GTT  9 | Ala GCT  8 | Asp GAT 13 | Gly GGT 11
    GTC  7 |     GCC  4 |     GAC 10 |     GGC  6
    GTA  9 |     GCA  2 | Glu GAA 24 |     GGA  7
    GTG  7 |     GCG  2 |     GAG 11 |     GGG  0
--------------------------------------------------

Codon position x base (3x4) table for each sequence.

#1: castellii      
position  1:    T:0.24615    C:0.14808    A:0.35962    G:0.24615
position  2:    T:0.28654    C:0.22115    A:0.35962    G:0.13269
position  3:    T:0.35385    C:0.20769    A:0.31538    G:0.12308
Average         T:0.29551    C:0.19231    A:0.34487    G:0.16731

#2: bayanus        
position  1:    T:0.22101    C:0.18116    A:0.35145    G:0.24638
position  2:    T:0.28623    C:0.21920    A:0.35688    G:0.13768
position  3:    T:0.30072    C:0.25000    A:0.29529    G:0.15399
Average         T:0.26932    C:0.21679    A:0.33454    G:0.17935

#3: mikatae        
position  1:    T:0.21978    C:0.18864    A:0.35531    G:0.23626
position  2:    T:0.28205    C:0.21978    A:0.36264    G:0.13553
position  3:    T:0.32784    C:0.22161    A:0.28022    G:0.17033
Average         T:0.27656    C:0.21001    A:0.33272    G:0.18071

#4: kluyveri       
position  1:    T:0.23346    C:0.17899    A:0.31323    G:0.27432
position  2:    T:0.27043    C:0.25292    A:0.33463    G:0.14202
position  3:    T:0.24903    C:0.31712    A:0.21206    G:0.22179
Average         T:0.25097    C:0.24968    A:0.28664    G:0.21271

#5: cerevisiae     
position  1:    T:0.22018    C:0.19083    A:0.35413    G:0.23486
position  2:    T:0.28440    C:0.21835    A:0.35596    G:0.14128
position  3:    T:0.31927    C:0.24587    A:0.27890    G:0.15596
Average         T:0.27462    C:0.21835    A:0.32966    G:0.17737

#6: paradoxus      
position  1:    T:0.22344    C:0.18498    A:0.35348    G:0.23810
position  2:    T:0.28388    C:0.21978    A:0.35714    G:0.13919
position  3:    T:0.32601    C:0.23810    A:0.28571    G:0.15018
Average         T:0.27778    C:0.21429    A:0.33211    G:0.17582

#7: kudriavzevii   
position  1:    T:0.21429    C:0.19780    A:0.34982    G:0.23810
position  2:    T:0.28571    C:0.20879    A:0.35165    G:0.15385
position  3:    T:0.31319    C:0.23810    A:0.29487    G:0.15385
Average         T:0.27106    C:0.21490    A:0.33211    G:0.18193

Sums of codon usage counts
------------------------------------------------------------------------------
Phe F TTT      82 | Ser S TCT      89 | Tyr Y TAT      72 | Cys C TGT      41
      TTC      70 |       TCC      77 |       TAC      75 |       TGC      24
Leu L TTA      90 |       TCA      93 | *** * TAA       0 | *** * TGA       0
      TTG      81 |       TCG      24 |       TAG       0 | Trp W TGG      31
------------------------------------------------------------------------------
Leu L CTT      29 | Pro P CCT      51 | His H CAT      53 | Arg R CGT      19
      CTC      35 |       CCC      46 |       CAC      39 |       CGC      12
      CTA      53 |       CCA      92 | Gln Q CAA     143 |       CGA       9
      CTG      29 |       CCG       7 |       CAG      61 |       CGG       7
------------------------------------------------------------------------------
Ile I ATT     114 | Thr T ACT      74 | Asn N AAT     181 | Ser S AGT      64
      ATC      99 |       ACC      56 |       AAC     138 |       AGC      64
      ATA      58 |       ACA      58 | Lys K AAA     106 | Arg R AGA      72
Met M ATG     114 |       ACG      28 |       AAG      62 |       AGG      25
------------------------------------------------------------------------------
Val V GTT      71 | Ala A GCT      54 | Asp D GAT     113 | Gly G GGT      73
      GTC      51 |       GCC      39 |       GAC      58 |       GGC      41
      GTA      43 |       GCA      39 | Glu E GAA     172 |       GGA      30
      GTG      47 |       GCG      12 |       GAG      62 |       GGG      17
------------------------------------------------------------------------------

(Ambiguity data are not used in the counts.)


Codon position x base (3x4) table, overall

position  1:    T:0.22526    C:0.18175    A:0.34837    G:0.24463
position  2:    T:0.28283    C:0.22261    A:0.35421    G:0.14036
position  3:    T:0.31308    C:0.24516    A:0.28071    G:0.16105
Average         T:0.27372    C:0.21650    A:0.32776    G:0.18201

Codon frequencies under model, for use in evolver (TTT TTC TTA TTG ... GGG):
  0.02086729  0.01634015  0.01870983  0.01073428
  0.01642370  0.01286059  0.01472565  0.00844846
  0.02613306  0.02046351  0.00000000  0.00000000
  0.01035535  0.00810876  0.00000000  0.00532686
  0.01683639  0.01318375  0.01509568  0.00866075
  0.01325116  0.01037633  0.01188112  0.00681648
  0.02108497  0.01651061  0.01890500  0.01084625
  0.00835502  0.00654241  0.00749120  0.00429788
  0.03227180  0.02527046  0.02893522  0.01660083
  0.02539966  0.01988923  0.02277360  0.01306576
  0.04041543  0.03164734  0.03623689  0.02078997
  0.01601480  0.01254041  0.01435904  0.00823812
  0.02266154  0.01774514  0.02031856  0.01165725
  0.01783586  0.01396639  0.01599182  0.00917489
  0.02838007  0.02222304  0.02544586  0.01459890
  0.01124573  0.00880598  0.01008304  0.00578488



Nei & Gojobori 1986. dN/dS (dN, dS)
(Pairwise deletion)
(Note: This matrix is not used in later ML. analysis.
Use runmode = -2 for ML pairwise comparison.)

castellii           
bayanus             -1.0000 (0.2951 -1.0000)
mikatae             -1.0000 (0.3051 -1.0000) 0.0542 (0.0691 1.2750)
kluyveri            -1.0000 (0.3029 -1.0000)-1.0000 (0.3155 -1.0000)-1.0000 (0.3191 -1.0000)
cerevisiae          -1.0000 (0.3010 -1.0000) 0.0405 (0.0651 1.6074) 0.0539 (0.0494 0.9173)-1.0000 (0.3349 -1.0000)
paradoxus            0.1220 (0.3040 2.4917) 0.0462 (0.0628 1.3586) 0.0601 (0.0408 0.6783)-1.0000 (0.3269 -1.0000) 0.0462 (0.0222 0.4816)
kudriavzevii        -1.0000 (0.3166 -1.0000) 0.0729 (0.0706 0.9689) 0.0785 (0.0797 1.0146)-1.0000 (0.3283 -1.0000) 0.0600 (0.0753 1.2545) 0.0650 (0.0682 1.0482)


TREE #  1:  ((((((5, 6), 3), 7), 2), 1), 4);   MP score: -1
lnL(ntime:  6  np:  8):  -7621.345553      +0.000000
   8..9     9..10   10..11   11..12   12..13   13..5    13..6    12..3    11..7    10..2     9..1     8..4  
 2.311715 2.308289 0.495108 0.450143 0.301190 0.179105 2.619263 0.072234
SEs for parameters:
 0.174730 0.189711 0.026728 0.024546 0.018643 0.015058 0.183200 0.005431

tree length =   8.35726

((((((5: 0.179105, 6: 0.179105): 0.122085, 3: 0.301190): 0.148953, 7: 0.450143): 0.044966, 2: 0.495108): 1.813180, 1: 2.308289): 0.003426, 4: 2.311715);

((((((cerevisiae: 0.179105, paradoxus: 0.179105): 0.122085, mikatae: 0.301190): 0.148953, kudriavzevii: 0.450143): 0.044966, bayanus: 0.495108): 1.813180, castellii: 2.308289): 0.003426, kluyveri: 2.311715);

Detailed output identifying parameters

kappa (ts/tv) =  2.61926

omega (dN/dS) =  0.07223

dN & dS for each branch

 branch          t       N       S   dN/dS      dN      dS  N*dN  S*dS

   8..9      0.003  1237.6   436.4  0.0722  0.0003  0.0036   0.3   1.6
   9..10     1.813  1237.6   436.4  0.0722  0.1390  1.9241 172.0 839.8
  10..11     0.045  1237.6   436.4  0.0722  0.0034  0.0477   4.3  20.8
  11..12     0.149  1237.6   436.4  0.0722  0.0114  0.1581  14.1  69.0
  12..13     0.122  1237.6   436.4  0.0722  0.0094  0.1296  11.6  56.5
  13..5      0.179  1237.6   436.4  0.0722  0.0137  0.1901  17.0  83.0
  13..6      0.179  1237.6   436.4  0.0722  0.0137  0.1901  17.0  83.0
  12..3      0.301  1237.6   436.4  0.0722  0.0231  0.3196  28.6 139.5
  11..7      0.450  1237.6   436.4  0.0722  0.0345  0.4777  42.7 208.5
  10..2      0.495  1237.6   436.4  0.0722  0.0380  0.5254  47.0 229.3
   9..1      2.308  1237.6   436.4  0.0722  0.1769  2.4495 219.0 1069.1
   8..4      2.312  1237.6   436.4  0.0722  0.1772  2.4531 219.3 1070.6

tree length for dN:       0.6406
tree length for dS:       8.8685


Time used:  0:14
