
seed used = 1418840133
      6   2040

castellii                                  ATG TCT CAA TTC GGT GCT ATT GAC AAA TTG GCT GTT TCT ACC ATT AGA TTA TTG GCC GTC GAT GAA GTC TCC AAG GCT AAC TCT GGT CAC CCA GGT GCT CCA TTG GGT ATG GCT CCA GCC GCC CAT GTC GTC TGG TCT CAA ATG AAC ATG AAT CCA AAG AAC CCA GAC TGG ATC AAC AGA GAT AGA TTC GTT CTA TCT AAC GGT CAT GCT GTT GCT CTA TTA TAC GCT ATG TTG CAC TTG ACT GGT TAC GAC TTC TCA ATT GAA GAT CTA AAA CAA TTC AGA CAA TTG GGT TCC AAG ACT CCA GGT CAT CCA GAA TTT GAA TTA CCA GGT GTT GAA GTT ACC ACT GGT CCA TTG GGT CAA GGT GTT ACC AAT GCT GTC GGT ATG GCC ATT GCC CAA AAG AAC TTG GCT GCT ACT TAC AAC AAG CCA AAC TTT ACT TTG TCT GAT AAC TTT ACC TAC GTT TTC TTA GGT GAT GGT TGT TTA CAA GAA GGT ATC TCA TCC GAA GCC TCC TCT TTG GCT GGT CAT TTG GAA TTA GGT AAC TTG ATC TGT GTC TAC GAT GAT AAC AAA ATT ACC ATT GAT GGT AGC ACT GAA GTT TCT TTC GAT GAA GAT GTC GCC AAG AGA TAC GAA GCC TAC GGC TGG GAA GTT CTA TAC GTG GAA AAT GGT AAT GAA GAT TTG GAA GGT ATT GCC GCT GCC ATT GCC AAG GCT AAG TTA TCT ACC ACC AAG CCT ACT TTA ATC AAG ATG ACC ACT ACT ATC GGT TAC GGT TCC CTA CAC CAA GGT AAT CAC TCC GTC CAC GGT GCT CCA TTG AAG GCT GAC GAT GTT AAG CAA TTG AGA AAG AAG TTC GGT TTC GAT TCA GAA AAG TCT TTC GTC GTT CCA CAA GAA GTT TAC GAT TTC TAC CAA GCT AAG ATT GGT ACT CCA GGT GCC GCT GCT AAC AAG AAA TGG GAT CAA TTA TTC TCT CAA TAC CAA CAA AAA TTC CCA CAA GAA GGT GCT GAA TTC GCC AGA AGA TTG AGA GGT GAA TTA CCA GCT AAC TGG GAT AGT GCT TTA CCA GTT TAC ACT CCA AAG GAT TCT GCT CTT GCC ACC AGA AAA TTA TCT GAA ATG ACT TTG GAT AAG ATC TTC AAC GAA TTA CCA GAA ATC ATT GGT GGT TCC GCA GAT TTA ACT CCA TCC AAT TTG ACC AGA ACC CAA GGT GCT GTT GAT TTC CAG CCA CCT TCC TCT GGT CTA GGT GAT TAC TCT GGT AGA TAC ATT AGA TAC GGT ATC AGA GAA CAT GCC ATG GGT GCT ATC ATG AAC GGT ATT TCT GCT TAT GGG GCT CAT TAC TTG CCA TAC GGT GGT ACT TTC TTA AAC TTC GTC TCA TAC GCT GCT GGT GCC GTT AGA TTA TCT GCT CTA TCT GGC CAC CCA GTT ATT TGG GTC GCC ACC CAT GAT TCC ATT GGT GTC GGT GAA GAT GGT CCA ACT CAT CAA CCT ATT GAA ACT TTA GCT CAC TTC AGA GCT CTA CCA AAC ATT CAT GTC TGG AGA CCA GCT GAT GGT AAC GAA GTT TCC GCT GCA TAC AAG GTT GCC ATT GAA TCT AAA TCT ACC CCA AGT ATC ATT GCT CTA TCC AGA CAA AAC TTG CCA CAA TTG GAA GGT TCT TCC ATC GAA AAG GCC GCC AAG GGT GGT TAC GTT CTA CAA GAT GTT GCT AAC CCA GAT ATC ATA CTT CTT GCC ACC GGT TCT GAA GTT TCT TTG AGT GTT GAA GCT GCC AAG GTC TTG GCA GCC AAG GGC ATT AAG GCA CGT GTT GTT TCT CTA CCA GAT TTC TAC AAC TTC GAT AAG CAA GAC GAA GCT TAC AGA TTA TCT GTT TTG CCA GAT GGT ATT CCA GTC TTA TCT GTT GAA GTT TTG ACC ACT TCT TGT TGG GGT AAG TAC GCT CAC CAA TCT TTC GGT TTG GAC AGA TTC GGT GCT TCT GGT AAG GCT CCA GAA GTC TTC AAA TTC TTC GGT TTC ACC GCT GAA GGT GTT GCT GAA AGA GCC ACC AAG ACC ATT GCT TTC TAC AAG GGT AAG GAT GTT ATC TCT CCA TTA AGA AGA GCT TTC 
bayanus                                    ATG ACT CAA TTC ACT GAC ATC GAT AAA CTA GCT GTC TCC ACC ATC AGA ATC TTG GCT GTG GAC ACC GTC TCC AAG GCC AAC TCT GGT CAT CCA GGT GCC CCA TTG GGT ATG GCT CCA GCT GCG CAC GTG TTG TGG AGC CAA ATG CGC ATG AAC CCC ACC AAC CCA GAC TGG ATC AAC AGA GAC AGA TTT GTC TTG TCC AAC GGT CAC GCC GTC GCT TTG TTG TAC TCC ATG CTG CAC TTA ACC GGT TAT GAT TTG TCC ATT GAA GAC TTG AAG CAA TTC AGA CAA CTG GGC TCT AGA ACT CCA GGT CAC CCT GAA TTC GAG TTG CCA GGT GTC GAA GTC ACC ACC GGT CCA TTG GGT CAA GGT ATC TCC AAC GCC GTC GGT ATG GCC ATG GCT CAA GCT AAC TTG GCT GCT ACT TAC AAC AAG CCA GAG TTC ACT TTG TCC GAC AAC TAC ACC TAC ACT TTC CTA GGT GAC GGT TGT TTG CAA GAA GGT ATC TCT TCC GAG GCC TCT TCT TTG GCC GGT CAT TTG AAA TTG GGT AAC TTG ATT GCC ATC TAC GAT GAC AAC AAG ATC ACC ATT GAT GGT GCC ACC AGC ATC TCT TTC GAC GAA GAC GTC GCA AAG AGA TAC GAA GCC TAC GGC TGG GAA GTC TTG TAC GTT GCA AAC GGT AAC GAG GAT CTA GCC GGT ATT GCC AAG GCC ATT GCC CAA GCT AAG CTA TCC AAG GAA AAG CCA ACT TTG ATC AAG ATG ACC ACC ACC ATC GGC TAC GGT TCC TTG CAC GCC GGT TCC CAC TCC GTT CAC GGT TCT CCA TTG CAA CCA GAT GAC GTT AAA CAA CTA AAG ACC AAG TTC GGT TTC AAC CCA GAC AAG TCC TTT GTT GTC CCA CAA GAA GTT TAC GAC CAC TAC CAA AAG ACC ATC CTA AAA CCA GGT GTC GAA GCA AAC AAC AAA TGG AAC AAG TTG TTC AGC GAG TAC CAA AAG AAA TAT CCA GAA TTA GGT GCC GAA TTG GCC AGA AGA TTG AGC GGT CAA CTA CCT GCC AAC TGG GAG TCC AAA CTA CCA ACC TAC ACC ACC AAG GAC TCT GCT GTC GCC ACC AGA AAA CTG TCA GAA ATT GTT CTT GAA GAC GTT TAC AAC CAA TTG CCA GAA TTG ATC GGT GGT TCC GCC GAT TTG ACA CCT TCT AAC TTG ACC AGA TGG AAG GAA GCT CTA GAT TTT CAA CCA CCT TCT TCC GGT CTA GGT GAC TAC TCC GGT AGA TAC ATC AGA TAC GGT ATC AGA GAA CAC GCC ATG GGT GCC ATC ATG AAC GGT ATC TCC GCC TTC GGT GCC AAC TAC AAG CCA TAC GGT GGT ACT TTC TTG AAC TTT GTT TCT TAC GCT GCC GGT GCC GTT AGA CTG TCT GCC CTA TCC GGT CAC CCA GTC ATC TGG GTC GCT ACA CAT GAC TCC ATC GGT GTC GGT GAA GAT GGT CCA ACA CAT CAA CCT ATT GAA ACT TTG GCA CAC TTC AGA TCC CTA CCA AAC ATT CAA GTC TGG AGA CCA GCT GAC GGT AAC GAA GTT TCC GCC GCC TAC AAG AAC TCT TTA GAA TCT AAG CAC ACT CCA AGT ATC ATT GCT TTG TCC AGA CAA AAC TTA CCA CAA TTG GAA GGT AGT TCC ATC GAA AAG GCC GCC AAG GGT GGT TAC GTA CTA CAA GAT GTT GCT AAC CCA GAT ATT ATT TTG GTC GCT ACC GGT TCC GAA GTC TCC TTG AGT GTT GAA GCT GCT AAA ACT TTG GCC GCT AAG AAC GTC AAG GCC CGT GTT GTC TCT CTA CCA GAT TTC TTC ACT TTC GAT AAA CAA TCC TTA GAA TAC AGA CTA TCT GTC TTG CCA GAC AAC GTT CCA ATC ATG TCC GTT GAA GTC TTA ACT ACC ACT TGT TGG GGC AAA TAC GCT CAT CAA TCT TTC GGT ATT GAT AGA TTC GGT GCT TCC GGT AAG GCA CCA GAA GTC TTC AAA TAC TTT GGT TTC ACC CCA GAA GGT GTT GCT GAA AGA GCT CAA AAG ACT GTT GCA TTC TAC AAG GGT GAC AAG CTC GTT TCT CCT TTA AAG AAA GCC TTC 
mikatae                                    ATG ACC CAA TTC ACT GAC ATT GAT AAG CTA GCC GTC TCC ACC ATA AGA ATT TTG GCT GTG GAC ACC GTG TCC AAG GCC AAC TCA GGT CAT CCA GGT GCC CCA TTG GGT ATG GCT CCA GCT GCC CAC GTT CTG TGG AGC CAA ATG CGC ATG AAC CCA ACT AAC CCA GAC TGG ATC AAC AGA GAT AGA TTC GTC TTG TCC AAC GGT CAC GCC GTT GCT TTG TTG TAT TCC ATG TTA CAT CTG ACT GGT TAC GAT CTA TCC ATT GAA GAC TTG AAA CAA TTT AGA CAA TTA GGT TCC AGA ACT CCA GGT CAT CCT GAA TTC GAG TTA CCA GGT GTC GAA GTC ACC ACA GGT CCA TTG GGT CAA GGT GTC TCC AAT GCC GTT GGT ATG GCT ATG GCT CAA GCC AAT CTA GCT GCT ACT TAC AAC AAG CCA GAT TTC ACC TTA TCT GAC AGT TAC ACC TAC ACT TTC CTG GGT GAT GGT TGT TTA CAA GAA GGT ATA TCT TCA GAA GCT TGC TCT TTG GCT GGT CAC TTG AAA TTG GGT AAC TTG ATT GTT CTC TAC GAC GAT AAC AAG ATT ACT ATT GAT GGT GAT ACC AGC ATT TCC TTC GAC GAA GAC GTT GCT AAA AGA TAC GAA GCT TAC GGC TGG GAA GTC TTA TAC GTA GAA AAC GGT AAC GAT GAT CTC GAT GGT ATT TCT AAG GCT ATT GCC CAG GCT AAG CTA TCC AAG GAC AAA CCA ACT TTG ATC AAA ATT AGC ACT ACC ATC GGA TAT GGA TCC TTA CAC GCC GGT TCC CAC TCC GTG CAT GGT GCT CCA TTA AAA CCA GAC GAT GTT AAA CAA CTA AAG ACC AAA TTT GGT TTC AAC CCA GAC AAG TCC TTT GTT GTT CCA CAA GAA GTT TAC GAC CAC TAC CAA AAG ACA ATT TTA AAG CCA GGT GTG GAA GCG AAC AAT AAA TGG AAT AAG TTG TTC AGT GAA TAC CAA AAG AAG TAT CCG GAA TTA GGT GCT GAG TTG GCT AGA AGA TTG AGC GGC CAA CTA CCT GCT AAC TGG GAA TCC AAG TTA CCA ACT TAC ACC CCT CAA GAT TCT GCT GTT GCC ACT AGA AAA TTG TCA GAA ACT GTC CTT GAA GAT GTT TAC AAC CAA TTG CCA GAA TTG ATC GGT GGC TCT GCC GAT TTA ACG CCT TCT AAC TTG ACC AGA TGG AAG GAG GCT CTT GAT TTC CAA CCT CCT TCT TCC GGT TCT GGT AAC TAT TCT GGT AGA TAC ATT AGA TAT GGT ATC AGG GAA CAC GCT ATG GGT GCC ATC ATG AAT GGT ATC TCC GCC TTC GGT GCC AAC TAC AAA CCT TAC GGT GGT ACT TTC TTG AAC TTT GTT TCT TAC GCT GCC GGT GCC GTT AGA TTA TCC GCC CTA TCT GGT CAC CCA GTT ATC TGG GTT GCT ACA CAT GAT TCC ATT GGT GTC GGT GAG GAT GGT CCA ACA CAT CAA CCT ATT GAA ACT TTA GCA CAT TTT AGA TCC TTA CCA AAC ATT CAA GTT TGG AGA CCA GCC GAT GGT AAC GAA GTT TCC GCT GCC TAC AAG AAC TCT TTA GAA TCC AAA CAT ACT CCA AGT ATC ATT GCT TTA TCT AGA CAA AAC TTA CCA CAA TTG GAA GGT AGT TCC ATC GAA AGC GCC TCC AAG GGT GGT TAC GTA CTA CAA GAT GTT GCT AAC CCT GAT ATA ATC TTG GTT GCC ACT GGT TCC GAA GTC TCC TTG AGT GTT GAA GCA GCT AAG ACA TTG GCT GCC AAG AAC ATC AAA ACT CGT GTT GTT TCT CTA CCA GAT TTC TTC ACT TTT GAT AAA CAA TCC CTA GAA TAC AGA TTA TCG GTT TTA CCA GAC AAT GTT CCA ATC ATG TCT GTT GAA GTT TTG GCC ACC ACA TGT TGG GGC AAA TAC GCT CAT CAA TCC TTC GGT ATT GAC AGA TTT GGT GCT TCC GGT AAG GCA CCA GAA GTG TTC AAG TTC TTC GGC TTC ACC CCA GAA GGT GTT GCC GAA AGA GCT CAA AAA ACC ATT GCA TTC TAT AAG GGT GAC AAG CTT ATT TCT CCT TTG AAA AAG GCT TTC 
kluyveri                                   ATG TCC CAA TTT TCT GAC ATC GAC AAA CTA GCC GTC TCT ACA ATC AGA CTA TTG TCT GTT GAC CAA GTC TCT AAG GCT AAC TCT GGC CAC CCT GGT GCC CCA CTA GGT ATG GCT CCT GCT GCC CAC GTT TTG TGG AAG CAA CTA AGA TTT AAC CCA AAA AAC CCA GGA TGG ATC AAC AGA GAC AGG TTT GTC CTG TCA AAC GGT CAT GCC TGT GCT TTG CTA TAC TCC CTA TTG CAC TTG TTC GGT TAT GAT TTC TCC ATT GAA GAT TTG AAG CAC TTC AGA CAA CTG GGC TCC AAG ACT CCC GGC CAC CCA GAA TTC GAG TTG CCA GGT GTT GAA GTT ACC ACT GGT CCA TTG GGC CAA GGT ATT TCT AAT GCT GTT GGT TTG GCT ATT GCT CAA GCC AAC TTT GCT GCT ACT TAC AAC AAG CCA GGC TTC GCT TTG AGT GAC TCA TAC ACC TAC GCC TTT TTG GGT GAT GGT TGT TTG CAA GAA GGT GTC TCT TCC GAA GCT AGT TCT TTG GCT GGT CAC TTG AAG TTG GGT AAT TTG ATT GCC TTC TAC GAC GAT AAC AGA ATC ACC ATC GAT GGT AAC ATT AAC GTC TCC TTC ACC GAA GAC GTC GCT AAG AGA TAC GAA GCT TAC GGC TGG GAA GTC TTG TAC GTT GAA AAC GGT AAC GAA GAT ATG GAT GCC ATC GCT AAG GCT TTG GAA GAG GCC AAG CAG TCT AAG GAC AAG CCA ACC TTG ATC AAG ATG GTT ACC ACT ATC GGT TTC GGT TCT CTG AAC GCT GGC TCC CAC TCC GTC CAC GGT GCT CCA TTG AAG GGA GAC GAC GTC AAG CAA TTG AAG ATG AAA TTC GGT TTC AAC CCA GAA GAA TCC TTC GTT GTT CCA CAA GAA GTC TAC GAT TTC TAC AAC AAG ACC ACC ATC GAA CCA GGT GCC AAG GCT AAC GAG GAA TGG AAC GAG CTA TTC GAA CAG TAC ACT GCT AAG TAC CCA GAG CTA GGT GCT GAG TTG AAG AGA AGA TTA TCA GGC AAA CTA CCA GAA GGT TGG TTG TCC AAG CTG CCA ACT TAT TCT CCA TCC GAC TCT GCA GTT GCC ACC AGA AAG TTG TCT GAA ATG GTT TTG CAA GAC ATT TAC GAC ACT CTG CCT GAA TTG ATC GGT GGT TCC GCC GAC TTA ACC CCA TCC AAC CTA ACC AGA TGG AAG GAA GCT GTT GAC TTC CAA CCT CCT TCC TCT GGC TTG GGT GAT TAT TCC GGT AGA TAC ATC AGA TTT GGT GTC AGA GAA CAC GGT ATG GGT TCC ATC ATG AAC GGT ATC TCA GCC TTT GGT GCC AAC TAC AAG CCA TAC GGT GGT ACT TTC TTA AAC TTC GTT TCT TAT GCT GCC GGT GCC GTC AGA CTA TCT GCT TTG TCT GGC CAC CCT GTT ATT TGG GTT GCC ACC CAT GAT TCT ATC GGT TTG GGT GAA GAT GGT CCA ACC CAT CAA CCT ATT GAA ACC TTG GCT CAC TTC AGA GCT ATG CCT AAT GTT CAA GTT TGG AGA CCA GCT GAC GGT AAC GAA GTT TCT GCT GCT TAC AAG GTT GCC TTG GAA AGC AAA CAC ACC CCA GCT ATC ATT GCT CTT TCC AGA CAA AAC TTG CCT CAA TTG GAA GGT TCT ACC ATC GAA AAG GCT CAA AAC GGT GGT TAC GTT TTA CAA GAT GTT GAA TCC GCA GAC ATC ACC TTG GTT GCC ACC GGT TCC GAA GTC AGT CTT GCT GTT GAA GCT GCC GAA GTT TTG GCT AAG AGA AAC TTG AAG GCC CGT ATC GTC TCT TTA CCA GAT TTC CAT ACA TTC GAC CAA CAA CCT AAG GAA TAC CAA TTG TCT GTC TTC CCA TAC GGT GTT CCA ATC ATG TCC ATT GAA GTT TTA TCT ACA TCT GGT TGG GCC AGT --- --- --- --- --- --- --- --- --- --- --- --- --- --- --- --- ATG CCT TCA ATC TTT CGG TTT GGA --- --- --- --- --- --- --- --- --- --- --- --- --- --- --- --- --- --- --- --- --- --- --- --- --- --- CAG ATT CGG TGC TTC 
cerevisiae                                 ATG ACT CAA TTC ACT GAC ATT GAT AAG CTA GCC GTC TCC ACC ATA AGA ATT TTG GCT GTG GAC ACC GTA TCC AAG GCC AAC TCA GGT CAC CCA GGT GCT CCA TTG GGT ATG GCA CCA GCT GCA CAC GTT CTA TGG AGT CAA ATG CGC ATG AAC CCA ACC AAC CCA GAC TGG ATC AAC AGA GAT AGA TTT GTC TTG TCT AAC GGT CAC GCG GTC GCT TTG TTG TAT TCT ATG CTA CAT TTG ACT GGT TAC GAT CTG TCT ATT GAA GAC TTG AAA CAG TTC AGA CAG TTG GGT TCC AGA ACA CCA GGT CAT CCT GAA TTT GAG TTG CCA GGT GTT GAA GTT ACT ACC GGT CCA TTA GGT CAA GGT ATC TCC AAC GCT GTT GGT ATG GCC ATG GCT CAA GCT AAC CTG GCT GCC ACT TAC AAC AAG CCG GGC TTT ACC TTG TCT GAC AAC TAC ACC TAT GTT TTC TTG GGT GAC GGT TGT TTG CAA GAA GGT ATT TCT TCA GAA GCT TCC TCC TTG GCT GGT CAT TTG AAA TTG GGT AAC TTG ATT GCC ATC TAC GAT GAC AAC AAG ATC ACT ATC GAT GGT GCT ACC AGT ATC TCA TTC GAT GAA GAT GTT GCT AAG AGA TAC GAA GCC TAC GGT TGG GAA GTT TTG TAC GTA GAA AAT GGT AAC GAA GAT CTA GCC GGT ATT GCC AAG GCT ATT GCT CAA GCT AAG TTA TCC AAG GAC AAA CCA ACT TTG ATC AAA ATG ACC ACA ACC ATT GGT TAC GGT TCC TTG CAT GCC GGC TCT CAC TCT GTG CAC GGT GCC CCA TTG AAA GCA GAT GAT GTT AAA CAA CTA AAG AGC AAA TTC GGT TTC AAC CCA GAC AAG TCC TTT GTT GTT CCA CAA GAA GTT TAC GAC CAC TAC CAA AAG ACA ATT TTA AAG CCA GGT GTC GAA GCC AAC AAC AAG TGG AAC AAG TTG TTC AGC GAA TAC CAA AAG AAA TTC CCA GAA TTA GGT GCT GAA TTG GCT AGA AGA TTG AGC GGC CAA CTA CCC GCA AAT TGG GAA TCT AAG TTG CCA ACT TAC ACC GCC AAG GAC TCT GCC GTG GCC ACT AGA AAA TTA TCA GAA ACT GTT CTT GAG GAT GTT TAC AAT CAA TTG CCA GAG TTG ATT GGT GGT TCT GCC GAT TTA ACA CCT TCT AAC TTG ACC AGA TGG AAG GAA GCC CTT GAC TTC CAA CCT CCT TCT TCC GGT TCA GGT AAC TAC TCT GGT AGA TAC ATT AGG TAC GGT ATT AGA GAA CAC GCT ATG GGT GCC ATA ATG AAC GGT ATT TCA GCT TTC GGT GCC AAC TAC AAA CCA TAC GGT GGT ACT TTC TTG AAC TTC GTT TCT TAT GCT GCT GGT GCC GTT AGA TTG TCC GCT TTG TCT GGC CAC CCA GTT ATT TGG GTT GCT ACA CAT GAC TCT ATC GGT GTC GGT GAA GAT GGT CCA ACA CAT CAA CCT ATT GAA ACT TTA GCA CAC TTC AGA TCC CTA CCA AAC ATT CAA GTT TGG AGA CCA GCT GAT GGT AAC GAA GTT TCT GCC GCC TAC AAG AAC TCT TTA GAA TCC AAG CAT ACT CCA AGT ATC ATT GCT TTG TCC AGA CAA AAC TTG CCA CAA TTG GAA GGT AGC TCT ATT GAA AGC GCT TCT AAG GGT GGT TAC GTA CTA CAA GAT GTT GCT AAC CCA GAT ATT ATT TTA GTG GCT ACT GGT TCC GAA GTG TCT TTG AGT GTT GAA GCT GCT AAG ACT TTG GCC GCA AAG AAC ATC AAG GCT CGT GTT GTT TCT CTA CCA GAT TTC TTC ACT TTT GAC AAA CAA CCC CTA GAA TAC AGA CTA TCA GTC TTA CCA GAC AAC GTT CCA ATC ATG TCT GTT GAA GTT TTG GCT ACC ACA TGT TGG GGC AAA TAC GCT CAT CAA TCC TTC GGT ATT GAC AGA TTT GGT GCC TCC GGT AAG GCA CCA GAA GTC TTC AAG TTC TTC GGT TTC ACC CCA GAA GGT GTT GCT GAA AGA GCT CAA AAG ACC ATT GCA TTC TAT AAG GGT GAC AAG CTA ATT TCT CCT TTG AAA AAA GCT TTC 
paradoxus                                  ATG ACT CAA TTC ACT GAC ATT GAT AAG CTA GCC GTC TCC ACC ATA AGA ATT TTG GCC GTG GAC ACC GTC TCC AAG GCC AAC TCA GGT CAT CCA GGT GCC CCA TTA GGT ATG GCT CCA GCT GCG CAC GTT TTA TGG AGC CAA ATG CGC ATG AAC CCA ACC AAC CCA GAC TGG ATC AAC AGA GAC AGA TTT GTC TTG TCT AAC GGT CAC GCA GTT GCT TTG TTG TAT TCC ATG CTA CAT TTG ACT GGT TAC GAT CTG TCC ATT GAA GAC TTG AAA CAA TTC AGA CAA CTG GGT TCC AGA ACA CCA GGT CAT CCT GAA TTT GAG TTG CCA GGT GTC GAA GTC ACC ACT GGT CCA TTG GGT CAA GGT ATC TCT AAC GCT GTT GGT ATG GCC ATG GCT CAA GCC AAC CTA GCT GCC ACT TAC AAC AAG CCA GAC TTC ACC TTG TCT GAC AAC TAC ACC TAC GTT TTC TTG GGT GAT GGT TGT TTG CAA GAA GGT ATT TCT TCA GAA GCC TCT TCT TTG GCT GGT CAC TTG AAA TTG GGT AAC TTG ATT GCC ATC TAC GAC GAT AAC AAA ATC ACT ATC GAT GGT GCT ACC AGT ATC TCC TTC GAT GAA GAT GTC GCT AAG AGG TAC GAA GCC TAT GGC TGG GAA GTT TTA TAC GTT GAA AAC GGT AAC GAA GAT CTA GCT GGT ATT GCC AAG GCC ATT GCT CAA GCT AAG CTT TCC AAA GAT AGA CCA ACT TTG ATT AAG ATG ACC ACC ACC ATC GGT TAC GGT TCC TTG CAT GCC GGT TCT CAC TCC GTG CAC GGT GCT CCT TTG AAA CCA GAC GAT GTT AAA CAA CTA AAG ACA AAA TTT GGT TTC AAC CCA GAA AAG TCC TTT GTT GTT CCA CAA GAA GTT TAC GAC CAC TAC CAA AAG ACA ATT TTA AAG CCA GGT GTC GAA GCC AAC AAC AAA TGG AAC AAG TTG TTC AGC GAA TAC CAA AAG AAG TAC CCA GAA TTA GGT GCC GAA TTG GCT AGA AGA TTG AGT GGC CAA CTA CCC GCC AAC TGG GAA TCT AAG TTG CCA ACT TAC ACC ACC AAA GAT TCT GCT GTG GCC ACT AGA AAA TTG TCA GAA ACT GTT CTT GAG GAT GTT TAC AAC CAA CTG CCA GAA TTG ATT GGT GGC TCT GCT GAT TTA ACA CCT TCT AAC TTG ACC AGG TGG AAG GAA GCC CTT GAT TTC CAA CCT CCT TCT TCC GGT TCA GGT AAC TAT TCT GGT AGA TAC ATC AGA TAC GGT ATC AGA GAA CAC GCT ATG GGT GCC ATC ATG AAC GGT ATC TCC GCG TTT GGT GCC AAC TAC AAA CCA TAC GGT GGT ACT TTC TTG AAC TTC GTT TCT TAC GCT GCC GGT GCC GTT AGA TTA TCC GCT CTA TCT GGC CAC CCA GTT ATT TGG GTT GCT ACA CAC GAC TCC ATC GGT GTC GGT GAA GAT GGT CCA ACA CAT CAA CCT ATC GAA ACT TTA GCA CAT TTC AGA TCT CTA CCA AAC ATT CAA GTT TGG AGA CCA GCT GAT GGT AAC GAA GTT TCC GCC GCT TAC AAA AAC TCT TTA GAA TCT AAG CAT ACT CCA AGT ATC ATT GCT TTG TCT AGA CAA AAC TTG CCA CAA TTG GAG GGT AGT TCC ATT GAA AGC GCC TCC AAG GGT GGT TAC GTA CTA CAA GAT GTT GCT AAC CCA GAT ATT ATT TTG GTT GCC ACT GGT TCC GAA GTT TCT TTG AGT GTT GAA GCT GCC AAG ACT TTG GCC GCA AAG AAC ATC AAG GCT CGT GTT GTT TCT CTA CCA GAT TTC TTC ACT TTT GAC AAA CAA CCC CTA GAG TAC AGA CTA TCG GTC TTA CCA GAC AAT GTT CCA ATC ATG TCT GTT GAA GTT TTG GCT ACC ACA TGT TGG GGC AAA TAC GCT CAC CAA TCC TTC GGT ATT GAC AGA TTT GGT GCC TCC GGT AAG GCA CCA GAG GTC TTC AAG TTC TTC GGT TTC ACC CCA GAA GGC GTT GCT GAA AGG GCT CAA AAG ACC ATT GCA TTC TAT AAG GGT GAC AAG CTT ATT TCT CCT TTG AAA AAA GCT TTT 



Printing out site pattern counts


         6       1410  P G
G 2        2    468

castellii                                   ATG TCT AAA AAA AAA AAA AAA AAA AAA AAA AAC AAC AAC AAC AAC AAC AAC AAC AAC AAC AAG AAG AAG AAG AAG AAG AAG AAG AAG AAG AAG AAG AAG AAG AAG AAG AAG AAG AAG AAG AAG AAG AAG AAG AAG AAG AAG AAT AAT AAT AAT ACC ACC ACC ACC ACC ACC ACC ACC ACC ACC ACC ACC ACC ACC ACC ACT ACT ACT ACT ACT ACT ACT ACT ACT ACT ACT ACT ACT ACT ACT AGA AGA AGA AGA AGA AGA AGA AGA AGA AGA AGA AGA AGC AGT AGT ATA ATC ATC ATC ATC ATC ATC ATC ATC ATC ATC ATC ATC ATG ATG ATG ATG ATG ATG ATT ATT ATT ATT ATT ATT ATT ATT ATT ATT ATT ATT ATT ATT ATT ATT ATT ATT ATT CAA CAA CAA CAA CAA CAA CAA CAA CAA CAA CAA CAA CAC CAC CAC CAC CAC CAC CAC CAG CAT CAT CAT CAT CAT CAT CAT CAT CCA CCA CCA CCA CCA CCA CCA CCA CCA CCA CCA CCA CCA CCA CCT CCT CGT CTA CTA CTA CTA CTA CTA CTA CTA CTA CTT CTT CTT GAA GAA GAA GAA GAA GAA GAA GAA GAA GAA GAA GAA GAA GAA GAA GAA GAA GAA GAA GAA GAC GAC GAC GAC GAC GAC GAT GAT GAT GAT GAT GAT GAT GAT GAT GAT GAT GAT GAT GAT GAT GAT GAT GAT GAT GAT GAT GCA GCA GCA GCA GCC GCC GCC GCC GCC GCC GCC GCC GCC GCC GCC GCC GCC GCC GCC GCC GCC GCC GCC GCC GCT GCT GCT GCT GCT GCT GCT GCT GCT GCT GCT GCT GCT GCT GCT GCT GCT GCT GCT GCT GCT GCT GCT GCT GCT GCT GCT GCT GCT GCT GCT GCT GCT GCT GCT GCT GCT GCT GGC GGC GGC GGG GGT GGT GGT GGT GGT GGT GGT GGT GGT GGT GGT GGT GGT GGT GGT GGT GGT GTC GTC GTC GTC GTC GTC GTC GTC GTC GTC GTC GTC GTC GTG GTT GTT GTT GTT GTT GTT GTT GTT GTT GTT GTT GTT GTT GTT GTT GTT GTT GTT GTT GTT GTT TAC TAC TAC TAC TAC TAC TAC TAC TAC TAC TAC TAC TAC TAT TCA TCA TCA TCC TCC TCC TCC TCC TCC TCC TCC TCC TCC TCT TCT TCT TCT TCT TCT TCT TCT TCT TCT TCT TCT TCT TCT TCT TCT TCT TCT TCT TCT TCT TCT TCT TCT TGG TGT TGT TGT TTA TTA TTA TTA TTA TTA TTA TTA TTA TTA TTA TTA TTA TTA TTA TTA TTA TTC TTC TTC TTC TTC TTC TTC TTC TTC TTC TTC TTC TTC TTC TTC TTC TTC TTC TTC TTG TTG TTG TTG TTG TTG TTG TTG TTG TTG TTG TTG TTG TTG TTG TTG TTG TTG TTG TTG TTT TTT TTT
bayanus                                     ATG ACT AAA AAA AAA AAA AAA AAG AAG AAG AAC AAC AAC AAC AAC AAC AAC ACT CGC GAG AAA AAA AAA AAA AAC AAG AAG AAG AAG AAG AAG AAG AAG AAG AAG AAG AAG AAG ACC ACC ACC AGA CAA CAA GAC GAC GCT AAC AAC AAC TCC AAG ACA ACC ACC ACC ACC ACC ACC ACT ACT ACT CAA GAA TCC TGG AAA ACA ACA ACC ACC ACC ACC ACC ACC ACC ACT ACT ACT ACT GTT AAA AAG AAG AGA AGA AGA AGA AGA AGA AGA AGA AGC GCC AGT TCC ATT ATC ATC ATC ATC ATC ATC ATC ATT ATT GTT GTT TTG ATG ATG ATG ATG ATG ATT ATC ATC ATC ATC ATC ATC ATC ATC ATG ATT ATT ATT ATT ATT ATT GTC GTT GTT TTA AAG AAG AAG CAA CAA CAA CAA CAA CAA GAA GAG GCC CAC CAC CAC CAC CAC CAT CAT CAA AAC CAA CAC CAC CAC CAT CAT CAT ACC CCA CCA CCA CCA CCA CCA CCA CCA CCA CCC CCT CCT CCT CCA CCT CGT CTA CTA CTA CTA TTG TTG TTG TTG TTG GTC GTC TTG AAA ACC AGC CAA CAA GAA GAA GAA GAA GAA GAA GAA GAC GAG GAG GAG GCA GCC TTA TTA GAC GAT GAT GAT GAT TCC AAC AAC AAG GAA GAC GAC GAC GAC GAC GAC GAC GAC GAC GAC GAC GAG GAT GAT GAT GAT GAT GCC GCC GCC GCC GCA GCC GCC GCC GCC GCC GCC GCC GCC GCC GCG GCT GCT GCT GCT GCT GCT GCT GTC TCT AAA AAG CCA CCA GAA GAA GAC GCA GCA GCA GCA GCC GCC GCC GCC GCC GCC GCC GCC GCC GCC GCC GCC GCT GCT GCT GCT GCT GCT GCT GCT GCT GCT GCT GCT TCC TCC TCT AAC GGC GGT GGT AAC ACT CTA GAA GGC GGC GGC GGT GGT GGT GGT GGT GGT GGT GGT GGT GGT ACT ATC ATC GTC GTC GTC GTC GTC GTG GTG GTT GTT TTG GTT AAC ACC ACT ATC ATC CTA CTC GTA GTC GTC GTC GTC GTC GTC GTC GTC GTT GTT GTT GTT GTT TAC TAC TAC TAC TAC TAC TAC TAC TAC TAC TAC TAT TTC TTC CCA TCC TCT TCC TCC TCC TCC TCC TCC TCC TCT TCT TCT ACT AGC AGC AGT CAC TCA TCC TCC TCC TCC TCC TCC TCC TCC TCC TCT TCT TCT TCT TCT TCT TCT TCT TCT TGG GCC TGT TGT ATC ATG CTA CTA CTA CTA CTA CTG CTG TTA TTG TTG TTG TTG TTG TTG TTG CAC TAC TAC TAT TTC TTC TTC TTC TTC TTC TTC TTC TTG TTG TTT TTT TTT TTT TTT AAG ATT CTA CTA CTA CTG CTG CTT TTA TTA TTA TTG TTG TTG TTG TTG TTG TTG TTG TTG TAC TTC TTC
mikatae                                     ATG ACC AAA AAA AAG AAG AAG AAA AAA AAG AAC AAC AAC AAC AAC AAT AGT ACT CGC GAT AAA AAA AAA AAG AAT AAA AAA AAA AAA AAA AAG AAG AAG AAG AAG AAG AGC CAA ACA ACC ACT AGA AAA CAG GAC GAT GCC AAC AAC AAT TCC AAG ACA ACC ACC ACC ACC ACT AGC ACC ACT GCC CAA GAC TCC TGG AAG ACA ACG ACA ACC ACC ACC ACC ACT ACT ACC ACT ACT ACT GTC AAG AAA AAG AGA AGA AGA AGA AGA AGA AGA AGG AGC GAT AGT TCC ATC ATA ATC ATC ATC ATC ATC ATC ATA ATT ATT GTT TTG ATG ATG ATG ATG ATT ACT ATA ATC ATC ATC ATT ATT ATT ATT ATG ATT ATT ATT ATT ATT ATT ATC ATT GTT TTA AAG AAG AAG CAA CAA CAA CAA CAA CAA GAA GAA GCC CAC CAC CAT CAT CAT CAT CAT CAA AAC CAA CAC CAC CAT CAC CAT CAT CCT CCA CCA CCA CCA CCA CCG CCT CCT CCT CCA CCT CCT CCT CCA CCT CGT CTA CTA TCT TTA TTA TTA TTA TTG TTG GTT GTT TTG AAA ACC AGC CAA CAA GAA GAA GAA GAA GAA GAG GAG GAC GAA GAG GAT GAA GAT CTA TTA GAC GAC GAC GAT GAT TCC AAC AAT AAG GAA AAC GAC GAC GAC GAC GAC GAT GAT GAT GAT GAT GAA GAC GAT GAT GAT GAT ACT GCC GCC GCT GCT GCC GCC GCC GCT GCT GCT GCT TCC TCT GCC GCC GCC GCT GCT GCT GCT GCT GTG TCT AAG AAG CCA CCA GAA GAA GAC GCA GCA GCA GCG GCC GCC GCC GCC GCC GCC GCC GCT GCT GCT GCT GCT GCA GCC GCC GCC GCT GCT GCT GCT GCT GCT GCT GCT TCC TCC GCT AAC GGC GGT GGT AAT ACT TTA GAG GGA GGC GGT GGA GGC GGC GGC GGT GGT GGT GGT GGT GGT ACA ATC CTC GTC GTG GTG GTT GTT GTG GTT GTG GTT CTG GTA AAC ACT ACT ATT GTC CTT CTT GTA GTC GTC GTC GTC GTT GTT GTT GTT GTT GTT GTT GTT GTT TAC TAC TAC TAC TAC TAC TAT TAT TAT TAT TAT TAC TTC TTC CCA TCC TCT TCA TCC TCC TCC TCC TCT TCT TCC TCT TGC ACA AGC AGT AGT CAT TCA TCC TCC TCC TCC TCC TCC TCT TCT TCT TCA TCC TCC TCC TCC TCG TCT TCT TCT TGG GTT TGT TGT ATT ATG CTA CTA CTG TTA TTA TTA TTG TTG TTA TTA TTA TTG TTG TTG TTG CAC TAC TTC TAT TTC TTC TTC TTC TTT TTT TTT TTT CTA TTG TTC TTC TTC TTT TTT AAA ATT CTA CTA CTC TTA TTA CTT CTG TTA TTG CTA TTA TTA TTG TTG TTG TTG TTG TTG TAC TTC TTC
kluyveri                                    ATG TCC AAG GAA AAA AAG CGG AAA AAG AGA AAC AAT GAC GGT TCC AAC TCA ACA AGA GGC AAG AGT CAA GAA GAG --- AAA AAG AAG AAG --- AAC AAG AAG AGA GAA AAG TCC ACC ATG AAA AAG AAG GAG --- GAC GCC AAC AAC AAT TCC AAG ACC --- ACA ACC ACC ACC GTT --- ACC TCT --- GAC TCT TGG GAA ACC ACC ACT ACA ACT ATT TCT ACC TTC GCT ACC ACT ACT GTT CGG ATT AAG --- --- AGA AGA AGA AGG CAA AGA TCA AAC GCT TCC ACC GTC ATC ATC ATC ATC ATC GTC ATC ATT --- ATT TTG ATG CTA TTG TTT ATG ATG ATC ATC ATC ATT ACC ATC ATC ATC ATT ATC ATC ATT ATT GTT TTG TTG --- GTT TTG AAG GAG GCT --- AAC ACT CAA CAA CAC GAG CAG GCT AAC CAC CAC CAC CAC --- CAC CAA AAC CAA CAC CAT CAC CAC CAT CAT CCA CCA CCA CCA CCC CCT CCA CCA CCT GCA CCA --- CCA CCA CCA CCT CGT TTA TTG TTG ATG CTG CTT TTG CTG TTG GTT GTT TTG AAG CAA AAC AAA ACT --- GAA GAA GAA TCA GAA GAG GAA GAA GAG GAA GAA GAT AAG CTA GGA --- GAC GAC GAT CCT AAC AAC --- CAA GAT ACC GAC GAC GAT TAC GAC GAC GAC GAT GAT TTG GAC GAC GAC GAC GAT GCC GCC GCT GCT GCT GAA GCC GCT AAG GCT GCT GGT CAA GCT GCC AAG GCC --- GCC GCC GCT TCT GCC GCC AAG AAG --- GGA AAG GAA GAC --- ATG GCT GCT GCC GCC GCC GCC GCT GCT TCC GAA GCT GCT GCT TGC GCT --- GCC GCT --- --- GAA GCA GCC GCT GCT GCT GCT TCC GCT AAC GGC GGC GGT GGT TCT ATC GAA GGT GCC GGC GGT --- GGC GGT --- --- GCC GGC GGC GGT GTT ATC TTC TTG ATC GTC GTC GTT GTT GTT GTC GTT TTG GTT GTT ACT GCC GTC ATT GTT --- GTT GTC GTC GTC GTT GTC GTC GTT TGT --- ATC ATT GTC GTT --- TAC TAC TAC TAT TAT --- TAC TAT TTC TTT TAT CAT TTT CCA TCC TCT TCC ACC TCC TCT TCT TCC TCC TCC TCC AGT TCT AAG GAA TCT CAC TCT --- AGT TCA TCA TCC TCT AGT TCC TCT TCT --- AGC TCC TCT TCT --- TCT TCT TGG GCC GGT TGT CTA ATG CAG CTA TTG CTG TTG CTA TTG CAG TTA TTG TTG CTA CTG TTA TTG TTC TAC TTT TAC --- TTC TTC TTT --- TTC TTC TTC TTC TTG GGA TTC TTT TTC TTC AAG --- CTA TTG ATG CTG TTG TTG TTG TTG TTA TTT TTC TTG CTA CTA CTT TTA TTG TTG TAC TTC TTC
cerevisiae                                  ATG ACT AAA AAG AAG AAA AAG AAG AAA AAG AAC AAC AAT AAT AAC AAC AAC ACT CGC GGC AAA AAA AAA AAG AAC AAG AAA AAA AAA AAG AAG AAG AAG AAG AAG AAG AGC AAG ACA AGC ACC AGA AAA CAA GAC GAT GCT AAC AAT AAC TCT AAG ACA ACC ACC ACC ACT ACT ACC ACC ACT GCT CAA GAC TCC TGG AAG ACA ACA ACC ACC ACC ACC ACC ACA ACT ACC ACT ACA ACT GTT AAA AAA AAG AGA AGA AGA AGA AGG AGA AGA AGA AGC GCT AGT TCT ATT ATT ATA ATC ATC ATT ATT ATT ATT ATT ATT GTT TTG ATG ATG ATG ATG ATG ACT ATA ATT ATT ATT ATT ATC ATT ATT ATG ATC ATT ATT ATT ATT ATT ATC ATT GTT TTA AAG AAG AAG CAA CAA CAA CAA CAG CAG GAA GAA GCC CAT CAC CAC CAC CAT CAT CAC CAA AAC CAA CAC CAC CAT CAT CAT CAT GCC CCA CCA CCG CCA CCA CCA CCA CCT CCA CCA CCT CCC CCT CCA CCT CGT CTA TTG TCA CTA TTG TTG TTG TTG TTG GTG GTG TTA AAA ACC AGT CAA CAA GAA GAA GAA GAG GAA GAA GAA GAC GAA GAG GAA GAA GCC CTA TTA GAC GAC GAT GAT GAT CCC AAC AAC AAG GAG AAC GAT GAC GAT GAC GAC GAC GAT GAT GAC GAC GAA GAT GAC GAC GAT GAT GCT GCC GCC GCC GCT GCT GCC GCT GCT GCC GCT GCT TCT GCC GCA GCA GCT GCT GCT GCT GCT GCT GTC TCT AAG AAG CCA GCA GAA GAA GAC GCA GCA GCA GCC GCC GCG GCT GCT GCC GCT GCC GCA GCC GCT GCT GCT GCT GCT GCC GCT GCC GCT GCT GCC GCT GCA GCC GCT TCC TCT GCC AAC GGT GGC GGT AAC ACT TTA GAA GGT GGC GGT GGT GGT GGC GGT GGT GGT GGT GGC GGT GGT ACT ATC ATC GTC GTC GTA GTT GTT GTG GTT GTG GTT CTA GTA AAC ACT GTT ATC ATC CTT CTA GTA GTC GTG GTT GTT GTC GTT GTT GTC GTT GTT GTT GTT GTT TAC TAC TAC TAT TAC TAT TAT TAT TAC TAC TAC TAC TTC TTC CCA TCT TCT TCA TCT TCT TCC TCT TCC TCT TCC TCT TCC ACA AGT AGC AGC CAT TCA TCC TCT TCA TCT TCC TCC TCT TCT TCT TCA TCC TCC TCA TCC TCA TCT TCC TCT TGG GCC TGT TGT ATT ATG TTA CTA TTG TTG CTA TTG TTA TTG TTA TTA TTG TTG TTG TTG TTG CAC TAC TTC TTC TTC TTC TTC TTC TTT TTC TTC TTT CTG TTG TTC TTC TTT TTC TTT AAA ATT CTA CTA CTA TTG CTA CTT TTG TTG TTG CTG TTA TTG TTG TTG TTG TTG TTA TTG TAC TTT TTT
paradoxus                                   ATG ACT AAA AAA AAG AAG AAG AAG AAA AAA AAC AAC AAC AAC AAC AAC AAC ACT CGC GAC AAA AAA AAA AAG AAC AAG AAA AAG AGA AAG AAG AAG AAA AAG AAG AAG AGC AAA ACA ACA ACC AGA AAA CAA GAC GAT GCC AAC AAC AAC TCT AAA ACA ACC ACC ACC ACC ACT ACC ACC ACT GCT CAA GAT TCT TGG AAG ACA ACA ACT ACC ACC ACC ACC ACC ACT ACC ACT ACA ACT GTT AAA AAA AAG AGA AGG AGA AGG AGA AGA AGA AGA AGT GCT AGT TCT ATT ATT ATC ATC ATT ATC ATT ATC ATT ATT ATT GTT TTG ATG ATG ATG ATG ATG ACT ATA ATC ATT ATT ATT ATC ATC ATT ATG ATC ATT ATC ATT ATT ATT ATC ATT GTT TTA AAG AAG AAG CAA CAA CAA CAA CAA CAA GAA GAA GCC CAT CAC CAC CAT CAT CAC CAT CAA AAC CAA CAC CAC CAT CAC CAC CAT ACC CCA CCT CCA CCA CCA CCA CCA CCT CCA CCA CCT CCC CCT CCA CCT CGT CTA CTA TCA CTA TTG TTG TTA TTG TTG GTG GTT TTG AAA ACC AGT CAA CAA GAA GAA GAG GAA GAG GAA GAA GAA GAA GAG GAA GAA GCT CTA TTA GAC GAC GAC GAT GAT CCC AAC AAC AAG GAG AAC GAT GAC GAT GAC GAC GAT GAC GAT GAC GAT GAA GAC GAC GAT GAT GAT GCT GCT GCT GCC GCT GCT GCC GCC GCT GCC GCC GCT TCC GCC GCG GCA GCC GCT GCC GCT GCT GCC GTC TCT AAG AAG CCA CCA GAA GAG GAC GCA GCA GCA GCC GCC GCA GCC GCG GCC GCT GCC GCC GCC GCC GCT GCT GCT GCT GCC GCT GCC GCT GCT GCT GCT GCT GCC GCT TCT TCC GCT AAC GGC GGC GGT AAT ACT TTA GAA GGT GGC GGT GGT GGT GGC GGC GGC GGT GGT GGT GGT GGT ACT ATC ATC GTC GTC GTC GTC GTT GTG GTT GTG GTT TTA GTT AAC ACT GTT ATC ATC CTT CTT GTA GTC GTT GTT GTC GTC GTT GTT GTT GTT GTT GTT GTT GTT TAC TAC TAT TAC TAC TAC TAT TAT TAT TAC TAC TAC TTC TTT CCA TCC TCT TCA TCC TCC TCC TCC TCT TCT TCC TCT TCT ACA AGC AGC AGT CAT TCA TCC TCT TCC TCT TCC TCC TCT TCT TCT TCA TCC TCT TCC TCC TCG TCT TCT TCT TGG GCC TGT TGT ATT ATG CTT CTA TTG TTG CTA TTA TTG TTG TTA TTA TTG TTG CTG TTG TTG CAC TAC TTC TAC TTC TTC TTT TTC TTT TTC TTT TTT CTG TTG TTC TTC TTT TTC TTT AAA ATT CTA CTA CTA CTG CTA CTT TTG TTG TTG CTA TTA TTG TTA TTG TTG TTG TTG TTG TAC TTC TTT



    1    1    1    1    1    1    1    1    1    1   10    2    1    1    1
    2    1    1    1    1    1    1    1    1    1    1    1    1    1    2
    2    1    1    3    1    1    1    1    1    1    1    1    1    1    1
    1    1    3    1    1    1    1    1    1    1    2    1    3    1    1
    1    1    1    1    1    1    1    1    1    1    1    1    1    1    1
    1    1    2    1    2    1    1    1    1    1    1   11    2    1    1
    1    1    1    1    2    1    1    1    1    2    1    1    1    1    1
    1    1    1    1    3    2    1    1    1    1    1    1    1    1    1
    2    1    1    1    1    1    1    2    1    1    1    1    1    1    1
    1    1    1    1    1   12    1    1    1    1    1    1    2    1    1
    1    1    1    1    1    1    2    1    1    1    1    1    1   13    1
    1    1    7    1    1    1    1    1    1    1    2    1    2    1    2
    1    1    1    1    1    1    1    2    1    1    1    1    1    1    1
    1    2   17    1    1    1    1    1    1    1    1    1    1    1    1
    1    1    1    1    1    1    1    1    1    1    1    1    1    2    1
    2    1    1    1    2    1    2    1    1    1    1    2    5    1    1
    1    1    1    1    2    1    1    2    2    1    1    1    1    1    1
    1    1    1    2    1    1    1    1    2    1    1    1    1    1    1
    1    1    1    1    1    2    1    1    2    1    1    1    1    1    1
    1    1    1    1    1    1    1    1    1    1    2    4    1    1    1
    1    1    1    1    1    1    1    1    1    1    1    1    1    1    1
    1    4    1    1    4   36    1    1    1    1    1    1    1    3    1
    1    1    2    1    1    1    1    1    1    1    1    1    1    2    1
    1    2    1    1    3    1    1    1    1    3    3    1   13    1    1
    1    1    1    1    1    1    1    1    1    1    1    1    2    1    1
    1    2    2    1    1    1    2    1    1    1    1    1    1    1    1
    1    1    1    2    3    1    2    1    1    1    1    1    1    1    1
    1    2    8    1    1    1    1    1    1    1    1    1    1    1    1
    1    1    1    2    2    1    1    2    1    1    1    1    3    5    1
    3    1    2    1    1    1    1    1    1    1    1    1    1    1    1
    1    1    1    1    1    1    1    1    1    1    2    1    1    1    1
    1    6    1    1    1

CODONML (in paml version 4.4b, July 2010)  torun.nuc
Model: One dN/dS ratio for branches Global clock  (2 genes: diff. rate & k&w)  
Codon frequency model: F3x4
ns =   6  ls = 680

Codon usage in sequences
--------------------------------------------------------------------------------------------------------------
Phe TTT  3  5  7  9  6  8 | Ser TCT 30 18 17 24 24 23 | Tyr TAT  1  2  6  4  4  4 | Cys TGT  3  2  2  2  2  2
    TTC 28 21 20 21 22 19 |     TCC 13 29 28 20 17 20 |     TAC 25 26 21 20 22 23 |     TGC  0  0  1  1  0  0
Leu TTA 20  7 20  6 10 10 |     TCA  4  1  3  5  7  4 | *** TAA  0  0  0  0  0  0 | *** TGA  0  0  0  0  0  0
    TTG 26 36 26 37 37 34 |     TCG  0  0  1  0  0  1 |     TAG  0  0  0  0  0  0 | Trp TGG  8  9  9  9  9  9
--------------------------------------------------------------------------------------------------------------
Leu CTT  3  1  3  2  2  4 | Pro CCT  3  6 10 11  6  7 | His CAT  9  5  9  4  8  7 | Arg CGT  1  1  1  1  1  1
    CTC  0  1  2  0  0  0 |     CCC  0  1  0  1  2  2 |     CAC  8 12  8 12  9 10 |     CGC  0  1  1  0  1  1
    CTA 11 15 10 11 12 12 |     CCA 33 31 28 24 29 30 | Gln CAA 23 24 23 20 21 23 |     CGA  0  0  0  0  0  0
    CTG  0  4  3  5  2  3 |     CCG  0  0  1  0  1  0 |     CAG  1  0  1  3  2  0 |     CGG  0  0  0  2  0  0
--------------------------------------------------------------------------------------------------------------
Ile ATT 21 12 19 11 23 19 | Thr ACT 17 15 18  8 16 16 | Asn AAT  6  0  6  3  3  1 | Ser AGT  3  3  5  4  4  5
    ATC 13 22 13 20 11 16 |     ACC 18 22 14 18 14 16 |     AAC 21 30 24 25 28 30 |     AGC  1  4  5  1  5  3
    ATA  1  0  3  0  2  1 |     ACA  0  3  6  3  7  7 | Lys AAA  8 13 17  5 14 16 | Arg AGA 23 20 19 18 19 18
Met ATG 10 11 10 11 11 11 |     ACG  0  0  1  0  0  0 |     AAG 31 30 25 28 29 26 |     AGG  0  0  1  1  1  3
--------------------------------------------------------------------------------------------------------------
Val GTT 29 18 27 26 27 28 | Ala GCT 45 25 32 35 36 31 | Asp GAT 30 14 23 13 17 19 | Gly GGT 58 53 50 44 53 51
    GTC 16 23  9 15  7 10 |     GCC 24 34 24 22 23 28 |     GAC  6 20 15 18 17 15 |     GGC  3  4  5 10  5  6
    GTA  0  1  2  0  3  1 |     GCA  4  6  4  2  8  5 | Glu GAA 37 30 30 34 32 31 |     GGA  0  0  2  3  0  0
    GTG  1  2  5  0  5  3 |     GCG  0  1  1  0  1  2 |     GAG  0  6  4  6  3  5 |     GGG  1  0  0  0  0  0
--------------------------------------------------------------------------------------------------------------

Codon position x base (3x4) table for each sequence.

#1: castellii      
position  1:    T:0.23676    C:0.13529    A:0.25441    G:0.37353
position  2:    T:0.26765    C:0.28088    A:0.30294    G:0.14853
position  3:    T:0.38529    C:0.25882    A:0.24118    G:0.11471
Average         T:0.29657    C:0.22500    A:0.26618    G:0.21225

#2: bayanus        
position  1:    T:0.22941    C:0.15000    A:0.27206    G:0.34853
position  2:    T:0.26324    C:0.28235    A:0.31176    G:0.14265
position  3:    T:0.26471    C:0.36765    A:0.22206    G:0.14559
Average         T:0.25245    C:0.26667    A:0.26863    G:0.21225

#3: mikatae        
position  1:    T:0.23676    C:0.14706    A:0.27353    G:0.34265
position  2:    T:0.26324    C:0.27647    A:0.31176    G:0.14853
position  3:    T:0.34559    C:0.27941    A:0.24559    G:0.12941
Average         T:0.28186    C:0.23431    A:0.27696    G:0.20686

#4: kluyveri       
position  1:    T:0.24765    C:0.15047    A:0.24451    G:0.35737
position  2:    T:0.27273    C:0.27116    A:0.30564    G:0.15047
position  3:    T:0.31505    C:0.31975    A:0.20533    G:0.15987
Average         T:0.27847    C:0.24713    A:0.25183    G:0.22257

#5: cerevisiae     
position  1:    T:0.23529    C:0.14118    A:0.27500    G:0.34853
position  2:    T:0.26471    C:0.28088    A:0.30735    G:0.14706
position  3:    T:0.34118    C:0.26912    A:0.24118    G:0.14853
Average         T:0.28039    C:0.23039    A:0.27451    G:0.21471

#6: paradoxus      
position  1:    T:0.23088    C:0.14706    A:0.27647    G:0.34559
position  2:    T:0.26324    C:0.28235    A:0.30882    G:0.14559
position  3:    T:0.33235    C:0.29265    A:0.23235    G:0.14265
Average         T:0.27549    C:0.24069    A:0.27255    G:0.21127

Codon usage in genes
--------------------------------------------------------------
Phe TTT  0 38 | Ser TCT  1 135 | Tyr TAT  0 21 | Cys TGT  0 13
    TTC  0 131 |     TCC  1 126 |     TAC  0 137 |     TGC  0  2
Leu TTA  0 73 |     TCA  0 24 | *** TAA  0  0 | *** TGA  0  0
    TTG  0 196 |     TCG  0  2 |     TAG  0  0 | Trp TGG  0 53
--------------------------------------------------------------
Leu CTT  0 15 | Pro CCT  0 43 | His CAT  0 42 | Arg CGT  0  6
    CTC  0  3 |     CCC  0  6 |     CAC  0 59 |     CGC  0  4
    CTA  0 71 |     CCA  0 175 | Gln CAA  0 134 |     CGA  0  0
    CTG  0 17 |     CCG  0  2 |     CAG  0  7 |     CGG  0  2
--------------------------------------------------------------
Ile ATT  0 105 | Thr ACT  3 87 | Asn AAT  0 19 | Ser AGT  0 24
    ATC  0 95 |     ACC  1 101 |     AAC  0 158 |     AGC  0 19
    ATA  0  7 |     ACA  0 26 | Lys AAA  0 73 | Arg AGA  0 117
Met ATG  6 58 |     ACG  0  1 |     AAG  0 169 |     AGG  0  6
--------------------------------------------------------------
Val GTT  0 155 | Ala GCT  0 204 | Asp GAT  0 116 | Gly GGT  0 309
    GTC  0 80 |     GCC  0 155 |     GAC  0 91 |     GGC  0 33
    GTA  0  7 |     GCA  0 29 | Glu GAA  0 194 |     GGA  0  5
    GTG  0 16 |     GCG  0  5 |     GAG  0 24 |     GGG  0  1
--------------------------------------------------------------

Codon position x base (3x4) table for each gene.


Gene #1
position  1:    T:0.16667    C:0.00000    A:0.83333    G:0.00000
position  2:    T:0.50000    C:0.50000    A:0.00000    G:0.00000
position  3:    T:0.33333    C:0.16667    A:0.00000    G:0.50000
Average         T:0.33333    C:0.22222    A:0.27778    G:0.16667

Gene #2
position  1:    T:0.23621    C:0.14555    A:0.26453    G:0.35370
position  2:    T:0.26503    C:0.27844    A:0.30899    G:0.14754
position  3:    T:0.33085    C:0.29806    A:0.23224    G:0.13885
Average         T:0.27736    C:0.24069    A:0.26859    G:0.21336

Sums of codon usage counts
------------------------------------------------------------------------------
Phe F TTT      38 | Ser S TCT     136 | Tyr Y TAT      21 | Cys C TGT      13
      TTC     131 |       TCC     127 |       TAC     137 |       TGC       2
Leu L TTA      73 |       TCA      24 | *** * TAA       0 | *** * TGA       0
      TTG     196 |       TCG       2 |       TAG       0 | Trp W TGG      53
------------------------------------------------------------------------------
Leu L CTT      15 | Pro P CCT      43 | His H CAT      42 | Arg R CGT       6
      CTC       3 |       CCC       6 |       CAC      59 |       CGC       4
      CTA      71 |       CCA     175 | Gln Q CAA     134 |       CGA       0
      CTG      17 |       CCG       2 |       CAG       7 |       CGG       2
------------------------------------------------------------------------------
Ile I ATT     105 | Thr T ACT      90 | Asn N AAT      19 | Ser S AGT      24
      ATC      95 |       ACC     102 |       AAC     158 |       AGC      19
      ATA       7 |       ACA      26 | Lys K AAA      73 | Arg R AGA     117
Met M ATG      64 |       ACG       1 |       AAG     169 |       AGG       6
------------------------------------------------------------------------------
Val V GTT     155 | Ala A GCT     204 | Asp D GAT     116 | Gly G GGT     309
      GTC      80 |       GCC     155 |       GAC      91 |       GGC      33
      GTA       7 |       GCA      29 | Glu E GAA     194 |       GGA       5
      GTG      16 |       GCG       5 |       GAG      24 |       GGG       1
------------------------------------------------------------------------------

(Ambiguity data are not used in the counts.)


Codon position x base (3x4) table, overall

position  1:    T:0.23601    C:0.14512    A:0.26622    G:0.35265
position  2:    T:0.26573    C:0.27910    A:0.30807    G:0.14710
position  3:    T:0.33086    C:0.29767    A:0.23155    G:0.13992
Average         T:0.27753    C:0.24063    A:0.26861    G:0.21322


Nei & Gojobori 1986. dN/dS (dN, dS)
(Pairwise deletion)
(Note: This matrix is not used in later ML. analysis.
Use runmode = -2 for ML pairwise comparison.)

castellii           
bayanus              0.1296 (0.1154 0.8904)
mikatae              0.1240 (0.1191 0.9607) 0.0336 (0.0201 0.5998)
kluyveri             0.1880 (0.1818 0.9670) 0.1743 (0.1469 0.8426) 0.1359 (0.1486 1.0934)
cerevisiae           0.1166 (0.1121 0.9614) 0.0276 (0.0156 0.5670) 0.0260 (0.0136 0.5238) 0.1192 (0.1441 1.2086)
paradoxus            0.1279 (0.1133 0.8856) 0.0270 (0.0140 0.5175) 0.0299 (0.0123 0.4118) 0.1479 (0.1454 0.9833) 0.0185 (0.0055 0.2976)


TREE #  1:  (((((5, 6), 3), 2), 1), 4);   MP score: -1
lnL(ntime:  5  np: 10):  -6717.899144      +0.000000
   7..8     8..9     9..10   10..11   11..5    11..6    10..3     9..2     8..1     7..4  
 0.942738 0.737875 0.297585 0.218235 0.149983 0.777121 2.984756 0.073937 2.702290 0.099491
SEs for parameters:
 707740.149589 553943.206902 223405.314506 163835.123996 112596.389428 583406.595683 14474022.906799 112029.258889 0.218596 0.008235
Note: Branch length is defined for the first gene (site partition).
For other genes, look at "rates for genes".

tree length =   3.28915 (1st gene)

(((((5: 0.149983, 6: 0.149983): 0.068252, 3: 0.218235): 0.079350, 2: 0.297585): 0.440290, 1: 0.737875): 0.204864, 4: 0.942738);

(((((cerevisiae: 0.149983, paradoxus: 0.149983): 0.068252, mikatae: 0.218235): 0.079350, bayanus: 0.297585): 0.440290, castellii: 0.737875): 0.204864, kluyveri: 0.942738);

Detailed output identifying parameters

rates for 2 genes:     1  0.77712

gene # 1: kappa =   2.98476 omega =   0.07394
gene # 2: kappa =   2.70229 omega =   0.09949

Time used:  0:19
