
seed used = 1418852361
      5   1338

bayanus                                    ATG GGG GCC AAC CAG GAC AAC GAG TAC GGC ACC AAA GGC GGT TCT TTG ATA TAT AAT GAA AAT GAA ACA CAA TTG AGC AGT ACA AAC GTG CGA GCC TCT CAA GAT AAG AAA AAT GCT TCG AAA ATG GGC AGC TCT AGT AAG GAG --- CTG GTG CAA GAT GAT AAA CCA AGA AGG GCC TTG ACC GAT GTC CCA GTA AAC AAC AAT CCT TTA AGC CAA GCT AAG AGG ATA GCT ACA AAC AAC AAG GCC GCC AAA GTA CGA AGG GAA GAA AAC AGT AGA CCT ATT GTT ACC GCC GTC CAG AAA AGA CAG ATA TAC AAC GAT CAT ACA GCA GAG --- --- --- --- --- --- --- --- --- --- --- --- GAC GAT GCT GTT --- --- --- --- --- GTC TCC ATT GCA AAC AAA AGA CGC AGA TTT GGC GTC GAG GGT AAG GAG GAA ATA CTG GGT TGG AAG GAT TTA GAC TAT GTT GAG AAA AAC GAT ACT GCA ATG GTG GCA GAA TAT TCT TCA GAG ATC TTC GAG TTT TTG TAC AAG AGA GAA TTA GAA ACG CTA CCA TCT CAT AAT TAT GTA CTC GAC AAA ACT TCC AAA TAT TAT TTA AGA CCG TCC ATG AGA GCC ATA TTA GTG GAT TGG TTG GTA GAA GTG CAT GAG AAA TTT CAA TGC TAT CCT GAA ACA TTA TTT CTA TCC ATC AAC CTT ATG GAC AGA TTT TTA GCC CAA AAT AAA GTT ACA ATG AAT AAA CTA CAA CTA TTA GCA GTA ACC TCG CTT TTC ATA GCG GCA AAA TTC GAA GAA GTA AAT TTG CCC AAA TTA GCC GAG TAC TCT TAC ATC ACC GAT GGG GCA GCC TCC AAA AAC GAC ATA AAA AAT GCG GAA ATG TTT ATG CTA ACA TCT TTA GGA TTC AAT ATT GGT TGG CCT AAT CCG CTC AAT TTT CTG AGA AGG ATC TCC AAG GCA GAT GAT TAC ATT TTG GCT AAT AGA AAC ACT GGT AAG TTT ATT CTA GAG TAT GCT TGC TGC AGC CAC CAA TTC ATT CAT CTC CCC CCA TCT GTC ATA AGC GCA ATG GCT ATG TAT ATA GCA AGA AGA ATA ACC AAT AGA AAC AAG AAC GAA CTA TGG AAC GAA AAT CTG GAA CAC TAT AGC GGC GGC ATC GAT CCT ATA CAC GAT AAA ACG TTT CAA TCG TAC TGT ACC GAT CTA GTC ACA GAT ATT GCT AAT TCT AAA ATT CGT TTG GAT TCC CTT ACT CTA AAA TAC AAG AAG CCA AGA TAT GGA TCG GTC TAT TTC CAA ACC TCT AAT TGG TGC AAA GCT GAG GTG GAC AAT AAT TTC CCA AGT CTA TTC ACT TTA --- --- --- --- --- 
mikatae                                    ATG GGA GGT AGT CAA GAT TAC GAG CAG AGC ATT AAA AGA AGT TCT TTG ATT CAT AAC GAG AAC GAG AAG CAA TTG TGC AGC GAA GAC ATG ACG ATC TCT CAA GAA AAA AAA ATA AAT CCG GTA ATT GAT AGC TCT AGT AAG CAC --- CAT ATC CAA AAC TCC AAA CCA AGA AGG GCT TTA ACT GAT GTG CCA GTA AAC AAT AAT CCT CTA AGC CAA AAC AAG AGG CTA ACA AAT --- ACC AAG GCC GTA AAG GTA CGA AGG GAA GAA GAT ATT AGG CCT ATC TTT AGC GCC GCT CAA AAG AGA CAG ATA TAT AAC GAT CGA ACA GCA ACA TCA ACA GCG TCA GCA GCC GTA GCT AAA AAA GAA GGA GAA GAA GGA GAA GGA GAA TAT GAT GAT CTT TCA ATA GTA AGG AAA AAA CGC AGG ACT GGA GTT GAA GAA ACT GGT GAA ATA GTC GGT TGG AAG GAT TTA GAT TAT GTC GAA AAA AAT GAC ACT GCA ATG GTA GCA GAA TAC TCT ACA GAA ATT TTC GAT TTT TTG TAC ACA AGA GAA CTA GAA ACC CTA CCG TCT CAT AAT TAC CTA TTA GAT AAA ACG TCA AAG TAC TAT TTA AGG CCC TCC ATG AGA GCG ATA TTA GTG GAT TGG CTA GTA GAA GTT CAT GAG AAG TTC CAG TGC TAT CCC GAA ACT TTA TTC CTA TCT ATA AAC TTG ATG GAT AGA TTT TTA GCC AAA AAT AAA GTT ACT ATG AAC AAA TTA CAG TTA TTA GCA GTC ACT TCG CTC TTC ATA GCG GCA AAG TTT GAG GAA GTG AAT TTG CCC AAA TTG GCC GAG TAC GCT TAT ATC ACT GAT GGC GCT GCT TCT AAA AAT GAC ATA AAA AAT GCA GAA ATG TTC ATG CTA ACT TCT TTA GAG TTC AAC ATT GGT TGG CCC AAT CCA CTT AAT TTT TTG AGA AGG ATC TCC AAG GCA GAT GAT TAC AAT TTG GTT AAC AGA AAT ATT GGT AAA TTT ATT CTA GAG TAT GCC TAC TGC TGC CAT CAT TTC ATC CAC TTA CCT CCG TCT ACC ATT AGC GCA ATG GCA ATG TAT ATA GCG AGA AGA ATG ACC AAT AGA AGC AAG AAC GAG CTA TGG AAC AAA ACA CTA CAA CAT TAC AGT GGT GGC ATC GAT CCG ACG GAA GAC GAA GTA TTT CAA TCC CGC TGT ATC GAT CTA GTC ACT GAC ATT GCC AGT TCT AAA ATT CGT TTG GAT TCA TTG GTT TTG AAA TAC AAG AAG CCT AGG TAT GGC TCT GTT TAT TTC CAA GCC TTC AAT TGG TGC AAA GCT GAA ATG GAT AGT AAC TTC CAA AAC CTT TTC CAT --- --- --- --- --- --- 
cerevisiae                                 ATG GGA GAG AAC CAC GAC CAT GAG CAG AGT ATT AAA AGA AAT TCT ATG ATT TAT AAT GAA AAT GAG AGG CAG TTG TGC AAT TCA AAC CTA AAG ATT CTT CAA AAT AAA AGG GCC CTT TCA AAA AAT GAC AGC TCT AGT AAG CAG --- CAG GTT CAG GAT TCT AAA CCA AGA AGG GCT TTA ACA GAT GTA CCA GTG AAC AAT AAT CCT TTA AGC CAG AAC AAG AGA ATA GTA GCA GGG AGC AAG GCG GCC AAA GTA CGA AGA GAA GAA AAC ATT AGA CCT ATT GTT AGC GCC GTT CAA AAA AGA CAG ATA TAT AAC GAT CGA ACG GCA GCA GAG CAA GAA GAA GAA GAA GAA GAA --- --- GAA GGA GAA GAT GAT GAT --- --- --- --- GCT GCT TCG ATA GTG AAC AAA AAA CGC AGA ATA GAC GCT GAA GGA GTG AGT GAA ATA GTA GGC TGG CAG GAC CTA GAT TAT GTT GAA AAA GAT GAT ACT GCA ATG GTA GCA GAA TAT TCT GCT GAA ATT TTT GCA TTT TTA TAT AGA AGA GAA TTA GAA ACG TTA CCA TCG CAC AAC TAT TTA CTC GAC AAA ACG TCC AAG TAT TAT TTG AGG CCT TCC ATG AGA ACA ATA TTA GTG GAT TGG CTG GTA GAG GTG CAC GAA AAA TTT CAA TGC TAT CCG GAA ACG TTA TTC CTA TCC ATA AAC TTA ATG GAT AGA TTT TTA GCT AAA AAT AAA GTT ACG ATG AAC AAG TTA CAA TTA TTG GCA GTT ACC TCA CTT TTC ATC GCG GCA AAA TTT GAA GAG GTA AAT TTG CCC AAA CTA GCT GAA TAC GCT TAT ATC ACT GAC GGC GCG GCT TCT AAA AAC GAC ATA AAA AAT GCG GAA ATG TTC ATG CTC ACT TCC TTA GAA TTC AAC ATT GGT TGG CCC AAC CCA CTC AAT TTC CTA AGG AGG ATC TCC AAG GCA GAT GAT TAC GAT CCG GTT AAT AGA AAT ATT GGT AAG TTT ATT TTA GAG TAT GCC TAC TGC TGC CAC CAA TTC ATT CAT TTA CCT CCA TCT ACC GTA AGC GCA ATG GCA ATG TAT ATA GCG AGA AGA ATG ACC AAC AGA AAC AAG AAC GAG CTA TGG AAT GGA ACA CTA CAG CAT TAC AGT GGT GGT ATC GAT CCA ATA CAC GAT GAA GCG TTT CAG TCT CTC TGC ATT GAT CTA GTC AAA GAC ATC GCT AGT TCC AAA ACT CAT TTA GAT TCA TTG ATT TTG AAG TAC AAG AAA CCA AGG TAT GGC TCT GTT TAT TTC CAA ACT TTC AAG TGG TGT ACA TCC GAA ATG CAT AGC AAC TTT CAA AAT CTA TTT AAT CTT AAG --- --- --- --- 
paradoxus                                  ATG GGA GGT AAC CAA GAC CAT GAG CAG AGC ATT AAA AGA AAT ACT TCG ATT TAT AAT GAA AAC GAG AGG CAA TTC TGC AAT ACA AAC TTA AAG ATT CCT CAA GAT AAA AAG ACT ATT CCA AAA AAT GGT GGC TCC AGT AAG CAA --- CAA GTT CAA GAC TCT AAA CCA AGA AGG GCT TTA ACA GAT GTA CCG GTA AAT AAT AAT CCT CTA AGT CAA AGC AAG AGA ATA GTA ACA GAT AGC AAG GCG GCC AAA GTA CGA AGA GAG GAA AAC ATT AGA CCT ATC GGT AGC GCC GTT CAA AAA AGA CAG ATA TAT AAC GAT CGA ACG GCA GCA GAG AAA GAA --- --- --- --- --- --- --- --- GGA GAA GAA GGT AAT --- --- --- --- GTT GCT CTG TTA GCG AAC AAA AAA CGC AGG ATT GAC ATT GAA GAA GTA AGT GAA ATA GTA GGT TGG CAG GAT TTA GAT TAT GTT GAA AAA GAT GAT ACT GCA ATG GTA GCA GAA TAC TCT GCT GAA ATT TTC GCA TTT TTA TAT AGA AGG GAA CTA GAA ACG CTA CCA TCC CAT AAT TAT TTA CTA GAC AAA ACG TCT AAG TAC TAT TTG AGG CCA TCC ATG AGA GCA ATA TTA GTG GAT TGG CTA GTA GAA GTA CAC GAA AAA TTC CAA TGC TAT CCC GAG ACG TTA TTC CTA TCC ATA AAT TTA ATG GAT AGG TTT CTA GCC AAA AAT AAA GTT ACT ATG AAC AAA CTA CAG TTA TTA GCA GTT ACT TCG CTT TTC ATT GCG GCA AAA TTT GAA GAG GTA AAT TTG CCC AAA CTA GCT GAG TAC GCT TAT ATT ACT GAT GGC GCA GCT TCC AAA AAT GAC ATA AAA AAT GCG GAA ATG TTC ATG CTC ACT TCT TTA GAA TTC AAC ATT GGT TGG CCC AAC CCA CTC AAT TTT CTG AGA AGG ATC TCC AAG GCA GAT GAT TAC GAT CCG GTT AAC AGA AAT ATT GGC AAG TTT ATC CTA GAG TAT GCC TAC TGC TGT CAC CAA TTC ATT CAT TTA CCT CCA TCT ACC ATA AGC GCA ATG GCA ATG TAT ATA GCG AGA AGA ATA ACC AAT AGA AAC AAG AAC GAG CTA TGG AAC AAA ACA CTA CAG CAT TAC AGC GGT GGT ATC GAT CCA ATA CAG GAT GAA GCA TTT CAG TCC TAC TGT ATT GAT ATA GTC AGA GAC ATC GCT AGT TCC AAA ACT CAT TTG GAT TCC TTG ATT CTG AAG TAC AAG AAA CCA AGA TAT GGC TCT GTT TAT TTC CAA ACC TTA AGC TGG TGC ACA TCT GAA ATG CAT ACC AAC TTT CAA AAG CTA TTT AAT TCA CGT GCA AAA --- --- 
kudriavzevii                               ATG GGA TGC AAT GAG GAC TAC GAG CAC GGC GTT AGA AGC AGT TCT ATG ATT CAT AAT GAA AAC AAG ACA CAA TTG AGC AGT ACA AGC GTA AAA ATT ACT CAG GCT AAG AAA ATA ATT TCG ACA AAT GGG AGT TCT AGT AAG GAG CAA TTT TTA CAA GAC TCC AAA ACA AGA AGA GCC TTA ACT GAT GTG CCT GTA AAC AAT AAT CCT CTA AGC CAA AAC AAG AAG ATA GCA ACA AAC AGC AAA GCC GCC AAA GTA CGA AAA GAA GAA AAC AGC AGA CCT ATT GTT ACC GCC ATT CAA AAA AGG CAG ATT TAT AAT GAT CAA AAT GCA GAA AAT GAT GAT GAT GAT GAT GAT GAT --- --- --- GAT GAT GAT GAT GAT --- --- --- --- --- ATT TCC GTA TCA AGC AAA AGA CGC AAA GTT GAT TTT GAG GAA AAT GAT GGA ATA GTT GGC TGG AAG GAT TTA GAC TAT GCT GAA AAA AAC GAT TCT GCG ATG GTA GCA GAA TAT TCT TCA GAA ATT TTC GAA TTT TTG TAT GAA AGA GAG TTA GAA ACG CTA CCA TCT CAC AAT TAT TTG CTT GAC AAA ACC TCG AAG TAT TAT TTA AGG CCT TCT ATG AGA GCA ATA TTA GTA GAC TGG CTA GTA GAA GTG CAC GAA AAA TTC CAG TGC TAT CCT GAA ACA TTA TTT CTG TCC ATA AAC GTA ATG GAT AGA TTC CTA GCC AAA AAT AAG GTC ACC ATG AAC AAA TTA CAA CTA TTA GCA GTA ACC TCG CTT TTT ATA GCG GCA AAA TTT GAA GAA GTA AAC TTG CCC AAG TTA GCA GAA TAT GCT TAC ATC ACC GAT GGT GCA GCT TCC AAA AAT GAC ATA AAA AGT GCG GAA ATG TTC ATG CTC ACG TCT TTG CAA TTC AAT GTT GGT TGG CCC AAC CCA CTC AAT TTT CTG AGA AGG ATC TCC AAG GCA GAT GAT TAT AAT CTG GCT GAT AGA AAC ATC GGT AAG TTT ATC TTA GAG TAT GCC TAC TGT TGT CAT CAA TTC ATT CAT TTG CCA CCA TCT ATC ATA AGT GCG ATG GCT ATG TAT GTG GCG AGA AGA GTG ACC AAT AAA AAC AAG CAT GAA CTA TGG AAC AAA ACT CTC GAG CAT TAC AGT GGC GGA ATT GAC CCG ATA CAA GAT GAA ACA TTT CAA TCC TAC TGT ATC GAT CTA GTA ACA GAC ATT GCT GTT TCT AAA GTT CGT TTG GAT TCC TTG ACT TTG AAG TAC AGG AAG CCG AGA TTT GGT TCG GTT TAT CTC CAA ACT TTC AAC TGG TGC AAA TCT GAA GTG AGC AAC AAC TTT CAG AAT TTA TTC CAT TTA CAA CGA CAA CAG CGC 



Printing out site pattern counts


         5       1119  P G
G 2       25    348

bayanus                                     --- --- --- --- --- AAA AAT AAT AAT ACT AGT ATG CCA CCT CTA GAC GAG GCT GTG TCT TGC TGG TTA TTC TTC --- --- --- --- --- --- --- --- --- --- --- --- --- --- --- --- --- AAA AAA AAA AAA AAA AAA AAA AAA AAA AAA AAC AAC AAC AAC AAC AAC AAC AAC AAC AAC AAC AAC AAC AAC AAC AAC AAG AAG AAG AAG AAG AAG AAG AAG AAG AAT AAT AAT AAT AAT AAT AAT AAT AAT AAT AAT AAT AAT ACA ACA ACA ACA ACA ACA ACA ACA ACC ACC ACC ACC ACC ACC ACC ACC ACG ACG ACT ACT ACT ACT AGA AGA AGA AGA AGA AGA AGA AGA AGA AGA AGC AGC AGC AGC AGC AGC AGG AGG AGG AGG AGT AGT AGT ATA ATA ATA ATA ATA ATA ATA ATA ATA ATC ATC ATC ATC ATC ATG ATG ATT ATT ATT ATT ATT ATT ATT ATT CAA CAA CAA CAA CAA CAA CAA CAA CAC CAC CAC CAG CAG CAG CAT CAT CAT CAT CCA CCA CCA CCA CCC CCC CCG CCG CCT CCT CCT CGA CGA CGC CGT CTA CTA CTA CTA CTA CTA CTA CTA CTA CTC CTC CTC CTG CTG CTG CTG CTT CTT CTT GAA GAA GAA GAA GAA GAA GAA GAA GAA GAA GAA GAC GAC GAC GAC GAC GAG GAG GAG GAG GAG GAG GAG GAG GAG GAT GAT GAT GAT GAT GAT GAT GAT GAT GCA GCA GCA GCA GCA GCC GCC GCC GCC GCC GCC GCC GCC GCC GCC GCG GCG GCT GCT GCT GCT GCT GCT GCT GCT GGA GGA GGC GGC GGC GGC GGC GGC GGG GGG GGT GGT GGT GGT GGT GTA GTA GTA GTA GTA GTC GTC GTC GTC GTC GTC GTC GTG GTG GTG GTG GTG GTT GTT GTT GTT TAC TAC TAC TAC TAC TAC TAC TAT TAT TAT TAT TAT TAT TCA TCC TCC TCC TCC TCC TCC TCC TCG TCG TCG TCG TCT TCT TCT TCT TCT TCT TCT TCT TGC TGC TGC TGG TGT TTA TTA TTA TTA TTA TTA TTA TTA TTA TTC TTC TTC TTC TTC TTG TTG TTG TTG TTG TTG TTG TTG TTT TTT TTT TTT TTT TTT TTT
mikatae                                     --- --- --- --- --- AAA AAC AAT AGT CAT AAC ATG CAA CCC CTT GAT GAA GCT ATG TTC TGC TGG --- TTC TTC --- AAA ACA GAA GAA GAT GAT GCA GCC GCG GCT GGA GGA GTA TAT TCA TCA AAA AAA AAA AAA AAA AAA AAG AAG GAA GTA --- AAC AAC AAC AAC AAT AAT AAT AAT ACC AGC AGG AGT GAC GAT TAC AAA AAA AAG AAG AAG AAG AAG ACA ACT AAC AAC AAC AAC AAC AAT AAT AAT AAT AAT ACA AGT ATA AAG AAT ACA ACT ACT ACT ACT GAA ACC ACT ACT ACT AGC ATC ATT GCC ACC GTA ACG ACT ATT GTT AAA AGA AGA AGA AGA AGA AGG AGG AGG AGG AGC AGC AGC AGT TGC TGC AGG AGG AGG AGG AGC AGT ATT ACG ATA ATA ATA ATA ATG ATT ATT CTA ATA ATC ATC ATC ATT ATG ATT AAT ATA ATC ATC ATT ATT ATT ATT AAA CAA CAA CAA CAA CAG CAG CAT CAT CAT GAA CAA CAA CAG CAC CAT CAT CGA CCA CCA CCG CCT CCC CCT CCA CCC CCC CCG CCT ACG CGA CGC CGT CTA CTA CTA CTA CTA CTA TTA TTA TTG CTT TTA TTA CAT CTA GTC TTG CTC TTG TTG AAA CAA GAA GAA GAA GAA GAA GAA GAG GAG GAG GAA GAC GAT GAT GAT ACA CAC GAA GAA GAG GAG GAG GAT GGT AAC GAA GAA GAC GAC GAT GAT GAT TCC GCA GCA GCG GCT GTA ATC GCC GCC GCC GCC GCG GCT GCT GGT GTA GCA GCG AAC AAT ACA GCA GCC GCC GGA GTT GAG GGC AGA AGC GAT GGA GGC GGT GGA GGC AGT GAA GGT GGT GGT CTA GTA GTA GTC GTG ACC CTT GCT GTC GTG GTT GTT ATC ATG GTA GTG GTT GAA GTC GTT TTT CAG CGC TAC TAC TAC TAT TAT CAT TAC TAC TAC TAT TAT ACA TCA TCA TCA TCC TCC TCT TCT CCG TCC TCG TCT GCT TCT TCT TCT TCT TCT TCT TCT TAC TGC TGC TGG TGT CTA CTA TTA TTA TTA TTA TTA TTA TTG TTC TTC TTC TTC TTT CTA TTA TTG TTG TTG TTG TTG TTG ACT TTC TTC TTC TTT TTT TTT
cerevisiae                                  --- --- --- --- AAG ACA AAC AAG AGC AAT AAT ATG CAA CCC CTA CAT GAA TCC ATG TTC TGT TGG CTT TTT TTT --- --- CAA --- GAA --- GCT GAA GAA GAA GAA --- GGA GAA --- GAA GAG AAA AAA AAA AAG AAG AGG AAA AAG GAA AAA GGG AAC AAC AAC AAT AAC AAT AAT GAT AGC AAC AAC AAC AAC AAC CAT AAA AAG AAA AAG AAG AAG CAG AGA GTG AAC AAC AAT AAT AAT AAC AAC AAT AAT AAT ACA AGT GCC AGG GCA ACG AAA ACG ACG ACT TCA ACC ACA ACC ACT AGC ATT ATT ACT ACG GCG ACG ACT ATT ATT AAA AGA AGA AGA AGA AGG AGA AGA AGG AGG AGC AGC AGC AGT TGC TGC AGA AGA AGG AGG AAT AGT ATT ATA ATA ATA ATA ATC ATG ATT GTA ATA ATA ATC ATC ATC ATT ATG AAT GAT ATA ATT ATT ACT ATC ATT ATT AAA CAA CAA CAG CAG CAA CAA CAA CAC CAT CAC CAA CAC CAG CAT CAC CAC CGA CCA CCA CCA CCA CCC CCT CCA CCT CCG CCA CCT AAG CGA CGC CAT CTA CTA CTA CTC TTA TTA TTA TTA TTG CTC CTC TTA CAG CTA GTA CTA CTT TTA TTG GGA CAG GAA GAA GAA GAA GAG GAG GAA GAG GAG GAA GAC GAC GAT GAT GCA CAG GAA GAA GAA GAA GAG GCA AGT GAT AAT GAT GAC GAT GAC GAT GAT TCT GCA GCA GCG GCG GTG ATT GCC GCG GCT GCT ACA GCT GCT GAG GCC GCG GCG AAC CTT GTA GCA GCC GCT GAT GTT GAA GGC AGA AGT GAC GAC GGT GGT GGA GGC AAT GGA GGC GGT GGT TTA GTA GTG GTT GTA ACC GCT GTT GTC GTA GCT GTT GTT CTA GTA GTG GTG GAT GTT GTT GTT CAG CTC TAC TAC TAT TAT TAT TAT TAC TAT TAT TAT TAT GCT TCA TCC TCG TCC TCC TCC TCT TCA TCT TCA TCT GCT CTT TCC TCC TCG TCT TCT TCT TAC TGC TGC TGG TGC TTA TTA CTA TTA TTA TTA TTG TTG CTA TTC TTC TTC TTT TTT CTG TTA ATG CCG TTA TTA TTG TTG ATA TTC TTC TTT TTC TTT TTT
paradoxus                                   --- --- AAA GCA CGT ACA AAC AGC ACC AAT AAG ATG CAA CCC CTA CAT GAA TCT ATG TTA TGC TGG TCA TTT TTT --- --- AAA --- --- --- GTT --- --- GAA --- --- GGA --- --- --- GAG AAA AAA AAA AAA AAG AAG AAA AAG GAA AAA GAT AAC AAC AAT AAC AAT AAT AAT GAT AGC AAC AAC AAC AAC AAC CAT AAA AAG AAA AAG AAG AAG CAG AGA GTA AAC AAC AAC AAC AAT AAC AAT AAT AAT AAT ACA AGT ACT AGG ACA ACG AGA ACG ACT ACT ACA ACC ACA ACT ACT AGC ATT ATT ACC ACG GCA ACG ACT ATT ATT AAA AGA AGA AGA AGG AGA AGA AGG AGA AGG AGC AGT GGC AGC TGC TGT AGA AGA AGG AGG AAT AGT ATT ATA ATA ATA ATA ATT ATA ATT ATA ATA ATA ATC ATC ATT ATT ATG AAT GAT TTA ATC ATT ACT ATC ATC ATT AAA CAA CAA CAA CAG CAA CAG CAA CAC CAT CAG CAA CAA CAG CAT CAC CAT CGA CCA CCG CCA CCA CCC CCT CCA CCA CCC CCA CCT AAG CGA CGC CAT ATA CTA CTA CTC CTA CTA CTA TTA CTG CTC CTA TTA CAA CTA GTA CTG CTT TTA TTG AAA CAG GAA GAA GAA GAG GAA GAG GAA GAG GAG GAA GAC GAC GAT GAT GCA CAA GAA GAA GAA GAG GAG GCA AGT GAC GAT GAA GAC GAT GAT GAT GAT TCT GCA GCA GCG GCA GCG ATT GCC GCG GCC GCT GCA GCT GCT GGT GCC GCG GCG AGC ATT GTA GCA GCC GCT GGT GTT GAA GGC AGA AGC GGT GAC GGT GGT GGA GGC AAT GAA GGT GGC GGT TTA GTA GTA GTT GTA ACC GCT GTT GTC GTA ATT GTT GTT TTA GTA GTG GTA AAT GTT GTT GGT CAG TAC TAC TAC TAT TAT TAT TAT TAC TAC TAT TAT TAT GCT TCC TCT CTG TCC TCC TCC TCC CCA TCC TCG TCT GCT CCT TCC TCT TCC ACT TCC TCT TAC TGC TGC TGG TGT CTA CTA TTA CTA TTA TTA TTA TTG CTA TTC TTC TTC TTC TTT CTA TTA TCG CCG TTA TTG TTC TTG ATT TTC TTC TTC TTT TTT TTT
kudriavzevii                                CAG CGC CAA CGA CAA AAA AAC AAC AAC CAT AAT ATG CAG CCC TTA AGC GAA TCT GTG TTC TGC TGG TTA TTC TTT CAA --- GAT --- --- --- --- GAT GAT GAT GAT --- GAT GAT --- GAT AAT AAA AAG AGA AAA AAG AAA AAA AAG GAA ACA AAC AAT CAT AAC AAC AAT AAC AAT AAC AGC AAC AGC AAT AGC AAC TAC AAG AAG AAG AAA AAG AGG AAG GAA AAT AAC AAT AAC GAT AAT AAC AAT AAC AAT AGT ACT GTT ATA ACA ACA AAT ACA ACA ACC ACG ACA ACC ACT ACC ACC ACC ATC GTT ACT ACG ACA ACC TCT ATC ACT AGA AAA AGA AGG AGA AGA AGA AAA AGA AGG AGT AGC AGT AGT AGC TGT AAA AAG AGA AGG AGT AGT AGC ATA ATA ATT GTG ATA GTG ATT ATA ATA ATA ATC ATT ATC ATT ATG AAT AAT GTA ATT ATT GTT ATT ATC GTT AAA CAA CAG CAA CAA CAG CAA CAA CAT CAT CAA CAA GAG CAG CAT CAC CAC CAA ACA CCT CCA CCG CCC CCA CCA CCT CCT CCG CCT AAA CGA CGC CGT CTA CTA CTG CTC CTA TTA TTA CTA TTG CTC CTT TTG TTT CTC GTT CTG CTT GTA TTG AAA GAG GAA GAG GGA GAA GAA GAA GAA AAG GAA GAT GAC GAC GAC GAT GAA GAG GAA GAG GAA GAA GAG GAA GAT GAC GCT GAT GAC GAT GAT GAC GAT TCC GCA GCG GCG GCA TCA ATT GCC GCC GCC GCA GCA GCC GCT TGC GCC GCG GCG AAC ATT GCA GCT GCC GCT GAT GCT CAA GGT AGC GGC GGG GAT GGA GGC GGA GGT AGT GAA GGC GGT GGT TTG GTA GTA GTA GTA ATC ATT ATT GTA GTG TTT GTT TTA GTA GTA GTA GTG GAT GCT GTC GTT CAC TAC TAC TAT TAT TAC TAT CAT TAC TAT TAT TAT TTT TCA TCC TCG TCC TCC TCT TCC TCC TCG TCC TCG TCG GCT ACT TCT TCT TCT TCT TCT TCT TAC TGC TGT TGG TGT CTA TTA TTA CTA TTA TTG TTA TTA TTA CTC TTC TTT TTC TTT CTA TTA ATG CTG TTG TTG TTG TTG GTT TTC TTT TTC TTT TTC TTT



    1    1    1    1    1    1    1    1    1    1    1    1    1    1    1
    1    1    1    1    1    1    2    1    1    1    1    2    1    1    1
    1    1    1    1    1    1    1    1    1    1    1    1    7    2    1
    1    1    1    4    1    1    1    1    1    1    2    1    1    1    1
    1    1    1    1    1    1    1    1    1    1    1    1    4    1    1
    1    1    1    1    1    1    1    1    2    1    3    1    1    1    1
    1    1    1    1    1    1    1    1    1    1    1    1    1    1    1
    1    1    1    1    1    1    1    1    1    5    1    2    1    1    1
    1    1    1    1    1    1    1    1    1    1    1    1    1    1    1
    1    3    1    1    1    1    1    1    1    1    1    1    1    1    8
    1    1    1    1    1    1    1    1    1    1    1    1    3    1    1
    1    1    1    1    1    1    1    1    1    1    1    1    1    1    2
    1    1    1    1    1    1    1    2    1    1    1    1    1    1    1
    1    1    1    1    1    1    1    1    1    1    1    1    1    1    1
    1    1    1    4    1    1    2    1    1    2    1    1    1    1    2
    1    1    1    1    2    1    1    1    2    1    1    1    1    1    1
    2    2    2    6    1    5    2    1    1    1    1    1    1    1    1
    1    1    1    1    1    1    1    1    1    1    1    1    1    1    1
    1    1    1    1    1    1    1    1    1    1    1    1    1    1    1
    1    2    1    1    1    1    1    1    1    1    1    1    1    1    1
    1    1    1    1    1    1    1    1    1    2    1    1    1    1    1
    2    1    6    1    1    1    1    1    1    1    1    1    1    1    1
    1    1    1    1    1    1    1    1    2    1    1    1    3    1    1
    1    1    1    2    1    1    1    1    1    2    1    1    1    1    1
    1    1    1    1    1    1    1    1    1    1    1    1    3

CODONML (in paml version 4.4b, July 2010)  torun.nuc
Model: One dN/dS ratio for branches Global clock  (2 genes: diff. rate & k&w)  
Codon frequency model: F3x4
ns =   5  ls = 446

Codon usage in sequences
--------------------------------------------------------------------------------------------------
Phe TTT  9  7  9  8 11 | Ser TCT 10 11  8  7 10 | Tyr TAT 12 10 14 12 13 | Cys TGT  1  1  1  2  3
    TTC  8 11  8  9  8 |     TCC  7  4  7  9  7 |     TAC  8 10  5  8  6 |     TGC  4  5  5  4  3
Leu TTA 11 12 16 14 13 |     TCA  1  5  4  1  2 | *** TAA  0  0  0  0  0 | *** TGA  0  0  0  0  0
    TTG  8 11  6  4  9 |     TCG  4  1  2  2  4 |     TAG  0  0  0  0  0 | Trp TGG  5  5  5  5  5
--------------------------------------------------------------------------------------------------
Leu CTT  3  3  4  1  2 | Pro CCT  5  4  4  4  5 | His CAT  4  8  5  6  6 | Arg CGT  1  1  0  1  1
    CTC  3  1  4  2  4 |     CCC  2  4  2  3  2 |     CAC  3  2  5  2  3 |     CGC  1  2  1  1  2
    CTA 10 12  9 13  7 |     CCA  6  3  7  8  4 | Gln CAA 10 10  8 12 14 |     CGA  2  2  2  2  2
    CTG  4  0  1  3  3 |     CCG  2  4  2  2  2 |     CAG  3  4 10  7  5 |     CGG  0  0  0  0  0
--------------------------------------------------------------------------------------------------
Ile ATT  8 11 12 15 11 | Thr ACT  5 10  5  8  5 | Asn AAT 19 16 17 18 17 | Ser AGT  4  6  5  4  7
    ATC  5  8  5  5  6 |     ACC  8  4  3  4  6 |     AAC 17 14 17 14 16 |     AGC  6  7  6  7  8
    ATA 11  9 10 11  9 |     ACA  8  7  4  5  8 | Lys AAA 21 21 20 23 21 | Arg AGA 15 11 15 15 13
Met ATG 10 12 12 10 10 |     ACG  2  3  5  4  2 |     AAG 12 14 13 12 14 |     AGG  4  9  7  7  4
--------------------------------------------------------------------------------------------------
Val GTT  4  6  8  8  8 | Ala GCT  9  7 10  7  7 | Asp GAT 17 20 18 18 26 | Gly GGT  5  6  4  8  4
    GTC  7  4  1  1  1 |     GCC 10  8  4  4  6 |     GAC  7  5  8  6  8 |     GGC  6  3  3  4  3
    GTA  6  9  8 10 11 |     GCA 10 10 11 14  9 | Glu GAA 16 24 26 20 21 |     GGA  2  5  4  2  3
    GTG  6  3  5  1  5 |     GCG  2  4  6  5  5 |     GAG 12  9  8  9  7 |     GGG  2  0  1  0  1
--------------------------------------------------------------------------------------------------

Codon position x base (3x4) table for each sequence.

#1: bayanus        
position  1:    T:0.20804    C:0.13948    A:0.36643    G:0.28605
position  2:    T:0.26714    C:0.21513    A:0.38061    G:0.13712
position  3:    T:0.27423    C:0.24113    A:0.30496    G:0.17967
Average         T:0.24980    C:0.19858    A:0.35067    G:0.20095

#2: mikatae        
position  1:    T:0.21233    C:0.13699    A:0.36986    G:0.28082
position  2:    T:0.27169    C:0.20320    A:0.38128    G:0.14384
position  3:    T:0.28995    C:0.21005    A:0.31963    G:0.18037
Average         T:0.25799    C:0.18341    A:0.35693    G:0.20167

#3: cerevisiae     
position  1:    T:0.20690    C:0.14713    A:0.35862    G:0.28736
position  2:    T:0.27126    C:0.19310    A:0.40000    G:0.13563
position  3:    T:0.28506    C:0.19310    A:0.33103    G:0.19080
Average         T:0.25441    C:0.17778    A:0.36322    G:0.20460

#4: paradoxus      
position  1:    T:0.19722    C:0.15545    A:0.37587    G:0.27146
position  2:    T:0.26682    C:0.20186    A:0.38747    G:0.14385
position  3:    T:0.29466    C:0.19258    A:0.34803    G:0.16473
Average         T:0.25290    C:0.18329    A:0.37046    G:0.19335

#5: kudriavzevii   
position  1:    T:0.21461    C:0.14155    A:0.35845    G:0.28539
position  2:    T:0.26941    C:0.19178    A:0.40411    G:0.13470
position  3:    T:0.31050    C:0.20320    A:0.31279    G:0.17352
Average         T:0.26484    C:0.17884    A:0.35845    G:0.19787

Codon usage in genes
--------------------------------------------------------------
Phe TTT  5 39 | Ser TCT  3 43 | Tyr TAT  0 61 | Cys TGT  1  7
    TTC  8 36 |     TCC  1 33 |     TAC  0 37 |     TGC  4 17
Leu TTA  4 62 |     TCA  1 12 | *** TAA  0  0 | *** TGA  0  0
    TTG  0 38 |     TCG  0 13 |     TAG  0  0 | Trp TGG 10 15
--------------------------------------------------------------
Leu CTT  2 11 | Pro CCT  1 21 | His CAT  4 25 | Arg CGT  1  3
    CTC  0 14 |     CCC  4  9 |     CAC  0 15 |     CGC  1  6
    CTA  3 48 |     CCA  1 27 | Gln CAA  5 49 |     CGA  1  9
    CTG  0 11 |     CCG  0 12 |     CAG  2 27 |     CGG  0  0
--------------------------------------------------------------
Ile ATT  0 57 | Thr ACT  1 32 | Asn AAT  8 79 | Ser AGT  2 24
    ATC  0 29 |     ACC  1 24 |     AAC  7 71 |     AGC  3 31
    ATA  0 50 |     ACA  2 30 | Lys AAA  4 102 | Arg AGA  0 69
Met ATG  8 46 |     ACG  0 16 |     AAG  3 62 |     AGG  0 31
--------------------------------------------------------------
Val GTT  0 34 | Ala GCT  2 38 | Asp GAT  1 98 | Gly GGT  0 27
    GTC  0 14 |     GCC  0 32 |     GAC  1 33 |     GGC  0 19
    GTA  0 44 |     GCA  1 53 | Glu GAA  4 103 |     GGA  0 16
    GTG  2 18 |     GCG  0 22 |     GAG  1 44 |     GGG  0  4
--------------------------------------------------------------

Codon position x base (3x4) table for each gene.


Gene #1
position  1:    T:0.32743    C:0.22124    A:0.34513    G:0.10619
position  2:    T:0.28319    C:0.15929    A:0.35398    G:0.20354
position  3:    T:0.27434    C:0.26549    A:0.23009    G:0.23009
Average         T:0.29499    C:0.21534    A:0.30973    G:0.17994

Gene #2
position  1:    T:0.20127    C:0.13986    A:0.36696    G:0.29191
position  2:    T:0.26852    C:0.20322    A:0.39279    G:0.13548
position  3:    T:0.29191    C:0.20468    A:0.32846    G:0.17495
Average         T:0.25390    C:0.18259    A:0.36274    G:0.20078

Sums of codon usage counts
------------------------------------------------------------------------------
Phe F TTT      44 | Ser S TCT      46 | Tyr Y TAT      61 | Cys C TGT       8
      TTC      44 |       TCC      34 |       TAC      37 |       TGC      21
Leu L TTA      66 |       TCA      13 | *** * TAA       0 | *** * TGA       0
      TTG      38 |       TCG      13 |       TAG       0 | Trp W TGG      25
------------------------------------------------------------------------------
Leu L CTT      13 | Pro P CCT      22 | His H CAT      29 | Arg R CGT       4
      CTC      14 |       CCC      13 |       CAC      15 |       CGC       7
      CTA      51 |       CCA      28 | Gln Q CAA      54 |       CGA      10
      CTG      11 |       CCG      12 |       CAG      29 |       CGG       0
------------------------------------------------------------------------------
Ile I ATT      57 | Thr T ACT      33 | Asn N AAT      87 | Ser S AGT      26
      ATC      29 |       ACC      25 |       AAC      78 |       AGC      34
      ATA      50 |       ACA      32 | Lys K AAA     106 | Arg R AGA      69
Met M ATG      54 |       ACG      16 |       AAG      65 |       AGG      31
------------------------------------------------------------------------------
Val V GTT      34 | Ala A GCT      40 | Asp D GAT      99 | Gly G GGT      27
      GTC      14 |       GCC      32 |       GAC      34 |       GGC      19
      GTA      44 |       GCA      54 | Glu E GAA     107 |       GGA      16
      GTG      20 |       GCG      22 |       GAG      45 |       GGG       4
------------------------------------------------------------------------------

(Ambiguity data are not used in the counts.)


Codon position x base (3x4) table, overall

position  1:    T:0.20785    C:0.14411    A:0.36582    G:0.28222
position  2:    T:0.26928    C:0.20092    A:0.39076    G:0.13903
position  3:    T:0.29099    C:0.20785    A:0.32333    G:0.17783
Average         T:0.25604    C:0.18430    A:0.35997    G:0.19969


Nei & Gojobori 1986. dN/dS (dN, dS)
(Pairwise deletion)
(Note: This matrix is not used in later ML. analysis.
Use runmode = -2 for ML pairwise comparison.)

bayanus             
mikatae              0.1143 (0.1268 1.1094)
cerevisiae           0.1051 (0.1218 1.1593) 0.1114 (0.1079 0.9688)
paradoxus            0.1105 (0.1207 1.0924) 0.1496 (0.0976 0.6527) 0.1285 (0.0521 0.4059)
kudriavzevii         0.1168 (0.1054 0.9025) 0.1282 (0.1401 1.0927) 0.1418 (0.1375 0.9701) 0.1549 (0.1295 0.8362)


TREE #  1:  ((((3, 4), 2), 5), 1);   MP score: -1
lnL(ntime:  4  np:  9):  -4317.579177      +0.000000
   6..7     7..8     8..9     9..3     9..4     8..2     7..5     6..1  
 0.966084 0.966083 0.695830 0.358813 0.528293 2.593884 0.197106 3.468613 0.158597
SEs for parameters:
 0.237939 0.233695 0.166511 0.082239 0.126695 1.320913 0.101317 0.332387 0.012124
Note: Branch length is defined for the first gene (site partition).
For other genes, look at "rates for genes".

tree length =   3.95289 (1st gene)

((((3: 0.358813, 4: 0.358813): 0.337017, 2: 0.695830): 0.270253, 5: 0.966083): 0.000001, 1: 0.966084);

((((cerevisiae: 0.358813, paradoxus: 0.358813): 0.337017, mikatae: 0.695830): 0.270253, kudriavzevii: 0.966083): 0.000001, bayanus: 0.966084);

Detailed output identifying parameters

rates for 2 genes:     1  0.52829

gene # 1: kappa =   2.59388 omega =   0.19711
gene # 2: kappa =   3.46861 omega =   0.15860

Time used:  0:10
