
seed used = 1418851177
      5   1491

castellii                                  ATG TCG TTA CCA TCA GAA AAT CTG GAA AAC ACA CAA AAT GCG AAC AAC TCT TCG AGA ATA TTA AGA AAC GTT CAA AGG TTA GCC TTG AAT AAC GTT ACA AAT ACC ACG TTA ATG CAA GAC GAA TCT GTT CAG AAT GGT GGA ATA AGA GCA CTC AAA ACA AGT TTA AAT ACG GCA AAG AAA GAG GGA AGT AGA ATC CCA CAA CCC AAT AAA GAT ATA CTA TCT CGT TCT ACG TTA TTG AAT GAA AAG GAA AAA ATT CAG AAC --- --- --- --- --- --- --- --- AGT ATA AAT CTT GAA AAT AAT AAA GAA --- --- --- --- --- TCA CAA ATT ATG AAT GCA ACG ATA TCT AAG AAC AAC AAA GAA AAC CAA AAT CCT TTC TCC GCG GGA AAC CAG CAA CTT TCA TCA ATT GTT GAA GAG GAG CAA GAC GGT GGT AAC TCA ACT TCT TCC ACT AAC AAT GGA CCA ACG AAT ACA CAA CCT ACC ACA CAA AAC GTC AAG TTT TTA CAA CCA --- --- --- --- CCA ACT GTG AAT AAT GAT TCA --- GCA GAC ATC AAT AAG AAA AGG CCA ATA TCG ACA GTC GTT GAA CAA GAA GTT CCA AAA AAG TTT AAA GTT TGT GCC GAG GAC GGT ACT GAA GAA TAT GAA TGG GAA GAT CTT GAT GCT GAA GAT GTT AAC GAC CCT TTT ATG GTT AGT GAA TAT GTG AAT GAT ATA TTT GAC TAT TTA TAT CAC TTA GAA GTA GTC ACC CTT CCA AAC AAG GAA GAC TTA AAG AAA CAT AAA AAC ATC AAT CAA AAT AGA GAT ATT TTG GTA AAT TGG CTT GTT AAA ATT CAT AAT AAG TTT GGA TTG TTA CCT GAA ACA CTA TAT TTA GCA ATA AAT ATA ATG GAC CGA TTT TTA TGC AAA GAA CTT GTG CAA CTG GAT AAG CTC CAA CTA GTT GGT ACC TCC TGT CTA TTT ATT GCC TCA AAA TAC GAA GAA GTT TAT TCT CCT AGT ATT AAA CAC TAT GCT TCA GAA ACA GAT GGG GCA TGC ACA GAG GAA GAA ATA AAA GAA GGT GAG AAA TTT ATT TTA AAA ACA CTT GAA TTC ACT TTG AAT TAC CCA AAT CCA ATG AAT TTT TTA AGA AGA ATA TCC AAA GCT GAT GAT TAC GAT ATA CAA TCT CGA ACG CTT GCA AAA TTC CTA TTA GAA ATC TCA TTG GTA GAT TTT AGA TTT ATC GGA ATA TTA CCA TCC CTC TGT GCA GCC GCT GCA ATG TTT TTA TCA AGA AAA ATG TTA GGT AAA GGA GGT TGG GAT GGA AAC CTT ATC CAT TAC AGT GGA GGT TAT ACA AAA GAA CAA CTT GAT CCT GTG TGC AAT ATG ATT ATG GAT TAT TTG GTT AGT CCT ATT GTT CAT GAT GAA TTT CAC AGA AAA TAC CAA TCT AGA CGT TTC ATG AAG GCT TCC ATC ATA TCA GTT CAA TGG GCC TTG AAG GTA AGG AAG AAT GGC TAT AAT ATA ATG ACT CTG CAT GAA CAA 
bayanus                                    ATG TCC AAC CAA ATA GAA GAT ACG GAA AAC TCA CAG AAT ACC AGC --- TCA TCA AGA TTT CTG AGG AAT GTA CAA CGG TTA GCT CTA AAC AAT GTA ACG AAC ACA ACT TTT CAA AAG AGC --- AAT GTC AAT AAC CCA TCT CTG ACG AAT TTC AAA TCC ACG TTG AAC TCT GCG AAG AAG GAG GGA AGC CGG ATT CCA CAA TTT ACT --- --- --- GTA CCA AGG CCA ACA GCC GCA TTG GAA AAG AAA ACT ATT CTG ACA GAT AAC AAG ATC AAT CCA CTG CCC ATT AGC AAA TCT TCA GAT GAT AAA GAG AAT CAA GAT CCA GGC AAC AAA AAA TTC AGT ACC TTA TCT TCC ATA AAA GAG GGA AGT ACT GAA TTG CCT GCT ATT AAA AGT ATA CAA AAA TTC ACT TCC GTT GAG GAA GTG ATC CAA CAT AAT --- --- CCC TTA AAA AGC ATA GGC TCT GGC ACT GAT ACT GTT ATT AAA CCA GTT GAA AAT GAA AAA TTT CAT CCA GCT AGA AAC CAG CTC GAA GTC AGA AGC AAA GAT GCT GAA AAT GAT AGT GGC AAG AAA AGA CCA ATT TCC ACG ATT GTT GAA CAA GAA TTG CCC AAA AAA TTC AAA GTA TGC GAT GAA AAT GGG AAA GAA GAA TAC GAG TGG GAA GAT TTG GAT GCA GAG GAC GTT AAT GAC CCG TTC ATG GTT AGC GAA TAC GTC AAT GAT ATA TTC GAA TAT CTT CAC CAA CTC GAA GTC ATC ACT TTG CCC AAG AAG GAA GAT CTT TAC CAG CAC AGA AAT ATC CAT CAA AAT CGA GAT ATT CTG GTC AAC TGG TTA GTC AAA ATT CAT AAC AAG TTT GGC TTG TTG CCA GAG ACA TTA TAT CTT GCC ATT AAC ATC ATG GAC AGA TTT TTA TGC AGA GAG CTG GTT CAA TTG GAC AAA TTA CAA CTG GTG GGT ACA TCA TGT CTG TTC ATC GCC TCG AAA TAT GAA GAA GTT TAT TCT CCT AGT ATA AAA CAT TTT GCC TCA GAG ACA GAT GGA GCA TGC ACA GAA GAC GAA ATT AAG GAA GGC GAA AAA TTC ATT TTA AAG ACG TTG AAG TTT AAT TTG AAT TAT CCC AAT CCA ATG AAT TTT CTA AGA AGA ATT TCC AAA GCA GAC GAC TAC GAT ATA CAG TCT CGA ACG CTT GCC AAG TTC TTA CTA GAG ATA TCA TTG GTG GAT TTT AGA TTT ATT GGA GTA TTA CCT TCA TTA TGC GCG GCC GCT GCA ATG TTT ATG TCA AGA AAA ATG TTG GGC AAG GGC AAA TGG GAT GGC AAT CTG ATA CAC TAT AGC GGC GGA TAT ACC AAA GAG GAA CTT GCC CCA GTG TGT CAC ATG ATA ATG GAC TAC TTG GTC AGT CCG ATA GTT CAC GAC GAA TTC CAT AGA AAA TAT CAA TCA AGA AGG TTT ATG AAA GCG TCT ATA ATT TCC GTT CAA TGG GCT TTG AAG GTT AGG AAA AAC GGC TAT GAT ATA ATG ACC TTG CAT GAA --- 
mikatae                                    ATG TCG AAC CAA ATA GAA AAT ACA GAA AAT TCA CAG AAT TCT AGT --- TCA TCA AGA TTT TTG AGG AAT GTA CAA CGG TTG GCC TTG AAC AAT GTC ACA AAT ACG ACA TTC CAA AAG AGT --- AAT GTG AAC AAC TCA GCT CTA ACG AAT TTC AAA TCA GCA CTC AAT TCT GCA AAG AAG GAG GGA AGC CGA ATT CCT CAA TTC ACT AGA GAT AGC GTA TCA AGA CCA ACA GCC GCA CTA GAG GAG AAA AGG ATC CCA AAG GAT GAT AGT ATA AGC CAA CTC ACC AAA AGC AAT CTT TCG GAT AAT AAA GAG AAC CAA GAT CCA ACC AGT CAG CAA TTT GGT ACA TTA ACT TCC ATA AAG GAA GGA AAT ATT GAA TCA CCT GCA AAT ATA AGC GTA CAT GAA TCC TCT TCT GCC AAG GAA ATA ATC CAG CAT GAT --- --- CCC CTA AAA AAC ATT GAA CCA GGC ACT AAT ATG ATT AAT AAG CCG GTT GAA AAT GAA AAA CCT CAG TCA ACA AGA AGT CAA CTT CAC GTT AGA AAT AAC GAA AAT GAG AAT GAT AGC GGG AAA AAA AGA CCA ATT TCT ACG ATT GTT GAA CAA GAG TTA CCC AAA AAA TTT AAA GTG TGC GAT GAA AAT GGT AAA GAA GAA TAT GAA TGG GAA GAT CTA GAT GCG GAA GAT GTC AAT GAT CCT TTT ATG GTT AGT GAA TAC GTC AAT GAT ATA TTT GAG TAC CTT CAT CAA CTG GAG GTC ATT ACT TTA CCA AAG AAA GAG GAT CTC TAT CAG CAT AGA AAC ATT CAT CAA AAC CGA GAT ATT TTA GTT AAT TGG TTG GTT AAA ATT CAT AAC AAG TTC GGC CTC TTA CCG GAA ACC TTG TAT CTT GCC ATT AAT ATA ATG GAC AGA TTT TTG GGC AAA GAG CTA GTT CAG TTG GAT AAA TTA CAA CTG GTT GGT ACA TCT TGC CTT TTC ATT GCC TCC AAA TAT GAA GAG GTA TAT TCT CCT AGT ATA AAA CAT TTC GCT TCA GAG ACA GAT GGT GCA TGT ACG GAA GAC GAA ATT AAA GAA GGG GAG AAA TTT ATT TTG AAG ACA CTA AAG TTT AAC CTA AAT TAT CCC AAT CCA ATG AAT TTT CTG AGA AGA ATT TCG AAG GCA GAC GAC TAC GAT ATA CAG TCC CGA ACT CTT GCC AAA TTC TTA CTA GAG ATA TCA TTA GTA GAT TTC AGA TTT ATA GGG ATA TTA CCC TCG TTA TGC GCA GCC GCT GCG ATG TTT ATG TCA AGA AAA ATG TTA GGT AAA GGT AAA TGG GAT GGA AAC CTA ATA CAC TAT AGC GGT GGG TAT ACT AAA GAA GAA CTA GCT CCC GTA TGT CAT ATG ATA ATG GAT TAT CTA GTA AGT TCG ATA GTT CAC GAC GAA TTT CAT AGA AAA TAT CAG TCT AGA AGA TTT ATG AAA GCT TCC ATA ATT TCC GTT CAA TGG GCT CTG AAG GTT AGG AAA AAC GGC TAC GAT ATA ATG ACT TTG CAT GAA --- 
cerevisiae                                 ATG TCC AAC CCA ATA GAA AAC ACA GAA AAC TCA CAG AAT ACT AGT --- TCA TCA AGG TTT TTG AGG AAT GTA CAA AGG TTG GCC TTA AAC AAT GTA ACA AAT ACG ACA TTT CAA AAG AGT --- AAT GCG AAT AAT CCA GCC CTA ACA AAT TTC AAA TCT ACA CTA AAC TCA GTA AAG AAG GAG GGA AGT CGG ATT CCT CAA TTT ACT AGA GAA AGC GTA TCA AGA TCA ACA GCC GCA CAA GAG GAG AAA AGA ACC CTG AAA GAA AAT GGT ATC --- CAA CTC CCC AAA AAC AAT CTT TTA GAT GAT AAA GAA AAC CAA GAC CCA AGT AGT CAG CAA TTT GGT GCG CTA ACT TCT ATA AAG GAG GGG AGA GCT GAG CTG CCT GCA AAT ATA AGT TTA CAA GAA TCC TCC TCA GCG AAG GAG ATA ATC CAG CAT GAT --- --- CCC CTA AAA GGC GTT GGA TCA AGC ACT GAG GTA GTC CAT AAC TCG GTA GAA AAC GAA AAA CTT CAT CCA GCT AGA AGT CAA CTT CAA GTT AGA AAT ACC GAA AGT GAA ACT GAT AGT GGA AAA AAA AGA CCA ATT TCT ACA ATT GTT GAA CAA GAA CTG CCC AAA AAG TTT AAA GTG TGC GAT GAA AAT GGC AAA GAA GAA TAT GAA TGG GAA GAC CTA GAT GCA GAA GAT GTA AAT GAT CCA TTC ATG GTC AGC GAG TAC GTC AAT GAT ATA TTC GAA TAT CTC CAC CAA CTA GAG GTC ATT ACT CTT CCA AAG AAG GAA GAT CTC TAT CAG CAT AGA AAT ATT CAT CAA AAT CGA GAT ATC CTA GTT AAT TGG TTG GTT AAA ATC CAT AAT AAA TTC GGC TTA TTA CCG GAG ACT TTG TAT CTT GCC ATT AAC ATA ATG GAC AGG TTT TTA GGT AAA GAG CTA GTT CAA CTG GAT AAG TTA CAA TTG GTT GGC ACA TCA TGC CTT TTC ATT GCC TCT AAA TAT GAA GAG GTC TAT TCT CCT AGT ATA AAA CAT TTC GCA TCA GAG ACA GAC GGT GCA TGT ACG GAA GAT GAA ATC AAA GAA GGG GAG AAA TTC ATT TTA AAG ACA TTG AAA TTT AAC CTA AAT TAT CCC AAT CCG ATG AAT TTT CTG AGA AGA ATT TCG AAA GCA GAT GAC TAC GAT ATA CAG TCT CGA ACT CTT GCC AAA TTC TTA TTA GAG ATA TCA TTG GTA GAT TTC AGA TTT ATT GGG ATA CTA CCC TCA TTG TGT GCA GCA GCT GCG ATG TTT ATG TCG AGA AAA ATG TTA GGT AAA GGT AAA TGG GAT GGA AAT CTA ATA CAC TAT AGC GGC GGG TAT ACT AAA GAA GAA CTT GCG CCC GTG TGT CAC ATG ATA ATG GAT TAT CTA GTG AGT CCA ATT GTT CAT GAT GAA TTT CAT AGA AAA TAT CAA TCT AGA AGA TTT ATG AAA GCT TCT ATA ATT TCC GTC CAA TGG GCT TTA AAG GTT AGA AAA AAC GGC TAT GAT ATA ATG ACC TTG CAT GAA --- 
paradoxus                                  ATG TCC AAC CAA ATA GAA AAT ACT GAA AAC TCA CAG AAT ACT AGT --- TCA TCA AGG TTT TTG AGG AAT GTA CAA CGG TTG GCC TTA AAC AAT GTA ACA AAT ACA ACA TTT CAA AAG AGC --- AAT GTG AAC AAC CCA GCT TTA ACA AAT TTC AAA TCC ACA ATA AAC TCT GCA AAG AAG GAG GGA AGT CGG ATT CCT CAA TTT GCT AGA GAA AGC GCA TCA AGA ACA ACA GCC GCA CAA GAA GAA AAA AGG ATT CTG AAA GAT AAT GGT ATC --- CAA CTC CCT AAC AAC AAT GCT TCA GAT GAT AAA GAA AAC CAA GAT CCA AGT AGC CAA CAA TTT GGC GGA TTA ACT TCC ATA AAG GAG GGA AGG GCT GAG TTG CCT GCA AAT GTA AGT TTA CAA AAA TCC TCC TCT GCC AAG GAA ATC ATC CAG CAT GGT --- --- TCT TTA AAA GGC GTT GGA TCA GGC CCT GAG ATA GTT CAT AAT TCA GTA GAA AAC GAG GAA CTT CAT CCA GCT AGA AGT CAA CTT CAA GTT AGA AAT ACA GAA AGT GAA AAT GAC AGT GGG AAA AAA AGA CCA ATT TCT ACA ATT GTT GAA CAA GAA TTG CCC AAA AAA TTT AAA GTG TGC GAT GAA AAC GGA AAA GAA GAA TAC GAA TGG GAA GAT CTA GAC GCA GAA GAC GTC AAT GAT CCA TTC ATG GTC AGC GAG TAC GTC AAT GAT ATA TTT GAG TAC CTT CAT CAA CTA GAG GTC ATT ACT CTT CCA AAG AAG GAA GAT CTC TAT CAG CAT AGA AAT ATT CAT CAA AAC CGA GAT ATC TTA GTT AAC TGG TTG GTT AAA ATT CAT AAT AAA TTC GGC TTA TTA CCG GAG ACT TTG TAT CTT GCC ATC AAC ATA ATG GAC AGA TTT TTG GGT AAA GAG CTA GTT CAA TTG GAC AAA TTA CAA CTG GTT GGT ACA TCG TGT CTT TTC ATT GCC TCT AAA TAT GAA GAG GTG TAT TCT CCT AGT ATA AAA CAT TTT GCT TCA GAG ACA GAC GGT GCA TGT ACG GAA GAT GAA ATT AAG GAA GGG GAG AAG TTC ATT CTA AAG ACA TTG AAG TTT AAC CTA AAT TAT CCT AAT CCA ATG AAT TTT CTG AGA AGA ATT TCG AAA GCA GAT GAC TAC GAT ATA CAG TCC CGA ACT CTT GCC AAA TTC TTA TTG GAG ATA TCA TTA GTA GAT TTC AGA TTT ATT GGG ATA CTA CCC TCA CTA TGC GCA GCA GCT GCG ATG TTC ATG TCG AGA AAA ATG TTA GGT AAA GGT AAA TGG GAT GGA AAC CTG ATA CAC TAT AGC GGT GGG TAT ACT AAA GAA GAA CTT GCA CCC GTG TGT CAC ATG ATA ATG GAC TAT CTA GTG AGC CCG ATA GTA CAT GAC GAA TTT CAT AGA AAA TAT CAA TCT AGA AGA TTT ATG AAA GCT TCT ATA ATT TCT GTC CAA TGG GCT TTG AAG GTT AGG AAA AAC GGC TAT GAT ATA ATG ACT TTG CAT GAA --- 



Printing out site pattern counts


         5       1254  P G
G 2      167    251

castellii                                   --- --- --- --- --- --- --- --- --- --- --- --- --- --- --- --- --- --- AAA AAA AAA AAA AAC AAC AAC AAC AAC AAC AAC AAC AAC AAG AAG AAG AAG AAG AAG AAG AAT AAT AAT AAT AAT AAT AAT AAT AAT AAT AAT AAT AAT ACA ACA ACA ACC ACG ACG ACG ACT ACT ACT ACT ACT AGG AGG AGT ATA ATA ATA ATA ATA ATC ATG ATG ATT ATT ATT CAA CAA CAA CAA CAA CAA CAA CAA CAA CAG CAG CAT CCA CCA CCA CCA CCA CCC CCT CCT CGT CTA CTG CTT CTT CTT GAA GAA GAA GAA GAA GAA GAA GAA GAA GAC GAC GAC GAG GAG GAG GAT GAT GAT GAT GAT GCA GCA GCC GCC GCG GCT GGA GGA GGC GGT GGT GGT GTA GTC GTC GTG GTT GTT GTT GTT GTT TAT TAT TCA TCA TCA TCA TCA TCC TCC TCG TCT TCT TCT TCT TGG TGT TTA TTA TTC TTG TTG TTT TTT AAA AAA AAA AAA AAA AAA AAA AAA AAA AAC AAC AAC AAC AAC AAC AAC AAG AAG AAG AAG AAG AAG AAT AAT AAT AAT AAT AAT AAT AAT AAT AAT AAT ACA ACA ACA ACA ACA ACA ACA ACC ACC ACC ACG ACG ACG ACT AGA AGA AGA AGA AGA AGA AGG AGT AGT AGT AGT AGT AGT ATA ATA ATA ATA ATA ATA ATA ATA ATC ATC ATC ATC ATG ATG ATT ATT ATT ATT ATT ATT CAA CAA CAA CAA CAA CAC CAC CAG CAT CAT CAT CAT CCA CCA CCA CCA CCA CCA CCT CCT CCT CCT CCT CGA CGA CGT CTA CTA CTA CTA CTC CTC CTC CTG CTG CTT CTT CTT CTT CTT CTT CTT GAA GAA GAA GAA GAA GAA GAA GAA GAA GAA GAC GAC GAC GAC GAC GAG GAG GAG GAT GAT GAT GAT GAT GAT GAT GCA GCA GCA GCA GCA GCA GCC GCC GCC GCG GCT GCT GCT GCT GGA GGA GGA GGA GGA GGA GGA GGG GGT GGT GGT GGT GGT GGT GTA GTA GTA GTC GTG GTG GTG GTT GTT GTT GTT GTT GTT GTT GTT GTT TAC TAC TAT TAT TAT TAT TAT TAT TCA TCA TCA TCA TCA TCC TCC TCC TCC TCG TCG TCT TCT TCT TCT TCT TGC TGC TGC TGG TGT TGT TTA TTA TTA TTA TTA TTA TTA TTA TTA TTA TTA TTA TTA TTA TTA TTA TTC TTC TTG TTG TTG TTG TTG TTT TTT TTT TTT TTT TTT TTT
bayanus                                     AAC AAC AAG AAT AAT AGA ATC CAA CAG CCA CCA CCC CTC CTG GAA GAT GAT GGC --- AAA ACT GGA --- AAA AAT AAT ACA ACT ATA GAG GGC AAA AAA AAA AAG AAG AAG ATA AAA AAA AAC ACT ACT AGC AGT GAT GAT GGC TCT TTG TTG ACG GTT GTT CCA ACA GAT TTA AAA ACC ATA GTC TTA AGA AGG ATT --- AGC ATA ATT TCT AGT ATG TTC AAA ATT GTT --- AAA AAA ATT CAA CAA CCA GAA GAA CAA CTG CAT ACT CCA CCC GAA GCT TTT AAA CCT AGG GTA TTG TCT TTC TTG AAA AGT GAA GAA GAA GAA GAG GAG TCA AAT CAT GAT ATC GAA GTG --- GAC GAT GAT GAT AAT ACC GAT GCT AAA GCA AGT GGC GGC --- AAT GGG GTT ATT GAA AGA GAG GTA GTT GTT TTG TAC TAT AAC ACT CCC GCT TCC AGC ATT TCC AAA CCA CCA TCC TGG TGC CAT GCC GCT GCA TTG TTC TTT AAA AAA AAA AAG AAG AAG AGA AGA CAG --- AAC AAG AAT AAT AAT AGC AAA AAA AAG AAG AAG TAC AAC AAC AAC AAC AAC AAC AAT AAT CAC CAT GAT ACA ACA ACA ACC ACG TCA TCC ACA ACA ACT ACG ACT TCT AAT ACG AGA AGA AGG CGA CGG CGG ACG AGC AGC AGC AGT AGT ATA ATC ATT ATT ATT CTG GTA TTT ATA ATC ATT ATT ATG CAA ATA ATA ATC ATT ATT ATT AAG CAA CAA CAG GAA CAA CAT AAT CAC CAC CAC CAT CAA CCA CCA CCC CCC CCT CCA CCA CCG CCG CCT AGA CGA AGG CTG CTG TTA TTA TTA TTA TTC ACG TTG CTG CTG CTT CTT TTA TTG TTG --- AAG GAA GAA GAA GAA GAC GAG GAG GAG AGC GAA GAC GAC GAT GAA GAA GAG GAC GAC GAC GAC GAT GAT GCC AAT GCA GCA GCC GCG GCG GCC GCC GCT ACC GCA GCC GCG GCT GGA GGA GGC GGC GGC GGC TCT GGA AAA CCA GGA GGC GGC GGT GTC GTC GTG ATC GTC GTG GTT GTA GTA GTC GTC GTC GTG GTT GTT GTT TAC TAT CAC TAC TAC TAT TAT TTT ATA TCA TCA TCC TCG TCA TCA TCC TCT TCA TCC AAT TCA TCA TCT TCT TGC TGC TGT TGG TGC TGT AAC ATG CTA CTA CTC CTG CTT CTT CTT TTA TTA TTA TTA TTG TTG TTT TTC TTT CTA CTG TTG TTG TTG TTC TTC TTC TTC TTT TTT TTT
mikatae                                     AGT GAT AGT AAC AGC AGA ATA CAA CAA CAA CCA ACC CTT CTC GAG GAT GAT ACC AGA AAA AGG GGA --- AAG AAT AAT AAG ATT GTA GAA GAA AAA AAA AAA AAA AAG GAG ATA AAC AAT AAC ACT ATG AAT GGT AAT GAT GGG CCA CTA TCA ACG ATT GTT CCG ACA AAT TTA AAA ACT ATT GTT CTA AGA AGG AAA AGC AGC ATA ATT ACT AGC ATG TTT CAA ATC GCC --- CAG GAA AAT CAA CAG TCA GAA GAA CAT CCA CAT ACT CCA CCC CAC ACA TTC AAG CCT AGA GTA TTG CTT TCC CTA AAA AAT GAA GAA GAG GAG GAA GAG TCG AAT CAT GAT ATC GAA ATA GAT GAT GAA GAT GAT AAT ACA GAT GCT ATA GCG AGC GGC GGC --- GAT GGT GTT ATT GAA AGA AAG GTG GTC GTT TTA TAT TAC AGT TCT CCC AAT TCT AAC AAT TCT AAA CCA TCA TCC TGG TGC CAG GCC GCA GCA CTG TTT CCT AAA AAA AAG AAA AAA AAG AAA AGA CAG --- AAT AAG AAC AAC AAT AGT AAA AAA AAA AAG AAG TAT AAC AAC AAC AAT AAT AAT AAC AAT CAT CAT AAT ACA ACC ACG ACT ACA TCA TCA ACA ACG ACT ACT ACA TCT AAC ACG AGA AGA AGG CGA CGA CGG GCA AGC AGC AGT AGT AGT ATA ATA ATT ATT ATT CTA ATA TTT ATA ATT ATA ATT ATG CAA ATA ATA ATT ATT ATT ATT AAG CAA CAG CAG GAA CAA CAT AAC CAC CAC CAT CAT CAA CCA CCT CCA CCC CCC CCC CCG CCT TCG CCT AGA CGA AGA CTG CTT TTA TTG TTA TTA TTC ACA TTG CTA CTA CTA CTT TTG CTA TTA --- AAG GAA GAA GAG GAG GAC GAA GAA GAG AGT GAG GAC GAT GAT GAA GAG GAG GAC GAC GAC GAT GAT GAT GCT AAT GCA GCG GCC GCA GCA GCC GCC GCC TCT GCA GCT GCT GCT GGA GGG GGA GGC GGT GGT GCT GGT AAA TCA GGG GGG GGT GGT GTC GTT GTA ATT GTC GTA GTT GTA GTC GTA GTG GTT GTT GTA GTT GTT TAC TAT CAT TAC TAT TAC TAT TTC ATA TCA TCA TCC TCC TCG TCT TCG TCC TCA TCG AAT TCA TCT TCC TCT GGC TGT TGT TGG TGC TGC AAC ATG CTA CTG CTG TTG CTC CTT CTT TTA TTG TTG TTG CTC TTA TTC TTC TTT TTG TTA CTA CTC TTA TTC TTT TTT TTT TTC TTT TTT
cerevisiae                                  AGT AAT GGT AAC --- AGA ATC CAA CAA CAA CCA CCC CTT CTC GAA GAA GAC AGT AGA AAA AGA GGG --- AAG AAC AAT AAA GCT TTA GAG GGA AAA AAA AAG AAA AAG GAG ATA ACC AAT AAC ACT GTA AAT GGT GAT GAT GGA TCA CAA CTG ACA GTC GTA TCG ACA GAG CTA AAA ACC GTT GTT CTA AGA AGA AAA AGC AAC ATA ATT ACT AGT ATG TTT CAA ACC GCG --- CAG GAA CAT CAA CAG CCA GAA GAG CAA CTG CAT ACT CCA CCC CAA GCT TTT AAC CCT AGA GTA TTG CTT TCC CTA AAA AGA GAA GAG GAA GAG GAA GAA TTA AAT CAT GAT ATC GAA ATA GAA GAT GAA GAC GAT ACT GCG GAT GCT ATA GCA AGT AGC GGC --- GAT GGC GTT ATT GAA AGA AAG GTG GTA GTT CTG TAT TAT AGT TCC CCC AGT TCA GGC AAT TCT AAA TCA TCA TCT TGG TGC CAT GCC GCA GCA TTA TTT CTT AAA AAA AAA AAA AAA AAG AAA AGA CAG --- AAC AAG AAT AAT AAT AGT AAA AAG AAG AAA AAG TAT AAC AAT AAT AAC AAT AAT AAT AAT CAC CAT AAC ACA ACT ACG ACT ACA TCA TCT ACA ACG ACT ACT ACA TCA AAC ACA AGA AGG AGG CGA CGG AGG ACA AGC AGT AGC AGT AGT ATA ATA ATC ATT ATT CTA ATA TTT ATA ATT ATT ATT ATG CAA ATA ATT ATT ATC ATC ATT AAG CAA CAA CAG GAA CAA CAT AAT CAC CAT CAT CAT CCA CCG CCT CCA CCC CCC CCC CCG CCA CCA CCT AGG CGA AGA TTG CTT TTA TTG TTA TTG TTC ACA CTG CTA CTA CTT CTT TTG TTG CTT --- AAA GAA GAG GAA GAG GAT GAA GAG GAG AGT GAA GAC GAT GAT GAA GAG GAG GAC GAT GAT GAT GAC GAT GCG AAT GCA GCG GCC GCA GTA GCA GCC GCC ACT GCA GCA GCT GCT GGA GGG GGA GGC GGC GGT GCC GGT AAA CCA GGG GGG GGT GGC GTC GTT GTA ATT GTC GTG GTT GTA GTA GTG GCG GTT GTT GTC GTC GTT TAC TAT CAC TAC TAT TAT TAT TTC ATA TCA TCG TCC TCT TCA TCA TCG TCT TCA TCC AAT TCA TCT TCT TCT GGT TGT TGT TGG TGT TGC AAC ATG TTA CTG CTA TTG CTC CTC CTT CTA TTA TTA TTG CTA TTA TTT TTC TTT TTA CTA CTA TTA TTG TTC TTC TTC TTT TTC TTT TTT
paradoxus                                   AGT AAT GGT AAC --- AGA ATC CAA CAA CAA CCA CCT CTT CTC GAA GAT GAT AGT AGA AAA AGG GGA --- AAG AAC AAT AAA GCT TTA GAG GGA AAA GAA AAA AAA AAG GAA ATA ACA AAT AAC GCT ATA AAT GGC GAT GAT GGG TCA CAA TTG ACA GTT GTA TCA ACA GAG TTA AAA ACT GTT GTT TTA AGA AGG AAC AGC AAC ATA ATT ACT AGT ATG TTT CAA ATT GCC --- CAA AAA CAT CAA CAG CCA GAA GAG CAA CTG CAT CCT CCA CCC CAA GCT TTT AAT CCT AGA GCA TTG GCT TCC CTA AAA AGG GAA GAA GAA GAA GAA GAA TCA AAC CAT GAC ATC GAA ATC GAA GAC GAA GAT GAC AAT GGA GAT GCT GTA GCA AGT GGC GGC --- GGT GGA GTT ATT GAG AGA AAG GTG GTC GTT TTG TAC TAT AGC TCC TCT AGT TCT GGC AAT TCT AAA ACA TCA TCC TGG TGC CAT GCC GCA GCA TTG TTT CTT AAA AAG AAA AAA AAG AAG AAA AGA CAG --- AAC AAG AAC AAT AAT AGT AAA AAA AAG AAA AAG TAT AAC AAC AAT AAC AAC AAT AAC AAT CAC CAT AAT ACA ACT ACG ACT ACA TCA TCC ACA ACA ACT ACT ACA TCT AAC ACA AGA AGG AGG CGA CGG CGG ACA AGC AGT AGC AGC AGT ATA ATA ATT ATC ATT TTA ATA TTT ATA ATT ATT ATT ATG CAA ATA ATA ATT ATC ATT ATT AAG CAA CAA CAG GAA CAA CAT AAC CAC CAT CAT CAT CAA CCA CCT CCA CCT CCC CCC CCG CCA CCG CCT AGA CGA AGA CTG CTT TTA TTG TTA CTA TTC ACT TTG CTA CTG CTT CTT TTG TTG CTT --- AAG GAA GAG GAA GAG GAT GAA GAG GAG AGC GAG GAC GAT GAT GAA GAG GAG GAC GAC GAT GAC GAC GAT GCA AAT GCA GCG GCC GCA GCA GCA GCC GCC ACT GCA GCT GCT GCT GGA GGG GGA GGC GGT GGT GCT GGT AAA CCA GGG GGG GGT GGT GTC GTT GTA ATT GTC GTG GTT GTA GTA GTG GTG GTT GTT GTG GTC GTA TAC TAT CAT TAC TAT TAC TAT TTT ATA TCA TCG TCT TCT TCA TCG TCG TCT TCA TCC AAT TCA TCT TCC TCT GGT TGT TGT TGG TGC TGT AAC ATG TTG CTG CTA TTG CTC CTT CTT CTA CTA TTG TTG ATA TTA TTT TTC TTT TTA TTA CTA TTA TTA TTC TTC TTT TTT TTC TTC TTT



    1    1    1    1    1    1    1    1    1    1    1    1    1    1    1
    1    1    1    1    4    1    1    1    1    1    1    1    1    1    1
    1    1    1    1    1    1    1    1    1    1    1    1    1    1    1
    1    2    1    1    1    1    1    1    1    1    1    1    1    1    1
    1    1    1    1    1    1    1    1    1    1    1    1    2    1    1
    1    1    1    1    1    1    3    1    1    1    1    1    1    1    1
    1    1    1    1    1    1    1    1    1    1    1    1    1    1    1
    5    1    1    1    2    1    1    1    1    1    1    1    1    1    1
    1    1    1    1    1    1    1    1    1    1    1    1    1    1    1
    1    1    1    1    1    1    1    1    1    1    1    1    1    1    1
    1    1    1    1    1    1    1    1    2    1    1    1    1    1    1
    1    1    7    1    1    2    1    2    1    1    1    1    1    1    1
    1    2    1    1    1    1    1    1    1    1    1    1    2    1    1
    1    5    1    1    1    1    1    1    1    2    1    1    1    1    1
    1    1    1    1    1    6    1    1    1    1    1    1    1    1    1
    1    1    2    1    1    1    2    1    1    1    3    1    1    1    8
    1    2    1    1    1    1    1    1    3    2    2    1    1    2    1
    1    1    1    1    1    1    1    1    1    1    1    1    1    1    1
    1    1    1    1    1    1    1    1    1    1    1    1    1    1    1
    1    1    1    1    1    1    6    1    1    2    1    1    1    3    1
    1    1    1    1    1    1    1    1    1    1    2    1    5    1    1
    1    1    2    1    1    1    1    1    1    1    1    1    1    1    1
    1    1    1    1    1    1    1    1    1    1    1    1    1    1    1
    1    1    1    1    1    1    1    1    1    1    1    2    1    1    4
    1    1    1    1    3    1    1    2    1    1    1    1    1    1    1
    1    1    1    1    1    1    1    1    1    1    2    1    1    1    1
    1    1    1    1    1    1    1    1    1    1    1    1    2    1    1
    2    1    1    2    1    1    1    2    1    1    2    1    3

CODONML (in paml version 4.4b, July 2010)  torun.nuc
Model: One dN/dS ratio for branches Global clock  (2 genes: diff. rate & k&w)  
Codon frequency model: F3x4
ns =   5  ls = 497

Codon usage in sequences
--------------------------------------------------------------------------------------------------
Phe TTT 13 13 13 12 13 | Ser TCT  9  8  8  8  9 | Tyr TAT 10  9 10 12 10 | Cys TGT  3  2  2  3  3
    TTC  4 10  8  9  8 |     TCC  6  7  6  4  6 |     TAC  5  5  4  2  4 |     TGC  3  4  3  2  2
Leu TTA 19 11 11 12 12 |     TCA 11 10 11 12 10 | *** TAA  0  0  0  0  0 | *** TGA  0  0  0  0  0
    TTG  8 16  9  9 12 |     TCG  3  1  5  3  3 |     TAG  0  0  0  0  0 | Trp TGG  4  4  4  4  4
--------------------------------------------------------------------------------------------------
Leu CTT 10  5  6  8  8 | Pro CCT  7  3  5  3  6 | His CAT  5  7 10 10 11 | Arg CGT  2  0  0  0  0
    CTC  3  2  4  3  2 |     CCC  1  5  5  6  3 |     CAC  3  5  3  3  2 |     CGC  0  0  0  0  0
    CTA  5  3 11 12  8 |     CCA 11 12  7  8  7 | Gln CAA 20 14 13 17 19 |     CGA  2  2  3  2  2
    CTG  3  9  4  5  4 |     CCG  0  2  2  2  2 |     CAG  3  4  8  5  4 |     CGG  0  2  1  1  2
--------------------------------------------------------------------------------------------------
Ile ATT 10 15 16 12 13 | Thr ACT  6  8  7  9  8 | Asn AAT 30 21 27 23 20 | Ser AGT  7  6  8 11  8
    ATC  7  6  2  5  5 |     ACC  4  4  3  3  0 |     AAC 17 13 13 12 17 |     AGC  0  8  7  4  6
    ATA 15 13 17 14 15 |     ACA 11  7  9 10 12 | Lys AAA 24 30 28 29 27 | Arg AGA 11 13 15 16 14
Met ATG 12 11 12 11 11 |     ACG  6  7  4  2  1 |     AAG 13 15 13 11 12 |     AGG  3  4  3  4  5
--------------------------------------------------------------------------------------------------
Val GTT 15 11 11  9  9 | Ala GCT  5  6  6  5  9 | Asp GAT 17 19 22 20 16 | Gly GGT  9  1  7  6  8
    GTC  3  7  4  6  5 |     GCC  5  7  7  6  6 |     GAC  8  9  5  5  9 |     GGC  1 11  4  6  5
    GTA  4  5  7  8  6 |     GCA  9  5  7  8 10 | Glu GAA 32 28 27 28 28 |     GGA  9  5  3  4  6
    GTG  4  4  2  3  5 |     GCG  2  3  2  5  1 |     GAG  6 11 14 15 14 |     GGG  1  1  4  4  4
--------------------------------------------------------------------------------------------------

Codon position x base (3x4) table for each sequence.

#1: castellii      
position  1:    T:0.20459    C:0.15658    A:0.36743    G:0.27140
position  2:    T:0.28184    C:0.20042    A:0.40292    G:0.11482
position  3:    T:0.32985    C:0.14614    A:0.38205    G:0.14196
Average         T:0.27209    C:0.16771    A:0.38413    G:0.17606

#2: bayanus        
position  1:    T:0.20450    C:0.15337    A:0.37014    G:0.27198
position  2:    T:0.28834    C:0.19427    A:0.38855    G:0.12883
position  3:    T:0.27403    C:0.21063    A:0.32311    G:0.19223
Average         T:0.25562    C:0.18609    A:0.36060    G:0.19768

#3: mikatae        
position  1:    T:0.19106    C:0.16667    A:0.37398    G:0.26829
position  2:    T:0.27846    C:0.19106    A:0.40041    G:0.13008
position  3:    T:0.32114    C:0.15854    A:0.34350    G:0.17683
Average         T:0.26355    C:0.17209    A:0.37263    G:0.19173

#4: cerevisiae     
position  1:    T:0.18737    C:0.17312    A:0.35845    G:0.28106
position  2:    T:0.28106    C:0.19145    A:0.39104    G:0.13646
position  3:    T:0.30754    C:0.15479    A:0.36660    G:0.17108
Average         T:0.25866    C:0.17312    A:0.37203    G:0.19620

#5: paradoxus      
position  1:    T:0.19552    C:0.16293    A:0.35438    G:0.28717
position  2:    T:0.27699    C:0.18941    A:0.39308    G:0.14053
position  3:    T:0.30754    C:0.16293    A:0.35845    G:0.17108
Average         T:0.26001    C:0.17176    A:0.36864    G:0.19959

Codon usage in genes
--------------------------------------------------------------
Phe TTT 12 52 | Ser TCT 15 27 | Tyr TAT  7 44 | Cys TGT  1 12
    TTC  5 34 |     TCC 12 17 |     TAC  3 17 |     TGC  4 10
Leu TTA 12 53 |     TCA 17 37 | *** TAA  0  0 | *** TGA  0  0
    TTG 14 40 |     TCG  3 12 |     TAG  0  0 | Trp TGG 10 10
--------------------------------------------------------------
Leu CTT 10 27 | Pro CCT  9 15 | His CAT 15 28 | Arg CGT  1  1
    CTC  4 10 |     CCC 10 10 |     CAC  1 15 |     CGC  0  0
    CTA  8 31 |     CCA 23 22 | Gln CAA 45 38 |     CGA  0 11
    CTG  8 17 |     CCG  1  7 |     CAG  9 15 |     CGG  0  6
--------------------------------------------------------------
Ile ATT 19 47 | Thr ACT 21 17 | Asn AAT 46 75 | Ser AGT 19 21
    ATC 10 15 |     ACC  8  6 |     AAC 28 44 |     AGC 12 13
    ATA 21 53 |     ACA 14 35 | Lys AAA 61 77 | Arg AGA 21 48
Met ATG 12 45 |     ACG  5 15 |     AAG 23 41 |     AGG  9 10
--------------------------------------------------------------
Val GTT 24 31 | Ala GCT 14 17 | Asp GAT 43 51 | Gly GGT  9 22
    GTC  6 19 |     GCC  8 23 |     GAC  9 27 |     GGC 15 12
    GTA 11 19 |     GCA 13 26 | Glu GAA 79 64 |     GGA 10 17
    GTG  5 13 |     GCG  4  9 |     GAG 23 37 |     GGG  4 10
--------------------------------------------------------------

Codon position x base (3x4) table for each gene.


Gene #1
position  1:    T:0.13295    C:0.16647    A:0.38035    G:0.32023
position  2:    T:0.20925    C:0.20462    A:0.45318    G:0.13295
position  3:    T:0.30636    C:0.15607    A:0.38728    G:0.15029
Average         T:0.21618    C:0.17572    A:0.40694    G:0.20116

Gene #2
position  1:    T:0.23145    C:0.16043    A:0.35637    G:0.25174
position  2:    T:0.32086    C:0.18706    A:0.36335    G:0.12873
position  3:    T:0.30881    C:0.17248    A:0.33672    G:0.18199
Average         T:0.28704    C:0.17332    A:0.35215    G:0.18749

Sums of codon usage counts
------------------------------------------------------------------------------
Phe F TTT      64 | Ser S TCT      42 | Tyr Y TAT      51 | Cys C TGT      13
      TTC      39 |       TCC      29 |       TAC      20 |       TGC      14
Leu L TTA      65 |       TCA      54 | *** * TAA       0 | *** * TGA       0
      TTG      54 |       TCG      15 |       TAG       0 | Trp W TGG      20
------------------------------------------------------------------------------
Leu L CTT      37 | Pro P CCT      24 | His H CAT      43 | Arg R CGT       2
      CTC      14 |       CCC      20 |       CAC      16 |       CGC       0
      CTA      39 |       CCA      45 | Gln Q CAA      83 |       CGA      11
      CTG      25 |       CCG       8 |       CAG      24 |       CGG       6
------------------------------------------------------------------------------
Ile I ATT      66 | Thr T ACT      38 | Asn N AAT     121 | Ser S AGT      40
      ATC      25 |       ACC      14 |       AAC      72 |       AGC      25
      ATA      74 |       ACA      49 | Lys K AAA     138 | Arg R AGA      69
Met M ATG      57 |       ACG      20 |       AAG      64 |       AGG      19
------------------------------------------------------------------------------
Val V GTT      55 | Ala A GCT      31 | Asp D GAT      94 | Gly G GGT      31
      GTC      25 |       GCC      31 |       GAC      36 |       GGC      27
      GTA      30 |       GCA      39 | Glu E GAA     143 |       GGA      27
      GTG      18 |       GCG      13 |       GAG      60 |       GGG      14
------------------------------------------------------------------------------

(Ambiguity data are not used in the counts.)


Codon position x base (3x4) table, overall

position  1:    T:0.19656    C:0.16257    A:0.36486    G:0.27600
position  2:    T:0.28133    C:0.19328    A:0.39517    G:0.13022
position  3:    T:0.30794    C:0.16667    A:0.35463    G:0.17076
Average         T:0.26194    C:0.17417    A:0.37155    G:0.19233


Nei & Gojobori 1986. dN/dS (dN, dS)
(Pairwise deletion)
(Note: This matrix is not used in later ML. analysis.
Use runmode = -2 for ML pairwise comparison.)

castellii           
bayanus             -1.0000 (0.2118 -1.0000)
mikatae             -1.0000 (0.2100 -1.0000) 0.0493 (0.0638 1.2945)
cerevisiae          -1.0000 (0.2109 -1.0000) 0.0470 (0.0604 1.2861) 0.0756 (0.0464 0.6136)
paradoxus           -1.0000 (0.2112 -1.0000) 0.0568 (0.0582 1.0241) 0.0959 (0.0505 0.5265) 0.0509 (0.0202 0.3963)


TREE #  1:  ((((4, 5), 3), 2), 1);   MP score: -1
lnL(ntime:  4  np:  9):  -4552.671762      +0.000000
   6..7     7..8     8..9     9..4     9..5     8..3     7..2     6..1  
 2.770409 0.600771 0.339317 0.195355 0.716899 3.581255 0.131763 2.891133 0.015832
SEs for parameters:
 0.322552 0.056440 0.033842 0.022523 0.075100 0.469570 0.016819 0.420836 0.002643
Note: Branch length is defined for the first gene (site partition).
For other genes, look at "rates for genes".

tree length =   6.67626 (1st gene)

((((4: 0.195355, 5: 0.195355): 0.143962, 3: 0.339317): 0.261454, 2: 0.600771): 2.169638, 1: 2.770409);

((((cerevisiae: 0.195355, paradoxus: 0.195355): 0.143962, mikatae: 0.339317): 0.261454, bayanus: 0.600771): 2.169638, castellii: 2.770409);

Detailed output identifying parameters

rates for 2 genes:     1  0.71690

gene # 1: kappa =   3.58126 omega =   0.13176
gene # 2: kappa =   2.89113 omega =   0.01583

Time used:  0:14
