
seed used = 1418775561
      5   1338

bayanus                                    ATG GGG GCC AAC CAG GAC AAC GAG TAC GGC ACC AAA GGC GGT TCT TTG ATA TAT AAT GAA AAT GAA ACA CAA TTG AGC AGT ACA AAC GTG CGA GCC TCT CAA GAT AAG AAA AAT GCT TCG AAA ATG GGC AGC TCT AGT AAG GAG --- CTG GTG CAA GAT GAT AAA CCA AGA AGG GCC TTG ACC GAT GTC CCA GTA AAC AAC AAT CCT TTA AGC CAA GCT AAG AGG ATA GCT ACA AAC AAC AAG GCC GCC AAA GTA CGA AGG GAA GAA AAC AGT AGA CCT ATT GTT ACC GCC GTC CAG AAA AGA CAG ATA TAC AAC GAT CAT ACA GCA GAG --- --- --- --- --- --- --- --- --- --- --- --- GAC GAT GCT GTT --- --- --- --- --- GTC TCC ATT GCA AAC AAA AGA CGC AGA TTT GGC GTC GAG GGT AAG GAG GAA ATA CTG GGT TGG AAG GAT TTA GAC TAT GTT GAG AAA AAC GAT ACT GCA ATG GTG GCA GAA TAT TCT TCA GAG ATC TTC GAG TTT TTG TAC AAG AGA GAA TTA GAA ACG CTA CCA TCT CAT AAT TAT GTA CTC GAC AAA ACT TCC AAA TAT TAT TTA AGA CCG TCC ATG AGA GCC ATA TTA GTG GAT TGG TTG GTA GAA GTG CAT GAG AAA TTT CAA TGC TAT CCT GAA ACA TTA TTT CTA TCC ATC AAC CTT ATG GAC AGA TTT TTA GCC CAA AAT AAA GTT ACA ATG AAT AAA CTA CAA CTA TTA GCA GTA ACC TCG CTT TTC ATA GCG GCA AAA TTC GAA GAA GTA AAT TTG CCC AAA TTA GCC GAG TAC TCT TAC ATC ACC GAT GGG GCA GCC TCC AAA AAC GAC ATA AAA AAT GCG GAA ATG TTT ATG CTA ACA TCT TTA GGA TTC AAT ATT GGT TGG CCT AAT CCG CTC AAT TTT CTG AGA AGG ATC TCC AAG GCA GAT GAT TAC ATT TTG GCT AAT AGA AAC ACT GGT AAG TTT ATT CTA GAG TAT GCT TGC TGC AGC CAC CAA TTC ATT CAT CTC CCC CCA TCT GTC ATA AGC GCA ATG GCT ATG TAT ATA GCA AGA AGA ATA ACC AAT AGA AAC AAG AAC GAA CTA TGG AAC GAA AAT CTG GAA CAC TAT AGC GGC GGC ATC GAT CCT ATA CAC GAT AAA ACG TTT CAA TCG TAC TGT ACC GAT CTA GTC ACA GAT ATT GCT AAT TCT AAA ATT CGT TTG GAT TCC CTT ACT CTA AAA TAC AAG AAG CCA AGA TAT GGA TCG GTC TAT TTC CAA ACC TCT AAT TGG TGC AAA GCT GAG GTG GAC AAT AAT TTC CCA AGT CTA TTC ACT TTA --- --- --- --- --- 
mikatae                                    ATG GGA GGT AGT CAA GAT TAC GAG CAG AGC ATT AAA AGA AGT TCT TTG ATT CAT AAC GAG AAC GAG AAG CAA TTG TGC AGC GAA GAC ATG ACG ATC TCT CAA GAA AAA AAA ATA AAT CCG GTA ATT GAT AGC TCT AGT AAG CAC --- CAT ATC CAA AAC TCC AAA CCA AGA AGG GCT TTA ACT GAT GTG CCA GTA AAC AAT AAT CCT CTA AGC CAA AAC AAG AGG CTA ACA AAT --- ACC AAG GCC GTA AAG GTA CGA AGG GAA GAA GAT ATT AGG CCT ATC TTT AGC GCC GCT CAA AAG AGA CAG ATA TAT AAC GAT CGA ACA GCA ACA TCA ACA GCG TCA GCA GCC GTA GCT AAA AAA GAA GGA GAA GAA GGA GAA GGA GAA TAT GAT GAT CTT TCA ATA GTA AGG AAA AAA CGC AGG ACT GGA GTT GAA GAA ACT GGT GAA ATA GTC GGT TGG AAG GAT TTA GAT TAT GTC GAA AAA AAT GAC ACT GCA ATG GTA GCA GAA TAC TCT ACA GAA ATT TTC GAT TTT TTG TAC ACA AGA GAA CTA GAA ACC CTA CCG TCT CAT AAT TAC CTA TTA GAT AAA ACG TCA AAG TAC TAT TTA AGG CCC TCC ATG AGA GCG ATA TTA GTG GAT TGG CTA GTA GAA GTT CAT GAG AAG TTC CAG TGC TAT CCC GAA ACT TTA TTC CTA TCT ATA AAC TTG ATG GAT AGA TTT TTA GCC AAA AAT AAA GTT ACT ATG AAC AAA TTA CAG TTA TTA GCA GTC ACT TCG CTC TTC ATA GCG GCA AAG TTT GAG GAA GTG AAT TTG CCC AAA TTG GCC GAG TAC GCT TAT ATC ACT GAT GGC GCT GCT TCT AAA AAT GAC ATA AAA AAT GCA GAA ATG TTC ATG CTA ACT TCT TTA GAG TTC AAC ATT GGT TGG CCC AAT CCA CTT AAT TTT TTG AGA AGG ATC TCC AAG GCA GAT GAT TAC AAT TTG GTT AAC AGA AAT ATT GGT AAA TTT ATT CTA GAG TAT GCC TAC TGC TGC CAT CAT TTC ATC CAC TTA CCT CCG TCT ACC ATT AGC GCA ATG GCA ATG TAT ATA GCG AGA AGA ATG ACC AAT AGA AGC AAG AAC GAG CTA TGG AAC AAA ACA CTA CAA CAT TAC AGT GGT GGC ATC GAT CCG ACG GAA GAC GAA GTA TTT CAA TCC CGC TGT ATC GAT CTA GTC ACT GAC ATT GCC AGT TCT AAA ATT CGT TTG GAT TCA TTG GTT TTG AAA TAC AAG AAG CCT AGG TAT GGC TCT GTT TAT TTC CAA GCC TTC AAT TGG TGC AAA GCT GAA ATG GAT AGT AAC TTC CAA AAC CTT TTC CAT --- --- --- --- --- --- 
cerevisiae                                 ATG GGA GAG AAC CAC GAC CAT GAG CAG AGT ATT AAA AGA AAT TCT ATG ATT TAT AAT GAA AAT GAG AGG CAG TTG TGC AAT TCA AAC CTA AAG ATT CTT CAA AAT AAA AGG GCC CTT TCA AAA AAT GAC AGC TCT AGT AAG CAG --- CAG GTT CAG GAT TCT AAA CCA AGA AGG GCT TTA ACA GAT GTA CCA GTG AAC AAT AAT CCT TTA AGC CAG AAC AAG AGA ATA GTA GCA GGG AGC AAG GCG GCC AAA GTA CGA AGA GAA GAA AAC ATT AGA CCT ATT GTT AGC GCC GTT CAA AAA AGA CAG ATA TAT AAC GAT CGA ACG GCA GCA GAG CAA GAA GAA GAA GAA GAA GAA --- --- GAA GGA GAA GAT GAT GAT --- --- --- --- GCT GCT TCG ATA GTG AAC AAA AAA CGC AGA ATA GAC GCT GAA GGA GTG AGT GAA ATA GTA GGC TGG CAG GAC CTA GAT TAT GTT GAA AAA GAT GAT ACT GCA ATG GTA GCA GAA TAT TCT GCT GAA ATT TTT GCA TTT TTA TAT AGA AGA GAA TTA GAA ACG TTA CCA TCG CAC AAC TAT TTA CTC GAC AAA ACG TCC AAG TAT TAT TTG AGG CCT TCC ATG AGA ACA ATA TTA GTG GAT TGG CTG GTA GAG GTG CAC GAA AAA TTT CAA TGC TAT CCG GAA ACG TTA TTC CTA TCC ATA AAC TTA ATG GAT AGA TTT TTA GCT AAA AAT AAA GTT ACG ATG AAC AAG TTA CAA TTA TTG GCA GTT ACC TCA CTT TTC ATC GCG GCA AAA TTT GAA GAG GTA AAT TTG CCC AAA CTA GCT GAA TAC GCT TAT ATC ACT GAC GGC GCG GCT TCT AAA AAC GAC ATA AAA AAT GCG GAA ATG TTC ATG CTC ACT TCC TTA GAA TTC AAC ATT GGT TGG CCC AAC CCA CTC AAT TTC CTA AGG AGG ATC TCC AAG GCA GAT GAT TAC GAT CCG GTT AAT AGA AAT ATT GGT AAG TTT ATT TTA GAG TAT GCC TAC TGC TGC CAC CAA TTC ATT CAT TTA CCT CCA TCT ACC GTA AGC GCA ATG GCA ATG TAT ATA GCG AGA AGA ATG ACC AAC AGA AAC AAG AAC GAG CTA TGG AAT GGA ACA CTA CAG CAT TAC AGT GGT GGT ATC GAT CCA ATA CAC GAT GAA GCG TTT CAG TCT CTC TGC ATT GAT CTA GTC AAA GAC ATC GCT AGT TCC AAA ACT CAT TTA GAT TCA TTG ATT TTG AAG TAC AAG AAA CCA AGG TAT GGC TCT GTT TAT TTC CAA ACT TTC AAG TGG TGT ACA TCC GAA ATG CAT AGC AAC TTT CAA AAT CTA TTT AAT CTT AAG --- --- --- --- 
paradoxus                                  ATG GGA GGT AAC CAA GAC CAT GAG CAG AGC ATT AAA AGA AAT ACT TCG ATT TAT AAT GAA AAC GAG AGG CAA TTC TGC AAT ACA AAC TTA AAG ATT CCT CAA GAT AAA AAG ACT ATT CCA AAA AAT GGT GGC TCC AGT AAG CAA --- CAA GTT CAA GAC TCT AAA CCA AGA AGG GCT TTA ACA GAT GTA CCG GTA AAT AAT AAT CCT CTA AGT CAA AGC AAG AGA ATA GTA ACA GAT AGC AAG GCG GCC AAA GTA CGA AGA GAG GAA AAC ATT AGA CCT ATC GGT AGC GCC GTT CAA AAA AGA CAG ATA TAT AAC GAT CGA ACG GCA GCA GAG AAA GAA --- --- --- --- --- --- --- --- GGA GAA GAA GGT AAT --- --- --- --- GTT GCT CTG TTA GCG AAC AAA AAA CGC AGG ATT GAC ATT GAA GAA GTA AGT GAA ATA GTA GGT TGG CAG GAT TTA GAT TAT GTT GAA AAA GAT GAT ACT GCA ATG GTA GCA GAA TAC TCT GCT GAA ATT TTC GCA TTT TTA TAT AGA AGG GAA CTA GAA ACG CTA CCA TCC CAT AAT TAT TTA CTA GAC AAA ACG TCT AAG TAC TAT TTG AGG CCA TCC ATG AGA GCA ATA TTA GTG GAT TGG CTA GTA GAA GTA CAC GAA AAA TTC CAA TGC TAT CCC GAG ACG TTA TTC CTA TCC ATA AAT TTA ATG GAT AGG TTT CTA GCC AAA AAT AAA GTT ACT ATG AAC AAA CTA CAG TTA TTA GCA GTT ACT TCG CTT TTC ATT GCG GCA AAA TTT GAA GAG GTA AAT TTG CCC AAA CTA GCT GAG TAC GCT TAT ATT ACT GAT GGC GCA GCT TCC AAA AAT GAC ATA AAA AAT GCG GAA ATG TTC ATG CTC ACT TCT TTA GAA TTC AAC ATT GGT TGG CCC AAC CCA CTC AAT TTT CTG AGA AGG ATC TCC AAG GCA GAT GAT TAC GAT CCG GTT AAC AGA AAT ATT GGC AAG TTT ATC CTA GAG TAT GCC TAC TGC TGT CAC CAA TTC ATT CAT TTA CCT CCA TCT ACC ATA AGC GCA ATG GCA ATG TAT ATA GCG AGA AGA ATA ACC AAT AGA AAC AAG AAC GAG CTA TGG AAC AAA ACA CTA CAG CAT TAC AGC GGT GGT ATC GAT CCA ATA CAG GAT GAA GCA TTT CAG TCC TAC TGT ATT GAT ATA GTC AGA GAC ATC GCT AGT TCC AAA ACT CAT TTG GAT TCC TTG ATT CTG AAG TAC AAG AAA CCA AGA TAT GGC TCT GTT TAT TTC CAA ACC TTA AGC TGG TGC ACA TCT GAA ATG CAT ACC AAC TTT CAA AAG CTA TTT AAT TCA CGT GCA AAA --- --- 
kudriavzevii                               ATG GGA TGC AAT GAG GAC TAC GAG CAC GGC GTT AGA AGC AGT TCT ATG ATT CAT AAT GAA AAC AAG ACA CAA TTG AGC AGT ACA AGC GTA AAA ATT ACT CAG GCT AAG AAA ATA ATT TCG ACA AAT GGG AGT TCT AGT AAG GAG CAA TTT TTA CAA GAC TCC AAA ACA AGA AGA GCC TTA ACT GAT GTG CCT GTA AAC AAT AAT CCT CTA AGC CAA AAC AAG AAG ATA GCA ACA AAC AGC AAA GCC GCC AAA GTA CGA AAA GAA GAA AAC AGC AGA CCT ATT GTT ACC GCC ATT CAA AAA AGG CAG ATT TAT AAT GAT CAA AAT GCA GAA AAT GAT GAT GAT GAT GAT GAT GAT --- --- --- GAT GAT GAT GAT GAT --- --- --- --- --- ATT TCC GTA TCA AGC AAA AGA CGC AAA GTT GAT TTT GAG GAA AAT GAT GGA ATA GTT GGC TGG AAG GAT TTA GAC TAT GCT GAA AAA AAC GAT TCT GCG ATG GTA GCA GAA TAT TCT TCA GAA ATT TTC GAA TTT TTG TAT GAA AGA GAG TTA GAA ACG CTA CCA TCT CAC AAT TAT TTG CTT GAC AAA ACC TCG AAG TAT TAT TTA AGG CCT TCT ATG AGA GCA ATA TTA GTA GAC TGG CTA GTA GAA GTG CAC GAA AAA TTC CAG TGC TAT CCT GAA ACA TTA TTT CTG TCC ATA AAC GTA ATG GAT AGA TTC CTA GCC AAA AAT AAG GTC ACC ATG AAC AAA TTA CAA CTA TTA GCA GTA ACC TCG CTT TTT ATA GCG GCA AAA TTT GAA GAA GTA AAC TTG CCC AAG TTA GCA GAA TAT GCT TAC ATC ACC GAT GGT GCA GCT TCC AAA AAT GAC ATA AAA AGT GCG GAA ATG TTC ATG CTC ACG TCT TTG CAA TTC AAT GTT GGT TGG CCC AAC CCA CTC AAT TTT CTG AGA AGG ATC TCC AAG GCA GAT GAT TAT AAT CTG GCT GAT AGA AAC ATC GGT AAG TTT ATC TTA GAG TAT GCC TAC TGT TGT CAT CAA TTC ATT CAT TTG CCA CCA TCT ATC ATA AGT GCG ATG GCT ATG TAT GTG GCG AGA AGA GTG ACC AAT AAA AAC AAG CAT GAA CTA TGG AAC AAA ACT CTC GAG CAT TAC AGT GGC GGA ATT GAC CCG ATA CAA GAT GAA ACA TTT CAA TCC TAC TGT ATC GAT CTA GTA ACA GAC ATT GCT GTT TCT AAA GTT CGT TTG GAT TCC TTG ACT TTG AAG TAC AGG AAG CCG AGA TTT GGT TCG GTT TAT CTC CAA ACT TTC AAC TGG TGC AAA TCT GAA GTG AGC AAC AAC TTT CAG AAT TTA TTC CAT TTA CAA CGA CAA CAG CGC 



Printing out site pattern counts


         5       1188  P G
G 3       25    159    212

bayanus                                     --- --- --- --- --- AAA AAT AAT AAT ACT AGT ATG CCA CCT CTA GAC GAG GCT GTG TCT TGC TGG TTA TTC TTC --- --- --- --- --- --- --- --- --- --- --- --- --- --- --- --- --- AAA AAA AAA AAA AAA AAC AAC AAC AAC AAC AAC AAC AAC AAC AAC AAC AAG AAG AAG AAG AAG AAT AAT AAT AAT ACA ACA ACA ACA ACC ACC ACC ACT AGA AGA AGA AGA AGA AGC AGC AGC AGG AGG AGG AGT AGT AGT ATA ATA ATA ATA ATG ATG ATT ATT CAA CAA CAG CAG CAG CAT CCA CCA CCT CGA CGA CGC CTG CTG GAA GAA GAA GAA GAA GAC GAC GAC GAG GAG GAG GAG GAG GAG GAT GAT GAT GAT GAT GAT GAT GCA GCA GCA GCC GCC GCC GCC GCC GCC GCT GCT GCT GCT GGC GGC GGC GGC GGG GGT GGT GGT GTA GTA GTC GTC GTC GTC GTG GTG GTG GTT GTT GTT TAC TAC TAT TAT TAT TCA TCC TCG TCT TCT TCT TCT TGG TTA TTA TTG TTG TTG TTT AAA AAA AAA AAA AAA AAA AAA AAC AAC AAC AAC AAC AAC AAG AAG AAG AAG AAG AAT AAT AAT AAT AAT AAT AAT AAT AAT AAT ACA ACA ACA ACA ACC ACC ACC ACC ACC ACG ACG ACT ACT ACT AGA AGA AGA AGA AGA AGA AGC AGC AGC AGG ATA ATA ATA ATA ATA ATA ATC ATC ATC ATC ATC ATG ATT ATT ATT ATT ATT ATT CAA CAA CAA CAA CAA CAA CAC CAC CAC CAT CAT CAT CCA CCA CCC CCC CCG CCG CCT CCT CGT CTA CTA CTA CTA CTA CTA CTA CTA CTA CTC CTC CTC CTG CTG CTT CTT CTT GAA GAA GAA GAA GAA GAA GAA GAA GAA GAC GAC GAC GAG GAG GAG GAG GAT GAT GAT GAT GAT GCA GCA GCA GCA GCC GCC GCC GCC GCG GCG GCT GCT GCT GCT GGA GGA GGC GGC GGG GGT GGT GTA GTA GTA GTA GTC GTC GTC GTG GTG GTT TAC TAC TAC TAC TAC TAT TAT TAT TAT TAT TCC TCC TCC TCC TCC TCC TCG TCG TCG TCT TCT TCT TCT TCT TGC TGC TGC TGG TGT TTA TTA TTA TTA TTA TTA TTA TTC TTC TTC TTC TTC TTG TTG TTG TTG TTG TTT TTT TTT TTT TTT TTT
mikatae                                     --- --- --- --- --- AAA AAC AAT AGT CAT AAC ATG CAA CCC CTT GAT GAA GCT ATG TTC TGC TGG --- TTC TTC --- AAA ACA GAA GAA GAT GAT GCA GCC GCG GCT GGA GGA GTA TAT TCA TCA AAA AAA AAA AAG GTA --- AAC AAC AAT AAT ACC AGG AGT GAC GAT TAC AAA AAG AAG AAG ACT AAC AAC AAT ATA AAG AAT ACA GAA ACT AGC ATT ACT AAA AGA AGA AGG AGG AGC AGC TGC AGG AGG AGG AGC AGT ATT ATA ATA ATT CTA ATG ATT ATA ATC CAA CAA CAA CAA CAG CGA CCA CCA CCT ACG CGA CGC CAT GTC GAA GAA GAA GAG GAG GAA GAT GAT ACA CAC GAA GAA GAG GGT AAC GAA GAA GAC GAT GAT TCC GCA GCA GTA ATC GCC GCC GCT GGT GTA AAC AAT ACA GGA AGA AGC GAT GGA GGA AGT GAA GGT GTA GTA CTT GCT GTG GTT ATC ATG GTA GAA GTC TTT CAG TAT CAT TAC TAT ACA TCA CCG TCT TCT TCT TCT TGG CTA TTA TTA TTG TTG ACT AAA AAA AAA AAA AAG AAG GAA AAC AAC AAC AAT AAT AGC AAA AAG AAG AAG ACA AAC AAC AAC AAT AAT AAT AAT AAT ACA AGT ACT ACT ACT ACT ACC ACT ACT ATC GCC ACC GTA ACG ATT GTT AGA AGA AGA AGA AGG AGG AGC AGT TGC AGG ACG ATA ATA ATA ATG ATT ATA ATC ATC ATC ATT ATG AAT ATC ATT ATT ATT ATT AAA CAA CAA CAG CAG CAT CAT CAT GAA CAC CAT CAT CCG CCT CCC CCT CCA CCC CCC CCG CGT CTA CTA CTA CTA CTA CTA TTA TTA TTG CTT TTA TTA CTA TTG CTC TTG TTG AAA CAA GAA GAA GAA GAA GAA GAG GAG GAC GAT GAT GAG GAG GAG GAT GAC GAC GAT GAT GAT GCA GCA GCG GCT GCC GCC GCG GCT GCA GCG GCA GCC GCC GTT GAG GGC GGC GGT GGC GGT GGT CTA GTA GTC GTG ACC GTC GTT GTG GTT GTT CGC TAC TAC TAC TAT TAC TAC TAC TAT TAT TCA TCA TCC TCC TCT TCT TCC TCG TCT GCT TCT TCT TCT TCT TAC TGC TGC TGG TGT CTA TTA TTA TTA TTA TTA TTG TTC TTC TTC TTC TTT CTA TTG TTG TTG TTG TTC TTC TTC TTT TTT TTT
cerevisiae                                  --- --- --- --- AAG ACA AAC AAG AGC AAT AAT ATG CAA CCC CTA CAT GAA TCC ATG TTC TGT TGG CTT TTT TTT --- --- CAA --- GAA --- GCT GAA GAA GAA GAA --- GGA GAA --- GAA GAG AAA AAA AGG AAA AAA GGG AAC AAC AAT GAT AGC AAC AAC AAC AAC CAT AAA AAG AAG CAG GTG AAT AAT AAT GCC AGG GCA ACG TCA ACA AGC ATT ACT AAA AGA AGA AGA AGA AGC AGC TGC AGA AGA AGG AAT AGT ATT ATA ATA ATT ATA ATG AAT ATA ATT CAA CAG CAA CAC CAG CGA CCA CCA CCT AAG CGA CGC CAG GTA GAA GAA GAA GAA GAG GAA GAC GAT GCA CAG GAA GAA GAG AGT GAT AAT GAT GAT GAC GAT TCT GCA GCA GTG ATT GCC GCG GCT GAG GCC AAC CTT GTA GAT AGA AGT GAC GAC GGA AAT GGA GGC GTA GTG GCT GTT GTA GCT GTT CTA GTA GAT GTT GTT CAG TAT TAT TAT TAT GCT TCG TCA CTT TCT TCT TCT TGG TTA CTA TTA ATG TTG ATA AAA AAA AAG AAG AAA AAG GAA AAC AAC AAT AAC AAT AAC AAG AAA AAG AAG AGA AAC AAC AAT AAC AAC AAT AAT AAT ACA AGT AAA ACG ACG ACT ACC ACC ACT ATT ACT ACG GCG ACG ATT ATT AGA AGA AGA AGG AGG AGG AGC AGT TGC AGG ATA ATA ATA ATC ATG GTA ATA ATC ATC ATC ATT ATG GAT ATT ACT ATC ATT ATT AAA CAA CAG CAA CAA CAA CAC CAT CAC CAT CAC CAC CCA CCA CCC CCT CCA CCT CCG CCA CAT CTA CTA CTA CTC TTA TTA TTA TTA TTG CTC CTC TTA CTA CTA CTT TTA TTG GGA CAG GAA GAA GAA GAG GAG GAA GAG GAC GAC GAT GAA GAA GAG GCA GAC GAT GAC GAT GAT GCA GCA GCG GCG GCT GCT ACA GCT GCG GCG GCA GCC GCT GTT GAA GGC GGT GGT GGC GGT GGT TTA GTA GTT GTA ACC GTC GTT GTG GTG GTT CTC TAC TAC TAT TAT TAC TAT TAT TAT TAT TCA TCC TCC TCC TCC TCT TCT TCA TCT GCT TCC TCC TCG TCT TAC TGC TGC TGG TGC TTA TTA TTA TTA TTG TTG CTA TTC TTC TTC TTT TTT CTG CCG TTA TTA TTG TTC TTC TTT TTC TTT TTT
paradoxus                                   --- --- AAA GCA CGT ACA AAC AGC ACC AAT AAG ATG CAA CCC CTA CAT GAA TCT ATG TTA TGC TGG TCA TTT TTT --- --- AAA --- --- --- GTT --- --- GAA --- --- GGA --- --- --- GAG AAA AAA AAG AAA AAA GAT AAC AAT AAT GAT AGC AAC AAC AAC AAC CAT AAA AAG AAG CAG GTA AAC AAT AAT ACT AGG ACA ACG ACA ACA AGC ATT ACT AAA AGA AGA AGA AGG AGT GGC TGC AGA AGA AGG AAT AGT ATT ATA ATA ATT ATA ATG AAT TTA ATC CAA CAA CAA CAA CAG CGA CCA CCG CCT AAG CGA CGC CAA GTA GAA GAA GAG GAA GAG GAA GAC GAT GCA CAA GAA GAA GAG AGT GAC GAT GAA GAT GAT GAT TCT GCA GCA GCG ATT GCC GCG GCT GGT GCC AGC ATT GTA GGT AGA AGC GGT GAC GGA AAT GAA GGT GTA GTA GCT GTT GTA ATT GTT TTA GTA AAT GTT GGT CAG TAT TAT TAC TAT GCT CTG CCA CCT ACT TCC TCT TGG CTA TTA TTA TCG TTC ATT AAA AAA AAA AAG AAA AAG GAA AAC AAT AAC AAT AAT AAC AAG AAA AAG AAG AGA AAC AAC AAC AAC AAT AAT AAT AAT ACA AGT AGA ACG ACT ACT ACC ACT ACT ATT ACC ACG GCA ACG ATT ATT AGA AGA AGG AGA AGA AGG AGC AGC TGT AGG ATA ATA ATA ATT ATA ATA ATA ATC ATC ATT ATT ATG GAT ATT ACT ATC ATC ATT AAA CAA CAG CAA CAG CAA CAC CAT CAG CAT CAC CAT CCA CCA CCC CCT CCA CCA CCC CCA CAT ATA CTA CTA CTC CTA CTA CTA TTA CTG CTC CTA TTA CTA CTG CTT TTA TTG AAA CAG GAA GAA GAG GAA GAG GAA GAG GAC GAC GAT GAA GAG GAG GCA GAC GAT GAT GAT GAT GCA GCA GCG GCA GCC GCT GCA GCT GCG GCG GCA GCC GCT GTT GAA GGC GGT GGT GGC GGC GGT TTA GTA GTT GTA ACC GTC GTT GTG GTA GTT TAC TAC TAC TAT TAT TAC TAC TAT TAT TAT TCC TCT TCC TCC TCC TCC TCC TCG TCT GCT TCC TCT TCC TCT TAC TGC TGC TGG TGT CTA CTA TTA TTA TTA TTG CTA TTC TTC TTC TTC TTT CTA CCG TTA TTG TTG TTC TTC TTC TTT TTT TTT
kudriavzevii                                CAG CGC CAA CGA CAA AAA AAC AAC AAC CAT AAT ATG CAG CCC TTA AGC GAA TCT GTG TTC TGC TGG TTA TTC TTT CAA --- GAT --- --- --- --- GAT GAT GAT GAT --- GAT GAT --- GAT AAT AAA AGA AAA AAA ACA AAC AAT AAC AAT AAC AGC AGC AAT AGC AAC TAC AAG AAA AAG AAG AAT AAC AAT AAT ATA ACA ACA AAT ACA ACT ACC GTT TCT AGA AGA AGG AGA AAA AGC AGT AGC AAA AAG AGA AGT AGT AGC ATA ATT ATT ATA ATG AAT GTA ATT CAG CAA CAA GAG CAG CAA ACA CCT CCT AAA CGA CGC TTT GTT GAA GGA GAA GAA AAG GAT GAC GAC GAA GAG GAA GAG GAG GAT GAC GCT GAT GAT GAT GAT TCC GCA GCG TCA ATT GCC GCC GCC TGC GCC AAC ATT GCA GAT AGC GGC GGG GAT GGA AGT GAA GGC GTA GTA ATT ATT GTG TTT TTA GTA GTA GAT GCT GTT CAC TAT CAT TAT TAT TCA TCC TCG ACT TCT TCT TCT TGG CTA TTA TTA ATG TTG GTT AAA AAG AAA AAG AAA AAG GAA CAT AAC AAC AAT AAC AAC AAG AAG AAG AGG GAA AAC AAT GAT AAC AAT AAC AAT AGT ACT GTT ACA ACA ACC ACG ACC ACC ACC ATC ACT ACG ACA ACC ATC ACT AAA AGA AGA AGA AGA AGG AGT AGT TGT AGG ATA ATA GTG ATA GTG ATA ATA ATC ATT ATC ATT ATG AAT ATT GTT ATT ATC GTT AAA CAA CAA CAG CAA CAA CAT CAT CAA CAT CAC CAC CCA CCG CCC CCA CCA CCT CCT CCG CGT CTA CTA CTG CTC CTA TTA TTA CTA TTG CTC CTT TTG CTC CTG CTT GTA TTG AAA GAG GAA GAG GAA GAA GAA GAA GAA GAC GAC GAT GAA GAA GAG GAA GAC GAT GAT GAC GAT GCA GCG GCG GCA GCC GCA GCA GCT GCG GCG GCT GCC GCT GCT CAA GGT GGA GGC GGT GGT GGT TTG GTA GTA GTA ATC GTA GTT GTA GTG GTC TAC TAC TAT TAT TAC TAC TAT TAT TAT TTT TCC TCG TCC TCT TCC TCC TCC TCG TCG GCT TCT TCT TCT TCT TAC TGC TGT TGG TGT TTA CTA TTA TTG TTA TTA TTA CTC TTC TTT TTC TTT CTA CTG TTG TTG TTG TTC TTT TTC TTT TTC TTT



    1    1    1    1    1    1    1    1    1    1    1    1    1    1    1
    1    1    1    1    1    1    2    1    1    1    1    2    1    1    1
    1    1    1    1    1    1    1    1    1    1    1    1    3    1    1
    2    1    1    1    1    1    1    1    1    1    1    1    1    1    1
    2    1    1    1    1    1    1    1    1    1    1    1    1    1    1
    1    1    1    1    1    1    1    1    1    1    1    1    1    1    1
    1    1    1    1    1    1    1    1    3    1    1    1    1    1    1
    2    1    1    1    1    1    2    1    1    1    1    1    1    1    1
    1    2    1    1    1    1    1    1    1    1    2    1    2    1    1
    1    1    1    1    1    1    1    1    1    1    1    1    1    1    1
    1    1    1    1    1    1    1    1    1    1    1    1    1    1    1
    1    1    1    1    1    1    1    1    1    1    1    1    1    1    1
    1    1    1    1    4    2    1    1    2    1    1    1    1    1    1
    1    1    1    1    2    1    1    1    1    1    1    2    1    2    1
    1    1    1    1    1    1    1    1    1    1    1    1    1    1    1
    1    1    4    2    1    1    1    1    1    1    1    1    2    1    1
    1    1    1    1    1    1    1    7    1    1    1    1    1    1    1
    1    1    1    1    1    1    1    1    1    1    1    2    1    1    1
    1    1    1    1    1    1    1    1    1    1    1    1    1    1    1
    1    1    1    1    1    1    1    1    1    2    1    1    1    1    1
    1    1    1    1    1    1    1    1    1    1    1    2    4    3    1
    1    1    1    1    1    1    1    1    1    1    1    1    1    1    1
    1    1    1    1    1    1    1    1    1    1    1    1    1    1    1
    1    2    1    1    1    1    1    5    1    1    1    1    1    1    1
    1    1    1    1    1    1    1    1    1    1    1    2    1    1    1
    2    1    1    1    1    1    2    1    1    1    1    1    1    1    1
    1    1    1    1    1    3

CODONML (in paml version 4.4b, July 2010)  torun.nuc
Model: One dN/dS ratio for branches Global clock  (3 genes: diff. rate & k&w)  
Codon frequency model: F3x4
ns =   5  ls = 446

Codon usage in sequences
--------------------------------------------------------------------------------------------------
Phe TTT  9  7  9  8 11 | Ser TCT 10 11  8  7 10 | Tyr TAT 12 10 14 12 13 | Cys TGT  1  1  1  2  3
    TTC  8 11  8  9  8 |     TCC  7  4  7  9  7 |     TAC  8 10  5  8  6 |     TGC  4  5  5  4  3
Leu TTA 11 12 16 14 13 |     TCA  1  5  4  1  2 | *** TAA  0  0  0  0  0 | *** TGA  0  0  0  0  0
    TTG  8 11  6  4  9 |     TCG  4  1  2  2  4 |     TAG  0  0  0  0  0 | Trp TGG  5  5  5  5  5
--------------------------------------------------------------------------------------------------
Leu CTT  3  3  4  1  2 | Pro CCT  5  4  4  4  5 | His CAT  4  8  5  6  6 | Arg CGT  1  1  0  1  1
    CTC  3  1  4  2  4 |     CCC  2  4  2  3  2 |     CAC  3  2  5  2  3 |     CGC  1  2  1  1  2
    CTA 10 12  9 13  7 |     CCA  6  3  7  8  4 | Gln CAA 10 10  8 12 14 |     CGA  2  2  2  2  2
    CTG  4  0  1  3  3 |     CCG  2  4  2  2  2 |     CAG  3  4 10  7  5 |     CGG  0  0  0  0  0
--------------------------------------------------------------------------------------------------
Ile ATT  8 11 12 15 11 | Thr ACT  5 10  5  8  5 | Asn AAT 19 16 17 18 17 | Ser AGT  4  6  5  4  7
    ATC  5  8  5  5  6 |     ACC  8  4  3  4  6 |     AAC 17 14 17 14 16 |     AGC  6  7  6  7  8
    ATA 11  9 10 11  9 |     ACA  8  7  4  5  8 | Lys AAA 21 21 20 23 21 | Arg AGA 15 11 15 15 13
Met ATG 10 12 12 10 10 |     ACG  2  3  5  4  2 |     AAG 12 14 13 12 14 |     AGG  4  9  7  7  4
--------------------------------------------------------------------------------------------------
Val GTT  4  6  8  8  8 | Ala GCT  9  7 10  7  7 | Asp GAT 17 20 18 18 26 | Gly GGT  5  6  4  8  4
    GTC  7  4  1  1  1 |     GCC 10  8  4  4  6 |     GAC  7  5  8  6  8 |     GGC  6  3  3  4  3
    GTA  6  9  8 10 11 |     GCA 10 10 11 14  9 | Glu GAA 16 24 26 20 21 |     GGA  2  5  4  2  3
    GTG  6  3  5  1  5 |     GCG  2  4  6  5  5 |     GAG 12  9  8  9  7 |     GGG  2  0  1  0  1
--------------------------------------------------------------------------------------------------

Codon position x base (3x4) table for each sequence.

#1: bayanus        
position  1:    T:0.20804    C:0.13948    A:0.36643    G:0.28605
position  2:    T:0.26714    C:0.21513    A:0.38061    G:0.13712
position  3:    T:0.27423    C:0.24113    A:0.30496    G:0.17967
Average         T:0.24980    C:0.19858    A:0.35067    G:0.20095

#2: mikatae        
position  1:    T:0.21233    C:0.13699    A:0.36986    G:0.28082
position  2:    T:0.27169    C:0.20320    A:0.38128    G:0.14384
position  3:    T:0.28995    C:0.21005    A:0.31963    G:0.18037
Average         T:0.25799    C:0.18341    A:0.35693    G:0.20167

#3: cerevisiae     
position  1:    T:0.20690    C:0.14713    A:0.35862    G:0.28736
position  2:    T:0.27126    C:0.19310    A:0.40000    G:0.13563
position  3:    T:0.28506    C:0.19310    A:0.33103    G:0.19080
Average         T:0.25441    C:0.17778    A:0.36322    G:0.20460

#4: paradoxus      
position  1:    T:0.19722    C:0.15545    A:0.37587    G:0.27146
position  2:    T:0.26682    C:0.20186    A:0.38747    G:0.14385
position  3:    T:0.29466    C:0.19258    A:0.34803    G:0.16473
Average         T:0.25290    C:0.18329    A:0.37046    G:0.19335

#5: kudriavzevii   
position  1:    T:0.21461    C:0.14155    A:0.35845    G:0.28539
position  2:    T:0.26941    C:0.19178    A:0.40411    G:0.13470
position  3:    T:0.31050    C:0.20320    A:0.31279    G:0.17352
Average         T:0.26484    C:0.17884    A:0.35845    G:0.19787

Codon usage in genes
--------------------------------------------------------------------------
Phe TTT  5  4 35 | Ser TCT  3 18 25 | Tyr TAT  0 16 45 | Cys TGT  1  0  7
    TTC  8  1 35 |     TCC  1  5 28 |     TAC  0  6 31 |     TGC  4  4 13
Leu TTA  4 13 49 |     TCA  1  8  4 | *** TAA  0  0  0 | *** TGA  0  0  0
    TTG  0  7 31 |     TCG  0  4  9 |     TAG  0  0  0 | Trp TGG 10  5 10
--------------------------------------------------------------------------
Leu CTT  2  3  8 | Pro CCT  1 12  9 | His CAT  4  6 19 | Arg CGT  1  0  3
    CTC  0  0 14 |     CCC  4  0  9 |     CAC  0  3 12 |     CGC  1  5  1
    CTA  3  6 42 |     CCA  1  8 19 | Gln CAA  5 27 22 |     CGA  1  9  0
    CTG  0  3  8 |     CCG  0  2 10 |     CAG  2 18  9 |     CGG  0  0  0
--------------------------------------------------------------------------
Ile ATT  0 25 32 | Thr ACT  1 11 21 | Asn AAT  8 34 45 | Ser AGT  2 16  8
    ATC  0  4 25 |     ACC  1  5 19 |     AAC  7 36 35 |     AGC  3 23  8
    ATA  0 19 31 |     ACA  2 18 12 | Lys AAA  4 46 56 | Arg AGA  0 26 43
Met ATG  8  9 37 |     ACG  0  3 13 |     AAG  3 28 34 |     AGG  0 16 15
--------------------------------------------------------------------------
Val GTT  0 16 18 | Ala GCT  2 17 21 | Asp GAT  1 52 46 | Gly GGT  0 11 16
    GTC  0  6  8 |     GCC  0 18 14 |     GAC  1 15 18 |     GGC  0  8 11
    GTA  0 26 18 |     GCA  1 20 33 | Glu GAA  4 56 47 |     GGA  0 12  4
    GTG  2  8 10 |     GCG  0  5 17 |     GAG  1 22 22 |     GGG  0  3  1
--------------------------------------------------------------------------

Codon position x base (3x4) table for each gene.


Gene #1
position  1:    T:0.32743    C:0.22124    A:0.34513    G:0.10619
position  2:    T:0.28319    C:0.15929    A:0.35398    G:0.20354
position  3:    T:0.27434    C:0.26549    A:0.23009    G:0.23009
Average         T:0.29499    C:0.21534    A:0.30973    G:0.17994

Gene #2
position  1:    T:0.11276    C:0.12639    A:0.39529    G:0.36555
position  2:    T:0.18587    C:0.19083    A:0.45229    G:0.17100
position  3:    T:0.29864    C:0.17224    A:0.36431    G:0.16481
Average         T:0.19909    C:0.16316    A:0.40397    G:0.23379

Gene #3
position  1:    T:0.25863    C:0.14859    A:0.34859    G:0.24418
position  2:    T:0.32209    C:0.21124    A:0.35422    G:0.11245
position  3:    T:0.28755    C:0.22570    A:0.30522    G:0.18153
Average         T:0.28942    C:0.19518    A:0.33601    G:0.17938

Sums of codon usage counts
------------------------------------------------------------------------------
Phe F TTT      44 | Ser S TCT      46 | Tyr Y TAT      61 | Cys C TGT       8
      TTC      44 |       TCC      34 |       TAC      37 |       TGC      21
Leu L TTA      66 |       TCA      13 | *** * TAA       0 | *** * TGA       0
      TTG      38 |       TCG      13 |       TAG       0 | Trp W TGG      25
------------------------------------------------------------------------------
Leu L CTT      13 | Pro P CCT      22 | His H CAT      29 | Arg R CGT       4
      CTC      14 |       CCC      13 |       CAC      15 |       CGC       7
      CTA      51 |       CCA      28 | Gln Q CAA      54 |       CGA      10
      CTG      11 |       CCG      12 |       CAG      29 |       CGG       0
------------------------------------------------------------------------------
Ile I ATT      57 | Thr T ACT      33 | Asn N AAT      87 | Ser S AGT      26
      ATC      29 |       ACC      25 |       AAC      78 |       AGC      34
      ATA      50 |       ACA      32 | Lys K AAA     106 | Arg R AGA      69
Met M ATG      54 |       ACG      16 |       AAG      65 |       AGG      31
------------------------------------------------------------------------------
Val V GTT      34 | Ala A GCT      40 | Asp D GAT      99 | Gly G GGT      27
      GTC      14 |       GCC      32 |       GAC      34 |       GGC      19
      GTA      44 |       GCA      54 | Glu E GAA     107 |       GGA      16
      GTG      20 |       GCG      22 |       GAG      45 |       GGG       4
------------------------------------------------------------------------------

(Ambiguity data are not used in the counts.)


Codon position x base (3x4) table, overall

position  1:    T:0.20785    C:0.14411    A:0.36582    G:0.28222
position  2:    T:0.26928    C:0.20092    A:0.39076    G:0.13903
position  3:    T:0.29099    C:0.20785    A:0.32333    G:0.17783
Average         T:0.25604    C:0.18430    A:0.35997    G:0.19969


Nei & Gojobori 1986. dN/dS (dN, dS)
(Pairwise deletion)
(Note: This matrix is not used in later ML. analysis.
Use runmode = -2 for ML pairwise comparison.)

bayanus             
mikatae              0.1143 (0.1268 1.1094)
cerevisiae           0.1051 (0.1218 1.1593) 0.1114 (0.1079 0.9688)
paradoxus            0.1105 (0.1207 1.0924) 0.1496 (0.0976 0.6527) 0.1285 (0.0521 0.4059)
kudriavzevii         0.1168 (0.1054 0.9025) 0.1282 (0.1401 1.0927) 0.1418 (0.1375 0.9701) 0.1549 (0.1295 0.8362)


TREE #  1:  ((((3, 4), 2), 5), 1);   MP score: -1
lnL(ntime:  4  np: 12):  -4257.523034      +0.000000
   6..7     7..8     8..9     9..3     9..4     8..2     7..5     6..1  
 0.967927 0.967926 0.693928 0.356605 0.627577 0.468970 2.593530 0.196987 2.859427 0.325336 4.478628 0.068420
SEs for parameters:
 0.238697 0.234486 0.166217 0.081721 0.152762 0.114459 1.321177 0.101212 0.396445 0.042516 0.638709 0.007662
Note: Branch length is defined for the first gene (site partition).
For other genes, look at "rates for genes".

tree length =   3.95431 (1st gene)

((((3: 0.356605, 4: 0.356605): 0.337323, 2: 0.693928): 0.273998, 5: 0.967926): 0.000001, 1: 0.967927);

((((cerevisiae: 0.356605, paradoxus: 0.356605): 0.337323, mikatae: 0.693928): 0.273998, kudriavzevii: 0.967926): 0.000001, bayanus: 0.967927);

Detailed output identifying parameters

rates for 3 genes:     1  0.62758  0.46897

gene # 1: kappa =   2.59353 omega =   0.19699
gene # 2: kappa =   2.85943 omega =   0.32534
gene # 3: kappa =   4.47863 omega =   0.06842

Time used:  0:17
