
seed used = 1418813301
      5   1491

castellii                                  ATG TCG TTA CCA TCA GAA AAT CTG GAA AAC ACA CAA AAT GCG AAC AAC TCT TCG AGA ATA TTA AGA AAC GTT CAA AGG TTA GCC TTG AAT AAC GTT ACA AAT ACC ACG TTA ATG CAA GAC GAA TCT GTT CAG AAT GGT GGA ATA AGA GCA CTC AAA ACA AGT TTA AAT ACG GCA AAG AAA GAG GGA AGT AGA ATC CCA CAA CCC AAT AAA GAT ATA CTA TCT CGT TCT ACG TTA TTG AAT GAA AAG GAA AAA ATT CAG AAC --- --- --- --- --- --- --- --- AGT ATA AAT CTT GAA AAT AAT AAA GAA --- --- --- --- --- TCA CAA ATT ATG AAT GCA ACG ATA TCT AAG AAC AAC AAA GAA AAC CAA AAT CCT TTC TCC GCG GGA AAC CAG CAA CTT TCA TCA ATT GTT GAA GAG GAG CAA GAC GGT GGT AAC TCA ACT TCT TCC ACT AAC AAT GGA CCA ACG AAT ACA CAA CCT ACC ACA CAA AAC GTC AAG TTT TTA CAA CCA --- --- --- --- CCA ACT GTG AAT AAT GAT TCA --- GCA GAC ATC AAT AAG AAA AGG CCA ATA TCG ACA GTC GTT GAA CAA GAA GTT CCA AAA AAG TTT AAA GTT TGT GCC GAG GAC GGT ACT GAA GAA TAT GAA TGG GAA GAT CTT GAT GCT GAA GAT GTT AAC GAC CCT TTT ATG GTT AGT GAA TAT GTG AAT GAT ATA TTT GAC TAT TTA TAT CAC TTA GAA GTA GTC ACC CTT CCA AAC AAG GAA GAC TTA AAG AAA CAT AAA AAC ATC AAT CAA AAT AGA GAT ATT TTG GTA AAT TGG CTT GTT AAA ATT CAT AAT AAG TTT GGA TTG TTA CCT GAA ACA CTA TAT TTA GCA ATA AAT ATA ATG GAC CGA TTT TTA TGC AAA GAA CTT GTG CAA CTG GAT AAG CTC CAA CTA GTT GGT ACC TCC TGT CTA TTT ATT GCC TCA AAA TAC GAA GAA GTT TAT TCT CCT AGT ATT AAA CAC TAT GCT TCA GAA ACA GAT GGG GCA TGC ACA GAG GAA GAA ATA AAA GAA GGT GAG AAA TTT ATT TTA AAA ACA CTT GAA TTC ACT TTG AAT TAC CCA AAT CCA ATG AAT TTT TTA AGA AGA ATA TCC AAA GCT GAT GAT TAC GAT ATA CAA TCT CGA ACG CTT GCA AAA TTC CTA TTA GAA ATC TCA TTG GTA GAT TTT AGA TTT ATC GGA ATA TTA CCA TCC CTC TGT GCA GCC GCT GCA ATG TTT TTA TCA AGA AAA ATG TTA GGT AAA GGA GGT TGG GAT GGA AAC CTT ATC CAT TAC AGT GGA GGT TAT ACA AAA GAA CAA CTT GAT CCT GTG TGC AAT ATG ATT ATG GAT TAT TTG GTT AGT CCT ATT GTT CAT GAT GAA TTT CAC AGA AAA TAC CAA TCT AGA CGT TTC ATG AAG GCT TCC ATC ATA TCA GTT CAA TGG GCC TTG AAG GTA AGG AAG AAT GGC TAT AAT ATA ATG ACT CTG CAT GAA CAA 
bayanus                                    ATG TCC AAC CAA ATA GAA GAT ACG GAA AAC TCA CAG AAT ACC AGC --- TCA TCA AGA TTT CTG AGG AAT GTA CAA CGG TTA GCT CTA AAC AAT GTA ACG AAC ACA ACT TTT CAA AAG AGC --- AAT GTC AAT AAC CCA TCT CTG ACG AAT TTC AAA TCC ACG TTG AAC TCT GCG AAG AAG GAG GGA AGC CGG ATT CCA CAA TTT ACT --- --- --- GTA CCA AGG CCA ACA GCC GCA TTG GAA AAG AAA ACT ATT CTG ACA GAT AAC AAG ATC AAT CCA CTG CCC ATT AGC AAA TCT TCA GAT GAT AAA GAG AAT CAA GAT CCA GGC AAC AAA AAA TTC AGT ACC TTA TCT TCC ATA AAA GAG GGA AGT ACT GAA TTG CCT GCT ATT AAA AGT ATA CAA AAA TTC ACT TCC GTT GAG GAA GTG ATC CAA CAT AAT --- --- CCC TTA AAA AGC ATA GGC TCT GGC ACT GAT ACT GTT ATT AAA CCA GTT GAA AAT GAA AAA TTT CAT CCA GCT AGA AAC CAG CTC GAA GTC AGA AGC AAA GAT GCT GAA AAT GAT AGT GGC AAG AAA AGA CCA ATT TCC ACG ATT GTT GAA CAA GAA TTG CCC AAA AAA TTC AAA GTA TGC GAT GAA AAT GGG AAA GAA GAA TAC GAG TGG GAA GAT TTG GAT GCA GAG GAC GTT AAT GAC CCG TTC ATG GTT AGC GAA TAC GTC AAT GAT ATA TTC GAA TAT CTT CAC CAA CTC GAA GTC ATC ACT TTG CCC AAG AAG GAA GAT CTT TAC CAG CAC AGA AAT ATC CAT CAA AAT CGA GAT ATT CTG GTC AAC TGG TTA GTC AAA ATT CAT AAC AAG TTT GGC TTG TTG CCA GAG ACA TTA TAT CTT GCC ATT AAC ATC ATG GAC AGA TTT TTA TGC AGA GAG CTG GTT CAA TTG GAC AAA TTA CAA CTG GTG GGT ACA TCA TGT CTG TTC ATC GCC TCG AAA TAT GAA GAA GTT TAT TCT CCT AGT ATA AAA CAT TTT GCC TCA GAG ACA GAT GGA GCA TGC ACA GAA GAC GAA ATT AAG GAA GGC GAA AAA TTC ATT TTA AAG ACG TTG AAG TTT AAT TTG AAT TAT CCC AAT CCA ATG AAT TTT CTA AGA AGA ATT TCC AAA GCA GAC GAC TAC GAT ATA CAG TCT CGA ACG CTT GCC AAG TTC TTA CTA GAG ATA TCA TTG GTG GAT TTT AGA TTT ATT GGA GTA TTA CCT TCA TTA TGC GCG GCC GCT GCA ATG TTT ATG TCA AGA AAA ATG TTG GGC AAG GGC AAA TGG GAT GGC AAT CTG ATA CAC TAT AGC GGC GGA TAT ACC AAA GAG GAA CTT GCC CCA GTG TGT CAC ATG ATA ATG GAC TAC TTG GTC AGT CCG ATA GTT CAC GAC GAA TTC CAT AGA AAA TAT CAA TCA AGA AGG TTT ATG AAA GCG TCT ATA ATT TCC GTT CAA TGG GCT TTG AAG GTT AGG AAA AAC GGC TAT GAT ATA ATG ACC TTG CAT GAA --- 
mikatae                                    ATG TCG AAC CAA ATA GAA AAT ACA GAA AAT TCA CAG AAT TCT AGT --- TCA TCA AGA TTT TTG AGG AAT GTA CAA CGG TTG GCC TTG AAC AAT GTC ACA AAT ACG ACA TTC CAA AAG AGT --- AAT GTG AAC AAC TCA GCT CTA ACG AAT TTC AAA TCA GCA CTC AAT TCT GCA AAG AAG GAG GGA AGC CGA ATT CCT CAA TTC ACT AGA GAT AGC GTA TCA AGA CCA ACA GCC GCA CTA GAG GAG AAA AGG ATC CCA AAG GAT GAT AGT ATA AGC CAA CTC ACC AAA AGC AAT CTT TCG GAT AAT AAA GAG AAC CAA GAT CCA ACC AGT CAG CAA TTT GGT ACA TTA ACT TCC ATA AAG GAA GGA AAT ATT GAA TCA CCT GCA AAT ATA AGC GTA CAT GAA TCC TCT TCT GCC AAG GAA ATA ATC CAG CAT GAT --- --- CCC CTA AAA AAC ATT GAA CCA GGC ACT AAT ATG ATT AAT AAG CCG GTT GAA AAT GAA AAA CCT CAG TCA ACA AGA AGT CAA CTT CAC GTT AGA AAT AAC GAA AAT GAG AAT GAT AGC GGG AAA AAA AGA CCA ATT TCT ACG ATT GTT GAA CAA GAG TTA CCC AAA AAA TTT AAA GTG TGC GAT GAA AAT GGT AAA GAA GAA TAT GAA TGG GAA GAT CTA GAT GCG GAA GAT GTC AAT GAT CCT TTT ATG GTT AGT GAA TAC GTC AAT GAT ATA TTT GAG TAC CTT CAT CAA CTG GAG GTC ATT ACT TTA CCA AAG AAA GAG GAT CTC TAT CAG CAT AGA AAC ATT CAT CAA AAC CGA GAT ATT TTA GTT AAT TGG TTG GTT AAA ATT CAT AAC AAG TTC GGC CTC TTA CCG GAA ACC TTG TAT CTT GCC ATT AAT ATA ATG GAC AGA TTT TTG GGC AAA GAG CTA GTT CAG TTG GAT AAA TTA CAA CTG GTT GGT ACA TCT TGC CTT TTC ATT GCC TCC AAA TAT GAA GAG GTA TAT TCT CCT AGT ATA AAA CAT TTC GCT TCA GAG ACA GAT GGT GCA TGT ACG GAA GAC GAA ATT AAA GAA GGG GAG AAA TTT ATT TTG AAG ACA CTA AAG TTT AAC CTA AAT TAT CCC AAT CCA ATG AAT TTT CTG AGA AGA ATT TCG AAG GCA GAC GAC TAC GAT ATA CAG TCC CGA ACT CTT GCC AAA TTC TTA CTA GAG ATA TCA TTA GTA GAT TTC AGA TTT ATA GGG ATA TTA CCC TCG TTA TGC GCA GCC GCT GCG ATG TTT ATG TCA AGA AAA ATG TTA GGT AAA GGT AAA TGG GAT GGA AAC CTA ATA CAC TAT AGC GGT GGG TAT ACT AAA GAA GAA CTA GCT CCC GTA TGT CAT ATG ATA ATG GAT TAT CTA GTA AGT TCG ATA GTT CAC GAC GAA TTT CAT AGA AAA TAT CAG TCT AGA AGA TTT ATG AAA GCT TCC ATA ATT TCC GTT CAA TGG GCT CTG AAG GTT AGG AAA AAC GGC TAC GAT ATA ATG ACT TTG CAT GAA --- 
cerevisiae                                 ATG TCC AAC CCA ATA GAA AAC ACA GAA AAC TCA CAG AAT ACT AGT --- TCA TCA AGG TTT TTG AGG AAT GTA CAA AGG TTG GCC TTA AAC AAT GTA ACA AAT ACG ACA TTT CAA AAG AGT --- AAT GCG AAT AAT CCA GCC CTA ACA AAT TTC AAA TCT ACA CTA AAC TCA GTA AAG AAG GAG GGA AGT CGG ATT CCT CAA TTT ACT AGA GAA AGC GTA TCA AGA TCA ACA GCC GCA CAA GAG GAG AAA AGA ACC CTG AAA GAA AAT GGT ATC --- CAA CTC CCC AAA AAC AAT CTT TTA GAT GAT AAA GAA AAC CAA GAC CCA AGT AGT CAG CAA TTT GGT GCG CTA ACT TCT ATA AAG GAG GGG AGA GCT GAG CTG CCT GCA AAT ATA AGT TTA CAA GAA TCC TCC TCA GCG AAG GAG ATA ATC CAG CAT GAT --- --- CCC CTA AAA GGC GTT GGA TCA AGC ACT GAG GTA GTC CAT AAC TCG GTA GAA AAC GAA AAA CTT CAT CCA GCT AGA AGT CAA CTT CAA GTT AGA AAT ACC GAA AGT GAA ACT GAT AGT GGA AAA AAA AGA CCA ATT TCT ACA ATT GTT GAA CAA GAA CTG CCC AAA AAG TTT AAA GTG TGC GAT GAA AAT GGC AAA GAA GAA TAT GAA TGG GAA GAC CTA GAT GCA GAA GAT GTA AAT GAT CCA TTC ATG GTC AGC GAG TAC GTC AAT GAT ATA TTC GAA TAT CTC CAC CAA CTA GAG GTC ATT ACT CTT CCA AAG AAG GAA GAT CTC TAT CAG CAT AGA AAT ATT CAT CAA AAT CGA GAT ATC CTA GTT AAT TGG TTG GTT AAA ATC CAT AAT AAA TTC GGC TTA TTA CCG GAG ACT TTG TAT CTT GCC ATT AAC ATA ATG GAC AGG TTT TTA GGT AAA GAG CTA GTT CAA CTG GAT AAG TTA CAA TTG GTT GGC ACA TCA TGC CTT TTC ATT GCC TCT AAA TAT GAA GAG GTC TAT TCT CCT AGT ATA AAA CAT TTC GCA TCA GAG ACA GAC GGT GCA TGT ACG GAA GAT GAA ATC AAA GAA GGG GAG AAA TTC ATT TTA AAG ACA TTG AAA TTT AAC CTA AAT TAT CCC AAT CCG ATG AAT TTT CTG AGA AGA ATT TCG AAA GCA GAT GAC TAC GAT ATA CAG TCT CGA ACT CTT GCC AAA TTC TTA TTA GAG ATA TCA TTG GTA GAT TTC AGA TTT ATT GGG ATA CTA CCC TCA TTG TGT GCA GCA GCT GCG ATG TTT ATG TCG AGA AAA ATG TTA GGT AAA GGT AAA TGG GAT GGA AAT CTA ATA CAC TAT AGC GGC GGG TAT ACT AAA GAA GAA CTT GCG CCC GTG TGT CAC ATG ATA ATG GAT TAT CTA GTG AGT CCA ATT GTT CAT GAT GAA TTT CAT AGA AAA TAT CAA TCT AGA AGA TTT ATG AAA GCT TCT ATA ATT TCC GTC CAA TGG GCT TTA AAG GTT AGA AAA AAC GGC TAT GAT ATA ATG ACC TTG CAT GAA --- 
paradoxus                                  ATG TCC AAC CAA ATA GAA AAT ACT GAA AAC TCA CAG AAT ACT AGT --- TCA TCA AGG TTT TTG AGG AAT GTA CAA CGG TTG GCC TTA AAC AAT GTA ACA AAT ACA ACA TTT CAA AAG AGC --- AAT GTG AAC AAC CCA GCT TTA ACA AAT TTC AAA TCC ACA ATA AAC TCT GCA AAG AAG GAG GGA AGT CGG ATT CCT CAA TTT GCT AGA GAA AGC GCA TCA AGA ACA ACA GCC GCA CAA GAA GAA AAA AGG ATT CTG AAA GAT AAT GGT ATC --- CAA CTC CCT AAC AAC AAT GCT TCA GAT GAT AAA GAA AAC CAA GAT CCA AGT AGC CAA CAA TTT GGC GGA TTA ACT TCC ATA AAG GAG GGA AGG GCT GAG TTG CCT GCA AAT GTA AGT TTA CAA AAA TCC TCC TCT GCC AAG GAA ATC ATC CAG CAT GGT --- --- TCT TTA AAA GGC GTT GGA TCA GGC CCT GAG ATA GTT CAT AAT TCA GTA GAA AAC GAG GAA CTT CAT CCA GCT AGA AGT CAA CTT CAA GTT AGA AAT ACA GAA AGT GAA AAT GAC AGT GGG AAA AAA AGA CCA ATT TCT ACA ATT GTT GAA CAA GAA TTG CCC AAA AAA TTT AAA GTG TGC GAT GAA AAC GGA AAA GAA GAA TAC GAA TGG GAA GAT CTA GAC GCA GAA GAC GTC AAT GAT CCA TTC ATG GTC AGC GAG TAC GTC AAT GAT ATA TTT GAG TAC CTT CAT CAA CTA GAG GTC ATT ACT CTT CCA AAG AAG GAA GAT CTC TAT CAG CAT AGA AAT ATT CAT CAA AAC CGA GAT ATC TTA GTT AAC TGG TTG GTT AAA ATT CAT AAT AAA TTC GGC TTA TTA CCG GAG ACT TTG TAT CTT GCC ATC AAC ATA ATG GAC AGA TTT TTG GGT AAA GAG CTA GTT CAA TTG GAC AAA TTA CAA CTG GTT GGT ACA TCG TGT CTT TTC ATT GCC TCT AAA TAT GAA GAG GTG TAT TCT CCT AGT ATA AAA CAT TTT GCT TCA GAG ACA GAC GGT GCA TGT ACG GAA GAT GAA ATT AAG GAA GGG GAG AAG TTC ATT CTA AAG ACA TTG AAG TTT AAC CTA AAT TAT CCT AAT CCA ATG AAT TTT CTG AGA AGA ATT TCG AAA GCA GAT GAC TAC GAT ATA CAG TCC CGA ACT CTT GCC AAA TTC TTA TTG GAG ATA TCA TTA GTA GAT TTC AGA TTT ATT GGG ATA CTA CCC TCA CTA TGC GCA GCA GCT GCG ATG TTC ATG TCG AGA AAA ATG TTA GGT AAA GGT AAA TGG GAT GGA AAC CTG ATA CAC TAT AGC GGT GGG TAT ACT AAA GAA GAA CTT GCA CCC GTG TGT CAC ATG ATA ATG GAC TAT CTA GTG AGC CCG ATA GTA CAT GAC GAA TTT CAT AGA AAA TAT CAA TCT AGA AGA TTT ATG AAA GCT TCT ATA ATT TCT GTC CAA TGG GCT TTG AAG GTT AGG AAA AAC GGC TAT GAT ATA ATG ACT TTG CAT GAA --- 



Printing out site pattern counts


         5       1188  P

castellii                                   --- --- --- --- --- --- --- --- --- --- --- --- --- --- --- --- --- --- AAA AAA AAA AAA AAA AAA AAA AAA AAA AAA AAA AAA AAC AAC AAC AAC AAC AAC AAC AAC AAC AAC AAC AAC AAC AAC AAG AAG AAG AAG AAG AAG AAG AAG AAG AAG AAT AAT AAT AAT AAT AAT AAT AAT AAT AAT AAT AAT AAT AAT AAT AAT AAT AAT AAT AAT AAT AAT AAT ACA ACA ACA ACA ACA ACA ACA ACA ACA ACA ACC ACC ACC ACC ACG ACG ACG ACG ACG ACG ACT ACT ACT ACT ACT ACT AGA AGA AGA AGA AGA AGA AGG AGG AGG AGT AGT AGT AGT AGT AGT AGT ATA ATA ATA ATA ATA ATA ATA ATA ATA ATA ATA ATC ATC ATC ATC ATC ATG ATG ATG ATT ATT ATT ATT ATT ATT ATT ATT ATT CAA CAA CAA CAA CAA CAA CAA CAA CAA CAA CAA CAA CAC CAC CAG CAG CAG CAT CAT CAT CAT CCA CCA CCA CCA CCA CCA CCA CCA CCA CCA CCA CCC CCT CCT CCT CCT CCT CCT CGA CGA CGT CTA CTA CTA CTA CTA CTC CTC CTC CTG CTG CTG CTT CTT CTT CTT CTT CTT CTT CTT CTT CTT GAA GAA GAA GAA GAA GAA GAA GAA GAA GAA GAA GAA GAA GAA GAA GAA GAC GAC GAC GAC GAC GAC GAC GAC GAG GAG GAG GAG GAG GAT GAT GAT GAT GAT GAT GAT GAT GAT GAT GAT GCA GCA GCA GCA GCA GCA GCA GCA GCC GCC GCC GCC GCC GCG GCG GCT GCT GCT GCT GCT GGA GGA GGA GGA GGA GGA GGA GGA GGA GGC GGG GGT GGT GGT GGT GGT GGT GGT GGT GGT GTA GTA GTA GTA GTC GTC GTC GTG GTG GTG GTG GTT GTT GTT GTT GTT GTT GTT GTT GTT GTT GTT GTT GTT GTT TAC TAC TAT TAT TAT TAT TAT TAT TAT TAT TCA TCA TCA TCA TCA TCA TCA TCA TCA TCA TCC TCC TCC TCC TCC TCC TCG TCG TCG TCT TCT TCT TCT TCT TCT TCT TCT TCT TGC TGC TGC TGG TGT TGT TGT TTA TTA TTA TTA TTA TTA TTA TTA TTA TTA TTA TTA TTA TTA TTA TTA TTA TTA TTC TTC TTC TTG TTG TTG TTG TTG TTG TTG TTT TTT TTT TTT TTT TTT TTT TTT
bayanus                                     AAC AAC AAG AAT AAT AGA ATC CAA CAG CCA CCA CCC CTC CTG GAA GAT GAT GGC --- AAA AAA AAA AAG AAG AAG ACT AGA AGA CAG GGA --- AAA AAC AAG AAT AAT AAT AAT ACA ACT AGC ATA GAG GGC AAA AAA AAA AAG AAG AAG AAG AAG ATA TAC AAA AAA AAC AAC AAC AAC AAC AAC AAT AAT ACT ACT AGC AGT CAC CAT GAT GAT GAT GGC TCT TTG TTG ACA ACA ACA ACC ACG ACG GTT GTT TCA TCC ACA ACA ACT CCA ACA ACG ACT GAT TCT TTA AAA AAT ACC ATA GTC TTA ACG AGA AGA AGG CGA CGG AGA AGG CGG ACG AGC AGC AGC AGT AGT ATT --- AGC ATA ATC ATT ATT ATT CTG GTA TCT TTT AGT ATA ATC ATT ATT ATG CAA TTC AAA ATA ATA ATC ATT ATT ATT ATT GTT --- AAA AAA AAG ATT CAA CAA CAA CAG CCA GAA GAA CAA CAT AAT CAA CTG CAC CAC CAC CAT ACT CAA CCA CCA CCA CCC CCC CCC CCT GAA GCT TTT AAA CCA CCA CCG CCG CCT AGA CGA AGG CTG CTG GTA TTA TTA TTA TTA TTC ACG TTG TTG CTG CTG CTT CTT TCT TTA TTC TTG TTG TTG --- AAA AAG AGT GAA GAA GAA GAA GAA GAA GAC GAG GAG GAG GAG TCA AAT AGC CAT GAA GAC GAC GAT GAT ATC GAA GAA GAG GTG --- GAC GAC GAC GAC GAT GAT GAT GAT GAT GCC AAT AAT ACC GCA GCA GCC GCG GCG GAT GCC GCC GCT GCT AAA ACC GCA GCA GCC GCG GCT AGT GGA GGA GGC GGC GGC GGC GGC TCT GGC GGA --- AAA AAT CCA GGA GGC GGC GGG GGT GTC GTC GTG GTT ATC ATT GAA AGA GTC GTG GTT GAG GTA GTA GTA GTC GTC GTC GTG GTT GTT GTT GTT GTT TTG TAC TAT CAC TAC TAC TAC TAT TAT TAT TTT AAC ACT ATA CCC GCT TCA TCA TCC TCC TCG AGC ATT TCA TCA TCC TCT TCA TCC TCC AAA AAT CCA CCA TCA TCA TCC TCT TCT TGC TGC TGT TGG TGC TGC TGT AAC ATG CAT CTA CTA CTC CTG CTT CTT CTT GCC TTA TTA TTA TTA TTG TTG TTT GCT TTC TTT CTA CTG GCA TTG TTG TTG TTG TTC TTC TTC TTC TTT TTT TTT TTT
mikatae                                     AGT GAT AGT AAC AGC AGA ATA CAA CAA CAA CCA ACC CTT CTC GAG GAT GAT ACC AGA AAA AAA AAG AAA AAA AAG AGG AAA AGA CAG GGA --- AAG AAT AAG AAC AAC AAT AAT AAG ATT AGT GTA GAA GAA AAA AAA AAA AAA AAA AAG AAG GAG ATA TAT AAC AAT AAC AAC AAC AAT AAT AAT AAC AAT ACT ATG AAT GGT CAT CAT AAT AAT GAT GGG CCA CTA TCA ACA ACC ACG ACT ACA ACG ATT GTT TCA TCA ACA ACG ACT CCG ACA ACT ACA AAT TCT TTA AAA AAC ACT ATT GTT CTA ACG AGA AGA AGG CGA CGA AGA AGG CGG GCA AGC AGC AGT AGT AGT AAA AGC AGC ATA ATA ATT ATT ATT CTA ATA ACT TTT AGC ATA ATT ATA ATT ATG CAA TTT CAA ATA ATA ATT ATC ATT ATT ATT GCC --- CAG GAA AAG AAT CAA CAG CAG CAG TCA GAA GAA CAA CAT AAC CAT CCA CAC CAC CAT CAT ACT CAA CCA CCA CCT CCA CCC CCC CCC CAC ACA TTC AAG CCC CCG CCT TCG CCT AGA CGA AGA CTG CTT GTA TTA TTG TTA TTA TTC ACA TTG TTG CTA CTA CTA CTT CTT TTG TCC CTA CTA TTA --- AAA AAG AAT GAA GAA GAA GAG GAG GAG GAC GAA GAA GAG GAG TCG AAT AGT CAT GAG GAC GAT GAT GAT ATC GAA GAG GAG ATA GAT GAC GAC GAC GAT GAA GAT GAT GAT GAT GCT AAT AAT ACA GCA GCG GCC GCA GCA GAT GCC GCC GCC GCT ATA TCT GCA GCG GCT GCT GCT AGC GGA GGG GGA GGC GGC GGT GGT GCT GGC GGT --- AAA GAT TCA GGG GGG GGT GGT GGT GTC GTT GTA GTT ATT ATT GAA AGA GTC GTA GTT AAG GTA GTC GTG GTA GTG GTT GTT GTA GTC GTT GTT GTT TTA TAC TAT CAT TAC TAT TAT TAC TAC TAT TTC AGT TCT ATA CCC AAT TCA TCA TCC TCT TCC AAC AAT TCG TCT TCG TCC TCA TCG TCT AAA AAT CCA TCA TCA TCT TCC TCC TCT GGC TGT TGT TGG TGC TGC TGC AAC ATG CAG CTA CTG CTG TTG CTC CTT CTT GCC TTA TTG TTG TTG CTC TTA TTC GCA TTC TTT TTG TTA GCA CTA CTC CTG TTA TTC TTT TTT TTT CCT TTC TTT TTT
cerevisiae                                  AGT AAT GGT AAC --- AGA ATC CAA CAA CAA CCA CCC CTT CTC GAA GAA GAC AGT AGA AAA AAA AAA AAA AAA AAG AGA AAA AGA CAG GGG --- AAG AAC AAG AAT AAT AAC AAT AAA GCT AGT TTA GAG GGA AAA AAA AAG AAA AAG AAA AAG GAG ATA TAT ACC AAT AAC AAT AAT AAC AAT AAT AAT AAT ACT GTA AAT GGT CAC CAT AAC GAT GAT GGA TCA CAA CTG ACA ACT ACG ACT ACA ACA GTC GTA TCA TCT ACA ACG ACT TCG ACA ACT ACA GAG TCA CTA AAA AAC ACC GTT GTT CTA ACA AGA AGG AGG CGA CGG AGA AGA AGG ACA AGC AGT AGC AGT AGT AAA AGC AAC ATA ATA ATC ATT ATT CTA ATA ACT TTT AGT ATA ATT ATT ATT ATG CAA TTT CAA ATA ATT ATT ACC ATC ATC ATT GCG --- CAG GAA AAG CAT CAA CAA CAG CAG CCA GAA GAG CAA CAT AAT CAA CTG CAC CAT CAT CAT ACT CCA CCA CCG CCT CCA CCC CCC CCC CAA GCT TTT AAC CCC CCG CCA CCA CCT AGG CGA AGA TTG CTT GTA TTA TTG TTA TTG TTC ACA CTG TTG CTA CTA CTT CTT CTT TTG TCC CTA TTG CTT --- AAA AAA AGA GAA GAG GAG GAA GAG GAG GAT GAA GAG GAA GAG TTA AAT AGT CAT GAA GAC GAT GAT GAT ATC GAA GAG GAG ATA GAA GAC GAT GAT GAT GAA GAC GAC GAT GAT GCG AAT ACT GCG GCA GCG GCC GCA GTA GAT GCA GCC GCC GCT ATA ACT GCA GCA GCA GCT GCT AGT GGA GGG GGA AGC GGC GGC GGT GCC GGC GGT --- AAA GAT CCA GGG GGG GGT GGC GGC GTC GTT GTA GTT ATT ATT GAA AGA GTC GTG GTT AAG GTA GTA GTG GTG GCG GTT GTT GTC GTA GTC GTT GTT CTG TAC TAT CAC TAC TAT TAT TAT TAT TAT TTC AGT TCC ATA CCC AGT TCA TCG TCC TCA TCT GGC AAT TCA TCA TCG TCT TCA TCC TCT AAA AAT TCA TCA TCA TCT TCT TCT TCT GGT TGT TGT TGG TGC TGT TGC AAC ATG CAT TTA CTG CTA TTG CTC CTC CTT GCC CTA TTA TTA TTG CTA TTA TTT GCA TTC TTT TTA CTA GCA CTA TTA TTA TTG TTC TTC TTC TTT CTT TTC TTT TTT
paradoxus                                   AGT AAT GGT AAC --- AGA ATC CAA CAA CAA CCA CCT CTT CTC GAA GAT GAT AGT AGA AAA AAG AAA AAA AAG AAG AGG AAA AGA CAG GGA --- AAG AAC AAG AAC AAT AAC AAT AAA GCT AGT TTA GAG GGA AAA GAA AAA AAA AAG AAA AAG GAA ATA TAT ACA AAT AAC AAC AAT AAC AAC AAT AAC AAT GCT ATA AAT GGC CAC CAT AAT GAT GAT GGG TCA CAA TTG ACA ACT ACG ACT ACA ACA GTT GTA TCA TCC ACA ACA ACT TCA ACA ACT ACA GAG TCT TTA AAA AAC ACT GTT GTT TTA ACA AGA AGG AGG CGA CGG AGA AGG CGG ACA AGC AGT AGC AGC AGT AAC AGC AAC ATA ATA ATT ATC ATT TTA ATA ACT TTT AGT ATA ATT ATT ATT ATG CAA TTT CAA ATA ATA ATT ATT ATC ATT ATT GCC --- CAA AAA AAG CAT CAA CAA CAG CAG CCA GAA GAG CAA CAT AAC CAA CTG CAC CAT CAT CAT CCT CAA CCA CCA CCT CCA CCC CCT CCC CAA GCT TTT AAT CCC CCG CCA CCG CCT AGA CGA AGA CTG CTT GCA TTA TTG TTA CTA TTC ACT TTG TTG CTA CTG CTT CTT GCT TTG TCC CTA TTG CTT --- AAA AAG AGG GAA GAA GAG GAA GAA GAG GAT GAA GAG GAA GAG TCA AAC AGC CAT GAG GAC GAT GAC GAT ATC GAA GAG GAG ATC GAA GAC GAC GAT GAC GAA GAC GAT GAC GAT GCA AAT AAT GGA GCA GCG GCC GCA GCA GAT GCA GCC GCC GCT GTA ACT GCA GCA GCT GCT GCT AGT GGA GGG GGA GGC GGC GGT GGT GCT GGC GGT --- AAA GGT CCA GGG GGG GGT GGA GGT GTC GTT GTA GTT ATT ATT GAG AGA GTC GTG GTT AAG GTA GTA GTG GTG GTG GTT GTT GTG GTC GTC GTA GTT TTG TAC TAT CAT TAC TAC TAT TAC TAT TAT TTT AGC TCC ATA TCT AGT TCA TCG TCT TCT TCT GGC AAT TCA TCG TCG TCT TCA TCC TCT AAA AAT ACA TCA TCA TCT TCC TCC TCT GGT TGT TGT TGG TGC TGC TGT AAC ATG CAT TTG CTG CTA TTG CTC CTT CTT GCC CTA CTA TTG TTG ATA TTA TTT GCA TTC TTT TTA TTA GCA CTA TTA TTG TTA TTC TTC TTT TTT CTT TTC TTC TTT



    1    1    1    1    1    1    1    1    1    1    1    1    1    1    1
    1    1    1    1   11    1    1    2    1    2    1    1    1    1    1
    2    1    1    1    1    1    1    3    1    1    1    1    1    1    2
    1    2    1    1    1    2    1    1    1    1    1    2    1    1    2
    1    1    1    5    1    1    1    1    1    1    1    1    2    1    1
    1    1    1    1    1    1    2    1    1    1    1    1    1    1    1
    1    1    1    1    1    1    1    1    1    1    1    1    1    1    6
    1    1    1    1    1    1    1    1    1    1    1    1    1    1    1
    1    3    1    1    1    3    1    1    1    1    1    3    1    1    1
   10    1    1    1    2    1    1    1    1    1    1    1    1    1    1
    1    1    6    2    1    2    1    2    1    1    2    1    1    1    1
    1    1    2    1    1    1    1    1    1    1    1    1    1    1    1
    1    1    1    1    1    2    1    1    2    1    1    1    1    1    1
    1    1    1    1    1    1    1    1    1    1    1    1    1    1    1
    1    1    1    1   11    1    1    2    1    2    1    3    1    1    3
    1    1    1    1    1    1    1    1    1    1    2    1    1    1    1
    1    1    1    3    1    1    1    1    5    1    1    1    1    1    1
    2    1    1    1    1    1    1    1    1    1    1    1    1    1    1
    1    1    1    1    1    1    1    1    1    1    1    1    1    1    1
    1    1    1    1    1    1    1    1    1    1    1    1    1    1    1
    1    1    1    1    1    1    1    1    1    1    1    2    1    1    1
    1    4    1    1    1    1    1    1    3    1    1    1    1    1    1
    2    1    1    1    1    1    1    1    1    1    1    1    1    1    1
    1    1    1    1    1    1    1    1    1    1    1    4    1    1    1
    1    1    1    1    1    1    1    1    1    1    1    1    1    1    1
    1    2    1    1    1    2    1    1    1    2    1    1    1    1    2
    1    2    1    2    1    3

CODONML (in paml version 4.4b, July 2010)  torun.nuc
Model: One dN/dS ratio for branches Global clock 
Codon frequency model: F3x4
ns =   5  ls = 497

Codon usage in sequences
--------------------------------------------------------------------------------------------------
Phe TTT 13 13 13 12 13 | Ser TCT  9  8  8  8  9 | Tyr TAT 10  9 10 12 10 | Cys TGT  3  2  2  3  3
    TTC  4 10  8  9  8 |     TCC  6  7  6  4  6 |     TAC  5  5  4  2  4 |     TGC  3  4  3  2  2
Leu TTA 19 11 11 12 12 |     TCA 11 10 11 12 10 | *** TAA  0  0  0  0  0 | *** TGA  0  0  0  0  0
    TTG  8 16  9  9 12 |     TCG  3  1  5  3  3 |     TAG  0  0  0  0  0 | Trp TGG  4  4  4  4  4
--------------------------------------------------------------------------------------------------
Leu CTT 10  5  6  8  8 | Pro CCT  7  3  5  3  6 | His CAT  5  7 10 10 11 | Arg CGT  2  0  0  0  0
    CTC  3  2  4  3  2 |     CCC  1  5  5  6  3 |     CAC  3  5  3  3  2 |     CGC  0  0  0  0  0
    CTA  5  3 11 12  8 |     CCA 11 12  7  8  7 | Gln CAA 20 14 13 17 19 |     CGA  2  2  3  2  2
    CTG  3  9  4  5  4 |     CCG  0  2  2  2  2 |     CAG  3  4  8  5  4 |     CGG  0  2  1  1  2
--------------------------------------------------------------------------------------------------
Ile ATT 10 15 16 12 13 | Thr ACT  6  8  7  9  8 | Asn AAT 30 21 27 23 20 | Ser AGT  7  6  8 11  8
    ATC  7  6  2  5  5 |     ACC  4  4  3  3  0 |     AAC 17 13 13 12 17 |     AGC  0  8  7  4  6
    ATA 15 13 17 14 15 |     ACA 11  7  9 10 12 | Lys AAA 24 30 28 29 27 | Arg AGA 11 13 15 16 14
Met ATG 12 11 12 11 11 |     ACG  6  7  4  2  1 |     AAG 13 15 13 11 12 |     AGG  3  4  3  4  5
--------------------------------------------------------------------------------------------------
Val GTT 15 11 11  9  9 | Ala GCT  5  6  6  5  9 | Asp GAT 17 19 22 20 16 | Gly GGT  9  1  7  6  8
    GTC  3  7  4  6  5 |     GCC  5  7  7  6  6 |     GAC  8  9  5  5  9 |     GGC  1 11  4  6  5
    GTA  4  5  7  8  6 |     GCA  9  5  7  8 10 | Glu GAA 32 28 27 28 28 |     GGA  9  5  3  4  6
    GTG  4  4  2  3  5 |     GCG  2  3  2  5  1 |     GAG  6 11 14 15 14 |     GGG  1  1  4  4  4
--------------------------------------------------------------------------------------------------

Codon position x base (3x4) table for each sequence.

#1: castellii      
position  1:    T:0.20459    C:0.15658    A:0.36743    G:0.27140
position  2:    T:0.28184    C:0.20042    A:0.40292    G:0.11482
position  3:    T:0.32985    C:0.14614    A:0.38205    G:0.14196
Average         T:0.27209    C:0.16771    A:0.38413    G:0.17606

#2: bayanus        
position  1:    T:0.20450    C:0.15337    A:0.37014    G:0.27198
position  2:    T:0.28834    C:0.19427    A:0.38855    G:0.12883
position  3:    T:0.27403    C:0.21063    A:0.32311    G:0.19223
Average         T:0.25562    C:0.18609    A:0.36060    G:0.19768

#3: mikatae        
position  1:    T:0.19106    C:0.16667    A:0.37398    G:0.26829
position  2:    T:0.27846    C:0.19106    A:0.40041    G:0.13008
position  3:    T:0.32114    C:0.15854    A:0.34350    G:0.17683
Average         T:0.26355    C:0.17209    A:0.37263    G:0.19173

#4: cerevisiae     
position  1:    T:0.18737    C:0.17312    A:0.35845    G:0.28106
position  2:    T:0.28106    C:0.19145    A:0.39104    G:0.13646
position  3:    T:0.30754    C:0.15479    A:0.36660    G:0.17108
Average         T:0.25866    C:0.17312    A:0.37203    G:0.19620

#5: paradoxus      
position  1:    T:0.19552    C:0.16293    A:0.35438    G:0.28717
position  2:    T:0.27699    C:0.18941    A:0.39308    G:0.14053
position  3:    T:0.30754    C:0.16293    A:0.35845    G:0.17108
Average         T:0.26001    C:0.17176    A:0.36864    G:0.19959

Sums of codon usage counts
------------------------------------------------------------------------------
Phe F TTT      64 | Ser S TCT      42 | Tyr Y TAT      51 | Cys C TGT      13
      TTC      39 |       TCC      29 |       TAC      20 |       TGC      14
Leu L TTA      65 |       TCA      54 | *** * TAA       0 | *** * TGA       0
      TTG      54 |       TCG      15 |       TAG       0 | Trp W TGG      20
------------------------------------------------------------------------------
Leu L CTT      37 | Pro P CCT      24 | His H CAT      43 | Arg R CGT       2
      CTC      14 |       CCC      20 |       CAC      16 |       CGC       0
      CTA      39 |       CCA      45 | Gln Q CAA      83 |       CGA      11
      CTG      25 |       CCG       8 |       CAG      24 |       CGG       6
------------------------------------------------------------------------------
Ile I ATT      66 | Thr T ACT      38 | Asn N AAT     121 | Ser S AGT      40
      ATC      25 |       ACC      14 |       AAC      72 |       AGC      25
      ATA      74 |       ACA      49 | Lys K AAA     138 | Arg R AGA      69
Met M ATG      57 |       ACG      20 |       AAG      64 |       AGG      19
------------------------------------------------------------------------------
Val V GTT      55 | Ala A GCT      31 | Asp D GAT      94 | Gly G GGT      31
      GTC      25 |       GCC      31 |       GAC      36 |       GGC      27
      GTA      30 |       GCA      39 | Glu E GAA     143 |       GGA      27
      GTG      18 |       GCG      13 |       GAG      60 |       GGG      14
------------------------------------------------------------------------------

(Ambiguity data are not used in the counts.)


Codon position x base (3x4) table, overall

position  1:    T:0.19656    C:0.16257    A:0.36486    G:0.27600
position  2:    T:0.28133    C:0.19328    A:0.39517    G:0.13022
position  3:    T:0.30794    C:0.16667    A:0.35463    G:0.17076
Average         T:0.26194    C:0.17417    A:0.37155    G:0.19233

Codon frequencies under model, for use in evolver (TTT TTC TTA TTG ... GGG):
  0.01792269  0.00970018  0.02063970  0.00993851
  0.01231370  0.00666446  0.01418040  0.00682821
  0.02517525  0.01362544  0.00000000  0.00000000
  0.00829609  0.00449004  0.00000000  0.00460036
  0.01482356  0.00802286  0.01707075  0.00821998
  0.01018446  0.00551207  0.01172838  0.00564750
  0.02082203  0.01126937  0.02397856  0.01154626
  0.00686156  0.00371364  0.00790174  0.00380488
  0.03326900  0.01800596  0.03831244  0.01844837
  0.02285730  0.01237091  0.02632237  0.01267486
  0.04673157  0.02529222  0.05381587  0.02591365
  0.01539962  0.00833464  0.01773414  0.00853942
  0.02516645  0.01362067  0.02898158  0.01395533
  0.01729049  0.00935802  0.01991165  0.00958794
  0.03535025  0.01913238  0.04070920  0.01960247
  0.01164910  0.00630476  0.01341505  0.00645967



Nei & Gojobori 1986. dN/dS (dN, dS)
(Pairwise deletion)
(Note: This matrix is not used in later ML. analysis.
Use runmode = -2 for ML pairwise comparison.)

castellii           
bayanus             -1.0000 (0.2118 -1.0000)
mikatae             -1.0000 (0.2100 -1.0000) 0.0493 (0.0638 1.2945)
cerevisiae          -1.0000 (0.2109 -1.0000) 0.0470 (0.0604 1.2861) 0.0756 (0.0464 0.6136)
paradoxus           -1.0000 (0.2112 -1.0000) 0.0568 (0.0582 1.0241) 0.0959 (0.0505 0.5265) 0.0509 (0.0202 0.3963)


TREE #  1:  ((((4, 5), 3), 2), 1);   MP score: -1
lnL(ntime:  4  np:  6):  -4669.038343      +0.000000
   6..7     7..8     8..9     9..4     9..5     8..3     7..2     6..1  
 1.892524 0.497031 0.276828 0.158982 2.964843 0.052519
SEs for parameters:
 0.181283 0.035908 0.020965 0.015733 0.284992 0.004742

tree length =   4.71789

((((4: 0.158982, 5: 0.158982): 0.117846, 3: 0.276828): 0.220203, 2: 0.497031): 1.395494, 1: 1.892524);

((((cerevisiae: 0.158982, paradoxus: 0.158982): 0.117846, mikatae: 0.276828): 0.220203, bayanus: 0.497031): 1.395494, castellii: 1.892524);

Detailed output identifying parameters

kappa (ts/tv) =  2.96484

omega (dN/dS) =  0.05252

dN & dS for each branch

 branch          t       N       S   dN/dS      dN      dS  N*dN  S*dS

   6..7      1.395  1126.2   364.8  0.0525  0.0859  1.6358  96.7 596.8
   7..8      0.220  1126.2   364.8  0.0525  0.0136  0.2581  15.3  94.2
   8..9      0.118  1126.2   364.8  0.0525  0.0073  0.1381   8.2  50.4
   9..4      0.159  1126.2   364.8  0.0525  0.0098  0.1864  11.0  68.0
   9..5      0.159  1126.2   364.8  0.0525  0.0098  0.1864  11.0  68.0
   8..3      0.277  1126.2   364.8  0.0525  0.0170  0.3245  19.2 118.4
   7..2      0.497  1126.2   364.8  0.0525  0.0306  0.5826  34.5 212.6
   6..1      1.893  1126.2   364.8  0.0525  0.1165  2.2184 131.2 809.4

tree length for dN:       0.2904
tree length for dS:       5.5303


Time used:  0:05
